<?xml version="1.0" encoding="UTF-8" standalone="yes"?>
<testsuites name="GENERIC1" time="417" tests="6" failures="0" errors="0">
    <testsuite name="GENERIC1" tests="6" failures="0" errors="0" time="417" timestamp="2020-11-18 10:11:38" hostname="narendra.n - WLPT580.imidomain.com" id="Test Suites/GENERIC1">
        <properties>
            <property name="deviceName" value=""/>
            <property name="devicePlatform" value=""/>
            <property name="logFolder" value="D:\\IMIbot.ai-Project\\Reports\\20201118_101120\\GENERIC1\\20201118_101122"/>
            <property name="logFiles" value="D:\\IMIbot.ai-Project\\Reports\\20201118_101120\\GENERIC1\\20201118_101122\\execution0.log"/>
            <property name="attachments" value=""/>
            <property name="hostName" value="narendra.n - WLPT580.imidomain.com"/>
            <property name="os" value="Windows 8.1 64bit"/>
            <property name="katalonVersion" value="6.3.3.11"/>
            <property name="browser" value="Chrome 86.0.4240.198"/>
            <property name="hostAddress" value="192.168.29.195"/>
            <property name="sessionId" value="a8ee227edaab4e9302cb3dabf7cb0832"/>
            <property name="seleniumVersion" value="3.141.59"/>
            <property name="proxyInformation" value="ProxyInformation{proxyOption=NO_PROXY, proxyServerType=HTTP, password=, proxyServerAddress=, proxyServerPort=0}"/>
            <property name="platform" value="Windows 8.1"/>
        </properties>
        <testcase name="Test Cases/Generic/botPageAndHeaderAccess_Test" classname="Test Cases/Generic/botPageAndHeaderAccess_Test" status="PASSED">
            <system-out>2020-11-18 10:12:31 - [TEST_CASE][PASSED] - Test Cases/Generic/botPageAndHeaderAccess_Test: Test Cases/Generic/botPageAndHeaderAccess_Test&#xD;
&#xD;
2020-11-18 10:12:31 - [TEST_STEP][PASSED] - platform.Method.clickOnElement(findTestObject("Generic/webObjectWithText", ["textValue":"Dashboard"])): platform.Method.clickOnElement is PASSED&#xD;
&#xD;
2020-11-18 10:12:35 - [MESSAGE][PASSED] - platform.Method.clickOnElement is PASSED&#xD;
&#xD;
2020-11-18 10:12:35 - [TEST_STEP][PASSED] - platform.Method.clickOnElement(findTestObject("Generic/imiLogo")): platform.Method.clickOnElement is PASSED&#xD;
&#xD;
2020-11-18 10:12:38 - [MESSAGE][PASSED] - platform.Method.clickOnElement is PASSED&#xD;
&#xD;
2020-11-18 10:12:38 - [TEST_STEP][PASSED] - verifyElementPresent(findTestObject("Button/createBot"), 15, STOP_ON_FAILURE): Object 'Object Repository/Button/createBot' is present&#xD;
&#xD;
2020-11-18 10:12:39 - [MESSAGE][PASSED] - Object 'Object Repository/Button/createBot' is present&#xD;
&#xD;
2020-11-18 10:12:40 - [TEST_STEP][PASSED] - platform.Method.clickOnElement(findTestObject("Generic/webObjectWithText", ["textValue":"Knowledge"])): platform.Method.clickOnElement is PASSED&#xD;
&#xD;
2020-11-18 10:12:42 - [MESSAGE][PASSED] - platform.Method.clickOnElement is PASSED&#xD;
&#xD;
2020-11-18 10:12:42 - [TEST_STEP][PASSED] - verifyElementText(findTestObject("Generic/kbHeader"), "Enterprise Knowledge Base", OPTIONAL): Actual text and expected text of test object 'Object Repository/Generic/kbHeader' are matched.&#xD;
&#xD;
2020-11-18 10:12:45 - [MESSAGE][PASSED] - Actual text and expected text of test object 'Object Repository/Generic/kbHeader' are matched.&#xD;
&#xD;
2020-11-18 10:12:45 - [TEST_STEP][PASSED] - platform.Method.clickOnElement(findTestObject("Generic/imiLogo")): platform.Method.clickOnElement is PASSED&#xD;
&#xD;
2020-11-18 10:12:51 - [MESSAGE][PASSED] - platform.Method.clickOnElement is PASSED&#xD;
&#xD;
2020-11-18 10:12:51 - [TEST_STEP][PASSED] - verifyElementPresent(findTestObject("Button/createBot"), 15, STOP_ON_FAILURE): Object 'Object Repository/Button/createBot' is present&#xD;
&#xD;
2020-11-18 10:12:53 - [MESSAGE][PASSED] - Object 'Object Repository/Button/createBot' is present&#xD;
&#xD;
2020-11-18 10:12:53 - [TEST_STEP][PASSED] - platform.Method.clickOnElement(findTestObject("Generic/webObjectWithText", ["textValue":"Analytics"])): platform.Method.clickOnElement is PASSED&#xD;
&#xD;
2020-11-18 10:12:55 - [MESSAGE][PASSED] - platform.Method.clickOnElement is PASSED&#xD;
&#xD;
2020-11-18 10:12:55 - [TEST_STEP][PASSED] - platform.Method.clickOnElement(findTestObject("Generic/imiLogo")): platform.Method.clickOnElement is PASSED&#xD;
&#xD;
2020-11-18 10:12:57 - [MESSAGE][PASSED] - platform.Method.clickOnElement is PASSED&#xD;
&#xD;
2020-11-18 10:12:57 - [TEST_STEP][PASSED] - verifyElementPresent(findTestObject("Button/createBot"), 15, STOP_ON_FAILURE): Object 'Object Repository/Button/createBot' is present&#xD;
&#xD;
2020-11-18 10:13:01 - [MESSAGE][PASSED] - Object 'Object Repository/Button/createBot' is present&#xD;
&#xD;
2020-11-18 10:13:01 - [TEST_STEP][PASSED] - platform.Method.clickOnElement(findTestObject("Generic/webObjectWithText", ["textValue":"Reports"])): platform.Method.clickOnElement is PASSED&#xD;
&#xD;
2020-11-18 10:13:04 - [MESSAGE][PASSED] - platform.Method.clickOnElement is PASSED&#xD;
&#xD;
2020-11-18 10:13:04 - [TEST_STEP][PASSED] - verifyElementClickable(findTestObject("Button/newReport"), STOP_ON_FAILURE): Object 'Object Repository/Button/newReport' is clickable&#xD;
&#xD;
2020-11-18 10:13:07 - [MESSAGE][PASSED] - Object 'Object Repository/Button/newReport' is clickable&#xD;
&#xD;
2020-11-18 10:13:07 - [TEST_STEP][PASSED] - platform.Method.clickOnElement(findTestObject("Generic/imiLogo")): platform.Method.clickOnElement is PASSED&#xD;
&#xD;
2020-11-18 10:13:09 - [MESSAGE][PASSED] - platform.Method.clickOnElement is PASSED&#xD;
&#xD;
2020-11-18 10:13:09 - [TEST_STEP][PASSED] - verifyElementPresent(findTestObject("Button/createBot"), 15, STOP_ON_FAILURE): Object 'Object Repository/Button/createBot' is present&#xD;
&#xD;
2020-11-18 10:13:15 - [MESSAGE][PASSED] - Object 'Object Repository/Button/createBot' is present&#xD;
&#xD;
2020-11-18 10:13:15 - [TEST_STEP][PASSED] - platform.Method.clickOnElement(findTestObject("Generic/webObjectWithText", ["textValue":"Task bots"])): platform.Method.clickOnElement is PASSED&#xD;
&#xD;
2020-11-18 10:13:19 - [MESSAGE][PASSED] - platform.Method.clickOnElement is PASSED&#xD;
&#xD;
2020-11-18 10:13:19 - [TEST_STEP][PASSED] - comment("Verification of Task bots"): Verification of Task bots&#xD;
&#xD;
2020-11-18 10:13:19 - [MESSAGE][INFO] - Verification of Task bots&#xD;
&#xD;
2020-11-18 10:13:19 - [TEST_STEP][PASSED] - verifyElementPresent(findTestObject("Button/createBot"), 20, STOP_ON_FAILURE): Object 'Object Repository/Button/createBot' is present&#xD;
&#xD;
2020-11-18 10:13:21 - [MESSAGE][PASSED] - Object 'Object Repository/Button/createBot' is present&#xD;
&#xD;
2020-11-18 10:13:21 - [TEST_STEP][PASSED] - platform.Method.clickOnElement(findTestObject("Generic/webObjectWithText", ["textValue":"Smart bots"])): platform.Method.clickOnElement is PASSED&#xD;
&#xD;
2020-11-18 10:13:24 - [MESSAGE][PASSED] - platform.Method.clickOnElement is PASSED&#xD;
&#xD;
2020-11-18 10:13:24 - [TEST_STEP][PASSED] - comment("Verification of Smart bots"): Verification of Smart bots&#xD;
&#xD;
2020-11-18 10:13:24 - [MESSAGE][INFO] - Verification of Smart bots&#xD;
&#xD;
2020-11-18 10:13:24 - [TEST_STEP][PASSED] - verifyElementPresent(findTestObject("Button/createBot"), 20, STOP_ON_FAILURE): Object 'Object Repository/Button/createBot' is present&#xD;
&#xD;
2020-11-18 10:13:26 - [MESSAGE][PASSED] - Object 'Object Repository/Button/createBot' is present&#xD;
&#xD;
2020-11-18 10:13:26 - [TEST_STEP][PASSED] - platform.Method.clickOnElement(findTestObject("Generic/webObjectWithText", ["textValue":"Router bots"])): platform.Method.clickOnElement is PASSED&#xD;
&#xD;
2020-11-18 10:13:29 - [MESSAGE][PASSED] - platform.Method.clickOnElement is PASSED&#xD;
&#xD;
2020-11-18 10:13:29 - [TEST_STEP][PASSED] - comment("Verification of Router bots"): Verification of Router bots&#xD;
&#xD;
2020-11-18 10:13:29 - [MESSAGE][INFO] - Verification of Router bots&#xD;
&#xD;
2020-11-18 10:13:29 - [TEST_STEP][PASSED] - verifyElementPresent(findTestObject("Button/createBot"), 20, STOP_ON_FAILURE): Object 'Object Repository/Button/createBot' is present&#xD;
&#xD;
2020-11-18 10:13:30 - [MESSAGE][PASSED] - Object 'Object Repository/Button/createBot' is present&#xD;
&#xD;
2020-11-18 10:13:30 - [TEST_STEP][PASSED] - platform.Method.clickOnElement(findTestObject("Generic/webObjectWithText", ["textValue":"Pipeline bots"])): platform.Method.clickOnElement is PASSED&#xD;
&#xD;
2020-11-18 10:13:34 - [MESSAGE][PASSED] - platform.Method.clickOnElement is PASSED&#xD;
&#xD;
2020-11-18 10:13:34 - [TEST_STEP][PASSED] - comment("Verification of Pipeline bots"): Verification of Pipeline bots&#xD;
&#xD;
2020-11-18 10:13:34 - [MESSAGE][INFO] - Verification of Pipeline bots&#xD;
&#xD;
2020-11-18 10:13:34 - [TEST_STEP][PASSED] - verifyElementPresent(findTestObject("Button/createBot"), 20, STOP_ON_FAILURE): Object 'Object Repository/Button/createBot' is present&#xD;
&#xD;
2020-11-18 10:13:35 - [MESSAGE][PASSED] - Object 'Object Repository/Button/createBot' is present</system-out>
            <system-err></system-err>
        </testcase>
        <testcase name="Test Cases/Generic/adminServiceKeyFunctionality_Test" classname="Test Cases/Generic/adminServiceKeyFunctionality_Test" status="PASSED">
            <system-out>2020-11-18 10:13:35 - [TEST_CASE][PASSED] - Test Cases/Generic/adminServiceKeyFunctionality_Test: Test Cases/Generic/adminServiceKeyFunctionality_Test&#xD;
&#xD;
2020-11-18 10:13:36 - [TEST_STEP][PASSED] - mouseOver(findTestObject("Generic/userInitials")): Object: 'Object Repository/Generic/userInitials' is hovered&#xD;
&#xD;
2020-11-18 10:13:39 - [MESSAGE][PASSED] - Object: 'Object Repository/Generic/userInitials' is hovered&#xD;
&#xD;
2020-11-18 10:13:39 - [TEST_STEP][PASSED] - platform.Method.clickOnElement(findTestObject("Generic/webObjectWithText", ["textValue":"Enterprise profile"])): platform.Method.clickOnElement is PASSED&#xD;
&#xD;
2020-11-18 10:13:42 - [MESSAGE][PASSED] - platform.Method.clickOnElement is PASSED&#xD;
&#xD;
2020-11-18 10:13:42 - [TEST_STEP][PASSED] - platform.Method.clickOnElement(findTestObject("Button/newToken")): platform.Method.clickOnElement is PASSED&#xD;
&#xD;
2020-11-18 10:13:44 - [MESSAGE][PASSED] - platform.Method.clickOnElement is PASSED&#xD;
&#xD;
2020-11-18 10:13:44 - [TEST_STEP][PASSED] - description = now().toString(): null&#xD;
&#xD;
2020-11-18 10:13:44 - [TEST_STEP][PASSED] - sendKeys(findTestObject("Input/newTokenDescription"), description): Keys '2020-11-18' sent to object: 'Object Repository/Input/newTokenDescription'&#xD;
&#xD;
2020-11-18 10:13:47 - [MESSAGE][PASSED] - Keys '2020-11-18' sent to object: 'Object Repository/Input/newTokenDescription'&#xD;
&#xD;
2020-11-18 10:13:47 - [TEST_STEP][PASSED] - platform.Method.clickOnElement(findTestObject("Button/create")): platform.Method.clickOnElement is PASSED&#xD;
&#xD;
2020-11-18 10:13:50 - [MESSAGE][PASSED] - platform.Method.clickOnElement is PASSED&#xD;
&#xD;
2020-11-18 10:13:50 - [TEST_STEP][PASSED] - listOfServiceKeys = findWebElements(findTestObject("GenericII/serviceKeyList"), 5): null&#xD;
&#xD;
2020-11-18 10:13:51 - [TEST_STEP][PASSED] - assert getText().contentEquals(description) == true: null&#xD;
&#xD;
2020-11-18 10:13:52 - [TEST_STEP][PASSED] - platform.Method.clickOnElement(findTestObject("GenericII/deleteServiceKey", ["index":1])): platform.Method.clickOnElement is PASSED&#xD;
&#xD;
2020-11-18 10:13:55 - [MESSAGE][PASSED] - platform.Method.clickOnElement is PASSED&#xD;
&#xD;
2020-11-18 10:13:55 - [TEST_STEP][PASSED] - platform.Method.clickOnElement(findTestObject("Button/expire")): platform.Method.clickOnElement is PASSED&#xD;
&#xD;
2020-11-18 10:13:58 - [MESSAGE][PASSED] - platform.Method.clickOnElement is PASSED&#xD;
&#xD;
2020-11-18 10:13:58 - [TEST_STEP][PASSED] - platform.Method.clickOnElement(findTestObject("Generic/webObjectWithText", ["textValue":"Expired"])): platform.Method.clickOnElement is PASSED&#xD;
&#xD;
2020-11-18 10:14:01 - [MESSAGE][PASSED] - platform.Method.clickOnElement is PASSED&#xD;
&#xD;
2020-11-18 10:14:01 - [TEST_STEP][PASSED] - listOfExpiredServiceKeys = findWebElements(findTestObject("GenericII/serviceKeyList"), 5): null&#xD;
&#xD;
2020-11-18 10:14:02 - [TEST_STEP][PASSED] - assert getText().contentEquals(description) == true: null</system-out>
            <system-err></system-err>
        </testcase>
        <testcase name="Test Cases/Generic/adminUserManagement_Test" classname="Test Cases/Generic/adminUserManagement_Test" status="PASSED">
            <system-out>2020-11-18 10:14:03 - [TEST_CASE][PASSED] - Test Cases/Generic/adminUserManagement_Test: Test Cases/Generic/adminUserManagement_Test&#xD;
&#xD;
2020-11-18 10:14:04 - [TEST_STEP][PASSED] - platform.Method.clickOnElement(findTestObject("Generic/webObjectWithText", ["textValue":"Users"])): platform.Method.clickOnElement is PASSED&#xD;
&#xD;
2020-11-18 10:14:07 - [MESSAGE][PASSED] - platform.Method.clickOnElement is PASSED&#xD;
&#xD;
2020-11-18 10:14:07 - [TEST_STEP][PASSED] - verifyTextPresent("Users management", false, STOP_ON_FAILURE): Text 'Users management' is present on page &#xD;
&#xD;
2020-11-18 10:14:11 - [MESSAGE][PASSED] - Text 'Users management' is present on page &#xD;
&#xD;
2020-11-18 10:14:11 - [TEST_STEP][PASSED] - platform.Method.clickOnElement(findTestObject("GenericII/newUserBtn")): platform.Method.clickOnElement is PASSED&#xD;
&#xD;
2020-11-18 10:14:13 - [MESSAGE][PASSED] - platform.Method.clickOnElement is PASSED&#xD;
&#xD;
2020-11-18 10:14:13 - [TEST_STEP][PASSED] - verifyTextPresent("Add a new user to the enterprise", false, STOP_ON_FAILURE): Text 'Add a new user to the enterprise' is present on page &#xD;
&#xD;
2020-11-18 10:14:18 - [MESSAGE][PASSED] - Text 'Add a new user to the enterprise' is present on page &#xD;
&#xD;
2020-11-18 10:14:18 - [TEST_STEP][PASSED] - sendKeys(findTestObject("Input/newUserFirstName"), firstName): Keys 'JIMMY' sent to object: 'Object Repository/Input/newUserFirstName'&#xD;
&#xD;
2020-11-18 10:14:22 - [MESSAGE][PASSED] - Keys 'JIMMY' sent to object: 'Object Repository/Input/newUserFirstName'&#xD;
&#xD;
2020-11-18 10:14:22 - [TEST_STEP][PASSED] - sendKeys(findTestObject("Input/newUserLastName"), lastName): Keys 'HONDRIX' sent to object: 'Object Repository/Input/newUserLastName'&#xD;
&#xD;
2020-11-18 10:14:26 - [MESSAGE][PASSED] - Keys 'HONDRIX' sent to object: 'Object Repository/Input/newUserLastName'&#xD;
&#xD;
2020-11-18 10:14:26 - [TEST_STEP][PASSED] - platform.Method.clickOnElement(findTestObject("Generic/webObjectWithText", ["textValue":"Select role"])): platform.Method.clickOnElement is PASSED&#xD;
&#xD;
2020-11-18 10:14:28 - [MESSAGE][PASSED] - platform.Method.clickOnElement is PASSED&#xD;
&#xD;
2020-11-18 10:14:28 - [TEST_STEP][PASSED] - platform.Method.clickOnElement(findTestObject("Generic/webObjectWithText", ["textValue":" " + USER_ROLE + " "])): platform.Method.clickOnElement is PASSED&#xD;
&#xD;
2020-11-18 10:14:31 - [MESSAGE][PASSED] - platform.Method.clickOnElement is PASSED&#xD;
&#xD;
2020-11-18 10:14:31 - [TEST_STEP][PASSED] - sendKeys(findTestObject("Input/newUserEmail"), emailAddress): Keys 'jimihondrix5@gmail.com' sent to object: 'Object Repository/Input/newUserEmail'&#xD;
&#xD;
2020-11-18 10:14:34 - [MESSAGE][PASSED] - Keys 'jimihondrix5@gmail.com' sent to object: 'Object Repository/Input/newUserEmail'&#xD;
&#xD;
2020-11-18 10:14:34 - [TEST_STEP][PASSED] - verifyTextPresent("Add Bots", false, OPTIONAL): Text 'Add Bots' is present on page &#xD;
&#xD;
2020-11-18 10:14:39 - [MESSAGE][PASSED] - Text 'Add Bots' is present on page &#xD;
&#xD;
2020-11-18 10:14:39 - [TEST_STEP][PASSED] - platform.Method.clickOnElement(findTestObject("Button/addNewUser")): platform.Method.clickOnElement is PASSED&#xD;
&#xD;
2020-11-18 10:14:41 - [MESSAGE][PASSED] - platform.Method.clickOnElement is PASSED</system-out>
            <system-err></system-err>
        </testcase>
        <testcase name="Test Cases/Generic/adminRoleManagement_Test" classname="Test Cases/Generic/adminRoleManagement_Test" status="PASSED">
            <system-out>2020-11-18 10:14:41 - [TEST_CASE][PASSED] - Test Cases/Generic/adminRoleManagement_Test: Test Cases/Generic/adminRoleManagement_Test&#xD;
&#xD;
2020-11-18 10:14:42 - [TEST_STEP][PASSED] - platform.Method.clickOnElement(findTestObject("Generic/webObjectWithText", ["textValue":"Roles"])): platform.Method.clickOnElement is PASSED&#xD;
&#xD;
2020-11-18 10:14:44 - [MESSAGE][PASSED] - platform.Method.clickOnElement is PASSED&#xD;
&#xD;
2020-11-18 10:14:44 - [TEST_STEP][PASSED] - verifyElementClickable(findTestObject("Button/newRole"), STOP_ON_FAILURE): Object 'Object Repository/Button/newRole' is clickable&#xD;
&#xD;
2020-11-18 10:14:47 - [MESSAGE][PASSED] - Object 'Object Repository/Button/newRole' is clickable&#xD;
&#xD;
2020-11-18 10:14:47 - [TEST_STEP][PASSED] - platform.Method.clickOnElement(findTestObject("Button/newRole")): platform.Method.clickOnElement is PASSED&#xD;
&#xD;
2020-11-18 10:14:49 - [MESSAGE][PASSED] - platform.Method.clickOnElement is PASSED&#xD;
&#xD;
2020-11-18 10:14:49 - [TEST_STEP][PASSED] - sendKeys(findTestObject("Input/newRoleName"), ROLE_NAME): Keys 'Custom Role' sent to object: 'Object Repository/Input/newRoleName'&#xD;
&#xD;
2020-11-18 10:14:53 - [MESSAGE][PASSED] - Keys 'Custom Role' sent to object: 'Object Repository/Input/newRoleName'&#xD;
&#xD;
2020-11-18 10:14:53 - [TEST_STEP][PASSED] - platform.Method.clickOnElement(findTestObject("Generic/webObjectWithText", ["textValue":"Base role"])): platform.Method.clickOnElement is PASSED&#xD;
&#xD;
2020-11-18 10:14:55 - [MESSAGE][PASSED] - platform.Method.clickOnElement is PASSED&#xD;
&#xD;
2020-11-18 10:14:55 - [TEST_STEP][PASSED] - platform.Method.clickOnElement(findTestObject("Generic/webObjectWithText", ["textValue":typeOfUser])): platform.Method.clickOnElement is PASSED&#xD;
&#xD;
2020-11-18 10:14:59 - [MESSAGE][PASSED] - platform.Method.clickOnElement is PASSED&#xD;
&#xD;
2020-11-18 10:14:59 - [TEST_STEP][PASSED] - platform.Method.clickOnElement(findTestObject("Generic/webObjectWithText", ["textValue":permissionToUser])): platform.Method.clickOnElement is PASSED&#xD;
&#xD;
2020-11-18 10:15:01 - [MESSAGE][PASSED] - platform.Method.clickOnElement is PASSED&#xD;
&#xD;
2020-11-18 10:15:01 - [TEST_STEP][PASSED] - listOfPermissions = findWebElements(findTestObject("GenericII/listOfPermissions"), 5): null&#xD;
&#xD;
2020-11-18 10:15:03 - [TEST_STEP][PASSED] - index = &lt;not implemented yet for class: org.codehaus.groovy.ast.expr.EmptyExpression&gt;: null&#xD;
&#xD;
2020-11-18 10:15:03 - [TEST_STEP][PASSED] - for ([index = 0, index &lt; listOfPermissions.size(), (index++)]): null&#xD;
&#xD;
2020-11-18 10:15:03 - [TEST_STEP][PASSED] - getText().contains(nameOfThePermission): null&#xD;
&#xD;
2020-11-18 10:15:04 - [TEST_STEP][PASSED] - (index++): null&#xD;
&#xD;
2020-11-18 10:15:04 - [TEST_STEP][PASSED] - break: null&#xD;
&#xD;
2020-11-18 10:15:04 - [TEST_STEP][PASSED] - platform.Method.clickOnElement(findTestObject("GenericII/addPermissionBtn", ["index":index])): platform.Method.clickOnElement is PASSED&#xD;
&#xD;
2020-11-18 10:15:06 - [MESSAGE][PASSED] - platform.Method.clickOnElement is PASSED&#xD;
&#xD;
2020-11-18 10:15:06 - [TEST_STEP][PASSED] - verifyElementClickable(findTestObject("Button/createRole"), STOP_ON_FAILURE): Object 'Object Repository/Button/createRole' is clickable&#xD;
&#xD;
2020-11-18 10:15:09 - [MESSAGE][PASSED] - Object 'Object Repository/Button/createRole' is clickable&#xD;
&#xD;
2020-11-18 10:15:09 - [TEST_STEP][PASSED] - platform.Method.clickOnElement(findTestObject("Button/createRole")): platform.Method.clickOnElement is PASSED&#xD;
&#xD;
2020-11-18 10:15:12 - [MESSAGE][PASSED] - platform.Method.clickOnElement is PASSED&#xD;
&#xD;
2020-11-18 10:15:12 - [TEST_STEP][PASSED] - waitForElementPresent(findTestObject("Generic/webObjectWithText", ["textValue":ROLE_NAME]), 20, OPTIONAL): Object 'Object Repository/Generic/webObjectWithText' is present&#xD;
&#xD;
2020-11-18 10:15:15 - [MESSAGE][PASSED] - Object 'Object Repository/Generic/webObjectWithText' is present&#xD;
&#xD;
2020-11-18 10:15:15 - [TEST_STEP][PASSED] - verifyTextPresent(ROLE_NAME, false): Text 'Custom Role' is present on page &#xD;
&#xD;
2020-11-18 10:15:18 - [MESSAGE][PASSED] - Text 'Custom Role' is present on page</system-out>
            <system-err></system-err>
        </testcase>
        <testcase name="Test Cases/Generic/adminRoleDeletion_Test" classname="Test Cases/Generic/adminRoleDeletion_Test" status="PASSED">
            <system-out>2020-11-18 10:15:18 - [TEST_CASE][PASSED] - Test Cases/Generic/adminRoleDeletion_Test: Test Cases/Generic/adminRoleDeletion_Test&#xD;
&#xD;
2020-11-18 10:15:18 - [TEST_STEP][PASSED] - platform.Method.clickOnElement(findTestObject("Generic/webObjectWithText", ["textValue":"Roles"])): platform.Method.clickOnElement is PASSED&#xD;
&#xD;
2020-11-18 10:15:21 - [MESSAGE][PASSED] - platform.Method.clickOnElement is PASSED&#xD;
&#xD;
2020-11-18 10:15:21 - [TEST_STEP][PASSED] - role = findWebElements(findTestObject("GenericII/listOfAllRoleName"), 5): null&#xD;
&#xD;
2020-11-18 10:15:23 - [TEST_STEP][PASSED] - count = &lt;not implemented yet for class: org.codehaus.groovy.ast.expr.EmptyExpression&gt;: null&#xD;
&#xD;
2020-11-18 10:15:23 - [TEST_STEP][PASSED] - for ([count = 0, count &lt; role.size(), (count++)]): null&#xD;
&#xD;
2020-11-18 10:15:23 - [TEST_STEP][PASSED] - if (getText().contentEquals(ROLE_NAME)): null&#xD;
&#xD;
2020-11-18 10:15:24 - [TEST_STEP][PASSED] - if (getText().contentEquals(ROLE_NAME)): null&#xD;
&#xD;
2020-11-18 10:15:25 - [TEST_STEP][PASSED] - if (getText().contentEquals(ROLE_NAME)): null&#xD;
&#xD;
2020-11-18 10:15:26 - [TEST_STEP][PASSED] - if (getText().contentEquals(ROLE_NAME)): null&#xD;
&#xD;
2020-11-18 10:15:27 - [TEST_STEP][PASSED] - if (getText().contentEquals(ROLE_NAME)): null&#xD;
&#xD;
2020-11-18 10:15:28 - [TEST_STEP][PASSED] - (count++): null&#xD;
&#xD;
2020-11-18 10:15:28 - [TEST_STEP][PASSED] - markPassed("ROLE FOUND IN THE LIST"): ROLE FOUND IN THE LIST&#xD;
&#xD;
2020-11-18 10:15:28 - [MESSAGE][PASSED] - ROLE FOUND IN THE LIST&#xD;
&#xD;
2020-11-18 10:15:28 - [TEST_STEP][PASSED] - break: null&#xD;
&#xD;
2020-11-18 10:15:28 - [TEST_STEP][PASSED] - platform.Method.clickOnElement(findTestObject("GenericII/modifyRole", ["index":count])): platform.Method.clickOnElement is PASSED&#xD;
&#xD;
2020-11-18 10:15:31 - [MESSAGE][PASSED] - platform.Method.clickOnElement is PASSED&#xD;
&#xD;
2020-11-18 10:15:31 - [TEST_STEP][PASSED] - verifyTextPresent("Edit role", false, STOP_ON_FAILURE): Text 'Edit role' is present on page &#xD;
&#xD;
2020-11-18 10:15:35 - [MESSAGE][PASSED] - Text 'Edit role' is present on page &#xD;
&#xD;
2020-11-18 10:15:35 - [TEST_STEP][PASSED] - platform.Method.clickOnElement(findTestObject("Button/delete")): platform.Method.clickOnElement is PASSED&#xD;
&#xD;
2020-11-18 10:15:38 - [MESSAGE][PASSED] - platform.Method.clickOnElement is PASSED&#xD;
&#xD;
2020-11-18 10:15:38 - [TEST_STEP][PASSED] - platform.Method.clickOnElement(findTestObject("Button/remove")): platform.Method.clickOnElement is PASSED&#xD;
&#xD;
2020-11-18 10:15:40 - [MESSAGE][PASSED] - platform.Method.clickOnElement is PASSED&#xD;
&#xD;
2020-11-18 10:15:40 - [TEST_STEP][PASSED] - verifyTextNotPresent(ROLE_NAME, false, STOP_ON_FAILURE): Text 'Custom Role' is not present on page&#xD;
&#xD;
2020-11-18 10:15:44 - [MESSAGE][PASSED] - Text 'Custom Role' is not present on page</system-out>
            <system-err></system-err>
        </testcase>
        <testcase name="Test Cases/Sprint/v4.4/loadUpFreeformData_Setup" classname="Test Cases/Sprint/v4.4/loadUpFreeformData_Setup" status="PASSED">
            <system-out>2020-11-18 10:15:44 - [TEST_CASE][PASSED] - Test Cases/Sprint/v4.4/loadUpFreeformData_Setup: Test Cases/Sprint/v4.4/loadUpFreeformData_Setup&#xD;
&#xD;
2020-11-18 10:15:49 - [TEST_STEP][PASSED] - platform.Method.clickOnElement(findTestObject("Generic/imiLogo")): platform.Method.clickOnElement is PASSED&#xD;
&#xD;
2020-11-18 10:15:52 - [MESSAGE][PASSED] - platform.Method.clickOnElement is PASSED&#xD;
&#xD;
2020-11-18 10:15:52 - [TEST_STEP][PASSED] - waitForElementVisible(findTestObject("Button/createBot"), 30, OPTIONAL): Object 'Object Repository/Button/createBot' is visible&#xD;
&#xD;
2020-11-18 10:15:59 - [MESSAGE][PASSED] - Object 'Object Repository/Button/createBot' is visible&#xD;
&#xD;
2020-11-18 10:15:59 - [TEST_STEP][PASSED] - platform.Method.clickOnElement(findTestObject("Generic/webObjectWithText", ["textValue":"Task bots"])): platform.Method.clickOnElement is PASSED&#xD;
&#xD;
2020-11-18 10:16:04 - [MESSAGE][PASSED] - platform.Method.clickOnElement is PASSED&#xD;
&#xD;
2020-11-18 10:16:04 - [TEST_STEP][PASSED] - waitForElementVisible(findTestObject("Generic/webObjectWithText", ["textValue":testBot]), 45, CONTINUE_ON_FAILURE): Object 'Object Repository/Generic/webObjectWithText' is visible&#xD;
&#xD;
2020-11-18 10:16:07 - [MESSAGE][PASSED] - Object 'Object Repository/Generic/webObjectWithText' is visible&#xD;
&#xD;
2020-11-18 10:16:07 - [TEST_STEP][PASSED] - platform.Method.clickOnElement(findTestObject("Generic/webObjectWithText", ["textValue":testBot])): platform.Method.clickOnElement is PASSED&#xD;
&#xD;
2020-11-18 10:16:09 - [MESSAGE][PASSED] - platform.Method.clickOnElement is PASSED&#xD;
&#xD;
2020-11-18 10:16:09 - [TEST_STEP][PASSED] - waitForElementVisible(findTestObject("Generic/training"), 45, CONTINUE_ON_FAILURE): Object 'Object Repository/Generic/training' is visible&#xD;
&#xD;
2020-11-18 10:16:16 - [MESSAGE][PASSED] - Object 'Object Repository/Generic/training' is visible&#xD;
&#xD;
2020-11-18 10:16:16 - [TEST_STEP][PASSED] - platform.Method.clickOnElement(findTestObject("Generic/training")): platform.Method.clickOnElement is PASSED&#xD;
&#xD;
2020-11-18 10:16:18 - [MESSAGE][PASSED] - platform.Method.clickOnElement is PASSED&#xD;
&#xD;
2020-11-18 10:16:18 - [TEST_STEP][PASSED] - platform.Method.clickOnElement(findTestObject("Generic/webObjectWithText", ["textValue":"Entities"])): platform.Method.clickOnElement is PASSED&#xD;
&#xD;
2020-11-18 10:16:21 - [MESSAGE][PASSED] - platform.Method.clickOnElement is PASSED&#xD;
&#xD;
2020-11-18 10:16:21 - [TEST_STEP][PASSED] - platform.Method.clickOnElement(findTestObject("Button/createEntity")): platform.Method.clickOnElement is PASSED&#xD;
&#xD;
2020-11-18 10:16:24 - [MESSAGE][PASSED] - platform.Method.clickOnElement is PASSED&#xD;
&#xD;
2020-11-18 10:16:24 - [TEST_STEP][PASSED] - platform.Training.createEntity("pin-code", "Regex", regex_value): platform.Training.createEntity is PASSED&#xD;
&#xD;
2020-11-18 10:16:27 - [MESSAGE][PASSED] - Keys 'pin-code' sent to object: 'Object Repository/Input/entityName'&#xD;
&#xD;
2020-11-18 10:16:30 - [MESSAGE][INFO] - Entity Type: Regex&#xD;
&#xD;
2020-11-18 10:16:36 - [MESSAGE][PASSED] - Keys '\b\d{6}\b' sent to object: 'Object Repository/Input/defValueOfEntity'&#xD;
&#xD;
2020-11-18 10:16:38 - [MESSAGE][PASSED] - platform.Training.createEntity is PASSED&#xD;
&#xD;
2020-11-18 10:16:38 - [TEST_STEP][PASSED] - waitForElementPresent(findTestObject("Generic/webObjectWithText", ["textValue":"pin-code"]), 20, CONTINUE_ON_FAILURE): Object 'Object Repository/Generic/webObjectWithText' is present&#xD;
&#xD;
2020-11-18 10:16:39 - [MESSAGE][PASSED] - Object 'Object Repository/Generic/webObjectWithText' is present&#xD;
&#xD;
2020-11-18 10:16:39 - [TEST_STEP][PASSED] - platform.Method.clickOnElement(findTestObject("Generic/response")): platform.Method.clickOnElement is PASSED&#xD;
&#xD;
2020-11-18 10:16:42 - [MESSAGE][PASSED] - platform.Method.clickOnElement is PASSED&#xD;
&#xD;
2020-11-18 10:16:42 - [TEST_STEP][PASSED] - platform.Response.createRichResponse(temp_key, key_value): platform.Response.createRichResponse is PASSED&#xD;
&#xD;
2020-11-18 10:16:49 - [MESSAGE][PASSED] - Text 'confirm' is set on object 'Object Repository/NewRepo2/templateKeyName'&#xD;
&#xD;
2020-11-18 10:16:53 - [MESSAGE][PASSED] - Delayed 2 second(s)&#xD;
&#xD;
2020-11-18 10:17:00 - [MESSAGE][PASSED] - Text 'Yes, we provide service in your area' is set on object 'Object Repository/Input/textResponse'&#xD;
&#xD;
2020-11-18 10:17:02 - [MESSAGE][PASSED] - platform.Response.createRichResponse is PASSED&#xD;
&#xD;
2020-11-18 10:17:02 - [TEST_STEP][PASSED] - waitForElementPresent(findTestObject("ICONS/toastMsg"), 20, CONTINUE_ON_FAILURE): Object 'Object Repository/ICONS/toastMsg' is present&#xD;
&#xD;
2020-11-18 10:17:04 - [MESSAGE][PASSED] - Object 'Object Repository/ICONS/toastMsg' is present&#xD;
&#xD;
2020-11-18 10:17:04 - [TEST_STEP][PASSED] - platform.Response.createRichResponse(missing_key, new_key_value): platform.Response.createRichResponse is PASSED&#xD;
&#xD;
2020-11-18 10:17:11 - [MESSAGE][PASSED] - Text 'ask_pin' is set on object 'Object Repository/NewRepo2/templateKeyName'&#xD;
&#xD;
2020-11-18 10:17:15 - [MESSAGE][PASSED] - Delayed 2 second(s)&#xD;
&#xD;
2020-11-18 10:17:21 - [MESSAGE][PASSED] - Text 'Please enter your area pin-code' is set on object 'Object Repository/Input/textResponse'&#xD;
&#xD;
2020-11-18 10:17:24 - [MESSAGE][PASSED] - platform.Response.createRichResponse is PASSED&#xD;
&#xD;
2020-11-18 10:17:24 - [TEST_STEP][PASSED] - waitForElementPresent(findTestObject("ICONS/toastMsg"), 20, CONTINUE_ON_FAILURE): Object 'Object Repository/ICONS/toastMsg' is present&#xD;
&#xD;
2020-11-18 10:17:26 - [MESSAGE][PASSED] - Object 'Object Repository/ICONS/toastMsg' is present&#xD;
&#xD;
2020-11-18 10:17:26 - [TEST_STEP][PASSED] - platform.Method.clickOnElement(findTestObject("Generic/training")): platform.Method.clickOnElement is PASSED&#xD;
&#xD;
2020-11-18 10:17:29 - [MESSAGE][PASSED] - platform.Method.clickOnElement is PASSED&#xD;
&#xD;
2020-11-18 10:17:29 - [TEST_STEP][PASSED] - waitForElementVisible(findTestObject("Button/createIntent"), 30, CONTINUE_ON_FAILURE): Object 'Object Repository/Button/createIntent' is visible&#xD;
&#xD;
2020-11-18 10:17:31 - [MESSAGE][PASSED] - Object 'Object Repository/Button/createIntent' is visible&#xD;
&#xD;
2020-11-18 10:17:31 - [TEST_STEP][PASSED] - platform.Training.addSingleUtterance("do you deliver?"): platform.Training.addSingleUtterance is PASSED&#xD;
&#xD;
2020-11-18 10:17:38 - [MESSAGE][PASSED] - Keys 'do you deliver?' sent to object: 'Object Repository/Input/utterance'&#xD;
&#xD;
2020-11-18 10:17:41 - [MESSAGE][PASSED] - platform.Training.addSingleUtterance is PASSED&#xD;
&#xD;
2020-11-18 10:17:41 - [TEST_STEP][PASSED] - platform.Method.clickOnElement(findTestObject("Slots/linkEntity")): platform.Method.clickOnElement is PASSED&#xD;
&#xD;
2020-11-18 10:17:43 - [MESSAGE][PASSED] - platform.Method.clickOnElement is PASSED&#xD;
&#xD;
2020-11-18 10:17:43 - [TEST_STEP][PASSED] - platform.Method.clickOnElement(findTestObject("Generic/webObjectWithText", ["textValue":"pin-code"])): platform.Method.clickOnElement is PASSED&#xD;
&#xD;
2020-11-18 10:17:46 - [MESSAGE][PASSED] - platform.Method.clickOnElement is PASSED&#xD;
&#xD;
2020-11-18 10:17:46 - [TEST_STEP][PASSED] - check(findTestObject("Slots/checkbox", ["rowValue":1])): Object 'Object Repository/Slots/checkbox' is checked&#xD;
&#xD;
2020-11-18 10:17:51 - [MESSAGE][PASSED] - Object 'Object Repository/Slots/checkbox' is checked&#xD;
&#xD;
2020-11-18 10:17:51 - [TEST_STEP][PASSED] - setText(findTestObject("Slots/retries", ["rowValue":1]), "2"): Text '2' is set on object 'Object Repository/Slots/retries'&#xD;
&#xD;
2020-11-18 10:17:56 - [MESSAGE][PASSED] - Text '2' is set on object 'Object Repository/Slots/retries'&#xD;
&#xD;
2020-11-18 10:17:56 - [TEST_STEP][PASSED] - setText(findTestObject("Slots/templateKey", ["rowValue":1]), missing_key): Text 'ask_pin' is set on object 'Object Repository/Slots/templateKey'&#xD;
&#xD;
2020-11-18 10:18:02 - [MESSAGE][PASSED] - Text 'ask_pin' is set on object 'Object Repository/Slots/templateKey'&#xD;
&#xD;
2020-11-18 10:18:02 - [TEST_STEP][PASSED] - setText(findTestObject("Input/finalTempKey"), temp_key): Text 'confirm' is set on object 'Object Repository/Input/finalTempKey'&#xD;
&#xD;
2020-11-18 10:18:06 - [MESSAGE][PASSED] - Text 'confirm' is set on object 'Object Repository/Input/finalTempKey'&#xD;
&#xD;
2020-11-18 10:18:06 - [TEST_STEP][PASSED] - setText(findTestObject("Input/intentName"), "service"): Text 'service' is set on object 'Object Repository/Input/intentName'&#xD;
&#xD;
2020-11-18 10:18:11 - [MESSAGE][PASSED] - Text 'service' is set on object 'Object Repository/Input/intentName'&#xD;
&#xD;
2020-11-18 10:18:11 - [TEST_STEP][PASSED] - platform.Method.clickOnElement(findTestObject("Button/save", ["value":" Save "])): platform.Method.clickOnElement is PASSED&#xD;
&#xD;
2020-11-18 10:18:14 - [MESSAGE][PASSED] - platform.Method.clickOnElement is PASSED&#xD;
&#xD;
2020-11-18 10:18:14 - [TEST_STEP][PASSED] - platform.Method.clickOnElement(findTestObject("NewRepo/intentGoBack")): platform.Method.clickOnElement is PASSED&#xD;
&#xD;
2020-11-18 10:18:17 - [MESSAGE][PASSED] - platform.Method.clickOnElement is PASSED&#xD;
&#xD;
2020-11-18 10:18:17 - [TEST_STEP][PASSED] - verifyTextPresent("Training data", false, CONTINUE_ON_FAILURE): Text 'Training data' is present on page &#xD;
&#xD;
2020-11-18 10:18:23 - [MESSAGE][PASSED] - Text 'Training data' is present on page &#xD;
&#xD;
2020-11-18 10:18:23 - [TEST_STEP][PASSED] - platform.Method.trainAndComment("service intent added"): platform.Method.trainAndComment is PASSED&#xD;
&#xD;
2020-11-18 10:18:31 - [MESSAGE][PASSED] - Keys 'service intent added' sent to object: 'Object Repository/Input/comment'&#xD;
&#xD;
2020-11-18 10:18:33 - [MESSAGE][PASSED] - platform.Method.trainAndComment is PASSED&#xD;
&#xD;
2020-11-18 10:18:33 - [TEST_STEP][PASSED] - waitForElementPresent(findTestObject("ICONS/toastMsg"), 30, CONTINUE_ON_FAILURE): Object 'Object Repository/ICONS/toastMsg' is present&#xD;
&#xD;
2020-11-18 10:18:35 - [MESSAGE][PASSED] - Object 'Object Repository/ICONS/toastMsg' is present</system-out>
            <system-err></system-err>
        </testcase>
        <system-out>2020-11-18 10:11:38 - [TEST_SUITE][INCOMPLETE] - GENERIC1: null</system-out>
        <system-err>2020-11-18 10:11:38 - [TEST_SUITE][INCOMPLETE] - GENERIC1: null</system-err>
    </testsuite>
</testsuites>
