<?xml version="1.0" encoding="UTF-8" standalone="yes"?>
<testsuites name="generic" time="272" tests="5" failures="0" errors="0">
    <testsuite name="generic" tests="5" failures="0" errors="0" time="272" timestamp="2020-10-01 15:36:21" hostname="narendra.n - WLPT580.imidomain.com" id="Test Suites/generic">
        <properties>
            <property name="deviceName" value=""/>
            <property name="devicePlatform" value=""/>
            <property name="logFolder" value="D:\\IMIbot.ai-Project\\Reports\\20201001_153551\\generic\\20201001_153555"/>
            <property name="logFiles" value="D:\\IMIbot.ai-Project\\Reports\\20201001_153551\\generic\\20201001_153555\\execution0.log"/>
            <property name="attachments" value=""/>
            <property name="hostName" value="narendra.n - WLPT580.imidomain.com"/>
            <property name="os" value="Windows 8.1 64bit"/>
            <property name="katalonVersion" value="6.3.3.11"/>
            <property name="browser" value="Chrome 85.0.4183.121"/>
            <property name="hostAddress" value="192.168.29.195"/>
            <property name="sessionId" value="b03bb46a8148584d0dfe31d322b028bb"/>
            <property name="seleniumVersion" value="3.141.59"/>
            <property name="proxyInformation" value="ProxyInformation{proxyOption=NO_PROXY, proxyServerType=HTTP, password=, proxyServerAddress=, proxyServerPort=0}"/>
            <property name="platform" value="Windows 8.1"/>
        </properties>
        <testcase name="Test Cases/Generic/botPageAndHeaderAccess_Test" classname="Test Cases/Generic/botPageAndHeaderAccess_Test" status="PASSED">
            <system-out>2020-10-01 15:37:17 - [TEST_CASE][PASSED] - Test Cases/Generic/botPageAndHeaderAccess_Test: Test Cases/Generic/botPageAndHeaderAccess_Test&#xD;
&#xD;
2020-10-01 15:37:17 - [TEST_STEP][PASSED] - platform.Method.clickOnElement(findTestObject("Generic/webObjectWithText", ["textValue":"Dashboard"])): platform.Method.clickOnElement is PASSED&#xD;
&#xD;
2020-10-01 15:37:24 - [MESSAGE][PASSED] - platform.Method.clickOnElement is PASSED&#xD;
&#xD;
2020-10-01 15:37:24 - [TEST_STEP][PASSED] - platform.Method.clickOnElement(findTestObject("Generic/imiLogo")): platform.Method.clickOnElement is PASSED&#xD;
&#xD;
2020-10-01 15:37:27 - [MESSAGE][PASSED] - platform.Method.clickOnElement is PASSED&#xD;
&#xD;
2020-10-01 15:37:27 - [TEST_STEP][PASSED] - verifyElementPresent(findTestObject("Button/createBot"), 15, STOP_ON_FAILURE): Object 'Object Repository/Button/createBot' is present&#xD;
&#xD;
2020-10-01 15:37:28 - [MESSAGE][PASSED] - Object 'Object Repository/Button/createBot' is present&#xD;
&#xD;
2020-10-01 15:37:28 - [TEST_STEP][PASSED] - platform.Method.clickOnElement(findTestObject("Generic/webObjectWithText", ["textValue":"Knowledge"])): platform.Method.clickOnElement is PASSED&#xD;
&#xD;
2020-10-01 15:37:32 - [MESSAGE][PASSED] - platform.Method.clickOnElement is PASSED&#xD;
&#xD;
2020-10-01 15:37:32 - [TEST_STEP][PASSED] - verifyElementText(findTestObject("Generic/kbHeader"), "Enterprise Knowledge Base", OPTIONAL): Actual text and expected text of test object 'Object Repository/Generic/kbHeader' are matched.&#xD;
&#xD;
2020-10-01 15:37:36 - [MESSAGE][PASSED] - Actual text and expected text of test object 'Object Repository/Generic/kbHeader' are matched.&#xD;
&#xD;
2020-10-01 15:37:36 - [TEST_STEP][PASSED] - platform.Method.clickOnElement(findTestObject("Generic/imiLogo")): platform.Method.clickOnElement is PASSED&#xD;
&#xD;
2020-10-01 15:37:43 - [MESSAGE][PASSED] - platform.Method.clickOnElement is PASSED&#xD;
&#xD;
2020-10-01 15:37:43 - [TEST_STEP][PASSED] - verifyElementPresent(findTestObject("Button/createBot"), 15, STOP_ON_FAILURE): Object 'Object Repository/Button/createBot' is present&#xD;
&#xD;
2020-10-01 15:37:45 - [MESSAGE][PASSED] - Object 'Object Repository/Button/createBot' is present&#xD;
&#xD;
2020-10-01 15:37:45 - [TEST_STEP][PASSED] - platform.Method.clickOnElement(findTestObject("Generic/webObjectWithText", ["textValue":"Analytics"])): platform.Method.clickOnElement is PASSED&#xD;
&#xD;
2020-10-01 15:37:48 - [MESSAGE][PASSED] - platform.Method.clickOnElement is PASSED&#xD;
&#xD;
2020-10-01 15:37:48 - [TEST_STEP][PASSED] - platform.Method.clickOnElement(findTestObject("Generic/imiLogo")): platform.Method.clickOnElement is PASSED&#xD;
&#xD;
2020-10-01 15:37:54 - [MESSAGE][PASSED] - platform.Method.clickOnElement is PASSED&#xD;
&#xD;
2020-10-01 15:37:54 - [TEST_STEP][PASSED] - verifyElementPresent(findTestObject("Button/createBot"), 15, STOP_ON_FAILURE): Object 'Object Repository/Button/createBot' is present&#xD;
&#xD;
2020-10-01 15:37:56 - [MESSAGE][PASSED] - Object 'Object Repository/Button/createBot' is present&#xD;
&#xD;
2020-10-01 15:37:56 - [TEST_STEP][PASSED] - platform.Method.clickOnElement(findTestObject("Generic/webObjectWithText", ["textValue":"Reports"])): platform.Method.clickOnElement is PASSED&#xD;
&#xD;
2020-10-01 15:38:00 - [MESSAGE][PASSED] - platform.Method.clickOnElement is PASSED&#xD;
&#xD;
2020-10-01 15:38:00 - [TEST_STEP][PASSED] - verifyElementClickable(findTestObject("Button/newReport"), STOP_ON_FAILURE): Object 'Object Repository/Button/newReport' is clickable&#xD;
&#xD;
2020-10-01 15:38:03 - [MESSAGE][PASSED] - Object 'Object Repository/Button/newReport' is clickable&#xD;
&#xD;
2020-10-01 15:38:03 - [TEST_STEP][PASSED] - platform.Method.clickOnElement(findTestObject("Generic/imiLogo")): platform.Method.clickOnElement is PASSED&#xD;
&#xD;
2020-10-01 15:38:09 - [MESSAGE][PASSED] - platform.Method.clickOnElement is PASSED&#xD;
&#xD;
2020-10-01 15:38:09 - [TEST_STEP][PASSED] - verifyElementPresent(findTestObject("Button/createBot"), 15, STOP_ON_FAILURE): Object 'Object Repository/Button/createBot' is present&#xD;
&#xD;
2020-10-01 15:38:12 - [MESSAGE][PASSED] - Object 'Object Repository/Button/createBot' is present&#xD;
&#xD;
2020-10-01 15:38:12 - [TEST_STEP][PASSED] - platform.Method.clickOnElement(findTestObject("Generic/webObjectWithText", ["textValue":"Task bots"])): platform.Method.clickOnElement is PASSED&#xD;
&#xD;
2020-10-01 15:38:16 - [MESSAGE][PASSED] - platform.Method.clickOnElement is PASSED&#xD;
&#xD;
2020-10-01 15:38:16 - [TEST_STEP][PASSED] - comment("Verification of Task bots"): Verification of Task bots&#xD;
&#xD;
2020-10-01 15:38:16 - [MESSAGE][INFO] - Verification of Task bots&#xD;
&#xD;
2020-10-01 15:38:16 - [TEST_STEP][PASSED] - verifyElementPresent(findTestObject("Button/createBot"), 20, STOP_ON_FAILURE): Object 'Object Repository/Button/createBot' is present&#xD;
&#xD;
2020-10-01 15:38:17 - [MESSAGE][PASSED] - Object 'Object Repository/Button/createBot' is present&#xD;
&#xD;
2020-10-01 15:38:17 - [TEST_STEP][PASSED] - platform.Method.clickOnElement(findTestObject("Generic/webObjectWithText", ["textValue":"Smart bots"])): platform.Method.clickOnElement is PASSED&#xD;
&#xD;
2020-10-01 15:38:21 - [MESSAGE][PASSED] - platform.Method.clickOnElement is PASSED&#xD;
&#xD;
2020-10-01 15:38:21 - [TEST_STEP][PASSED] - comment("Verification of Smart bots"): Verification of Smart bots&#xD;
&#xD;
2020-10-01 15:38:21 - [MESSAGE][INFO] - Verification of Smart bots&#xD;
&#xD;
2020-10-01 15:38:21 - [TEST_STEP][PASSED] - verifyElementPresent(findTestObject("Button/createBot"), 20, STOP_ON_FAILURE): Object 'Object Repository/Button/createBot' is present&#xD;
&#xD;
2020-10-01 15:38:23 - [MESSAGE][PASSED] - Object 'Object Repository/Button/createBot' is present&#xD;
&#xD;
2020-10-01 15:38:23 - [TEST_STEP][PASSED] - platform.Method.clickOnElement(findTestObject("Generic/webObjectWithText", ["textValue":"Router bots"])): platform.Method.clickOnElement is PASSED&#xD;
&#xD;
2020-10-01 15:38:26 - [MESSAGE][PASSED] - platform.Method.clickOnElement is PASSED&#xD;
&#xD;
2020-10-01 15:38:26 - [TEST_STEP][PASSED] - comment("Verification of Router bots"): Verification of Router bots&#xD;
&#xD;
2020-10-01 15:38:26 - [MESSAGE][INFO] - Verification of Router bots&#xD;
&#xD;
2020-10-01 15:38:26 - [TEST_STEP][PASSED] - verifyElementPresent(findTestObject("Button/createBot"), 20, STOP_ON_FAILURE): Object 'Object Repository/Button/createBot' is present&#xD;
&#xD;
2020-10-01 15:38:29 - [MESSAGE][PASSED] - Object 'Object Repository/Button/createBot' is present&#xD;
&#xD;
2020-10-01 15:38:29 - [TEST_STEP][PASSED] - platform.Method.clickOnElement(findTestObject("Generic/webObjectWithText", ["textValue":"Pipeline bots"])): platform.Method.clickOnElement is PASSED&#xD;
&#xD;
2020-10-01 15:38:32 - [MESSAGE][PASSED] - platform.Method.clickOnElement is PASSED&#xD;
&#xD;
2020-10-01 15:38:32 - [TEST_STEP][PASSED] - comment("Verification of Pipeline bots"): Verification of Pipeline bots&#xD;
&#xD;
2020-10-01 15:38:32 - [MESSAGE][INFO] - Verification of Pipeline bots&#xD;
&#xD;
2020-10-01 15:38:32 - [TEST_STEP][PASSED] - verifyElementPresent(findTestObject("Button/createBot"), 20, STOP_ON_FAILURE): Object 'Object Repository/Button/createBot' is present&#xD;
&#xD;
2020-10-01 15:38:34 - [MESSAGE][PASSED] - Object 'Object Repository/Button/createBot' is present</system-out>
            <system-err></system-err>
        </testcase>
        <testcase name="Test Cases/Generic/adminServiceKeyFunctionality_Test" classname="Test Cases/Generic/adminServiceKeyFunctionality_Test" status="PASSED">
            <system-out>2020-10-01 15:38:34 - [TEST_CASE][PASSED] - Test Cases/Generic/adminServiceKeyFunctionality_Test: Test Cases/Generic/adminServiceKeyFunctionality_Test&#xD;
&#xD;
2020-10-01 15:38:35 - [TEST_STEP][PASSED] - mouseOver(findTestObject("Generic/userInitials")): Object: 'Object Repository/Generic/userInitials' is hovered&#xD;
&#xD;
2020-10-01 15:38:38 - [MESSAGE][PASSED] - Object: 'Object Repository/Generic/userInitials' is hovered&#xD;
&#xD;
2020-10-01 15:38:38 - [TEST_STEP][PASSED] - platform.Method.clickOnElement(findTestObject("Generic/webObjectWithText", ["textValue":"Enterprise profile"])): platform.Method.clickOnElement is PASSED&#xD;
&#xD;
2020-10-01 15:38:42 - [MESSAGE][PASSED] - platform.Method.clickOnElement is PASSED&#xD;
&#xD;
2020-10-01 15:38:42 - [TEST_STEP][PASSED] - platform.Method.clickOnElement(findTestObject("Button/newToken")): platform.Method.clickOnElement is PASSED&#xD;
&#xD;
2020-10-01 15:38:45 - [MESSAGE][PASSED] - platform.Method.clickOnElement is PASSED&#xD;
&#xD;
2020-10-01 15:38:45 - [TEST_STEP][PASSED] - description = now().toString(): null&#xD;
&#xD;
2020-10-01 15:38:46 - [TEST_STEP][PASSED] - sendKeys(findTestObject("Input/newTokenDescription"), description): Keys '2020-10-01' sent to object: 'Object Repository/Input/newTokenDescription'&#xD;
&#xD;
2020-10-01 15:38:49 - [MESSAGE][PASSED] - Keys '2020-10-01' sent to object: 'Object Repository/Input/newTokenDescription'&#xD;
&#xD;
2020-10-01 15:38:49 - [TEST_STEP][PASSED] - platform.Method.clickOnElement(findTestObject("Button/create")): platform.Method.clickOnElement is PASSED&#xD;
&#xD;
2020-10-01 15:38:52 - [MESSAGE][PASSED] - platform.Method.clickOnElement is PASSED&#xD;
&#xD;
2020-10-01 15:38:52 - [TEST_STEP][PASSED] - listOfServiceKeys = findWebElements(findTestObject("GenericII/serviceKeyList"), 5): null&#xD;
&#xD;
2020-10-01 15:38:53 - [TEST_STEP][PASSED] - assert getText().contentEquals(description) == true: null&#xD;
&#xD;
2020-10-01 15:38:55 - [TEST_STEP][PASSED] - platform.Method.clickOnElement(findTestObject("GenericII/deleteServiceKey", ["index":1])): platform.Method.clickOnElement is PASSED&#xD;
&#xD;
2020-10-01 15:38:58 - [MESSAGE][PASSED] - platform.Method.clickOnElement is PASSED&#xD;
&#xD;
2020-10-01 15:38:58 - [TEST_STEP][PASSED] - platform.Method.clickOnElement(findTestObject("Button/expire")): platform.Method.clickOnElement is PASSED&#xD;
&#xD;
2020-10-01 15:39:01 - [MESSAGE][PASSED] - platform.Method.clickOnElement is PASSED&#xD;
&#xD;
2020-10-01 15:39:01 - [TEST_STEP][PASSED] - platform.Method.clickOnElement(findTestObject("Generic/webObjectWithText", ["textValue":"Expired"])): platform.Method.clickOnElement is PASSED&#xD;
&#xD;
2020-10-01 15:39:05 - [MESSAGE][PASSED] - platform.Method.clickOnElement is PASSED&#xD;
&#xD;
2020-10-01 15:39:05 - [TEST_STEP][PASSED] - listOfExpiredServiceKeys = findWebElements(findTestObject("GenericII/serviceKeyList"), 5): null&#xD;
&#xD;
2020-10-01 15:39:06 - [TEST_STEP][PASSED] - assert getText().contentEquals(description) == true: null</system-out>
            <system-err></system-err>
        </testcase>
        <testcase name="Test Cases/Generic/adminUserManagement_Test" classname="Test Cases/Generic/adminUserManagement_Test" status="PASSED">
            <system-out>2020-10-01 15:39:07 - [TEST_CASE][PASSED] - Test Cases/Generic/adminUserManagement_Test: Test Cases/Generic/adminUserManagement_Test&#xD;
&#xD;
2020-10-01 15:39:08 - [TEST_STEP][PASSED] - platform.Method.clickOnElement(findTestObject("Generic/webObjectWithText", ["textValue":"Users"])): platform.Method.clickOnElement is PASSED&#xD;
&#xD;
2020-10-01 15:39:11 - [MESSAGE][PASSED] - platform.Method.clickOnElement is PASSED&#xD;
&#xD;
2020-10-01 15:39:11 - [TEST_STEP][PASSED] - verifyTextPresent("Users management", false, STOP_ON_FAILURE): Text 'Users management' is present on page &#xD;
&#xD;
2020-10-01 15:39:17 - [MESSAGE][PASSED] - Text 'Users management' is present on page &#xD;
&#xD;
2020-10-01 15:39:17 - [TEST_STEP][PASSED] - platform.Method.clickOnElement(findTestObject("GenericII/newUserBtn")): platform.Method.clickOnElement is PASSED&#xD;
&#xD;
2020-10-01 15:39:21 - [MESSAGE][PASSED] - platform.Method.clickOnElement is PASSED&#xD;
&#xD;
2020-10-01 15:39:21 - [TEST_STEP][PASSED] - verifyTextPresent("Add a new user to the enterprise", false, STOP_ON_FAILURE): Text 'Add a new user to the enterprise' is present on page &#xD;
&#xD;
2020-10-01 15:39:28 - [MESSAGE][PASSED] - Text 'Add a new user to the enterprise' is present on page &#xD;
&#xD;
2020-10-01 15:39:28 - [TEST_STEP][PASSED] - sendKeys(findTestObject("Input/newUserFirstName"), firstName): Keys 'JIMMY' sent to object: 'Object Repository/Input/newUserFirstName'&#xD;
&#xD;
2020-10-01 15:39:31 - [MESSAGE][PASSED] - Keys 'JIMMY' sent to object: 'Object Repository/Input/newUserFirstName'&#xD;
&#xD;
2020-10-01 15:39:32 - [TEST_STEP][PASSED] - sendKeys(findTestObject("Input/newUserLastName"), lastName): Keys 'HONDRIX' sent to object: 'Object Repository/Input/newUserLastName'&#xD;
&#xD;
2020-10-01 15:39:34 - [MESSAGE][PASSED] - Keys 'HONDRIX' sent to object: 'Object Repository/Input/newUserLastName'&#xD;
&#xD;
2020-10-01 15:39:34 - [TEST_STEP][PASSED] - platform.Method.clickOnElement(findTestObject("Generic/webObjectWithText", ["textValue":"Select role"])): platform.Method.clickOnElement is PASSED&#xD;
&#xD;
2020-10-01 15:39:37 - [MESSAGE][PASSED] - platform.Method.clickOnElement is PASSED&#xD;
&#xD;
2020-10-01 15:39:37 - [TEST_STEP][PASSED] - platform.Method.clickOnElement(findTestObject("Generic/webObjectWithText", ["textValue":" " + USER_ROLE + " "])): platform.Method.clickOnElement is PASSED&#xD;
&#xD;
2020-10-01 15:39:40 - [MESSAGE][PASSED] - platform.Method.clickOnElement is PASSED&#xD;
&#xD;
2020-10-01 15:39:40 - [TEST_STEP][PASSED] - sendKeys(findTestObject("Input/newUserEmail"), emailAddress): Keys 'jimihondrix5@gmail.com' sent to object: 'Object Repository/Input/newUserEmail'&#xD;
&#xD;
2020-10-01 15:39:43 - [MESSAGE][PASSED] - Keys 'jimihondrix5@gmail.com' sent to object: 'Object Repository/Input/newUserEmail'&#xD;
&#xD;
2020-10-01 15:39:43 - [TEST_STEP][PASSED] - verifyTextPresent("Add Bots", false, OPTIONAL): Text 'Add Bots' is present on page &#xD;
&#xD;
2020-10-01 15:39:48 - [MESSAGE][PASSED] - Text 'Add Bots' is present on page &#xD;
&#xD;
2020-10-01 15:39:48 - [TEST_STEP][PASSED] - platform.Method.clickOnElement(findTestObject("Button/addNewUser")): platform.Method.clickOnElement is PASSED&#xD;
&#xD;
2020-10-01 15:39:50 - [MESSAGE][PASSED] - platform.Method.clickOnElement is PASSED</system-out>
            <system-err></system-err>
        </testcase>
        <testcase name="Test Cases/Generic/adminRoleManagement_Test" classname="Test Cases/Generic/adminRoleManagement_Test" status="PASSED">
            <system-out>2020-10-01 15:39:51 - [TEST_CASE][PASSED] - Test Cases/Generic/adminRoleManagement_Test: Test Cases/Generic/adminRoleManagement_Test&#xD;
&#xD;
2020-10-01 15:39:52 - [TEST_STEP][PASSED] - platform.Method.clickOnElement(findTestObject("Generic/webObjectWithText", ["textValue":"Roles"])): platform.Method.clickOnElement is PASSED&#xD;
&#xD;
2020-10-01 15:39:54 - [MESSAGE][PASSED] - platform.Method.clickOnElement is PASSED&#xD;
&#xD;
2020-10-01 15:39:54 - [TEST_STEP][PASSED] - verifyElementClickable(findTestObject("Button/newRole"), STOP_ON_FAILURE): Object 'Object Repository/Button/newRole' is clickable&#xD;
&#xD;
2020-10-01 15:39:57 - [MESSAGE][PASSED] - Object 'Object Repository/Button/newRole' is clickable&#xD;
&#xD;
2020-10-01 15:39:57 - [TEST_STEP][PASSED] - platform.Method.clickOnElement(findTestObject("Button/newRole")): platform.Method.clickOnElement is PASSED&#xD;
&#xD;
2020-10-01 15:40:01 - [MESSAGE][PASSED] - platform.Method.clickOnElement is PASSED&#xD;
&#xD;
2020-10-01 15:40:01 - [TEST_STEP][PASSED] - sendKeys(findTestObject("Input/newRoleName"), ROLE_NAME): Keys 'Custom Role' sent to object: 'Object Repository/Input/newRoleName'&#xD;
&#xD;
2020-10-01 15:40:04 - [MESSAGE][PASSED] - Keys 'Custom Role' sent to object: 'Object Repository/Input/newRoleName'&#xD;
&#xD;
2020-10-01 15:40:04 - [TEST_STEP][PASSED] - platform.Method.clickOnElement(findTestObject("Generic/webObjectWithText", ["textValue":"Base role"])): platform.Method.clickOnElement is PASSED&#xD;
&#xD;
2020-10-01 15:40:06 - [MESSAGE][PASSED] - platform.Method.clickOnElement is PASSED&#xD;
&#xD;
2020-10-01 15:40:06 - [TEST_STEP][PASSED] - platform.Method.clickOnElement(findTestObject("Generic/webObjectWithText", ["textValue":typeOfUser])): platform.Method.clickOnElement is PASSED&#xD;
&#xD;
2020-10-01 15:40:09 - [MESSAGE][PASSED] - platform.Method.clickOnElement is PASSED&#xD;
&#xD;
2020-10-01 15:40:09 - [TEST_STEP][PASSED] - platform.Method.clickOnElement(findTestObject("Generic/webObjectWithText", ["textValue":permissionToUser])): platform.Method.clickOnElement is PASSED&#xD;
&#xD;
2020-10-01 15:40:12 - [MESSAGE][PASSED] - platform.Method.clickOnElement is PASSED&#xD;
&#xD;
2020-10-01 15:40:12 - [TEST_STEP][PASSED] - listOfPermissions = findWebElements(findTestObject("GenericII/listOfPermissions"), 5): null&#xD;
&#xD;
2020-10-01 15:40:13 - [TEST_STEP][PASSED] - index = &lt;not implemented yet for class: org.codehaus.groovy.ast.expr.EmptyExpression&gt;: null&#xD;
&#xD;
2020-10-01 15:40:13 - [TEST_STEP][PASSED] - for ([index = 0, index &lt; listOfPermissions.size(), (index++)]): null&#xD;
&#xD;
2020-10-01 15:40:13 - [TEST_STEP][PASSED] - getText().contains(nameOfThePermission): null&#xD;
&#xD;
2020-10-01 15:40:15 - [TEST_STEP][PASSED] - (index++): null&#xD;
&#xD;
2020-10-01 15:40:15 - [TEST_STEP][PASSED] - break: null&#xD;
&#xD;
2020-10-01 15:40:15 - [TEST_STEP][PASSED] - platform.Method.clickOnElement(findTestObject("GenericII/addPermissionBtn", ["index":index])): platform.Method.clickOnElement is PASSED&#xD;
&#xD;
2020-10-01 15:40:17 - [MESSAGE][PASSED] - platform.Method.clickOnElement is PASSED&#xD;
&#xD;
2020-10-01 15:40:17 - [TEST_STEP][PASSED] - verifyElementClickable(findTestObject("Button/createRole"), STOP_ON_FAILURE): Object 'Object Repository/Button/createRole' is clickable&#xD;
&#xD;
2020-10-01 15:40:19 - [MESSAGE][PASSED] - Object 'Object Repository/Button/createRole' is clickable&#xD;
&#xD;
2020-10-01 15:40:19 - [TEST_STEP][PASSED] - platform.Method.clickOnElement(findTestObject("Button/createRole")): platform.Method.clickOnElement is PASSED&#xD;
&#xD;
2020-10-01 15:40:22 - [MESSAGE][PASSED] - platform.Method.clickOnElement is PASSED&#xD;
&#xD;
2020-10-01 15:40:22 - [TEST_STEP][PASSED] - waitForElementPresent(findTestObject("Generic/webObjectWithText", ["textValue":ROLE_NAME]), 20, OPTIONAL): Object 'Object Repository/Generic/webObjectWithText' is present&#xD;
&#xD;
2020-10-01 15:40:26 - [MESSAGE][PASSED] - Object 'Object Repository/Generic/webObjectWithText' is present&#xD;
&#xD;
2020-10-01 15:40:26 - [TEST_STEP][PASSED] - verifyTextPresent(ROLE_NAME, false): Text 'Custom Role' is present on page &#xD;
&#xD;
2020-10-01 15:40:29 - [MESSAGE][PASSED] - Text 'Custom Role' is present on page</system-out>
            <system-err></system-err>
        </testcase>
        <testcase name="Test Cases/Generic/adminRoleDeletion_Test" classname="Test Cases/Generic/adminRoleDeletion_Test" status="PASSED">
            <system-out>2020-10-01 15:40:29 - [TEST_CASE][PASSED] - Test Cases/Generic/adminRoleDeletion_Test: Test Cases/Generic/adminRoleDeletion_Test&#xD;
&#xD;
2020-10-01 15:40:29 - [TEST_STEP][PASSED] - platform.Method.clickOnElement(findTestObject("Generic/webObjectWithText", ["textValue":"Roles"])): platform.Method.clickOnElement is PASSED&#xD;
&#xD;
2020-10-01 15:40:33 - [MESSAGE][PASSED] - platform.Method.clickOnElement is PASSED&#xD;
&#xD;
2020-10-01 15:40:33 - [TEST_STEP][PASSED] - role = findWebElements(findTestObject("GenericII/listOfAllRoleName"), 5): null&#xD;
&#xD;
2020-10-01 15:40:34 - [TEST_STEP][PASSED] - count = &lt;not implemented yet for class: org.codehaus.groovy.ast.expr.EmptyExpression&gt;: null&#xD;
&#xD;
2020-10-01 15:40:34 - [TEST_STEP][PASSED] - for ([count = 0, count &lt; role.size(), (count++)]): null&#xD;
&#xD;
2020-10-01 15:40:34 - [TEST_STEP][PASSED] - if (getText().contentEquals(ROLE_NAME)): null&#xD;
&#xD;
2020-10-01 15:40:35 - [TEST_STEP][PASSED] - if (getText().contentEquals(ROLE_NAME)): null&#xD;
&#xD;
2020-10-01 15:40:36 - [TEST_STEP][PASSED] - if (getText().contentEquals(ROLE_NAME)): null&#xD;
&#xD;
2020-10-01 15:40:37 - [TEST_STEP][PASSED] - if (getText().contentEquals(ROLE_NAME)): null&#xD;
&#xD;
2020-10-01 15:40:38 - [TEST_STEP][PASSED] - if (getText().contentEquals(ROLE_NAME)): null&#xD;
&#xD;
2020-10-01 15:40:40 - [TEST_STEP][PASSED] - (count++): null&#xD;
&#xD;
2020-10-01 15:40:40 - [TEST_STEP][PASSED] - markPassed("ROLE FOUND IN THE LIST"): ROLE FOUND IN THE LIST&#xD;
&#xD;
2020-10-01 15:40:40 - [MESSAGE][PASSED] - ROLE FOUND IN THE LIST&#xD;
&#xD;
2020-10-01 15:40:40 - [TEST_STEP][PASSED] - break: null&#xD;
&#xD;
2020-10-01 15:40:40 - [TEST_STEP][PASSED] - platform.Method.clickOnElement(findTestObject("GenericII/modifyRole", ["index":count])): platform.Method.clickOnElement is PASSED&#xD;
&#xD;
2020-10-01 15:40:42 - [MESSAGE][PASSED] - platform.Method.clickOnElement is PASSED&#xD;
&#xD;
2020-10-01 15:40:42 - [TEST_STEP][PASSED] - verifyTextPresent("Edit role", false, STOP_ON_FAILURE): Text 'Edit role' is present on page &#xD;
&#xD;
2020-10-01 15:40:46 - [MESSAGE][PASSED] - Text 'Edit role' is present on page &#xD;
&#xD;
2020-10-01 15:40:46 - [TEST_STEP][PASSED] - platform.Method.clickOnElement(findTestObject("Button/delete")): platform.Method.clickOnElement is PASSED&#xD;
&#xD;
2020-10-01 15:40:48 - [MESSAGE][PASSED] - platform.Method.clickOnElement is PASSED&#xD;
&#xD;
2020-10-01 15:40:48 - [TEST_STEP][PASSED] - platform.Method.clickOnElement(findTestObject("Button/remove")): platform.Method.clickOnElement is PASSED&#xD;
&#xD;
2020-10-01 15:40:51 - [MESSAGE][PASSED] - platform.Method.clickOnElement is PASSED&#xD;
&#xD;
2020-10-01 15:40:51 - [TEST_STEP][PASSED] - verifyTextNotPresent(ROLE_NAME, false, STOP_ON_FAILURE): Text 'Custom Role' is not present on page&#xD;
&#xD;
2020-10-01 15:40:54 - [MESSAGE][PASSED] - Text 'Custom Role' is not present on page</system-out>
            <system-err></system-err>
        </testcase>
        <system-out>2020-10-01 15:36:21 - [TEST_SUITE][INCOMPLETE] - generic: null</system-out>
        <system-err>2020-10-01 15:36:21 - [TEST_SUITE][INCOMPLETE] - generic: null</system-err>
    </testsuite>
</testsuites>
