<?xml version="1.0" encoding="UTF-8" standalone="yes"?>
<testsuites name="SMART_SSO" time="822" tests="7" failures="0" errors="0">
    <testsuite name="SMART_SSO" tests="7" failures="0" errors="0" time="822" timestamp="2020-11-05 13:16:22" hostname="narendra.n - WLPT580.imidomain.com" id="Test Suites/SMART_SSO">
        <properties>
            <property name="deviceName" value=""/>
            <property name="devicePlatform" value=""/>
            <property name="logFolder" value="D:\\IMIbot.ai-Project\\Reports\\20201105_131606\\SMART_SSO\\20201105_131608"/>
            <property name="logFiles" value="D:\\IMIbot.ai-Project\\Reports\\20201105_131606\\SMART_SSO\\20201105_131608\\execution0.log"/>
            <property name="attachments" value=""/>
            <property name="hostName" value="narendra.n - WLPT580.imidomain.com"/>
            <property name="os" value="Windows 8.1 64bit"/>
            <property name="katalonVersion" value="6.3.3.11"/>
            <property name="browser" value="Chrome 86.0.4240.183"/>
            <property name="hostAddress" value="192.168.29.195"/>
            <property name="sessionId" value="b2c0b5ba050f661b465975710eb54d91"/>
            <property name="seleniumVersion" value="3.141.59"/>
            <property name="proxyInformation" value="ProxyInformation{proxyOption=NO_PROXY, proxyServerType=HTTP, password=, proxyServerAddress=, proxyServerPort=0}"/>
            <property name="platform" value="Windows 8.1"/>
        </properties>
        <testcase name="Test Cases/Smartbot/botCreation_Test" classname="Test Cases/Smartbot/botCreation_Test" status="PASSED">
            <system-out>2020-11-05 13:17:22 - [TEST_CASE][PASSED] - Test Cases/Smartbot/botCreation_Test: Test Cases/Smartbot/botCreation_Test&#xD;
&#xD;
2020-11-05 13:17:22 - [TEST_STEP][PASSED] - platform.Method.clickOnElement(findTestObject("Generic/webObjectWithText", ["textValue":"Smart bots"])): platform.Method.clickOnElement is PASSED&#xD;
&#xD;
2020-11-05 13:17:26 - [MESSAGE][PASSED] - platform.Method.clickOnElement is PASSED&#xD;
&#xD;
2020-11-05 13:17:26 - [TEST_STEP][PASSED] - platform.Method.clickOnElement(findTestObject("Button/createBot")): platform.Method.clickOnElement is PASSED&#xD;
&#xD;
2020-11-05 13:17:30 - [MESSAGE][PASSED] - platform.Method.clickOnElement is PASSED&#xD;
&#xD;
2020-11-05 13:17:30 - [TEST_STEP][PASSED] - sendKeys(findTestObject("Input/botName"), nameOfTheBot): Keys 'CHROME Smart 4.5' sent to object: 'Object Repository/Input/botName'&#xD;
&#xD;
2020-11-05 13:17:34 - [MESSAGE][PASSED] - Keys 'CHROME Smart 4.5' sent to object: 'Object Repository/Input/botName'&#xD;
&#xD;
2020-11-05 13:17:34 - [TEST_STEP][PASSED] - platform.Method.clickOnElement(findTestObject("GenericII/smartContinueBtn")): platform.Method.clickOnElement is PASSED&#xD;
&#xD;
2020-11-05 13:17:36 - [MESSAGE][PASSED] - platform.Method.clickOnElement is PASSED&#xD;
&#xD;
2020-11-05 13:17:36 - [TEST_STEP][PASSED] - platform.Method.clickOnElement(findTestObject("Toggle/feedback")): platform.Method.clickOnElement is PASSED&#xD;
&#xD;
2020-11-05 13:17:38 - [MESSAGE][PASSED] - platform.Method.clickOnElement is PASSED&#xD;
&#xD;
2020-11-05 13:17:38 - [TEST_STEP][PASSED] - platform.Method.clickOnElement(findTestObject("GenericII/smartContinueBtn")): platform.Method.clickOnElement is PASSED&#xD;
&#xD;
2020-11-05 13:17:41 - [MESSAGE][PASSED] - platform.Method.clickOnElement is PASSED&#xD;
&#xD;
2020-11-05 13:17:41 - [TEST_STEP][PASSED] - platform.Method.clickOnElement(findTestObject("Button/done")): platform.Method.clickOnElement is PASSED&#xD;
&#xD;
2020-11-05 13:17:43 - [MESSAGE][PASSED] - platform.Method.clickOnElement is PASSED&#xD;
&#xD;
2020-11-05 13:17:43 - [TEST_STEP][PASSED] - waitForElementPresent(findTestObject("Button/updateBot"), 30, OPTIONAL): Object 'Object Repository/Button/updateBot' is present&#xD;
&#xD;
2020-11-05 13:17:54 - [MESSAGE][PASSED] - Object 'Object Repository/Button/updateBot' is present</system-out>
            <system-err></system-err>
        </testcase>
        <testcase name="Test Cases/Smartbot/nlpConceptCreation_Test" classname="Test Cases/Smartbot/nlpConceptCreation_Test" status="PASSED">
            <system-out>2020-11-05 13:17:54 - [TEST_CASE][PASSED] - Test Cases/Smartbot/nlpConceptCreation_Test: Test Cases/Smartbot/nlpConceptCreation_Test&#xD;
&#xD;
2020-11-05 13:17:57 - [TEST_STEP][PASSED] - platform.Method.clickOnElement(findTestObject("Generic/nlp")): platform.Method.clickOnElement is PASSED&#xD;
&#xD;
2020-11-05 13:18:01 - [MESSAGE][PASSED] - platform.Method.clickOnElement is PASSED&#xD;
&#xD;
2020-11-05 13:18:01 - [TEST_STEP][PASSED] - testData = findTestData("testData_Smart"): null&#xD;
&#xD;
2020-11-05 13:18:02 - [TEST_STEP][PASSED] - platform.NLP.addCustom_NER(): platform.NLP.addCustom_NER is PASSED&#xD;
&#xD;
2020-11-05 13:18:04 - [MESSAGE][PASSED] - Keys 'custom' sent to object: 'Object Repository/Input/librariesAndModules'&#xD;
&#xD;
2020-11-05 13:18:19 - [MESSAGE][PASSED] - Object 'Object Repository/ICONS/toastMsg' is present&#xD;
&#xD;
2020-11-05 13:18:19 - [MESSAGE][PASSED] - platform.NLP.addCustom_NER is PASSED&#xD;
&#xD;
2020-11-05 13:18:19 - [TEST_STEP][PASSED] - platform.NLP.createConceptType("Double Match", false, testData.getValue("concept_name", 1), testData.getValue("file_name", 1)): platform.NLP.createConceptType is PASSED&#xD;
&#xD;
2020-11-05 13:18:21 - [MESSAGE][PASSED] - Object 'Object Repository/Generic/webObjectWithText' is present&#xD;
&#xD;
2020-11-05 13:18:26 - [MESSAGE][INFO] - ****&#xD;
&#xD;
2020-11-05 13:18:29 - [MESSAGE][PASSED] - Keys 'city' sent to object: 'Object Repository/Input/conceptName'&#xD;
&#xD;
2020-11-05 13:18:32 - [MESSAGE][PASSED] - File 'D:/IMIbot.ai-Project/Collection/citynames.txt' sent to object: 'Object Repository/Input/uploadFile'&#xD;
&#xD;
2020-11-05 13:18:35 - [MESSAGE][PASSED] - platform.NLP.createConceptType is PASSED&#xD;
&#xD;
2020-11-05 13:18:35 - [TEST_STEP][PASSED] - platform.Method.clickOnElement(findTestObject("NewRepo/conceptBackBtn")): platform.Method.clickOnElement is PASSED&#xD;
&#xD;
2020-11-05 13:18:37 - [MESSAGE][PASSED] - platform.Method.clickOnElement is PASSED&#xD;
&#xD;
2020-11-05 13:18:37 - [TEST_STEP][PASSED] - verifyTextPresent("city", false, STOP_ON_FAILURE): Text 'city' is present on page &#xD;
&#xD;
2020-11-05 13:18:41 - [MESSAGE][PASSED] - Text 'city' is present on page</system-out>
            <system-err></system-err>
        </testcase>
        <testcase name="Test Cases/Smartbot/setUpLogicAndBotPreviewTest" classname="Test Cases/Smartbot/setUpLogicAndBotPreviewTest" status="PASSED">
            <system-out>2020-11-05 13:18:41 - [TEST_CASE][PASSED] - Test Cases/Smartbot/setUpLogicAndBotPreviewTest: Test Cases/Smartbot/setUpLogicAndBotPreviewTest&#xD;
&#xD;
2020-11-05 13:18:41 - [TEST_STEP][PASSED] - platform.Method.clickOnElement(findTestObject("Generic/logic")): platform.Method.clickOnElement is PASSED&#xD;
&#xD;
2020-11-05 13:18:43 - [MESSAGE][PASSED] - platform.Method.clickOnElement is PASSED&#xD;
&#xD;
2020-11-05 13:18:43 - [TEST_STEP][PASSED] - PATH = getProjectDir() + "/Collection/": null&#xD;
&#xD;
2020-11-05 13:18:43 - [TEST_STEP][PASSED] - platform.Method.clickOnElement(findTestObject("Generic/webObjectWithText", ["textValue":"Generation Template"])): platform.Method.clickOnElement is PASSED&#xD;
&#xD;
2020-11-05 13:18:47 - [MESSAGE][PASSED] - platform.Method.clickOnElement is PASSED&#xD;
&#xD;
2020-11-05 13:18:47 - [TEST_STEP][PASSED] - platform.Method.clickOnElement(findTestObject("Toggle/code")): platform.Method.clickOnElement is PASSED&#xD;
&#xD;
2020-11-05 13:18:50 - [MESSAGE][PASSED] - platform.Method.clickOnElement is PASSED&#xD;
&#xD;
2020-11-05 13:18:50 - [TEST_STEP][PASSED] - waitForElementPresent(findTestObject("NewRepo/editCodeBtn"), 20, STOP_ON_FAILURE): Object 'Object Repository/NewRepo/editCodeBtn' is present&#xD;
&#xD;
2020-11-05 13:18:51 - [MESSAGE][PASSED] - Object 'Object Repository/NewRepo/editCodeBtn' is present&#xD;
&#xD;
2020-11-05 13:18:51 - [TEST_STEP][PASSED] - platform.Method.clickOnElement(findTestObject("NewRepo/editCodeBtn")): platform.Method.clickOnElement is PASSED&#xD;
&#xD;
2020-11-05 13:18:54 - [MESSAGE][PASSED] - platform.Method.clickOnElement is PASSED&#xD;
&#xD;
2020-11-05 13:18:54 - [TEST_STEP][PASSED] - platform.Method.clickOnElement(findTestObject("WEB_OBJECTS/confirm")): platform.Method.clickOnElement is PASSED&#xD;
&#xD;
2020-11-05 13:18:57 - [MESSAGE][PASSED] - platform.Method.clickOnElement is PASSED&#xD;
&#xD;
2020-11-05 13:18:57 - [TEST_STEP][PASSED] - waitForElementClickable(findTestObject("Button/save", ["value":"Save"]), 15, OPTIONAL): Object 'Object Repository/Button/save' is clickable&#xD;
&#xD;
2020-11-05 13:19:12 - [MESSAGE][PASSED] - Object 'Object Repository/Button/save' is clickable&#xD;
&#xD;
2020-11-05 13:19:12 - [TEST_STEP][PASSED] - for ([count = 1, count &lt;= findTestData("testData_Smart").getRowNumbers(), (count++)]): null&#xD;
&#xD;
2020-11-05 13:19:12 - [TEST_STEP][PASSED] - if (count == 1): platform.Method.clickOnElement is PASSED&#xD;
&#xD;
2020-11-05 13:19:12 - [TEST_STEP][PASSED] - uploadFile(findTestObject("Input/uploadFile"), PATH + findTestData("testData_Smart").getValue(fileColumn, count)): File 'D:/IMIbot.ai-Project/Collection/df_template.py' sent to object: 'Object Repository/Input/uploadFile'&#xD;
&#xD;
2020-11-05 13:19:16 - [MESSAGE][PASSED] - File 'D:/IMIbot.ai-Project/Collection/df_template.py' sent to object: 'Object Repository/Input/uploadFile'&#xD;
&#xD;
2020-11-05 13:19:16 - [TEST_STEP][PASSED] - platform.Method.clickOnElement(findTestObject("Button/save", ["value":"Save"])): platform.Method.clickOnElement is PASSED&#xD;
&#xD;
2020-11-05 13:19:18 - [MESSAGE][PASSED] - platform.Method.clickOnElement is PASSED&#xD;
&#xD;
2020-11-05 13:19:18 - [TEST_STEP][PASSED] - if (count == 4): null&#xD;
&#xD;
2020-11-05 13:19:19 - [TEST_STEP][PASSED] - if (count == 1): null&#xD;
&#xD;
2020-11-05 13:19:19 - [TEST_STEP][PASSED] - else: platform.Method.clickOnElement is PASSED&#xD;
&#xD;
2020-11-05 13:19:19 - [TEST_STEP][PASSED] - platform.Method.clickOnElement(findTestObject("Generic/webObjectWithText", ["textValue":findTestData("testData_Smart").getValue(section, count)])): platform.Method.clickOnElement is PASSED&#xD;
&#xD;
2020-11-05 13:19:22 - [MESSAGE][PASSED] - platform.Method.clickOnElement is PASSED&#xD;
&#xD;
2020-11-05 13:19:22 - [TEST_STEP][PASSED] - uploadFile(findTestObject("Input/uploadFile"), PATH + findTestData("testData_Smart").getValue(fileColumn, count)): File 'D:/IMIbot.ai-Project/Collection/df_rules.py' sent to object: 'Object Repository/Input/uploadFile'&#xD;
&#xD;
2020-11-05 13:19:25 - [MESSAGE][PASSED] - File 'D:/IMIbot.ai-Project/Collection/df_rules.py' sent to object: 'Object Repository/Input/uploadFile'&#xD;
&#xD;
2020-11-05 13:19:25 - [TEST_STEP][PASSED] - platform.Method.clickOnElement(findTestObject("Button/save", ["value":"Save"])): platform.Method.clickOnElement is PASSED&#xD;
&#xD;
2020-11-05 13:19:28 - [MESSAGE][PASSED] - platform.Method.clickOnElement is PASSED&#xD;
&#xD;
2020-11-05 13:19:28 - [TEST_STEP][PASSED] - if (count == 4): null&#xD;
&#xD;
2020-11-05 13:19:29 - [TEST_STEP][PASSED] - if (count == 1): null&#xD;
&#xD;
2020-11-05 13:19:29 - [TEST_STEP][PASSED] - else: platform.Method.clickOnElement is PASSED&#xD;
&#xD;
2020-11-05 13:19:29 - [TEST_STEP][PASSED] - platform.Method.clickOnElement(findTestObject("Generic/webObjectWithText", ["textValue":findTestData("testData_Smart").getValue(section, count)])): platform.Method.clickOnElement is PASSED&#xD;
&#xD;
2020-11-05 13:19:32 - [MESSAGE][PASSED] - platform.Method.clickOnElement is PASSED&#xD;
&#xD;
2020-11-05 13:19:32 - [TEST_STEP][PASSED] - uploadFile(findTestObject("Input/uploadFile"), PATH + findTestData("testData_Smart").getValue(fileColumn, count)): File 'D:/IMIbot.ai-Project/Collection/generation_rules.py' sent to object: 'Object Repository/Input/uploadFile'&#xD;
&#xD;
2020-11-05 13:19:35 - [MESSAGE][PASSED] - File 'D:/IMIbot.ai-Project/Collection/generation_rules.py' sent to object: 'Object Repository/Input/uploadFile'&#xD;
&#xD;
2020-11-05 13:19:35 - [TEST_STEP][PASSED] - platform.Method.clickOnElement(findTestObject("Button/save", ["value":"Save"])): platform.Method.clickOnElement is PASSED&#xD;
&#xD;
2020-11-05 13:19:38 - [MESSAGE][PASSED] - platform.Method.clickOnElement is PASSED&#xD;
&#xD;
2020-11-05 13:19:38 - [TEST_STEP][PASSED] - if (count == 4): null&#xD;
&#xD;
2020-11-05 13:19:39 - [TEST_STEP][PASSED] - if (count == 1): null&#xD;
&#xD;
2020-11-05 13:19:39 - [TEST_STEP][PASSED] - else: platform.Method.clickOnElement is PASSED&#xD;
&#xD;
2020-11-05 13:19:39 - [TEST_STEP][PASSED] - platform.Method.clickOnElement(findTestObject("Generic/webObjectWithText", ["textValue":findTestData("testData_Smart").getValue(section, count)])): platform.Method.clickOnElement is PASSED&#xD;
&#xD;
2020-11-05 13:19:42 - [MESSAGE][PASSED] - platform.Method.clickOnElement is PASSED&#xD;
&#xD;
2020-11-05 13:19:42 - [TEST_STEP][PASSED] - uploadFile(findTestObject("Input/uploadFile"), PATH + findTestData("testData_Smart").getValue(fileColumn, count)): File 'D:/IMIbot.ai-Project/Collection/generation_templates.py' sent to object: 'Object Repository/Input/uploadFile'&#xD;
&#xD;
2020-11-05 13:19:45 - [MESSAGE][PASSED] - File 'D:/IMIbot.ai-Project/Collection/generation_templates.py' sent to object: 'Object Repository/Input/uploadFile'&#xD;
&#xD;
2020-11-05 13:19:45 - [TEST_STEP][PASSED] - platform.Method.clickOnElement(findTestObject("Button/save", ["value":"Save"])): platform.Method.clickOnElement is PASSED&#xD;
&#xD;
2020-11-05 13:19:47 - [MESSAGE][PASSED] - platform.Method.clickOnElement is PASSED&#xD;
&#xD;
2020-11-05 13:19:47 - [TEST_STEP][PASSED] - if (count == 4): null&#xD;
&#xD;
2020-11-05 13:19:47 - [TEST_STEP][PASSED] - break: null&#xD;
&#xD;
2020-11-05 13:19:47 - [TEST_STEP][PASSED] - platform.Method.clickOnElement(findTestObject("Button/preview")): platform.Method.clickOnElement is PASSED&#xD;
&#xD;
2020-11-05 13:19:50 - [MESSAGE][PASSED] - platform.Method.clickOnElement is PASSED&#xD;
&#xD;
2020-11-05 13:19:50 - [TEST_STEP][PASSED] - sendKeys(findTestObject("Input/chatInput"), Keys.chord(userQuery, ENTER), STOP_ON_FAILURE): Keys 'ENTER + How is the weather of hyderabad today?' sent to object: 'Object Repository/Input/chatInput'&#xD;
&#xD;
2020-11-05 13:19:52 - [MESSAGE][PASSED] - Keys 'ENTER + How is the weather of hyderabad today?' sent to object: 'Object Repository/Input/chatInput'&#xD;
&#xD;
2020-11-05 13:19:52 - [TEST_STEP][PASSED] - delay(1): Delayed 1 second(s)&#xD;
&#xD;
2020-11-05 13:19:53 - [MESSAGE][PASSED] - Delayed 1 second(s)&#xD;
&#xD;
2020-11-05 13:19:53 - [TEST_STEP][PASSED] - platform.Preview.verifyBotResponse(now().toString()): YOUR TEXT HAS A MATCH&#xD;
&#xD;
2020-11-05 13:19:57 - [MESSAGE][PASSED] - Delayed 3 second(s)&#xD;
&#xD;
2020-11-05 13:20:00 - [MESSAGE][PASSED] - YOUR TEXT HAS A MATCH&#xD;
&#xD;
2020-11-05 13:20:00 - [TEST_STEP][PASSED] - platform.Method.clickOnElement(findTestObject("Button/upvote")): platform.Method.clickOnElement is PASSED&#xD;
&#xD;
2020-11-05 13:20:03 - [MESSAGE][PASSED] - platform.Method.clickOnElement is PASSED&#xD;
&#xD;
2020-11-05 13:20:03 - [TEST_STEP][PASSED] - platform.Method.clickOnElement(findTestObject("GenericII/minimize")): platform.Method.clickOnElement is PASSED&#xD;
&#xD;
2020-11-05 13:20:05 - [MESSAGE][PASSED] - platform.Method.clickOnElement is PASSED</system-out>
            <system-err></system-err>
        </testcase>
        <testcase name="Test Cases/Smartbot/maskingConcept_Test" classname="Test Cases/Smartbot/maskingConcept_Test" status="PASSED">
            <system-out>2020-11-05 13:20:05 - [TEST_CASE][PASSED] - Test Cases/Smartbot/maskingConcept_Test: Test Cases/Smartbot/maskingConcept_Test&#xD;
&#xD;
2020-11-05 13:20:06 - [TEST_STEP][PASSED] - platform.Method.clickOnElement(findTestObject("Generic/nlp")): platform.Method.clickOnElement is PASSED&#xD;
&#xD;
2020-11-05 13:20:09 - [MESSAGE][PASSED] - platform.Method.clickOnElement is PASSED&#xD;
&#xD;
2020-11-05 13:20:09 - [TEST_STEP][PASSED] - PATH = getProjectDir() + "/Collection/": null&#xD;
&#xD;
2020-11-05 13:20:09 - [TEST_STEP][PASSED] - testData = findTestData("testData_Smart"): null&#xD;
&#xD;
2020-11-05 13:20:09 - [TEST_STEP][PASSED] - platform.NLP.createConceptType("Regex", true, testData.getValue("concept_name", 2), testData.getValue("file_name", 2)): platform.NLP.createConceptType is PASSED&#xD;
&#xD;
2020-11-05 13:20:10 - [MESSAGE][PASSED] - Object 'Object Repository/Generic/webObjectWithText' is present&#xD;
&#xD;
2020-11-05 13:20:28 - [MESSAGE][PASSED] - Keys 'creditcard_regex' sent to object: 'Object Repository/Input/conceptName'&#xD;
&#xD;
2020-11-05 13:20:31 - [MESSAGE][PASSED] - File 'D:/IMIbot.ai-Project/Collection/regex.py' sent to object: 'Object Repository/Input/uploadFile'&#xD;
&#xD;
2020-11-05 13:20:33 - [MESSAGE][PASSED] - platform.NLP.createConceptType is PASSED&#xD;
&#xD;
2020-11-05 13:20:33 - [TEST_STEP][PASSED] - platform.Method.clickOnElement(findTestObject("NewRepo/conceptBackBtn")): platform.Method.clickOnElement is PASSED&#xD;
&#xD;
2020-11-05 13:20:36 - [MESSAGE][PASSED] - platform.Method.clickOnElement is PASSED&#xD;
&#xD;
2020-11-05 13:20:36 - [TEST_STEP][PASSED] - platform.NLP.createConceptType("Single Match", true, testData.getValue("concept_name", 3), testData.getValue("file_name", 3)): platform.NLP.createConceptType is PASSED&#xD;
&#xD;
2020-11-05 13:20:37 - [MESSAGE][PASSED] - Object 'Object Repository/Generic/webObjectWithText' is present&#xD;
&#xD;
2020-11-05 13:20:54 - [MESSAGE][PASSED] - Keys 'single_match' sent to object: 'Object Repository/Input/conceptName'&#xD;
&#xD;
2020-11-05 13:20:56 - [MESSAGE][PASSED] - File 'D:/IMIbot.ai-Project/Collection/single_match.py' sent to object: 'Object Repository/Input/uploadFile'&#xD;
&#xD;
2020-11-05 13:21:00 - [MESSAGE][PASSED] - platform.NLP.createConceptType is PASSED&#xD;
&#xD;
2020-11-05 13:21:00 - [TEST_STEP][PASSED] - platform.Method.clickOnElement(findTestObject("Generic/logic")): platform.Method.clickOnElement is PASSED&#xD;
&#xD;
2020-11-05 13:21:03 - [MESSAGE][PASSED] - platform.Method.clickOnElement is PASSED&#xD;
&#xD;
2020-11-05 13:21:03 - [TEST_STEP][PASSED] - platform.Method.clickOnElement(findTestObject("Button/fork")): platform.Method.clickOnElement is PASSED&#xD;
&#xD;
2020-11-05 13:21:06 - [MESSAGE][PASSED] - platform.Method.clickOnElement is PASSED&#xD;
&#xD;
2020-11-05 13:21:06 - [TEST_STEP][PASSED] - sendKeys(findTestObject("Input/forkComment"), "Masked concept V2 created"): Keys 'Masked concept V2 created' sent to object: 'Object Repository/Input/forkComment'&#xD;
&#xD;
2020-11-05 13:21:10 - [MESSAGE][PASSED] - Keys 'Masked concept V2 created' sent to object: 'Object Repository/Input/forkComment'&#xD;
&#xD;
2020-11-05 13:21:10 - [TEST_STEP][PASSED] - platform.Method.clickOnElement(findTestObject("Button/createNewFork")): platform.Method.clickOnElement is PASSED&#xD;
&#xD;
2020-11-05 13:21:13 - [MESSAGE][PASSED] - platform.Method.clickOnElement is PASSED&#xD;
&#xD;
2020-11-05 13:21:13 - [TEST_STEP][PASSED] - for ([count = 1, count &lt;= findTestData("testData_Smart").getRowNumbers(), (count++)]): null&#xD;
&#xD;
2020-11-05 13:21:14 - [TEST_STEP][PASSED] - if (count == 1): platform.Method.clickOnElement is PASSED&#xD;
&#xD;
2020-11-05 13:21:14 - [TEST_STEP][PASSED] - uploadFile(findTestObject("Input/uploadFile"), PATH + testData.getValue("masked_logic_file", count)): File 'D:/IMIbot.ai-Project/Collection/df_template_masked.py' sent to object: 'Object Repository/Input/uploadFile'&#xD;
&#xD;
2020-11-05 13:21:16 - [MESSAGE][PASSED] - File 'D:/IMIbot.ai-Project/Collection/df_template_masked.py' sent to object: 'Object Repository/Input/uploadFile'&#xD;
&#xD;
2020-11-05 13:21:16 - [TEST_STEP][PASSED] - platform.Method.clickOnElement(findTestObject("Button/save", ["value":"Save"])): platform.Method.clickOnElement is PASSED&#xD;
&#xD;
2020-11-05 13:21:20 - [MESSAGE][PASSED] - platform.Method.clickOnElement is PASSED&#xD;
&#xD;
2020-11-05 13:21:20 - [TEST_STEP][PASSED] - if (count == 1): null&#xD;
&#xD;
2020-11-05 13:21:20 - [TEST_STEP][PASSED] - else: null&#xD;
&#xD;
2020-11-05 13:21:20 - [TEST_STEP][PASSED] - platform.Method.clickOnElement(findTestObject("Generic/webObjectWithText", ["textValue":testData.getValue("logic_section", count)])): platform.Method.clickOnElement is PASSED&#xD;
&#xD;
2020-11-05 13:21:24 - [MESSAGE][PASSED] - platform.Method.clickOnElement is PASSED&#xD;
&#xD;
2020-11-05 13:21:24 - [TEST_STEP][PASSED] - uploadFile(findTestObject("Input/uploadFile"), PATH + findTestData("testData_Smart").getValue("masked_logic_file", count)): File 'D:/IMIbot.ai-Project/Collection/df_rules_masked.py' sent to object: 'Object Repository/Input/uploadFile'&#xD;
&#xD;
2020-11-05 13:21:27 - [MESSAGE][PASSED] - File 'D:/IMIbot.ai-Project/Collection/df_rules_masked.py' sent to object: 'Object Repository/Input/uploadFile'&#xD;
&#xD;
2020-11-05 13:21:27 - [TEST_STEP][PASSED] - platform.Method.clickOnElement(findTestObject("Button/save", ["value":"Save"])): platform.Method.clickOnElement is PASSED&#xD;
&#xD;
2020-11-05 13:21:29 - [MESSAGE][PASSED] - platform.Method.clickOnElement is PASSED&#xD;
&#xD;
2020-11-05 13:21:29 - [TEST_STEP][PASSED] - if (count == 4): null&#xD;
&#xD;
2020-11-05 13:21:30 - [TEST_STEP][PASSED] - if (count == 1): null&#xD;
&#xD;
2020-11-05 13:21:30 - [TEST_STEP][PASSED] - else: null&#xD;
&#xD;
2020-11-05 13:21:30 - [TEST_STEP][PASSED] - platform.Method.clickOnElement(findTestObject("Generic/webObjectWithText", ["textValue":testData.getValue("logic_section", count)])): platform.Method.clickOnElement is PASSED&#xD;
&#xD;
2020-11-05 13:21:34 - [MESSAGE][PASSED] - platform.Method.clickOnElement is PASSED&#xD;
&#xD;
2020-11-05 13:21:34 - [TEST_STEP][PASSED] - uploadFile(findTestObject("Input/uploadFile"), PATH + findTestData("testData_Smart").getValue("masked_logic_file", count)): File 'D:/IMIbot.ai-Project/Collection/generation_rules_masked.py' sent to object: 'Object Repository/Input/uploadFile'&#xD;
&#xD;
2020-11-05 13:21:36 - [MESSAGE][PASSED] - File 'D:/IMIbot.ai-Project/Collection/generation_rules_masked.py' sent to object: 'Object Repository/Input/uploadFile'&#xD;
&#xD;
2020-11-05 13:21:36 - [TEST_STEP][PASSED] - platform.Method.clickOnElement(findTestObject("Button/save", ["value":"Save"])): platform.Method.clickOnElement is PASSED&#xD;
&#xD;
2020-11-05 13:21:39 - [MESSAGE][PASSED] - platform.Method.clickOnElement is PASSED&#xD;
&#xD;
2020-11-05 13:21:39 - [TEST_STEP][PASSED] - if (count == 4): null&#xD;
&#xD;
2020-11-05 13:21:39 - [TEST_STEP][PASSED] - if (count == 1): null&#xD;
&#xD;
2020-11-05 13:21:39 - [TEST_STEP][PASSED] - else: null&#xD;
&#xD;
2020-11-05 13:21:39 - [TEST_STEP][PASSED] - platform.Method.clickOnElement(findTestObject("Generic/webObjectWithText", ["textValue":testData.getValue("logic_section", count)])): platform.Method.clickOnElement is PASSED&#xD;
&#xD;
2020-11-05 13:21:42 - [MESSAGE][PASSED] - platform.Method.clickOnElement is PASSED&#xD;
&#xD;
2020-11-05 13:21:42 - [TEST_STEP][PASSED] - uploadFile(findTestObject("Input/uploadFile"), PATH + findTestData("testData_Smart").getValue("masked_logic_file", count)): File 'D:/IMIbot.ai-Project/Collection/generation_templates_masked.py' sent to object: 'Object Repository/Input/uploadFile'&#xD;
&#xD;
2020-11-05 13:21:45 - [MESSAGE][PASSED] - File 'D:/IMIbot.ai-Project/Collection/generation_templates_masked.py' sent to object: 'Object Repository/Input/uploadFile'&#xD;
&#xD;
2020-11-05 13:21:45 - [TEST_STEP][PASSED] - platform.Method.clickOnElement(findTestObject("Button/save", ["value":"Save"])): platform.Method.clickOnElement is PASSED&#xD;
&#xD;
2020-11-05 13:21:47 - [MESSAGE][PASSED] - platform.Method.clickOnElement is PASSED&#xD;
&#xD;
2020-11-05 13:21:47 - [TEST_STEP][PASSED] - if (count == 4): null&#xD;
&#xD;
2020-11-05 13:21:47 - [TEST_STEP][PASSED] - break: null&#xD;
&#xD;
2020-11-05 13:21:47 - [TEST_STEP][PASSED] - if (verifyElementText(findTestObject("Generic/versionStatus"), "Inactive", OPTIONAL)): platform.Method.clickOnElement is PASSED&#xD;
&#xD;
2020-11-05 13:21:50 - [MESSAGE][PASSED] - Actual text and expected text of test object 'Object Repository/Generic/versionStatus' are matched.&#xD;
&#xD;
2020-11-05 13:21:50 - [TEST_STEP][PASSED] - platform.Method.clickOnElement(findTestObject("Button/activate")): platform.Method.clickOnElement is PASSED&#xD;
&#xD;
2020-11-05 13:21:53 - [MESSAGE][PASSED] - platform.Method.clickOnElement is PASSED&#xD;
&#xD;
2020-11-05 13:21:53 - [TEST_STEP][PASSED] - platform.Method.clickOnElement(findTestObject("Button/preview")): platform.Method.clickOnElement is PASSED&#xD;
&#xD;
2020-11-05 13:21:56 - [MESSAGE][PASSED] - platform.Method.clickOnElement is PASSED&#xD;
&#xD;
2020-11-05 13:21:56 - [TEST_STEP][PASSED] - for ([count = 1, count &lt; testData.getRowNumbers(), (count++)]): null&#xD;
&#xD;
2020-11-05 13:21:56 - [TEST_STEP][PASSED] - sendKeys(findTestObject("Input/chatInput"), Keys.chord(testData.getValue("userQuery", count), ENTER), CONTINUE_ON_FAILURE): Keys 'ENTER + 4162000000001234' sent to object: 'Object Repository/Input/chatInput'&#xD;
&#xD;
2020-11-05 13:22:02 - [MESSAGE][PASSED] - Keys 'ENTER + 4162000000001234' sent to object: 'Object Repository/Input/chatInput'&#xD;
&#xD;
2020-11-05 13:22:02 - [TEST_STEP][PASSED] - delay(2): Delayed 2 second(s)&#xD;
&#xD;
2020-11-05 13:22:04 - [MESSAGE][PASSED] - Delayed 2 second(s)&#xD;
&#xD;
2020-11-05 13:22:04 - [TEST_STEP][PASSED] - verifyElementText(findTestObject("GenericII/getBotResponse", ["index":count + 1]), testData.getValue("botResponse", count), CONTINUE_ON_FAILURE): Actual text and expected text of test object 'Object Repository/GenericII/getBotResponse' are matched.&#xD;
&#xD;
2020-11-05 13:22:06 - [MESSAGE][PASSED] - Actual text and expected text of test object 'Object Repository/GenericII/getBotResponse' are matched.&#xD;
&#xD;
2020-11-05 13:22:06 - [TEST_STEP][PASSED] - if (testData.getValue("userQuery", count + 1) == ""): null&#xD;
&#xD;
2020-11-05 13:22:06 - [TEST_STEP][PASSED] - sendKeys(findTestObject("Input/chatInput"), Keys.chord(testData.getValue("userQuery", count), ENTER), CONTINUE_ON_FAILURE): Keys 'ENTER + one' sent to object: 'Object Repository/Input/chatInput'&#xD;
&#xD;
2020-11-05 13:22:09 - [MESSAGE][PASSED] - Keys 'ENTER + one' sent to object: 'Object Repository/Input/chatInput'&#xD;
&#xD;
2020-11-05 13:22:09 - [TEST_STEP][PASSED] - delay(2): Delayed 2 second(s)&#xD;
&#xD;
2020-11-05 13:22:11 - [MESSAGE][PASSED] - Delayed 2 second(s)&#xD;
&#xD;
2020-11-05 13:22:11 - [TEST_STEP][PASSED] - verifyElementText(findTestObject("GenericII/getBotResponse", ["index":count + 1]), testData.getValue("botResponse", count), CONTINUE_ON_FAILURE): Actual text and expected text of test object 'Object Repository/GenericII/getBotResponse' are matched.&#xD;
&#xD;
2020-11-05 13:22:13 - [MESSAGE][PASSED] - Actual text and expected text of test object 'Object Repository/GenericII/getBotResponse' are matched.&#xD;
&#xD;
2020-11-05 13:22:13 - [TEST_STEP][PASSED] - if (testData.getValue("userQuery", count + 1) == ""): null&#xD;
&#xD;
2020-11-05 13:22:13 - [TEST_STEP][PASSED] - sendKeys(findTestObject("Input/chatInput"), Keys.chord(testData.getValue("userQuery", count), ENTER), CONTINUE_ON_FAILURE): Keys 'ENTER + four' sent to object: 'Object Repository/Input/chatInput'&#xD;
&#xD;
2020-11-05 13:22:16 - [MESSAGE][PASSED] - Keys 'ENTER + four' sent to object: 'Object Repository/Input/chatInput'&#xD;
&#xD;
2020-11-05 13:22:16 - [TEST_STEP][PASSED] - delay(2): Delayed 2 second(s)&#xD;
&#xD;
2020-11-05 13:22:18 - [MESSAGE][PASSED] - Delayed 2 second(s)&#xD;
&#xD;
2020-11-05 13:22:18 - [TEST_STEP][PASSED] - verifyElementText(findTestObject("GenericII/getBotResponse", ["index":count + 1]), testData.getValue("botResponse", count), CONTINUE_ON_FAILURE): Actual text and expected text of test object 'Object Repository/GenericII/getBotResponse' are matched.&#xD;
&#xD;
2020-11-05 13:22:20 - [MESSAGE][PASSED] - Actual text and expected text of test object 'Object Repository/GenericII/getBotResponse' are matched.&#xD;
&#xD;
2020-11-05 13:22:20 - [TEST_STEP][PASSED] - if (testData.getValue("userQuery", count + 1) == ""): null&#xD;
&#xD;
2020-11-05 13:22:20 - [TEST_STEP][PASSED] - break: null&#xD;
&#xD;
2020-11-05 13:22:20 - [TEST_STEP][PASSED] - getRoomIdAt = new java.util.ArrayList(): null&#xD;
&#xD;
2020-11-05 13:22:20 - [TEST_STEP][PASSED] - getRoomIdAt = platform.Utility.getRoomID(): platform.Utility.getRoomID is PASSED&#xD;
&#xD;
2020-11-05 13:22:27 - [MESSAGE][PASSED] - platform.Utility.getRoomID is PASSED&#xD;
&#xD;
2020-11-05 13:22:27 - [TEST_STEP][PASSED] - roomID = get(0).toString(): null&#xD;
&#xD;
2020-11-05 13:22:27 - [TEST_STEP][PASSED] - platform.Method.clickOnElement(findTestObject("GenericII/minimize")): platform.Method.clickOnElement is PASSED&#xD;
&#xD;
2020-11-05 13:22:30 - [MESSAGE][PASSED] - platform.Method.clickOnElement is PASSED&#xD;
&#xD;
2020-11-05 13:22:30 - [TEST_STEP][PASSED] - platform.Method.clickOnElement(findTestObject("Generic/session")): platform.Method.clickOnElement is PASSED&#xD;
&#xD;
2020-11-05 13:22:34 - [MESSAGE][PASSED] - platform.Method.clickOnElement is PASSED&#xD;
&#xD;
2020-11-05 13:22:34 - [TEST_STEP][PASSED] - platform.Session.searchByRoomID(roomID): platform.Session.searchByRoomID is PASSED&#xD;
&#xD;
2020-11-05 13:22:39 - [MESSAGE][PASSED] - Text '1988093' is set on object 'Object Repository/Input/roomID'&#xD;
&#xD;
2020-11-05 13:22:41 - [MESSAGE][PASSED] - platform.Session.searchByRoomID is PASSED&#xD;
&#xD;
2020-11-05 13:22:41 - [TEST_STEP][PASSED] - waitForElementPresent(findTestObject("Generic/webObjectWithText", ["textValue":roomID]), 20, OPTIONAL): Object 'Object Repository/Generic/webObjectWithText' is present&#xD;
&#xD;
2020-11-05 13:22:42 - [MESSAGE][PASSED] - Object 'Object Repository/Generic/webObjectWithText' is present&#xD;
&#xD;
2020-11-05 13:22:42 - [TEST_STEP][PASSED] - platform.Method.clickOnElement(findTestObject("Generic/webObjectWithText", ["textValue":roomID])): platform.Method.clickOnElement is PASSED&#xD;
&#xD;
2020-11-05 13:22:45 - [MESSAGE][PASSED] - platform.Method.clickOnElement is PASSED&#xD;
&#xD;
2020-11-05 13:22:45 - [TEST_STEP][PASSED] - verifyElementText(findTestObject("NewRepo2/messageInSession", ["index":1]), "4**************4", CONTINUE_ON_FAILURE): Actual text and expected text of test object 'Object Repository/NewRepo2/messageInSession' are matched.&#xD;
&#xD;
2020-11-05 13:22:47 - [MESSAGE][PASSED] - Actual text and expected text of test object 'Object Repository/NewRepo2/messageInSession' are matched.&#xD;
&#xD;
2020-11-05 13:22:47 - [TEST_STEP][PASSED] - verifyElementText(findTestObject("NewRepo2/messageInSession", ["index":3]), "o*e", CONTINUE_ON_FAILURE): Actual text and expected text of test object 'Object Repository/NewRepo2/messageInSession' are matched.&#xD;
&#xD;
2020-11-05 13:22:50 - [MESSAGE][PASSED] - Actual text and expected text of test object 'Object Repository/NewRepo2/messageInSession' are matched.&#xD;
&#xD;
2020-11-05 13:22:50 - [TEST_STEP][PASSED] - platform.Method.clickOnElement(findTestObject("GenericII/closePopup")): platform.Method.clickOnElement is PASSED&#xD;
&#xD;
2020-11-05 13:22:53 - [MESSAGE][PASSED] - platform.Method.clickOnElement is PASSED</system-out>
            <system-err></system-err>
        </testcase>
        <testcase name="Test Cases/Smartbot/oneClickTestingDisabledCallback_Test" classname="Test Cases/Smartbot/oneClickTestingDisabledCallback_Test" status="PASSED">
            <system-out>2020-11-05 13:22:53 - [TEST_CASE][PASSED] - Test Cases/Smartbot/oneClickTestingDisabledCallback_Test: Test Cases/Smartbot/oneClickTestingDisabledCallback_Test&#xD;
&#xD;
2020-11-05 13:22:54 - [TEST_STEP][PASSED] - waitForElementPresent(findTestObject("Generic/oneClickTest"), 30, OPTIONAL): Object 'Object Repository/Generic/oneClickTest' is present&#xD;
&#xD;
2020-11-05 13:22:55 - [MESSAGE][PASSED] - Object 'Object Repository/Generic/oneClickTest' is present&#xD;
&#xD;
2020-11-05 13:22:55 - [TEST_STEP][PASSED] - platform.Method.clickOnElement(findTestObject("Generic/oneClickTest")): platform.Method.clickOnElement is PASSED&#xD;
&#xD;
2020-11-05 13:22:58 - [MESSAGE][PASSED] - platform.Method.clickOnElement is PASSED&#xD;
&#xD;
2020-11-05 13:22:58 - [TEST_STEP][PASSED] - testData = findTestData("Data Files/testData_OneClickTesting"): null&#xD;
&#xD;
2020-11-05 13:22:59 - [TEST_STEP][PASSED] - verifyElementPresent(findTestObject("Toggle/oneClickCallback"), 20, STOP_ON_FAILURE): Object 'Object Repository/Toggle/oneClickCallback' is present&#xD;
&#xD;
2020-11-05 13:23:00 - [MESSAGE][PASSED] - Object 'Object Repository/Toggle/oneClickCallback' is present&#xD;
&#xD;
2020-11-05 13:23:00 - [TEST_STEP][PASSED] - verifyTextPresent("Message", false, STOP_ON_FAILURE): Text 'Message' is present on page &#xD;
&#xD;
2020-11-05 13:23:05 - [MESSAGE][PASSED] - Text 'Message' is present on page &#xD;
&#xD;
2020-11-05 13:23:05 - [TEST_STEP][PASSED] - verifyTextPresent("Expected template", false, STOP_ON_FAILURE): Text 'Expected template' is present on page &#xD;
&#xD;
2020-11-05 13:23:09 - [MESSAGE][PASSED] - Text 'Expected template' is present on page &#xD;
&#xD;
2020-11-05 13:23:09 - [TEST_STEP][PASSED] - verifyTextPresent("Reset previous context", false, STOP_ON_FAILURE): Text 'Reset previous context' is present on page &#xD;
&#xD;
2020-11-05 13:23:13 - [MESSAGE][PASSED] - Text 'Reset previous context' is present on page &#xD;
&#xD;
2020-11-05 13:23:13 - [TEST_STEP][PASSED] - platform.Method.clickOnElement(findTestObject("Button/importIcon")): platform.Method.clickOnElement is PASSED&#xD;
&#xD;
2020-11-05 13:23:16 - [MESSAGE][PASSED] - platform.Method.clickOnElement is PASSED&#xD;
&#xD;
2020-11-05 13:23:16 - [TEST_STEP][PASSED] - platform.Method.uploadCsvFile(false, uploadSmartTestCases): platform.Method.uploadCsvFile is PASSED&#xD;
&#xD;
2020-11-05 13:23:16 - [MESSAGE][INFO] - PREVIOUS DATA NOT BE OVERRIDDEN&#xD;
&#xD;
2020-11-05 13:23:19 - [MESSAGE][PASSED] - File 'D:/IMIbot.ai-Project/Collection/oneClickSmartTestCase.csv' sent to object: 'Object Repository/Input/uploadFile'&#xD;
&#xD;
2020-11-05 13:23:21 - [MESSAGE][PASSED] - platform.Method.uploadCsvFile is PASSED&#xD;
&#xD;
2020-11-05 13:23:21 - [TEST_STEP][PASSED] - platform.Method.clickOnElement(findTestObject("Generic/updateBtn")): platform.Method.clickOnElement is PASSED&#xD;
&#xD;
2020-11-05 13:23:24 - [MESSAGE][PASSED] - platform.Method.clickOnElement is PASSED&#xD;
&#xD;
2020-11-05 13:23:24 - [TEST_STEP][PASSED] - verifyElementPresent(findTestObject("ICONS/toastMsg"), 30, STOP_ON_FAILURE): Object 'Object Repository/ICONS/toastMsg' is present&#xD;
&#xD;
2020-11-05 13:23:26 - [MESSAGE][PASSED] - Object 'Object Repository/ICONS/toastMsg' is present&#xD;
&#xD;
2020-11-05 13:23:26 - [TEST_STEP][PASSED] - platform.Method.clickOnElement(findTestObject("NewRepo2/execution")): platform.Method.clickOnElement is PASSED&#xD;
&#xD;
2020-11-05 13:23:29 - [MESSAGE][PASSED] - platform.Method.clickOnElement is PASSED&#xD;
&#xD;
2020-11-05 13:23:29 - [TEST_STEP][PASSED] - waitForElementPresent(findTestObject("Button/btnExecute"), 20, STOP_ON_FAILURE): Object 'Object Repository/Button/btnExecute' is present&#xD;
&#xD;
2020-11-05 13:23:31 - [MESSAGE][PASSED] - Object 'Object Repository/Button/btnExecute' is present&#xD;
&#xD;
2020-11-05 13:23:31 - [TEST_STEP][PASSED] - platform.Method.clickOnElement(findTestObject("Button/btnExecute")): platform.Method.clickOnElement is PASSED&#xD;
&#xD;
2020-11-05 13:23:33 - [MESSAGE][PASSED] - platform.Method.clickOnElement is PASSED&#xD;
&#xD;
2020-11-05 13:23:33 - [TEST_STEP][PASSED] - waitForElementVisible(findTestObject("Generic/testSummary", ["status":"summery-status-completed"]), 90, STOP_ON_FAILURE): Object 'Object Repository/Generic/testSummary' is visible&#xD;
&#xD;
2020-11-05 13:23:40 - [MESSAGE][PASSED] - Object 'Object Repository/Generic/testSummary' is visible&#xD;
&#xD;
2020-11-05 13:23:40 - [TEST_STEP][PASSED] - verifyTextPresent("Status", false, STOP_ON_FAILURE): Text 'Status' is present on page &#xD;
&#xD;
2020-11-05 13:23:44 - [MESSAGE][PASSED] - Text 'Status' is present on page &#xD;
&#xD;
2020-11-05 13:23:44 - [TEST_STEP][PASSED] - verifyTextPresent("Utterance", false, STOP_ON_FAILURE): Text 'Utterance' is present on page &#xD;
&#xD;
2020-11-05 13:23:49 - [MESSAGE][PASSED] - Text 'Utterance' is present on page &#xD;
&#xD;
2020-11-05 13:23:49 - [TEST_STEP][PASSED] - verifyTextPresent("Expected template", false, STOP_ON_FAILURE): Text 'Expected template' is present on page &#xD;
&#xD;
2020-11-05 13:23:53 - [MESSAGE][PASSED] - Text 'Expected template' is present on page &#xD;
&#xD;
2020-11-05 13:23:53 - [TEST_STEP][PASSED] - verifyTextPresent("Actual template", false, STOP_ON_FAILURE): Text 'Actual template' is present on page &#xD;
&#xD;
2020-11-05 13:23:57 - [MESSAGE][PASSED] - Text 'Actual template' is present on page &#xD;
&#xD;
2020-11-05 13:23:57 - [TEST_STEP][PASSED] - verifyTextPresent("Room ID", false, STOP_ON_FAILURE): Text 'Room ID' is present on page &#xD;
&#xD;
2020-11-05 13:24:00 - [MESSAGE][PASSED] - Text 'Room ID' is present on page &#xD;
&#xD;
2020-11-05 13:24:00 - [TEST_STEP][PASSED] - verifyTextPresent("Actions", false, STOP_ON_FAILURE): Text 'Actions' is present on page &#xD;
&#xD;
2020-11-05 13:24:03 - [MESSAGE][PASSED] - Text 'Actions' is present on page &#xD;
&#xD;
2020-11-05 13:24:03 - [TEST_STEP][PASSED] - platform.Method.clickOnElement(findTestObject("ICONS/action", ["index":5])): platform.Method.clickOnElement is PASSED&#xD;
&#xD;
2020-11-05 13:24:06 - [MESSAGE][PASSED] - platform.Method.clickOnElement is PASSED&#xD;
&#xD;
2020-11-05 13:24:06 - [TEST_STEP][PASSED] - platform.Method.clickOnElement(findTestObject("Button/btnOptionsInOneClickTesting", ["btnValue":"Transaction details"])): platform.Method.clickOnElement is PASSED&#xD;
&#xD;
2020-11-05 13:24:12 - [MESSAGE][PASSED] - platform.Method.clickOnElement is PASSED&#xD;
&#xD;
2020-11-05 13:24:12 - [TEST_STEP][PASSED] - verifyElementPresent(findTestObject("NewRepo2/sessionWindow"), 20, STOP_ON_FAILURE): Object 'Object Repository/NewRepo2/sessionWindow' is present&#xD;
&#xD;
2020-11-05 13:24:14 - [MESSAGE][PASSED] - Object 'Object Repository/NewRepo2/sessionWindow' is present&#xD;
&#xD;
2020-11-05 13:24:14 - [TEST_STEP][PASSED] - platform.Method.clickOnElement(findTestObject("GenericII/closePopup")): platform.Method.clickOnElement is PASSED&#xD;
&#xD;
2020-11-05 13:24:17 - [MESSAGE][PASSED] - platform.Method.clickOnElement is PASSED&#xD;
&#xD;
2020-11-05 13:24:17 - [TEST_STEP][PASSED] - waitForElementPresent(findTestObject("Generic/logic"), 20, OPTIONAL): Object 'Object Repository/Generic/logic' is present&#xD;
&#xD;
2020-11-05 13:24:19 - [MESSAGE][PASSED] - Object 'Object Repository/Generic/logic' is present</system-out>
            <system-err></system-err>
        </testcase>
        <testcase name="Test Cases/Smartbot/roomCloseCallback_Test" classname="Test Cases/Smartbot/roomCloseCallback_Test" status="PASSED">
            <system-out>2020-11-05 13:24:19 - [TEST_CASE][PASSED] - Test Cases/Smartbot/roomCloseCallback_Test: Test Cases/Smartbot/roomCloseCallback_Test&#xD;
&#xD;
2020-11-05 13:24:20 - [TEST_STEP][PASSED] - platform.Method.clickOnElement(findTestObject("ICONS/sidebarSettings")): platform.Method.clickOnElement is PASSED&#xD;
&#xD;
2020-11-05 13:24:23 - [MESSAGE][PASSED] - platform.Method.clickOnElement is PASSED&#xD;
&#xD;
2020-11-05 13:24:23 - [TEST_STEP][PASSED] - platform.Method.enableCloseCallback(true): platform.Method.enableCloseCallback is PASSED&#xD;
&#xD;
2020-11-05 13:24:26 - [MESSAGE][PASSED] - Object 'Object Repository/Button/updateBot' is visible&#xD;
&#xD;
2020-11-05 13:24:36 - [MESSAGE][PASSED] - Text '1' is set on object 'Object Repository/Input/sessionCloseTime'&#xD;
&#xD;
2020-11-05 13:24:38 - [MESSAGE][PASSED] - platform.Method.enableCloseCallback is PASSED&#xD;
&#xD;
2020-11-05 13:24:38 - [TEST_STEP][PASSED] - platform.Method.clickOnElement(findTestObject("Button/preview")): platform.Method.clickOnElement is PASSED&#xD;
&#xD;
2020-11-05 13:24:41 - [MESSAGE][PASSED] - platform.Method.clickOnElement is PASSED&#xD;
&#xD;
2020-11-05 13:24:41 - [TEST_STEP][PASSED] - sendKeys(findTestObject("Input/chatInput"), Keys.chord(userQuery, ENTER), STOP_ON_FAILURE): Keys 'ENTER + test callback after session close time' sent to object: 'Object Repository/Input/chatInput'&#xD;
&#xD;
2020-11-05 13:24:48 - [MESSAGE][PASSED] - Keys 'ENTER + test callback after session close time' sent to object: 'Object Repository/Input/chatInput'&#xD;
&#xD;
2020-11-05 13:24:48 - [TEST_STEP][PASSED] - delay(70): Delayed 70 second(s)&#xD;
&#xD;
2020-11-05 13:25:58 - [MESSAGE][PASSED] - Delayed 70 second(s)&#xD;
&#xD;
2020-11-05 13:25:58 - [TEST_STEP][PASSED] - verifyElementText(findTestObject("GenericII/getBotResponse", ["index":3]), botResponse, CONTINUE_ON_FAILURE): Actual text and expected text of test object 'Object Repository/GenericII/getBotResponse' are matched.&#xD;
&#xD;
2020-11-05 13:26:01 - [MESSAGE][PASSED] - Actual text and expected text of test object 'Object Repository/GenericII/getBotResponse' are matched.&#xD;
&#xD;
2020-11-05 13:26:01 - [TEST_STEP][PASSED] - getRoomIdAt = new java.util.ArrayList(): null&#xD;
&#xD;
2020-11-05 13:26:01 - [TEST_STEP][PASSED] - getRoomIdAt = platform.Utility.getRoomID(): platform.Utility.getRoomID is PASSED&#xD;
&#xD;
2020-11-05 13:26:09 - [MESSAGE][PASSED] - platform.Utility.getRoomID is PASSED&#xD;
&#xD;
2020-11-05 13:26:09 - [TEST_STEP][PASSED] - roomID = get(0).toString(): null&#xD;
&#xD;
2020-11-05 13:26:09 - [TEST_STEP][PASSED] - platform.Method.toClickOnWebElement(findTestObject("GenericII/minimize")): platform.Method.toClickOnWebElement is PASSED&#xD;
&#xD;
2020-11-05 13:26:12 - [MESSAGE][PASSED] - Object: 'Object Repository/GenericII/minimize' is clicked on&#xD;
&#xD;
2020-11-05 13:26:12 - [MESSAGE][PASSED] - platform.Method.toClickOnWebElement is PASSED&#xD;
&#xD;
2020-11-05 13:26:12 - [TEST_STEP][PASSED] - platform.Method.toClickOnWebElement(findTestObject("Generic/session")): platform.Method.toClickOnWebElement is PASSED&#xD;
&#xD;
2020-11-05 13:26:16 - [MESSAGE][PASSED] - Object: 'Object Repository/Generic/session' is clicked on&#xD;
&#xD;
2020-11-05 13:26:16 - [MESSAGE][PASSED] - platform.Method.toClickOnWebElement is PASSED&#xD;
&#xD;
2020-11-05 13:26:16 - [TEST_STEP][PASSED] - platform.Session.searchByRoomID(roomID): platform.Session.searchByRoomID is PASSED&#xD;
&#xD;
2020-11-05 13:26:21 - [MESSAGE][PASSED] - Text '1988103' is set on object 'Object Repository/Input/roomID'&#xD;
&#xD;
2020-11-05 13:26:24 - [MESSAGE][PASSED] - platform.Session.searchByRoomID is PASSED&#xD;
&#xD;
2020-11-05 13:26:24 - [TEST_STEP][PASSED] - verifyElementPresent(findTestObject("NewRepo2/errorIcon"), 20, CONTINUE_ON_FAILURE): Object 'Object Repository/NewRepo2/errorIcon' is present&#xD;
&#xD;
2020-11-05 13:26:25 - [MESSAGE][PASSED] - Object 'Object Repository/NewRepo2/errorIcon' is present&#xD;
&#xD;
2020-11-05 13:26:25 - [TEST_STEP][PASSED] - platform.Method.toClickOnWebElement(findTestObject("Generic/webObjectWithText", ["textValue":roomID])): platform.Method.toClickOnWebElement is PASSED&#xD;
&#xD;
2020-11-05 13:26:28 - [MESSAGE][PASSED] - Object: 'Object Repository/Generic/webObjectWithText' is clicked on&#xD;
&#xD;
2020-11-05 13:26:28 - [MESSAGE][PASSED] - platform.Method.toClickOnWebElement is PASSED&#xD;
&#xD;
2020-11-05 13:26:28 - [TEST_STEP][PASSED] - verifyTextPresent("error_outline", false, OPTIONAL): Text 'error_outline' is present on page &#xD;
&#xD;
2020-11-05 13:26:35 - [MESSAGE][PASSED] - Text 'error_outline' is present on page &#xD;
&#xD;
2020-11-05 13:26:35 - [TEST_STEP][PASSED] - sendKeys(findTestObject("NewRepo2/inputSessionSearch"), searchText): Keys 'Workflows file' sent to object: 'Object Repository/NewRepo2/inputSessionSearch'&#xD;
&#xD;
2020-11-05 13:26:42 - [MESSAGE][PASSED] - Keys 'Workflows file' sent to object: 'Object Repository/NewRepo2/inputSessionSearch'&#xD;
&#xD;
2020-11-05 13:26:42 - [TEST_STEP][PASSED] - verifyElementText(findTestObject("NewRepo2/textHighlight"), searchText, CONTINUE_ON_FAILURE): Actual text and expected text of test object 'Object Repository/NewRepo2/textHighlight' are matched.&#xD;
&#xD;
2020-11-05 13:26:44 - [MESSAGE][PASSED] - Actual text and expected text of test object 'Object Repository/NewRepo2/textHighlight' are matched.</system-out>
            <system-err></system-err>
        </testcase>
        <testcase name="Test Cases/Sprint/v4.3/autoAddNewBots_Test" classname="Test Cases/Sprint/v4.3/autoAddNewBots_Test" status="PASSED">
            <system-out>2020-11-05 13:26:44 - [TEST_CASE][PASSED] - Test Cases/Sprint/v4.3/autoAddNewBots_Test: Test Cases/Sprint/v4.3/autoAddNewBots_Test&#xD;
&#xD;
2020-11-05 13:26:45 - [TEST_STEP][PASSED] - platform.Method.clickOnElement(findTestObject("GenericII/closePopup")): platform.Method.clickOnElement is PASSED&#xD;
&#xD;
2020-11-05 13:26:47 - [MESSAGE][PASSED] - platform.Method.clickOnElement is PASSED&#xD;
&#xD;
2020-11-05 13:26:47 - [TEST_STEP][PASSED] - platform.Method.logOut(): platform.Method.logOut is PASSED&#xD;
&#xD;
2020-11-05 13:26:50 - [MESSAGE][PASSED] - Object: 'Object Repository/Generic/userInitials' is hovered&#xD;
&#xD;
2020-11-05 13:26:53 - [MESSAGE][PASSED] - platform.Method.logOut is PASSED&#xD;
&#xD;
2020-11-05 13:26:53 - [TEST_STEP][PASSED] - callTestCase(findTestCase("Generic/successfulLogin_Test"), ["username":"naren.n@yopmail.com", "password":PASSWORD], CONTINUE_ON_FAILURE): Call Test Case 'Test Cases/Generic/successfulLogin_Test' successfully&#xD;
&#xD;
2020-11-05 13:26:53 - [TEST_CASE][PASSED] - Test Cases/Generic/successfulLogin_Test: Test Cases/Generic/successfulLogin_Test&#xD;
&#xD;
2020-11-05 13:26:54 - [TEST_STEP][PASSED] - sendKeys(findTestObject("Input/username"), username): Keys 'naren.n@yopmail.com' sent to object: 'Object Repository/Input/username'&#xD;
&#xD;
2020-11-05 13:26:59 - [MESSAGE][PASSED] - Keys 'naren.n@yopmail.com' sent to object: 'Object Repository/Input/username'&#xD;
&#xD;
2020-11-05 13:26:59 - [TEST_STEP][PASSED] - sendKeys(findTestObject("Input/password"), password): Keys 'Test@2020' sent to object: 'Object Repository/Input/password'&#xD;
&#xD;
2020-11-05 13:27:02 - [MESSAGE][PASSED] - Keys 'Test@2020' sent to object: 'Object Repository/Input/password'&#xD;
&#xD;
2020-11-05 13:27:02 - [TEST_STEP][PASSED] - click(findTestObject("Button/signIn")): Object: 'Object Repository/Button/signIn' is clicked on&#xD;
&#xD;
2020-11-05 13:27:05 - [MESSAGE][PASSED] - Object: 'Object Repository/Button/signIn' is clicked on&#xD;
&#xD;
2020-11-05 13:27:05 - [TEST_STEP][PASSED] - if (!(waitForElementPresent(findTestObject("Button/createBot"), 30, OPTIONAL))): Wait for page load successfully&#xD;
&#xD;
2020-11-05 13:27:37 - [MESSAGE][INFO] - Unable to find the element located by 'By.xpath: //app-button-wrapper//button'. Please recheck the objects properties to make sure the desired element is located. &#xD;
&#xD;
2020-11-05 13:27:37 - [MESSAGE][WARNING] - Object 'Object Repository/Button/createBot' is not present after 30 second(s)&#xD;
&#xD;
2020-11-05 13:27:37 - [TEST_STEP][PASSED] - waitForPageLoad(10): Wait for page load successfully&#xD;
&#xD;
2020-11-05 13:27:38 - [MESSAGE][PASSED] - Wait for page load successfully&#xD;
&#xD;
2020-11-05 13:27:38 - [MESSAGE][PASSED] - Call Test Case 'Test Cases/Generic/successfulLogin_Test' successfully&#xD;
&#xD;
2020-11-05 13:27:38 - [TEST_STEP][PASSED] - try: Text 'There are no Q&amp;A bots in your account' is present on page &#xD;
&#xD;
2020-11-05 13:27:38 - [TEST_STEP][PASSED] - verifyTextPresent("There are no Q&amp;A bots in your account", false, CONTINUE_ON_FAILURE): Text 'There are no Q&amp;A bots in your account' is present on page &#xD;
&#xD;
2020-11-05 13:27:41 - [MESSAGE][PASSED] - Text 'There are no Q&amp;A bots in your account' is present on page &#xD;
&#xD;
2020-11-05 13:27:41 - [TEST_STEP][PASSED] - platform.Method.logOut(): platform.Method.logOut is PASSED&#xD;
&#xD;
2020-11-05 13:27:44 - [MESSAGE][PASSED] - Object: 'Object Repository/Generic/userInitials' is hovered&#xD;
&#xD;
2020-11-05 13:27:46 - [MESSAGE][PASSED] - platform.Method.logOut is PASSED&#xD;
&#xD;
2020-11-05 13:27:46 - [TEST_STEP][PASSED] - waitForElementVisible(findTestObject("Input/username"), 30, CONTINUE_ON_FAILURE): Object 'Object Repository/Input/username' is visible&#xD;
&#xD;
2020-11-05 13:27:49 - [MESSAGE][PASSED] - Object 'Object Repository/Input/username' is visible&#xD;
&#xD;
2020-11-05 13:27:49 - [TEST_STEP][PASSED] - callTestCase(findTestCase("Generic/successfulLogin_Test"), ["username":USERNAME, "password":PASSWORD], CONTINUE_ON_FAILURE): Call Test Case 'Test Cases/Generic/successfulLogin_Test' successfully&#xD;
&#xD;
2020-11-05 13:27:49 - [TEST_CASE][PASSED] - Test Cases/Generic/successfulLogin_Test: Test Cases/Generic/successfulLogin_Test&#xD;
&#xD;
2020-11-05 13:27:49 - [TEST_STEP][PASSED] - sendKeys(findTestObject("Input/username"), username): Keys 'narendra.n@imimobile.com' sent to object: 'Object Repository/Input/username'&#xD;
&#xD;
2020-11-05 13:27:51 - [MESSAGE][PASSED] - Keys 'narendra.n@imimobile.com' sent to object: 'Object Repository/Input/username'&#xD;
&#xD;
2020-11-05 13:27:51 - [TEST_STEP][PASSED] - sendKeys(findTestObject("Input/password"), password): Keys 'Test@2020' sent to object: 'Object Repository/Input/password'&#xD;
&#xD;
2020-11-05 13:27:54 - [MESSAGE][PASSED] - Keys 'Test@2020' sent to object: 'Object Repository/Input/password'&#xD;
&#xD;
2020-11-05 13:27:54 - [TEST_STEP][PASSED] - click(findTestObject("Button/signIn")): Object: 'Object Repository/Button/signIn' is clicked on&#xD;
&#xD;
2020-11-05 13:27:56 - [MESSAGE][PASSED] - Object: 'Object Repository/Button/signIn' is clicked on&#xD;
&#xD;
2020-11-05 13:27:56 - [TEST_STEP][PASSED] - if (!(waitForElementPresent(findTestObject("Button/createBot"), 30, OPTIONAL))): Object 'Object Repository/Button/createBot' is present&#xD;
&#xD;
2020-11-05 13:28:18 - [MESSAGE][PASSED] - Object 'Object Repository/Button/createBot' is present&#xD;
&#xD;
2020-11-05 13:28:18 - [MESSAGE][PASSED] - Call Test Case 'Test Cases/Generic/successfulLogin_Test' successfully&#xD;
&#xD;
2020-11-05 13:28:18 - [TEST_STEP][PASSED] - platform.Dashboard.newBotAdditionToUser("naren"): platform.Dashboard.newBotAdditionToUser is PASSED&#xD;
&#xD;
2020-11-05 13:28:21 - [MESSAGE][PASSED] - Object: 'Object Repository/Generic/userInitials' is hovered&#xD;
&#xD;
2020-11-05 13:28:35 - [MESSAGE][PASSED] - Object 'Object Repository/WEB_OBJECTS/usertable' is visible&#xD;
&#xD;
2020-11-05 13:28:59 - [MESSAGE][PASSED] - platform.Dashboard.newBotAdditionToUser is PASSED&#xD;
&#xD;
2020-11-05 13:28:59 - [TEST_STEP][PASSED] - waitForElementPresent(findTestObject("ICONS/toastMsg"), 30, OPTIONAL): Object 'Object Repository/ICONS/toastMsg' is present&#xD;
&#xD;
2020-11-05 13:29:05 - [MESSAGE][PASSED] - Object 'Object Repository/ICONS/toastMsg' is present&#xD;
&#xD;
2020-11-05 13:29:05 - [TEST_STEP][PASSED] - platform.Method.clickOnElement(findTestObject("Generic/imiLogo")): platform.Method.clickOnElement is PASSED&#xD;
&#xD;
2020-11-05 13:29:07 - [MESSAGE][PASSED] - platform.Method.clickOnElement is PASSED&#xD;
&#xD;
2020-11-05 13:29:07 - [TEST_STEP][PASSED] - waitForElementVisible(findTestObject("Button/createBot"), 30, CONTINUE_ON_FAILURE): Object 'Object Repository/Button/createBot' is visible&#xD;
&#xD;
2020-11-05 13:29:21 - [MESSAGE][PASSED] - Object 'Object Repository/Button/createBot' is visible&#xD;
&#xD;
2020-11-05 13:29:21 - [TEST_STEP][PASSED] - callTestCase(findTestCase("FAQ_SSO/botCreation_Test"), ["nameOfTheBot":"new_bot_agent"], STOP_ON_FAILURE): Call Test Case 'Test Cases/FAQ_SSO/botCreation_Test' successfully&#xD;
&#xD;
2020-11-05 13:29:21 - [TEST_CASE][PASSED] - Test Cases/FAQ_SSO/botCreation_Test: Test Cases/FAQ_SSO/botCreation_Test&#xD;
&#xD;
2020-11-05 13:29:22 - [TEST_STEP][PASSED] - platform.Method.clickOnElement(findTestObject("Button/createBot")): platform.Method.clickOnElement is PASSED&#xD;
&#xD;
2020-11-05 13:29:25 - [MESSAGE][PASSED] - platform.Method.clickOnElement is PASSED&#xD;
&#xD;
2020-11-05 13:29:25 - [TEST_STEP][PASSED] - sendKeys(findTestObject("Input/botName"), nameOfTheBot): Keys 'new_bot_agent' sent to object: 'Object Repository/Input/botName'&#xD;
&#xD;
2020-11-05 13:29:27 - [MESSAGE][PASSED] - Keys 'new_bot_agent' sent to object: 'Object Repository/Input/botName'&#xD;
&#xD;
2020-11-05 13:29:27 - [TEST_STEP][PASSED] - platform.Method.clickOnElement(findTestObject("Toggle/feedback")): platform.Method.clickOnElement is PASSED&#xD;
&#xD;
2020-11-05 13:29:30 - [MESSAGE][PASSED] - platform.Method.clickOnElement is PASSED&#xD;
&#xD;
2020-11-05 13:29:30 - [TEST_STEP][PASSED] - platform.Method.clickOnElement(findTestObject("Button/done")): platform.Method.clickOnElement is PASSED&#xD;
&#xD;
2020-11-05 13:29:32 - [MESSAGE][PASSED] - platform.Method.clickOnElement is PASSED&#xD;
&#xD;
2020-11-05 13:29:32 - [TEST_STEP][PASSED] - waitForElementVisible(findTestObject("Generic/articleState"), 60, OPTIONAL): Object 'Object Repository/Generic/articleState' is visible&#xD;
&#xD;
2020-11-05 13:29:40 - [MESSAGE][PASSED] - Object 'Object Repository/Generic/articleState' is visible&#xD;
&#xD;
2020-11-05 13:29:40 - [TEST_STEP][PASSED] - if (!(verifyElementText(findTestObject("Generic/articleState"), "Trained", OPTIONAL))): Actual text and expected text of test object 'Object Repository/Generic/articleState' are matched.&#xD;
&#xD;
2020-11-05 13:29:42 - [MESSAGE][PASSED] - Actual text and expected text of test object 'Object Repository/Generic/articleState' are matched.&#xD;
&#xD;
2020-11-05 13:29:42 - [TEST_STEP][PASSED] - platform.Method.clickOnElement(findTestObject("GenericII/minimize")): platform.Method.clickOnElement is PASSED&#xD;
&#xD;
2020-11-05 13:29:45 - [MESSAGE][PASSED] - platform.Method.clickOnElement is PASSED&#xD;
&#xD;
2020-11-05 13:29:45 - [MESSAGE][PASSED] - Call Test Case 'Test Cases/FAQ_SSO/botCreation_Test' successfully&#xD;
&#xD;
2020-11-05 13:29:45 - [TEST_STEP][PASSED] - platform.Method.logOut(): platform.Method.logOut is PASSED&#xD;
&#xD;
2020-11-05 13:29:47 - [MESSAGE][PASSED] - Object: 'Object Repository/Generic/userInitials' is hovered&#xD;
&#xD;
2020-11-05 13:29:50 - [MESSAGE][PASSED] - platform.Method.logOut is PASSED&#xD;
&#xD;
2020-11-05 13:29:50 - [TEST_STEP][PASSED] - callTestCase(findTestCase("Generic/successfulLogin_Test"), ["username":"naren.n@yopmail.com", "password":PASSWORD], CONTINUE_ON_FAILURE): Call Test Case 'Test Cases/Generic/successfulLogin_Test' successfully&#xD;
&#xD;
2020-11-05 13:29:50 - [TEST_CASE][PASSED] - Test Cases/Generic/successfulLogin_Test: Test Cases/Generic/successfulLogin_Test&#xD;
&#xD;
2020-11-05 13:29:50 - [TEST_STEP][PASSED] - sendKeys(findTestObject("Input/username"), username): Keys 'naren.n@yopmail.com' sent to object: 'Object Repository/Input/username'&#xD;
&#xD;
2020-11-05 13:29:53 - [MESSAGE][PASSED] - Keys 'naren.n@yopmail.com' sent to object: 'Object Repository/Input/username'&#xD;
&#xD;
2020-11-05 13:29:53 - [TEST_STEP][PASSED] - sendKeys(findTestObject("Input/password"), password): Keys 'Test@2020' sent to object: 'Object Repository/Input/password'&#xD;
&#xD;
2020-11-05 13:29:55 - [MESSAGE][PASSED] - Keys 'Test@2020' sent to object: 'Object Repository/Input/password'&#xD;
&#xD;
2020-11-05 13:29:55 - [TEST_STEP][PASSED] - click(findTestObject("Button/signIn")): Object: 'Object Repository/Button/signIn' is clicked on&#xD;
&#xD;
2020-11-05 13:29:57 - [MESSAGE][PASSED] - Object: 'Object Repository/Button/signIn' is clicked on&#xD;
&#xD;
2020-11-05 13:29:57 - [TEST_STEP][PASSED] - if (!(waitForElementPresent(findTestObject("Button/createBot"), 30, OPTIONAL))): Object 'Object Repository/Button/createBot' is present&#xD;
&#xD;
2020-11-05 13:30:04 - [MESSAGE][PASSED] - Object 'Object Repository/Button/createBot' is present&#xD;
&#xD;
2020-11-05 13:30:04 - [MESSAGE][PASSED] - Call Test Case 'Test Cases/Generic/successfulLogin_Test' successfully&#xD;
&#xD;
2020-11-05 13:30:04 - [TEST_STEP][PASSED] - verifyElementPresent(findTestObject("Generic/webObjectWithText", ["textValue":" new_bot_agent "]), 20, STOP_ON_FAILURE): Object 'Object Repository/Generic/webObjectWithText' is present&#xD;
&#xD;
2020-11-05 13:30:05 - [MESSAGE][PASSED] - Object 'Object Repository/Generic/webObjectWithText' is present</system-out>
            <system-err></system-err>
        </testcase>
        <system-out>2020-11-05 13:16:22 - [TEST_SUITE][INCOMPLETE] - SMART_SSO: null</system-out>
        <system-err>2020-11-05 13:16:22 - [TEST_SUITE][INCOMPLETE] - SMART_SSO: null</system-err>
    </testsuite>
</testsuites>
