<?xml version="1.0" encoding="UTF-8" standalone="yes"?>
<testsuites name="generic" time="1057" tests="8" failures="0" errors="0">
    <testsuite name="generic" tests="8" failures="0" errors="0" time="1057" timestamp="2020-07-23 12:10:32" hostname="narendra.n - WLPT580.imidomain.com" id="Test Suites/generic">
        <properties>
            <property name="deviceName" value=""/>
            <property name="devicePlatform" value=""/>
            <property name="logFolder" value="D:\\IMIbot.ai-Project\\Reports\\20200723_120951\\generic\\20200723_120955"/>
            <property name="logFiles" value="D:\\IMIbot.ai-Project\\Reports\\20200723_120951\\generic\\20200723_120955\\execution0.log"/>
            <property name="attachments" value=""/>
            <property name="hostName" value="narendra.n - WLPT580.imidomain.com"/>
            <property name="os" value="Windows 8.1 64bit"/>
            <property name="katalonVersion" value="6.3.3.11"/>
            <property name="browser" value="Chrome 84.0.4147.89"/>
            <property name="hostAddress" value="192.168.1.104"/>
            <property name="sessionId" value="118d1b0b41a42d73cc2d60e4e565c592"/>
            <property name="seleniumVersion" value="3.141.59"/>
            <property name="proxyInformation" value="ProxyInformation{proxyOption=NO_PROXY, proxyServerType=HTTP, password=, proxyServerAddress=, proxyServerPort=0}"/>
            <property name="platform" value="Windows 8.1"/>
        </properties>
        <testcase name="Test Cases/Generic/forgotPasswordLink_Test" classname="Test Cases/Generic/forgotPasswordLink_Test" status="PASSED">
            <system-out>2020-07-23 12:10:35 - [TEST_CASE][PASSED] - Test Cases/Generic/forgotPasswordLink_Test: Test Cases/Generic/forgotPasswordLink_Test&#xD;
&#xD;
2020-07-23 12:10:36 - [TEST_STEP][PASSED] - Start listener action : setUp: Current window maximized&#xD;
&#xD;
2020-07-23 12:10:36 - [TEST_STEP][PASSED] - openBrowser(URL): Browser is opened with url: 'preprod.imibot.ai'&#xD;
&#xD;
2020-07-23 12:10:43 - [MESSAGE][INFO] - Starting 'Edge' driver&#xD;
&#xD;
2020-07-23 12:10:44 - [MESSAGE][INFO] - Action delay is set to 1 seconds&#xD;
&#xD;
2020-07-23 12:11:13 - [MESSAGE][PASSED] - Browser is opened with url: 'preprod.imibot.ai'&#xD;
&#xD;
2020-07-23 12:11:13 - [TEST_STEP][PASSED] - maximizeWindow(): Current window maximized&#xD;
&#xD;
2020-07-23 12:11:16 - [MESSAGE][PASSED] - Current window maximized&#xD;
&#xD;
2020-07-23 12:11:16 - [TEST_STEP][PASSED] - platform.Method.toClickOnWebElement(findTestObject("GenericII/changePasswordLink")): platform.Method.toClickOnWebElement is PASSED&#xD;
&#xD;
2020-07-23 12:11:19 - [MESSAGE][PASSED] - Object: 'Object Repository/GenericII/changePasswordLink' is clicked on&#xD;
&#xD;
2020-07-23 12:11:19 - [MESSAGE][PASSED] - platform.Method.toClickOnWebElement is PASSED&#xD;
&#xD;
2020-07-23 12:11:19 - [TEST_STEP][PASSED] - verifyElementText(findTestObject("GenericII/forgetHeader"), "Forgot password?", STOP_ON_FAILURE): Actual text and expected text of test object 'Object Repository/GenericII/forgetHeader' are matched.&#xD;
&#xD;
2020-07-23 12:11:22 - [MESSAGE][PASSED] - Actual text and expected text of test object 'Object Repository/GenericII/forgetHeader' are matched.&#xD;
&#xD;
2020-07-23 12:11:22 - [TEST_STEP][PASSED] - sendKeys(findTestObject("Input/email"), USERNAME): Keys 'narendra.n@imimobile.com' sent to object: 'Object Repository/Input/email'&#xD;
&#xD;
2020-07-23 12:11:25 - [MESSAGE][PASSED] - Keys 'narendra.n@imimobile.com' sent to object: 'Object Repository/Input/email'&#xD;
&#xD;
2020-07-23 12:11:25 - [TEST_STEP][PASSED] - verifyElementClickable(findTestObject("GenericII/resetEmailBtn"), STOP_ON_FAILURE): Object 'Object Repository/GenericII/resetEmailBtn' is clickable&#xD;
&#xD;
2020-07-23 12:11:27 - [MESSAGE][PASSED] - Object 'Object Repository/GenericII/resetEmailBtn' is clickable&#xD;
&#xD;
2020-07-23 12:11:27 - [TEST_STEP][PASSED] - platform.Method.toClickOnWebElement(findTestObject("GenericII/resetEmailBtn")): platform.Method.toClickOnWebElement is PASSED&#xD;
&#xD;
2020-07-23 12:11:30 - [MESSAGE][PASSED] - Object: 'Object Repository/GenericII/resetEmailBtn' is clicked on&#xD;
&#xD;
2020-07-23 12:11:30 - [MESSAGE][PASSED] - platform.Method.toClickOnWebElement is PASSED&#xD;
&#xD;
2020-07-23 12:11:30 - [TEST_STEP][PASSED] - waitForElementPresent(findTestObject("ICONS/toastMsg"), 20, OPTIONAL): Object 'Object Repository/ICONS/toastMsg' is not present after 20 second(s)&#xD;
&#xD;
2020-07-23 12:11:53 - [MESSAGE][INFO] - Unable to find the element located by 'By.xpath: //simple-snack-bar'. Please recheck the objects properties to make sure the desired element is located. &#xD;
&#xD;
2020-07-23 12:11:53 - [MESSAGE][WARNING] - Object 'Object Repository/ICONS/toastMsg' is not present after 20 second(s)&#xD;
&#xD;
2020-07-23 12:11:53 - [TEST_STEP][PASSED] - verifyElementPresent(findTestObject("GenericII/emailSentIcon"), 5, OPTIONAL): Object 'Object Repository/GenericII/emailSentIcon' is present&#xD;
&#xD;
2020-07-23 12:11:54 - [MESSAGE][PASSED] - Object 'Object Repository/GenericII/emailSentIcon' is present&#xD;
&#xD;
2020-07-23 12:11:54 - [TEST_STEP][PASSED] - verifyElementClickable(findTestObject("GenericII/continueToSignInBtn"), STOP_ON_FAILURE): Object 'Object Repository/GenericII/continueToSignInBtn' is clickable&#xD;
&#xD;
2020-07-23 12:11:57 - [MESSAGE][PASSED] - Object 'Object Repository/GenericII/continueToSignInBtn' is clickable&#xD;
&#xD;
2020-07-23 12:11:57 - [TEST_STEP][PASSED] - platform.Method.toClickOnWebElement(findTestObject("GenericII/continueToSignInBtn")): platform.Method.toClickOnWebElement is PASSED&#xD;
&#xD;
2020-07-23 12:11:59 - [MESSAGE][PASSED] - Object: 'Object Repository/GenericII/continueToSignInBtn' is clicked on&#xD;
&#xD;
2020-07-23 12:11:59 - [MESSAGE][PASSED] - platform.Method.toClickOnWebElement is PASSED</system-out>
            <system-err></system-err>
        </testcase>
        <testcase name="Test Cases/Generic/botPageAndHeaderAccess_Test" classname="Test Cases/Generic/botPageAndHeaderAccess_Test" status="PASSED">
            <system-out>2020-07-23 12:11:59 - [TEST_CASE][PASSED] - Test Cases/Generic/botPageAndHeaderAccess_Test: Test Cases/Generic/botPageAndHeaderAccess_Test&#xD;
&#xD;
2020-07-23 12:12:00 - [TEST_STEP][PASSED] - Start listener action : setUp: Current window maximized&#xD;
&#xD;
2020-07-23 12:12:00 - [TEST_STEP][PASSED] - openBrowser(URL): Browser is opened with url: 'preprod.imibot.ai'&#xD;
&#xD;
2020-07-23 12:12:00 - [MESSAGE][WARNING] - A browser is already opened. Closing browser and opening a new one&#xD;
&#xD;
2020-07-23 12:12:19 - [MESSAGE][INFO] - Starting 'Edge' driver&#xD;
&#xD;
2020-07-23 12:12:38 - [MESSAGE][PASSED] - Browser is opened with url: 'preprod.imibot.ai'&#xD;
&#xD;
2020-07-23 12:12:38 - [TEST_STEP][PASSED] - maximizeWindow(): Current window maximized&#xD;
&#xD;
2020-07-23 12:12:41 - [MESSAGE][PASSED] - Current window maximized&#xD;
&#xD;
2020-07-23 12:12:42 - [TEST_STEP][PASSED] - callTestCase(findTestCase("Generic/successfulLogin_Test"), [:], STOP_ON_FAILURE): Call Test Case 'Test Cases/Generic/successfulLogin_Test' successfully&#xD;
&#xD;
2020-07-23 12:12:42 - [TEST_CASE][PASSED] - Test Cases/Generic/successfulLogin_Test: Test Cases/Generic/successfulLogin_Test&#xD;
&#xD;
2020-07-23 12:12:42 - [TEST_STEP][PASSED] - sendKeys(findTestObject("Input/username"), username): Keys 'narendra.n@imimobile.com' sent to object: 'Object Repository/Input/username'&#xD;
&#xD;
2020-07-23 12:12:45 - [MESSAGE][PASSED] - Keys 'narendra.n@imimobile.com' sent to object: 'Object Repository/Input/username'&#xD;
&#xD;
2020-07-23 12:12:45 - [TEST_STEP][PASSED] - sendKeys(findTestObject("Input/password"), password): Keys 'Test@2020' sent to object: 'Object Repository/Input/password'&#xD;
&#xD;
2020-07-23 12:12:48 - [MESSAGE][PASSED] - Keys 'Test@2020' sent to object: 'Object Repository/Input/password'&#xD;
&#xD;
2020-07-23 12:12:48 - [TEST_STEP][PASSED] - click(findTestObject("Button/signIn")): Object: 'Object Repository/Button/signIn' is clicked on&#xD;
&#xD;
2020-07-23 12:12:50 - [MESSAGE][PASSED] - Object: 'Object Repository/Button/signIn' is clicked on&#xD;
&#xD;
2020-07-23 12:12:50 - [TEST_STEP][PASSED] - if (!(waitForElementPresent(findTestObject("Button/createBot"), 30, OPTIONAL))): Object 'Object Repository/Button/createBot' is present&#xD;
&#xD;
2020-07-23 12:13:14 - [MESSAGE][PASSED] - Object 'Object Repository/Button/createBot' is present&#xD;
&#xD;
2020-07-23 12:13:14 - [MESSAGE][PASSED] - Call Test Case 'Test Cases/Generic/successfulLogin_Test' successfully&#xD;
&#xD;
2020-07-23 12:13:14 - [TEST_STEP][PASSED] - platform.Method.clickOnElement(findTestObject("Generic/webObjectWithText", ["textValue":"Dashboard"])): platform.Method.clickOnElement is PASSED&#xD;
&#xD;
2020-07-23 12:13:16 - [MESSAGE][PASSED] - platform.Method.clickOnElement is PASSED&#xD;
&#xD;
2020-07-23 12:13:16 - [TEST_STEP][PASSED] - platform.Method.clickOnElement(findTestObject("Generic/imiLogo")): platform.Method.clickOnElement is PASSED&#xD;
&#xD;
2020-07-23 12:13:18 - [MESSAGE][PASSED] - platform.Method.clickOnElement is PASSED&#xD;
&#xD;
2020-07-23 12:13:18 - [TEST_STEP][PASSED] - verifyElementPresent(findTestObject("Button/createBot"), 15, STOP_ON_FAILURE): Object 'Object Repository/Button/createBot' is present&#xD;
&#xD;
2020-07-23 12:13:20 - [MESSAGE][PASSED] - Object 'Object Repository/Button/createBot' is present&#xD;
&#xD;
2020-07-23 12:13:20 - [TEST_STEP][PASSED] - platform.Method.clickOnElement(findTestObject("Generic/webObjectWithText", ["textValue":"Knowledge"])): platform.Method.clickOnElement is PASSED&#xD;
&#xD;
2020-07-23 12:13:23 - [MESSAGE][PASSED] - platform.Method.clickOnElement is PASSED&#xD;
&#xD;
2020-07-23 12:13:23 - [TEST_STEP][PASSED] - verifyElementText(findTestObject("Generic/kbHeader"), "Enterprise Knowledge Base", OPTIONAL): Actual text and expected text of test object 'Object Repository/Generic/kbHeader' are matched.&#xD;
&#xD;
2020-07-23 12:13:25 - [MESSAGE][PASSED] - Actual text and expected text of test object 'Object Repository/Generic/kbHeader' are matched.&#xD;
&#xD;
2020-07-23 12:13:25 - [TEST_STEP][PASSED] - platform.Method.clickOnElement(findTestObject("Generic/imiLogo")): platform.Method.clickOnElement is PASSED&#xD;
&#xD;
2020-07-23 12:13:31 - [MESSAGE][PASSED] - platform.Method.clickOnElement is PASSED&#xD;
&#xD;
2020-07-23 12:13:31 - [TEST_STEP][PASSED] - verifyElementPresent(findTestObject("Button/createBot"), 15, STOP_ON_FAILURE): Object 'Object Repository/Button/createBot' is present&#xD;
&#xD;
2020-07-23 12:13:35 - [MESSAGE][PASSED] - Object 'Object Repository/Button/createBot' is present&#xD;
&#xD;
2020-07-23 12:13:35 - [TEST_STEP][PASSED] - platform.Method.clickOnElement(findTestObject("Generic/webObjectWithText", ["textValue":"Analytics"])): platform.Method.clickOnElement is PASSED&#xD;
&#xD;
2020-07-23 12:13:38 - [MESSAGE][PASSED] - platform.Method.clickOnElement is PASSED&#xD;
&#xD;
2020-07-23 12:13:38 - [TEST_STEP][PASSED] - platform.Method.clickOnElement(findTestObject("Generic/imiLogo")): platform.Method.clickOnElement is PASSED&#xD;
&#xD;
2020-07-23 12:13:50 - [MESSAGE][PASSED] - platform.Method.clickOnElement is PASSED&#xD;
&#xD;
2020-07-23 12:13:50 - [TEST_STEP][PASSED] - verifyElementPresent(findTestObject("Button/createBot"), 15, STOP_ON_FAILURE): Object 'Object Repository/Button/createBot' is present&#xD;
&#xD;
2020-07-23 12:13:55 - [MESSAGE][PASSED] - Object 'Object Repository/Button/createBot' is present&#xD;
&#xD;
2020-07-23 12:13:55 - [TEST_STEP][PASSED] - platform.Method.clickOnElement(findTestObject("Generic/webObjectWithText", ["textValue":"Reports"])): platform.Method.clickOnElement is PASSED&#xD;
&#xD;
2020-07-23 12:13:58 - [MESSAGE][PASSED] - platform.Method.clickOnElement is PASSED&#xD;
&#xD;
2020-07-23 12:13:58 - [TEST_STEP][PASSED] - verifyElementClickable(findTestObject("Button/newReport"), STOP_ON_FAILURE): Object 'Object Repository/Button/newReport' is clickable&#xD;
&#xD;
2020-07-23 12:14:00 - [MESSAGE][PASSED] - Object 'Object Repository/Button/newReport' is clickable&#xD;
&#xD;
2020-07-23 12:14:00 - [TEST_STEP][PASSED] - platform.Method.clickOnElement(findTestObject("Generic/imiLogo")): platform.Method.clickOnElement is PASSED&#xD;
&#xD;
2020-07-23 12:14:07 - [MESSAGE][PASSED] - platform.Method.clickOnElement is PASSED&#xD;
&#xD;
2020-07-23 12:14:07 - [TEST_STEP][PASSED] - verifyElementPresent(findTestObject("Button/createBot"), 15, STOP_ON_FAILURE): Object 'Object Repository/Button/createBot' is present&#xD;
&#xD;
2020-07-23 12:14:12 - [MESSAGE][PASSED] - Object 'Object Repository/Button/createBot' is present&#xD;
&#xD;
2020-07-23 12:14:12 - [TEST_STEP][PASSED] - platform.Method.clickOnElement(findTestObject("Generic/webObjectWithText", ["textValue":"Task bots"])): platform.Method.clickOnElement is PASSED&#xD;
&#xD;
2020-07-23 12:14:15 - [MESSAGE][PASSED] - platform.Method.clickOnElement is PASSED&#xD;
&#xD;
2020-07-23 12:14:15 - [TEST_STEP][PASSED] - comment("Verification of Task bots"): Verification of Task bots&#xD;
&#xD;
2020-07-23 12:14:15 - [MESSAGE][INFO] - Verification of Task bots&#xD;
&#xD;
2020-07-23 12:14:15 - [TEST_STEP][PASSED] - verifyElementPresent(findTestObject("Button/createBot"), 20, STOP_ON_FAILURE): Object 'Object Repository/Button/createBot' is present&#xD;
&#xD;
2020-07-23 12:14:16 - [MESSAGE][PASSED] - Object 'Object Repository/Button/createBot' is present&#xD;
&#xD;
2020-07-23 12:14:16 - [TEST_STEP][PASSED] - platform.Method.clickOnElement(findTestObject("Generic/webObjectWithText", ["textValue":"Smart bots"])): platform.Method.clickOnElement is PASSED&#xD;
&#xD;
2020-07-23 12:14:19 - [MESSAGE][PASSED] - platform.Method.clickOnElement is PASSED&#xD;
&#xD;
2020-07-23 12:14:19 - [TEST_STEP][PASSED] - comment("Verification of Smart bots"): Verification of Smart bots&#xD;
&#xD;
2020-07-23 12:14:19 - [MESSAGE][INFO] - Verification of Smart bots&#xD;
&#xD;
2020-07-23 12:14:19 - [TEST_STEP][PASSED] - verifyElementPresent(findTestObject("Button/createBot"), 20, STOP_ON_FAILURE): Object 'Object Repository/Button/createBot' is present&#xD;
&#xD;
2020-07-23 12:14:20 - [MESSAGE][PASSED] - Object 'Object Repository/Button/createBot' is present&#xD;
&#xD;
2020-07-23 12:14:20 - [TEST_STEP][PASSED] - platform.Method.clickOnElement(findTestObject("Generic/webObjectWithText", ["textValue":"Router bots"])): platform.Method.clickOnElement is PASSED&#xD;
&#xD;
2020-07-23 12:14:22 - [MESSAGE][PASSED] - platform.Method.clickOnElement is PASSED&#xD;
&#xD;
2020-07-23 12:14:22 - [TEST_STEP][PASSED] - comment("Verification of Router bots"): Verification of Router bots&#xD;
&#xD;
2020-07-23 12:14:22 - [MESSAGE][INFO] - Verification of Router bots&#xD;
&#xD;
2020-07-23 12:14:22 - [TEST_STEP][PASSED] - verifyElementPresent(findTestObject("Button/createBot"), 20, STOP_ON_FAILURE): Object 'Object Repository/Button/createBot' is present&#xD;
&#xD;
2020-07-23 12:14:24 - [MESSAGE][PASSED] - Object 'Object Repository/Button/createBot' is present&#xD;
&#xD;
2020-07-23 12:14:24 - [TEST_STEP][PASSED] - platform.Method.clickOnElement(findTestObject("Generic/webObjectWithText", ["textValue":"Pipeline bots"])): platform.Method.clickOnElement is PASSED&#xD;
&#xD;
2020-07-23 12:14:26 - [MESSAGE][PASSED] - platform.Method.clickOnElement is PASSED&#xD;
&#xD;
2020-07-23 12:14:26 - [TEST_STEP][PASSED] - comment("Verification of Pipeline bots"): Verification of Pipeline bots&#xD;
&#xD;
2020-07-23 12:14:26 - [MESSAGE][INFO] - Verification of Pipeline bots&#xD;
&#xD;
2020-07-23 12:14:26 - [TEST_STEP][PASSED] - verifyElementPresent(findTestObject("Button/createBot"), 20, STOP_ON_FAILURE): Object 'Object Repository/Button/createBot' is present&#xD;
&#xD;
2020-07-23 12:14:28 - [MESSAGE][PASSED] - Object 'Object Repository/Button/createBot' is present</system-out>
            <system-err></system-err>
        </testcase>
        <testcase name="Test Cases/Generic/adminUserDetailsAndEnterpriseOption_Test" classname="Test Cases/Generic/adminUserDetailsAndEnterpriseOption_Test" status="PASSED">
            <system-out>2020-07-23 12:14:28 - [TEST_CASE][PASSED] - Test Cases/Generic/adminUserDetailsAndEnterpriseOption_Test: Test Cases/Generic/adminUserDetailsAndEnterpriseOption_Test&#xD;
&#xD;
2020-07-23 12:14:28 - [TEST_STEP][PASSED] - Start listener action : setUp: Current window maximized&#xD;
&#xD;
2020-07-23 12:14:28 - [TEST_STEP][PASSED] - openBrowser(URL): Browser is opened with url: 'preprod.imibot.ai'&#xD;
&#xD;
2020-07-23 12:14:28 - [MESSAGE][WARNING] - A browser is already opened. Closing browser and opening a new one&#xD;
&#xD;
2020-07-23 12:14:32 - [MESSAGE][INFO] - Starting 'Edge' driver&#xD;
&#xD;
2020-07-23 12:15:06 - [MESSAGE][PASSED] - Browser is opened with url: 'preprod.imibot.ai'&#xD;
&#xD;
2020-07-23 12:15:06 - [TEST_STEP][PASSED] - maximizeWindow(): Current window maximized&#xD;
&#xD;
2020-07-23 12:15:09 - [MESSAGE][PASSED] - Current window maximized&#xD;
&#xD;
2020-07-23 12:15:09 - [TEST_STEP][PASSED] - callTestCase(findTestCase("Generic/successfulLogin_Test"), [:], STOP_ON_FAILURE): Call Test Case 'Test Cases/Generic/successfulLogin_Test' successfully&#xD;
&#xD;
2020-07-23 12:15:10 - [TEST_CASE][PASSED] - Test Cases/Generic/successfulLogin_Test: Test Cases/Generic/successfulLogin_Test&#xD;
&#xD;
2020-07-23 12:15:10 - [TEST_STEP][PASSED] - sendKeys(findTestObject("Input/username"), username): Keys 'narendra.n@imimobile.com' sent to object: 'Object Repository/Input/username'&#xD;
&#xD;
2020-07-23 12:15:13 - [MESSAGE][PASSED] - Keys 'narendra.n@imimobile.com' sent to object: 'Object Repository/Input/username'&#xD;
&#xD;
2020-07-23 12:15:13 - [TEST_STEP][PASSED] - sendKeys(findTestObject("Input/password"), password): Keys 'Test@2020' sent to object: 'Object Repository/Input/password'&#xD;
&#xD;
2020-07-23 12:15:16 - [MESSAGE][PASSED] - Keys 'Test@2020' sent to object: 'Object Repository/Input/password'&#xD;
&#xD;
2020-07-23 12:15:16 - [TEST_STEP][PASSED] - click(findTestObject("Button/signIn")): Object: 'Object Repository/Button/signIn' is clicked on&#xD;
&#xD;
2020-07-23 12:15:19 - [MESSAGE][PASSED] - Object: 'Object Repository/Button/signIn' is clicked on&#xD;
&#xD;
2020-07-23 12:15:19 - [TEST_STEP][PASSED] - if (!(waitForElementPresent(findTestObject("Button/createBot"), 30, OPTIONAL))): Object 'Object Repository/Button/createBot' is present&#xD;
&#xD;
2020-07-23 12:15:47 - [MESSAGE][PASSED] - Object 'Object Repository/Button/createBot' is present&#xD;
&#xD;
2020-07-23 12:15:47 - [MESSAGE][PASSED] - Call Test Case 'Test Cases/Generic/successfulLogin_Test' successfully&#xD;
&#xD;
2020-07-23 12:15:47 - [TEST_STEP][PASSED] - verifyElementText(findTestObject("Generic/enterpriseName"), ENTERPRISE_NAME, OPTIONAL): Actual text and expected text of test object 'Object Repository/Generic/enterpriseName' are matched.&#xD;
&#xD;
2020-07-23 12:15:50 - [MESSAGE][PASSED] - Actual text and expected text of test object 'Object Repository/Generic/enterpriseName' are matched.&#xD;
&#xD;
2020-07-23 12:15:50 - [TEST_STEP][PASSED] - verifyElementText(findTestObject("Generic/userDesgination"), USER_DESIGNATION, OPTIONAL): Actual text and expected text of test object 'Object Repository/Generic/userDesgination' are matched.&#xD;
&#xD;
2020-07-23 12:15:52 - [MESSAGE][PASSED] - Actual text and expected text of test object 'Object Repository/Generic/userDesgination' are matched.&#xD;
&#xD;
2020-07-23 12:15:52 - [TEST_STEP][PASSED] - verifyElementPresent(findTestObject("Generic/enterpriseIcon"), 5, STOP_ON_FAILURE): Object 'Object Repository/Generic/enterpriseIcon' is present&#xD;
&#xD;
2020-07-23 12:15:54 - [MESSAGE][PASSED] - Object 'Object Repository/Generic/enterpriseIcon' is present&#xD;
&#xD;
2020-07-23 12:15:54 - [TEST_STEP][PASSED] - verifyElementText(findTestObject("Generic/userInitials"), USER_INITIALS, STOP_ON_FAILURE): Actual text and expected text of test object 'Object Repository/Generic/userInitials' are matched.&#xD;
&#xD;
2020-07-23 12:15:57 - [MESSAGE][PASSED] - Actual text and expected text of test object 'Object Repository/Generic/userInitials' are matched.&#xD;
&#xD;
2020-07-23 12:15:57 - [TEST_STEP][PASSED] - platform.Method.clickOnElement(findTestObject("Button/enterpriseDropdown")): platform.Method.clickOnElement is PASSED&#xD;
&#xD;
2020-07-23 12:15:59 - [MESSAGE][PASSED] - platform.Method.clickOnElement is PASSED&#xD;
&#xD;
2020-07-23 12:15:59 - [TEST_STEP][PASSED] - platform.Method.clickOnElement(findTestObject("Button/eProfile")): platform.Method.clickOnElement is PASSED&#xD;
&#xD;
2020-07-23 12:16:05 - [MESSAGE][PASSED] - platform.Method.clickOnElement is PASSED&#xD;
&#xD;
2020-07-23 12:16:05 - [TEST_STEP][PASSED] - verifyElementPresent(findTestObject("Generic/updateBtn"), 15, STOP_ON_FAILURE): Object 'Object Repository/Generic/updateBtn' is present&#xD;
&#xD;
2020-07-23 12:16:07 - [MESSAGE][PASSED] - Object 'Object Repository/Generic/updateBtn' is present&#xD;
&#xD;
2020-07-23 12:16:07 - [TEST_STEP][PASSED] - platform.Method.clickOnElement(findTestObject("Button/enterpriseDropdown")): platform.Method.clickOnElement is PASSED&#xD;
&#xD;
2020-07-23 12:16:09 - [MESSAGE][PASSED] - platform.Method.clickOnElement is PASSED&#xD;
&#xD;
2020-07-23 12:16:09 - [TEST_STEP][PASSED] - platform.Method.clickOnElement(findTestObject("Button/signOut")): platform.Method.clickOnElement is PASSED&#xD;
&#xD;
2020-07-23 12:16:17 - [MESSAGE][PASSED] - platform.Method.clickOnElement is PASSED&#xD;
&#xD;
2020-07-23 12:16:17 - [TEST_STEP][PASSED] - verifyElementText(findTestObject("Generic/textOnLoginPage"), testValue, STOP_ON_FAILURE): Actual text and expected text of test object 'Object Repository/Generic/textOnLoginPage' are matched.&#xD;
&#xD;
2020-07-23 12:16:19 - [MESSAGE][PASSED] - Actual text and expected text of test object 'Object Repository/Generic/textOnLoginPage' are matched.</system-out>
            <system-err></system-err>
        </testcase>
        <testcase name="Test Cases/Generic/adminServiceKeyFunctionality_Test" classname="Test Cases/Generic/adminServiceKeyFunctionality_Test" status="PASSED">
            <system-out>2020-07-23 12:16:19 - [TEST_CASE][PASSED] - Test Cases/Generic/adminServiceKeyFunctionality_Test: Test Cases/Generic/adminServiceKeyFunctionality_Test&#xD;
&#xD;
2020-07-23 12:16:19 - [TEST_STEP][PASSED] - Start listener action : setUp: Current window maximized&#xD;
&#xD;
2020-07-23 12:16:19 - [TEST_STEP][PASSED] - openBrowser(URL): Browser is opened with url: 'preprod.imibot.ai'&#xD;
&#xD;
2020-07-23 12:16:19 - [MESSAGE][WARNING] - A browser is already opened. Closing browser and opening a new one&#xD;
&#xD;
2020-07-23 12:16:34 - [MESSAGE][INFO] - Starting 'Edge' driver&#xD;
&#xD;
2020-07-23 12:16:59 - [MESSAGE][PASSED] - Browser is opened with url: 'preprod.imibot.ai'&#xD;
&#xD;
2020-07-23 12:16:59 - [TEST_STEP][PASSED] - maximizeWindow(): Current window maximized&#xD;
&#xD;
2020-07-23 12:17:02 - [MESSAGE][PASSED] - Current window maximized&#xD;
&#xD;
2020-07-23 12:17:02 - [TEST_STEP][PASSED] - callTestCase(findTestCase("Generic/successfulLogin_Test"), [:], STOP_ON_FAILURE): Call Test Case 'Test Cases/Generic/successfulLogin_Test' successfully&#xD;
&#xD;
2020-07-23 12:17:02 - [TEST_CASE][PASSED] - Test Cases/Generic/successfulLogin_Test: Test Cases/Generic/successfulLogin_Test&#xD;
&#xD;
2020-07-23 12:17:02 - [TEST_STEP][PASSED] - sendKeys(findTestObject("Input/username"), username): Keys 'narendra.n@imimobile.com' sent to object: 'Object Repository/Input/username'&#xD;
&#xD;
2020-07-23 12:17:07 - [MESSAGE][PASSED] - Keys 'narendra.n@imimobile.com' sent to object: 'Object Repository/Input/username'&#xD;
&#xD;
2020-07-23 12:17:07 - [TEST_STEP][PASSED] - sendKeys(findTestObject("Input/password"), password): Keys 'Test@2020' sent to object: 'Object Repository/Input/password'&#xD;
&#xD;
2020-07-23 12:17:10 - [MESSAGE][PASSED] - Keys 'Test@2020' sent to object: 'Object Repository/Input/password'&#xD;
&#xD;
2020-07-23 12:17:10 - [TEST_STEP][PASSED] - click(findTestObject("Button/signIn")): Object: 'Object Repository/Button/signIn' is clicked on&#xD;
&#xD;
2020-07-23 12:17:13 - [MESSAGE][PASSED] - Object: 'Object Repository/Button/signIn' is clicked on&#xD;
&#xD;
2020-07-23 12:17:13 - [TEST_STEP][PASSED] - if (!(waitForElementPresent(findTestObject("Button/createBot"), 30, OPTIONAL))): Object 'Object Repository/Button/createBot' is present&#xD;
&#xD;
2020-07-23 12:17:43 - [MESSAGE][PASSED] - Object 'Object Repository/Button/createBot' is present&#xD;
&#xD;
2020-07-23 12:17:43 - [MESSAGE][PASSED] - Call Test Case 'Test Cases/Generic/successfulLogin_Test' successfully&#xD;
&#xD;
2020-07-23 12:17:43 - [TEST_STEP][PASSED] - platform.Method.clickOnElement(findTestObject("Button/enterpriseDropdown")): platform.Method.clickOnElement is PASSED&#xD;
&#xD;
2020-07-23 12:17:46 - [MESSAGE][PASSED] - platform.Method.clickOnElement is PASSED&#xD;
&#xD;
2020-07-23 12:17:46 - [TEST_STEP][PASSED] - platform.Method.clickOnElement(findTestObject("Generic/webObjectWithText", ["textValue":"Enterprise profile"])): platform.Method.clickOnElement is PASSED&#xD;
&#xD;
2020-07-23 12:17:54 - [MESSAGE][PASSED] - platform.Method.clickOnElement is PASSED&#xD;
&#xD;
2020-07-23 12:17:54 - [TEST_STEP][PASSED] - platform.Method.clickOnElement(findTestObject("Button/newToken")): platform.Method.clickOnElement is PASSED&#xD;
&#xD;
2020-07-23 12:17:58 - [MESSAGE][PASSED] - platform.Method.clickOnElement is PASSED&#xD;
&#xD;
2020-07-23 12:17:58 - [TEST_STEP][PASSED] - description = now().toString(): null&#xD;
&#xD;
2020-07-23 12:17:58 - [TEST_STEP][PASSED] - sendKeys(findTestObject("Input/newTokenDescription"), description): Keys '2020-07-23' sent to object: 'Object Repository/Input/newTokenDescription'&#xD;
&#xD;
2020-07-23 12:18:02 - [MESSAGE][PASSED] - Keys '2020-07-23' sent to object: 'Object Repository/Input/newTokenDescription'&#xD;
&#xD;
2020-07-23 12:18:02 - [TEST_STEP][PASSED] - platform.Method.clickOnElement(findTestObject("Button/create")): platform.Method.clickOnElement is PASSED&#xD;
&#xD;
2020-07-23 12:18:04 - [MESSAGE][PASSED] - platform.Method.clickOnElement is PASSED&#xD;
&#xD;
2020-07-23 12:18:04 - [TEST_STEP][PASSED] - listOfServiceKeys = findWebElements(findTestObject("GenericII/serviceKeyList"), 5): null&#xD;
&#xD;
2020-07-23 12:18:06 - [TEST_STEP][PASSED] - assert getText().contentEquals(description) == true: null&#xD;
&#xD;
2020-07-23 12:18:08 - [TEST_STEP][PASSED] - platform.Method.clickOnElement(findTestObject("GenericII/deleteServiceKey", ["index":1])): platform.Method.clickOnElement is PASSED&#xD;
&#xD;
2020-07-23 12:18:10 - [MESSAGE][PASSED] - platform.Method.clickOnElement is PASSED&#xD;
&#xD;
2020-07-23 12:18:10 - [TEST_STEP][PASSED] - platform.Method.clickOnElement(findTestObject("Button/expire")): platform.Method.clickOnElement is PASSED&#xD;
&#xD;
2020-07-23 12:18:12 - [MESSAGE][PASSED] - platform.Method.clickOnElement is PASSED&#xD;
&#xD;
2020-07-23 12:18:12 - [TEST_STEP][PASSED] - platform.Method.toClickOnWebElement(findTestObject("Generic/webObjectWithText", ["textValue":"Expired"])): platform.Method.toClickOnWebElement is PASSED&#xD;
&#xD;
2020-07-23 12:18:17 - [MESSAGE][PASSED] - Object: 'Object Repository/Generic/webObjectWithText' is clicked on&#xD;
&#xD;
2020-07-23 12:18:17 - [MESSAGE][PASSED] - platform.Method.toClickOnWebElement is PASSED&#xD;
&#xD;
2020-07-23 12:18:17 - [TEST_STEP][PASSED] - listOfExpiredServiceKeys = findWebElements(findTestObject("GenericII/serviceKeyList"), 5): null&#xD;
&#xD;
2020-07-23 12:18:20 - [TEST_STEP][PASSED] - assert getText().contentEquals(description) == true: null</system-out>
            <system-err></system-err>
        </testcase>
        <testcase name="Test Cases/Generic/adminUserManagement_Test" classname="Test Cases/Generic/adminUserManagement_Test" status="PASSED">
            <system-out>2020-07-23 12:18:21 - [TEST_CASE][PASSED] - Test Cases/Generic/adminUserManagement_Test: Test Cases/Generic/adminUserManagement_Test&#xD;
&#xD;
2020-07-23 12:18:21 - [TEST_STEP][PASSED] - Start listener action : setUp: Current window maximized&#xD;
&#xD;
2020-07-23 12:18:21 - [TEST_STEP][PASSED] - openBrowser(URL): Browser is opened with url: 'preprod.imibot.ai'&#xD;
&#xD;
2020-07-23 12:18:21 - [MESSAGE][WARNING] - A browser is already opened. Closing browser and opening a new one&#xD;
&#xD;
2020-07-23 12:18:31 - [MESSAGE][INFO] - Starting 'Edge' driver&#xD;
&#xD;
2020-07-23 12:19:00 - [MESSAGE][PASSED] - Browser is opened with url: 'preprod.imibot.ai'&#xD;
&#xD;
2020-07-23 12:19:00 - [TEST_STEP][PASSED] - maximizeWindow(): Current window maximized&#xD;
&#xD;
2020-07-23 12:19:05 - [MESSAGE][PASSED] - Current window maximized&#xD;
&#xD;
2020-07-23 12:19:06 - [TEST_STEP][PASSED] - callTestCase(findTestCase("Generic/successfulLogin_Test"), [:], STOP_ON_FAILURE): Call Test Case 'Test Cases/Generic/successfulLogin_Test' successfully&#xD;
&#xD;
2020-07-23 12:19:06 - [TEST_CASE][PASSED] - Test Cases/Generic/successfulLogin_Test: Test Cases/Generic/successfulLogin_Test&#xD;
&#xD;
2020-07-23 12:19:06 - [TEST_STEP][PASSED] - sendKeys(findTestObject("Input/username"), username): Keys 'narendra.n@imimobile.com' sent to object: 'Object Repository/Input/username'&#xD;
&#xD;
2020-07-23 12:19:12 - [MESSAGE][PASSED] - Keys 'narendra.n@imimobile.com' sent to object: 'Object Repository/Input/username'&#xD;
&#xD;
2020-07-23 12:19:12 - [TEST_STEP][PASSED] - sendKeys(findTestObject("Input/password"), password): Keys 'Test@2020' sent to object: 'Object Repository/Input/password'&#xD;
&#xD;
2020-07-23 12:19:15 - [MESSAGE][PASSED] - Keys 'Test@2020' sent to object: 'Object Repository/Input/password'&#xD;
&#xD;
2020-07-23 12:19:15 - [TEST_STEP][PASSED] - click(findTestObject("Button/signIn")): Object: 'Object Repository/Button/signIn' is clicked on&#xD;
&#xD;
2020-07-23 12:19:17 - [MESSAGE][PASSED] - Object: 'Object Repository/Button/signIn' is clicked on&#xD;
&#xD;
2020-07-23 12:19:17 - [TEST_STEP][PASSED] - if (!(waitForElementPresent(findTestObject("Button/createBot"), 30, OPTIONAL))): Object 'Object Repository/Button/createBot' is present&#xD;
&#xD;
2020-07-23 12:19:46 - [MESSAGE][PASSED] - Object 'Object Repository/Button/createBot' is present&#xD;
&#xD;
2020-07-23 12:19:46 - [MESSAGE][PASSED] - Call Test Case 'Test Cases/Generic/successfulLogin_Test' successfully&#xD;
&#xD;
2020-07-23 12:19:46 - [TEST_STEP][PASSED] - platform.Method.clickOnElement(findTestObject("Button/enterpriseDropdown")): platform.Method.clickOnElement is PASSED&#xD;
&#xD;
2020-07-23 12:19:48 - [MESSAGE][PASSED] - platform.Method.clickOnElement is PASSED&#xD;
&#xD;
2020-07-23 12:19:48 - [TEST_STEP][PASSED] - platform.Method.clickOnElement(findTestObject("Generic/webObjectWithText", ["textValue":"Enterprise profile"])): platform.Method.clickOnElement is PASSED&#xD;
&#xD;
2020-07-23 12:19:55 - [MESSAGE][PASSED] - platform.Method.clickOnElement is PASSED&#xD;
&#xD;
2020-07-23 12:19:55 - [TEST_STEP][PASSED] - platform.Method.clickOnElement(findTestObject("Generic/webObjectWithText", ["textValue":"Users"])): platform.Method.clickOnElement is PASSED&#xD;
&#xD;
2020-07-23 12:19:59 - [MESSAGE][PASSED] - platform.Method.clickOnElement is PASSED&#xD;
&#xD;
2020-07-23 12:19:59 - [TEST_STEP][PASSED] - verifyTextPresent("Users management", false, STOP_ON_FAILURE): Text 'Users management' is present on page &#xD;
&#xD;
2020-07-23 12:20:07 - [MESSAGE][PASSED] - Text 'Users management' is present on page &#xD;
&#xD;
2020-07-23 12:20:07 - [TEST_STEP][PASSED] - platform.Method.clickOnElement(findTestObject("GenericII/newUserBtn")): platform.Method.clickOnElement is PASSED&#xD;
&#xD;
2020-07-23 12:20:12 - [MESSAGE][PASSED] - platform.Method.clickOnElement is PASSED&#xD;
&#xD;
2020-07-23 12:20:12 - [TEST_STEP][PASSED] - verifyTextPresent("Add a new user to the enterprise", false, STOP_ON_FAILURE): Text 'Add a new user to the enterprise' is present on page &#xD;
&#xD;
2020-07-23 12:20:18 - [MESSAGE][PASSED] - Text 'Add a new user to the enterprise' is present on page &#xD;
&#xD;
2020-07-23 12:20:18 - [TEST_STEP][PASSED] - sendKeys(findTestObject("Input/newUserFirstName"), firstName): Keys 'JIMMY' sent to object: 'Object Repository/Input/newUserFirstName'&#xD;
&#xD;
2020-07-23 12:20:22 - [MESSAGE][PASSED] - Keys 'JIMMY' sent to object: 'Object Repository/Input/newUserFirstName'&#xD;
&#xD;
2020-07-23 12:20:22 - [TEST_STEP][PASSED] - sendKeys(findTestObject("Input/newUserLastName"), lastName): Keys 'HONDRIX' sent to object: 'Object Repository/Input/newUserLastName'&#xD;
&#xD;
2020-07-23 12:20:25 - [MESSAGE][PASSED] - Keys 'HONDRIX' sent to object: 'Object Repository/Input/newUserLastName'&#xD;
&#xD;
2020-07-23 12:20:25 - [TEST_STEP][PASSED] - platform.Method.clickOnElement(findTestObject("Generic/webObjectWithText", ["textValue":"Select role"])): platform.Method.clickOnElement is PASSED&#xD;
&#xD;
2020-07-23 12:20:27 - [MESSAGE][PASSED] - platform.Method.clickOnElement is PASSED&#xD;
&#xD;
2020-07-23 12:20:27 - [TEST_STEP][PASSED] - platform.Method.clickOnElement(findTestObject("Generic/webObjectWithText", ["textValue":" " + USER_ROLE + " "])): platform.Method.clickOnElement is PASSED&#xD;
&#xD;
2020-07-23 12:20:29 - [MESSAGE][PASSED] - platform.Method.clickOnElement is PASSED&#xD;
&#xD;
2020-07-23 12:20:29 - [TEST_STEP][PASSED] - sendKeys(findTestObject("Input/newUserEmail"), emailAddress): Keys 'jimihondrix5@gmail.com' sent to object: 'Object Repository/Input/newUserEmail'&#xD;
&#xD;
2020-07-23 12:20:33 - [MESSAGE][PASSED] - Keys 'jimihondrix5@gmail.com' sent to object: 'Object Repository/Input/newUserEmail'&#xD;
&#xD;
2020-07-23 12:20:33 - [TEST_STEP][PASSED] - verifyTextPresent("Add Bots", false, OPTIONAL): Text 'Add Bots' is present on page &#xD;
&#xD;
2020-07-23 12:20:39 - [MESSAGE][PASSED] - Text 'Add Bots' is present on page &#xD;
&#xD;
2020-07-23 12:20:39 - [TEST_STEP][PASSED] - platform.Method.clickOnElement(findTestObject("Button/addNewUser")): platform.Method.clickOnElement is PASSED&#xD;
&#xD;
2020-07-23 12:20:41 - [MESSAGE][PASSED] - platform.Method.clickOnElement is PASSED</system-out>
            <system-err></system-err>
        </testcase>
        <testcase name="Test Cases/Generic/adminUserDeletion_Test" classname="Test Cases/Generic/adminUserDeletion_Test" status="PASSED">
            <system-out>2020-07-23 12:20:41 - [TEST_CASE][PASSED] - Test Cases/Generic/adminUserDeletion_Test: Test Cases/Generic/adminUserDeletion_Test&#xD;
&#xD;
2020-07-23 12:20:42 - [TEST_STEP][PASSED] - Start listener action : setUp: Current window maximized&#xD;
&#xD;
2020-07-23 12:20:42 - [TEST_STEP][PASSED] - openBrowser(URL): Browser is opened with url: 'preprod.imibot.ai'&#xD;
&#xD;
2020-07-23 12:20:42 - [MESSAGE][WARNING] - A browser is already opened. Closing browser and opening a new one&#xD;
&#xD;
2020-07-23 12:21:25 - [MESSAGE][INFO] - Starting 'Edge' driver&#xD;
&#xD;
2020-07-23 12:21:50 - [MESSAGE][PASSED] - Browser is opened with url: 'preprod.imibot.ai'&#xD;
&#xD;
2020-07-23 12:21:50 - [TEST_STEP][PASSED] - maximizeWindow(): Current window maximized&#xD;
&#xD;
2020-07-23 12:21:52 - [MESSAGE][PASSED] - Current window maximized&#xD;
&#xD;
2020-07-23 12:21:52 - [TEST_STEP][PASSED] - callTestCase(findTestCase("Generic/successfulLogin_Test"), [:], STOP_ON_FAILURE): Call Test Case 'Test Cases/Generic/successfulLogin_Test' successfully&#xD;
&#xD;
2020-07-23 12:21:52 - [TEST_CASE][PASSED] - Test Cases/Generic/successfulLogin_Test: Test Cases/Generic/successfulLogin_Test&#xD;
&#xD;
2020-07-23 12:21:52 - [TEST_STEP][PASSED] - sendKeys(findTestObject("Input/username"), username): Keys 'narendra.n@imimobile.com' sent to object: 'Object Repository/Input/username'&#xD;
&#xD;
2020-07-23 12:21:56 - [MESSAGE][PASSED] - Keys 'narendra.n@imimobile.com' sent to object: 'Object Repository/Input/username'&#xD;
&#xD;
2020-07-23 12:21:56 - [TEST_STEP][PASSED] - sendKeys(findTestObject("Input/password"), password): Keys 'Test@2020' sent to object: 'Object Repository/Input/password'&#xD;
&#xD;
2020-07-23 12:21:58 - [MESSAGE][PASSED] - Keys 'Test@2020' sent to object: 'Object Repository/Input/password'&#xD;
&#xD;
2020-07-23 12:21:58 - [TEST_STEP][PASSED] - click(findTestObject("Button/signIn")): Object: 'Object Repository/Button/signIn' is clicked on&#xD;
&#xD;
2020-07-23 12:22:02 - [MESSAGE][PASSED] - Object: 'Object Repository/Button/signIn' is clicked on&#xD;
&#xD;
2020-07-23 12:22:02 - [TEST_STEP][PASSED] - if (!(waitForElementPresent(findTestObject("Button/createBot"), 30, OPTIONAL))): Object 'Object Repository/Button/createBot' is present&#xD;
&#xD;
2020-07-23 12:22:34 - [MESSAGE][PASSED] - Object 'Object Repository/Button/createBot' is present&#xD;
&#xD;
2020-07-23 12:22:34 - [MESSAGE][PASSED] - Call Test Case 'Test Cases/Generic/successfulLogin_Test' successfully&#xD;
&#xD;
2020-07-23 12:22:34 - [TEST_STEP][PASSED] - platform.Method.clickOnElement(findTestObject("Button/enterpriseDropdown")): platform.Method.clickOnElement is PASSED&#xD;
&#xD;
2020-07-23 12:22:36 - [MESSAGE][PASSED] - platform.Method.clickOnElement is PASSED&#xD;
&#xD;
2020-07-23 12:22:36 - [TEST_STEP][PASSED] - platform.Method.clickOnElement(findTestObject("Generic/webObjectWithText", ["textValue":"Enterprise profile"])): platform.Method.clickOnElement is PASSED&#xD;
&#xD;
2020-07-23 12:22:45 - [MESSAGE][PASSED] - platform.Method.clickOnElement is PASSED&#xD;
&#xD;
2020-07-23 12:22:45 - [TEST_STEP][PASSED] - platform.Method.clickOnElement(findTestObject("Generic/webObjectWithText", ["textValue":"Users"])): platform.Method.clickOnElement is PASSED&#xD;
&#xD;
2020-07-23 12:22:49 - [MESSAGE][PASSED] - platform.Method.clickOnElement is PASSED&#xD;
&#xD;
2020-07-23 12:22:49 - [TEST_STEP][PASSED] - flag = false: null&#xD;
&#xD;
2020-07-23 12:22:49 - [TEST_STEP][PASSED] - index = &lt;not implemented yet for class: org.codehaus.groovy.ast.expr.EmptyExpression&gt;: null&#xD;
&#xD;
2020-07-23 12:22:49 - [TEST_STEP][PASSED] - while (flag != true): platform.Method.clickOnElement is PASSED&#xD;
&#xD;
2020-07-23 12:22:49 - [TEST_STEP][PASSED] - listElement = findWebElements(findTestObject("GenericII/listOfUserName"), 10): null&#xD;
&#xD;
2020-07-23 12:22:52 - [TEST_STEP][PASSED] - for ([index = 0, index &lt; listElement.size(), (index++)]): null&#xD;
&#xD;
2020-07-23 12:22:52 - [TEST_STEP][PASSED] - if (getText().contentEquals(username)): null&#xD;
&#xD;
2020-07-23 12:22:53 - [TEST_STEP][PASSED] - if (getText().contentEquals(username)): null&#xD;
&#xD;
2020-07-23 12:22:54 - [TEST_STEP][PASSED] - if (getText().contentEquals(username)): null&#xD;
&#xD;
2020-07-23 12:22:55 - [TEST_STEP][PASSED] - if (getText().contentEquals(username)): null&#xD;
&#xD;
2020-07-23 12:22:56 - [TEST_STEP][PASSED] - if (getText().contentEquals(username)): null&#xD;
&#xD;
2020-07-23 12:22:58 - [TEST_STEP][PASSED] - if (getText().contentEquals(username)): null&#xD;
&#xD;
2020-07-23 12:22:59 - [TEST_STEP][PASSED] - if (getText().contentEquals(username)): null&#xD;
&#xD;
2020-07-23 12:23:00 - [TEST_STEP][PASSED] - if (getText().contentEquals(username)): null&#xD;
&#xD;
2020-07-23 12:23:01 - [TEST_STEP][PASSED] - if (getText().contentEquals(username)): null&#xD;
&#xD;
2020-07-23 12:23:02 - [TEST_STEP][PASSED] - if (getText().contentEquals(username)): null&#xD;
&#xD;
2020-07-23 12:23:03 - [TEST_STEP][PASSED] - waitForElementPresent(findTestObject("Generic/nextPage"), 15): Object 'Object Repository/Generic/nextPage' is present&#xD;
&#xD;
2020-07-23 12:23:05 - [MESSAGE][PASSED] - Object 'Object Repository/Generic/nextPage' is present&#xD;
&#xD;
2020-07-23 12:23:05 - [TEST_STEP][PASSED] - platform.Method.clickOnElement(findTestObject("Generic/nextPage")): platform.Method.clickOnElement is PASSED&#xD;
&#xD;
2020-07-23 12:23:07 - [MESSAGE][PASSED] - platform.Method.clickOnElement is PASSED&#xD;
&#xD;
2020-07-23 12:23:07 - [TEST_STEP][PASSED] - listElement = findWebElements(findTestObject("GenericII/listOfUserName"), 10): null&#xD;
&#xD;
2020-07-23 12:23:09 - [TEST_STEP][PASSED] - for ([index = 0, index &lt; listElement.size(), (index++)]): null&#xD;
&#xD;
2020-07-23 12:23:09 - [TEST_STEP][PASSED] - if (getText().contentEquals(username)): null&#xD;
&#xD;
2020-07-23 12:23:10 - [TEST_STEP][PASSED] - if (getText().contentEquals(username)): null&#xD;
&#xD;
2020-07-23 12:23:11 - [TEST_STEP][PASSED] - if (getText().contentEquals(username)): null&#xD;
&#xD;
2020-07-23 12:23:12 - [TEST_STEP][PASSED] - if (getText().contentEquals(username)): null&#xD;
&#xD;
2020-07-23 12:23:13 - [TEST_STEP][PASSED] - if (getText().contentEquals(username)): null&#xD;
&#xD;
2020-07-23 12:23:14 - [TEST_STEP][PASSED] - if (getText().contentEquals(username)): null&#xD;
&#xD;
2020-07-23 12:23:16 - [TEST_STEP][PASSED] - if (getText().contentEquals(username)): null&#xD;
&#xD;
2020-07-23 12:23:17 - [TEST_STEP][PASSED] - if (getText().contentEquals(username)): null&#xD;
&#xD;
2020-07-23 12:23:18 - [TEST_STEP][PASSED] - if (getText().contentEquals(username)): null&#xD;
&#xD;
2020-07-23 12:23:19 - [TEST_STEP][PASSED] - if (getText().contentEquals(username)): null&#xD;
&#xD;
2020-07-23 12:23:20 - [TEST_STEP][PASSED] - waitForElementPresent(findTestObject("Generic/nextPage"), 15): Object 'Object Repository/Generic/nextPage' is present&#xD;
&#xD;
2020-07-23 12:23:22 - [MESSAGE][PASSED] - Object 'Object Repository/Generic/nextPage' is present&#xD;
&#xD;
2020-07-23 12:23:22 - [TEST_STEP][PASSED] - platform.Method.clickOnElement(findTestObject("Generic/nextPage")): platform.Method.clickOnElement is PASSED&#xD;
&#xD;
2020-07-23 12:23:25 - [MESSAGE][PASSED] - platform.Method.clickOnElement is PASSED&#xD;
&#xD;
2020-07-23 12:23:25 - [TEST_STEP][PASSED] - listElement = findWebElements(findTestObject("GenericII/listOfUserName"), 10): null&#xD;
&#xD;
2020-07-23 12:23:26 - [TEST_STEP][PASSED] - for ([index = 0, index &lt; listElement.size(), (index++)]): null&#xD;
&#xD;
2020-07-23 12:23:26 - [TEST_STEP][PASSED] - if (getText().contentEquals(username)): null&#xD;
&#xD;
2020-07-23 12:23:28 - [TEST_STEP][PASSED] - if (getText().contentEquals(username)): null&#xD;
&#xD;
2020-07-23 12:23:29 - [TEST_STEP][PASSED] - if (getText().contentEquals(username)): null&#xD;
&#xD;
2020-07-23 12:23:30 - [TEST_STEP][PASSED] - if (getText().contentEquals(username)): null&#xD;
&#xD;
2020-07-23 12:23:31 - [TEST_STEP][PASSED] - if (getText().contentEquals(username)): null&#xD;
&#xD;
2020-07-23 12:23:32 - [TEST_STEP][PASSED] - if (getText().contentEquals(username)): null&#xD;
&#xD;
2020-07-23 12:23:33 - [TEST_STEP][PASSED] - if (getText().contentEquals(username)): null&#xD;
&#xD;
2020-07-23 12:23:34 - [TEST_STEP][PASSED] - if (getText().contentEquals(username)): null&#xD;
&#xD;
2020-07-23 12:23:35 - [TEST_STEP][PASSED] - if (getText().contentEquals(username)): null&#xD;
&#xD;
2020-07-23 12:23:36 - [TEST_STEP][PASSED] - if (getText().contentEquals(username)): null&#xD;
&#xD;
2020-07-23 12:23:37 - [TEST_STEP][PASSED] - waitForElementPresent(findTestObject("Generic/nextPage"), 15): Object 'Object Repository/Generic/nextPage' is present&#xD;
&#xD;
2020-07-23 12:23:39 - [MESSAGE][PASSED] - Object 'Object Repository/Generic/nextPage' is present&#xD;
&#xD;
2020-07-23 12:23:39 - [TEST_STEP][PASSED] - platform.Method.clickOnElement(findTestObject("Generic/nextPage")): platform.Method.clickOnElement is PASSED&#xD;
&#xD;
2020-07-23 12:23:41 - [MESSAGE][PASSED] - platform.Method.clickOnElement is PASSED&#xD;
&#xD;
2020-07-23 12:23:41 - [TEST_STEP][PASSED] - listElement = findWebElements(findTestObject("GenericII/listOfUserName"), 10): null&#xD;
&#xD;
2020-07-23 12:23:43 - [TEST_STEP][PASSED] - for ([index = 0, index &lt; listElement.size(), (index++)]): null&#xD;
&#xD;
2020-07-23 12:23:43 - [TEST_STEP][PASSED] - if (getText().contentEquals(username)): null&#xD;
&#xD;
2020-07-23 12:23:44 - [TEST_STEP][PASSED] - if (getText().contentEquals(username)): null&#xD;
&#xD;
2020-07-23 12:23:45 - [TEST_STEP][PASSED] - if (getText().contentEquals(username)): null&#xD;
&#xD;
2020-07-23 12:23:47 - [TEST_STEP][PASSED] - if (getText().contentEquals(username)): null&#xD;
&#xD;
2020-07-23 12:23:48 - [TEST_STEP][PASSED] - if (getText().contentEquals(username)): null&#xD;
&#xD;
2020-07-23 12:23:49 - [TEST_STEP][PASSED] - if (getText().contentEquals(username)): null&#xD;
&#xD;
2020-07-23 12:23:50 - [TEST_STEP][PASSED] - if (getText().contentEquals(username)): null&#xD;
&#xD;
2020-07-23 12:23:51 - [TEST_STEP][PASSED] - if (getText().contentEquals(username)): null&#xD;
&#xD;
2020-07-23 12:23:52 - [TEST_STEP][PASSED] - if (getText().contentEquals(username)): null&#xD;
&#xD;
2020-07-23 12:23:54 - [TEST_STEP][PASSED] - if (getText().contentEquals(username)): null&#xD;
&#xD;
2020-07-23 12:23:55 - [TEST_STEP][PASSED] - waitForElementPresent(findTestObject("Generic/nextPage"), 15): Object 'Object Repository/Generic/nextPage' is present&#xD;
&#xD;
2020-07-23 12:23:57 - [MESSAGE][PASSED] - Object 'Object Repository/Generic/nextPage' is present&#xD;
&#xD;
2020-07-23 12:23:57 - [TEST_STEP][PASSED] - platform.Method.clickOnElement(findTestObject("Generic/nextPage")): platform.Method.clickOnElement is PASSED&#xD;
&#xD;
2020-07-23 12:23:59 - [MESSAGE][PASSED] - platform.Method.clickOnElement is PASSED&#xD;
&#xD;
2020-07-23 12:23:59 - [TEST_STEP][PASSED] - listElement = findWebElements(findTestObject("GenericII/listOfUserName"), 10): null&#xD;
&#xD;
2020-07-23 12:24:01 - [TEST_STEP][PASSED] - for ([index = 0, index &lt; listElement.size(), (index++)]): null&#xD;
&#xD;
2020-07-23 12:24:01 - [TEST_STEP][PASSED] - if (getText().contentEquals(username)): null&#xD;
&#xD;
2020-07-23 12:24:02 - [TEST_STEP][PASSED] - if (getText().contentEquals(username)): null&#xD;
&#xD;
2020-07-23 12:24:03 - [TEST_STEP][PASSED] - if (getText().contentEquals(username)): null&#xD;
&#xD;
2020-07-23 12:24:04 - [TEST_STEP][PASSED] - if (getText().contentEquals(username)): null&#xD;
&#xD;
2020-07-23 12:24:05 - [TEST_STEP][PASSED] - if (getText().contentEquals(username)): null&#xD;
&#xD;
2020-07-23 12:24:06 - [TEST_STEP][PASSED] - flag = true: null&#xD;
&#xD;
2020-07-23 12:24:06 - [TEST_STEP][PASSED] - (index++): null&#xD;
&#xD;
2020-07-23 12:24:06 - [TEST_STEP][PASSED] - break: null&#xD;
&#xD;
2020-07-23 12:24:06 - [TEST_STEP][PASSED] - waitForElementPresent(findTestObject("Generic/nextPage"), 15): Object 'Object Repository/Generic/nextPage' is present&#xD;
&#xD;
2020-07-23 12:24:07 - [MESSAGE][PASSED] - Object 'Object Repository/Generic/nextPage' is present&#xD;
&#xD;
2020-07-23 12:24:07 - [TEST_STEP][PASSED] - platform.Method.clickOnElement(findTestObject("Generic/nextPage")): platform.Method.clickOnElement is PASSED&#xD;
&#xD;
2020-07-23 12:24:10 - [MESSAGE][PASSED] - platform.Method.clickOnElement is PASSED&#xD;
&#xD;
2020-07-23 12:24:10 - [TEST_STEP][PASSED] - verifyElementPresent(findTestObject("GenericII/unverifiedUserIcon", ["email":email]), 5, STOP_ON_FAILURE): Object 'Object Repository/GenericII/unverifiedUserIcon' is present&#xD;
&#xD;
2020-07-23 12:24:12 - [MESSAGE][PASSED] - Object 'Object Repository/GenericII/unverifiedUserIcon' is present&#xD;
&#xD;
2020-07-23 12:24:12 - [TEST_STEP][PASSED] - listOfUsers = findWebElements(findTestObject("GenericII/listOfUserName"), 5): null&#xD;
&#xD;
2020-07-23 12:24:13 - [TEST_STEP][PASSED] - sizeOfOriginalList = listOfUsers.size(): null&#xD;
&#xD;
2020-07-23 12:24:13 - [TEST_STEP][PASSED] - platform.Method.clickOnElement(findTestObject("GenericII/deleteUserBtn", ["index":index])): platform.Method.clickOnElement is PASSED&#xD;
&#xD;
2020-07-23 12:24:16 - [MESSAGE][PASSED] - platform.Method.clickOnElement is PASSED&#xD;
&#xD;
2020-07-23 12:24:16 - [TEST_STEP][PASSED] - platform.Method.clickOnElement(findTestObject("Button/remove")): platform.Method.clickOnElement is PASSED&#xD;
&#xD;
2020-07-23 12:24:18 - [MESSAGE][PASSED] - platform.Method.clickOnElement is PASSED&#xD;
&#xD;
2020-07-23 12:24:18 - [TEST_STEP][PASSED] - waitForElementPresent(findTestObject("ICONS/toastMsg"), 20, OPTIONAL): Object 'Object Repository/ICONS/toastMsg' is present&#xD;
&#xD;
2020-07-23 12:24:21 - [MESSAGE][PASSED] - Object 'Object Repository/ICONS/toastMsg' is present&#xD;
&#xD;
2020-07-23 12:24:21 - [TEST_STEP][PASSED] - newListOfUsers = findWebElements(findTestObject("GenericII/listOfUserName"), 5): null&#xD;
&#xD;
2020-07-23 12:24:22 - [TEST_STEP][PASSED] - assert newListOfUsers.size() &lt; sizeOfOriginalList: null</system-out>
            <system-err></system-err>
        </testcase>
        <testcase name="Test Cases/Generic/adminRoleManagement_Test" classname="Test Cases/Generic/adminRoleManagement_Test" status="PASSED">
            <system-out>2020-07-23 12:24:22 - [TEST_CASE][PASSED] - Test Cases/Generic/adminRoleManagement_Test: Test Cases/Generic/adminRoleManagement_Test&#xD;
&#xD;
2020-07-23 12:24:22 - [TEST_STEP][PASSED] - Start listener action : setUp: Current window maximized&#xD;
&#xD;
2020-07-23 12:24:22 - [TEST_STEP][PASSED] - openBrowser(URL): Browser is opened with url: 'preprod.imibot.ai'&#xD;
&#xD;
2020-07-23 12:24:22 - [MESSAGE][WARNING] - A browser is already opened. Closing browser and opening a new one&#xD;
&#xD;
2020-07-23 12:24:26 - [MESSAGE][INFO] - Starting 'Edge' driver&#xD;
&#xD;
2020-07-23 12:24:45 - [MESSAGE][PASSED] - Browser is opened with url: 'preprod.imibot.ai'&#xD;
&#xD;
2020-07-23 12:24:45 - [TEST_STEP][PASSED] - maximizeWindow(): Current window maximized&#xD;
&#xD;
2020-07-23 12:24:47 - [MESSAGE][PASSED] - Current window maximized&#xD;
&#xD;
2020-07-23 12:24:48 - [TEST_STEP][PASSED] - callTestCase(findTestCase("Generic/successfulLogin_Test"), [:], STOP_ON_FAILURE): Call Test Case 'Test Cases/Generic/successfulLogin_Test' successfully&#xD;
&#xD;
2020-07-23 12:24:48 - [TEST_CASE][PASSED] - Test Cases/Generic/successfulLogin_Test: Test Cases/Generic/successfulLogin_Test&#xD;
&#xD;
2020-07-23 12:24:49 - [TEST_STEP][PASSED] - sendKeys(findTestObject("Input/username"), username): Keys 'narendra.n@imimobile.com' sent to object: 'Object Repository/Input/username'&#xD;
&#xD;
2020-07-23 12:24:52 - [MESSAGE][PASSED] - Keys 'narendra.n@imimobile.com' sent to object: 'Object Repository/Input/username'&#xD;
&#xD;
2020-07-23 12:24:52 - [TEST_STEP][PASSED] - sendKeys(findTestObject("Input/password"), password): Keys 'Test@2020' sent to object: 'Object Repository/Input/password'&#xD;
&#xD;
2020-07-23 12:24:54 - [MESSAGE][PASSED] - Keys 'Test@2020' sent to object: 'Object Repository/Input/password'&#xD;
&#xD;
2020-07-23 12:24:54 - [TEST_STEP][PASSED] - click(findTestObject("Button/signIn")): Object: 'Object Repository/Button/signIn' is clicked on&#xD;
&#xD;
2020-07-23 12:24:57 - [MESSAGE][PASSED] - Object: 'Object Repository/Button/signIn' is clicked on&#xD;
&#xD;
2020-07-23 12:24:57 - [TEST_STEP][PASSED] - if (!(waitForElementPresent(findTestObject("Button/createBot"), 30, OPTIONAL))): Object 'Object Repository/Button/createBot' is present&#xD;
&#xD;
2020-07-23 12:25:22 - [MESSAGE][PASSED] - Object 'Object Repository/Button/createBot' is present&#xD;
&#xD;
2020-07-23 12:25:22 - [MESSAGE][PASSED] - Call Test Case 'Test Cases/Generic/successfulLogin_Test' successfully&#xD;
&#xD;
2020-07-23 12:25:22 - [TEST_STEP][PASSED] - platform.Method.clickOnElement(findTestObject("Button/enterpriseDropdown")): platform.Method.clickOnElement is PASSED&#xD;
&#xD;
2020-07-23 12:25:25 - [MESSAGE][PASSED] - platform.Method.clickOnElement is PASSED&#xD;
&#xD;
2020-07-23 12:25:25 - [TEST_STEP][PASSED] - platform.Method.clickOnElement(findTestObject("Generic/webObjectWithText", ["textValue":"Enterprise profile"])): platform.Method.clickOnElement is PASSED&#xD;
&#xD;
2020-07-23 12:25:32 - [MESSAGE][PASSED] - platform.Method.clickOnElement is PASSED&#xD;
&#xD;
2020-07-23 12:25:32 - [TEST_STEP][PASSED] - platform.Method.clickOnElement(findTestObject("Generic/webObjectWithText", ["textValue":"Roles"])): platform.Method.clickOnElement is PASSED&#xD;
&#xD;
2020-07-23 12:25:36 - [MESSAGE][PASSED] - platform.Method.clickOnElement is PASSED&#xD;
&#xD;
2020-07-23 12:25:36 - [TEST_STEP][PASSED] - verifyElementClickable(findTestObject("Button/newRole"), STOP_ON_FAILURE): Object 'Object Repository/Button/newRole' is clickable&#xD;
&#xD;
2020-07-23 12:25:40 - [MESSAGE][PASSED] - Object 'Object Repository/Button/newRole' is clickable&#xD;
&#xD;
2020-07-23 12:25:40 - [TEST_STEP][PASSED] - platform.Method.clickOnElement(findTestObject("Button/newRole")): platform.Method.clickOnElement is PASSED&#xD;
&#xD;
2020-07-23 12:25:43 - [MESSAGE][PASSED] - platform.Method.clickOnElement is PASSED&#xD;
&#xD;
2020-07-23 12:25:43 - [TEST_STEP][PASSED] - sendKeys(findTestObject("Input/newRoleName"), ROLE_NAME): Keys 'Custom Role' sent to object: 'Object Repository/Input/newRoleName'&#xD;
&#xD;
2020-07-23 12:25:47 - [MESSAGE][PASSED] - Keys 'Custom Role' sent to object: 'Object Repository/Input/newRoleName'&#xD;
&#xD;
2020-07-23 12:25:47 - [TEST_STEP][PASSED] - platform.Method.clickOnElement(findTestObject("Generic/webObjectWithText", ["textValue":"Base role"])): platform.Method.clickOnElement is PASSED&#xD;
&#xD;
2020-07-23 12:25:49 - [MESSAGE][PASSED] - platform.Method.clickOnElement is PASSED&#xD;
&#xD;
2020-07-23 12:25:49 - [TEST_STEP][PASSED] - platform.Method.clickOnElement(findTestObject("Generic/webObjectWithText", ["textValue":typeOfUser])): platform.Method.clickOnElement is PASSED&#xD;
&#xD;
2020-07-23 12:25:52 - [MESSAGE][PASSED] - platform.Method.clickOnElement is PASSED&#xD;
&#xD;
2020-07-23 12:25:52 - [TEST_STEP][PASSED] - platform.Method.clickOnElement(findTestObject("Generic/webObjectWithText", ["textValue":permissionToUser])): platform.Method.clickOnElement is PASSED&#xD;
&#xD;
2020-07-23 12:25:54 - [MESSAGE][PASSED] - platform.Method.clickOnElement is PASSED&#xD;
&#xD;
2020-07-23 12:25:54 - [TEST_STEP][PASSED] - listOfPermissions = findWebElements(findTestObject("GenericII/listOfPermissions"), 5): null&#xD;
&#xD;
2020-07-23 12:25:56 - [TEST_STEP][PASSED] - index = &lt;not implemented yet for class: org.codehaus.groovy.ast.expr.EmptyExpression&gt;: null&#xD;
&#xD;
2020-07-23 12:25:56 - [TEST_STEP][PASSED] - for ([index = 0, index &lt; listOfPermissions.size(), (index++)]): null&#xD;
&#xD;
2020-07-23 12:25:56 - [TEST_STEP][PASSED] - getText().contains(nameOfThePermission): null&#xD;
&#xD;
2020-07-23 12:25:57 - [TEST_STEP][PASSED] - (index++): null&#xD;
&#xD;
2020-07-23 12:25:57 - [TEST_STEP][PASSED] - break: null&#xD;
&#xD;
2020-07-23 12:25:57 - [TEST_STEP][PASSED] - platform.Method.clickOnElement(findTestObject("GenericII/addPermissionBtn", ["index":index])): platform.Method.clickOnElement is PASSED&#xD;
&#xD;
2020-07-23 12:25:59 - [MESSAGE][PASSED] - platform.Method.clickOnElement is PASSED&#xD;
&#xD;
2020-07-23 12:25:59 - [TEST_STEP][PASSED] - verifyElementClickable(findTestObject("Button/createRole"), STOP_ON_FAILURE): Object 'Object Repository/Button/createRole' is clickable&#xD;
&#xD;
2020-07-23 12:26:02 - [MESSAGE][PASSED] - Object 'Object Repository/Button/createRole' is clickable&#xD;
&#xD;
2020-07-23 12:26:02 - [TEST_STEP][PASSED] - platform.Method.clickOnElement(findTestObject("Button/createRole")): platform.Method.clickOnElement is PASSED&#xD;
&#xD;
2020-07-23 12:26:06 - [MESSAGE][PASSED] - platform.Method.clickOnElement is PASSED&#xD;
&#xD;
2020-07-23 12:26:06 - [TEST_STEP][PASSED] - waitForElementPresent(findTestObject("Generic/webObjectWithText", ["textValue":ROLE_NAME]), 20, OPTIONAL): Object 'Object Repository/Generic/webObjectWithText' is present&#xD;
&#xD;
2020-07-23 12:26:09 - [MESSAGE][PASSED] - Object 'Object Repository/Generic/webObjectWithText' is present&#xD;
&#xD;
2020-07-23 12:26:09 - [TEST_STEP][PASSED] - verifyTextPresent(ROLE_NAME, false): Text 'Custom Role' is present on page &#xD;
&#xD;
2020-07-23 12:26:11 - [MESSAGE][PASSED] - Text 'Custom Role' is present on page</system-out>
            <system-err></system-err>
        </testcase>
        <testcase name="Test Cases/Generic/adminRoleDeletion_Test" classname="Test Cases/Generic/adminRoleDeletion_Test" status="PASSED">
            <system-out>2020-07-23 12:26:11 - [TEST_CASE][PASSED] - Test Cases/Generic/adminRoleDeletion_Test: Test Cases/Generic/adminRoleDeletion_Test&#xD;
&#xD;
2020-07-23 12:26:11 - [TEST_STEP][PASSED] - Start listener action : setUp: Current window maximized&#xD;
&#xD;
2020-07-23 12:26:11 - [TEST_STEP][PASSED] - openBrowser(URL): Browser is opened with url: 'preprod.imibot.ai'&#xD;
&#xD;
2020-07-23 12:26:11 - [MESSAGE][WARNING] - A browser is already opened. Closing browser and opening a new one&#xD;
&#xD;
2020-07-23 12:26:19 - [MESSAGE][INFO] - Starting 'Edge' driver&#xD;
&#xD;
2020-07-23 12:26:53 - [MESSAGE][PASSED] - Browser is opened with url: 'preprod.imibot.ai'&#xD;
&#xD;
2020-07-23 12:26:53 - [TEST_STEP][PASSED] - maximizeWindow(): Current window maximized&#xD;
&#xD;
2020-07-23 12:26:56 - [MESSAGE][PASSED] - Current window maximized&#xD;
&#xD;
2020-07-23 12:26:57 - [TEST_STEP][PASSED] - callTestCase(findTestCase("Generic/successfulLogin_Test"), [:], STOP_ON_FAILURE): Call Test Case 'Test Cases/Generic/successfulLogin_Test' successfully&#xD;
&#xD;
2020-07-23 12:26:57 - [TEST_CASE][PASSED] - Test Cases/Generic/successfulLogin_Test: Test Cases/Generic/successfulLogin_Test&#xD;
&#xD;
2020-07-23 12:26:57 - [TEST_STEP][PASSED] - sendKeys(findTestObject("Input/username"), username): Keys 'narendra.n@imimobile.com' sent to object: 'Object Repository/Input/username'&#xD;
&#xD;
2020-07-23 12:27:02 - [MESSAGE][PASSED] - Keys 'narendra.n@imimobile.com' sent to object: 'Object Repository/Input/username'&#xD;
&#xD;
2020-07-23 12:27:02 - [TEST_STEP][PASSED] - sendKeys(findTestObject("Input/password"), password): Keys 'Test@2020' sent to object: 'Object Repository/Input/password'&#xD;
&#xD;
2020-07-23 12:27:06 - [MESSAGE][PASSED] - Keys 'Test@2020' sent to object: 'Object Repository/Input/password'&#xD;
&#xD;
2020-07-23 12:27:06 - [TEST_STEP][PASSED] - click(findTestObject("Button/signIn")): Object: 'Object Repository/Button/signIn' is clicked on&#xD;
&#xD;
2020-07-23 12:27:10 - [MESSAGE][PASSED] - Object: 'Object Repository/Button/signIn' is clicked on&#xD;
&#xD;
2020-07-23 12:27:10 - [TEST_STEP][PASSED] - if (!(waitForElementPresent(findTestObject("Button/createBot"), 30, OPTIONAL))): Object 'Object Repository/Button/createBot' is present&#xD;
&#xD;
2020-07-23 12:27:37 - [MESSAGE][PASSED] - Object 'Object Repository/Button/createBot' is present&#xD;
&#xD;
2020-07-23 12:27:37 - [MESSAGE][PASSED] - Call Test Case 'Test Cases/Generic/successfulLogin_Test' successfully&#xD;
&#xD;
2020-07-23 12:27:37 - [TEST_STEP][PASSED] - platform.Method.clickOnElement(findTestObject("Button/enterpriseDropdown")): platform.Method.clickOnElement is PASSED&#xD;
&#xD;
2020-07-23 12:27:40 - [MESSAGE][PASSED] - platform.Method.clickOnElement is PASSED&#xD;
&#xD;
2020-07-23 12:27:40 - [TEST_STEP][PASSED] - platform.Method.clickOnElement(findTestObject("Generic/webObjectWithText", ["textValue":"Enterprise profile"])): platform.Method.clickOnElement is PASSED&#xD;
&#xD;
2020-07-23 12:27:46 - [MESSAGE][PASSED] - platform.Method.clickOnElement is PASSED&#xD;
&#xD;
2020-07-23 12:27:46 - [TEST_STEP][PASSED] - platform.Method.clickOnElement(findTestObject("Generic/webObjectWithText", ["textValue":"Roles"])): platform.Method.clickOnElement is PASSED&#xD;
&#xD;
2020-07-23 12:27:49 - [MESSAGE][PASSED] - platform.Method.clickOnElement is PASSED&#xD;
&#xD;
2020-07-23 12:27:49 - [TEST_STEP][PASSED] - role = findWebElements(findTestObject("GenericII/listOfAllRoleName"), 5): null&#xD;
&#xD;
2020-07-23 12:27:50 - [TEST_STEP][PASSED] - count = &lt;not implemented yet for class: org.codehaus.groovy.ast.expr.EmptyExpression&gt;: null&#xD;
&#xD;
2020-07-23 12:27:50 - [TEST_STEP][PASSED] - for ([count = 0, count &lt; role.size(), (count++)]): null&#xD;
&#xD;
2020-07-23 12:27:50 - [TEST_STEP][PASSED] - if (getText().contentEquals(ROLE_NAME)): null&#xD;
&#xD;
2020-07-23 12:27:51 - [TEST_STEP][PASSED] - if (getText().contentEquals(ROLE_NAME)): null&#xD;
&#xD;
2020-07-23 12:27:52 - [TEST_STEP][PASSED] - if (getText().contentEquals(ROLE_NAME)): null&#xD;
&#xD;
2020-07-23 12:27:54 - [TEST_STEP][PASSED] - if (getText().contentEquals(ROLE_NAME)): null&#xD;
&#xD;
2020-07-23 12:27:55 - [TEST_STEP][PASSED] - if (getText().contentEquals(ROLE_NAME)): null&#xD;
&#xD;
2020-07-23 12:27:56 - [TEST_STEP][PASSED] - if (getText().contentEquals(ROLE_NAME)): null&#xD;
&#xD;
2020-07-23 12:27:57 - [TEST_STEP][PASSED] - (count++): null&#xD;
&#xD;
2020-07-23 12:27:57 - [TEST_STEP][PASSED] - markPassed("ROLE FOUND IN THE LIST"): ROLE FOUND IN THE LIST&#xD;
&#xD;
2020-07-23 12:27:57 - [MESSAGE][PASSED] - ROLE FOUND IN THE LIST&#xD;
&#xD;
2020-07-23 12:27:57 - [TEST_STEP][PASSED] - break: null&#xD;
&#xD;
2020-07-23 12:27:57 - [TEST_STEP][PASSED] - platform.Method.clickOnElement(findTestObject("GenericII/modifyRole", ["index":count])): platform.Method.clickOnElement is PASSED&#xD;
&#xD;
2020-07-23 12:28:00 - [MESSAGE][PASSED] - platform.Method.clickOnElement is PASSED&#xD;
&#xD;
2020-07-23 12:28:00 - [TEST_STEP][PASSED] - verifyTextPresent("Edit role", false, STOP_ON_FAILURE): Text 'Edit role' is present on page &#xD;
&#xD;
2020-07-23 12:28:03 - [MESSAGE][PASSED] - Text 'Edit role' is present on page &#xD;
&#xD;
2020-07-23 12:28:03 - [TEST_STEP][PASSED] - platform.Method.clickOnElement(findTestObject("Button/delete")): platform.Method.clickOnElement is PASSED&#xD;
&#xD;
2020-07-23 12:28:05 - [MESSAGE][PASSED] - platform.Method.clickOnElement is PASSED&#xD;
&#xD;
2020-07-23 12:28:05 - [TEST_STEP][PASSED] - platform.Method.clickOnElement(findTestObject("Button/remove")): platform.Method.clickOnElement is PASSED&#xD;
&#xD;
2020-07-23 12:28:07 - [MESSAGE][PASSED] - platform.Method.clickOnElement is PASSED&#xD;
&#xD;
2020-07-23 12:28:07 - [TEST_STEP][PASSED] - verifyTextNotPresent(ROLE_NAME, false, STOP_ON_FAILURE): Text 'Custom Role' is not present on page&#xD;
&#xD;
2020-07-23 12:28:10 - [MESSAGE][PASSED] - Text 'Custom Role' is not present on page</system-out>
            <system-err></system-err>
        </testcase>
        <system-out>2020-07-23 12:10:32 - [TEST_SUITE][INCOMPLETE] - generic: null</system-out>
        <system-err>2020-07-23 12:10:32 - [TEST_SUITE][INCOMPLETE] - generic: null</system-err>
    </testsuite>
</testsuites>
