<?xml version="1.0" encoding="UTF-8" standalone="yes"?>
<testsuites name="faqSuiteE2E" time="2704" tests="12" failures="7" errors="3">
    <testsuite name="faqSuiteE2E" tests="12" failures="7" errors="3" time="2704" timestamp="2020-07-23 12:10:18" hostname="narendra.n - WLPT580.imidomain.com" id="Test Suites/faqSuiteE2E">
        <properties>
            <property name="deviceName" value=""/>
            <property name="devicePlatform" value=""/>
            <property name="logFolder" value="D:\\IMIbot.ai-Project\\Reports\\20200723_120951\\faqSuiteE2E\\20200723_120953"/>
            <property name="logFiles" value="D:\\IMIbot.ai-Project\\Reports\\20200723_120951\\faqSuiteE2E\\20200723_120953\\execution0.log"/>
            <property name="attachments" value="D:\\IMIbot.ai-Project\\Reports\\20200723_120951\\faqSuiteE2E\\20200723_120953\\1595486868735.png, D:\\IMIbot.ai-Project\\Reports\\20200723_120951\\faqSuiteE2E\\20200723_120953\\1595486870833.png, D:\\IMIbot.ai-Project\\Reports\\20200723_120951\\faqSuiteE2E\\20200723_120953\\1595488007725.png, D:\\IMIbot.ai-Project\\Reports\\20200723_120951\\faqSuiteE2E\\20200723_120953\\1595488214461.png, D:\\IMIbot.ai-Project\\Reports\\20200723_120951\\faqSuiteE2E\\20200723_120953\\1595488290520.png, D:\\IMIbot.ai-Project\\Reports\\20200723_120951\\faqSuiteE2E\\20200723_120953\\1595488574836.png, D:\\IMIbot.ai-Project\\Reports\\20200723_120951\\faqSuiteE2E\\20200723_120953\\1595488641620.png, D:\\IMIbot.ai-Project\\Reports\\20200723_120951\\faqSuiteE2E\\20200723_120953\\1595488741896.png, D:\\IMIbot.ai-Project\\Reports\\20200723_120951\\faqSuiteE2E\\20200723_120953\\1595488769705.png, D:\\IMIbot.ai-Project\\Reports\\20200723_120951\\faqSuiteE2E\\20200723_120953\\1595488802325.png, D:\\IMIbot.ai-Project\\Reports\\20200723_120951\\faqSuiteE2E\\20200723_120953\\1595488946442.png"/>
            <property name="hostName" value="narendra.n - WLPT580.imidomain.com"/>
            <property name="os" value="Windows 8.1 64bit"/>
            <property name="katalonVersion" value="6.3.3.11"/>
            <property name="browser" value="Chrome 84.0.4147.89"/>
            <property name="hostAddress" value="192.168.1.104"/>
            <property name="sessionId" value="41a7f3b22e0f30840c343ad61177c0f3"/>
            <property name="seleniumVersion" value="3.141.59"/>
            <property name="proxyInformation" value="ProxyInformation{proxyOption=NO_PROXY, proxyServerType=HTTP, password=, proxyServerAddress=, proxyServerPort=0}"/>
            <property name="platform" value="Windows 8.1"/>
        </properties>
        <testcase name="Test Cases/Faqbot/botCreation_Test" classname="Test Cases/Faqbot/botCreation_Test" status="PASSED">
            <system-out>2020-07-23 12:10:23 - [TEST_CASE][PASSED] - Test Cases/Faqbot/botCreation_Test: Test Cases/Faqbot/botCreation_Test&#xD;
&#xD;
2020-07-23 12:10:33 - [TEST_STEP][PASSED] - Start listener action : setUp: Current window maximized&#xD;
&#xD;
2020-07-23 12:10:34 - [TEST_STEP][PASSED] - openBrowser(URL): Browser is opened with url: 'preprod.imibot.ai'&#xD;
&#xD;
2020-07-23 12:10:36 - [MESSAGE][INFO] - Starting 'Edge' driver&#xD;
&#xD;
2020-07-23 12:10:40 - [MESSAGE][INFO] - Action delay is set to 1 seconds&#xD;
&#xD;
2020-07-23 12:11:08 - [MESSAGE][PASSED] - Browser is opened with url: 'preprod.imibot.ai'&#xD;
&#xD;
2020-07-23 12:11:08 - [TEST_STEP][PASSED] - maximizeWindow(): Current window maximized&#xD;
&#xD;
2020-07-23 12:11:10 - [MESSAGE][PASSED] - Current window maximized&#xD;
&#xD;
2020-07-23 12:11:12 - [TEST_STEP][PASSED] - callTestCase(findTestCase("Generic/successfulLogin_Test"), [:], STOP_ON_FAILURE): Call Test Case 'Test Cases/Generic/successfulLogin_Test' successfully&#xD;
&#xD;
2020-07-23 12:11:12 - [TEST_CASE][PASSED] - Test Cases/Generic/successfulLogin_Test: Test Cases/Generic/successfulLogin_Test&#xD;
&#xD;
2020-07-23 12:11:14 - [TEST_STEP][PASSED] - sendKeys(findTestObject("Input/username"), username): Keys 'narendra.n@imimobile.com' sent to object: 'Object Repository/Input/username'&#xD;
&#xD;
2020-07-23 12:11:18 - [MESSAGE][PASSED] - Keys 'narendra.n@imimobile.com' sent to object: 'Object Repository/Input/username'&#xD;
&#xD;
2020-07-23 12:11:18 - [TEST_STEP][PASSED] - sendKeys(findTestObject("Input/password"), password): Keys 'Test@2020' sent to object: 'Object Repository/Input/password'&#xD;
&#xD;
2020-07-23 12:11:20 - [MESSAGE][PASSED] - Keys 'Test@2020' sent to object: 'Object Repository/Input/password'&#xD;
&#xD;
2020-07-23 12:11:20 - [TEST_STEP][PASSED] - click(findTestObject("Button/signIn")): Object: 'Object Repository/Button/signIn' is clicked on&#xD;
&#xD;
2020-07-23 12:11:23 - [MESSAGE][PASSED] - Object: 'Object Repository/Button/signIn' is clicked on&#xD;
&#xD;
2020-07-23 12:11:23 - [TEST_STEP][PASSED] - if (!(waitForElementPresent(findTestObject("Button/createBot"), 30, OPTIONAL))): Object 'Object Repository/Button/createBot' is present&#xD;
&#xD;
2020-07-23 12:11:44 - [MESSAGE][PASSED] - Object 'Object Repository/Button/createBot' is present&#xD;
&#xD;
2020-07-23 12:11:44 - [MESSAGE][PASSED] - Call Test Case 'Test Cases/Generic/successfulLogin_Test' successfully&#xD;
&#xD;
2020-07-23 12:11:44 - [TEST_STEP][PASSED] - platform.Method.clickOnElement(findTestObject("Button/createBot")): platform.Method.clickOnElement is PASSED&#xD;
&#xD;
2020-07-23 12:11:47 - [MESSAGE][PASSED] - platform.Method.clickOnElement is PASSED&#xD;
&#xD;
2020-07-23 12:11:47 - [TEST_STEP][PASSED] - sendKeys(findTestObject("Input/botName"), nameOfTheBot): Keys '2020 BANKBOT_FAQ' sent to object: 'Object Repository/Input/botName'&#xD;
&#xD;
2020-07-23 12:11:50 - [MESSAGE][PASSED] - Keys '2020 BANKBOT_FAQ' sent to object: 'Object Repository/Input/botName'&#xD;
&#xD;
2020-07-23 12:11:50 - [TEST_STEP][PASSED] - platform.Method.clickOnElement(findTestObject("Toggle/feedback")): platform.Method.clickOnElement is PASSED&#xD;
&#xD;
2020-07-23 12:11:53 - [MESSAGE][PASSED] - platform.Method.clickOnElement is PASSED&#xD;
&#xD;
2020-07-23 12:11:53 - [TEST_STEP][PASSED] - platform.Method.clickOnElement(findTestObject("Button/done")): platform.Method.clickOnElement is PASSED&#xD;
&#xD;
2020-07-23 12:11:55 - [MESSAGE][PASSED] - platform.Method.clickOnElement is PASSED&#xD;
&#xD;
2020-07-23 12:11:55 - [TEST_STEP][PASSED] - waitForElementVisible(findTestObject("Generic/articleState"), 45, OPTIONAL): Object 'Object Repository/Generic/articleState' is visible&#xD;
&#xD;
2020-07-23 12:12:14 - [MESSAGE][PASSED] - Object 'Object Repository/Generic/articleState' is visible&#xD;
&#xD;
2020-07-23 12:12:14 - [TEST_STEP][PASSED] - verifyElementText(findTestObject("Generic/articleState"), "Trained", STOP_ON_FAILURE): Actual text and expected text of test object 'Object Repository/Generic/articleState' are matched.&#xD;
&#xD;
2020-07-23 12:12:16 - [MESSAGE][PASSED] - Actual text and expected text of test object 'Object Repository/Generic/articleState' are matched.&#xD;
&#xD;
2020-07-23 12:12:16 - [TEST_STEP][PASSED] - platform.Method.clickOnElement(findTestObject("GenericII/minimize")): platform.Method.clickOnElement is PASSED&#xD;
&#xD;
2020-07-23 12:12:19 - [MESSAGE][PASSED] - platform.Method.clickOnElement is PASSED</system-out>
            <system-err></system-err>
        </testcase>
        <testcase name="Test Cases/Faqbot/botSideOptionsNavigation_Test" classname="Test Cases/Faqbot/botSideOptionsNavigation_Test" status="PASSED">
            <system-out>2020-07-23 12:12:19 - [TEST_CASE][PASSED] - Test Cases/Faqbot/botSideOptionsNavigation_Test: Test Cases/Faqbot/botSideOptionsNavigation_Test&#xD;
&#xD;
2020-07-23 12:12:19 - [TEST_STEP][PASSED] - Start listener action : setUp: Current window maximized&#xD;
&#xD;
2020-07-23 12:12:19 - [TEST_STEP][PASSED] - openBrowser(URL): Browser is opened with url: 'preprod.imibot.ai'&#xD;
&#xD;
2020-07-23 12:12:19 - [MESSAGE][WARNING] - A browser is already opened. Closing browser and opening a new one&#xD;
&#xD;
2020-07-23 12:12:26 - [MESSAGE][INFO] - Starting 'Edge' driver&#xD;
&#xD;
2020-07-23 12:13:08 - [MESSAGE][PASSED] - Browser is opened with url: 'preprod.imibot.ai'&#xD;
&#xD;
2020-07-23 12:13:08 - [TEST_STEP][PASSED] - maximizeWindow(): Current window maximized&#xD;
&#xD;
2020-07-23 12:13:10 - [MESSAGE][PASSED] - Current window maximized&#xD;
&#xD;
2020-07-23 12:13:11 - [TEST_STEP][PASSED] - callTestCase(findTestCase("Generic/successfulLogin_Test"), [:], STOP_ON_FAILURE): Call Test Case 'Test Cases/Generic/successfulLogin_Test' successfully&#xD;
&#xD;
2020-07-23 12:13:11 - [TEST_CASE][PASSED] - Test Cases/Generic/successfulLogin_Test: Test Cases/Generic/successfulLogin_Test&#xD;
&#xD;
2020-07-23 12:13:11 - [TEST_STEP][PASSED] - sendKeys(findTestObject("Input/username"), username): Keys 'narendra.n@imimobile.com' sent to object: 'Object Repository/Input/username'&#xD;
&#xD;
2020-07-23 12:13:14 - [MESSAGE][PASSED] - Keys 'narendra.n@imimobile.com' sent to object: 'Object Repository/Input/username'&#xD;
&#xD;
2020-07-23 12:13:14 - [TEST_STEP][PASSED] - sendKeys(findTestObject("Input/password"), password): Keys 'Test@2020' sent to object: 'Object Repository/Input/password'&#xD;
&#xD;
2020-07-23 12:13:16 - [MESSAGE][PASSED] - Keys 'Test@2020' sent to object: 'Object Repository/Input/password'&#xD;
&#xD;
2020-07-23 12:13:16 - [TEST_STEP][PASSED] - click(findTestObject("Button/signIn")): Object: 'Object Repository/Button/signIn' is clicked on&#xD;
&#xD;
2020-07-23 12:13:19 - [MESSAGE][PASSED] - Object: 'Object Repository/Button/signIn' is clicked on&#xD;
&#xD;
2020-07-23 12:13:19 - [TEST_STEP][PASSED] - if (!(waitForElementPresent(findTestObject("Button/createBot"), 30, OPTIONAL))): Object 'Object Repository/Button/createBot' is present&#xD;
&#xD;
2020-07-23 12:13:50 - [MESSAGE][PASSED] - Object 'Object Repository/Button/createBot' is present&#xD;
&#xD;
2020-07-23 12:13:50 - [MESSAGE][PASSED] - Call Test Case 'Test Cases/Generic/successfulLogin_Test' successfully&#xD;
&#xD;
2020-07-23 12:13:50 - [TEST_STEP][PASSED] - platform.Method.navigateToBot("Q&amp;A bots", FAQ_BOT): platform.Method.navigateToBot is PASSED&#xD;
&#xD;
2020-07-23 12:13:51 - [MESSAGE][PASSED] - Object 'Object Repository/Button/createBot' is present&#xD;
&#xD;
2020-07-23 12:13:54 - [MESSAGE][INFO] - Performing click action on bot&#xD;
&#xD;
2020-07-23 12:13:56 - [MESSAGE][PASSED] - platform.Method.navigateToBot is PASSED&#xD;
&#xD;
2020-07-23 12:13:56 - [TEST_STEP][PASSED] - platform.Method.clickOnElement(findTestObject("ICONS/sidebarSettings")): platform.Method.clickOnElement is PASSED&#xD;
&#xD;
2020-07-23 12:14:01 - [MESSAGE][PASSED] - platform.Method.clickOnElement is PASSED&#xD;
&#xD;
2020-07-23 12:14:01 - [TEST_STEP][PASSED] - waitForElementPresent(findTestObject("Generic/webObjectWithText", ["textValue":"Bot configuration"]), 10, STOP_ON_FAILURE): Object 'Object Repository/Generic/webObjectWithText' is present&#xD;
&#xD;
2020-07-23 12:14:05 - [MESSAGE][PASSED] - Object 'Object Repository/Generic/webObjectWithText' is present&#xD;
&#xD;
2020-07-23 12:14:05 - [TEST_STEP][PASSED] - platform.Method.clickOnElement(findTestObject("Generic/webObjectWithText", ["textValue":"Management"])): platform.Method.clickOnElement is PASSED&#xD;
&#xD;
2020-07-23 12:14:08 - [MESSAGE][PASSED] - platform.Method.clickOnElement is PASSED&#xD;
&#xD;
2020-07-23 12:14:08 - [TEST_STEP][PASSED] - waitForElementPresent(findTestObject("Generic/webObjectWithText", ["textValue":"Bot status"]), 10, STOP_ON_FAILURE): Object 'Object Repository/Generic/webObjectWithText' is present&#xD;
&#xD;
2020-07-23 12:14:10 - [MESSAGE][PASSED] - Object 'Object Repository/Generic/webObjectWithText' is present&#xD;
&#xD;
2020-07-23 12:14:10 - [TEST_STEP][PASSED] - platform.Method.clickOnElement(findTestObject("Generic/webObjectWithText", ["textValue":"Security"])): platform.Method.clickOnElement is PASSED&#xD;
&#xD;
2020-07-23 12:14:12 - [MESSAGE][PASSED] - platform.Method.clickOnElement is PASSED&#xD;
&#xD;
2020-07-23 12:14:12 - [TEST_STEP][PASSED] - verifyElementPresent(findTestObject("NewRepo/inputConsentDisclaimer"), 10, STOP_ON_FAILURE): Object 'Object Repository/NewRepo/inputConsentDisclaimer' is present&#xD;
&#xD;
2020-07-23 12:14:13 - [MESSAGE][PASSED] - Object 'Object Repository/NewRepo/inputConsentDisclaimer' is present&#xD;
&#xD;
2020-07-23 12:14:13 - [TEST_STEP][PASSED] - platform.Method.clickOnElement(findTestObject("Generic/webObjectWithText", ["textValue":"Handover and Inference"])): platform.Method.clickOnElement is PASSED&#xD;
&#xD;
2020-07-23 12:14:16 - [MESSAGE][PASSED] - platform.Method.clickOnElement is PASSED&#xD;
&#xD;
2020-07-23 12:14:16 - [TEST_STEP][PASSED] - waitForElementPresent(findTestObject("Generic/webObjectWithText", ["textValue":"Inference"]), 10, STOP_ON_FAILURE): Object 'Object Repository/Generic/webObjectWithText' is present&#xD;
&#xD;
2020-07-23 12:14:17 - [MESSAGE][PASSED] - Object 'Object Repository/Generic/webObjectWithText' is present&#xD;
&#xD;
2020-07-23 12:14:17 - [TEST_STEP][PASSED] - platform.Method.clickOnElement(findTestObject("Generic/webObjectWithText", ["textValue":"Integrations"])): platform.Method.clickOnElement is PASSED&#xD;
&#xD;
2020-07-23 12:14:19 - [MESSAGE][PASSED] - platform.Method.clickOnElement is PASSED&#xD;
&#xD;
2020-07-23 12:14:19 - [TEST_STEP][PASSED] - waitForElementPresent(findTestObject("Generic/webObjectWithText", ["textValue":"Chat Agent Platforms"]), 10, STOP_ON_FAILURE): Object 'Object Repository/Generic/webObjectWithText' is present&#xD;
&#xD;
2020-07-23 12:14:20 - [MESSAGE][PASSED] - Object 'Object Repository/Generic/webObjectWithText' is present&#xD;
&#xD;
2020-07-23 12:14:20 - [TEST_STEP][PASSED] - platform.Method.clickOnElement(findTestObject("Generic/nlp")): platform.Method.clickOnElement is PASSED&#xD;
&#xD;
2020-07-23 12:14:23 - [MESSAGE][PASSED] - platform.Method.clickOnElement is PASSED&#xD;
&#xD;
2020-07-23 12:14:23 - [TEST_STEP][PASSED] - waitForElementPresent(findTestObject("Generic/webObjectWithText", ["textValue":"Input recognition"]), 10, STOP_ON_FAILURE): Object 'Object Repository/Generic/webObjectWithText' is present&#xD;
&#xD;
2020-07-23 12:14:24 - [MESSAGE][PASSED] - Object 'Object Repository/Generic/webObjectWithText' is present&#xD;
&#xD;
2020-07-23 12:14:24 - [TEST_STEP][PASSED] - platform.Method.clickOnElement(findTestObject("Generic/webObjectWithText", ["textValue":"Knowledge base"])): platform.Method.clickOnElement is PASSED&#xD;
&#xD;
2020-07-23 12:14:27 - [MESSAGE][PASSED] - platform.Method.clickOnElement is PASSED&#xD;
&#xD;
2020-07-23 12:14:27 - [TEST_STEP][PASSED] - verifyElementPresent(findTestObject("NewRepo/newConceptBtn"), 10, STOP_ON_FAILURE): Object 'Object Repository/NewRepo/newConceptBtn' is present&#xD;
&#xD;
2020-07-23 12:14:28 - [MESSAGE][PASSED] - Object 'Object Repository/NewRepo/newConceptBtn' is present&#xD;
&#xD;
2020-07-23 12:14:28 - [TEST_STEP][PASSED] - platform.Method.clickOnElement(findTestObject("Generic/articles")): platform.Method.clickOnElement is PASSED&#xD;
&#xD;
2020-07-23 12:14:30 - [MESSAGE][PASSED] - platform.Method.clickOnElement is PASSED&#xD;
&#xD;
2020-07-23 12:14:30 - [TEST_STEP][PASSED] - waitForElementPresent(findTestObject("Generic/webObjectWithText", ["textValue":"Knowledge base"]), 10, STOP_ON_FAILURE): Object 'Object Repository/Generic/webObjectWithText' is present&#xD;
&#xD;
2020-07-23 12:14:32 - [MESSAGE][PASSED] - Object 'Object Repository/Generic/webObjectWithText' is present&#xD;
&#xD;
2020-07-23 12:14:32 - [TEST_STEP][PASSED] - platform.Method.clickOnElement(findTestObject("Generic/webObjectWithText", ["textValue":"Curation"])): platform.Method.clickOnElement is PASSED&#xD;
&#xD;
2020-07-23 12:14:35 - [MESSAGE][PASSED] - platform.Method.clickOnElement is PASSED&#xD;
&#xD;
2020-07-23 12:14:35 - [TEST_STEP][PASSED] - waitForElementPresent(findTestObject("Generic/webObjectWithText", ["textValue":"Unresolved issues"]), 10, STOP_ON_FAILURE): Object 'Object Repository/Generic/webObjectWithText' is present&#xD;
&#xD;
2020-07-23 12:14:37 - [MESSAGE][PASSED] - Object 'Object Repository/Generic/webObjectWithText' is present&#xD;
&#xD;
2020-07-23 12:14:37 - [TEST_STEP][PASSED] - platform.Method.clickOnElement(findTestObject("Generic/session")): platform.Method.clickOnElement is PASSED&#xD;
&#xD;
2020-07-23 12:14:39 - [MESSAGE][PASSED] - platform.Method.clickOnElement is PASSED&#xD;
&#xD;
2020-07-23 12:14:39 - [TEST_STEP][PASSED] - waitForElementPresent(findTestObject("Generic/webObjectWithText", ["textValue":"Conversations"]), 10, STOP_ON_FAILURE): Object 'Object Repository/Generic/webObjectWithText' is present&#xD;
&#xD;
2020-07-23 12:14:41 - [MESSAGE][PASSED] - Object 'Object Repository/Generic/webObjectWithText' is present&#xD;
&#xD;
2020-07-23 12:14:41 - [TEST_STEP][PASSED] - platform.Method.clickOnElement(findTestObject("Generic/webObjectWithText", ["textValue":"History"])): platform.Method.clickOnElement is PASSED&#xD;
&#xD;
2020-07-23 12:14:43 - [MESSAGE][PASSED] - platform.Method.clickOnElement is PASSED&#xD;
&#xD;
2020-07-23 12:14:43 - [TEST_STEP][PASSED] - waitForElementPresent(findTestObject("Generic/webObjectWithText", ["textValue":"History"]), 10, STOP_ON_FAILURE): Object 'Object Repository/Generic/webObjectWithText' is present&#xD;
&#xD;
2020-07-23 12:14:44 - [MESSAGE][PASSED] - Object 'Object Repository/Generic/webObjectWithText' is present</system-out>
            <system-err></system-err>
        </testcase>
        <testcase name="Test Cases/Faqbot/botUrlAndDefaultArticleConfiguration_Test" classname="Test Cases/Faqbot/botUrlAndDefaultArticleConfiguration_Test" status="FAILED">
            <failure type="FAILED" message="Test Cases/Faqbot/botUrlAndDefaultArticleConfiguration_Test FAILED.&#xA;Reason:&#xA;com.kms.katalon.core.exception.StepFailedException: Unable to verify object 'Object Repository/ICONS/toastMsg' is present&#xD;&#xA;&#x9;at com.kms.katalon.core.webui.keyword.internal.WebUIKeywordMain.stepFailed(WebUIKeywordMain.groovy:64)&#xD;&#xA;&#x9;at com.kms.katalon.core.webui.keyword.internal.WebUIKeywordMain.runKeyword(WebUIKeywordMain.groovy:26)&#xD;&#xA;&#x9;at com.kms.katalon.core.webui.keyword.builtin.VerifyElementPresentKeyword.verifyElementPresent(VerifyElementPresentKeyword.groovy:92)&#xD;&#xA;&#x9;at com.kms.katalon.core.webui.keyword.builtin.VerifyElementPresentKeyword.execute(VerifyElementPresentKeyword.groovy:68)&#xD;&#xA;&#x9;at com.kms.katalon.core.keyword.internal.KeywordExecutor.executeKeywordForPlatform(KeywordExecutor.groovy:56)&#xD;&#xA;&#x9;at com.kms.katalon.core.webui.keyword.WebUiBuiltInKeywords.verifyElementPresent(WebUiBuiltInKeywords.groovy:1418)&#xD;&#xA;&#x9;at com.kms.katalon.core.webui.keyword.WebUiBuiltInKeywords$verifyElementPresent$6.call(Unknown Source)&#xD;&#xA;&#x9;at botUrlAndDefaultArticleConfiguration_Test.run(botUrlAndDefaultArticleConfiguration_Test:40)&#xD;&#xA;&#x9;at com.kms.katalon.core.main.ScriptEngine.run(ScriptEngine.java:194)&#xD;&#xA;&#x9;at com.kms.katalon.core.main.ScriptEngine.runScriptAsRawText(ScriptEngine.java:119)&#xD;&#xA;&#x9;at com.kms.katalon.core.main.TestCaseExecutor.runScript(TestCaseExecutor.java:337)&#xD;&#xA;&#x9;at com.kms.katalon.core.main.TestCaseExecutor.doExecute(TestCaseExecutor.java:328)&#xD;&#xA;&#x9;at com.kms.katalon.core.main.TestCaseExecutor.processExecutionPhase(TestCaseExecutor.java:307)&#xD;&#xA;&#x9;at com.kms.katalon.core.main.TestCaseExecutor.accessMainPhase(TestCaseExecutor.java:299)&#xD;&#xA;&#x9;at com.kms.katalon.core.main.TestCaseExecutor.execute(TestCaseExecutor.java:233)&#xD;&#xA;&#x9;at com.kms.katalon.core.main.TestSuiteExecutor.accessTestCaseMainPhase(TestSuiteExecutor.java:169)&#xD;&#xA;&#x9;at com.kms.katalon.core.main.TestSuiteExecutor.accessTestSuiteMainPhase(TestSuiteExecutor.java:142)&#xD;&#xA;&#x9;at com.kms.katalon.core.main.TestSuiteExecutor.execute(TestSuiteExecutor.java:91)&#xD;&#xA;&#x9;at com.kms.katalon.core.main.TestCaseMain.startTestSuite(TestCaseMain.java:157)&#xD;&#xA;&#x9;at com.kms.katalon.core.main.TestCaseMain$startTestSuite$0.call(Unknown Source)&#xD;&#xA;&#x9;at TempTestSuite1595486393596.run(TempTestSuite1595486393596.groovy:35)&#xD;&#xA;Caused by: com.kms.katalon.core.exception.StepFailedException: com.kms.katalon.core.webui.exception.WebElementNotFoundException: Web element with id: 'Object Repository/ICONS/toastMsg' located by 'By.xpath: //simple-snack-bar' not found&#xD;&#xA;&#x9;at com.kms.katalon.core.webui.keyword.internal.WebUIKeywordMain.stepFailed(WebUIKeywordMain.groovy:64)&#xD;&#xA;&#x9;at com.kms.katalon.core.webui.keyword.builtin.VerifyElementPresentKeyword$_verifyElementPresent_closure1.doCall(VerifyElementPresentKeyword.groovy:85)&#xD;&#xA;&#x9;at com.kms.katalon.core.webui.keyword.builtin.VerifyElementPresentKeyword$_verifyElementPresent_closure1.call(VerifyElementPresentKeyword.groovy)&#xD;&#xA;&#x9;at com.kms.katalon.core.webui.keyword.internal.WebUIKeywordMain.runKeyword(WebUIKeywordMain.groovy:20)&#xD;&#xA;&#x9;... 19 more&#xD;&#xA;"/>
            <system-out>2020-07-23 12:14:44 - [TEST_CASE][FAILED] - Test Cases/Faqbot/botUrlAndDefaultArticleConfiguration_Test: Test Cases/Faqbot/botUrlAndDefaultArticleConfiguration_Test FAILED.
Reason:
com.kms.katalon.core.exception.StepFailedException: Unable to verify object 'Object Repository/ICONS/toastMsg' is present&#xD;
	at com.kms.katalon.core.webui.keyword.internal.WebUIKeywordMain.stepFailed(WebUIKeywordMain.groovy:64)&#xD;
	at com.kms.katalon.core.webui.keyword.internal.WebUIKeywordMain.runKeyword(WebUIKeywordMain.groovy:26)&#xD;
	at com.kms.katalon.core.webui.keyword.builtin.VerifyElementPresentKeyword.verifyElementPresent(VerifyElementPresentKeyword.groovy:92)&#xD;
	at com.kms.katalon.core.webui.keyword.builtin.VerifyElementPresentKeyword.execute(VerifyElementPresentKeyword.groovy:68)&#xD;
	at com.kms.katalon.core.keyword.internal.KeywordExecutor.executeKeywordForPlatform(KeywordExecutor.groovy:56)&#xD;
	at com.kms.katalon.core.webui.keyword.WebUiBuiltInKeywords.verifyElementPresent(WebUiBuiltInKeywords.groovy:1418)&#xD;
	at com.kms.katalon.core.webui.keyword.WebUiBuiltInKeywords$verifyElementPresent$6.call(Unknown Source)&#xD;
	at botUrlAndDefaultArticleConfiguration_Test.run(botUrlAndDefaultArticleConfiguration_Test:40)&#xD;
	at com.kms.katalon.core.main.ScriptEngine.run(ScriptEngine.java:194)&#xD;
	at com.kms.katalon.core.main.ScriptEngine.runScriptAsRawText(ScriptEngine.java:119)&#xD;
	at com.kms.katalon.core.main.TestCaseExecutor.runScript(TestCaseExecutor.java:337)&#xD;
	at com.kms.katalon.core.main.TestCaseExecutor.doExecute(TestCaseExecutor.java:328)&#xD;
	at com.kms.katalon.core.main.TestCaseExecutor.processExecutionPhase(TestCaseExecutor.java:307)&#xD;
	at com.kms.katalon.core.main.TestCaseExecutor.accessMainPhase(TestCaseExecutor.java:299)&#xD;
	at com.kms.katalon.core.main.TestCaseExecutor.execute(TestCaseExecutor.java:233)&#xD;
	at com.kms.katalon.core.main.TestSuiteExecutor.accessTestCaseMainPhase(TestSuiteExecutor.java:169)&#xD;
	at com.kms.katalon.core.main.TestSuiteExecutor.accessTestSuiteMainPhase(TestSuiteExecutor.java:142)&#xD;
	at com.kms.katalon.core.main.TestSuiteExecutor.execute(TestSuiteExecutor.java:91)&#xD;
	at com.kms.katalon.core.main.TestCaseMain.startTestSuite(TestCaseMain.java:157)&#xD;
	at com.kms.katalon.core.main.TestCaseMain$startTestSuite$0.call(Unknown Source)&#xD;
	at TempTestSuite1595486393596.run(TempTestSuite1595486393596.groovy:35)&#xD;
Caused by: com.kms.katalon.core.exception.StepFailedException: com.kms.katalon.core.webui.exception.WebElementNotFoundException: Web element with id: 'Object Repository/ICONS/toastMsg' located by 'By.xpath: //simple-snack-bar' not found&#xD;
	at com.kms.katalon.core.webui.keyword.internal.WebUIKeywordMain.stepFailed(WebUIKeywordMain.groovy:64)&#xD;
	at com.kms.katalon.core.webui.keyword.builtin.VerifyElementPresentKeyword$_verifyElementPresent_closure1.doCall(VerifyElementPresentKeyword.groovy:85)&#xD;
	at com.kms.katalon.core.webui.keyword.builtin.VerifyElementPresentKeyword$_verifyElementPresent_closure1.call(VerifyElementPresentKeyword.groovy)&#xD;
	at com.kms.katalon.core.webui.keyword.internal.WebUIKeywordMain.runKeyword(WebUIKeywordMain.groovy:20)&#xD;
	... 19 more&#xD;
&#xD;
&#xD;
2020-07-23 12:14:50 - [TEST_STEP][PASSED] - Start listener action : setUp: Current window maximized&#xD;
&#xD;
2020-07-23 12:14:50 - [TEST_STEP][PASSED] - openBrowser(URL): Browser is opened with url: 'preprod.imibot.ai'&#xD;
&#xD;
2020-07-23 12:14:50 - [MESSAGE][WARNING] - A browser is already opened. Closing browser and opening a new one&#xD;
&#xD;
2020-07-23 12:15:00 - [MESSAGE][INFO] - Starting 'Edge' driver&#xD;
&#xD;
2020-07-23 12:15:25 - [MESSAGE][PASSED] - Browser is opened with url: 'preprod.imibot.ai'&#xD;
&#xD;
2020-07-23 12:15:25 - [TEST_STEP][PASSED] - maximizeWindow(): Current window maximized&#xD;
&#xD;
2020-07-23 12:15:29 - [MESSAGE][PASSED] - Current window maximized&#xD;
&#xD;
2020-07-23 12:15:30 - [TEST_STEP][PASSED] - callTestCase(findTestCase("Generic/successfulLogin_Test"), [:], STOP_ON_FAILURE): Call Test Case 'Test Cases/Generic/successfulLogin_Test' successfully&#xD;
&#xD;
2020-07-23 12:15:30 - [TEST_CASE][PASSED] - Test Cases/Generic/successfulLogin_Test: Test Cases/Generic/successfulLogin_Test&#xD;
&#xD;
2020-07-23 12:15:31 - [TEST_STEP][PASSED] - sendKeys(findTestObject("Input/username"), username): Keys 'narendra.n@imimobile.com' sent to object: 'Object Repository/Input/username'&#xD;
&#xD;
2020-07-23 12:15:38 - [MESSAGE][PASSED] - Keys 'narendra.n@imimobile.com' sent to object: 'Object Repository/Input/username'&#xD;
&#xD;
2020-07-23 12:15:38 - [TEST_STEP][PASSED] - sendKeys(findTestObject("Input/password"), password): Keys 'Test@2020' sent to object: 'Object Repository/Input/password'&#xD;
&#xD;
2020-07-23 12:15:41 - [MESSAGE][PASSED] - Keys 'Test@2020' sent to object: 'Object Repository/Input/password'&#xD;
&#xD;
2020-07-23 12:15:41 - [TEST_STEP][PASSED] - click(findTestObject("Button/signIn")): Object: 'Object Repository/Button/signIn' is clicked on&#xD;
&#xD;
2020-07-23 12:15:44 - [MESSAGE][PASSED] - Object: 'Object Repository/Button/signIn' is clicked on&#xD;
&#xD;
2020-07-23 12:15:44 - [TEST_STEP][PASSED] - if (!(waitForElementPresent(findTestObject("Button/createBot"), 30, OPTIONAL))): Object 'Object Repository/Button/createBot' is present&#xD;
&#xD;
2020-07-23 12:16:19 - [MESSAGE][PASSED] - Object 'Object Repository/Button/createBot' is present&#xD;
&#xD;
2020-07-23 12:16:19 - [MESSAGE][PASSED] - Call Test Case 'Test Cases/Generic/successfulLogin_Test' successfully&#xD;
&#xD;
2020-07-23 12:16:19 - [TEST_STEP][PASSED] - platform.Method.navigateToBot("Q&amp;A bots", FAQ_BOT): platform.Method.navigateToBot is PASSED&#xD;
&#xD;
2020-07-23 12:16:20 - [MESSAGE][PASSED] - Object 'Object Repository/Button/createBot' is present&#xD;
&#xD;
2020-07-23 12:16:22 - [MESSAGE][INFO] - Performing click action on bot&#xD;
&#xD;
2020-07-23 12:16:24 - [MESSAGE][PASSED] - platform.Method.navigateToBot is PASSED&#xD;
&#xD;
2020-07-23 12:16:24 - [TEST_STEP][PASSED] - platform.Method.clickOnElement(findTestObject("ICONS/sidebarSettings")): platform.Method.clickOnElement is PASSED&#xD;
&#xD;
2020-07-23 12:16:29 - [MESSAGE][PASSED] - platform.Method.clickOnElement is PASSED&#xD;
&#xD;
2020-07-23 12:16:29 - [TEST_STEP][PASSED] - waitForElementPresent(findTestObject("Input/botLogo"), 20, OPTIONAL): Object 'Object Repository/Input/botLogo' is present&#xD;
&#xD;
2020-07-23 12:16:31 - [MESSAGE][PASSED] - Object 'Object Repository/Input/botLogo' is present&#xD;
&#xD;
2020-07-23 12:16:31 - [TEST_STEP][PASSED] - setText(findTestObject("Input/botLogo"), botLogo): Text 'https://avaamo.ai/wp-content/uploads/2017/01/chatbotsfuterpswm-300x225.jpg' is set on object 'Object Repository/Input/botLogo'&#xD;
&#xD;
2020-07-23 12:16:40 - [MESSAGE][PASSED] - Text 'https://avaamo.ai/wp-content/uploads/2017/01/chatbotsfuterpswm-300x225.jpg' is set on object 'Object Repository/Input/botLogo'&#xD;
&#xD;
2020-07-23 12:16:40 - [TEST_STEP][PASSED] - platform.Method.clickOnElement(findTestObject("Button/updateBot")): platform.Method.clickOnElement is PASSED&#xD;
&#xD;
2020-07-23 12:16:42 - [MESSAGE][PASSED] - platform.Method.clickOnElement is PASSED&#xD;
&#xD;
2020-07-23 12:16:42 - [TEST_STEP][PASSED] - verifyElementPresent(findTestObject("ICONS/toastMsg"), 15, STOP_ON_FAILURE): Object 'Object Repository/ICONS/toastMsg' is present&#xD;
&#xD;
2020-07-23 12:16:46 - [MESSAGE][PASSED] - Object 'Object Repository/ICONS/toastMsg' is present&#xD;
&#xD;
2020-07-23 12:16:46 - [TEST_STEP][PASSED] - platform.Method.clickOnElement(findTestObject("Generic/articles")): platform.Method.clickOnElement is PASSED&#xD;
&#xD;
2020-07-23 12:16:49 - [MESSAGE][PASSED] - platform.Method.clickOnElement is PASSED&#xD;
&#xD;
2020-07-23 12:16:49 - [TEST_STEP][PASSED] - platform.Method.clickOnElement(findTestObject("Generic/webObjectWithText", ["textValue":"Welcome Message"])): platform.Method.clickOnElement is PASSED&#xD;
&#xD;
2020-07-23 12:16:52 - [MESSAGE][PASSED] - platform.Method.clickOnElement is PASSED&#xD;
&#xD;
2020-07-23 12:16:52 - [TEST_STEP][PASSED] - setText(findTestObject("Input/textResponse"), welcomeMessage): Text 'Hi! I'm your bank bot designed to help you with your basic queries on bank related areas.' is set on object 'Object Repository/Input/textResponse'&#xD;
&#xD;
2020-07-23 12:17:02 - [MESSAGE][PASSED] - Text 'Hi! I'm your bank bot designed to help you with your basic queries on bank related areas.' is set on object 'Object Repository/Input/textResponse'&#xD;
&#xD;
2020-07-23 12:17:02 - [TEST_STEP][PASSED] - platform.Method.clickOnElement(findTestObject("Button/save", ["value":" Save "])): platform.Method.clickOnElement is PASSED&#xD;
&#xD;
2020-07-23 12:17:05 - [MESSAGE][PASSED] - platform.Method.clickOnElement is PASSED&#xD;
&#xD;
2020-07-23 12:17:05 - [TEST_STEP][PASSED] - platform.Method.trainAndComment(comment): platform.Method.trainAndComment is PASSED&#xD;
&#xD;
2020-07-23 12:17:12 - [MESSAGE][INFO] - Unable to find the element located by 'By.xpath: //button[contains(text(),'Train')]'. Please recheck the objects properties to make sure the desired element is located. &#xD;
&#xD;
2020-07-23 12:17:12 - [MESSAGE][INFO] - BOT STATE IS TRAINED&#xD;
&#xD;
2020-07-23 12:17:12 - [MESSAGE][PASSED] - platform.Method.trainAndComment is PASSED&#xD;
&#xD;
2020-07-23 12:17:12 - [TEST_STEP][FAILED] - verifyElementPresent(findTestObject("ICONS/toastMsg"), 30, STOP_ON_FAILURE): Unable to verify object 'Object Repository/ICONS/toastMsg' is present (Root cause: com.kms.katalon.core.exception.StepFailedException: Unable to verify object 'Object Repository/ICONS/toastMsg' is present&#xD;
	at com.kms.katalon.core.webui.keyword.internal.WebUIKeywordMain.stepFailed(WebUIKeywordMain.groovy:64)&#xD;
	at com.kms.katalon.core.webui.keyword.internal.WebUIKeywordMain.runKeyword(WebUIKeywordMain.groovy:26)&#xD;
	at com.kms.katalon.core.webui.keyword.builtin.VerifyElementPresentKeyword.verifyElementPresent(VerifyElementPresentKeyword.groovy:92)&#xD;
	at com.kms.katalon.core.webui.keyword.builtin.VerifyElementPresentKeyword.execute(VerifyElementPresentKeyword.groovy:68)&#xD;
	at com.kms.katalon.core.keyword.internal.KeywordExecutor.executeKeywordForPlatform(KeywordExecutor.groovy:56)&#xD;
	at com.kms.katalon.core.webui.keyword.WebUiBuiltInKeywords.verifyElementPresent(WebUiBuiltInKeywords.groovy:1418)&#xD;
	at com.kms.katalon.core.webui.keyword.WebUiBuiltInKeywords$verifyElementPresent$6.call(Unknown Source)&#xD;
	at botUrlAndDefaultArticleConfiguration_Test.run(botUrlAndDefaultArticleConfiguration_Test:40)&#xD;
	at com.kms.katalon.core.main.ScriptEngine.run(ScriptEngine.java:194)&#xD;
	at com.kms.katalon.core.main.ScriptEngine.runScriptAsRawText(ScriptEngine.java:119)&#xD;
	at com.kms.katalon.core.main.TestCaseExecutor.runScript(TestCaseExecutor.java:337)&#xD;
	at com.kms.katalon.core.main.TestCaseExecutor.doExecute(TestCaseExecutor.java:328)&#xD;
	at com.kms.katalon.core.main.TestCaseExecutor.processExecutionPhase(TestCaseExecutor.java:307)&#xD;
	at com.kms.katalon.core.main.TestCaseExecutor.accessMainPhase(TestCaseExecutor.java:299)&#xD;
	at com.kms.katalon.core.main.TestCaseExecutor.execute(TestCaseExecutor.java:233)&#xD;
	at com.kms.katalon.core.main.TestSuiteExecutor.accessTestCaseMainPhase(TestSuiteExecutor.java:169)&#xD;
	at com.kms.katalon.core.main.TestSuiteExecutor.accessTestSuiteMainPhase(TestSuiteExecutor.java:142)&#xD;
	at com.kms.katalon.core.main.TestSuiteExecutor.execute(TestSuiteExecutor.java:91)&#xD;
	at com.kms.katalon.core.main.TestCaseMain.startTestSuite(TestCaseMain.java:157)&#xD;
	at com.kms.katalon.core.main.TestCaseMain$startTestSuite$0.call(Unknown Source)&#xD;
	at TempTestSuite1595486393596.run(TempTestSuite1595486393596.groovy:35)&#xD;
Caused by: com.kms.katalon.core.exception.StepFailedException: com.kms.katalon.core.webui.exception.WebElementNotFoundException: Web element with id: 'Object Repository/ICONS/toastMsg' located by 'By.xpath: //simple-snack-bar' not found&#xD;
	at com.kms.katalon.core.webui.keyword.internal.WebUIKeywordMain.stepFailed(WebUIKeywordMain.groovy:64)&#xD;
	at com.kms.katalon.core.webui.keyword.builtin.VerifyElementPresentKeyword$_verifyElementPresent_closure1.doCall(VerifyElementPresentKeyword.groovy:85)&#xD;
	at com.kms.katalon.core.webui.keyword.builtin.VerifyElementPresentKeyword$_verifyElementPresent_closure1.call(VerifyElementPresentKeyword.groovy)&#xD;
	at com.kms.katalon.core.webui.keyword.internal.WebUIKeywordMain.runKeyword(WebUIKeywordMain.groovy:20)&#xD;
	... 19 more&#xD;
)&#xD;
&#xD;
2020-07-23 12:17:48 - [MESSAGE][INFO] - Unable to find the element located by 'By.xpath: //simple-snack-bar'. Please recheck the objects properties to make sure the desired element is located. &#xD;
&#xD;
2020-07-23 12:17:50 - [MESSAGE][FAILED] - com.kms.katalon.core.webui.exception.WebElementNotFoundException: Web element with id: 'Object Repository/ICONS/toastMsg' located by 'By.xpath: //simple-snack-bar' not found (Root cause: com.kms.katalon.core.exception.StepFailedException: com.kms.katalon.core.webui.exception.WebElementNotFoundException: Web element with id: 'Object Repository/ICONS/toastMsg' located by 'By.xpath: //simple-snack-bar' not found&#xD;
	at com.kms.katalon.core.webui.keyword.internal.WebUIKeywordMain.stepFailed(WebUIKeywordMain.groovy:64)&#xD;
	at com.kms.katalon.core.webui.keyword.builtin.VerifyElementPresentKeyword$_verifyElementPresent_closure1.doCall(VerifyElementPresentKeyword.groovy:85)&#xD;
	at com.kms.katalon.core.webui.keyword.builtin.VerifyElementPresentKeyword$_verifyElementPresent_closure1.call(VerifyElementPresentKeyword.groovy)&#xD;
	at com.kms.katalon.core.webui.keyword.internal.WebUIKeywordMain.runKeyword(WebUIKeywordMain.groovy:20)&#xD;
	at com.kms.katalon.core.webui.keyword.builtin.VerifyElementPresentKeyword.verifyElementPresent(VerifyElementPresentKeyword.groovy:92)&#xD;
	at com.kms.katalon.core.webui.keyword.builtin.VerifyElementPresentKeyword.execute(VerifyElementPresentKeyword.groovy:68)&#xD;
	at com.kms.katalon.core.keyword.internal.KeywordExecutor.executeKeywordForPlatform(KeywordExecutor.groovy:56)&#xD;
	at com.kms.katalon.core.webui.keyword.WebUiBuiltInKeywords.verifyElementPresent(WebUiBuiltInKeywords.groovy:1418)&#xD;
	at com.kms.katalon.core.webui.keyword.WebUiBuiltInKeywords$verifyElementPresent$6.call(Unknown Source)&#xD;
	at botUrlAndDefaultArticleConfiguration_Test.run(botUrlAndDefaultArticleConfiguration_Test:40)&#xD;
	at com.kms.katalon.core.main.ScriptEngine.run(ScriptEngine.java:194)&#xD;
	at com.kms.katalon.core.main.ScriptEngine.runScriptAsRawText(ScriptEngine.java:119)&#xD;
	at com.kms.katalon.core.main.TestCaseExecutor.runScript(TestCaseExecutor.java:337)&#xD;
	at com.kms.katalon.core.main.TestCaseExecutor.doExecute(TestCaseExecutor.java:328)&#xD;
	at com.kms.katalon.core.main.TestCaseExecutor.processExecutionPhase(TestCaseExecutor.java:307)&#xD;
	at com.kms.katalon.core.main.TestCaseExecutor.accessMainPhase(TestCaseExecutor.java:299)&#xD;
	at com.kms.katalon.core.main.TestCaseExecutor.execute(TestCaseExecutor.java:233)&#xD;
	at com.kms.katalon.core.main.TestSuiteExecutor.accessTestCaseMainPhase(TestSuiteExecutor.java:169)&#xD;
	at com.kms.katalon.core.main.TestSuiteExecutor.accessTestSuiteMainPhase(TestSuiteExecutor.java:142)&#xD;
	at com.kms.katalon.core.main.TestSuiteExecutor.execute(TestSuiteExecutor.java:91)&#xD;
	at com.kms.katalon.core.main.TestCaseMain.startTestSuite(TestCaseMain.java:157)&#xD;
	at com.kms.katalon.core.main.TestCaseMain$startTestSuite$0.call(Unknown Source)&#xD;
	at TempTestSuite1595486393596.run(TempTestSuite1595486393596.groovy:35)&#xD;
)&#xD;
[[ATTACHMENT|D:\\IMIbot.ai-Project\\Reports\\20200723_120951\\faqSuiteE2E\\20200723_120953\\1595486868735.png]]&#xD;
&#xD;
2020-07-23 12:17:53 - [MESSAGE][FAILED] - Unable to verify object 'Object Repository/ICONS/toastMsg' is present (Root cause: com.kms.katalon.core.exception.StepFailedException: Unable to verify object 'Object Repository/ICONS/toastMsg' is present&#xD;
	at com.kms.katalon.core.webui.keyword.internal.WebUIKeywordMain.stepFailed(WebUIKeywordMain.groovy:64)&#xD;
	at com.kms.katalon.core.webui.keyword.internal.WebUIKeywordMain.runKeyword(WebUIKeywordMain.groovy:26)&#xD;
	at com.kms.katalon.core.webui.keyword.builtin.VerifyElementPresentKeyword.verifyElementPresent(VerifyElementPresentKeyword.groovy:92)&#xD;
	at com.kms.katalon.core.webui.keyword.builtin.VerifyElementPresentKeyword.execute(VerifyElementPresentKeyword.groovy:68)&#xD;
	at com.kms.katalon.core.keyword.internal.KeywordExecutor.executeKeywordForPlatform(KeywordExecutor.groovy:56)&#xD;
	at com.kms.katalon.core.webui.keyword.WebUiBuiltInKeywords.verifyElementPresent(WebUiBuiltInKeywords.groovy:1418)&#xD;
	at com.kms.katalon.core.webui.keyword.WebUiBuiltInKeywords$verifyElementPresent$6.call(Unknown Source)&#xD;
	at botUrlAndDefaultArticleConfiguration_Test.run(botUrlAndDefaultArticleConfiguration_Test:40)&#xD;
	at com.kms.katalon.core.main.ScriptEngine.run(ScriptEngine.java:194)&#xD;
	at com.kms.katalon.core.main.ScriptEngine.runScriptAsRawText(ScriptEngine.java:119)&#xD;
	at com.kms.katalon.core.main.TestCaseExecutor.runScript(TestCaseExecutor.java:337)&#xD;
	at com.kms.katalon.core.main.TestCaseExecutor.doExecute(TestCaseExecutor.java:328)&#xD;
	at com.kms.katalon.core.main.TestCaseExecutor.processExecutionPhase(TestCaseExecutor.java:307)&#xD;
	at com.kms.katalon.core.main.TestCaseExecutor.accessMainPhase(TestCaseExecutor.java:299)&#xD;
	at com.kms.katalon.core.main.TestCaseExecutor.execute(TestCaseExecutor.java:233)&#xD;
	at com.kms.katalon.core.main.TestSuiteExecutor.accessTestCaseMainPhase(TestSuiteExecutor.java:169)&#xD;
	at com.kms.katalon.core.main.TestSuiteExecutor.accessTestSuiteMainPhase(TestSuiteExecutor.java:142)&#xD;
	at com.kms.katalon.core.main.TestSuiteExecutor.execute(TestSuiteExecutor.java:91)&#xD;
	at com.kms.katalon.core.main.TestCaseMain.startTestSuite(TestCaseMain.java:157)&#xD;
	at com.kms.katalon.core.main.TestCaseMain$startTestSuite$0.call(Unknown Source)&#xD;
	at TempTestSuite1595486393596.run(TempTestSuite1595486393596.groovy:35)&#xD;
Caused by: com.kms.katalon.core.exception.StepFailedException: com.kms.katalon.core.webui.exception.WebElementNotFoundException: Web element with id: 'Object Repository/ICONS/toastMsg' located by 'By.xpath: //simple-snack-bar' not found&#xD;
	at com.kms.katalon.core.webui.keyword.internal.WebUIKeywordMain.stepFailed(WebUIKeywordMain.groovy:64)&#xD;
	at com.kms.katalon.core.webui.keyword.builtin.VerifyElementPresentKeyword$_verifyElementPresent_closure1.doCall(VerifyElementPresentKeyword.groovy:85)&#xD;
	at com.kms.katalon.core.webui.keyword.builtin.VerifyElementPresentKeyword$_verifyElementPresent_closure1.call(VerifyElementPresentKeyword.groovy)&#xD;
	at com.kms.katalon.core.webui.keyword.internal.WebUIKeywordMain.runKeyword(WebUIKeywordMain.groovy:20)&#xD;
	... 19 more&#xD;
)&#xD;
[[ATTACHMENT|D:\\IMIbot.ai-Project\\Reports\\20200723_120951\\faqSuiteE2E\\20200723_120953\\1595486870833.png]]</system-out>
            <system-err>2020-07-23 12:14:44 - [TEST_CASE][FAILED] - Test Cases/Faqbot/botUrlAndDefaultArticleConfiguration_Test: Test Cases/Faqbot/botUrlAndDefaultArticleConfiguration_Test FAILED.
Reason:
com.kms.katalon.core.exception.StepFailedException: Unable to verify object 'Object Repository/ICONS/toastMsg' is present&#xD;
	at com.kms.katalon.core.webui.keyword.internal.WebUIKeywordMain.stepFailed(WebUIKeywordMain.groovy:64)&#xD;
	at com.kms.katalon.core.webui.keyword.internal.WebUIKeywordMain.runKeyword(WebUIKeywordMain.groovy:26)&#xD;
	at com.kms.katalon.core.webui.keyword.builtin.VerifyElementPresentKeyword.verifyElementPresent(VerifyElementPresentKeyword.groovy:92)&#xD;
	at com.kms.katalon.core.webui.keyword.builtin.VerifyElementPresentKeyword.execute(VerifyElementPresentKeyword.groovy:68)&#xD;
	at com.kms.katalon.core.keyword.internal.KeywordExecutor.executeKeywordForPlatform(KeywordExecutor.groovy:56)&#xD;
	at com.kms.katalon.core.webui.keyword.WebUiBuiltInKeywords.verifyElementPresent(WebUiBuiltInKeywords.groovy:1418)&#xD;
	at com.kms.katalon.core.webui.keyword.WebUiBuiltInKeywords$verifyElementPresent$6.call(Unknown Source)&#xD;
	at botUrlAndDefaultArticleConfiguration_Test.run(botUrlAndDefaultArticleConfiguration_Test:40)&#xD;
	at com.kms.katalon.core.main.ScriptEngine.run(ScriptEngine.java:194)&#xD;
	at com.kms.katalon.core.main.ScriptEngine.runScriptAsRawText(ScriptEngine.java:119)&#xD;
	at com.kms.katalon.core.main.TestCaseExecutor.runScript(TestCaseExecutor.java:337)&#xD;
	at com.kms.katalon.core.main.TestCaseExecutor.doExecute(TestCaseExecutor.java:328)&#xD;
	at com.kms.katalon.core.main.TestCaseExecutor.processExecutionPhase(TestCaseExecutor.java:307)&#xD;
	at com.kms.katalon.core.main.TestCaseExecutor.accessMainPhase(TestCaseExecutor.java:299)&#xD;
	at com.kms.katalon.core.main.TestCaseExecutor.execute(TestCaseExecutor.java:233)&#xD;
	at com.kms.katalon.core.main.TestSuiteExecutor.accessTestCaseMainPhase(TestSuiteExecutor.java:169)&#xD;
	at com.kms.katalon.core.main.TestSuiteExecutor.accessTestSuiteMainPhase(TestSuiteExecutor.java:142)&#xD;
	at com.kms.katalon.core.main.TestSuiteExecutor.execute(TestSuiteExecutor.java:91)&#xD;
	at com.kms.katalon.core.main.TestCaseMain.startTestSuite(TestCaseMain.java:157)&#xD;
	at com.kms.katalon.core.main.TestCaseMain$startTestSuite$0.call(Unknown Source)&#xD;
	at TempTestSuite1595486393596.run(TempTestSuite1595486393596.groovy:35)&#xD;
Caused by: com.kms.katalon.core.exception.StepFailedException: com.kms.katalon.core.webui.exception.WebElementNotFoundException: Web element with id: 'Object Repository/ICONS/toastMsg' located by 'By.xpath: //simple-snack-bar' not found&#xD;
	at com.kms.katalon.core.webui.keyword.internal.WebUIKeywordMain.stepFailed(WebUIKeywordMain.groovy:64)&#xD;
	at com.kms.katalon.core.webui.keyword.builtin.VerifyElementPresentKeyword$_verifyElementPresent_closure1.doCall(VerifyElementPresentKeyword.groovy:85)&#xD;
	at com.kms.katalon.core.webui.keyword.builtin.VerifyElementPresentKeyword$_verifyElementPresent_closure1.call(VerifyElementPresentKeyword.groovy)&#xD;
	at com.kms.katalon.core.webui.keyword.internal.WebUIKeywordMain.runKeyword(WebUIKeywordMain.groovy:20)&#xD;
	... 19 more</system-err>
        </testcase>
        <testcase name="Test Cases/Faqbot/botCardMenuWithFallbackMessage_Test" classname="Test Cases/Faqbot/botCardMenuWithFallbackMessage_Test" status="PASSED">
            <system-out>2020-07-23 12:17:53 - [TEST_CASE][PASSED] - Test Cases/Faqbot/botCardMenuWithFallbackMessage_Test: Test Cases/Faqbot/botCardMenuWithFallbackMessage_Test&#xD;
&#xD;
2020-07-23 12:17:54 - [TEST_STEP][PASSED] - Start listener action : setUp: Current window maximized&#xD;
&#xD;
2020-07-23 12:17:54 - [TEST_STEP][PASSED] - openBrowser(URL): Browser is opened with url: 'preprod.imibot.ai'&#xD;
&#xD;
2020-07-23 12:17:54 - [MESSAGE][WARNING] - A browser is already opened. Closing browser and opening a new one&#xD;
&#xD;
2020-07-23 12:18:05 - [MESSAGE][INFO] - Starting 'Edge' driver&#xD;
&#xD;
2020-07-23 12:18:24 - [MESSAGE][PASSED] - Browser is opened with url: 'preprod.imibot.ai'&#xD;
&#xD;
2020-07-23 12:18:24 - [TEST_STEP][PASSED] - maximizeWindow(): Current window maximized&#xD;
&#xD;
2020-07-23 12:18:27 - [MESSAGE][PASSED] - Current window maximized&#xD;
&#xD;
2020-07-23 12:18:27 - [TEST_STEP][PASSED] - callTestCase(findTestCase("Generic/successfulLogin_Test"), [:], STOP_ON_FAILURE): Call Test Case 'Test Cases/Generic/successfulLogin_Test' successfully&#xD;
&#xD;
2020-07-23 12:18:27 - [TEST_CASE][PASSED] - Test Cases/Generic/successfulLogin_Test: Test Cases/Generic/successfulLogin_Test&#xD;
&#xD;
2020-07-23 12:18:27 - [TEST_STEP][PASSED] - sendKeys(findTestObject("Input/username"), username): Keys 'narendra.n@imimobile.com' sent to object: 'Object Repository/Input/username'&#xD;
&#xD;
2020-07-23 12:18:30 - [MESSAGE][PASSED] - Keys 'narendra.n@imimobile.com' sent to object: 'Object Repository/Input/username'&#xD;
&#xD;
2020-07-23 12:18:30 - [TEST_STEP][PASSED] - sendKeys(findTestObject("Input/password"), password): Keys 'Test@2020' sent to object: 'Object Repository/Input/password'&#xD;
&#xD;
2020-07-23 12:18:32 - [MESSAGE][PASSED] - Keys 'Test@2020' sent to object: 'Object Repository/Input/password'&#xD;
&#xD;
2020-07-23 12:18:32 - [TEST_STEP][PASSED] - click(findTestObject("Button/signIn")): Object: 'Object Repository/Button/signIn' is clicked on&#xD;
&#xD;
2020-07-23 12:18:34 - [MESSAGE][PASSED] - Object: 'Object Repository/Button/signIn' is clicked on&#xD;
&#xD;
2020-07-23 12:18:34 - [TEST_STEP][PASSED] - if (!(waitForElementPresent(findTestObject("Button/createBot"), 30, OPTIONAL))): Wait for page load successfully&#xD;
&#xD;
2020-07-23 12:19:15 - [MESSAGE][INFO] - Unable to find the element located by 'By.xpath: //app-button-wrapper//button'. Please recheck the objects properties to make sure the desired element is located. &#xD;
&#xD;
2020-07-23 12:19:15 - [MESSAGE][WARNING] - Object 'Object Repository/Button/createBot' is not present after 30 second(s)&#xD;
&#xD;
2020-07-23 12:19:15 - [TEST_STEP][PASSED] - waitForPageLoad(10): Wait for page load successfully&#xD;
&#xD;
2020-07-23 12:19:21 - [MESSAGE][PASSED] - Wait for page load successfully&#xD;
&#xD;
2020-07-23 12:19:21 - [MESSAGE][PASSED] - Call Test Case 'Test Cases/Generic/successfulLogin_Test' successfully&#xD;
&#xD;
2020-07-23 12:19:21 - [TEST_STEP][PASSED] - botCardOptions = platform.Method.verifyBotCardMenu("Q&amp;A bots", FAQ_BOT): platform.Method.verifyBotCardMenu is PASSED&#xD;
&#xD;
2020-07-23 12:19:29 - [MESSAGE][PASSED] - Object 'Object Repository/Button/botCardPreview' is present&#xD;
&#xD;
2020-07-23 12:19:31 - [MESSAGE][PASSED] - Object: 'Object Repository/Button/botCardMenu' is hovered&#xD;
&#xD;
2020-07-23 12:19:40 - [MESSAGE][PASSED] - platform.Method.verifyBotCardMenu is PASSED&#xD;
&#xD;
2020-07-23 12:19:40 - [TEST_STEP][PASSED] - verifyElementPresent(findTestObject("Generic/webObjectWithText", ["textValue":"Copy Preview Link"]), 5, STOP_ON_FAILURE): Object 'Object Repository/Generic/webObjectWithText' is present&#xD;
&#xD;
2020-07-23 12:19:41 - [MESSAGE][PASSED] - Object 'Object Repository/Generic/webObjectWithText' is present&#xD;
&#xD;
2020-07-23 12:19:41 - [TEST_STEP][PASSED] - assert botCardOptions.containsAll(BOT_CARD_OPTION) == true: null&#xD;
&#xD;
2020-07-23 12:19:41 - [TEST_STEP][PASSED] - platform.Response.clickOnElement(findTestObject("Generic/webObjectWithText", ["textValue":FAQ_BOT])): platform.Response.clickOnElement is PASSED&#xD;
&#xD;
2020-07-23 12:19:44 - [MESSAGE][PASSED] - platform.Response.clickOnElement is PASSED&#xD;
&#xD;
2020-07-23 12:19:44 - [TEST_STEP][PASSED] - platform.Response.clickOnElement(findTestObject("Button/preview")): platform.Response.clickOnElement is PASSED&#xD;
&#xD;
2020-07-23 12:19:51 - [MESSAGE][PASSED] - platform.Response.clickOnElement is PASSED&#xD;
&#xD;
2020-07-23 12:19:51 - [TEST_STEP][PASSED] - sendKeys(findTestObject("Input/chatInput"), Keys.chord(userQuery, ENTER)): Keys 'ENTER + show last transaction receipt' sent to object: 'Object Repository/Input/chatInput'&#xD;
&#xD;
2020-07-23 12:19:57 - [MESSAGE][PASSED] - Keys 'ENTER + show last transaction receipt' sent to object: 'Object Repository/Input/chatInput'&#xD;
&#xD;
2020-07-23 12:19:57 - [TEST_STEP][PASSED] - delay(3): Delayed 3 second(s)&#xD;
&#xD;
2020-07-23 12:20:00 - [MESSAGE][PASSED] - Delayed 3 second(s)&#xD;
&#xD;
2020-07-23 12:20:00 - [TEST_STEP][PASSED] - verifyElementText(findTestObject("Generic/botReponse", ["index":2]), botResponse, OPTIONAL): Actual text and expected text of test object 'Object Repository/Generic/botReponse' are matched.&#xD;
&#xD;
2020-07-23 12:20:03 - [MESSAGE][PASSED] - Actual text and expected text of test object 'Object Repository/Generic/botReponse' are matched.&#xD;
&#xD;
2020-07-23 12:20:03 - [TEST_STEP][PASSED] - getRoomIdAt = new java.util.ArrayList(): null&#xD;
&#xD;
2020-07-23 12:20:03 - [TEST_STEP][PASSED] - getRoomIdAt = platform.Utility.getRoomID(): platform.Utility.getRoomID is PASSED&#xD;
&#xD;
2020-07-23 12:20:09 - [MESSAGE][PASSED] - platform.Utility.getRoomID is PASSED&#xD;
&#xD;
2020-07-23 12:20:09 - [TEST_STEP][PASSED] - platform.Utility.overWriteTestData(sheetName, rowNumber, cellNumber, get(0).toString()): platform.Utility.overWriteTestData is PASSED&#xD;
&#xD;
2020-07-23 12:20:11 - [MESSAGE][PASSED] - platform.Utility.overWriteTestData is PASSED&#xD;
&#xD;
2020-07-23 12:20:11 - [TEST_STEP][PASSED] - platform.Response.clickOnElement(findTestObject("GenericII/minimize")): platform.Response.clickOnElement is PASSED&#xD;
&#xD;
2020-07-23 12:20:14 - [MESSAGE][PASSED] - platform.Response.clickOnElement is PASSED</system-out>
            <system-err></system-err>
        </testcase>
        <testcase name="Test Cases/Faqbot/importArticlesFromCsv_Test" classname="Test Cases/Faqbot/importArticlesFromCsv_Test" status="PASSED">
            <system-out>2020-07-23 12:20:14 - [TEST_CASE][PASSED] - Test Cases/Faqbot/importArticlesFromCsv_Test: Test Cases/Faqbot/importArticlesFromCsv_Test&#xD;
&#xD;
2020-07-23 12:20:15 - [TEST_STEP][PASSED] - Start listener action : setUp: Current window maximized&#xD;
&#xD;
2020-07-23 12:20:15 - [TEST_STEP][PASSED] - openBrowser(URL): Browser is opened with url: 'preprod.imibot.ai'&#xD;
&#xD;
2020-07-23 12:20:15 - [MESSAGE][WARNING] - A browser is already opened. Closing browser and opening a new one&#xD;
&#xD;
2020-07-23 12:20:22 - [MESSAGE][INFO] - Starting 'Edge' driver&#xD;
&#xD;
2020-07-23 12:20:46 - [MESSAGE][PASSED] - Browser is opened with url: 'preprod.imibot.ai'&#xD;
&#xD;
2020-07-23 12:20:46 - [TEST_STEP][PASSED] - maximizeWindow(): Current window maximized&#xD;
&#xD;
2020-07-23 12:20:49 - [MESSAGE][PASSED] - Current window maximized&#xD;
&#xD;
2020-07-23 12:20:49 - [TEST_STEP][PASSED] - callTestCase(findTestCase("Generic/successfulLogin_Test"), [:], STOP_ON_FAILURE): Call Test Case 'Test Cases/Generic/successfulLogin_Test' successfully&#xD;
&#xD;
2020-07-23 12:20:50 - [TEST_CASE][PASSED] - Test Cases/Generic/successfulLogin_Test: Test Cases/Generic/successfulLogin_Test&#xD;
&#xD;
2020-07-23 12:20:50 - [TEST_STEP][PASSED] - sendKeys(findTestObject("Input/username"), username): Keys 'narendra.n@imimobile.com' sent to object: 'Object Repository/Input/username'&#xD;
&#xD;
2020-07-23 12:20:54 - [MESSAGE][PASSED] - Keys 'narendra.n@imimobile.com' sent to object: 'Object Repository/Input/username'&#xD;
&#xD;
2020-07-23 12:20:54 - [TEST_STEP][PASSED] - sendKeys(findTestObject("Input/password"), password): Keys 'Test@2020' sent to object: 'Object Repository/Input/password'&#xD;
&#xD;
2020-07-23 12:20:58 - [MESSAGE][PASSED] - Keys 'Test@2020' sent to object: 'Object Repository/Input/password'&#xD;
&#xD;
2020-07-23 12:20:58 - [TEST_STEP][PASSED] - click(findTestObject("Button/signIn")): Object: 'Object Repository/Button/signIn' is clicked on&#xD;
&#xD;
2020-07-23 12:21:01 - [MESSAGE][PASSED] - Object: 'Object Repository/Button/signIn' is clicked on&#xD;
&#xD;
2020-07-23 12:21:01 - [TEST_STEP][PASSED] - if (!(waitForElementPresent(findTestObject("Button/createBot"), 30, OPTIONAL))): Object 'Object Repository/Button/createBot' is present&#xD;
&#xD;
2020-07-23 12:21:29 - [MESSAGE][PASSED] - Object 'Object Repository/Button/createBot' is present&#xD;
&#xD;
2020-07-23 12:21:29 - [MESSAGE][PASSED] - Call Test Case 'Test Cases/Generic/successfulLogin_Test' successfully&#xD;
&#xD;
2020-07-23 12:21:29 - [TEST_STEP][PASSED] - platform.Method.navigateToBot("Q&amp;A bots", FAQ_BOT): platform.Method.navigateToBot is PASSED&#xD;
&#xD;
2020-07-23 12:21:31 - [MESSAGE][PASSED] - Object 'Object Repository/Button/createBot' is present&#xD;
&#xD;
2020-07-23 12:21:34 - [MESSAGE][INFO] - Performing click action on bot&#xD;
&#xD;
2020-07-23 12:21:37 - [MESSAGE][PASSED] - platform.Method.navigateToBot is PASSED&#xD;
&#xD;
2020-07-23 12:21:37 - [TEST_STEP][PASSED] - platform.Method.clickOnElement(findTestObject("Generic/articles")): platform.Method.clickOnElement is PASSED&#xD;
&#xD;
2020-07-23 12:21:46 - [MESSAGE][PASSED] - platform.Method.clickOnElement is PASSED&#xD;
&#xD;
2020-07-23 12:21:46 - [TEST_STEP][PASSED] - platform.Articles.selectFromKebabMenu(findTestObject("Button/importIcon"), "Import From CSV"): platform.Articles.selectFromKebabMenu is PASSED&#xD;
&#xD;
2020-07-23 12:21:50 - [MESSAGE][PASSED] - Object 'Object Repository/Button/kebabMenu' is clickable&#xD;
&#xD;
2020-07-23 12:21:52 - [MESSAGE][INFO] - Selected value: Import From CSV&#xD;
&#xD;
2020-07-23 12:21:55 - [MESSAGE][PASSED] - platform.Articles.selectFromKebabMenu is PASSED&#xD;
&#xD;
2020-07-23 12:21:55 - [TEST_STEP][PASSED] - platform.Method.uploadCsvFile(false, fileName): platform.Method.uploadCsvFile is PASSED&#xD;
&#xD;
2020-07-23 12:21:55 - [MESSAGE][INFO] - PREVIOUS DATA NOT BE OVERRIDDEN&#xD;
&#xD;
2020-07-23 12:21:57 - [MESSAGE][PASSED] - File 'D:/IMIbot.ai-Project/Collection/DefaultBankFAQ.csv' sent to object: 'Object Repository/Input/uploadFile'&#xD;
&#xD;
2020-07-23 12:22:00 - [MESSAGE][PASSED] - platform.Method.uploadCsvFile is PASSED&#xD;
&#xD;
2020-07-23 12:22:00 - [TEST_STEP][PASSED] - platform.Method.trainAndComment(comment): platform.Method.trainAndComment is PASSED&#xD;
&#xD;
2020-07-23 12:22:09 - [MESSAGE][PASSED] - Keys 'Post upload train' sent to object: 'Object Repository/Input/comment'&#xD;
&#xD;
2020-07-23 12:22:11 - [MESSAGE][PASSED] - platform.Method.trainAndComment is PASSED&#xD;
&#xD;
2020-07-23 12:22:11 - [TEST_STEP][PASSED] - waitForElementPresent(findTestObject("ICONS/toastMsg"), 20, STOP_ON_FAILURE): Object 'Object Repository/ICONS/toastMsg' is present&#xD;
&#xD;
2020-07-23 12:22:21 - [MESSAGE][PASSED] - Object 'Object Repository/ICONS/toastMsg' is present&#xD;
&#xD;
2020-07-23 12:22:21 - [TEST_STEP][PASSED] - platform.Response.clickOnElement(findTestObject("Button/preview")): platform.Response.clickOnElement is PASSED&#xD;
&#xD;
2020-07-23 12:22:23 - [MESSAGE][PASSED] - platform.Response.clickOnElement is PASSED&#xD;
&#xD;
2020-07-23 12:22:23 - [TEST_STEP][PASSED] - waitForElementPresent(findTestObject("Input/chatInput"), 5, OPTIONAL): Object 'Object Repository/Input/chatInput' is present&#xD;
&#xD;
2020-07-23 12:22:25 - [MESSAGE][PASSED] - Object 'Object Repository/Input/chatInput' is present&#xD;
&#xD;
2020-07-23 12:22:25 - [TEST_STEP][PASSED] - sendKeys(findTestObject("Input/chatInput"), Keys.chord(userQuery, ENTER)): Keys 'ENTER + How do I report fraud?' sent to object: 'Object Repository/Input/chatInput'&#xD;
&#xD;
2020-07-23 12:22:30 - [MESSAGE][PASSED] - Keys 'ENTER + How do I report fraud?' sent to object: 'Object Repository/Input/chatInput'&#xD;
&#xD;
2020-07-23 12:22:30 - [TEST_STEP][PASSED] - delay(1): Delayed 1 second(s)&#xD;
&#xD;
2020-07-23 12:22:31 - [MESSAGE][PASSED] - Delayed 1 second(s)&#xD;
&#xD;
2020-07-23 12:22:31 - [TEST_STEP][PASSED] - platform.Preview.verifyBotResponse(stringToCheck): YOUR TEXT HAS A MATCH&#xD;
&#xD;
2020-07-23 12:22:34 - [MESSAGE][PASSED] - Delayed 3 second(s)&#xD;
&#xD;
2020-07-23 12:22:38 - [MESSAGE][PASSED] - YOUR TEXT HAS A MATCH&#xD;
&#xD;
2020-07-23 12:22:38 - [TEST_STEP][PASSED] - platform.Response.clickOnElement(findTestObject("GenericII/minimize")): platform.Response.clickOnElement is PASSED&#xD;
&#xD;
2020-07-23 12:22:41 - [MESSAGE][PASSED] - platform.Response.clickOnElement is PASSED</system-out>
            <system-err></system-err>
        </testcase>
        <testcase name="Test Cases/Faqbot/extractArticleFromExternalLink_Test" classname="Test Cases/Faqbot/extractArticleFromExternalLink_Test" status="PASSED">
            <system-out>2020-07-23 12:22:41 - [TEST_CASE][PASSED] - Test Cases/Faqbot/extractArticleFromExternalLink_Test: Test Cases/Faqbot/extractArticleFromExternalLink_Test&#xD;
&#xD;
2020-07-23 12:22:42 - [TEST_STEP][PASSED] - Start listener action : setUp: Current window maximized&#xD;
&#xD;
2020-07-23 12:22:42 - [TEST_STEP][PASSED] - openBrowser(URL): Browser is opened with url: 'preprod.imibot.ai'&#xD;
&#xD;
2020-07-23 12:22:42 - [MESSAGE][WARNING] - A browser is already opened. Closing browser and opening a new one&#xD;
&#xD;
2020-07-23 12:22:50 - [MESSAGE][INFO] - Starting 'Edge' driver&#xD;
&#xD;
2020-07-23 12:23:13 - [MESSAGE][PASSED] - Browser is opened with url: 'preprod.imibot.ai'&#xD;
&#xD;
2020-07-23 12:23:13 - [TEST_STEP][PASSED] - maximizeWindow(): Current window maximized&#xD;
&#xD;
2020-07-23 12:23:17 - [MESSAGE][PASSED] - Current window maximized&#xD;
&#xD;
2020-07-23 12:23:18 - [TEST_STEP][PASSED] - callTestCase(findTestCase("Generic/successfulLogin_Test"), [:], STOP_ON_FAILURE): Call Test Case 'Test Cases/Generic/successfulLogin_Test' successfully&#xD;
&#xD;
2020-07-23 12:23:18 - [TEST_CASE][PASSED] - Test Cases/Generic/successfulLogin_Test: Test Cases/Generic/successfulLogin_Test&#xD;
&#xD;
2020-07-23 12:23:19 - [TEST_STEP][PASSED] - sendKeys(findTestObject("Input/username"), username): Keys 'narendra.n@imimobile.com' sent to object: 'Object Repository/Input/username'&#xD;
&#xD;
2020-07-23 12:23:23 - [MESSAGE][PASSED] - Keys 'narendra.n@imimobile.com' sent to object: 'Object Repository/Input/username'&#xD;
&#xD;
2020-07-23 12:23:23 - [TEST_STEP][PASSED] - sendKeys(findTestObject("Input/password"), password): Keys 'Test@2020' sent to object: 'Object Repository/Input/password'&#xD;
&#xD;
2020-07-23 12:23:26 - [MESSAGE][PASSED] - Keys 'Test@2020' sent to object: 'Object Repository/Input/password'&#xD;
&#xD;
2020-07-23 12:23:26 - [TEST_STEP][PASSED] - click(findTestObject("Button/signIn")): Object: 'Object Repository/Button/signIn' is clicked on&#xD;
&#xD;
2020-07-23 12:23:29 - [MESSAGE][PASSED] - Object: 'Object Repository/Button/signIn' is clicked on&#xD;
&#xD;
2020-07-23 12:23:29 - [TEST_STEP][PASSED] - if (!(waitForElementPresent(findTestObject("Button/createBot"), 30, OPTIONAL))): Object 'Object Repository/Button/createBot' is present&#xD;
&#xD;
2020-07-23 12:24:00 - [MESSAGE][PASSED] - Object 'Object Repository/Button/createBot' is present&#xD;
&#xD;
2020-07-23 12:24:00 - [MESSAGE][PASSED] - Call Test Case 'Test Cases/Generic/successfulLogin_Test' successfully&#xD;
&#xD;
2020-07-23 12:24:00 - [TEST_STEP][PASSED] - platform.Method.navigateToBot("Q&amp;A bots", FAQ_BOT): platform.Method.navigateToBot is PASSED&#xD;
&#xD;
2020-07-23 12:24:02 - [MESSAGE][PASSED] - Object 'Object Repository/Button/createBot' is present&#xD;
&#xD;
2020-07-23 12:24:04 - [MESSAGE][INFO] - Performing click action on bot&#xD;
&#xD;
2020-07-23 12:24:07 - [MESSAGE][PASSED] - platform.Method.navigateToBot is PASSED&#xD;
&#xD;
2020-07-23 12:24:07 - [TEST_STEP][PASSED] - platform.Method.clickOnElement(findTestObject("Generic/articles")): platform.Method.clickOnElement is PASSED&#xD;
&#xD;
2020-07-23 12:24:16 - [MESSAGE][PASSED] - platform.Method.clickOnElement is PASSED&#xD;
&#xD;
2020-07-23 12:24:16 - [TEST_STEP][PASSED] - platform.Articles.selectFromKebabMenu(findTestObject("Button/extractExtLink"), "Extract from external link"): platform.Articles.selectFromKebabMenu is PASSED&#xD;
&#xD;
2020-07-23 12:24:19 - [MESSAGE][PASSED] - Object 'Object Repository/Button/kebabMenu' is clickable&#xD;
&#xD;
2020-07-23 12:24:21 - [MESSAGE][INFO] - Selected value: Extract from external link&#xD;
&#xD;
2020-07-23 12:24:23 - [MESSAGE][PASSED] - platform.Articles.selectFromKebabMenu is PASSED&#xD;
&#xD;
2020-07-23 12:24:23 - [TEST_STEP][PASSED] - verifyElementHasAttribute(findTestObject("Button/extract"), "disabled", 10, STOP_ON_FAILURE): Object 'Object Repository/Button/extract' has attribute 'disabled'&#xD;
&#xD;
2020-07-23 12:24:26 - [MESSAGE][PASSED] - Object 'Object Repository/Button/extract' has attribute 'disabled'&#xD;
&#xD;
2020-07-23 12:24:26 - [TEST_STEP][PASSED] - sendKeys(findTestObject("Input/extractLink"), EXTERNAL_LINK): Keys 'https://experience.imiconnect.io/faqs/' sent to object: 'Object Repository/Input/extractLink'&#xD;
&#xD;
2020-07-23 12:24:34 - [MESSAGE][PASSED] - Keys 'https://experience.imiconnect.io/faqs/' sent to object: 'Object Repository/Input/extractLink'&#xD;
&#xD;
2020-07-23 12:24:34 - [TEST_STEP][PASSED] - platform.Method.toClickOnWebElement(findTestObject("Button/extract")): platform.Method.toClickOnWebElement is PASSED&#xD;
&#xD;
2020-07-23 12:24:37 - [MESSAGE][PASSED] - Object: 'Object Repository/Button/extract' is clicked on&#xD;
&#xD;
2020-07-23 12:24:37 - [MESSAGE][PASSED] - platform.Method.toClickOnWebElement is PASSED&#xD;
&#xD;
2020-07-23 12:24:37 - [TEST_STEP][PASSED] - check(findTestObject("Generic/articleCheckbox", ["index":1])): Object 'Object Repository/Generic/articleCheckbox' is checked&#xD;
&#xD;
2020-07-23 12:24:44 - [MESSAGE][PASSED] - Object 'Object Repository/Generic/articleCheckbox' is checked&#xD;
&#xD;
2020-07-23 12:24:44 - [TEST_STEP][PASSED] - check(findTestObject("Generic/articleCheckbox", ["index":3])): Object 'Object Repository/Generic/articleCheckbox' is checked&#xD;
&#xD;
2020-07-23 12:24:48 - [MESSAGE][PASSED] - Object 'Object Repository/Generic/articleCheckbox' is checked&#xD;
&#xD;
2020-07-23 12:24:48 - [TEST_STEP][PASSED] - check(findTestObject("Generic/articleCheckbox", ["index":5])): Object 'Object Repository/Generic/articleCheckbox' is checked&#xD;
&#xD;
2020-07-23 12:24:52 - [MESSAGE][PASSED] - Object 'Object Repository/Generic/articleCheckbox' is checked&#xD;
&#xD;
2020-07-23 12:24:52 - [TEST_STEP][PASSED] - testObject = modifyObjectProperty(findTestObject("Generic/header"), "class", "not equals", "heading", true): Modify property of object successfully&#xD;
&#xD;
2020-07-23 12:24:52 - [MESSAGE][PASSED] - Modify property of object successfully&#xD;
&#xD;
2020-07-23 12:24:52 - [TEST_STEP][PASSED] - getText().contains("3"): null&#xD;
&#xD;
2020-07-23 12:24:54 - [TEST_STEP][PASSED] - scrollToElement(findTestObject("Generic/webObjectWithText", ["textValue":"Import FAQs from link"]), 10): Scroll to object 'Object Repository/Generic/webObjectWithText' successfully&#xD;
&#xD;
2020-07-23 12:24:57 - [MESSAGE][PASSED] - Scroll to object 'Object Repository/Generic/webObjectWithText' successfully&#xD;
&#xD;
2020-07-23 12:24:57 - [TEST_STEP][PASSED] - check(findTestObject("Generic/allFaqCheckbox")): Object 'Object Repository/Generic/allFaqCheckbox' is checked&#xD;
&#xD;
2020-07-23 12:25:00 - [MESSAGE][PASSED] - Object 'Object Repository/Generic/allFaqCheckbox' is checked&#xD;
&#xD;
2020-07-23 12:25:00 - [TEST_STEP][PASSED] - getText().contains("10"): null&#xD;
&#xD;
2020-07-23 12:25:03 - [TEST_STEP][PASSED] - scrollToElement(findTestObject("Generic/faqImportBtn"), 10): Scroll to object 'Object Repository/Generic/faqImportBtn' successfully&#xD;
&#xD;
2020-07-23 12:25:05 - [MESSAGE][PASSED] - Scroll to object 'Object Repository/Generic/faqImportBtn' successfully&#xD;
&#xD;
2020-07-23 12:25:05 - [TEST_STEP][PASSED] - override = modifyObjectProperty(findTestObject("Toggle/override"), "xpath", "not equals", "//mat-slide-toggle[@formcontrolname='Override']//label/div", true, STOP_ON_FAILURE): Modify property of object successfully&#xD;
&#xD;
2020-07-23 12:25:06 - [MESSAGE][PASSED] - Modify property of object successfully&#xD;
&#xD;
2020-07-23 12:25:06 - [TEST_STEP][PASSED] - platform.Method.clickOnElement(override): platform.Method.clickOnElement is PASSED&#xD;
&#xD;
2020-07-23 12:25:08 - [MESSAGE][PASSED] - platform.Method.clickOnElement is PASSED&#xD;
&#xD;
2020-07-23 12:25:08 - [TEST_STEP][PASSED] - platform.Method.clickOnElement(findTestObject("Generic/faqImportBtn")): platform.Method.clickOnElement is PASSED&#xD;
&#xD;
2020-07-23 12:25:11 - [MESSAGE][PASSED] - platform.Method.clickOnElement is PASSED&#xD;
&#xD;
2020-07-23 12:25:11 - [TEST_STEP][PASSED] - verifyElementText(findTestObject("Generic/articleState"), "Saved", STOP_ON_FAILURE): Actual text and expected text of test object 'Object Repository/Generic/articleState' are matched.&#xD;
&#xD;
2020-07-23 12:25:15 - [MESSAGE][PASSED] - Actual text and expected text of test object 'Object Repository/Generic/articleState' are matched.&#xD;
&#xD;
2020-07-23 12:25:15 - [TEST_STEP][PASSED] - verifyElementPresent(findTestObject("Generic/nextPage"), 5, STOP_ON_FAILURE): Object 'Object Repository/Generic/nextPage' is present&#xD;
&#xD;
2020-07-23 12:25:16 - [MESSAGE][PASSED] - Object 'Object Repository/Generic/nextPage' is present&#xD;
&#xD;
2020-07-23 12:25:16 - [TEST_STEP][PASSED] - platform.Method.trainAndComment(comment): platform.Method.trainAndComment is PASSED&#xD;
&#xD;
2020-07-23 12:25:24 - [MESSAGE][PASSED] - Keys 'Post extraction train' sent to object: 'Object Repository/Input/comment'&#xD;
&#xD;
2020-07-23 12:25:26 - [MESSAGE][PASSED] - platform.Method.trainAndComment is PASSED&#xD;
&#xD;
2020-07-23 12:25:26 - [TEST_STEP][PASSED] - waitForElementPresent(findTestObject("ICONS/toastMsg"), 20, STOP_ON_FAILURE): Object 'Object Repository/ICONS/toastMsg' is present&#xD;
&#xD;
2020-07-23 12:25:34 - [MESSAGE][PASSED] - Object 'Object Repository/ICONS/toastMsg' is present&#xD;
&#xD;
2020-07-23 12:25:34 - [TEST_STEP][PASSED] - platform.Method.clickOnElement(findTestObject("Button/preview")): platform.Method.clickOnElement is PASSED&#xD;
&#xD;
2020-07-23 12:25:38 - [MESSAGE][PASSED] - platform.Method.clickOnElement is PASSED&#xD;
&#xD;
2020-07-23 12:25:38 - [TEST_STEP][PASSED] - waitForElementPresent(findTestObject("Input/chatInput"), 10, STOP_ON_FAILURE): Object 'Object Repository/Input/chatInput' is present&#xD;
&#xD;
2020-07-23 12:25:40 - [MESSAGE][PASSED] - Object 'Object Repository/Input/chatInput' is present&#xD;
&#xD;
2020-07-23 12:25:40 - [TEST_STEP][PASSED] - platform.Preview.verifyBotTextResponse(userQuery, 2, strCheck): platform.Preview.verifyBotTextResponse is PASSED&#xD;
&#xD;
2020-07-23 12:25:45 - [MESSAGE][PASSED] - Keys 'ENTER + How can I view my transactions?' sent to object: 'Object Repository/Input/chatInput'&#xD;
&#xD;
2020-07-23 12:25:46 - [MESSAGE][PASSED] - Object 'Object Repository/GenericII/getBotResponse' is present&#xD;
&#xD;
2020-07-23 12:25:49 - [MESSAGE][PASSED] - Actual text and expected text of test object 'Object Repository/GenericII/getBotResponse' are matched.&#xD;
&#xD;
2020-07-23 12:25:49 - [MESSAGE][PASSED] - platform.Preview.verifyBotTextResponse is PASSED&#xD;
&#xD;
2020-07-23 12:25:49 - [TEST_STEP][PASSED] - platform.Response.clickOnElement(findTestObject("GenericII/minimize")): platform.Response.clickOnElement is PASSED&#xD;
&#xD;
2020-07-23 12:25:51 - [MESSAGE][PASSED] - platform.Response.clickOnElement is PASSED</system-out>
            <system-err></system-err>
        </testcase>
        <testcase name="Test Cases/Faqbot/searchArticle_Test" classname="Test Cases/Faqbot/searchArticle_Test" status="PASSED">
            <system-out>2020-07-23 12:25:52 - [TEST_CASE][PASSED] - Test Cases/Faqbot/searchArticle_Test: Test Cases/Faqbot/searchArticle_Test&#xD;
&#xD;
2020-07-23 12:25:52 - [TEST_STEP][PASSED] - Start listener action : setUp: Current window maximized&#xD;
&#xD;
2020-07-23 12:25:52 - [TEST_STEP][PASSED] - openBrowser(URL): Browser is opened with url: 'preprod.imibot.ai'&#xD;
&#xD;
2020-07-23 12:25:52 - [MESSAGE][WARNING] - A browser is already opened. Closing browser and opening a new one&#xD;
&#xD;
2020-07-23 12:25:59 - [MESSAGE][INFO] - Starting 'Edge' driver&#xD;
&#xD;
2020-07-23 12:26:23 - [MESSAGE][PASSED] - Browser is opened with url: 'preprod.imibot.ai'&#xD;
&#xD;
2020-07-23 12:26:23 - [TEST_STEP][PASSED] - maximizeWindow(): Current window maximized&#xD;
&#xD;
2020-07-23 12:26:26 - [MESSAGE][PASSED] - Current window maximized&#xD;
&#xD;
2020-07-23 12:26:28 - [TEST_STEP][PASSED] - callTestCase(findTestCase("Generic/successfulLogin_Test"), [:], STOP_ON_FAILURE): Call Test Case 'Test Cases/Generic/successfulLogin_Test' successfully&#xD;
&#xD;
2020-07-23 12:26:28 - [TEST_CASE][PASSED] - Test Cases/Generic/successfulLogin_Test: Test Cases/Generic/successfulLogin_Test&#xD;
&#xD;
2020-07-23 12:26:28 - [TEST_STEP][PASSED] - sendKeys(findTestObject("Input/username"), username): Keys 'narendra.n@imimobile.com' sent to object: 'Object Repository/Input/username'&#xD;
&#xD;
2020-07-23 12:26:32 - [MESSAGE][PASSED] - Keys 'narendra.n@imimobile.com' sent to object: 'Object Repository/Input/username'&#xD;
&#xD;
2020-07-23 12:26:32 - [TEST_STEP][PASSED] - sendKeys(findTestObject("Input/password"), password): Keys 'Test@2020' sent to object: 'Object Repository/Input/password'&#xD;
&#xD;
2020-07-23 12:26:35 - [MESSAGE][PASSED] - Keys 'Test@2020' sent to object: 'Object Repository/Input/password'&#xD;
&#xD;
2020-07-23 12:26:35 - [TEST_STEP][PASSED] - click(findTestObject("Button/signIn")): Object: 'Object Repository/Button/signIn' is clicked on&#xD;
&#xD;
2020-07-23 12:26:38 - [MESSAGE][PASSED] - Object: 'Object Repository/Button/signIn' is clicked on&#xD;
&#xD;
2020-07-23 12:26:38 - [TEST_STEP][PASSED] - if (!(waitForElementPresent(findTestObject("Button/createBot"), 30, OPTIONAL))): Object 'Object Repository/Button/createBot' is present&#xD;
&#xD;
2020-07-23 12:27:09 - [MESSAGE][PASSED] - Object 'Object Repository/Button/createBot' is present&#xD;
&#xD;
2020-07-23 12:27:09 - [MESSAGE][PASSED] - Call Test Case 'Test Cases/Generic/successfulLogin_Test' successfully&#xD;
&#xD;
2020-07-23 12:27:09 - [TEST_STEP][PASSED] - platform.Method.navigateToBot("Q&amp;A bots", FAQ_BOT): platform.Method.navigateToBot is PASSED&#xD;
&#xD;
2020-07-23 12:27:11 - [MESSAGE][PASSED] - Object 'Object Repository/Button/createBot' is present&#xD;
&#xD;
2020-07-23 12:27:13 - [MESSAGE][INFO] - Performing click action on bot&#xD;
&#xD;
2020-07-23 12:27:16 - [MESSAGE][PASSED] - platform.Method.navigateToBot is PASSED&#xD;
&#xD;
2020-07-23 12:27:16 - [TEST_STEP][PASSED] - sendKeys(findTestObject("Input/searchForQuestion"), searchQuestion): Keys 'how can you help?' sent to object: 'Object Repository/Input/searchForQuestion'&#xD;
&#xD;
2020-07-23 12:27:27 - [MESSAGE][PASSED] - Keys 'how can you help?' sent to object: 'Object Repository/Input/searchForQuestion'&#xD;
&#xD;
2020-07-23 12:27:27 - [TEST_STEP][PASSED] - platform.Method.clickOnElement(findTestObject("Generic/searchResult")): platform.Method.clickOnElement is PASSED&#xD;
&#xD;
2020-07-23 12:27:30 - [MESSAGE][PASSED] - platform.Method.clickOnElement is PASSED&#xD;
&#xD;
2020-07-23 12:27:30 - [TEST_STEP][PASSED] - firstQuestion = findWebElement(findTestObject("Generic/header"), 10).getText(): null&#xD;
&#xD;
2020-07-23 12:27:33 - [TEST_STEP][PASSED] - setText(findTestObject("Input/searchForQuestion"), newSearchQuestion): Text 'suspected fraud' is set on object 'Object Repository/Input/searchForQuestion'&#xD;
&#xD;
2020-07-23 12:27:37 - [MESSAGE][PASSED] - Text 'suspected fraud' is set on object 'Object Repository/Input/searchForQuestion'&#xD;
&#xD;
2020-07-23 12:27:37 - [TEST_STEP][PASSED] - platform.Method.clickOnElement(findTestObject("Generic/searchResult")): platform.Method.clickOnElement is PASSED&#xD;
&#xD;
2020-07-23 12:27:39 - [MESSAGE][PASSED] - platform.Method.clickOnElement is PASSED&#xD;
&#xD;
2020-07-23 12:27:39 - [TEST_STEP][PASSED] - newFirstQuestion = findWebElement(findTestObject("Generic/header"), 10).getText(): null&#xD;
&#xD;
2020-07-23 12:27:42 - [TEST_STEP][PASSED] - assert firstQuestion.equalsIgnoreCase(newFirstQuestion) == false: null&#xD;
&#xD;
2020-07-23 12:27:42 - [TEST_STEP][PASSED] - clearText(findTestObject("Input/searchForQuestion")): Text of object 'Object Repository/Input/searchForQuestion' is cleared&#xD;
&#xD;
2020-07-23 12:27:44 - [MESSAGE][PASSED] - Text of object 'Object Repository/Input/searchForQuestion' is cleared</system-out>
            <system-err></system-err>
        </testcase>
        <testcase name="Test Cases/Faqbot/downvoteWithComment_Test" classname="Test Cases/Faqbot/downvoteWithComment_Test" status="PASSED">
            <system-out>2020-07-23 12:27:44 - [TEST_CASE][PASSED] - Test Cases/Faqbot/downvoteWithComment_Test: Test Cases/Faqbot/downvoteWithComment_Test&#xD;
&#xD;
2020-07-23 12:27:46 - [TEST_STEP][PASSED] - Start listener action : setUp: Current window maximized&#xD;
&#xD;
2020-07-23 12:27:46 - [TEST_STEP][PASSED] - openBrowser(URL): Browser is opened with url: 'preprod.imibot.ai'&#xD;
&#xD;
2020-07-23 12:27:46 - [MESSAGE][WARNING] - A browser is already opened. Closing browser and opening a new one&#xD;
&#xD;
2020-07-23 12:27:49 - [MESSAGE][INFO] - Starting 'Edge' driver&#xD;
&#xD;
2020-07-23 12:28:02 - [MESSAGE][PASSED] - Browser is opened with url: 'preprod.imibot.ai'&#xD;
&#xD;
2020-07-23 12:28:02 - [TEST_STEP][PASSED] - maximizeWindow(): Current window maximized&#xD;
&#xD;
2020-07-23 12:28:04 - [MESSAGE][PASSED] - Current window maximized&#xD;
&#xD;
2020-07-23 12:28:05 - [TEST_STEP][PASSED] - callTestCase(findTestCase("Generic/successfulLogin_Test"), [:], STOP_ON_FAILURE): Call Test Case 'Test Cases/Generic/successfulLogin_Test' successfully&#xD;
&#xD;
2020-07-23 12:28:05 - [TEST_CASE][PASSED] - Test Cases/Generic/successfulLogin_Test: Test Cases/Generic/successfulLogin_Test&#xD;
&#xD;
2020-07-23 12:28:05 - [TEST_STEP][PASSED] - sendKeys(findTestObject("Input/username"), username): Keys 'narendra.n@imimobile.com' sent to object: 'Object Repository/Input/username'&#xD;
&#xD;
2020-07-23 12:28:08 - [MESSAGE][PASSED] - Keys 'narendra.n@imimobile.com' sent to object: 'Object Repository/Input/username'&#xD;
&#xD;
2020-07-23 12:28:08 - [TEST_STEP][PASSED] - sendKeys(findTestObject("Input/password"), password): Keys 'Test@2020' sent to object: 'Object Repository/Input/password'&#xD;
&#xD;
2020-07-23 12:28:12 - [MESSAGE][PASSED] - Keys 'Test@2020' sent to object: 'Object Repository/Input/password'&#xD;
&#xD;
2020-07-23 12:28:12 - [TEST_STEP][PASSED] - click(findTestObject("Button/signIn")): Object: 'Object Repository/Button/signIn' is clicked on&#xD;
&#xD;
2020-07-23 12:28:15 - [MESSAGE][PASSED] - Object: 'Object Repository/Button/signIn' is clicked on&#xD;
&#xD;
2020-07-23 12:28:15 - [TEST_STEP][PASSED] - if (!(waitForElementPresent(findTestObject("Button/createBot"), 30, OPTIONAL))): Object 'Object Repository/Button/createBot' is present&#xD;
&#xD;
2020-07-23 12:28:36 - [MESSAGE][PASSED] - Object 'Object Repository/Button/createBot' is present&#xD;
&#xD;
2020-07-23 12:28:36 - [MESSAGE][PASSED] - Call Test Case 'Test Cases/Generic/successfulLogin_Test' successfully&#xD;
&#xD;
2020-07-23 12:28:36 - [TEST_STEP][PASSED] - platform.Method.navigateToBot("Q&amp;A bots", FAQ_BOT): platform.Method.navigateToBot is PASSED&#xD;
&#xD;
2020-07-23 12:28:37 - [MESSAGE][PASSED] - Object 'Object Repository/Button/createBot' is present&#xD;
&#xD;
2020-07-23 12:28:39 - [MESSAGE][INFO] - Performing click action on bot&#xD;
&#xD;
2020-07-23 12:28:42 - [MESSAGE][PASSED] - platform.Method.navigateToBot is PASSED&#xD;
&#xD;
2020-07-23 12:28:42 - [TEST_STEP][PASSED] - platform.Method.clickOnElement(findTestObject("Generic/articles")): platform.Method.clickOnElement is PASSED&#xD;
&#xD;
2020-07-23 12:28:50 - [MESSAGE][PASSED] - platform.Method.clickOnElement is PASSED&#xD;
&#xD;
2020-07-23 12:28:50 - [TEST_STEP][PASSED] - platform.Method.trainAndComment(comment): platform.Method.trainAndComment is PASSED&#xD;
&#xD;
2020-07-23 12:28:56 - [MESSAGE][INFO] - Unable to find the element located by 'By.xpath: //button[contains(text(),'Train')]'. Please recheck the objects properties to make sure the desired element is located. &#xD;
&#xD;
2020-07-23 12:28:56 - [MESSAGE][INFO] - BOT STATE IS TRAINED&#xD;
&#xD;
2020-07-23 12:28:56 - [MESSAGE][PASSED] - platform.Method.trainAndComment is PASSED&#xD;
&#xD;
2020-07-23 12:28:56 - [TEST_STEP][PASSED] - try: Object 'Object Repository/ICONS/toastMsg' is present&#xD;
&#xD;
2020-07-23 12:28:56 - [TEST_STEP][PASSED] - waitForElementPresent(findTestObject("ICONS/toastMsg"), 10): Object 'Object Repository/ICONS/toastMsg' is present&#xD;
&#xD;
2020-07-23 12:29:03 - [MESSAGE][PASSED] - Object 'Object Repository/ICONS/toastMsg' is present&#xD;
&#xD;
2020-07-23 12:29:03 - [TEST_STEP][PASSED] - platform.Method.clickOnElement(findTestObject("Button/preview")): platform.Method.clickOnElement is PASSED&#xD;
&#xD;
2020-07-23 12:29:06 - [MESSAGE][PASSED] - platform.Method.clickOnElement is PASSED&#xD;
&#xD;
2020-07-23 12:29:06 - [TEST_STEP][PASSED] - waitForElementPresent(findTestObject("Input/chatInput"), 20, STOP_ON_FAILURE): Object 'Object Repository/Input/chatInput' is present&#xD;
&#xD;
2020-07-23 12:29:07 - [MESSAGE][PASSED] - Object 'Object Repository/Input/chatInput' is present&#xD;
&#xD;
2020-07-23 12:29:07 - [TEST_STEP][PASSED] - sendKeys(findTestObject("Input/chatInput"), Keys.chord(userQuery, ENTER)): Keys 'ENTER + what is loyalty program?' sent to object: 'Object Repository/Input/chatInput'&#xD;
&#xD;
2020-07-23 12:29:10 - [MESSAGE][PASSED] - Keys 'ENTER + what is loyalty program?' sent to object: 'Object Repository/Input/chatInput'&#xD;
&#xD;
2020-07-23 12:29:10 - [TEST_STEP][PASSED] - verifyElementText(findTestObject("Generic/botReponse", ["index":2]), botResponse, OPTIONAL): Actual text and expected text of test object 'Object Repository/Generic/botReponse' are matched.&#xD;
&#xD;
2020-07-23 12:29:12 - [MESSAGE][PASSED] - Actual text and expected text of test object 'Object Repository/Generic/botReponse' are matched.&#xD;
&#xD;
2020-07-23 12:29:12 - [TEST_STEP][PASSED] - platform.Preview.downvoteResponseWithComment(downvoteComment): platform.Preview.downvoteResponseWithComment is PASSED&#xD;
&#xD;
2020-07-23 12:29:15 - [MESSAGE][PASSED] - Object: 'Object Repository/Button/downvote' is clicked on&#xD;
&#xD;
2020-07-23 12:29:17 - [MESSAGE][PASSED] - Keys 'Bot response doesn't answer my query' sent to object: 'Object Repository/Input/downvoteComment'&#xD;
&#xD;
2020-07-23 12:29:19 - [MESSAGE][PASSED] - platform.Preview.downvoteResponseWithComment is PASSED&#xD;
&#xD;
2020-07-23 12:29:19 - [TEST_STEP][PASSED] - getRoomIdAt = new java.util.ArrayList(): null&#xD;
&#xD;
2020-07-23 12:29:19 - [TEST_STEP][PASSED] - getRoomIdAt = platform.Utility.getRoomID(): platform.Utility.getRoomID is PASSED&#xD;
&#xD;
2020-07-23 12:29:24 - [MESSAGE][PASSED] - platform.Utility.getRoomID is PASSED&#xD;
&#xD;
2020-07-23 12:29:24 - [TEST_STEP][PASSED] - roomID = get(0).toString(): null&#xD;
&#xD;
2020-07-23 12:29:24 - [TEST_STEP][PASSED] - platform.Utility.overWriteTestData(sheetName, rowNumber, cellNumber, roomID): platform.Utility.overWriteTestData is PASSED&#xD;
&#xD;
2020-07-23 12:29:24 - [MESSAGE][PASSED] - platform.Utility.overWriteTestData is PASSED&#xD;
&#xD;
2020-07-23 12:29:24 - [TEST_STEP][PASSED] - platform.Method.clickOnElement(findTestObject("Generic/session")): platform.Method.clickOnElement is PASSED&#xD;
&#xD;
2020-07-23 12:29:27 - [MESSAGE][PASSED] - platform.Method.clickOnElement is PASSED&#xD;
&#xD;
2020-07-23 12:29:27 - [TEST_STEP][PASSED] - platform.Method.clickOnElement(findTestObject("GenericII/minimize")): platform.Method.clickOnElement is PASSED&#xD;
&#xD;
2020-07-23 12:29:29 - [MESSAGE][PASSED] - platform.Method.clickOnElement is PASSED&#xD;
&#xD;
2020-07-23 12:29:29 - [TEST_STEP][PASSED] - setText(findTestObject("Input/roomID", ["value":"id"]), roomID): Text '1983114' is set on object 'Object Repository/Input/roomID'&#xD;
&#xD;
2020-07-23 12:29:33 - [MESSAGE][PASSED] - Text '1983114' is set on object 'Object Repository/Input/roomID'&#xD;
&#xD;
2020-07-23 12:29:33 - [TEST_STEP][PASSED] - platform.Method.clickOnElement(findTestObject("Button/submitSession")): platform.Method.clickOnElement is PASSED&#xD;
&#xD;
2020-07-23 12:29:35 - [MESSAGE][PASSED] - platform.Method.clickOnElement is PASSED&#xD;
&#xD;
2020-07-23 12:29:35 - [TEST_STEP][PASSED] - waitForElementPresent(findTestObject("Generic/webObjectWithText", ["textValue":roomID]), 10): Object 'Object Repository/Generic/webObjectWithText' is present&#xD;
&#xD;
2020-07-23 12:29:36 - [MESSAGE][PASSED] - Object 'Object Repository/Generic/webObjectWithText' is present&#xD;
&#xD;
2020-07-23 12:29:36 - [TEST_STEP][PASSED] - platform.Method.clickOnElement(findTestObject("Generic/webObjectWithText", ["textValue":roomID])): platform.Method.clickOnElement is PASSED&#xD;
&#xD;
2020-07-23 12:29:38 - [MESSAGE][PASSED] - platform.Method.clickOnElement is PASSED&#xD;
&#xD;
2020-07-23 12:29:38 - [TEST_STEP][PASSED] - mouseOver(findTestObject("Generic/webObjectWithText", ["textValue":"Downvoted with comment"])): Object: 'Object Repository/Generic/webObjectWithText' is hovered&#xD;
&#xD;
2020-07-23 12:29:41 - [MESSAGE][PASSED] - Object: 'Object Repository/Generic/webObjectWithText' is hovered&#xD;
&#xD;
2020-07-23 12:29:41 - [TEST_STEP][PASSED] - platform.Method.clickOnElement(findTestObject("Generic/webObjectWithText", ["textValue":"Downvoted with comment"])): platform.Method.clickOnElement is PASSED&#xD;
&#xD;
2020-07-23 12:29:43 - [MESSAGE][PASSED] - platform.Method.clickOnElement is PASSED&#xD;
&#xD;
2020-07-23 12:29:43 - [TEST_STEP][PASSED] - platform.Method.clickOnElement(findTestObject("GenericII/closePopup")): platform.Method.clickOnElement is PASSED&#xD;
&#xD;
2020-07-23 12:29:46 - [MESSAGE][PASSED] - platform.Method.clickOnElement is PASSED</system-out>
            <system-err></system-err>
        </testcase>
        <testcase name="Test Cases/Faqbot/addToCurationFromSessions_Test" classname="Test Cases/Faqbot/addToCurationFromSessions_Test" status="PASSED">
            <system-out>2020-07-23 12:29:46 - [TEST_CASE][PASSED] - Test Cases/Faqbot/addToCurationFromSessions_Test: Test Cases/Faqbot/addToCurationFromSessions_Test&#xD;
&#xD;
2020-07-23 12:29:46 - [TEST_STEP][PASSED] - Start listener action : setUp: Current window maximized&#xD;
&#xD;
2020-07-23 12:29:46 - [TEST_STEP][PASSED] - openBrowser(URL): Browser is opened with url: 'preprod.imibot.ai'&#xD;
&#xD;
2020-07-23 12:29:46 - [MESSAGE][WARNING] - A browser is already opened. Closing browser and opening a new one&#xD;
&#xD;
2020-07-23 12:29:49 - [MESSAGE][INFO] - Starting 'Edge' driver&#xD;
&#xD;
2020-07-23 12:30:02 - [MESSAGE][PASSED] - Browser is opened with url: 'preprod.imibot.ai'&#xD;
&#xD;
2020-07-23 12:30:02 - [TEST_STEP][PASSED] - maximizeWindow(): Current window maximized&#xD;
&#xD;
2020-07-23 12:30:05 - [MESSAGE][PASSED] - Current window maximized&#xD;
&#xD;
2020-07-23 12:30:05 - [TEST_STEP][PASSED] - callTestCase(findTestCase("Generic/successfulLogin_Test"), [:], STOP_ON_FAILURE): Call Test Case 'Test Cases/Generic/successfulLogin_Test' successfully&#xD;
&#xD;
2020-07-23 12:30:05 - [TEST_CASE][PASSED] - Test Cases/Generic/successfulLogin_Test: Test Cases/Generic/successfulLogin_Test&#xD;
&#xD;
2020-07-23 12:30:05 - [TEST_STEP][PASSED] - sendKeys(findTestObject("Input/username"), username): Keys 'narendra.n@imimobile.com' sent to object: 'Object Repository/Input/username'&#xD;
&#xD;
2020-07-23 12:30:08 - [MESSAGE][PASSED] - Keys 'narendra.n@imimobile.com' sent to object: 'Object Repository/Input/username'&#xD;
&#xD;
2020-07-23 12:30:08 - [TEST_STEP][PASSED] - sendKeys(findTestObject("Input/password"), password): Keys 'Test@2020' sent to object: 'Object Repository/Input/password'&#xD;
&#xD;
2020-07-23 12:30:11 - [MESSAGE][PASSED] - Keys 'Test@2020' sent to object: 'Object Repository/Input/password'&#xD;
&#xD;
2020-07-23 12:30:11 - [TEST_STEP][PASSED] - click(findTestObject("Button/signIn")): Object: 'Object Repository/Button/signIn' is clicked on&#xD;
&#xD;
2020-07-23 12:30:13 - [MESSAGE][PASSED] - Object: 'Object Repository/Button/signIn' is clicked on&#xD;
&#xD;
2020-07-23 12:30:13 - [TEST_STEP][PASSED] - if (!(waitForElementPresent(findTestObject("Button/createBot"), 30, OPTIONAL))): Object 'Object Repository/Button/createBot' is present&#xD;
&#xD;
2020-07-23 12:30:26 - [MESSAGE][PASSED] - Object 'Object Repository/Button/createBot' is present&#xD;
&#xD;
2020-07-23 12:30:26 - [MESSAGE][PASSED] - Call Test Case 'Test Cases/Generic/successfulLogin_Test' successfully&#xD;
&#xD;
2020-07-23 12:30:26 - [TEST_STEP][PASSED] - platform.Method.navigateToBot("Q&amp;A bots", FAQ_BOT): platform.Method.navigateToBot is PASSED&#xD;
&#xD;
2020-07-23 12:30:28 - [MESSAGE][PASSED] - Object 'Object Repository/Button/createBot' is present&#xD;
&#xD;
2020-07-23 12:30:30 - [MESSAGE][INFO] - Performing click action on bot&#xD;
&#xD;
2020-07-23 12:30:32 - [MESSAGE][PASSED] - platform.Method.navigateToBot is PASSED&#xD;
&#xD;
2020-07-23 12:30:32 - [TEST_STEP][PASSED] - platform.Method.clickOnElement(findTestObject("Generic/articles")): platform.Method.clickOnElement is PASSED&#xD;
&#xD;
2020-07-23 12:30:36 - [MESSAGE][PASSED] - platform.Method.clickOnElement is PASSED&#xD;
&#xD;
2020-07-23 12:30:36 - [TEST_STEP][PASSED] - platform.Method.trainAndComment(comment): platform.Method.trainAndComment is PASSED&#xD;
&#xD;
2020-07-23 12:30:43 - [MESSAGE][INFO] - Unable to find the element located by 'By.xpath: //button[contains(text(),'Train')]'. Please recheck the objects properties to make sure the desired element is located. &#xD;
&#xD;
2020-07-23 12:30:43 - [MESSAGE][INFO] - BOT STATE IS TRAINED&#xD;
&#xD;
2020-07-23 12:30:43 - [MESSAGE][PASSED] - platform.Method.trainAndComment is PASSED&#xD;
&#xD;
2020-07-23 12:30:43 - [TEST_STEP][PASSED] - platform.Method.clickOnElement(findTestObject("Generic/session")): platform.Method.clickOnElement is PASSED&#xD;
&#xD;
2020-07-23 12:30:46 - [MESSAGE][PASSED] - platform.Method.clickOnElement is PASSED&#xD;
&#xD;
2020-07-23 12:30:46 - [TEST_STEP][PASSED] - platform.Method.clickOnElement(findTestObject("Button/preview")): platform.Method.clickOnElement is PASSED&#xD;
&#xD;
2020-07-23 12:30:49 - [MESSAGE][PASSED] - platform.Method.clickOnElement is PASSED&#xD;
&#xD;
2020-07-23 12:30:49 - [TEST_STEP][PASSED] - sendKeys(findTestObject("Input/chatInput"), Keys.chord(userQuery, ENTER)): Keys 'ENTER + How balance transfer works in credit card?' sent to object: 'Object Repository/Input/chatInput'&#xD;
&#xD;
2020-07-23 12:30:53 - [MESSAGE][PASSED] - Keys 'ENTER + How balance transfer works in credit card?' sent to object: 'Object Repository/Input/chatInput'&#xD;
&#xD;
2020-07-23 12:30:53 - [TEST_STEP][PASSED] - getRoomIdAt = new java.util.ArrayList(): null&#xD;
&#xD;
2020-07-23 12:30:53 - [TEST_STEP][PASSED] - getRoomIdAt = platform.Utility.getRoomID(): platform.Utility.getRoomID is PASSED&#xD;
&#xD;
2020-07-23 12:30:57 - [MESSAGE][PASSED] - platform.Utility.getRoomID is PASSED&#xD;
&#xD;
2020-07-23 12:30:57 - [TEST_STEP][PASSED] - platform.Method.clickOnElement(findTestObject("GenericII/minimize")): platform.Method.clickOnElement is PASSED&#xD;
&#xD;
2020-07-23 12:30:59 - [MESSAGE][PASSED] - platform.Method.clickOnElement is PASSED&#xD;
&#xD;
2020-07-23 12:30:59 - [TEST_STEP][PASSED] - roomID = get(0).toString(): null&#xD;
&#xD;
2020-07-23 12:30:59 - [TEST_STEP][PASSED] - platform.Utility.overWriteTestData(sheetName, rowNumber, cellNumber, roomID): platform.Utility.overWriteTestData is PASSED&#xD;
&#xD;
2020-07-23 12:31:00 - [MESSAGE][PASSED] - platform.Utility.overWriteTestData is PASSED&#xD;
&#xD;
2020-07-23 12:31:00 - [TEST_STEP][PASSED] - setText(findTestObject("Input/roomID", ["value":"id"]), roomID): Text '1983115' is set on object 'Object Repository/Input/roomID'&#xD;
&#xD;
2020-07-23 12:31:03 - [MESSAGE][PASSED] - Text '1983115' is set on object 'Object Repository/Input/roomID'&#xD;
&#xD;
2020-07-23 12:31:03 - [TEST_STEP][PASSED] - platform.Method.clickOnElement(findTestObject("Button/submitSession")): platform.Method.clickOnElement is PASSED&#xD;
&#xD;
2020-07-23 12:31:05 - [MESSAGE][PASSED] - platform.Method.clickOnElement is PASSED&#xD;
&#xD;
2020-07-23 12:31:05 - [TEST_STEP][PASSED] - platform.Method.clickOnElement(findTestObject("Generic/webObjectWithText", ["textValue":roomID])): platform.Method.clickOnElement is PASSED&#xD;
&#xD;
2020-07-23 12:31:07 - [MESSAGE][PASSED] - platform.Method.clickOnElement is PASSED&#xD;
&#xD;
2020-07-23 12:31:07 - [TEST_STEP][PASSED] - platform.Method.clickOnElement(findTestObject("NewRepo/addToCurationFlag", ["index":1])): platform.Method.clickOnElement is PASSED&#xD;
&#xD;
2020-07-23 12:31:10 - [MESSAGE][PASSED] - platform.Method.clickOnElement is PASSED&#xD;
&#xD;
2020-07-23 12:31:10 - [TEST_STEP][PASSED] - verifyElementPresent(findTestObject("NewRepo/messageInCuration"), 10, STOP_ON_FAILURE): Object 'Object Repository/NewRepo/messageInCuration' is present&#xD;
&#xD;
2020-07-23 12:31:11 - [MESSAGE][PASSED] - Object 'Object Repository/NewRepo/messageInCuration' is present&#xD;
&#xD;
2020-07-23 12:31:11 - [TEST_STEP][PASSED] - platform.Method.toClickOnWebElement(findTestObject("GenericII/closePopup")): platform.Method.toClickOnWebElement is PASSED&#xD;
&#xD;
2020-07-23 12:31:13 - [MESSAGE][PASSED] - Object: 'Object Repository/GenericII/closePopup' is clicked on&#xD;
&#xD;
2020-07-23 12:31:13 - [MESSAGE][PASSED] - platform.Method.toClickOnWebElement is PASSED&#xD;
&#xD;
2020-07-23 12:31:13 - [TEST_STEP][PASSED] - platform.Method.clickOnElement(findTestObject("Generic/curation")): platform.Method.clickOnElement is PASSED&#xD;
&#xD;
2020-07-23 12:31:16 - [MESSAGE][PASSED] - platform.Method.clickOnElement is PASSED&#xD;
&#xD;
2020-07-23 12:31:16 - [TEST_STEP][PASSED] - platform.Method.clickOnElement(findTestObject("Generic/webObjectWithText", ["textValue":" From sessions "])): platform.Method.clickOnElement is PASSED&#xD;
&#xD;
2020-07-23 12:31:18 - [MESSAGE][PASSED] - platform.Method.clickOnElement is PASSED&#xD;
&#xD;
2020-07-23 12:31:18 - [TEST_STEP][PASSED] - sendKeys(findTestObject("Input/roomID", ["value":"room_id"]), roomID): Keys '1983115' sent to object: 'Object Repository/Input/roomID'&#xD;
&#xD;
2020-07-23 12:31:21 - [MESSAGE][PASSED] - Keys '1983115' sent to object: 'Object Repository/Input/roomID'&#xD;
&#xD;
2020-07-23 12:31:21 - [TEST_STEP][PASSED] - platform.Method.clickOnElement(findTestObject("Button/filter")): platform.Method.clickOnElement is PASSED&#xD;
&#xD;
2020-07-23 12:31:23 - [MESSAGE][PASSED] - platform.Method.clickOnElement is PASSED&#xD;
&#xD;
2020-07-23 12:31:23 - [TEST_STEP][PASSED] - verifyTextPresent(roomID, false, STOP_ON_FAILURE): Text '1983115' is present on page &#xD;
&#xD;
2020-07-23 12:31:26 - [MESSAGE][PASSED] - Text '1983115' is present on page</system-out>
            <system-err></system-err>
        </testcase>
        <testcase name="Test Cases/Faqbot/createArticleWithRichResponseInCategory_Test" classname="Test Cases/Faqbot/createArticleWithRichResponseInCategory_Test" status="ERROR">
            <error type="ERROR" message="Test Cases/Faqbot/createArticleWithRichResponseInCategory_Test FAILED.&#xA;Reason:&#xA;org.codehaus.groovy.runtime.InvokerInvocationException: com.kms.katalon.core.webui.exception.WebElementNotFoundException: Web element with id: 'Object Repository/Generic/webObjectWithText' located by 'By.xpath: //*[contains(text(),'Q&amp;A bots')]' not found&#xD;&#xA;&#x9;at platform.Method.invokeMethod(Method.groovy)&#xD;&#xA;&#x9;at com.kms.katalon.core.main.CustomKeywordDelegatingMetaClass.invokeStaticMethod(CustomKeywordDelegatingMetaClass.java:50)&#xD;&#xA;&#x9;at createArticleWithRichResponseInCategory_Test.run(createArticleWithRichResponseInCategory_Test:13)&#xD;&#xA;&#x9;at com.kms.katalon.core.main.ScriptEngine.run(ScriptEngine.java:194)&#xD;&#xA;&#x9;at com.kms.katalon.core.main.ScriptEngine.runScriptAsRawText(ScriptEngine.java:119)&#xD;&#xA;&#x9;at com.kms.katalon.core.main.TestCaseExecutor.runScript(TestCaseExecutor.java:337)&#xD;&#xA;&#x9;at com.kms.katalon.core.main.TestCaseExecutor.doExecute(TestCaseExecutor.java:328)&#xD;&#xA;&#x9;at com.kms.katalon.core.main.TestCaseExecutor.processExecutionPhase(TestCaseExecutor.java:307)&#xD;&#xA;&#x9;at com.kms.katalon.core.main.TestCaseExecutor.accessMainPhase(TestCaseExecutor.java:299)&#xD;&#xA;&#x9;at com.kms.katalon.core.main.TestCaseExecutor.execute(TestCaseExecutor.java:233)&#xD;&#xA;&#x9;at com.kms.katalon.core.main.TestSuiteExecutor.accessTestCaseMainPhase(TestSuiteExecutor.java:169)&#xD;&#xA;&#x9;at com.kms.katalon.core.main.TestSuiteExecutor.accessTestSuiteMainPhase(TestSuiteExecutor.java:142)&#xD;&#xA;&#x9;at com.kms.katalon.core.main.TestSuiteExecutor.execute(TestSuiteExecutor.java:91)&#xD;&#xA;&#x9;at com.kms.katalon.core.main.TestCaseMain.startTestSuite(TestCaseMain.java:157)&#xD;&#xA;&#x9;at com.kms.katalon.core.main.TestCaseMain$startTestSuite$0.call(Unknown Source)&#xD;&#xA;&#x9;at TempTestSuite1595486393596.run(TempTestSuite1595486393596.groovy:35)&#xD;&#xA;Caused by: com.kms.katalon.core.webui.exception.WebElementNotFoundException: Web element with id: 'Object Repository/Generic/webObjectWithText' located by 'By.xpath: //*[contains(text(),'Q&amp;A bots')]' not found&#xD;&#xA;&#x9;at com.kms.katalon.core.webui.common.WebUiCommonHelper.findWebElement(WebUiCommonHelper.java:1097)&#xD;&#xA;&#x9;at com.kms.katalon.core.webui.common.WebUiCommonHelper$findWebElement.call(Unknown Source)&#xD;&#xA;&#x9;at platform.Method.clickOnElement(Method.groovy:31)&#xD;&#xA;&#x9;at platform.Method.navigateToBot(Method.groovy:60)&#xD;&#xA;&#x9;... 16 more&#xD;&#xA;"/>
            <system-out>2020-07-23 12:31:26 - [TEST_CASE][ERROR] - Test Cases/Faqbot/createArticleWithRichResponseInCategory_Test: Test Cases/Faqbot/createArticleWithRichResponseInCategory_Test FAILED.
Reason:
org.codehaus.groovy.runtime.InvokerInvocationException: com.kms.katalon.core.webui.exception.WebElementNotFoundException: Web element with id: 'Object Repository/Generic/webObjectWithText' located by 'By.xpath: //*[contains(text(),'Q&amp;A bots')]' not found&#xD;
	at platform.Method.invokeMethod(Method.groovy)&#xD;
	at com.kms.katalon.core.main.CustomKeywordDelegatingMetaClass.invokeStaticMethod(CustomKeywordDelegatingMetaClass.java:50)&#xD;
	at createArticleWithRichResponseInCategory_Test.run(createArticleWithRichResponseInCategory_Test:13)&#xD;
	at com.kms.katalon.core.main.ScriptEngine.run(ScriptEngine.java:194)&#xD;
	at com.kms.katalon.core.main.ScriptEngine.runScriptAsRawText(ScriptEngine.java:119)&#xD;
	at com.kms.katalon.core.main.TestCaseExecutor.runScript(TestCaseExecutor.java:337)&#xD;
	at com.kms.katalon.core.main.TestCaseExecutor.doExecute(TestCaseExecutor.java:328)&#xD;
	at com.kms.katalon.core.main.TestCaseExecutor.processExecutionPhase(TestCaseExecutor.java:307)&#xD;
	at com.kms.katalon.core.main.TestCaseExecutor.accessMainPhase(TestCaseExecutor.java:299)&#xD;
	at com.kms.katalon.core.main.TestCaseExecutor.execute(TestCaseExecutor.java:233)&#xD;
	at com.kms.katalon.core.main.TestSuiteExecutor.accessTestCaseMainPhase(TestSuiteExecutor.java:169)&#xD;
	at com.kms.katalon.core.main.TestSuiteExecutor.accessTestSuiteMainPhase(TestSuiteExecutor.java:142)&#xD;
	at com.kms.katalon.core.main.TestSuiteExecutor.execute(TestSuiteExecutor.java:91)&#xD;
	at com.kms.katalon.core.main.TestCaseMain.startTestSuite(TestCaseMain.java:157)&#xD;
	at com.kms.katalon.core.main.TestCaseMain$startTestSuite$0.call(Unknown Source)&#xD;
	at TempTestSuite1595486393596.run(TempTestSuite1595486393596.groovy:35)&#xD;
Caused by: com.kms.katalon.core.webui.exception.WebElementNotFoundException: Web element with id: 'Object Repository/Generic/webObjectWithText' located by 'By.xpath: //*[contains(text(),'Q&amp;A bots')]' not found&#xD;
	at com.kms.katalon.core.webui.common.WebUiCommonHelper.findWebElement(WebUiCommonHelper.java:1097)&#xD;
	at com.kms.katalon.core.webui.common.WebUiCommonHelper$findWebElement.call(Unknown Source)&#xD;
	at platform.Method.clickOnElement(Method.groovy:31)&#xD;
	at platform.Method.navigateToBot(Method.groovy:60)&#xD;
	... 16 more&#xD;
&#xD;
&#xD;
2020-07-23 12:31:26 - [TEST_STEP][PASSED] - Start listener action : setUp: Current window maximized&#xD;
&#xD;
2020-07-23 12:31:26 - [TEST_STEP][PASSED] - openBrowser(URL): Browser is opened with url: 'preprod.imibot.ai'&#xD;
&#xD;
2020-07-23 12:31:26 - [MESSAGE][WARNING] - A browser is already opened. Closing browser and opening a new one&#xD;
&#xD;
2020-07-23 12:31:28 - [MESSAGE][INFO] - Starting 'Edge' driver&#xD;
&#xD;
2020-07-23 12:31:46 - [MESSAGE][PASSED] - Browser is opened with url: 'preprod.imibot.ai'&#xD;
&#xD;
2020-07-23 12:31:46 - [TEST_STEP][PASSED] - maximizeWindow(): Current window maximized&#xD;
&#xD;
2020-07-23 12:31:49 - [MESSAGE][PASSED] - Current window maximized&#xD;
&#xD;
2020-07-23 12:31:49 - [TEST_STEP][PASSED] - callTestCase(findTestCase("Generic/successfulLogin_Test"), [:], STOP_ON_FAILURE): Call Test Case 'Test Cases/Generic/successfulLogin_Test' successfully&#xD;
&#xD;
2020-07-23 12:31:49 - [TEST_CASE][PASSED] - Test Cases/Generic/successfulLogin_Test: Test Cases/Generic/successfulLogin_Test&#xD;
&#xD;
2020-07-23 12:31:49 - [TEST_STEP][PASSED] - sendKeys(findTestObject("Input/username"), username): Keys 'narendra.n@imimobile.com' sent to object: 'Object Repository/Input/username'&#xD;
&#xD;
2020-07-23 12:31:51 - [MESSAGE][PASSED] - Keys 'narendra.n@imimobile.com' sent to object: 'Object Repository/Input/username'&#xD;
&#xD;
2020-07-23 12:31:51 - [TEST_STEP][PASSED] - sendKeys(findTestObject("Input/password"), password): Keys 'Test@2020' sent to object: 'Object Repository/Input/password'&#xD;
&#xD;
2020-07-23 12:31:54 - [MESSAGE][PASSED] - Keys 'Test@2020' sent to object: 'Object Repository/Input/password'&#xD;
&#xD;
2020-07-23 12:31:54 - [TEST_STEP][PASSED] - click(findTestObject("Button/signIn")): Object: 'Object Repository/Button/signIn' is clicked on&#xD;
&#xD;
2020-07-23 12:31:56 - [MESSAGE][PASSED] - Object: 'Object Repository/Button/signIn' is clicked on&#xD;
&#xD;
2020-07-23 12:31:56 - [TEST_STEP][PASSED] - if (!(waitForElementPresent(findTestObject("Button/createBot"), 30, OPTIONAL))): Wait for page load successfully&#xD;
&#xD;
2020-07-23 12:36:16 - [MESSAGE][INFO] - Unable to find the element located by 'By.xpath: //app-button-wrapper//button'. Please recheck the objects properties to make sure the desired element is located. &#xD;
&#xD;
2020-07-23 12:36:16 - [MESSAGE][WARNING] - Object 'Object Repository/Button/createBot' is not present after 30 second(s)&#xD;
&#xD;
2020-07-23 12:36:16 - [TEST_STEP][PASSED] - waitForPageLoad(10): Wait for page load successfully&#xD;
&#xD;
2020-07-23 12:36:17 - [MESSAGE][PASSED] - Wait for page load successfully&#xD;
&#xD;
2020-07-23 12:36:17 - [MESSAGE][PASSED] - Call Test Case 'Test Cases/Generic/successfulLogin_Test' successfully&#xD;
&#xD;
2020-07-23 12:36:17 - [TEST_STEP][ERROR] - platform.Method.navigateToBot("Q&amp;A bots", FAQ_BOT): com.kms.katalon.core.webui.exception.WebElementNotFoundException: Web element with id: 'Object Repository/Generic/webObjectWithText' located by 'By.xpath: //*[contains(text(),'Q&amp;A bots')]' not found&#xD;
&#xD;
2020-07-23 12:36:47 - [MESSAGE][INFO] - Unable to find the element located by 'By.xpath: //app-button-wrapper//button'. Please recheck the objects properties to make sure the desired element is located. &#xD;
&#xD;
2020-07-23 12:36:50 - [MESSAGE][WARNING] - com.kms.katalon.core.webui.exception.WebElementNotFoundException: Web element with id: 'Object Repository/Button/createBot' located by 'By.xpath: //app-button-wrapper//button' not found (Root cause: com.kms.katalon.core.exception.StepFailedException: com.kms.katalon.core.webui.exception.WebElementNotFoundException: Web element with id: 'Object Repository/Button/createBot' located by 'By.xpath: //app-button-wrapper//button' not found&#xD;
	at com.kms.katalon.core.webui.keyword.internal.WebUIKeywordMain.stepFailed(WebUIKeywordMain.groovy:64)&#xD;
	at com.kms.katalon.core.webui.keyword.builtin.VerifyElementPresentKeyword$_verifyElementPresent_closure1.doCall(VerifyElementPresentKeyword.groovy:85)&#xD;
	at com.kms.katalon.core.webui.keyword.builtin.VerifyElementPresentKeyword$_verifyElementPresent_closure1.call(VerifyElementPresentKeyword.groovy)&#xD;
	at com.kms.katalon.core.webui.keyword.internal.WebUIKeywordMain.runKeyword(WebUIKeywordMain.groovy:20)&#xD;
	at com.kms.katalon.core.webui.keyword.builtin.VerifyElementPresentKeyword.verifyElementPresent(VerifyElementPresentKeyword.groovy:92)&#xD;
	at com.kms.katalon.core.webui.keyword.builtin.VerifyElementPresentKeyword.execute(VerifyElementPresentKeyword.groovy:68)&#xD;
	at com.kms.katalon.core.keyword.internal.KeywordExecutor.executeKeywordForPlatform(KeywordExecutor.groovy:56)&#xD;
	at com.kms.katalon.core.webui.keyword.WebUiBuiltInKeywords.verifyElementPresent(WebUiBuiltInKeywords.groovy:1418)&#xD;
	at com.kms.katalon.core.webui.keyword.WebUiBuiltInKeywords$verifyElementPresent$6.call(Unknown Source)&#xD;
	at platform.Method.navigateToBot(Method.groovy:56)&#xD;
	at platform.Method.invokeMethod(Method.groovy)&#xD;
	at com.kms.katalon.core.main.CustomKeywordDelegatingMetaClass.invokeStaticMethod(CustomKeywordDelegatingMetaClass.java:50)&#xD;
	at createArticleWithRichResponseInCategory_Test.run(createArticleWithRichResponseInCategory_Test:13)&#xD;
	at com.kms.katalon.core.main.ScriptEngine.run(ScriptEngine.java:194)&#xD;
	at com.kms.katalon.core.main.ScriptEngine.runScriptAsRawText(ScriptEngine.java:119)&#xD;
	at com.kms.katalon.core.main.TestCaseExecutor.runScript(TestCaseExecutor.java:337)&#xD;
	at com.kms.katalon.core.main.TestCaseExecutor.doExecute(TestCaseExecutor.java:328)&#xD;
	at com.kms.katalon.core.main.TestCaseExecutor.processExecutionPhase(TestCaseExecutor.java:307)&#xD;
	at com.kms.katalon.core.main.TestCaseExecutor.accessMainPhase(TestCaseExecutor.java:299)&#xD;
	at com.kms.katalon.core.main.TestCaseExecutor.execute(TestCaseExecutor.java:233)&#xD;
	at com.kms.katalon.core.main.TestSuiteExecutor.accessTestCaseMainPhase(TestSuiteExecutor.java:169)&#xD;
	at com.kms.katalon.core.main.TestSuiteExecutor.accessTestSuiteMainPhase(TestSuiteExecutor.java:142)&#xD;
	at com.kms.katalon.core.main.TestSuiteExecutor.execute(TestSuiteExecutor.java:91)&#xD;
	at com.kms.katalon.core.main.TestCaseMain.startTestSuite(TestCaseMain.java:157)&#xD;
	at com.kms.katalon.core.main.TestCaseMain$startTestSuite$0.call(Unknown Source)&#xD;
	at TempTestSuite1595486393596.run(TempTestSuite1595486393596.groovy:35)&#xD;
)&#xD;
[[ATTACHMENT|D:\\IMIbot.ai-Project\\Reports\\20200723_120951\\faqSuiteE2E\\20200723_120953\\1595488007725.png]]&#xD;
&#xD;
2020-07-23 12:36:51 - [MESSAGE][PASSED] - Wait for page load successfully&#xD;
&#xD;
2020-07-23 12:36:57 - [MESSAGE][INFO] - Unable to find the element located by 'By.xpath: //*[contains(text(),'Q&amp;A bots')]'. Please recheck the objects properties to make sure the desired element is located. &#xD;
&#xD;
2020-07-23 12:36:57 - [MESSAGE][ERROR] - com.kms.katalon.core.webui.exception.WebElementNotFoundException: Web element with id: 'Object Repository/Generic/webObjectWithText' located by 'By.xpath: //*[contains(text(),'Q&amp;A bots')]' not found</system-out>
            <system-err>2020-07-23 12:31:26 - [TEST_CASE][ERROR] - Test Cases/Faqbot/createArticleWithRichResponseInCategory_Test: Test Cases/Faqbot/createArticleWithRichResponseInCategory_Test FAILED.
Reason:
org.codehaus.groovy.runtime.InvokerInvocationException: com.kms.katalon.core.webui.exception.WebElementNotFoundException: Web element with id: 'Object Repository/Generic/webObjectWithText' located by 'By.xpath: //*[contains(text(),'Q&amp;A bots')]' not found&#xD;
	at platform.Method.invokeMethod(Method.groovy)&#xD;
	at com.kms.katalon.core.main.CustomKeywordDelegatingMetaClass.invokeStaticMethod(CustomKeywordDelegatingMetaClass.java:50)&#xD;
	at createArticleWithRichResponseInCategory_Test.run(createArticleWithRichResponseInCategory_Test:13)&#xD;
	at com.kms.katalon.core.main.ScriptEngine.run(ScriptEngine.java:194)&#xD;
	at com.kms.katalon.core.main.ScriptEngine.runScriptAsRawText(ScriptEngine.java:119)&#xD;
	at com.kms.katalon.core.main.TestCaseExecutor.runScript(TestCaseExecutor.java:337)&#xD;
	at com.kms.katalon.core.main.TestCaseExecutor.doExecute(TestCaseExecutor.java:328)&#xD;
	at com.kms.katalon.core.main.TestCaseExecutor.processExecutionPhase(TestCaseExecutor.java:307)&#xD;
	at com.kms.katalon.core.main.TestCaseExecutor.accessMainPhase(TestCaseExecutor.java:299)&#xD;
	at com.kms.katalon.core.main.TestCaseExecutor.execute(TestCaseExecutor.java:233)&#xD;
	at com.kms.katalon.core.main.TestSuiteExecutor.accessTestCaseMainPhase(TestSuiteExecutor.java:169)&#xD;
	at com.kms.katalon.core.main.TestSuiteExecutor.accessTestSuiteMainPhase(TestSuiteExecutor.java:142)&#xD;
	at com.kms.katalon.core.main.TestSuiteExecutor.execute(TestSuiteExecutor.java:91)&#xD;
	at com.kms.katalon.core.main.TestCaseMain.startTestSuite(TestCaseMain.java:157)&#xD;
	at com.kms.katalon.core.main.TestCaseMain$startTestSuite$0.call(Unknown Source)&#xD;
	at TempTestSuite1595486393596.run(TempTestSuite1595486393596.groovy:35)&#xD;
Caused by: com.kms.katalon.core.webui.exception.WebElementNotFoundException: Web element with id: 'Object Repository/Generic/webObjectWithText' located by 'By.xpath: //*[contains(text(),'Q&amp;A bots')]' not found&#xD;
	at com.kms.katalon.core.webui.common.WebUiCommonHelper.findWebElement(WebUiCommonHelper.java:1097)&#xD;
	at com.kms.katalon.core.webui.common.WebUiCommonHelper$findWebElement.call(Unknown Source)&#xD;
	at platform.Method.clickOnElement(Method.groovy:31)&#xD;
	at platform.Method.navigateToBot(Method.groovy:60)&#xD;
	... 16 more</system-err>
        </testcase>
        <testcase name="Test Cases/Faqbot/modifyCategory_Test" classname="Test Cases/Faqbot/modifyCategory_Test" status="ERROR">
            <error type="ERROR" message="Test Cases/Faqbot/modifyCategory_Test FAILED.&#xA;Reason:&#xA;org.codehaus.groovy.runtime.InvokerInvocationException: com.kms.katalon.core.webui.exception.WebElementNotFoundException: Web element with id: 'Object Repository/GenericII/editCategory' located by 'By.xpath: (//div[text()=' Edit '])[0]' not found&#xD;&#xA;&#x9;at platform.Method.invokeMethod(Method.groovy)&#xD;&#xA;&#x9;at com.kms.katalon.core.main.CustomKeywordDelegatingMetaClass.invokeStaticMethod(CustomKeywordDelegatingMetaClass.java:50)&#xD;&#xA;&#x9;at modifyCategory_Test.run(modifyCategory_Test:32)&#xD;&#xA;&#x9;at com.kms.katalon.core.main.ScriptEngine.run(ScriptEngine.java:194)&#xD;&#xA;&#x9;at com.kms.katalon.core.main.ScriptEngine.runScriptAsRawText(ScriptEngine.java:119)&#xD;&#xA;&#x9;at com.kms.katalon.core.main.TestCaseExecutor.runScript(TestCaseExecutor.java:337)&#xD;&#xA;&#x9;at com.kms.katalon.core.main.TestCaseExecutor.doExecute(TestCaseExecutor.java:328)&#xD;&#xA;&#x9;at com.kms.katalon.core.main.TestCaseExecutor.processExecutionPhase(TestCaseExecutor.java:307)&#xD;&#xA;&#x9;at com.kms.katalon.core.main.TestCaseExecutor.accessMainPhase(TestCaseExecutor.java:299)&#xD;&#xA;&#x9;at com.kms.katalon.core.main.TestCaseExecutor.execute(TestCaseExecutor.java:233)&#xD;&#xA;&#x9;at com.kms.katalon.core.main.TestSuiteExecutor.accessTestCaseMainPhase(TestSuiteExecutor.java:169)&#xD;&#xA;&#x9;at com.kms.katalon.core.main.TestSuiteExecutor.accessTestSuiteMainPhase(TestSuiteExecutor.java:142)&#xD;&#xA;&#x9;at com.kms.katalon.core.main.TestSuiteExecutor.execute(TestSuiteExecutor.java:91)&#xD;&#xA;&#x9;at com.kms.katalon.core.main.TestCaseMain.startTestSuite(TestCaseMain.java:157)&#xD;&#xA;&#x9;at com.kms.katalon.core.main.TestCaseMain$startTestSuite$0.call(Unknown Source)&#xD;&#xA;&#x9;at TempTestSuite1595486393596.run(TempTestSuite1595486393596.groovy:35)&#xD;&#xA;Caused by: com.kms.katalon.core.webui.exception.WebElementNotFoundException: Web element with id: 'Object Repository/GenericII/editCategory' located by 'By.xpath: (//div[text()=' Edit '])[0]' not found&#xD;&#xA;&#x9;at com.kms.katalon.core.webui.common.WebUiCommonHelper.findWebElement(WebUiCommonHelper.java:1097)&#xD;&#xA;&#x9;at com.kms.katalon.core.webui.common.WebUiCommonHelper$findWebElement.call(Unknown Source)&#xD;&#xA;&#x9;at platform.Method.clickOnElement(Method.groovy:31)&#xD;&#xA;&#x9;... 16 more&#xD;&#xA;"/>
            <system-out>2020-07-23 12:36:57 - [TEST_CASE][ERROR] - Test Cases/Faqbot/modifyCategory_Test: Test Cases/Faqbot/modifyCategory_Test FAILED.
Reason:
org.codehaus.groovy.runtime.InvokerInvocationException: com.kms.katalon.core.webui.exception.WebElementNotFoundException: Web element with id: 'Object Repository/GenericII/editCategory' located by 'By.xpath: (//div[text()=' Edit '])[0]' not found&#xD;
	at platform.Method.invokeMethod(Method.groovy)&#xD;
	at com.kms.katalon.core.main.CustomKeywordDelegatingMetaClass.invokeStaticMethod(CustomKeywordDelegatingMetaClass.java:50)&#xD;
	at modifyCategory_Test.run(modifyCategory_Test:32)&#xD;
	at com.kms.katalon.core.main.ScriptEngine.run(ScriptEngine.java:194)&#xD;
	at com.kms.katalon.core.main.ScriptEngine.runScriptAsRawText(ScriptEngine.java:119)&#xD;
	at com.kms.katalon.core.main.TestCaseExecutor.runScript(TestCaseExecutor.java:337)&#xD;
	at com.kms.katalon.core.main.TestCaseExecutor.doExecute(TestCaseExecutor.java:328)&#xD;
	at com.kms.katalon.core.main.TestCaseExecutor.processExecutionPhase(TestCaseExecutor.java:307)&#xD;
	at com.kms.katalon.core.main.TestCaseExecutor.accessMainPhase(TestCaseExecutor.java:299)&#xD;
	at com.kms.katalon.core.main.TestCaseExecutor.execute(TestCaseExecutor.java:233)&#xD;
	at com.kms.katalon.core.main.TestSuiteExecutor.accessTestCaseMainPhase(TestSuiteExecutor.java:169)&#xD;
	at com.kms.katalon.core.main.TestSuiteExecutor.accessTestSuiteMainPhase(TestSuiteExecutor.java:142)&#xD;
	at com.kms.katalon.core.main.TestSuiteExecutor.execute(TestSuiteExecutor.java:91)&#xD;
	at com.kms.katalon.core.main.TestCaseMain.startTestSuite(TestCaseMain.java:157)&#xD;
	at com.kms.katalon.core.main.TestCaseMain$startTestSuite$0.call(Unknown Source)&#xD;
	at TempTestSuite1595486393596.run(TempTestSuite1595486393596.groovy:35)&#xD;
Caused by: com.kms.katalon.core.webui.exception.WebElementNotFoundException: Web element with id: 'Object Repository/GenericII/editCategory' located by 'By.xpath: (//div[text()=' Edit '])[0]' not found&#xD;
	at com.kms.katalon.core.webui.common.WebUiCommonHelper.findWebElement(WebUiCommonHelper.java:1097)&#xD;
	at com.kms.katalon.core.webui.common.WebUiCommonHelper$findWebElement.call(Unknown Source)&#xD;
	at platform.Method.clickOnElement(Method.groovy:31)&#xD;
	... 16 more&#xD;
&#xD;
&#xD;
2020-07-23 12:36:58 - [TEST_STEP][PASSED] - Start listener action : setUp: Current window maximized&#xD;
&#xD;
2020-07-23 12:36:58 - [TEST_STEP][PASSED] - openBrowser(URL): Browser is opened with url: 'preprod.imibot.ai'&#xD;
&#xD;
2020-07-23 12:36:58 - [MESSAGE][WARNING] - A browser is already opened. Closing browser and opening a new one&#xD;
&#xD;
2020-07-23 12:37:00 - [MESSAGE][INFO] - Starting 'Edge' driver&#xD;
&#xD;
2020-07-23 12:37:14 - [MESSAGE][PASSED] - Browser is opened with url: 'preprod.imibot.ai'&#xD;
&#xD;
2020-07-23 12:37:14 - [TEST_STEP][PASSED] - maximizeWindow(): Current window maximized&#xD;
&#xD;
2020-07-23 12:37:16 - [MESSAGE][PASSED] - Current window maximized&#xD;
&#xD;
2020-07-23 12:37:17 - [TEST_STEP][PASSED] - callTestCase(findTestCase("Generic/successfulLogin_Test"), [:], STOP_ON_FAILURE): Call Test Case 'Test Cases/Generic/successfulLogin_Test' successfully&#xD;
&#xD;
2020-07-23 12:37:17 - [TEST_CASE][PASSED] - Test Cases/Generic/successfulLogin_Test: Test Cases/Generic/successfulLogin_Test&#xD;
&#xD;
2020-07-23 12:37:17 - [TEST_STEP][PASSED] - sendKeys(findTestObject("Input/username"), username): Keys 'narendra.n@imimobile.com' sent to object: 'Object Repository/Input/username'&#xD;
&#xD;
2020-07-23 12:37:20 - [MESSAGE][PASSED] - Keys 'narendra.n@imimobile.com' sent to object: 'Object Repository/Input/username'&#xD;
&#xD;
2020-07-23 12:37:20 - [TEST_STEP][PASSED] - sendKeys(findTestObject("Input/password"), password): Keys 'Test@2020' sent to object: 'Object Repository/Input/password'&#xD;
&#xD;
2020-07-23 12:37:22 - [MESSAGE][PASSED] - Keys 'Test@2020' sent to object: 'Object Repository/Input/password'&#xD;
&#xD;
2020-07-23 12:37:22 - [TEST_STEP][PASSED] - click(findTestObject("Button/signIn")): Object: 'Object Repository/Button/signIn' is clicked on&#xD;
&#xD;
2020-07-23 12:37:24 - [MESSAGE][PASSED] - Object: 'Object Repository/Button/signIn' is clicked on&#xD;
&#xD;
2020-07-23 12:37:24 - [TEST_STEP][PASSED] - if (!(waitForElementPresent(findTestObject("Button/createBot"), 30, OPTIONAL))): Object 'Object Repository/Button/createBot' is present&#xD;
&#xD;
2020-07-23 12:37:39 - [MESSAGE][PASSED] - Object 'Object Repository/Button/createBot' is present&#xD;
&#xD;
2020-07-23 12:37:39 - [MESSAGE][PASSED] - Call Test Case 'Test Cases/Generic/successfulLogin_Test' successfully&#xD;
&#xD;
2020-07-23 12:37:39 - [TEST_STEP][PASSED] - platform.Method.navigateToBot("Q&amp;A bots", FAQ_BOT): platform.Method.navigateToBot is PASSED&#xD;
&#xD;
2020-07-23 12:37:40 - [MESSAGE][PASSED] - Object 'Object Repository/Button/createBot' is present&#xD;
&#xD;
2020-07-23 12:37:43 - [MESSAGE][INFO] - Performing click action on bot&#xD;
&#xD;
2020-07-23 12:37:45 - [MESSAGE][PASSED] - platform.Method.navigateToBot is PASSED&#xD;
&#xD;
2020-07-23 12:37:45 - [TEST_STEP][PASSED] - platform.Method.clickOnElement(findTestObject("Generic/articles")): platform.Method.clickOnElement is PASSED&#xD;
&#xD;
2020-07-23 12:37:49 - [MESSAGE][PASSED] - platform.Method.clickOnElement is PASSED&#xD;
&#xD;
2020-07-23 12:37:49 - [TEST_STEP][PASSED] - platform.Method.clickOnElement(findTestObject("Generic/webObjectWithText", ["textValue":"Modify"])): platform.Method.clickOnElement is PASSED&#xD;
&#xD;
2020-07-23 12:37:52 - [MESSAGE][PASSED] - platform.Method.clickOnElement is PASSED&#xD;
&#xD;
2020-07-23 12:37:52 - [TEST_STEP][PASSED] - categories = findWebElements(findTestObject("GenericII/listOfCategory"), 10): null&#xD;
&#xD;
2020-07-23 12:37:53 - [TEST_STEP][PASSED] - index = &lt;not implemented yet for class: org.codehaus.groovy.ast.expr.EmptyExpression&gt;: null&#xD;
&#xD;
2020-07-23 12:37:53 - [TEST_STEP][PASSED] - for ([i = 2, i &lt; categories.size(), (i++)]): null&#xD;
&#xD;
2020-07-23 12:37:53 - [TEST_STEP][ERROR] - platform.Method.clickOnElement(findTestObject("GenericII/editCategory", ["index":index])): com.kms.katalon.core.webui.exception.WebElementNotFoundException: Web element with id: 'Object Repository/GenericII/editCategory' located by 'By.xpath: (//div[text()=' Edit '])[0]' not found&#xD;
&#xD;
2020-07-23 12:38:00 - [MESSAGE][INFO] - Unable to find the element located by 'By.xpath: (//div[text()=' Edit '])[0]'. Please recheck the objects properties to make sure the desired element is located. &#xD;
&#xD;
2020-07-23 12:38:00 - [MESSAGE][ERROR] - com.kms.katalon.core.webui.exception.WebElementNotFoundException: Web element with id: 'Object Repository/GenericII/editCategory' located by 'By.xpath: (//div[text()=' Edit '])[0]' not found</system-out>
            <system-err>2020-07-23 12:36:57 - [TEST_CASE][ERROR] - Test Cases/Faqbot/modifyCategory_Test: Test Cases/Faqbot/modifyCategory_Test FAILED.
Reason:
org.codehaus.groovy.runtime.InvokerInvocationException: com.kms.katalon.core.webui.exception.WebElementNotFoundException: Web element with id: 'Object Repository/GenericII/editCategory' located by 'By.xpath: (//div[text()=' Edit '])[0]' not found&#xD;
	at platform.Method.invokeMethod(Method.groovy)&#xD;
	at com.kms.katalon.core.main.CustomKeywordDelegatingMetaClass.invokeStaticMethod(CustomKeywordDelegatingMetaClass.java:50)&#xD;
	at modifyCategory_Test.run(modifyCategory_Test:32)&#xD;
	at com.kms.katalon.core.main.ScriptEngine.run(ScriptEngine.java:194)&#xD;
	at com.kms.katalon.core.main.ScriptEngine.runScriptAsRawText(ScriptEngine.java:119)&#xD;
	at com.kms.katalon.core.main.TestCaseExecutor.runScript(TestCaseExecutor.java:337)&#xD;
	at com.kms.katalon.core.main.TestCaseExecutor.doExecute(TestCaseExecutor.java:328)&#xD;
	at com.kms.katalon.core.main.TestCaseExecutor.processExecutionPhase(TestCaseExecutor.java:307)&#xD;
	at com.kms.katalon.core.main.TestCaseExecutor.accessMainPhase(TestCaseExecutor.java:299)&#xD;
	at com.kms.katalon.core.main.TestCaseExecutor.execute(TestCaseExecutor.java:233)&#xD;
	at com.kms.katalon.core.main.TestSuiteExecutor.accessTestCaseMainPhase(TestSuiteExecutor.java:169)&#xD;
	at com.kms.katalon.core.main.TestSuiteExecutor.accessTestSuiteMainPhase(TestSuiteExecutor.java:142)&#xD;
	at com.kms.katalon.core.main.TestSuiteExecutor.execute(TestSuiteExecutor.java:91)&#xD;
	at com.kms.katalon.core.main.TestCaseMain.startTestSuite(TestCaseMain.java:157)&#xD;
	at com.kms.katalon.core.main.TestCaseMain$startTestSuite$0.call(Unknown Source)&#xD;
	at TempTestSuite1595486393596.run(TempTestSuite1595486393596.groovy:35)&#xD;
Caused by: com.kms.katalon.core.webui.exception.WebElementNotFoundException: Web element with id: 'Object Repository/GenericII/editCategory' located by 'By.xpath: (//div[text()=' Edit '])[0]' not found&#xD;
	at com.kms.katalon.core.webui.common.WebUiCommonHelper.findWebElement(WebUiCommonHelper.java:1097)&#xD;
	at com.kms.katalon.core.webui.common.WebUiCommonHelper$findWebElement.call(Unknown Source)&#xD;
	at platform.Method.clickOnElement(Method.groovy:31)&#xD;
	... 16 more</system-err>
        </testcase>
        <testcase name="Test Cases/Faqbot/fallbackCurationByAddToExistingArticle_Test" classname="Test Cases/Faqbot/fallbackCurationByAddToExistingArticle_Test" status="FAILED">
            <failure type="FAILED" message="Test Cases/Faqbot/fallbackCurationByAddToExistingArticle_Test FAILED.&#xA;Reason:&#xA;com.kms.katalon.core.exception.StepFailedException: EXPECTED ANSWER NOT FOUND IN BOT RESPONSE&#xD;&#xA;&#x9;at com.kms.katalon.core.util.KeywordUtil.markFailed(KeywordUtil.java:19)&#xD;&#xA;&#x9;at com.kms.katalon.core.util.KeywordUtil$markFailed$1.call(Unknown Source)&#xD;&#xA;&#x9;at platform.Preview.verifyBotResponse(Preview.groovy:68)&#xD;&#xA;&#x9;at platform.Method.invokeMethod(Method.groovy)&#xD;&#xA;&#x9;at com.kms.katalon.core.main.CustomKeywordDelegatingMetaClass.invokeStaticMethod(CustomKeywordDelegatingMetaClass.java:50)&#xD;&#xA;&#x9;at fallbackCurationByAddToExistingArticle_Test.run(fallbackCurationByAddToExistingArticle_Test:56)&#xD;&#xA;&#x9;at com.kms.katalon.core.main.ScriptEngine.run(ScriptEngine.java:194)&#xD;&#xA;&#x9;at com.kms.katalon.core.main.ScriptEngine.runScriptAsRawText(ScriptEngine.java:119)&#xD;&#xA;&#x9;at com.kms.katalon.core.main.TestCaseExecutor.runScript(TestCaseExecutor.java:337)&#xD;&#xA;&#x9;at com.kms.katalon.core.main.TestCaseExecutor.doExecute(TestCaseExecutor.java:328)&#xD;&#xA;&#x9;at com.kms.katalon.core.main.TestCaseExecutor.processExecutionPhase(TestCaseExecutor.java:307)&#xD;&#xA;&#x9;at com.kms.katalon.core.main.TestCaseExecutor.accessMainPhase(TestCaseExecutor.java:299)&#xD;&#xA;&#x9;at com.kms.katalon.core.main.TestCaseExecutor.execute(TestCaseExecutor.java:233)&#xD;&#xA;&#x9;at com.kms.katalon.core.main.TestSuiteExecutor.accessTestCaseMainPhase(TestSuiteExecutor.java:169)&#xD;&#xA;&#x9;at com.kms.katalon.core.main.TestSuiteExecutor.accessTestSuiteMainPhase(TestSuiteExecutor.java:142)&#xD;&#xA;&#x9;at com.kms.katalon.core.main.TestSuiteExecutor.execute(TestSuiteExecutor.java:91)&#xD;&#xA;&#x9;at com.kms.katalon.core.main.TestCaseMain.startTestSuite(TestCaseMain.java:157)&#xD;&#xA;&#x9;at com.kms.katalon.core.main.TestCaseMain$startTestSuite$0.call(Unknown Source)&#xD;&#xA;&#x9;at TempTestSuite1595486393596.run(TempTestSuite1595486393596.groovy:35)&#xD;&#xA;"/>
            <system-out>2020-07-23 12:38:00 - [TEST_CASE][FAILED] - Test Cases/Faqbot/fallbackCurationByAddToExistingArticle_Test: Test Cases/Faqbot/fallbackCurationByAddToExistingArticle_Test FAILED.
Reason:
com.kms.katalon.core.exception.StepFailedException: EXPECTED ANSWER NOT FOUND IN BOT RESPONSE&#xD;
	at com.kms.katalon.core.util.KeywordUtil.markFailed(KeywordUtil.java:19)&#xD;
	at com.kms.katalon.core.util.KeywordUtil$markFailed$1.call(Unknown Source)&#xD;
	at platform.Preview.verifyBotResponse(Preview.groovy:68)&#xD;
	at platform.Method.invokeMethod(Method.groovy)&#xD;
	at com.kms.katalon.core.main.CustomKeywordDelegatingMetaClass.invokeStaticMethod(CustomKeywordDelegatingMetaClass.java:50)&#xD;
	at fallbackCurationByAddToExistingArticle_Test.run(fallbackCurationByAddToExistingArticle_Test:56)&#xD;
	at com.kms.katalon.core.main.ScriptEngine.run(ScriptEngine.java:194)&#xD;
	at com.kms.katalon.core.main.ScriptEngine.runScriptAsRawText(ScriptEngine.java:119)&#xD;
	at com.kms.katalon.core.main.TestCaseExecutor.runScript(TestCaseExecutor.java:337)&#xD;
	at com.kms.katalon.core.main.TestCaseExecutor.doExecute(TestCaseExecutor.java:328)&#xD;
	at com.kms.katalon.core.main.TestCaseExecutor.processExecutionPhase(TestCaseExecutor.java:307)&#xD;
	at com.kms.katalon.core.main.TestCaseExecutor.accessMainPhase(TestCaseExecutor.java:299)&#xD;
	at com.kms.katalon.core.main.TestCaseExecutor.execute(TestCaseExecutor.java:233)&#xD;
	at com.kms.katalon.core.main.TestSuiteExecutor.accessTestCaseMainPhase(TestSuiteExecutor.java:169)&#xD;
	at com.kms.katalon.core.main.TestSuiteExecutor.accessTestSuiteMainPhase(TestSuiteExecutor.java:142)&#xD;
	at com.kms.katalon.core.main.TestSuiteExecutor.execute(TestSuiteExecutor.java:91)&#xD;
	at com.kms.katalon.core.main.TestCaseMain.startTestSuite(TestCaseMain.java:157)&#xD;
	at com.kms.katalon.core.main.TestCaseMain$startTestSuite$0.call(Unknown Source)&#xD;
	at TempTestSuite1595486393596.run(TempTestSuite1595486393596.groovy:35)&#xD;
&#xD;
&#xD;
2020-07-23 12:38:01 - [TEST_STEP][PASSED] - Start listener action : setUp: Current window maximized&#xD;
&#xD;
2020-07-23 12:38:01 - [TEST_STEP][PASSED] - openBrowser(URL): Browser is opened with url: 'preprod.imibot.ai'&#xD;
&#xD;
2020-07-23 12:38:02 - [MESSAGE][WARNING] - A browser is already opened. Closing browser and opening a new one&#xD;
&#xD;
2020-07-23 12:38:03 - [MESSAGE][INFO] - Starting 'Edge' driver&#xD;
&#xD;
2020-07-23 12:38:20 - [MESSAGE][PASSED] - Browser is opened with url: 'preprod.imibot.ai'&#xD;
&#xD;
2020-07-23 12:38:20 - [TEST_STEP][PASSED] - maximizeWindow(): Current window maximized&#xD;
&#xD;
2020-07-23 12:38:22 - [MESSAGE][PASSED] - Current window maximized&#xD;
&#xD;
2020-07-23 12:38:23 - [TEST_STEP][PASSED] - callTestCase(findTestCase("Generic/successfulLogin_Test"), [:], STOP_ON_FAILURE): Call Test Case 'Test Cases/Generic/successfulLogin_Test' successfully&#xD;
&#xD;
2020-07-23 12:38:23 - [TEST_CASE][PASSED] - Test Cases/Generic/successfulLogin_Test: Test Cases/Generic/successfulLogin_Test&#xD;
&#xD;
2020-07-23 12:38:23 - [TEST_STEP][PASSED] - sendKeys(findTestObject("Input/username"), username): Keys 'narendra.n@imimobile.com' sent to object: 'Object Repository/Input/username'&#xD;
&#xD;
2020-07-23 12:38:26 - [MESSAGE][PASSED] - Keys 'narendra.n@imimobile.com' sent to object: 'Object Repository/Input/username'&#xD;
&#xD;
2020-07-23 12:38:26 - [TEST_STEP][PASSED] - sendKeys(findTestObject("Input/password"), password): Keys 'Test@2020' sent to object: 'Object Repository/Input/password'&#xD;
&#xD;
2020-07-23 12:38:28 - [MESSAGE][PASSED] - Keys 'Test@2020' sent to object: 'Object Repository/Input/password'&#xD;
&#xD;
2020-07-23 12:38:28 - [TEST_STEP][PASSED] - click(findTestObject("Button/signIn")): Object: 'Object Repository/Button/signIn' is clicked on&#xD;
&#xD;
2020-07-23 12:38:30 - [MESSAGE][PASSED] - Object: 'Object Repository/Button/signIn' is clicked on&#xD;
&#xD;
2020-07-23 12:38:30 - [TEST_STEP][PASSED] - if (!(waitForElementPresent(findTestObject("Button/createBot"), 30, OPTIONAL))): Object 'Object Repository/Button/createBot' is present&#xD;
&#xD;
2020-07-23 12:38:45 - [MESSAGE][PASSED] - Object 'Object Repository/Button/createBot' is present&#xD;
&#xD;
2020-07-23 12:38:45 - [MESSAGE][PASSED] - Call Test Case 'Test Cases/Generic/successfulLogin_Test' successfully&#xD;
&#xD;
2020-07-23 12:38:45 - [TEST_STEP][PASSED] - platform.Method.navigateToBot("Q&amp;A bots", FAQ_BOT): platform.Method.navigateToBot is PASSED&#xD;
&#xD;
2020-07-23 12:38:46 - [MESSAGE][PASSED] - Object 'Object Repository/Button/createBot' is present&#xD;
&#xD;
2020-07-23 12:38:48 - [MESSAGE][INFO] - Performing click action on bot&#xD;
&#xD;
2020-07-23 12:38:51 - [MESSAGE][PASSED] - platform.Method.navigateToBot is PASSED&#xD;
&#xD;
2020-07-23 12:38:51 - [TEST_STEP][PASSED] - platform.Method.clickOnElement(findTestObject("Generic/curation")): platform.Method.clickOnElement is PASSED&#xD;
&#xD;
2020-07-23 12:38:55 - [MESSAGE][PASSED] - platform.Method.clickOnElement is PASSED&#xD;
&#xD;
2020-07-23 12:38:55 - [TEST_STEP][PASSED] - platform.Method.clickOnElement(findTestObject("Generic/webObjectWithText", ["textValue":" Fallback "])): platform.Method.clickOnElement is PASSED&#xD;
&#xD;
2020-07-23 12:38:57 - [MESSAGE][PASSED] - platform.Method.clickOnElement is PASSED&#xD;
&#xD;
2020-07-23 12:38:57 - [TEST_STEP][PASSED] - sendKeys(findTestObject("Input/roomID", ["value":"room_id"]), roomID): Keys '1983099' sent to object: 'Object Repository/Input/roomID'&#xD;
&#xD;
2020-07-23 12:39:00 - [MESSAGE][PASSED] - Keys '1983099' sent to object: 'Object Repository/Input/roomID'&#xD;
&#xD;
2020-07-23 12:39:00 - [TEST_STEP][PASSED] - platform.Method.clickOnElement(findTestObject("Button/filter")): platform.Method.clickOnElement is PASSED&#xD;
&#xD;
2020-07-23 12:39:02 - [MESSAGE][PASSED] - platform.Method.clickOnElement is PASSED&#xD;
&#xD;
2020-07-23 12:39:02 - [TEST_STEP][PASSED] - try: platform.Method.clickOnElement is PASSED&#xD;
&#xD;
2020-07-23 12:39:02 - [TEST_STEP][PASSED] - verifyElementPresent(findTestObject("Button/addToExistingArticle"), 20, STOP_ON_FAILURE): Object 'Object Repository/Button/addToExistingArticle' is present&#xD;
&#xD;
2020-07-23 12:39:03 - [MESSAGE][PASSED] - Object 'Object Repository/Button/addToExistingArticle' is present&#xD;
&#xD;
2020-07-23 12:39:03 - [TEST_STEP][PASSED] - platform.Method.clickOnElement(findTestObject("Button/addToExistingArticle")): platform.Method.clickOnElement is PASSED&#xD;
&#xD;
2020-07-23 12:39:05 - [MESSAGE][PASSED] - platform.Method.clickOnElement is PASSED&#xD;
&#xD;
2020-07-23 12:39:05 - [TEST_STEP][PASSED] - sendKeys(findTestObject("Input/searchQuestion"), searchQuestion): Keys 'How can I view my transactions?' sent to object: 'Object Repository/Input/searchQuestion'&#xD;
&#xD;
2020-07-23 12:39:09 - [MESSAGE][PASSED] - Keys 'How can I view my transactions?' sent to object: 'Object Repository/Input/searchQuestion'&#xD;
&#xD;
2020-07-23 12:39:09 - [TEST_STEP][PASSED] - platform.Method.clickOnElement(findTestObject("Generic/searchResult")): platform.Method.clickOnElement is PASSED&#xD;
&#xD;
2020-07-23 12:39:11 - [MESSAGE][PASSED] - platform.Method.clickOnElement is PASSED&#xD;
&#xD;
2020-07-23 12:39:11 - [TEST_STEP][PASSED] - platform.Method.clickOnElement(findTestObject("Button/linkAndSave")): platform.Method.clickOnElement is PASSED&#xD;
&#xD;
2020-07-23 12:39:13 - [MESSAGE][PASSED] - platform.Method.clickOnElement is PASSED&#xD;
&#xD;
2020-07-23 12:39:13 - [TEST_STEP][PASSED] - platform.Method.clickOnElement(findTestObject("NewRepo/refresh")): platform.Method.clickOnElement is PASSED&#xD;
&#xD;
2020-07-23 12:39:15 - [MESSAGE][PASSED] - platform.Method.clickOnElement is PASSED&#xD;
&#xD;
2020-07-23 12:39:15 - [TEST_STEP][PASSED] - platform.Method.clickOnElement(findTestObject("Button/trainCuration")): platform.Method.clickOnElement is PASSED&#xD;
&#xD;
2020-07-23 12:39:18 - [MESSAGE][PASSED] - platform.Method.clickOnElement is PASSED&#xD;
&#xD;
2020-07-23 12:39:18 - [TEST_STEP][PASSED] - sendKeys(findTestObject("Input/comment"), comment): Keys 'link to curation test' sent to object: 'Object Repository/Input/comment'&#xD;
&#xD;
2020-07-23 12:39:21 - [MESSAGE][PASSED] - Keys 'link to curation test' sent to object: 'Object Repository/Input/comment'&#xD;
&#xD;
2020-07-23 12:39:21 - [TEST_STEP][PASSED] - platform.Method.clickOnElement(findTestObject("Button/continue")): platform.Method.clickOnElement is PASSED&#xD;
&#xD;
2020-07-23 12:39:23 - [MESSAGE][PASSED] - platform.Method.clickOnElement is PASSED&#xD;
&#xD;
2020-07-23 12:39:23 - [TEST_STEP][PASSED] - waitForElementVisible(findTestObject("Generic/webObjectWithText", ["textValue":"Trained corpus"]), 20, STOP_ON_FAILURE): Web element with id: 'Object Repository/Generic/webObjectWithText' located by 'By.xpath: //*[contains(text(),'Trained corpus')]' not found&#xD;
&#xD;
2020-07-23 12:39:46 - [MESSAGE][INFO] - Unable to find the element located by 'By.xpath: //*[contains(text(),'Trained corpus')]'. Please recheck the objects properties to make sure the desired element is located. &#xD;
&#xD;
2020-07-23 12:39:46 - [MESSAGE][WARNING] - Web element with id: 'Object Repository/Generic/webObjectWithText' located by 'By.xpath: //*[contains(text(),'Trained corpus')]' not found&#xD;
&#xD;
2020-07-23 12:39:46 - [TEST_STEP][PASSED] - platform.Method.clickOnElement(findTestObject("NewRepo/refresh")): platform.Method.clickOnElement is PASSED&#xD;
&#xD;
2020-07-23 12:39:48 - [MESSAGE][PASSED] - platform.Method.clickOnElement is PASSED&#xD;
&#xD;
2020-07-23 12:39:48 - [TEST_STEP][PASSED] - verifyTextPresent("Trained corpus", false, OPTIONAL): Text 'Trained corpus' is not present on page  (Root cause: com.kms.katalon.core.exception.StepFailedException: Text 'Trained corpus' is not present on page &#xD;
	at com.kms.katalon.core.webui.keyword.internal.WebUIKeywordMain.stepFailed(WebUIKeywordMain.groovy:64)&#xD;
	at com.kms.katalon.core.webui.keyword.builtin.VerifyTextPresentKeyword$_verifyTextPresent_closure1.doCall(VerifyTextPresentKeyword.groovy:79)&#xD;
	at com.kms.katalon.core.webui.keyword.builtin.VerifyTextPresentKeyword$_verifyTextPresent_closure1.call(VerifyTextPresentKeyword.groovy)&#xD;
	at com.kms.katalon.core.webui.keyword.internal.WebUIKeywordMain.runKeyword(WebUIKeywordMain.groovy:20)&#xD;
	at com.kms.katalon.core.webui.keyword.builtin.VerifyTextPresentKeyword.verifyTextPresent(VerifyTextPresentKeyword.groovy:83)&#xD;
	at com.kms.katalon.core.webui.keyword.builtin.VerifyTextPresentKeyword.execute(VerifyTextPresentKeyword.groovy:68)&#xD;
	at com.kms.katalon.core.keyword.internal.KeywordExecutor.executeKeywordForPlatform(KeywordExecutor.groovy:56)&#xD;
	at com.kms.katalon.core.webui.keyword.WebUiBuiltInKeywords.verifyTextPresent(WebUiBuiltInKeywords.groovy:1677)&#xD;
	at com.kms.katalon.core.webui.keyword.WebUiBuiltInKeywords$verifyTextPresent$19.call(Unknown Source)&#xD;
	at fallbackCurationByAddToExistingArticle_Test.run(fallbackCurationByAddToExistingArticle_Test:48)&#xD;
	at com.kms.katalon.core.main.ScriptEngine.run(ScriptEngine.java:194)&#xD;
	at com.kms.katalon.core.main.ScriptEngine.runScriptAsRawText(ScriptEngine.java:119)&#xD;
	at com.kms.katalon.core.main.TestCaseExecutor.runScript(TestCaseExecutor.java:337)&#xD;
	at com.kms.katalon.core.main.TestCaseExecutor.doExecute(TestCaseExecutor.java:328)&#xD;
	at com.kms.katalon.core.main.TestCaseExecutor.processExecutionPhase(TestCaseExecutor.java:307)&#xD;
	at com.kms.katalon.core.main.TestCaseExecutor.accessMainPhase(TestCaseExecutor.java:299)&#xD;
	at com.kms.katalon.core.main.TestCaseExecutor.execute(TestCaseExecutor.java:233)&#xD;
	at com.kms.katalon.core.main.TestSuiteExecutor.accessTestCaseMainPhase(TestSuiteExecutor.java:169)&#xD;
	at com.kms.katalon.core.main.TestSuiteExecutor.accessTestSuiteMainPhase(TestSuiteExecutor.java:142)&#xD;
	at com.kms.katalon.core.main.TestSuiteExecutor.execute(TestSuiteExecutor.java:91)&#xD;
	at com.kms.katalon.core.main.TestCaseMain.startTestSuite(TestCaseMain.java:157)&#xD;
	at com.kms.katalon.core.main.TestCaseMain$startTestSuite$0.call(Unknown Source)&#xD;
	at TempTestSuite1595486393596.run(TempTestSuite1595486393596.groovy:35)&#xD;
)&#xD;
&#xD;
2020-07-23 12:39:52 - [MESSAGE][WARNING] - Text 'Trained corpus' is not present on page  (Root cause: com.kms.katalon.core.exception.StepFailedException: Text 'Trained corpus' is not present on page &#xD;
	at com.kms.katalon.core.webui.keyword.internal.WebUIKeywordMain.stepFailed(WebUIKeywordMain.groovy:64)&#xD;
	at com.kms.katalon.core.webui.keyword.builtin.VerifyTextPresentKeyword$_verifyTextPresent_closure1.doCall(VerifyTextPresentKeyword.groovy:79)&#xD;
	at com.kms.katalon.core.webui.keyword.builtin.VerifyTextPresentKeyword$_verifyTextPresent_closure1.call(VerifyTextPresentKeyword.groovy)&#xD;
	at com.kms.katalon.core.webui.keyword.internal.WebUIKeywordMain.runKeyword(WebUIKeywordMain.groovy:20)&#xD;
	at com.kms.katalon.core.webui.keyword.builtin.VerifyTextPresentKeyword.verifyTextPresent(VerifyTextPresentKeyword.groovy:83)&#xD;
	at com.kms.katalon.core.webui.keyword.builtin.VerifyTextPresentKeyword.execute(VerifyTextPresentKeyword.groovy:68)&#xD;
	at com.kms.katalon.core.keyword.internal.KeywordExecutor.executeKeywordForPlatform(KeywordExecutor.groovy:56)&#xD;
	at com.kms.katalon.core.webui.keyword.WebUiBuiltInKeywords.verifyTextPresent(WebUiBuiltInKeywords.groovy:1677)&#xD;
	at com.kms.katalon.core.webui.keyword.WebUiBuiltInKeywords$verifyTextPresent$19.call(Unknown Source)&#xD;
	at fallbackCurationByAddToExistingArticle_Test.run(fallbackCurationByAddToExistingArticle_Test:48)&#xD;
	at com.kms.katalon.core.main.ScriptEngine.run(ScriptEngine.java:194)&#xD;
	at com.kms.katalon.core.main.ScriptEngine.runScriptAsRawText(ScriptEngine.java:119)&#xD;
	at com.kms.katalon.core.main.TestCaseExecutor.runScript(TestCaseExecutor.java:337)&#xD;
	at com.kms.katalon.core.main.TestCaseExecutor.doExecute(TestCaseExecutor.java:328)&#xD;
	at com.kms.katalon.core.main.TestCaseExecutor.processExecutionPhase(TestCaseExecutor.java:307)&#xD;
	at com.kms.katalon.core.main.TestCaseExecutor.accessMainPhase(TestCaseExecutor.java:299)&#xD;
	at com.kms.katalon.core.main.TestCaseExecutor.execute(TestCaseExecutor.java:233)&#xD;
	at com.kms.katalon.core.main.TestSuiteExecutor.accessTestCaseMainPhase(TestSuiteExecutor.java:169)&#xD;
	at com.kms.katalon.core.main.TestSuiteExecutor.accessTestSuiteMainPhase(TestSuiteExecutor.java:142)&#xD;
	at com.kms.katalon.core.main.TestSuiteExecutor.execute(TestSuiteExecutor.java:91)&#xD;
	at com.kms.katalon.core.main.TestCaseMain.startTestSuite(TestCaseMain.java:157)&#xD;
	at com.kms.katalon.core.main.TestCaseMain$startTestSuite$0.call(Unknown Source)&#xD;
	at TempTestSuite1595486393596.run(TempTestSuite1595486393596.groovy:35)&#xD;
)&#xD;
&#xD;
2020-07-23 12:39:52 - [TEST_STEP][PASSED] - platform.Method.clickOnElement(findTestObject("Button/preview")): platform.Method.clickOnElement is PASSED&#xD;
&#xD;
2020-07-23 12:39:54 - [MESSAGE][PASSED] - platform.Method.clickOnElement is PASSED&#xD;
&#xD;
2020-07-23 12:39:54 - [TEST_STEP][PASSED] - sendKeys(findTestObject("Input/chatInput"), Keys.chord(userQuery, ENTER)): Keys 'ENTER + show last transaction receipt' sent to object: 'Object Repository/Input/chatInput'&#xD;
&#xD;
2020-07-23 12:39:57 - [MESSAGE][PASSED] - Keys 'ENTER + show last transaction receipt' sent to object: 'Object Repository/Input/chatInput'&#xD;
&#xD;
2020-07-23 12:39:57 - [TEST_STEP][PASSED] - delay(1): Delayed 1 second(s)&#xD;
&#xD;
2020-07-23 12:39:58 - [MESSAGE][PASSED] - Delayed 1 second(s)&#xD;
&#xD;
2020-07-23 12:39:58 - [TEST_STEP][FAILED] - platform.Preview.verifyBotResponse(botResponse): com.kms.katalon.core.exception.StepFailedException: EXPECTED ANSWER NOT FOUND IN BOT RESPONSE&#xD;
&#xD;
2020-07-23 12:40:01 - [MESSAGE][PASSED] - Delayed 3 second(s)&#xD;
&#xD;
2020-07-23 12:40:05 - [MESSAGE][FAILED] - EXPECTED ANSWER NOT FOUND IN BOT RESPONSE&#xD;
&#xD;
2020-07-23 12:40:05 - [MESSAGE][FAILED] - com.kms.katalon.core.exception.StepFailedException: EXPECTED ANSWER NOT FOUND IN BOT RESPONSE&#xD;
&#xD;
2020-07-23 12:40:05 - [TEST_STEP][PASSED] - platform.Method.clickOnElement(findTestObject("Generic/curation")): platform.Method.clickOnElement is PASSED&#xD;
&#xD;
2020-07-23 12:40:07 - [MESSAGE][PASSED] - platform.Method.clickOnElement is PASSED&#xD;
&#xD;
2020-07-23 12:40:07 - [TEST_STEP][PASSED] - waitForElementVisible(findTestObject("Generic/webObjectWithText", ["textValue":"Resolved"]), 20, OPTIONAL): Object 'Object Repository/Generic/webObjectWithText' is visible&#xD;
&#xD;
2020-07-23 12:40:10 - [MESSAGE][PASSED] - Object 'Object Repository/Generic/webObjectWithText' is visible&#xD;
&#xD;
2020-07-23 12:40:10 - [TEST_STEP][PASSED] - platform.Method.clickOnElement(findTestObject("Generic/webObjectWithText", ["textValue":"Resolved"])): platform.Method.clickOnElement is PASSED&#xD;
&#xD;
2020-07-23 12:40:12 - [MESSAGE][PASSED] - platform.Method.clickOnElement is PASSED&#xD;
&#xD;
2020-07-23 12:40:12 - [TEST_STEP][FAILED] - sendKeys(findTestObject("Input/roomID", ["value":"room_id"]), roomID): Unable to send keys '1983099' to object 'Object Repository/Input/roomID' (Root cause: com.kms.katalon.core.exception.StepFailedException: Unable to send keys '1983099' to object 'Object Repository/Input/roomID'&#xD;
	at com.kms.katalon.core.webui.keyword.internal.WebUIKeywordMain.stepFailed(WebUIKeywordMain.groovy:64)&#xD;
	at com.kms.katalon.core.webui.keyword.internal.WebUIKeywordMain.runKeyword(WebUIKeywordMain.groovy:26)&#xD;
	at com.kms.katalon.core.webui.keyword.builtin.SendKeysKeyword.sendKeys(SendKeysKeyword.groovy:60)&#xD;
	at com.kms.katalon.core.webui.keyword.builtin.SendKeysKeyword.execute(SendKeysKeyword.groovy:38)&#xD;
	at com.kms.katalon.core.keyword.internal.KeywordExecutor.executeKeywordForPlatform(KeywordExecutor.groovy:56)&#xD;
	at com.kms.katalon.core.webui.keyword.WebUiBuiltInKeywords.sendKeys(WebUiBuiltInKeywords.groovy:834)&#xD;
	at com.kms.katalon.core.webui.keyword.WebUiBuiltInKeywords$sendKeys$1.call(Unknown Source)&#xD;
	at fallbackCurationByAddToExistingArticle_Test.run(fallbackCurationByAddToExistingArticle_Test:64)&#xD;
	at com.kms.katalon.core.main.ScriptEngine.run(ScriptEngine.java:194)&#xD;
	at com.kms.katalon.core.main.ScriptEngine.runScriptAsRawText(ScriptEngine.java:119)&#xD;
	at com.kms.katalon.core.main.TestCaseExecutor.runScript(TestCaseExecutor.java:337)&#xD;
	at com.kms.katalon.core.main.TestCaseExecutor.doExecute(TestCaseExecutor.java:328)&#xD;
	at com.kms.katalon.core.main.TestCaseExecutor.processExecutionPhase(TestCaseExecutor.java:307)&#xD;
	at com.kms.katalon.core.main.TestCaseExecutor.accessMainPhase(TestCaseExecutor.java:299)&#xD;
	at com.kms.katalon.core.main.TestCaseExecutor.execute(TestCaseExecutor.java:233)&#xD;
	at com.kms.katalon.core.main.TestSuiteExecutor.accessTestCaseMainPhase(TestSuiteExecutor.java:169)&#xD;
	at com.kms.katalon.core.main.TestSuiteExecutor.accessTestSuiteMainPhase(TestSuiteExecutor.java:142)&#xD;
	at com.kms.katalon.core.main.TestSuiteExecutor.execute(TestSuiteExecutor.java:91)&#xD;
	at com.kms.katalon.core.main.TestCaseMain.startTestSuite(TestCaseMain.java:157)&#xD;
	at com.kms.katalon.core.main.TestCaseMain$startTestSuite$0.call(Unknown Source)&#xD;
	at TempTestSuite1595486393596.run(TempTestSuite1595486393596.groovy:35)&#xD;
Caused by: org.openqa.selenium.ElementNotInteractableException: element not interactable
  (Session info: MicrosoftEdge=84.0.522.40)
Build info: version: '3.141.59', revision: 'e82be7d358', time: '2018-11-14T08:25:53'
System info: host: 'WLPT580', ip: '192.168.1.104', os.name: 'Windows 8.1', os.arch: 'amd64', os.version: '6.3', java.version: '1.8.0_181'
Driver info: com.kms.katalon.selenium.driver.CEdgeDriver
Capabilities {acceptInsecureCerts: false, browserName: msedge, browserVersion: 84.0.522.40, javascriptEnabled: true, ms:edgeOptions: {debuggerAddress: localhost:51341}, msedge: {msedgedriverVersion: 83.0.478.58 (e36ee0ab047471..., userDataDir: C:\Users\narendra.n\AppData...}, networkConnectionEnabled: false, pageLoadStrategy: normal, platform: WINDOWS, platformName: WINDOWS, proxy: Proxy(), setWindowRect: true, strictFileInteractability: false, timeouts: {implicit: 0, pageLoad: 300000, script: 30000}, unhandledPromptBehavior: dismiss and notify, webauthn:virtualAuthenticators: true}
Session ID: 4b4e1097263f95899d2ac80f0b98466a&#xD;
	at org.openqa.selenium.remote.http.W3CHttpResponseCodec.createException(W3CHttpResponseCodec.java:187)&#xD;
	at org.openqa.selenium.remote.http.W3CHttpResponseCodec.decode(W3CHttpResponseCodec.java:122)&#xD;
	at org.openqa.selenium.remote.http.W3CHttpResponseCodec.decode(W3CHttpResponseCodec.java:49)&#xD;
	at org.openqa.selenium.remote.HttpCommandExecutor.execute(HttpCommandExecutor.java:158)&#xD;
	at org.openqa.selenium.remote.service.DriverCommandExecutor.execute(DriverCommandExecutor.java:83)&#xD;
	at org.openqa.selenium.remote.RemoteWebDriver.execute(RemoteWebDriver.java:552)&#xD;
	at com.kms.katalon.selenium.driver.CEdgeDriver.execute(CEdgeDriver.java:21)&#xD;
	at org.openqa.selenium.remote.RemoteWebElement.execute(RemoteWebElement.java:285)&#xD;
	at org.openqa.selenium.remote.RemoteWebElement.sendKeys(RemoteWebElement.java:106)&#xD;
	at com.kms.katalon.core.webui.keyword.builtin.SendKeysKeyword$_sendKeys_closure1.doCall(SendKeysKeyword.groovy:53)&#xD;
	at com.kms.katalon.core.webui.keyword.builtin.SendKeysKeyword$_sendKeys_closure1.call(SendKeysKeyword.groovy)&#xD;
	at com.kms.katalon.core.webui.keyword.internal.WebUIKeywordMain.runKeyword(WebUIKeywordMain.groovy:20)&#xD;
	at com.kms.katalon.core.webui.keyword.builtin.SendKeysKeyword.sendKeys(SendKeysKeyword.groovy:60)&#xD;
	at com.kms.katalon.core.webui.keyword.builtin.SendKeysKeyword.execute(SendKeysKeyword.groovy:38)&#xD;
	at com.kms.katalon.core.keyword.internal.KeywordExecutor.executeKeywordForPlatform(KeywordExecutor.groovy:56)&#xD;
	at com.kms.katalon.core.webui.keyword.WebUiBuiltInKeywords.sendKeys(WebUiBuiltInKeywords.groovy:834)&#xD;
	at com.kms.katalon.core.webui.keyword.WebUiBuiltInKeywords$sendKeys$1.call(Unknown Source)&#xD;
	at Script1591252911599.run(Script1591252911599.groovy:64)&#xD;
	... 13 more&#xD;
)&#xD;
&#xD;
2020-07-23 12:40:18 - [MESSAGE][FAILED] - Unable to send keys '1983099' to object 'Object Repository/Input/roomID' (Root cause: com.kms.katalon.core.exception.StepFailedException: Unable to send keys '1983099' to object 'Object Repository/Input/roomID'&#xD;
	at com.kms.katalon.core.webui.keyword.internal.WebUIKeywordMain.stepFailed(WebUIKeywordMain.groovy:64)&#xD;
	at com.kms.katalon.core.webui.keyword.internal.WebUIKeywordMain.runKeyword(WebUIKeywordMain.groovy:26)&#xD;
	at com.kms.katalon.core.webui.keyword.builtin.SendKeysKeyword.sendKeys(SendKeysKeyword.groovy:60)&#xD;
	at com.kms.katalon.core.webui.keyword.builtin.SendKeysKeyword.execute(SendKeysKeyword.groovy:38)&#xD;
	at com.kms.katalon.core.keyword.internal.KeywordExecutor.executeKeywordForPlatform(KeywordExecutor.groovy:56)&#xD;
	at com.kms.katalon.core.webui.keyword.WebUiBuiltInKeywords.sendKeys(WebUiBuiltInKeywords.groovy:834)&#xD;
	at com.kms.katalon.core.webui.keyword.WebUiBuiltInKeywords$sendKeys$1.call(Unknown Source)&#xD;
	at fallbackCurationByAddToExistingArticle_Test.run(fallbackCurationByAddToExistingArticle_Test:64)&#xD;
	at com.kms.katalon.core.main.ScriptEngine.run(ScriptEngine.java:194)&#xD;
	at com.kms.katalon.core.main.ScriptEngine.runScriptAsRawText(ScriptEngine.java:119)&#xD;
	at com.kms.katalon.core.main.TestCaseExecutor.runScript(TestCaseExecutor.java:337)&#xD;
	at com.kms.katalon.core.main.TestCaseExecutor.doExecute(TestCaseExecutor.java:328)&#xD;
	at com.kms.katalon.core.main.TestCaseExecutor.processExecutionPhase(TestCaseExecutor.java:307)&#xD;
	at com.kms.katalon.core.main.TestCaseExecutor.accessMainPhase(TestCaseExecutor.java:299)&#xD;
	at com.kms.katalon.core.main.TestCaseExecutor.execute(TestCaseExecutor.java:233)&#xD;
	at com.kms.katalon.core.main.TestSuiteExecutor.accessTestCaseMainPhase(TestSuiteExecutor.java:169)&#xD;
	at com.kms.katalon.core.main.TestSuiteExecutor.accessTestSuiteMainPhase(TestSuiteExecutor.java:142)&#xD;
	at com.kms.katalon.core.main.TestSuiteExecutor.execute(TestSuiteExecutor.java:91)&#xD;
	at com.kms.katalon.core.main.TestCaseMain.startTestSuite(TestCaseMain.java:157)&#xD;
	at com.kms.katalon.core.main.TestCaseMain$startTestSuite$0.call(Unknown Source)&#xD;
	at TempTestSuite1595486393596.run(TempTestSuite1595486393596.groovy:35)&#xD;
Caused by: org.openqa.selenium.ElementNotInteractableException: element not interactable
  (Session info: MicrosoftEdge=84.0.522.40)
Build info: version: '3.141.59', revision: 'e82be7d358', time: '2018-11-14T08:25:53'
System info: host: 'WLPT580', ip: '192.168.1.104', os.name: 'Windows 8.1', os.arch: 'amd64', os.version: '6.3', java.version: '1.8.0_181'
Driver info: com.kms.katalon.selenium.driver.CEdgeDriver
Capabilities {acceptInsecureCerts: false, browserName: msedge, browserVersion: 84.0.522.40, javascriptEnabled: true, ms:edgeOptions: {debuggerAddress: localhost:51341}, msedge: {msedgedriverVersion: 83.0.478.58 (e36ee0ab047471..., userDataDir: C:\Users\narendra.n\AppData...}, networkConnectionEnabled: false, pageLoadStrategy: normal, platform: WINDOWS, platformName: WINDOWS, proxy: Proxy(), setWindowRect: true, strictFileInteractability: false, timeouts: {implicit: 0, pageLoad: 300000, script: 30000}, unhandledPromptBehavior: dismiss and notify, webauthn:virtualAuthenticators: true}
Session ID: 4b4e1097263f95899d2ac80f0b98466a&#xD;
	at org.openqa.selenium.remote.http.W3CHttpResponseCodec.createException(W3CHttpResponseCodec.java:187)&#xD;
	at org.openqa.selenium.remote.http.W3CHttpResponseCodec.decode(W3CHttpResponseCodec.java:122)&#xD;
	at org.openqa.selenium.remote.http.W3CHttpResponseCodec.decode(W3CHttpResponseCodec.java:49)&#xD;
	at org.openqa.selenium.remote.HttpCommandExecutor.execute(HttpCommandExecutor.java:158)&#xD;
	at org.openqa.selenium.remote.service.DriverCommandExecutor.execute(DriverCommandExecutor.java:83)&#xD;
	at org.openqa.selenium.remote.RemoteWebDriver.execute(RemoteWebDriver.java:552)&#xD;
	at com.kms.katalon.selenium.driver.CEdgeDriver.execute(CEdgeDriver.java:21)&#xD;
	at org.openqa.selenium.remote.RemoteWebElement.execute(RemoteWebElement.java:285)&#xD;
	at org.openqa.selenium.remote.RemoteWebElement.sendKeys(RemoteWebElement.java:106)&#xD;
	at com.kms.katalon.core.webui.keyword.builtin.SendKeysKeyword$_sendKeys_closure1.doCall(SendKeysKeyword.groovy:53)&#xD;
	at com.kms.katalon.core.webui.keyword.builtin.SendKeysKeyword$_sendKeys_closure1.call(SendKeysKeyword.groovy)&#xD;
	at com.kms.katalon.core.webui.keyword.internal.WebUIKeywordMain.runKeyword(WebUIKeywordMain.groovy:20)&#xD;
	at com.kms.katalon.core.webui.keyword.builtin.SendKeysKeyword.sendKeys(SendKeysKeyword.groovy:60)&#xD;
	at com.kms.katalon.core.webui.keyword.builtin.SendKeysKeyword.execute(SendKeysKeyword.groovy:38)&#xD;
	at com.kms.katalon.core.keyword.internal.KeywordExecutor.executeKeywordForPlatform(KeywordExecutor.groovy:56)&#xD;
	at com.kms.katalon.core.webui.keyword.WebUiBuiltInKeywords.sendKeys(WebUiBuiltInKeywords.groovy:834)&#xD;
	at com.kms.katalon.core.webui.keyword.WebUiBuiltInKeywords$sendKeys$1.call(Unknown Source)&#xD;
	at Script1591252911599.run(Script1591252911599.groovy:64)&#xD;
	... 13 more&#xD;
)&#xD;
[[ATTACHMENT|D:\\IMIbot.ai-Project\\Reports\\20200723_120951\\faqSuiteE2E\\20200723_120953\\1595488214461.png]]</system-out>
            <system-err>2020-07-23 12:38:00 - [TEST_CASE][FAILED] - Test Cases/Faqbot/fallbackCurationByAddToExistingArticle_Test: Test Cases/Faqbot/fallbackCurationByAddToExistingArticle_Test FAILED.
Reason:
com.kms.katalon.core.exception.StepFailedException: EXPECTED ANSWER NOT FOUND IN BOT RESPONSE&#xD;
	at com.kms.katalon.core.util.KeywordUtil.markFailed(KeywordUtil.java:19)&#xD;
	at com.kms.katalon.core.util.KeywordUtil$markFailed$1.call(Unknown Source)&#xD;
	at platform.Preview.verifyBotResponse(Preview.groovy:68)&#xD;
	at platform.Method.invokeMethod(Method.groovy)&#xD;
	at com.kms.katalon.core.main.CustomKeywordDelegatingMetaClass.invokeStaticMethod(CustomKeywordDelegatingMetaClass.java:50)&#xD;
	at fallbackCurationByAddToExistingArticle_Test.run(fallbackCurationByAddToExistingArticle_Test:56)&#xD;
	at com.kms.katalon.core.main.ScriptEngine.run(ScriptEngine.java:194)&#xD;
	at com.kms.katalon.core.main.ScriptEngine.runScriptAsRawText(ScriptEngine.java:119)&#xD;
	at com.kms.katalon.core.main.TestCaseExecutor.runScript(TestCaseExecutor.java:337)&#xD;
	at com.kms.katalon.core.main.TestCaseExecutor.doExecute(TestCaseExecutor.java:328)&#xD;
	at com.kms.katalon.core.main.TestCaseExecutor.processExecutionPhase(TestCaseExecutor.java:307)&#xD;
	at com.kms.katalon.core.main.TestCaseExecutor.accessMainPhase(TestCaseExecutor.java:299)&#xD;
	at com.kms.katalon.core.main.TestCaseExecutor.execute(TestCaseExecutor.java:233)&#xD;
	at com.kms.katalon.core.main.TestSuiteExecutor.accessTestCaseMainPhase(TestSuiteExecutor.java:169)&#xD;
	at com.kms.katalon.core.main.TestSuiteExecutor.accessTestSuiteMainPhase(TestSuiteExecutor.java:142)&#xD;
	at com.kms.katalon.core.main.TestSuiteExecutor.execute(TestSuiteExecutor.java:91)&#xD;
	at com.kms.katalon.core.main.TestCaseMain.startTestSuite(TestCaseMain.java:157)&#xD;
	at com.kms.katalon.core.main.TestCaseMain$startTestSuite$0.call(Unknown Source)&#xD;
	at TempTestSuite1595486393596.run(TempTestSuite1595486393596.groovy:35)</system-err>
        </testcase>
        <testcase name="Test Cases/Faqbot/partialMatchCurationByCreateNewArticle_Test" classname="Test Cases/Faqbot/partialMatchCurationByCreateNewArticle_Test" status="ERROR">
            <error type="ERROR" message="Test Cases/Faqbot/partialMatchCurationByCreateNewArticle_Test FAILED.&#xA;Reason:&#xA;org.codehaus.groovy.runtime.InvokerInvocationException: com.kms.katalon.core.webui.exception.WebElementNotFoundException: Web element with id: 'Object Repository/NewRepo/saveToArticleList' located by 'By.xpath: //mat-option/span[text()=' Product Info ']' not found&#xD;&#xA;&#x9;at platform.Method.invokeMethod(Method.groovy)&#xD;&#xA;&#x9;at com.kms.katalon.core.main.CustomKeywordDelegatingMetaClass.invokeStaticMethod(CustomKeywordDelegatingMetaClass.java:50)&#xD;&#xA;&#x9;at partialMatchCurationByCreateNewArticle_Test.run(partialMatchCurationByCreateNewArticle_Test:66)&#xD;&#xA;&#x9;at com.kms.katalon.core.main.ScriptEngine.run(ScriptEngine.java:194)&#xD;&#xA;&#x9;at com.kms.katalon.core.main.ScriptEngine.runScriptAsRawText(ScriptEngine.java:119)&#xD;&#xA;&#x9;at com.kms.katalon.core.main.TestCaseExecutor.runScript(TestCaseExecutor.java:337)&#xD;&#xA;&#x9;at com.kms.katalon.core.main.TestCaseExecutor.doExecute(TestCaseExecutor.java:328)&#xD;&#xA;&#x9;at com.kms.katalon.core.main.TestCaseExecutor.processExecutionPhase(TestCaseExecutor.java:307)&#xD;&#xA;&#x9;at com.kms.katalon.core.main.TestCaseExecutor.accessMainPhase(TestCaseExecutor.java:299)&#xD;&#xA;&#x9;at com.kms.katalon.core.main.TestCaseExecutor.execute(TestCaseExecutor.java:233)&#xD;&#xA;&#x9;at com.kms.katalon.core.main.TestSuiteExecutor.accessTestCaseMainPhase(TestSuiteExecutor.java:169)&#xD;&#xA;&#x9;at com.kms.katalon.core.main.TestSuiteExecutor.accessTestSuiteMainPhase(TestSuiteExecutor.java:142)&#xD;&#xA;&#x9;at com.kms.katalon.core.main.TestSuiteExecutor.execute(TestSuiteExecutor.java:91)&#xD;&#xA;&#x9;at com.kms.katalon.core.main.TestCaseMain.startTestSuite(TestCaseMain.java:157)&#xD;&#xA;&#x9;at com.kms.katalon.core.main.TestCaseMain$startTestSuite$0.call(Unknown Source)&#xD;&#xA;&#x9;at TempTestSuite1595486393596.run(TempTestSuite1595486393596.groovy:35)&#xD;&#xA;Caused by: com.kms.katalon.core.webui.exception.WebElementNotFoundException: Web element with id: 'Object Repository/NewRepo/saveToArticleList' located by 'By.xpath: //mat-option/span[text()=' Product Info ']' not found&#xD;&#xA;&#x9;at com.kms.katalon.core.webui.common.WebUiCommonHelper.findWebElement(WebUiCommonHelper.java:1097)&#xD;&#xA;&#x9;at com.kms.katalon.core.webui.common.WebUiCommonHelper$findWebElement.call(Unknown Source)&#xD;&#xA;&#x9;at platform.Method.clickOnElement(Method.groovy:31)&#xD;&#xA;&#x9;at platform.Articles.saveAndTrainArticleToExistingCategory(Articles.groovy:55)&#xD;&#xA;&#x9;... 16 more&#xD;&#xA;"/>
            <system-out>2020-07-23 12:40:18 - [TEST_CASE][ERROR] - Test Cases/Faqbot/partialMatchCurationByCreateNewArticle_Test: Test Cases/Faqbot/partialMatchCurationByCreateNewArticle_Test FAILED.
Reason:
org.codehaus.groovy.runtime.InvokerInvocationException: com.kms.katalon.core.webui.exception.WebElementNotFoundException: Web element with id: 'Object Repository/NewRepo/saveToArticleList' located by 'By.xpath: //mat-option/span[text()=' Product Info ']' not found&#xD;
	at platform.Method.invokeMethod(Method.groovy)&#xD;
	at com.kms.katalon.core.main.CustomKeywordDelegatingMetaClass.invokeStaticMethod(CustomKeywordDelegatingMetaClass.java:50)&#xD;
	at partialMatchCurationByCreateNewArticle_Test.run(partialMatchCurationByCreateNewArticle_Test:66)&#xD;
	at com.kms.katalon.core.main.ScriptEngine.run(ScriptEngine.java:194)&#xD;
	at com.kms.katalon.core.main.ScriptEngine.runScriptAsRawText(ScriptEngine.java:119)&#xD;
	at com.kms.katalon.core.main.TestCaseExecutor.runScript(TestCaseExecutor.java:337)&#xD;
	at com.kms.katalon.core.main.TestCaseExecutor.doExecute(TestCaseExecutor.java:328)&#xD;
	at com.kms.katalon.core.main.TestCaseExecutor.processExecutionPhase(TestCaseExecutor.java:307)&#xD;
	at com.kms.katalon.core.main.TestCaseExecutor.accessMainPhase(TestCaseExecutor.java:299)&#xD;
	at com.kms.katalon.core.main.TestCaseExecutor.execute(TestCaseExecutor.java:233)&#xD;
	at com.kms.katalon.core.main.TestSuiteExecutor.accessTestCaseMainPhase(TestSuiteExecutor.java:169)&#xD;
	at com.kms.katalon.core.main.TestSuiteExecutor.accessTestSuiteMainPhase(TestSuiteExecutor.java:142)&#xD;
	at com.kms.katalon.core.main.TestSuiteExecutor.execute(TestSuiteExecutor.java:91)&#xD;
	at com.kms.katalon.core.main.TestCaseMain.startTestSuite(TestCaseMain.java:157)&#xD;
	at com.kms.katalon.core.main.TestCaseMain$startTestSuite$0.call(Unknown Source)&#xD;
	at TempTestSuite1595486393596.run(TempTestSuite1595486393596.groovy:35)&#xD;
Caused by: com.kms.katalon.core.webui.exception.WebElementNotFoundException: Web element with id: 'Object Repository/NewRepo/saveToArticleList' located by 'By.xpath: //mat-option/span[text()=' Product Info ']' not found&#xD;
	at com.kms.katalon.core.webui.common.WebUiCommonHelper.findWebElement(WebUiCommonHelper.java:1097)&#xD;
	at com.kms.katalon.core.webui.common.WebUiCommonHelper$findWebElement.call(Unknown Source)&#xD;
	at platform.Method.clickOnElement(Method.groovy:31)&#xD;
	at platform.Articles.saveAndTrainArticleToExistingCategory(Articles.groovy:55)&#xD;
	... 16 more&#xD;
&#xD;
&#xD;
2020-07-23 12:40:18 - [TEST_STEP][PASSED] - Start listener action : setUp: Current window maximized&#xD;
&#xD;
2020-07-23 12:40:18 - [TEST_STEP][PASSED] - openBrowser(URL): Browser is opened with url: 'preprod.imibot.ai'&#xD;
&#xD;
2020-07-23 12:40:18 - [MESSAGE][WARNING] - A browser is already opened. Closing browser and opening a new one&#xD;
&#xD;
2020-07-23 12:40:21 - [MESSAGE][INFO] - Starting 'Edge' driver&#xD;
&#xD;
2020-07-23 12:40:34 - [MESSAGE][PASSED] - Browser is opened with url: 'preprod.imibot.ai'&#xD;
&#xD;
2020-07-23 12:40:34 - [TEST_STEP][PASSED] - maximizeWindow(): Current window maximized&#xD;
&#xD;
2020-07-23 12:40:37 - [MESSAGE][PASSED] - Current window maximized&#xD;
&#xD;
2020-07-23 12:40:37 - [TEST_STEP][PASSED] - callTestCase(findTestCase("Generic/successfulLogin_Test"), [:], STOP_ON_FAILURE): Call Test Case 'Test Cases/Generic/successfulLogin_Test' successfully&#xD;
&#xD;
2020-07-23 12:40:37 - [TEST_CASE][PASSED] - Test Cases/Generic/successfulLogin_Test: Test Cases/Generic/successfulLogin_Test&#xD;
&#xD;
2020-07-23 12:40:37 - [TEST_STEP][PASSED] - sendKeys(findTestObject("Input/username"), username): Keys 'narendra.n@imimobile.com' sent to object: 'Object Repository/Input/username'&#xD;
&#xD;
2020-07-23 12:40:40 - [MESSAGE][PASSED] - Keys 'narendra.n@imimobile.com' sent to object: 'Object Repository/Input/username'&#xD;
&#xD;
2020-07-23 12:40:40 - [TEST_STEP][PASSED] - sendKeys(findTestObject("Input/password"), password): Keys 'Test@2020' sent to object: 'Object Repository/Input/password'&#xD;
&#xD;
2020-07-23 12:40:43 - [MESSAGE][PASSED] - Keys 'Test@2020' sent to object: 'Object Repository/Input/password'&#xD;
&#xD;
2020-07-23 12:40:43 - [TEST_STEP][PASSED] - click(findTestObject("Button/signIn")): Object: 'Object Repository/Button/signIn' is clicked on&#xD;
&#xD;
2020-07-23 12:40:45 - [MESSAGE][PASSED] - Object: 'Object Repository/Button/signIn' is clicked on&#xD;
&#xD;
2020-07-23 12:40:45 - [TEST_STEP][PASSED] - if (!(waitForElementPresent(findTestObject("Button/createBot"), 30, OPTIONAL))): Object 'Object Repository/Button/createBot' is present&#xD;
&#xD;
2020-07-23 12:41:01 - [MESSAGE][PASSED] - Object 'Object Repository/Button/createBot' is present&#xD;
&#xD;
2020-07-23 12:41:01 - [MESSAGE][PASSED] - Call Test Case 'Test Cases/Generic/successfulLogin_Test' successfully&#xD;
&#xD;
2020-07-23 12:41:01 - [TEST_STEP][PASSED] - platform.Method.navigateToBot("Q&amp;A bots", FAQ_BOT): platform.Method.navigateToBot is PASSED&#xD;
&#xD;
2020-07-23 12:41:02 - [MESSAGE][PASSED] - Object 'Object Repository/Button/createBot' is present&#xD;
&#xD;
2020-07-23 12:41:04 - [MESSAGE][INFO] - Performing click action on bot&#xD;
&#xD;
2020-07-23 12:41:06 - [MESSAGE][PASSED] - platform.Method.navigateToBot is PASSED&#xD;
&#xD;
2020-07-23 12:41:06 - [TEST_STEP][PASSED] - platform.Method.clickOnElement(findTestObject("Generic/articles")): platform.Method.clickOnElement is PASSED&#xD;
&#xD;
2020-07-23 12:41:12 - [MESSAGE][PASSED] - platform.Method.clickOnElement is PASSED&#xD;
&#xD;
2020-07-23 12:41:12 - [TEST_STEP][PASSED] - platform.Method.trainAndComment(comment): platform.Method.trainAndComment is PASSED&#xD;
&#xD;
2020-07-23 12:41:19 - [MESSAGE][INFO] - Unable to find the element located by 'By.xpath: //button[contains(text(),'Train')]'. Please recheck the objects properties to make sure the desired element is located. &#xD;
&#xD;
2020-07-23 12:41:19 - [MESSAGE][INFO] - BOT STATE IS TRAINED&#xD;
&#xD;
2020-07-23 12:41:19 - [MESSAGE][PASSED] - platform.Method.trainAndComment is PASSED&#xD;
&#xD;
2020-07-23 12:41:19 - [TEST_STEP][PASSED] - platform.Method.clickOnElement(findTestObject("Generic/curation")): platform.Method.clickOnElement is PASSED&#xD;
&#xD;
2020-07-23 12:41:21 - [MESSAGE][PASSED] - platform.Method.clickOnElement is PASSED&#xD;
&#xD;
2020-07-23 12:41:21 - [TEST_STEP][PASSED] - platform.Method.clickOnElement(findTestObject("Button/preview")): platform.Method.clickOnElement is PASSED&#xD;
&#xD;
2020-07-23 12:41:23 - [MESSAGE][PASSED] - platform.Method.clickOnElement is PASSED&#xD;
&#xD;
2020-07-23 12:41:23 - [TEST_STEP][PASSED] - sendKeys(findTestObject("Input/chatInput"), Keys.chord(userQuery, ENTER)): Keys 'ENTER + How can I know my credit card billing date?' sent to object: 'Object Repository/Input/chatInput'&#xD;
&#xD;
2020-07-23 12:41:26 - [MESSAGE][PASSED] - Keys 'ENTER + How can I know my credit card billing date?' sent to object: 'Object Repository/Input/chatInput'&#xD;
&#xD;
2020-07-23 12:41:26 - [TEST_STEP][PASSED] - waitForElementPresent(findTestObject("GenericII/getBotResponse", ["index":2]), 10, STOP_ON_FAILURE): Object 'Object Repository/GenericII/getBotResponse' is present&#xD;
&#xD;
2020-07-23 12:41:28 - [MESSAGE][PASSED] - Object 'Object Repository/GenericII/getBotResponse' is present&#xD;
&#xD;
2020-07-23 12:41:28 - [TEST_STEP][PASSED] - verifyElementText(findTestObject("GenericII/getBotResponse", ["index":2]), stringToCheck, OPTIONAL): Actual text 'Sorry, I was unable to understand your query accurately. Could you select which article you were referring to?' and expected text 'Sorry, I was unable to comprehend your intentions. I've displayed suggestion that might to relatable to your query' of test object 'Object Repository/GenericII/getBotResponse' are NOT matched. (Root cause: com.kms.katalon.core.exception.StepFailedException: Actual text 'Sorry, I was unable to understand your query accurately. Could you select which article you were referring to?' and expected text 'Sorry, I was unable to comprehend your intentions. I've displayed suggestion that might to relatable to your query' of test object 'Object Repository/GenericII/getBotResponse' are NOT matched.&#xD;
	at com.kms.katalon.core.webui.keyword.internal.WebUIKeywordMain.stepFailed(WebUIKeywordMain.groovy:64)&#xD;
	at com.kms.katalon.core.webui.keyword.builtin.VerifyElementTextKeyword$_verifyElementText_closure1.doCall(VerifyElementTextKeyword.groovy:57)&#xD;
	at com.kms.katalon.core.webui.keyword.builtin.VerifyElementTextKeyword$_verifyElementText_closure1.call(VerifyElementTextKeyword.groovy)&#xD;
	at com.kms.katalon.core.webui.keyword.internal.WebUIKeywordMain.runKeyword(WebUIKeywordMain.groovy:20)&#xD;
	at com.kms.katalon.core.webui.keyword.builtin.VerifyElementTextKeyword.verifyElementText(VerifyElementTextKeyword.groovy:72)&#xD;
	at com.kms.katalon.core.webui.keyword.builtin.VerifyElementTextKeyword.execute(VerifyElementTextKeyword.groovy:40)&#xD;
	at com.kms.katalon.core.keyword.internal.KeywordExecutor.executeKeywordForPlatform(KeywordExecutor.groovy:56)&#xD;
	at com.kms.katalon.core.webui.keyword.WebUiBuiltInKeywords.verifyElementText(WebUiBuiltInKeywords.groovy:3647)&#xD;
	at com.kms.katalon.core.webui.keyword.WebUiBuiltInKeywords$verifyElementText$5.call(Unknown Source)&#xD;
	at partialMatchCurationByCreateNewArticle_Test.run(partialMatchCurationByCreateNewArticle_Test:27)&#xD;
	at com.kms.katalon.core.main.ScriptEngine.run(ScriptEngine.java:194)&#xD;
	at com.kms.katalon.core.main.ScriptEngine.runScriptAsRawText(ScriptEngine.java:119)&#xD;
	at com.kms.katalon.core.main.TestCaseExecutor.runScript(TestCaseExecutor.java:337)&#xD;
	at com.kms.katalon.core.main.TestCaseExecutor.doExecute(TestCaseExecutor.java:328)&#xD;
	at com.kms.katalon.core.main.TestCaseExecutor.processExecutionPhase(TestCaseExecutor.java:307)&#xD;
	at com.kms.katalon.core.main.TestCaseExecutor.accessMainPhase(TestCaseExecutor.java:299)&#xD;
	at com.kms.katalon.core.main.TestCaseExecutor.execute(TestCaseExecutor.java:233)&#xD;
	at com.kms.katalon.core.main.TestSuiteExecutor.accessTestCaseMainPhase(TestSuiteExecutor.java:169)&#xD;
	at com.kms.katalon.core.main.TestSuiteExecutor.accessTestSuiteMainPhase(TestSuiteExecutor.java:142)&#xD;
	at com.kms.katalon.core.main.TestSuiteExecutor.execute(TestSuiteExecutor.java:91)&#xD;
	at com.kms.katalon.core.main.TestCaseMain.startTestSuite(TestCaseMain.java:157)&#xD;
	at com.kms.katalon.core.main.TestCaseMain$startTestSuite$0.call(Unknown Source)&#xD;
	at TempTestSuite1595486393596.run(TempTestSuite1595486393596.groovy:35)&#xD;
)&#xD;
&#xD;
2020-07-23 12:41:31 - [MESSAGE][WARNING] - Actual text 'Sorry, I was unable to understand your query accurately. Could you select which article you were referring to?' and expected text 'Sorry, I was unable to comprehend your intentions. I've displayed suggestion that might to relatable to your query' of test object 'Object Repository/GenericII/getBotResponse' are NOT matched. (Root cause: com.kms.katalon.core.exception.StepFailedException: Actual text 'Sorry, I was unable to understand your query accurately. Could you select which article you were referring to?' and expected text 'Sorry, I was unable to comprehend your intentions. I've displayed suggestion that might to relatable to your query' of test object 'Object Repository/GenericII/getBotResponse' are NOT matched.&#xD;
	at com.kms.katalon.core.webui.keyword.internal.WebUIKeywordMain.stepFailed(WebUIKeywordMain.groovy:64)&#xD;
	at com.kms.katalon.core.webui.keyword.builtin.VerifyElementTextKeyword$_verifyElementText_closure1.doCall(VerifyElementTextKeyword.groovy:57)&#xD;
	at com.kms.katalon.core.webui.keyword.builtin.VerifyElementTextKeyword$_verifyElementText_closure1.call(VerifyElementTextKeyword.groovy)&#xD;
	at com.kms.katalon.core.webui.keyword.internal.WebUIKeywordMain.runKeyword(WebUIKeywordMain.groovy:20)&#xD;
	at com.kms.katalon.core.webui.keyword.builtin.VerifyElementTextKeyword.verifyElementText(VerifyElementTextKeyword.groovy:72)&#xD;
	at com.kms.katalon.core.webui.keyword.builtin.VerifyElementTextKeyword.execute(VerifyElementTextKeyword.groovy:40)&#xD;
	at com.kms.katalon.core.keyword.internal.KeywordExecutor.executeKeywordForPlatform(KeywordExecutor.groovy:56)&#xD;
	at com.kms.katalon.core.webui.keyword.WebUiBuiltInKeywords.verifyElementText(WebUiBuiltInKeywords.groovy:3647)&#xD;
	at com.kms.katalon.core.webui.keyword.WebUiBuiltInKeywords$verifyElementText$5.call(Unknown Source)&#xD;
	at partialMatchCurationByCreateNewArticle_Test.run(partialMatchCurationByCreateNewArticle_Test:27)&#xD;
	at com.kms.katalon.core.main.ScriptEngine.run(ScriptEngine.java:194)&#xD;
	at com.kms.katalon.core.main.ScriptEngine.runScriptAsRawText(ScriptEngine.java:119)&#xD;
	at com.kms.katalon.core.main.TestCaseExecutor.runScript(TestCaseExecutor.java:337)&#xD;
	at com.kms.katalon.core.main.TestCaseExecutor.doExecute(TestCaseExecutor.java:328)&#xD;
	at com.kms.katalon.core.main.TestCaseExecutor.processExecutionPhase(TestCaseExecutor.java:307)&#xD;
	at com.kms.katalon.core.main.TestCaseExecutor.accessMainPhase(TestCaseExecutor.java:299)&#xD;
	at com.kms.katalon.core.main.TestCaseExecutor.execute(TestCaseExecutor.java:233)&#xD;
	at com.kms.katalon.core.main.TestSuiteExecutor.accessTestCaseMainPhase(TestSuiteExecutor.java:169)&#xD;
	at com.kms.katalon.core.main.TestSuiteExecutor.accessTestSuiteMainPhase(TestSuiteExecutor.java:142)&#xD;
	at com.kms.katalon.core.main.TestSuiteExecutor.execute(TestSuiteExecutor.java:91)&#xD;
	at com.kms.katalon.core.main.TestCaseMain.startTestSuite(TestCaseMain.java:157)&#xD;
	at com.kms.katalon.core.main.TestCaseMain$startTestSuite$0.call(Unknown Source)&#xD;
	at TempTestSuite1595486393596.run(TempTestSuite1595486393596.groovy:35)&#xD;
)&#xD;
[[ATTACHMENT|D:\\IMIbot.ai-Project\\Reports\\20200723_120951\\faqSuiteE2E\\20200723_120953\\1595488290520.png]]&#xD;
&#xD;
2020-07-23 12:41:31 - [TEST_STEP][PASSED] - getRoomIdAt = new java.util.ArrayList(): null&#xD;
&#xD;
2020-07-23 12:41:31 - [TEST_STEP][PASSED] - getRoomIdAt = platform.Utility.getRoomID(): platform.Utility.getRoomID is PASSED&#xD;
&#xD;
2020-07-23 12:41:36 - [MESSAGE][PASSED] - platform.Utility.getRoomID is PASSED&#xD;
&#xD;
2020-07-23 12:41:36 - [TEST_STEP][PASSED] - platform.Method.clickOnElement(findTestObject("GenericII/minimize")): platform.Method.clickOnElement is PASSED&#xD;
&#xD;
2020-07-23 12:41:38 - [MESSAGE][PASSED] - platform.Method.clickOnElement is PASSED&#xD;
&#xD;
2020-07-23 12:41:38 - [TEST_STEP][PASSED] - platform.Method.clickOnElement(findTestObject("Generic/webObjectWithText", ["textValue":" Partial match "])): platform.Method.clickOnElement is PASSED&#xD;
&#xD;
2020-07-23 12:41:41 - [MESSAGE][PASSED] - platform.Method.clickOnElement is PASSED&#xD;
&#xD;
2020-07-23 12:41:41 - [TEST_STEP][PASSED] - verifyTextPresent("Partial match", false, STOP_ON_FAILURE): Text 'Partial match' is present on page &#xD;
&#xD;
2020-07-23 12:41:44 - [MESSAGE][PASSED] - Text 'Partial match' is present on page &#xD;
&#xD;
2020-07-23 12:41:44 - [TEST_STEP][PASSED] - roomID = get(0).toString(): null&#xD;
&#xD;
2020-07-23 12:41:44 - [TEST_STEP][PASSED] - sendKeys(findTestObject("Input/roomID", ["value":"room_id"]), roomID): Keys '1983125' sent to object: 'Object Repository/Input/roomID'&#xD;
&#xD;
2020-07-23 12:41:47 - [MESSAGE][PASSED] - Keys '1983125' sent to object: 'Object Repository/Input/roomID'&#xD;
&#xD;
2020-07-23 12:41:47 - [TEST_STEP][PASSED] - platform.Method.clickOnElement(findTestObject("Button/filter")): platform.Method.clickOnElement is PASSED&#xD;
&#xD;
2020-07-23 12:41:49 - [MESSAGE][PASSED] - platform.Method.clickOnElement is PASSED&#xD;
&#xD;
2020-07-23 12:41:49 - [TEST_STEP][PASSED] - try: platform.Method.clickOnElement is PASSED&#xD;
&#xD;
2020-07-23 12:41:49 - [TEST_STEP][PASSED] - waitForElementPresent(findTestObject("Button/addToNewArticle"), 20, OPTIONAL): Object 'Object Repository/Button/addToNewArticle' is present&#xD;
&#xD;
2020-07-23 12:41:50 - [MESSAGE][PASSED] - Object 'Object Repository/Button/addToNewArticle' is present&#xD;
&#xD;
2020-07-23 12:41:50 - [TEST_STEP][PASSED] - platform.Method.clickOnElement(findTestObject("Button/addToNewArticle")): platform.Method.clickOnElement is PASSED&#xD;
&#xD;
2020-07-23 12:41:53 - [MESSAGE][PASSED] - platform.Method.clickOnElement is PASSED&#xD;
&#xD;
2020-07-23 12:41:53 - [TEST_STEP][PASSED] - sendKeys(findTestObject("Input/textResponse"), newArticleResponse): Keys 'It’s all there in the credit card statement to see. Besides the transactions, you can also check the bill date and payment date on the statement. For example, YDFC Bank credit card statement shows the bill date and payment date at the top. The payment date, however, can also be seen below the transaction details. Bill date and payment date would actually be represented as Statement Date and Payment Due Date, respectively, on the statement.' sent to object: 'Object Repository/Input/textResponse'&#xD;
&#xD;
2020-07-23 12:42:09 - [MESSAGE][PASSED] - Keys 'It’s all there in the credit card statement to see. Besides the transactions, you can also check the bill date and payment date on the statement. For example, YDFC Bank credit card statement shows the bill date and payment date at the top. The payment date, however, can also be seen below the transaction details. Bill date and payment date would actually be represented as Statement Date and Payment Due Date, respectively, on the statement.' sent to object: 'Object Repository/Input/textResponse'&#xD;
&#xD;
2020-07-23 12:42:09 - [TEST_STEP][ERROR] - platform.Articles.saveAndTrainArticleToExistingCategory(" " + saveArticleTo + " "): com.kms.katalon.core.webui.exception.WebElementNotFoundException: Web element with id: 'Object Repository/NewRepo/saveToArticleList' located by 'By.xpath: //mat-option/span[text()=' Product Info ']' not found&#xD;
&#xD;
2020-07-23 12:42:20 - [MESSAGE][INFO] - Unable to find the element located by 'By.xpath: //mat-option/span[text()=' Product Info ']'. Please recheck the objects properties to make sure the desired element is located. &#xD;
&#xD;
2020-07-23 12:42:20 - [MESSAGE][ERROR] - com.kms.katalon.core.webui.exception.WebElementNotFoundException: Web element with id: 'Object Repository/NewRepo/saveToArticleList' located by 'By.xpath: //mat-option/span[text()=' Product Info ']' not found</system-out>
            <system-err>2020-07-23 12:40:18 - [TEST_CASE][ERROR] - Test Cases/Faqbot/partialMatchCurationByCreateNewArticle_Test: Test Cases/Faqbot/partialMatchCurationByCreateNewArticle_Test FAILED.
Reason:
org.codehaus.groovy.runtime.InvokerInvocationException: com.kms.katalon.core.webui.exception.WebElementNotFoundException: Web element with id: 'Object Repository/NewRepo/saveToArticleList' located by 'By.xpath: //mat-option/span[text()=' Product Info ']' not found&#xD;
	at platform.Method.invokeMethod(Method.groovy)&#xD;
	at com.kms.katalon.core.main.CustomKeywordDelegatingMetaClass.invokeStaticMethod(CustomKeywordDelegatingMetaClass.java:50)&#xD;
	at partialMatchCurationByCreateNewArticle_Test.run(partialMatchCurationByCreateNewArticle_Test:66)&#xD;
	at com.kms.katalon.core.main.ScriptEngine.run(ScriptEngine.java:194)&#xD;
	at com.kms.katalon.core.main.ScriptEngine.runScriptAsRawText(ScriptEngine.java:119)&#xD;
	at com.kms.katalon.core.main.TestCaseExecutor.runScript(TestCaseExecutor.java:337)&#xD;
	at com.kms.katalon.core.main.TestCaseExecutor.doExecute(TestCaseExecutor.java:328)&#xD;
	at com.kms.katalon.core.main.TestCaseExecutor.processExecutionPhase(TestCaseExecutor.java:307)&#xD;
	at com.kms.katalon.core.main.TestCaseExecutor.accessMainPhase(TestCaseExecutor.java:299)&#xD;
	at com.kms.katalon.core.main.TestCaseExecutor.execute(TestCaseExecutor.java:233)&#xD;
	at com.kms.katalon.core.main.TestSuiteExecutor.accessTestCaseMainPhase(TestSuiteExecutor.java:169)&#xD;
	at com.kms.katalon.core.main.TestSuiteExecutor.accessTestSuiteMainPhase(TestSuiteExecutor.java:142)&#xD;
	at com.kms.katalon.core.main.TestSuiteExecutor.execute(TestSuiteExecutor.java:91)&#xD;
	at com.kms.katalon.core.main.TestCaseMain.startTestSuite(TestCaseMain.java:157)&#xD;
	at com.kms.katalon.core.main.TestCaseMain$startTestSuite$0.call(Unknown Source)&#xD;
	at TempTestSuite1595486393596.run(TempTestSuite1595486393596.groovy:35)&#xD;
Caused by: com.kms.katalon.core.webui.exception.WebElementNotFoundException: Web element with id: 'Object Repository/NewRepo/saveToArticleList' located by 'By.xpath: //mat-option/span[text()=' Product Info ']' not found&#xD;
	at com.kms.katalon.core.webui.common.WebUiCommonHelper.findWebElement(WebUiCommonHelper.java:1097)&#xD;
	at com.kms.katalon.core.webui.common.WebUiCommonHelper$findWebElement.call(Unknown Source)&#xD;
	at platform.Method.clickOnElement(Method.groovy:31)&#xD;
	at platform.Articles.saveAndTrainArticleToExistingCategory(Articles.groovy:55)&#xD;
	... 16 more</system-err>
        </testcase>
        <testcase name="Test Cases/Faqbot/filterSessionsBy_Test" classname="Test Cases/Faqbot/filterSessionsBy_Test" status="PASSED">
            <system-out>2020-07-23 12:42:20 - [TEST_CASE][PASSED] - Test Cases/Faqbot/filterSessionsBy_Test: Test Cases/Faqbot/filterSessionsBy_Test&#xD;
&#xD;
2020-07-23 12:42:21 - [TEST_STEP][PASSED] - Start listener action : setUp: Current window maximized&#xD;
&#xD;
2020-07-23 12:42:21 - [TEST_STEP][PASSED] - openBrowser(URL): Browser is opened with url: 'preprod.imibot.ai'&#xD;
&#xD;
2020-07-23 12:42:21 - [MESSAGE][WARNING] - A browser is already opened. Closing browser and opening a new one&#xD;
&#xD;
2020-07-23 12:42:23 - [MESSAGE][INFO] - Starting 'Edge' driver&#xD;
&#xD;
2020-07-23 12:42:38 - [MESSAGE][PASSED] - Browser is opened with url: 'preprod.imibot.ai'&#xD;
&#xD;
2020-07-23 12:42:38 - [TEST_STEP][PASSED] - maximizeWindow(): Current window maximized&#xD;
&#xD;
2020-07-23 12:42:41 - [MESSAGE][PASSED] - Current window maximized&#xD;
&#xD;
2020-07-23 12:42:41 - [TEST_STEP][PASSED] - callTestCase(findTestCase("Generic/successfulLogin_Test"), [:], STOP_ON_FAILURE): Call Test Case 'Test Cases/Generic/successfulLogin_Test' successfully&#xD;
&#xD;
2020-07-23 12:42:41 - [TEST_CASE][PASSED] - Test Cases/Generic/successfulLogin_Test: Test Cases/Generic/successfulLogin_Test&#xD;
&#xD;
2020-07-23 12:42:41 - [TEST_STEP][PASSED] - sendKeys(findTestObject("Input/username"), username): Keys 'narendra.n@imimobile.com' sent to object: 'Object Repository/Input/username'&#xD;
&#xD;
2020-07-23 12:42:44 - [MESSAGE][PASSED] - Keys 'narendra.n@imimobile.com' sent to object: 'Object Repository/Input/username'&#xD;
&#xD;
2020-07-23 12:42:44 - [TEST_STEP][PASSED] - sendKeys(findTestObject("Input/password"), password): Keys 'Test@2020' sent to object: 'Object Repository/Input/password'&#xD;
&#xD;
2020-07-23 12:42:46 - [MESSAGE][PASSED] - Keys 'Test@2020' sent to object: 'Object Repository/Input/password'&#xD;
&#xD;
2020-07-23 12:42:46 - [TEST_STEP][PASSED] - click(findTestObject("Button/signIn")): Object: 'Object Repository/Button/signIn' is clicked on&#xD;
&#xD;
2020-07-23 12:42:48 - [MESSAGE][PASSED] - Object: 'Object Repository/Button/signIn' is clicked on&#xD;
&#xD;
2020-07-23 12:42:48 - [TEST_STEP][PASSED] - if (!(waitForElementPresent(findTestObject("Button/createBot"), 30, OPTIONAL))): Object 'Object Repository/Button/createBot' is present&#xD;
&#xD;
2020-07-23 12:43:04 - [MESSAGE][PASSED] - Object 'Object Repository/Button/createBot' is present&#xD;
&#xD;
2020-07-23 12:43:04 - [MESSAGE][PASSED] - Call Test Case 'Test Cases/Generic/successfulLogin_Test' successfully&#xD;
&#xD;
2020-07-23 12:43:04 - [TEST_STEP][PASSED] - platform.Method.navigateToBot("Q&amp;A bots", FAQ_BOT): platform.Method.navigateToBot is PASSED&#xD;
&#xD;
2020-07-23 12:43:05 - [MESSAGE][PASSED] - Object 'Object Repository/Button/createBot' is present&#xD;
&#xD;
2020-07-23 12:43:07 - [MESSAGE][INFO] - Performing click action on bot&#xD;
&#xD;
2020-07-23 12:43:09 - [MESSAGE][PASSED] - platform.Method.navigateToBot is PASSED&#xD;
&#xD;
2020-07-23 12:43:09 - [TEST_STEP][PASSED] - platform.Method.clickOnElement(findTestObject("Generic/session")): platform.Method.clickOnElement is PASSED&#xD;
&#xD;
2020-07-23 12:43:13 - [MESSAGE][PASSED] - platform.Method.clickOnElement is PASSED&#xD;
&#xD;
2020-07-23 12:43:13 - [TEST_STEP][PASSED] - platform.Session.searchByRoomMetaData("Downvoted"): platform.Session.searchByRoomMetaData is PASSED&#xD;
&#xD;
2020-07-23 12:43:18 - [MESSAGE][PASSED] - platform.Session.searchByRoomMetaData is PASSED&#xD;
&#xD;
2020-07-23 12:43:18 - [TEST_STEP][PASSED] - verifyTextPresent(roomID, false, OPTIONAL): Text '1983114' is present on page &#xD;
&#xD;
2020-07-23 12:43:21 - [MESSAGE][PASSED] - Text '1983114' is present on page &#xD;
&#xD;
2020-07-23 12:43:21 - [TEST_STEP][PASSED] - platform.Method.clickOnElement(findTestObject("Generic/webObjectWithText", ["textValue":roomID])): platform.Method.clickOnElement is PASSED&#xD;
&#xD;
2020-07-23 12:43:23 - [MESSAGE][PASSED] - platform.Method.clickOnElement is PASSED&#xD;
&#xD;
2020-07-23 12:43:23 - [TEST_STEP][PASSED] - platform.Method.clickOnElement(findTestObject("GenericII/closePopup")): platform.Method.clickOnElement is PASSED&#xD;
&#xD;
2020-07-23 12:43:25 - [MESSAGE][PASSED] - platform.Method.clickOnElement is PASSED&#xD;
&#xD;
2020-07-23 12:43:25 - [TEST_STEP][PASSED] - platform.Method.clickOnElement(findTestObject("Button/clear")): platform.Method.clickOnElement is PASSED&#xD;
&#xD;
2020-07-23 12:43:28 - [MESSAGE][PASSED] - platform.Method.clickOnElement is PASSED&#xD;
&#xD;
2020-07-23 12:43:28 - [TEST_STEP][PASSED] - platform.Session.searchByRoomID(newRoomID): platform.Session.searchByRoomID is PASSED&#xD;
&#xD;
2020-07-23 12:43:32 - [MESSAGE][PASSED] - Text '1983115' is set on object 'Object Repository/Input/roomID'&#xD;
&#xD;
2020-07-23 12:43:35 - [MESSAGE][PASSED] - platform.Session.searchByRoomID is PASSED&#xD;
&#xD;
2020-07-23 12:43:35 - [TEST_STEP][PASSED] - verifyTextPresent(newRoomID, false, OPTIONAL): Text '1983115' is present on page &#xD;
&#xD;
2020-07-23 12:43:38 - [MESSAGE][PASSED] - Text '1983115' is present on page</system-out>
            <system-err></system-err>
        </testcase>
        <testcase name="Test Cases/Faqbot/oneClickTestingTrainedVersion_Test" classname="Test Cases/Faqbot/oneClickTestingTrainedVersion_Test" status="PASSED">
            <system-out>2020-07-23 12:43:38 - [TEST_CASE][PASSED] - Test Cases/Faqbot/oneClickTestingTrainedVersion_Test: Test Cases/Faqbot/oneClickTestingTrainedVersion_Test&#xD;
&#xD;
2020-07-23 12:43:38 - [TEST_STEP][PASSED] - Start listener action : setUp: Current window maximized&#xD;
&#xD;
2020-07-23 12:43:38 - [TEST_STEP][PASSED] - openBrowser(URL): Browser is opened with url: 'preprod.imibot.ai'&#xD;
&#xD;
2020-07-23 12:43:38 - [MESSAGE][WARNING] - A browser is already opened. Closing browser and opening a new one&#xD;
&#xD;
2020-07-23 12:43:40 - [MESSAGE][INFO] - Starting 'Edge' driver&#xD;
&#xD;
2020-07-23 12:43:52 - [MESSAGE][PASSED] - Browser is opened with url: 'preprod.imibot.ai'&#xD;
&#xD;
2020-07-23 12:43:52 - [TEST_STEP][PASSED] - maximizeWindow(): Current window maximized&#xD;
&#xD;
2020-07-23 12:43:55 - [MESSAGE][PASSED] - Current window maximized&#xD;
&#xD;
2020-07-23 12:43:56 - [TEST_STEP][PASSED] - callTestCase(findTestCase("Generic/successfulLogin_Test"), [:], STOP_ON_FAILURE): Call Test Case 'Test Cases/Generic/successfulLogin_Test' successfully&#xD;
&#xD;
2020-07-23 12:43:56 - [TEST_CASE][PASSED] - Test Cases/Generic/successfulLogin_Test: Test Cases/Generic/successfulLogin_Test&#xD;
&#xD;
2020-07-23 12:43:56 - [TEST_STEP][PASSED] - sendKeys(findTestObject("Input/username"), username): Keys 'narendra.n@imimobile.com' sent to object: 'Object Repository/Input/username'&#xD;
&#xD;
2020-07-23 12:43:58 - [MESSAGE][PASSED] - Keys 'narendra.n@imimobile.com' sent to object: 'Object Repository/Input/username'&#xD;
&#xD;
2020-07-23 12:43:58 - [TEST_STEP][PASSED] - sendKeys(findTestObject("Input/password"), password): Keys 'Test@2020' sent to object: 'Object Repository/Input/password'&#xD;
&#xD;
2020-07-23 12:44:01 - [MESSAGE][PASSED] - Keys 'Test@2020' sent to object: 'Object Repository/Input/password'&#xD;
&#xD;
2020-07-23 12:44:01 - [TEST_STEP][PASSED] - click(findTestObject("Button/signIn")): Object: 'Object Repository/Button/signIn' is clicked on&#xD;
&#xD;
2020-07-23 12:44:03 - [MESSAGE][PASSED] - Object: 'Object Repository/Button/signIn' is clicked on&#xD;
&#xD;
2020-07-23 12:44:03 - [TEST_STEP][PASSED] - if (!(waitForElementPresent(findTestObject("Button/createBot"), 30, OPTIONAL))): Object 'Object Repository/Button/createBot' is present&#xD;
&#xD;
2020-07-23 12:44:29 - [MESSAGE][PASSED] - Object 'Object Repository/Button/createBot' is present&#xD;
&#xD;
2020-07-23 12:44:29 - [MESSAGE][PASSED] - Call Test Case 'Test Cases/Generic/successfulLogin_Test' successfully&#xD;
&#xD;
2020-07-23 12:44:29 - [TEST_STEP][PASSED] - platform.Method.navigateToBot("Q&amp;A bots", FAQ_BOT): platform.Method.navigateToBot is PASSED&#xD;
&#xD;
2020-07-23 12:44:30 - [MESSAGE][PASSED] - Object 'Object Repository/Button/createBot' is present&#xD;
&#xD;
2020-07-23 12:44:32 - [MESSAGE][INFO] - Performing click action on bot&#xD;
&#xD;
2020-07-23 12:44:34 - [MESSAGE][PASSED] - platform.Method.navigateToBot is PASSED&#xD;
&#xD;
2020-07-23 12:44:34 - [TEST_STEP][PASSED] - platform.Method.clickOnElement(findTestObject("Generic/articles")): platform.Method.clickOnElement is PASSED&#xD;
&#xD;
2020-07-23 12:44:39 - [MESSAGE][PASSED] - platform.Method.clickOnElement is PASSED&#xD;
&#xD;
2020-07-23 12:44:39 - [TEST_STEP][PASSED] - if (verifyElementVisible(findTestObject("Button/makeLive"), OPTIONAL)): Your corpus is live!&#xD;
&#xD;
2020-07-23 12:44:41 - [MESSAGE][PASSED] - Object 'Object Repository/Button/makeLive' is visible&#xD;
&#xD;
2020-07-23 12:44:41 - [TEST_STEP][PASSED] - platform.Method.clickOnElement(findTestObject("Button/makeLive")): platform.Method.clickOnElement is PASSED&#xD;
&#xD;
2020-07-23 12:44:43 - [MESSAGE][PASSED] - platform.Method.clickOnElement is PASSED&#xD;
&#xD;
2020-07-23 12:44:43 - [TEST_STEP][PASSED] - if (!(verifyElementText(findTestObject("Generic/articleState"), "Live", OPTIONAL))): Actual text and expected text of test object 'Object Repository/Generic/articleState' are matched.&#xD;
&#xD;
2020-07-23 12:44:45 - [MESSAGE][PASSED] - Actual text and expected text of test object 'Object Repository/Generic/articleState' are matched.&#xD;
&#xD;
2020-07-23 12:44:45 - [TEST_STEP][PASSED] - else: Your corpus is live!&#xD;
&#xD;
2020-07-23 12:44:45 - [TEST_STEP][PASSED] - logInfo("Your corpus is live!"): Your corpus is live!&#xD;
&#xD;
2020-07-23 12:44:45 - [MESSAGE][INFO] - Your corpus is live!&#xD;
&#xD;
2020-07-23 12:44:45 - [TEST_STEP][PASSED] - testData = findTestData("Data Files/testData_OneClickTesting"): null&#xD;
&#xD;
2020-07-23 12:44:46 - [TEST_STEP][PASSED] - platform.Method.clickOnElement(findTestObject("Generic/oneClickTest")): platform.Method.clickOnElement is PASSED&#xD;
&#xD;
2020-07-23 12:44:48 - [MESSAGE][PASSED] - platform.Method.clickOnElement is PASSED&#xD;
&#xD;
2020-07-23 12:44:48 - [TEST_STEP][PASSED] - verifyTextPresent("Message", false, STOP_ON_FAILURE): Text 'Message' is present on page &#xD;
&#xD;
2020-07-23 12:44:51 - [MESSAGE][PASSED] - Text 'Message' is present on page &#xD;
&#xD;
2020-07-23 12:44:51 - [TEST_STEP][PASSED] - verifyTextPresent("Expected article", false, STOP_ON_FAILURE): Text 'Expected article' is present on page &#xD;
&#xD;
2020-07-23 12:44:54 - [MESSAGE][PASSED] - Text 'Expected article' is present on page &#xD;
&#xD;
2020-07-23 12:44:54 - [TEST_STEP][PASSED] - verifyTextPresent("Reset previous context", false, STOP_ON_FAILURE): Text 'Reset previous context' is present on page &#xD;
&#xD;
2020-07-23 12:44:57 - [MESSAGE][PASSED] - Text 'Reset previous context' is present on page &#xD;
&#xD;
2020-07-23 12:44:57 - [TEST_STEP][PASSED] - platform.Method.clickOnElement(findTestObject("Button/importIcon")): platform.Method.clickOnElement is PASSED&#xD;
&#xD;
2020-07-23 12:44:59 - [MESSAGE][PASSED] - platform.Method.clickOnElement is PASSED&#xD;
&#xD;
2020-07-23 12:44:59 - [TEST_STEP][PASSED] - platform.Method.uploadCsvFile(false, uploadFAQTestCases): platform.Method.uploadCsvFile is PASSED&#xD;
&#xD;
2020-07-23 12:44:59 - [MESSAGE][INFO] - PREVIOUS DATA NOT BE OVERRIDDEN&#xD;
&#xD;
2020-07-23 12:45:01 - [MESSAGE][PASSED] - File 'D:/IMIbot.ai-Project/Collection/oneClickFAQ.csv' sent to object: 'Object Repository/Input/uploadFile'&#xD;
&#xD;
2020-07-23 12:45:04 - [MESSAGE][PASSED] - platform.Method.uploadCsvFile is PASSED&#xD;
&#xD;
2020-07-23 12:45:04 - [TEST_STEP][PASSED] - platform.Method.clickOnElement(findTestObject("Generic/updateBtn")): platform.Method.clickOnElement is PASSED&#xD;
&#xD;
2020-07-23 12:45:06 - [MESSAGE][PASSED] - platform.Method.clickOnElement is PASSED&#xD;
&#xD;
2020-07-23 12:45:06 - [TEST_STEP][PASSED] - platform.Method.clickOnElement(findTestObject("NewRepo2/execution")): platform.Method.clickOnElement is PASSED&#xD;
&#xD;
2020-07-23 12:45:08 - [MESSAGE][PASSED] - platform.Method.clickOnElement is PASSED&#xD;
&#xD;
2020-07-23 12:45:08 - [TEST_STEP][PASSED] - platform.Method.runOneClickTestOnLiveData(true): platform.Method.runOneClickTestOnLiveData is PASSED&#xD;
&#xD;
2020-07-23 12:45:09 - [MESSAGE][PASSED] - Object 'Object Repository/Button/btnExecute' is present&#xD;
&#xD;
2020-07-23 12:45:16 - [MESSAGE][PASSED] - platform.Method.runOneClickTestOnLiveData is PASSED&#xD;
&#xD;
2020-07-23 12:45:16 - [TEST_STEP][PASSED] - waitForElementVisible(findTestObject("Generic/testSummary", ["status":"summery-status-completed"]), 90, STOP_ON_FAILURE): Object 'Object Repository/Generic/testSummary' is visible&#xD;
&#xD;
2020-07-23 12:45:21 - [MESSAGE][PASSED] - Object 'Object Repository/Generic/testSummary' is visible&#xD;
&#xD;
2020-07-23 12:45:21 - [TEST_STEP][PASSED] - platform.Method.clickOnElement(findTestObject("ICONS/action", ["index":2])): platform.Method.clickOnElement is PASSED&#xD;
&#xD;
2020-07-23 12:45:23 - [MESSAGE][PASSED] - platform.Method.clickOnElement is PASSED&#xD;
&#xD;
2020-07-23 12:45:23 - [TEST_STEP][PASSED] - platform.Method.clickOnElement(findTestObject("Button/btnOptionsInOneClickTesting", ["btnValue":"Test in preview"])): platform.Method.clickOnElement is PASSED&#xD;
&#xD;
2020-07-23 12:45:26 - [MESSAGE][PASSED] - platform.Method.clickOnElement is PASSED&#xD;
&#xD;
2020-07-23 12:45:26 - [TEST_STEP][PASSED] - getRoomIdAt = new java.util.ArrayList(): null&#xD;
&#xD;
2020-07-23 12:45:26 - [TEST_STEP][PASSED] - getRoomIdAt = platform.Utility.getRoomID(): platform.Utility.getRoomID is PASSED&#xD;
&#xD;
2020-07-23 12:45:30 - [MESSAGE][PASSED] - platform.Utility.getRoomID is PASSED&#xD;
&#xD;
2020-07-23 12:45:30 - [TEST_STEP][PASSED] - roomID = get(0).toString(): null&#xD;
&#xD;
2020-07-23 12:45:30 - [TEST_STEP][PASSED] - platform.Method.clickOnElement(findTestObject("GenericII/minimize")): platform.Method.clickOnElement is PASSED&#xD;
&#xD;
2020-07-23 12:45:33 - [MESSAGE][PASSED] - platform.Method.clickOnElement is PASSED&#xD;
&#xD;
2020-07-23 12:45:33 - [TEST_STEP][PASSED] - platform.Method.clickOnElement(findTestObject("Generic/session")): platform.Method.clickOnElement is PASSED&#xD;
&#xD;
2020-07-23 12:45:35 - [MESSAGE][PASSED] - platform.Method.clickOnElement is PASSED&#xD;
&#xD;
2020-07-23 12:45:35 - [TEST_STEP][PASSED] - platform.Session.searchByRoomID(roomID): platform.Session.searchByRoomID is PASSED&#xD;
&#xD;
2020-07-23 12:45:39 - [MESSAGE][PASSED] - Text '1983129' is set on object 'Object Repository/Input/roomID'&#xD;
&#xD;
2020-07-23 12:45:41 - [MESSAGE][PASSED] - platform.Session.searchByRoomID is PASSED&#xD;
&#xD;
2020-07-23 12:45:41 - [TEST_STEP][PASSED] - verifyTextPresent(roomID, false, STOP_ON_FAILURE): Text '1983129' is present on page &#xD;
&#xD;
2020-07-23 12:45:44 - [MESSAGE][PASSED] - Text '1983129' is present on page &#xD;
&#xD;
2020-07-23 12:45:44 - [TEST_STEP][PASSED] - platform.Method.clickOnElement(findTestObject("Generic/webObjectWithText", ["textValue":roomID])): platform.Method.clickOnElement is PASSED&#xD;
&#xD;
2020-07-23 12:45:47 - [MESSAGE][PASSED] - platform.Method.clickOnElement is PASSED&#xD;
&#xD;
2020-07-23 12:45:47 - [TEST_STEP][PASSED] - sendKeys(findTestObject("NewRepo2/inputSessionSearch"), toBeSearched): Keys 'card abroad charges?' sent to object: 'Object Repository/NewRepo2/inputSessionSearch'&#xD;
&#xD;
2020-07-23 12:45:51 - [MESSAGE][PASSED] - Keys 'card abroad charges?' sent to object: 'Object Repository/NewRepo2/inputSessionSearch'&#xD;
&#xD;
2020-07-23 12:45:51 - [TEST_STEP][PASSED] - verifyElementText(findTestObject("NewRepo2/textHighlight"), "card abroad charges?", STOP_ON_FAILURE): Actual text and expected text of test object 'Object Repository/NewRepo2/textHighlight' are matched.&#xD;
&#xD;
2020-07-23 12:45:53 - [MESSAGE][PASSED] - Actual text and expected text of test object 'Object Repository/NewRepo2/textHighlight' are matched.</system-out>
            <system-err></system-err>
        </testcase>
        <testcase name="Test Cases/Faqbot/agentHandoverE2E_Test" classname="Test Cases/Faqbot/agentHandoverE2E_Test" status="FAILED">
            <failure type="FAILED" message="Test Cases/Faqbot/agentHandoverE2E_Test FAILED.&#xA;Reason:&#xA;com.kms.katalon.core.exception.StepFailedException: Call Test Case 'Test Cases/Generic/successfulLogin_Test' failed&#xD;&#xA;&#x9;at com.kms.katalon.core.keyword.builtin.CallTestCaseKeyword$_callTestCase_closure1.doCall(CallTestCaseKeyword.groovy:63)&#xD;&#xA;&#x9;at com.kms.katalon.core.keyword.builtin.CallTestCaseKeyword$_callTestCase_closure1.call(CallTestCaseKeyword.groovy)&#xD;&#xA;&#x9;at com.kms.katalon.core.keyword.internal.KeywordMain.runKeyword(KeywordMain.groovy:68)&#xD;&#xA;&#x9;at com.kms.katalon.core.keyword.builtin.CallTestCaseKeyword.callTestCase(CallTestCaseKeyword.groovy:81)&#xD;&#xA;&#x9;at com.kms.katalon.core.keyword.builtin.CallTestCaseKeyword.execute(CallTestCaseKeyword.groovy:44)&#xD;&#xA;&#x9;at com.kms.katalon.core.keyword.internal.KeywordExecutor.executeKeywordForPlatform(KeywordExecutor.groovy:56)&#xD;&#xA;&#x9;at com.kms.katalon.core.keyword.BuiltinKeywords.callTestCase(BuiltinKeywords.groovy:334)&#xD;&#xA;&#x9;at agentHandoverE2E_Test.run(agentHandoverE2E_Test:19)&#xD;&#xA;&#x9;at com.kms.katalon.core.main.ScriptEngine.run(ScriptEngine.java:194)&#xD;&#xA;&#x9;at com.kms.katalon.core.main.ScriptEngine.runScriptAsRawText(ScriptEngine.java:119)&#xD;&#xA;&#x9;at com.kms.katalon.core.main.TestCaseExecutor.runScript(TestCaseExecutor.java:337)&#xD;&#xA;&#x9;at com.kms.katalon.core.main.TestCaseExecutor.doExecute(TestCaseExecutor.java:328)&#xD;&#xA;&#x9;at com.kms.katalon.core.main.TestCaseExecutor.processExecutionPhase(TestCaseExecutor.java:307)&#xD;&#xA;&#x9;at com.kms.katalon.core.main.TestCaseExecutor.accessMainPhase(TestCaseExecutor.java:299)&#xD;&#xA;&#x9;at com.kms.katalon.core.main.TestCaseExecutor.execute(TestCaseExecutor.java:233)&#xD;&#xA;&#x9;at com.kms.katalon.core.main.TestSuiteExecutor.accessTestCaseMainPhase(TestSuiteExecutor.java:169)&#xD;&#xA;&#x9;at com.kms.katalon.core.main.TestSuiteExecutor.accessTestSuiteMainPhase(TestSuiteExecutor.java:142)&#xD;&#xA;&#x9;at com.kms.katalon.core.main.TestSuiteExecutor.execute(TestSuiteExecutor.java:91)&#xD;&#xA;&#x9;at com.kms.katalon.core.main.TestCaseMain.startTestSuite(TestCaseMain.java:157)&#xD;&#xA;&#x9;at com.kms.katalon.core.main.TestCaseMain$startTestSuite$0.call(Unknown Source)&#xD;&#xA;&#x9;at TempTestSuite1595486393596.run(TempTestSuite1595486393596.groovy:35)&#xD;&#xA;Caused by: com.kms.katalon.core.exception.StepFailedException: Unable to send keys 'narendra.n@imimobile.com' to object 'Object Repository/Input/username'&#xD;&#xA;&#x9;at com.kms.katalon.core.webui.keyword.internal.WebUIKeywordMain.stepFailed(WebUIKeywordMain.groovy:64)&#xD;&#xA;&#x9;at com.kms.katalon.core.webui.keyword.internal.WebUIKeywordMain.runKeyword(WebUIKeywordMain.groovy:26)&#xD;&#xA;&#x9;at com.kms.katalon.core.webui.keyword.builtin.SendKeysKeyword.sendKeys(SendKeysKeyword.groovy:60)&#xD;&#xA;&#x9;at com.kms.katalon.core.webui.keyword.builtin.SendKeysKeyword.execute(SendKeysKeyword.groovy:38)&#xD;&#xA;&#x9;at com.kms.katalon.core.keyword.internal.KeywordExecutor.executeKeywordForPlatform(KeywordExecutor.groovy:56)&#xD;&#xA;&#x9;at com.kms.katalon.core.webui.keyword.WebUiBuiltInKeywords.sendKeys(WebUiBuiltInKeywords.groovy:834)&#xD;&#xA;&#x9;at com.kms.katalon.core.webui.keyword.WebUiBuiltInKeywords$sendKeys$1.call(Unknown Source)&#xD;&#xA;&#x9;at successfulLogin_Test.run(successfulLogin_Test:16)&#xD;&#xA;&#x9;at com.kms.katalon.core.main.ScriptEngine.run(ScriptEngine.java:194)&#xD;&#xA;&#x9;at com.kms.katalon.core.main.ScriptEngine.runScriptAsRawText(ScriptEngine.java:119)&#xD;&#xA;&#x9;at com.kms.katalon.core.main.TestCaseExecutor.runScript(TestCaseExecutor.java:337)&#xD;&#xA;&#x9;at com.kms.katalon.core.main.TestCaseExecutor.doExecute(TestCaseExecutor.java:328)&#xD;&#xA;&#x9;at com.kms.katalon.core.main.TestCaseExecutor.processExecutionPhase(TestCaseExecutor.java:307)&#xD;&#xA;&#x9;at com.kms.katalon.core.main.TestCaseExecutor.accessMainPhase(TestCaseExecutor.java:299)&#xD;&#xA;&#x9;at com.kms.katalon.core.main.TestCaseExecutor.execute(TestCaseExecutor.java:233)&#xD;&#xA;&#x9;at com.kms.katalon.core.main.TestCaseMain.runTestCase(TestCaseMain.java:114)&#xD;&#xA;&#x9;at com.kms.katalon.core.keyword.builtin.CallTestCaseKeyword$_callTestCase_closure1.doCall(CallTestCaseKeyword.groovy:59)&#xD;&#xA;&#x9;... 20 more&#xD;&#xA;Caused by: com.kms.katalon.core.webui.exception.WebElementNotFoundException: Web element with id: 'Object Repository/Input/username' located by 'By.xpath: //*[@data-cy = 'login-email']' not found&#xD;&#xA;&#x9;at com.kms.katalon.core.webui.common.WebUiCommonHelper.findWebElement(WebUiCommonHelper.java:1097)&#xD;&#xA;&#x9;at com.kms.katalon.core.webui.keyword.internal.WebUIAbstractKeyword.findWebElement(WebUIAbstractKeyword.groovy:27)&#xD;&#xA;&#x9;at com.kms.katalon.core.webui.keyword.internal.WebUIAbstractKeyword.findWebElement(WebUIAbstractKeyword.groovy:26)&#xD;&#xA;&#x9;at com.kms.katalon.core.webui.keyword.builtin.SendKeysKeyword$_sendKeys_closure1.doCall(SendKeysKeyword.groovy:52)&#xD;&#xA;&#x9;at com.kms.katalon.core.webui.keyword.builtin.SendKeysKeyword$_sendKeys_closure1.call(SendKeysKeyword.groovy)&#xD;&#xA;&#x9;at com.kms.katalon.core.webui.keyword.internal.WebUIKeywordMain.runKeyword(WebUIKeywordMain.groovy:20)&#xD;&#xA;&#x9;... 35 more&#xD;&#xA;"/>
            <system-out>2020-07-23 12:45:53 - [TEST_CASE][FAILED] - Test Cases/Faqbot/agentHandoverE2E_Test: Test Cases/Faqbot/agentHandoverE2E_Test FAILED.
Reason:
com.kms.katalon.core.exception.StepFailedException: Call Test Case 'Test Cases/Generic/successfulLogin_Test' failed&#xD;
	at com.kms.katalon.core.keyword.builtin.CallTestCaseKeyword$_callTestCase_closure1.doCall(CallTestCaseKeyword.groovy:63)&#xD;
	at com.kms.katalon.core.keyword.builtin.CallTestCaseKeyword$_callTestCase_closure1.call(CallTestCaseKeyword.groovy)&#xD;
	at com.kms.katalon.core.keyword.internal.KeywordMain.runKeyword(KeywordMain.groovy:68)&#xD;
	at com.kms.katalon.core.keyword.builtin.CallTestCaseKeyword.callTestCase(CallTestCaseKeyword.groovy:81)&#xD;
	at com.kms.katalon.core.keyword.builtin.CallTestCaseKeyword.execute(CallTestCaseKeyword.groovy:44)&#xD;
	at com.kms.katalon.core.keyword.internal.KeywordExecutor.executeKeywordForPlatform(KeywordExecutor.groovy:56)&#xD;
	at com.kms.katalon.core.keyword.BuiltinKeywords.callTestCase(BuiltinKeywords.groovy:334)&#xD;
	at agentHandoverE2E_Test.run(agentHandoverE2E_Test:19)&#xD;
	at com.kms.katalon.core.main.ScriptEngine.run(ScriptEngine.java:194)&#xD;
	at com.kms.katalon.core.main.ScriptEngine.runScriptAsRawText(ScriptEngine.java:119)&#xD;
	at com.kms.katalon.core.main.TestCaseExecutor.runScript(TestCaseExecutor.java:337)&#xD;
	at com.kms.katalon.core.main.TestCaseExecutor.doExecute(TestCaseExecutor.java:328)&#xD;
	at com.kms.katalon.core.main.TestCaseExecutor.processExecutionPhase(TestCaseExecutor.java:307)&#xD;
	at com.kms.katalon.core.main.TestCaseExecutor.accessMainPhase(TestCaseExecutor.java:299)&#xD;
	at com.kms.katalon.core.main.TestCaseExecutor.execute(TestCaseExecutor.java:233)&#xD;
	at com.kms.katalon.core.main.TestSuiteExecutor.accessTestCaseMainPhase(TestSuiteExecutor.java:169)&#xD;
	at com.kms.katalon.core.main.TestSuiteExecutor.accessTestSuiteMainPhase(TestSuiteExecutor.java:142)&#xD;
	at com.kms.katalon.core.main.TestSuiteExecutor.execute(TestSuiteExecutor.java:91)&#xD;
	at com.kms.katalon.core.main.TestCaseMain.startTestSuite(TestCaseMain.java:157)&#xD;
	at com.kms.katalon.core.main.TestCaseMain$startTestSuite$0.call(Unknown Source)&#xD;
	at TempTestSuite1595486393596.run(TempTestSuite1595486393596.groovy:35)&#xD;
Caused by: com.kms.katalon.core.exception.StepFailedException: Unable to send keys 'narendra.n@imimobile.com' to object 'Object Repository/Input/username'&#xD;
	at com.kms.katalon.core.webui.keyword.internal.WebUIKeywordMain.stepFailed(WebUIKeywordMain.groovy:64)&#xD;
	at com.kms.katalon.core.webui.keyword.internal.WebUIKeywordMain.runKeyword(WebUIKeywordMain.groovy:26)&#xD;
	at com.kms.katalon.core.webui.keyword.builtin.SendKeysKeyword.sendKeys(SendKeysKeyword.groovy:60)&#xD;
	at com.kms.katalon.core.webui.keyword.builtin.SendKeysKeyword.execute(SendKeysKeyword.groovy:38)&#xD;
	at com.kms.katalon.core.keyword.internal.KeywordExecutor.executeKeywordForPlatform(KeywordExecutor.groovy:56)&#xD;
	at com.kms.katalon.core.webui.keyword.WebUiBuiltInKeywords.sendKeys(WebUiBuiltInKeywords.groovy:834)&#xD;
	at com.kms.katalon.core.webui.keyword.WebUiBuiltInKeywords$sendKeys$1.call(Unknown Source)&#xD;
	at successfulLogin_Test.run(successfulLogin_Test:16)&#xD;
	at com.kms.katalon.core.main.ScriptEngine.run(ScriptEngine.java:194)&#xD;
	at com.kms.katalon.core.main.ScriptEngine.runScriptAsRawText(ScriptEngine.java:119)&#xD;
	at com.kms.katalon.core.main.TestCaseExecutor.runScript(TestCaseExecutor.java:337)&#xD;
	at com.kms.katalon.core.main.TestCaseExecutor.doExecute(TestCaseExecutor.java:328)&#xD;
	at com.kms.katalon.core.main.TestCaseExecutor.processExecutionPhase(TestCaseExecutor.java:307)&#xD;
	at com.kms.katalon.core.main.TestCaseExecutor.accessMainPhase(TestCaseExecutor.java:299)&#xD;
	at com.kms.katalon.core.main.TestCaseExecutor.execute(TestCaseExecutor.java:233)&#xD;
	at com.kms.katalon.core.main.TestCaseMain.runTestCase(TestCaseMain.java:114)&#xD;
	at com.kms.katalon.core.keyword.builtin.CallTestCaseKeyword$_callTestCase_closure1.doCall(CallTestCaseKeyword.groovy:59)&#xD;
	... 20 more&#xD;
Caused by: com.kms.katalon.core.webui.exception.WebElementNotFoundException: Web element with id: 'Object Repository/Input/username' located by 'By.xpath: //*[@data-cy = 'login-email']' not found&#xD;
	at com.kms.katalon.core.webui.common.WebUiCommonHelper.findWebElement(WebUiCommonHelper.java:1097)&#xD;
	at com.kms.katalon.core.webui.keyword.internal.WebUIAbstractKeyword.findWebElement(WebUIAbstractKeyword.groovy:27)&#xD;
	at com.kms.katalon.core.webui.keyword.internal.WebUIAbstractKeyword.findWebElement(WebUIAbstractKeyword.groovy:26)&#xD;
	at com.kms.katalon.core.webui.keyword.builtin.SendKeysKeyword$_sendKeys_closure1.doCall(SendKeysKeyword.groovy:52)&#xD;
	at com.kms.katalon.core.webui.keyword.builtin.SendKeysKeyword$_sendKeys_closure1.call(SendKeysKeyword.groovy)&#xD;
	at com.kms.katalon.core.webui.keyword.internal.WebUIKeywordMain.runKeyword(WebUIKeywordMain.groovy:20)&#xD;
	... 35 more&#xD;
&#xD;
&#xD;
2020-07-23 12:45:53 - [TEST_STEP][PASSED] - Start listener action : setUp: Current window maximized&#xD;
&#xD;
2020-07-23 12:45:53 - [TEST_STEP][PASSED] - openBrowser(URL): Browser is opened with url: 'preprod.imibot.ai'&#xD;
&#xD;
2020-07-23 12:45:53 - [MESSAGE][WARNING] - A browser is already opened. Closing browser and opening a new one&#xD;
&#xD;
2020-07-23 12:45:55 - [MESSAGE][INFO] - Starting 'Edge' driver&#xD;
&#xD;
2020-07-23 12:46:01 - [MESSAGE][PASSED] - Browser is opened with url: 'preprod.imibot.ai'&#xD;
&#xD;
2020-07-23 12:46:01 - [TEST_STEP][PASSED] - maximizeWindow(): Current window maximized&#xD;
&#xD;
2020-07-23 12:46:03 - [MESSAGE][PASSED] - Current window maximized&#xD;
&#xD;
2020-07-23 12:46:03 - [TEST_STEP][FAILED] - callTestCase(findTestCase("Generic/successfulLogin_Test"), [:], STOP_ON_FAILURE): Unable to call Test Case 'Test Cases/Generic/successfulLogin_Test' (Root cause: com.kms.katalon.core.exception.StepFailedException: Call Test Case 'Test Cases/Generic/successfulLogin_Test' failed&#xD;
	at com.kms.katalon.core.keyword.builtin.CallTestCaseKeyword$_callTestCase_closure1.doCall(CallTestCaseKeyword.groovy:63)&#xD;
	at com.kms.katalon.core.keyword.builtin.CallTestCaseKeyword$_callTestCase_closure1.call(CallTestCaseKeyword.groovy)&#xD;
	at com.kms.katalon.core.keyword.internal.KeywordMain.runKeyword(KeywordMain.groovy:68)&#xD;
	at com.kms.katalon.core.keyword.builtin.CallTestCaseKeyword.callTestCase(CallTestCaseKeyword.groovy:81)&#xD;
	at com.kms.katalon.core.keyword.builtin.CallTestCaseKeyword.execute(CallTestCaseKeyword.groovy:44)&#xD;
	at com.kms.katalon.core.keyword.internal.KeywordExecutor.executeKeywordForPlatform(KeywordExecutor.groovy:56)&#xD;
	at com.kms.katalon.core.keyword.BuiltinKeywords.callTestCase(BuiltinKeywords.groovy:334)&#xD;
	at agentHandoverE2E_Test.run(agentHandoverE2E_Test:19)&#xD;
	at com.kms.katalon.core.main.ScriptEngine.run(ScriptEngine.java:194)&#xD;
	at com.kms.katalon.core.main.ScriptEngine.runScriptAsRawText(ScriptEngine.java:119)&#xD;
	at com.kms.katalon.core.main.TestCaseExecutor.runScript(TestCaseExecutor.java:337)&#xD;
	at com.kms.katalon.core.main.TestCaseExecutor.doExecute(TestCaseExecutor.java:328)&#xD;
	at com.kms.katalon.core.main.TestCaseExecutor.processExecutionPhase(TestCaseExecutor.java:307)&#xD;
	at com.kms.katalon.core.main.TestCaseExecutor.accessMainPhase(TestCaseExecutor.java:299)&#xD;
	at com.kms.katalon.core.main.TestCaseExecutor.execute(TestCaseExecutor.java:233)&#xD;
	at com.kms.katalon.core.main.TestSuiteExecutor.accessTestCaseMainPhase(TestSuiteExecutor.java:169)&#xD;
	at com.kms.katalon.core.main.TestSuiteExecutor.accessTestSuiteMainPhase(TestSuiteExecutor.java:142)&#xD;
	at com.kms.katalon.core.main.TestSuiteExecutor.execute(TestSuiteExecutor.java:91)&#xD;
	at com.kms.katalon.core.main.TestCaseMain.startTestSuite(TestCaseMain.java:157)&#xD;
	at com.kms.katalon.core.main.TestCaseMain$startTestSuite$0.call(Unknown Source)&#xD;
	at TempTestSuite1595486393596.run(TempTestSuite1595486393596.groovy:35)&#xD;
Caused by: com.kms.katalon.core.exception.StepFailedException: Unable to send keys 'narendra.n@imimobile.com' to object 'Object Repository/Input/username'&#xD;
	at com.kms.katalon.core.webui.keyword.internal.WebUIKeywordMain.stepFailed(WebUIKeywordMain.groovy:64)&#xD;
	at com.kms.katalon.core.webui.keyword.internal.WebUIKeywordMain.runKeyword(WebUIKeywordMain.groovy:26)&#xD;
	at com.kms.katalon.core.webui.keyword.builtin.SendKeysKeyword.sendKeys(SendKeysKeyword.groovy:60)&#xD;
	at com.kms.katalon.core.webui.keyword.builtin.SendKeysKeyword.execute(SendKeysKeyword.groovy:38)&#xD;
	at com.kms.katalon.core.keyword.internal.KeywordExecutor.executeKeywordForPlatform(KeywordExecutor.groovy:56)&#xD;
	at com.kms.katalon.core.webui.keyword.WebUiBuiltInKeywords.sendKeys(WebUiBuiltInKeywords.groovy:834)&#xD;
	at com.kms.katalon.core.webui.keyword.WebUiBuiltInKeywords$sendKeys$1.call(Unknown Source)&#xD;
	at successfulLogin_Test.run(successfulLogin_Test:16)&#xD;
	at com.kms.katalon.core.main.ScriptEngine.run(ScriptEngine.java:194)&#xD;
	at com.kms.katalon.core.main.ScriptEngine.runScriptAsRawText(ScriptEngine.java:119)&#xD;
	at com.kms.katalon.core.main.TestCaseExecutor.runScript(TestCaseExecutor.java:337)&#xD;
	at com.kms.katalon.core.main.TestCaseExecutor.doExecute(TestCaseExecutor.java:328)&#xD;
	at com.kms.katalon.core.main.TestCaseExecutor.processExecutionPhase(TestCaseExecutor.java:307)&#xD;
	at com.kms.katalon.core.main.TestCaseExecutor.accessMainPhase(TestCaseExecutor.java:299)&#xD;
	at com.kms.katalon.core.main.TestCaseExecutor.execute(TestCaseExecutor.java:233)&#xD;
	at com.kms.katalon.core.main.TestCaseMain.runTestCase(TestCaseMain.java:114)&#xD;
	at com.kms.katalon.core.keyword.builtin.CallTestCaseKeyword$_callTestCase_closure1.doCall(CallTestCaseKeyword.groovy:59)&#xD;
	... 20 more&#xD;
Caused by: com.kms.katalon.core.webui.exception.WebElementNotFoundException: Web element with id: 'Object Repository/Input/username' located by 'By.xpath: //*[@data-cy = 'login-email']' not found&#xD;
	at com.kms.katalon.core.webui.common.WebUiCommonHelper.findWebElement(WebUiCommonHelper.java:1097)&#xD;
	at com.kms.katalon.core.webui.keyword.internal.WebUIAbstractKeyword.findWebElement(WebUIAbstractKeyword.groovy:27)&#xD;
	at com.kms.katalon.core.webui.keyword.internal.WebUIAbstractKeyword.findWebElement(WebUIAbstractKeyword.groovy:26)&#xD;
	at com.kms.katalon.core.webui.keyword.builtin.SendKeysKeyword$_sendKeys_closure1.doCall(SendKeysKeyword.groovy:52)&#xD;
	at com.kms.katalon.core.webui.keyword.builtin.SendKeysKeyword$_sendKeys_closure1.call(SendKeysKeyword.groovy)&#xD;
	at com.kms.katalon.core.webui.keyword.internal.WebUIKeywordMain.runKeyword(WebUIKeywordMain.groovy:20)&#xD;
	... 35 more&#xD;
)&#xD;
&#xD;
2020-07-23 12:46:04 - [TEST_CASE][FAILED] - Test Cases/Generic/successfulLogin_Test: Test Cases/Generic/successfulLogin_Test FAILED.
Reason:
com.kms.katalon.core.exception.StepFailedException: Unable to send keys 'narendra.n@imimobile.com' to object 'Object Repository/Input/username'&#xD;
	at com.kms.katalon.core.webui.keyword.internal.WebUIKeywordMain.stepFailed(WebUIKeywordMain.groovy:64)&#xD;
	at com.kms.katalon.core.webui.keyword.internal.WebUIKeywordMain.runKeyword(WebUIKeywordMain.groovy:26)&#xD;
	at com.kms.katalon.core.webui.keyword.builtin.SendKeysKeyword.sendKeys(SendKeysKeyword.groovy:60)&#xD;
	at com.kms.katalon.core.webui.keyword.builtin.SendKeysKeyword.execute(SendKeysKeyword.groovy:38)&#xD;
	at com.kms.katalon.core.keyword.internal.KeywordExecutor.executeKeywordForPlatform(KeywordExecutor.groovy:56)&#xD;
	at com.kms.katalon.core.webui.keyword.WebUiBuiltInKeywords.sendKeys(WebUiBuiltInKeywords.groovy:834)&#xD;
	at com.kms.katalon.core.webui.keyword.WebUiBuiltInKeywords$sendKeys$1.call(Unknown Source)&#xD;
	at successfulLogin_Test.run(successfulLogin_Test:16)&#xD;
	at com.kms.katalon.core.main.ScriptEngine.run(ScriptEngine.java:194)&#xD;
	at com.kms.katalon.core.main.ScriptEngine.runScriptAsRawText(ScriptEngine.java:119)&#xD;
	at com.kms.katalon.core.main.TestCaseExecutor.runScript(TestCaseExecutor.java:337)&#xD;
	at com.kms.katalon.core.main.TestCaseExecutor.doExecute(TestCaseExecutor.java:328)&#xD;
	at com.kms.katalon.core.main.TestCaseExecutor.processExecutionPhase(TestCaseExecutor.java:307)&#xD;
	at com.kms.katalon.core.main.TestCaseExecutor.accessMainPhase(TestCaseExecutor.java:299)&#xD;
	at com.kms.katalon.core.main.TestCaseExecutor.execute(TestCaseExecutor.java:233)&#xD;
	at com.kms.katalon.core.main.TestCaseMain.runTestCase(TestCaseMain.java:114)&#xD;
	at com.kms.katalon.core.keyword.builtin.CallTestCaseKeyword$_callTestCase_closure1.doCall(CallTestCaseKeyword.groovy:59)&#xD;
	at com.kms.katalon.core.keyword.builtin.CallTestCaseKeyword$_callTestCase_closure1.call(CallTestCaseKeyword.groovy)&#xD;
	at com.kms.katalon.core.keyword.internal.KeywordMain.runKeyword(KeywordMain.groovy:68)&#xD;
	at com.kms.katalon.core.keyword.builtin.CallTestCaseKeyword.callTestCase(CallTestCaseKeyword.groovy:81)&#xD;
	at com.kms.katalon.core.keyword.builtin.CallTestCaseKeyword.execute(CallTestCaseKeyword.groovy:44)&#xD;
	at com.kms.katalon.core.keyword.internal.KeywordExecutor.executeKeywordForPlatform(KeywordExecutor.groovy:56)&#xD;
	at com.kms.katalon.core.keyword.BuiltinKeywords.callTestCase(BuiltinKeywords.groovy:334)&#xD;
	at agentHandoverE2E_Test.run(agentHandoverE2E_Test:19)&#xD;
	at com.kms.katalon.core.main.ScriptEngine.run(ScriptEngine.java:194)&#xD;
	at com.kms.katalon.core.main.ScriptEngine.runScriptAsRawText(ScriptEngine.java:119)&#xD;
	at com.kms.katalon.core.main.TestCaseExecutor.runScript(TestCaseExecutor.java:337)&#xD;
	at com.kms.katalon.core.main.TestCaseExecutor.doExecute(TestCaseExecutor.java:328)&#xD;
	at com.kms.katalon.core.main.TestCaseExecutor.processExecutionPhase(TestCaseExecutor.java:307)&#xD;
	at com.kms.katalon.core.main.TestCaseExecutor.accessMainPhase(TestCaseExecutor.java:299)&#xD;
	at com.kms.katalon.core.main.TestCaseExecutor.execute(TestCaseExecutor.java:233)&#xD;
	at com.kms.katalon.core.main.TestSuiteExecutor.accessTestCaseMainPhase(TestSuiteExecutor.java:169)&#xD;
	at com.kms.katalon.core.main.TestSuiteExecutor.accessTestSuiteMainPhase(TestSuiteExecutor.java:142)&#xD;
	at com.kms.katalon.core.main.TestSuiteExecutor.execute(TestSuiteExecutor.java:91)&#xD;
	at com.kms.katalon.core.main.TestCaseMain.startTestSuite(TestCaseMain.java:157)&#xD;
	at com.kms.katalon.core.main.TestCaseMain$startTestSuite$0.call(Unknown Source)&#xD;
	at TempTestSuite1595486393596.run(TempTestSuite1595486393596.groovy:35)&#xD;
Caused by: com.kms.katalon.core.webui.exception.WebElementNotFoundException: Web element with id: 'Object Repository/Input/username' located by 'By.xpath: //*[@data-cy = 'login-email']' not found&#xD;
	at com.kms.katalon.core.webui.common.WebUiCommonHelper.findWebElement(WebUiCommonHelper.java:1097)&#xD;
	at com.kms.katalon.core.webui.keyword.internal.WebUIAbstractKeyword.findWebElement(WebUIAbstractKeyword.groovy:27)&#xD;
	at com.kms.katalon.core.webui.keyword.internal.WebUIAbstractKeyword.findWebElement(WebUIAbstractKeyword.groovy:26)&#xD;
	at com.kms.katalon.core.webui.keyword.builtin.SendKeysKeyword$_sendKeys_closure1.doCall(SendKeysKeyword.groovy:52)&#xD;
	at com.kms.katalon.core.webui.keyword.builtin.SendKeysKeyword$_sendKeys_closure1.call(SendKeysKeyword.groovy)&#xD;
	at com.kms.katalon.core.webui.keyword.internal.WebUIKeywordMain.runKeyword(WebUIKeywordMain.groovy:20)&#xD;
	... 35 more&#xD;
&#xD;
&#xD;
2020-07-23 12:46:04 - [TEST_STEP][FAILED] - sendKeys(findTestObject("Input/username"), username): Unable to send keys 'narendra.n@imimobile.com' to object 'Object Repository/Input/username' (Root cause: com.kms.katalon.core.exception.StepFailedException: Unable to send keys 'narendra.n@imimobile.com' to object 'Object Repository/Input/username'&#xD;
	at com.kms.katalon.core.webui.keyword.internal.WebUIKeywordMain.stepFailed(WebUIKeywordMain.groovy:64)&#xD;
	at com.kms.katalon.core.webui.keyword.internal.WebUIKeywordMain.runKeyword(WebUIKeywordMain.groovy:26)&#xD;
	at com.kms.katalon.core.webui.keyword.builtin.SendKeysKeyword.sendKeys(SendKeysKeyword.groovy:60)&#xD;
	at com.kms.katalon.core.webui.keyword.builtin.SendKeysKeyword.execute(SendKeysKeyword.groovy:38)&#xD;
	at com.kms.katalon.core.keyword.internal.KeywordExecutor.executeKeywordForPlatform(KeywordExecutor.groovy:56)&#xD;
	at com.kms.katalon.core.webui.keyword.WebUiBuiltInKeywords.sendKeys(WebUiBuiltInKeywords.groovy:834)&#xD;
	at com.kms.katalon.core.webui.keyword.WebUiBuiltInKeywords$sendKeys$1.call(Unknown Source)&#xD;
	at successfulLogin_Test.run(successfulLogin_Test:16)&#xD;
	at com.kms.katalon.core.main.ScriptEngine.run(ScriptEngine.java:194)&#xD;
	at com.kms.katalon.core.main.ScriptEngine.runScriptAsRawText(ScriptEngine.java:119)&#xD;
	at com.kms.katalon.core.main.TestCaseExecutor.runScript(TestCaseExecutor.java:337)&#xD;
	at com.kms.katalon.core.main.TestCaseExecutor.doExecute(TestCaseExecutor.java:328)&#xD;
	at com.kms.katalon.core.main.TestCaseExecutor.processExecutionPhase(TestCaseExecutor.java:307)&#xD;
	at com.kms.katalon.core.main.TestCaseExecutor.accessMainPhase(TestCaseExecutor.java:299)&#xD;
	at com.kms.katalon.core.main.TestCaseExecutor.execute(TestCaseExecutor.java:233)&#xD;
	at com.kms.katalon.core.main.TestCaseMain.runTestCase(TestCaseMain.java:114)&#xD;
	at com.kms.katalon.core.keyword.builtin.CallTestCaseKeyword$_callTestCase_closure1.doCall(CallTestCaseKeyword.groovy:59)&#xD;
	at com.kms.katalon.core.keyword.builtin.CallTestCaseKeyword$_callTestCase_closure1.call(CallTestCaseKeyword.groovy)&#xD;
	at com.kms.katalon.core.keyword.internal.KeywordMain.runKeyword(KeywordMain.groovy:68)&#xD;
	at com.kms.katalon.core.keyword.builtin.CallTestCaseKeyword.callTestCase(CallTestCaseKeyword.groovy:81)&#xD;
	at com.kms.katalon.core.keyword.builtin.CallTestCaseKeyword.execute(CallTestCaseKeyword.groovy:44)&#xD;
	at com.kms.katalon.core.keyword.internal.KeywordExecutor.executeKeywordForPlatform(KeywordExecutor.groovy:56)&#xD;
	at com.kms.katalon.core.keyword.BuiltinKeywords.callTestCase(BuiltinKeywords.groovy:334)&#xD;
	at agentHandoverE2E_Test.run(agentHandoverE2E_Test:19)&#xD;
	at com.kms.katalon.core.main.ScriptEngine.run(ScriptEngine.java:194)&#xD;
	at com.kms.katalon.core.main.ScriptEngine.runScriptAsRawText(ScriptEngine.java:119)&#xD;
	at com.kms.katalon.core.main.TestCaseExecutor.runScript(TestCaseExecutor.java:337)&#xD;
	at com.kms.katalon.core.main.TestCaseExecutor.doExecute(TestCaseExecutor.java:328)&#xD;
	at com.kms.katalon.core.main.TestCaseExecutor.processExecutionPhase(TestCaseExecutor.java:307)&#xD;
	at com.kms.katalon.core.main.TestCaseExecutor.accessMainPhase(TestCaseExecutor.java:299)&#xD;
	at com.kms.katalon.core.main.TestCaseExecutor.execute(TestCaseExecutor.java:233)&#xD;
	at com.kms.katalon.core.main.TestSuiteExecutor.accessTestCaseMainPhase(TestSuiteExecutor.java:169)&#xD;
	at com.kms.katalon.core.main.TestSuiteExecutor.accessTestSuiteMainPhase(TestSuiteExecutor.java:142)&#xD;
	at com.kms.katalon.core.main.TestSuiteExecutor.execute(TestSuiteExecutor.java:91)&#xD;
	at com.kms.katalon.core.main.TestCaseMain.startTestSuite(TestCaseMain.java:157)&#xD;
	at com.kms.katalon.core.main.TestCaseMain$startTestSuite$0.call(Unknown Source)&#xD;
	at TempTestSuite1595486393596.run(TempTestSuite1595486393596.groovy:35)&#xD;
Caused by: com.kms.katalon.core.webui.exception.WebElementNotFoundException: Web element with id: 'Object Repository/Input/username' located by 'By.xpath: //*[@data-cy = 'login-email']' not found&#xD;
	at com.kms.katalon.core.webui.common.WebUiCommonHelper.findWebElement(WebUiCommonHelper.java:1097)&#xD;
	at com.kms.katalon.core.webui.keyword.internal.WebUIAbstractKeyword.findWebElement(WebUIAbstractKeyword.groovy:27)&#xD;
	at com.kms.katalon.core.webui.keyword.internal.WebUIAbstractKeyword.findWebElement(WebUIAbstractKeyword.groovy:26)&#xD;
	at com.kms.katalon.core.webui.keyword.builtin.SendKeysKeyword$_sendKeys_closure1.doCall(SendKeysKeyword.groovy:52)&#xD;
	at com.kms.katalon.core.webui.keyword.builtin.SendKeysKeyword$_sendKeys_closure1.call(SendKeysKeyword.groovy)&#xD;
	at com.kms.katalon.core.webui.keyword.internal.WebUIKeywordMain.runKeyword(WebUIKeywordMain.groovy:20)&#xD;
	at com.kms.katalon.core.webui.keyword.builtin.SendKeysKeyword.sendKeys(SendKeysKeyword.groovy:60)&#xD;
	at com.kms.katalon.core.webui.keyword.builtin.SendKeysKeyword.execute(SendKeysKeyword.groovy:38)&#xD;
	at com.kms.katalon.core.keyword.internal.KeywordExecutor.executeKeywordForPlatform(KeywordExecutor.groovy:56)&#xD;
	at com.kms.katalon.core.webui.keyword.WebUiBuiltInKeywords.sendKeys(WebUiBuiltInKeywords.groovy:834)&#xD;
	at com.kms.katalon.core.webui.keyword.WebUiBuiltInKeywords$sendKeys$1.call(Unknown Source)&#xD;
	at Script1588401831350.run(Script1588401831350.groovy:16)&#xD;
	at com.kms.katalon.core.main.ScriptEngine.run(ScriptEngine.java:194)&#xD;
	at com.kms.katalon.core.main.ScriptEngine.runScriptAsRawText(ScriptEngine.java:119)&#xD;
	at com.kms.katalon.core.main.TestCaseExecutor.runScript(TestCaseExecutor.java:337)&#xD;
	at com.kms.katalon.core.main.TestCaseExecutor.doExecute(TestCaseExecutor.java:328)&#xD;
	at com.kms.katalon.core.main.TestCaseExecutor.processExecutionPhase(TestCaseExecutor.java:307)&#xD;
	at com.kms.katalon.core.main.TestCaseExecutor.accessMainPhase(TestCaseExecutor.java:299)&#xD;
	at com.kms.katalon.core.main.TestCaseExecutor.execute(TestCaseExecutor.java:233)&#xD;
	at com.kms.katalon.core.main.TestCaseMain.runTestCase(TestCaseMain.java:114)&#xD;
	at com.kms.katalon.core.keyword.builtin.CallTestCaseKeyword$_callTestCase_closure1.doCall(CallTestCaseKeyword.groovy:59)&#xD;
	at com.kms.katalon.core.keyword.builtin.CallTestCaseKeyword$_callTestCase_closure1.call(CallTestCaseKeyword.groovy)&#xD;
	at com.kms.katalon.core.keyword.internal.KeywordMain.runKeyword(KeywordMain.groovy:68)&#xD;
	at com.kms.katalon.core.keyword.builtin.CallTestCaseKeyword.callTestCase(CallTestCaseKeyword.groovy:81)&#xD;
	at com.kms.katalon.core.keyword.builtin.CallTestCaseKeyword.execute(CallTestCaseKeyword.groovy:44)&#xD;
	at com.kms.katalon.core.keyword.internal.KeywordExecutor.executeKeywordForPlatform(KeywordExecutor.groovy:56)&#xD;
	at com.kms.katalon.core.keyword.BuiltinKeywords.callTestCase(BuiltinKeywords.groovy:334)&#xD;
	at Script1591252514129.run(Script1591252514129.groovy:19)&#xD;
	... 13 more&#xD;
)&#xD;
&#xD;
2020-07-23 12:46:14 - [MESSAGE][INFO] - Unable to find the element located by 'By.xpath: //*[@data-cy = 'login-email']'. Please recheck the objects properties to make sure the desired element is located. &#xD;
&#xD;
2020-07-23 12:46:16 - [MESSAGE][FAILED] - Unable to send keys 'narendra.n@imimobile.com' to object 'Object Repository/Input/username' (Root cause: com.kms.katalon.core.exception.StepFailedException: Unable to send keys 'narendra.n@imimobile.com' to object 'Object Repository/Input/username'&#xD;
	at com.kms.katalon.core.webui.keyword.internal.WebUIKeywordMain.stepFailed(WebUIKeywordMain.groovy:64)&#xD;
	at com.kms.katalon.core.webui.keyword.internal.WebUIKeywordMain.runKeyword(WebUIKeywordMain.groovy:26)&#xD;
	at com.kms.katalon.core.webui.keyword.builtin.SendKeysKeyword.sendKeys(SendKeysKeyword.groovy:60)&#xD;
	at com.kms.katalon.core.webui.keyword.builtin.SendKeysKeyword.execute(SendKeysKeyword.groovy:38)&#xD;
	at com.kms.katalon.core.keyword.internal.KeywordExecutor.executeKeywordForPlatform(KeywordExecutor.groovy:56)&#xD;
	at com.kms.katalon.core.webui.keyword.WebUiBuiltInKeywords.sendKeys(WebUiBuiltInKeywords.groovy:834)&#xD;
	at com.kms.katalon.core.webui.keyword.WebUiBuiltInKeywords$sendKeys$1.call(Unknown Source)&#xD;
	at successfulLogin_Test.run(successfulLogin_Test:16)&#xD;
	at com.kms.katalon.core.main.ScriptEngine.run(ScriptEngine.java:194)&#xD;
	at com.kms.katalon.core.main.ScriptEngine.runScriptAsRawText(ScriptEngine.java:119)&#xD;
	at com.kms.katalon.core.main.TestCaseExecutor.runScript(TestCaseExecutor.java:337)&#xD;
	at com.kms.katalon.core.main.TestCaseExecutor.doExecute(TestCaseExecutor.java:328)&#xD;
	at com.kms.katalon.core.main.TestCaseExecutor.processExecutionPhase(TestCaseExecutor.java:307)&#xD;
	at com.kms.katalon.core.main.TestCaseExecutor.accessMainPhase(TestCaseExecutor.java:299)&#xD;
	at com.kms.katalon.core.main.TestCaseExecutor.execute(TestCaseExecutor.java:233)&#xD;
	at com.kms.katalon.core.main.TestCaseMain.runTestCase(TestCaseMain.java:114)&#xD;
	at com.kms.katalon.core.keyword.builtin.CallTestCaseKeyword$_callTestCase_closure1.doCall(CallTestCaseKeyword.groovy:59)&#xD;
	at com.kms.katalon.core.keyword.builtin.CallTestCaseKeyword$_callTestCase_closure1.call(CallTestCaseKeyword.groovy)&#xD;
	at com.kms.katalon.core.keyword.internal.KeywordMain.runKeyword(KeywordMain.groovy:68)&#xD;
	at com.kms.katalon.core.keyword.builtin.CallTestCaseKeyword.callTestCase(CallTestCaseKeyword.groovy:81)&#xD;
	at com.kms.katalon.core.keyword.builtin.CallTestCaseKeyword.execute(CallTestCaseKeyword.groovy:44)&#xD;
	at com.kms.katalon.core.keyword.internal.KeywordExecutor.executeKeywordForPlatform(KeywordExecutor.groovy:56)&#xD;
	at com.kms.katalon.core.keyword.BuiltinKeywords.callTestCase(BuiltinKeywords.groovy:334)&#xD;
	at agentHandoverE2E_Test.run(agentHandoverE2E_Test:19)&#xD;
	at com.kms.katalon.core.main.ScriptEngine.run(ScriptEngine.java:194)&#xD;
	at com.kms.katalon.core.main.ScriptEngine.runScriptAsRawText(ScriptEngine.java:119)&#xD;
	at com.kms.katalon.core.main.TestCaseExecutor.runScript(TestCaseExecutor.java:337)&#xD;
	at com.kms.katalon.core.main.TestCaseExecutor.doExecute(TestCaseExecutor.java:328)&#xD;
	at com.kms.katalon.core.main.TestCaseExecutor.processExecutionPhase(TestCaseExecutor.java:307)&#xD;
	at com.kms.katalon.core.main.TestCaseExecutor.accessMainPhase(TestCaseExecutor.java:299)&#xD;
	at com.kms.katalon.core.main.TestCaseExecutor.execute(TestCaseExecutor.java:233)&#xD;
	at com.kms.katalon.core.main.TestSuiteExecutor.accessTestCaseMainPhase(TestSuiteExecutor.java:169)&#xD;
	at com.kms.katalon.core.main.TestSuiteExecutor.accessTestSuiteMainPhase(TestSuiteExecutor.java:142)&#xD;
	at com.kms.katalon.core.main.TestSuiteExecutor.execute(TestSuiteExecutor.java:91)&#xD;
	at com.kms.katalon.core.main.TestCaseMain.startTestSuite(TestCaseMain.java:157)&#xD;
	at com.kms.katalon.core.main.TestCaseMain$startTestSuite$0.call(Unknown Source)&#xD;
	at TempTestSuite1595486393596.run(TempTestSuite1595486393596.groovy:35)&#xD;
Caused by: com.kms.katalon.core.webui.exception.WebElementNotFoundException: Web element with id: 'Object Repository/Input/username' located by 'By.xpath: //*[@data-cy = 'login-email']' not found&#xD;
	at com.kms.katalon.core.webui.common.WebUiCommonHelper.findWebElement(WebUiCommonHelper.java:1097)&#xD;
	at com.kms.katalon.core.webui.keyword.internal.WebUIAbstractKeyword.findWebElement(WebUIAbstractKeyword.groovy:27)&#xD;
	at com.kms.katalon.core.webui.keyword.internal.WebUIAbstractKeyword.findWebElement(WebUIAbstractKeyword.groovy:26)&#xD;
	at com.kms.katalon.core.webui.keyword.builtin.SendKeysKeyword$_sendKeys_closure1.doCall(SendKeysKeyword.groovy:52)&#xD;
	at com.kms.katalon.core.webui.keyword.builtin.SendKeysKeyword$_sendKeys_closure1.call(SendKeysKeyword.groovy)&#xD;
	at com.kms.katalon.core.webui.keyword.internal.WebUIKeywordMain.runKeyword(WebUIKeywordMain.groovy:20)&#xD;
	at com.kms.katalon.core.webui.keyword.builtin.SendKeysKeyword.sendKeys(SendKeysKeyword.groovy:60)&#xD;
	at com.kms.katalon.core.webui.keyword.builtin.SendKeysKeyword.execute(SendKeysKeyword.groovy:38)&#xD;
	at com.kms.katalon.core.keyword.internal.KeywordExecutor.executeKeywordForPlatform(KeywordExecutor.groovy:56)&#xD;
	at com.kms.katalon.core.webui.keyword.WebUiBuiltInKeywords.sendKeys(WebUiBuiltInKeywords.groovy:834)&#xD;
	at com.kms.katalon.core.webui.keyword.WebUiBuiltInKeywords$sendKeys$1.call(Unknown Source)&#xD;
	at Script1588401831350.run(Script1588401831350.groovy:16)&#xD;
	at com.kms.katalon.core.main.ScriptEngine.run(ScriptEngine.java:194)&#xD;
	at com.kms.katalon.core.main.ScriptEngine.runScriptAsRawText(ScriptEngine.java:119)&#xD;
	at com.kms.katalon.core.main.TestCaseExecutor.runScript(TestCaseExecutor.java:337)&#xD;
	at com.kms.katalon.core.main.TestCaseExecutor.doExecute(TestCaseExecutor.java:328)&#xD;
	at com.kms.katalon.core.main.TestCaseExecutor.processExecutionPhase(TestCaseExecutor.java:307)&#xD;
	at com.kms.katalon.core.main.TestCaseExecutor.accessMainPhase(TestCaseExecutor.java:299)&#xD;
	at com.kms.katalon.core.main.TestCaseExecutor.execute(TestCaseExecutor.java:233)&#xD;
	at com.kms.katalon.core.main.TestCaseMain.runTestCase(TestCaseMain.java:114)&#xD;
	at com.kms.katalon.core.keyword.builtin.CallTestCaseKeyword$_callTestCase_closure1.doCall(CallTestCaseKeyword.groovy:59)&#xD;
	at com.kms.katalon.core.keyword.builtin.CallTestCaseKeyword$_callTestCase_closure1.call(CallTestCaseKeyword.groovy)&#xD;
	at com.kms.katalon.core.keyword.internal.KeywordMain.runKeyword(KeywordMain.groovy:68)&#xD;
	at com.kms.katalon.core.keyword.builtin.CallTestCaseKeyword.callTestCase(CallTestCaseKeyword.groovy:81)&#xD;
	at com.kms.katalon.core.keyword.builtin.CallTestCaseKeyword.execute(CallTestCaseKeyword.groovy:44)&#xD;
	at com.kms.katalon.core.keyword.internal.KeywordExecutor.executeKeywordForPlatform(KeywordExecutor.groovy:56)&#xD;
	at com.kms.katalon.core.keyword.BuiltinKeywords.callTestCase(BuiltinKeywords.groovy:334)&#xD;
	at Script1591252514129.run(Script1591252514129.groovy:19)&#xD;
	... 13 more&#xD;
)&#xD;
[[ATTACHMENT|D:\\IMIbot.ai-Project\\Reports\\20200723_120951\\faqSuiteE2E\\20200723_120953\\1595488574836.png]]&#xD;
&#xD;
2020-07-23 12:46:16 - [MESSAGE][FAILED] - Unable to call Test Case 'Test Cases/Generic/successfulLogin_Test' (Root cause: com.kms.katalon.core.exception.StepFailedException: Call Test Case 'Test Cases/Generic/successfulLogin_Test' failed&#xD;
	at com.kms.katalon.core.keyword.builtin.CallTestCaseKeyword$_callTestCase_closure1.doCall(CallTestCaseKeyword.groovy:63)&#xD;
	at com.kms.katalon.core.keyword.builtin.CallTestCaseKeyword$_callTestCase_closure1.call(CallTestCaseKeyword.groovy)&#xD;
	at com.kms.katalon.core.keyword.internal.KeywordMain.runKeyword(KeywordMain.groovy:68)&#xD;
	at com.kms.katalon.core.keyword.builtin.CallTestCaseKeyword.callTestCase(CallTestCaseKeyword.groovy:81)&#xD;
	at com.kms.katalon.core.keyword.builtin.CallTestCaseKeyword.execute(CallTestCaseKeyword.groovy:44)&#xD;
	at com.kms.katalon.core.keyword.internal.KeywordExecutor.executeKeywordForPlatform(KeywordExecutor.groovy:56)&#xD;
	at com.kms.katalon.core.keyword.BuiltinKeywords.callTestCase(BuiltinKeywords.groovy:334)&#xD;
	at agentHandoverE2E_Test.run(agentHandoverE2E_Test:19)&#xD;
	at com.kms.katalon.core.main.ScriptEngine.run(ScriptEngine.java:194)&#xD;
	at com.kms.katalon.core.main.ScriptEngine.runScriptAsRawText(ScriptEngine.java:119)&#xD;
	at com.kms.katalon.core.main.TestCaseExecutor.runScript(TestCaseExecutor.java:337)&#xD;
	at com.kms.katalon.core.main.TestCaseExecutor.doExecute(TestCaseExecutor.java:328)&#xD;
	at com.kms.katalon.core.main.TestCaseExecutor.processExecutionPhase(TestCaseExecutor.java:307)&#xD;
	at com.kms.katalon.core.main.TestCaseExecutor.accessMainPhase(TestCaseExecutor.java:299)&#xD;
	at com.kms.katalon.core.main.TestCaseExecutor.execute(TestCaseExecutor.java:233)&#xD;
	at com.kms.katalon.core.main.TestSuiteExecutor.accessTestCaseMainPhase(TestSuiteExecutor.java:169)&#xD;
	at com.kms.katalon.core.main.TestSuiteExecutor.accessTestSuiteMainPhase(TestSuiteExecutor.java:142)&#xD;
	at com.kms.katalon.core.main.TestSuiteExecutor.execute(TestSuiteExecutor.java:91)&#xD;
	at com.kms.katalon.core.main.TestCaseMain.startTestSuite(TestCaseMain.java:157)&#xD;
	at com.kms.katalon.core.main.TestCaseMain$startTestSuite$0.call(Unknown Source)&#xD;
	at TempTestSuite1595486393596.run(TempTestSuite1595486393596.groovy:35)&#xD;
Caused by: com.kms.katalon.core.exception.StepFailedException: Unable to send keys 'narendra.n@imimobile.com' to object 'Object Repository/Input/username'&#xD;
	at com.kms.katalon.core.webui.keyword.internal.WebUIKeywordMain.stepFailed(WebUIKeywordMain.groovy:64)&#xD;
	at com.kms.katalon.core.webui.keyword.internal.WebUIKeywordMain.runKeyword(WebUIKeywordMain.groovy:26)&#xD;
	at com.kms.katalon.core.webui.keyword.builtin.SendKeysKeyword.sendKeys(SendKeysKeyword.groovy:60)&#xD;
	at com.kms.katalon.core.webui.keyword.builtin.SendKeysKeyword.execute(SendKeysKeyword.groovy:38)&#xD;
	at com.kms.katalon.core.keyword.internal.KeywordExecutor.executeKeywordForPlatform(KeywordExecutor.groovy:56)&#xD;
	at com.kms.katalon.core.webui.keyword.WebUiBuiltInKeywords.sendKeys(WebUiBuiltInKeywords.groovy:834)&#xD;
	at com.kms.katalon.core.webui.keyword.WebUiBuiltInKeywords$sendKeys$1.call(Unknown Source)&#xD;
	at successfulLogin_Test.run(successfulLogin_Test:16)&#xD;
	at com.kms.katalon.core.main.ScriptEngine.run(ScriptEngine.java:194)&#xD;
	at com.kms.katalon.core.main.ScriptEngine.runScriptAsRawText(ScriptEngine.java:119)&#xD;
	at com.kms.katalon.core.main.TestCaseExecutor.runScript(TestCaseExecutor.java:337)&#xD;
	at com.kms.katalon.core.main.TestCaseExecutor.doExecute(TestCaseExecutor.java:328)&#xD;
	at com.kms.katalon.core.main.TestCaseExecutor.processExecutionPhase(TestCaseExecutor.java:307)&#xD;
	at com.kms.katalon.core.main.TestCaseExecutor.accessMainPhase(TestCaseExecutor.java:299)&#xD;
	at com.kms.katalon.core.main.TestCaseExecutor.execute(TestCaseExecutor.java:233)&#xD;
	at com.kms.katalon.core.main.TestCaseMain.runTestCase(TestCaseMain.java:114)&#xD;
	at com.kms.katalon.core.keyword.builtin.CallTestCaseKeyword$_callTestCase_closure1.doCall(CallTestCaseKeyword.groovy:59)&#xD;
	... 20 more&#xD;
Caused by: com.kms.katalon.core.webui.exception.WebElementNotFoundException: Web element with id: 'Object Repository/Input/username' located by 'By.xpath: //*[@data-cy = 'login-email']' not found&#xD;
	at com.kms.katalon.core.webui.common.WebUiCommonHelper.findWebElement(WebUiCommonHelper.java:1097)&#xD;
	at com.kms.katalon.core.webui.keyword.internal.WebUIAbstractKeyword.findWebElement(WebUIAbstractKeyword.groovy:27)&#xD;
	at com.kms.katalon.core.webui.keyword.internal.WebUIAbstractKeyword.findWebElement(WebUIAbstractKeyword.groovy:26)&#xD;
	at com.kms.katalon.core.webui.keyword.builtin.SendKeysKeyword$_sendKeys_closure1.doCall(SendKeysKeyword.groovy:52)&#xD;
	at com.kms.katalon.core.webui.keyword.builtin.SendKeysKeyword$_sendKeys_closure1.call(SendKeysKeyword.groovy)&#xD;
	at com.kms.katalon.core.webui.keyword.internal.WebUIKeywordMain.runKeyword(WebUIKeywordMain.groovy:20)&#xD;
	... 35 more&#xD;
)</system-out>
            <system-err>2020-07-23 12:45:53 - [TEST_CASE][FAILED] - Test Cases/Faqbot/agentHandoverE2E_Test: Test Cases/Faqbot/agentHandoverE2E_Test FAILED.
Reason:
com.kms.katalon.core.exception.StepFailedException: Call Test Case 'Test Cases/Generic/successfulLogin_Test' failed&#xD;
	at com.kms.katalon.core.keyword.builtin.CallTestCaseKeyword$_callTestCase_closure1.doCall(CallTestCaseKeyword.groovy:63)&#xD;
	at com.kms.katalon.core.keyword.builtin.CallTestCaseKeyword$_callTestCase_closure1.call(CallTestCaseKeyword.groovy)&#xD;
	at com.kms.katalon.core.keyword.internal.KeywordMain.runKeyword(KeywordMain.groovy:68)&#xD;
	at com.kms.katalon.core.keyword.builtin.CallTestCaseKeyword.callTestCase(CallTestCaseKeyword.groovy:81)&#xD;
	at com.kms.katalon.core.keyword.builtin.CallTestCaseKeyword.execute(CallTestCaseKeyword.groovy:44)&#xD;
	at com.kms.katalon.core.keyword.internal.KeywordExecutor.executeKeywordForPlatform(KeywordExecutor.groovy:56)&#xD;
	at com.kms.katalon.core.keyword.BuiltinKeywords.callTestCase(BuiltinKeywords.groovy:334)&#xD;
	at agentHandoverE2E_Test.run(agentHandoverE2E_Test:19)&#xD;
	at com.kms.katalon.core.main.ScriptEngine.run(ScriptEngine.java:194)&#xD;
	at com.kms.katalon.core.main.ScriptEngine.runScriptAsRawText(ScriptEngine.java:119)&#xD;
	at com.kms.katalon.core.main.TestCaseExecutor.runScript(TestCaseExecutor.java:337)&#xD;
	at com.kms.katalon.core.main.TestCaseExecutor.doExecute(TestCaseExecutor.java:328)&#xD;
	at com.kms.katalon.core.main.TestCaseExecutor.processExecutionPhase(TestCaseExecutor.java:307)&#xD;
	at com.kms.katalon.core.main.TestCaseExecutor.accessMainPhase(TestCaseExecutor.java:299)&#xD;
	at com.kms.katalon.core.main.TestCaseExecutor.execute(TestCaseExecutor.java:233)&#xD;
	at com.kms.katalon.core.main.TestSuiteExecutor.accessTestCaseMainPhase(TestSuiteExecutor.java:169)&#xD;
	at com.kms.katalon.core.main.TestSuiteExecutor.accessTestSuiteMainPhase(TestSuiteExecutor.java:142)&#xD;
	at com.kms.katalon.core.main.TestSuiteExecutor.execute(TestSuiteExecutor.java:91)&#xD;
	at com.kms.katalon.core.main.TestCaseMain.startTestSuite(TestCaseMain.java:157)&#xD;
	at com.kms.katalon.core.main.TestCaseMain$startTestSuite$0.call(Unknown Source)&#xD;
	at TempTestSuite1595486393596.run(TempTestSuite1595486393596.groovy:35)&#xD;
Caused by: com.kms.katalon.core.exception.StepFailedException: Unable to send keys 'narendra.n@imimobile.com' to object 'Object Repository/Input/username'&#xD;
	at com.kms.katalon.core.webui.keyword.internal.WebUIKeywordMain.stepFailed(WebUIKeywordMain.groovy:64)&#xD;
	at com.kms.katalon.core.webui.keyword.internal.WebUIKeywordMain.runKeyword(WebUIKeywordMain.groovy:26)&#xD;
	at com.kms.katalon.core.webui.keyword.builtin.SendKeysKeyword.sendKeys(SendKeysKeyword.groovy:60)&#xD;
	at com.kms.katalon.core.webui.keyword.builtin.SendKeysKeyword.execute(SendKeysKeyword.groovy:38)&#xD;
	at com.kms.katalon.core.keyword.internal.KeywordExecutor.executeKeywordForPlatform(KeywordExecutor.groovy:56)&#xD;
	at com.kms.katalon.core.webui.keyword.WebUiBuiltInKeywords.sendKeys(WebUiBuiltInKeywords.groovy:834)&#xD;
	at com.kms.katalon.core.webui.keyword.WebUiBuiltInKeywords$sendKeys$1.call(Unknown Source)&#xD;
	at successfulLogin_Test.run(successfulLogin_Test:16)&#xD;
	at com.kms.katalon.core.main.ScriptEngine.run(ScriptEngine.java:194)&#xD;
	at com.kms.katalon.core.main.ScriptEngine.runScriptAsRawText(ScriptEngine.java:119)&#xD;
	at com.kms.katalon.core.main.TestCaseExecutor.runScript(TestCaseExecutor.java:337)&#xD;
	at com.kms.katalon.core.main.TestCaseExecutor.doExecute(TestCaseExecutor.java:328)&#xD;
	at com.kms.katalon.core.main.TestCaseExecutor.processExecutionPhase(TestCaseExecutor.java:307)&#xD;
	at com.kms.katalon.core.main.TestCaseExecutor.accessMainPhase(TestCaseExecutor.java:299)&#xD;
	at com.kms.katalon.core.main.TestCaseExecutor.execute(TestCaseExecutor.java:233)&#xD;
	at com.kms.katalon.core.main.TestCaseMain.runTestCase(TestCaseMain.java:114)&#xD;
	at com.kms.katalon.core.keyword.builtin.CallTestCaseKeyword$_callTestCase_closure1.doCall(CallTestCaseKeyword.groovy:59)&#xD;
	... 20 more&#xD;
Caused by: com.kms.katalon.core.webui.exception.WebElementNotFoundException: Web element with id: 'Object Repository/Input/username' located by 'By.xpath: //*[@data-cy = 'login-email']' not found&#xD;
	at com.kms.katalon.core.webui.common.WebUiCommonHelper.findWebElement(WebUiCommonHelper.java:1097)&#xD;
	at com.kms.katalon.core.webui.keyword.internal.WebUIAbstractKeyword.findWebElement(WebUIAbstractKeyword.groovy:27)&#xD;
	at com.kms.katalon.core.webui.keyword.internal.WebUIAbstractKeyword.findWebElement(WebUIAbstractKeyword.groovy:26)&#xD;
	at com.kms.katalon.core.webui.keyword.builtin.SendKeysKeyword$_sendKeys_closure1.doCall(SendKeysKeyword.groovy:52)&#xD;
	at com.kms.katalon.core.webui.keyword.builtin.SendKeysKeyword$_sendKeys_closure1.call(SendKeysKeyword.groovy)&#xD;
	at com.kms.katalon.core.webui.keyword.internal.WebUIKeywordMain.runKeyword(WebUIKeywordMain.groovy:20)&#xD;
	... 35 more</system-err>
        </testcase>
        <testcase name="Test Cases/Faqbot/disabledLowConfidenceAndDownvote_Test" classname="Test Cases/Faqbot/disabledLowConfidenceAndDownvote_Test" status="PASSED">
            <system-out>2020-07-23 12:46:16 - [TEST_CASE][PASSED] - Test Cases/Faqbot/disabledLowConfidenceAndDownvote_Test: Test Cases/Faqbot/disabledLowConfidenceAndDownvote_Test&#xD;
&#xD;
2020-07-23 12:46:16 - [TEST_STEP][PASSED] - Start listener action : setUp: Current window maximized&#xD;
&#xD;
2020-07-23 12:46:16 - [TEST_STEP][PASSED] - openBrowser(URL): Browser is opened with url: 'preprod.imibot.ai'&#xD;
&#xD;
2020-07-23 12:46:16 - [MESSAGE][WARNING] - A browser is already opened. Closing browser and opening a new one&#xD;
&#xD;
2020-07-23 12:46:18 - [MESSAGE][INFO] - Starting 'Edge' driver&#xD;
&#xD;
2020-07-23 12:46:30 - [MESSAGE][PASSED] - Browser is opened with url: 'preprod.imibot.ai'&#xD;
&#xD;
2020-07-23 12:46:30 - [TEST_STEP][PASSED] - maximizeWindow(): Current window maximized&#xD;
&#xD;
2020-07-23 12:46:33 - [MESSAGE][PASSED] - Current window maximized&#xD;
&#xD;
2020-07-23 12:46:33 - [TEST_STEP][PASSED] - callTestCase(findTestCase("Generic/successfulLogin_Test"), [:], STOP_ON_FAILURE): Call Test Case 'Test Cases/Generic/successfulLogin_Test' successfully&#xD;
&#xD;
2020-07-23 12:46:33 - [TEST_CASE][PASSED] - Test Cases/Generic/successfulLogin_Test: Test Cases/Generic/successfulLogin_Test&#xD;
&#xD;
2020-07-23 12:46:33 - [TEST_STEP][PASSED] - sendKeys(findTestObject("Input/username"), username): Keys 'narendra.n@imimobile.com' sent to object: 'Object Repository/Input/username'&#xD;
&#xD;
2020-07-23 12:46:36 - [MESSAGE][PASSED] - Keys 'narendra.n@imimobile.com' sent to object: 'Object Repository/Input/username'&#xD;
&#xD;
2020-07-23 12:46:36 - [TEST_STEP][PASSED] - sendKeys(findTestObject("Input/password"), password): Keys 'Test@2020' sent to object: 'Object Repository/Input/password'&#xD;
&#xD;
2020-07-23 12:46:39 - [MESSAGE][PASSED] - Keys 'Test@2020' sent to object: 'Object Repository/Input/password'&#xD;
&#xD;
2020-07-23 12:46:39 - [TEST_STEP][PASSED] - click(findTestObject("Button/signIn")): Object: 'Object Repository/Button/signIn' is clicked on&#xD;
&#xD;
2020-07-23 12:46:41 - [MESSAGE][PASSED] - Object: 'Object Repository/Button/signIn' is clicked on&#xD;
&#xD;
2020-07-23 12:46:41 - [TEST_STEP][PASSED] - if (!(waitForElementPresent(findTestObject("Button/createBot"), 30, OPTIONAL))): Object 'Object Repository/Button/createBot' is present&#xD;
&#xD;
2020-07-23 12:46:56 - [MESSAGE][PASSED] - Object 'Object Repository/Button/createBot' is present&#xD;
&#xD;
2020-07-23 12:46:56 - [MESSAGE][PASSED] - Call Test Case 'Test Cases/Generic/successfulLogin_Test' successfully&#xD;
&#xD;
2020-07-23 12:46:56 - [TEST_STEP][PASSED] - platform.Method.navigateToBot("Q&amp;A bots", FAQ_BOT): platform.Method.navigateToBot is PASSED&#xD;
&#xD;
2020-07-23 12:46:57 - [MESSAGE][PASSED] - Object 'Object Repository/Button/createBot' is present&#xD;
&#xD;
2020-07-23 12:47:00 - [MESSAGE][INFO] - Performing click action on bot&#xD;
&#xD;
2020-07-23 12:47:02 - [MESSAGE][PASSED] - platform.Method.navigateToBot is PASSED&#xD;
&#xD;
2020-07-23 12:47:02 - [TEST_STEP][PASSED] - platform.Method.clickOnElement(findTestObject("Generic/articles")): platform.Method.clickOnElement is PASSED&#xD;
&#xD;
2020-07-23 12:47:05 - [MESSAGE][PASSED] - platform.Method.clickOnElement is PASSED&#xD;
&#xD;
2020-07-23 12:47:05 - [TEST_STEP][PASSED] - platform.Method.trainAndComment(comment): platform.Method.trainAndComment is PASSED&#xD;
&#xD;
2020-07-23 12:47:21 - [MESSAGE][INFO] - Unable to find the element located by 'By.xpath: //*[@formcontrolname = 'inputData']'. Please recheck the objects properties to make sure the desired element is located. &#xD;
&#xD;
2020-07-23 12:47:23 - [MESSAGE][FAILED] - Unable to send keys 'disable downvote &amp; low confidence' to object 'Object Repository/Input/comment' (Root cause: com.kms.katalon.core.exception.StepFailedException: Unable to send keys 'disable downvote &amp; low confidence' to object 'Object Repository/Input/comment'&#xD;
	at com.kms.katalon.core.webui.keyword.internal.WebUIKeywordMain.stepFailed(WebUIKeywordMain.groovy:64)&#xD;
	at com.kms.katalon.core.webui.keyword.internal.WebUIKeywordMain.runKeyword(WebUIKeywordMain.groovy:26)&#xD;
	at com.kms.katalon.core.webui.keyword.builtin.SendKeysKeyword.sendKeys(SendKeysKeyword.groovy:60)&#xD;
	at com.kms.katalon.core.webui.keyword.builtin.SendKeysKeyword.execute(SendKeysKeyword.groovy:38)&#xD;
	at com.kms.katalon.core.keyword.internal.KeywordExecutor.executeKeywordForPlatform(KeywordExecutor.groovy:56)&#xD;
	at com.kms.katalon.core.webui.keyword.WebUiBuiltInKeywords.sendKeys(WebUiBuiltInKeywords.groovy:834)&#xD;
	at com.kms.katalon.core.webui.keyword.WebUiBuiltInKeywords$sendKeys$1.call(Unknown Source)&#xD;
	at platform.Method.trainAndComment(Method.groovy:92)&#xD;
	at platform.Method.invokeMethod(Method.groovy)&#xD;
	at com.kms.katalon.core.main.CustomKeywordDelegatingMetaClass.invokeStaticMethod(CustomKeywordDelegatingMetaClass.java:50)&#xD;
	at disabledLowConfidenceAndDownvote_Test.run(disabledLowConfidenceAndDownvote_Test:23)&#xD;
	at com.kms.katalon.core.main.ScriptEngine.run(ScriptEngine.java:194)&#xD;
	at com.kms.katalon.core.main.ScriptEngine.runScriptAsRawText(ScriptEngine.java:119)&#xD;
	at com.kms.katalon.core.main.TestCaseExecutor.runScript(TestCaseExecutor.java:337)&#xD;
	at com.kms.katalon.core.main.TestCaseExecutor.doExecute(TestCaseExecutor.java:328)&#xD;
	at com.kms.katalon.core.main.TestCaseExecutor.processExecutionPhase(TestCaseExecutor.java:307)&#xD;
	at com.kms.katalon.core.main.TestCaseExecutor.accessMainPhase(TestCaseExecutor.java:299)&#xD;
	at com.kms.katalon.core.main.TestCaseExecutor.execute(TestCaseExecutor.java:233)&#xD;
	at com.kms.katalon.core.main.TestSuiteExecutor.accessTestCaseMainPhase(TestSuiteExecutor.java:169)&#xD;
	at com.kms.katalon.core.main.TestSuiteExecutor.accessTestSuiteMainPhase(TestSuiteExecutor.java:142)&#xD;
	at com.kms.katalon.core.main.TestSuiteExecutor.execute(TestSuiteExecutor.java:91)&#xD;
	at com.kms.katalon.core.main.TestCaseMain.startTestSuite(TestCaseMain.java:157)&#xD;
	at com.kms.katalon.core.main.TestCaseMain$startTestSuite$0.call(Unknown Source)&#xD;
	at TempTestSuite1595486393596.run(TempTestSuite1595486393596.groovy:35)&#xD;
Caused by: com.kms.katalon.core.webui.exception.WebElementNotFoundException: Web element with id: 'Object Repository/Input/comment' located by 'By.xpath: //*[@formcontrolname = 'inputData']' not found&#xD;
	at com.kms.katalon.core.webui.common.WebUiCommonHelper.findWebElement(WebUiCommonHelper.java:1097)&#xD;
	at com.kms.katalon.core.webui.keyword.internal.WebUIAbstractKeyword.findWebElement(WebUIAbstractKeyword.groovy:27)&#xD;
	at com.kms.katalon.core.webui.keyword.internal.WebUIAbstractKeyword.findWebElement(WebUIAbstractKeyword.groovy:26)&#xD;
	at com.kms.katalon.core.webui.keyword.builtin.SendKeysKeyword$_sendKeys_closure1.doCall(SendKeysKeyword.groovy:52)&#xD;
	at com.kms.katalon.core.webui.keyword.builtin.SendKeysKeyword$_sendKeys_closure1.call(SendKeysKeyword.groovy)&#xD;
	at com.kms.katalon.core.webui.keyword.internal.WebUIKeywordMain.runKeyword(WebUIKeywordMain.groovy:20)&#xD;
	at com.kms.katalon.core.webui.keyword.builtin.SendKeysKeyword.sendKeys(SendKeysKeyword.groovy:60)&#xD;
	at com.kms.katalon.core.webui.keyword.builtin.SendKeysKeyword.execute(SendKeysKeyword.groovy:38)&#xD;
	at com.kms.katalon.core.keyword.internal.KeywordExecutor.executeKeywordForPlatform(KeywordExecutor.groovy:56)&#xD;
	at com.kms.katalon.core.webui.keyword.WebUiBuiltInKeywords.sendKeys(WebUiBuiltInKeywords.groovy:834)&#xD;
	at com.kms.katalon.core.webui.keyword.WebUiBuiltInKeywords$sendKeys$1.call(Unknown Source)&#xD;
	at platform.Method.trainAndComment(Method.groovy:92)&#xD;
	at platform.Method.invokeMethod(Method.groovy)&#xD;
	at com.kms.katalon.core.main.CustomKeywordDelegatingMetaClass.invokeStaticMethod(CustomKeywordDelegatingMetaClass.java:50)&#xD;
	at Script1591252734079.run(Script1591252734079.groovy:23)&#xD;
	... 13 more&#xD;
)&#xD;
[[ATTACHMENT|D:\\IMIbot.ai-Project\\Reports\\20200723_120951\\faqSuiteE2E\\20200723_120953\\1595488641620.png]]&#xD;
&#xD;
2020-07-23 12:47:23 - [MESSAGE][INFO] - BOT STATE IS TRAINED&#xD;
&#xD;
2020-07-23 12:47:23 - [MESSAGE][PASSED] - platform.Method.trainAndComment is PASSED&#xD;
&#xD;
2020-07-23 12:47:23 - [TEST_STEP][PASSED] - platform.Method.clickOnElement(findTestObject("Button/preview")): platform.Method.clickOnElement is PASSED&#xD;
&#xD;
2020-07-23 12:47:25 - [MESSAGE][PASSED] - platform.Method.clickOnElement is PASSED&#xD;
&#xD;
2020-07-23 12:47:25 - [TEST_STEP][PASSED] - sendKeys(findTestObject("Input/chatInput"), Keys.chord(userQuery, ENTER)): Keys 'ENTER + Does late payment impact my CIBIL score?' sent to object: 'Object Repository/Input/chatInput'&#xD;
&#xD;
2020-07-23 12:47:28 - [MESSAGE][PASSED] - Keys 'ENTER + Does late payment impact my CIBIL score?' sent to object: 'Object Repository/Input/chatInput'&#xD;
&#xD;
2020-07-23 12:47:28 - [TEST_STEP][PASSED] - oldRoomIdList = new java.util.ArrayList(): null&#xD;
&#xD;
2020-07-23 12:47:28 - [TEST_STEP][PASSED] - oldRoomIdList = platform.Utility.getRoomID(): platform.Utility.getRoomID is PASSED&#xD;
&#xD;
2020-07-23 12:47:32 - [MESSAGE][PASSED] - platform.Utility.getRoomID is PASSED&#xD;
&#xD;
2020-07-23 12:47:32 - [TEST_STEP][PASSED] - oldRoomID = get(0).toString(): null&#xD;
&#xD;
2020-07-23 12:47:32 - [TEST_STEP][PASSED] - platform.Method.clickOnElement(findTestObject("GenericII/minimize")): platform.Method.clickOnElement is PASSED&#xD;
&#xD;
2020-07-23 12:47:34 - [MESSAGE][PASSED] - platform.Method.clickOnElement is PASSED&#xD;
&#xD;
2020-07-23 12:47:34 - [TEST_STEP][PASSED] - platform.Method.clickOnElement(findTestObject("Generic/curation")): platform.Method.clickOnElement is PASSED&#xD;
&#xD;
2020-07-23 12:47:36 - [MESSAGE][PASSED] - platform.Method.clickOnElement is PASSED&#xD;
&#xD;
2020-07-23 12:47:36 - [TEST_STEP][PASSED] - platform.Method.clickOnElement(findTestObject("Generic/webObjectWithText", ["textValue":"Issues"])): platform.Method.clickOnElement is PASSED&#xD;
&#xD;
2020-07-23 12:47:39 - [MESSAGE][PASSED] - platform.Method.clickOnElement is PASSED&#xD;
&#xD;
2020-07-23 12:47:39 - [TEST_STEP][PASSED] - platform.CurationSettings.filterRuleTriggered("Low confidence"): platform.CurationSettings.filterRuleTriggered is PASSED&#xD;
&#xD;
2020-07-23 12:47:42 - [MESSAGE][PASSED] - Object: 'Object Repository/Generic/webObjectWithText' is clicked on&#xD;
&#xD;
2020-07-23 12:47:44 - [MESSAGE][PASSED] - Object: 'Object Repository/Generic/webObjectWithText' is clicked on&#xD;
&#xD;
2020-07-23 12:47:46 - [MESSAGE][PASSED] - Object: 'Object Repository/Button/filter' is clicked on&#xD;
&#xD;
2020-07-23 12:47:46 - [MESSAGE][PASSED] - platform.CurationSettings.filterRuleTriggered is PASSED&#xD;
&#xD;
2020-07-23 12:47:46 - [TEST_STEP][PASSED] - verifyTextPresent(oldRoomID, false, STOP_ON_FAILURE): Text '1983130' is present on page &#xD;
&#xD;
2020-07-23 12:47:49 - [MESSAGE][PASSED] - Text '1983130' is present on page &#xD;
&#xD;
2020-07-23 12:47:49 - [TEST_STEP][PASSED] - clearBtn = modifyObjectProperty(findTestObject("Button/clear"), "xpath", "not equals", "//button[text()='Clear']", true, STOP_ON_FAILURE): Modify property of object successfully&#xD;
&#xD;
2020-07-23 12:47:49 - [MESSAGE][PASSED] - Modify property of object successfully&#xD;
&#xD;
2020-07-23 12:47:49 - [TEST_STEP][PASSED] - platform.Method.clickOnElement(clearBtn): platform.Method.clickOnElement is PASSED&#xD;
&#xD;
2020-07-23 12:47:51 - [MESSAGE][PASSED] - platform.Method.clickOnElement is PASSED&#xD;
&#xD;
2020-07-23 12:47:51 - [TEST_STEP][PASSED] - platform.Method.clickOnElement(findTestObject("NewRepo2/settingsOnCuration")): platform.Method.clickOnElement is PASSED&#xD;
&#xD;
2020-07-23 12:47:53 - [MESSAGE][PASSED] - platform.Method.clickOnElement is PASSED&#xD;
&#xD;
2020-07-23 12:47:53 - [TEST_STEP][PASSED] - platform.CurationSettings.disableDownvoted(true): platform.CurationSettings.disableDownvoted is PASSED&#xD;
&#xD;
2020-07-23 12:47:56 - [MESSAGE][PASSED] - Object: 'Object Repository/Toggle/downvoted' is clicked on&#xD;
&#xD;
2020-07-23 12:47:56 - [MESSAGE][PASSED] - platform.CurationSettings.disableDownvoted is PASSED&#xD;
&#xD;
2020-07-23 12:47:56 - [TEST_STEP][PASSED] - platform.CurationSettings.disableLowConfidence(true): platform.CurationSettings.disableLowConfidence is PASSED&#xD;
&#xD;
2020-07-23 12:47:58 - [MESSAGE][PASSED] - Object: 'Object Repository/Toggle/lowConfidence' is clicked on&#xD;
&#xD;
2020-07-23 12:47:58 - [MESSAGE][PASSED] - platform.CurationSettings.disableLowConfidence is PASSED&#xD;
&#xD;
2020-07-23 12:47:58 - [TEST_STEP][PASSED] - platform.Method.clickOnElement(findTestObject("Button/updateSettings")): platform.Method.clickOnElement is PASSED&#xD;
&#xD;
2020-07-23 12:48:00 - [MESSAGE][PASSED] - platform.Method.clickOnElement is PASSED&#xD;
&#xD;
2020-07-23 12:48:00 - [TEST_STEP][PASSED] - platform.Method.clickOnElement(findTestObject("Generic/webObjectWithText", ["textValue":"Issues"])): platform.Method.clickOnElement is PASSED&#xD;
&#xD;
2020-07-23 12:48:02 - [MESSAGE][PASSED] - platform.Method.clickOnElement is PASSED&#xD;
&#xD;
2020-07-23 12:48:02 - [TEST_STEP][PASSED] - platform.Method.clickOnElement(findTestObject("Button/preview")): platform.Method.clickOnElement is PASSED&#xD;
&#xD;
2020-07-23 12:48:05 - [MESSAGE][PASSED] - platform.Method.clickOnElement is PASSED&#xD;
&#xD;
2020-07-23 12:48:05 - [TEST_STEP][PASSED] - sendKeys(findTestObject("Input/chatInput"), Keys.chord(userQuery, ENTER)): Keys 'ENTER + Does late payment impact my CIBIL score?' sent to object: 'Object Repository/Input/chatInput'&#xD;
&#xD;
2020-07-23 12:48:08 - [MESSAGE][PASSED] - Keys 'ENTER + Does late payment impact my CIBIL score?' sent to object: 'Object Repository/Input/chatInput'&#xD;
&#xD;
2020-07-23 12:48:08 - [TEST_STEP][PASSED] - delay(1): Delayed 1 second(s)&#xD;
&#xD;
2020-07-23 12:48:09 - [MESSAGE][PASSED] - Delayed 1 second(s)&#xD;
&#xD;
2020-07-23 12:48:09 - [TEST_STEP][PASSED] - platform.Preview.downvoteResponseWithoutComment(): platform.Preview.downvoteResponseWithoutComment is PASSED&#xD;
&#xD;
2020-07-23 12:48:11 - [MESSAGE][PASSED] - Object: 'Object Repository/Button/downvote' is clicked on&#xD;
&#xD;
2020-07-23 12:48:13 - [MESSAGE][PASSED] - platform.Preview.downvoteResponseWithoutComment is PASSED&#xD;
&#xD;
2020-07-23 12:48:13 - [TEST_STEP][PASSED] - newRoomIdList = platform.Utility.getRoomID(): platform.Utility.getRoomID is PASSED&#xD;
&#xD;
2020-07-23 12:48:18 - [MESSAGE][PASSED] - platform.Utility.getRoomID is PASSED&#xD;
&#xD;
2020-07-23 12:48:18 - [TEST_STEP][PASSED] - platform.Method.clickOnElement(findTestObject("GenericII/minimize")): platform.Method.clickOnElement is PASSED&#xD;
&#xD;
2020-07-23 12:48:20 - [MESSAGE][PASSED] - platform.Method.clickOnElement is PASSED&#xD;
&#xD;
2020-07-23 12:48:20 - [TEST_STEP][PASSED] - platform.Method.clickOnElement(findTestObject("NewRepo/refresh")): platform.Method.clickOnElement is PASSED&#xD;
&#xD;
2020-07-23 12:48:23 - [MESSAGE][PASSED] - platform.Method.clickOnElement is PASSED&#xD;
&#xD;
2020-07-23 12:48:23 - [TEST_STEP][PASSED] - newRoomID = get(0).toString(): null&#xD;
&#xD;
2020-07-23 12:48:23 - [TEST_STEP][PASSED] - sendKeys(findTestObject("Input/roomID", ["value":"room_id"]), newRoomID): Keys '1983131' sent to object: 'Object Repository/Input/roomID'&#xD;
&#xD;
2020-07-23 12:48:25 - [MESSAGE][PASSED] - Keys '1983131' sent to object: 'Object Repository/Input/roomID'&#xD;
&#xD;
2020-07-23 12:48:25 - [TEST_STEP][PASSED] - platform.Method.clickOnElement(findTestObject("Button/filter")): platform.Method.clickOnElement is PASSED&#xD;
&#xD;
2020-07-23 12:48:27 - [MESSAGE][PASSED] - platform.Method.clickOnElement is PASSED&#xD;
&#xD;
2020-07-23 12:48:27 - [TEST_STEP][PASSED] - verifyTextNotPresent(newRoomID, false, STOP_ON_FAILURE): Text '1983131' is not present on page&#xD;
&#xD;
2020-07-23 12:48:30 - [MESSAGE][PASSED] - Text '1983131' is not present on page</system-out>
            <system-err></system-err>
        </testcase>
        <testcase name="Test Cases/Faqbot/disabledPartialMatch_Test" classname="Test Cases/Faqbot/disabledPartialMatch_Test" status="FAILED">
            <failure type="FAILED" message="Test Cases/Faqbot/disabledPartialMatch_Test FAILED.&#xA;Reason:&#xA;com.kms.katalon.core.exception.StepFailedException: Call Test Case 'Test Cases/Generic/successfulLogin_Test' failed&#xD;&#xA;&#x9;at com.kms.katalon.core.keyword.builtin.CallTestCaseKeyword$_callTestCase_closure1.doCall(CallTestCaseKeyword.groovy:63)&#xD;&#xA;&#x9;at com.kms.katalon.core.keyword.builtin.CallTestCaseKeyword$_callTestCase_closure1.call(CallTestCaseKeyword.groovy)&#xD;&#xA;&#x9;at com.kms.katalon.core.keyword.internal.KeywordMain.runKeyword(KeywordMain.groovy:68)&#xD;&#xA;&#x9;at com.kms.katalon.core.keyword.builtin.CallTestCaseKeyword.callTestCase(CallTestCaseKeyword.groovy:81)&#xD;&#xA;&#x9;at com.kms.katalon.core.keyword.builtin.CallTestCaseKeyword.execute(CallTestCaseKeyword.groovy:44)&#xD;&#xA;&#x9;at com.kms.katalon.core.keyword.internal.KeywordExecutor.executeKeywordForPlatform(KeywordExecutor.groovy:56)&#xD;&#xA;&#x9;at com.kms.katalon.core.keyword.BuiltinKeywords.callTestCase(BuiltinKeywords.groovy:334)&#xD;&#xA;&#x9;at disabledPartialMatch_Test.run(disabledPartialMatch_Test:9)&#xD;&#xA;&#x9;at com.kms.katalon.core.main.ScriptEngine.run(ScriptEngine.java:194)&#xD;&#xA;&#x9;at com.kms.katalon.core.main.ScriptEngine.runScriptAsRawText(ScriptEngine.java:119)&#xD;&#xA;&#x9;at com.kms.katalon.core.main.TestCaseExecutor.runScript(TestCaseExecutor.java:337)&#xD;&#xA;&#x9;at com.kms.katalon.core.main.TestCaseExecutor.doExecute(TestCaseExecutor.java:328)&#xD;&#xA;&#x9;at com.kms.katalon.core.main.TestCaseExecutor.processExecutionPhase(TestCaseExecutor.java:307)&#xD;&#xA;&#x9;at com.kms.katalon.core.main.TestCaseExecutor.accessMainPhase(TestCaseExecutor.java:299)&#xD;&#xA;&#x9;at com.kms.katalon.core.main.TestCaseExecutor.execute(TestCaseExecutor.java:233)&#xD;&#xA;&#x9;at com.kms.katalon.core.main.TestSuiteExecutor.accessTestCaseMainPhase(TestSuiteExecutor.java:169)&#xD;&#xA;&#x9;at com.kms.katalon.core.main.TestSuiteExecutor.accessTestSuiteMainPhase(TestSuiteExecutor.java:142)&#xD;&#xA;&#x9;at com.kms.katalon.core.main.TestSuiteExecutor.execute(TestSuiteExecutor.java:91)&#xD;&#xA;&#x9;at com.kms.katalon.core.main.TestCaseMain.startTestSuite(TestCaseMain.java:157)&#xD;&#xA;&#x9;at com.kms.katalon.core.main.TestCaseMain$startTestSuite$0.call(Unknown Source)&#xD;&#xA;&#x9;at TempTestSuite1595486393596.run(TempTestSuite1595486393596.groovy:35)&#xD;&#xA;Caused by: com.kms.katalon.core.exception.StepFailedException: Unable to send keys 'narendra.n@imimobile.com' to object 'Object Repository/Input/username'&#xD;&#xA;&#x9;at com.kms.katalon.core.webui.keyword.internal.WebUIKeywordMain.stepFailed(WebUIKeywordMain.groovy:64)&#xD;&#xA;&#x9;at com.kms.katalon.core.webui.keyword.internal.WebUIKeywordMain.runKeyword(WebUIKeywordMain.groovy:26)&#xD;&#xA;&#x9;at com.kms.katalon.core.webui.keyword.builtin.SendKeysKeyword.sendKeys(SendKeysKeyword.groovy:60)&#xD;&#xA;&#x9;at com.kms.katalon.core.webui.keyword.builtin.SendKeysKeyword.execute(SendKeysKeyword.groovy:38)&#xD;&#xA;&#x9;at com.kms.katalon.core.keyword.internal.KeywordExecutor.executeKeywordForPlatform(KeywordExecutor.groovy:56)&#xD;&#xA;&#x9;at com.kms.katalon.core.webui.keyword.WebUiBuiltInKeywords.sendKeys(WebUiBuiltInKeywords.groovy:834)&#xD;&#xA;&#x9;at com.kms.katalon.core.webui.keyword.WebUiBuiltInKeywords$sendKeys$1.call(Unknown Source)&#xD;&#xA;&#x9;at successfulLogin_Test.run(successfulLogin_Test:16)&#xD;&#xA;&#x9;at com.kms.katalon.core.main.ScriptEngine.run(ScriptEngine.java:194)&#xD;&#xA;&#x9;at com.kms.katalon.core.main.ScriptEngine.runScriptAsRawText(ScriptEngine.java:119)&#xD;&#xA;&#x9;at com.kms.katalon.core.main.TestCaseExecutor.runScript(TestCaseExecutor.java:337)&#xD;&#xA;&#x9;at com.kms.katalon.core.main.TestCaseExecutor.doExecute(TestCaseExecutor.java:328)&#xD;&#xA;&#x9;at com.kms.katalon.core.main.TestCaseExecutor.processExecutionPhase(TestCaseExecutor.java:307)&#xD;&#xA;&#x9;at com.kms.katalon.core.main.TestCaseExecutor.accessMainPhase(TestCaseExecutor.java:299)&#xD;&#xA;&#x9;at com.kms.katalon.core.main.TestCaseExecutor.execute(TestCaseExecutor.java:233)&#xD;&#xA;&#x9;at com.kms.katalon.core.main.TestCaseMain.runTestCase(TestCaseMain.java:114)&#xD;&#xA;&#x9;at com.kms.katalon.core.keyword.builtin.CallTestCaseKeyword$_callTestCase_closure1.doCall(CallTestCaseKeyword.groovy:59)&#xD;&#xA;&#x9;... 20 more&#xD;&#xA;Caused by: com.kms.katalon.core.webui.exception.WebElementNotFoundException: Web element with id: 'Object Repository/Input/username' located by 'By.xpath: //*[@data-cy = 'login-email']' not found&#xD;&#xA;&#x9;at com.kms.katalon.core.webui.common.WebUiCommonHelper.findWebElement(WebUiCommonHelper.java:1097)&#xD;&#xA;&#x9;at com.kms.katalon.core.webui.keyword.internal.WebUIAbstractKeyword.findWebElement(WebUIAbstractKeyword.groovy:27)&#xD;&#xA;&#x9;at com.kms.katalon.core.webui.keyword.internal.WebUIAbstractKeyword.findWebElement(WebUIAbstractKeyword.groovy:26)&#xD;&#xA;&#x9;at com.kms.katalon.core.webui.keyword.builtin.SendKeysKeyword$_sendKeys_closure1.doCall(SendKeysKeyword.groovy:52)&#xD;&#xA;&#x9;at com.kms.katalon.core.webui.keyword.builtin.SendKeysKeyword$_sendKeys_closure1.call(SendKeysKeyword.groovy)&#xD;&#xA;&#x9;at com.kms.katalon.core.webui.keyword.internal.WebUIKeywordMain.runKeyword(WebUIKeywordMain.groovy:20)&#xD;&#xA;&#x9;... 35 more&#xD;&#xA;"/>
            <system-out>2020-07-23 12:48:30 - [TEST_CASE][FAILED] - Test Cases/Faqbot/disabledPartialMatch_Test: Test Cases/Faqbot/disabledPartialMatch_Test FAILED.
Reason:
com.kms.katalon.core.exception.StepFailedException: Call Test Case 'Test Cases/Generic/successfulLogin_Test' failed&#xD;
	at com.kms.katalon.core.keyword.builtin.CallTestCaseKeyword$_callTestCase_closure1.doCall(CallTestCaseKeyword.groovy:63)&#xD;
	at com.kms.katalon.core.keyword.builtin.CallTestCaseKeyword$_callTestCase_closure1.call(CallTestCaseKeyword.groovy)&#xD;
	at com.kms.katalon.core.keyword.internal.KeywordMain.runKeyword(KeywordMain.groovy:68)&#xD;
	at com.kms.katalon.core.keyword.builtin.CallTestCaseKeyword.callTestCase(CallTestCaseKeyword.groovy:81)&#xD;
	at com.kms.katalon.core.keyword.builtin.CallTestCaseKeyword.execute(CallTestCaseKeyword.groovy:44)&#xD;
	at com.kms.katalon.core.keyword.internal.KeywordExecutor.executeKeywordForPlatform(KeywordExecutor.groovy:56)&#xD;
	at com.kms.katalon.core.keyword.BuiltinKeywords.callTestCase(BuiltinKeywords.groovy:334)&#xD;
	at disabledPartialMatch_Test.run(disabledPartialMatch_Test:9)&#xD;
	at com.kms.katalon.core.main.ScriptEngine.run(ScriptEngine.java:194)&#xD;
	at com.kms.katalon.core.main.ScriptEngine.runScriptAsRawText(ScriptEngine.java:119)&#xD;
	at com.kms.katalon.core.main.TestCaseExecutor.runScript(TestCaseExecutor.java:337)&#xD;
	at com.kms.katalon.core.main.TestCaseExecutor.doExecute(TestCaseExecutor.java:328)&#xD;
	at com.kms.katalon.core.main.TestCaseExecutor.processExecutionPhase(TestCaseExecutor.java:307)&#xD;
	at com.kms.katalon.core.main.TestCaseExecutor.accessMainPhase(TestCaseExecutor.java:299)&#xD;
	at com.kms.katalon.core.main.TestCaseExecutor.execute(TestCaseExecutor.java:233)&#xD;
	at com.kms.katalon.core.main.TestSuiteExecutor.accessTestCaseMainPhase(TestSuiteExecutor.java:169)&#xD;
	at com.kms.katalon.core.main.TestSuiteExecutor.accessTestSuiteMainPhase(TestSuiteExecutor.java:142)&#xD;
	at com.kms.katalon.core.main.TestSuiteExecutor.execute(TestSuiteExecutor.java:91)&#xD;
	at com.kms.katalon.core.main.TestCaseMain.startTestSuite(TestCaseMain.java:157)&#xD;
	at com.kms.katalon.core.main.TestCaseMain$startTestSuite$0.call(Unknown Source)&#xD;
	at TempTestSuite1595486393596.run(TempTestSuite1595486393596.groovy:35)&#xD;
Caused by: com.kms.katalon.core.exception.StepFailedException: Unable to send keys 'narendra.n@imimobile.com' to object 'Object Repository/Input/username'&#xD;
	at com.kms.katalon.core.webui.keyword.internal.WebUIKeywordMain.stepFailed(WebUIKeywordMain.groovy:64)&#xD;
	at com.kms.katalon.core.webui.keyword.internal.WebUIKeywordMain.runKeyword(WebUIKeywordMain.groovy:26)&#xD;
	at com.kms.katalon.core.webui.keyword.builtin.SendKeysKeyword.sendKeys(SendKeysKeyword.groovy:60)&#xD;
	at com.kms.katalon.core.webui.keyword.builtin.SendKeysKeyword.execute(SendKeysKeyword.groovy:38)&#xD;
	at com.kms.katalon.core.keyword.internal.KeywordExecutor.executeKeywordForPlatform(KeywordExecutor.groovy:56)&#xD;
	at com.kms.katalon.core.webui.keyword.WebUiBuiltInKeywords.sendKeys(WebUiBuiltInKeywords.groovy:834)&#xD;
	at com.kms.katalon.core.webui.keyword.WebUiBuiltInKeywords$sendKeys$1.call(Unknown Source)&#xD;
	at successfulLogin_Test.run(successfulLogin_Test:16)&#xD;
	at com.kms.katalon.core.main.ScriptEngine.run(ScriptEngine.java:194)&#xD;
	at com.kms.katalon.core.main.ScriptEngine.runScriptAsRawText(ScriptEngine.java:119)&#xD;
	at com.kms.katalon.core.main.TestCaseExecutor.runScript(TestCaseExecutor.java:337)&#xD;
	at com.kms.katalon.core.main.TestCaseExecutor.doExecute(TestCaseExecutor.java:328)&#xD;
	at com.kms.katalon.core.main.TestCaseExecutor.processExecutionPhase(TestCaseExecutor.java:307)&#xD;
	at com.kms.katalon.core.main.TestCaseExecutor.accessMainPhase(TestCaseExecutor.java:299)&#xD;
	at com.kms.katalon.core.main.TestCaseExecutor.execute(TestCaseExecutor.java:233)&#xD;
	at com.kms.katalon.core.main.TestCaseMain.runTestCase(TestCaseMain.java:114)&#xD;
	at com.kms.katalon.core.keyword.builtin.CallTestCaseKeyword$_callTestCase_closure1.doCall(CallTestCaseKeyword.groovy:59)&#xD;
	... 20 more&#xD;
Caused by: com.kms.katalon.core.webui.exception.WebElementNotFoundException: Web element with id: 'Object Repository/Input/username' located by 'By.xpath: //*[@data-cy = 'login-email']' not found&#xD;
	at com.kms.katalon.core.webui.common.WebUiCommonHelper.findWebElement(WebUiCommonHelper.java:1097)&#xD;
	at com.kms.katalon.core.webui.keyword.internal.WebUIAbstractKeyword.findWebElement(WebUIAbstractKeyword.groovy:27)&#xD;
	at com.kms.katalon.core.webui.keyword.internal.WebUIAbstractKeyword.findWebElement(WebUIAbstractKeyword.groovy:26)&#xD;
	at com.kms.katalon.core.webui.keyword.builtin.SendKeysKeyword$_sendKeys_closure1.doCall(SendKeysKeyword.groovy:52)&#xD;
	at com.kms.katalon.core.webui.keyword.builtin.SendKeysKeyword$_sendKeys_closure1.call(SendKeysKeyword.groovy)&#xD;
	at com.kms.katalon.core.webui.keyword.internal.WebUIKeywordMain.runKeyword(WebUIKeywordMain.groovy:20)&#xD;
	... 35 more&#xD;
&#xD;
&#xD;
2020-07-23 12:48:30 - [TEST_STEP][PASSED] - Start listener action : setUp: Current window maximized&#xD;
&#xD;
2020-07-23 12:48:30 - [TEST_STEP][PASSED] - openBrowser(URL): Browser is opened with url: 'preprod.imibot.ai'&#xD;
&#xD;
2020-07-23 12:48:30 - [MESSAGE][WARNING] - A browser is already opened. Closing browser and opening a new one&#xD;
&#xD;
2020-07-23 12:48:32 - [MESSAGE][INFO] - Starting 'Edge' driver&#xD;
&#xD;
2020-07-23 12:48:48 - [MESSAGE][PASSED] - Browser is opened with url: 'preprod.imibot.ai'&#xD;
&#xD;
2020-07-23 12:48:48 - [TEST_STEP][PASSED] - maximizeWindow(): Current window maximized&#xD;
&#xD;
2020-07-23 12:48:50 - [MESSAGE][PASSED] - Current window maximized&#xD;
&#xD;
2020-07-23 12:48:51 - [TEST_STEP][FAILED] - callTestCase(findTestCase("Generic/successfulLogin_Test"), [:], STOP_ON_FAILURE): Unable to call Test Case 'Test Cases/Generic/successfulLogin_Test' (Root cause: com.kms.katalon.core.exception.StepFailedException: Call Test Case 'Test Cases/Generic/successfulLogin_Test' failed&#xD;
	at com.kms.katalon.core.keyword.builtin.CallTestCaseKeyword$_callTestCase_closure1.doCall(CallTestCaseKeyword.groovy:63)&#xD;
	at com.kms.katalon.core.keyword.builtin.CallTestCaseKeyword$_callTestCase_closure1.call(CallTestCaseKeyword.groovy)&#xD;
	at com.kms.katalon.core.keyword.internal.KeywordMain.runKeyword(KeywordMain.groovy:68)&#xD;
	at com.kms.katalon.core.keyword.builtin.CallTestCaseKeyword.callTestCase(CallTestCaseKeyword.groovy:81)&#xD;
	at com.kms.katalon.core.keyword.builtin.CallTestCaseKeyword.execute(CallTestCaseKeyword.groovy:44)&#xD;
	at com.kms.katalon.core.keyword.internal.KeywordExecutor.executeKeywordForPlatform(KeywordExecutor.groovy:56)&#xD;
	at com.kms.katalon.core.keyword.BuiltinKeywords.callTestCase(BuiltinKeywords.groovy:334)&#xD;
	at disabledPartialMatch_Test.run(disabledPartialMatch_Test:9)&#xD;
	at com.kms.katalon.core.main.ScriptEngine.run(ScriptEngine.java:194)&#xD;
	at com.kms.katalon.core.main.ScriptEngine.runScriptAsRawText(ScriptEngine.java:119)&#xD;
	at com.kms.katalon.core.main.TestCaseExecutor.runScript(TestCaseExecutor.java:337)&#xD;
	at com.kms.katalon.core.main.TestCaseExecutor.doExecute(TestCaseExecutor.java:328)&#xD;
	at com.kms.katalon.core.main.TestCaseExecutor.processExecutionPhase(TestCaseExecutor.java:307)&#xD;
	at com.kms.katalon.core.main.TestCaseExecutor.accessMainPhase(TestCaseExecutor.java:299)&#xD;
	at com.kms.katalon.core.main.TestCaseExecutor.execute(TestCaseExecutor.java:233)&#xD;
	at com.kms.katalon.core.main.TestSuiteExecutor.accessTestCaseMainPhase(TestSuiteExecutor.java:169)&#xD;
	at com.kms.katalon.core.main.TestSuiteExecutor.accessTestSuiteMainPhase(TestSuiteExecutor.java:142)&#xD;
	at com.kms.katalon.core.main.TestSuiteExecutor.execute(TestSuiteExecutor.java:91)&#xD;
	at com.kms.katalon.core.main.TestCaseMain.startTestSuite(TestCaseMain.java:157)&#xD;
	at com.kms.katalon.core.main.TestCaseMain$startTestSuite$0.call(Unknown Source)&#xD;
	at TempTestSuite1595486393596.run(TempTestSuite1595486393596.groovy:35)&#xD;
Caused by: com.kms.katalon.core.exception.StepFailedException: Unable to send keys 'narendra.n@imimobile.com' to object 'Object Repository/Input/username'&#xD;
	at com.kms.katalon.core.webui.keyword.internal.WebUIKeywordMain.stepFailed(WebUIKeywordMain.groovy:64)&#xD;
	at com.kms.katalon.core.webui.keyword.internal.WebUIKeywordMain.runKeyword(WebUIKeywordMain.groovy:26)&#xD;
	at com.kms.katalon.core.webui.keyword.builtin.SendKeysKeyword.sendKeys(SendKeysKeyword.groovy:60)&#xD;
	at com.kms.katalon.core.webui.keyword.builtin.SendKeysKeyword.execute(SendKeysKeyword.groovy:38)&#xD;
	at com.kms.katalon.core.keyword.internal.KeywordExecutor.executeKeywordForPlatform(KeywordExecutor.groovy:56)&#xD;
	at com.kms.katalon.core.webui.keyword.WebUiBuiltInKeywords.sendKeys(WebUiBuiltInKeywords.groovy:834)&#xD;
	at com.kms.katalon.core.webui.keyword.WebUiBuiltInKeywords$sendKeys$1.call(Unknown Source)&#xD;
	at successfulLogin_Test.run(successfulLogin_Test:16)&#xD;
	at com.kms.katalon.core.main.ScriptEngine.run(ScriptEngine.java:194)&#xD;
	at com.kms.katalon.core.main.ScriptEngine.runScriptAsRawText(ScriptEngine.java:119)&#xD;
	at com.kms.katalon.core.main.TestCaseExecutor.runScript(TestCaseExecutor.java:337)&#xD;
	at com.kms.katalon.core.main.TestCaseExecutor.doExecute(TestCaseExecutor.java:328)&#xD;
	at com.kms.katalon.core.main.TestCaseExecutor.processExecutionPhase(TestCaseExecutor.java:307)&#xD;
	at com.kms.katalon.core.main.TestCaseExecutor.accessMainPhase(TestCaseExecutor.java:299)&#xD;
	at com.kms.katalon.core.main.TestCaseExecutor.execute(TestCaseExecutor.java:233)&#xD;
	at com.kms.katalon.core.main.TestCaseMain.runTestCase(TestCaseMain.java:114)&#xD;
	at com.kms.katalon.core.keyword.builtin.CallTestCaseKeyword$_callTestCase_closure1.doCall(CallTestCaseKeyword.groovy:59)&#xD;
	... 20 more&#xD;
Caused by: com.kms.katalon.core.webui.exception.WebElementNotFoundException: Web element with id: 'Object Repository/Input/username' located by 'By.xpath: //*[@data-cy = 'login-email']' not found&#xD;
	at com.kms.katalon.core.webui.common.WebUiCommonHelper.findWebElement(WebUiCommonHelper.java:1097)&#xD;
	at com.kms.katalon.core.webui.keyword.internal.WebUIAbstractKeyword.findWebElement(WebUIAbstractKeyword.groovy:27)&#xD;
	at com.kms.katalon.core.webui.keyword.internal.WebUIAbstractKeyword.findWebElement(WebUIAbstractKeyword.groovy:26)&#xD;
	at com.kms.katalon.core.webui.keyword.builtin.SendKeysKeyword$_sendKeys_closure1.doCall(SendKeysKeyword.groovy:52)&#xD;
	at com.kms.katalon.core.webui.keyword.builtin.SendKeysKeyword$_sendKeys_closure1.call(SendKeysKeyword.groovy)&#xD;
	at com.kms.katalon.core.webui.keyword.internal.WebUIKeywordMain.runKeyword(WebUIKeywordMain.groovy:20)&#xD;
	... 35 more&#xD;
)&#xD;
&#xD;
2020-07-23 12:48:51 - [TEST_CASE][FAILED] - Test Cases/Generic/successfulLogin_Test: Test Cases/Generic/successfulLogin_Test FAILED.
Reason:
com.kms.katalon.core.exception.StepFailedException: Unable to send keys 'narendra.n@imimobile.com' to object 'Object Repository/Input/username'&#xD;
	at com.kms.katalon.core.webui.keyword.internal.WebUIKeywordMain.stepFailed(WebUIKeywordMain.groovy:64)&#xD;
	at com.kms.katalon.core.webui.keyword.internal.WebUIKeywordMain.runKeyword(WebUIKeywordMain.groovy:26)&#xD;
	at com.kms.katalon.core.webui.keyword.builtin.SendKeysKeyword.sendKeys(SendKeysKeyword.groovy:60)&#xD;
	at com.kms.katalon.core.webui.keyword.builtin.SendKeysKeyword.execute(SendKeysKeyword.groovy:38)&#xD;
	at com.kms.katalon.core.keyword.internal.KeywordExecutor.executeKeywordForPlatform(KeywordExecutor.groovy:56)&#xD;
	at com.kms.katalon.core.webui.keyword.WebUiBuiltInKeywords.sendKeys(WebUiBuiltInKeywords.groovy:834)&#xD;
	at com.kms.katalon.core.webui.keyword.WebUiBuiltInKeywords$sendKeys$1.call(Unknown Source)&#xD;
	at successfulLogin_Test.run(successfulLogin_Test:16)&#xD;
	at com.kms.katalon.core.main.ScriptEngine.run(ScriptEngine.java:194)&#xD;
	at com.kms.katalon.core.main.ScriptEngine.runScriptAsRawText(ScriptEngine.java:119)&#xD;
	at com.kms.katalon.core.main.TestCaseExecutor.runScript(TestCaseExecutor.java:337)&#xD;
	at com.kms.katalon.core.main.TestCaseExecutor.doExecute(TestCaseExecutor.java:328)&#xD;
	at com.kms.katalon.core.main.TestCaseExecutor.processExecutionPhase(TestCaseExecutor.java:307)&#xD;
	at com.kms.katalon.core.main.TestCaseExecutor.accessMainPhase(TestCaseExecutor.java:299)&#xD;
	at com.kms.katalon.core.main.TestCaseExecutor.execute(TestCaseExecutor.java:233)&#xD;
	at com.kms.katalon.core.main.TestCaseMain.runTestCase(TestCaseMain.java:114)&#xD;
	at com.kms.katalon.core.keyword.builtin.CallTestCaseKeyword$_callTestCase_closure1.doCall(CallTestCaseKeyword.groovy:59)&#xD;
	at com.kms.katalon.core.keyword.builtin.CallTestCaseKeyword$_callTestCase_closure1.call(CallTestCaseKeyword.groovy)&#xD;
	at com.kms.katalon.core.keyword.internal.KeywordMain.runKeyword(KeywordMain.groovy:68)&#xD;
	at com.kms.katalon.core.keyword.builtin.CallTestCaseKeyword.callTestCase(CallTestCaseKeyword.groovy:81)&#xD;
	at com.kms.katalon.core.keyword.builtin.CallTestCaseKeyword.execute(CallTestCaseKeyword.groovy:44)&#xD;
	at com.kms.katalon.core.keyword.internal.KeywordExecutor.executeKeywordForPlatform(KeywordExecutor.groovy:56)&#xD;
	at com.kms.katalon.core.keyword.BuiltinKeywords.callTestCase(BuiltinKeywords.groovy:334)&#xD;
	at disabledPartialMatch_Test.run(disabledPartialMatch_Test:9)&#xD;
	at com.kms.katalon.core.main.ScriptEngine.run(ScriptEngine.java:194)&#xD;
	at com.kms.katalon.core.main.ScriptEngine.runScriptAsRawText(ScriptEngine.java:119)&#xD;
	at com.kms.katalon.core.main.TestCaseExecutor.runScript(TestCaseExecutor.java:337)&#xD;
	at com.kms.katalon.core.main.TestCaseExecutor.doExecute(TestCaseExecutor.java:328)&#xD;
	at com.kms.katalon.core.main.TestCaseExecutor.processExecutionPhase(TestCaseExecutor.java:307)&#xD;
	at com.kms.katalon.core.main.TestCaseExecutor.accessMainPhase(TestCaseExecutor.java:299)&#xD;
	at com.kms.katalon.core.main.TestCaseExecutor.execute(TestCaseExecutor.java:233)&#xD;
	at com.kms.katalon.core.main.TestSuiteExecutor.accessTestCaseMainPhase(TestSuiteExecutor.java:169)&#xD;
	at com.kms.katalon.core.main.TestSuiteExecutor.accessTestSuiteMainPhase(TestSuiteExecutor.java:142)&#xD;
	at com.kms.katalon.core.main.TestSuiteExecutor.execute(TestSuiteExecutor.java:91)&#xD;
	at com.kms.katalon.core.main.TestCaseMain.startTestSuite(TestCaseMain.java:157)&#xD;
	at com.kms.katalon.core.main.TestCaseMain$startTestSuite$0.call(Unknown Source)&#xD;
	at TempTestSuite1595486393596.run(TempTestSuite1595486393596.groovy:35)&#xD;
Caused by: com.kms.katalon.core.webui.exception.WebElementNotFoundException: Web element with id: 'Object Repository/Input/username' located by 'By.xpath: //*[@data-cy = 'login-email']' not found&#xD;
	at com.kms.katalon.core.webui.common.WebUiCommonHelper.findWebElement(WebUiCommonHelper.java:1097)&#xD;
	at com.kms.katalon.core.webui.keyword.internal.WebUIAbstractKeyword.findWebElement(WebUIAbstractKeyword.groovy:27)&#xD;
	at com.kms.katalon.core.webui.keyword.internal.WebUIAbstractKeyword.findWebElement(WebUIAbstractKeyword.groovy:26)&#xD;
	at com.kms.katalon.core.webui.keyword.builtin.SendKeysKeyword$_sendKeys_closure1.doCall(SendKeysKeyword.groovy:52)&#xD;
	at com.kms.katalon.core.webui.keyword.builtin.SendKeysKeyword$_sendKeys_closure1.call(SendKeysKeyword.groovy)&#xD;
	at com.kms.katalon.core.webui.keyword.internal.WebUIKeywordMain.runKeyword(WebUIKeywordMain.groovy:20)&#xD;
	... 35 more&#xD;
&#xD;
&#xD;
2020-07-23 12:48:51 - [TEST_STEP][FAILED] - sendKeys(findTestObject("Input/username"), username): Unable to send keys 'narendra.n@imimobile.com' to object 'Object Repository/Input/username' (Root cause: com.kms.katalon.core.exception.StepFailedException: Unable to send keys 'narendra.n@imimobile.com' to object 'Object Repository/Input/username'&#xD;
	at com.kms.katalon.core.webui.keyword.internal.WebUIKeywordMain.stepFailed(WebUIKeywordMain.groovy:64)&#xD;
	at com.kms.katalon.core.webui.keyword.internal.WebUIKeywordMain.runKeyword(WebUIKeywordMain.groovy:26)&#xD;
	at com.kms.katalon.core.webui.keyword.builtin.SendKeysKeyword.sendKeys(SendKeysKeyword.groovy:60)&#xD;
	at com.kms.katalon.core.webui.keyword.builtin.SendKeysKeyword.execute(SendKeysKeyword.groovy:38)&#xD;
	at com.kms.katalon.core.keyword.internal.KeywordExecutor.executeKeywordForPlatform(KeywordExecutor.groovy:56)&#xD;
	at com.kms.katalon.core.webui.keyword.WebUiBuiltInKeywords.sendKeys(WebUiBuiltInKeywords.groovy:834)&#xD;
	at com.kms.katalon.core.webui.keyword.WebUiBuiltInKeywords$sendKeys$1.call(Unknown Source)&#xD;
	at successfulLogin_Test.run(successfulLogin_Test:16)&#xD;
	at com.kms.katalon.core.main.ScriptEngine.run(ScriptEngine.java:194)&#xD;
	at com.kms.katalon.core.main.ScriptEngine.runScriptAsRawText(ScriptEngine.java:119)&#xD;
	at com.kms.katalon.core.main.TestCaseExecutor.runScript(TestCaseExecutor.java:337)&#xD;
	at com.kms.katalon.core.main.TestCaseExecutor.doExecute(TestCaseExecutor.java:328)&#xD;
	at com.kms.katalon.core.main.TestCaseExecutor.processExecutionPhase(TestCaseExecutor.java:307)&#xD;
	at com.kms.katalon.core.main.TestCaseExecutor.accessMainPhase(TestCaseExecutor.java:299)&#xD;
	at com.kms.katalon.core.main.TestCaseExecutor.execute(TestCaseExecutor.java:233)&#xD;
	at com.kms.katalon.core.main.TestCaseMain.runTestCase(TestCaseMain.java:114)&#xD;
	at com.kms.katalon.core.keyword.builtin.CallTestCaseKeyword$_callTestCase_closure1.doCall(CallTestCaseKeyword.groovy:59)&#xD;
	at com.kms.katalon.core.keyword.builtin.CallTestCaseKeyword$_callTestCase_closure1.call(CallTestCaseKeyword.groovy)&#xD;
	at com.kms.katalon.core.keyword.internal.KeywordMain.runKeyword(KeywordMain.groovy:68)&#xD;
	at com.kms.katalon.core.keyword.builtin.CallTestCaseKeyword.callTestCase(CallTestCaseKeyword.groovy:81)&#xD;
	at com.kms.katalon.core.keyword.builtin.CallTestCaseKeyword.execute(CallTestCaseKeyword.groovy:44)&#xD;
	at com.kms.katalon.core.keyword.internal.KeywordExecutor.executeKeywordForPlatform(KeywordExecutor.groovy:56)&#xD;
	at com.kms.katalon.core.keyword.BuiltinKeywords.callTestCase(BuiltinKeywords.groovy:334)&#xD;
	at disabledPartialMatch_Test.run(disabledPartialMatch_Test:9)&#xD;
	at com.kms.katalon.core.main.ScriptEngine.run(ScriptEngine.java:194)&#xD;
	at com.kms.katalon.core.main.ScriptEngine.runScriptAsRawText(ScriptEngine.java:119)&#xD;
	at com.kms.katalon.core.main.TestCaseExecutor.runScript(TestCaseExecutor.java:337)&#xD;
	at com.kms.katalon.core.main.TestCaseExecutor.doExecute(TestCaseExecutor.java:328)&#xD;
	at com.kms.katalon.core.main.TestCaseExecutor.processExecutionPhase(TestCaseExecutor.java:307)&#xD;
	at com.kms.katalon.core.main.TestCaseExecutor.accessMainPhase(TestCaseExecutor.java:299)&#xD;
	at com.kms.katalon.core.main.TestCaseExecutor.execute(TestCaseExecutor.java:233)&#xD;
	at com.kms.katalon.core.main.TestSuiteExecutor.accessTestCaseMainPhase(TestSuiteExecutor.java:169)&#xD;
	at com.kms.katalon.core.main.TestSuiteExecutor.accessTestSuiteMainPhase(TestSuiteExecutor.java:142)&#xD;
	at com.kms.katalon.core.main.TestSuiteExecutor.execute(TestSuiteExecutor.java:91)&#xD;
	at com.kms.katalon.core.main.TestCaseMain.startTestSuite(TestCaseMain.java:157)&#xD;
	at com.kms.katalon.core.main.TestCaseMain$startTestSuite$0.call(Unknown Source)&#xD;
	at TempTestSuite1595486393596.run(TempTestSuite1595486393596.groovy:35)&#xD;
Caused by: com.kms.katalon.core.webui.exception.WebElementNotFoundException: Web element with id: 'Object Repository/Input/username' located by 'By.xpath: //*[@data-cy = 'login-email']' not found&#xD;
	at com.kms.katalon.core.webui.common.WebUiCommonHelper.findWebElement(WebUiCommonHelper.java:1097)&#xD;
	at com.kms.katalon.core.webui.keyword.internal.WebUIAbstractKeyword.findWebElement(WebUIAbstractKeyword.groovy:27)&#xD;
	at com.kms.katalon.core.webui.keyword.internal.WebUIAbstractKeyword.findWebElement(WebUIAbstractKeyword.groovy:26)&#xD;
	at com.kms.katalon.core.webui.keyword.builtin.SendKeysKeyword$_sendKeys_closure1.doCall(SendKeysKeyword.groovy:52)&#xD;
	at com.kms.katalon.core.webui.keyword.builtin.SendKeysKeyword$_sendKeys_closure1.call(SendKeysKeyword.groovy)&#xD;
	at com.kms.katalon.core.webui.keyword.internal.WebUIKeywordMain.runKeyword(WebUIKeywordMain.groovy:20)&#xD;
	at com.kms.katalon.core.webui.keyword.builtin.SendKeysKeyword.sendKeys(SendKeysKeyword.groovy:60)&#xD;
	at com.kms.katalon.core.webui.keyword.builtin.SendKeysKeyword.execute(SendKeysKeyword.groovy:38)&#xD;
	at com.kms.katalon.core.keyword.internal.KeywordExecutor.executeKeywordForPlatform(KeywordExecutor.groovy:56)&#xD;
	at com.kms.katalon.core.webui.keyword.WebUiBuiltInKeywords.sendKeys(WebUiBuiltInKeywords.groovy:834)&#xD;
	at com.kms.katalon.core.webui.keyword.WebUiBuiltInKeywords$sendKeys$1.call(Unknown Source)&#xD;
	at Script1588401831350.run(Script1588401831350.groovy:16)&#xD;
	at com.kms.katalon.core.main.ScriptEngine.run(ScriptEngine.java:194)&#xD;
	at com.kms.katalon.core.main.ScriptEngine.runScriptAsRawText(ScriptEngine.java:119)&#xD;
	at com.kms.katalon.core.main.TestCaseExecutor.runScript(TestCaseExecutor.java:337)&#xD;
	at com.kms.katalon.core.main.TestCaseExecutor.doExecute(TestCaseExecutor.java:328)&#xD;
	at com.kms.katalon.core.main.TestCaseExecutor.processExecutionPhase(TestCaseExecutor.java:307)&#xD;
	at com.kms.katalon.core.main.TestCaseExecutor.accessMainPhase(TestCaseExecutor.java:299)&#xD;
	at com.kms.katalon.core.main.TestCaseExecutor.execute(TestCaseExecutor.java:233)&#xD;
	at com.kms.katalon.core.main.TestCaseMain.runTestCase(TestCaseMain.java:114)&#xD;
	at com.kms.katalon.core.keyword.builtin.CallTestCaseKeyword$_callTestCase_closure1.doCall(CallTestCaseKeyword.groovy:59)&#xD;
	at com.kms.katalon.core.keyword.builtin.CallTestCaseKeyword$_callTestCase_closure1.call(CallTestCaseKeyword.groovy)&#xD;
	at com.kms.katalon.core.keyword.internal.KeywordMain.runKeyword(KeywordMain.groovy:68)&#xD;
	at com.kms.katalon.core.keyword.builtin.CallTestCaseKeyword.callTestCase(CallTestCaseKeyword.groovy:81)&#xD;
	at com.kms.katalon.core.keyword.builtin.CallTestCaseKeyword.execute(CallTestCaseKeyword.groovy:44)&#xD;
	at com.kms.katalon.core.keyword.internal.KeywordExecutor.executeKeywordForPlatform(KeywordExecutor.groovy:56)&#xD;
	at com.kms.katalon.core.keyword.BuiltinKeywords.callTestCase(BuiltinKeywords.groovy:334)&#xD;
	at Script1591252701084.run(Script1591252701084.groovy:9)&#xD;
	... 13 more&#xD;
)&#xD;
&#xD;
2020-07-23 12:49:01 - [MESSAGE][INFO] - Unable to find the element located by 'By.xpath: //*[@data-cy = 'login-email']'. Please recheck the objects properties to make sure the desired element is located. &#xD;
&#xD;
2020-07-23 12:49:03 - [MESSAGE][FAILED] - Unable to send keys 'narendra.n@imimobile.com' to object 'Object Repository/Input/username' (Root cause: com.kms.katalon.core.exception.StepFailedException: Unable to send keys 'narendra.n@imimobile.com' to object 'Object Repository/Input/username'&#xD;
	at com.kms.katalon.core.webui.keyword.internal.WebUIKeywordMain.stepFailed(WebUIKeywordMain.groovy:64)&#xD;
	at com.kms.katalon.core.webui.keyword.internal.WebUIKeywordMain.runKeyword(WebUIKeywordMain.groovy:26)&#xD;
	at com.kms.katalon.core.webui.keyword.builtin.SendKeysKeyword.sendKeys(SendKeysKeyword.groovy:60)&#xD;
	at com.kms.katalon.core.webui.keyword.builtin.SendKeysKeyword.execute(SendKeysKeyword.groovy:38)&#xD;
	at com.kms.katalon.core.keyword.internal.KeywordExecutor.executeKeywordForPlatform(KeywordExecutor.groovy:56)&#xD;
	at com.kms.katalon.core.webui.keyword.WebUiBuiltInKeywords.sendKeys(WebUiBuiltInKeywords.groovy:834)&#xD;
	at com.kms.katalon.core.webui.keyword.WebUiBuiltInKeywords$sendKeys$1.call(Unknown Source)&#xD;
	at successfulLogin_Test.run(successfulLogin_Test:16)&#xD;
	at com.kms.katalon.core.main.ScriptEngine.run(ScriptEngine.java:194)&#xD;
	at com.kms.katalon.core.main.ScriptEngine.runScriptAsRawText(ScriptEngine.java:119)&#xD;
	at com.kms.katalon.core.main.TestCaseExecutor.runScript(TestCaseExecutor.java:337)&#xD;
	at com.kms.katalon.core.main.TestCaseExecutor.doExecute(TestCaseExecutor.java:328)&#xD;
	at com.kms.katalon.core.main.TestCaseExecutor.processExecutionPhase(TestCaseExecutor.java:307)&#xD;
	at com.kms.katalon.core.main.TestCaseExecutor.accessMainPhase(TestCaseExecutor.java:299)&#xD;
	at com.kms.katalon.core.main.TestCaseExecutor.execute(TestCaseExecutor.java:233)&#xD;
	at com.kms.katalon.core.main.TestCaseMain.runTestCase(TestCaseMain.java:114)&#xD;
	at com.kms.katalon.core.keyword.builtin.CallTestCaseKeyword$_callTestCase_closure1.doCall(CallTestCaseKeyword.groovy:59)&#xD;
	at com.kms.katalon.core.keyword.builtin.CallTestCaseKeyword$_callTestCase_closure1.call(CallTestCaseKeyword.groovy)&#xD;
	at com.kms.katalon.core.keyword.internal.KeywordMain.runKeyword(KeywordMain.groovy:68)&#xD;
	at com.kms.katalon.core.keyword.builtin.CallTestCaseKeyword.callTestCase(CallTestCaseKeyword.groovy:81)&#xD;
	at com.kms.katalon.core.keyword.builtin.CallTestCaseKeyword.execute(CallTestCaseKeyword.groovy:44)&#xD;
	at com.kms.katalon.core.keyword.internal.KeywordExecutor.executeKeywordForPlatform(KeywordExecutor.groovy:56)&#xD;
	at com.kms.katalon.core.keyword.BuiltinKeywords.callTestCase(BuiltinKeywords.groovy:334)&#xD;
	at disabledPartialMatch_Test.run(disabledPartialMatch_Test:9)&#xD;
	at com.kms.katalon.core.main.ScriptEngine.run(ScriptEngine.java:194)&#xD;
	at com.kms.katalon.core.main.ScriptEngine.runScriptAsRawText(ScriptEngine.java:119)&#xD;
	at com.kms.katalon.core.main.TestCaseExecutor.runScript(TestCaseExecutor.java:337)&#xD;
	at com.kms.katalon.core.main.TestCaseExecutor.doExecute(TestCaseExecutor.java:328)&#xD;
	at com.kms.katalon.core.main.TestCaseExecutor.processExecutionPhase(TestCaseExecutor.java:307)&#xD;
	at com.kms.katalon.core.main.TestCaseExecutor.accessMainPhase(TestCaseExecutor.java:299)&#xD;
	at com.kms.katalon.core.main.TestCaseExecutor.execute(TestCaseExecutor.java:233)&#xD;
	at com.kms.katalon.core.main.TestSuiteExecutor.accessTestCaseMainPhase(TestSuiteExecutor.java:169)&#xD;
	at com.kms.katalon.core.main.TestSuiteExecutor.accessTestSuiteMainPhase(TestSuiteExecutor.java:142)&#xD;
	at com.kms.katalon.core.main.TestSuiteExecutor.execute(TestSuiteExecutor.java:91)&#xD;
	at com.kms.katalon.core.main.TestCaseMain.startTestSuite(TestCaseMain.java:157)&#xD;
	at com.kms.katalon.core.main.TestCaseMain$startTestSuite$0.call(Unknown Source)&#xD;
	at TempTestSuite1595486393596.run(TempTestSuite1595486393596.groovy:35)&#xD;
Caused by: com.kms.katalon.core.webui.exception.WebElementNotFoundException: Web element with id: 'Object Repository/Input/username' located by 'By.xpath: //*[@data-cy = 'login-email']' not found&#xD;
	at com.kms.katalon.core.webui.common.WebUiCommonHelper.findWebElement(WebUiCommonHelper.java:1097)&#xD;
	at com.kms.katalon.core.webui.keyword.internal.WebUIAbstractKeyword.findWebElement(WebUIAbstractKeyword.groovy:27)&#xD;
	at com.kms.katalon.core.webui.keyword.internal.WebUIAbstractKeyword.findWebElement(WebUIAbstractKeyword.groovy:26)&#xD;
	at com.kms.katalon.core.webui.keyword.builtin.SendKeysKeyword$_sendKeys_closure1.doCall(SendKeysKeyword.groovy:52)&#xD;
	at com.kms.katalon.core.webui.keyword.builtin.SendKeysKeyword$_sendKeys_closure1.call(SendKeysKeyword.groovy)&#xD;
	at com.kms.katalon.core.webui.keyword.internal.WebUIKeywordMain.runKeyword(WebUIKeywordMain.groovy:20)&#xD;
	at com.kms.katalon.core.webui.keyword.builtin.SendKeysKeyword.sendKeys(SendKeysKeyword.groovy:60)&#xD;
	at com.kms.katalon.core.webui.keyword.builtin.SendKeysKeyword.execute(SendKeysKeyword.groovy:38)&#xD;
	at com.kms.katalon.core.keyword.internal.KeywordExecutor.executeKeywordForPlatform(KeywordExecutor.groovy:56)&#xD;
	at com.kms.katalon.core.webui.keyword.WebUiBuiltInKeywords.sendKeys(WebUiBuiltInKeywords.groovy:834)&#xD;
	at com.kms.katalon.core.webui.keyword.WebUiBuiltInKeywords$sendKeys$1.call(Unknown Source)&#xD;
	at Script1588401831350.run(Script1588401831350.groovy:16)&#xD;
	at com.kms.katalon.core.main.ScriptEngine.run(ScriptEngine.java:194)&#xD;
	at com.kms.katalon.core.main.ScriptEngine.runScriptAsRawText(ScriptEngine.java:119)&#xD;
	at com.kms.katalon.core.main.TestCaseExecutor.runScript(TestCaseExecutor.java:337)&#xD;
	at com.kms.katalon.core.main.TestCaseExecutor.doExecute(TestCaseExecutor.java:328)&#xD;
	at com.kms.katalon.core.main.TestCaseExecutor.processExecutionPhase(TestCaseExecutor.java:307)&#xD;
	at com.kms.katalon.core.main.TestCaseExecutor.accessMainPhase(TestCaseExecutor.java:299)&#xD;
	at com.kms.katalon.core.main.TestCaseExecutor.execute(TestCaseExecutor.java:233)&#xD;
	at com.kms.katalon.core.main.TestCaseMain.runTestCase(TestCaseMain.java:114)&#xD;
	at com.kms.katalon.core.keyword.builtin.CallTestCaseKeyword$_callTestCase_closure1.doCall(CallTestCaseKeyword.groovy:59)&#xD;
	at com.kms.katalon.core.keyword.builtin.CallTestCaseKeyword$_callTestCase_closure1.call(CallTestCaseKeyword.groovy)&#xD;
	at com.kms.katalon.core.keyword.internal.KeywordMain.runKeyword(KeywordMain.groovy:68)&#xD;
	at com.kms.katalon.core.keyword.builtin.CallTestCaseKeyword.callTestCase(CallTestCaseKeyword.groovy:81)&#xD;
	at com.kms.katalon.core.keyword.builtin.CallTestCaseKeyword.execute(CallTestCaseKeyword.groovy:44)&#xD;
	at com.kms.katalon.core.keyword.internal.KeywordExecutor.executeKeywordForPlatform(KeywordExecutor.groovy:56)&#xD;
	at com.kms.katalon.core.keyword.BuiltinKeywords.callTestCase(BuiltinKeywords.groovy:334)&#xD;
	at Script1591252701084.run(Script1591252701084.groovy:9)&#xD;
	... 13 more&#xD;
)&#xD;
[[ATTACHMENT|D:\\IMIbot.ai-Project\\Reports\\20200723_120951\\faqSuiteE2E\\20200723_120953\\1595488741896.png]]&#xD;
&#xD;
2020-07-23 12:49:03 - [MESSAGE][FAILED] - Unable to call Test Case 'Test Cases/Generic/successfulLogin_Test' (Root cause: com.kms.katalon.core.exception.StepFailedException: Call Test Case 'Test Cases/Generic/successfulLogin_Test' failed&#xD;
	at com.kms.katalon.core.keyword.builtin.CallTestCaseKeyword$_callTestCase_closure1.doCall(CallTestCaseKeyword.groovy:63)&#xD;
	at com.kms.katalon.core.keyword.builtin.CallTestCaseKeyword$_callTestCase_closure1.call(CallTestCaseKeyword.groovy)&#xD;
	at com.kms.katalon.core.keyword.internal.KeywordMain.runKeyword(KeywordMain.groovy:68)&#xD;
	at com.kms.katalon.core.keyword.builtin.CallTestCaseKeyword.callTestCase(CallTestCaseKeyword.groovy:81)&#xD;
	at com.kms.katalon.core.keyword.builtin.CallTestCaseKeyword.execute(CallTestCaseKeyword.groovy:44)&#xD;
	at com.kms.katalon.core.keyword.internal.KeywordExecutor.executeKeywordForPlatform(KeywordExecutor.groovy:56)&#xD;
	at com.kms.katalon.core.keyword.BuiltinKeywords.callTestCase(BuiltinKeywords.groovy:334)&#xD;
	at disabledPartialMatch_Test.run(disabledPartialMatch_Test:9)&#xD;
	at com.kms.katalon.core.main.ScriptEngine.run(ScriptEngine.java:194)&#xD;
	at com.kms.katalon.core.main.ScriptEngine.runScriptAsRawText(ScriptEngine.java:119)&#xD;
	at com.kms.katalon.core.main.TestCaseExecutor.runScript(TestCaseExecutor.java:337)&#xD;
	at com.kms.katalon.core.main.TestCaseExecutor.doExecute(TestCaseExecutor.java:328)&#xD;
	at com.kms.katalon.core.main.TestCaseExecutor.processExecutionPhase(TestCaseExecutor.java:307)&#xD;
	at com.kms.katalon.core.main.TestCaseExecutor.accessMainPhase(TestCaseExecutor.java:299)&#xD;
	at com.kms.katalon.core.main.TestCaseExecutor.execute(TestCaseExecutor.java:233)&#xD;
	at com.kms.katalon.core.main.TestSuiteExecutor.accessTestCaseMainPhase(TestSuiteExecutor.java:169)&#xD;
	at com.kms.katalon.core.main.TestSuiteExecutor.accessTestSuiteMainPhase(TestSuiteExecutor.java:142)&#xD;
	at com.kms.katalon.core.main.TestSuiteExecutor.execute(TestSuiteExecutor.java:91)&#xD;
	at com.kms.katalon.core.main.TestCaseMain.startTestSuite(TestCaseMain.java:157)&#xD;
	at com.kms.katalon.core.main.TestCaseMain$startTestSuite$0.call(Unknown Source)&#xD;
	at TempTestSuite1595486393596.run(TempTestSuite1595486393596.groovy:35)&#xD;
Caused by: com.kms.katalon.core.exception.StepFailedException: Unable to send keys 'narendra.n@imimobile.com' to object 'Object Repository/Input/username'&#xD;
	at com.kms.katalon.core.webui.keyword.internal.WebUIKeywordMain.stepFailed(WebUIKeywordMain.groovy:64)&#xD;
	at com.kms.katalon.core.webui.keyword.internal.WebUIKeywordMain.runKeyword(WebUIKeywordMain.groovy:26)&#xD;
	at com.kms.katalon.core.webui.keyword.builtin.SendKeysKeyword.sendKeys(SendKeysKeyword.groovy:60)&#xD;
	at com.kms.katalon.core.webui.keyword.builtin.SendKeysKeyword.execute(SendKeysKeyword.groovy:38)&#xD;
	at com.kms.katalon.core.keyword.internal.KeywordExecutor.executeKeywordForPlatform(KeywordExecutor.groovy:56)&#xD;
	at com.kms.katalon.core.webui.keyword.WebUiBuiltInKeywords.sendKeys(WebUiBuiltInKeywords.groovy:834)&#xD;
	at com.kms.katalon.core.webui.keyword.WebUiBuiltInKeywords$sendKeys$1.call(Unknown Source)&#xD;
	at successfulLogin_Test.run(successfulLogin_Test:16)&#xD;
	at com.kms.katalon.core.main.ScriptEngine.run(ScriptEngine.java:194)&#xD;
	at com.kms.katalon.core.main.ScriptEngine.runScriptAsRawText(ScriptEngine.java:119)&#xD;
	at com.kms.katalon.core.main.TestCaseExecutor.runScript(TestCaseExecutor.java:337)&#xD;
	at com.kms.katalon.core.main.TestCaseExecutor.doExecute(TestCaseExecutor.java:328)&#xD;
	at com.kms.katalon.core.main.TestCaseExecutor.processExecutionPhase(TestCaseExecutor.java:307)&#xD;
	at com.kms.katalon.core.main.TestCaseExecutor.accessMainPhase(TestCaseExecutor.java:299)&#xD;
	at com.kms.katalon.core.main.TestCaseExecutor.execute(TestCaseExecutor.java:233)&#xD;
	at com.kms.katalon.core.main.TestCaseMain.runTestCase(TestCaseMain.java:114)&#xD;
	at com.kms.katalon.core.keyword.builtin.CallTestCaseKeyword$_callTestCase_closure1.doCall(CallTestCaseKeyword.groovy:59)&#xD;
	... 20 more&#xD;
Caused by: com.kms.katalon.core.webui.exception.WebElementNotFoundException: Web element with id: 'Object Repository/Input/username' located by 'By.xpath: //*[@data-cy = 'login-email']' not found&#xD;
	at com.kms.katalon.core.webui.common.WebUiCommonHelper.findWebElement(WebUiCommonHelper.java:1097)&#xD;
	at com.kms.katalon.core.webui.keyword.internal.WebUIAbstractKeyword.findWebElement(WebUIAbstractKeyword.groovy:27)&#xD;
	at com.kms.katalon.core.webui.keyword.internal.WebUIAbstractKeyword.findWebElement(WebUIAbstractKeyword.groovy:26)&#xD;
	at com.kms.katalon.core.webui.keyword.builtin.SendKeysKeyword$_sendKeys_closure1.doCall(SendKeysKeyword.groovy:52)&#xD;
	at com.kms.katalon.core.webui.keyword.builtin.SendKeysKeyword$_sendKeys_closure1.call(SendKeysKeyword.groovy)&#xD;
	at com.kms.katalon.core.webui.keyword.internal.WebUIKeywordMain.runKeyword(WebUIKeywordMain.groovy:20)&#xD;
	... 35 more&#xD;
)</system-out>
            <system-err>2020-07-23 12:48:30 - [TEST_CASE][FAILED] - Test Cases/Faqbot/disabledPartialMatch_Test: Test Cases/Faqbot/disabledPartialMatch_Test FAILED.
Reason:
com.kms.katalon.core.exception.StepFailedException: Call Test Case 'Test Cases/Generic/successfulLogin_Test' failed&#xD;
	at com.kms.katalon.core.keyword.builtin.CallTestCaseKeyword$_callTestCase_closure1.doCall(CallTestCaseKeyword.groovy:63)&#xD;
	at com.kms.katalon.core.keyword.builtin.CallTestCaseKeyword$_callTestCase_closure1.call(CallTestCaseKeyword.groovy)&#xD;
	at com.kms.katalon.core.keyword.internal.KeywordMain.runKeyword(KeywordMain.groovy:68)&#xD;
	at com.kms.katalon.core.keyword.builtin.CallTestCaseKeyword.callTestCase(CallTestCaseKeyword.groovy:81)&#xD;
	at com.kms.katalon.core.keyword.builtin.CallTestCaseKeyword.execute(CallTestCaseKeyword.groovy:44)&#xD;
	at com.kms.katalon.core.keyword.internal.KeywordExecutor.executeKeywordForPlatform(KeywordExecutor.groovy:56)&#xD;
	at com.kms.katalon.core.keyword.BuiltinKeywords.callTestCase(BuiltinKeywords.groovy:334)&#xD;
	at disabledPartialMatch_Test.run(disabledPartialMatch_Test:9)&#xD;
	at com.kms.katalon.core.main.ScriptEngine.run(ScriptEngine.java:194)&#xD;
	at com.kms.katalon.core.main.ScriptEngine.runScriptAsRawText(ScriptEngine.java:119)&#xD;
	at com.kms.katalon.core.main.TestCaseExecutor.runScript(TestCaseExecutor.java:337)&#xD;
	at com.kms.katalon.core.main.TestCaseExecutor.doExecute(TestCaseExecutor.java:328)&#xD;
	at com.kms.katalon.core.main.TestCaseExecutor.processExecutionPhase(TestCaseExecutor.java:307)&#xD;
	at com.kms.katalon.core.main.TestCaseExecutor.accessMainPhase(TestCaseExecutor.java:299)&#xD;
	at com.kms.katalon.core.main.TestCaseExecutor.execute(TestCaseExecutor.java:233)&#xD;
	at com.kms.katalon.core.main.TestSuiteExecutor.accessTestCaseMainPhase(TestSuiteExecutor.java:169)&#xD;
	at com.kms.katalon.core.main.TestSuiteExecutor.accessTestSuiteMainPhase(TestSuiteExecutor.java:142)&#xD;
	at com.kms.katalon.core.main.TestSuiteExecutor.execute(TestSuiteExecutor.java:91)&#xD;
	at com.kms.katalon.core.main.TestCaseMain.startTestSuite(TestCaseMain.java:157)&#xD;
	at com.kms.katalon.core.main.TestCaseMain$startTestSuite$0.call(Unknown Source)&#xD;
	at TempTestSuite1595486393596.run(TempTestSuite1595486393596.groovy:35)&#xD;
Caused by: com.kms.katalon.core.exception.StepFailedException: Unable to send keys 'narendra.n@imimobile.com' to object 'Object Repository/Input/username'&#xD;
	at com.kms.katalon.core.webui.keyword.internal.WebUIKeywordMain.stepFailed(WebUIKeywordMain.groovy:64)&#xD;
	at com.kms.katalon.core.webui.keyword.internal.WebUIKeywordMain.runKeyword(WebUIKeywordMain.groovy:26)&#xD;
	at com.kms.katalon.core.webui.keyword.builtin.SendKeysKeyword.sendKeys(SendKeysKeyword.groovy:60)&#xD;
	at com.kms.katalon.core.webui.keyword.builtin.SendKeysKeyword.execute(SendKeysKeyword.groovy:38)&#xD;
	at com.kms.katalon.core.keyword.internal.KeywordExecutor.executeKeywordForPlatform(KeywordExecutor.groovy:56)&#xD;
	at com.kms.katalon.core.webui.keyword.WebUiBuiltInKeywords.sendKeys(WebUiBuiltInKeywords.groovy:834)&#xD;
	at com.kms.katalon.core.webui.keyword.WebUiBuiltInKeywords$sendKeys$1.call(Unknown Source)&#xD;
	at successfulLogin_Test.run(successfulLogin_Test:16)&#xD;
	at com.kms.katalon.core.main.ScriptEngine.run(ScriptEngine.java:194)&#xD;
	at com.kms.katalon.core.main.ScriptEngine.runScriptAsRawText(ScriptEngine.java:119)&#xD;
	at com.kms.katalon.core.main.TestCaseExecutor.runScript(TestCaseExecutor.java:337)&#xD;
	at com.kms.katalon.core.main.TestCaseExecutor.doExecute(TestCaseExecutor.java:328)&#xD;
	at com.kms.katalon.core.main.TestCaseExecutor.processExecutionPhase(TestCaseExecutor.java:307)&#xD;
	at com.kms.katalon.core.main.TestCaseExecutor.accessMainPhase(TestCaseExecutor.java:299)&#xD;
	at com.kms.katalon.core.main.TestCaseExecutor.execute(TestCaseExecutor.java:233)&#xD;
	at com.kms.katalon.core.main.TestCaseMain.runTestCase(TestCaseMain.java:114)&#xD;
	at com.kms.katalon.core.keyword.builtin.CallTestCaseKeyword$_callTestCase_closure1.doCall(CallTestCaseKeyword.groovy:59)&#xD;
	... 20 more&#xD;
Caused by: com.kms.katalon.core.webui.exception.WebElementNotFoundException: Web element with id: 'Object Repository/Input/username' located by 'By.xpath: //*[@data-cy = 'login-email']' not found&#xD;
	at com.kms.katalon.core.webui.common.WebUiCommonHelper.findWebElement(WebUiCommonHelper.java:1097)&#xD;
	at com.kms.katalon.core.webui.keyword.internal.WebUIAbstractKeyword.findWebElement(WebUIAbstractKeyword.groovy:27)&#xD;
	at com.kms.katalon.core.webui.keyword.internal.WebUIAbstractKeyword.findWebElement(WebUIAbstractKeyword.groovy:26)&#xD;
	at com.kms.katalon.core.webui.keyword.builtin.SendKeysKeyword$_sendKeys_closure1.doCall(SendKeysKeyword.groovy:52)&#xD;
	at com.kms.katalon.core.webui.keyword.builtin.SendKeysKeyword$_sendKeys_closure1.call(SendKeysKeyword.groovy)&#xD;
	at com.kms.katalon.core.webui.keyword.internal.WebUIKeywordMain.runKeyword(WebUIKeywordMain.groovy:20)&#xD;
	... 35 more</system-err>
        </testcase>
        <testcase name="Test Cases/Faqbot/disabledFallback_Test" classname="Test Cases/Faqbot/disabledFallback_Test" status="FAILED">
            <failure type="FAILED" message="Test Cases/Faqbot/disabledFallback_Test FAILED.&#xA;Reason:&#xA;com.kms.katalon.core.exception.StepFailedException: Call Test Case 'Test Cases/Generic/successfulLogin_Test' failed&#xD;&#xA;&#x9;at com.kms.katalon.core.keyword.builtin.CallTestCaseKeyword$_callTestCase_closure1.doCall(CallTestCaseKeyword.groovy:63)&#xD;&#xA;&#x9;at com.kms.katalon.core.keyword.builtin.CallTestCaseKeyword$_callTestCase_closure1.call(CallTestCaseKeyword.groovy)&#xD;&#xA;&#x9;at com.kms.katalon.core.keyword.internal.KeywordMain.runKeyword(KeywordMain.groovy:68)&#xD;&#xA;&#x9;at com.kms.katalon.core.keyword.builtin.CallTestCaseKeyword.callTestCase(CallTestCaseKeyword.groovy:81)&#xD;&#xA;&#x9;at com.kms.katalon.core.keyword.builtin.CallTestCaseKeyword.execute(CallTestCaseKeyword.groovy:44)&#xD;&#xA;&#x9;at com.kms.katalon.core.keyword.internal.KeywordExecutor.executeKeywordForPlatform(KeywordExecutor.groovy:56)&#xD;&#xA;&#x9;at com.kms.katalon.core.keyword.BuiltinKeywords.callTestCase(BuiltinKeywords.groovy:334)&#xD;&#xA;&#x9;at disabledFallback_Test.run(disabledFallback_Test:17)&#xD;&#xA;&#x9;at com.kms.katalon.core.main.ScriptEngine.run(ScriptEngine.java:194)&#xD;&#xA;&#x9;at com.kms.katalon.core.main.ScriptEngine.runScriptAsRawText(ScriptEngine.java:119)&#xD;&#xA;&#x9;at com.kms.katalon.core.main.TestCaseExecutor.runScript(TestCaseExecutor.java:337)&#xD;&#xA;&#x9;at com.kms.katalon.core.main.TestCaseExecutor.doExecute(TestCaseExecutor.java:328)&#xD;&#xA;&#x9;at com.kms.katalon.core.main.TestCaseExecutor.processExecutionPhase(TestCaseExecutor.java:307)&#xD;&#xA;&#x9;at com.kms.katalon.core.main.TestCaseExecutor.accessMainPhase(TestCaseExecutor.java:299)&#xD;&#xA;&#x9;at com.kms.katalon.core.main.TestCaseExecutor.execute(TestCaseExecutor.java:233)&#xD;&#xA;&#x9;at com.kms.katalon.core.main.TestSuiteExecutor.accessTestCaseMainPhase(TestSuiteExecutor.java:169)&#xD;&#xA;&#x9;at com.kms.katalon.core.main.TestSuiteExecutor.accessTestSuiteMainPhase(TestSuiteExecutor.java:142)&#xD;&#xA;&#x9;at com.kms.katalon.core.main.TestSuiteExecutor.execute(TestSuiteExecutor.java:91)&#xD;&#xA;&#x9;at com.kms.katalon.core.main.TestCaseMain.startTestSuite(TestCaseMain.java:157)&#xD;&#xA;&#x9;at com.kms.katalon.core.main.TestCaseMain$startTestSuite$0.call(Unknown Source)&#xD;&#xA;&#x9;at TempTestSuite1595486393596.run(TempTestSuite1595486393596.groovy:35)&#xD;&#xA;Caused by: com.kms.katalon.core.exception.StepFailedException: Unable to send keys 'narendra.n@imimobile.com' to object 'Object Repository/Input/username'&#xD;&#xA;&#x9;at com.kms.katalon.core.webui.keyword.internal.WebUIKeywordMain.stepFailed(WebUIKeywordMain.groovy:64)&#xD;&#xA;&#x9;at com.kms.katalon.core.webui.keyword.internal.WebUIKeywordMain.runKeyword(WebUIKeywordMain.groovy:26)&#xD;&#xA;&#x9;at com.kms.katalon.core.webui.keyword.builtin.SendKeysKeyword.sendKeys(SendKeysKeyword.groovy:60)&#xD;&#xA;&#x9;at com.kms.katalon.core.webui.keyword.builtin.SendKeysKeyword.execute(SendKeysKeyword.groovy:38)&#xD;&#xA;&#x9;at com.kms.katalon.core.keyword.internal.KeywordExecutor.executeKeywordForPlatform(KeywordExecutor.groovy:56)&#xD;&#xA;&#x9;at com.kms.katalon.core.webui.keyword.WebUiBuiltInKeywords.sendKeys(WebUiBuiltInKeywords.groovy:834)&#xD;&#xA;&#x9;at com.kms.katalon.core.webui.keyword.WebUiBuiltInKeywords$sendKeys$1.call(Unknown Source)&#xD;&#xA;&#x9;at successfulLogin_Test.run(successfulLogin_Test:16)&#xD;&#xA;&#x9;at com.kms.katalon.core.main.ScriptEngine.run(ScriptEngine.java:194)&#xD;&#xA;&#x9;at com.kms.katalon.core.main.ScriptEngine.runScriptAsRawText(ScriptEngine.java:119)&#xD;&#xA;&#x9;at com.kms.katalon.core.main.TestCaseExecutor.runScript(TestCaseExecutor.java:337)&#xD;&#xA;&#x9;at com.kms.katalon.core.main.TestCaseExecutor.doExecute(TestCaseExecutor.java:328)&#xD;&#xA;&#x9;at com.kms.katalon.core.main.TestCaseExecutor.processExecutionPhase(TestCaseExecutor.java:307)&#xD;&#xA;&#x9;at com.kms.katalon.core.main.TestCaseExecutor.accessMainPhase(TestCaseExecutor.java:299)&#xD;&#xA;&#x9;at com.kms.katalon.core.main.TestCaseExecutor.execute(TestCaseExecutor.java:233)&#xD;&#xA;&#x9;at com.kms.katalon.core.main.TestCaseMain.runTestCase(TestCaseMain.java:114)&#xD;&#xA;&#x9;at com.kms.katalon.core.keyword.builtin.CallTestCaseKeyword$_callTestCase_closure1.doCall(CallTestCaseKeyword.groovy:59)&#xD;&#xA;&#x9;... 20 more&#xD;&#xA;Caused by: com.kms.katalon.core.webui.exception.WebElementNotFoundException: Web element with id: 'Object Repository/Input/username' located by 'By.xpath: //*[@data-cy = 'login-email']' not found&#xD;&#xA;&#x9;at com.kms.katalon.core.webui.common.WebUiCommonHelper.findWebElement(WebUiCommonHelper.java:1097)&#xD;&#xA;&#x9;at com.kms.katalon.core.webui.keyword.internal.WebUIAbstractKeyword.findWebElement(WebUIAbstractKeyword.groovy:27)&#xD;&#xA;&#x9;at com.kms.katalon.core.webui.keyword.internal.WebUIAbstractKeyword.findWebElement(WebUIAbstractKeyword.groovy:26)&#xD;&#xA;&#x9;at com.kms.katalon.core.webui.keyword.builtin.SendKeysKeyword$_sendKeys_closure1.doCall(SendKeysKeyword.groovy:52)&#xD;&#xA;&#x9;at com.kms.katalon.core.webui.keyword.builtin.SendKeysKeyword$_sendKeys_closure1.call(SendKeysKeyword.groovy)&#xD;&#xA;&#x9;at com.kms.katalon.core.webui.keyword.internal.WebUIKeywordMain.runKeyword(WebUIKeywordMain.groovy:20)&#xD;&#xA;&#x9;... 35 more&#xD;&#xA;"/>
            <system-out>2020-07-23 12:49:03 - [TEST_CASE][FAILED] - Test Cases/Faqbot/disabledFallback_Test: Test Cases/Faqbot/disabledFallback_Test FAILED.
Reason:
com.kms.katalon.core.exception.StepFailedException: Call Test Case 'Test Cases/Generic/successfulLogin_Test' failed&#xD;
	at com.kms.katalon.core.keyword.builtin.CallTestCaseKeyword$_callTestCase_closure1.doCall(CallTestCaseKeyword.groovy:63)&#xD;
	at com.kms.katalon.core.keyword.builtin.CallTestCaseKeyword$_callTestCase_closure1.call(CallTestCaseKeyword.groovy)&#xD;
	at com.kms.katalon.core.keyword.internal.KeywordMain.runKeyword(KeywordMain.groovy:68)&#xD;
	at com.kms.katalon.core.keyword.builtin.CallTestCaseKeyword.callTestCase(CallTestCaseKeyword.groovy:81)&#xD;
	at com.kms.katalon.core.keyword.builtin.CallTestCaseKeyword.execute(CallTestCaseKeyword.groovy:44)&#xD;
	at com.kms.katalon.core.keyword.internal.KeywordExecutor.executeKeywordForPlatform(KeywordExecutor.groovy:56)&#xD;
	at com.kms.katalon.core.keyword.BuiltinKeywords.callTestCase(BuiltinKeywords.groovy:334)&#xD;
	at disabledFallback_Test.run(disabledFallback_Test:17)&#xD;
	at com.kms.katalon.core.main.ScriptEngine.run(ScriptEngine.java:194)&#xD;
	at com.kms.katalon.core.main.ScriptEngine.runScriptAsRawText(ScriptEngine.java:119)&#xD;
	at com.kms.katalon.core.main.TestCaseExecutor.runScript(TestCaseExecutor.java:337)&#xD;
	at com.kms.katalon.core.main.TestCaseExecutor.doExecute(TestCaseExecutor.java:328)&#xD;
	at com.kms.katalon.core.main.TestCaseExecutor.processExecutionPhase(TestCaseExecutor.java:307)&#xD;
	at com.kms.katalon.core.main.TestCaseExecutor.accessMainPhase(TestCaseExecutor.java:299)&#xD;
	at com.kms.katalon.core.main.TestCaseExecutor.execute(TestCaseExecutor.java:233)&#xD;
	at com.kms.katalon.core.main.TestSuiteExecutor.accessTestCaseMainPhase(TestSuiteExecutor.java:169)&#xD;
	at com.kms.katalon.core.main.TestSuiteExecutor.accessTestSuiteMainPhase(TestSuiteExecutor.java:142)&#xD;
	at com.kms.katalon.core.main.TestSuiteExecutor.execute(TestSuiteExecutor.java:91)&#xD;
	at com.kms.katalon.core.main.TestCaseMain.startTestSuite(TestCaseMain.java:157)&#xD;
	at com.kms.katalon.core.main.TestCaseMain$startTestSuite$0.call(Unknown Source)&#xD;
	at TempTestSuite1595486393596.run(TempTestSuite1595486393596.groovy:35)&#xD;
Caused by: com.kms.katalon.core.exception.StepFailedException: Unable to send keys 'narendra.n@imimobile.com' to object 'Object Repository/Input/username'&#xD;
	at com.kms.katalon.core.webui.keyword.internal.WebUIKeywordMain.stepFailed(WebUIKeywordMain.groovy:64)&#xD;
	at com.kms.katalon.core.webui.keyword.internal.WebUIKeywordMain.runKeyword(WebUIKeywordMain.groovy:26)&#xD;
	at com.kms.katalon.core.webui.keyword.builtin.SendKeysKeyword.sendKeys(SendKeysKeyword.groovy:60)&#xD;
	at com.kms.katalon.core.webui.keyword.builtin.SendKeysKeyword.execute(SendKeysKeyword.groovy:38)&#xD;
	at com.kms.katalon.core.keyword.internal.KeywordExecutor.executeKeywordForPlatform(KeywordExecutor.groovy:56)&#xD;
	at com.kms.katalon.core.webui.keyword.WebUiBuiltInKeywords.sendKeys(WebUiBuiltInKeywords.groovy:834)&#xD;
	at com.kms.katalon.core.webui.keyword.WebUiBuiltInKeywords$sendKeys$1.call(Unknown Source)&#xD;
	at successfulLogin_Test.run(successfulLogin_Test:16)&#xD;
	at com.kms.katalon.core.main.ScriptEngine.run(ScriptEngine.java:194)&#xD;
	at com.kms.katalon.core.main.ScriptEngine.runScriptAsRawText(ScriptEngine.java:119)&#xD;
	at com.kms.katalon.core.main.TestCaseExecutor.runScript(TestCaseExecutor.java:337)&#xD;
	at com.kms.katalon.core.main.TestCaseExecutor.doExecute(TestCaseExecutor.java:328)&#xD;
	at com.kms.katalon.core.main.TestCaseExecutor.processExecutionPhase(TestCaseExecutor.java:307)&#xD;
	at com.kms.katalon.core.main.TestCaseExecutor.accessMainPhase(TestCaseExecutor.java:299)&#xD;
	at com.kms.katalon.core.main.TestCaseExecutor.execute(TestCaseExecutor.java:233)&#xD;
	at com.kms.katalon.core.main.TestCaseMain.runTestCase(TestCaseMain.java:114)&#xD;
	at com.kms.katalon.core.keyword.builtin.CallTestCaseKeyword$_callTestCase_closure1.doCall(CallTestCaseKeyword.groovy:59)&#xD;
	... 20 more&#xD;
Caused by: com.kms.katalon.core.webui.exception.WebElementNotFoundException: Web element with id: 'Object Repository/Input/username' located by 'By.xpath: //*[@data-cy = 'login-email']' not found&#xD;
	at com.kms.katalon.core.webui.common.WebUiCommonHelper.findWebElement(WebUiCommonHelper.java:1097)&#xD;
	at com.kms.katalon.core.webui.keyword.internal.WebUIAbstractKeyword.findWebElement(WebUIAbstractKeyword.groovy:27)&#xD;
	at com.kms.katalon.core.webui.keyword.internal.WebUIAbstractKeyword.findWebElement(WebUIAbstractKeyword.groovy:26)&#xD;
	at com.kms.katalon.core.webui.keyword.builtin.SendKeysKeyword$_sendKeys_closure1.doCall(SendKeysKeyword.groovy:52)&#xD;
	at com.kms.katalon.core.webui.keyword.builtin.SendKeysKeyword$_sendKeys_closure1.call(SendKeysKeyword.groovy)&#xD;
	at com.kms.katalon.core.webui.keyword.internal.WebUIKeywordMain.runKeyword(WebUIKeywordMain.groovy:20)&#xD;
	... 35 more&#xD;
&#xD;
&#xD;
2020-07-23 12:49:03 - [TEST_STEP][PASSED] - Start listener action : setUp: Current window maximized&#xD;
&#xD;
2020-07-23 12:49:03 - [TEST_STEP][PASSED] - openBrowser(URL): Browser is opened with url: 'preprod.imibot.ai'&#xD;
&#xD;
2020-07-23 12:49:03 - [MESSAGE][WARNING] - A browser is already opened. Closing browser and opening a new one&#xD;
&#xD;
2020-07-23 12:49:05 - [MESSAGE][INFO] - Starting 'Edge' driver&#xD;
&#xD;
2020-07-23 12:49:16 - [MESSAGE][PASSED] - Browser is opened with url: 'preprod.imibot.ai'&#xD;
&#xD;
2020-07-23 12:49:16 - [TEST_STEP][PASSED] - maximizeWindow(): Current window maximized&#xD;
&#xD;
2020-07-23 12:49:18 - [MESSAGE][PASSED] - Current window maximized&#xD;
&#xD;
2020-07-23 12:49:18 - [TEST_STEP][FAILED] - callTestCase(findTestCase("Generic/successfulLogin_Test"), [:], STOP_ON_FAILURE): Unable to call Test Case 'Test Cases/Generic/successfulLogin_Test' (Root cause: com.kms.katalon.core.exception.StepFailedException: Call Test Case 'Test Cases/Generic/successfulLogin_Test' failed&#xD;
	at com.kms.katalon.core.keyword.builtin.CallTestCaseKeyword$_callTestCase_closure1.doCall(CallTestCaseKeyword.groovy:63)&#xD;
	at com.kms.katalon.core.keyword.builtin.CallTestCaseKeyword$_callTestCase_closure1.call(CallTestCaseKeyword.groovy)&#xD;
	at com.kms.katalon.core.keyword.internal.KeywordMain.runKeyword(KeywordMain.groovy:68)&#xD;
	at com.kms.katalon.core.keyword.builtin.CallTestCaseKeyword.callTestCase(CallTestCaseKeyword.groovy:81)&#xD;
	at com.kms.katalon.core.keyword.builtin.CallTestCaseKeyword.execute(CallTestCaseKeyword.groovy:44)&#xD;
	at com.kms.katalon.core.keyword.internal.KeywordExecutor.executeKeywordForPlatform(KeywordExecutor.groovy:56)&#xD;
	at com.kms.katalon.core.keyword.BuiltinKeywords.callTestCase(BuiltinKeywords.groovy:334)&#xD;
	at disabledFallback_Test.run(disabledFallback_Test:17)&#xD;
	at com.kms.katalon.core.main.ScriptEngine.run(ScriptEngine.java:194)&#xD;
	at com.kms.katalon.core.main.ScriptEngine.runScriptAsRawText(ScriptEngine.java:119)&#xD;
	at com.kms.katalon.core.main.TestCaseExecutor.runScript(TestCaseExecutor.java:337)&#xD;
	at com.kms.katalon.core.main.TestCaseExecutor.doExecute(TestCaseExecutor.java:328)&#xD;
	at com.kms.katalon.core.main.TestCaseExecutor.processExecutionPhase(TestCaseExecutor.java:307)&#xD;
	at com.kms.katalon.core.main.TestCaseExecutor.accessMainPhase(TestCaseExecutor.java:299)&#xD;
	at com.kms.katalon.core.main.TestCaseExecutor.execute(TestCaseExecutor.java:233)&#xD;
	at com.kms.katalon.core.main.TestSuiteExecutor.accessTestCaseMainPhase(TestSuiteExecutor.java:169)&#xD;
	at com.kms.katalon.core.main.TestSuiteExecutor.accessTestSuiteMainPhase(TestSuiteExecutor.java:142)&#xD;
	at com.kms.katalon.core.main.TestSuiteExecutor.execute(TestSuiteExecutor.java:91)&#xD;
	at com.kms.katalon.core.main.TestCaseMain.startTestSuite(TestCaseMain.java:157)&#xD;
	at com.kms.katalon.core.main.TestCaseMain$startTestSuite$0.call(Unknown Source)&#xD;
	at TempTestSuite1595486393596.run(TempTestSuite1595486393596.groovy:35)&#xD;
Caused by: com.kms.katalon.core.exception.StepFailedException: Unable to send keys 'narendra.n@imimobile.com' to object 'Object Repository/Input/username'&#xD;
	at com.kms.katalon.core.webui.keyword.internal.WebUIKeywordMain.stepFailed(WebUIKeywordMain.groovy:64)&#xD;
	at com.kms.katalon.core.webui.keyword.internal.WebUIKeywordMain.runKeyword(WebUIKeywordMain.groovy:26)&#xD;
	at com.kms.katalon.core.webui.keyword.builtin.SendKeysKeyword.sendKeys(SendKeysKeyword.groovy:60)&#xD;
	at com.kms.katalon.core.webui.keyword.builtin.SendKeysKeyword.execute(SendKeysKeyword.groovy:38)&#xD;
	at com.kms.katalon.core.keyword.internal.KeywordExecutor.executeKeywordForPlatform(KeywordExecutor.groovy:56)&#xD;
	at com.kms.katalon.core.webui.keyword.WebUiBuiltInKeywords.sendKeys(WebUiBuiltInKeywords.groovy:834)&#xD;
	at com.kms.katalon.core.webui.keyword.WebUiBuiltInKeywords$sendKeys$1.call(Unknown Source)&#xD;
	at successfulLogin_Test.run(successfulLogin_Test:16)&#xD;
	at com.kms.katalon.core.main.ScriptEngine.run(ScriptEngine.java:194)&#xD;
	at com.kms.katalon.core.main.ScriptEngine.runScriptAsRawText(ScriptEngine.java:119)&#xD;
	at com.kms.katalon.core.main.TestCaseExecutor.runScript(TestCaseExecutor.java:337)&#xD;
	at com.kms.katalon.core.main.TestCaseExecutor.doExecute(TestCaseExecutor.java:328)&#xD;
	at com.kms.katalon.core.main.TestCaseExecutor.processExecutionPhase(TestCaseExecutor.java:307)&#xD;
	at com.kms.katalon.core.main.TestCaseExecutor.accessMainPhase(TestCaseExecutor.java:299)&#xD;
	at com.kms.katalon.core.main.TestCaseExecutor.execute(TestCaseExecutor.java:233)&#xD;
	at com.kms.katalon.core.main.TestCaseMain.runTestCase(TestCaseMain.java:114)&#xD;
	at com.kms.katalon.core.keyword.builtin.CallTestCaseKeyword$_callTestCase_closure1.doCall(CallTestCaseKeyword.groovy:59)&#xD;
	... 20 more&#xD;
Caused by: com.kms.katalon.core.webui.exception.WebElementNotFoundException: Web element with id: 'Object Repository/Input/username' located by 'By.xpath: //*[@data-cy = 'login-email']' not found&#xD;
	at com.kms.katalon.core.webui.common.WebUiCommonHelper.findWebElement(WebUiCommonHelper.java:1097)&#xD;
	at com.kms.katalon.core.webui.keyword.internal.WebUIAbstractKeyword.findWebElement(WebUIAbstractKeyword.groovy:27)&#xD;
	at com.kms.katalon.core.webui.keyword.internal.WebUIAbstractKeyword.findWebElement(WebUIAbstractKeyword.groovy:26)&#xD;
	at com.kms.katalon.core.webui.keyword.builtin.SendKeysKeyword$_sendKeys_closure1.doCall(SendKeysKeyword.groovy:52)&#xD;
	at com.kms.katalon.core.webui.keyword.builtin.SendKeysKeyword$_sendKeys_closure1.call(SendKeysKeyword.groovy)&#xD;
	at com.kms.katalon.core.webui.keyword.internal.WebUIKeywordMain.runKeyword(WebUIKeywordMain.groovy:20)&#xD;
	... 35 more&#xD;
)&#xD;
&#xD;
2020-07-23 12:49:18 - [TEST_CASE][FAILED] - Test Cases/Generic/successfulLogin_Test: Test Cases/Generic/successfulLogin_Test FAILED.
Reason:
com.kms.katalon.core.exception.StepFailedException: Unable to send keys 'narendra.n@imimobile.com' to object 'Object Repository/Input/username'&#xD;
	at com.kms.katalon.core.webui.keyword.internal.WebUIKeywordMain.stepFailed(WebUIKeywordMain.groovy:64)&#xD;
	at com.kms.katalon.core.webui.keyword.internal.WebUIKeywordMain.runKeyword(WebUIKeywordMain.groovy:26)&#xD;
	at com.kms.katalon.core.webui.keyword.builtin.SendKeysKeyword.sendKeys(SendKeysKeyword.groovy:60)&#xD;
	at com.kms.katalon.core.webui.keyword.builtin.SendKeysKeyword.execute(SendKeysKeyword.groovy:38)&#xD;
	at com.kms.katalon.core.keyword.internal.KeywordExecutor.executeKeywordForPlatform(KeywordExecutor.groovy:56)&#xD;
	at com.kms.katalon.core.webui.keyword.WebUiBuiltInKeywords.sendKeys(WebUiBuiltInKeywords.groovy:834)&#xD;
	at com.kms.katalon.core.webui.keyword.WebUiBuiltInKeywords$sendKeys$1.call(Unknown Source)&#xD;
	at successfulLogin_Test.run(successfulLogin_Test:16)&#xD;
	at com.kms.katalon.core.main.ScriptEngine.run(ScriptEngine.java:194)&#xD;
	at com.kms.katalon.core.main.ScriptEngine.runScriptAsRawText(ScriptEngine.java:119)&#xD;
	at com.kms.katalon.core.main.TestCaseExecutor.runScript(TestCaseExecutor.java:337)&#xD;
	at com.kms.katalon.core.main.TestCaseExecutor.doExecute(TestCaseExecutor.java:328)&#xD;
	at com.kms.katalon.core.main.TestCaseExecutor.processExecutionPhase(TestCaseExecutor.java:307)&#xD;
	at com.kms.katalon.core.main.TestCaseExecutor.accessMainPhase(TestCaseExecutor.java:299)&#xD;
	at com.kms.katalon.core.main.TestCaseExecutor.execute(TestCaseExecutor.java:233)&#xD;
	at com.kms.katalon.core.main.TestCaseMain.runTestCase(TestCaseMain.java:114)&#xD;
	at com.kms.katalon.core.keyword.builtin.CallTestCaseKeyword$_callTestCase_closure1.doCall(CallTestCaseKeyword.groovy:59)&#xD;
	at com.kms.katalon.core.keyword.builtin.CallTestCaseKeyword$_callTestCase_closure1.call(CallTestCaseKeyword.groovy)&#xD;
	at com.kms.katalon.core.keyword.internal.KeywordMain.runKeyword(KeywordMain.groovy:68)&#xD;
	at com.kms.katalon.core.keyword.builtin.CallTestCaseKeyword.callTestCase(CallTestCaseKeyword.groovy:81)&#xD;
	at com.kms.katalon.core.keyword.builtin.CallTestCaseKeyword.execute(CallTestCaseKeyword.groovy:44)&#xD;
	at com.kms.katalon.core.keyword.internal.KeywordExecutor.executeKeywordForPlatform(KeywordExecutor.groovy:56)&#xD;
	at com.kms.katalon.core.keyword.BuiltinKeywords.callTestCase(BuiltinKeywords.groovy:334)&#xD;
	at disabledFallback_Test.run(disabledFallback_Test:17)&#xD;
	at com.kms.katalon.core.main.ScriptEngine.run(ScriptEngine.java:194)&#xD;
	at com.kms.katalon.core.main.ScriptEngine.runScriptAsRawText(ScriptEngine.java:119)&#xD;
	at com.kms.katalon.core.main.TestCaseExecutor.runScript(TestCaseExecutor.java:337)&#xD;
	at com.kms.katalon.core.main.TestCaseExecutor.doExecute(TestCaseExecutor.java:328)&#xD;
	at com.kms.katalon.core.main.TestCaseExecutor.processExecutionPhase(TestCaseExecutor.java:307)&#xD;
	at com.kms.katalon.core.main.TestCaseExecutor.accessMainPhase(TestCaseExecutor.java:299)&#xD;
	at com.kms.katalon.core.main.TestCaseExecutor.execute(TestCaseExecutor.java:233)&#xD;
	at com.kms.katalon.core.main.TestSuiteExecutor.accessTestCaseMainPhase(TestSuiteExecutor.java:169)&#xD;
	at com.kms.katalon.core.main.TestSuiteExecutor.accessTestSuiteMainPhase(TestSuiteExecutor.java:142)&#xD;
	at com.kms.katalon.core.main.TestSuiteExecutor.execute(TestSuiteExecutor.java:91)&#xD;
	at com.kms.katalon.core.main.TestCaseMain.startTestSuite(TestCaseMain.java:157)&#xD;
	at com.kms.katalon.core.main.TestCaseMain$startTestSuite$0.call(Unknown Source)&#xD;
	at TempTestSuite1595486393596.run(TempTestSuite1595486393596.groovy:35)&#xD;
Caused by: com.kms.katalon.core.webui.exception.WebElementNotFoundException: Web element with id: 'Object Repository/Input/username' located by 'By.xpath: //*[@data-cy = 'login-email']' not found&#xD;
	at com.kms.katalon.core.webui.common.WebUiCommonHelper.findWebElement(WebUiCommonHelper.java:1097)&#xD;
	at com.kms.katalon.core.webui.keyword.internal.WebUIAbstractKeyword.findWebElement(WebUIAbstractKeyword.groovy:27)&#xD;
	at com.kms.katalon.core.webui.keyword.internal.WebUIAbstractKeyword.findWebElement(WebUIAbstractKeyword.groovy:26)&#xD;
	at com.kms.katalon.core.webui.keyword.builtin.SendKeysKeyword$_sendKeys_closure1.doCall(SendKeysKeyword.groovy:52)&#xD;
	at com.kms.katalon.core.webui.keyword.builtin.SendKeysKeyword$_sendKeys_closure1.call(SendKeysKeyword.groovy)&#xD;
	at com.kms.katalon.core.webui.keyword.internal.WebUIKeywordMain.runKeyword(WebUIKeywordMain.groovy:20)&#xD;
	... 35 more&#xD;
&#xD;
&#xD;
2020-07-23 12:49:18 - [TEST_STEP][FAILED] - sendKeys(findTestObject("Input/username"), username): Unable to send keys 'narendra.n@imimobile.com' to object 'Object Repository/Input/username' (Root cause: com.kms.katalon.core.exception.StepFailedException: Unable to send keys 'narendra.n@imimobile.com' to object 'Object Repository/Input/username'&#xD;
	at com.kms.katalon.core.webui.keyword.internal.WebUIKeywordMain.stepFailed(WebUIKeywordMain.groovy:64)&#xD;
	at com.kms.katalon.core.webui.keyword.internal.WebUIKeywordMain.runKeyword(WebUIKeywordMain.groovy:26)&#xD;
	at com.kms.katalon.core.webui.keyword.builtin.SendKeysKeyword.sendKeys(SendKeysKeyword.groovy:60)&#xD;
	at com.kms.katalon.core.webui.keyword.builtin.SendKeysKeyword.execute(SendKeysKeyword.groovy:38)&#xD;
	at com.kms.katalon.core.keyword.internal.KeywordExecutor.executeKeywordForPlatform(KeywordExecutor.groovy:56)&#xD;
	at com.kms.katalon.core.webui.keyword.WebUiBuiltInKeywords.sendKeys(WebUiBuiltInKeywords.groovy:834)&#xD;
	at com.kms.katalon.core.webui.keyword.WebUiBuiltInKeywords$sendKeys$1.call(Unknown Source)&#xD;
	at successfulLogin_Test.run(successfulLogin_Test:16)&#xD;
	at com.kms.katalon.core.main.ScriptEngine.run(ScriptEngine.java:194)&#xD;
	at com.kms.katalon.core.main.ScriptEngine.runScriptAsRawText(ScriptEngine.java:119)&#xD;
	at com.kms.katalon.core.main.TestCaseExecutor.runScript(TestCaseExecutor.java:337)&#xD;
	at com.kms.katalon.core.main.TestCaseExecutor.doExecute(TestCaseExecutor.java:328)&#xD;
	at com.kms.katalon.core.main.TestCaseExecutor.processExecutionPhase(TestCaseExecutor.java:307)&#xD;
	at com.kms.katalon.core.main.TestCaseExecutor.accessMainPhase(TestCaseExecutor.java:299)&#xD;
	at com.kms.katalon.core.main.TestCaseExecutor.execute(TestCaseExecutor.java:233)&#xD;
	at com.kms.katalon.core.main.TestCaseMain.runTestCase(TestCaseMain.java:114)&#xD;
	at com.kms.katalon.core.keyword.builtin.CallTestCaseKeyword$_callTestCase_closure1.doCall(CallTestCaseKeyword.groovy:59)&#xD;
	at com.kms.katalon.core.keyword.builtin.CallTestCaseKeyword$_callTestCase_closure1.call(CallTestCaseKeyword.groovy)&#xD;
	at com.kms.katalon.core.keyword.internal.KeywordMain.runKeyword(KeywordMain.groovy:68)&#xD;
	at com.kms.katalon.core.keyword.builtin.CallTestCaseKeyword.callTestCase(CallTestCaseKeyword.groovy:81)&#xD;
	at com.kms.katalon.core.keyword.builtin.CallTestCaseKeyword.execute(CallTestCaseKeyword.groovy:44)&#xD;
	at com.kms.katalon.core.keyword.internal.KeywordExecutor.executeKeywordForPlatform(KeywordExecutor.groovy:56)&#xD;
	at com.kms.katalon.core.keyword.BuiltinKeywords.callTestCase(BuiltinKeywords.groovy:334)&#xD;
	at disabledFallback_Test.run(disabledFallback_Test:17)&#xD;
	at com.kms.katalon.core.main.ScriptEngine.run(ScriptEngine.java:194)&#xD;
	at com.kms.katalon.core.main.ScriptEngine.runScriptAsRawText(ScriptEngine.java:119)&#xD;
	at com.kms.katalon.core.main.TestCaseExecutor.runScript(TestCaseExecutor.java:337)&#xD;
	at com.kms.katalon.core.main.TestCaseExecutor.doExecute(TestCaseExecutor.java:328)&#xD;
	at com.kms.katalon.core.main.TestCaseExecutor.processExecutionPhase(TestCaseExecutor.java:307)&#xD;
	at com.kms.katalon.core.main.TestCaseExecutor.accessMainPhase(TestCaseExecutor.java:299)&#xD;
	at com.kms.katalon.core.main.TestCaseExecutor.execute(TestCaseExecutor.java:233)&#xD;
	at com.kms.katalon.core.main.TestSuiteExecutor.accessTestCaseMainPhase(TestSuiteExecutor.java:169)&#xD;
	at com.kms.katalon.core.main.TestSuiteExecutor.accessTestSuiteMainPhase(TestSuiteExecutor.java:142)&#xD;
	at com.kms.katalon.core.main.TestSuiteExecutor.execute(TestSuiteExecutor.java:91)&#xD;
	at com.kms.katalon.core.main.TestCaseMain.startTestSuite(TestCaseMain.java:157)&#xD;
	at com.kms.katalon.core.main.TestCaseMain$startTestSuite$0.call(Unknown Source)&#xD;
	at TempTestSuite1595486393596.run(TempTestSuite1595486393596.groovy:35)&#xD;
Caused by: com.kms.katalon.core.webui.exception.WebElementNotFoundException: Web element with id: 'Object Repository/Input/username' located by 'By.xpath: //*[@data-cy = 'login-email']' not found&#xD;
	at com.kms.katalon.core.webui.common.WebUiCommonHelper.findWebElement(WebUiCommonHelper.java:1097)&#xD;
	at com.kms.katalon.core.webui.keyword.internal.WebUIAbstractKeyword.findWebElement(WebUIAbstractKeyword.groovy:27)&#xD;
	at com.kms.katalon.core.webui.keyword.internal.WebUIAbstractKeyword.findWebElement(WebUIAbstractKeyword.groovy:26)&#xD;
	at com.kms.katalon.core.webui.keyword.builtin.SendKeysKeyword$_sendKeys_closure1.doCall(SendKeysKeyword.groovy:52)&#xD;
	at com.kms.katalon.core.webui.keyword.builtin.SendKeysKeyword$_sendKeys_closure1.call(SendKeysKeyword.groovy)&#xD;
	at com.kms.katalon.core.webui.keyword.internal.WebUIKeywordMain.runKeyword(WebUIKeywordMain.groovy:20)&#xD;
	at com.kms.katalon.core.webui.keyword.builtin.SendKeysKeyword.sendKeys(SendKeysKeyword.groovy:60)&#xD;
	at com.kms.katalon.core.webui.keyword.builtin.SendKeysKeyword.execute(SendKeysKeyword.groovy:38)&#xD;
	at com.kms.katalon.core.keyword.internal.KeywordExecutor.executeKeywordForPlatform(KeywordExecutor.groovy:56)&#xD;
	at com.kms.katalon.core.webui.keyword.WebUiBuiltInKeywords.sendKeys(WebUiBuiltInKeywords.groovy:834)&#xD;
	at com.kms.katalon.core.webui.keyword.WebUiBuiltInKeywords$sendKeys$1.call(Unknown Source)&#xD;
	at Script1588401831350.run(Script1588401831350.groovy:16)&#xD;
	at com.kms.katalon.core.main.ScriptEngine.run(ScriptEngine.java:194)&#xD;
	at com.kms.katalon.core.main.ScriptEngine.runScriptAsRawText(ScriptEngine.java:119)&#xD;
	at com.kms.katalon.core.main.TestCaseExecutor.runScript(TestCaseExecutor.java:337)&#xD;
	at com.kms.katalon.core.main.TestCaseExecutor.doExecute(TestCaseExecutor.java:328)&#xD;
	at com.kms.katalon.core.main.TestCaseExecutor.processExecutionPhase(TestCaseExecutor.java:307)&#xD;
	at com.kms.katalon.core.main.TestCaseExecutor.accessMainPhase(TestCaseExecutor.java:299)&#xD;
	at com.kms.katalon.core.main.TestCaseExecutor.execute(TestCaseExecutor.java:233)&#xD;
	at com.kms.katalon.core.main.TestCaseMain.runTestCase(TestCaseMain.java:114)&#xD;
	at com.kms.katalon.core.keyword.builtin.CallTestCaseKeyword$_callTestCase_closure1.doCall(CallTestCaseKeyword.groovy:59)&#xD;
	at com.kms.katalon.core.keyword.builtin.CallTestCaseKeyword$_callTestCase_closure1.call(CallTestCaseKeyword.groovy)&#xD;
	at com.kms.katalon.core.keyword.internal.KeywordMain.runKeyword(KeywordMain.groovy:68)&#xD;
	at com.kms.katalon.core.keyword.builtin.CallTestCaseKeyword.callTestCase(CallTestCaseKeyword.groovy:81)&#xD;
	at com.kms.katalon.core.keyword.builtin.CallTestCaseKeyword.execute(CallTestCaseKeyword.groovy:44)&#xD;
	at com.kms.katalon.core.keyword.internal.KeywordExecutor.executeKeywordForPlatform(KeywordExecutor.groovy:56)&#xD;
	at com.kms.katalon.core.keyword.BuiltinKeywords.callTestCase(BuiltinKeywords.groovy:334)&#xD;
	at Script1591252652039.run(Script1591252652039.groovy:17)&#xD;
	... 13 more&#xD;
)&#xD;
&#xD;
2020-07-23 12:49:29 - [MESSAGE][INFO] - Unable to find the element located by 'By.xpath: //*[@data-cy = 'login-email']'. Please recheck the objects properties to make sure the desired element is located. &#xD;
&#xD;
2020-07-23 12:49:31 - [MESSAGE][FAILED] - Unable to send keys 'narendra.n@imimobile.com' to object 'Object Repository/Input/username' (Root cause: com.kms.katalon.core.exception.StepFailedException: Unable to send keys 'narendra.n@imimobile.com' to object 'Object Repository/Input/username'&#xD;
	at com.kms.katalon.core.webui.keyword.internal.WebUIKeywordMain.stepFailed(WebUIKeywordMain.groovy:64)&#xD;
	at com.kms.katalon.core.webui.keyword.internal.WebUIKeywordMain.runKeyword(WebUIKeywordMain.groovy:26)&#xD;
	at com.kms.katalon.core.webui.keyword.builtin.SendKeysKeyword.sendKeys(SendKeysKeyword.groovy:60)&#xD;
	at com.kms.katalon.core.webui.keyword.builtin.SendKeysKeyword.execute(SendKeysKeyword.groovy:38)&#xD;
	at com.kms.katalon.core.keyword.internal.KeywordExecutor.executeKeywordForPlatform(KeywordExecutor.groovy:56)&#xD;
	at com.kms.katalon.core.webui.keyword.WebUiBuiltInKeywords.sendKeys(WebUiBuiltInKeywords.groovy:834)&#xD;
	at com.kms.katalon.core.webui.keyword.WebUiBuiltInKeywords$sendKeys$1.call(Unknown Source)&#xD;
	at successfulLogin_Test.run(successfulLogin_Test:16)&#xD;
	at com.kms.katalon.core.main.ScriptEngine.run(ScriptEngine.java:194)&#xD;
	at com.kms.katalon.core.main.ScriptEngine.runScriptAsRawText(ScriptEngine.java:119)&#xD;
	at com.kms.katalon.core.main.TestCaseExecutor.runScript(TestCaseExecutor.java:337)&#xD;
	at com.kms.katalon.core.main.TestCaseExecutor.doExecute(TestCaseExecutor.java:328)&#xD;
	at com.kms.katalon.core.main.TestCaseExecutor.processExecutionPhase(TestCaseExecutor.java:307)&#xD;
	at com.kms.katalon.core.main.TestCaseExecutor.accessMainPhase(TestCaseExecutor.java:299)&#xD;
	at com.kms.katalon.core.main.TestCaseExecutor.execute(TestCaseExecutor.java:233)&#xD;
	at com.kms.katalon.core.main.TestCaseMain.runTestCase(TestCaseMain.java:114)&#xD;
	at com.kms.katalon.core.keyword.builtin.CallTestCaseKeyword$_callTestCase_closure1.doCall(CallTestCaseKeyword.groovy:59)&#xD;
	at com.kms.katalon.core.keyword.builtin.CallTestCaseKeyword$_callTestCase_closure1.call(CallTestCaseKeyword.groovy)&#xD;
	at com.kms.katalon.core.keyword.internal.KeywordMain.runKeyword(KeywordMain.groovy:68)&#xD;
	at com.kms.katalon.core.keyword.builtin.CallTestCaseKeyword.callTestCase(CallTestCaseKeyword.groovy:81)&#xD;
	at com.kms.katalon.core.keyword.builtin.CallTestCaseKeyword.execute(CallTestCaseKeyword.groovy:44)&#xD;
	at com.kms.katalon.core.keyword.internal.KeywordExecutor.executeKeywordForPlatform(KeywordExecutor.groovy:56)&#xD;
	at com.kms.katalon.core.keyword.BuiltinKeywords.callTestCase(BuiltinKeywords.groovy:334)&#xD;
	at disabledFallback_Test.run(disabledFallback_Test:17)&#xD;
	at com.kms.katalon.core.main.ScriptEngine.run(ScriptEngine.java:194)&#xD;
	at com.kms.katalon.core.main.ScriptEngine.runScriptAsRawText(ScriptEngine.java:119)&#xD;
	at com.kms.katalon.core.main.TestCaseExecutor.runScript(TestCaseExecutor.java:337)&#xD;
	at com.kms.katalon.core.main.TestCaseExecutor.doExecute(TestCaseExecutor.java:328)&#xD;
	at com.kms.katalon.core.main.TestCaseExecutor.processExecutionPhase(TestCaseExecutor.java:307)&#xD;
	at com.kms.katalon.core.main.TestCaseExecutor.accessMainPhase(TestCaseExecutor.java:299)&#xD;
	at com.kms.katalon.core.main.TestCaseExecutor.execute(TestCaseExecutor.java:233)&#xD;
	at com.kms.katalon.core.main.TestSuiteExecutor.accessTestCaseMainPhase(TestSuiteExecutor.java:169)&#xD;
	at com.kms.katalon.core.main.TestSuiteExecutor.accessTestSuiteMainPhase(TestSuiteExecutor.java:142)&#xD;
	at com.kms.katalon.core.main.TestSuiteExecutor.execute(TestSuiteExecutor.java:91)&#xD;
	at com.kms.katalon.core.main.TestCaseMain.startTestSuite(TestCaseMain.java:157)&#xD;
	at com.kms.katalon.core.main.TestCaseMain$startTestSuite$0.call(Unknown Source)&#xD;
	at TempTestSuite1595486393596.run(TempTestSuite1595486393596.groovy:35)&#xD;
Caused by: com.kms.katalon.core.webui.exception.WebElementNotFoundException: Web element with id: 'Object Repository/Input/username' located by 'By.xpath: //*[@data-cy = 'login-email']' not found&#xD;
	at com.kms.katalon.core.webui.common.WebUiCommonHelper.findWebElement(WebUiCommonHelper.java:1097)&#xD;
	at com.kms.katalon.core.webui.keyword.internal.WebUIAbstractKeyword.findWebElement(WebUIAbstractKeyword.groovy:27)&#xD;
	at com.kms.katalon.core.webui.keyword.internal.WebUIAbstractKeyword.findWebElement(WebUIAbstractKeyword.groovy:26)&#xD;
	at com.kms.katalon.core.webui.keyword.builtin.SendKeysKeyword$_sendKeys_closure1.doCall(SendKeysKeyword.groovy:52)&#xD;
	at com.kms.katalon.core.webui.keyword.builtin.SendKeysKeyword$_sendKeys_closure1.call(SendKeysKeyword.groovy)&#xD;
	at com.kms.katalon.core.webui.keyword.internal.WebUIKeywordMain.runKeyword(WebUIKeywordMain.groovy:20)&#xD;
	at com.kms.katalon.core.webui.keyword.builtin.SendKeysKeyword.sendKeys(SendKeysKeyword.groovy:60)&#xD;
	at com.kms.katalon.core.webui.keyword.builtin.SendKeysKeyword.execute(SendKeysKeyword.groovy:38)&#xD;
	at com.kms.katalon.core.keyword.internal.KeywordExecutor.executeKeywordForPlatform(KeywordExecutor.groovy:56)&#xD;
	at com.kms.katalon.core.webui.keyword.WebUiBuiltInKeywords.sendKeys(WebUiBuiltInKeywords.groovy:834)&#xD;
	at com.kms.katalon.core.webui.keyword.WebUiBuiltInKeywords$sendKeys$1.call(Unknown Source)&#xD;
	at Script1588401831350.run(Script1588401831350.groovy:16)&#xD;
	at com.kms.katalon.core.main.ScriptEngine.run(ScriptEngine.java:194)&#xD;
	at com.kms.katalon.core.main.ScriptEngine.runScriptAsRawText(ScriptEngine.java:119)&#xD;
	at com.kms.katalon.core.main.TestCaseExecutor.runScript(TestCaseExecutor.java:337)&#xD;
	at com.kms.katalon.core.main.TestCaseExecutor.doExecute(TestCaseExecutor.java:328)&#xD;
	at com.kms.katalon.core.main.TestCaseExecutor.processExecutionPhase(TestCaseExecutor.java:307)&#xD;
	at com.kms.katalon.core.main.TestCaseExecutor.accessMainPhase(TestCaseExecutor.java:299)&#xD;
	at com.kms.katalon.core.main.TestCaseExecutor.execute(TestCaseExecutor.java:233)&#xD;
	at com.kms.katalon.core.main.TestCaseMain.runTestCase(TestCaseMain.java:114)&#xD;
	at com.kms.katalon.core.keyword.builtin.CallTestCaseKeyword$_callTestCase_closure1.doCall(CallTestCaseKeyword.groovy:59)&#xD;
	at com.kms.katalon.core.keyword.builtin.CallTestCaseKeyword$_callTestCase_closure1.call(CallTestCaseKeyword.groovy)&#xD;
	at com.kms.katalon.core.keyword.internal.KeywordMain.runKeyword(KeywordMain.groovy:68)&#xD;
	at com.kms.katalon.core.keyword.builtin.CallTestCaseKeyword.callTestCase(CallTestCaseKeyword.groovy:81)&#xD;
	at com.kms.katalon.core.keyword.builtin.CallTestCaseKeyword.execute(CallTestCaseKeyword.groovy:44)&#xD;
	at com.kms.katalon.core.keyword.internal.KeywordExecutor.executeKeywordForPlatform(KeywordExecutor.groovy:56)&#xD;
	at com.kms.katalon.core.keyword.BuiltinKeywords.callTestCase(BuiltinKeywords.groovy:334)&#xD;
	at Script1591252652039.run(Script1591252652039.groovy:17)&#xD;
	... 13 more&#xD;
)&#xD;
[[ATTACHMENT|D:\\IMIbot.ai-Project\\Reports\\20200723_120951\\faqSuiteE2E\\20200723_120953\\1595488769705.png]]&#xD;
&#xD;
2020-07-23 12:49:31 - [MESSAGE][FAILED] - Unable to call Test Case 'Test Cases/Generic/successfulLogin_Test' (Root cause: com.kms.katalon.core.exception.StepFailedException: Call Test Case 'Test Cases/Generic/successfulLogin_Test' failed&#xD;
	at com.kms.katalon.core.keyword.builtin.CallTestCaseKeyword$_callTestCase_closure1.doCall(CallTestCaseKeyword.groovy:63)&#xD;
	at com.kms.katalon.core.keyword.builtin.CallTestCaseKeyword$_callTestCase_closure1.call(CallTestCaseKeyword.groovy)&#xD;
	at com.kms.katalon.core.keyword.internal.KeywordMain.runKeyword(KeywordMain.groovy:68)&#xD;
	at com.kms.katalon.core.keyword.builtin.CallTestCaseKeyword.callTestCase(CallTestCaseKeyword.groovy:81)&#xD;
	at com.kms.katalon.core.keyword.builtin.CallTestCaseKeyword.execute(CallTestCaseKeyword.groovy:44)&#xD;
	at com.kms.katalon.core.keyword.internal.KeywordExecutor.executeKeywordForPlatform(KeywordExecutor.groovy:56)&#xD;
	at com.kms.katalon.core.keyword.BuiltinKeywords.callTestCase(BuiltinKeywords.groovy:334)&#xD;
	at disabledFallback_Test.run(disabledFallback_Test:17)&#xD;
	at com.kms.katalon.core.main.ScriptEngine.run(ScriptEngine.java:194)&#xD;
	at com.kms.katalon.core.main.ScriptEngine.runScriptAsRawText(ScriptEngine.java:119)&#xD;
	at com.kms.katalon.core.main.TestCaseExecutor.runScript(TestCaseExecutor.java:337)&#xD;
	at com.kms.katalon.core.main.TestCaseExecutor.doExecute(TestCaseExecutor.java:328)&#xD;
	at com.kms.katalon.core.main.TestCaseExecutor.processExecutionPhase(TestCaseExecutor.java:307)&#xD;
	at com.kms.katalon.core.main.TestCaseExecutor.accessMainPhase(TestCaseExecutor.java:299)&#xD;
	at com.kms.katalon.core.main.TestCaseExecutor.execute(TestCaseExecutor.java:233)&#xD;
	at com.kms.katalon.core.main.TestSuiteExecutor.accessTestCaseMainPhase(TestSuiteExecutor.java:169)&#xD;
	at com.kms.katalon.core.main.TestSuiteExecutor.accessTestSuiteMainPhase(TestSuiteExecutor.java:142)&#xD;
	at com.kms.katalon.core.main.TestSuiteExecutor.execute(TestSuiteExecutor.java:91)&#xD;
	at com.kms.katalon.core.main.TestCaseMain.startTestSuite(TestCaseMain.java:157)&#xD;
	at com.kms.katalon.core.main.TestCaseMain$startTestSuite$0.call(Unknown Source)&#xD;
	at TempTestSuite1595486393596.run(TempTestSuite1595486393596.groovy:35)&#xD;
Caused by: com.kms.katalon.core.exception.StepFailedException: Unable to send keys 'narendra.n@imimobile.com' to object 'Object Repository/Input/username'&#xD;
	at com.kms.katalon.core.webui.keyword.internal.WebUIKeywordMain.stepFailed(WebUIKeywordMain.groovy:64)&#xD;
	at com.kms.katalon.core.webui.keyword.internal.WebUIKeywordMain.runKeyword(WebUIKeywordMain.groovy:26)&#xD;
	at com.kms.katalon.core.webui.keyword.builtin.SendKeysKeyword.sendKeys(SendKeysKeyword.groovy:60)&#xD;
	at com.kms.katalon.core.webui.keyword.builtin.SendKeysKeyword.execute(SendKeysKeyword.groovy:38)&#xD;
	at com.kms.katalon.core.keyword.internal.KeywordExecutor.executeKeywordForPlatform(KeywordExecutor.groovy:56)&#xD;
	at com.kms.katalon.core.webui.keyword.WebUiBuiltInKeywords.sendKeys(WebUiBuiltInKeywords.groovy:834)&#xD;
	at com.kms.katalon.core.webui.keyword.WebUiBuiltInKeywords$sendKeys$1.call(Unknown Source)&#xD;
	at successfulLogin_Test.run(successfulLogin_Test:16)&#xD;
	at com.kms.katalon.core.main.ScriptEngine.run(ScriptEngine.java:194)&#xD;
	at com.kms.katalon.core.main.ScriptEngine.runScriptAsRawText(ScriptEngine.java:119)&#xD;
	at com.kms.katalon.core.main.TestCaseExecutor.runScript(TestCaseExecutor.java:337)&#xD;
	at com.kms.katalon.core.main.TestCaseExecutor.doExecute(TestCaseExecutor.java:328)&#xD;
	at com.kms.katalon.core.main.TestCaseExecutor.processExecutionPhase(TestCaseExecutor.java:307)&#xD;
	at com.kms.katalon.core.main.TestCaseExecutor.accessMainPhase(TestCaseExecutor.java:299)&#xD;
	at com.kms.katalon.core.main.TestCaseExecutor.execute(TestCaseExecutor.java:233)&#xD;
	at com.kms.katalon.core.main.TestCaseMain.runTestCase(TestCaseMain.java:114)&#xD;
	at com.kms.katalon.core.keyword.builtin.CallTestCaseKeyword$_callTestCase_closure1.doCall(CallTestCaseKeyword.groovy:59)&#xD;
	... 20 more&#xD;
Caused by: com.kms.katalon.core.webui.exception.WebElementNotFoundException: Web element with id: 'Object Repository/Input/username' located by 'By.xpath: //*[@data-cy = 'login-email']' not found&#xD;
	at com.kms.katalon.core.webui.common.WebUiCommonHelper.findWebElement(WebUiCommonHelper.java:1097)&#xD;
	at com.kms.katalon.core.webui.keyword.internal.WebUIAbstractKeyword.findWebElement(WebUIAbstractKeyword.groovy:27)&#xD;
	at com.kms.katalon.core.webui.keyword.internal.WebUIAbstractKeyword.findWebElement(WebUIAbstractKeyword.groovy:26)&#xD;
	at com.kms.katalon.core.webui.keyword.builtin.SendKeysKeyword$_sendKeys_closure1.doCall(SendKeysKeyword.groovy:52)&#xD;
	at com.kms.katalon.core.webui.keyword.builtin.SendKeysKeyword$_sendKeys_closure1.call(SendKeysKeyword.groovy)&#xD;
	at com.kms.katalon.core.webui.keyword.internal.WebUIKeywordMain.runKeyword(WebUIKeywordMain.groovy:20)&#xD;
	... 35 more&#xD;
)</system-out>
            <system-err>2020-07-23 12:49:03 - [TEST_CASE][FAILED] - Test Cases/Faqbot/disabledFallback_Test: Test Cases/Faqbot/disabledFallback_Test FAILED.
Reason:
com.kms.katalon.core.exception.StepFailedException: Call Test Case 'Test Cases/Generic/successfulLogin_Test' failed&#xD;
	at com.kms.katalon.core.keyword.builtin.CallTestCaseKeyword$_callTestCase_closure1.doCall(CallTestCaseKeyword.groovy:63)&#xD;
	at com.kms.katalon.core.keyword.builtin.CallTestCaseKeyword$_callTestCase_closure1.call(CallTestCaseKeyword.groovy)&#xD;
	at com.kms.katalon.core.keyword.internal.KeywordMain.runKeyword(KeywordMain.groovy:68)&#xD;
	at com.kms.katalon.core.keyword.builtin.CallTestCaseKeyword.callTestCase(CallTestCaseKeyword.groovy:81)&#xD;
	at com.kms.katalon.core.keyword.builtin.CallTestCaseKeyword.execute(CallTestCaseKeyword.groovy:44)&#xD;
	at com.kms.katalon.core.keyword.internal.KeywordExecutor.executeKeywordForPlatform(KeywordExecutor.groovy:56)&#xD;
	at com.kms.katalon.core.keyword.BuiltinKeywords.callTestCase(BuiltinKeywords.groovy:334)&#xD;
	at disabledFallback_Test.run(disabledFallback_Test:17)&#xD;
	at com.kms.katalon.core.main.ScriptEngine.run(ScriptEngine.java:194)&#xD;
	at com.kms.katalon.core.main.ScriptEngine.runScriptAsRawText(ScriptEngine.java:119)&#xD;
	at com.kms.katalon.core.main.TestCaseExecutor.runScript(TestCaseExecutor.java:337)&#xD;
	at com.kms.katalon.core.main.TestCaseExecutor.doExecute(TestCaseExecutor.java:328)&#xD;
	at com.kms.katalon.core.main.TestCaseExecutor.processExecutionPhase(TestCaseExecutor.java:307)&#xD;
	at com.kms.katalon.core.main.TestCaseExecutor.accessMainPhase(TestCaseExecutor.java:299)&#xD;
	at com.kms.katalon.core.main.TestCaseExecutor.execute(TestCaseExecutor.java:233)&#xD;
	at com.kms.katalon.core.main.TestSuiteExecutor.accessTestCaseMainPhase(TestSuiteExecutor.java:169)&#xD;
	at com.kms.katalon.core.main.TestSuiteExecutor.accessTestSuiteMainPhase(TestSuiteExecutor.java:142)&#xD;
	at com.kms.katalon.core.main.TestSuiteExecutor.execute(TestSuiteExecutor.java:91)&#xD;
	at com.kms.katalon.core.main.TestCaseMain.startTestSuite(TestCaseMain.java:157)&#xD;
	at com.kms.katalon.core.main.TestCaseMain$startTestSuite$0.call(Unknown Source)&#xD;
	at TempTestSuite1595486393596.run(TempTestSuite1595486393596.groovy:35)&#xD;
Caused by: com.kms.katalon.core.exception.StepFailedException: Unable to send keys 'narendra.n@imimobile.com' to object 'Object Repository/Input/username'&#xD;
	at com.kms.katalon.core.webui.keyword.internal.WebUIKeywordMain.stepFailed(WebUIKeywordMain.groovy:64)&#xD;
	at com.kms.katalon.core.webui.keyword.internal.WebUIKeywordMain.runKeyword(WebUIKeywordMain.groovy:26)&#xD;
	at com.kms.katalon.core.webui.keyword.builtin.SendKeysKeyword.sendKeys(SendKeysKeyword.groovy:60)&#xD;
	at com.kms.katalon.core.webui.keyword.builtin.SendKeysKeyword.execute(SendKeysKeyword.groovy:38)&#xD;
	at com.kms.katalon.core.keyword.internal.KeywordExecutor.executeKeywordForPlatform(KeywordExecutor.groovy:56)&#xD;
	at com.kms.katalon.core.webui.keyword.WebUiBuiltInKeywords.sendKeys(WebUiBuiltInKeywords.groovy:834)&#xD;
	at com.kms.katalon.core.webui.keyword.WebUiBuiltInKeywords$sendKeys$1.call(Unknown Source)&#xD;
	at successfulLogin_Test.run(successfulLogin_Test:16)&#xD;
	at com.kms.katalon.core.main.ScriptEngine.run(ScriptEngine.java:194)&#xD;
	at com.kms.katalon.core.main.ScriptEngine.runScriptAsRawText(ScriptEngine.java:119)&#xD;
	at com.kms.katalon.core.main.TestCaseExecutor.runScript(TestCaseExecutor.java:337)&#xD;
	at com.kms.katalon.core.main.TestCaseExecutor.doExecute(TestCaseExecutor.java:328)&#xD;
	at com.kms.katalon.core.main.TestCaseExecutor.processExecutionPhase(TestCaseExecutor.java:307)&#xD;
	at com.kms.katalon.core.main.TestCaseExecutor.accessMainPhase(TestCaseExecutor.java:299)&#xD;
	at com.kms.katalon.core.main.TestCaseExecutor.execute(TestCaseExecutor.java:233)&#xD;
	at com.kms.katalon.core.main.TestCaseMain.runTestCase(TestCaseMain.java:114)&#xD;
	at com.kms.katalon.core.keyword.builtin.CallTestCaseKeyword$_callTestCase_closure1.doCall(CallTestCaseKeyword.groovy:59)&#xD;
	... 20 more&#xD;
Caused by: com.kms.katalon.core.webui.exception.WebElementNotFoundException: Web element with id: 'Object Repository/Input/username' located by 'By.xpath: //*[@data-cy = 'login-email']' not found&#xD;
	at com.kms.katalon.core.webui.common.WebUiCommonHelper.findWebElement(WebUiCommonHelper.java:1097)&#xD;
	at com.kms.katalon.core.webui.keyword.internal.WebUIAbstractKeyword.findWebElement(WebUIAbstractKeyword.groovy:27)&#xD;
	at com.kms.katalon.core.webui.keyword.internal.WebUIAbstractKeyword.findWebElement(WebUIAbstractKeyword.groovy:26)&#xD;
	at com.kms.katalon.core.webui.keyword.builtin.SendKeysKeyword$_sendKeys_closure1.doCall(SendKeysKeyword.groovy:52)&#xD;
	at com.kms.katalon.core.webui.keyword.builtin.SendKeysKeyword$_sendKeys_closure1.call(SendKeysKeyword.groovy)&#xD;
	at com.kms.katalon.core.webui.keyword.internal.WebUIKeywordMain.runKeyword(WebUIKeywordMain.groovy:20)&#xD;
	... 35 more</system-err>
        </testcase>
        <testcase name="Test Cases/Faqbot/defaultQuestionInArticle_Test" classname="Test Cases/Faqbot/defaultQuestionInArticle_Test" status="FAILED">
            <failure type="FAILED" message="Test Cases/Faqbot/defaultQuestionInArticle_Test FAILED.&#xA;Reason:&#xA;com.kms.katalon.core.exception.StepFailedException: Call Test Case 'Test Cases/Generic/successfulLogin_Test' failed&#xD;&#xA;&#x9;at com.kms.katalon.core.keyword.builtin.CallTestCaseKeyword$_callTestCase_closure1.doCall(CallTestCaseKeyword.groovy:63)&#xD;&#xA;&#x9;at com.kms.katalon.core.keyword.builtin.CallTestCaseKeyword$_callTestCase_closure1.call(CallTestCaseKeyword.groovy)&#xD;&#xA;&#x9;at com.kms.katalon.core.keyword.internal.KeywordMain.runKeyword(KeywordMain.groovy:68)&#xD;&#xA;&#x9;at com.kms.katalon.core.keyword.builtin.CallTestCaseKeyword.callTestCase(CallTestCaseKeyword.groovy:81)&#xD;&#xA;&#x9;at com.kms.katalon.core.keyword.builtin.CallTestCaseKeyword.execute(CallTestCaseKeyword.groovy:44)&#xD;&#xA;&#x9;at com.kms.katalon.core.keyword.internal.KeywordExecutor.executeKeywordForPlatform(KeywordExecutor.groovy:56)&#xD;&#xA;&#x9;at com.kms.katalon.core.keyword.BuiltinKeywords.callTestCase(BuiltinKeywords.groovy:334)&#xD;&#xA;&#x9;at defaultQuestionInArticle_Test.run(defaultQuestionInArticle_Test:12)&#xD;&#xA;&#x9;at com.kms.katalon.core.main.ScriptEngine.run(ScriptEngine.java:194)&#xD;&#xA;&#x9;at com.kms.katalon.core.main.ScriptEngine.runScriptAsRawText(ScriptEngine.java:119)&#xD;&#xA;&#x9;at com.kms.katalon.core.main.TestCaseExecutor.runScript(TestCaseExecutor.java:337)&#xD;&#xA;&#x9;at com.kms.katalon.core.main.TestCaseExecutor.doExecute(TestCaseExecutor.java:328)&#xD;&#xA;&#x9;at com.kms.katalon.core.main.TestCaseExecutor.processExecutionPhase(TestCaseExecutor.java:307)&#xD;&#xA;&#x9;at com.kms.katalon.core.main.TestCaseExecutor.accessMainPhase(TestCaseExecutor.java:299)&#xD;&#xA;&#x9;at com.kms.katalon.core.main.TestCaseExecutor.execute(TestCaseExecutor.java:233)&#xD;&#xA;&#x9;at com.kms.katalon.core.main.TestSuiteExecutor.accessTestCaseMainPhase(TestSuiteExecutor.java:169)&#xD;&#xA;&#x9;at com.kms.katalon.core.main.TestSuiteExecutor.accessTestSuiteMainPhase(TestSuiteExecutor.java:142)&#xD;&#xA;&#x9;at com.kms.katalon.core.main.TestSuiteExecutor.execute(TestSuiteExecutor.java:91)&#xD;&#xA;&#x9;at com.kms.katalon.core.main.TestCaseMain.startTestSuite(TestCaseMain.java:157)&#xD;&#xA;&#x9;at com.kms.katalon.core.main.TestCaseMain$startTestSuite$0.call(Unknown Source)&#xD;&#xA;&#x9;at TempTestSuite1595486393596.run(TempTestSuite1595486393596.groovy:35)&#xD;&#xA;Caused by: com.kms.katalon.core.exception.StepFailedException: Unable to send keys 'narendra.n@imimobile.com' to object 'Object Repository/Input/username'&#xD;&#xA;&#x9;at com.kms.katalon.core.webui.keyword.internal.WebUIKeywordMain.stepFailed(WebUIKeywordMain.groovy:64)&#xD;&#xA;&#x9;at com.kms.katalon.core.webui.keyword.internal.WebUIKeywordMain.runKeyword(WebUIKeywordMain.groovy:26)&#xD;&#xA;&#x9;at com.kms.katalon.core.webui.keyword.builtin.SendKeysKeyword.sendKeys(SendKeysKeyword.groovy:60)&#xD;&#xA;&#x9;at com.kms.katalon.core.webui.keyword.builtin.SendKeysKeyword.execute(SendKeysKeyword.groovy:38)&#xD;&#xA;&#x9;at com.kms.katalon.core.keyword.internal.KeywordExecutor.executeKeywordForPlatform(KeywordExecutor.groovy:56)&#xD;&#xA;&#x9;at com.kms.katalon.core.webui.keyword.WebUiBuiltInKeywords.sendKeys(WebUiBuiltInKeywords.groovy:834)&#xD;&#xA;&#x9;at com.kms.katalon.core.webui.keyword.WebUiBuiltInKeywords$sendKeys$1.call(Unknown Source)&#xD;&#xA;&#x9;at successfulLogin_Test.run(successfulLogin_Test:16)&#xD;&#xA;&#x9;at com.kms.katalon.core.main.ScriptEngine.run(ScriptEngine.java:194)&#xD;&#xA;&#x9;at com.kms.katalon.core.main.ScriptEngine.runScriptAsRawText(ScriptEngine.java:119)&#xD;&#xA;&#x9;at com.kms.katalon.core.main.TestCaseExecutor.runScript(TestCaseExecutor.java:337)&#xD;&#xA;&#x9;at com.kms.katalon.core.main.TestCaseExecutor.doExecute(TestCaseExecutor.java:328)&#xD;&#xA;&#x9;at com.kms.katalon.core.main.TestCaseExecutor.processExecutionPhase(TestCaseExecutor.java:307)&#xD;&#xA;&#x9;at com.kms.katalon.core.main.TestCaseExecutor.accessMainPhase(TestCaseExecutor.java:299)&#xD;&#xA;&#x9;at com.kms.katalon.core.main.TestCaseExecutor.execute(TestCaseExecutor.java:233)&#xD;&#xA;&#x9;at com.kms.katalon.core.main.TestCaseMain.runTestCase(TestCaseMain.java:114)&#xD;&#xA;&#x9;at com.kms.katalon.core.keyword.builtin.CallTestCaseKeyword$_callTestCase_closure1.doCall(CallTestCaseKeyword.groovy:59)&#xD;&#xA;&#x9;... 20 more&#xD;&#xA;Caused by: com.kms.katalon.core.webui.exception.WebElementNotFoundException: Web element with id: 'Object Repository/Input/username' located by 'By.xpath: //*[@data-cy = 'login-email']' not found&#xD;&#xA;&#x9;at com.kms.katalon.core.webui.common.WebUiCommonHelper.findWebElement(WebUiCommonHelper.java:1097)&#xD;&#xA;&#x9;at com.kms.katalon.core.webui.keyword.internal.WebUIAbstractKeyword.findWebElement(WebUIAbstractKeyword.groovy:27)&#xD;&#xA;&#x9;at com.kms.katalon.core.webui.keyword.internal.WebUIAbstractKeyword.findWebElement(WebUIAbstractKeyword.groovy:26)&#xD;&#xA;&#x9;at com.kms.katalon.core.webui.keyword.builtin.SendKeysKeyword$_sendKeys_closure1.doCall(SendKeysKeyword.groovy:52)&#xD;&#xA;&#x9;at com.kms.katalon.core.webui.keyword.builtin.SendKeysKeyword$_sendKeys_closure1.call(SendKeysKeyword.groovy)&#xD;&#xA;&#x9;at com.kms.katalon.core.webui.keyword.internal.WebUIKeywordMain.runKeyword(WebUIKeywordMain.groovy:20)&#xD;&#xA;&#x9;... 35 more&#xD;&#xA;"/>
            <system-out>2020-07-23 12:49:31 - [TEST_CASE][FAILED] - Test Cases/Faqbot/defaultQuestionInArticle_Test: Test Cases/Faqbot/defaultQuestionInArticle_Test FAILED.
Reason:
com.kms.katalon.core.exception.StepFailedException: Call Test Case 'Test Cases/Generic/successfulLogin_Test' failed&#xD;
	at com.kms.katalon.core.keyword.builtin.CallTestCaseKeyword$_callTestCase_closure1.doCall(CallTestCaseKeyword.groovy:63)&#xD;
	at com.kms.katalon.core.keyword.builtin.CallTestCaseKeyword$_callTestCase_closure1.call(CallTestCaseKeyword.groovy)&#xD;
	at com.kms.katalon.core.keyword.internal.KeywordMain.runKeyword(KeywordMain.groovy:68)&#xD;
	at com.kms.katalon.core.keyword.builtin.CallTestCaseKeyword.callTestCase(CallTestCaseKeyword.groovy:81)&#xD;
	at com.kms.katalon.core.keyword.builtin.CallTestCaseKeyword.execute(CallTestCaseKeyword.groovy:44)&#xD;
	at com.kms.katalon.core.keyword.internal.KeywordExecutor.executeKeywordForPlatform(KeywordExecutor.groovy:56)&#xD;
	at com.kms.katalon.core.keyword.BuiltinKeywords.callTestCase(BuiltinKeywords.groovy:334)&#xD;
	at defaultQuestionInArticle_Test.run(defaultQuestionInArticle_Test:12)&#xD;
	at com.kms.katalon.core.main.ScriptEngine.run(ScriptEngine.java:194)&#xD;
	at com.kms.katalon.core.main.ScriptEngine.runScriptAsRawText(ScriptEngine.java:119)&#xD;
	at com.kms.katalon.core.main.TestCaseExecutor.runScript(TestCaseExecutor.java:337)&#xD;
	at com.kms.katalon.core.main.TestCaseExecutor.doExecute(TestCaseExecutor.java:328)&#xD;
	at com.kms.katalon.core.main.TestCaseExecutor.processExecutionPhase(TestCaseExecutor.java:307)&#xD;
	at com.kms.katalon.core.main.TestCaseExecutor.accessMainPhase(TestCaseExecutor.java:299)&#xD;
	at com.kms.katalon.core.main.TestCaseExecutor.execute(TestCaseExecutor.java:233)&#xD;
	at com.kms.katalon.core.main.TestSuiteExecutor.accessTestCaseMainPhase(TestSuiteExecutor.java:169)&#xD;
	at com.kms.katalon.core.main.TestSuiteExecutor.accessTestSuiteMainPhase(TestSuiteExecutor.java:142)&#xD;
	at com.kms.katalon.core.main.TestSuiteExecutor.execute(TestSuiteExecutor.java:91)&#xD;
	at com.kms.katalon.core.main.TestCaseMain.startTestSuite(TestCaseMain.java:157)&#xD;
	at com.kms.katalon.core.main.TestCaseMain$startTestSuite$0.call(Unknown Source)&#xD;
	at TempTestSuite1595486393596.run(TempTestSuite1595486393596.groovy:35)&#xD;
Caused by: com.kms.katalon.core.exception.StepFailedException: Unable to send keys 'narendra.n@imimobile.com' to object 'Object Repository/Input/username'&#xD;
	at com.kms.katalon.core.webui.keyword.internal.WebUIKeywordMain.stepFailed(WebUIKeywordMain.groovy:64)&#xD;
	at com.kms.katalon.core.webui.keyword.internal.WebUIKeywordMain.runKeyword(WebUIKeywordMain.groovy:26)&#xD;
	at com.kms.katalon.core.webui.keyword.builtin.SendKeysKeyword.sendKeys(SendKeysKeyword.groovy:60)&#xD;
	at com.kms.katalon.core.webui.keyword.builtin.SendKeysKeyword.execute(SendKeysKeyword.groovy:38)&#xD;
	at com.kms.katalon.core.keyword.internal.KeywordExecutor.executeKeywordForPlatform(KeywordExecutor.groovy:56)&#xD;
	at com.kms.katalon.core.webui.keyword.WebUiBuiltInKeywords.sendKeys(WebUiBuiltInKeywords.groovy:834)&#xD;
	at com.kms.katalon.core.webui.keyword.WebUiBuiltInKeywords$sendKeys$1.call(Unknown Source)&#xD;
	at successfulLogin_Test.run(successfulLogin_Test:16)&#xD;
	at com.kms.katalon.core.main.ScriptEngine.run(ScriptEngine.java:194)&#xD;
	at com.kms.katalon.core.main.ScriptEngine.runScriptAsRawText(ScriptEngine.java:119)&#xD;
	at com.kms.katalon.core.main.TestCaseExecutor.runScript(TestCaseExecutor.java:337)&#xD;
	at com.kms.katalon.core.main.TestCaseExecutor.doExecute(TestCaseExecutor.java:328)&#xD;
	at com.kms.katalon.core.main.TestCaseExecutor.processExecutionPhase(TestCaseExecutor.java:307)&#xD;
	at com.kms.katalon.core.main.TestCaseExecutor.accessMainPhase(TestCaseExecutor.java:299)&#xD;
	at com.kms.katalon.core.main.TestCaseExecutor.execute(TestCaseExecutor.java:233)&#xD;
	at com.kms.katalon.core.main.TestCaseMain.runTestCase(TestCaseMain.java:114)&#xD;
	at com.kms.katalon.core.keyword.builtin.CallTestCaseKeyword$_callTestCase_closure1.doCall(CallTestCaseKeyword.groovy:59)&#xD;
	... 20 more&#xD;
Caused by: com.kms.katalon.core.webui.exception.WebElementNotFoundException: Web element with id: 'Object Repository/Input/username' located by 'By.xpath: //*[@data-cy = 'login-email']' not found&#xD;
	at com.kms.katalon.core.webui.common.WebUiCommonHelper.findWebElement(WebUiCommonHelper.java:1097)&#xD;
	at com.kms.katalon.core.webui.keyword.internal.WebUIAbstractKeyword.findWebElement(WebUIAbstractKeyword.groovy:27)&#xD;
	at com.kms.katalon.core.webui.keyword.internal.WebUIAbstractKeyword.findWebElement(WebUIAbstractKeyword.groovy:26)&#xD;
	at com.kms.katalon.core.webui.keyword.builtin.SendKeysKeyword$_sendKeys_closure1.doCall(SendKeysKeyword.groovy:52)&#xD;
	at com.kms.katalon.core.webui.keyword.builtin.SendKeysKeyword$_sendKeys_closure1.call(SendKeysKeyword.groovy)&#xD;
	at com.kms.katalon.core.webui.keyword.internal.WebUIKeywordMain.runKeyword(WebUIKeywordMain.groovy:20)&#xD;
	... 35 more&#xD;
&#xD;
&#xD;
2020-07-23 12:49:31 - [TEST_STEP][PASSED] - Start listener action : setUp: Current window maximized&#xD;
&#xD;
2020-07-23 12:49:31 - [TEST_STEP][PASSED] - openBrowser(URL): Browser is opened with url: 'preprod.imibot.ai'&#xD;
&#xD;
2020-07-23 12:49:31 - [MESSAGE][WARNING] - A browser is already opened. Closing browser and opening a new one&#xD;
&#xD;
2020-07-23 12:49:32 - [MESSAGE][INFO] - Starting 'Edge' driver&#xD;
&#xD;
2020-07-23 12:49:49 - [MESSAGE][PASSED] - Browser is opened with url: 'preprod.imibot.ai'&#xD;
&#xD;
2020-07-23 12:49:49 - [TEST_STEP][PASSED] - maximizeWindow(): Current window maximized&#xD;
&#xD;
2020-07-23 12:49:51 - [MESSAGE][PASSED] - Current window maximized&#xD;
&#xD;
2020-07-23 12:49:51 - [TEST_STEP][FAILED] - callTestCase(findTestCase("Generic/successfulLogin_Test"), [:], STOP_ON_FAILURE): Unable to call Test Case 'Test Cases/Generic/successfulLogin_Test' (Root cause: com.kms.katalon.core.exception.StepFailedException: Call Test Case 'Test Cases/Generic/successfulLogin_Test' failed&#xD;
	at com.kms.katalon.core.keyword.builtin.CallTestCaseKeyword$_callTestCase_closure1.doCall(CallTestCaseKeyword.groovy:63)&#xD;
	at com.kms.katalon.core.keyword.builtin.CallTestCaseKeyword$_callTestCase_closure1.call(CallTestCaseKeyword.groovy)&#xD;
	at com.kms.katalon.core.keyword.internal.KeywordMain.runKeyword(KeywordMain.groovy:68)&#xD;
	at com.kms.katalon.core.keyword.builtin.CallTestCaseKeyword.callTestCase(CallTestCaseKeyword.groovy:81)&#xD;
	at com.kms.katalon.core.keyword.builtin.CallTestCaseKeyword.execute(CallTestCaseKeyword.groovy:44)&#xD;
	at com.kms.katalon.core.keyword.internal.KeywordExecutor.executeKeywordForPlatform(KeywordExecutor.groovy:56)&#xD;
	at com.kms.katalon.core.keyword.BuiltinKeywords.callTestCase(BuiltinKeywords.groovy:334)&#xD;
	at defaultQuestionInArticle_Test.run(defaultQuestionInArticle_Test:12)&#xD;
	at com.kms.katalon.core.main.ScriptEngine.run(ScriptEngine.java:194)&#xD;
	at com.kms.katalon.core.main.ScriptEngine.runScriptAsRawText(ScriptEngine.java:119)&#xD;
	at com.kms.katalon.core.main.TestCaseExecutor.runScript(TestCaseExecutor.java:337)&#xD;
	at com.kms.katalon.core.main.TestCaseExecutor.doExecute(TestCaseExecutor.java:328)&#xD;
	at com.kms.katalon.core.main.TestCaseExecutor.processExecutionPhase(TestCaseExecutor.java:307)&#xD;
	at com.kms.katalon.core.main.TestCaseExecutor.accessMainPhase(TestCaseExecutor.java:299)&#xD;
	at com.kms.katalon.core.main.TestCaseExecutor.execute(TestCaseExecutor.java:233)&#xD;
	at com.kms.katalon.core.main.TestSuiteExecutor.accessTestCaseMainPhase(TestSuiteExecutor.java:169)&#xD;
	at com.kms.katalon.core.main.TestSuiteExecutor.accessTestSuiteMainPhase(TestSuiteExecutor.java:142)&#xD;
	at com.kms.katalon.core.main.TestSuiteExecutor.execute(TestSuiteExecutor.java:91)&#xD;
	at com.kms.katalon.core.main.TestCaseMain.startTestSuite(TestCaseMain.java:157)&#xD;
	at com.kms.katalon.core.main.TestCaseMain$startTestSuite$0.call(Unknown Source)&#xD;
	at TempTestSuite1595486393596.run(TempTestSuite1595486393596.groovy:35)&#xD;
Caused by: com.kms.katalon.core.exception.StepFailedException: Unable to send keys 'narendra.n@imimobile.com' to object 'Object Repository/Input/username'&#xD;
	at com.kms.katalon.core.webui.keyword.internal.WebUIKeywordMain.stepFailed(WebUIKeywordMain.groovy:64)&#xD;
	at com.kms.katalon.core.webui.keyword.internal.WebUIKeywordMain.runKeyword(WebUIKeywordMain.groovy:26)&#xD;
	at com.kms.katalon.core.webui.keyword.builtin.SendKeysKeyword.sendKeys(SendKeysKeyword.groovy:60)&#xD;
	at com.kms.katalon.core.webui.keyword.builtin.SendKeysKeyword.execute(SendKeysKeyword.groovy:38)&#xD;
	at com.kms.katalon.core.keyword.internal.KeywordExecutor.executeKeywordForPlatform(KeywordExecutor.groovy:56)&#xD;
	at com.kms.katalon.core.webui.keyword.WebUiBuiltInKeywords.sendKeys(WebUiBuiltInKeywords.groovy:834)&#xD;
	at com.kms.katalon.core.webui.keyword.WebUiBuiltInKeywords$sendKeys$1.call(Unknown Source)&#xD;
	at successfulLogin_Test.run(successfulLogin_Test:16)&#xD;
	at com.kms.katalon.core.main.ScriptEngine.run(ScriptEngine.java:194)&#xD;
	at com.kms.katalon.core.main.ScriptEngine.runScriptAsRawText(ScriptEngine.java:119)&#xD;
	at com.kms.katalon.core.main.TestCaseExecutor.runScript(TestCaseExecutor.java:337)&#xD;
	at com.kms.katalon.core.main.TestCaseExecutor.doExecute(TestCaseExecutor.java:328)&#xD;
	at com.kms.katalon.core.main.TestCaseExecutor.processExecutionPhase(TestCaseExecutor.java:307)&#xD;
	at com.kms.katalon.core.main.TestCaseExecutor.accessMainPhase(TestCaseExecutor.java:299)&#xD;
	at com.kms.katalon.core.main.TestCaseExecutor.execute(TestCaseExecutor.java:233)&#xD;
	at com.kms.katalon.core.main.TestCaseMain.runTestCase(TestCaseMain.java:114)&#xD;
	at com.kms.katalon.core.keyword.builtin.CallTestCaseKeyword$_callTestCase_closure1.doCall(CallTestCaseKeyword.groovy:59)&#xD;
	... 20 more&#xD;
Caused by: com.kms.katalon.core.webui.exception.WebElementNotFoundException: Web element with id: 'Object Repository/Input/username' located by 'By.xpath: //*[@data-cy = 'login-email']' not found&#xD;
	at com.kms.katalon.core.webui.common.WebUiCommonHelper.findWebElement(WebUiCommonHelper.java:1097)&#xD;
	at com.kms.katalon.core.webui.keyword.internal.WebUIAbstractKeyword.findWebElement(WebUIAbstractKeyword.groovy:27)&#xD;
	at com.kms.katalon.core.webui.keyword.internal.WebUIAbstractKeyword.findWebElement(WebUIAbstractKeyword.groovy:26)&#xD;
	at com.kms.katalon.core.webui.keyword.builtin.SendKeysKeyword$_sendKeys_closure1.doCall(SendKeysKeyword.groovy:52)&#xD;
	at com.kms.katalon.core.webui.keyword.builtin.SendKeysKeyword$_sendKeys_closure1.call(SendKeysKeyword.groovy)&#xD;
	at com.kms.katalon.core.webui.keyword.internal.WebUIKeywordMain.runKeyword(WebUIKeywordMain.groovy:20)&#xD;
	... 35 more&#xD;
)&#xD;
&#xD;
2020-07-23 12:49:51 - [TEST_CASE][FAILED] - Test Cases/Generic/successfulLogin_Test: Test Cases/Generic/successfulLogin_Test FAILED.
Reason:
com.kms.katalon.core.exception.StepFailedException: Unable to send keys 'narendra.n@imimobile.com' to object 'Object Repository/Input/username'&#xD;
	at com.kms.katalon.core.webui.keyword.internal.WebUIKeywordMain.stepFailed(WebUIKeywordMain.groovy:64)&#xD;
	at com.kms.katalon.core.webui.keyword.internal.WebUIKeywordMain.runKeyword(WebUIKeywordMain.groovy:26)&#xD;
	at com.kms.katalon.core.webui.keyword.builtin.SendKeysKeyword.sendKeys(SendKeysKeyword.groovy:60)&#xD;
	at com.kms.katalon.core.webui.keyword.builtin.SendKeysKeyword.execute(SendKeysKeyword.groovy:38)&#xD;
	at com.kms.katalon.core.keyword.internal.KeywordExecutor.executeKeywordForPlatform(KeywordExecutor.groovy:56)&#xD;
	at com.kms.katalon.core.webui.keyword.WebUiBuiltInKeywords.sendKeys(WebUiBuiltInKeywords.groovy:834)&#xD;
	at com.kms.katalon.core.webui.keyword.WebUiBuiltInKeywords$sendKeys$1.call(Unknown Source)&#xD;
	at successfulLogin_Test.run(successfulLogin_Test:16)&#xD;
	at com.kms.katalon.core.main.ScriptEngine.run(ScriptEngine.java:194)&#xD;
	at com.kms.katalon.core.main.ScriptEngine.runScriptAsRawText(ScriptEngine.java:119)&#xD;
	at com.kms.katalon.core.main.TestCaseExecutor.runScript(TestCaseExecutor.java:337)&#xD;
	at com.kms.katalon.core.main.TestCaseExecutor.doExecute(TestCaseExecutor.java:328)&#xD;
	at com.kms.katalon.core.main.TestCaseExecutor.processExecutionPhase(TestCaseExecutor.java:307)&#xD;
	at com.kms.katalon.core.main.TestCaseExecutor.accessMainPhase(TestCaseExecutor.java:299)&#xD;
	at com.kms.katalon.core.main.TestCaseExecutor.execute(TestCaseExecutor.java:233)&#xD;
	at com.kms.katalon.core.main.TestCaseMain.runTestCase(TestCaseMain.java:114)&#xD;
	at com.kms.katalon.core.keyword.builtin.CallTestCaseKeyword$_callTestCase_closure1.doCall(CallTestCaseKeyword.groovy:59)&#xD;
	at com.kms.katalon.core.keyword.builtin.CallTestCaseKeyword$_callTestCase_closure1.call(CallTestCaseKeyword.groovy)&#xD;
	at com.kms.katalon.core.keyword.internal.KeywordMain.runKeyword(KeywordMain.groovy:68)&#xD;
	at com.kms.katalon.core.keyword.builtin.CallTestCaseKeyword.callTestCase(CallTestCaseKeyword.groovy:81)&#xD;
	at com.kms.katalon.core.keyword.builtin.CallTestCaseKeyword.execute(CallTestCaseKeyword.groovy:44)&#xD;
	at com.kms.katalon.core.keyword.internal.KeywordExecutor.executeKeywordForPlatform(KeywordExecutor.groovy:56)&#xD;
	at com.kms.katalon.core.keyword.BuiltinKeywords.callTestCase(BuiltinKeywords.groovy:334)&#xD;
	at defaultQuestionInArticle_Test.run(defaultQuestionInArticle_Test:12)&#xD;
	at com.kms.katalon.core.main.ScriptEngine.run(ScriptEngine.java:194)&#xD;
	at com.kms.katalon.core.main.ScriptEngine.runScriptAsRawText(ScriptEngine.java:119)&#xD;
	at com.kms.katalon.core.main.TestCaseExecutor.runScript(TestCaseExecutor.java:337)&#xD;
	at com.kms.katalon.core.main.TestCaseExecutor.doExecute(TestCaseExecutor.java:328)&#xD;
	at com.kms.katalon.core.main.TestCaseExecutor.processExecutionPhase(TestCaseExecutor.java:307)&#xD;
	at com.kms.katalon.core.main.TestCaseExecutor.accessMainPhase(TestCaseExecutor.java:299)&#xD;
	at com.kms.katalon.core.main.TestCaseExecutor.execute(TestCaseExecutor.java:233)&#xD;
	at com.kms.katalon.core.main.TestSuiteExecutor.accessTestCaseMainPhase(TestSuiteExecutor.java:169)&#xD;
	at com.kms.katalon.core.main.TestSuiteExecutor.accessTestSuiteMainPhase(TestSuiteExecutor.java:142)&#xD;
	at com.kms.katalon.core.main.TestSuiteExecutor.execute(TestSuiteExecutor.java:91)&#xD;
	at com.kms.katalon.core.main.TestCaseMain.startTestSuite(TestCaseMain.java:157)&#xD;
	at com.kms.katalon.core.main.TestCaseMain$startTestSuite$0.call(Unknown Source)&#xD;
	at TempTestSuite1595486393596.run(TempTestSuite1595486393596.groovy:35)&#xD;
Caused by: com.kms.katalon.core.webui.exception.WebElementNotFoundException: Web element with id: 'Object Repository/Input/username' located by 'By.xpath: //*[@data-cy = 'login-email']' not found&#xD;
	at com.kms.katalon.core.webui.common.WebUiCommonHelper.findWebElement(WebUiCommonHelper.java:1097)&#xD;
	at com.kms.katalon.core.webui.keyword.internal.WebUIAbstractKeyword.findWebElement(WebUIAbstractKeyword.groovy:27)&#xD;
	at com.kms.katalon.core.webui.keyword.internal.WebUIAbstractKeyword.findWebElement(WebUIAbstractKeyword.groovy:26)&#xD;
	at com.kms.katalon.core.webui.keyword.builtin.SendKeysKeyword$_sendKeys_closure1.doCall(SendKeysKeyword.groovy:52)&#xD;
	at com.kms.katalon.core.webui.keyword.builtin.SendKeysKeyword$_sendKeys_closure1.call(SendKeysKeyword.groovy)&#xD;
	at com.kms.katalon.core.webui.keyword.internal.WebUIKeywordMain.runKeyword(WebUIKeywordMain.groovy:20)&#xD;
	... 35 more&#xD;
&#xD;
&#xD;
2020-07-23 12:49:51 - [TEST_STEP][FAILED] - sendKeys(findTestObject("Input/username"), username): Unable to send keys 'narendra.n@imimobile.com' to object 'Object Repository/Input/username' (Root cause: com.kms.katalon.core.exception.StepFailedException: Unable to send keys 'narendra.n@imimobile.com' to object 'Object Repository/Input/username'&#xD;
	at com.kms.katalon.core.webui.keyword.internal.WebUIKeywordMain.stepFailed(WebUIKeywordMain.groovy:64)&#xD;
	at com.kms.katalon.core.webui.keyword.internal.WebUIKeywordMain.runKeyword(WebUIKeywordMain.groovy:26)&#xD;
	at com.kms.katalon.core.webui.keyword.builtin.SendKeysKeyword.sendKeys(SendKeysKeyword.groovy:60)&#xD;
	at com.kms.katalon.core.webui.keyword.builtin.SendKeysKeyword.execute(SendKeysKeyword.groovy:38)&#xD;
	at com.kms.katalon.core.keyword.internal.KeywordExecutor.executeKeywordForPlatform(KeywordExecutor.groovy:56)&#xD;
	at com.kms.katalon.core.webui.keyword.WebUiBuiltInKeywords.sendKeys(WebUiBuiltInKeywords.groovy:834)&#xD;
	at com.kms.katalon.core.webui.keyword.WebUiBuiltInKeywords$sendKeys$1.call(Unknown Source)&#xD;
	at successfulLogin_Test.run(successfulLogin_Test:16)&#xD;
	at com.kms.katalon.core.main.ScriptEngine.run(ScriptEngine.java:194)&#xD;
	at com.kms.katalon.core.main.ScriptEngine.runScriptAsRawText(ScriptEngine.java:119)&#xD;
	at com.kms.katalon.core.main.TestCaseExecutor.runScript(TestCaseExecutor.java:337)&#xD;
	at com.kms.katalon.core.main.TestCaseExecutor.doExecute(TestCaseExecutor.java:328)&#xD;
	at com.kms.katalon.core.main.TestCaseExecutor.processExecutionPhase(TestCaseExecutor.java:307)&#xD;
	at com.kms.katalon.core.main.TestCaseExecutor.accessMainPhase(TestCaseExecutor.java:299)&#xD;
	at com.kms.katalon.core.main.TestCaseExecutor.execute(TestCaseExecutor.java:233)&#xD;
	at com.kms.katalon.core.main.TestCaseMain.runTestCase(TestCaseMain.java:114)&#xD;
	at com.kms.katalon.core.keyword.builtin.CallTestCaseKeyword$_callTestCase_closure1.doCall(CallTestCaseKeyword.groovy:59)&#xD;
	at com.kms.katalon.core.keyword.builtin.CallTestCaseKeyword$_callTestCase_closure1.call(CallTestCaseKeyword.groovy)&#xD;
	at com.kms.katalon.core.keyword.internal.KeywordMain.runKeyword(KeywordMain.groovy:68)&#xD;
	at com.kms.katalon.core.keyword.builtin.CallTestCaseKeyword.callTestCase(CallTestCaseKeyword.groovy:81)&#xD;
	at com.kms.katalon.core.keyword.builtin.CallTestCaseKeyword.execute(CallTestCaseKeyword.groovy:44)&#xD;
	at com.kms.katalon.core.keyword.internal.KeywordExecutor.executeKeywordForPlatform(KeywordExecutor.groovy:56)&#xD;
	at com.kms.katalon.core.keyword.BuiltinKeywords.callTestCase(BuiltinKeywords.groovy:334)&#xD;
	at defaultQuestionInArticle_Test.run(defaultQuestionInArticle_Test:12)&#xD;
	at com.kms.katalon.core.main.ScriptEngine.run(ScriptEngine.java:194)&#xD;
	at com.kms.katalon.core.main.ScriptEngine.runScriptAsRawText(ScriptEngine.java:119)&#xD;
	at com.kms.katalon.core.main.TestCaseExecutor.runScript(TestCaseExecutor.java:337)&#xD;
	at com.kms.katalon.core.main.TestCaseExecutor.doExecute(TestCaseExecutor.java:328)&#xD;
	at com.kms.katalon.core.main.TestCaseExecutor.processExecutionPhase(TestCaseExecutor.java:307)&#xD;
	at com.kms.katalon.core.main.TestCaseExecutor.accessMainPhase(TestCaseExecutor.java:299)&#xD;
	at com.kms.katalon.core.main.TestCaseExecutor.execute(TestCaseExecutor.java:233)&#xD;
	at com.kms.katalon.core.main.TestSuiteExecutor.accessTestCaseMainPhase(TestSuiteExecutor.java:169)&#xD;
	at com.kms.katalon.core.main.TestSuiteExecutor.accessTestSuiteMainPhase(TestSuiteExecutor.java:142)&#xD;
	at com.kms.katalon.core.main.TestSuiteExecutor.execute(TestSuiteExecutor.java:91)&#xD;
	at com.kms.katalon.core.main.TestCaseMain.startTestSuite(TestCaseMain.java:157)&#xD;
	at com.kms.katalon.core.main.TestCaseMain$startTestSuite$0.call(Unknown Source)&#xD;
	at TempTestSuite1595486393596.run(TempTestSuite1595486393596.groovy:35)&#xD;
Caused by: com.kms.katalon.core.webui.exception.WebElementNotFoundException: Web element with id: 'Object Repository/Input/username' located by 'By.xpath: //*[@data-cy = 'login-email']' not found&#xD;
	at com.kms.katalon.core.webui.common.WebUiCommonHelper.findWebElement(WebUiCommonHelper.java:1097)&#xD;
	at com.kms.katalon.core.webui.keyword.internal.WebUIAbstractKeyword.findWebElement(WebUIAbstractKeyword.groovy:27)&#xD;
	at com.kms.katalon.core.webui.keyword.internal.WebUIAbstractKeyword.findWebElement(WebUIAbstractKeyword.groovy:26)&#xD;
	at com.kms.katalon.core.webui.keyword.builtin.SendKeysKeyword$_sendKeys_closure1.doCall(SendKeysKeyword.groovy:52)&#xD;
	at com.kms.katalon.core.webui.keyword.builtin.SendKeysKeyword$_sendKeys_closure1.call(SendKeysKeyword.groovy)&#xD;
	at com.kms.katalon.core.webui.keyword.internal.WebUIKeywordMain.runKeyword(WebUIKeywordMain.groovy:20)&#xD;
	at com.kms.katalon.core.webui.keyword.builtin.SendKeysKeyword.sendKeys(SendKeysKeyword.groovy:60)&#xD;
	at com.kms.katalon.core.webui.keyword.builtin.SendKeysKeyword.execute(SendKeysKeyword.groovy:38)&#xD;
	at com.kms.katalon.core.keyword.internal.KeywordExecutor.executeKeywordForPlatform(KeywordExecutor.groovy:56)&#xD;
	at com.kms.katalon.core.webui.keyword.WebUiBuiltInKeywords.sendKeys(WebUiBuiltInKeywords.groovy:834)&#xD;
	at com.kms.katalon.core.webui.keyword.WebUiBuiltInKeywords$sendKeys$1.call(Unknown Source)&#xD;
	at Script1588401831350.run(Script1588401831350.groovy:16)&#xD;
	at com.kms.katalon.core.main.ScriptEngine.run(ScriptEngine.java:194)&#xD;
	at com.kms.katalon.core.main.ScriptEngine.runScriptAsRawText(ScriptEngine.java:119)&#xD;
	at com.kms.katalon.core.main.TestCaseExecutor.runScript(TestCaseExecutor.java:337)&#xD;
	at com.kms.katalon.core.main.TestCaseExecutor.doExecute(TestCaseExecutor.java:328)&#xD;
	at com.kms.katalon.core.main.TestCaseExecutor.processExecutionPhase(TestCaseExecutor.java:307)&#xD;
	at com.kms.katalon.core.main.TestCaseExecutor.accessMainPhase(TestCaseExecutor.java:299)&#xD;
	at com.kms.katalon.core.main.TestCaseExecutor.execute(TestCaseExecutor.java:233)&#xD;
	at com.kms.katalon.core.main.TestCaseMain.runTestCase(TestCaseMain.java:114)&#xD;
	at com.kms.katalon.core.keyword.builtin.CallTestCaseKeyword$_callTestCase_closure1.doCall(CallTestCaseKeyword.groovy:59)&#xD;
	at com.kms.katalon.core.keyword.builtin.CallTestCaseKeyword$_callTestCase_closure1.call(CallTestCaseKeyword.groovy)&#xD;
	at com.kms.katalon.core.keyword.internal.KeywordMain.runKeyword(KeywordMain.groovy:68)&#xD;
	at com.kms.katalon.core.keyword.builtin.CallTestCaseKeyword.callTestCase(CallTestCaseKeyword.groovy:81)&#xD;
	at com.kms.katalon.core.keyword.builtin.CallTestCaseKeyword.execute(CallTestCaseKeyword.groovy:44)&#xD;
	at com.kms.katalon.core.keyword.internal.KeywordExecutor.executeKeywordForPlatform(KeywordExecutor.groovy:56)&#xD;
	at com.kms.katalon.core.keyword.BuiltinKeywords.callTestCase(BuiltinKeywords.groovy:334)&#xD;
	at Script1589979247526.run(Script1589979247526.groovy:12)&#xD;
	... 13 more&#xD;
)&#xD;
&#xD;
2020-07-23 12:50:02 - [MESSAGE][INFO] - Unable to find the element located by 'By.xpath: //*[@data-cy = 'login-email']'. Please recheck the objects properties to make sure the desired element is located. &#xD;
&#xD;
2020-07-23 12:50:03 - [MESSAGE][FAILED] - Unable to send keys 'narendra.n@imimobile.com' to object 'Object Repository/Input/username' (Root cause: com.kms.katalon.core.exception.StepFailedException: Unable to send keys 'narendra.n@imimobile.com' to object 'Object Repository/Input/username'&#xD;
	at com.kms.katalon.core.webui.keyword.internal.WebUIKeywordMain.stepFailed(WebUIKeywordMain.groovy:64)&#xD;
	at com.kms.katalon.core.webui.keyword.internal.WebUIKeywordMain.runKeyword(WebUIKeywordMain.groovy:26)&#xD;
	at com.kms.katalon.core.webui.keyword.builtin.SendKeysKeyword.sendKeys(SendKeysKeyword.groovy:60)&#xD;
	at com.kms.katalon.core.webui.keyword.builtin.SendKeysKeyword.execute(SendKeysKeyword.groovy:38)&#xD;
	at com.kms.katalon.core.keyword.internal.KeywordExecutor.executeKeywordForPlatform(KeywordExecutor.groovy:56)&#xD;
	at com.kms.katalon.core.webui.keyword.WebUiBuiltInKeywords.sendKeys(WebUiBuiltInKeywords.groovy:834)&#xD;
	at com.kms.katalon.core.webui.keyword.WebUiBuiltInKeywords$sendKeys$1.call(Unknown Source)&#xD;
	at successfulLogin_Test.run(successfulLogin_Test:16)&#xD;
	at com.kms.katalon.core.main.ScriptEngine.run(ScriptEngine.java:194)&#xD;
	at com.kms.katalon.core.main.ScriptEngine.runScriptAsRawText(ScriptEngine.java:119)&#xD;
	at com.kms.katalon.core.main.TestCaseExecutor.runScript(TestCaseExecutor.java:337)&#xD;
	at com.kms.katalon.core.main.TestCaseExecutor.doExecute(TestCaseExecutor.java:328)&#xD;
	at com.kms.katalon.core.main.TestCaseExecutor.processExecutionPhase(TestCaseExecutor.java:307)&#xD;
	at com.kms.katalon.core.main.TestCaseExecutor.accessMainPhase(TestCaseExecutor.java:299)&#xD;
	at com.kms.katalon.core.main.TestCaseExecutor.execute(TestCaseExecutor.java:233)&#xD;
	at com.kms.katalon.core.main.TestCaseMain.runTestCase(TestCaseMain.java:114)&#xD;
	at com.kms.katalon.core.keyword.builtin.CallTestCaseKeyword$_callTestCase_closure1.doCall(CallTestCaseKeyword.groovy:59)&#xD;
	at com.kms.katalon.core.keyword.builtin.CallTestCaseKeyword$_callTestCase_closure1.call(CallTestCaseKeyword.groovy)&#xD;
	at com.kms.katalon.core.keyword.internal.KeywordMain.runKeyword(KeywordMain.groovy:68)&#xD;
	at com.kms.katalon.core.keyword.builtin.CallTestCaseKeyword.callTestCase(CallTestCaseKeyword.groovy:81)&#xD;
	at com.kms.katalon.core.keyword.builtin.CallTestCaseKeyword.execute(CallTestCaseKeyword.groovy:44)&#xD;
	at com.kms.katalon.core.keyword.internal.KeywordExecutor.executeKeywordForPlatform(KeywordExecutor.groovy:56)&#xD;
	at com.kms.katalon.core.keyword.BuiltinKeywords.callTestCase(BuiltinKeywords.groovy:334)&#xD;
	at defaultQuestionInArticle_Test.run(defaultQuestionInArticle_Test:12)&#xD;
	at com.kms.katalon.core.main.ScriptEngine.run(ScriptEngine.java:194)&#xD;
	at com.kms.katalon.core.main.ScriptEngine.runScriptAsRawText(ScriptEngine.java:119)&#xD;
	at com.kms.katalon.core.main.TestCaseExecutor.runScript(TestCaseExecutor.java:337)&#xD;
	at com.kms.katalon.core.main.TestCaseExecutor.doExecute(TestCaseExecutor.java:328)&#xD;
	at com.kms.katalon.core.main.TestCaseExecutor.processExecutionPhase(TestCaseExecutor.java:307)&#xD;
	at com.kms.katalon.core.main.TestCaseExecutor.accessMainPhase(TestCaseExecutor.java:299)&#xD;
	at com.kms.katalon.core.main.TestCaseExecutor.execute(TestCaseExecutor.java:233)&#xD;
	at com.kms.katalon.core.main.TestSuiteExecutor.accessTestCaseMainPhase(TestSuiteExecutor.java:169)&#xD;
	at com.kms.katalon.core.main.TestSuiteExecutor.accessTestSuiteMainPhase(TestSuiteExecutor.java:142)&#xD;
	at com.kms.katalon.core.main.TestSuiteExecutor.execute(TestSuiteExecutor.java:91)&#xD;
	at com.kms.katalon.core.main.TestCaseMain.startTestSuite(TestCaseMain.java:157)&#xD;
	at com.kms.katalon.core.main.TestCaseMain$startTestSuite$0.call(Unknown Source)&#xD;
	at TempTestSuite1595486393596.run(TempTestSuite1595486393596.groovy:35)&#xD;
Caused by: com.kms.katalon.core.webui.exception.WebElementNotFoundException: Web element with id: 'Object Repository/Input/username' located by 'By.xpath: //*[@data-cy = 'login-email']' not found&#xD;
	at com.kms.katalon.core.webui.common.WebUiCommonHelper.findWebElement(WebUiCommonHelper.java:1097)&#xD;
	at com.kms.katalon.core.webui.keyword.internal.WebUIAbstractKeyword.findWebElement(WebUIAbstractKeyword.groovy:27)&#xD;
	at com.kms.katalon.core.webui.keyword.internal.WebUIAbstractKeyword.findWebElement(WebUIAbstractKeyword.groovy:26)&#xD;
	at com.kms.katalon.core.webui.keyword.builtin.SendKeysKeyword$_sendKeys_closure1.doCall(SendKeysKeyword.groovy:52)&#xD;
	at com.kms.katalon.core.webui.keyword.builtin.SendKeysKeyword$_sendKeys_closure1.call(SendKeysKeyword.groovy)&#xD;
	at com.kms.katalon.core.webui.keyword.internal.WebUIKeywordMain.runKeyword(WebUIKeywordMain.groovy:20)&#xD;
	at com.kms.katalon.core.webui.keyword.builtin.SendKeysKeyword.sendKeys(SendKeysKeyword.groovy:60)&#xD;
	at com.kms.katalon.core.webui.keyword.builtin.SendKeysKeyword.execute(SendKeysKeyword.groovy:38)&#xD;
	at com.kms.katalon.core.keyword.internal.KeywordExecutor.executeKeywordForPlatform(KeywordExecutor.groovy:56)&#xD;
	at com.kms.katalon.core.webui.keyword.WebUiBuiltInKeywords.sendKeys(WebUiBuiltInKeywords.groovy:834)&#xD;
	at com.kms.katalon.core.webui.keyword.WebUiBuiltInKeywords$sendKeys$1.call(Unknown Source)&#xD;
	at Script1588401831350.run(Script1588401831350.groovy:16)&#xD;
	at com.kms.katalon.core.main.ScriptEngine.run(ScriptEngine.java:194)&#xD;
	at com.kms.katalon.core.main.ScriptEngine.runScriptAsRawText(ScriptEngine.java:119)&#xD;
	at com.kms.katalon.core.main.TestCaseExecutor.runScript(TestCaseExecutor.java:337)&#xD;
	at com.kms.katalon.core.main.TestCaseExecutor.doExecute(TestCaseExecutor.java:328)&#xD;
	at com.kms.katalon.core.main.TestCaseExecutor.processExecutionPhase(TestCaseExecutor.java:307)&#xD;
	at com.kms.katalon.core.main.TestCaseExecutor.accessMainPhase(TestCaseExecutor.java:299)&#xD;
	at com.kms.katalon.core.main.TestCaseExecutor.execute(TestCaseExecutor.java:233)&#xD;
	at com.kms.katalon.core.main.TestCaseMain.runTestCase(TestCaseMain.java:114)&#xD;
	at com.kms.katalon.core.keyword.builtin.CallTestCaseKeyword$_callTestCase_closure1.doCall(CallTestCaseKeyword.groovy:59)&#xD;
	at com.kms.katalon.core.keyword.builtin.CallTestCaseKeyword$_callTestCase_closure1.call(CallTestCaseKeyword.groovy)&#xD;
	at com.kms.katalon.core.keyword.internal.KeywordMain.runKeyword(KeywordMain.groovy:68)&#xD;
	at com.kms.katalon.core.keyword.builtin.CallTestCaseKeyword.callTestCase(CallTestCaseKeyword.groovy:81)&#xD;
	at com.kms.katalon.core.keyword.builtin.CallTestCaseKeyword.execute(CallTestCaseKeyword.groovy:44)&#xD;
	at com.kms.katalon.core.keyword.internal.KeywordExecutor.executeKeywordForPlatform(KeywordExecutor.groovy:56)&#xD;
	at com.kms.katalon.core.keyword.BuiltinKeywords.callTestCase(BuiltinKeywords.groovy:334)&#xD;
	at Script1589979247526.run(Script1589979247526.groovy:12)&#xD;
	... 13 more&#xD;
)&#xD;
[[ATTACHMENT|D:\\IMIbot.ai-Project\\Reports\\20200723_120951\\faqSuiteE2E\\20200723_120953\\1595488802325.png]]&#xD;
&#xD;
2020-07-23 12:50:03 - [MESSAGE][FAILED] - Unable to call Test Case 'Test Cases/Generic/successfulLogin_Test' (Root cause: com.kms.katalon.core.exception.StepFailedException: Call Test Case 'Test Cases/Generic/successfulLogin_Test' failed&#xD;
	at com.kms.katalon.core.keyword.builtin.CallTestCaseKeyword$_callTestCase_closure1.doCall(CallTestCaseKeyword.groovy:63)&#xD;
	at com.kms.katalon.core.keyword.builtin.CallTestCaseKeyword$_callTestCase_closure1.call(CallTestCaseKeyword.groovy)&#xD;
	at com.kms.katalon.core.keyword.internal.KeywordMain.runKeyword(KeywordMain.groovy:68)&#xD;
	at com.kms.katalon.core.keyword.builtin.CallTestCaseKeyword.callTestCase(CallTestCaseKeyword.groovy:81)&#xD;
	at com.kms.katalon.core.keyword.builtin.CallTestCaseKeyword.execute(CallTestCaseKeyword.groovy:44)&#xD;
	at com.kms.katalon.core.keyword.internal.KeywordExecutor.executeKeywordForPlatform(KeywordExecutor.groovy:56)&#xD;
	at com.kms.katalon.core.keyword.BuiltinKeywords.callTestCase(BuiltinKeywords.groovy:334)&#xD;
	at defaultQuestionInArticle_Test.run(defaultQuestionInArticle_Test:12)&#xD;
	at com.kms.katalon.core.main.ScriptEngine.run(ScriptEngine.java:194)&#xD;
	at com.kms.katalon.core.main.ScriptEngine.runScriptAsRawText(ScriptEngine.java:119)&#xD;
	at com.kms.katalon.core.main.TestCaseExecutor.runScript(TestCaseExecutor.java:337)&#xD;
	at com.kms.katalon.core.main.TestCaseExecutor.doExecute(TestCaseExecutor.java:328)&#xD;
	at com.kms.katalon.core.main.TestCaseExecutor.processExecutionPhase(TestCaseExecutor.java:307)&#xD;
	at com.kms.katalon.core.main.TestCaseExecutor.accessMainPhase(TestCaseExecutor.java:299)&#xD;
	at com.kms.katalon.core.main.TestCaseExecutor.execute(TestCaseExecutor.java:233)&#xD;
	at com.kms.katalon.core.main.TestSuiteExecutor.accessTestCaseMainPhase(TestSuiteExecutor.java:169)&#xD;
	at com.kms.katalon.core.main.TestSuiteExecutor.accessTestSuiteMainPhase(TestSuiteExecutor.java:142)&#xD;
	at com.kms.katalon.core.main.TestSuiteExecutor.execute(TestSuiteExecutor.java:91)&#xD;
	at com.kms.katalon.core.main.TestCaseMain.startTestSuite(TestCaseMain.java:157)&#xD;
	at com.kms.katalon.core.main.TestCaseMain$startTestSuite$0.call(Unknown Source)&#xD;
	at TempTestSuite1595486393596.run(TempTestSuite1595486393596.groovy:35)&#xD;
Caused by: com.kms.katalon.core.exception.StepFailedException: Unable to send keys 'narendra.n@imimobile.com' to object 'Object Repository/Input/username'&#xD;
	at com.kms.katalon.core.webui.keyword.internal.WebUIKeywordMain.stepFailed(WebUIKeywordMain.groovy:64)&#xD;
	at com.kms.katalon.core.webui.keyword.internal.WebUIKeywordMain.runKeyword(WebUIKeywordMain.groovy:26)&#xD;
	at com.kms.katalon.core.webui.keyword.builtin.SendKeysKeyword.sendKeys(SendKeysKeyword.groovy:60)&#xD;
	at com.kms.katalon.core.webui.keyword.builtin.SendKeysKeyword.execute(SendKeysKeyword.groovy:38)&#xD;
	at com.kms.katalon.core.keyword.internal.KeywordExecutor.executeKeywordForPlatform(KeywordExecutor.groovy:56)&#xD;
	at com.kms.katalon.core.webui.keyword.WebUiBuiltInKeywords.sendKeys(WebUiBuiltInKeywords.groovy:834)&#xD;
	at com.kms.katalon.core.webui.keyword.WebUiBuiltInKeywords$sendKeys$1.call(Unknown Source)&#xD;
	at successfulLogin_Test.run(successfulLogin_Test:16)&#xD;
	at com.kms.katalon.core.main.ScriptEngine.run(ScriptEngine.java:194)&#xD;
	at com.kms.katalon.core.main.ScriptEngine.runScriptAsRawText(ScriptEngine.java:119)&#xD;
	at com.kms.katalon.core.main.TestCaseExecutor.runScript(TestCaseExecutor.java:337)&#xD;
	at com.kms.katalon.core.main.TestCaseExecutor.doExecute(TestCaseExecutor.java:328)&#xD;
	at com.kms.katalon.core.main.TestCaseExecutor.processExecutionPhase(TestCaseExecutor.java:307)&#xD;
	at com.kms.katalon.core.main.TestCaseExecutor.accessMainPhase(TestCaseExecutor.java:299)&#xD;
	at com.kms.katalon.core.main.TestCaseExecutor.execute(TestCaseExecutor.java:233)&#xD;
	at com.kms.katalon.core.main.TestCaseMain.runTestCase(TestCaseMain.java:114)&#xD;
	at com.kms.katalon.core.keyword.builtin.CallTestCaseKeyword$_callTestCase_closure1.doCall(CallTestCaseKeyword.groovy:59)&#xD;
	... 20 more&#xD;
Caused by: com.kms.katalon.core.webui.exception.WebElementNotFoundException: Web element with id: 'Object Repository/Input/username' located by 'By.xpath: //*[@data-cy = 'login-email']' not found&#xD;
	at com.kms.katalon.core.webui.common.WebUiCommonHelper.findWebElement(WebUiCommonHelper.java:1097)&#xD;
	at com.kms.katalon.core.webui.keyword.internal.WebUIAbstractKeyword.findWebElement(WebUIAbstractKeyword.groovy:27)&#xD;
	at com.kms.katalon.core.webui.keyword.internal.WebUIAbstractKeyword.findWebElement(WebUIAbstractKeyword.groovy:26)&#xD;
	at com.kms.katalon.core.webui.keyword.builtin.SendKeysKeyword$_sendKeys_closure1.doCall(SendKeysKeyword.groovy:52)&#xD;
	at com.kms.katalon.core.webui.keyword.builtin.SendKeysKeyword$_sendKeys_closure1.call(SendKeysKeyword.groovy)&#xD;
	at com.kms.katalon.core.webui.keyword.internal.WebUIKeywordMain.runKeyword(WebUIKeywordMain.groovy:20)&#xD;
	... 35 more&#xD;
)</system-out>
            <system-err>2020-07-23 12:49:31 - [TEST_CASE][FAILED] - Test Cases/Faqbot/defaultQuestionInArticle_Test: Test Cases/Faqbot/defaultQuestionInArticle_Test FAILED.
Reason:
com.kms.katalon.core.exception.StepFailedException: Call Test Case 'Test Cases/Generic/successfulLogin_Test' failed&#xD;
	at com.kms.katalon.core.keyword.builtin.CallTestCaseKeyword$_callTestCase_closure1.doCall(CallTestCaseKeyword.groovy:63)&#xD;
	at com.kms.katalon.core.keyword.builtin.CallTestCaseKeyword$_callTestCase_closure1.call(CallTestCaseKeyword.groovy)&#xD;
	at com.kms.katalon.core.keyword.internal.KeywordMain.runKeyword(KeywordMain.groovy:68)&#xD;
	at com.kms.katalon.core.keyword.builtin.CallTestCaseKeyword.callTestCase(CallTestCaseKeyword.groovy:81)&#xD;
	at com.kms.katalon.core.keyword.builtin.CallTestCaseKeyword.execute(CallTestCaseKeyword.groovy:44)&#xD;
	at com.kms.katalon.core.keyword.internal.KeywordExecutor.executeKeywordForPlatform(KeywordExecutor.groovy:56)&#xD;
	at com.kms.katalon.core.keyword.BuiltinKeywords.callTestCase(BuiltinKeywords.groovy:334)&#xD;
	at defaultQuestionInArticle_Test.run(defaultQuestionInArticle_Test:12)&#xD;
	at com.kms.katalon.core.main.ScriptEngine.run(ScriptEngine.java:194)&#xD;
	at com.kms.katalon.core.main.ScriptEngine.runScriptAsRawText(ScriptEngine.java:119)&#xD;
	at com.kms.katalon.core.main.TestCaseExecutor.runScript(TestCaseExecutor.java:337)&#xD;
	at com.kms.katalon.core.main.TestCaseExecutor.doExecute(TestCaseExecutor.java:328)&#xD;
	at com.kms.katalon.core.main.TestCaseExecutor.processExecutionPhase(TestCaseExecutor.java:307)&#xD;
	at com.kms.katalon.core.main.TestCaseExecutor.accessMainPhase(TestCaseExecutor.java:299)&#xD;
	at com.kms.katalon.core.main.TestCaseExecutor.execute(TestCaseExecutor.java:233)&#xD;
	at com.kms.katalon.core.main.TestSuiteExecutor.accessTestCaseMainPhase(TestSuiteExecutor.java:169)&#xD;
	at com.kms.katalon.core.main.TestSuiteExecutor.accessTestSuiteMainPhase(TestSuiteExecutor.java:142)&#xD;
	at com.kms.katalon.core.main.TestSuiteExecutor.execute(TestSuiteExecutor.java:91)&#xD;
	at com.kms.katalon.core.main.TestCaseMain.startTestSuite(TestCaseMain.java:157)&#xD;
	at com.kms.katalon.core.main.TestCaseMain$startTestSuite$0.call(Unknown Source)&#xD;
	at TempTestSuite1595486393596.run(TempTestSuite1595486393596.groovy:35)&#xD;
Caused by: com.kms.katalon.core.exception.StepFailedException: Unable to send keys 'narendra.n@imimobile.com' to object 'Object Repository/Input/username'&#xD;
	at com.kms.katalon.core.webui.keyword.internal.WebUIKeywordMain.stepFailed(WebUIKeywordMain.groovy:64)&#xD;
	at com.kms.katalon.core.webui.keyword.internal.WebUIKeywordMain.runKeyword(WebUIKeywordMain.groovy:26)&#xD;
	at com.kms.katalon.core.webui.keyword.builtin.SendKeysKeyword.sendKeys(SendKeysKeyword.groovy:60)&#xD;
	at com.kms.katalon.core.webui.keyword.builtin.SendKeysKeyword.execute(SendKeysKeyword.groovy:38)&#xD;
	at com.kms.katalon.core.keyword.internal.KeywordExecutor.executeKeywordForPlatform(KeywordExecutor.groovy:56)&#xD;
	at com.kms.katalon.core.webui.keyword.WebUiBuiltInKeywords.sendKeys(WebUiBuiltInKeywords.groovy:834)&#xD;
	at com.kms.katalon.core.webui.keyword.WebUiBuiltInKeywords$sendKeys$1.call(Unknown Source)&#xD;
	at successfulLogin_Test.run(successfulLogin_Test:16)&#xD;
	at com.kms.katalon.core.main.ScriptEngine.run(ScriptEngine.java:194)&#xD;
	at com.kms.katalon.core.main.ScriptEngine.runScriptAsRawText(ScriptEngine.java:119)&#xD;
	at com.kms.katalon.core.main.TestCaseExecutor.runScript(TestCaseExecutor.java:337)&#xD;
	at com.kms.katalon.core.main.TestCaseExecutor.doExecute(TestCaseExecutor.java:328)&#xD;
	at com.kms.katalon.core.main.TestCaseExecutor.processExecutionPhase(TestCaseExecutor.java:307)&#xD;
	at com.kms.katalon.core.main.TestCaseExecutor.accessMainPhase(TestCaseExecutor.java:299)&#xD;
	at com.kms.katalon.core.main.TestCaseExecutor.execute(TestCaseExecutor.java:233)&#xD;
	at com.kms.katalon.core.main.TestCaseMain.runTestCase(TestCaseMain.java:114)&#xD;
	at com.kms.katalon.core.keyword.builtin.CallTestCaseKeyword$_callTestCase_closure1.doCall(CallTestCaseKeyword.groovy:59)&#xD;
	... 20 more&#xD;
Caused by: com.kms.katalon.core.webui.exception.WebElementNotFoundException: Web element with id: 'Object Repository/Input/username' located by 'By.xpath: //*[@data-cy = 'login-email']' not found&#xD;
	at com.kms.katalon.core.webui.common.WebUiCommonHelper.findWebElement(WebUiCommonHelper.java:1097)&#xD;
	at com.kms.katalon.core.webui.keyword.internal.WebUIAbstractKeyword.findWebElement(WebUIAbstractKeyword.groovy:27)&#xD;
	at com.kms.katalon.core.webui.keyword.internal.WebUIAbstractKeyword.findWebElement(WebUIAbstractKeyword.groovy:26)&#xD;
	at com.kms.katalon.core.webui.keyword.builtin.SendKeysKeyword$_sendKeys_closure1.doCall(SendKeysKeyword.groovy:52)&#xD;
	at com.kms.katalon.core.webui.keyword.builtin.SendKeysKeyword$_sendKeys_closure1.call(SendKeysKeyword.groovy)&#xD;
	at com.kms.katalon.core.webui.keyword.internal.WebUIKeywordMain.runKeyword(WebUIKeywordMain.groovy:20)&#xD;
	... 35 more</system-err>
        </testcase>
        <testcase name="Test Cases/Faqbot/encryptionOnSessions_Test" classname="Test Cases/Faqbot/encryptionOnSessions_Test" status="FAILED">
            <failure type="FAILED" message="Test Cases/Faqbot/encryptionOnSessions_Test FAILED.&#xA;Reason:&#xA;com.kms.katalon.core.exception.StepFailedException: Unable to verify text 'Trained corpus' is present &#xD;&#xA;&#x9;at com.kms.katalon.core.webui.keyword.internal.WebUIKeywordMain.stepFailed(WebUIKeywordMain.groovy:64)&#xD;&#xA;&#x9;at com.kms.katalon.core.webui.keyword.internal.WebUIKeywordMain.runKeyword(WebUIKeywordMain.groovy:26)&#xD;&#xA;&#x9;at com.kms.katalon.core.webui.keyword.builtin.VerifyTextPresentKeyword.verifyTextPresent(VerifyTextPresentKeyword.groovy:83)&#xD;&#xA;&#x9;at com.kms.katalon.core.webui.keyword.builtin.VerifyTextPresentKeyword.execute(VerifyTextPresentKeyword.groovy:68)&#xD;&#xA;&#x9;at com.kms.katalon.core.keyword.internal.KeywordExecutor.executeKeywordForPlatform(KeywordExecutor.groovy:56)&#xD;&#xA;&#x9;at com.kms.katalon.core.webui.keyword.WebUiBuiltInKeywords.verifyTextPresent(WebUiBuiltInKeywords.groovy:1677)&#xD;&#xA;&#x9;at com.kms.katalon.core.webui.keyword.WebUiBuiltInKeywords$verifyTextPresent$19.call(Unknown Source)&#xD;&#xA;&#x9;at encryptionOnSessions_Test.run(encryptionOnSessions_Test:72)&#xD;&#xA;&#x9;at com.kms.katalon.core.main.ScriptEngine.run(ScriptEngine.java:194)&#xD;&#xA;&#x9;at com.kms.katalon.core.main.ScriptEngine.runScriptAsRawText(ScriptEngine.java:119)&#xD;&#xA;&#x9;at com.kms.katalon.core.main.TestCaseExecutor.runScript(TestCaseExecutor.java:337)&#xD;&#xA;&#x9;at com.kms.katalon.core.main.TestCaseExecutor.doExecute(TestCaseExecutor.java:328)&#xD;&#xA;&#x9;at com.kms.katalon.core.main.TestCaseExecutor.processExecutionPhase(TestCaseExecutor.java:307)&#xD;&#xA;&#x9;at com.kms.katalon.core.main.TestCaseExecutor.accessMainPhase(TestCaseExecutor.java:299)&#xD;&#xA;&#x9;at com.kms.katalon.core.main.TestCaseExecutor.execute(TestCaseExecutor.java:233)&#xD;&#xA;&#x9;at com.kms.katalon.core.main.TestSuiteExecutor.accessTestCaseMainPhase(TestSuiteExecutor.java:169)&#xD;&#xA;&#x9;at com.kms.katalon.core.main.TestSuiteExecutor.accessTestSuiteMainPhase(TestSuiteExecutor.java:142)&#xD;&#xA;&#x9;at com.kms.katalon.core.main.TestSuiteExecutor.execute(TestSuiteExecutor.java:91)&#xD;&#xA;&#x9;at com.kms.katalon.core.main.TestCaseMain.startTestSuite(TestCaseMain.java:157)&#xD;&#xA;&#x9;at com.kms.katalon.core.main.TestCaseMain$startTestSuite$0.call(Unknown Source)&#xD;&#xA;&#x9;at TempTestSuite1595486393596.run(TempTestSuite1595486393596.groovy:35)&#xD;&#xA;Caused by: com.kms.katalon.core.exception.StepFailedException: Text 'Trained corpus' is not present on page &#xD;&#xA;&#x9;at com.kms.katalon.core.webui.keyword.internal.WebUIKeywordMain.stepFailed(WebUIKeywordMain.groovy:64)&#xD;&#xA;&#x9;at com.kms.katalon.core.webui.keyword.builtin.VerifyTextPresentKeyword$_verifyTextPresent_closure1.doCall(VerifyTextPresentKeyword.groovy:79)&#xD;&#xA;&#x9;at com.kms.katalon.core.webui.keyword.builtin.VerifyTextPresentKeyword$_verifyTextPresent_closure1.call(VerifyTextPresentKeyword.groovy)&#xD;&#xA;&#x9;at com.kms.katalon.core.webui.keyword.internal.WebUIKeywordMain.runKeyword(WebUIKeywordMain.groovy:20)&#xD;&#xA;&#x9;... 19 more&#xD;&#xA;"/>
            <system-out>2020-07-23 12:50:03 - [TEST_CASE][FAILED] - Test Cases/Faqbot/encryptionOnSessions_Test: Test Cases/Faqbot/encryptionOnSessions_Test FAILED.
Reason:
com.kms.katalon.core.exception.StepFailedException: Unable to verify text 'Trained corpus' is present &#xD;
	at com.kms.katalon.core.webui.keyword.internal.WebUIKeywordMain.stepFailed(WebUIKeywordMain.groovy:64)&#xD;
	at com.kms.katalon.core.webui.keyword.internal.WebUIKeywordMain.runKeyword(WebUIKeywordMain.groovy:26)&#xD;
	at com.kms.katalon.core.webui.keyword.builtin.VerifyTextPresentKeyword.verifyTextPresent(VerifyTextPresentKeyword.groovy:83)&#xD;
	at com.kms.katalon.core.webui.keyword.builtin.VerifyTextPresentKeyword.execute(VerifyTextPresentKeyword.groovy:68)&#xD;
	at com.kms.katalon.core.keyword.internal.KeywordExecutor.executeKeywordForPlatform(KeywordExecutor.groovy:56)&#xD;
	at com.kms.katalon.core.webui.keyword.WebUiBuiltInKeywords.verifyTextPresent(WebUiBuiltInKeywords.groovy:1677)&#xD;
	at com.kms.katalon.core.webui.keyword.WebUiBuiltInKeywords$verifyTextPresent$19.call(Unknown Source)&#xD;
	at encryptionOnSessions_Test.run(encryptionOnSessions_Test:72)&#xD;
	at com.kms.katalon.core.main.ScriptEngine.run(ScriptEngine.java:194)&#xD;
	at com.kms.katalon.core.main.ScriptEngine.runScriptAsRawText(ScriptEngine.java:119)&#xD;
	at com.kms.katalon.core.main.TestCaseExecutor.runScript(TestCaseExecutor.java:337)&#xD;
	at com.kms.katalon.core.main.TestCaseExecutor.doExecute(TestCaseExecutor.java:328)&#xD;
	at com.kms.katalon.core.main.TestCaseExecutor.processExecutionPhase(TestCaseExecutor.java:307)&#xD;
	at com.kms.katalon.core.main.TestCaseExecutor.accessMainPhase(TestCaseExecutor.java:299)&#xD;
	at com.kms.katalon.core.main.TestCaseExecutor.execute(TestCaseExecutor.java:233)&#xD;
	at com.kms.katalon.core.main.TestSuiteExecutor.accessTestCaseMainPhase(TestSuiteExecutor.java:169)&#xD;
	at com.kms.katalon.core.main.TestSuiteExecutor.accessTestSuiteMainPhase(TestSuiteExecutor.java:142)&#xD;
	at com.kms.katalon.core.main.TestSuiteExecutor.execute(TestSuiteExecutor.java:91)&#xD;
	at com.kms.katalon.core.main.TestCaseMain.startTestSuite(TestCaseMain.java:157)&#xD;
	at com.kms.katalon.core.main.TestCaseMain$startTestSuite$0.call(Unknown Source)&#xD;
	at TempTestSuite1595486393596.run(TempTestSuite1595486393596.groovy:35)&#xD;
Caused by: com.kms.katalon.core.exception.StepFailedException: Text 'Trained corpus' is not present on page &#xD;
	at com.kms.katalon.core.webui.keyword.internal.WebUIKeywordMain.stepFailed(WebUIKeywordMain.groovy:64)&#xD;
	at com.kms.katalon.core.webui.keyword.builtin.VerifyTextPresentKeyword$_verifyTextPresent_closure1.doCall(VerifyTextPresentKeyword.groovy:79)&#xD;
	at com.kms.katalon.core.webui.keyword.builtin.VerifyTextPresentKeyword$_verifyTextPresent_closure1.call(VerifyTextPresentKeyword.groovy)&#xD;
	at com.kms.katalon.core.webui.keyword.internal.WebUIKeywordMain.runKeyword(WebUIKeywordMain.groovy:20)&#xD;
	... 19 more&#xD;
&#xD;
&#xD;
2020-07-23 12:50:04 - [TEST_STEP][PASSED] - Start listener action : setUp: Current window maximized&#xD;
&#xD;
2020-07-23 12:50:04 - [TEST_STEP][PASSED] - openBrowser(URL): Browser is opened with url: 'preprod.imibot.ai'&#xD;
&#xD;
2020-07-23 12:50:04 - [MESSAGE][WARNING] - A browser is already opened. Closing browser and opening a new one&#xD;
&#xD;
2020-07-23 12:50:06 - [MESSAGE][INFO] - Starting 'Edge' driver&#xD;
&#xD;
2020-07-23 12:50:19 - [MESSAGE][PASSED] - Browser is opened with url: 'preprod.imibot.ai'&#xD;
&#xD;
2020-07-23 12:50:19 - [TEST_STEP][PASSED] - maximizeWindow(): Current window maximized&#xD;
&#xD;
2020-07-23 12:50:21 - [MESSAGE][PASSED] - Current window maximized&#xD;
&#xD;
2020-07-23 12:50:22 - [TEST_STEP][PASSED] - callTestCase(findTestCase("Generic/successfulLogin_Test"), [:], STOP_ON_FAILURE): Call Test Case 'Test Cases/Generic/successfulLogin_Test' successfully&#xD;
&#xD;
2020-07-23 12:50:22 - [TEST_CASE][PASSED] - Test Cases/Generic/successfulLogin_Test: Test Cases/Generic/successfulLogin_Test&#xD;
&#xD;
2020-07-23 12:50:22 - [TEST_STEP][PASSED] - sendKeys(findTestObject("Input/username"), username): Keys 'narendra.n@imimobile.com' sent to object: 'Object Repository/Input/username'&#xD;
&#xD;
2020-07-23 12:50:24 - [MESSAGE][PASSED] - Keys 'narendra.n@imimobile.com' sent to object: 'Object Repository/Input/username'&#xD;
&#xD;
2020-07-23 12:50:24 - [TEST_STEP][PASSED] - sendKeys(findTestObject("Input/password"), password): Keys 'Test@2020' sent to object: 'Object Repository/Input/password'&#xD;
&#xD;
2020-07-23 12:50:27 - [MESSAGE][PASSED] - Keys 'Test@2020' sent to object: 'Object Repository/Input/password'&#xD;
&#xD;
2020-07-23 12:50:27 - [TEST_STEP][PASSED] - click(findTestObject("Button/signIn")): Object: 'Object Repository/Button/signIn' is clicked on&#xD;
&#xD;
2020-07-23 12:50:29 - [MESSAGE][PASSED] - Object: 'Object Repository/Button/signIn' is clicked on&#xD;
&#xD;
2020-07-23 12:50:29 - [TEST_STEP][PASSED] - if (!(waitForElementPresent(findTestObject("Button/createBot"), 30, OPTIONAL))): Object 'Object Repository/Button/createBot' is present&#xD;
&#xD;
2020-07-23 12:50:40 - [MESSAGE][PASSED] - Object 'Object Repository/Button/createBot' is present&#xD;
&#xD;
2020-07-23 12:50:40 - [MESSAGE][PASSED] - Call Test Case 'Test Cases/Generic/successfulLogin_Test' successfully&#xD;
&#xD;
2020-07-23 12:50:40 - [TEST_STEP][PASSED] - platform.Method.navigateToBot("Q&amp;A bots", FAQ_BOT): platform.Method.navigateToBot is PASSED&#xD;
&#xD;
2020-07-23 12:50:41 - [MESSAGE][PASSED] - Object 'Object Repository/Button/createBot' is present&#xD;
&#xD;
2020-07-23 12:50:43 - [MESSAGE][INFO] - Performing click action on bot&#xD;
&#xD;
2020-07-23 12:50:45 - [MESSAGE][PASSED] - platform.Method.navigateToBot is PASSED&#xD;
&#xD;
2020-07-23 12:50:45 - [TEST_STEP][PASSED] - delay(2): Delayed 2 second(s)&#xD;
&#xD;
2020-07-23 12:50:47 - [MESSAGE][PASSED] - Delayed 2 second(s)&#xD;
&#xD;
2020-07-23 12:50:47 - [TEST_STEP][PASSED] - platform.Method.enableADP(true): platform.Method.enableADP is PASSED&#xD;
&#xD;
2020-07-23 12:50:50 - [MESSAGE][PASSED] - Object 'Object Repository/Button/updateBot' is visible&#xD;
&#xD;
2020-07-23 12:51:00 - [MESSAGE][PASSED] - Object 'Object Repository/ICONS/toastMsg' is present&#xD;
&#xD;
2020-07-23 12:51:00 - [MESSAGE][PASSED] - platform.Method.enableADP is PASSED&#xD;
&#xD;
2020-07-23 12:51:00 - [TEST_STEP][PASSED] - platform.Method.toClickOnWebElement(findTestObject("Generic/session")): platform.Method.toClickOnWebElement is PASSED&#xD;
&#xD;
2020-07-23 12:51:03 - [MESSAGE][PASSED] - Object: 'Object Repository/Generic/session' is clicked on&#xD;
&#xD;
2020-07-23 12:51:03 - [MESSAGE][PASSED] - platform.Method.toClickOnWebElement is PASSED&#xD;
&#xD;
2020-07-23 12:51:03 - [TEST_STEP][PASSED] - verifyElementPresent(findTestObject("NewRepo2/adpLock"), 20, STOP_ON_FAILURE): Object 'Object Repository/NewRepo2/adpLock' is present&#xD;
&#xD;
2020-07-23 12:51:04 - [MESSAGE][PASSED] - Object 'Object Repository/NewRepo2/adpLock' is present&#xD;
&#xD;
2020-07-23 12:51:04 - [TEST_STEP][PASSED] - verifyTextPresent(ADP_TEXT_VALUE, false, STOP_ON_FAILURE): Text 'All the sessions are encrypted, use the decryption key to view individual session of interest' is present on page &#xD;
&#xD;
2020-07-23 12:51:08 - [MESSAGE][PASSED] - Text 'All the sessions are encrypted, use the decryption key to view individual session of interest' is present on page &#xD;
&#xD;
2020-07-23 12:51:08 - [TEST_STEP][PASSED] - platform.Session.decryptSession(roomID): platform.Session.decryptSession is PASSED&#xD;
&#xD;
2020-07-23 12:51:12 - [MESSAGE][PASSED] - Text '1983114' is set on object 'Object Repository/Input/roomID'&#xD;
&#xD;
2020-07-23 12:51:15 - [MESSAGE][PASSED] - Object 'Object Repository/Generic/webObjectWithText' is present&#xD;
&#xD;
2020-07-23 12:51:20 - [MESSAGE][PASSED] - Keys 'TEST' sent to object: 'Object Repository/Input/key'&#xD;
&#xD;
2020-07-23 12:51:22 - [MESSAGE][PASSED] - platform.Session.decryptSession is PASSED&#xD;
&#xD;
2020-07-23 12:51:22 - [TEST_STEP][PASSED] - verifyElementPresent(findTestObject("Generic/webObjectWithText", ["textValue":"Downvoted with comment"]), 10, STOP_ON_FAILURE): Object 'Object Repository/Generic/webObjectWithText' is present&#xD;
&#xD;
2020-07-23 12:51:23 - [MESSAGE][PASSED] - Object 'Object Repository/Generic/webObjectWithText' is present&#xD;
&#xD;
2020-07-23 12:51:23 - [TEST_STEP][PASSED] - platform.Method.toClickOnWebElement(findTestObject("GenericII/closePopup")): platform.Method.toClickOnWebElement is PASSED&#xD;
&#xD;
2020-07-23 12:51:26 - [MESSAGE][PASSED] - Object: 'Object Repository/GenericII/closePopup' is clicked on&#xD;
&#xD;
2020-07-23 12:51:26 - [MESSAGE][PASSED] - platform.Method.toClickOnWebElement is PASSED&#xD;
&#xD;
2020-07-23 12:51:26 - [TEST_STEP][PASSED] - verifyElementPresent(findTestObject("NewRepo2/unlockIcon"), 10, STOP_ON_FAILURE): Object 'Object Repository/NewRepo2/unlockIcon' is present&#xD;
&#xD;
2020-07-23 12:51:27 - [MESSAGE][PASSED] - Object 'Object Repository/NewRepo2/unlockIcon' is present&#xD;
&#xD;
2020-07-23 12:51:27 - [TEST_STEP][PASSED] - platform.Method.toClickOnWebElement(findTestObject("Button/dashboard")): platform.Method.toClickOnWebElement is PASSED&#xD;
&#xD;
2020-07-23 12:51:31 - [MESSAGE][PASSED] - Object: 'Object Repository/Button/dashboard' is clicked on&#xD;
&#xD;
2020-07-23 12:51:31 - [MESSAGE][PASSED] - platform.Method.toClickOnWebElement is PASSED&#xD;
&#xD;
2020-07-23 12:51:31 - [TEST_STEP][PASSED] - platform.Method.toClickOnWebElement(findTestObject("Button/enterpriseDropdown")): platform.Method.toClickOnWebElement is PASSED&#xD;
&#xD;
2020-07-23 12:51:35 - [MESSAGE][PASSED] - Object: 'Object Repository/Button/enterpriseDropdown' is clicked on&#xD;
&#xD;
2020-07-23 12:51:35 - [MESSAGE][PASSED] - platform.Method.toClickOnWebElement is PASSED&#xD;
&#xD;
2020-07-23 12:51:35 - [TEST_STEP][PASSED] - platform.Method.toClickOnWebElement(findTestObject("Button/signOut")): platform.Method.toClickOnWebElement is PASSED&#xD;
&#xD;
2020-07-23 12:51:38 - [MESSAGE][PASSED] - Object: 'Object Repository/Button/signOut' is clicked on&#xD;
&#xD;
2020-07-23 12:51:38 - [MESSAGE][PASSED] - platform.Method.toClickOnWebElement is PASSED&#xD;
&#xD;
2020-07-23 12:51:38 - [TEST_STEP][PASSED] - callTestCase(findTestCase("Generic/successfulLogin_Test"), [:], STOP_ON_FAILURE): Call Test Case 'Test Cases/Generic/successfulLogin_Test' successfully&#xD;
&#xD;
2020-07-23 12:51:38 - [TEST_CASE][PASSED] - Test Cases/Generic/successfulLogin_Test: Test Cases/Generic/successfulLogin_Test&#xD;
&#xD;
2020-07-23 12:51:38 - [TEST_STEP][PASSED] - sendKeys(findTestObject("Input/username"), username): Keys 'narendra.n@imimobile.com' sent to object: 'Object Repository/Input/username'&#xD;
&#xD;
2020-07-23 12:51:41 - [MESSAGE][PASSED] - Keys 'narendra.n@imimobile.com' sent to object: 'Object Repository/Input/username'&#xD;
&#xD;
2020-07-23 12:51:41 - [TEST_STEP][PASSED] - sendKeys(findTestObject("Input/password"), password): Keys 'Test@2020' sent to object: 'Object Repository/Input/password'&#xD;
&#xD;
2020-07-23 12:51:43 - [MESSAGE][PASSED] - Keys 'Test@2020' sent to object: 'Object Repository/Input/password'&#xD;
&#xD;
2020-07-23 12:51:43 - [TEST_STEP][PASSED] - click(findTestObject("Button/signIn")): Object: 'Object Repository/Button/signIn' is clicked on&#xD;
&#xD;
2020-07-23 12:51:45 - [MESSAGE][PASSED] - Object: 'Object Repository/Button/signIn' is clicked on&#xD;
&#xD;
2020-07-23 12:51:45 - [TEST_STEP][PASSED] - if (!(waitForElementPresent(findTestObject("Button/createBot"), 30, OPTIONAL))): Object 'Object Repository/Button/createBot' is present&#xD;
&#xD;
2020-07-23 12:51:54 - [MESSAGE][PASSED] - Object 'Object Repository/Button/createBot' is present&#xD;
&#xD;
2020-07-23 12:51:54 - [MESSAGE][PASSED] - Call Test Case 'Test Cases/Generic/successfulLogin_Test' successfully&#xD;
&#xD;
2020-07-23 12:51:54 - [TEST_STEP][PASSED] - platform.Method.navigateToBot("Q&amp;A bots", FAQ_BOT): platform.Method.navigateToBot is PASSED&#xD;
&#xD;
2020-07-23 12:51:56 - [MESSAGE][PASSED] - Object 'Object Repository/Button/createBot' is present&#xD;
&#xD;
2020-07-23 12:51:58 - [MESSAGE][INFO] - Performing click action on bot&#xD;
&#xD;
2020-07-23 12:52:00 - [MESSAGE][PASSED] - platform.Method.navigateToBot is PASSED&#xD;
&#xD;
2020-07-23 12:52:00 - [TEST_STEP][PASSED] - platform.Method.toClickOnWebElement(findTestObject("Generic/session")): platform.Method.toClickOnWebElement is PASSED&#xD;
&#xD;
2020-07-23 12:52:03 - [MESSAGE][PASSED] - Object: 'Object Repository/Generic/session' is clicked on&#xD;
&#xD;
2020-07-23 12:52:03 - [MESSAGE][PASSED] - platform.Method.toClickOnWebElement is PASSED&#xD;
&#xD;
2020-07-23 12:52:03 - [TEST_STEP][PASSED] - platform.Session.searchByRoomID(roomID): platform.Session.searchByRoomID is PASSED&#xD;
&#xD;
2020-07-23 12:52:07 - [MESSAGE][PASSED] - Text '1983114' is set on object 'Object Repository/Input/roomID'&#xD;
&#xD;
2020-07-23 12:52:09 - [MESSAGE][PASSED] - platform.Session.searchByRoomID is PASSED&#xD;
&#xD;
2020-07-23 12:52:09 - [TEST_STEP][PASSED] - verifyElementNotPresent(findTestObject("NewRepo2/unlockIcon"), 10, STOP_ON_FAILURE): Web element with id: 'Object Repository/NewRepo2/unlockIcon' located by 'By.xpath: //mat-icon[@name='lock_open']' is not present after '10' second(s)&#xD;
&#xD;
2020-07-23 12:52:10 - [MESSAGE][PASSED] - Web element with id: 'Object Repository/NewRepo2/unlockIcon' located by 'By.xpath: //mat-icon[@name='lock_open']' is not present after '10' second(s)&#xD;
&#xD;
2020-07-23 12:52:10 - [TEST_STEP][PASSED] - platform.Method.clickOnElement(findTestObject("Generic/curation")): platform.Method.clickOnElement is PASSED&#xD;
&#xD;
2020-07-23 12:52:12 - [MESSAGE][PASSED] - platform.Method.clickOnElement is PASSED&#xD;
&#xD;
2020-07-23 12:52:13 - [TEST_STEP][PASSED] - platform.Method.clickOnElement(findTestObject("Generic/webObjectWithText", ["textValue":"Issues"])): platform.Method.clickOnElement is PASSED&#xD;
&#xD;
2020-07-23 12:52:15 - [MESSAGE][PASSED] - platform.Method.clickOnElement is PASSED&#xD;
&#xD;
2020-07-23 12:52:15 - [TEST_STEP][PASSED] - inputKey = modifyObjectProperty(findTestObject("Input/key"), "xpath", "not equals", "//input[@name='qtext']", true): Modify property of object successfully&#xD;
&#xD;
2020-07-23 12:52:15 - [MESSAGE][PASSED] - Modify property of object successfully&#xD;
&#xD;
2020-07-23 12:52:15 - [TEST_STEP][PASSED] - setText(inputKey, "test"): Text 'test' is set on object 'Object Repository/Input/key'&#xD;
&#xD;
2020-07-23 12:52:18 - [MESSAGE][PASSED] - Text 'test' is set on object 'Object Repository/Input/key'&#xD;
&#xD;
2020-07-23 12:52:18 - [TEST_STEP][PASSED] - platform.Method.clickOnElement(findTestObject("ICONS/unlock")): platform.Method.clickOnElement is PASSED&#xD;
&#xD;
2020-07-23 12:52:20 - [MESSAGE][PASSED] - platform.Method.clickOnElement is PASSED&#xD;
&#xD;
2020-07-23 12:52:20 - [TEST_STEP][PASSED] - trainBtn = modifyObjectProperty(findTestObject("Button/train"), "xpath", "not equals", "//span[text()=' Train ']", true): Modify property of object successfully&#xD;
&#xD;
2020-07-23 12:52:20 - [MESSAGE][PASSED] - Modify property of object successfully&#xD;
&#xD;
2020-07-23 12:52:20 - [TEST_STEP][PASSED] - if (verifyTextPresent("Saved corpus", false, OPTIONAL)): Text 'Saved corpus' is not present on page  (Root cause: com.kms.katalon.core.exception.StepFailedException: Text 'Saved corpus' is not present on page &#xD;
	at com.kms.katalon.core.webui.keyword.internal.WebUIKeywordMain.stepFailed(WebUIKeywordMain.groovy:64)&#xD;
	at com.kms.katalon.core.webui.keyword.builtin.VerifyTextPresentKeyword$_verifyTextPresent_closure1.doCall(VerifyTextPresentKeyword.groovy:79)&#xD;
	at com.kms.katalon.core.webui.keyword.builtin.VerifyTextPresentKeyword$_verifyTextPresent_closure1.call(VerifyTextPresentKeyword.groovy)&#xD;
	at com.kms.katalon.core.webui.keyword.internal.WebUIKeywordMain.runKeyword(WebUIKeywordMain.groovy:20)&#xD;
	at com.kms.katalon.core.webui.keyword.builtin.VerifyTextPresentKeyword.verifyTextPresent(VerifyTextPresentKeyword.groovy:83)&#xD;
	at com.kms.katalon.core.webui.keyword.builtin.VerifyTextPresentKeyword.execute(VerifyTextPresentKeyword.groovy:68)&#xD;
	at com.kms.katalon.core.keyword.internal.KeywordExecutor.executeKeywordForPlatform(KeywordExecutor.groovy:56)&#xD;
	at com.kms.katalon.core.webui.keyword.WebUiBuiltInKeywords.verifyTextPresent(WebUiBuiltInKeywords.groovy:1677)&#xD;
	at com.kms.katalon.core.webui.keyword.WebUiBuiltInKeywords$verifyTextPresent$19.call(Unknown Source)&#xD;
	at encryptionOnSessions_Test.run(encryptionOnSessions_Test:69)&#xD;
	at com.kms.katalon.core.main.ScriptEngine.run(ScriptEngine.java:194)&#xD;
	at com.kms.katalon.core.main.ScriptEngine.runScriptAsRawText(ScriptEngine.java:119)&#xD;
	at com.kms.katalon.core.main.TestCaseExecutor.runScript(TestCaseExecutor.java:337)&#xD;
	at com.kms.katalon.core.main.TestCaseExecutor.doExecute(TestCaseExecutor.java:328)&#xD;
	at com.kms.katalon.core.main.TestCaseExecutor.processExecutionPhase(TestCaseExecutor.java:307)&#xD;
	at com.kms.katalon.core.main.TestCaseExecutor.accessMainPhase(TestCaseExecutor.java:299)&#xD;
	at com.kms.katalon.core.main.TestCaseExecutor.execute(TestCaseExecutor.java:233)&#xD;
	at com.kms.katalon.core.main.TestSuiteExecutor.accessTestCaseMainPhase(TestSuiteExecutor.java:169)&#xD;
	at com.kms.katalon.core.main.TestSuiteExecutor.accessTestSuiteMainPhase(TestSuiteExecutor.java:142)&#xD;
	at com.kms.katalon.core.main.TestSuiteExecutor.execute(TestSuiteExecutor.java:91)&#xD;
	at com.kms.katalon.core.main.TestCaseMain.startTestSuite(TestCaseMain.java:157)&#xD;
	at com.kms.katalon.core.main.TestCaseMain$startTestSuite$0.call(Unknown Source)&#xD;
	at TempTestSuite1595486393596.run(TempTestSuite1595486393596.groovy:35)&#xD;
)&#xD;
&#xD;
2020-07-23 12:52:23 - [MESSAGE][WARNING] - Text 'Saved corpus' is not present on page  (Root cause: com.kms.katalon.core.exception.StepFailedException: Text 'Saved corpus' is not present on page &#xD;
	at com.kms.katalon.core.webui.keyword.internal.WebUIKeywordMain.stepFailed(WebUIKeywordMain.groovy:64)&#xD;
	at com.kms.katalon.core.webui.keyword.builtin.VerifyTextPresentKeyword$_verifyTextPresent_closure1.doCall(VerifyTextPresentKeyword.groovy:79)&#xD;
	at com.kms.katalon.core.webui.keyword.builtin.VerifyTextPresentKeyword$_verifyTextPresent_closure1.call(VerifyTextPresentKeyword.groovy)&#xD;
	at com.kms.katalon.core.webui.keyword.internal.WebUIKeywordMain.runKeyword(WebUIKeywordMain.groovy:20)&#xD;
	at com.kms.katalon.core.webui.keyword.builtin.VerifyTextPresentKeyword.verifyTextPresent(VerifyTextPresentKeyword.groovy:83)&#xD;
	at com.kms.katalon.core.webui.keyword.builtin.VerifyTextPresentKeyword.execute(VerifyTextPresentKeyword.groovy:68)&#xD;
	at com.kms.katalon.core.keyword.internal.KeywordExecutor.executeKeywordForPlatform(KeywordExecutor.groovy:56)&#xD;
	at com.kms.katalon.core.webui.keyword.WebUiBuiltInKeywords.verifyTextPresent(WebUiBuiltInKeywords.groovy:1677)&#xD;
	at com.kms.katalon.core.webui.keyword.WebUiBuiltInKeywords$verifyTextPresent$19.call(Unknown Source)&#xD;
	at encryptionOnSessions_Test.run(encryptionOnSessions_Test:69)&#xD;
	at com.kms.katalon.core.main.ScriptEngine.run(ScriptEngine.java:194)&#xD;
	at com.kms.katalon.core.main.ScriptEngine.runScriptAsRawText(ScriptEngine.java:119)&#xD;
	at com.kms.katalon.core.main.TestCaseExecutor.runScript(TestCaseExecutor.java:337)&#xD;
	at com.kms.katalon.core.main.TestCaseExecutor.doExecute(TestCaseExecutor.java:328)&#xD;
	at com.kms.katalon.core.main.TestCaseExecutor.processExecutionPhase(TestCaseExecutor.java:307)&#xD;
	at com.kms.katalon.core.main.TestCaseExecutor.accessMainPhase(TestCaseExecutor.java:299)&#xD;
	at com.kms.katalon.core.main.TestCaseExecutor.execute(TestCaseExecutor.java:233)&#xD;
	at com.kms.katalon.core.main.TestSuiteExecutor.accessTestCaseMainPhase(TestSuiteExecutor.java:169)&#xD;
	at com.kms.katalon.core.main.TestSuiteExecutor.accessTestSuiteMainPhase(TestSuiteExecutor.java:142)&#xD;
	at com.kms.katalon.core.main.TestSuiteExecutor.execute(TestSuiteExecutor.java:91)&#xD;
	at com.kms.katalon.core.main.TestCaseMain.startTestSuite(TestCaseMain.java:157)&#xD;
	at com.kms.katalon.core.main.TestCaseMain$startTestSuite$0.call(Unknown Source)&#xD;
	at TempTestSuite1595486393596.run(TempTestSuite1595486393596.groovy:35)&#xD;
)&#xD;
&#xD;
2020-07-23 12:52:23 - [TEST_STEP][FAILED] - else: Unable to verify text 'Trained corpus' is present  (Root cause: com.kms.katalon.core.exception.StepFailedException: Unable to verify text 'Trained corpus' is present &#xD;
	at com.kms.katalon.core.webui.keyword.internal.WebUIKeywordMain.stepFailed(WebUIKeywordMain.groovy:64)&#xD;
	at com.kms.katalon.core.webui.keyword.internal.WebUIKeywordMain.runKeyword(WebUIKeywordMain.groovy:26)&#xD;
	at com.kms.katalon.core.webui.keyword.builtin.VerifyTextPresentKeyword.verifyTextPresent(VerifyTextPresentKeyword.groovy:83)&#xD;
	at com.kms.katalon.core.webui.keyword.builtin.VerifyTextPresentKeyword.execute(VerifyTextPresentKeyword.groovy:68)&#xD;
	at com.kms.katalon.core.keyword.internal.KeywordExecutor.executeKeywordForPlatform(KeywordExecutor.groovy:56)&#xD;
	at com.kms.katalon.core.webui.keyword.WebUiBuiltInKeywords.verifyTextPresent(WebUiBuiltInKeywords.groovy:1677)&#xD;
	at com.kms.katalon.core.webui.keyword.WebUiBuiltInKeywords$verifyTextPresent$19.call(Unknown Source)&#xD;
	at encryptionOnSessions_Test.run(encryptionOnSessions_Test:72)&#xD;
	at com.kms.katalon.core.main.ScriptEngine.run(ScriptEngine.java:194)&#xD;
	at com.kms.katalon.core.main.ScriptEngine.runScriptAsRawText(ScriptEngine.java:119)&#xD;
	at com.kms.katalon.core.main.TestCaseExecutor.runScript(TestCaseExecutor.java:337)&#xD;
	at com.kms.katalon.core.main.TestCaseExecutor.doExecute(TestCaseExecutor.java:328)&#xD;
	at com.kms.katalon.core.main.TestCaseExecutor.processExecutionPhase(TestCaseExecutor.java:307)&#xD;
	at com.kms.katalon.core.main.TestCaseExecutor.accessMainPhase(TestCaseExecutor.java:299)&#xD;
	at com.kms.katalon.core.main.TestCaseExecutor.execute(TestCaseExecutor.java:233)&#xD;
	at com.kms.katalon.core.main.TestSuiteExecutor.accessTestCaseMainPhase(TestSuiteExecutor.java:169)&#xD;
	at com.kms.katalon.core.main.TestSuiteExecutor.accessTestSuiteMainPhase(TestSuiteExecutor.java:142)&#xD;
	at com.kms.katalon.core.main.TestSuiteExecutor.execute(TestSuiteExecutor.java:91)&#xD;
	at com.kms.katalon.core.main.TestCaseMain.startTestSuite(TestCaseMain.java:157)&#xD;
	at com.kms.katalon.core.main.TestCaseMain$startTestSuite$0.call(Unknown Source)&#xD;
	at TempTestSuite1595486393596.run(TempTestSuite1595486393596.groovy:35)&#xD;
Caused by: com.kms.katalon.core.exception.StepFailedException: Text 'Trained corpus' is not present on page &#xD;
	at com.kms.katalon.core.webui.keyword.internal.WebUIKeywordMain.stepFailed(WebUIKeywordMain.groovy:64)&#xD;
	at com.kms.katalon.core.webui.keyword.builtin.VerifyTextPresentKeyword$_verifyTextPresent_closure1.doCall(VerifyTextPresentKeyword.groovy:79)&#xD;
	at com.kms.katalon.core.webui.keyword.builtin.VerifyTextPresentKeyword$_verifyTextPresent_closure1.call(VerifyTextPresentKeyword.groovy)&#xD;
	at com.kms.katalon.core.webui.keyword.internal.WebUIKeywordMain.runKeyword(WebUIKeywordMain.groovy:20)&#xD;
	... 19 more&#xD;
)&#xD;
&#xD;
2020-07-23 12:52:23 - [TEST_STEP][FAILED] - verifyTextPresent("Trained corpus", false, STOP_ON_FAILURE): Unable to verify text 'Trained corpus' is present  (Root cause: com.kms.katalon.core.exception.StepFailedException: Unable to verify text 'Trained corpus' is present &#xD;
	at com.kms.katalon.core.webui.keyword.internal.WebUIKeywordMain.stepFailed(WebUIKeywordMain.groovy:64)&#xD;
	at com.kms.katalon.core.webui.keyword.internal.WebUIKeywordMain.runKeyword(WebUIKeywordMain.groovy:26)&#xD;
	at com.kms.katalon.core.webui.keyword.builtin.VerifyTextPresentKeyword.verifyTextPresent(VerifyTextPresentKeyword.groovy:83)&#xD;
	at com.kms.katalon.core.webui.keyword.builtin.VerifyTextPresentKeyword.execute(VerifyTextPresentKeyword.groovy:68)&#xD;
	at com.kms.katalon.core.keyword.internal.KeywordExecutor.executeKeywordForPlatform(KeywordExecutor.groovy:56)&#xD;
	at com.kms.katalon.core.webui.keyword.WebUiBuiltInKeywords.verifyTextPresent(WebUiBuiltInKeywords.groovy:1677)&#xD;
	at com.kms.katalon.core.webui.keyword.WebUiBuiltInKeywords$verifyTextPresent$19.call(Unknown Source)&#xD;
	at encryptionOnSessions_Test.run(encryptionOnSessions_Test:72)&#xD;
	at com.kms.katalon.core.main.ScriptEngine.run(ScriptEngine.java:194)&#xD;
	at com.kms.katalon.core.main.ScriptEngine.runScriptAsRawText(ScriptEngine.java:119)&#xD;
	at com.kms.katalon.core.main.TestCaseExecutor.runScript(TestCaseExecutor.java:337)&#xD;
	at com.kms.katalon.core.main.TestCaseExecutor.doExecute(TestCaseExecutor.java:328)&#xD;
	at com.kms.katalon.core.main.TestCaseExecutor.processExecutionPhase(TestCaseExecutor.java:307)&#xD;
	at com.kms.katalon.core.main.TestCaseExecutor.accessMainPhase(TestCaseExecutor.java:299)&#xD;
	at com.kms.katalon.core.main.TestCaseExecutor.execute(TestCaseExecutor.java:233)&#xD;
	at com.kms.katalon.core.main.TestSuiteExecutor.accessTestCaseMainPhase(TestSuiteExecutor.java:169)&#xD;
	at com.kms.katalon.core.main.TestSuiteExecutor.accessTestSuiteMainPhase(TestSuiteExecutor.java:142)&#xD;
	at com.kms.katalon.core.main.TestSuiteExecutor.execute(TestSuiteExecutor.java:91)&#xD;
	at com.kms.katalon.core.main.TestCaseMain.startTestSuite(TestCaseMain.java:157)&#xD;
	at com.kms.katalon.core.main.TestCaseMain$startTestSuite$0.call(Unknown Source)&#xD;
	at TempTestSuite1595486393596.run(TempTestSuite1595486393596.groovy:35)&#xD;
Caused by: com.kms.katalon.core.exception.StepFailedException: Text 'Trained corpus' is not present on page &#xD;
	at com.kms.katalon.core.webui.keyword.internal.WebUIKeywordMain.stepFailed(WebUIKeywordMain.groovy:64)&#xD;
	at com.kms.katalon.core.webui.keyword.builtin.VerifyTextPresentKeyword$_verifyTextPresent_closure1.doCall(VerifyTextPresentKeyword.groovy:79)&#xD;
	at com.kms.katalon.core.webui.keyword.builtin.VerifyTextPresentKeyword$_verifyTextPresent_closure1.call(VerifyTextPresentKeyword.groovy)&#xD;
	at com.kms.katalon.core.webui.keyword.internal.WebUIKeywordMain.runKeyword(WebUIKeywordMain.groovy:20)&#xD;
	... 19 more&#xD;
)&#xD;
&#xD;
2020-07-23 12:52:26 - [MESSAGE][FAILED] - Text 'Trained corpus' is not present on page  (Root cause: com.kms.katalon.core.exception.StepFailedException: Text 'Trained corpus' is not present on page &#xD;
	at com.kms.katalon.core.webui.keyword.internal.WebUIKeywordMain.stepFailed(WebUIKeywordMain.groovy:64)&#xD;
	at com.kms.katalon.core.webui.keyword.builtin.VerifyTextPresentKeyword$_verifyTextPresent_closure1.doCall(VerifyTextPresentKeyword.groovy:79)&#xD;
	at com.kms.katalon.core.webui.keyword.builtin.VerifyTextPresentKeyword$_verifyTextPresent_closure1.call(VerifyTextPresentKeyword.groovy)&#xD;
	at com.kms.katalon.core.webui.keyword.internal.WebUIKeywordMain.runKeyword(WebUIKeywordMain.groovy:20)&#xD;
	at com.kms.katalon.core.webui.keyword.builtin.VerifyTextPresentKeyword.verifyTextPresent(VerifyTextPresentKeyword.groovy:83)&#xD;
	at com.kms.katalon.core.webui.keyword.builtin.VerifyTextPresentKeyword.execute(VerifyTextPresentKeyword.groovy:68)&#xD;
	at com.kms.katalon.core.keyword.internal.KeywordExecutor.executeKeywordForPlatform(KeywordExecutor.groovy:56)&#xD;
	at com.kms.katalon.core.webui.keyword.WebUiBuiltInKeywords.verifyTextPresent(WebUiBuiltInKeywords.groovy:1677)&#xD;
	at com.kms.katalon.core.webui.keyword.WebUiBuiltInKeywords$verifyTextPresent$19.call(Unknown Source)&#xD;
	at encryptionOnSessions_Test.run(encryptionOnSessions_Test:72)&#xD;
	at com.kms.katalon.core.main.ScriptEngine.run(ScriptEngine.java:194)&#xD;
	at com.kms.katalon.core.main.ScriptEngine.runScriptAsRawText(ScriptEngine.java:119)&#xD;
	at com.kms.katalon.core.main.TestCaseExecutor.runScript(TestCaseExecutor.java:337)&#xD;
	at com.kms.katalon.core.main.TestCaseExecutor.doExecute(TestCaseExecutor.java:328)&#xD;
	at com.kms.katalon.core.main.TestCaseExecutor.processExecutionPhase(TestCaseExecutor.java:307)&#xD;
	at com.kms.katalon.core.main.TestCaseExecutor.accessMainPhase(TestCaseExecutor.java:299)&#xD;
	at com.kms.katalon.core.main.TestCaseExecutor.execute(TestCaseExecutor.java:233)&#xD;
	at com.kms.katalon.core.main.TestSuiteExecutor.accessTestCaseMainPhase(TestSuiteExecutor.java:169)&#xD;
	at com.kms.katalon.core.main.TestSuiteExecutor.accessTestSuiteMainPhase(TestSuiteExecutor.java:142)&#xD;
	at com.kms.katalon.core.main.TestSuiteExecutor.execute(TestSuiteExecutor.java:91)&#xD;
	at com.kms.katalon.core.main.TestCaseMain.startTestSuite(TestCaseMain.java:157)&#xD;
	at com.kms.katalon.core.main.TestCaseMain$startTestSuite$0.call(Unknown Source)&#xD;
	at TempTestSuite1595486393596.run(TempTestSuite1595486393596.groovy:35)&#xD;
)&#xD;
&#xD;
2020-07-23 12:52:27 - [MESSAGE][FAILED] - Unable to verify text 'Trained corpus' is present  (Root cause: com.kms.katalon.core.exception.StepFailedException: Unable to verify text 'Trained corpus' is present &#xD;
	at com.kms.katalon.core.webui.keyword.internal.WebUIKeywordMain.stepFailed(WebUIKeywordMain.groovy:64)&#xD;
	at com.kms.katalon.core.webui.keyword.internal.WebUIKeywordMain.runKeyword(WebUIKeywordMain.groovy:26)&#xD;
	at com.kms.katalon.core.webui.keyword.builtin.VerifyTextPresentKeyword.verifyTextPresent(VerifyTextPresentKeyword.groovy:83)&#xD;
	at com.kms.katalon.core.webui.keyword.builtin.VerifyTextPresentKeyword.execute(VerifyTextPresentKeyword.groovy:68)&#xD;
	at com.kms.katalon.core.keyword.internal.KeywordExecutor.executeKeywordForPlatform(KeywordExecutor.groovy:56)&#xD;
	at com.kms.katalon.core.webui.keyword.WebUiBuiltInKeywords.verifyTextPresent(WebUiBuiltInKeywords.groovy:1677)&#xD;
	at com.kms.katalon.core.webui.keyword.WebUiBuiltInKeywords$verifyTextPresent$19.call(Unknown Source)&#xD;
	at encryptionOnSessions_Test.run(encryptionOnSessions_Test:72)&#xD;
	at com.kms.katalon.core.main.ScriptEngine.run(ScriptEngine.java:194)&#xD;
	at com.kms.katalon.core.main.ScriptEngine.runScriptAsRawText(ScriptEngine.java:119)&#xD;
	at com.kms.katalon.core.main.TestCaseExecutor.runScript(TestCaseExecutor.java:337)&#xD;
	at com.kms.katalon.core.main.TestCaseExecutor.doExecute(TestCaseExecutor.java:328)&#xD;
	at com.kms.katalon.core.main.TestCaseExecutor.processExecutionPhase(TestCaseExecutor.java:307)&#xD;
	at com.kms.katalon.core.main.TestCaseExecutor.accessMainPhase(TestCaseExecutor.java:299)&#xD;
	at com.kms.katalon.core.main.TestCaseExecutor.execute(TestCaseExecutor.java:233)&#xD;
	at com.kms.katalon.core.main.TestSuiteExecutor.accessTestCaseMainPhase(TestSuiteExecutor.java:169)&#xD;
	at com.kms.katalon.core.main.TestSuiteExecutor.accessTestSuiteMainPhase(TestSuiteExecutor.java:142)&#xD;
	at com.kms.katalon.core.main.TestSuiteExecutor.execute(TestSuiteExecutor.java:91)&#xD;
	at com.kms.katalon.core.main.TestCaseMain.startTestSuite(TestCaseMain.java:157)&#xD;
	at com.kms.katalon.core.main.TestCaseMain$startTestSuite$0.call(Unknown Source)&#xD;
	at TempTestSuite1595486393596.run(TempTestSuite1595486393596.groovy:35)&#xD;
Caused by: com.kms.katalon.core.exception.StepFailedException: Text 'Trained corpus' is not present on page &#xD;
	at com.kms.katalon.core.webui.keyword.internal.WebUIKeywordMain.stepFailed(WebUIKeywordMain.groovy:64)&#xD;
	at com.kms.katalon.core.webui.keyword.builtin.VerifyTextPresentKeyword$_verifyTextPresent_closure1.doCall(VerifyTextPresentKeyword.groovy:79)&#xD;
	at com.kms.katalon.core.webui.keyword.builtin.VerifyTextPresentKeyword$_verifyTextPresent_closure1.call(VerifyTextPresentKeyword.groovy)&#xD;
	at com.kms.katalon.core.webui.keyword.internal.WebUIKeywordMain.runKeyword(WebUIKeywordMain.groovy:20)&#xD;
	... 19 more&#xD;
)&#xD;
[[ATTACHMENT|D:\\IMIbot.ai-Project\\Reports\\20200723_120951\\faqSuiteE2E\\20200723_120953\\1595488946442.png]]</system-out>
            <system-err>2020-07-23 12:50:03 - [TEST_CASE][FAILED] - Test Cases/Faqbot/encryptionOnSessions_Test: Test Cases/Faqbot/encryptionOnSessions_Test FAILED.
Reason:
com.kms.katalon.core.exception.StepFailedException: Unable to verify text 'Trained corpus' is present &#xD;
	at com.kms.katalon.core.webui.keyword.internal.WebUIKeywordMain.stepFailed(WebUIKeywordMain.groovy:64)&#xD;
	at com.kms.katalon.core.webui.keyword.internal.WebUIKeywordMain.runKeyword(WebUIKeywordMain.groovy:26)&#xD;
	at com.kms.katalon.core.webui.keyword.builtin.VerifyTextPresentKeyword.verifyTextPresent(VerifyTextPresentKeyword.groovy:83)&#xD;
	at com.kms.katalon.core.webui.keyword.builtin.VerifyTextPresentKeyword.execute(VerifyTextPresentKeyword.groovy:68)&#xD;
	at com.kms.katalon.core.keyword.internal.KeywordExecutor.executeKeywordForPlatform(KeywordExecutor.groovy:56)&#xD;
	at com.kms.katalon.core.webui.keyword.WebUiBuiltInKeywords.verifyTextPresent(WebUiBuiltInKeywords.groovy:1677)&#xD;
	at com.kms.katalon.core.webui.keyword.WebUiBuiltInKeywords$verifyTextPresent$19.call(Unknown Source)&#xD;
	at encryptionOnSessions_Test.run(encryptionOnSessions_Test:72)&#xD;
	at com.kms.katalon.core.main.ScriptEngine.run(ScriptEngine.java:194)&#xD;
	at com.kms.katalon.core.main.ScriptEngine.runScriptAsRawText(ScriptEngine.java:119)&#xD;
	at com.kms.katalon.core.main.TestCaseExecutor.runScript(TestCaseExecutor.java:337)&#xD;
	at com.kms.katalon.core.main.TestCaseExecutor.doExecute(TestCaseExecutor.java:328)&#xD;
	at com.kms.katalon.core.main.TestCaseExecutor.processExecutionPhase(TestCaseExecutor.java:307)&#xD;
	at com.kms.katalon.core.main.TestCaseExecutor.accessMainPhase(TestCaseExecutor.java:299)&#xD;
	at com.kms.katalon.core.main.TestCaseExecutor.execute(TestCaseExecutor.java:233)&#xD;
	at com.kms.katalon.core.main.TestSuiteExecutor.accessTestCaseMainPhase(TestSuiteExecutor.java:169)&#xD;
	at com.kms.katalon.core.main.TestSuiteExecutor.accessTestSuiteMainPhase(TestSuiteExecutor.java:142)&#xD;
	at com.kms.katalon.core.main.TestSuiteExecutor.execute(TestSuiteExecutor.java:91)&#xD;
	at com.kms.katalon.core.main.TestCaseMain.startTestSuite(TestCaseMain.java:157)&#xD;
	at com.kms.katalon.core.main.TestCaseMain$startTestSuite$0.call(Unknown Source)&#xD;
	at TempTestSuite1595486393596.run(TempTestSuite1595486393596.groovy:35)&#xD;
Caused by: com.kms.katalon.core.exception.StepFailedException: Text 'Trained corpus' is not present on page &#xD;
	at com.kms.katalon.core.webui.keyword.internal.WebUIKeywordMain.stepFailed(WebUIKeywordMain.groovy:64)&#xD;
	at com.kms.katalon.core.webui.keyword.builtin.VerifyTextPresentKeyword$_verifyTextPresent_closure1.doCall(VerifyTextPresentKeyword.groovy:79)&#xD;
	at com.kms.katalon.core.webui.keyword.builtin.VerifyTextPresentKeyword$_verifyTextPresent_closure1.call(VerifyTextPresentKeyword.groovy)&#xD;
	at com.kms.katalon.core.webui.keyword.internal.WebUIKeywordMain.runKeyword(WebUIKeywordMain.groovy:20)&#xD;
	... 19 more</system-err>
        </testcase>
        <testcase name="Test Cases/Faqbot/customSynonymsE2E_Test" classname="Test Cases/Faqbot/customSynonymsE2E_Test" status="PASSED">
            <system-out>2020-07-23 12:52:27 - [TEST_CASE][PASSED] - Test Cases/Faqbot/customSynonymsE2E_Test: Test Cases/Faqbot/customSynonymsE2E_Test&#xD;
&#xD;
2020-07-23 12:52:28 - [TEST_STEP][PASSED] - Start listener action : setUp: Current window maximized&#xD;
&#xD;
2020-07-23 12:52:28 - [TEST_STEP][PASSED] - openBrowser(URL): Browser is opened with url: 'preprod.imibot.ai'&#xD;
&#xD;
2020-07-23 12:52:28 - [MESSAGE][WARNING] - A browser is already opened. Closing browser and opening a new one&#xD;
&#xD;
2020-07-23 12:52:30 - [MESSAGE][INFO] - Starting 'Edge' driver&#xD;
&#xD;
2020-07-23 12:52:47 - [MESSAGE][PASSED] - Browser is opened with url: 'preprod.imibot.ai'&#xD;
&#xD;
2020-07-23 12:52:47 - [TEST_STEP][PASSED] - maximizeWindow(): Current window maximized&#xD;
&#xD;
2020-07-23 12:52:49 - [MESSAGE][PASSED] - Current window maximized&#xD;
&#xD;
2020-07-23 12:52:49 - [TEST_STEP][PASSED] - callTestCase(findTestCase("Generic/successfulLogin_Test"), [:], STOP_ON_FAILURE): Call Test Case 'Test Cases/Generic/successfulLogin_Test' successfully&#xD;
&#xD;
2020-07-23 12:52:49 - [TEST_CASE][PASSED] - Test Cases/Generic/successfulLogin_Test: Test Cases/Generic/successfulLogin_Test&#xD;
&#xD;
2020-07-23 12:52:49 - [TEST_STEP][PASSED] - sendKeys(findTestObject("Input/username"), username): Keys 'narendra.n@imimobile.com' sent to object: 'Object Repository/Input/username'&#xD;
&#xD;
2020-07-23 12:52:52 - [MESSAGE][PASSED] - Keys 'narendra.n@imimobile.com' sent to object: 'Object Repository/Input/username'&#xD;
&#xD;
2020-07-23 12:52:52 - [TEST_STEP][PASSED] - sendKeys(findTestObject("Input/password"), password): Keys 'Test@2020' sent to object: 'Object Repository/Input/password'&#xD;
&#xD;
2020-07-23 12:52:54 - [MESSAGE][PASSED] - Keys 'Test@2020' sent to object: 'Object Repository/Input/password'&#xD;
&#xD;
2020-07-23 12:52:54 - [TEST_STEP][PASSED] - click(findTestObject("Button/signIn")): Object: 'Object Repository/Button/signIn' is clicked on&#xD;
&#xD;
2020-07-23 12:52:56 - [MESSAGE][PASSED] - Object: 'Object Repository/Button/signIn' is clicked on&#xD;
&#xD;
2020-07-23 12:52:56 - [TEST_STEP][PASSED] - if (!(waitForElementPresent(findTestObject("Button/createBot"), 30, OPTIONAL))): Object 'Object Repository/Button/createBot' is present&#xD;
&#xD;
2020-07-23 12:53:09 - [MESSAGE][PASSED] - Object 'Object Repository/Button/createBot' is present&#xD;
&#xD;
2020-07-23 12:53:09 - [MESSAGE][PASSED] - Call Test Case 'Test Cases/Generic/successfulLogin_Test' successfully&#xD;
&#xD;
2020-07-23 12:53:09 - [TEST_STEP][PASSED] - platform.Method.navigateToBot("Q&amp;A bots", PREVIEW_BOT): platform.Method.navigateToBot is PASSED&#xD;
&#xD;
2020-07-23 12:53:10 - [MESSAGE][PASSED] - Object 'Object Repository/Button/createBot' is present&#xD;
&#xD;
2020-07-23 12:53:12 - [MESSAGE][INFO] - Performing click action on bot&#xD;
&#xD;
2020-07-23 12:53:14 - [MESSAGE][PASSED] - platform.Method.navigateToBot is PASSED&#xD;
&#xD;
2020-07-23 12:53:14 - [TEST_STEP][PASSED] - platform.Method.clickOnElement(findTestObject("Generic/articles")): platform.Method.clickOnElement is PASSED&#xD;
&#xD;
2020-07-23 12:53:20 - [MESSAGE][PASSED] - platform.Method.clickOnElement is PASSED&#xD;
&#xD;
2020-07-23 12:53:20 - [TEST_STEP][PASSED] - sendKeys(findTestObject("Input/searchForQuestion"), "Hello there"): Keys 'Hello there' sent to object: 'Object Repository/Input/searchForQuestion'&#xD;
&#xD;
2020-07-23 12:53:22 - [MESSAGE][PASSED] - Keys 'Hello there' sent to object: 'Object Repository/Input/searchForQuestion'&#xD;
&#xD;
2020-07-23 12:53:22 - [TEST_STEP][PASSED] - if (waitForElementVisible(findTestObject("Generic/searchResult"), 10, OPTIONAL)): Web element with id: 'Object Repository/Generic/searchResult' located by 'By.xpath: //*[@data-cy = 'article-search-results']' not found&#xD;
&#xD;
2020-07-23 12:53:33 - [MESSAGE][INFO] - Unable to find the element located by 'By.xpath: //*[@data-cy = 'article-search-results']'. Please recheck the objects properties to make sure the desired element is located. &#xD;
&#xD;
2020-07-23 12:53:33 - [MESSAGE][WARNING] - Web element with id: 'Object Repository/Generic/searchResult' located by 'By.xpath: //*[@data-cy = 'article-search-results']' not found&#xD;
&#xD;
2020-07-23 12:53:33 - [TEST_STEP][PASSED] - else: Hello there article not present&#xD;
&#xD;
2020-07-23 12:53:33 - [TEST_STEP][PASSED] - logInfo("Hello there article not present"): Hello there article not present&#xD;
&#xD;
2020-07-23 12:53:33 - [MESSAGE][INFO] - Hello there article not present&#xD;
&#xD;
2020-07-23 12:53:33 - [TEST_STEP][PASSED] - platform.Method.clickOnElement(findTestObject("Button/preview")): platform.Method.clickOnElement is PASSED&#xD;
&#xD;
2020-07-23 12:53:35 - [MESSAGE][PASSED] - platform.Method.clickOnElement is PASSED&#xD;
&#xD;
2020-07-23 12:53:35 - [TEST_STEP][PASSED] - sendKeys(findTestObject("Input/chatInput"), Keys.chord("[स्वावलंबी] भारतवर्ष", ENTER)): Keys 'ENTER + [स्वावलंबी] भारतवर्ष' sent to object: 'Object Repository/Input/chatInput'&#xD;
&#xD;
2020-07-23 12:53:38 - [MESSAGE][PASSED] - Keys 'ENTER + [स्वावलंबी] भारतवर्ष' sent to object: 'Object Repository/Input/chatInput'&#xD;
&#xD;
2020-07-23 12:53:38 - [TEST_STEP][PASSED] - waitForElementPresent(findTestObject("GenericII/getBotResponse", ["index":2]), 20, OPTIONAL): Object 'Object Repository/GenericII/getBotResponse' is present&#xD;
&#xD;
2020-07-23 12:53:39 - [MESSAGE][PASSED] - Object 'Object Repository/GenericII/getBotResponse' is present&#xD;
&#xD;
2020-07-23 12:53:39 - [TEST_STEP][PASSED] - verifyElementText(findTestObject("GenericII/getBotResponse", ["index":2]), fallback, OPTIONAL): Actual text and expected text of test object 'Object Repository/GenericII/getBotResponse' are matched.&#xD;
&#xD;
2020-07-23 12:53:41 - [MESSAGE][PASSED] - Actual text and expected text of test object 'Object Repository/GenericII/getBotResponse' are matched.&#xD;
&#xD;
2020-07-23 12:53:41 - [TEST_STEP][PASSED] - platform.Method.clickOnElement(findTestObject("GenericII/minimize")): platform.Method.clickOnElement is PASSED&#xD;
&#xD;
2020-07-23 12:53:43 - [MESSAGE][PASSED] - platform.Method.clickOnElement is PASSED&#xD;
&#xD;
2020-07-23 12:53:43 - [TEST_STEP][PASSED] - platform.Method.clickOnElement(findTestObject("Generic/webObjectWithText", ["textValue":"Custom synonyms"])): platform.Method.clickOnElement is PASSED&#xD;
&#xD;
2020-07-23 12:53:45 - [MESSAGE][PASSED] - platform.Method.clickOnElement is PASSED&#xD;
&#xD;
2020-07-23 12:53:45 - [TEST_STEP][PASSED] - platform.Method.clickOnElement(findTestObject("Button/rootword")): platform.Method.clickOnElement is PASSED&#xD;
&#xD;
2020-07-23 12:53:48 - [MESSAGE][PASSED] - platform.Method.clickOnElement is PASSED&#xD;
&#xD;
2020-07-23 12:53:48 - [TEST_STEP][PASSED] - saveBtn = modifyObjectProperty(findTestObject("Button/save", ["value":" Save "]), "xpath", "equals", "//span[text()=' Save ']//ancestor::button", true, STOP_ON_FAILURE): Modify property of object successfully&#xD;
&#xD;
2020-07-23 12:53:48 - [MESSAGE][PASSED] - Modify property of object successfully&#xD;
&#xD;
2020-07-23 12:53:48 - [TEST_STEP][PASSED] - verifyElementHasAttribute(saveBtn, "disabled", 10, STOP_ON_FAILURE): Object 'Object Repository/Button/save' has attribute 'disabled'&#xD;
&#xD;
2020-07-23 12:53:50 - [MESSAGE][PASSED] - Object 'Object Repository/Button/save' has attribute 'disabled'&#xD;
&#xD;
2020-07-23 12:53:50 - [TEST_STEP][PASSED] - testData = findTestData("Data Files/testData_FAQ"): null&#xD;
&#xD;
2020-07-23 12:53:50 - [TEST_STEP][PASSED] - setText(findTestObject("Input/valueOfSynonym"), Keys.chord(testData.getValue("custom_syn_value", 1), ENTER)): Text 'ENTER + Hello' is set on object 'Object Repository/Input/valueOfSynonym'&#xD;
&#xD;
2020-07-23 12:53:53 - [MESSAGE][PASSED] - Text 'ENTER + Hello' is set on object 'Object Repository/Input/valueOfSynonym'&#xD;
&#xD;
2020-07-23 12:53:53 - [TEST_STEP][PASSED] - for ([count = 1, count &lt;= testData.getRowNumbers(), (count++)]): null&#xD;
&#xD;
2020-07-23 12:53:53 - [TEST_STEP][PASSED] - if (testData.getValue("synonyms", count) != ""): Text 'ENTER + Bonjour.' is set on object 'Object Repository/Input/synonyms'&#xD;
&#xD;
2020-07-23 12:53:53 - [TEST_STEP][PASSED] - setText(findTestObject("Input/synonyms", ["index":1]), Keys.chord(testData.getValue("synonyms", count), ENTER)): Text 'ENTER + Bonjour.' is set on object 'Object Repository/Input/synonyms'&#xD;
&#xD;
2020-07-23 12:53:57 - [MESSAGE][PASSED] - Text 'ENTER + Bonjour.' is set on object 'Object Repository/Input/synonyms'&#xD;
&#xD;
2020-07-23 12:53:57 - [TEST_STEP][PASSED] - if (testData.getValue("synonyms", count) != ""): Text 'ENTER + Hoi.H@llo' is set on object 'Object Repository/Input/synonyms'&#xD;
&#xD;
2020-07-23 12:53:57 - [TEST_STEP][PASSED] - setText(findTestObject("Input/synonyms", ["index":1]), Keys.chord(testData.getValue("synonyms", count), ENTER)): Text 'ENTER + Hoi.H@llo' is set on object 'Object Repository/Input/synonyms'&#xD;
&#xD;
2020-07-23 12:54:00 - [MESSAGE][PASSED] - Text 'ENTER + Hoi.H@llo' is set on object 'Object Repository/Input/synonyms'&#xD;
&#xD;
2020-07-23 12:54:00 - [TEST_STEP][PASSED] - if (testData.getValue("synonyms", count) != ""): Text 'ENTER + ¿Qué tal?' is set on object 'Object Repository/Input/synonyms'&#xD;
&#xD;
2020-07-23 12:54:00 - [TEST_STEP][PASSED] - setText(findTestObject("Input/synonyms", ["index":1]), Keys.chord(testData.getValue("synonyms", count), ENTER)): Text 'ENTER + ¿Qué tal?' is set on object 'Object Repository/Input/synonyms'&#xD;
&#xD;
2020-07-23 12:54:04 - [MESSAGE][PASSED] - Text 'ENTER + ¿Qué tal?' is set on object 'Object Repository/Input/synonyms'&#xD;
&#xD;
2020-07-23 12:54:04 - [TEST_STEP][PASSED] - if (testData.getValue("synonyms", count) != ""): Text 'ENTER + नमस्ते,' is set on object 'Object Repository/Input/synonyms'&#xD;
&#xD;
2020-07-23 12:54:04 - [TEST_STEP][PASSED] - setText(findTestObject("Input/synonyms", ["index":1]), Keys.chord(testData.getValue("synonyms", count), ENTER)): Text 'ENTER + नमस्ते,' is set on object 'Object Repository/Input/synonyms'&#xD;
&#xD;
2020-07-23 12:54:07 - [MESSAGE][PASSED] - Text 'ENTER + नमस्ते,' is set on object 'Object Repository/Input/synonyms'&#xD;
&#xD;
2020-07-23 12:54:07 - [TEST_STEP][PASSED] - if (testData.getValue("synonyms", count) != ""): null&#xD;
&#xD;
2020-07-23 12:54:07 - [TEST_STEP][PASSED] - else: null&#xD;
&#xD;
2020-07-23 12:54:07 - [TEST_STEP][PASSED] - break: null&#xD;
&#xD;
2020-07-23 12:54:07 - [TEST_STEP][PASSED] - platform.Method.clickOnElement(findTestObject("Button/importIcon")): platform.Method.clickOnElement is PASSED&#xD;
&#xD;
2020-07-23 12:54:09 - [MESSAGE][PASSED] - platform.Method.clickOnElement is PASSED&#xD;
&#xD;
2020-07-23 12:54:09 - [TEST_STEP][PASSED] - platform.Method.uploadCsvFile(false, "faqSynonyms.csv"): platform.Method.uploadCsvFile is PASSED&#xD;
&#xD;
2020-07-23 12:54:09 - [MESSAGE][INFO] - PREVIOUS DATA NOT BE OVERRIDDEN&#xD;
&#xD;
2020-07-23 12:54:11 - [MESSAGE][PASSED] - File 'D:/IMIbot.ai-Project/Collection/faqSynonyms.csv' sent to object: 'Object Repository/Input/uploadFile'&#xD;
&#xD;
2020-07-23 12:54:14 - [MESSAGE][PASSED] - platform.Method.uploadCsvFile is PASSED&#xD;
&#xD;
2020-07-23 12:54:14 - [TEST_STEP][PASSED] - delay(2): Delayed 2 second(s)&#xD;
&#xD;
2020-07-23 12:54:16 - [MESSAGE][PASSED] - Delayed 2 second(s)&#xD;
&#xD;
2020-07-23 12:54:16 - [TEST_STEP][PASSED] - platform.Method.clickOnElement(findTestObject("Button/btnDeleteChipOrRow", ["chipValue":" \@unwell ", "option":"cancel "])): platform.Method.clickOnElement is PASSED&#xD;
&#xD;
2020-07-23 12:54:18 - [MESSAGE][PASSED] - platform.Method.clickOnElement is PASSED&#xD;
&#xD;
2020-07-23 12:54:18 - [TEST_STEP][PASSED] - setText(findTestObject("Input/searchCustomSyn"), "FEELING GOOD"): Text 'FEELING GOOD' is set on object 'Object Repository/Input/searchCustomSyn'&#xD;
&#xD;
2020-07-23 12:54:21 - [MESSAGE][PASSED] - Text 'FEELING GOOD' is set on object 'Object Repository/Input/searchCustomSyn'&#xD;
&#xD;
2020-07-23 12:54:21 - [TEST_STEP][PASSED] - verifyElementPresent(findTestObject("ICONS/matChip", ["chipValue":" un-happy "]), 10, STOP_ON_FAILURE): Object 'Object Repository/ICONS/matChip' is present&#xD;
&#xD;
2020-07-23 12:54:22 - [MESSAGE][PASSED] - Object 'Object Repository/ICONS/matChip' is present&#xD;
&#xD;
2020-07-23 12:54:22 - [TEST_STEP][PASSED] - platform.Method.clickOnElement(saveBtn): platform.Method.clickOnElement is PASSED&#xD;
&#xD;
2020-07-23 12:54:24 - [MESSAGE][PASSED] - platform.Method.clickOnElement is PASSED&#xD;
&#xD;
2020-07-23 12:54:24 - [TEST_STEP][PASSED] - verifyElementText(findTestObject("Generic/articleState"), "Saved", STOP_ON_FAILURE): Actual text and expected text of test object 'Object Repository/Generic/articleState' are matched.&#xD;
&#xD;
2020-07-23 12:54:27 - [MESSAGE][PASSED] - Actual text and expected text of test object 'Object Repository/Generic/articleState' are matched.&#xD;
&#xD;
2020-07-23 12:54:27 - [TEST_STEP][PASSED] - platform.Method.trainAndComment(testData.getValue("comment", 8)): platform.Method.trainAndComment is PASSED&#xD;
&#xD;
2020-07-23 12:54:33 - [MESSAGE][PASSED] - Keys 'added custom synonym' sent to object: 'Object Repository/Input/comment'&#xD;
&#xD;
2020-07-23 12:54:36 - [MESSAGE][PASSED] - platform.Method.trainAndComment is PASSED&#xD;
&#xD;
2020-07-23 12:54:36 - [TEST_STEP][PASSED] - platform.Method.clickOnElement(findTestObject("Button/preview")): platform.Method.clickOnElement is PASSED&#xD;
&#xD;
2020-07-23 12:54:38 - [MESSAGE][PASSED] - platform.Method.clickOnElement is PASSED&#xD;
&#xD;
2020-07-23 12:54:38 - [TEST_STEP][PASSED] - sendKeys(findTestObject("Input/chatInput"), Keys.chord("आत्मावलम्बी भारतवर्ष अभियान से जुड़े लाभ क्या हैं", ENTER)): Keys 'ENTER + आत्मावलम्बी भारतवर्ष अभियान से जुड़े लाभ क्या हैं' sent to object: 'Object Repository/Input/chatInput'&#xD;
&#xD;
2020-07-23 12:54:41 - [MESSAGE][PASSED] - Keys 'ENTER + आत्मावलम्बी भारतवर्ष अभियान से जुड़े लाभ क्या हैं' sent to object: 'Object Repository/Input/chatInput'&#xD;
&#xD;
2020-07-23 12:54:41 - [TEST_STEP][PASSED] - delay(2): Delayed 2 second(s)&#xD;
&#xD;
2020-07-23 12:54:43 - [MESSAGE][PASSED] - Delayed 2 second(s)&#xD;
&#xD;
2020-07-23 12:54:43 - [TEST_STEP][PASSED] - verifyElementText(findTestObject("GenericII/getBotResponse", ["index":2]), testData.getValue("bot_answer", 1), STOP_ON_FAILURE): Actual text and expected text of test object 'Object Repository/GenericII/getBotResponse' are matched.&#xD;
&#xD;
2020-07-23 12:54:45 - [MESSAGE][PASSED] - Actual text and expected text of test object 'Object Repository/GenericII/getBotResponse' are matched.&#xD;
&#xD;
2020-07-23 12:54:45 - [TEST_STEP][PASSED] - platform.Method.clickOnElement(findTestObject("Button/upvote")): platform.Method.clickOnElement is PASSED&#xD;
&#xD;
2020-07-23 12:54:47 - [MESSAGE][PASSED] - platform.Method.clickOnElement is PASSED&#xD;
&#xD;
2020-07-23 12:54:47 - [TEST_STEP][PASSED] - sendKeys(findTestObject("Input/chatInput"), Keys.chord("سحب خدمة الإخطار", ENTER)): Keys 'ENTER + سحب خدمة الإخطار' sent to object: 'Object Repository/Input/chatInput'&#xD;
&#xD;
2020-07-23 12:54:49 - [MESSAGE][PASSED] - Keys 'ENTER + سحب خدمة الإخطار' sent to object: 'Object Repository/Input/chatInput'&#xD;
&#xD;
2020-07-23 12:54:49 - [TEST_STEP][PASSED] - delay(2): Delayed 2 second(s)&#xD;
&#xD;
2020-07-23 12:54:51 - [MESSAGE][PASSED] - Delayed 2 second(s)&#xD;
&#xD;
2020-07-23 12:54:51 - [TEST_STEP][PASSED] - verifyElementText(findTestObject("GenericII/getBotResponse", ["index":3]), testData.getValue("bot_answer", 2), STOP_ON_FAILURE): Actual text and expected text of test object 'Object Repository/GenericII/getBotResponse' are matched.&#xD;
&#xD;
2020-07-23 12:54:54 - [MESSAGE][PASSED] - Actual text and expected text of test object 'Object Repository/GenericII/getBotResponse' are matched.&#xD;
&#xD;
2020-07-23 12:54:54 - [TEST_STEP][PASSED] - sendKeys(findTestObject("Input/chatInput"), Keys.chord("नमस्ते,", ENTER)): Keys 'ENTER + नमस्ते,' sent to object: 'Object Repository/Input/chatInput'&#xD;
&#xD;
2020-07-23 12:54:56 - [MESSAGE][PASSED] - Keys 'ENTER + नमस्ते,' sent to object: 'Object Repository/Input/chatInput'&#xD;
&#xD;
2020-07-23 12:54:56 - [TEST_STEP][PASSED] - delay(2): Delayed 2 second(s)&#xD;
&#xD;
2020-07-23 12:54:58 - [MESSAGE][PASSED] - Delayed 2 second(s)&#xD;
&#xD;
2020-07-23 12:54:58 - [TEST_STEP][PASSED] - verifyElementText(findTestObject("GenericII/getBotResponse", ["index":4]), testData.getValue("bot_answer", 3), STOP_ON_FAILURE): Actual text and expected text of test object 'Object Repository/GenericII/getBotResponse' are matched.&#xD;
&#xD;
2020-07-23 12:55:00 - [MESSAGE][PASSED] - Actual text and expected text of test object 'Object Repository/GenericII/getBotResponse' are matched.&#xD;
&#xD;
2020-07-23 12:55:00 - [TEST_STEP][PASSED] - sendKeys(findTestObject("Input/chatInput"), Keys.chord("show me some re@l-est@ate", ENTER)): Keys 'ENTER + show me some re@l-est@ate' sent to object: 'Object Repository/Input/chatInput'&#xD;
&#xD;
2020-07-23 12:55:03 - [MESSAGE][PASSED] - Keys 'ENTER + show me some re@l-est@ate' sent to object: 'Object Repository/Input/chatInput'&#xD;
&#xD;
2020-07-23 12:55:03 - [TEST_STEP][PASSED] - delay(2): Delayed 2 second(s)&#xD;
&#xD;
2020-07-23 12:55:05 - [MESSAGE][PASSED] - Delayed 2 second(s)&#xD;
&#xD;
2020-07-23 12:55:05 - [TEST_STEP][PASSED] - verifyElementText(findTestObject("NewRepo/bannerTitle", ["index":2]), "Residential serviced apartment", STOP_ON_FAILURE): Actual text and expected text of test object 'Object Repository/NewRepo/bannerTitle' are matched.&#xD;
&#xD;
2020-07-23 12:55:07 - [MESSAGE][PASSED] - Actual text and expected text of test object 'Object Repository/NewRepo/bannerTitle' are matched.&#xD;
&#xD;
2020-07-23 12:55:07 - [TEST_STEP][PASSED] - platform.Method.clickOnElement(findTestObject("GenericII/minimize")): platform.Method.clickOnElement is PASSED&#xD;
&#xD;
2020-07-23 12:55:09 - [MESSAGE][PASSED] - platform.Method.clickOnElement is PASSED&#xD;
&#xD;
2020-07-23 12:55:09 - [TEST_STEP][PASSED] - platform.Method.clickOnElement(findTestObject("ICONS/clearSearch")): platform.Method.clickOnElement is PASSED&#xD;
&#xD;
2020-07-23 12:55:11 - [MESSAGE][PASSED] - platform.Method.clickOnElement is PASSED&#xD;
&#xD;
2020-07-23 12:55:11 - [TEST_STEP][PASSED] - platform.Method.clickOnElement(findTestObject("Button/btnDeleteChipOrRow", ["chipValue":" आन्दोलन ", "option":" close "])): platform.Method.clickOnElement is PASSED&#xD;
&#xD;
2020-07-23 12:55:13 - [MESSAGE][PASSED] - platform.Method.clickOnElement is PASSED&#xD;
&#xD;
2020-07-23 12:55:13 - [TEST_STEP][PASSED] - setText(findTestObject("Input/synonyms", ["index":2]), Keys.chord("help7less", ENTER)): Text 'ENTER + help7less' is set on object 'Object Repository/Input/synonyms'&#xD;
&#xD;
2020-07-23 12:55:17 - [MESSAGE][PASSED] - Text 'ENTER + help7less' is set on object 'Object Repository/Input/synonyms'&#xD;
&#xD;
2020-07-23 12:55:17 - [TEST_STEP][PASSED] - setText(findTestObject("Input/searchCustomSyn"), "7LeSS"): Text '7LeSS' is set on object 'Object Repository/Input/searchCustomSyn'&#xD;
&#xD;
2020-07-23 12:55:20 - [MESSAGE][PASSED] - Text '7LeSS' is set on object 'Object Repository/Input/searchCustomSyn'&#xD;
&#xD;
2020-07-23 12:55:20 - [TEST_STEP][PASSED] - verifyElementPresent(findTestObject("ICONS/matChip", ["chipValue":" help7less "]), 10, STOP_ON_FAILURE): Object 'Object Repository/ICONS/matChip' is present&#xD;
&#xD;
2020-07-23 12:55:21 - [MESSAGE][PASSED] - Object 'Object Repository/ICONS/matChip' is present&#xD;
&#xD;
2020-07-23 12:55:21 - [TEST_STEP][PASSED] - platform.Method.clickOnElement(saveBtn): platform.Method.clickOnElement is PASSED&#xD;
&#xD;
2020-07-23 12:55:23 - [MESSAGE][PASSED] - platform.Method.clickOnElement is PASSED</system-out>
            <system-err></system-err>
        </testcase>
        <system-out>2020-07-23 12:10:18 - [TEST_SUITE][INCOMPLETE] - faqSuiteE2E: null</system-out>
        <system-err>2020-07-23 12:10:18 - [TEST_SUITE][INCOMPLETE] - faqSuiteE2E: null</system-err>
    </testsuite>
</testsuites>
