<?xml version="1.0" encoding="UTF-8" standalone="yes"?>
<testsuites name="v4.4_TaskSuite" time="566" tests="8" failures="0" errors="0">
    <testsuite name="v4.4_TaskSuite" tests="8" failures="0" errors="0" time="566" timestamp="2020-11-16 16:54:17" hostname="narendra.n - WLPT580.imidomain.com" id="Test Suites/v4.4_TaskSuite">
        <properties>
            <property name="deviceName" value=""/>
            <property name="devicePlatform" value=""/>
            <property name="logFolder" value="D:\\IMIbot.ai-Project\\Reports\\20201116_165354\\v4.4_TaskSuite\\20201116_165358"/>
            <property name="logFiles" value="D:\\IMIbot.ai-Project\\Reports\\20201116_165354\\v4.4_TaskSuite\\20201116_165358\\execution0.log"/>
            <property name="attachments" value="D:\\IMIbot.ai-Project\\Reports\\20201116_165354\\v4.4_TaskSuite\\20201116_165358\\1605526070526.png, D:\\IMIbot.ai-Project\\Reports\\20201116_165354\\v4.4_TaskSuite\\20201116_165358\\D:/IMIbot.ai-Project/Screenshot/freeform_loc.jpg"/>
            <property name="hostName" value="narendra.n - WLPT580.imidomain.com"/>
            <property name="os" value="Windows 8.1 64bit"/>
            <property name="katalonVersion" value="6.3.3.11"/>
            <property name="browser" value="Chrome 86.0.4240.198"/>
            <property name="hostAddress" value="192.168.29.195"/>
            <property name="sessionId" value="ee4bb7abdd1afa0fca6722e484ea04cc"/>
            <property name="seleniumVersion" value="3.141.59"/>
            <property name="proxyInformation" value="ProxyInformation{proxyOption=NO_PROXY, proxyServerType=HTTP, password=, proxyServerAddress=, proxyServerPort=0}"/>
            <property name="platform" value="Windows 8.1"/>
        </properties>
        <testcase name="Test Cases/TASK_SSO/botCreation_Test" classname="Test Cases/TASK_SSO/botCreation_Test" status="PASSED">
            <system-out>2020-11-16 16:55:16 - [TEST_CASE][PASSED] - Test Cases/TASK_SSO/botCreation_Test: Test Cases/TASK_SSO/botCreation_Test&#xD;
&#xD;
2020-11-16 16:55:16 - [TEST_STEP][PASSED] - platform.Method.clickOnElement(findTestObject("Generic/webObjectWithText", ["textValue":"Task bots"])): platform.Method.clickOnElement is PASSED&#xD;
&#xD;
2020-11-16 16:55:20 - [MESSAGE][PASSED] - platform.Method.clickOnElement is PASSED&#xD;
&#xD;
2020-11-16 16:55:20 - [TEST_STEP][PASSED] - platform.Method.clickOnElement(findTestObject("Button/createBot")): platform.Method.clickOnElement is PASSED&#xD;
&#xD;
2020-11-16 16:55:23 - [MESSAGE][PASSED] - platform.Method.clickOnElement is PASSED&#xD;
&#xD;
2020-11-16 16:55:23 - [TEST_STEP][PASSED] - sendKeys(findTestObject("Input/botName"), nameOfTheBot): Keys 'v4.4 Task-Testbot' sent to object: 'Object Repository/Input/botName'&#xD;
&#xD;
2020-11-16 16:55:28 - [MESSAGE][PASSED] - Keys 'v4.4 Task-Testbot' sent to object: 'Object Repository/Input/botName'&#xD;
&#xD;
2020-11-16 16:55:28 - [TEST_STEP][PASSED] - platform.Method.clickOnElement(findTestObject("Toggle/feedback")): platform.Method.clickOnElement is PASSED&#xD;
&#xD;
2020-11-16 16:55:30 - [MESSAGE][PASSED] - platform.Method.clickOnElement is PASSED&#xD;
&#xD;
2020-11-16 16:55:30 - [TEST_STEP][PASSED] - platform.Method.clickOnElement(findTestObject("Button/done")): platform.Method.clickOnElement is PASSED&#xD;
&#xD;
2020-11-16 16:55:33 - [MESSAGE][PASSED] - platform.Method.clickOnElement is PASSED&#xD;
&#xD;
2020-11-16 16:55:33 - [TEST_STEP][PASSED] - waitForElementVisible(findTestObject("Generic/modelState"), 60, OPTIONAL): Object 'Object Repository/Generic/modelState' is visible&#xD;
&#xD;
2020-11-16 16:55:56 - [MESSAGE][PASSED] - Object 'Object Repository/Generic/modelState' is visible&#xD;
&#xD;
2020-11-16 16:55:56 - [TEST_STEP][PASSED] - if (!(verifyElementText(findTestObject("Generic/modelState"), "Trained", OPTIONAL))): Actual text and expected text of test object 'Object Repository/Generic/modelState' are matched.&#xD;
&#xD;
2020-11-16 16:55:58 - [MESSAGE][PASSED] - Actual text and expected text of test object 'Object Repository/Generic/modelState' are matched.</system-out>
            <system-err></system-err>
        </testcase>
        <testcase name="Test Cases/Sprint/v4.4/mapLocationEntityCreation_Test" classname="Test Cases/Sprint/v4.4/mapLocationEntityCreation_Test" status="PASSED">
            <system-out>2020-11-16 16:55:58 - [TEST_CASE][PASSED] - Test Cases/Sprint/v4.4/mapLocationEntityCreation_Test: Test Cases/Sprint/v4.4/mapLocationEntityCreation_Test&#xD;
&#xD;
2020-11-16 16:55:59 - [TEST_STEP][PASSED] - platform.Method.clickOnElement(findTestObject("Generic/training")): platform.Method.clickOnElement is PASSED&#xD;
&#xD;
2020-11-16 16:56:01 - [MESSAGE][PASSED] - platform.Method.clickOnElement is PASSED&#xD;
&#xD;
2020-11-16 16:56:01 - [TEST_STEP][PASSED] - testData = findTestData("Data Files/testData_Task"): null&#xD;
&#xD;
2020-11-16 16:56:05 - [TEST_STEP][PASSED] - platform.Method.clickOnElement(findTestObject("Generic/webObjectWithText", ["textValue":"Entities"])): platform.Method.clickOnElement is PASSED&#xD;
&#xD;
2020-11-16 16:56:07 - [MESSAGE][PASSED] - platform.Method.clickOnElement is PASSED&#xD;
&#xD;
2020-11-16 16:56:07 - [TEST_STEP][PASSED] - comment(" *** SCENARIO 1 STARTED ***"):  *** SCENARIO 1 STARTED ***&#xD;
&#xD;
2020-11-16 16:56:07 - [MESSAGE][INFO] -  *** SCENARIO 1 STARTED ***&#xD;
&#xD;
2020-11-16 16:56:07 - [TEST_STEP][PASSED] - platform.Method.clickOnElement(findTestObject("Button/createEntity")): platform.Method.clickOnElement is PASSED&#xD;
&#xD;
2020-11-16 16:56:10 - [MESSAGE][PASSED] - platform.Method.clickOnElement is PASSED&#xD;
&#xD;
2020-11-16 16:56:10 - [TEST_STEP][PASSED] - platform.Training.createEntity(testData.getValue("map_entity", 1), " Map location (whatsapp) ", null): platform.Training.createEntity is PASSED&#xD;
&#xD;
2020-11-16 16:56:14 - [MESSAGE][PASSED] - Keys 'map' sent to object: 'Object Repository/Input/entityName'&#xD;
&#xD;
2020-11-16 16:56:16 - [MESSAGE][INFO] - Entity Type:  Map location (whatsapp) &#xD;
&#xD;
2020-11-16 16:56:21 - [MESSAGE][PASSED] - platform.Training.createEntity is PASSED&#xD;
&#xD;
2020-11-16 16:56:21 - [TEST_STEP][PASSED] - waitForElementPresent(findTestObject("ICONS/toastMsg"), 20, CONTINUE_ON_FAILURE): Object 'Object Repository/ICONS/toastMsg' is present&#xD;
&#xD;
2020-11-16 16:56:24 - [MESSAGE][PASSED] - Object 'Object Repository/ICONS/toastMsg' is present&#xD;
&#xD;
2020-11-16 16:56:24 - [TEST_STEP][PASSED] - comment(" *** VALIDATION --&gt; ENTITY CREATION CHECK ***"):  *** VALIDATION --&gt; ENTITY CREATION CHECK ***&#xD;
&#xD;
2020-11-16 16:56:24 - [MESSAGE][INFO] -  *** VALIDATION --&gt; ENTITY CREATION CHECK ***&#xD;
&#xD;
2020-11-16 16:56:24 - [TEST_STEP][PASSED] - mapElement = findWebElements(findTestObject("GenericII/listOfEntityNames"), 5).get(0): null&#xD;
&#xD;
2020-11-16 16:56:25 - [TEST_STEP][PASSED] - assert getText().contentEquals("map") == true: null&#xD;
&#xD;
2020-11-16 16:56:26 - [TEST_STEP][PASSED] - comment(" *** SCENARIO 2 STARTED ***"):  *** SCENARIO 2 STARTED ***&#xD;
&#xD;
2020-11-16 16:56:26 - [MESSAGE][INFO] -  *** SCENARIO 2 STARTED ***&#xD;
&#xD;
2020-11-16 16:56:26 - [TEST_STEP][PASSED] - mapElement.click(): null&#xD;
&#xD;
2020-11-16 16:56:28 - [TEST_STEP][PASSED] - setText(findTestObject("Input/entityName"), testData.getValue("map_entity", 2)): Text 'new map' is set on object 'Object Repository/Input/entityName'&#xD;
&#xD;
2020-11-16 16:56:33 - [MESSAGE][PASSED] - Text 'new map' is set on object 'Object Repository/Input/entityName'&#xD;
&#xD;
2020-11-16 16:56:33 - [TEST_STEP][PASSED] - platform.Method.clickOnElement(findTestObject("Button/entityPageSaveButton")): platform.Method.clickOnElement is PASSED&#xD;
&#xD;
2020-11-16 16:56:35 - [MESSAGE][PASSED] - platform.Method.clickOnElement is PASSED&#xD;
&#xD;
2020-11-16 16:56:35 - [TEST_STEP][PASSED] - waitForElementPresent(findTestObject("ICONS/toastMsg"), 20, CONTINUE_ON_FAILURE): Object 'Object Repository/ICONS/toastMsg' is present&#xD;
&#xD;
2020-11-16 16:56:37 - [MESSAGE][PASSED] - Object 'Object Repository/ICONS/toastMsg' is present&#xD;
&#xD;
2020-11-16 16:56:37 - [TEST_STEP][PASSED] - comment(" *** VALIDATION --&gt; ENTITY NAME UPDATE CHECK ***"):  *** VALIDATION --&gt; ENTITY NAME UPDATE CHECK ***&#xD;
&#xD;
2020-11-16 16:56:37 - [MESSAGE][INFO] -  *** VALIDATION --&gt; ENTITY NAME UPDATE CHECK ***&#xD;
&#xD;
2020-11-16 16:56:37 - [TEST_STEP][PASSED] - mapElement = findWebElements(findTestObject("GenericII/listOfEntityNames"), 5).get(0): null&#xD;
&#xD;
2020-11-16 16:56:38 - [TEST_STEP][PASSED] - assert getText().contentEquals("new map") == true: null&#xD;
&#xD;
2020-11-16 16:56:39 - [TEST_STEP][PASSED] - platform.Method.clickOnElement(findTestObject("Generic/response")): platform.Method.clickOnElement is PASSED&#xD;
&#xD;
2020-11-16 16:56:42 - [MESSAGE][PASSED] - platform.Method.clickOnElement is PASSED&#xD;
&#xD;
2020-11-16 16:56:42 - [TEST_STEP][PASSED] - platform.Response.createRichResponse(testData.getValue("rich_template", 6), testData.getValue("rich_template_value", 6)): platform.Response.createRichResponse is PASSED&#xD;
&#xD;
2020-11-16 16:56:51 - [MESSAGE][PASSED] - Text 'map_response' is set on object 'Object Repository/NewRepo2/templateKeyName'&#xD;
&#xD;
2020-11-16 16:56:56 - [MESSAGE][PASSED] - Delayed 2 second(s)&#xD;
&#xD;
2020-11-16 16:57:01 - [MESSAGE][PASSED] - Text 'Your map response is stored in here' is set on object 'Object Repository/Input/textResponse'&#xD;
&#xD;
2020-11-16 16:57:04 - [MESSAGE][PASSED] - platform.Response.createRichResponse is PASSED&#xD;
&#xD;
2020-11-16 16:57:04 - [TEST_STEP][PASSED] - waitForElementPresent(findTestObject("ICONS/toastMsg"), 20, CONTINUE_ON_FAILURE): Object 'Object Repository/ICONS/toastMsg' is present&#xD;
&#xD;
2020-11-16 16:57:08 - [MESSAGE][PASSED] - Object 'Object Repository/ICONS/toastMsg' is present</system-out>
            <system-err></system-err>
        </testcase>
        <testcase name="Test Cases/Sprint/v4.4/mapLocationEntityTaggingInIntent_Test" classname="Test Cases/Sprint/v4.4/mapLocationEntityTaggingInIntent_Test" status="PASSED">
            <system-out>2020-11-16 16:57:08 - [TEST_CASE][PASSED] - Test Cases/Sprint/v4.4/mapLocationEntityTaggingInIntent_Test: Test Cases/Sprint/v4.4/mapLocationEntityTaggingInIntent_Test&#xD;
&#xD;
2020-11-16 16:57:08 - [TEST_STEP][PASSED] - platform.Method.clickOnElement(findTestObject("Generic/training")): platform.Method.clickOnElement is PASSED&#xD;
&#xD;
2020-11-16 16:57:11 - [MESSAGE][PASSED] - platform.Method.clickOnElement is PASSED&#xD;
&#xD;
2020-11-16 16:57:11 - [TEST_STEP][PASSED] - testData = findTestData("Data Files/testData_Task"): null&#xD;
&#xD;
2020-11-16 16:57:12 - [TEST_STEP][PASSED] - platform.Training.addSingleUtterance(testData.getValue("map_utterance", 1)): platform.Training.addSingleUtterance is PASSED&#xD;
&#xD;
2020-11-16 16:57:18 - [MESSAGE][PASSED] - Keys 'map location test' sent to object: 'Object Repository/Input/utterance'&#xD;
&#xD;
2020-11-16 16:57:20 - [MESSAGE][PASSED] - platform.Training.addSingleUtterance is PASSED&#xD;
&#xD;
2020-11-16 16:57:20 - [TEST_STEP][PASSED] - element = findWebElement(findTestObject("Slots/listOfUtterance"), 5): null&#xD;
&#xD;
2020-11-16 16:57:23 - [TEST_STEP][PASSED] - element.click(): null&#xD;
&#xD;
2020-11-16 16:57:25 - [TEST_STEP][PASSED] - element.sendKeys(Keys.chord(CONTROL, "a")): null&#xD;
&#xD;
2020-11-16 16:57:26 - [TEST_STEP][PASSED] - element.click(): null&#xD;
&#xD;
2020-11-16 16:57:27 - [TEST_STEP][PASSED] - if (verifyElementPresent(findTestObject("Generic/entitySelection"), 20, OPTIONAL) == false): Text 'No entities found' is present on page &#xD;
&#xD;
2020-11-16 16:57:50 - [MESSAGE][INFO] - Unable to find the element located by 'By.xpath: //mat-select[@formcontrolname='entity_id']'. Please recheck the objects properties to make sure the desired element is located. &#xD;
&#xD;
2020-11-16 16:57:52 - [MESSAGE][WARNING] - com.kms.katalon.core.webui.exception.WebElementNotFoundException: Web element with id: 'Object Repository/Generic/entitySelection' located by 'By.xpath: //mat-select[@formcontrolname='entity_id']' not found (Root cause: com.kms.katalon.core.exception.StepFailedException: com.kms.katalon.core.webui.exception.WebElementNotFoundException: Web element with id: 'Object Repository/Generic/entitySelection' located by 'By.xpath: //mat-select[@formcontrolname='entity_id']' not found&#xD;
	at com.kms.katalon.core.webui.keyword.internal.WebUIKeywordMain.stepFailed(WebUIKeywordMain.groovy:64)&#xD;
	at com.kms.katalon.core.webui.keyword.builtin.VerifyElementPresentKeyword$_verifyElementPresent_closure1.doCall(VerifyElementPresentKeyword.groovy:85)&#xD;
	at com.kms.katalon.core.webui.keyword.builtin.VerifyElementPresentKeyword$_verifyElementPresent_closure1.call(VerifyElementPresentKeyword.groovy)&#xD;
	at com.kms.katalon.core.webui.keyword.internal.WebUIKeywordMain.runKeyword(WebUIKeywordMain.groovy:20)&#xD;
	at com.kms.katalon.core.webui.keyword.builtin.VerifyElementPresentKeyword.verifyElementPresent(VerifyElementPresentKeyword.groovy:92)&#xD;
	at com.kms.katalon.core.webui.keyword.builtin.VerifyElementPresentKeyword.execute(VerifyElementPresentKeyword.groovy:68)&#xD;
	at com.kms.katalon.core.keyword.internal.KeywordExecutor.executeKeywordForPlatform(KeywordExecutor.groovy:56)&#xD;
	at com.kms.katalon.core.webui.keyword.WebUiBuiltInKeywords.verifyElementPresent(WebUiBuiltInKeywords.groovy:1418)&#xD;
	at com.kms.katalon.core.webui.keyword.WebUiBuiltInKeywords$verifyElementPresent$7.call(Unknown Source)&#xD;
	at mapLocationEntityTaggingInIntent_Test.run(mapLocationEntityTaggingInIntent_Test:28)&#xD;
	at com.kms.katalon.core.main.ScriptEngine.run(ScriptEngine.java:194)&#xD;
	at com.kms.katalon.core.main.ScriptEngine.runScriptAsRawText(ScriptEngine.java:119)&#xD;
	at com.kms.katalon.core.main.TestCaseExecutor.runScript(TestCaseExecutor.java:337)&#xD;
	at com.kms.katalon.core.main.TestCaseExecutor.doExecute(TestCaseExecutor.java:328)&#xD;
	at com.kms.katalon.core.main.TestCaseExecutor.processExecutionPhase(TestCaseExecutor.java:307)&#xD;
	at com.kms.katalon.core.main.TestCaseExecutor.accessMainPhase(TestCaseExecutor.java:299)&#xD;
	at com.kms.katalon.core.main.TestCaseExecutor.execute(TestCaseExecutor.java:233)&#xD;
	at com.kms.katalon.core.main.TestSuiteExecutor.accessTestCaseMainPhase(TestSuiteExecutor.java:169)&#xD;
	at com.kms.katalon.core.main.TestSuiteExecutor.accessTestSuiteMainPhase(TestSuiteExecutor.java:142)&#xD;
	at com.kms.katalon.core.main.TestSuiteExecutor.execute(TestSuiteExecutor.java:91)&#xD;
	at com.kms.katalon.core.main.TestCaseMain.startTestSuite(TestCaseMain.java:157)&#xD;
	at com.kms.katalon.core.main.TestCaseMain$startTestSuite$0.call(Unknown Source)&#xD;
	at TempTestSuite1605525838249.run(TempTestSuite1605525838249.groovy:35)&#xD;
)&#xD;
[[ATTACHMENT|D:\\IMIbot.ai-Project\\Reports\\20201116_165354\\v4.4_TaskSuite\\20201116_165358\\1605526070526.png]]&#xD;
&#xD;
2020-11-16 16:57:52 - [TEST_STEP][PASSED] - verifyTextPresent("No entities found", false, CONTINUE_ON_FAILURE): Text 'No entities found' is present on page &#xD;
&#xD;
2020-11-16 16:57:56 - [MESSAGE][PASSED] - Text 'No entities found' is present on page &#xD;
&#xD;
2020-11-16 16:57:56 - [TEST_STEP][PASSED] - platform.Training.createNewEntityManually(testData.getValue("map_entity", 3), " Map location (whatsapp) ", null): platform.Training.createNewEntityManually is PASSED&#xD;
&#xD;
2020-11-16 16:58:02 - [MESSAGE][PASSED] - Keys 'demo map test' sent to object: 'Object Repository/Input/entityName'&#xD;
&#xD;
2020-11-16 16:58:04 - [MESSAGE][INFO] - Entity Type:  Map location (whatsapp) &#xD;
&#xD;
2020-11-16 16:58:09 - [MESSAGE][PASSED] - platform.Training.createNewEntityManually is PASSED&#xD;
&#xD;
2020-11-16 16:58:09 - [TEST_STEP][PASSED] - waitForElementPresent(findTestObject("ICONS/toastMsg"), 30, CONTINUE_ON_FAILURE): Object 'Object Repository/ICONS/toastMsg' is present&#xD;
&#xD;
2020-11-16 16:58:10 - [MESSAGE][PASSED] - Object 'Object Repository/ICONS/toastMsg' is present&#xD;
&#xD;
2020-11-16 16:58:10 - [TEST_STEP][PASSED] - verifyElementNotPresent(findTestObject("Slots/entityValue", ["rowValue":1]), 30, STOP_ON_FAILURE): Web element with id: 'Object Repository/Slots/entityValue' located by 'By.xpath: //tbody[2]/tr[1]/td[2]' is not present after '30' second(s)&#xD;
&#xD;
2020-11-16 16:58:13 - [MESSAGE][PASSED] - Web element with id: 'Object Repository/Slots/entityValue' located by 'By.xpath: //tbody[2]/tr[1]/td[2]' is not present after '30' second(s)&#xD;
&#xD;
2020-11-16 16:58:13 - [TEST_STEP][PASSED] - sendKeys(findTestObject("Input/intentName"), testData.getValue("intent_name", 7)): Keys 'map_intent' sent to object: 'Object Repository/Input/intentName'&#xD;
&#xD;
2020-11-16 16:58:16 - [MESSAGE][PASSED] - Keys 'map_intent' sent to object: 'Object Repository/Input/intentName'&#xD;
&#xD;
2020-11-16 16:58:16 - [TEST_STEP][PASSED] - sendKeys(findTestObject("Input/finalTempKey"), findTestData("Data Files/testData_Task").getValue("rich_template", 6)): Keys 'map_response' sent to object: 'Object Repository/Input/finalTempKey'&#xD;
&#xD;
2020-11-16 16:58:20 - [MESSAGE][PASSED] - Keys 'map_response' sent to object: 'Object Repository/Input/finalTempKey'&#xD;
&#xD;
2020-11-16 16:58:20 - [TEST_STEP][PASSED] - executeJavaScript("document.getElementsByClassName('bg-red')[0].classList.remove('bg-red');", null): Execute JavaScript 'document.getElementsByClassName('bg-red')[0].classList.remove('bg-red');' successfully&#xD;
&#xD;
2020-11-16 16:58:21 - [MESSAGE][PASSED] - Execute JavaScript 'document.getElementsByClassName('bg-red')[0].classList.remove('bg-red');' successfully&#xD;
&#xD;
2020-11-16 16:58:21 - [TEST_STEP][PASSED] - platform.Method.clickOnElement(findTestObject("Button/save", ["value":" Save "])): platform.Method.clickOnElement is PASSED&#xD;
&#xD;
2020-11-16 16:58:24 - [MESSAGE][PASSED] - platform.Method.clickOnElement is PASSED&#xD;
&#xD;
2020-11-16 16:58:24 - [TEST_STEP][PASSED] - verifyElementText(findTestObject("Generic/header"), "map_intent", STOP_ON_FAILURE): Actual text and expected text of test object 'Object Repository/Generic/header' are matched.&#xD;
&#xD;
2020-11-16 16:58:26 - [MESSAGE][PASSED] - Actual text and expected text of test object 'Object Repository/Generic/header' are matched.&#xD;
&#xD;
2020-11-16 16:58:26 - [TEST_STEP][PASSED] - platform.Method.clickOnElement(findTestObject("NewRepo/intentGoBack")): platform.Method.clickOnElement is PASSED&#xD;
&#xD;
2020-11-16 16:58:29 - [MESSAGE][PASSED] - platform.Method.clickOnElement is PASSED&#xD;
&#xD;
2020-11-16 16:58:29 - [TEST_STEP][PASSED] - platform.Method.clickOnElement(findTestObject("Generic/webObjectWithText", ["textValue":testData.getValue("intent_name", 7)])): platform.Method.clickOnElement is PASSED&#xD;
&#xD;
2020-11-16 16:58:32 - [MESSAGE][PASSED] - platform.Method.clickOnElement is PASSED&#xD;
&#xD;
2020-11-16 16:58:32 - [TEST_STEP][PASSED] - verifyElementNotPresent(findTestObject("Slots/markedUpEntity"), 20, STOP_ON_FAILURE): Web element with id: 'Object Repository/Slots/markedUpEntity' located by 'By.xpath: //span[@class='bg-red']' is not present after '20' second(s)&#xD;
&#xD;
2020-11-16 16:58:33 - [MESSAGE][PASSED] - Web element with id: 'Object Repository/Slots/markedUpEntity' located by 'By.xpath: //span[@class='bg-red']' is not present after '20' second(s)&#xD;
&#xD;
2020-11-16 16:58:33 - [TEST_STEP][PASSED] - platform.Method.clickOnElement(findTestObject("NewRepo/intentGoBack")): platform.Method.clickOnElement is PASSED&#xD;
&#xD;
2020-11-16 16:58:36 - [MESSAGE][PASSED] - platform.Method.clickOnElement is PASSED&#xD;
&#xD;
2020-11-16 16:58:36 - [TEST_STEP][PASSED] - verifyTextPresent("Training data", false, CONTINUE_ON_FAILURE): Text 'Training data' is present on page &#xD;
&#xD;
2020-11-16 16:58:39 - [MESSAGE][PASSED] - Text 'Training data' is present on page</system-out>
            <system-err></system-err>
        </testcase>
        <testcase name="Test Cases/Sprint/v4.4/mapLocationLinkToSlots_Test" classname="Test Cases/Sprint/v4.4/mapLocationLinkToSlots_Test" status="PASSED">
            <system-out>2020-11-16 16:58:39 - [TEST_CASE][PASSED] - Test Cases/Sprint/v4.4/mapLocationLinkToSlots_Test: Test Cases/Sprint/v4.4/mapLocationLinkToSlots_Test&#xD;
&#xD;
2020-11-16 16:58:40 - [TEST_STEP][PASSED] - platform.Method.clickOnElement(findTestObject("Generic/webObjectWithText", ["textValue":"map_intent"])): platform.Method.clickOnElement is PASSED&#xD;
&#xD;
2020-11-16 16:58:43 - [MESSAGE][PASSED] - platform.Method.clickOnElement is PASSED&#xD;
&#xD;
2020-11-16 16:58:43 - [TEST_STEP][PASSED] - comment(" *** SCENARIO 1 STARTED ***"):  *** SCENARIO 1 STARTED ***&#xD;
&#xD;
2020-11-16 16:58:43 - [MESSAGE][INFO] -  *** SCENARIO 1 STARTED ***&#xD;
&#xD;
2020-11-16 16:58:43 - [TEST_STEP][PASSED] - verifyElementPresent(findTestObject("Slots/linkEntity"), 10, CONTINUE_ON_FAILURE): Object 'Object Repository/Slots/linkEntity' is present&#xD;
&#xD;
2020-11-16 16:58:44 - [MESSAGE][PASSED] - Object 'Object Repository/Slots/linkEntity' is present&#xD;
&#xD;
2020-11-16 16:58:44 - [TEST_STEP][PASSED] - platform.Method.clickOnElement(findTestObject("Slots/linkEntity")): platform.Method.clickOnElement is PASSED&#xD;
&#xD;
2020-11-16 16:58:46 - [MESSAGE][PASSED] - platform.Method.clickOnElement is PASSED&#xD;
&#xD;
2020-11-16 16:58:46 - [TEST_STEP][PASSED] - listOfEntities = findWebElements(findTestObject("WEB_OBJECTS/entityList"), 20): null&#xD;
&#xD;
2020-11-16 16:58:48 - [TEST_STEP][PASSED] - flag = false: null&#xD;
&#xD;
2020-11-16 16:58:48 - [TEST_STEP][PASSED] - listOfElement = listOfEntities.iterator(): null&#xD;
&#xD;
2020-11-16 16:58:48 - [TEST_STEP][PASSED] - while (listOfElement.hasNext()): null&#xD;
&#xD;
2020-11-16 16:58:48 - [TEST_STEP][PASSED] - object = listOfElement.next(): null&#xD;
&#xD;
2020-11-16 16:58:48 - [TEST_STEP][PASSED] - if (getText().contentEquals("demo map test")): null&#xD;
&#xD;
2020-11-16 16:58:49 - [TEST_STEP][PASSED] - flag = true: null&#xD;
&#xD;
2020-11-16 16:58:49 - [TEST_STEP][PASSED] - if (flag == true): null&#xD;
&#xD;
2020-11-16 16:58:49 - [TEST_STEP][PASSED] - markPassed(" *** Map Location entity found *** "):  *** Map Location entity found *** &#xD;
&#xD;
2020-11-16 16:58:49 - [MESSAGE][PASSED] -  *** Map Location entity found *** &#xD;
&#xD;
2020-11-16 16:58:49 - [TEST_STEP][PASSED] - object.click(): null&#xD;
&#xD;
2020-11-16 16:58:50 - [TEST_STEP][PASSED] - break: null&#xD;
&#xD;
2020-11-16 16:58:50 - [TEST_STEP][PASSED] - if (flag == false): null&#xD;
&#xD;
2020-11-16 16:58:50 - [TEST_STEP][PASSED] - comment(" *** VALIDATION --&gt; ENTITY NAME IS PRESENT ON SLOTS ***"):  *** VALIDATION --&gt; ENTITY NAME IS PRESENT ON SLOTS ***&#xD;
&#xD;
2020-11-16 16:58:50 - [MESSAGE][INFO] -  *** VALIDATION --&gt; ENTITY NAME IS PRESENT ON SLOTS ***&#xD;
&#xD;
2020-11-16 16:58:50 - [TEST_STEP][PASSED] - verifyElementText(findTestObject("Slots/entityValue", ["rowValue":1]), "demo map test", CONTINUE_ON_FAILURE): Actual text and expected text of test object 'Object Repository/Slots/entityValue' are matched.&#xD;
&#xD;
2020-11-16 16:58:53 - [MESSAGE][PASSED] - Actual text and expected text of test object 'Object Repository/Slots/entityValue' are matched.&#xD;
&#xD;
2020-11-16 16:58:53 - [TEST_STEP][PASSED] - comment(" *** SCENARIO 2 STARTED ***"):  *** SCENARIO 2 STARTED ***&#xD;
&#xD;
2020-11-16 16:58:53 - [MESSAGE][INFO] -  *** SCENARIO 2 STARTED ***&#xD;
&#xD;
2020-11-16 16:58:53 - [TEST_STEP][PASSED] - testObject = modifyObjectProperty(findTestObject("Slots/checkbox"), "xpath", "not equals", newXpath, true, STOP_ON_FAILURE): Modify property of object successfully&#xD;
&#xD;
2020-11-16 16:58:54 - [MESSAGE][PASSED] - Modify property of object successfully&#xD;
&#xD;
2020-11-16 16:58:54 - [TEST_STEP][PASSED] - comment(" *** VALIDATION --&gt; CHECKBOX FIELD SHOULD HAVE ATTRIBUTE *DISABLED* ***"):  *** VALIDATION --&gt; CHECKBOX FIELD SHOULD HAVE ATTRIBUTE *DISABLED* ***&#xD;
&#xD;
2020-11-16 16:58:54 - [MESSAGE][INFO] -  *** VALIDATION --&gt; CHECKBOX FIELD SHOULD HAVE ATTRIBUTE *DISABLED* ***&#xD;
&#xD;
2020-11-16 16:58:54 - [TEST_STEP][PASSED] - verifyElementHasAttribute(testObject, "disabled", 20, CONTINUE_ON_FAILURE): Object 'Object Repository/Slots/checkbox' has attribute 'disabled'&#xD;
&#xD;
2020-11-16 16:58:56 - [MESSAGE][PASSED] - Object 'Object Repository/Slots/checkbox' has attribute 'disabled'&#xD;
&#xD;
2020-11-16 16:58:56 - [TEST_STEP][PASSED] - comment(" *** SCENARIO 3 STARTED ***"):  *** SCENARIO 3 STARTED ***&#xD;
&#xD;
2020-11-16 16:58:56 - [MESSAGE][INFO] -  *** SCENARIO 3 STARTED ***&#xD;
&#xD;
2020-11-16 16:58:56 - [TEST_STEP][PASSED] - setText(findTestObject("Slots/retries", ["rowValue":"1"]), "6", OPTIONAL): Text '6' is set on object 'Object Repository/Slots/retries'&#xD;
&#xD;
2020-11-16 16:59:00 - [MESSAGE][PASSED] - Text '6' is set on object 'Object Repository/Slots/retries'&#xD;
&#xD;
2020-11-16 16:59:00 - [TEST_STEP][PASSED] - platform.Method.clickOnElement(findTestObject("Button/save", ["value":" Save "])): platform.Method.clickOnElement is PASSED&#xD;
&#xD;
2020-11-16 16:59:02 - [MESSAGE][PASSED] - platform.Method.clickOnElement is PASSED&#xD;
&#xD;
2020-11-16 16:59:02 - [TEST_STEP][PASSED] - platform.Method.clickOnElement(findTestObject("NewRepo/intentGoBack")): platform.Method.clickOnElement is PASSED&#xD;
&#xD;
2020-11-16 16:59:06 - [MESSAGE][PASSED] - platform.Method.clickOnElement is PASSED&#xD;
&#xD;
2020-11-16 16:59:06 - [TEST_STEP][PASSED] - verifyTextPresent("Training data", false, CONTINUE_ON_FAILURE): Text 'Training data' is present on page &#xD;
&#xD;
2020-11-16 16:59:09 - [MESSAGE][PASSED] - Text 'Training data' is present on page &#xD;
&#xD;
2020-11-16 16:59:09 - [TEST_STEP][PASSED] - platform.Method.clickOnElement(findTestObject("Generic/webObjectWithText", ["textValue":"map_intent"])): platform.Method.clickOnElement is PASSED&#xD;
&#xD;
2020-11-16 16:59:13 - [MESSAGE][PASSED] - platform.Method.clickOnElement is PASSED&#xD;
&#xD;
2020-11-16 16:59:13 - [TEST_STEP][PASSED] - retryValue = executeJavaScript(getValue, null): Execute JavaScript 'return document.querySelector('[type="number"]').value;' successfully&#xD;
&#xD;
2020-11-16 16:59:14 - [MESSAGE][PASSED] - Execute JavaScript 'return document.querySelector('[type="number"]').value;' successfully&#xD;
&#xD;
2020-11-16 16:59:14 - [TEST_STEP][PASSED] - assert toString().contentEquals("6") == true: null&#xD;
&#xD;
2020-11-16 16:59:14 - [TEST_STEP][PASSED] - comment(" *** Navigate out of intent ***"):  *** Navigate out of intent ***&#xD;
&#xD;
2020-11-16 16:59:14 - [MESSAGE][INFO] -  *** Navigate out of intent ***&#xD;
&#xD;
2020-11-16 16:59:14 - [TEST_STEP][PASSED] - platform.Method.clickOnElement(findTestObject("NewRepo/intentGoBack")): platform.Method.clickOnElement is PASSED&#xD;
&#xD;
2020-11-16 16:59:16 - [MESSAGE][PASSED] - platform.Method.clickOnElement is PASSED</system-out>
            <system-err></system-err>
        </testcase>
        <testcase name="Test Cases/Sprint/v4.4/freeformEntityCreation_Test" classname="Test Cases/Sprint/v4.4/freeformEntityCreation_Test" status="PASSED">
            <system-out>2020-11-16 16:59:17 - [TEST_CASE][PASSED] - Test Cases/Sprint/v4.4/freeformEntityCreation_Test: Test Cases/Sprint/v4.4/freeformEntityCreation_Test&#xD;
&#xD;
2020-11-16 16:59:17 - [TEST_STEP][PASSED] - platform.Method.clickOnElement(findTestObject("Generic/training")): platform.Method.clickOnElement is PASSED&#xD;
&#xD;
2020-11-16 16:59:20 - [MESSAGE][PASSED] - platform.Method.clickOnElement is PASSED&#xD;
&#xD;
2020-11-16 16:59:20 - [TEST_STEP][PASSED] - testData = findTestData("Data Files/testData_Task"): null&#xD;
&#xD;
2020-11-16 16:59:20 - [TEST_STEP][PASSED] - platform.Method.clickOnElement(findTestObject("Generic/webObjectWithText", ["textValue":"Entities"])): platform.Method.clickOnElement is PASSED&#xD;
&#xD;
2020-11-16 16:59:23 - [MESSAGE][PASSED] - platform.Method.clickOnElement is PASSED&#xD;
&#xD;
2020-11-16 16:59:23 - [TEST_STEP][PASSED] - comment(" *** SCENARIO 1 STARTED ***"):  *** SCENARIO 1 STARTED ***&#xD;
&#xD;
2020-11-16 16:59:23 - [MESSAGE][INFO] -  *** SCENARIO 1 STARTED ***&#xD;
&#xD;
2020-11-16 16:59:23 - [TEST_STEP][PASSED] - platform.Method.clickOnElement(findTestObject("Button/createEntity")): platform.Method.clickOnElement is PASSED&#xD;
&#xD;
2020-11-16 16:59:26 - [MESSAGE][PASSED] - platform.Method.clickOnElement is PASSED&#xD;
&#xD;
2020-11-16 16:59:26 - [TEST_STEP][PASSED] - platform.Training.createEntity(testData.getValue("freeform_entity", 1), " Free form ", null): platform.Training.createEntity is PASSED&#xD;
&#xD;
2020-11-16 16:59:29 - [MESSAGE][PASSED] - Keys 'freeform org' sent to object: 'Object Repository/Input/entityName'&#xD;
&#xD;
2020-11-16 16:59:31 - [MESSAGE][INFO] - Entity Type:  Free form &#xD;
&#xD;
2020-11-16 16:59:36 - [MESSAGE][PASSED] - platform.Training.createEntity is PASSED&#xD;
&#xD;
2020-11-16 16:59:36 - [TEST_STEP][PASSED] - waitForElementPresent(findTestObject("ICONS/toastMsg"), 20, CONTINUE_ON_FAILURE): Object 'Object Repository/ICONS/toastMsg' is present&#xD;
&#xD;
2020-11-16 16:59:38 - [MESSAGE][PASSED] - Object 'Object Repository/ICONS/toastMsg' is present&#xD;
&#xD;
2020-11-16 16:59:38 - [TEST_STEP][PASSED] - comment(" *** VALIDATION --&gt; ENTITY CREATION CHECK ***"):  *** VALIDATION --&gt; ENTITY CREATION CHECK ***&#xD;
&#xD;
2020-11-16 16:59:38 - [MESSAGE][INFO] -  *** VALIDATION --&gt; ENTITY CREATION CHECK ***&#xD;
&#xD;
2020-11-16 16:59:38 - [TEST_STEP][PASSED] - mapElement = findWebElements(findTestObject("GenericII/listOfEntityNames"), 5).get(0): null&#xD;
&#xD;
2020-11-16 16:59:39 - [TEST_STEP][PASSED] - assert getText().contentEquals("freeform org") == true: null&#xD;
&#xD;
2020-11-16 16:59:40 - [TEST_STEP][PASSED] - comment(" *** SCENARIO 2 STARTED ***"):  *** SCENARIO 2 STARTED ***&#xD;
&#xD;
2020-11-16 16:59:40 - [MESSAGE][INFO] -  *** SCENARIO 2 STARTED ***&#xD;
&#xD;
2020-11-16 16:59:40 - [TEST_STEP][PASSED] - platform.Method.clickOnElement(convertWebElementToTestObject(mapElement)): platform.Method.clickOnElement is PASSED&#xD;
&#xD;
2020-11-16 16:59:45 - [MESSAGE][PASSED] - platform.Method.clickOnElement is PASSED&#xD;
&#xD;
2020-11-16 16:59:45 - [TEST_STEP][PASSED] - setText(findTestObject("Input/entityName"), testData.getValue("freeform_entity", 2)): Text 'updated freeform' is set on object 'Object Repository/Input/entityName'&#xD;
&#xD;
2020-11-16 16:59:50 - [MESSAGE][PASSED] - Text 'updated freeform' is set on object 'Object Repository/Input/entityName'&#xD;
&#xD;
2020-11-16 16:59:50 - [TEST_STEP][PASSED] - platform.Method.clickOnElement(findTestObject("Button/entityPageSaveButton")): platform.Method.clickOnElement is PASSED&#xD;
&#xD;
2020-11-16 16:59:52 - [MESSAGE][PASSED] - platform.Method.clickOnElement is PASSED&#xD;
&#xD;
2020-11-16 16:59:52 - [TEST_STEP][PASSED] - waitForElementPresent(findTestObject("ICONS/toastMsg"), 20, CONTINUE_ON_FAILURE): Object 'Object Repository/ICONS/toastMsg' is present&#xD;
&#xD;
2020-11-16 16:59:53 - [MESSAGE][PASSED] - Object 'Object Repository/ICONS/toastMsg' is present&#xD;
&#xD;
2020-11-16 16:59:53 - [TEST_STEP][PASSED] - comment(" *** VALIDATION --&gt; ENTITY NAME UPDATE CHECK ***"):  *** VALIDATION --&gt; ENTITY NAME UPDATE CHECK ***&#xD;
&#xD;
2020-11-16 16:59:53 - [MESSAGE][INFO] -  *** VALIDATION --&gt; ENTITY NAME UPDATE CHECK ***&#xD;
&#xD;
2020-11-16 16:59:53 - [TEST_STEP][PASSED] - mapElement = findWebElements(findTestObject("GenericII/listOfEntityNames"), 5).get(0): null&#xD;
&#xD;
2020-11-16 16:59:54 - [TEST_STEP][PASSED] - assert getText().contentEquals("updated freeform") == true: null&#xD;
&#xD;
2020-11-16 16:59:56 - [TEST_STEP][PASSED] - platform.Method.clickOnElement(findTestObject("Generic/response")): platform.Method.clickOnElement is PASSED&#xD;
&#xD;
2020-11-16 16:59:58 - [MESSAGE][PASSED] - platform.Method.clickOnElement is PASSED&#xD;
&#xD;
2020-11-16 16:59:58 - [TEST_STEP][PASSED] - platform.Response.createRichResponse(testData.getValue("rich_template", 7), testData.getValue("rich_template_value", 7)): platform.Response.createRichResponse is PASSED&#xD;
&#xD;
2020-11-16 17:00:09 - [MESSAGE][PASSED] - Text 'freeform_response' is set on object 'Object Repository/NewRepo2/templateKeyName'&#xD;
&#xD;
2020-11-16 17:00:13 - [MESSAGE][PASSED] - Delayed 2 second(s)&#xD;
&#xD;
2020-11-16 17:00:18 - [MESSAGE][PASSED] - Text 'Your response for freeform will be here' is set on object 'Object Repository/Input/textResponse'&#xD;
&#xD;
2020-11-16 17:00:21 - [MESSAGE][PASSED] - platform.Response.createRichResponse is PASSED&#xD;
&#xD;
2020-11-16 17:00:21 - [TEST_STEP][PASSED] - waitForElementPresent(findTestObject("ICONS/toastMsg"), 20, CONTINUE_ON_FAILURE): Object 'Object Repository/ICONS/toastMsg' is present&#xD;
&#xD;
2020-11-16 17:00:23 - [MESSAGE][PASSED] - Object 'Object Repository/ICONS/toastMsg' is present&#xD;
&#xD;
2020-11-16 17:00:23 - [TEST_STEP][PASSED] - platform.Response.createRichResponse(testData.getValue("rich_template", 8), testData.getValue("rich_template_value", 8)): platform.Response.createRichResponse is PASSED&#xD;
&#xD;
2020-11-16 17:00:30 - [MESSAGE][PASSED] - Text 'ask_freeform' is set on object 'Object Repository/NewRepo2/templateKeyName'&#xD;
&#xD;
2020-11-16 17:00:34 - [MESSAGE][PASSED] - Delayed 2 second(s)&#xD;
&#xD;
2020-11-16 17:00:39 - [MESSAGE][PASSED] - Text 'Please enter a freeform content' is set on object 'Object Repository/Input/textResponse'&#xD;
&#xD;
2020-11-16 17:00:42 - [MESSAGE][PASSED] - platform.Response.createRichResponse is PASSED&#xD;
&#xD;
2020-11-16 17:00:42 - [TEST_STEP][PASSED] - waitForElementPresent(findTestObject("ICONS/toastMsg"), 20, CONTINUE_ON_FAILURE): Object 'Object Repository/ICONS/toastMsg' is present&#xD;
&#xD;
2020-11-16 17:00:44 - [MESSAGE][PASSED] - Object 'Object Repository/ICONS/toastMsg' is present</system-out>
            <system-err></system-err>
        </testcase>
        <testcase name="Test Cases/Sprint/v4.4/freeformEntityTaggingInIntent_Test" classname="Test Cases/Sprint/v4.4/freeformEntityTaggingInIntent_Test" status="PASSED">
            <system-out>2020-11-16 17:00:44 - [TEST_CASE][PASSED] - Test Cases/Sprint/v4.4/freeformEntityTaggingInIntent_Test: Test Cases/Sprint/v4.4/freeformEntityTaggingInIntent_Test&#xD;
&#xD;
2020-11-16 17:00:44 - [TEST_STEP][PASSED] - platform.Method.clickOnElement(findTestObject("Generic/training")): platform.Method.clickOnElement is PASSED&#xD;
&#xD;
2020-11-16 17:00:47 - [MESSAGE][PASSED] - platform.Method.clickOnElement is PASSED&#xD;
&#xD;
2020-11-16 17:00:47 - [TEST_STEP][PASSED] - testData = findTestData("Data Files/testData_Task"): null&#xD;
&#xD;
2020-11-16 17:00:48 - [TEST_STEP][PASSED] - refresh(): Refresh successfully&#xD;
&#xD;
2020-11-16 17:00:54 - [MESSAGE][PASSED] - Refresh successfully&#xD;
&#xD;
2020-11-16 17:00:54 - [TEST_STEP][PASSED] - waitForElementVisible(findTestObject("Button/createIntent"), 40, STOP_ON_FAILURE): Object 'Object Repository/Button/createIntent' is visible&#xD;
&#xD;
2020-11-16 17:01:00 - [MESSAGE][PASSED] - Object 'Object Repository/Button/createIntent' is visible&#xD;
&#xD;
2020-11-16 17:01:00 - [TEST_STEP][PASSED] - comment(" *** SCENARIO 1 STARTED *** "):  *** SCENARIO 1 STARTED *** &#xD;
&#xD;
2020-11-16 17:01:00 - [MESSAGE][INFO] -  *** SCENARIO 1 STARTED *** &#xD;
&#xD;
2020-11-16 17:01:00 - [TEST_STEP][PASSED] - platform.Training.addSingleUtterance(testData.getValue("freeform_utterance", 1)): platform.Training.addSingleUtterance is PASSED&#xD;
&#xD;
2020-11-16 17:01:05 - [MESSAGE][PASSED] - Keys 'freeform test' sent to object: 'Object Repository/Input/utterance'&#xD;
&#xD;
2020-11-16 17:01:07 - [MESSAGE][PASSED] - platform.Training.addSingleUtterance is PASSED&#xD;
&#xD;
2020-11-16 17:01:07 - [TEST_STEP][PASSED] - element = findWebElement(findTestObject("Slots/listOfUtterance"), 5): null&#xD;
&#xD;
2020-11-16 17:01:09 - [TEST_STEP][PASSED] - element.click(): null&#xD;
&#xD;
2020-11-16 17:01:10 - [TEST_STEP][PASSED] - element.sendKeys(Keys.chord(CONTROL, "a")): null&#xD;
&#xD;
2020-11-16 17:01:12 - [TEST_STEP][PASSED] - element.click(): null&#xD;
&#xD;
2020-11-16 17:01:13 - [TEST_STEP][PASSED] - if (verifyElementPresent(findTestObject("Generic/entitySelection"), 20, OPTIONAL) == false): Object 'Object Repository/Generic/entitySelection' is present&#xD;
&#xD;
2020-11-16 17:01:15 - [MESSAGE][PASSED] - Object 'Object Repository/Generic/entitySelection' is present&#xD;
&#xD;
2020-11-16 17:01:15 - [TEST_STEP][PASSED] - else: *** Freeform entity not found ***&#xD;
&#xD;
2020-11-16 17:01:15 - [TEST_STEP][PASSED] - platform.Method.clickOnElement(findTestObject("Generic/entitySelection")): platform.Method.clickOnElement is PASSED&#xD;
&#xD;
2020-11-16 17:01:17 - [MESSAGE][PASSED] - platform.Method.clickOnElement is PASSED&#xD;
&#xD;
2020-11-16 17:01:17 - [TEST_STEP][PASSED] - entityOptions = findWebElements(findTestObject("WEB_OBJECTS/getOptions"), 20): null&#xD;
&#xD;
2020-11-16 17:01:18 - [TEST_STEP][PASSED] - for (org.openqa.selenium.WebElement value : entityOptions): null&#xD;
&#xD;
2020-11-16 17:01:18 - [TEST_STEP][PASSED] - assert getText().contentEquals(testData.getValue("freeform_entity", 2)) == false: null&#xD;
&#xD;
2020-11-16 17:01:19 - [TEST_STEP][PASSED] - markPassed("*** Freeform entity not found ***"): *** Freeform entity not found ***&#xD;
&#xD;
2020-11-16 17:01:19 - [MESSAGE][PASSED] - *** Freeform entity not found ***&#xD;
&#xD;
2020-11-16 17:01:19 - [TEST_STEP][PASSED] - comment(" *** SCENARIO 2 STARTED *** "):  *** SCENARIO 2 STARTED *** &#xD;
&#xD;
2020-11-16 17:01:19 - [MESSAGE][INFO] -  *** SCENARIO 2 STARTED *** &#xD;
&#xD;
2020-11-16 17:01:19 - [TEST_STEP][PASSED] - platform.Training.createNewEntityManually(testData.getValue("freeform_entity", 3), " Free form ", null): platform.Training.createNewEntityManually is PASSED&#xD;
&#xD;
2020-11-16 17:01:25 - [MESSAGE][PASSED] - Keys 'demo freeform' sent to object: 'Object Repository/Input/entityName'&#xD;
&#xD;
2020-11-16 17:01:28 - [MESSAGE][INFO] - Entity Type:  Free form &#xD;
&#xD;
2020-11-16 17:01:33 - [MESSAGE][PASSED] - platform.Training.createNewEntityManually is PASSED&#xD;
&#xD;
2020-11-16 17:01:33 - [TEST_STEP][PASSED] - waitForElementPresent(findTestObject("ICONS/toastMsg"), 30, CONTINUE_ON_FAILURE): Object 'Object Repository/ICONS/toastMsg' is present&#xD;
&#xD;
2020-11-16 17:01:34 - [MESSAGE][PASSED] - Object 'Object Repository/ICONS/toastMsg' is present&#xD;
&#xD;
2020-11-16 17:01:34 - [TEST_STEP][PASSED] - verifyElementNotPresent(findTestObject("Slots/entityValue", ["rowValue":1]), 30, CONTINUE_ON_FAILURE): Web element with id: 'Object Repository/Slots/entityValue' located by 'By.xpath: //tbody[2]/tr[1]/td[2]' is not present after '30' second(s)&#xD;
&#xD;
2020-11-16 17:01:36 - [MESSAGE][PASSED] - Web element with id: 'Object Repository/Slots/entityValue' located by 'By.xpath: //tbody[2]/tr[1]/td[2]' is not present after '30' second(s)&#xD;
&#xD;
2020-11-16 17:01:36 - [TEST_STEP][PASSED] - sendKeys(findTestObject("Input/intentName"), testData.getValue("intent_name", 8)): Keys 'freeform_test' sent to object: 'Object Repository/Input/intentName'&#xD;
&#xD;
2020-11-16 17:01:39 - [MESSAGE][PASSED] - Keys 'freeform_test' sent to object: 'Object Repository/Input/intentName'&#xD;
&#xD;
2020-11-16 17:01:39 - [TEST_STEP][PASSED] - sendKeys(findTestObject("Input/finalTempKey"), findTestData("Data Files/testData_Task").getValue("rich_template", 7)): Keys 'freeform_response' sent to object: 'Object Repository/Input/finalTempKey'&#xD;
&#xD;
2020-11-16 17:01:42 - [MESSAGE][PASSED] - Keys 'freeform_response' sent to object: 'Object Repository/Input/finalTempKey'&#xD;
&#xD;
2020-11-16 17:01:42 - [TEST_STEP][PASSED] - executeJavaScript("document.getElementsByClassName('bg-red')[0].classList.remove('bg-red');", null): Execute JavaScript 'document.getElementsByClassName('bg-red')[0].classList.remove('bg-red');' successfully&#xD;
&#xD;
2020-11-16 17:01:43 - [MESSAGE][PASSED] - Execute JavaScript 'document.getElementsByClassName('bg-red')[0].classList.remove('bg-red');' successfully&#xD;
&#xD;
2020-11-16 17:01:43 - [TEST_STEP][PASSED] - platform.Method.clickOnElement(findTestObject("Button/save", ["value":" Save "])): platform.Method.clickOnElement is PASSED&#xD;
&#xD;
2020-11-16 17:01:45 - [MESSAGE][PASSED] - platform.Method.clickOnElement is PASSED&#xD;
&#xD;
2020-11-16 17:01:45 - [TEST_STEP][PASSED] - verifyElementText(findTestObject("Generic/header"), "freeform_test", CONTINUE_ON_FAILURE): Actual text and expected text of test object 'Object Repository/Generic/header' are matched.&#xD;
&#xD;
2020-11-16 17:01:48 - [MESSAGE][PASSED] - Actual text and expected text of test object 'Object Repository/Generic/header' are matched.&#xD;
&#xD;
2020-11-16 17:01:48 - [TEST_STEP][PASSED] - platform.Method.clickOnElement(findTestObject("NewRepo/intentGoBack")): platform.Method.clickOnElement is PASSED&#xD;
&#xD;
2020-11-16 17:01:50 - [MESSAGE][PASSED] - platform.Method.clickOnElement is PASSED&#xD;
&#xD;
2020-11-16 17:01:50 - [TEST_STEP][PASSED] - platform.Method.clickOnElement(findTestObject("Generic/webObjectWithText", ["textValue":testData.getValue("intent_name", 8)])): platform.Method.clickOnElement is PASSED&#xD;
&#xD;
2020-11-16 17:01:53 - [MESSAGE][PASSED] - platform.Method.clickOnElement is PASSED&#xD;
&#xD;
2020-11-16 17:01:53 - [TEST_STEP][PASSED] - comment(" *** VALIDATION: VERIFY FREEFORM ENTITY ON SLOT ***"):  *** VALIDATION: VERIFY FREEFORM ENTITY ON SLOT ***&#xD;
&#xD;
2020-11-16 17:01:53 - [MESSAGE][INFO] -  *** VALIDATION: VERIFY FREEFORM ENTITY ON SLOT ***&#xD;
&#xD;
2020-11-16 17:01:53 - [TEST_STEP][PASSED] - verifyElementNotPresent(findTestObject("Slots/markedUpEntity"), 20, CONTINUE_ON_FAILURE): Web element with id: 'Object Repository/Slots/markedUpEntity' located by 'By.xpath: //span[@class='bg-red']' is not present after '20' second(s)&#xD;
&#xD;
2020-11-16 17:01:54 - [MESSAGE][PASSED] - Web element with id: 'Object Repository/Slots/markedUpEntity' located by 'By.xpath: //span[@class='bg-red']' is not present after '20' second(s)&#xD;
&#xD;
2020-11-16 17:01:54 - [TEST_STEP][PASSED] - platform.Method.clickOnElement(findTestObject("NewRepo/intentGoBack")): platform.Method.clickOnElement is PASSED&#xD;
&#xD;
2020-11-16 17:01:57 - [MESSAGE][PASSED] - platform.Method.clickOnElement is PASSED&#xD;
&#xD;
2020-11-16 17:01:57 - [TEST_STEP][PASSED] - verifyTextPresent("Training data", false, CONTINUE_ON_FAILURE): Text 'Training data' is present on page &#xD;
&#xD;
2020-11-16 17:02:01 - [MESSAGE][PASSED] - Text 'Training data' is present on page</system-out>
            <system-err></system-err>
        </testcase>
        <testcase name="Test Cases/Sprint/v4.4/freeformLinkToSlots_Test" classname="Test Cases/Sprint/v4.4/freeformLinkToSlots_Test" status="PASSED">
            <system-out>2020-11-16 17:02:01 - [TEST_CASE][PASSED] - Test Cases/Sprint/v4.4/freeformLinkToSlots_Test: Test Cases/Sprint/v4.4/freeformLinkToSlots_Test&#xD;
&#xD;
2020-11-16 17:02:02 - [TEST_STEP][PASSED] - platform.Method.clickOnElement(findTestObject("Generic/webObjectWithText", ["textValue":"freeform_test"])): platform.Method.clickOnElement is PASSED&#xD;
&#xD;
2020-11-16 17:02:04 - [MESSAGE][PASSED] - platform.Method.clickOnElement is PASSED&#xD;
&#xD;
2020-11-16 17:02:04 - [TEST_STEP][PASSED] - comment(" *** SCENARIO 1 STARTED ***"):  *** SCENARIO 1 STARTED ***&#xD;
&#xD;
2020-11-16 17:02:05 - [MESSAGE][INFO] -  *** SCENARIO 1 STARTED ***&#xD;
&#xD;
2020-11-16 17:02:05 - [TEST_STEP][PASSED] - verifyElementPresent(findTestObject("Slots/linkEntity"), 10, CONTINUE_ON_FAILURE): Object 'Object Repository/Slots/linkEntity' is present&#xD;
&#xD;
2020-11-16 17:02:06 - [MESSAGE][PASSED] - Object 'Object Repository/Slots/linkEntity' is present&#xD;
&#xD;
2020-11-16 17:02:06 - [TEST_STEP][PASSED] - platform.Method.clickOnElement(findTestObject("Slots/linkEntity")): platform.Method.clickOnElement is PASSED&#xD;
&#xD;
2020-11-16 17:02:08 - [MESSAGE][PASSED] - platform.Method.clickOnElement is PASSED&#xD;
&#xD;
2020-11-16 17:02:08 - [TEST_STEP][PASSED] - listOfEntities = findWebElements(findTestObject("WEB_OBJECTS/entityList"), 20): null&#xD;
&#xD;
2020-11-16 17:02:10 - [TEST_STEP][PASSED] - flag = false: null&#xD;
&#xD;
2020-11-16 17:02:10 - [TEST_STEP][PASSED] - listOfElement = listOfEntities.iterator(): null&#xD;
&#xD;
2020-11-16 17:02:10 - [TEST_STEP][PASSED] - while (listOfElement.hasNext()): null&#xD;
&#xD;
2020-11-16 17:02:10 - [TEST_STEP][PASSED] - object = listOfElement.next(): null&#xD;
&#xD;
2020-11-16 17:02:10 - [TEST_STEP][PASSED] - if (getText().contentEquals("demo freeform")): null&#xD;
&#xD;
2020-11-16 17:02:11 - [TEST_STEP][PASSED] - flag = true: null&#xD;
&#xD;
2020-11-16 17:02:11 - [TEST_STEP][PASSED] - if (flag == true): null&#xD;
&#xD;
2020-11-16 17:02:11 - [TEST_STEP][PASSED] - markPassed(" *** Freeform entity found *** "):  *** Freeform entity found *** &#xD;
&#xD;
2020-11-16 17:02:11 - [MESSAGE][PASSED] -  *** Freeform entity found *** &#xD;
&#xD;
2020-11-16 17:02:11 - [TEST_STEP][PASSED] - object.click(): null&#xD;
&#xD;
2020-11-16 17:02:12 - [TEST_STEP][PASSED] - break: null&#xD;
&#xD;
2020-11-16 17:02:12 - [TEST_STEP][PASSED] - if (flag == false): null&#xD;
&#xD;
2020-11-16 17:02:12 - [TEST_STEP][PASSED] - comment(" *** VALIDATION --&gt; ENTITY NAME IS PRESENT ON SLOTS ***"):  *** VALIDATION --&gt; ENTITY NAME IS PRESENT ON SLOTS ***&#xD;
&#xD;
2020-11-16 17:02:12 - [MESSAGE][INFO] -  *** VALIDATION --&gt; ENTITY NAME IS PRESENT ON SLOTS ***&#xD;
&#xD;
2020-11-16 17:02:12 - [TEST_STEP][PASSED] - verifyElementText(findTestObject("Slots/entityValue", ["rowValue":1]), "demo freeform", CONTINUE_ON_FAILURE): Actual text and expected text of test object 'Object Repository/Slots/entityValue' are matched.&#xD;
&#xD;
2020-11-16 17:02:15 - [MESSAGE][PASSED] - Actual text and expected text of test object 'Object Repository/Slots/entityValue' are matched.&#xD;
&#xD;
2020-11-16 17:02:15 - [TEST_STEP][PASSED] - comment(" *** SCENARIO 2 STARTED ***"):  *** SCENARIO 2 STARTED ***&#xD;
&#xD;
2020-11-16 17:02:15 - [MESSAGE][INFO] -  *** SCENARIO 2 STARTED ***&#xD;
&#xD;
2020-11-16 17:02:15 - [TEST_STEP][PASSED] - testObject = modifyObjectProperty(findTestObject("Slots/checkbox"), "xpath", "not equals", newXpath, true, STOP_ON_FAILURE): Modify property of object successfully&#xD;
&#xD;
2020-11-16 17:02:15 - [MESSAGE][PASSED] - Modify property of object successfully&#xD;
&#xD;
2020-11-16 17:02:15 - [TEST_STEP][PASSED] - comment(" *** VALIDATION --&gt; CHECKBOX FIELD SHOULD HAVE ATTRIBUTE *DISABLED* ***"):  *** VALIDATION --&gt; CHECKBOX FIELD SHOULD HAVE ATTRIBUTE *DISABLED* ***&#xD;
&#xD;
2020-11-16 17:02:15 - [MESSAGE][INFO] -  *** VALIDATION --&gt; CHECKBOX FIELD SHOULD HAVE ATTRIBUTE *DISABLED* ***&#xD;
&#xD;
2020-11-16 17:02:15 - [TEST_STEP][PASSED] - verifyElementHasAttribute(testObject, "disabled", 20, CONTINUE_ON_FAILURE): Object 'Object Repository/Slots/checkbox' has attribute 'disabled'&#xD;
&#xD;
2020-11-16 17:02:17 - [MESSAGE][PASSED] - Object 'Object Repository/Slots/checkbox' has attribute 'disabled'&#xD;
&#xD;
2020-11-16 17:02:17 - [TEST_STEP][PASSED] - setText(findTestObject("Slots/retries", ["rowValue":"1"]), "2", OPTIONAL): Text '2' is set on object 'Object Repository/Slots/retries'&#xD;
&#xD;
2020-11-16 17:02:21 - [MESSAGE][PASSED] - Text '2' is set on object 'Object Repository/Slots/retries'&#xD;
&#xD;
2020-11-16 17:02:21 - [TEST_STEP][PASSED] - setText(findTestObject("Slots/templateKey", ["rowValue":1]), findTestData("Data Files/testData_Task").getValue("rich_template", 8)): Text 'ask_freeform' is set on object 'Object Repository/Slots/templateKey'&#xD;
&#xD;
2020-11-16 17:02:25 - [MESSAGE][PASSED] - Text 'ask_freeform' is set on object 'Object Repository/Slots/templateKey'&#xD;
&#xD;
2020-11-16 17:02:25 - [TEST_STEP][PASSED] - takeScreenshot(getProjectDir() + "/Screenshot/" + image_title): Taking screenshot successfully&#xD;
&#xD;
2020-11-16 17:02:27 - [MESSAGE][PASSED] - Taking screenshot successfully&#xD;
[[ATTACHMENT|D:\\IMIbot.ai-Project\\Reports\\20201116_165354\\v4.4_TaskSuite\\20201116_165358\\D:/IMIbot.ai-Project/Screenshot/freeform_loc.jpg]]&#xD;
&#xD;
2020-11-16 17:02:27 - [TEST_STEP][PASSED] - platform.Method.clickOnElement(findTestObject("Button/save", ["value":" Save "])): platform.Method.clickOnElement is PASSED&#xD;
&#xD;
2020-11-16 17:02:29 - [MESSAGE][PASSED] - platform.Method.clickOnElement is PASSED&#xD;
&#xD;
2020-11-16 17:02:29 - [TEST_STEP][PASSED] - platform.Method.clickOnElement(findTestObject("NewRepo/intentGoBack")): platform.Method.clickOnElement is PASSED&#xD;
&#xD;
2020-11-16 17:02:32 - [MESSAGE][PASSED] - platform.Method.clickOnElement is PASSED&#xD;
&#xD;
2020-11-16 17:02:32 - [TEST_STEP][PASSED] - verifyTextPresent("Training data", false, CONTINUE_ON_FAILURE): Text 'Training data' is present on page &#xD;
&#xD;
2020-11-16 17:02:35 - [MESSAGE][PASSED] - Text 'Training data' is present on page &#xD;
&#xD;
2020-11-16 17:02:35 - [TEST_STEP][PASSED] - platform.Method.clickOnElement(findTestObject("Generic/webObjectWithText", ["textValue":"freeform_test"])): platform.Method.clickOnElement is PASSED&#xD;
&#xD;
2020-11-16 17:02:38 - [MESSAGE][PASSED] - platform.Method.clickOnElement is PASSED&#xD;
&#xD;
2020-11-16 17:02:38 - [TEST_STEP][PASSED] - retryValue = executeJavaScript(getValue, null): Execute JavaScript 'return document.querySelector('[type="number"]').value;' successfully&#xD;
&#xD;
2020-11-16 17:02:39 - [MESSAGE][PASSED] - Execute JavaScript 'return document.querySelector('[type="number"]').value;' successfully&#xD;
&#xD;
2020-11-16 17:02:39 - [TEST_STEP][PASSED] - assert toString().contentEquals("2") == true: null&#xD;
&#xD;
2020-11-16 17:02:39 - [TEST_STEP][PASSED] - comment(" *** SCENARIO 3 STARTED ***"):  *** SCENARIO 3 STARTED ***&#xD;
&#xD;
2020-11-16 17:02:39 - [MESSAGE][INFO] -  *** SCENARIO 3 STARTED ***&#xD;
&#xD;
2020-11-16 17:02:39 - [TEST_STEP][PASSED] - mouseOver(findTestObject("WEB_OBJECTS/mat-icon", ["class_value":"freeform"]), OPTIONAL): Object: 'Object Repository/WEB_OBJECTS/mat-icon' is hovered&#xD;
&#xD;
2020-11-16 17:02:41 - [MESSAGE][PASSED] - Object: 'Object Repository/WEB_OBJECTS/mat-icon' is hovered&#xD;
&#xD;
2020-11-16 17:02:41 - [TEST_STEP][PASSED] - comment(" *** VALIDATION CHECK FOR ELEMENT ATTRIBUTE ***"):  *** VALIDATION CHECK FOR ELEMENT ATTRIBUTE ***&#xD;
&#xD;
2020-11-16 17:02:41 - [MESSAGE][INFO] -  *** VALIDATION CHECK FOR ELEMENT ATTRIBUTE ***&#xD;
&#xD;
2020-11-16 17:02:41 - [TEST_STEP][PASSED] - verifyElementAttributeValue(findTestObject("WEB_OBJECTS/mat-icon", ["class_value":"freeform"]), "mattooltip", testValue, 20, CONTINUE_ON_FAILURE): Object 'Object Repository/WEB_OBJECTS/mat-icon' has attribute 'mattooltip' with value 'Retries are valid only on empty value'&#xD;
&#xD;
2020-11-16 17:02:45 - [MESSAGE][PASSED] - Object 'Object Repository/WEB_OBJECTS/mat-icon' has attribute 'mattooltip' with value 'Retries are valid only on empty value'&#xD;
&#xD;
2020-11-16 17:02:45 - [TEST_STEP][PASSED] - platform.Method.clickOnElement(findTestObject("NewRepo/intentGoBack")): platform.Method.clickOnElement is PASSED&#xD;
&#xD;
2020-11-16 17:02:47 - [MESSAGE][PASSED] - platform.Method.clickOnElement is PASSED&#xD;
&#xD;
2020-11-16 17:02:47 - [TEST_STEP][PASSED] - refresh(): Refresh successfully&#xD;
&#xD;
2020-11-16 17:02:52 - [MESSAGE][PASSED] - Refresh successfully&#xD;
&#xD;
2020-11-16 17:02:52 - [TEST_STEP][PASSED] - waitForElementVisible(findTestObject("Button/createIntent"), 40, STOP_ON_FAILURE): Object 'Object Repository/Button/createIntent' is visible&#xD;
&#xD;
2020-11-16 17:02:56 - [MESSAGE][PASSED] - Object 'Object Repository/Button/createIntent' is visible</system-out>
            <system-err></system-err>
        </testcase>
        <testcase name="Test Cases/Sprint/v4.4/verifyFreeformPreview" classname="Test Cases/Sprint/v4.4/verifyFreeformPreview" status="PASSED">
            <system-out>2020-11-16 17:02:56 - [TEST_CASE][PASSED] - Test Cases/Sprint/v4.4/verifyFreeformPreview: Test Cases/Sprint/v4.4/verifyFreeformPreview&#xD;
&#xD;
2020-11-16 17:02:57 - [TEST_STEP][PASSED] - platform.Method.trainAndComment("Freeform intent trained"): platform.Method.trainAndComment is PASSED&#xD;
&#xD;
2020-11-16 17:03:05 - [MESSAGE][PASSED] - Keys 'Freeform intent trained' sent to object: 'Object Repository/Input/comment'&#xD;
&#xD;
2020-11-16 17:03:07 - [MESSAGE][PASSED] - platform.Method.trainAndComment is PASSED&#xD;
&#xD;
2020-11-16 17:03:07 - [TEST_STEP][PASSED] - verifyElementPresent(findTestObject("ICONS/toastMsg"), 30, OPTIONAL): Object 'Object Repository/ICONS/toastMsg' is present&#xD;
&#xD;
2020-11-16 17:03:08 - [MESSAGE][PASSED] - Object 'Object Repository/ICONS/toastMsg' is present&#xD;
&#xD;
2020-11-16 17:03:08 - [TEST_STEP][PASSED] - comment("*** SCENARIO 1 STARTED ***"): *** SCENARIO 1 STARTED ***&#xD;
&#xD;
2020-11-16 17:03:08 - [MESSAGE][INFO] - *** SCENARIO 1 STARTED ***&#xD;
&#xD;
2020-11-16 17:03:08 - [TEST_STEP][PASSED] - platform.Method.clickOnElement(findTestObject("Button/preview")): platform.Method.clickOnElement is PASSED&#xD;
&#xD;
2020-11-16 17:03:10 - [MESSAGE][PASSED] - platform.Method.clickOnElement is PASSED&#xD;
&#xD;
2020-11-16 17:03:10 - [TEST_STEP][PASSED] - waitForElementVisible(findTestObject("Input/chatInput"), 20, CONTINUE_ON_FAILURE): Object 'Object Repository/Input/chatInput' is visible&#xD;
&#xD;
2020-11-16 17:03:13 - [MESSAGE][PASSED] - Object 'Object Repository/Input/chatInput' is visible&#xD;
&#xD;
2020-11-16 17:03:13 - [TEST_STEP][PASSED] - sendKeys(findTestObject("Input/chatInput"), Keys.chord(userQuery, ENTER)): Keys 'ENTER + freeform test' sent to object: 'Object Repository/Input/chatInput'&#xD;
&#xD;
2020-11-16 17:03:15 - [MESSAGE][PASSED] - Keys 'ENTER + freeform test' sent to object: 'Object Repository/Input/chatInput'&#xD;
&#xD;
2020-11-16 17:03:15 - [TEST_STEP][PASSED] - waitForElementVisible(findTestObject("Generic/botReponse", ["index":2]), 20, OPTIONAL): Object 'Object Repository/Generic/botReponse' is visible&#xD;
&#xD;
2020-11-16 17:03:19 - [MESSAGE][PASSED] - Object 'Object Repository/Generic/botReponse' is visible&#xD;
&#xD;
2020-11-16 17:03:19 - [TEST_STEP][PASSED] - verifyElementText(findTestObject("Generic/botReponse", ["index":2]), expected_value, CONTINUE_ON_FAILURE): Actual text and expected text of test object 'Object Repository/Generic/botReponse' are matched.&#xD;
&#xD;
2020-11-16 17:03:21 - [MESSAGE][PASSED] - Actual text and expected text of test object 'Object Repository/Generic/botReponse' are matched.&#xD;
&#xD;
2020-11-16 17:03:21 - [TEST_STEP][PASSED] - sendKeys(findTestObject("Input/chatInput"), Keys.chord(freeform_text, ENTER)): Keys 'ENTER + كيف حالكم' sent to object: 'Object Repository/Input/chatInput'&#xD;
&#xD;
2020-11-16 17:03:24 - [MESSAGE][PASSED] - Keys 'ENTER + كيف حالكم' sent to object: 'Object Repository/Input/chatInput'&#xD;
&#xD;
2020-11-16 17:03:24 - [TEST_STEP][PASSED] - comment("*** VALIDATION CHECK FOR BOT RESPONSE ***"): *** VALIDATION CHECK FOR BOT RESPONSE ***&#xD;
&#xD;
2020-11-16 17:03:24 - [MESSAGE][INFO] - *** VALIDATION CHECK FOR BOT RESPONSE ***&#xD;
&#xD;
2020-11-16 17:03:24 - [TEST_STEP][PASSED] - verifyElementText(findTestObject("Generic/botReponse", ["index":3]), final_value, CONTINUE_ON_FAILURE): Actual text and expected text of test object 'Object Repository/Generic/botReponse' are matched.&#xD;
&#xD;
2020-11-16 17:03:26 - [MESSAGE][PASSED] - Actual text and expected text of test object 'Object Repository/Generic/botReponse' are matched.&#xD;
&#xD;
2020-11-16 17:03:26 - [TEST_STEP][PASSED] - comment("*** SCENARIO 2 STARTED ***"): *** SCENARIO 2 STARTED ***&#xD;
&#xD;
2020-11-16 17:03:26 - [MESSAGE][INFO] - *** SCENARIO 2 STARTED ***&#xD;
&#xD;
2020-11-16 17:03:26 - [TEST_STEP][PASSED] - platform.Method.clickOnElement(findTestObject("Button/preview")): platform.Method.clickOnElement is PASSED&#xD;
&#xD;
2020-11-16 17:03:28 - [MESSAGE][PASSED] - platform.Method.clickOnElement is PASSED&#xD;
&#xD;
2020-11-16 17:03:28 - [TEST_STEP][PASSED] - waitForElementVisible(findTestObject("Input/chatInput"), 20, CONTINUE_ON_FAILURE): Object 'Object Repository/Input/chatInput' is visible&#xD;
&#xD;
2020-11-16 17:03:30 - [MESSAGE][PASSED] - Object 'Object Repository/Input/chatInput' is visible&#xD;
&#xD;
2020-11-16 17:03:30 - [TEST_STEP][PASSED] - sendKeys(findTestObject("Input/chatInput"), Keys.chord(userQuery, ENTER)): Keys 'ENTER + freeform test' sent to object: 'Object Repository/Input/chatInput'&#xD;
&#xD;
2020-11-16 17:03:33 - [MESSAGE][PASSED] - Keys 'ENTER + freeform test' sent to object: 'Object Repository/Input/chatInput'&#xD;
&#xD;
2020-11-16 17:03:33 - [TEST_STEP][PASSED] - waitForElementVisible(findTestObject("Generic/botReponse", ["index":2]), 20, OPTIONAL): Object 'Object Repository/Generic/botReponse' is visible&#xD;
&#xD;
2020-11-16 17:03:36 - [MESSAGE][PASSED] - Object 'Object Repository/Generic/botReponse' is visible&#xD;
&#xD;
2020-11-16 17:03:36 - [TEST_STEP][PASSED] - verifyElementText(findTestObject("Generic/botReponse", ["index":2]), expected_value, CONTINUE_ON_FAILURE): Actual text and expected text of test object 'Object Repository/Generic/botReponse' are matched.&#xD;
&#xD;
2020-11-16 17:03:39 - [MESSAGE][PASSED] - Actual text and expected text of test object 'Object Repository/Generic/botReponse' are matched.&#xD;
&#xD;
2020-11-16 17:03:39 - [TEST_STEP][PASSED] - sendKeys(findTestObject("Input/chatInput"), Keys.chord(new_intent_value, ENTER)): Keys 'ENTER + do you deliver' sent to object: 'Object Repository/Input/chatInput'&#xD;
&#xD;
2020-11-16 17:03:41 - [MESSAGE][PASSED] - Keys 'ENTER + do you deliver' sent to object: 'Object Repository/Input/chatInput'&#xD;
&#xD;
2020-11-16 17:03:41 - [TEST_STEP][PASSED] - comment("*** VALIDATION CHECK FOR BOT RESPONSE ***"): *** VALIDATION CHECK FOR BOT RESPONSE ***&#xD;
&#xD;
2020-11-16 17:03:41 - [MESSAGE][INFO] - *** VALIDATION CHECK FOR BOT RESPONSE ***&#xD;
&#xD;
2020-11-16 17:03:41 - [TEST_STEP][PASSED] - verifyElementText(findTestObject("Generic/botReponse", ["index":3]), final_value, CONTINUE_ON_FAILURE): Actual text and expected text of test object 'Object Repository/Generic/botReponse' are matched.&#xD;
&#xD;
2020-11-16 17:03:43 - [MESSAGE][PASSED] - Actual text and expected text of test object 'Object Repository/Generic/botReponse' are matched.</system-out>
            <system-err></system-err>
        </testcase>
        <system-out>2020-11-16 16:54:17 - [TEST_SUITE][INCOMPLETE] - v4.4_TaskSuite: null</system-out>
        <system-err>2020-11-16 16:54:17 - [TEST_SUITE][INCOMPLETE] - v4.4_TaskSuite: null</system-err>
    </testsuite>
</testsuites>
