<?xml version="1.0" encoding="UTF-8" standalone="yes"?>
<testsuites name="shareablepreview" time="1101" tests="3" failures="1" errors="0">
    <testsuite name="shareablepreview" tests="3" failures="1" errors="0" time="1101" timestamp="2020-07-08 18:11:20" hostname="narendra.n - WLPT580.imidomain.com" id="Test Suites/shareablepreview">
        <properties>
            <property name="deviceName" value=""/>
            <property name="devicePlatform" value=""/>
            <property name="logFolder" value="D:\\IMIbot.ai-Project\\Reports\\20200708_181109\\shareablepreview\\20200708_181109"/>
            <property name="logFiles" value="D:\\IMIbot.ai-Project\\Reports\\20200708_181109\\shareablepreview\\20200708_181109\\execution0.log"/>
            <property name="attachments" value="D:\\IMIbot.ai-Project\\Reports\\20200708_181109\\shareablepreview\\20200708_181109\\1594213180251.png"/>
            <property name="hostName" value="narendra.n - WLPT580.imidomain.com"/>
            <property name="os" value="Windows 8.1 64bit"/>
            <property name="katalonVersion" value="6.3.3.11"/>
            <property name="browser" value="Chrome 83.0.4103.116"/>
            <property name="hostAddress" value="192.168.1.2"/>
            <property name="sessionId" value="a289bc00c7bbce908db671969f80d745"/>
            <property name="seleniumVersion" value="3.141.59"/>
            <property name="proxyInformation" value="ProxyInformation{proxyOption=NO_PROXY, proxyServerType=HTTP, password=, proxyServerAddress=, proxyServerPort=0}"/>
            <property name="platform" value="Windows 8.1"/>
        </properties>
        <testcase name="Test Cases/SetUp/setUpCustomSyn_ShareablePreview1" classname="Test Cases/SetUp/setUpCustomSyn_ShareablePreview1" status="PASSED">
            <system-out>2020-07-08 18:11:21 - [TEST_CASE][PASSED] - Test Cases/SetUp/setUpCustomSyn_ShareablePreview1: Test Cases/SetUp/setUpCustomSyn_ShareablePreview1&#xD;
&#xD;
2020-07-08 18:11:21 - [TEST_STEP][PASSED] - Start listener action : setUp: Current window maximized&#xD;
&#xD;
2020-07-08 18:11:21 - [TEST_STEP][PASSED] - openBrowser(URL): Browser is opened with url: 'preprod.imibot.ai'&#xD;
&#xD;
2020-07-08 18:11:27 - [MESSAGE][INFO] - Starting 'Chrome' driver&#xD;
&#xD;
2020-07-08 18:11:28 - [MESSAGE][INFO] - User set preference: ['args', '[--start-maximized]']&#xD;
&#xD;
2020-07-08 18:11:28 - [MESSAGE][INFO] - Action delay is set to 1 seconds&#xD;
&#xD;
2020-07-08 18:11:50 - [MESSAGE][PASSED] - Browser is opened with url: 'preprod.imibot.ai'&#xD;
&#xD;
2020-07-08 18:11:50 - [TEST_STEP][PASSED] - maximizeWindow(): Current window maximized&#xD;
&#xD;
2020-07-08 18:11:52 - [MESSAGE][PASSED] - Current window maximized&#xD;
&#xD;
2020-07-08 18:11:54 - [TEST_STEP][PASSED] - callTestCase(findTestCase("Faqbot/botCreation_Test"), ["nameOfTheBot":PREVIEW_BOT], STOP_ON_FAILURE): Call Test Case 'Test Cases/Faqbot/botCreation_Test' successfully&#xD;
&#xD;
2020-07-08 18:11:54 - [TEST_CASE][PASSED] - Test Cases/Faqbot/botCreation_Test: Test Cases/Faqbot/botCreation_Test&#xD;
&#xD;
2020-07-08 18:11:55 - [TEST_STEP][PASSED] - callTestCase(findTestCase("Generic/successfulLogin_Test"), [:], STOP_ON_FAILURE): Call Test Case 'Test Cases/Generic/successfulLogin_Test' successfully&#xD;
&#xD;
2020-07-08 18:11:55 - [TEST_CASE][PASSED] - Test Cases/Generic/successfulLogin_Test: Test Cases/Generic/successfulLogin_Test&#xD;
&#xD;
2020-07-08 18:11:55 - [TEST_STEP][PASSED] - sendKeys(findTestObject("Input/username"), username): Keys 'narendra.n@imimobile.com' sent to object: 'Object Repository/Input/username'&#xD;
&#xD;
2020-07-08 18:11:59 - [MESSAGE][PASSED] - Keys 'narendra.n@imimobile.com' sent to object: 'Object Repository/Input/username'&#xD;
&#xD;
2020-07-08 18:11:59 - [TEST_STEP][PASSED] - sendKeys(findTestObject("Input/password"), password): Keys 'Test@2020' sent to object: 'Object Repository/Input/password'&#xD;
&#xD;
2020-07-08 18:12:02 - [MESSAGE][PASSED] - Keys 'Test@2020' sent to object: 'Object Repository/Input/password'&#xD;
&#xD;
2020-07-08 18:12:02 - [TEST_STEP][PASSED] - click(findTestObject("Button/signIn")): Object: 'Object Repository/Button/signIn' is clicked on&#xD;
&#xD;
2020-07-08 18:12:04 - [MESSAGE][PASSED] - Object: 'Object Repository/Button/signIn' is clicked on&#xD;
&#xD;
2020-07-08 18:12:04 - [TEST_STEP][PASSED] - if (!(waitForElementPresent(findTestObject("Button/createBot"), 30, OPTIONAL))): Object 'Object Repository/Button/createBot' is present&#xD;
&#xD;
2020-07-08 18:12:23 - [MESSAGE][PASSED] - Object 'Object Repository/Button/createBot' is present&#xD;
&#xD;
2020-07-08 18:12:23 - [MESSAGE][PASSED] - Call Test Case 'Test Cases/Generic/successfulLogin_Test' successfully&#xD;
&#xD;
2020-07-08 18:12:23 - [TEST_STEP][PASSED] - platform.Method.clickOnElement(findTestObject("Button/createBot")): platform.Method.clickOnElement is PASSED&#xD;
&#xD;
2020-07-08 18:12:26 - [MESSAGE][PASSED] - platform.Method.clickOnElement is PASSED&#xD;
&#xD;
2020-07-08 18:12:26 - [TEST_STEP][PASSED] - sendKeys(findTestObject("Input/botName"), nameOfTheBot): Keys 'FAQ RD_Configuration' sent to object: 'Object Repository/Input/botName'&#xD;
&#xD;
2020-07-08 18:12:29 - [MESSAGE][PASSED] - Keys 'FAQ RD_Configuration' sent to object: 'Object Repository/Input/botName'&#xD;
&#xD;
2020-07-08 18:12:29 - [TEST_STEP][PASSED] - platform.Method.clickOnElement(findTestObject("Toggle/feedback")): platform.Method.clickOnElement is PASSED&#xD;
&#xD;
2020-07-08 18:12:32 - [MESSAGE][PASSED] - platform.Method.clickOnElement is PASSED&#xD;
&#xD;
2020-07-08 18:12:32 - [TEST_STEP][PASSED] - platform.Method.clickOnElement(findTestObject("Button/done")): platform.Method.clickOnElement is PASSED&#xD;
&#xD;
2020-07-08 18:12:34 - [MESSAGE][PASSED] - platform.Method.clickOnElement is PASSED&#xD;
&#xD;
2020-07-08 18:12:34 - [TEST_STEP][PASSED] - waitForElementVisible(findTestObject("Generic/articleState"), 45, OPTIONAL): Object 'Object Repository/Generic/articleState' is visible&#xD;
&#xD;
2020-07-08 18:12:44 - [MESSAGE][PASSED] - Object 'Object Repository/Generic/articleState' is visible&#xD;
&#xD;
2020-07-08 18:12:44 - [TEST_STEP][PASSED] - verifyElementText(findTestObject("Generic/articleState"), "Trained", STOP_ON_FAILURE): Actual text and expected text of test object 'Object Repository/Generic/articleState' are matched.&#xD;
&#xD;
2020-07-08 18:12:46 - [MESSAGE][PASSED] - Actual text and expected text of test object 'Object Repository/Generic/articleState' are matched.&#xD;
&#xD;
2020-07-08 18:12:46 - [MESSAGE][PASSED] - Call Test Case 'Test Cases/Faqbot/botCreation_Test' successfully&#xD;
&#xD;
2020-07-08 18:12:46 - [TEST_STEP][PASSED] - testData = findTestData("Data Files/testData_Dummy"): null&#xD;
&#xD;
2020-07-08 18:12:52 - [TEST_STEP][PASSED] - platform.Method.clickOnElement(findTestObject("GenericII/minimize")): platform.Method.clickOnElement is PASSED&#xD;
&#xD;
2020-07-08 18:12:54 - [MESSAGE][PASSED] - platform.Method.clickOnElement is PASSED&#xD;
&#xD;
2020-07-08 18:12:54 - [TEST_STEP][PASSED] - platform.Articles.createNewArticle(testData, testData.getValue("article_default_question", 1)): platform.Articles.createNewArticle is PASSED&#xD;
&#xD;
2020-07-08 18:13:01 - [MESSAGE][PASSED] - Keys 'I'm not feeling good ' sent to object: 'Object Repository/Input/defaultQuestion'&#xD;
&#xD;
2020-07-08 18:13:01 - [MESSAGE][PASSED] - platform.Articles.createNewArticle is PASSED&#xD;
&#xD;
2020-07-08 18:13:01 - [TEST_STEP][PASSED] - setText(findTestObject("WEB_OBJECTS/textArea"), testData.getValue("text_response", 1)): Text 'Here is a picture of tiger cub to cheer you up. To find more such pictures, click on this url: https://www.pexels.com/search/Baby%20Animals/' is set on object 'Object Repository/WEB_OBJECTS/textArea'&#xD;
&#xD;
2020-07-08 18:13:10 - [MESSAGE][PASSED] - Text 'Here is a picture of tiger cub to cheer you up. To find more such pictures, click on this url: https://www.pexels.com/search/Baby%20Animals/' is set on object 'Object Repository/WEB_OBJECTS/textArea'&#xD;
&#xD;
2020-07-08 18:13:10 - [TEST_STEP][PASSED] - platform.ResponseDesigner.configureMediaResponse("image", testData.getValue("image_url", 1)): platform.ResponseDesigner.configureMediaResponse is PASSED&#xD;
&#xD;
2020-07-08 18:13:21 - [MESSAGE][PASSED] - Text 'https://upload.wikimedia.org/wikipedia/commons/7/78/Tiger_Cub.jpg' is set on object 'Object Repository/WEB_OBJECTS/mediaURL'&#xD;
&#xD;
2020-07-08 18:13:21 - [MESSAGE][PASSED] - platform.ResponseDesigner.configureMediaResponse is PASSED&#xD;
&#xD;
2020-07-08 18:13:21 - [TEST_STEP][PASSED] - platform.Articles.saveAndTrainArticleToNewCategory(testData.getValue("category", 1)): platform.Articles.saveAndTrainArticleToNewCategory is PASSED&#xD;
&#xD;
2020-07-08 18:13:28 - [MESSAGE][PASSED] - Keys 'Mood' sent to object: 'Object Repository/Input/newCategoryName'&#xD;
&#xD;
2020-07-08 18:13:31 - [MESSAGE][PASSED] - platform.Articles.saveAndTrainArticleToNewCategory is PASSED&#xD;
&#xD;
2020-07-08 18:13:31 - [TEST_STEP][PASSED] - waitForElementPresent(findTestObject("ICONS/toastMsg"), 20, STOP_ON_FAILURE): Object 'Object Repository/ICONS/toastMsg' is present&#xD;
&#xD;
2020-07-08 18:13:38 - [MESSAGE][PASSED] - Object 'Object Repository/ICONS/toastMsg' is present&#xD;
&#xD;
2020-07-08 18:13:38 - [TEST_STEP][PASSED] - platform.Articles.createNewArticle(testData, testData.getValue("article_default_question", 2)): platform.Articles.createNewArticle is PASSED&#xD;
&#xD;
2020-07-08 18:13:44 - [MESSAGE][PASSED] - Keys 'Hello, how are you?' sent to object: 'Object Repository/Input/defaultQuestion'&#xD;
&#xD;
2020-07-08 18:13:44 - [MESSAGE][PASSED] - platform.Articles.createNewArticle is PASSED&#xD;
&#xD;
2020-07-08 18:13:44 - [TEST_STEP][PASSED] - platform.ResponseDesigner.addCodeResponse(testData.getValue("code_function", 1)): platform.ResponseDesigner.addCodeResponse is PASSED&#xD;
&#xD;
2020-07-08 18:13:52 - [MESSAGE][PASSED] - File 'D:/IMIbot.ai-Project/Collection/greetings.py' sent to object: 'Object Repository/Input/uploadFile'&#xD;
&#xD;
2020-07-08 18:13:52 - [MESSAGE][PASSED] - platform.ResponseDesigner.addCodeResponse is PASSED&#xD;
&#xD;
2020-07-08 18:13:52 - [TEST_STEP][PASSED] - setText(findTestObject("WEB_OBJECTS/textArea"), testData.getValue("text_response", 2)): Text '${dataStore.message}' is set on object 'Object Repository/WEB_OBJECTS/textArea'&#xD;
&#xD;
2020-07-08 18:13:58 - [MESSAGE][PASSED] - Text '${dataStore.message}' is set on object 'Object Repository/WEB_OBJECTS/textArea'&#xD;
&#xD;
2020-07-08 18:13:58 - [TEST_STEP][PASSED] - waitForElementPresent(findTestObject("ICONS/toastMsg"), 20, STOP_ON_FAILURE): Object 'Object Repository/ICONS/toastMsg' is not present after 20 second(s)&#xD;
&#xD;
2020-07-08 18:14:20 - [MESSAGE][INFO] - Unable to find the element located by 'By.xpath: //simple-snack-bar'. Please recheck the objects properties to make sure the desired element is located. &#xD;
&#xD;
2020-07-08 18:14:20 - [MESSAGE][WARNING] - Object 'Object Repository/ICONS/toastMsg' is not present after 20 second(s)&#xD;
&#xD;
2020-07-08 18:14:20 - [TEST_STEP][PASSED] - platform.Articles.saveAndTrainArticleToNewCategory(testData.getValue("category", 2)): platform.Articles.saveAndTrainArticleToNewCategory is PASSED&#xD;
&#xD;
2020-07-08 18:14:28 - [MESSAGE][PASSED] - Keys 'Greetings' sent to object: 'Object Repository/Input/newCategoryName'&#xD;
&#xD;
2020-07-08 18:14:30 - [MESSAGE][PASSED] - platform.Articles.saveAndTrainArticleToNewCategory is PASSED&#xD;
&#xD;
2020-07-08 18:14:30 - [TEST_STEP][PASSED] - waitForElementPresent(findTestObject("ICONS/toastMsg"), 20, STOP_ON_FAILURE): Object 'Object Repository/ICONS/toastMsg' is present&#xD;
&#xD;
2020-07-08 18:14:36 - [MESSAGE][PASSED] - Object 'Object Repository/ICONS/toastMsg' is present&#xD;
&#xD;
2020-07-08 18:14:36 - [TEST_STEP][PASSED] - platform.Method.clickOnElement(findTestObject("Button/createArticle")): platform.Method.clickOnElement is PASSED&#xD;
&#xD;
2020-07-08 18:14:38 - [MESSAGE][PASSED] - platform.Method.clickOnElement is PASSED&#xD;
&#xD;
2020-07-08 18:14:38 - [TEST_STEP][PASSED] - sendKeys(findTestObject("Input/defaultQuestion"), "How can I contact this property?"): Keys 'How can I contact this property?' sent to object: 'Object Repository/Input/defaultQuestion'&#xD;
&#xD;
2020-07-08 18:14:42 - [MESSAGE][PASSED] - Keys 'How can I contact this property?' sent to object: 'Object Repository/Input/defaultQuestion'&#xD;
&#xD;
2020-07-08 18:14:42 - [TEST_STEP][PASSED] - sendKeys(findTestObject("WEB_OBJECTS/textArea"), "Please drop an email at estateproperty@dealer.com or can call at ph: +9876543210"): Keys 'Please drop an email at estateproperty@dealer.com or can call at ph: +9876543210' sent to object: 'Object Repository/WEB_OBJECTS/textArea'&#xD;
&#xD;
2020-07-08 18:14:46 - [MESSAGE][PASSED] - Keys 'Please drop an email at estateproperty@dealer.com or can call at ph: +9876543210' sent to object: 'Object Repository/WEB_OBJECTS/textArea'&#xD;
&#xD;
2020-07-08 18:14:46 - [TEST_STEP][PASSED] - platform.Articles.saveAndTrainArticleToExistingCategory(" Unassigned "): platform.Articles.saveAndTrainArticleToExistingCategory is PASSED&#xD;
&#xD;
2020-07-08 18:14:56 - [MESSAGE][PASSED] - platform.Articles.saveAndTrainArticleToExistingCategory is PASSED&#xD;
&#xD;
2020-07-08 18:14:56 - [TEST_STEP][PASSED] - waitForElementPresent(findTestObject("ICONS/toastMsg"), 20, STOP_ON_FAILURE): Object 'Object Repository/ICONS/toastMsg' is present&#xD;
&#xD;
2020-07-08 18:15:02 - [MESSAGE][PASSED] - Object 'Object Repository/ICONS/toastMsg' is present</system-out>
            <system-err></system-err>
        </testcase>
        <testcase name="Test Cases/SetUp/setUpCustomSyn_ShareablePreview2" classname="Test Cases/SetUp/setUpCustomSyn_ShareablePreview2" status="PASSED">
            <system-out>2020-07-08 18:15:02 - [TEST_CASE][PASSED] - Test Cases/SetUp/setUpCustomSyn_ShareablePreview2: Test Cases/SetUp/setUpCustomSyn_ShareablePreview2&#xD;
&#xD;
2020-07-08 18:15:02 - [TEST_STEP][PASSED] - Start listener action : setUp: Current window maximized&#xD;
&#xD;
2020-07-08 18:15:02 - [TEST_STEP][PASSED] - openBrowser(URL): Browser is opened with url: 'preprod.imibot.ai'&#xD;
&#xD;
2020-07-08 18:15:02 - [MESSAGE][WARNING] - A browser is already opened. Closing browser and opening a new one&#xD;
&#xD;
2020-07-08 18:15:05 - [MESSAGE][INFO] - Starting 'Chrome' driver&#xD;
&#xD;
2020-07-08 18:15:05 - [MESSAGE][INFO] - User set preference: ['args', '[--start-maximized]']&#xD;
&#xD;
2020-07-08 18:15:19 - [MESSAGE][PASSED] - Browser is opened with url: 'preprod.imibot.ai'&#xD;
&#xD;
2020-07-08 18:15:19 - [TEST_STEP][PASSED] - maximizeWindow(): Current window maximized&#xD;
&#xD;
2020-07-08 18:15:22 - [MESSAGE][PASSED] - Current window maximized&#xD;
&#xD;
2020-07-08 18:15:23 - [TEST_STEP][PASSED] - callTestCase(findTestCase("Generic/successfulLogin_Test"), [:], STOP_ON_FAILURE): Call Test Case 'Test Cases/Generic/successfulLogin_Test' successfully&#xD;
&#xD;
2020-07-08 18:15:23 - [TEST_CASE][PASSED] - Test Cases/Generic/successfulLogin_Test: Test Cases/Generic/successfulLogin_Test&#xD;
&#xD;
2020-07-08 18:15:23 - [TEST_STEP][PASSED] - sendKeys(findTestObject("Input/username"), username): Keys 'narendra.n@imimobile.com' sent to object: 'Object Repository/Input/username'&#xD;
&#xD;
2020-07-08 18:15:27 - [MESSAGE][PASSED] - Keys 'narendra.n@imimobile.com' sent to object: 'Object Repository/Input/username'&#xD;
&#xD;
2020-07-08 18:15:27 - [TEST_STEP][PASSED] - sendKeys(findTestObject("Input/password"), password): Keys 'Test@2020' sent to object: 'Object Repository/Input/password'&#xD;
&#xD;
2020-07-08 18:15:30 - [MESSAGE][PASSED] - Keys 'Test@2020' sent to object: 'Object Repository/Input/password'&#xD;
&#xD;
2020-07-08 18:15:30 - [TEST_STEP][PASSED] - click(findTestObject("Button/signIn")): Object: 'Object Repository/Button/signIn' is clicked on&#xD;
&#xD;
2020-07-08 18:15:32 - [MESSAGE][PASSED] - Object: 'Object Repository/Button/signIn' is clicked on&#xD;
&#xD;
2020-07-08 18:15:32 - [TEST_STEP][PASSED] - if (!(waitForElementPresent(findTestObject("Button/createBot"), 30, OPTIONAL))): Object 'Object Repository/Button/createBot' is present&#xD;
&#xD;
2020-07-08 18:15:58 - [MESSAGE][PASSED] - Object 'Object Repository/Button/createBot' is present&#xD;
&#xD;
2020-07-08 18:15:58 - [MESSAGE][PASSED] - Call Test Case 'Test Cases/Generic/successfulLogin_Test' successfully&#xD;
&#xD;
2020-07-08 18:15:58 - [TEST_STEP][PASSED] - platform.Method.navigateToBot("Q&amp;A bots", PREVIEW_BOT): platform.Method.navigateToBot is PASSED&#xD;
&#xD;
2020-07-08 18:16:00 - [MESSAGE][PASSED] - Object 'Object Repository/Button/createBot' is present&#xD;
&#xD;
2020-07-08 18:16:02 - [MESSAGE][INFO] - Performing click action on bot&#xD;
&#xD;
2020-07-08 18:16:04 - [MESSAGE][PASSED] - platform.Method.navigateToBot is PASSED&#xD;
&#xD;
2020-07-08 18:16:04 - [TEST_STEP][PASSED] - platform.Method.clickOnElement(findTestObject("Generic/articles")): platform.Method.clickOnElement is PASSED&#xD;
&#xD;
2020-07-08 18:16:09 - [MESSAGE][PASSED] - platform.Method.clickOnElement is PASSED&#xD;
&#xD;
2020-07-08 18:16:09 - [TEST_STEP][PASSED] - testData = findTestData("Data Files/testData_Dummy"): null&#xD;
&#xD;
2020-07-08 18:16:10 - [TEST_STEP][PASSED] - platform.Articles.createNewArticle(testData, testData.getValue("carousel_question", 1)): platform.Articles.createNewArticle is PASSED&#xD;
&#xD;
2020-07-08 18:16:18 - [MESSAGE][PASSED] - Keys 'show me all service type apartment' sent to object: 'Object Repository/Input/defaultQuestion'&#xD;
&#xD;
2020-07-08 18:16:18 - [MESSAGE][PASSED] - platform.Articles.createNewArticle is PASSED&#xD;
&#xD;
2020-07-08 18:16:18 - [TEST_STEP][PASSED] - platform.Method.clickOnElement(findTestObject("NewRepo/carousel")): platform.Method.clickOnElement is PASSED&#xD;
&#xD;
2020-07-08 18:16:21 - [MESSAGE][PASSED] - platform.Method.clickOnElement is PASSED&#xD;
&#xD;
2020-07-08 18:16:21 - [TEST_STEP][PASSED] - platform.ResponseDesigner.deleteDefaultTextTemplate(): platform.ResponseDesigner.deleteDefaultTextTemplate is PASSED&#xD;
&#xD;
2020-07-08 18:16:24 - [MESSAGE][PASSED] - Scroll to object 'Object Repository/WEB_OBJECTS/trashIcon' successfully&#xD;
&#xD;
2020-07-08 18:16:26 - [MESSAGE][PASSED] - Object 'Object Repository/WEB_OBJECTS/trashIcon' is visible&#xD;
&#xD;
2020-07-08 18:16:28 - [MESSAGE][PASSED] - platform.ResponseDesigner.deleteDefaultTextTemplate is PASSED&#xD;
&#xD;
2020-07-08 18:16:28 - [TEST_STEP][PASSED] - for ([count = 1, count &lt;= testData.getRowNumbers(), (count++)]): null&#xD;
&#xD;
2020-07-08 18:16:28 - [TEST_STEP][PASSED] - platform.ResponseDesigner.configureCarouselResponse(count, null, testData.getValue("service_carousel_url", count), testData.getValue("service_carousel_header", count), testData.getValue("carousel_payload_label", count), testData.getValue("carousel_payload_question", count)): platform.ResponseDesigner.configureCarouselResponse is PASSED&#xD;
&#xD;
2020-07-08 18:16:31 - [MESSAGE][PASSED] - Modify property of object successfully&#xD;
&#xD;
2020-07-08 18:16:39 - [MESSAGE][PASSED] - Text 'https://www.silverdoorapartments.com/blog/content/uploads/2020/03/Aparthotel-1024x683.jpg' is set on object 'Object Repository/WEB_OBJECTS/mediaURL'&#xD;
&#xD;
2020-07-08 18:16:45 - [MESSAGE][PASSED] - Text 'Aparthotel' is set on object 'Object Repository/WEB_OBJECTS/input'&#xD;
&#xD;
2020-07-08 18:16:46 - [MESSAGE][PASSED] - Object 'Object Repository/WEB_OBJECTS/button' is present&#xD;
&#xD;
2020-07-08 18:16:50 - [MESSAGE][PASSED] - Object 'Object Repository/WEB_OBJECTS/popUp' is present&#xD;
&#xD;
2020-07-08 18:16:50 - [MESSAGE][PASSED] - Modify property of object successfully&#xD;
&#xD;
2020-07-08 18:16:55 - [MESSAGE][PASSED] - Text 'Contact here!' is set on object 'Object Repository/WEB_OBJECTS/input'&#xD;
&#xD;
2020-07-08 18:17:00 - [MESSAGE][PASSED] - Text 'How can I contact this property?' is set on object 'Object Repository/WEB_OBJECTS/payload'&#xD;
&#xD;
2020-07-08 18:17:02 - [MESSAGE][PASSED] - platform.ResponseDesigner.configureCarouselResponse is PASSED&#xD;
&#xD;
2020-07-08 18:17:02 - [TEST_STEP][PASSED] - if (testData.getValue("service_carousel_header", count + 1) == ""): null&#xD;
&#xD;
2020-07-08 18:17:02 - [TEST_STEP][PASSED] - else: platform.Method.clickOnElement is PASSED&#xD;
&#xD;
2020-07-08 18:17:02 - [TEST_STEP][PASSED] - platform.Method.clickOnElement(findTestObject("ICONS/addCarousel")): platform.Method.clickOnElement is PASSED&#xD;
&#xD;
2020-07-08 18:17:05 - [MESSAGE][PASSED] - platform.Method.clickOnElement is PASSED&#xD;
&#xD;
2020-07-08 18:17:05 - [TEST_STEP][PASSED] - platform.ResponseDesigner.configureCarouselResponse(count, null, testData.getValue("service_carousel_url", count), testData.getValue("service_carousel_header", count), testData.getValue("carousel_payload_label", count), testData.getValue("carousel_payload_question", count)): platform.ResponseDesigner.configureCarouselResponse is PASSED&#xD;
&#xD;
2020-07-08 18:17:08 - [MESSAGE][PASSED] - Modify property of object successfully&#xD;
&#xD;
2020-07-08 18:17:17 - [MESSAGE][PASSED] - Text 'https://www.silverdoorapartments.com/blog/content/uploads/2015/05/Residential-e1430835943106.jpg' is set on object 'Object Repository/WEB_OBJECTS/mediaURL'&#xD;
&#xD;
2020-07-08 18:17:25 - [MESSAGE][PASSED] - Text 'Residential serviced apartment' is set on object 'Object Repository/WEB_OBJECTS/input'&#xD;
&#xD;
2020-07-08 18:17:47 - [MESSAGE][INFO] - Unable to find the element located by 'By.xpath: (//div[@class='carousel-main']//button[@type='primary'])[2]'. Please recheck the objects properties to make sure the desired element is located. &#xD;
&#xD;
2020-07-08 18:17:47 - [MESSAGE][WARNING] - Object 'Object Repository/WEB_OBJECTS/button' is not present after 20 second(s)&#xD;
&#xD;
2020-07-08 18:17:51 - [MESSAGE][PASSED] - Object 'Object Repository/WEB_OBJECTS/popUp' is present&#xD;
&#xD;
2020-07-08 18:17:51 - [MESSAGE][PASSED] - Modify property of object successfully&#xD;
&#xD;
2020-07-08 18:17:55 - [MESSAGE][PASSED] - Text 'Click to contact' is set on object 'Object Repository/WEB_OBJECTS/input'&#xD;
&#xD;
2020-07-08 18:17:59 - [MESSAGE][PASSED] - Text 'How can I contact this property?' is set on object 'Object Repository/WEB_OBJECTS/payload'&#xD;
&#xD;
2020-07-08 18:18:01 - [MESSAGE][PASSED] - platform.ResponseDesigner.configureCarouselResponse is PASSED&#xD;
&#xD;
2020-07-08 18:18:01 - [TEST_STEP][PASSED] - if (testData.getValue("service_carousel_header", count + 1) == ""): null&#xD;
&#xD;
2020-07-08 18:18:01 - [TEST_STEP][PASSED] - else: platform.Method.clickOnElement is PASSED&#xD;
&#xD;
2020-07-08 18:18:01 - [TEST_STEP][PASSED] - platform.Method.clickOnElement(findTestObject("ICONS/addCarousel")): platform.Method.clickOnElement is PASSED&#xD;
&#xD;
2020-07-08 18:18:04 - [MESSAGE][PASSED] - platform.Method.clickOnElement is PASSED&#xD;
&#xD;
2020-07-08 18:18:04 - [TEST_STEP][PASSED] - platform.ResponseDesigner.configureCarouselResponse(count, null, testData.getValue("service_carousel_url", count), testData.getValue("service_carousel_header", count), testData.getValue("carousel_payload_label", count), testData.getValue("carousel_payload_question", count)): platform.ResponseDesigner.configureCarouselResponse is PASSED&#xD;
&#xD;
2020-07-08 18:18:06 - [MESSAGE][PASSED] - Modify property of object successfully&#xD;
&#xD;
2020-07-08 18:18:13 - [MESSAGE][PASSED] - Text 'https://q-cf.bstatic.com/images/hotel/max1280x900/444/44415495.jpg' is set on object 'Object Repository/WEB_OBJECTS/mediaURL'&#xD;
&#xD;
2020-07-08 18:18:19 - [MESSAGE][PASSED] - Text 'Single property' is set on object 'Object Repository/WEB_OBJECTS/input'&#xD;
&#xD;
2020-07-08 18:18:41 - [MESSAGE][INFO] - Unable to find the element located by 'By.xpath: (//div[@class='carousel-main']//button[@type='primary'])[3]'. Please recheck the objects properties to make sure the desired element is located. &#xD;
&#xD;
2020-07-08 18:18:41 - [MESSAGE][WARNING] - Object 'Object Repository/WEB_OBJECTS/button' is not present after 20 second(s)&#xD;
&#xD;
2020-07-08 18:18:45 - [MESSAGE][PASSED] - Object 'Object Repository/WEB_OBJECTS/popUp' is present&#xD;
&#xD;
2020-07-08 18:18:45 - [MESSAGE][PASSED] - Modify property of object successfully&#xD;
&#xD;
2020-07-08 18:18:48 - [MESSAGE][PASSED] - Text 'Book now!' is set on object 'Object Repository/WEB_OBJECTS/input'&#xD;
&#xD;
2020-07-08 18:18:53 - [MESSAGE][PASSED] - Text 'How can I contact this property?' is set on object 'Object Repository/WEB_OBJECTS/payload'&#xD;
&#xD;
2020-07-08 18:18:55 - [MESSAGE][PASSED] - platform.ResponseDesigner.configureCarouselResponse is PASSED&#xD;
&#xD;
2020-07-08 18:18:55 - [TEST_STEP][PASSED] - if (testData.getValue("service_carousel_header", count + 1) == ""): null&#xD;
&#xD;
2020-07-08 18:18:55 - [TEST_STEP][PASSED] - break: null&#xD;
&#xD;
2020-07-08 18:18:55 - [TEST_STEP][PASSED] - platform.Articles.saveAndTrainArticleToExistingCategory(" Unassigned "): platform.Articles.saveAndTrainArticleToExistingCategory is PASSED&#xD;
&#xD;
2020-07-08 18:19:04 - [MESSAGE][PASSED] - platform.Articles.saveAndTrainArticleToExistingCategory is PASSED&#xD;
&#xD;
2020-07-08 18:19:04 - [TEST_STEP][PASSED] - verifyElementPresent(findTestObject("ICONS/toastMsg"), 30, STOP_ON_FAILURE): Object 'Object Repository/ICONS/toastMsg' is present&#xD;
&#xD;
2020-07-08 18:19:13 - [MESSAGE][PASSED] - Object 'Object Repository/ICONS/toastMsg' is present&#xD;
&#xD;
2020-07-08 18:19:13 - [TEST_STEP][PASSED] - platform.Articles.createNewArticle(testData, testData.getValue("carousel_question", 2)): platform.Articles.createNewArticle is PASSED&#xD;
&#xD;
2020-07-08 18:19:19 - [MESSAGE][PASSED] - Keys 'villas or duplex type property' sent to object: 'Object Repository/Input/defaultQuestion'&#xD;
&#xD;
2020-07-08 18:19:19 - [MESSAGE][PASSED] - platform.Articles.createNewArticle is PASSED&#xD;
&#xD;
2020-07-08 18:19:19 - [TEST_STEP][PASSED] - platform.Method.clickOnElement(findTestObject("NewRepo/carousel")): platform.Method.clickOnElement is PASSED&#xD;
&#xD;
2020-07-08 18:19:22 - [MESSAGE][PASSED] - platform.Method.clickOnElement is PASSED&#xD;
&#xD;
2020-07-08 18:19:22 - [TEST_STEP][PASSED] - platform.ResponseDesigner.deleteDefaultTextTemplate(): platform.ResponseDesigner.deleteDefaultTextTemplate is PASSED&#xD;
&#xD;
2020-07-08 18:19:25 - [MESSAGE][PASSED] - Scroll to object 'Object Repository/WEB_OBJECTS/trashIcon' successfully&#xD;
&#xD;
2020-07-08 18:19:27 - [MESSAGE][PASSED] - Object 'Object Repository/WEB_OBJECTS/trashIcon' is visible&#xD;
&#xD;
2020-07-08 18:19:29 - [MESSAGE][PASSED] - platform.ResponseDesigner.deleteDefaultTextTemplate is PASSED&#xD;
&#xD;
2020-07-08 18:19:29 - [TEST_STEP][PASSED] - for ([count = 1, count &lt;= testData.getRowNumbers(), (count++)]): null&#xD;
&#xD;
2020-07-08 18:19:29 - [TEST_STEP][PASSED] - platform.ResponseDesigner.configureCarouselResponse(count, null, testData.getValue("indp_carousel_url", count), testData.getValue("indp_carousel_header", count), testData.getValue("carousel_payload_label", count), testData.getValue("carousel_payload_question", count)): platform.ResponseDesigner.configureCarouselResponse is PASSED&#xD;
&#xD;
2020-07-08 18:19:32 - [MESSAGE][PASSED] - Modify property of object successfully&#xD;
&#xD;
2020-07-08 18:19:38 - [MESSAGE][PASSED] - Text 'https://r-cf.bstatic.com/images/hotel/max1024x768/240/240296881.jpg' is set on object 'Object Repository/WEB_OBJECTS/mediaURL'&#xD;
&#xD;
2020-07-08 18:19:44 - [MESSAGE][PASSED] - Text 'Villa' is set on object 'Object Repository/WEB_OBJECTS/input'&#xD;
&#xD;
2020-07-08 18:19:45 - [MESSAGE][PASSED] - Object 'Object Repository/WEB_OBJECTS/button' is present&#xD;
&#xD;
2020-07-08 18:19:49 - [MESSAGE][PASSED] - Object 'Object Repository/WEB_OBJECTS/popUp' is present&#xD;
&#xD;
2020-07-08 18:19:49 - [MESSAGE][PASSED] - Modify property of object successfully&#xD;
&#xD;
2020-07-08 18:19:53 - [MESSAGE][PASSED] - Text 'Contact here!' is set on object 'Object Repository/WEB_OBJECTS/input'&#xD;
&#xD;
2020-07-08 18:19:57 - [MESSAGE][PASSED] - Text 'How can I contact this property?' is set on object 'Object Repository/WEB_OBJECTS/payload'&#xD;
&#xD;
2020-07-08 18:20:00 - [MESSAGE][PASSED] - platform.ResponseDesigner.configureCarouselResponse is PASSED&#xD;
&#xD;
2020-07-08 18:20:00 - [TEST_STEP][PASSED] - if (testData.getValue("indp_carousel_header", count + 1) == ""): null&#xD;
&#xD;
2020-07-08 18:20:00 - [TEST_STEP][PASSED] - else: platform.Method.clickOnElement is PASSED&#xD;
&#xD;
2020-07-08 18:20:00 - [TEST_STEP][PASSED] - platform.Method.clickOnElement(findTestObject("ICONS/addCarousel")): platform.Method.clickOnElement is PASSED&#xD;
&#xD;
2020-07-08 18:20:02 - [MESSAGE][PASSED] - platform.Method.clickOnElement is PASSED&#xD;
&#xD;
2020-07-08 18:20:02 - [TEST_STEP][PASSED] - platform.ResponseDesigner.configureCarouselResponse(count, null, testData.getValue("indp_carousel_url", count), testData.getValue("indp_carousel_header", count), testData.getValue("carousel_payload_label", count), testData.getValue("carousel_payload_question", count)): platform.ResponseDesigner.configureCarouselResponse is PASSED&#xD;
&#xD;
2020-07-08 18:20:05 - [MESSAGE][PASSED] - Modify property of object successfully&#xD;
&#xD;
2020-07-08 18:20:14 - [MESSAGE][PASSED] - Text 'https://www.architectureanddesign.com.au/getmedia/c8ff84b0-2c58-4ddd-84d5-d5e51ea40171/Futureflip_Duplex.aspx?width=1000&amp;height=750&amp;ext=.jpg' is set on object 'Object Repository/WEB_OBJECTS/mediaURL'&#xD;
&#xD;
2020-07-08 18:20:20 - [MESSAGE][PASSED] - Text 'Duplex' is set on object 'Object Repository/WEB_OBJECTS/input'&#xD;
&#xD;
2020-07-08 18:20:42 - [MESSAGE][INFO] - Unable to find the element located by 'By.xpath: (//div[@class='carousel-main']//button[@type='primary'])[2]'. Please recheck the objects properties to make sure the desired element is located. &#xD;
&#xD;
2020-07-08 18:20:42 - [MESSAGE][WARNING] - Object 'Object Repository/WEB_OBJECTS/button' is not present after 20 second(s)&#xD;
&#xD;
2020-07-08 18:20:45 - [MESSAGE][PASSED] - Object 'Object Repository/WEB_OBJECTS/popUp' is present&#xD;
&#xD;
2020-07-08 18:20:45 - [MESSAGE][PASSED] - Modify property of object successfully&#xD;
&#xD;
2020-07-08 18:20:49 - [MESSAGE][PASSED] - Text 'Click to contact' is set on object 'Object Repository/WEB_OBJECTS/input'&#xD;
&#xD;
2020-07-08 18:20:54 - [MESSAGE][PASSED] - Text 'How can I contact this property?' is set on object 'Object Repository/WEB_OBJECTS/payload'&#xD;
&#xD;
2020-07-08 18:20:56 - [MESSAGE][PASSED] - platform.ResponseDesigner.configureCarouselResponse is PASSED&#xD;
&#xD;
2020-07-08 18:20:56 - [TEST_STEP][PASSED] - if (testData.getValue("indp_carousel_header", count + 1) == ""): null&#xD;
&#xD;
2020-07-08 18:20:56 - [TEST_STEP][PASSED] - break: null&#xD;
&#xD;
2020-07-08 18:20:56 - [TEST_STEP][PASSED] - platform.Articles.saveAndTrainArticleToExistingCategory(" Unassigned "): platform.Articles.saveAndTrainArticleToExistingCategory is PASSED&#xD;
&#xD;
2020-07-08 18:21:05 - [MESSAGE][PASSED] - platform.Articles.saveAndTrainArticleToExistingCategory is PASSED&#xD;
&#xD;
2020-07-08 18:21:05 - [TEST_STEP][PASSED] - waitForElementPresent(findTestObject("ICONS/toastMsg"), 20, STOP_ON_FAILURE): Object 'Object Repository/ICONS/toastMsg' is present&#xD;
&#xD;
2020-07-08 18:21:14 - [MESSAGE][PASSED] - Object 'Object Repository/ICONS/toastMsg' is present&#xD;
&#xD;
2020-07-08 18:21:14 - [TEST_STEP][PASSED] - platform.Articles.createNewArticle(testData, testData.getValue("carousel_question", 3)): platform.Articles.createNewArticle is PASSED&#xD;
&#xD;
2020-07-08 18:21:20 - [MESSAGE][PASSED] - Keys 'apartments in gated community' sent to object: 'Object Repository/Input/defaultQuestion'&#xD;
&#xD;
2020-07-08 18:21:20 - [MESSAGE][PASSED] - platform.Articles.createNewArticle is PASSED&#xD;
&#xD;
2020-07-08 18:21:20 - [TEST_STEP][PASSED] - platform.Method.clickOnElement(findTestObject("NewRepo/carousel")): platform.Method.clickOnElement is PASSED&#xD;
&#xD;
2020-07-08 18:21:23 - [MESSAGE][PASSED] - platform.Method.clickOnElement is PASSED&#xD;
&#xD;
2020-07-08 18:21:23 - [TEST_STEP][PASSED] - platform.ResponseDesigner.deleteDefaultTextTemplate(): platform.ResponseDesigner.deleteDefaultTextTemplate is PASSED&#xD;
&#xD;
2020-07-08 18:21:25 - [MESSAGE][PASSED] - Scroll to object 'Object Repository/WEB_OBJECTS/trashIcon' successfully&#xD;
&#xD;
2020-07-08 18:21:27 - [MESSAGE][PASSED] - Object 'Object Repository/WEB_OBJECTS/trashIcon' is visible&#xD;
&#xD;
2020-07-08 18:21:30 - [MESSAGE][PASSED] - platform.ResponseDesigner.deleteDefaultTextTemplate is PASSED&#xD;
&#xD;
2020-07-08 18:21:30 - [TEST_STEP][PASSED] - for ([count = 1, count &lt;= testData.getRowNumbers(), (count++)]): null&#xD;
&#xD;
2020-07-08 18:21:30 - [TEST_STEP][PASSED] - platform.ResponseDesigner.configureCarouselResponse(count, null, testData.getValue("bhk_carousel_url", count), testData.getValue("bhk_carousel_header", count), testData.getValue("carousel_payload_label", count), testData.getValue("carousel_payload_question", count)): platform.ResponseDesigner.configureCarouselResponse is PASSED&#xD;
&#xD;
2020-07-08 18:21:32 - [MESSAGE][PASSED] - Modify property of object successfully&#xD;
&#xD;
2020-07-08 18:21:39 - [MESSAGE][PASSED] - Text 'https://cdn.home-designing.com/wp-content/uploads/2014/06/Springs-Apartment-Layout.jpg' is set on object 'Object Repository/WEB_OBJECTS/mediaURL'&#xD;
&#xD;
2020-07-08 18:21:45 - [MESSAGE][PASSED] - Text '2BHK' is set on object 'Object Repository/WEB_OBJECTS/input'&#xD;
&#xD;
2020-07-08 18:21:47 - [MESSAGE][PASSED] - Object 'Object Repository/WEB_OBJECTS/button' is present&#xD;
&#xD;
2020-07-08 18:21:50 - [MESSAGE][PASSED] - Object 'Object Repository/WEB_OBJECTS/popUp' is present&#xD;
&#xD;
2020-07-08 18:21:50 - [MESSAGE][PASSED] - Modify property of object successfully&#xD;
&#xD;
2020-07-08 18:21:55 - [MESSAGE][PASSED] - Text 'Contact here!' is set on object 'Object Repository/WEB_OBJECTS/input'&#xD;
&#xD;
2020-07-08 18:21:59 - [MESSAGE][PASSED] - Text 'How can I contact this property?' is set on object 'Object Repository/WEB_OBJECTS/payload'&#xD;
&#xD;
2020-07-08 18:22:01 - [MESSAGE][PASSED] - platform.ResponseDesigner.configureCarouselResponse is PASSED&#xD;
&#xD;
2020-07-08 18:22:01 - [TEST_STEP][PASSED] - if (testData.getValue("bhk_carousel_header", count + 1) == ""): null&#xD;
&#xD;
2020-07-08 18:22:01 - [TEST_STEP][PASSED] - else: platform.Method.clickOnElement is PASSED&#xD;
&#xD;
2020-07-08 18:22:01 - [TEST_STEP][PASSED] - platform.Method.clickOnElement(findTestObject("ICONS/addCarousel")): platform.Method.clickOnElement is PASSED&#xD;
&#xD;
2020-07-08 18:22:04 - [MESSAGE][PASSED] - platform.Method.clickOnElement is PASSED&#xD;
&#xD;
2020-07-08 18:22:04 - [TEST_STEP][PASSED] - platform.ResponseDesigner.configureCarouselResponse(count, null, testData.getValue("bhk_carousel_url", count), testData.getValue("bhk_carousel_header", count), testData.getValue("carousel_payload_label", count), testData.getValue("carousel_payload_question", count)): platform.ResponseDesigner.configureCarouselResponse is PASSED&#xD;
&#xD;
2020-07-08 18:22:07 - [MESSAGE][PASSED] - Modify property of object successfully&#xD;
&#xD;
2020-07-08 18:22:14 - [MESSAGE][PASSED] - Text 'https://thearchitectsdiary.com/wp-content/uploads/2017/12/IMGL2438-copy-Large.jpg' is set on object 'Object Repository/WEB_OBJECTS/mediaURL'&#xD;
&#xD;
2020-07-08 18:22:20 - [MESSAGE][PASSED] - Text '3BHK' is set on object 'Object Repository/WEB_OBJECTS/input'&#xD;
&#xD;
2020-07-08 18:22:42 - [MESSAGE][INFO] - Unable to find the element located by 'By.xpath: (//div[@class='carousel-main']//button[@type='primary'])[2]'. Please recheck the objects properties to make sure the desired element is located. &#xD;
&#xD;
2020-07-08 18:22:42 - [MESSAGE][WARNING] - Object 'Object Repository/WEB_OBJECTS/button' is not present after 20 second(s)&#xD;
&#xD;
2020-07-08 18:22:46 - [MESSAGE][PASSED] - Object 'Object Repository/WEB_OBJECTS/popUp' is present&#xD;
&#xD;
2020-07-08 18:22:46 - [MESSAGE][PASSED] - Modify property of object successfully&#xD;
&#xD;
2020-07-08 18:22:50 - [MESSAGE][PASSED] - Text 'Click to contact' is set on object 'Object Repository/WEB_OBJECTS/input'&#xD;
&#xD;
2020-07-08 18:22:55 - [MESSAGE][PASSED] - Text 'How can I contact this property?' is set on object 'Object Repository/WEB_OBJECTS/payload'&#xD;
&#xD;
2020-07-08 18:22:57 - [MESSAGE][PASSED] - platform.ResponseDesigner.configureCarouselResponse is PASSED&#xD;
&#xD;
2020-07-08 18:22:57 - [TEST_STEP][PASSED] - if (testData.getValue("bhk_carousel_header", count + 1) == ""): null&#xD;
&#xD;
2020-07-08 18:22:57 - [TEST_STEP][PASSED] - break: null&#xD;
&#xD;
2020-07-08 18:22:57 - [TEST_STEP][PASSED] - platform.Articles.saveAndTrainArticleToExistingCategory(" Unassigned "): platform.Articles.saveAndTrainArticleToExistingCategory is PASSED&#xD;
&#xD;
2020-07-08 18:23:07 - [MESSAGE][PASSED] - platform.Articles.saveAndTrainArticleToExistingCategory is PASSED&#xD;
&#xD;
2020-07-08 18:23:07 - [TEST_STEP][PASSED] - waitForElementPresent(findTestObject("ICONS/toastMsg"), 20, STOP_ON_FAILURE): Object 'Object Repository/ICONS/toastMsg' is present&#xD;
&#xD;
2020-07-08 18:23:14 - [MESSAGE][PASSED] - Object 'Object Repository/ICONS/toastMsg' is present</system-out>
            <system-err></system-err>
        </testcase>
        <testcase name="Test Cases/SetUp/setUpCustomSyn_ShareablePreview3" classname="Test Cases/SetUp/setUpCustomSyn_ShareablePreview3" status="PASSED">
            <system-out>2020-07-08 18:23:14 - [TEST_CASE][PASSED] - Test Cases/SetUp/setUpCustomSyn_ShareablePreview3: Test Cases/SetUp/setUpCustomSyn_ShareablePreview3&#xD;
&#xD;
2020-07-08 18:23:14 - [TEST_STEP][PASSED] - Start listener action : setUp: Current window maximized&#xD;
&#xD;
2020-07-08 18:23:14 - [TEST_STEP][PASSED] - openBrowser(URL): Browser is opened with url: 'preprod.imibot.ai'&#xD;
&#xD;
2020-07-08 18:23:14 - [MESSAGE][WARNING] - A browser is already opened. Closing browser and opening a new one&#xD;
&#xD;
2020-07-08 18:23:17 - [MESSAGE][INFO] - Starting 'Chrome' driver&#xD;
&#xD;
2020-07-08 18:23:17 - [MESSAGE][INFO] - User set preference: ['args', '[--start-maximized]']&#xD;
&#xD;
2020-07-08 18:23:34 - [MESSAGE][PASSED] - Browser is opened with url: 'preprod.imibot.ai'&#xD;
&#xD;
2020-07-08 18:23:34 - [TEST_STEP][PASSED] - maximizeWindow(): Current window maximized&#xD;
&#xD;
2020-07-08 18:23:36 - [MESSAGE][PASSED] - Current window maximized&#xD;
&#xD;
2020-07-08 18:23:37 - [TEST_STEP][PASSED] - callTestCase(findTestCase("Generic/successfulLogin_Test"), [:], STOP_ON_FAILURE): Call Test Case 'Test Cases/Generic/successfulLogin_Test' successfully&#xD;
&#xD;
2020-07-08 18:23:37 - [TEST_CASE][PASSED] - Test Cases/Generic/successfulLogin_Test: Test Cases/Generic/successfulLogin_Test&#xD;
&#xD;
2020-07-08 18:23:37 - [TEST_STEP][PASSED] - sendKeys(findTestObject("Input/username"), username): Keys 'narendra.n@imimobile.com' sent to object: 'Object Repository/Input/username'&#xD;
&#xD;
2020-07-08 18:23:40 - [MESSAGE][PASSED] - Keys 'narendra.n@imimobile.com' sent to object: 'Object Repository/Input/username'&#xD;
&#xD;
2020-07-08 18:23:40 - [TEST_STEP][PASSED] - sendKeys(findTestObject("Input/password"), password): Keys 'Test@2020' sent to object: 'Object Repository/Input/password'&#xD;
&#xD;
2020-07-08 18:23:43 - [MESSAGE][PASSED] - Keys 'Test@2020' sent to object: 'Object Repository/Input/password'&#xD;
&#xD;
2020-07-08 18:23:43 - [TEST_STEP][PASSED] - click(findTestObject("Button/signIn")): Object: 'Object Repository/Button/signIn' is clicked on&#xD;
&#xD;
2020-07-08 18:23:45 - [MESSAGE][PASSED] - Object: 'Object Repository/Button/signIn' is clicked on&#xD;
&#xD;
2020-07-08 18:23:45 - [TEST_STEP][PASSED] - if (!(waitForElementPresent(findTestObject("Button/createBot"), 30, OPTIONAL))): Object 'Object Repository/Button/createBot' is present&#xD;
&#xD;
2020-07-08 18:24:03 - [MESSAGE][PASSED] - Object 'Object Repository/Button/createBot' is present&#xD;
&#xD;
2020-07-08 18:24:03 - [MESSAGE][PASSED] - Call Test Case 'Test Cases/Generic/successfulLogin_Test' successfully&#xD;
&#xD;
2020-07-08 18:24:03 - [TEST_STEP][PASSED] - platform.Method.navigateToBot("Q&amp;A bots", PREVIEW_BOT): platform.Method.navigateToBot is PASSED&#xD;
&#xD;
2020-07-08 18:24:05 - [MESSAGE][PASSED] - Object 'Object Repository/Button/createBot' is present&#xD;
&#xD;
2020-07-08 18:24:07 - [MESSAGE][INFO] - Performing click action on bot&#xD;
&#xD;
2020-07-08 18:24:09 - [MESSAGE][PASSED] - platform.Method.navigateToBot is PASSED&#xD;
&#xD;
2020-07-08 18:24:09 - [TEST_STEP][PASSED] - platform.Method.clickOnElement(findTestObject("Generic/articles")): platform.Method.clickOnElement is PASSED&#xD;
&#xD;
2020-07-08 18:24:15 - [MESSAGE][PASSED] - platform.Method.clickOnElement is PASSED&#xD;
&#xD;
2020-07-08 18:24:15 - [TEST_STEP][PASSED] - testData = findTestData("Data Files/testData_Dummy"): null&#xD;
&#xD;
2020-07-08 18:24:16 - [TEST_STEP][PASSED] - platform.Articles.createNewArticle(testData, testData.getValue("article_default_question", 3)): platform.Articles.createNewArticle is PASSED&#xD;
&#xD;
2020-07-08 18:24:22 - [MESSAGE][PASSED] - Keys 'Looking for property on rent' sent to object: 'Object Repository/Input/defaultQuestion'&#xD;
&#xD;
2020-07-08 18:24:22 - [MESSAGE][PASSED] - platform.Articles.createNewArticle is PASSED&#xD;
&#xD;
2020-07-08 18:24:22 - [TEST_STEP][PASSED] - platform.Method.clickOnElement(findTestObject("ICONS/quickReply")): platform.Method.clickOnElement is PASSED&#xD;
&#xD;
2020-07-08 18:24:25 - [MESSAGE][PASSED] - platform.Method.clickOnElement is PASSED&#xD;
&#xD;
2020-07-08 18:24:25 - [TEST_STEP][PASSED] - platform.ResponseDesigner.deleteDefaultTextTemplate(): platform.ResponseDesigner.deleteDefaultTextTemplate is PASSED&#xD;
&#xD;
2020-07-08 18:24:27 - [MESSAGE][PASSED] - Scroll to object 'Object Repository/WEB_OBJECTS/trashIcon' successfully&#xD;
&#xD;
2020-07-08 18:24:30 - [MESSAGE][PASSED] - Object 'Object Repository/WEB_OBJECTS/trashIcon' is visible&#xD;
&#xD;
2020-07-08 18:24:32 - [MESSAGE][PASSED] - platform.ResponseDesigner.deleteDefaultTextTemplate is PASSED&#xD;
&#xD;
2020-07-08 18:24:32 - [TEST_STEP][PASSED] - platform.ResponseDesigner.configureQuickReplyResponse(testData.getValue("quick_reply", 1)): platform.ResponseDesigner.configureQuickReplyResponse is PASSED&#xD;
&#xD;
2020-07-08 18:24:37 - [MESSAGE][PASSED] - Text 'Please select your property type' is set on object 'Object Repository/WEB_OBJECTS/textArea'&#xD;
&#xD;
2020-07-08 18:24:37 - [MESSAGE][PASSED] - platform.ResponseDesigner.configureQuickReplyResponse is PASSED&#xD;
&#xD;
2020-07-08 18:24:37 - [TEST_STEP][PASSED] - for ([count = 1, count &lt;= testData.getRowNumbers(), (count++)]): null&#xD;
&#xD;
2020-07-08 18:24:37 - [TEST_STEP][PASSED] - platform.ResponseDesigner.addQuickReplyButton(): platform.ResponseDesigner.addQuickReplyButton is PASSED&#xD;
&#xD;
2020-07-08 18:24:39 - [MESSAGE][PASSED] - platform.ResponseDesigner.addQuickReplyButton is PASSED&#xD;
&#xD;
2020-07-08 18:24:39 - [TEST_STEP][PASSED] - platform.ResponseDesigner.configureBtnPopUp("faq", testData.getValue("quick_reply_title", count), testData.getValue("carousel_question", count)): platform.ResponseDesigner.configureBtnPopUp is PASSED&#xD;
&#xD;
2020-07-08 18:24:39 - [MESSAGE][PASSED] - Modify property of object successfully&#xD;
&#xD;
2020-07-08 18:24:43 - [MESSAGE][PASSED] - Text 'Studio apartment' is set on object 'Object Repository/WEB_OBJECTS/input'&#xD;
&#xD;
2020-07-08 18:24:44 - [MESSAGE][PASSED] - Object 'Object Repository/WEB_OBJECTS/linkPayload' is present&#xD;
&#xD;
2020-07-08 18:24:50 - [MESSAGE][PASSED] - Text 'Article Search' is present on page &#xD;
&#xD;
2020-07-08 18:24:53 - [MESSAGE][PASSED] - Text 'Search and select the article to be configured as payload' is present on page &#xD;
&#xD;
2020-07-08 18:24:56 - [MESSAGE][PASSED] - Keys 'show me all service type apartment' sent to object: 'Object Repository/WEB_OBJECTS/searchField'&#xD;
&#xD;
2020-07-08 18:24:57 - [MESSAGE][PASSED] - Object 'Object Repository/Generic/searchResult' is present&#xD;
&#xD;
2020-07-08 18:25:02 - [MESSAGE][PASSED] - platform.ResponseDesigner.configureBtnPopUp is PASSED&#xD;
&#xD;
2020-07-08 18:25:02 - [TEST_STEP][PASSED] - if (testData.getValue("quick_reply_title", count + 1) == ""): null&#xD;
&#xD;
2020-07-08 18:25:02 - [TEST_STEP][PASSED] - platform.ResponseDesigner.addQuickReplyButton(): platform.ResponseDesigner.addQuickReplyButton is PASSED&#xD;
&#xD;
2020-07-08 18:25:04 - [MESSAGE][PASSED] - platform.ResponseDesigner.addQuickReplyButton is PASSED&#xD;
&#xD;
2020-07-08 18:25:04 - [TEST_STEP][PASSED] - platform.ResponseDesigner.configureBtnPopUp("faq", testData.getValue("quick_reply_title", count), testData.getValue("carousel_question", count)): platform.ResponseDesigner.configureBtnPopUp is PASSED&#xD;
&#xD;
2020-07-08 18:25:05 - [MESSAGE][PASSED] - Modify property of object successfully&#xD;
&#xD;
2020-07-08 18:25:09 - [MESSAGE][PASSED] - Text 'Villa/Duplex' is set on object 'Object Repository/WEB_OBJECTS/input'&#xD;
&#xD;
2020-07-08 18:25:10 - [MESSAGE][PASSED] - Object 'Object Repository/WEB_OBJECTS/linkPayload' is present&#xD;
&#xD;
2020-07-08 18:25:15 - [MESSAGE][PASSED] - Text 'Article Search' is present on page &#xD;
&#xD;
2020-07-08 18:25:18 - [MESSAGE][PASSED] - Text 'Search and select the article to be configured as payload' is present on page &#xD;
&#xD;
2020-07-08 18:25:22 - [MESSAGE][PASSED] - Keys 'villas or duplex type property' sent to object: 'Object Repository/WEB_OBJECTS/searchField'&#xD;
&#xD;
2020-07-08 18:25:23 - [MESSAGE][PASSED] - Object 'Object Repository/Generic/searchResult' is present&#xD;
&#xD;
2020-07-08 18:25:27 - [MESSAGE][PASSED] - platform.ResponseDesigner.configureBtnPopUp is PASSED&#xD;
&#xD;
2020-07-08 18:25:27 - [TEST_STEP][PASSED] - if (testData.getValue("quick_reply_title", count + 1) == ""): null&#xD;
&#xD;
2020-07-08 18:25:27 - [TEST_STEP][PASSED] - platform.ResponseDesigner.addQuickReplyButton(): platform.ResponseDesigner.addQuickReplyButton is PASSED&#xD;
&#xD;
2020-07-08 18:25:30 - [MESSAGE][PASSED] - platform.ResponseDesigner.addQuickReplyButton is PASSED&#xD;
&#xD;
2020-07-08 18:25:30 - [TEST_STEP][PASSED] - platform.ResponseDesigner.configureBtnPopUp("faq", testData.getValue("quick_reply_title", count), testData.getValue("carousel_question", count)): platform.ResponseDesigner.configureBtnPopUp is PASSED&#xD;
&#xD;
2020-07-08 18:25:30 - [MESSAGE][PASSED] - Modify property of object successfully&#xD;
&#xD;
2020-07-08 18:25:33 - [MESSAGE][PASSED] - Text 'Flat' is set on object 'Object Repository/WEB_OBJECTS/input'&#xD;
&#xD;
2020-07-08 18:25:35 - [MESSAGE][PASSED] - Object 'Object Repository/WEB_OBJECTS/linkPayload' is present&#xD;
&#xD;
2020-07-08 18:25:40 - [MESSAGE][PASSED] - Text 'Article Search' is present on page &#xD;
&#xD;
2020-07-08 18:25:43 - [MESSAGE][PASSED] - Text 'Search and select the article to be configured as payload' is present on page &#xD;
&#xD;
2020-07-08 18:25:46 - [MESSAGE][PASSED] - Keys 'apartments in gated community' sent to object: 'Object Repository/WEB_OBJECTS/searchField'&#xD;
&#xD;
2020-07-08 18:25:47 - [MESSAGE][PASSED] - Object 'Object Repository/Generic/searchResult' is present&#xD;
&#xD;
2020-07-08 18:25:52 - [MESSAGE][PASSED] - platform.ResponseDesigner.configureBtnPopUp is PASSED&#xD;
&#xD;
2020-07-08 18:25:52 - [TEST_STEP][PASSED] - if (testData.getValue("quick_reply_title", count + 1) == ""): null&#xD;
&#xD;
2020-07-08 18:25:52 - [TEST_STEP][PASSED] - break: null&#xD;
&#xD;
2020-07-08 18:25:52 - [TEST_STEP][PASSED] - platform.Articles.saveAndTrainArticleToNewCategory(testData.getValue("category", 3)): platform.Articles.saveAndTrainArticleToNewCategory is PASSED&#xD;
&#xD;
2020-07-08 18:26:00 - [MESSAGE][PASSED] - Keys 'Real estate' sent to object: 'Object Repository/Input/newCategoryName'&#xD;
&#xD;
2020-07-08 18:26:02 - [MESSAGE][PASSED] - platform.Articles.saveAndTrainArticleToNewCategory is PASSED&#xD;
&#xD;
2020-07-08 18:26:02 - [TEST_STEP][PASSED] - waitForElementPresent(findTestObject("ICONS/toastMsg"), 20, STOP_ON_FAILURE): Object 'Object Repository/ICONS/toastMsg' is present&#xD;
&#xD;
2020-07-08 18:26:09 - [MESSAGE][PASSED] - Object 'Object Repository/ICONS/toastMsg' is present&#xD;
&#xD;
2020-07-08 18:26:09 - [TEST_STEP][PASSED] - platform.Articles.createNewArticle(testData, "मैं कुछ सुखदायक संगीत सुनना चाहता हूं"): platform.Articles.createNewArticle is PASSED&#xD;
&#xD;
2020-07-08 18:26:15 - [MESSAGE][PASSED] - Keys 'मैं कुछ सुखदायक संगीत सुनना चाहता हूं' sent to object: 'Object Repository/Input/defaultQuestion'&#xD;
&#xD;
2020-07-08 18:26:15 - [MESSAGE][PASSED] - platform.Articles.createNewArticle is PASSED&#xD;
&#xD;
2020-07-08 18:26:15 - [TEST_STEP][PASSED] - platform.ResponseDesigner.configureMediaResponse("audio", "https://file-examples.com/wp-content/uploads/2017/11/file_example_MP3_700KB.mp3"): platform.ResponseDesigner.configureMediaResponse is PASSED&#xD;
&#xD;
2020-07-08 18:26:28 - [MESSAGE][PASSED] - Text 'https://file-examples.com/wp-content/uploads/2017/11/file_example_MP3_700KB.mp3' is set on object 'Object Repository/WEB_OBJECTS/mediaURL'&#xD;
&#xD;
2020-07-08 18:26:28 - [MESSAGE][PASSED] - platform.ResponseDesigner.configureMediaResponse is PASSED&#xD;
&#xD;
2020-07-08 18:26:28 - [TEST_STEP][PASSED] - platform.ResponseDesigner.deleteDefaultTextTemplate(): platform.ResponseDesigner.deleteDefaultTextTemplate is PASSED&#xD;
&#xD;
2020-07-08 18:26:30 - [MESSAGE][PASSED] - Scroll to object 'Object Repository/WEB_OBJECTS/trashIcon' successfully&#xD;
&#xD;
2020-07-08 18:26:33 - [MESSAGE][PASSED] - Object 'Object Repository/WEB_OBJECTS/trashIcon' is visible&#xD;
&#xD;
2020-07-08 18:26:35 - [MESSAGE][PASSED] - platform.ResponseDesigner.deleteDefaultTextTemplate is PASSED&#xD;
&#xD;
2020-07-08 18:26:35 - [TEST_STEP][PASSED] - platform.Articles.saveAndTrainArticleToExistingCategory(" Unassigned "): platform.Articles.saveAndTrainArticleToExistingCategory is PASSED&#xD;
&#xD;
2020-07-08 18:26:45 - [MESSAGE][PASSED] - platform.Articles.saveAndTrainArticleToExistingCategory is PASSED&#xD;
&#xD;
2020-07-08 18:26:45 - [TEST_STEP][PASSED] - waitForElementPresent(findTestObject("ICONS/toastMsg"), 20, STOP_ON_FAILURE): Object 'Object Repository/ICONS/toastMsg' is present&#xD;
&#xD;
2020-07-08 18:26:52 - [MESSAGE][PASSED] - Object 'Object Repository/ICONS/toastMsg' is present&#xD;
&#xD;
2020-07-08 18:26:52 - [TEST_STEP][PASSED] - platform.Articles.createNewArticle(testData, "عرض فيديو مثير للاهتمام"): platform.Articles.createNewArticle is PASSED&#xD;
&#xD;
2020-07-08 18:26:58 - [MESSAGE][PASSED] - Keys 'عرض فيديو مثير للاهتمام' sent to object: 'Object Repository/Input/defaultQuestion'&#xD;
&#xD;
2020-07-08 18:26:58 - [MESSAGE][PASSED] - platform.Articles.createNewArticle is PASSED&#xD;
&#xD;
2020-07-08 18:26:58 - [TEST_STEP][PASSED] - platform.ResponseDesigner.configureMediaResponse("video", "https://file-examples.com/wp-content/uploads/2017/04/file_example_MP4_480_1_5MG.mp4"): platform.ResponseDesigner.configureMediaResponse is PASSED&#xD;
&#xD;
2020-07-08 18:27:14 - [MESSAGE][PASSED] - Text 'https://file-examples.com/wp-content/uploads/2017/04/file_example_MP4_480_1_5MG.mp4' is set on object 'Object Repository/WEB_OBJECTS/mediaURL'&#xD;
&#xD;
2020-07-08 18:27:14 - [MESSAGE][PASSED] - platform.ResponseDesigner.configureMediaResponse is PASSED&#xD;
&#xD;
2020-07-08 18:27:14 - [TEST_STEP][PASSED] - platform.ResponseDesigner.deleteDefaultTextTemplate(): platform.ResponseDesigner.deleteDefaultTextTemplate is PASSED&#xD;
&#xD;
2020-07-08 18:27:17 - [MESSAGE][PASSED] - Scroll to object 'Object Repository/WEB_OBJECTS/trashIcon' successfully&#xD;
&#xD;
2020-07-08 18:27:19 - [MESSAGE][PASSED] - Object 'Object Repository/WEB_OBJECTS/trashIcon' is visible&#xD;
&#xD;
2020-07-08 18:27:22 - [MESSAGE][PASSED] - platform.ResponseDesigner.deleteDefaultTextTemplate is PASSED&#xD;
&#xD;
2020-07-08 18:27:22 - [TEST_STEP][PASSED] - platform.Articles.saveAndTrainArticleToExistingCategory(" Unassigned "): platform.Articles.saveAndTrainArticleToExistingCategory is PASSED&#xD;
&#xD;
2020-07-08 18:27:31 - [MESSAGE][PASSED] - platform.Articles.saveAndTrainArticleToExistingCategory is PASSED&#xD;
&#xD;
2020-07-08 18:27:31 - [TEST_STEP][PASSED] - waitForElementPresent(findTestObject("ICONS/toastMsg"), 20, STOP_ON_FAILURE): Object 'Object Repository/ICONS/toastMsg' is present&#xD;
&#xD;
2020-07-08 18:27:37 - [MESSAGE][PASSED] - Object 'Object Repository/ICONS/toastMsg' is present&#xD;
&#xD;
2020-07-08 18:27:37 - [TEST_STEP][PASSED] - platform.Articles.selectFromKebabMenu(findTestObject("Button/importIcon"), "Import From CSV"): platform.Articles.selectFromKebabMenu is PASSED&#xD;
&#xD;
2020-07-08 18:27:39 - [MESSAGE][PASSED] - Object 'Object Repository/Button/kebabMenu' is clickable&#xD;
&#xD;
2020-07-08 18:27:42 - [MESSAGE][INFO] - Selected value: Import From CSV&#xD;
&#xD;
2020-07-08 18:27:44 - [MESSAGE][PASSED] - platform.Articles.selectFromKebabMenu is PASSED&#xD;
&#xD;
2020-07-08 18:27:44 - [TEST_STEP][PASSED] - platform.Method.uploadCsvFile(false, "faq_CS.csv"): platform.Method.uploadCsvFile is PASSED&#xD;
&#xD;
2020-07-08 18:27:44 - [MESSAGE][INFO] - PREVIOUS DATA NOT BE OVERRIDDEN&#xD;
&#xD;
2020-07-08 18:27:47 - [MESSAGE][PASSED] - File 'D:/IMIbot.ai-Project/Collection/faq_CS.csv' sent to object: 'Object Repository/Input/uploadFile'&#xD;
&#xD;
2020-07-08 18:27:49 - [MESSAGE][PASSED] - platform.Method.uploadCsvFile is PASSED&#xD;
&#xD;
2020-07-08 18:27:49 - [TEST_STEP][PASSED] - platform.Method.trainAndComment("imported hindi arabic article"): platform.Method.trainAndComment is PASSED&#xD;
&#xD;
2020-07-08 18:28:00 - [MESSAGE][PASSED] - Keys 'imported hindi arabic article' sent to object: 'Object Repository/Input/comment'&#xD;
&#xD;
2020-07-08 18:28:02 - [MESSAGE][PASSED] - platform.Method.trainAndComment is PASSED</system-out>
            <system-err></system-err>
        </testcase>
        <testcase name="Test Cases/Faqbot/faqShareablePreview_Test" classname="Test Cases/Faqbot/faqShareablePreview_Test" status="FAILED">
            <failure type="FAILED" message="Test Cases/Faqbot/faqShareablePreview_Test FAILED.&#xA;Reason:&#xA;com.kms.katalon.core.exception.StepFailedException: Unable to send keys 'I'm not feeling good' to object 'Object Repository/Input/chatInput'&#xD;&#xA;&#x9;at com.kms.katalon.core.webui.keyword.internal.WebUIKeywordMain.stepFailed(WebUIKeywordMain.groovy:64)&#xD;&#xA;&#x9;at com.kms.katalon.core.webui.keyword.internal.WebUIKeywordMain.runKeyword(WebUIKeywordMain.groovy:26)&#xD;&#xA;&#x9;at com.kms.katalon.core.webui.keyword.builtin.SendKeysKeyword.sendKeys(SendKeysKeyword.groovy:60)&#xD;&#xA;&#x9;at com.kms.katalon.core.webui.keyword.builtin.SendKeysKeyword.execute(SendKeysKeyword.groovy:38)&#xD;&#xA;&#x9;at com.kms.katalon.core.keyword.internal.KeywordExecutor.executeKeywordForPlatform(KeywordExecutor.groovy:56)&#xD;&#xA;&#x9;at com.kms.katalon.core.webui.keyword.WebUiBuiltInKeywords.sendKeys(WebUiBuiltInKeywords.groovy:834)&#xD;&#xA;&#x9;at com.kms.katalon.core.webui.keyword.WebUiBuiltInKeywords$sendKeys$1.call(Unknown Source)&#xD;&#xA;&#x9;at faqShareablePreview_Test.run(faqShareablePreview_Test:30)&#xD;&#xA;&#x9;at com.kms.katalon.core.main.ScriptEngine.run(ScriptEngine.java:194)&#xD;&#xA;&#x9;at com.kms.katalon.core.main.ScriptEngine.runScriptAsRawText(ScriptEngine.java:119)&#xD;&#xA;&#x9;at com.kms.katalon.core.main.TestCaseExecutor.runScript(TestCaseExecutor.java:337)&#xD;&#xA;&#x9;at com.kms.katalon.core.main.TestCaseExecutor.doExecute(TestCaseExecutor.java:328)&#xD;&#xA;&#x9;at com.kms.katalon.core.main.TestCaseExecutor.processExecutionPhase(TestCaseExecutor.java:307)&#xD;&#xA;&#x9;at com.kms.katalon.core.main.TestCaseExecutor.accessMainPhase(TestCaseExecutor.java:299)&#xD;&#xA;&#x9;at com.kms.katalon.core.main.TestCaseExecutor.execute(TestCaseExecutor.java:233)&#xD;&#xA;&#x9;at com.kms.katalon.core.main.TestSuiteExecutor.accessTestCaseMainPhase(TestSuiteExecutor.java:169)&#xD;&#xA;&#x9;at com.kms.katalon.core.main.TestSuiteExecutor.accessTestSuiteMainPhase(TestSuiteExecutor.java:142)&#xD;&#xA;&#x9;at com.kms.katalon.core.main.TestSuiteExecutor.execute(TestSuiteExecutor.java:91)&#xD;&#xA;&#x9;at com.kms.katalon.core.main.TestCaseMain.startTestSuite(TestCaseMain.java:157)&#xD;&#xA;&#x9;at com.kms.katalon.core.main.TestCaseMain$startTestSuite$0.call(Unknown Source)&#xD;&#xA;&#x9;at TempTestSuite1594212069164.run(TempTestSuite1594212069164.groovy:35)&#xD;&#xA;Caused by: com.kms.katalon.core.webui.exception.WebElementNotFoundException: Web element with id: 'Object Repository/Input/chatInput' located by 'By.xpath: //*[@placeholder = 'Type a message']' not found&#xD;&#xA;&#x9;at com.kms.katalon.core.webui.common.WebUiCommonHelper.findWebElement(WebUiCommonHelper.java:1097)&#xD;&#xA;&#x9;at com.kms.katalon.core.webui.keyword.internal.WebUIAbstractKeyword.findWebElement(WebUIAbstractKeyword.groovy:27)&#xD;&#xA;&#x9;at com.kms.katalon.core.webui.keyword.internal.WebUIAbstractKeyword.findWebElement(WebUIAbstractKeyword.groovy:26)&#xD;&#xA;&#x9;at com.kms.katalon.core.webui.keyword.builtin.SendKeysKeyword$_sendKeys_closure1.doCall(SendKeysKeyword.groovy:52)&#xD;&#xA;&#x9;at com.kms.katalon.core.webui.keyword.builtin.SendKeysKeyword$_sendKeys_closure1.call(SendKeysKeyword.groovy)&#xD;&#xA;&#x9;at com.kms.katalon.core.webui.keyword.internal.WebUIKeywordMain.runKeyword(WebUIKeywordMain.groovy:20)&#xD;&#xA;&#x9;... 19 more&#xD;&#xA;"/>
            <system-out>2020-07-08 18:28:02 - [TEST_CASE][FAILED] - Test Cases/Faqbot/faqShareablePreview_Test: Test Cases/Faqbot/faqShareablePreview_Test FAILED.
Reason:
com.kms.katalon.core.exception.StepFailedException: Unable to send keys 'I'm not feeling good' to object 'Object Repository/Input/chatInput'&#xD;
	at com.kms.katalon.core.webui.keyword.internal.WebUIKeywordMain.stepFailed(WebUIKeywordMain.groovy:64)&#xD;
	at com.kms.katalon.core.webui.keyword.internal.WebUIKeywordMain.runKeyword(WebUIKeywordMain.groovy:26)&#xD;
	at com.kms.katalon.core.webui.keyword.builtin.SendKeysKeyword.sendKeys(SendKeysKeyword.groovy:60)&#xD;
	at com.kms.katalon.core.webui.keyword.builtin.SendKeysKeyword.execute(SendKeysKeyword.groovy:38)&#xD;
	at com.kms.katalon.core.keyword.internal.KeywordExecutor.executeKeywordForPlatform(KeywordExecutor.groovy:56)&#xD;
	at com.kms.katalon.core.webui.keyword.WebUiBuiltInKeywords.sendKeys(WebUiBuiltInKeywords.groovy:834)&#xD;
	at com.kms.katalon.core.webui.keyword.WebUiBuiltInKeywords$sendKeys$1.call(Unknown Source)&#xD;
	at faqShareablePreview_Test.run(faqShareablePreview_Test:30)&#xD;
	at com.kms.katalon.core.main.ScriptEngine.run(ScriptEngine.java:194)&#xD;
	at com.kms.katalon.core.main.ScriptEngine.runScriptAsRawText(ScriptEngine.java:119)&#xD;
	at com.kms.katalon.core.main.TestCaseExecutor.runScript(TestCaseExecutor.java:337)&#xD;
	at com.kms.katalon.core.main.TestCaseExecutor.doExecute(TestCaseExecutor.java:328)&#xD;
	at com.kms.katalon.core.main.TestCaseExecutor.processExecutionPhase(TestCaseExecutor.java:307)&#xD;
	at com.kms.katalon.core.main.TestCaseExecutor.accessMainPhase(TestCaseExecutor.java:299)&#xD;
	at com.kms.katalon.core.main.TestCaseExecutor.execute(TestCaseExecutor.java:233)&#xD;
	at com.kms.katalon.core.main.TestSuiteExecutor.accessTestCaseMainPhase(TestSuiteExecutor.java:169)&#xD;
	at com.kms.katalon.core.main.TestSuiteExecutor.accessTestSuiteMainPhase(TestSuiteExecutor.java:142)&#xD;
	at com.kms.katalon.core.main.TestSuiteExecutor.execute(TestSuiteExecutor.java:91)&#xD;
	at com.kms.katalon.core.main.TestCaseMain.startTestSuite(TestCaseMain.java:157)&#xD;
	at com.kms.katalon.core.main.TestCaseMain$startTestSuite$0.call(Unknown Source)&#xD;
	at TempTestSuite1594212069164.run(TempTestSuite1594212069164.groovy:35)&#xD;
Caused by: com.kms.katalon.core.webui.exception.WebElementNotFoundException: Web element with id: 'Object Repository/Input/chatInput' located by 'By.xpath: //*[@placeholder = 'Type a message']' not found&#xD;
	at com.kms.katalon.core.webui.common.WebUiCommonHelper.findWebElement(WebUiCommonHelper.java:1097)&#xD;
	at com.kms.katalon.core.webui.keyword.internal.WebUIAbstractKeyword.findWebElement(WebUIAbstractKeyword.groovy:27)&#xD;
	at com.kms.katalon.core.webui.keyword.internal.WebUIAbstractKeyword.findWebElement(WebUIAbstractKeyword.groovy:26)&#xD;
	at com.kms.katalon.core.webui.keyword.builtin.SendKeysKeyword$_sendKeys_closure1.doCall(SendKeysKeyword.groovy:52)&#xD;
	at com.kms.katalon.core.webui.keyword.builtin.SendKeysKeyword$_sendKeys_closure1.call(SendKeysKeyword.groovy)&#xD;
	at com.kms.katalon.core.webui.keyword.internal.WebUIKeywordMain.runKeyword(WebUIKeywordMain.groovy:20)&#xD;
	... 19 more&#xD;
&#xD;
&#xD;
2020-07-08 18:28:02 - [TEST_STEP][PASSED] - Start listener action : setUp: Current window maximized&#xD;
&#xD;
2020-07-08 18:28:02 - [TEST_STEP][PASSED] - openBrowser(URL): Browser is opened with url: 'preprod.imibot.ai'&#xD;
&#xD;
2020-07-08 18:28:02 - [MESSAGE][WARNING] - A browser is already opened. Closing browser and opening a new one&#xD;
&#xD;
2020-07-08 18:28:05 - [MESSAGE][INFO] - Starting 'Chrome' driver&#xD;
&#xD;
2020-07-08 18:28:05 - [MESSAGE][INFO] - User set preference: ['args', '[--start-maximized]']&#xD;
&#xD;
2020-07-08 18:28:19 - [MESSAGE][PASSED] - Browser is opened with url: 'preprod.imibot.ai'&#xD;
&#xD;
2020-07-08 18:28:19 - [TEST_STEP][PASSED] - maximizeWindow(): Current window maximized&#xD;
&#xD;
2020-07-08 18:28:21 - [MESSAGE][PASSED] - Current window maximized&#xD;
&#xD;
2020-07-08 18:28:21 - [TEST_STEP][PASSED] - callTestCase(findTestCase("Generic/successfulLogin_Test"), [:], STOP_ON_FAILURE): Call Test Case 'Test Cases/Generic/successfulLogin_Test' successfully&#xD;
&#xD;
2020-07-08 18:28:21 - [TEST_CASE][PASSED] - Test Cases/Generic/successfulLogin_Test: Test Cases/Generic/successfulLogin_Test&#xD;
&#xD;
2020-07-08 18:28:22 - [TEST_STEP][PASSED] - sendKeys(findTestObject("Input/username"), username): Keys 'narendra.n@imimobile.com' sent to object: 'Object Repository/Input/username'&#xD;
&#xD;
2020-07-08 18:28:26 - [MESSAGE][PASSED] - Keys 'narendra.n@imimobile.com' sent to object: 'Object Repository/Input/username'&#xD;
&#xD;
2020-07-08 18:28:26 - [TEST_STEP][PASSED] - sendKeys(findTestObject("Input/password"), password): Keys 'Test@2020' sent to object: 'Object Repository/Input/password'&#xD;
&#xD;
2020-07-08 18:28:28 - [MESSAGE][PASSED] - Keys 'Test@2020' sent to object: 'Object Repository/Input/password'&#xD;
&#xD;
2020-07-08 18:28:28 - [TEST_STEP][PASSED] - click(findTestObject("Button/signIn")): Object: 'Object Repository/Button/signIn' is clicked on&#xD;
&#xD;
2020-07-08 18:28:31 - [MESSAGE][PASSED] - Object: 'Object Repository/Button/signIn' is clicked on&#xD;
&#xD;
2020-07-08 18:28:31 - [TEST_STEP][PASSED] - if (!(waitForElementPresent(findTestObject("Button/createBot"), 30, OPTIONAL))): Object 'Object Repository/Button/createBot' is present&#xD;
&#xD;
2020-07-08 18:28:59 - [MESSAGE][PASSED] - Object 'Object Repository/Button/createBot' is present&#xD;
&#xD;
2020-07-08 18:28:59 - [MESSAGE][PASSED] - Call Test Case 'Test Cases/Generic/successfulLogin_Test' successfully&#xD;
&#xD;
2020-07-08 18:28:59 - [TEST_STEP][PASSED] - platform.Method.navigateToBot("Q&amp;A bots", PREVIEW_BOT): platform.Method.navigateToBot is PASSED&#xD;
&#xD;
2020-07-08 18:29:01 - [MESSAGE][PASSED] - Object 'Object Repository/Button/createBot' is present&#xD;
&#xD;
2020-07-08 18:29:03 - [MESSAGE][INFO] - Performing click action on bot&#xD;
&#xD;
2020-07-08 18:29:05 - [MESSAGE][PASSED] - platform.Method.navigateToBot is PASSED&#xD;
&#xD;
2020-07-08 18:29:05 - [TEST_STEP][PASSED] - platform.Method.clickOnElement(findTestObject("Generic/articles")): platform.Method.clickOnElement is PASSED&#xD;
&#xD;
2020-07-08 18:29:12 - [MESSAGE][PASSED] - platform.Method.clickOnElement is PASSED&#xD;
&#xD;
2020-07-08 18:29:12 - [TEST_STEP][PASSED] - testData = findTestData("Data Files/testData_QueryResponse"): null&#xD;
&#xD;
2020-07-08 18:29:13 - [TEST_STEP][PASSED] - if (verifyElementText(findTestObject("Generic/articleState"), "Trained", OPTIONAL)): Object 'Object Repository/ICONS/toastMsg' is present&#xD;
&#xD;
2020-07-08 18:29:15 - [MESSAGE][PASSED] - Actual text and expected text of test object 'Object Repository/Generic/articleState' are matched.&#xD;
&#xD;
2020-07-08 18:29:15 - [TEST_STEP][PASSED] - platform.Method.clickOnElement(findTestObject("Button/makeLive")): platform.Method.clickOnElement is PASSED&#xD;
&#xD;
2020-07-08 18:29:18 - [MESSAGE][PASSED] - platform.Method.clickOnElement is PASSED&#xD;
&#xD;
2020-07-08 18:29:18 - [TEST_STEP][PASSED] - waitForElementPresent(findTestObject("ICONS/toastMsg"), 15, STOP_ON_FAILURE): Object 'Object Repository/ICONS/toastMsg' is present&#xD;
&#xD;
2020-07-08 18:29:19 - [MESSAGE][PASSED] - Object 'Object Repository/ICONS/toastMsg' is present&#xD;
&#xD;
2020-07-08 18:29:19 - [TEST_STEP][PASSED] - platform.Preview.doShareablePreview(): platform.Preview.doShareablePreview is PASSED&#xD;
&#xD;
2020-07-08 18:29:21 - [MESSAGE][INFO] - Selected value: Copy Preview Link&#xD;
&#xD;
2020-07-08 18:29:28 - [MESSAGE][PASSED] - Navigate to 'http://WebElementNotFoundException' successfully&#xD;
&#xD;
2020-07-08 18:29:28 - [MESSAGE][PASSED] - platform.Preview.doShareablePreview is PASSED&#xD;
&#xD;
2020-07-08 18:29:28 - [TEST_STEP][FAILED] - sendKeys(findTestObject("Input/chatInput"), Keys.chord(testData.getValue("faq_sp_query", 1), ENTER)): Unable to send keys 'I'm not feeling good' to object 'Object Repository/Input/chatInput' (Root cause: com.kms.katalon.core.exception.StepFailedException: Unable to send keys 'I'm not feeling good' to object 'Object Repository/Input/chatInput'&#xD;
	at com.kms.katalon.core.webui.keyword.internal.WebUIKeywordMain.stepFailed(WebUIKeywordMain.groovy:64)&#xD;
	at com.kms.katalon.core.webui.keyword.internal.WebUIKeywordMain.runKeyword(WebUIKeywordMain.groovy:26)&#xD;
	at com.kms.katalon.core.webui.keyword.builtin.SendKeysKeyword.sendKeys(SendKeysKeyword.groovy:60)&#xD;
	at com.kms.katalon.core.webui.keyword.builtin.SendKeysKeyword.execute(SendKeysKeyword.groovy:38)&#xD;
	at com.kms.katalon.core.keyword.internal.KeywordExecutor.executeKeywordForPlatform(KeywordExecutor.groovy:56)&#xD;
	at com.kms.katalon.core.webui.keyword.WebUiBuiltInKeywords.sendKeys(WebUiBuiltInKeywords.groovy:834)&#xD;
	at com.kms.katalon.core.webui.keyword.WebUiBuiltInKeywords$sendKeys$1.call(Unknown Source)&#xD;
	at faqShareablePreview_Test.run(faqShareablePreview_Test:30)&#xD;
	at com.kms.katalon.core.main.ScriptEngine.run(ScriptEngine.java:194)&#xD;
	at com.kms.katalon.core.main.ScriptEngine.runScriptAsRawText(ScriptEngine.java:119)&#xD;
	at com.kms.katalon.core.main.TestCaseExecutor.runScript(TestCaseExecutor.java:337)&#xD;
	at com.kms.katalon.core.main.TestCaseExecutor.doExecute(TestCaseExecutor.java:328)&#xD;
	at com.kms.katalon.core.main.TestCaseExecutor.processExecutionPhase(TestCaseExecutor.java:307)&#xD;
	at com.kms.katalon.core.main.TestCaseExecutor.accessMainPhase(TestCaseExecutor.java:299)&#xD;
	at com.kms.katalon.core.main.TestCaseExecutor.execute(TestCaseExecutor.java:233)&#xD;
	at com.kms.katalon.core.main.TestSuiteExecutor.accessTestCaseMainPhase(TestSuiteExecutor.java:169)&#xD;
	at com.kms.katalon.core.main.TestSuiteExecutor.accessTestSuiteMainPhase(TestSuiteExecutor.java:142)&#xD;
	at com.kms.katalon.core.main.TestSuiteExecutor.execute(TestSuiteExecutor.java:91)&#xD;
	at com.kms.katalon.core.main.TestCaseMain.startTestSuite(TestCaseMain.java:157)&#xD;
	at com.kms.katalon.core.main.TestCaseMain$startTestSuite$0.call(Unknown Source)&#xD;
	at TempTestSuite1594212069164.run(TempTestSuite1594212069164.groovy:35)&#xD;
Caused by: com.kms.katalon.core.webui.exception.WebElementNotFoundException: Web element with id: 'Object Repository/Input/chatInput' located by 'By.xpath: //*[@placeholder = 'Type a message']' not found&#xD;
	at com.kms.katalon.core.webui.common.WebUiCommonHelper.findWebElement(WebUiCommonHelper.java:1097)&#xD;
	at com.kms.katalon.core.webui.keyword.internal.WebUIAbstractKeyword.findWebElement(WebUIAbstractKeyword.groovy:27)&#xD;
	at com.kms.katalon.core.webui.keyword.internal.WebUIAbstractKeyword.findWebElement(WebUIAbstractKeyword.groovy:26)&#xD;
	at com.kms.katalon.core.webui.keyword.builtin.SendKeysKeyword$_sendKeys_closure1.doCall(SendKeysKeyword.groovy:52)&#xD;
	at com.kms.katalon.core.webui.keyword.builtin.SendKeysKeyword$_sendKeys_closure1.call(SendKeysKeyword.groovy)&#xD;
	at com.kms.katalon.core.webui.keyword.internal.WebUIKeywordMain.runKeyword(WebUIKeywordMain.groovy:20)&#xD;
	at com.kms.katalon.core.webui.keyword.builtin.SendKeysKeyword.sendKeys(SendKeysKeyword.groovy:60)&#xD;
	at com.kms.katalon.core.webui.keyword.builtin.SendKeysKeyword.execute(SendKeysKeyword.groovy:38)&#xD;
	at com.kms.katalon.core.keyword.internal.KeywordExecutor.executeKeywordForPlatform(KeywordExecutor.groovy:56)&#xD;
	at com.kms.katalon.core.webui.keyword.WebUiBuiltInKeywords.sendKeys(WebUiBuiltInKeywords.groovy:834)&#xD;
	at com.kms.katalon.core.webui.keyword.WebUiBuiltInKeywords$sendKeys$1.call(Unknown Source)&#xD;
	at Script1590642762663.run(Script1590642762663.groovy:30)&#xD;
	... 13 more&#xD;
)&#xD;
&#xD;
2020-07-08 18:29:40 - [MESSAGE][INFO] - Unable to find the element located by 'By.xpath: //*[@placeholder = 'Type a message']'. Please recheck the objects properties to make sure the desired element is located. &#xD;
&#xD;
2020-07-08 18:29:41 - [MESSAGE][FAILED] - Unable to send keys 'I'm not feeling good' to object 'Object Repository/Input/chatInput' (Root cause: com.kms.katalon.core.exception.StepFailedException: Unable to send keys 'I'm not feeling good' to object 'Object Repository/Input/chatInput'&#xD;
	at com.kms.katalon.core.webui.keyword.internal.WebUIKeywordMain.stepFailed(WebUIKeywordMain.groovy:64)&#xD;
	at com.kms.katalon.core.webui.keyword.internal.WebUIKeywordMain.runKeyword(WebUIKeywordMain.groovy:26)&#xD;
	at com.kms.katalon.core.webui.keyword.builtin.SendKeysKeyword.sendKeys(SendKeysKeyword.groovy:60)&#xD;
	at com.kms.katalon.core.webui.keyword.builtin.SendKeysKeyword.execute(SendKeysKeyword.groovy:38)&#xD;
	at com.kms.katalon.core.keyword.internal.KeywordExecutor.executeKeywordForPlatform(KeywordExecutor.groovy:56)&#xD;
	at com.kms.katalon.core.webui.keyword.WebUiBuiltInKeywords.sendKeys(WebUiBuiltInKeywords.groovy:834)&#xD;
	at com.kms.katalon.core.webui.keyword.WebUiBuiltInKeywords$sendKeys$1.call(Unknown Source)&#xD;
	at faqShareablePreview_Test.run(faqShareablePreview_Test:30)&#xD;
	at com.kms.katalon.core.main.ScriptEngine.run(ScriptEngine.java:194)&#xD;
	at com.kms.katalon.core.main.ScriptEngine.runScriptAsRawText(ScriptEngine.java:119)&#xD;
	at com.kms.katalon.core.main.TestCaseExecutor.runScript(TestCaseExecutor.java:337)&#xD;
	at com.kms.katalon.core.main.TestCaseExecutor.doExecute(TestCaseExecutor.java:328)&#xD;
	at com.kms.katalon.core.main.TestCaseExecutor.processExecutionPhase(TestCaseExecutor.java:307)&#xD;
	at com.kms.katalon.core.main.TestCaseExecutor.accessMainPhase(TestCaseExecutor.java:299)&#xD;
	at com.kms.katalon.core.main.TestCaseExecutor.execute(TestCaseExecutor.java:233)&#xD;
	at com.kms.katalon.core.main.TestSuiteExecutor.accessTestCaseMainPhase(TestSuiteExecutor.java:169)&#xD;
	at com.kms.katalon.core.main.TestSuiteExecutor.accessTestSuiteMainPhase(TestSuiteExecutor.java:142)&#xD;
	at com.kms.katalon.core.main.TestSuiteExecutor.execute(TestSuiteExecutor.java:91)&#xD;
	at com.kms.katalon.core.main.TestCaseMain.startTestSuite(TestCaseMain.java:157)&#xD;
	at com.kms.katalon.core.main.TestCaseMain$startTestSuite$0.call(Unknown Source)&#xD;
	at TempTestSuite1594212069164.run(TempTestSuite1594212069164.groovy:35)&#xD;
Caused by: com.kms.katalon.core.webui.exception.WebElementNotFoundException: Web element with id: 'Object Repository/Input/chatInput' located by 'By.xpath: //*[@placeholder = 'Type a message']' not found&#xD;
	at com.kms.katalon.core.webui.common.WebUiCommonHelper.findWebElement(WebUiCommonHelper.java:1097)&#xD;
	at com.kms.katalon.core.webui.keyword.internal.WebUIAbstractKeyword.findWebElement(WebUIAbstractKeyword.groovy:27)&#xD;
	at com.kms.katalon.core.webui.keyword.internal.WebUIAbstractKeyword.findWebElement(WebUIAbstractKeyword.groovy:26)&#xD;
	at com.kms.katalon.core.webui.keyword.builtin.SendKeysKeyword$_sendKeys_closure1.doCall(SendKeysKeyword.groovy:52)&#xD;
	at com.kms.katalon.core.webui.keyword.builtin.SendKeysKeyword$_sendKeys_closure1.call(SendKeysKeyword.groovy)&#xD;
	at com.kms.katalon.core.webui.keyword.internal.WebUIKeywordMain.runKeyword(WebUIKeywordMain.groovy:20)&#xD;
	at com.kms.katalon.core.webui.keyword.builtin.SendKeysKeyword.sendKeys(SendKeysKeyword.groovy:60)&#xD;
	at com.kms.katalon.core.webui.keyword.builtin.SendKeysKeyword.execute(SendKeysKeyword.groovy:38)&#xD;
	at com.kms.katalon.core.keyword.internal.KeywordExecutor.executeKeywordForPlatform(KeywordExecutor.groovy:56)&#xD;
	at com.kms.katalon.core.webui.keyword.WebUiBuiltInKeywords.sendKeys(WebUiBuiltInKeywords.groovy:834)&#xD;
	at com.kms.katalon.core.webui.keyword.WebUiBuiltInKeywords$sendKeys$1.call(Unknown Source)&#xD;
	at Script1590642762663.run(Script1590642762663.groovy:30)&#xD;
	... 13 more&#xD;
)&#xD;
[[ATTACHMENT|D:\\IMIbot.ai-Project\\Reports\\20200708_181109\\shareablepreview\\20200708_181109\\1594213180251.png]]</system-out>
            <system-err>2020-07-08 18:28:02 - [TEST_CASE][FAILED] - Test Cases/Faqbot/faqShareablePreview_Test: Test Cases/Faqbot/faqShareablePreview_Test FAILED.
Reason:
com.kms.katalon.core.exception.StepFailedException: Unable to send keys 'I'm not feeling good' to object 'Object Repository/Input/chatInput'&#xD;
	at com.kms.katalon.core.webui.keyword.internal.WebUIKeywordMain.stepFailed(WebUIKeywordMain.groovy:64)&#xD;
	at com.kms.katalon.core.webui.keyword.internal.WebUIKeywordMain.runKeyword(WebUIKeywordMain.groovy:26)&#xD;
	at com.kms.katalon.core.webui.keyword.builtin.SendKeysKeyword.sendKeys(SendKeysKeyword.groovy:60)&#xD;
	at com.kms.katalon.core.webui.keyword.builtin.SendKeysKeyword.execute(SendKeysKeyword.groovy:38)&#xD;
	at com.kms.katalon.core.keyword.internal.KeywordExecutor.executeKeywordForPlatform(KeywordExecutor.groovy:56)&#xD;
	at com.kms.katalon.core.webui.keyword.WebUiBuiltInKeywords.sendKeys(WebUiBuiltInKeywords.groovy:834)&#xD;
	at com.kms.katalon.core.webui.keyword.WebUiBuiltInKeywords$sendKeys$1.call(Unknown Source)&#xD;
	at faqShareablePreview_Test.run(faqShareablePreview_Test:30)&#xD;
	at com.kms.katalon.core.main.ScriptEngine.run(ScriptEngine.java:194)&#xD;
	at com.kms.katalon.core.main.ScriptEngine.runScriptAsRawText(ScriptEngine.java:119)&#xD;
	at com.kms.katalon.core.main.TestCaseExecutor.runScript(TestCaseExecutor.java:337)&#xD;
	at com.kms.katalon.core.main.TestCaseExecutor.doExecute(TestCaseExecutor.java:328)&#xD;
	at com.kms.katalon.core.main.TestCaseExecutor.processExecutionPhase(TestCaseExecutor.java:307)&#xD;
	at com.kms.katalon.core.main.TestCaseExecutor.accessMainPhase(TestCaseExecutor.java:299)&#xD;
	at com.kms.katalon.core.main.TestCaseExecutor.execute(TestCaseExecutor.java:233)&#xD;
	at com.kms.katalon.core.main.TestSuiteExecutor.accessTestCaseMainPhase(TestSuiteExecutor.java:169)&#xD;
	at com.kms.katalon.core.main.TestSuiteExecutor.accessTestSuiteMainPhase(TestSuiteExecutor.java:142)&#xD;
	at com.kms.katalon.core.main.TestSuiteExecutor.execute(TestSuiteExecutor.java:91)&#xD;
	at com.kms.katalon.core.main.TestCaseMain.startTestSuite(TestCaseMain.java:157)&#xD;
	at com.kms.katalon.core.main.TestCaseMain$startTestSuite$0.call(Unknown Source)&#xD;
	at TempTestSuite1594212069164.run(TempTestSuite1594212069164.groovy:35)&#xD;
Caused by: com.kms.katalon.core.webui.exception.WebElementNotFoundException: Web element with id: 'Object Repository/Input/chatInput' located by 'By.xpath: //*[@placeholder = 'Type a message']' not found&#xD;
	at com.kms.katalon.core.webui.common.WebUiCommonHelper.findWebElement(WebUiCommonHelper.java:1097)&#xD;
	at com.kms.katalon.core.webui.keyword.internal.WebUIAbstractKeyword.findWebElement(WebUIAbstractKeyword.groovy:27)&#xD;
	at com.kms.katalon.core.webui.keyword.internal.WebUIAbstractKeyword.findWebElement(WebUIAbstractKeyword.groovy:26)&#xD;
	at com.kms.katalon.core.webui.keyword.builtin.SendKeysKeyword$_sendKeys_closure1.doCall(SendKeysKeyword.groovy:52)&#xD;
	at com.kms.katalon.core.webui.keyword.builtin.SendKeysKeyword$_sendKeys_closure1.call(SendKeysKeyword.groovy)&#xD;
	at com.kms.katalon.core.webui.keyword.internal.WebUIKeywordMain.runKeyword(WebUIKeywordMain.groovy:20)&#xD;
	... 19 more</system-err>
        </testcase>
        <system-out>2020-07-08 18:11:20 - [TEST_SUITE][INCOMPLETE] - shareablepreview: null</system-out>
        <system-err>2020-07-08 18:11:20 - [TEST_SUITE][INCOMPLETE] - shareablepreview: null</system-err>
    </testsuite>
</testsuites>
