<?xml version="1.0" encoding="UTF-8" standalone="yes"?>
<testsuites name="taskSuiteE2E" time="2443" tests="12" failures="0" errors="3">
    <testsuite name="taskSuiteE2E" tests="12" failures="0" errors="3" time="2443" timestamp="2020-06-23 16:18:24" hostname="narendra.n - WLPT580.imidomain.com" id="Test Suites/taskSuiteE2E">
        <properties>
            <property name="deviceName" value=""/>
            <property name="devicePlatform" value=""/>
            <property name="logFolder" value="D:\\IMIbot.ai-Project\\Reports\\20200623_161815\\taskSuiteE2E\\20200623_161815"/>
            <property name="logFiles" value="D:\\IMIbot.ai-Project\\Reports\\20200623_161815\\taskSuiteE2E\\20200623_161815\\execution0.log"/>
            <property name="attachments" value="D:\\IMIbot.ai-Project\\Reports\\20200623_161815\\taskSuiteE2E\\20200623_161815\\1592910226935.png, D:\\IMIbot.ai-Project\\Reports\\20200623_161815\\taskSuiteE2E\\20200623_161815\\1592911435800.png, D:\\IMIbot.ai-Project\\Reports\\20200623_161815\\taskSuiteE2E\\20200623_161815\\1592911453820.png, D:\\IMIbot.ai-Project\\Reports\\20200623_161815\\taskSuiteE2E\\20200623_161815\\1592911470845.png, D:\\IMIbot.ai-Project\\Reports\\20200623_161815\\taskSuiteE2E\\20200623_161815\\1592911487906.png, D:\\IMIbot.ai-Project\\Reports\\20200623_161815\\taskSuiteE2E\\20200623_161815\\1592911504518.png, D:\\IMIbot.ai-Project\\Reports\\20200623_161815\\taskSuiteE2E\\20200623_161815\\1592911521402.png, D:\\IMIbot.ai-Project\\Reports\\20200623_161815\\taskSuiteE2E\\20200623_161815\\1592911539150.png, D:\\IMIbot.ai-Project\\Reports\\20200623_161815\\taskSuiteE2E\\20200623_161815\\1592911556123.png, D:\\IMIbot.ai-Project\\Reports\\20200623_161815\\taskSuiteE2E\\20200623_161815\\1592911573247.png, D:\\IMIbot.ai-Project\\Reports\\20200623_161815\\taskSuiteE2E\\20200623_161815\\1592911590194.png, D:\\IMIbot.ai-Project\\Reports\\20200623_161815\\taskSuiteE2E\\20200623_161815\\1592911607508.png, D:\\IMIbot.ai-Project\\Reports\\20200623_161815\\taskSuiteE2E\\20200623_161815\\1592911625484.png, D:\\IMIbot.ai-Project\\Reports\\20200623_161815\\taskSuiteE2E\\20200623_161815\\1592911642754.png"/>
            <property name="hostName" value="narendra.n - WLPT580.imidomain.com"/>
            <property name="os" value="Windows 8.1 64bit"/>
            <property name="katalonVersion" value="6.3.3.11"/>
            <property name="browser" value="Chrome 83.0.4103.106"/>
            <property name="hostAddress" value="192.168.43.195"/>
            <property name="sessionId" value="39a94c7ac9f3004bed06a9c892f95a3b"/>
            <property name="seleniumVersion" value="3.141.59"/>
            <property name="proxyInformation" value="ProxyInformation{proxyOption=NO_PROXY, proxyServerType=HTTP, password=, proxyServerAddress=, proxyServerPort=0}"/>
            <property name="platform" value="Windows 8.1"/>
        </properties>
        <testcase name="Test Cases/Taskbot/botCreation_Test" classname="Test Cases/Taskbot/botCreation_Test" status="PASSED">
            <system-out>2020-06-23 16:18:26 - [TEST_CASE][PASSED] - Test Cases/Taskbot/botCreation_Test: Test Cases/Taskbot/botCreation_Test&#xD;
&#xD;
2020-06-23 16:18:27 - [TEST_STEP][PASSED] - Start listener action : setUp: Current window maximized&#xD;
&#xD;
2020-06-23 16:18:27 - [TEST_STEP][PASSED] - openBrowser(URL): Browser is opened with url: 'preprod.imibot.ai'&#xD;
&#xD;
2020-06-23 16:18:28 - [MESSAGE][INFO] - Starting 'Chrome' driver&#xD;
&#xD;
2020-06-23 16:18:28 - [MESSAGE][INFO] - User set preference: ['args', '[--start-maximized]']&#xD;
&#xD;
2020-06-23 16:18:28 - [MESSAGE][INFO] - Action delay is set to 1 seconds&#xD;
&#xD;
2020-06-23 16:18:42 - [MESSAGE][PASSED] - Browser is opened with url: 'preprod.imibot.ai'&#xD;
&#xD;
2020-06-23 16:18:42 - [TEST_STEP][PASSED] - maximizeWindow(): Current window maximized&#xD;
&#xD;
2020-06-23 16:18:44 - [MESSAGE][PASSED] - Current window maximized&#xD;
&#xD;
2020-06-23 16:18:45 - [TEST_STEP][PASSED] - callTestCase(findTestCase("Generic/successfulLogin_Test"), [:], STOP_ON_FAILURE): Call Test Case 'Test Cases/Generic/successfulLogin_Test' successfully&#xD;
&#xD;
2020-06-23 16:18:46 - [TEST_CASE][PASSED] - Test Cases/Generic/successfulLogin_Test: Test Cases/Generic/successfulLogin_Test&#xD;
&#xD;
2020-06-23 16:18:47 - [TEST_STEP][PASSED] - sendKeys(findTestObject("Input/username"), USERNAME): Keys 'narendra.n@imimobile.com' sent to object: 'Object Repository/Input/username'&#xD;
&#xD;
2020-06-23 16:18:51 - [MESSAGE][PASSED] - Keys 'narendra.n@imimobile.com' sent to object: 'Object Repository/Input/username'&#xD;
&#xD;
2020-06-23 16:18:51 - [TEST_STEP][PASSED] - sendKeys(findTestObject("Input/password"), PASSWORD): Keys 'Test@2020' sent to object: 'Object Repository/Input/password'&#xD;
&#xD;
2020-06-23 16:18:54 - [MESSAGE][PASSED] - Keys 'Test@2020' sent to object: 'Object Repository/Input/password'&#xD;
&#xD;
2020-06-23 16:18:54 - [TEST_STEP][PASSED] - click(findTestObject("Button/signIn")): Object: 'Object Repository/Button/signIn' is clicked on&#xD;
&#xD;
2020-06-23 16:19:01 - [MESSAGE][PASSED] - Object: 'Object Repository/Button/signIn' is clicked on&#xD;
&#xD;
2020-06-23 16:19:01 - [TEST_STEP][PASSED] - if (!(waitForElementPresent(findTestObject("Button/createBot"), 30, OPTIONAL))): Object 'Object Repository/Button/createBot' is present&#xD;
&#xD;
2020-06-23 16:19:18 - [MESSAGE][PASSED] - Object 'Object Repository/Button/createBot' is present&#xD;
&#xD;
2020-06-23 16:19:18 - [MESSAGE][PASSED] - Call Test Case 'Test Cases/Generic/successfulLogin_Test' successfully&#xD;
&#xD;
2020-06-23 16:19:19 - [TEST_STEP][PASSED] - platform.Method.toClickOnWebElement(findTestObject("Generic/webObjectWithText", ["textValue":"Task bots"])): platform.Method.toClickOnWebElement is PASSED&#xD;
&#xD;
2020-06-23 16:19:22 - [MESSAGE][PASSED] - Object: 'Object Repository/Generic/webObjectWithText' is clicked on&#xD;
&#xD;
2020-06-23 16:19:22 - [MESSAGE][PASSED] - platform.Method.toClickOnWebElement is PASSED&#xD;
&#xD;
2020-06-23 16:19:22 - [TEST_STEP][PASSED] - platform.Method.toClickOnWebElement(findTestObject("Button/createBot")): platform.Method.toClickOnWebElement is PASSED&#xD;
&#xD;
2020-06-23 16:19:25 - [MESSAGE][PASSED] - Object: 'Object Repository/Button/createBot' is clicked on&#xD;
&#xD;
2020-06-23 16:19:25 - [MESSAGE][PASSED] - platform.Method.toClickOnWebElement is PASSED&#xD;
&#xD;
2020-06-23 16:19:25 - [TEST_STEP][PASSED] - sendKeys(findTestObject("Input/botName"), nameOfTheBot): Keys 'Prep Qa_EnquiryBot 2020' sent to object: 'Object Repository/Input/botName'&#xD;
&#xD;
2020-06-23 16:19:29 - [MESSAGE][PASSED] - Keys 'Prep Qa_EnquiryBot 2020' sent to object: 'Object Repository/Input/botName'&#xD;
&#xD;
2020-06-23 16:19:29 - [TEST_STEP][PASSED] - platform.Method.toClickOnWebElement(findTestObject("Toggle/feedback")): platform.Method.toClickOnWebElement is PASSED&#xD;
&#xD;
2020-06-23 16:19:31 - [MESSAGE][PASSED] - Object: 'Object Repository/Toggle/feedback' is clicked on&#xD;
&#xD;
2020-06-23 16:19:31 - [MESSAGE][PASSED] - platform.Method.toClickOnWebElement is PASSED&#xD;
&#xD;
2020-06-23 16:19:31 - [TEST_STEP][PASSED] - platform.Method.toClickOnWebElement(findTestObject("Button/done")): platform.Method.toClickOnWebElement is PASSED&#xD;
&#xD;
2020-06-23 16:19:39 - [MESSAGE][PASSED] - Object: 'Object Repository/Button/done' is clicked on&#xD;
&#xD;
2020-06-23 16:19:39 - [MESSAGE][PASSED] - platform.Method.toClickOnWebElement is PASSED&#xD;
&#xD;
2020-06-23 16:19:39 - [TEST_STEP][PASSED] - waitForElementVisible(findTestObject("Generic/modelState"), 60, OPTIONAL): Object 'Object Repository/Generic/modelState' is visible&#xD;
&#xD;
2020-06-23 16:19:52 - [MESSAGE][PASSED] - Object 'Object Repository/Generic/modelState' is visible&#xD;
&#xD;
2020-06-23 16:19:52 - [TEST_STEP][PASSED] - verifyElementText(findTestObject("Generic/modelState"), "Trained", STOP_ON_FAILURE): Actual text and expected text of test object 'Object Repository/Generic/modelState' are matched.&#xD;
&#xD;
2020-06-23 16:19:55 - [MESSAGE][PASSED] - Actual text and expected text of test object 'Object Repository/Generic/modelState' are matched.</system-out>
            <system-err></system-err>
        </testcase>
        <testcase name="Test Cases/Taskbot/createRichDynamicResponse_Test" classname="Test Cases/Taskbot/createRichDynamicResponse_Test" status="PASSED">
            <system-out>2020-06-23 16:19:55 - [TEST_CASE][PASSED] - Test Cases/Taskbot/createRichDynamicResponse_Test: Test Cases/Taskbot/createRichDynamicResponse_Test&#xD;
&#xD;
2020-06-23 16:19:55 - [TEST_STEP][PASSED] - Start listener action : setUp: Current window maximized&#xD;
&#xD;
2020-06-23 16:19:55 - [TEST_STEP][PASSED] - openBrowser(URL): Browser is opened with url: 'preprod.imibot.ai'&#xD;
&#xD;
2020-06-23 16:19:55 - [MESSAGE][WARNING] - A browser is already opened. Closing browser and opening a new one&#xD;
&#xD;
2020-06-23 16:19:57 - [MESSAGE][INFO] - Starting 'Chrome' driver&#xD;
&#xD;
2020-06-23 16:19:57 - [MESSAGE][INFO] - User set preference: ['args', '[--start-maximized]']&#xD;
&#xD;
2020-06-23 16:20:10 - [MESSAGE][PASSED] - Browser is opened with url: 'preprod.imibot.ai'&#xD;
&#xD;
2020-06-23 16:20:10 - [TEST_STEP][PASSED] - maximizeWindow(): Current window maximized&#xD;
&#xD;
2020-06-23 16:20:13 - [MESSAGE][PASSED] - Current window maximized&#xD;
&#xD;
2020-06-23 16:20:13 - [TEST_STEP][PASSED] - callTestCase(findTestCase("Generic/successfulLogin_Test"), [:], STOP_ON_FAILURE): Call Test Case 'Test Cases/Generic/successfulLogin_Test' successfully&#xD;
&#xD;
2020-06-23 16:20:13 - [TEST_CASE][PASSED] - Test Cases/Generic/successfulLogin_Test: Test Cases/Generic/successfulLogin_Test&#xD;
&#xD;
2020-06-23 16:20:13 - [TEST_STEP][PASSED] - sendKeys(findTestObject("Input/username"), USERNAME): Keys 'narendra.n@imimobile.com' sent to object: 'Object Repository/Input/username'&#xD;
&#xD;
2020-06-23 16:20:16 - [MESSAGE][PASSED] - Keys 'narendra.n@imimobile.com' sent to object: 'Object Repository/Input/username'&#xD;
&#xD;
2020-06-23 16:20:16 - [TEST_STEP][PASSED] - sendKeys(findTestObject("Input/password"), PASSWORD): Keys 'Test@2020' sent to object: 'Object Repository/Input/password'&#xD;
&#xD;
2020-06-23 16:20:19 - [MESSAGE][PASSED] - Keys 'Test@2020' sent to object: 'Object Repository/Input/password'&#xD;
&#xD;
2020-06-23 16:20:19 - [TEST_STEP][PASSED] - click(findTestObject("Button/signIn")): Object: 'Object Repository/Button/signIn' is clicked on&#xD;
&#xD;
2020-06-23 16:20:21 - [MESSAGE][PASSED] - Object: 'Object Repository/Button/signIn' is clicked on&#xD;
&#xD;
2020-06-23 16:20:21 - [TEST_STEP][PASSED] - if (!(waitForElementPresent(findTestObject("Button/createBot"), 30, OPTIONAL))): Object 'Object Repository/Button/createBot' is present&#xD;
&#xD;
2020-06-23 16:20:35 - [MESSAGE][PASSED] - Object 'Object Repository/Button/createBot' is present&#xD;
&#xD;
2020-06-23 16:20:35 - [MESSAGE][PASSED] - Call Test Case 'Test Cases/Generic/successfulLogin_Test' successfully&#xD;
&#xD;
2020-06-23 16:20:35 - [TEST_STEP][PASSED] - platform.Method.navigateToBot("Task bots", TASK_BOT): platform.Method.navigateToBot is PASSED&#xD;
&#xD;
2020-06-23 16:20:36 - [MESSAGE][PASSED] - Object 'Object Repository/Button/createBot' is present&#xD;
&#xD;
2020-06-23 16:20:39 - [MESSAGE][INFO] - Performing click action on bot&#xD;
&#xD;
2020-06-23 16:20:42 - [MESSAGE][PASSED] - platform.Method.navigateToBot is PASSED&#xD;
&#xD;
2020-06-23 16:20:42 - [TEST_STEP][PASSED] - platform.Method.clickOnElement(findTestObject("Generic/response")): platform.Method.clickOnElement is PASSED&#xD;
&#xD;
2020-06-23 16:20:46 - [MESSAGE][PASSED] - platform.Method.clickOnElement is PASSED&#xD;
&#xD;
2020-06-23 16:20:46 - [TEST_STEP][PASSED] - testData = findTestData("Data Files/testData_Task"): null&#xD;
&#xD;
2020-06-23 16:20:49 - [TEST_STEP][PASSED] - platform.Response.createRichResponse(testData.getValue("rich_template", 1), testData.getValue("rich_template_value", 1)): platform.Response.createRichResponse is PASSED&#xD;
&#xD;
2020-06-23 16:20:51 - [MESSAGE][PASSED] - Object: 'Object Repository/NewRepo2/addNewResponse' is clicked on&#xD;
&#xD;
2020-06-23 16:20:55 - [MESSAGE][PASSED] - Text 'incorrect_order' is set on object 'Object Repository/NewRepo2/templateKeyName'&#xD;
&#xD;
2020-06-23 16:20:58 - [MESSAGE][PASSED] - Object: 'Object Repository/Button/create' is clicked on&#xD;
&#xD;
2020-06-23 16:21:00 - [MESSAGE][PASSED] - Delayed 2 second(s)&#xD;
&#xD;
2020-06-23 16:21:07 - [MESSAGE][PASSED] - Keys 'You have requested with an incorrect order number. Please request a correct order number' sent to object: 'Object Repository/Input/textResponse'&#xD;
&#xD;
2020-06-23 16:21:10 - [MESSAGE][PASSED] - Object: 'Object Repository/NewRepo/refresh' is clicked on&#xD;
&#xD;
2020-06-23 16:21:10 - [MESSAGE][PASSED] - platform.Response.createRichResponse is PASSED&#xD;
&#xD;
2020-06-23 16:21:10 - [TEST_STEP][PASSED] - platform.Response.createRichResponse(testData.getValue("rich_template", 2), testData.getValue("rich_template_value", 2)): platform.Response.createRichResponse is PASSED&#xD;
&#xD;
2020-06-23 16:21:12 - [MESSAGE][PASSED] - Object: 'Object Repository/NewRepo2/addNewResponse' is clicked on&#xD;
&#xD;
2020-06-23 16:21:16 - [MESSAGE][PASSED] - Text 'product_not_found' is set on object 'Object Repository/NewRepo2/templateKeyName'&#xD;
&#xD;
2020-06-23 16:21:19 - [MESSAGE][PASSED] - Object: 'Object Repository/Button/create' is clicked on&#xD;
&#xD;
2020-06-23 16:21:21 - [MESSAGE][PASSED] - Delayed 2 second(s)&#xD;
&#xD;
2020-06-23 16:21:26 - [MESSAGE][PASSED] - Keys 'Oops!! Sorry, Requested product is not available' sent to object: 'Object Repository/Input/textResponse'&#xD;
&#xD;
2020-06-23 16:21:29 - [MESSAGE][PASSED] - Object: 'Object Repository/NewRepo/refresh' is clicked on&#xD;
&#xD;
2020-06-23 16:21:29 - [MESSAGE][PASSED] - platform.Response.createRichResponse is PASSED&#xD;
&#xD;
2020-06-23 16:21:29 - [TEST_STEP][PASSED] - platform.Response.createRichResponse(testData.getValue("rich_template", 3), testData.getValue("rich_template_value", 3)): platform.Response.createRichResponse is PASSED&#xD;
&#xD;
2020-06-23 16:21:31 - [MESSAGE][PASSED] - Object: 'Object Repository/NewRepo2/addNewResponse' is clicked on&#xD;
&#xD;
2020-06-23 16:21:36 - [MESSAGE][PASSED] - Text 'success_message' is set on object 'Object Repository/NewRepo2/templateKeyName'&#xD;
&#xD;
2020-06-23 16:21:39 - [MESSAGE][PASSED] - Object: 'Object Repository/Button/create' is clicked on&#xD;
&#xD;
2020-06-23 16:21:41 - [MESSAGE][PASSED] - Delayed 2 second(s)&#xD;
&#xD;
2020-06-23 16:21:45 - [MESSAGE][PASSED] - Keys 'Your Query is successfully Answered' sent to object: 'Object Repository/Input/textResponse'&#xD;
&#xD;
2020-06-23 16:21:47 - [MESSAGE][PASSED] - Object: 'Object Repository/NewRepo/refresh' is clicked on&#xD;
&#xD;
2020-06-23 16:21:47 - [MESSAGE][PASSED] - platform.Response.createRichResponse is PASSED&#xD;
&#xD;
2020-06-23 16:21:47 - [TEST_STEP][PASSED] - platform.Response.createDynamicResponse(testData.getValue("dynamic_template", 1), testData.getValue("dynamic_template_file", 1)): platform.Response.createDynamicResponse is PASSED&#xD;
&#xD;
2020-06-23 16:21:50 - [MESSAGE][PASSED] - Object: 'Object Repository/NewRepo2/addNewResponse' is clicked on&#xD;
&#xD;
2020-06-23 16:21:54 - [MESSAGE][PASSED] - Text 'delivery_template' is set on object 'Object Repository/NewRepo2/templateKeyName'&#xD;
&#xD;
2020-06-23 16:21:57 - [MESSAGE][PASSED] - Object: 'Object Repository/Button/create' is clicked on&#xD;
&#xD;
2020-06-23 16:21:59 - [MESSAGE][PASSED] - Delayed 2 second(s)&#xD;
&#xD;
2020-06-23 16:22:01 - [MESSAGE][PASSED] - Object: 'Object Repository/Generic/webObjectWithText' is clicked on&#xD;
&#xD;
2020-06-23 16:22:04 - [MESSAGE][PASSED] - Object: 'Object Repository/NewRepo2/dynamic' is clicked on&#xD;
&#xD;
2020-06-23 16:22:06 - [MESSAGE][PASSED] - File 'D:/IMIbot.ai-Project/Collection/delivery_template.py' sent to object: 'Object Repository/Input/uploadFile'&#xD;
&#xD;
2020-06-23 16:22:09 - [MESSAGE][PASSED] - Object: 'Object Repository/NewRepo/refresh' is clicked on&#xD;
&#xD;
2020-06-23 16:22:09 - [MESSAGE][PASSED] - platform.Response.createDynamicResponse is PASSED&#xD;
&#xD;
2020-06-23 16:22:09 - [TEST_STEP][PASSED] - waitForElementPresent(findTestObject("Generic/webObjectWithText", ["textValue":"Welcome message "]), 20, OPTIONAL): Object 'Object Repository/Generic/webObjectWithText' is present&#xD;
&#xD;
2020-06-23 16:22:10 - [MESSAGE][PASSED] - Object 'Object Repository/Generic/webObjectWithText' is present&#xD;
&#xD;
2020-06-23 16:22:10 - [TEST_STEP][PASSED] - platform.Method.clickOnElement(findTestObject("Generic/webObjectWithText", ["textValue":"Welcome message "])): platform.Method.clickOnElement is PASSED&#xD;
&#xD;
2020-06-23 16:22:13 - [MESSAGE][PASSED] - platform.Method.clickOnElement is PASSED&#xD;
&#xD;
2020-06-23 16:22:13 - [TEST_STEP][PASSED] - platform.Response.createDynamicResponse(testData.getValue("dynamic_template", 2), testData.getValue("dynamic_template_file", 2)): platform.Response.createDynamicResponse is PASSED&#xD;
&#xD;
2020-06-23 16:22:15 - [MESSAGE][PASSED] - Object: 'Object Repository/NewRepo2/addNewResponse' is clicked on&#xD;
&#xD;
2020-06-23 16:22:19 - [MESSAGE][PASSED] - Text 'order_status_template' is set on object 'Object Repository/NewRepo2/templateKeyName'&#xD;
&#xD;
2020-06-23 16:22:21 - [MESSAGE][PASSED] - Object: 'Object Repository/Button/create' is clicked on&#xD;
&#xD;
2020-06-23 16:22:23 - [MESSAGE][PASSED] - Delayed 2 second(s)&#xD;
&#xD;
2020-06-23 16:22:26 - [MESSAGE][PASSED] - Object: 'Object Repository/Generic/webObjectWithText' is clicked on&#xD;
&#xD;
2020-06-23 16:22:29 - [MESSAGE][PASSED] - Object: 'Object Repository/NewRepo2/dynamic' is clicked on&#xD;
&#xD;
2020-06-23 16:22:31 - [MESSAGE][PASSED] - File 'D:/IMIbot.ai-Project/Collection/order_status_template.py' sent to object: 'Object Repository/Input/uploadFile'&#xD;
&#xD;
2020-06-23 16:22:34 - [MESSAGE][PASSED] - Object: 'Object Repository/NewRepo/refresh' is clicked on&#xD;
&#xD;
2020-06-23 16:22:34 - [MESSAGE][PASSED] - platform.Response.createDynamicResponse is PASSED</system-out>
            <system-err></system-err>
        </testcase>
        <testcase name="Test Cases/Taskbot/entitiesCreationAndUpdate_Test" classname="Test Cases/Taskbot/entitiesCreationAndUpdate_Test" status="PASSED">
            <system-out>2020-06-23 16:22:34 - [TEST_CASE][PASSED] - Test Cases/Taskbot/entitiesCreationAndUpdate_Test: Test Cases/Taskbot/entitiesCreationAndUpdate_Test&#xD;
&#xD;
2020-06-23 16:22:35 - [TEST_STEP][PASSED] - Start listener action : setUp: Current window maximized&#xD;
&#xD;
2020-06-23 16:22:35 - [TEST_STEP][PASSED] - openBrowser(URL): Browser is opened with url: 'preprod.imibot.ai'&#xD;
&#xD;
2020-06-23 16:22:35 - [MESSAGE][WARNING] - A browser is already opened. Closing browser and opening a new one&#xD;
&#xD;
2020-06-23 16:22:37 - [MESSAGE][INFO] - Starting 'Chrome' driver&#xD;
&#xD;
2020-06-23 16:22:37 - [MESSAGE][INFO] - User set preference: ['args', '[--start-maximized]']&#xD;
&#xD;
2020-06-23 16:22:50 - [MESSAGE][PASSED] - Browser is opened with url: 'preprod.imibot.ai'&#xD;
&#xD;
2020-06-23 16:22:50 - [TEST_STEP][PASSED] - maximizeWindow(): Current window maximized&#xD;
&#xD;
2020-06-23 16:22:52 - [MESSAGE][PASSED] - Current window maximized&#xD;
&#xD;
2020-06-23 16:22:52 - [TEST_STEP][PASSED] - callTestCase(findTestCase("Generic/successfulLogin_Test"), [:], STOP_ON_FAILURE): Call Test Case 'Test Cases/Generic/successfulLogin_Test' successfully&#xD;
&#xD;
2020-06-23 16:22:53 - [TEST_CASE][PASSED] - Test Cases/Generic/successfulLogin_Test: Test Cases/Generic/successfulLogin_Test&#xD;
&#xD;
2020-06-23 16:22:53 - [TEST_STEP][PASSED] - sendKeys(findTestObject("Input/username"), USERNAME): Keys 'narendra.n@imimobile.com' sent to object: 'Object Repository/Input/username'&#xD;
&#xD;
2020-06-23 16:22:55 - [MESSAGE][PASSED] - Keys 'narendra.n@imimobile.com' sent to object: 'Object Repository/Input/username'&#xD;
&#xD;
2020-06-23 16:22:55 - [TEST_STEP][PASSED] - sendKeys(findTestObject("Input/password"), PASSWORD): Keys 'Test@2020' sent to object: 'Object Repository/Input/password'&#xD;
&#xD;
2020-06-23 16:22:58 - [MESSAGE][PASSED] - Keys 'Test@2020' sent to object: 'Object Repository/Input/password'&#xD;
&#xD;
2020-06-23 16:22:58 - [TEST_STEP][PASSED] - click(findTestObject("Button/signIn")): Object: 'Object Repository/Button/signIn' is clicked on&#xD;
&#xD;
2020-06-23 16:23:01 - [MESSAGE][PASSED] - Object: 'Object Repository/Button/signIn' is clicked on&#xD;
&#xD;
2020-06-23 16:23:01 - [TEST_STEP][PASSED] - if (!(waitForElementPresent(findTestObject("Button/createBot"), 30, OPTIONAL))): Object 'Object Repository/Button/createBot' is present&#xD;
&#xD;
2020-06-23 16:23:18 - [MESSAGE][PASSED] - Object 'Object Repository/Button/createBot' is present&#xD;
&#xD;
2020-06-23 16:23:18 - [MESSAGE][PASSED] - Call Test Case 'Test Cases/Generic/successfulLogin_Test' successfully&#xD;
&#xD;
2020-06-23 16:23:18 - [TEST_STEP][PASSED] - platform.Method.navigateToBot("Task bots", TASK_BOT): platform.Method.navigateToBot is PASSED&#xD;
&#xD;
2020-06-23 16:23:19 - [MESSAGE][PASSED] - Object 'Object Repository/Button/createBot' is present&#xD;
&#xD;
2020-06-23 16:23:23 - [MESSAGE][INFO] - Performing click action on bot&#xD;
&#xD;
2020-06-23 16:23:25 - [MESSAGE][PASSED] - platform.Method.navigateToBot is PASSED&#xD;
&#xD;
2020-06-23 16:23:25 - [TEST_STEP][PASSED] - platform.Method.toClickOnWebElement(findTestObject("Generic/training")): platform.Method.toClickOnWebElement is PASSED&#xD;
&#xD;
2020-06-23 16:23:29 - [MESSAGE][PASSED] - Object: 'Object Repository/Generic/training' is clicked on&#xD;
&#xD;
2020-06-23 16:23:29 - [MESSAGE][PASSED] - platform.Method.toClickOnWebElement is PASSED&#xD;
&#xD;
2020-06-23 16:23:29 - [TEST_STEP][PASSED] - platform.Method.toClickOnWebElement(findTestObject("Generic/webObjectWithText", ["textValue":"Entities"])): platform.Method.toClickOnWebElement is PASSED&#xD;
&#xD;
2020-06-23 16:23:32 - [MESSAGE][PASSED] - Object: 'Object Repository/Generic/webObjectWithText' is clicked on&#xD;
&#xD;
2020-06-23 16:23:32 - [MESSAGE][PASSED] - platform.Method.toClickOnWebElement is PASSED&#xD;
&#xD;
2020-06-23 16:23:32 - [TEST_STEP][PASSED] - testData = findTestData("Data Files/testData_Task"): null&#xD;
&#xD;
2020-06-23 16:23:32 - [TEST_STEP][PASSED] - platform.Method.toClickOnWebElement(findTestObject("Button/createEntity")): platform.Method.toClickOnWebElement is PASSED&#xD;
&#xD;
2020-06-23 16:23:35 - [MESSAGE][PASSED] - Object: 'Object Repository/Button/createEntity' is clicked on&#xD;
&#xD;
2020-06-23 16:23:35 - [MESSAGE][PASSED] - platform.Method.toClickOnWebElement is PASSED&#xD;
&#xD;
2020-06-23 16:23:35 - [TEST_STEP][PASSED] - platform.Training.createEntity("city name", "Custom", "mumbai"): platform.Training.createEntity is PASSED&#xD;
&#xD;
2020-06-23 16:23:38 - [MESSAGE][PASSED] - Keys 'city name' sent to object: 'Object Repository/Input/entityName'&#xD;
&#xD;
2020-06-23 16:23:40 - [MESSAGE][PASSED] - Object: 'Object Repository/Generic/listOfEntity' is clicked on&#xD;
&#xD;
2020-06-23 16:23:40 - [MESSAGE][INFO] - Entity Type: Custom&#xD;
&#xD;
2020-06-23 16:23:43 - [MESSAGE][PASSED] - Object: 'Object Repository/Generic/webObjectWithText' is clicked on&#xD;
&#xD;
2020-06-23 16:23:46 - [MESSAGE][PASSED] - Keys 'mumbai' sent to object: 'Object Repository/Input/defValueOfEntity'&#xD;
&#xD;
2020-06-23 16:23:48 - [MESSAGE][PASSED] - Object: 'Object Repository/Button/entityPageSaveButton' is clicked on&#xD;
&#xD;
2020-06-23 16:23:48 - [MESSAGE][PASSED] - platform.Training.createEntity is PASSED&#xD;
&#xD;
2020-06-23 16:23:48 - [TEST_STEP][PASSED] - platform.Method.toClickOnWebElement(findTestObject("Button/createEntity")): platform.Method.toClickOnWebElement is PASSED&#xD;
&#xD;
2020-06-23 16:23:51 - [MESSAGE][PASSED] - Object: 'Object Repository/Button/createEntity' is clicked on&#xD;
&#xD;
2020-06-23 16:23:51 - [MESSAGE][PASSED] - platform.Method.toClickOnWebElement is PASSED&#xD;
&#xD;
2020-06-23 16:23:51 - [TEST_STEP][PASSED] - platform.Training.createEntity("date", " Date ", null): platform.Training.createEntity is PASSED&#xD;
&#xD;
2020-06-23 16:23:54 - [MESSAGE][PASSED] - Keys 'date' sent to object: 'Object Repository/Input/entityName'&#xD;
&#xD;
2020-06-23 16:23:56 - [MESSAGE][PASSED] - Object: 'Object Repository/Generic/listOfEntity' is clicked on&#xD;
&#xD;
2020-06-23 16:23:56 - [MESSAGE][INFO] - Entity Type:  Date &#xD;
&#xD;
2020-06-23 16:23:59 - [MESSAGE][PASSED] - Object: 'Object Repository/Generic/webObjectWithText' is clicked on&#xD;
&#xD;
2020-06-23 16:24:01 - [MESSAGE][PASSED] - Object: 'Object Repository/Button/entityPageSaveButton' is clicked on&#xD;
&#xD;
2020-06-23 16:24:01 - [MESSAGE][PASSED] - platform.Training.createEntity is PASSED&#xD;
&#xD;
2020-06-23 16:24:01 - [TEST_STEP][PASSED] - for ([count = 2, count &lt;= testData.getRowNumbers(), (count++)]): null&#xD;
&#xD;
2020-06-23 16:24:01 - [TEST_STEP][PASSED] - if (testData.getValue("entity_name", count) != ""): platform.Training.createEntity is PASSED&#xD;
&#xD;
2020-06-23 16:24:01 - [TEST_STEP][PASSED] - platform.Method.toClickOnWebElement(findTestObject("Button/createEntity")): platform.Method.toClickOnWebElement is PASSED&#xD;
&#xD;
2020-06-23 16:24:04 - [MESSAGE][PASSED] - Object: 'Object Repository/Button/createEntity' is clicked on&#xD;
&#xD;
2020-06-23 16:24:04 - [MESSAGE][PASSED] - platform.Method.toClickOnWebElement is PASSED&#xD;
&#xD;
2020-06-23 16:24:04 - [TEST_STEP][PASSED] - platform.Training.createEntity(testData.getValue("entity_name", count), testData.getValue("entity_type", count), testData.getValue("entity_value", count)): platform.Training.createEntity is PASSED&#xD;
&#xD;
2020-06-23 16:24:07 - [MESSAGE][PASSED] - Keys 'product_names' sent to object: 'Object Repository/Input/entityName'&#xD;
&#xD;
2020-06-23 16:24:10 - [MESSAGE][PASSED] - Object: 'Object Repository/Generic/listOfEntity' is clicked on&#xD;
&#xD;
2020-06-23 16:24:10 - [MESSAGE][INFO] - Entity Type: Custom&#xD;
&#xD;
2020-06-23 16:24:12 - [MESSAGE][PASSED] - Object: 'Object Repository/Generic/webObjectWithText' is clicked on&#xD;
&#xD;
2020-06-23 16:24:15 - [MESSAGE][PASSED] - Keys 'chair' sent to object: 'Object Repository/Input/defValueOfEntity'&#xD;
&#xD;
2020-06-23 16:24:18 - [MESSAGE][PASSED] - Object: 'Object Repository/Button/entityPageSaveButton' is clicked on&#xD;
&#xD;
2020-06-23 16:24:18 - [MESSAGE][PASSED] - platform.Training.createEntity is PASSED&#xD;
&#xD;
2020-06-23 16:24:18 - [TEST_STEP][PASSED] - if (testData.getValue("entity_name", count) != ""): platform.Training.createEntity is PASSED&#xD;
&#xD;
2020-06-23 16:24:18 - [TEST_STEP][PASSED] - platform.Method.toClickOnWebElement(findTestObject("Button/createEntity")): platform.Method.toClickOnWebElement is PASSED&#xD;
&#xD;
2020-06-23 16:24:20 - [MESSAGE][PASSED] - Object: 'Object Repository/Button/createEntity' is clicked on&#xD;
&#xD;
2020-06-23 16:24:20 - [MESSAGE][PASSED] - platform.Method.toClickOnWebElement is PASSED&#xD;
&#xD;
2020-06-23 16:24:20 - [TEST_STEP][PASSED] - platform.Training.createEntity(testData.getValue("entity_name", count), testData.getValue("entity_type", count), testData.getValue("entity_value", count)): platform.Training.createEntity is PASSED&#xD;
&#xD;
2020-06-23 16:24:23 - [MESSAGE][PASSED] - Keys 'order_id' sent to object: 'Object Repository/Input/entityName'&#xD;
&#xD;
2020-06-23 16:24:25 - [MESSAGE][PASSED] - Object: 'Object Repository/Generic/listOfEntity' is clicked on&#xD;
&#xD;
2020-06-23 16:24:25 - [MESSAGE][INFO] - Entity Type: Regex&#xD;
&#xD;
2020-06-23 16:24:28 - [MESSAGE][PASSED] - Object: 'Object Repository/Generic/webObjectWithText' is clicked on&#xD;
&#xD;
2020-06-23 16:24:31 - [MESSAGE][PASSED] - Keys '\b\d{8}\b' sent to object: 'Object Repository/Input/defValueOfEntity'&#xD;
&#xD;
2020-06-23 16:24:33 - [MESSAGE][PASSED] - Object: 'Object Repository/Button/entityPageSaveButton' is clicked on&#xD;
&#xD;
2020-06-23 16:24:33 - [MESSAGE][PASSED] - platform.Training.createEntity is PASSED&#xD;
&#xD;
2020-06-23 16:24:33 - [TEST_STEP][PASSED] - if (testData.getValue("entity_name", count) != ""): platform.Training.createEntity is PASSED&#xD;
&#xD;
2020-06-23 16:24:33 - [TEST_STEP][PASSED] - platform.Method.toClickOnWebElement(findTestObject("Button/createEntity")): platform.Method.toClickOnWebElement is PASSED&#xD;
&#xD;
2020-06-23 16:24:36 - [MESSAGE][PASSED] - Object: 'Object Repository/Button/createEntity' is clicked on&#xD;
&#xD;
2020-06-23 16:24:36 - [MESSAGE][PASSED] - platform.Method.toClickOnWebElement is PASSED&#xD;
&#xD;
2020-06-23 16:24:36 - [TEST_STEP][PASSED] - platform.Training.createEntity(testData.getValue("entity_name", count), testData.getValue("entity_type", count), testData.getValue("entity_value", count)): platform.Training.createEntity is PASSED&#xD;
&#xD;
2020-06-23 16:24:39 - [MESSAGE][PASSED] - Keys 'zipcode' sent to object: 'Object Repository/Input/entityName'&#xD;
&#xD;
2020-06-23 16:24:42 - [MESSAGE][PASSED] - Object: 'Object Repository/Generic/listOfEntity' is clicked on&#xD;
&#xD;
2020-06-23 16:24:42 - [MESSAGE][INFO] - Entity Type: Custom&#xD;
&#xD;
2020-06-23 16:24:44 - [MESSAGE][PASSED] - Object: 'Object Repository/Generic/webObjectWithText' is clicked on&#xD;
&#xD;
2020-06-23 16:24:47 - [MESSAGE][PASSED] - Keys '\b\^[0-9]{6}\b' sent to object: 'Object Repository/Input/defValueOfEntity'&#xD;
&#xD;
2020-06-23 16:24:54 - [MESSAGE][PASSED] - Object: 'Object Repository/Button/entityPageSaveButton' is clicked on&#xD;
&#xD;
2020-06-23 16:24:54 - [MESSAGE][PASSED] - platform.Training.createEntity is PASSED&#xD;
&#xD;
2020-06-23 16:24:54 - [TEST_STEP][PASSED] - if (testData.getValue("entity_name", count) != ""): null&#xD;
&#xD;
2020-06-23 16:24:54 - [TEST_STEP][PASSED] - else: null&#xD;
&#xD;
2020-06-23 16:24:54 - [TEST_STEP][PASSED] - logInfo("No more entity present!!"): No more entity present!!&#xD;
&#xD;
2020-06-23 16:24:54 - [MESSAGE][INFO] - No more entity present!!&#xD;
&#xD;
2020-06-23 16:24:54 - [TEST_STEP][PASSED] - break: null&#xD;
&#xD;
2020-06-23 16:24:54 - [TEST_STEP][PASSED] - waitForElementPresent(findTestObject("Generic/webObjectWithText", ["textValue":"city name"]), 15, STOP_ON_FAILURE): Object 'Object Repository/Generic/webObjectWithText' is present&#xD;
&#xD;
2020-06-23 16:24:56 - [MESSAGE][PASSED] - Object 'Object Repository/Generic/webObjectWithText' is present&#xD;
&#xD;
2020-06-23 16:24:56 - [TEST_STEP][PASSED] - platform.Training.editEntity("city name"): platform.Training.editEntity is PASSED&#xD;
&#xD;
2020-06-23 16:25:05 - [MESSAGE][PASSED] - platform.Training.editEntity is PASSED&#xD;
&#xD;
2020-06-23 16:25:05 - [TEST_STEP][PASSED] - testObject = modifyObjectProperty(findTestObject("Input/entityName"), "formcontrolname", "equals", "name", true, STOP_ON_FAILURE): Modify property of object successfully&#xD;
&#xD;
2020-06-23 16:25:05 - [MESSAGE][PASSED] - Modify property of object successfully&#xD;
&#xD;
2020-06-23 16:25:05 - [TEST_STEP][PASSED] - setText(testObject, testData.getValue("entity_name", 1)): Text 'store_name' is set on object 'Object Repository/Input/entityName'&#xD;
&#xD;
2020-06-23 16:25:09 - [MESSAGE][PASSED] - Text 'store_name' is set on object 'Object Repository/Input/entityName'&#xD;
&#xD;
2020-06-23 16:25:09 - [TEST_STEP][PASSED] - platform.Method.clickOnElement(findTestObject("Button/importIcon")): platform.Method.clickOnElement is PASSED&#xD;
&#xD;
2020-06-23 16:25:11 - [MESSAGE][PASSED] - platform.Method.clickOnElement is PASSED&#xD;
&#xD;
2020-06-23 16:25:11 - [TEST_STEP][PASSED] - platform.Method.uploadCsvFile(true, testData.getValue("custom_entity_file", 1)): platform.Method.uploadCsvFile is PASSED&#xD;
&#xD;
2020-06-23 16:25:16 - [MESSAGE][PASSED] - File 'D:/IMIbot.ai-Project/Collection/cityName.csv' sent to object: 'Object Repository/Input/uploadFile'&#xD;
&#xD;
2020-06-23 16:25:18 - [MESSAGE][PASSED] - platform.Method.uploadCsvFile is PASSED&#xD;
&#xD;
2020-06-23 16:25:18 - [TEST_STEP][PASSED] - platform.Method.clickOnElement(findTestObject("Button/save", ["value":" Save "])): platform.Method.clickOnElement is PASSED&#xD;
&#xD;
2020-06-23 16:25:20 - [MESSAGE][PASSED] - platform.Method.clickOnElement is PASSED&#xD;
&#xD;
2020-06-23 16:25:20 - [TEST_STEP][PASSED] - waitForElementPresent(findTestObject("ICONS/toastMsg"), 15, STOP_ON_FAILURE): Object 'Object Repository/ICONS/toastMsg' is present&#xD;
&#xD;
2020-06-23 16:25:21 - [MESSAGE][PASSED] - Object 'Object Repository/ICONS/toastMsg' is present&#xD;
&#xD;
2020-06-23 16:25:21 - [TEST_STEP][PASSED] - assert getText().contentEquals("store_name") == true: null&#xD;
&#xD;
2020-06-23 16:25:24 - [TEST_STEP][PASSED] - platform.Method.trainAndComment(testData.getValue("comment", 2)): platform.Method.trainAndComment is PASSED&#xD;
&#xD;
2020-06-23 16:25:31 - [MESSAGE][PASSED] - Keys 'response added &amp; updated' sent to object: 'Object Repository/Input/comment'&#xD;
&#xD;
2020-06-23 16:25:33 - [MESSAGE][PASSED] - platform.Method.trainAndComment is PASSED&#xD;
&#xD;
2020-06-23 16:25:33 - [TEST_STEP][PASSED] - waitForElementPresent(findTestObject("ICONS/toastMsg"), 15, OPTIONAL): Object 'Object Repository/ICONS/toastMsg' is present&#xD;
&#xD;
2020-06-23 16:25:35 - [MESSAGE][PASSED] - Object 'Object Repository/ICONS/toastMsg' is present</system-out>
            <system-err></system-err>
        </testcase>
        <testcase name="Test Cases/Taskbot/createIntentAndEditEntity_Test" classname="Test Cases/Taskbot/createIntentAndEditEntity_Test" status="PASSED">
            <system-out>2020-06-23 16:25:35 - [TEST_CASE][PASSED] - Test Cases/Taskbot/createIntentAndEditEntity_Test: Test Cases/Taskbot/createIntentAndEditEntity_Test&#xD;
&#xD;
2020-06-23 16:25:35 - [TEST_STEP][PASSED] - Start listener action : setUp: Current window maximized&#xD;
&#xD;
2020-06-23 16:25:35 - [TEST_STEP][PASSED] - openBrowser(URL): Browser is opened with url: 'preprod.imibot.ai'&#xD;
&#xD;
2020-06-23 16:25:35 - [MESSAGE][WARNING] - A browser is already opened. Closing browser and opening a new one&#xD;
&#xD;
2020-06-23 16:25:37 - [MESSAGE][INFO] - Starting 'Chrome' driver&#xD;
&#xD;
2020-06-23 16:25:37 - [MESSAGE][INFO] - User set preference: ['args', '[--start-maximized]']&#xD;
&#xD;
2020-06-23 16:25:48 - [MESSAGE][PASSED] - Browser is opened with url: 'preprod.imibot.ai'&#xD;
&#xD;
2020-06-23 16:25:48 - [TEST_STEP][PASSED] - maximizeWindow(): Current window maximized&#xD;
&#xD;
2020-06-23 16:25:50 - [MESSAGE][PASSED] - Current window maximized&#xD;
&#xD;
2020-06-23 16:25:51 - [TEST_STEP][PASSED] - callTestCase(findTestCase("Generic/successfulLogin_Test"), [:], STOP_ON_FAILURE): Call Test Case 'Test Cases/Generic/successfulLogin_Test' successfully&#xD;
&#xD;
2020-06-23 16:25:51 - [TEST_CASE][PASSED] - Test Cases/Generic/successfulLogin_Test: Test Cases/Generic/successfulLogin_Test&#xD;
&#xD;
2020-06-23 16:25:51 - [TEST_STEP][PASSED] - sendKeys(findTestObject("Input/username"), USERNAME): Keys 'narendra.n@imimobile.com' sent to object: 'Object Repository/Input/username'&#xD;
&#xD;
2020-06-23 16:25:54 - [MESSAGE][PASSED] - Keys 'narendra.n@imimobile.com' sent to object: 'Object Repository/Input/username'&#xD;
&#xD;
2020-06-23 16:25:54 - [TEST_STEP][PASSED] - sendKeys(findTestObject("Input/password"), PASSWORD): Keys 'Test@2020' sent to object: 'Object Repository/Input/password'&#xD;
&#xD;
2020-06-23 16:25:57 - [MESSAGE][PASSED] - Keys 'Test@2020' sent to object: 'Object Repository/Input/password'&#xD;
&#xD;
2020-06-23 16:25:57 - [TEST_STEP][PASSED] - click(findTestObject("Button/signIn")): Object: 'Object Repository/Button/signIn' is clicked on&#xD;
&#xD;
2020-06-23 16:25:59 - [MESSAGE][PASSED] - Object: 'Object Repository/Button/signIn' is clicked on&#xD;
&#xD;
2020-06-23 16:25:59 - [TEST_STEP][PASSED] - if (!(waitForElementPresent(findTestObject("Button/createBot"), 30, OPTIONAL))): Object 'Object Repository/Button/createBot' is present&#xD;
&#xD;
2020-06-23 16:26:16 - [MESSAGE][PASSED] - Object 'Object Repository/Button/createBot' is present&#xD;
&#xD;
2020-06-23 16:26:16 - [MESSAGE][PASSED] - Call Test Case 'Test Cases/Generic/successfulLogin_Test' successfully&#xD;
&#xD;
2020-06-23 16:26:16 - [TEST_STEP][PASSED] - platform.Method.navigateToBot("Task bots", TASK_BOT): platform.Method.navigateToBot is PASSED&#xD;
&#xD;
2020-06-23 16:26:17 - [MESSAGE][PASSED] - Object 'Object Repository/Button/createBot' is present&#xD;
&#xD;
2020-06-23 16:26:20 - [MESSAGE][INFO] - Performing click action on bot&#xD;
&#xD;
2020-06-23 16:26:22 - [MESSAGE][PASSED] - platform.Method.navigateToBot is PASSED&#xD;
&#xD;
2020-06-23 16:26:22 - [TEST_STEP][PASSED] - platform.Method.clickOnElement(findTestObject("Generic/training")): platform.Method.clickOnElement is PASSED&#xD;
&#xD;
2020-06-23 16:26:27 - [MESSAGE][PASSED] - platform.Method.clickOnElement is PASSED&#xD;
&#xD;
2020-06-23 16:26:27 - [TEST_STEP][PASSED] - testData = findTestData("Data Files/testData_Task"): null&#xD;
&#xD;
2020-06-23 16:26:28 - [TEST_STEP][PASSED] - platform.Training.addMultipleUtterance(testData, "track_order_utterance"): platform.Training.addMultipleUtterance is PASSED&#xD;
&#xD;
2020-06-23 16:26:30 - [MESSAGE][PASSED] - Object: 'Object Repository/Button/createIntent' is clicked on&#xD;
&#xD;
2020-06-23 16:26:33 - [MESSAGE][PASSED] - Keys 'When will I receive my order?' sent to object: 'Object Repository/Input/utterance'&#xD;
&#xD;
2020-06-23 16:26:36 - [MESSAGE][PASSED] - Object: 'Object Repository/Button/addUtterance' is clicked on&#xD;
&#xD;
2020-06-23 16:26:41 - [MESSAGE][PASSED] - Delayed 5 second(s)&#xD;
&#xD;
2020-06-23 16:26:44 - [MESSAGE][PASSED] - Keys 'Track status of order number 00001234' sent to object: 'Object Repository/Input/utterance'&#xD;
&#xD;
2020-06-23 16:26:46 - [MESSAGE][PASSED] - Object: 'Object Repository/Button/addUtterance' is clicked on&#xD;
&#xD;
2020-06-23 16:26:51 - [MESSAGE][PASSED] - Delayed 5 second(s)&#xD;
&#xD;
2020-06-23 16:26:54 - [MESSAGE][PASSED] - Keys 'Status of my order' sent to object: 'Object Repository/Input/utterance'&#xD;
&#xD;
2020-06-23 16:26:56 - [MESSAGE][PASSED] - Object: 'Object Repository/Button/addUtterance' is clicked on&#xD;
&#xD;
2020-06-23 16:27:01 - [MESSAGE][PASSED] - Delayed 5 second(s)&#xD;
&#xD;
2020-06-23 16:27:01 - [MESSAGE][PASSED] - platform.Training.addMultipleUtterance is PASSED&#xD;
&#xD;
2020-06-23 16:27:01 - [TEST_STEP][PASSED] - sendKeys(findTestObject("Input/intentName"), testData.getValue("intent_name", 3)): Keys 'track_order' sent to object: 'Object Repository/Input/intentName'&#xD;
&#xD;
2020-06-23 16:27:04 - [MESSAGE][PASSED] - Keys 'track_order' sent to object: 'Object Repository/Input/intentName'&#xD;
&#xD;
2020-06-23 16:27:04 - [TEST_STEP][PASSED] - verifyElementText(findTestObject("Slots/entityValue", ["rowValue":1]), "order_id", STOP_ON_FAILURE): Actual text and expected text of test object 'Object Repository/Slots/entityValue' are matched.&#xD;
&#xD;
2020-06-23 16:27:06 - [MESSAGE][PASSED] - Actual text and expected text of test object 'Object Repository/Slots/entityValue' are matched.&#xD;
&#xD;
2020-06-23 16:27:06 - [TEST_STEP][PASSED] - sendKeys(findTestObject("Input/finalTempKey"), "order_status_template"): Keys 'order_status_template' sent to object: 'Object Repository/Input/finalTempKey'&#xD;
&#xD;
2020-06-23 16:27:09 - [MESSAGE][PASSED] - Keys 'order_status_template' sent to object: 'Object Repository/Input/finalTempKey'&#xD;
&#xD;
2020-06-23 16:27:09 - [TEST_STEP][PASSED] - platform.Method.clickOnElement(findTestObject("Button/save", ["value":" Save "])): platform.Method.clickOnElement is PASSED&#xD;
&#xD;
2020-06-23 16:27:12 - [MESSAGE][PASSED] - platform.Method.clickOnElement is PASSED&#xD;
&#xD;
2020-06-23 16:27:12 - [TEST_STEP][PASSED] - verifyElementText(findTestObject("Generic/header"), "track_order", STOP_ON_FAILURE): Actual text and expected text of test object 'Object Repository/Generic/header' are matched.&#xD;
&#xD;
2020-06-23 16:27:14 - [MESSAGE][PASSED] - Actual text and expected text of test object 'Object Repository/Generic/header' are matched.&#xD;
&#xD;
2020-06-23 16:27:14 - [TEST_STEP][PASSED] - platform.Method.clickOnElement(findTestObject("NewRepo/intentGoBack")): platform.Method.clickOnElement is PASSED&#xD;
&#xD;
2020-06-23 16:27:17 - [MESSAGE][PASSED] - platform.Method.clickOnElement is PASSED&#xD;
&#xD;
2020-06-23 16:27:17 - [TEST_STEP][PASSED] - platform.Method.clickOnElement(findTestObject("Generic/webObjectWithText", ["textValue":"Entities"])): platform.Method.clickOnElement is PASSED&#xD;
&#xD;
2020-06-23 16:27:19 - [MESSAGE][PASSED] - platform.Method.clickOnElement is PASSED&#xD;
&#xD;
2020-06-23 16:27:19 - [TEST_STEP][PASSED] - platform.Training.editEntity("product_names"): platform.Training.editEntity is PASSED&#xD;
&#xD;
2020-06-23 16:27:27 - [MESSAGE][PASSED] - platform.Training.editEntity is PASSED&#xD;
&#xD;
2020-06-23 16:27:27 - [TEST_STEP][PASSED] - sendKeys(findTestObject("Input/synonyms", ["index":1]), Keys.chord("wooden chair", ENTER)): Keys 'ENTER + wooden chair' sent to object: 'Object Repository/Input/synonyms'&#xD;
&#xD;
2020-06-23 16:27:30 - [MESSAGE][PASSED] - Keys 'ENTER + wooden chair' sent to object: 'Object Repository/Input/synonyms'&#xD;
&#xD;
2020-06-23 16:27:30 - [TEST_STEP][PASSED] - sendKeys(findTestObject("Input/synonyms", ["index":1]), Keys.chord("plastic chair", ENTER)): Keys 'ENTER + plastic chair' sent to object: 'Object Repository/Input/synonyms'&#xD;
&#xD;
2020-06-23 16:27:33 - [MESSAGE][PASSED] - Keys 'ENTER + plastic chair' sent to object: 'Object Repository/Input/synonyms'&#xD;
&#xD;
2020-06-23 16:27:33 - [TEST_STEP][PASSED] - platform.Method.clickOnElement(findTestObject("Button/importIcon")): platform.Method.clickOnElement is PASSED&#xD;
&#xD;
2020-06-23 16:27:35 - [MESSAGE][PASSED] - platform.Method.clickOnElement is PASSED&#xD;
&#xD;
2020-06-23 16:27:35 - [TEST_STEP][PASSED] - platform.Method.uploadCsvFile(false, testData.getValue("custom_entity_file", 2)): platform.Method.uploadCsvFile is PASSED&#xD;
&#xD;
2020-06-23 16:27:35 - [MESSAGE][INFO] - PREVIOUS DATA NOT BE OVERRIDDEN&#xD;
&#xD;
2020-06-23 16:27:38 - [MESSAGE][PASSED] - File 'D:/IMIbot.ai-Project/Collection/product.csv' sent to object: 'Object Repository/Input/uploadFile'&#xD;
&#xD;
2020-06-23 16:27:40 - [MESSAGE][PASSED] - platform.Method.uploadCsvFile is PASSED&#xD;
&#xD;
2020-06-23 16:27:40 - [TEST_STEP][PASSED] - platform.Method.clickOnElement(findTestObject("Button/btnDeleteChipOrRow", ["chipValue":" plastic chair ", "option":"cancel"])): platform.Method.clickOnElement is PASSED&#xD;
&#xD;
2020-06-23 16:27:42 - [MESSAGE][PASSED] - platform.Method.clickOnElement is PASSED&#xD;
&#xD;
2020-06-23 16:27:42 - [TEST_STEP][PASSED] - platform.Method.clickOnElement(findTestObject("Button/btnDeleteChipOrRow", ["chipValue":" wooden chair ", "option":"close "])): platform.Method.clickOnElement is PASSED&#xD;
&#xD;
2020-06-23 16:27:45 - [MESSAGE][PASSED] - platform.Method.clickOnElement is PASSED&#xD;
&#xD;
2020-06-23 16:27:45 - [TEST_STEP][PASSED] - platform.Method.clickOnElement(findTestObject("Button/save", ["value":" Save "])): platform.Method.clickOnElement is PASSED&#xD;
&#xD;
2020-06-23 16:27:47 - [MESSAGE][PASSED] - platform.Method.clickOnElement is PASSED</system-out>
            <system-err></system-err>
        </testcase>
        <testcase name="Test Cases/Taskbot/intentWithResponseCreation_Test" classname="Test Cases/Taskbot/intentWithResponseCreation_Test" status="PASSED">
            <system-out>2020-06-23 16:27:47 - [TEST_CASE][PASSED] - Test Cases/Taskbot/intentWithResponseCreation_Test: Test Cases/Taskbot/intentWithResponseCreation_Test&#xD;
&#xD;
2020-06-23 16:27:47 - [TEST_STEP][PASSED] - Start listener action : setUp: Current window maximized&#xD;
&#xD;
2020-06-23 16:27:47 - [TEST_STEP][PASSED] - openBrowser(URL): Browser is opened with url: 'preprod.imibot.ai'&#xD;
&#xD;
2020-06-23 16:27:47 - [MESSAGE][WARNING] - A browser is already opened. Closing browser and opening a new one&#xD;
&#xD;
2020-06-23 16:27:49 - [MESSAGE][INFO] - Starting 'Chrome' driver&#xD;
&#xD;
2020-06-23 16:27:49 - [MESSAGE][INFO] - User set preference: ['args', '[--start-maximized]']&#xD;
&#xD;
2020-06-23 16:28:03 - [MESSAGE][PASSED] - Browser is opened with url: 'preprod.imibot.ai'&#xD;
&#xD;
2020-06-23 16:28:03 - [TEST_STEP][PASSED] - maximizeWindow(): Current window maximized&#xD;
&#xD;
2020-06-23 16:28:05 - [MESSAGE][PASSED] - Current window maximized&#xD;
&#xD;
2020-06-23 16:28:06 - [TEST_STEP][PASSED] - callTestCase(findTestCase("Generic/successfulLogin_Test"), [:], STOP_ON_FAILURE): Call Test Case 'Test Cases/Generic/successfulLogin_Test' successfully&#xD;
&#xD;
2020-06-23 16:28:06 - [TEST_CASE][PASSED] - Test Cases/Generic/successfulLogin_Test: Test Cases/Generic/successfulLogin_Test&#xD;
&#xD;
2020-06-23 16:28:06 - [TEST_STEP][PASSED] - sendKeys(findTestObject("Input/username"), USERNAME): Keys 'narendra.n@imimobile.com' sent to object: 'Object Repository/Input/username'&#xD;
&#xD;
2020-06-23 16:28:08 - [MESSAGE][PASSED] - Keys 'narendra.n@imimobile.com' sent to object: 'Object Repository/Input/username'&#xD;
&#xD;
2020-06-23 16:28:08 - [TEST_STEP][PASSED] - sendKeys(findTestObject("Input/password"), PASSWORD): Keys 'Test@2020' sent to object: 'Object Repository/Input/password'&#xD;
&#xD;
2020-06-23 16:28:11 - [MESSAGE][PASSED] - Keys 'Test@2020' sent to object: 'Object Repository/Input/password'&#xD;
&#xD;
2020-06-23 16:28:11 - [TEST_STEP][PASSED] - click(findTestObject("Button/signIn")): Object: 'Object Repository/Button/signIn' is clicked on&#xD;
&#xD;
2020-06-23 16:28:14 - [MESSAGE][PASSED] - Object: 'Object Repository/Button/signIn' is clicked on&#xD;
&#xD;
2020-06-23 16:28:14 - [TEST_STEP][PASSED] - if (!(waitForElementPresent(findTestObject("Button/createBot"), 30, OPTIONAL))): Object 'Object Repository/Button/createBot' is present&#xD;
&#xD;
2020-06-23 16:28:29 - [MESSAGE][PASSED] - Object 'Object Repository/Button/createBot' is present&#xD;
&#xD;
2020-06-23 16:28:29 - [MESSAGE][PASSED] - Call Test Case 'Test Cases/Generic/successfulLogin_Test' successfully&#xD;
&#xD;
2020-06-23 16:28:29 - [TEST_STEP][PASSED] - platform.Method.navigateToBot("Task bots", TASK_BOT): platform.Method.navigateToBot is PASSED&#xD;
&#xD;
2020-06-23 16:28:30 - [MESSAGE][PASSED] - Object 'Object Repository/Button/createBot' is present&#xD;
&#xD;
2020-06-23 16:28:33 - [MESSAGE][INFO] - Performing click action on bot&#xD;
&#xD;
2020-06-23 16:28:36 - [MESSAGE][PASSED] - platform.Method.navigateToBot is PASSED&#xD;
&#xD;
2020-06-23 16:28:36 - [TEST_STEP][PASSED] - platform.Method.clickOnElement(findTestObject("Generic/training")): platform.Method.clickOnElement is PASSED&#xD;
&#xD;
2020-06-23 16:28:40 - [MESSAGE][PASSED] - platform.Method.clickOnElement is PASSED&#xD;
&#xD;
2020-06-23 16:28:40 - [TEST_STEP][PASSED] - platform.Training.addMultipleUtterance(findTestData("Data Files/testData_Task"), "first_intent_utterance"): platform.Training.addMultipleUtterance is PASSED&#xD;
&#xD;
2020-06-23 16:28:43 - [MESSAGE][PASSED] - Object: 'Object Repository/Button/createIntent' is clicked on&#xD;
&#xD;
2020-06-23 16:28:46 - [MESSAGE][PASSED] - Keys 'Do you deliver?' sent to object: 'Object Repository/Input/utterance'&#xD;
&#xD;
2020-06-23 16:28:48 - [MESSAGE][PASSED] - Object: 'Object Repository/Button/addUtterance' is clicked on&#xD;
&#xD;
2020-06-23 16:28:53 - [MESSAGE][PASSED] - Delayed 5 second(s)&#xD;
&#xD;
2020-06-23 16:28:56 - [MESSAGE][PASSED] - Keys 'Do you deliver in hyderabad?' sent to object: 'Object Repository/Input/utterance'&#xD;
&#xD;
2020-06-23 16:28:58 - [MESSAGE][PASSED] - Object: 'Object Repository/Button/addUtterance' is clicked on&#xD;
&#xD;
2020-06-23 16:29:03 - [MESSAGE][PASSED] - Delayed 5 second(s)&#xD;
&#xD;
2020-06-23 16:29:07 - [MESSAGE][PASSED] - Keys 'Is your service available in mumbai?' sent to object: 'Object Repository/Input/utterance'&#xD;
&#xD;
2020-06-23 16:29:09 - [MESSAGE][PASSED] - Object: 'Object Repository/Button/addUtterance' is clicked on&#xD;
&#xD;
2020-06-23 16:29:14 - [MESSAGE][PASSED] - Delayed 5 second(s)&#xD;
&#xD;
2020-06-23 16:29:14 - [MESSAGE][PASSED] - platform.Training.addMultipleUtterance is PASSED&#xD;
&#xD;
2020-06-23 16:29:14 - [TEST_STEP][PASSED] - sendKeys(findTestObject("Input/intentName"), findTestData("Data Files/testData_Task").getValue("intent_name", 1)): Keys 'delivery_info' sent to object: 'Object Repository/Input/intentName'&#xD;
&#xD;
2020-06-23 16:29:17 - [MESSAGE][PASSED] - Keys 'delivery_info' sent to object: 'Object Repository/Input/intentName'&#xD;
&#xD;
2020-06-23 16:29:17 - [TEST_STEP][PASSED] - check(findTestObject("Slots/checkbox", ["rowValue":1])): Object 'Object Repository/Slots/checkbox' is checked&#xD;
&#xD;
2020-06-23 16:29:21 - [MESSAGE][PASSED] - Object 'Object Repository/Slots/checkbox' is checked&#xD;
&#xD;
2020-06-23 16:29:21 - [TEST_STEP][PASSED] - setText(findTestObject("Slots/retries", ["rowValue":1]), "2"): Text '2' is set on object 'Object Repository/Slots/retries'&#xD;
&#xD;
2020-06-23 16:29:25 - [MESSAGE][PASSED] - Text '2' is set on object 'Object Repository/Slots/retries'&#xD;
&#xD;
2020-06-23 16:29:25 - [TEST_STEP][PASSED] - setText(findTestObject("Slots/templateKey", ["rowValue":1]), findTestData("Data Files/testData_Task").getValue("missing_entity", 1)): Text 'city_not_found' is set on object 'Object Repository/Slots/templateKey'&#xD;
&#xD;
2020-06-23 16:29:30 - [MESSAGE][PASSED] - Text 'city_not_found' is set on object 'Object Repository/Slots/templateKey'&#xD;
&#xD;
2020-06-23 16:29:30 - [TEST_STEP][PASSED] - platform.Training.createInstantResponse(findTestData("Data Files/testData_Task").getValue("missing_entity", 1), findTestData("Data Files/testData_Task").getValue("missing_entity_default_text", 1)): platform.Training.createInstantResponse is PASSED&#xD;
&#xD;
2020-06-23 16:29:35 - [MESSAGE][PASSED] - Keys 'city_not_found' sent to object: 'Object Repository/NewRepo2/templateKeyPopUp'&#xD;
&#xD;
2020-06-23 16:29:40 - [MESSAGE][PASSED] - Keys 'Oops! There is no delivery centre at your city. Please try again with a different city name.' sent to object: 'Object Repository/NewRepo2/templateResponsePopUp'&#xD;
&#xD;
2020-06-23 16:29:43 - [MESSAGE][PASSED] - platform.Training.createInstantResponse is PASSED&#xD;
&#xD;
2020-06-23 16:29:43 - [TEST_STEP][PASSED] - platform.Method.clickOnElement(findTestObject("Generic/webObjectWithText", ["textValue":"city_not_found"])): platform.Method.clickOnElement is PASSED&#xD;
&#xD;
2020-06-23 16:29:45 - [MESSAGE][PASSED] - platform.Method.clickOnElement is PASSED&#xD;
&#xD;
2020-06-23 16:29:45 - [TEST_STEP][PASSED] - sendKeys(findTestObject("Input/finalTempKey"), findTestData("Data Files/testData_Task").getValue("final_template", 1)): Keys 'delivery_template' sent to object: 'Object Repository/Input/finalTempKey'&#xD;
&#xD;
2020-06-23 16:29:48 - [MESSAGE][PASSED] - Keys 'delivery_template' sent to object: 'Object Repository/Input/finalTempKey'&#xD;
&#xD;
2020-06-23 16:29:48 - [TEST_STEP][PASSED] - platform.Method.clickOnElement(findTestObject("Button/save", ["value":" Save "])): platform.Method.clickOnElement is PASSED&#xD;
&#xD;
2020-06-23 16:29:50 - [MESSAGE][PASSED] - platform.Method.clickOnElement is PASSED&#xD;
&#xD;
2020-06-23 16:29:50 - [TEST_STEP][PASSED] - verifyElementText(findTestObject("Generic/header"), "delivery_info", STOP_ON_FAILURE): Actual text and expected text of test object 'Object Repository/Generic/header' are matched.&#xD;
&#xD;
2020-06-23 16:29:53 - [MESSAGE][PASSED] - Actual text and expected text of test object 'Object Repository/Generic/header' are matched.&#xD;
&#xD;
2020-06-23 16:29:53 - [TEST_STEP][PASSED] - platform.Method.clickOnElement(findTestObject("NewRepo/intentGoBack")): platform.Method.clickOnElement is PASSED&#xD;
&#xD;
2020-06-23 16:29:55 - [MESSAGE][PASSED] - platform.Method.clickOnElement is PASSED&#xD;
&#xD;
2020-06-23 16:29:55 - [TEST_STEP][PASSED] - platform.Method.trainAndComment(findTestData("Data Files/testData_Task").getValue("comment", 1)): platform.Method.trainAndComment is PASSED&#xD;
&#xD;
2020-06-23 16:30:04 - [MESSAGE][PASSED] - Keys 'delivery info intent added' sent to object: 'Object Repository/Input/comment'&#xD;
&#xD;
2020-06-23 16:30:06 - [MESSAGE][PASSED] - platform.Method.trainAndComment is PASSED&#xD;
&#xD;
2020-06-23 16:30:06 - [TEST_STEP][PASSED] - waitForElementPresent(findTestObject("ICONS/toastMsg"), 30, STOP_ON_FAILURE): Object 'Object Repository/ICONS/toastMsg' is present&#xD;
&#xD;
2020-06-23 16:30:07 - [MESSAGE][PASSED] - Object 'Object Repository/ICONS/toastMsg' is present&#xD;
&#xD;
2020-06-23 16:30:07 - [TEST_STEP][PASSED] - platform.Method.clickOnElement(findTestObject("Button/preview")): platform.Method.clickOnElement is PASSED&#xD;
&#xD;
2020-06-23 16:30:10 - [MESSAGE][PASSED] - platform.Method.clickOnElement is PASSED&#xD;
&#xD;
2020-06-23 16:30:10 - [TEST_STEP][PASSED] - count = &lt;not implemented yet for class: org.codehaus.groovy.ast.expr.EmptyExpression&gt;: null&#xD;
&#xD;
2020-06-23 16:30:10 - [TEST_STEP][PASSED] - for ([count = 1, count &lt;= 3, (count++)]): null&#xD;
&#xD;
2020-06-23 16:30:10 - [TEST_STEP][PASSED] - sendKeys(findTestObject("Input/chatInput"), Keys.chord(userQuery, ENTER)): Keys 'ENTER + Delivery service in chennai' sent to object: 'Object Repository/Input/chatInput'&#xD;
&#xD;
2020-06-23 16:30:13 - [MESSAGE][PASSED] - Keys 'ENTER + Delivery service in chennai' sent to object: 'Object Repository/Input/chatInput'&#xD;
&#xD;
2020-06-23 16:30:13 - [TEST_STEP][PASSED] - delay(1): Delayed 1 second(s)&#xD;
&#xD;
2020-06-23 16:30:14 - [MESSAGE][PASSED] - Delayed 1 second(s)&#xD;
&#xD;
2020-06-23 16:30:14 - [TEST_STEP][PASSED] - if (count == 3): null&#xD;
&#xD;
2020-06-23 16:30:14 - [TEST_STEP][PASSED] - verifyElementText(findTestObject("GenericII/getBotResponse", ["index":count + 1]), findTestData("Data Files/testData_Task").getValue("missing_entity_default_text", 1), STOP_ON_FAILURE): Actual text and expected text of test object 'Object Repository/GenericII/getBotResponse' are matched.&#xD;
&#xD;
2020-06-23 16:30:17 - [MESSAGE][PASSED] - Actual text and expected text of test object 'Object Repository/GenericII/getBotResponse' are matched.&#xD;
&#xD;
2020-06-23 16:30:17 - [TEST_STEP][PASSED] - sendKeys(findTestObject("Input/chatInput"), Keys.chord(userQuery, ENTER)): Keys 'ENTER + Delivery service in chennai' sent to object: 'Object Repository/Input/chatInput'&#xD;
&#xD;
2020-06-23 16:30:20 - [MESSAGE][PASSED] - Keys 'ENTER + Delivery service in chennai' sent to object: 'Object Repository/Input/chatInput'&#xD;
&#xD;
2020-06-23 16:30:20 - [TEST_STEP][PASSED] - delay(1): Delayed 1 second(s)&#xD;
&#xD;
2020-06-23 16:30:21 - [MESSAGE][PASSED] - Delayed 1 second(s)&#xD;
&#xD;
2020-06-23 16:30:21 - [TEST_STEP][PASSED] - if (count == 3): null&#xD;
&#xD;
2020-06-23 16:30:21 - [TEST_STEP][PASSED] - verifyElementText(findTestObject("GenericII/getBotResponse", ["index":count + 1]), findTestData("Data Files/testData_Task").getValue("missing_entity_default_text", 1), STOP_ON_FAILURE): Actual text and expected text of test object 'Object Repository/GenericII/getBotResponse' are matched.&#xD;
&#xD;
2020-06-23 16:30:23 - [MESSAGE][PASSED] - Actual text and expected text of test object 'Object Repository/GenericII/getBotResponse' are matched.&#xD;
&#xD;
2020-06-23 16:30:23 - [TEST_STEP][PASSED] - sendKeys(findTestObject("Input/chatInput"), Keys.chord(userQuery, ENTER)): Keys 'ENTER + Delivery service in chennai' sent to object: 'Object Repository/Input/chatInput'&#xD;
&#xD;
2020-06-23 16:30:27 - [MESSAGE][PASSED] - Keys 'ENTER + Delivery service in chennai' sent to object: 'Object Repository/Input/chatInput'&#xD;
&#xD;
2020-06-23 16:30:27 - [TEST_STEP][PASSED] - delay(1): Delayed 1 second(s)&#xD;
&#xD;
2020-06-23 16:30:28 - [MESSAGE][PASSED] - Delayed 1 second(s)&#xD;
&#xD;
2020-06-23 16:30:28 - [TEST_STEP][PASSED] - if (count == 3): null&#xD;
&#xD;
2020-06-23 16:30:28 - [TEST_STEP][PASSED] - break: null&#xD;
&#xD;
2020-06-23 16:30:28 - [TEST_STEP][PASSED] - platform.Method.clickOnElement(findTestObject("Button/upvote")): platform.Method.clickOnElement is PASSED&#xD;
&#xD;
2020-06-23 16:30:30 - [MESSAGE][PASSED] - platform.Method.clickOnElement is PASSED</system-out>
            <system-err></system-err>
        </testcase>
        <testcase name="Test Cases/Taskbot/updateResponse_Test" classname="Test Cases/Taskbot/updateResponse_Test" status="PASSED">
            <system-out>2020-06-23 16:30:30 - [TEST_CASE][PASSED] - Test Cases/Taskbot/updateResponse_Test: Test Cases/Taskbot/updateResponse_Test&#xD;
&#xD;
2020-06-23 16:30:30 - [TEST_STEP][PASSED] - Start listener action : setUp: Current window maximized&#xD;
&#xD;
2020-06-23 16:30:30 - [TEST_STEP][PASSED] - openBrowser(URL): Browser is opened with url: 'preprod.imibot.ai'&#xD;
&#xD;
2020-06-23 16:30:30 - [MESSAGE][WARNING] - A browser is already opened. Closing browser and opening a new one&#xD;
&#xD;
2020-06-23 16:30:33 - [MESSAGE][INFO] - Starting 'Chrome' driver&#xD;
&#xD;
2020-06-23 16:30:33 - [MESSAGE][INFO] - User set preference: ['args', '[--start-maximized]']&#xD;
&#xD;
2020-06-23 16:30:43 - [MESSAGE][PASSED] - Browser is opened with url: 'preprod.imibot.ai'&#xD;
&#xD;
2020-06-23 16:30:43 - [TEST_STEP][PASSED] - maximizeWindow(): Current window maximized&#xD;
&#xD;
2020-06-23 16:30:46 - [MESSAGE][PASSED] - Current window maximized&#xD;
&#xD;
2020-06-23 16:30:46 - [TEST_STEP][PASSED] - callTestCase(findTestCase("Generic/successfulLogin_Test"), [:], STOP_ON_FAILURE): Call Test Case 'Test Cases/Generic/successfulLogin_Test' successfully&#xD;
&#xD;
2020-06-23 16:30:46 - [TEST_CASE][PASSED] - Test Cases/Generic/successfulLogin_Test: Test Cases/Generic/successfulLogin_Test&#xD;
&#xD;
2020-06-23 16:30:46 - [TEST_STEP][PASSED] - sendKeys(findTestObject("Input/username"), USERNAME): Keys 'narendra.n@imimobile.com' sent to object: 'Object Repository/Input/username'&#xD;
&#xD;
2020-06-23 16:30:49 - [MESSAGE][PASSED] - Keys 'narendra.n@imimobile.com' sent to object: 'Object Repository/Input/username'&#xD;
&#xD;
2020-06-23 16:30:49 - [TEST_STEP][PASSED] - sendKeys(findTestObject("Input/password"), PASSWORD): Keys 'Test@2020' sent to object: 'Object Repository/Input/password'&#xD;
&#xD;
2020-06-23 16:30:51 - [MESSAGE][PASSED] - Keys 'Test@2020' sent to object: 'Object Repository/Input/password'&#xD;
&#xD;
2020-06-23 16:30:51 - [TEST_STEP][PASSED] - click(findTestObject("Button/signIn")): Object: 'Object Repository/Button/signIn' is clicked on&#xD;
&#xD;
2020-06-23 16:30:54 - [MESSAGE][PASSED] - Object: 'Object Repository/Button/signIn' is clicked on&#xD;
&#xD;
2020-06-23 16:30:54 - [TEST_STEP][PASSED] - if (!(waitForElementPresent(findTestObject("Button/createBot"), 30, OPTIONAL))): Object 'Object Repository/Button/createBot' is present&#xD;
&#xD;
2020-06-23 16:31:10 - [MESSAGE][PASSED] - Object 'Object Repository/Button/createBot' is present&#xD;
&#xD;
2020-06-23 16:31:10 - [MESSAGE][PASSED] - Call Test Case 'Test Cases/Generic/successfulLogin_Test' successfully&#xD;
&#xD;
2020-06-23 16:31:10 - [TEST_STEP][PASSED] - platform.Method.navigateToBot("Task bots", TASK_BOT): platform.Method.navigateToBot is PASSED&#xD;
&#xD;
2020-06-23 16:31:11 - [MESSAGE][PASSED] - Object 'Object Repository/Button/createBot' is present&#xD;
&#xD;
2020-06-23 16:31:14 - [MESSAGE][INFO] - Performing click action on bot&#xD;
&#xD;
2020-06-23 16:31:17 - [MESSAGE][PASSED] - platform.Method.navigateToBot is PASSED&#xD;
&#xD;
2020-06-23 16:31:17 - [TEST_STEP][PASSED] - platform.Method.clickOnElement(findTestObject("Generic/training")): platform.Method.clickOnElement is PASSED&#xD;
&#xD;
2020-06-23 16:31:21 - [MESSAGE][PASSED] - platform.Method.clickOnElement is PASSED&#xD;
&#xD;
2020-06-23 16:31:21 - [TEST_STEP][PASSED] - testData = findTestData("Data Files/testData_Task"): null&#xD;
&#xD;
2020-06-23 16:31:21 - [TEST_STEP][PASSED] - platform.Training.addMultipleUtterance(testData, "stock_check_utterance"): platform.Training.addMultipleUtterance is PASSED&#xD;
&#xD;
2020-06-23 16:31:24 - [MESSAGE][PASSED] - Object: 'Object Repository/Button/createIntent' is clicked on&#xD;
&#xD;
2020-06-23 16:31:27 - [MESSAGE][PASSED] - Keys 'Is chair available in Hyderbad store?' sent to object: 'Object Repository/Input/utterance'&#xD;
&#xD;
2020-06-23 16:31:30 - [MESSAGE][PASSED] - Object: 'Object Repository/Button/addUtterance' is clicked on&#xD;
&#xD;
2020-06-23 16:31:35 - [MESSAGE][PASSED] - Delayed 5 second(s)&#xD;
&#xD;
2020-06-23 16:31:38 - [MESSAGE][PASSED] - Keys 'I want to order a sofa, is it available in Mumbai store?' sent to object: 'Object Repository/Input/utterance'&#xD;
&#xD;
2020-06-23 16:31:41 - [MESSAGE][PASSED] - Object: 'Object Repository/Button/addUtterance' is clicked on&#xD;
&#xD;
2020-06-23 16:31:46 - [MESSAGE][PASSED] - Delayed 5 second(s)&#xD;
&#xD;
2020-06-23 16:31:46 - [MESSAGE][PASSED] - platform.Training.addMultipleUtterance is PASSED&#xD;
&#xD;
2020-06-23 16:31:46 - [TEST_STEP][PASSED] - sendKeys(findTestObject("Input/intentName"), testData.getValue("intent_name", 2)): Keys 'stock_check' sent to object: 'Object Repository/Input/intentName'&#xD;
&#xD;
2020-06-23 16:31:49 - [MESSAGE][PASSED] - Keys 'stock_check' sent to object: 'Object Repository/Input/intentName'&#xD;
&#xD;
2020-06-23 16:31:49 - [TEST_STEP][PASSED] - sendKeys(findTestObject("Input/finalTempKey"), testData.getValue("dynamic_template", 3)): Keys 'stock_check_template' sent to object: 'Object Repository/Input/finalTempKey'&#xD;
&#xD;
2020-06-23 16:31:53 - [MESSAGE][PASSED] - Keys 'stock_check_template' sent to object: 'Object Repository/Input/finalTempKey'&#xD;
&#xD;
2020-06-23 16:31:53 - [TEST_STEP][PASSED] - platform.Training.createInstantResponse(testData.getValue("dynamic_template", 3), "Setting default value. Will be converted to dynamic type"): platform.Training.createInstantResponse is PASSED&#xD;
&#xD;
2020-06-23 16:31:59 - [MESSAGE][PASSED] - Keys 'stock_check_template' sent to object: 'Object Repository/NewRepo2/templateKeyPopUp'&#xD;
&#xD;
2020-06-23 16:32:03 - [MESSAGE][PASSED] - Keys 'Setting default value. Will be converted to dynamic type' sent to object: 'Object Repository/NewRepo2/templateResponsePopUp'&#xD;
&#xD;
2020-06-23 16:32:06 - [MESSAGE][PASSED] - platform.Training.createInstantResponse is PASSED&#xD;
&#xD;
2020-06-23 16:32:06 - [TEST_STEP][PASSED] - platform.Method.clickOnElement(findTestObject("Button/save", ["value":" Save "])): platform.Method.clickOnElement is PASSED&#xD;
&#xD;
2020-06-23 16:32:08 - [MESSAGE][PASSED] - platform.Method.clickOnElement is PASSED&#xD;
&#xD;
2020-06-23 16:32:08 - [TEST_STEP][PASSED] - verifyElementText(findTestObject("Generic/header"), "stock_check", OPTIONAL): Actual text and expected text of test object 'Object Repository/Generic/header' are matched.&#xD;
&#xD;
2020-06-23 16:32:11 - [MESSAGE][PASSED] - Actual text and expected text of test object 'Object Repository/Generic/header' are matched.&#xD;
&#xD;
2020-06-23 16:32:11 - [TEST_STEP][PASSED] - platform.Method.clickOnElement(findTestObject("Generic/response")): platform.Method.clickOnElement is PASSED&#xD;
&#xD;
2020-06-23 16:32:14 - [MESSAGE][PASSED] - platform.Method.clickOnElement is PASSED&#xD;
&#xD;
2020-06-23 16:32:14 - [TEST_STEP][PASSED] - platform.Method.clickOnElement(findTestObject("Generic/webObjectWithText", ["textValue":"stock_check_template "])): platform.Method.clickOnElement is PASSED&#xD;
&#xD;
2020-06-23 16:32:16 - [MESSAGE][PASSED] - platform.Method.clickOnElement is PASSED&#xD;
&#xD;
2020-06-23 16:32:16 - [TEST_STEP][PASSED] - platform.Method.clickOnElement(findTestObject("Generic/webObjectWithText", ["textValue":"Rich"])): platform.Method.clickOnElement is PASSED&#xD;
&#xD;
2020-06-23 16:32:19 - [MESSAGE][PASSED] - platform.Method.clickOnElement is PASSED&#xD;
&#xD;
2020-06-23 16:32:19 - [TEST_STEP][PASSED] - platform.Method.clickOnElement(findTestObject("NewRepo2/dynamic")): platform.Method.clickOnElement is PASSED&#xD;
&#xD;
2020-06-23 16:32:22 - [MESSAGE][PASSED] - platform.Method.clickOnElement is PASSED&#xD;
&#xD;
2020-06-23 16:32:22 - [TEST_STEP][PASSED] - uploadFile(findTestObject("Input/uploadFile"), getProjectDir() + "/Collection/" + testData.getValue("dynamic_template_file", 3)): File 'D:/IMIbot.ai-Project/Collection/stock_check_template.py' sent to object: 'Object Repository/Input/uploadFile'&#xD;
&#xD;
2020-06-23 16:32:24 - [MESSAGE][PASSED] - File 'D:/IMIbot.ai-Project/Collection/stock_check_template.py' sent to object: 'Object Repository/Input/uploadFile'&#xD;
&#xD;
2020-06-23 16:32:24 - [TEST_STEP][PASSED] - platform.Method.clickOnElement(findTestObject("NewRepo/refresh")): platform.Method.clickOnElement is PASSED&#xD;
&#xD;
2020-06-23 16:32:27 - [MESSAGE][PASSED] - platform.Method.clickOnElement is PASSED</system-out>
            <system-err></system-err>
        </testcase>
        <testcase name="Test Cases/Taskbot/downvoteWithComment_Test" classname="Test Cases/Taskbot/downvoteWithComment_Test" status="PASSED">
            <system-out>2020-06-23 16:32:27 - [TEST_CASE][PASSED] - Test Cases/Taskbot/downvoteWithComment_Test: Test Cases/Taskbot/downvoteWithComment_Test&#xD;
&#xD;
2020-06-23 16:32:27 - [TEST_STEP][PASSED] - Start listener action : setUp: Current window maximized&#xD;
&#xD;
2020-06-23 16:32:27 - [TEST_STEP][PASSED] - openBrowser(URL): Browser is opened with url: 'preprod.imibot.ai'&#xD;
&#xD;
2020-06-23 16:32:27 - [MESSAGE][WARNING] - A browser is already opened. Closing browser and opening a new one&#xD;
&#xD;
2020-06-23 16:32:29 - [MESSAGE][INFO] - Starting 'Chrome' driver&#xD;
&#xD;
2020-06-23 16:32:29 - [MESSAGE][INFO] - User set preference: ['args', '[--start-maximized]']&#xD;
&#xD;
2020-06-23 16:32:40 - [MESSAGE][PASSED] - Browser is opened with url: 'preprod.imibot.ai'&#xD;
&#xD;
2020-06-23 16:32:40 - [TEST_STEP][PASSED] - maximizeWindow(): Current window maximized&#xD;
&#xD;
2020-06-23 16:32:42 - [MESSAGE][PASSED] - Current window maximized&#xD;
&#xD;
2020-06-23 16:32:43 - [TEST_STEP][PASSED] - callTestCase(findTestCase("Generic/successfulLogin_Test"), [:], STOP_ON_FAILURE): Call Test Case 'Test Cases/Generic/successfulLogin_Test' successfully&#xD;
&#xD;
2020-06-23 16:32:43 - [TEST_CASE][PASSED] - Test Cases/Generic/successfulLogin_Test: Test Cases/Generic/successfulLogin_Test&#xD;
&#xD;
2020-06-23 16:32:43 - [TEST_STEP][PASSED] - sendKeys(findTestObject("Input/username"), USERNAME): Keys 'narendra.n@imimobile.com' sent to object: 'Object Repository/Input/username'&#xD;
&#xD;
2020-06-23 16:32:46 - [MESSAGE][PASSED] - Keys 'narendra.n@imimobile.com' sent to object: 'Object Repository/Input/username'&#xD;
&#xD;
2020-06-23 16:32:46 - [TEST_STEP][PASSED] - sendKeys(findTestObject("Input/password"), PASSWORD): Keys 'Test@2020' sent to object: 'Object Repository/Input/password'&#xD;
&#xD;
2020-06-23 16:32:49 - [MESSAGE][PASSED] - Keys 'Test@2020' sent to object: 'Object Repository/Input/password'&#xD;
&#xD;
2020-06-23 16:32:49 - [TEST_STEP][PASSED] - click(findTestObject("Button/signIn")): Object: 'Object Repository/Button/signIn' is clicked on&#xD;
&#xD;
2020-06-23 16:32:52 - [MESSAGE][PASSED] - Object: 'Object Repository/Button/signIn' is clicked on&#xD;
&#xD;
2020-06-23 16:32:52 - [TEST_STEP][PASSED] - if (!(waitForElementPresent(findTestObject("Button/createBot"), 30, OPTIONAL))): Object 'Object Repository/Button/createBot' is present&#xD;
&#xD;
2020-06-23 16:33:12 - [MESSAGE][PASSED] - Object 'Object Repository/Button/createBot' is present&#xD;
&#xD;
2020-06-23 16:33:12 - [MESSAGE][PASSED] - Call Test Case 'Test Cases/Generic/successfulLogin_Test' successfully&#xD;
&#xD;
2020-06-23 16:33:12 - [TEST_STEP][PASSED] - platform.Method.navigateToBot("Task bots", TASK_BOT): platform.Method.navigateToBot is PASSED&#xD;
&#xD;
2020-06-23 16:33:13 - [MESSAGE][PASSED] - Object 'Object Repository/Button/createBot' is present&#xD;
&#xD;
2020-06-23 16:33:16 - [MESSAGE][INFO] - Performing click action on bot&#xD;
&#xD;
2020-06-23 16:33:18 - [MESSAGE][PASSED] - platform.Method.navigateToBot is PASSED&#xD;
&#xD;
2020-06-23 16:33:18 - [TEST_STEP][PASSED] - platform.Method.clickOnElement(findTestObject("Generic/training")): platform.Method.clickOnElement is PASSED&#xD;
&#xD;
2020-06-23 16:33:24 - [MESSAGE][PASSED] - platform.Method.clickOnElement is PASSED&#xD;
&#xD;
2020-06-23 16:33:24 - [TEST_STEP][PASSED] - platform.Method.trainAndComment(comment): platform.Method.trainAndComment is PASSED&#xD;
&#xD;
2020-06-23 16:33:33 - [MESSAGE][PASSED] - Keys 'downvote test' sent to object: 'Object Repository/Input/comment'&#xD;
&#xD;
2020-06-23 16:33:35 - [MESSAGE][PASSED] - platform.Method.trainAndComment is PASSED&#xD;
&#xD;
2020-06-23 16:33:35 - [TEST_STEP][PASSED] - try: Object 'Object Repository/ICONS/toastMsg' is present&#xD;
&#xD;
2020-06-23 16:33:35 - [TEST_STEP][PASSED] - verifyElementPresent(findTestObject("ICONS/toastMsg"), 20, STOP_ON_FAILURE): Object 'Object Repository/ICONS/toastMsg' is present&#xD;
&#xD;
2020-06-23 16:33:36 - [MESSAGE][PASSED] - Object 'Object Repository/ICONS/toastMsg' is present&#xD;
&#xD;
2020-06-23 16:33:36 - [TEST_STEP][PASSED] - platform.Method.clickOnElement(findTestObject("Button/preview")): platform.Method.clickOnElement is PASSED&#xD;
&#xD;
2020-06-23 16:33:39 - [MESSAGE][PASSED] - platform.Method.clickOnElement is PASSED&#xD;
&#xD;
2020-06-23 16:33:39 - [TEST_STEP][PASSED] - sendKeys(findTestObject("Input/chatInput"), Keys.chord(userQuery, ENTER)): Keys 'ENTER + I want to report for damaged product at delivery' sent to object: 'Object Repository/Input/chatInput'&#xD;
&#xD;
2020-06-23 16:33:43 - [MESSAGE][PASSED] - Keys 'ENTER + I want to report for damaged product at delivery' sent to object: 'Object Repository/Input/chatInput'&#xD;
&#xD;
2020-06-23 16:33:43 - [TEST_STEP][PASSED] - waitForElementPresent(findTestObject("Generic/botReponse", ["index":2]), 10, STOP_ON_FAILURE): Object 'Object Repository/Generic/botReponse' is present&#xD;
&#xD;
2020-06-23 16:33:44 - [MESSAGE][PASSED] - Object 'Object Repository/Generic/botReponse' is present&#xD;
&#xD;
2020-06-23 16:33:44 - [TEST_STEP][PASSED] - verifyElementText(findTestObject("Generic/botReponse", ["index":2]), botResponse, OPTIONAL): Actual text 'Please enter a product name' and expected text 'Sorry, I am unable to understand your message. Could you please rephrase it?' of test object 'Object Repository/Generic/botReponse' are NOT matched. (Root cause: com.kms.katalon.core.exception.StepFailedException: Actual text 'Please enter a product name' and expected text 'Sorry, I am unable to understand your message. Could you please rephrase it?' of test object 'Object Repository/Generic/botReponse' are NOT matched.&#xD;
	at com.kms.katalon.core.webui.keyword.internal.WebUIKeywordMain.stepFailed(WebUIKeywordMain.groovy:64)&#xD;
	at com.kms.katalon.core.webui.keyword.builtin.VerifyElementTextKeyword$_verifyElementText_closure1.doCall(VerifyElementTextKeyword.groovy:57)&#xD;
	at com.kms.katalon.core.webui.keyword.builtin.VerifyElementTextKeyword$_verifyElementText_closure1.call(VerifyElementTextKeyword.groovy)&#xD;
	at com.kms.katalon.core.webui.keyword.internal.WebUIKeywordMain.runKeyword(WebUIKeywordMain.groovy:20)&#xD;
	at com.kms.katalon.core.webui.keyword.builtin.VerifyElementTextKeyword.verifyElementText(VerifyElementTextKeyword.groovy:72)&#xD;
	at com.kms.katalon.core.webui.keyword.builtin.VerifyElementTextKeyword.execute(VerifyElementTextKeyword.groovy:40)&#xD;
	at com.kms.katalon.core.keyword.internal.KeywordExecutor.executeKeywordForPlatform(KeywordExecutor.groovy:56)&#xD;
	at com.kms.katalon.core.webui.keyword.WebUiBuiltInKeywords.verifyElementText(WebUiBuiltInKeywords.groovy:3647)&#xD;
	at com.kms.katalon.core.webui.keyword.WebUiBuiltInKeywords$verifyElementText$5.call(Unknown Source)&#xD;
	at downvoteWithComment_Test.run(downvoteWithComment_Test:39)&#xD;
	at com.kms.katalon.core.main.ScriptEngine.run(ScriptEngine.java:194)&#xD;
	at com.kms.katalon.core.main.ScriptEngine.runScriptAsRawText(ScriptEngine.java:119)&#xD;
	at com.kms.katalon.core.main.TestCaseExecutor.runScript(TestCaseExecutor.java:337)&#xD;
	at com.kms.katalon.core.main.TestCaseExecutor.doExecute(TestCaseExecutor.java:328)&#xD;
	at com.kms.katalon.core.main.TestCaseExecutor.processExecutionPhase(TestCaseExecutor.java:307)&#xD;
	at com.kms.katalon.core.main.TestCaseExecutor.accessMainPhase(TestCaseExecutor.java:299)&#xD;
	at com.kms.katalon.core.main.TestCaseExecutor.execute(TestCaseExecutor.java:233)&#xD;
	at com.kms.katalon.core.main.TestSuiteExecutor.accessTestCaseMainPhase(TestSuiteExecutor.java:169)&#xD;
	at com.kms.katalon.core.main.TestSuiteExecutor.accessTestSuiteMainPhase(TestSuiteExecutor.java:142)&#xD;
	at com.kms.katalon.core.main.TestSuiteExecutor.execute(TestSuiteExecutor.java:91)&#xD;
	at com.kms.katalon.core.main.TestCaseMain.startTestSuite(TestCaseMain.java:157)&#xD;
	at com.kms.katalon.core.main.TestCaseMain$startTestSuite$0.call(Unknown Source)&#xD;
	at TempTestSuite1592909295916.run(TempTestSuite1592909295916.groovy:35)&#xD;
)&#xD;
&#xD;
2020-06-23 16:33:48 - [MESSAGE][WARNING] - Actual text 'Please enter a product name' and expected text 'Sorry, I am unable to understand your message. Could you please rephrase it?' of test object 'Object Repository/Generic/botReponse' are NOT matched. (Root cause: com.kms.katalon.core.exception.StepFailedException: Actual text 'Please enter a product name' and expected text 'Sorry, I am unable to understand your message. Could you please rephrase it?' of test object 'Object Repository/Generic/botReponse' are NOT matched.&#xD;
	at com.kms.katalon.core.webui.keyword.internal.WebUIKeywordMain.stepFailed(WebUIKeywordMain.groovy:64)&#xD;
	at com.kms.katalon.core.webui.keyword.builtin.VerifyElementTextKeyword$_verifyElementText_closure1.doCall(VerifyElementTextKeyword.groovy:57)&#xD;
	at com.kms.katalon.core.webui.keyword.builtin.VerifyElementTextKeyword$_verifyElementText_closure1.call(VerifyElementTextKeyword.groovy)&#xD;
	at com.kms.katalon.core.webui.keyword.internal.WebUIKeywordMain.runKeyword(WebUIKeywordMain.groovy:20)&#xD;
	at com.kms.katalon.core.webui.keyword.builtin.VerifyElementTextKeyword.verifyElementText(VerifyElementTextKeyword.groovy:72)&#xD;
	at com.kms.katalon.core.webui.keyword.builtin.VerifyElementTextKeyword.execute(VerifyElementTextKeyword.groovy:40)&#xD;
	at com.kms.katalon.core.keyword.internal.KeywordExecutor.executeKeywordForPlatform(KeywordExecutor.groovy:56)&#xD;
	at com.kms.katalon.core.webui.keyword.WebUiBuiltInKeywords.verifyElementText(WebUiBuiltInKeywords.groovy:3647)&#xD;
	at com.kms.katalon.core.webui.keyword.WebUiBuiltInKeywords$verifyElementText$5.call(Unknown Source)&#xD;
	at downvoteWithComment_Test.run(downvoteWithComment_Test:39)&#xD;
	at com.kms.katalon.core.main.ScriptEngine.run(ScriptEngine.java:194)&#xD;
	at com.kms.katalon.core.main.ScriptEngine.runScriptAsRawText(ScriptEngine.java:119)&#xD;
	at com.kms.katalon.core.main.TestCaseExecutor.runScript(TestCaseExecutor.java:337)&#xD;
	at com.kms.katalon.core.main.TestCaseExecutor.doExecute(TestCaseExecutor.java:328)&#xD;
	at com.kms.katalon.core.main.TestCaseExecutor.processExecutionPhase(TestCaseExecutor.java:307)&#xD;
	at com.kms.katalon.core.main.TestCaseExecutor.accessMainPhase(TestCaseExecutor.java:299)&#xD;
	at com.kms.katalon.core.main.TestCaseExecutor.execute(TestCaseExecutor.java:233)&#xD;
	at com.kms.katalon.core.main.TestSuiteExecutor.accessTestCaseMainPhase(TestSuiteExecutor.java:169)&#xD;
	at com.kms.katalon.core.main.TestSuiteExecutor.accessTestSuiteMainPhase(TestSuiteExecutor.java:142)&#xD;
	at com.kms.katalon.core.main.TestSuiteExecutor.execute(TestSuiteExecutor.java:91)&#xD;
	at com.kms.katalon.core.main.TestCaseMain.startTestSuite(TestCaseMain.java:157)&#xD;
	at com.kms.katalon.core.main.TestCaseMain$startTestSuite$0.call(Unknown Source)&#xD;
	at TempTestSuite1592909295916.run(TempTestSuite1592909295916.groovy:35)&#xD;
)&#xD;
[[ATTACHMENT|D:\\IMIbot.ai-Project\\Reports\\20200623_161815\\taskSuiteE2E\\20200623_161815\\1592910226935.png]]&#xD;
&#xD;
2020-06-23 16:33:48 - [TEST_STEP][PASSED] - platform.Preview.downvoteResponseWithComment(findTestData("Data Files/testData_Task").getValue("comment", 3)): platform.Preview.downvoteResponseWithComment is PASSED&#xD;
&#xD;
2020-06-23 16:33:51 - [MESSAGE][PASSED] - Object: 'Object Repository/Button/downvote' is clicked on&#xD;
&#xD;
2020-06-23 16:33:55 - [MESSAGE][PASSED] - Keys 'Bot response is not relevant to my query' sent to object: 'Object Repository/Input/downvoteComment'&#xD;
&#xD;
2020-06-23 16:33:57 - [MESSAGE][PASSED] - platform.Preview.downvoteResponseWithComment is PASSED&#xD;
&#xD;
2020-06-23 16:33:57 - [TEST_STEP][PASSED] - getRoomIdAt = new java.util.ArrayList(): null&#xD;
&#xD;
2020-06-23 16:33:57 - [TEST_STEP][PASSED] - getRoomIdAt = platform.Utility.getRoomID(): platform.Utility.getRoomID is PASSED&#xD;
&#xD;
2020-06-23 16:34:02 - [MESSAGE][PASSED] - platform.Utility.getRoomID is PASSED&#xD;
&#xD;
2020-06-23 16:34:02 - [TEST_STEP][PASSED] - roomID = get(0).toString(): null&#xD;
&#xD;
2020-06-23 16:34:02 - [TEST_STEP][PASSED] - platform.Utility.overWriteTestData("Task bot", 1, 0, roomID): platform.Utility.overWriteTestData is PASSED&#xD;
&#xD;
2020-06-23 16:34:03 - [MESSAGE][PASSED] - platform.Utility.overWriteTestData is PASSED&#xD;
&#xD;
2020-06-23 16:34:03 - [TEST_STEP][PASSED] - platform.Method.clickOnElement(findTestObject("Generic/session")): platform.Method.clickOnElement is PASSED&#xD;
&#xD;
2020-06-23 16:34:06 - [MESSAGE][PASSED] - platform.Method.clickOnElement is PASSED&#xD;
&#xD;
2020-06-23 16:34:06 - [TEST_STEP][PASSED] - platform.Method.clickOnElement(findTestObject("GenericII/minimize")): platform.Method.clickOnElement is PASSED&#xD;
&#xD;
2020-06-23 16:34:09 - [MESSAGE][PASSED] - platform.Method.clickOnElement is PASSED&#xD;
&#xD;
2020-06-23 16:34:09 - [TEST_STEP][PASSED] - setText(findTestObject("Input/roomID", ["value":"id"]), roomID): Text '1980596' is set on object 'Object Repository/Input/roomID'&#xD;
&#xD;
2020-06-23 16:34:13 - [MESSAGE][PASSED] - Text '1980596' is set on object 'Object Repository/Input/roomID'&#xD;
&#xD;
2020-06-23 16:34:13 - [TEST_STEP][PASSED] - platform.Method.clickOnElement(findTestObject("Button/submitSession")): platform.Method.clickOnElement is PASSED&#xD;
&#xD;
2020-06-23 16:34:15 - [MESSAGE][PASSED] - platform.Method.clickOnElement is PASSED&#xD;
&#xD;
2020-06-23 16:34:15 - [TEST_STEP][PASSED] - platform.Method.clickOnElement(findTestObject("Generic/webObjectWithText", ["textValue":roomID])): platform.Method.clickOnElement is PASSED&#xD;
&#xD;
2020-06-23 16:34:18 - [MESSAGE][PASSED] - platform.Method.clickOnElement is PASSED&#xD;
&#xD;
2020-06-23 16:34:18 - [TEST_STEP][PASSED] - mouseOver(findTestObject("Generic/webObjectWithText", ["textValue":"Downvoted with comment"])): Object: 'Object Repository/Generic/webObjectWithText' is hovered&#xD;
&#xD;
2020-06-23 16:34:20 - [MESSAGE][PASSED] - Object: 'Object Repository/Generic/webObjectWithText' is hovered&#xD;
&#xD;
2020-06-23 16:34:20 - [TEST_STEP][PASSED] - verifyElementPresent(findTestObject("Generic/webObjectWithText", ["textValue":"Downvoted with comment"]), 10, STOP_ON_FAILURE): Object 'Object Repository/Generic/webObjectWithText' is present&#xD;
&#xD;
2020-06-23 16:34:21 - [MESSAGE][PASSED] - Object 'Object Repository/Generic/webObjectWithText' is present</system-out>
            <system-err></system-err>
        </testcase>
        <testcase name="Test Cases/Taskbot/createNewIntentCuration_Test" classname="Test Cases/Taskbot/createNewIntentCuration_Test" status="PASSED">
            <system-out>2020-06-23 16:34:21 - [TEST_CASE][PASSED] - Test Cases/Taskbot/createNewIntentCuration_Test: Test Cases/Taskbot/createNewIntentCuration_Test&#xD;
&#xD;
2020-06-23 16:34:22 - [TEST_STEP][PASSED] - Start listener action : setUp: Current window maximized&#xD;
&#xD;
2020-06-23 16:34:22 - [TEST_STEP][PASSED] - openBrowser(URL): Browser is opened with url: 'preprod.imibot.ai'&#xD;
&#xD;
2020-06-23 16:34:22 - [MESSAGE][WARNING] - A browser is already opened. Closing browser and opening a new one&#xD;
&#xD;
2020-06-23 16:34:24 - [MESSAGE][INFO] - Starting 'Chrome' driver&#xD;
&#xD;
2020-06-23 16:34:24 - [MESSAGE][INFO] - User set preference: ['args', '[--start-maximized]']&#xD;
&#xD;
2020-06-23 16:34:37 - [MESSAGE][PASSED] - Browser is opened with url: 'preprod.imibot.ai'&#xD;
&#xD;
2020-06-23 16:34:37 - [TEST_STEP][PASSED] - maximizeWindow(): Current window maximized&#xD;
&#xD;
2020-06-23 16:34:39 - [MESSAGE][PASSED] - Current window maximized&#xD;
&#xD;
2020-06-23 16:34:40 - [TEST_STEP][PASSED] - callTestCase(findTestCase("Generic/successfulLogin_Test"), [:], STOP_ON_FAILURE): Call Test Case 'Test Cases/Generic/successfulLogin_Test' successfully&#xD;
&#xD;
2020-06-23 16:34:40 - [TEST_CASE][PASSED] - Test Cases/Generic/successfulLogin_Test: Test Cases/Generic/successfulLogin_Test&#xD;
&#xD;
2020-06-23 16:34:40 - [TEST_STEP][PASSED] - sendKeys(findTestObject("Input/username"), USERNAME): Keys 'narendra.n@imimobile.com' sent to object: 'Object Repository/Input/username'&#xD;
&#xD;
2020-06-23 16:34:42 - [MESSAGE][PASSED] - Keys 'narendra.n@imimobile.com' sent to object: 'Object Repository/Input/username'&#xD;
&#xD;
2020-06-23 16:34:42 - [TEST_STEP][PASSED] - sendKeys(findTestObject("Input/password"), PASSWORD): Keys 'Test@2020' sent to object: 'Object Repository/Input/password'&#xD;
&#xD;
2020-06-23 16:34:45 - [MESSAGE][PASSED] - Keys 'Test@2020' sent to object: 'Object Repository/Input/password'&#xD;
&#xD;
2020-06-23 16:34:45 - [TEST_STEP][PASSED] - click(findTestObject("Button/signIn")): Object: 'Object Repository/Button/signIn' is clicked on&#xD;
&#xD;
2020-06-23 16:34:47 - [MESSAGE][PASSED] - Object: 'Object Repository/Button/signIn' is clicked on&#xD;
&#xD;
2020-06-23 16:34:47 - [TEST_STEP][PASSED] - if (!(waitForElementPresent(findTestObject("Button/createBot"), 30, OPTIONAL))): Object 'Object Repository/Button/createBot' is present&#xD;
&#xD;
2020-06-23 16:35:06 - [MESSAGE][PASSED] - Object 'Object Repository/Button/createBot' is present&#xD;
&#xD;
2020-06-23 16:35:06 - [MESSAGE][PASSED] - Call Test Case 'Test Cases/Generic/successfulLogin_Test' successfully&#xD;
&#xD;
2020-06-23 16:35:06 - [TEST_STEP][PASSED] - platform.Method.navigateToBot("Task bots", TASK_BOT): platform.Method.navigateToBot is PASSED&#xD;
&#xD;
2020-06-23 16:35:07 - [MESSAGE][PASSED] - Object 'Object Repository/Button/createBot' is present&#xD;
&#xD;
2020-06-23 16:35:10 - [MESSAGE][INFO] - Performing click action on bot&#xD;
&#xD;
2020-06-23 16:35:12 - [MESSAGE][PASSED] - platform.Method.navigateToBot is PASSED&#xD;
&#xD;
2020-06-23 16:35:12 - [TEST_STEP][PASSED] - testData = findTestData("Data Files/testData_Task"): null&#xD;
&#xD;
2020-06-23 16:35:13 - [TEST_STEP][PASSED] - platform.Method.clickOnElement(findTestObject("Generic/curation")): platform.Method.clickOnElement is PASSED&#xD;
&#xD;
2020-06-23 16:35:18 - [MESSAGE][PASSED] - platform.Method.clickOnElement is PASSED&#xD;
&#xD;
2020-06-23 16:35:18 - [TEST_STEP][PASSED] - platform.Method.clickOnElement(findTestObject("Generic/webObjectWithText", ["textValue":"Issues"])): platform.Method.clickOnElement is PASSED&#xD;
&#xD;
2020-06-23 16:35:21 - [MESSAGE][PASSED] - platform.Method.clickOnElement is PASSED&#xD;
&#xD;
2020-06-23 16:35:21 - [TEST_STEP][PASSED] - sendKeys(findTestObject("Input/roomID", ["value":"room_id"]), testData.getValue("room_id", 1)): Keys '1980596' sent to object: 'Object Repository/Input/roomID'&#xD;
&#xD;
2020-06-23 16:35:23 - [MESSAGE][PASSED] - Keys '1980596' sent to object: 'Object Repository/Input/roomID'&#xD;
&#xD;
2020-06-23 16:35:23 - [TEST_STEP][PASSED] - platform.Method.toClickOnWebElement(findTestObject("Button/filter")): platform.Method.toClickOnWebElement is PASSED&#xD;
&#xD;
2020-06-23 16:35:26 - [MESSAGE][PASSED] - Object: 'Object Repository/Button/filter' is clicked on&#xD;
&#xD;
2020-06-23 16:35:26 - [MESSAGE][PASSED] - platform.Method.toClickOnWebElement is PASSED&#xD;
&#xD;
2020-06-23 16:35:26 - [TEST_STEP][PASSED] - verifyElementPresent(findTestObject("ICONS/downvote"), 10, STOP_ON_FAILURE): Object 'Object Repository/ICONS/downvote' is present&#xD;
&#xD;
2020-06-23 16:35:27 - [MESSAGE][PASSED] - Object 'Object Repository/ICONS/downvote' is present&#xD;
&#xD;
2020-06-23 16:35:27 - [TEST_STEP][PASSED] - platform.Method.toClickOnWebElement(findTestObject("Button/addToNewIntent")): platform.Method.toClickOnWebElement is PASSED&#xD;
&#xD;
2020-06-23 16:35:30 - [MESSAGE][PASSED] - Object: 'Object Repository/Button/addToNewIntent' is clicked on&#xD;
&#xD;
2020-06-23 16:35:30 - [MESSAGE][PASSED] - platform.Method.toClickOnWebElement is PASSED&#xD;
&#xD;
2020-06-23 16:35:30 - [TEST_STEP][PASSED] - verifyElementText(findTestObject("Generic/header"), "Create intent", STOP_ON_FAILURE): Actual text and expected text of test object 'Object Repository/Generic/header' are matched.&#xD;
&#xD;
2020-06-23 16:35:33 - [MESSAGE][PASSED] - Actual text and expected text of test object 'Object Repository/Generic/header' are matched.&#xD;
&#xD;
2020-06-23 16:35:33 - [TEST_STEP][PASSED] - sendKeys(findTestObject("Input/intentName"), testData.getValue("intent_name", 4)): Keys 'report_complain' sent to object: 'Object Repository/Input/intentName'&#xD;
&#xD;
2020-06-23 16:35:35 - [MESSAGE][PASSED] - Keys 'report_complain' sent to object: 'Object Repository/Input/intentName'&#xD;
&#xD;
2020-06-23 16:35:35 - [TEST_STEP][PASSED] - platform.Method.clickOnElement(findTestObject("Slots/linkEntity")): platform.Method.clickOnElement is PASSED&#xD;
&#xD;
2020-06-23 16:35:38 - [MESSAGE][PASSED] - platform.Method.clickOnElement is PASSED&#xD;
&#xD;
2020-06-23 16:35:38 - [TEST_STEP][PASSED] - platform.Method.clickOnElement(findTestObject("Generic/webObjectWithText", ["textValue":"order_id"])): platform.Method.clickOnElement is PASSED&#xD;
&#xD;
2020-06-23 16:35:40 - [MESSAGE][PASSED] - platform.Method.clickOnElement is PASSED&#xD;
&#xD;
2020-06-23 16:35:40 - [TEST_STEP][PASSED] - check(findTestObject("Slots/checkbox", ["rowValue":1])): Object 'Object Repository/Slots/checkbox' is checked&#xD;
&#xD;
2020-06-23 16:35:44 - [MESSAGE][PASSED] - Object 'Object Repository/Slots/checkbox' is checked&#xD;
&#xD;
2020-06-23 16:35:44 - [TEST_STEP][PASSED] - setText(findTestObject("Slots/retries", ["rowValue":1]), "2"): Text '2' is set on object 'Object Repository/Slots/retries'&#xD;
&#xD;
2020-06-23 16:35:48 - [MESSAGE][PASSED] - Text '2' is set on object 'Object Repository/Slots/retries'&#xD;
&#xD;
2020-06-23 16:35:48 - [TEST_STEP][PASSED] - setText(findTestObject("Slots/templateKey", ["rowValue":1]), testData.getValue("missing_entity", 2)): Text 'missing_order_id' is set on object 'Object Repository/Slots/templateKey'&#xD;
&#xD;
2020-06-23 16:35:53 - [MESSAGE][PASSED] - Text 'missing_order_id' is set on object 'Object Repository/Slots/templateKey'&#xD;
&#xD;
2020-06-23 16:35:53 - [TEST_STEP][PASSED] - platform.Training.createInstantResponse(findTestData("Data Files/testData_Task").getValue("missing_entity", 2), testData.getValue("missing_entity_default_text", 2)): platform.Training.createInstantResponse is PASSED&#xD;
&#xD;
2020-06-23 16:35:58 - [MESSAGE][PASSED] - Keys 'missing_order_id' sent to object: 'Object Repository/NewRepo2/templateKeyPopUp'&#xD;
&#xD;
2020-06-23 16:36:01 - [MESSAGE][PASSED] - Keys 'Please enter your order id' sent to object: 'Object Repository/NewRepo2/templateResponsePopUp'&#xD;
&#xD;
2020-06-23 16:36:03 - [MESSAGE][PASSED] - platform.Training.createInstantResponse is PASSED&#xD;
&#xD;
2020-06-23 16:36:03 - [TEST_STEP][PASSED] - platform.Method.clickOnElement(findTestObject("Generic/webObjectWithText", ["textValue":testData.getValue("missing_entity", 2)])): platform.Method.clickOnElement is PASSED&#xD;
&#xD;
2020-06-23 16:36:06 - [MESSAGE][PASSED] - platform.Method.clickOnElement is PASSED&#xD;
&#xD;
2020-06-23 16:36:06 - [TEST_STEP][PASSED] - sendKeys(findTestObject("Input/finalTempKey"), testData.getValue("final_template", 2)): Keys 'regret_message' sent to object: 'Object Repository/Input/finalTempKey'&#xD;
&#xD;
2020-06-23 16:36:09 - [MESSAGE][PASSED] - Keys 'regret_message' sent to object: 'Object Repository/Input/finalTempKey'&#xD;
&#xD;
2020-06-23 16:36:09 - [TEST_STEP][PASSED] - platform.Training.createInstantResponse(findTestData("Data Files/testData_Task").getValue("missing_entity", 3), testData.getValue("missing_entity_default_text", 3)): platform.Training.createInstantResponse is PASSED&#xD;
&#xD;
2020-06-23 16:36:15 - [MESSAGE][PASSED] - Keys 'regret_message' sent to object: 'Object Repository/NewRepo2/templateKeyPopUp'&#xD;
&#xD;
2020-06-23 16:36:20 - [MESSAGE][PASSED] - Keys 'Sorry for the inconvenience caused. We are escalating your request. An agent will be assigned to you shortly.' sent to object: 'Object Repository/NewRepo2/templateResponsePopUp'&#xD;
&#xD;
2020-06-23 16:36:22 - [MESSAGE][PASSED] - platform.Training.createInstantResponse is PASSED&#xD;
&#xD;
2020-06-23 16:36:22 - [TEST_STEP][PASSED] - platform.Method.clickOnElement(findTestObject("Button/save", ["value":" Save "])): platform.Method.clickOnElement is PASSED&#xD;
&#xD;
2020-06-23 16:36:25 - [MESSAGE][PASSED] - platform.Method.clickOnElement is PASSED&#xD;
&#xD;
2020-06-23 16:36:25 - [TEST_STEP][PASSED] - platform.Method.trainAndComment(testData.getValue("comment", 4)): platform.Method.trainAndComment is PASSED&#xD;
&#xD;
2020-06-23 16:36:35 - [MESSAGE][PASSED] - Keys 'complain intent created' sent to object: 'Object Repository/Input/comment'&#xD;
&#xD;
2020-06-23 16:36:37 - [MESSAGE][PASSED] - platform.Method.trainAndComment is PASSED&#xD;
&#xD;
2020-06-23 16:36:37 - [TEST_STEP][PASSED] - verifyElementPresent(findTestObject("ICONS/toastMsg"), 20, STOP_ON_FAILURE): Object 'Object Repository/ICONS/toastMsg' is present&#xD;
&#xD;
2020-06-23 16:36:38 - [MESSAGE][PASSED] - Object 'Object Repository/ICONS/toastMsg' is present&#xD;
&#xD;
2020-06-23 16:36:38 - [TEST_STEP][PASSED] - platform.Method.clickOnElement(findTestObject("Button/preview")): platform.Method.clickOnElement is PASSED&#xD;
&#xD;
2020-06-23 16:36:41 - [MESSAGE][PASSED] - platform.Method.clickOnElement is PASSED&#xD;
&#xD;
2020-06-23 16:36:41 - [TEST_STEP][PASSED] - sendKeys(findTestObject("Input/chatInput"), Keys.chord(userQuery, ENTER)): Keys 'ENTER + report for damaged product' sent to object: 'Object Repository/Input/chatInput'&#xD;
&#xD;
2020-06-23 16:36:44 - [MESSAGE][PASSED] - Keys 'ENTER + report for damaged product' sent to object: 'Object Repository/Input/chatInput'&#xD;
&#xD;
2020-06-23 16:36:44 - [TEST_STEP][PASSED] - delay(2): Delayed 2 second(s)&#xD;
&#xD;
2020-06-23 16:36:46 - [MESSAGE][PASSED] - Delayed 2 second(s)&#xD;
&#xD;
2020-06-23 16:36:46 - [TEST_STEP][PASSED] - verifyElementText(findTestObject("GenericII/getBotResponse", ["index":2]), testData.getValue("missing_entity_default_text", 2), STOP_ON_FAILURE): Actual text and expected text of test object 'Object Repository/GenericII/getBotResponse' are matched.&#xD;
&#xD;
2020-06-23 16:36:48 - [MESSAGE][PASSED] - Actual text and expected text of test object 'Object Repository/GenericII/getBotResponse' are matched.&#xD;
&#xD;
2020-06-23 16:36:48 - [TEST_STEP][PASSED] - sendKeys(findTestObject("Input/chatInput"), Keys.chord("00001234", ENTER)): Keys 'ENTER + 00001234' sent to object: 'Object Repository/Input/chatInput'&#xD;
&#xD;
2020-06-23 16:36:51 - [MESSAGE][PASSED] - Keys 'ENTER + 00001234' sent to object: 'Object Repository/Input/chatInput'&#xD;
&#xD;
2020-06-23 16:36:51 - [TEST_STEP][PASSED] - verifyElementText(findTestObject("GenericII/getBotResponse", ["index":3]), testData.getValue("missing_entity_default_text", 3), STOP_ON_FAILURE): Actual text and expected text of test object 'Object Repository/GenericII/getBotResponse' are matched.&#xD;
&#xD;
2020-06-23 16:36:53 - [MESSAGE][PASSED] - Actual text and expected text of test object 'Object Repository/GenericII/getBotResponse' are matched.&#xD;
&#xD;
2020-06-23 16:36:53 - [TEST_STEP][PASSED] - platform.Method.clickOnElement(findTestObject("Button/upvote")): platform.Method.clickOnElement is PASSED&#xD;
&#xD;
2020-06-23 16:36:56 - [MESSAGE][PASSED] - platform.Method.clickOnElement is PASSED</system-out>
            <system-err></system-err>
        </testcase>
        <testcase name="Test Cases/Taskbot/oneClickTestingNoCallback_Test" classname="Test Cases/Taskbot/oneClickTestingNoCallback_Test" status="PASSED">
            <system-out>2020-06-23 16:36:56 - [TEST_CASE][PASSED] - Test Cases/Taskbot/oneClickTestingNoCallback_Test: Test Cases/Taskbot/oneClickTestingNoCallback_Test&#xD;
&#xD;
2020-06-23 16:36:56 - [TEST_STEP][PASSED] - Start listener action : setUp: Current window maximized&#xD;
&#xD;
2020-06-23 16:36:56 - [TEST_STEP][PASSED] - openBrowser(URL): Browser is opened with url: 'preprod.imibot.ai'&#xD;
&#xD;
2020-06-23 16:36:56 - [MESSAGE][WARNING] - A browser is already opened. Closing browser and opening a new one&#xD;
&#xD;
2020-06-23 16:36:59 - [MESSAGE][INFO] - Starting 'Chrome' driver&#xD;
&#xD;
2020-06-23 16:36:59 - [MESSAGE][INFO] - User set preference: ['args', '[--start-maximized]']&#xD;
&#xD;
2020-06-23 16:37:11 - [MESSAGE][PASSED] - Browser is opened with url: 'preprod.imibot.ai'&#xD;
&#xD;
2020-06-23 16:37:11 - [TEST_STEP][PASSED] - maximizeWindow(): Current window maximized&#xD;
&#xD;
2020-06-23 16:37:13 - [MESSAGE][PASSED] - Current window maximized&#xD;
&#xD;
2020-06-23 16:37:13 - [TEST_STEP][PASSED] - callTestCase(findTestCase("Generic/successfulLogin_Test"), [:], STOP_ON_FAILURE): Call Test Case 'Test Cases/Generic/successfulLogin_Test' successfully&#xD;
&#xD;
2020-06-23 16:37:13 - [TEST_CASE][PASSED] - Test Cases/Generic/successfulLogin_Test: Test Cases/Generic/successfulLogin_Test&#xD;
&#xD;
2020-06-23 16:37:13 - [TEST_STEP][PASSED] - sendKeys(findTestObject("Input/username"), USERNAME): Keys 'narendra.n@imimobile.com' sent to object: 'Object Repository/Input/username'&#xD;
&#xD;
2020-06-23 16:37:16 - [MESSAGE][PASSED] - Keys 'narendra.n@imimobile.com' sent to object: 'Object Repository/Input/username'&#xD;
&#xD;
2020-06-23 16:37:16 - [TEST_STEP][PASSED] - sendKeys(findTestObject("Input/password"), PASSWORD): Keys 'Test@2020' sent to object: 'Object Repository/Input/password'&#xD;
&#xD;
2020-06-23 16:37:18 - [MESSAGE][PASSED] - Keys 'Test@2020' sent to object: 'Object Repository/Input/password'&#xD;
&#xD;
2020-06-23 16:37:18 - [TEST_STEP][PASSED] - click(findTestObject("Button/signIn")): Object: 'Object Repository/Button/signIn' is clicked on&#xD;
&#xD;
2020-06-23 16:37:21 - [MESSAGE][PASSED] - Object: 'Object Repository/Button/signIn' is clicked on&#xD;
&#xD;
2020-06-23 16:37:21 - [TEST_STEP][PASSED] - if (!(waitForElementPresent(findTestObject("Button/createBot"), 30, OPTIONAL))): Object 'Object Repository/Button/createBot' is present&#xD;
&#xD;
2020-06-23 16:37:37 - [MESSAGE][PASSED] - Object 'Object Repository/Button/createBot' is present&#xD;
&#xD;
2020-06-23 16:37:37 - [MESSAGE][PASSED] - Call Test Case 'Test Cases/Generic/successfulLogin_Test' successfully&#xD;
&#xD;
2020-06-23 16:37:37 - [TEST_STEP][PASSED] - platform.Method.navigateToBot("Task bots", TASK_BOT): platform.Method.navigateToBot is PASSED&#xD;
&#xD;
2020-06-23 16:37:38 - [MESSAGE][PASSED] - Object 'Object Repository/Button/createBot' is present&#xD;
&#xD;
2020-06-23 16:37:41 - [MESSAGE][INFO] - Performing click action on bot&#xD;
&#xD;
2020-06-23 16:37:43 - [MESSAGE][PASSED] - platform.Method.navigateToBot is PASSED&#xD;
&#xD;
2020-06-23 16:37:43 - [TEST_STEP][PASSED] - waitForElementPresent(findTestObject("Generic/oneClickTest"), 30, OPTIONAL): Object 'Object Repository/Generic/oneClickTest' is present&#xD;
&#xD;
2020-06-23 16:37:45 - [MESSAGE][PASSED] - Object 'Object Repository/Generic/oneClickTest' is present&#xD;
&#xD;
2020-06-23 16:37:45 - [TEST_STEP][PASSED] - platform.Method.clickOnElement(findTestObject("Generic/oneClickTest")): platform.Method.clickOnElement is PASSED&#xD;
&#xD;
2020-06-23 16:37:48 - [MESSAGE][PASSED] - platform.Method.clickOnElement is PASSED&#xD;
&#xD;
2020-06-23 16:37:48 - [TEST_STEP][PASSED] - testData = findTestData("Data Files/testData_OneClickTesting"): null&#xD;
&#xD;
2020-06-23 16:37:49 - [TEST_STEP][PASSED] - verifyElementPresent(findTestObject("Toggle/oneClickCallback"), 20, STOP_ON_FAILURE): Object 'Object Repository/Toggle/oneClickCallback' is present&#xD;
&#xD;
2020-06-23 16:37:50 - [MESSAGE][PASSED] - Object 'Object Repository/Toggle/oneClickCallback' is present&#xD;
&#xD;
2020-06-23 16:37:50 - [TEST_STEP][PASSED] - verifyTextPresent("Message", false, STOP_ON_FAILURE): Text 'Message' is present on page &#xD;
&#xD;
2020-06-23 16:37:53 - [MESSAGE][PASSED] - Text 'Message' is present on page &#xD;
&#xD;
2020-06-23 16:37:53 - [TEST_STEP][PASSED] - verifyTextPresent("Expected template", false, STOP_ON_FAILURE): Text 'Expected template' is present on page &#xD;
&#xD;
2020-06-23 16:37:56 - [MESSAGE][PASSED] - Text 'Expected template' is present on page &#xD;
&#xD;
2020-06-23 16:37:56 - [TEST_STEP][PASSED] - verifyTextPresent("Reset previous context", false, STOP_ON_FAILURE): Text 'Reset previous context' is present on page &#xD;
&#xD;
2020-06-23 16:38:00 - [MESSAGE][PASSED] - Text 'Reset previous context' is present on page &#xD;
&#xD;
2020-06-23 16:38:00 - [TEST_STEP][PASSED] - platform.Method.clickOnElement(findTestObject("Button/importIcon")): platform.Method.clickOnElement is PASSED&#xD;
&#xD;
2020-06-23 16:38:02 - [MESSAGE][PASSED] - platform.Method.clickOnElement is PASSED&#xD;
&#xD;
2020-06-23 16:38:02 - [TEST_STEP][PASSED] - platform.Method.uploadCsvFile(false, uploadTaskTestCases): platform.Method.uploadCsvFile is PASSED&#xD;
&#xD;
2020-06-23 16:38:02 - [MESSAGE][INFO] - PREVIOUS DATA NOT BE OVERRIDDEN&#xD;
&#xD;
2020-06-23 16:38:06 - [MESSAGE][PASSED] - File 'D:/IMIbot.ai-Project/Collection/oneClickTaskNoCallback.csv' sent to object: 'Object Repository/Input/uploadFile'&#xD;
&#xD;
2020-06-23 16:38:08 - [MESSAGE][PASSED] - platform.Method.uploadCsvFile is PASSED&#xD;
&#xD;
2020-06-23 16:38:08 - [TEST_STEP][PASSED] - platform.Method.clickOnElement(findTestObject("Generic/updateBtn")): platform.Method.clickOnElement is PASSED&#xD;
&#xD;
2020-06-23 16:38:10 - [MESSAGE][PASSED] - platform.Method.clickOnElement is PASSED&#xD;
&#xD;
2020-06-23 16:38:10 - [TEST_STEP][PASSED] - verifyElementPresent(findTestObject("ICONS/toastMsg"), 30, STOP_ON_FAILURE): Object 'Object Repository/ICONS/toastMsg' is present&#xD;
&#xD;
2020-06-23 16:38:12 - [MESSAGE][PASSED] - Object 'Object Repository/ICONS/toastMsg' is present&#xD;
&#xD;
2020-06-23 16:38:12 - [TEST_STEP][PASSED] - platform.Method.clickOnElement(findTestObject("NewRepo2/execution")): platform.Method.clickOnElement is PASSED&#xD;
&#xD;
2020-06-23 16:38:15 - [MESSAGE][PASSED] - platform.Method.clickOnElement is PASSED&#xD;
&#xD;
2020-06-23 16:38:15 - [TEST_STEP][PASSED] - waitForElementPresent(findTestObject("Button/btnExecute"), 20, STOP_ON_FAILURE): Object 'Object Repository/Button/btnExecute' is present&#xD;
&#xD;
2020-06-23 16:38:16 - [MESSAGE][PASSED] - Object 'Object Repository/Button/btnExecute' is present&#xD;
&#xD;
2020-06-23 16:38:16 - [TEST_STEP][PASSED] - platform.Method.clickOnElement(findTestObject("Button/btnExecute")): platform.Method.clickOnElement is PASSED&#xD;
&#xD;
2020-06-23 16:38:19 - [MESSAGE][PASSED] - platform.Method.clickOnElement is PASSED&#xD;
&#xD;
2020-06-23 16:38:19 - [TEST_STEP][PASSED] - platform.Method.runOneClickTestOnLiveData(false): platform.Method.runOneClickTestOnLiveData is PASSED&#xD;
&#xD;
2020-06-23 16:38:20 - [MESSAGE][PASSED] - Object 'Object Repository/Button/btnExecute' is present&#xD;
&#xD;
2020-06-23 16:38:22 - [MESSAGE][INFO] - TEST ON TRAINED VERSION&#xD;
&#xD;
2020-06-23 16:38:25 - [MESSAGE][PASSED] - platform.Method.runOneClickTestOnLiveData is PASSED&#xD;
&#xD;
2020-06-23 16:38:25 - [TEST_STEP][PASSED] - waitForElementVisible(findTestObject("Generic/testSummary", ["status":"summery-status-completed"]), 90, STOP_ON_FAILURE): Object 'Object Repository/Generic/testSummary' is visible&#xD;
&#xD;
2020-06-23 16:38:32 - [MESSAGE][PASSED] - Object 'Object Repository/Generic/testSummary' is visible&#xD;
&#xD;
2020-06-23 16:38:32 - [TEST_STEP][PASSED] - verifyTextPresent("Status", false, STOP_ON_FAILURE): Text 'Status' is present on page &#xD;
&#xD;
2020-06-23 16:38:35 - [MESSAGE][PASSED] - Text 'Status' is present on page &#xD;
&#xD;
2020-06-23 16:38:35 - [TEST_STEP][PASSED] - verifyTextPresent("Utterance", false, STOP_ON_FAILURE): Text 'Utterance' is present on page &#xD;
&#xD;
2020-06-23 16:38:38 - [MESSAGE][PASSED] - Text 'Utterance' is present on page &#xD;
&#xD;
2020-06-23 16:38:38 - [TEST_STEP][PASSED] - verifyTextPresent("Expected template", false, STOP_ON_FAILURE): Text 'Expected template' is present on page &#xD;
&#xD;
2020-06-23 16:38:41 - [MESSAGE][PASSED] - Text 'Expected template' is present on page &#xD;
&#xD;
2020-06-23 16:38:41 - [TEST_STEP][PASSED] - verifyTextPresent("Actual template", false, STOP_ON_FAILURE): Text 'Actual template' is present on page &#xD;
&#xD;
2020-06-23 16:38:43 - [MESSAGE][PASSED] - Text 'Actual template' is present on page &#xD;
&#xD;
2020-06-23 16:38:43 - [TEST_STEP][PASSED] - verifyTextPresent("Room ID", false, STOP_ON_FAILURE): Text 'Room ID' is present on page &#xD;
&#xD;
2020-06-23 16:38:46 - [MESSAGE][PASSED] - Text 'Room ID' is present on page &#xD;
&#xD;
2020-06-23 16:38:46 - [TEST_STEP][PASSED] - verifyTextPresent("Actions", false, STOP_ON_FAILURE): Text 'Actions' is present on page &#xD;
&#xD;
2020-06-23 16:38:49 - [MESSAGE][PASSED] - Text 'Actions' is present on page &#xD;
&#xD;
2020-06-23 16:38:49 - [TEST_STEP][PASSED] - platform.Method.clickOnElement(findTestObject("ICONS/action", ["index":3])): platform.Method.clickOnElement is PASSED&#xD;
&#xD;
2020-06-23 16:38:51 - [MESSAGE][PASSED] - platform.Method.clickOnElement is PASSED&#xD;
&#xD;
2020-06-23 16:38:51 - [TEST_STEP][PASSED] - platform.Method.clickOnElement(findTestObject("Button/btnOptionsInOneClickTesting", ["btnValue":"Transaction details"])): platform.Method.clickOnElement is PASSED&#xD;
&#xD;
2020-06-23 16:38:53 - [MESSAGE][PASSED] - platform.Method.clickOnElement is PASSED&#xD;
&#xD;
2020-06-23 16:38:53 - [TEST_STEP][PASSED] - verifyElementPresent(findTestObject("NewRepo2/sessionWindow"), 20, STOP_ON_FAILURE): Object 'Object Repository/NewRepo2/sessionWindow' is present&#xD;
&#xD;
2020-06-23 16:38:56 - [MESSAGE][PASSED] - Object 'Object Repository/NewRepo2/sessionWindow' is present&#xD;
&#xD;
2020-06-23 16:38:56 - [TEST_STEP][PASSED] - platform.Method.clickOnElement(findTestObject("GenericII/closePopup")): platform.Method.clickOnElement is PASSED&#xD;
&#xD;
2020-06-23 16:38:58 - [MESSAGE][PASSED] - platform.Method.clickOnElement is PASSED&#xD;
&#xD;
2020-06-23 16:38:58 - [TEST_STEP][PASSED] - waitForElementPresent(findTestObject("Generic/logic"), 20, OPTIONAL): Object 'Object Repository/Generic/logic' is not present after 20 second(s)&#xD;
&#xD;
2020-06-23 16:39:19 - [MESSAGE][INFO] - Unable to find the element located by 'By.xpath: //*[@data-cy = 'sidebar-logic']'. Please recheck the objects properties to make sure the desired element is located. &#xD;
&#xD;
2020-06-23 16:39:19 - [MESSAGE][WARNING] - Object 'Object Repository/Generic/logic' is not present after 20 second(s)</system-out>
            <system-err></system-err>
        </testcase>
        <testcase name="Test Cases/Taskbot/agentHandover_Test" classname="Test Cases/Taskbot/agentHandover_Test" status="PASSED">
            <system-out>2020-06-23 16:39:19 - [TEST_CASE][PASSED] - Test Cases/Taskbot/agentHandover_Test: Test Cases/Taskbot/agentHandover_Test&#xD;
&#xD;
2020-06-23 16:39:19 - [TEST_STEP][PASSED] - Start listener action : setUp: Current window maximized&#xD;
&#xD;
2020-06-23 16:39:19 - [TEST_STEP][PASSED] - openBrowser(URL): Browser is opened with url: 'preprod.imibot.ai'&#xD;
&#xD;
2020-06-23 16:39:19 - [MESSAGE][WARNING] - A browser is already opened. Closing browser and opening a new one&#xD;
&#xD;
2020-06-23 16:39:22 - [MESSAGE][INFO] - Starting 'Chrome' driver&#xD;
&#xD;
2020-06-23 16:39:22 - [MESSAGE][INFO] - User set preference: ['args', '[--start-maximized]']&#xD;
&#xD;
2020-06-23 16:39:33 - [MESSAGE][PASSED] - Browser is opened with url: 'preprod.imibot.ai'&#xD;
&#xD;
2020-06-23 16:39:33 - [TEST_STEP][PASSED] - maximizeWindow(): Current window maximized&#xD;
&#xD;
2020-06-23 16:39:36 - [MESSAGE][PASSED] - Current window maximized&#xD;
&#xD;
2020-06-23 16:39:36 - [TEST_STEP][PASSED] - callTestCase(findTestCase("Generic/successfulLogin_Test"), [:], STOP_ON_FAILURE): Call Test Case 'Test Cases/Generic/successfulLogin_Test' successfully&#xD;
&#xD;
2020-06-23 16:39:37 - [TEST_CASE][PASSED] - Test Cases/Generic/successfulLogin_Test: Test Cases/Generic/successfulLogin_Test&#xD;
&#xD;
2020-06-23 16:39:37 - [TEST_STEP][PASSED] - sendKeys(findTestObject("Input/username"), USERNAME): Keys 'narendra.n@imimobile.com' sent to object: 'Object Repository/Input/username'&#xD;
&#xD;
2020-06-23 16:39:39 - [MESSAGE][PASSED] - Keys 'narendra.n@imimobile.com' sent to object: 'Object Repository/Input/username'&#xD;
&#xD;
2020-06-23 16:39:39 - [TEST_STEP][PASSED] - sendKeys(findTestObject("Input/password"), PASSWORD): Keys 'Test@2020' sent to object: 'Object Repository/Input/password'&#xD;
&#xD;
2020-06-23 16:39:42 - [MESSAGE][PASSED] - Keys 'Test@2020' sent to object: 'Object Repository/Input/password'&#xD;
&#xD;
2020-06-23 16:39:42 - [TEST_STEP][PASSED] - click(findTestObject("Button/signIn")): Object: 'Object Repository/Button/signIn' is clicked on&#xD;
&#xD;
2020-06-23 16:39:44 - [MESSAGE][PASSED] - Object: 'Object Repository/Button/signIn' is clicked on&#xD;
&#xD;
2020-06-23 16:39:44 - [TEST_STEP][PASSED] - if (!(waitForElementPresent(findTestObject("Button/createBot"), 30, OPTIONAL))): Object 'Object Repository/Button/createBot' is present&#xD;
&#xD;
2020-06-23 16:40:02 - [MESSAGE][PASSED] - Object 'Object Repository/Button/createBot' is present&#xD;
&#xD;
2020-06-23 16:40:02 - [MESSAGE][PASSED] - Call Test Case 'Test Cases/Generic/successfulLogin_Test' successfully&#xD;
&#xD;
2020-06-23 16:40:02 - [TEST_STEP][PASSED] - platform.Method.navigateToBot("Task bots", TASK_BOT): platform.Method.navigateToBot is PASSED&#xD;
&#xD;
2020-06-23 16:40:03 - [MESSAGE][PASSED] - Object 'Object Repository/Button/createBot' is present&#xD;
&#xD;
2020-06-23 16:40:06 - [MESSAGE][INFO] - Performing click action on bot&#xD;
&#xD;
2020-06-23 16:40:08 - [MESSAGE][PASSED] - platform.Method.navigateToBot is PASSED&#xD;
&#xD;
2020-06-23 16:40:08 - [TEST_STEP][PASSED] - testData = findTestData("Data Files/testData_Task"): null&#xD;
&#xD;
2020-06-23 16:40:09 - [TEST_STEP][PASSED] - platform.Method.clickOnElement(findTestObject("Generic/webObjectWithText", ["textValue":"Handover and Inference"])): platform.Method.clickOnElement is PASSED&#xD;
&#xD;
2020-06-23 16:40:14 - [MESSAGE][PASSED] - platform.Method.clickOnElement is PASSED&#xD;
&#xD;
2020-06-23 16:40:14 - [TEST_STEP][PASSED] - platform.Method.clickOnElement(findTestObject("Toggle/enableFallback")): platform.Method.clickOnElement is PASSED&#xD;
&#xD;
2020-06-23 16:40:16 - [MESSAGE][PASSED] - platform.Method.clickOnElement is PASSED&#xD;
&#xD;
2020-06-23 16:40:16 - [TEST_STEP][PASSED] - setText(findTestObject("Input/fallback"), testData.getValue("handover_value", 1)): Text '2' is set on object 'Object Repository/Input/fallback'&#xD;
&#xD;
2020-06-23 16:40:20 - [MESSAGE][PASSED] - Text '2' is set on object 'Object Repository/Input/fallback'&#xD;
&#xD;
2020-06-23 16:40:20 - [TEST_STEP][PASSED] - platform.Method.clickOnElement(findTestObject("Toggle/enablePartialMatch")): platform.Method.clickOnElement is PASSED&#xD;
&#xD;
2020-06-23 16:40:22 - [MESSAGE][PASSED] - platform.Method.clickOnElement is PASSED&#xD;
&#xD;
2020-06-23 16:40:22 - [TEST_STEP][PASSED] - setText(findTestObject("Input/partialMatch"), testData.getValue("handover_value", 1)): Text '2' is set on object 'Object Repository/Input/partialMatch'&#xD;
&#xD;
2020-06-23 16:40:26 - [MESSAGE][PASSED] - Text '2' is set on object 'Object Repository/Input/partialMatch'&#xD;
&#xD;
2020-06-23 16:40:26 - [TEST_STEP][PASSED] - platform.Method.clickOnElement(findTestObject("Toggle/retries")): platform.Method.clickOnElement is PASSED&#xD;
&#xD;
2020-06-23 16:40:29 - [MESSAGE][PASSED] - platform.Method.clickOnElement is PASSED&#xD;
&#xD;
2020-06-23 16:40:29 - [TEST_STEP][PASSED] - platform.Method.clickOnElement(findTestObject("Button/updateBot")): platform.Method.clickOnElement is PASSED&#xD;
&#xD;
2020-06-23 16:40:31 - [MESSAGE][PASSED] - platform.Method.clickOnElement is PASSED&#xD;
&#xD;
2020-06-23 16:40:31 - [TEST_STEP][PASSED] - verifyElementPresent(findTestObject("ICONS/toastMsg"), 20, STOP_ON_FAILURE): Object 'Object Repository/ICONS/toastMsg' is present&#xD;
&#xD;
2020-06-23 16:40:36 - [MESSAGE][PASSED] - Object 'Object Repository/ICONS/toastMsg' is present&#xD;
&#xD;
2020-06-23 16:40:36 - [TEST_STEP][PASSED] - platform.Method.clickOnElement(findTestObject("Generic/session")): platform.Method.clickOnElement is PASSED&#xD;
&#xD;
2020-06-23 16:40:40 - [MESSAGE][PASSED] - platform.Method.clickOnElement is PASSED&#xD;
&#xD;
2020-06-23 16:40:40 - [TEST_STEP][PASSED] - platform.Method.clickOnElement(findTestObject("Button/preview")): platform.Method.clickOnElement is PASSED&#xD;
&#xD;
2020-06-23 16:40:42 - [MESSAGE][PASSED] - platform.Method.clickOnElement is PASSED&#xD;
&#xD;
2020-06-23 16:40:42 - [TEST_STEP][PASSED] - for ([count = 1, count &lt;= Integer.parseInt(testData.getValue("handover_value", 1)), (count++)]): Object 'Object Repository/GenericII/getBotResponse' is present&#xD;
&#xD;
2020-06-23 16:40:42 - [TEST_STEP][PASSED] - sendKeys(findTestObject("Input/chatInput"), Keys.chord(userQuery, ENTER)): Keys 'ENTER + IH-98/26, Katalon area' sent to object: 'Object Repository/Input/chatInput'&#xD;
&#xD;
2020-06-23 16:40:46 - [MESSAGE][PASSED] - Keys 'ENTER + IH-98/26, Katalon area' sent to object: 'Object Repository/Input/chatInput'&#xD;
&#xD;
2020-06-23 16:40:46 - [TEST_STEP][PASSED] - verifyElementPresent(findTestObject("GenericII/getBotResponse", ["index":count + 1]), 15, OPTIONAL): Object 'Object Repository/GenericII/getBotResponse' is present&#xD;
&#xD;
2020-06-23 16:40:47 - [MESSAGE][PASSED] - Object 'Object Repository/GenericII/getBotResponse' is present&#xD;
&#xD;
2020-06-23 16:40:47 - [TEST_STEP][PASSED] - sendKeys(findTestObject("Input/chatInput"), Keys.chord(userQuery, ENTER)): Keys 'ENTER + IH-98/26, Katalon area' sent to object: 'Object Repository/Input/chatInput'&#xD;
&#xD;
2020-06-23 16:40:51 - [MESSAGE][PASSED] - Keys 'ENTER + IH-98/26, Katalon area' sent to object: 'Object Repository/Input/chatInput'&#xD;
&#xD;
2020-06-23 16:40:51 - [TEST_STEP][PASSED] - verifyElementPresent(findTestObject("GenericII/getBotResponse", ["index":count + 1]), 15, OPTIONAL): Object 'Object Repository/GenericII/getBotResponse' is present&#xD;
&#xD;
2020-06-23 16:40:52 - [MESSAGE][PASSED] - Object 'Object Repository/GenericII/getBotResponse' is present&#xD;
&#xD;
2020-06-23 16:40:52 - [TEST_STEP][PASSED] - verifyElementText(findTestObject("GenericII/getBotResponse", ["index":4]), agentHandover, STOP_ON_FAILURE): Actual text and expected text of test object 'Object Repository/GenericII/getBotResponse' are matched.&#xD;
&#xD;
2020-06-23 16:40:54 - [MESSAGE][PASSED] - Actual text and expected text of test object 'Object Repository/GenericII/getBotResponse' are matched.&#xD;
&#xD;
2020-06-23 16:40:54 - [TEST_STEP][PASSED] - roomID = new java.util.ArrayList(): null&#xD;
&#xD;
2020-06-23 16:40:54 - [TEST_STEP][PASSED] - roomID = platform.Utility.getRoomID(): platform.Utility.getRoomID is PASSED&#xD;
&#xD;
2020-06-23 16:40:59 - [MESSAGE][PASSED] - platform.Utility.getRoomID is PASSED&#xD;
&#xD;
2020-06-23 16:40:59 - [TEST_STEP][PASSED] - platform.Method.clickOnElement(findTestObject("GenericII/minimize")): platform.Method.clickOnElement is PASSED&#xD;
&#xD;
2020-06-23 16:41:01 - [MESSAGE][PASSED] - platform.Method.clickOnElement is PASSED&#xD;
&#xD;
2020-06-23 16:41:01 - [TEST_STEP][PASSED] - platform.Session.searchByRoomMetaData("Agent handover happened"): platform.Session.searchByRoomMetaData is PASSED&#xD;
&#xD;
2020-06-23 16:41:06 - [MESSAGE][PASSED] - platform.Session.searchByRoomMetaData is PASSED&#xD;
&#xD;
2020-06-23 16:41:06 - [TEST_STEP][PASSED] - verifyTextPresent(get(0).toString(), false, STOP_ON_FAILURE): Text '1980604' is present on page &#xD;
&#xD;
2020-06-23 16:41:10 - [MESSAGE][PASSED] - Text '1980604' is present on page &#xD;
&#xD;
2020-06-23 16:41:10 - [TEST_STEP][PASSED] - platform.Method.clickOnElement(findTestObject("Button/clear")): platform.Method.clickOnElement is PASSED&#xD;
&#xD;
2020-06-23 16:41:13 - [MESSAGE][PASSED] - platform.Method.clickOnElement is PASSED&#xD;
&#xD;
2020-06-23 16:41:13 - [TEST_STEP][PASSED] - platform.Method.clickOnElement(findTestObject("Button/preview")): platform.Method.clickOnElement is PASSED&#xD;
&#xD;
2020-06-23 16:41:15 - [MESSAGE][PASSED] - platform.Method.clickOnElement is PASSED&#xD;
&#xD;
2020-06-23 16:41:15 - [TEST_STEP][PASSED] - for ([count = 1, count &lt;= Integer.parseInt(testData.getValue("handover_value", 1)) + 1, (count++)]): null&#xD;
&#xD;
2020-06-23 16:41:15 - [TEST_STEP][PASSED] - sendKeys(findTestObject("Input/chatInput"), Keys.chord(retry, ENTER)): Keys 'ENTER + Delivery service in chennai' sent to object: 'Object Repository/Input/chatInput'&#xD;
&#xD;
2020-06-23 16:41:19 - [MESSAGE][PASSED] - Keys 'ENTER + Delivery service in chennai' sent to object: 'Object Repository/Input/chatInput'&#xD;
&#xD;
2020-06-23 16:41:19 - [TEST_STEP][PASSED] - verifyElementPresent(findTestObject("GenericII/getBotResponse", ["index":count + 1]), 15, OPTIONAL): Object 'Object Repository/GenericII/getBotResponse' is present&#xD;
&#xD;
2020-06-23 16:41:20 - [MESSAGE][PASSED] - Object 'Object Repository/GenericII/getBotResponse' is present&#xD;
&#xD;
2020-06-23 16:41:20 - [TEST_STEP][PASSED] - if (count == 3): null&#xD;
&#xD;
2020-06-23 16:41:20 - [TEST_STEP][PASSED] - verifyElementText(findTestObject("GenericII/getBotResponse", ["index":count + 1]), testData.getValue("missing_entity_default_text", 1), STOP_ON_FAILURE): Actual text and expected text of test object 'Object Repository/GenericII/getBotResponse' are matched.&#xD;
&#xD;
2020-06-23 16:41:22 - [MESSAGE][PASSED] - Actual text and expected text of test object 'Object Repository/GenericII/getBotResponse' are matched.&#xD;
&#xD;
2020-06-23 16:41:22 - [TEST_STEP][PASSED] - sendKeys(findTestObject("Input/chatInput"), Keys.chord(retry, ENTER)): Keys 'ENTER + Delivery service in chennai' sent to object: 'Object Repository/Input/chatInput'&#xD;
&#xD;
2020-06-23 16:41:25 - [MESSAGE][PASSED] - Keys 'ENTER + Delivery service in chennai' sent to object: 'Object Repository/Input/chatInput'&#xD;
&#xD;
2020-06-23 16:41:25 - [TEST_STEP][PASSED] - verifyElementPresent(findTestObject("GenericII/getBotResponse", ["index":count + 1]), 15, OPTIONAL): Object 'Object Repository/GenericII/getBotResponse' is present&#xD;
&#xD;
2020-06-23 16:41:27 - [MESSAGE][PASSED] - Object 'Object Repository/GenericII/getBotResponse' is present&#xD;
&#xD;
2020-06-23 16:41:27 - [TEST_STEP][PASSED] - if (count == 3): null&#xD;
&#xD;
2020-06-23 16:41:27 - [TEST_STEP][PASSED] - verifyElementText(findTestObject("GenericII/getBotResponse", ["index":count + 1]), testData.getValue("missing_entity_default_text", 1), STOP_ON_FAILURE): Actual text and expected text of test object 'Object Repository/GenericII/getBotResponse' are matched.&#xD;
&#xD;
2020-06-23 16:41:29 - [MESSAGE][PASSED] - Actual text and expected text of test object 'Object Repository/GenericII/getBotResponse' are matched.&#xD;
&#xD;
2020-06-23 16:41:29 - [TEST_STEP][PASSED] - sendKeys(findTestObject("Input/chatInput"), Keys.chord(retry, ENTER)): Keys 'ENTER + Delivery service in chennai' sent to object: 'Object Repository/Input/chatInput'&#xD;
&#xD;
2020-06-23 16:41:32 - [MESSAGE][PASSED] - Keys 'ENTER + Delivery service in chennai' sent to object: 'Object Repository/Input/chatInput'&#xD;
&#xD;
2020-06-23 16:41:32 - [TEST_STEP][PASSED] - verifyElementPresent(findTestObject("GenericII/getBotResponse", ["index":count + 1]), 15, OPTIONAL): Object 'Object Repository/GenericII/getBotResponse' is present&#xD;
&#xD;
2020-06-23 16:41:33 - [MESSAGE][PASSED] - Object 'Object Repository/GenericII/getBotResponse' is present&#xD;
&#xD;
2020-06-23 16:41:33 - [TEST_STEP][PASSED] - if (count == 3): null&#xD;
&#xD;
2020-06-23 16:41:33 - [TEST_STEP][PASSED] - break: null&#xD;
&#xD;
2020-06-23 16:41:33 - [TEST_STEP][PASSED] - newRoomID = new java.util.ArrayList(): null&#xD;
&#xD;
2020-06-23 16:41:33 - [TEST_STEP][PASSED] - newRoomID = platform.Utility.getRoomID(): platform.Utility.getRoomID is PASSED&#xD;
&#xD;
2020-06-23 16:41:39 - [MESSAGE][PASSED] - platform.Utility.getRoomID is PASSED&#xD;
&#xD;
2020-06-23 16:41:39 - [TEST_STEP][PASSED] - platform.Method.clickOnElement(findTestObject("GenericII/minimize")): platform.Method.clickOnElement is PASSED&#xD;
&#xD;
2020-06-23 16:41:42 - [MESSAGE][PASSED] - platform.Method.clickOnElement is PASSED&#xD;
&#xD;
2020-06-23 16:41:42 - [TEST_STEP][PASSED] - platform.Session.searchByRoomID(get(0).toString()): platform.Session.searchByRoomID is PASSED&#xD;
&#xD;
2020-06-23 16:41:46 - [MESSAGE][PASSED] - Text '1980605' is set on object 'Object Repository/Input/roomID'&#xD;
&#xD;
2020-06-23 16:41:48 - [MESSAGE][PASSED] - platform.Session.searchByRoomID is PASSED&#xD;
&#xD;
2020-06-23 16:41:48 - [TEST_STEP][PASSED] - verifyElementPresent(findTestObject("ICONS/sendToAgent"), 10, STOP_ON_FAILURE): Object 'Object Repository/ICONS/sendToAgent' is present&#xD;
&#xD;
2020-06-23 16:41:49 - [MESSAGE][PASSED] - Object 'Object Repository/ICONS/sendToAgent' is present</system-out>
            <system-err></system-err>
        </testcase>
        <testcase name="Test Cases/Taskbot/explictAgentHandover_Test" classname="Test Cases/Taskbot/explictAgentHandover_Test" status="PASSED">
            <system-out>2020-06-23 16:41:49 - [TEST_CASE][PASSED] - Test Cases/Taskbot/explictAgentHandover_Test: Test Cases/Taskbot/explictAgentHandover_Test&#xD;
&#xD;
2020-06-23 16:41:49 - [TEST_STEP][PASSED] - Start listener action : setUp: Current window maximized&#xD;
&#xD;
2020-06-23 16:41:49 - [TEST_STEP][PASSED] - openBrowser(URL): Browser is opened with url: 'preprod.imibot.ai'&#xD;
&#xD;
2020-06-23 16:41:49 - [MESSAGE][WARNING] - A browser is already opened. Closing browser and opening a new one&#xD;
&#xD;
2020-06-23 16:41:52 - [MESSAGE][INFO] - Starting 'Chrome' driver&#xD;
&#xD;
2020-06-23 16:41:52 - [MESSAGE][INFO] - User set preference: ['args', '[--start-maximized]']&#xD;
&#xD;
2020-06-23 16:42:07 - [MESSAGE][PASSED] - Browser is opened with url: 'preprod.imibot.ai'&#xD;
&#xD;
2020-06-23 16:42:07 - [TEST_STEP][PASSED] - maximizeWindow(): Current window maximized&#xD;
&#xD;
2020-06-23 16:42:09 - [MESSAGE][PASSED] - Current window maximized&#xD;
&#xD;
2020-06-23 16:42:09 - [TEST_STEP][PASSED] - callTestCase(findTestCase("Generic/successfulLogin_Test"), [:], STOP_ON_FAILURE): Call Test Case 'Test Cases/Generic/successfulLogin_Test' successfully&#xD;
&#xD;
2020-06-23 16:42:09 - [TEST_CASE][PASSED] - Test Cases/Generic/successfulLogin_Test: Test Cases/Generic/successfulLogin_Test&#xD;
&#xD;
2020-06-23 16:42:09 - [TEST_STEP][PASSED] - sendKeys(findTestObject("Input/username"), USERNAME): Keys 'narendra.n@imimobile.com' sent to object: 'Object Repository/Input/username'&#xD;
&#xD;
2020-06-23 16:42:12 - [MESSAGE][PASSED] - Keys 'narendra.n@imimobile.com' sent to object: 'Object Repository/Input/username'&#xD;
&#xD;
2020-06-23 16:42:12 - [TEST_STEP][PASSED] - sendKeys(findTestObject("Input/password"), PASSWORD): Keys 'Test@2020' sent to object: 'Object Repository/Input/password'&#xD;
&#xD;
2020-06-23 16:42:14 - [MESSAGE][PASSED] - Keys 'Test@2020' sent to object: 'Object Repository/Input/password'&#xD;
&#xD;
2020-06-23 16:42:14 - [TEST_STEP][PASSED] - click(findTestObject("Button/signIn")): Object: 'Object Repository/Button/signIn' is clicked on&#xD;
&#xD;
2020-06-23 16:42:16 - [MESSAGE][PASSED] - Object: 'Object Repository/Button/signIn' is clicked on&#xD;
&#xD;
2020-06-23 16:42:16 - [TEST_STEP][PASSED] - if (!(waitForElementPresent(findTestObject("Button/createBot"), 30, OPTIONAL))): Object 'Object Repository/Button/createBot' is present&#xD;
&#xD;
2020-06-23 16:42:32 - [MESSAGE][PASSED] - Object 'Object Repository/Button/createBot' is present&#xD;
&#xD;
2020-06-23 16:42:32 - [MESSAGE][PASSED] - Call Test Case 'Test Cases/Generic/successfulLogin_Test' successfully&#xD;
&#xD;
2020-06-23 16:42:32 - [TEST_STEP][PASSED] - platform.Method.navigateToBot("Task bots", TASK_BOT): platform.Method.navigateToBot is PASSED&#xD;
&#xD;
2020-06-23 16:42:33 - [MESSAGE][PASSED] - Object 'Object Repository/Button/createBot' is present&#xD;
&#xD;
2020-06-23 16:42:36 - [MESSAGE][INFO] - Performing click action on bot&#xD;
&#xD;
2020-06-23 16:42:38 - [MESSAGE][PASSED] - platform.Method.navigateToBot is PASSED&#xD;
&#xD;
2020-06-23 16:42:38 - [TEST_STEP][PASSED] - platform.Method.clickOnElement(findTestObject("Generic/training")): platform.Method.clickOnElement is PASSED&#xD;
&#xD;
2020-06-23 16:42:44 - [MESSAGE][PASSED] - platform.Method.clickOnElement is PASSED&#xD;
&#xD;
2020-06-23 16:42:44 - [TEST_STEP][PASSED] - testData = findTestData("Data Files/testData_Task"): null&#xD;
&#xD;
2020-06-23 16:42:44 - [TEST_STEP][PASSED] - platform.Training.addMultipleUtterance(testData, "handover_utterance"): platform.Training.addMultipleUtterance is PASSED&#xD;
&#xD;
2020-06-23 16:42:47 - [MESSAGE][PASSED] - Object: 'Object Repository/Button/createIntent' is clicked on&#xD;
&#xD;
2020-06-23 16:42:50 - [MESSAGE][PASSED] - Keys 'talk to an agent' sent to object: 'Object Repository/Input/utterance'&#xD;
&#xD;
2020-06-23 16:42:52 - [MESSAGE][PASSED] - Object: 'Object Repository/Button/addUtterance' is clicked on&#xD;
&#xD;
2020-06-23 16:42:57 - [MESSAGE][PASSED] - Delayed 5 second(s)&#xD;
&#xD;
2020-06-23 16:43:00 - [MESSAGE][PASSED] - Keys 'connect me to human' sent to object: 'Object Repository/Input/utterance'&#xD;
&#xD;
2020-06-23 16:43:07 - [MESSAGE][PASSED] - Object: 'Object Repository/Button/addUtterance' is clicked on&#xD;
&#xD;
2020-06-23 16:43:12 - [MESSAGE][PASSED] - Delayed 5 second(s)&#xD;
&#xD;
2020-06-23 16:43:15 - [MESSAGE][PASSED] - Keys 'Could you please help me' sent to object: 'Object Repository/Input/utterance'&#xD;
&#xD;
2020-06-23 16:43:21 - [MESSAGE][PASSED] - Object: 'Object Repository/Button/addUtterance' is clicked on&#xD;
&#xD;
2020-06-23 16:43:27 - [MESSAGE][PASSED] - Delayed 5 second(s)&#xD;
&#xD;
2020-06-23 16:43:27 - [MESSAGE][PASSED] - platform.Training.addMultipleUtterance is PASSED&#xD;
&#xD;
2020-06-23 16:43:27 - [TEST_STEP][PASSED] - sendKeys(findTestObject("Input/intentName"), testData.getValue("intent_name", 5)): Keys 'agent_handover' sent to object: 'Object Repository/Input/intentName'&#xD;
&#xD;
2020-06-23 16:43:30 - [MESSAGE][PASSED] - Keys 'agent_handover' sent to object: 'Object Repository/Input/intentName'&#xD;
&#xD;
2020-06-23 16:43:30 - [TEST_STEP][PASSED] - sendKeys(findTestObject("Input/finalTempKey"), "Agent handover"): Keys 'Agent handover' sent to object: 'Object Repository/Input/finalTempKey'&#xD;
&#xD;
2020-06-23 16:43:33 - [MESSAGE][PASSED] - Keys 'Agent handover' sent to object: 'Object Repository/Input/finalTempKey'&#xD;
&#xD;
2020-06-23 16:43:33 - [TEST_STEP][PASSED] - platform.Method.clickOnElement(findTestObject("Generic/webObjectWithText", ["textValue":"Agent handover"])): platform.Method.clickOnElement is PASSED&#xD;
&#xD;
2020-06-23 16:43:35 - [MESSAGE][PASSED] - platform.Method.clickOnElement is PASSED&#xD;
&#xD;
2020-06-23 16:43:35 - [TEST_STEP][PASSED] - platform.Method.clickOnElement(findTestObject("Button/save", ["value":" Save "])): platform.Method.clickOnElement is PASSED&#xD;
&#xD;
2020-06-23 16:43:37 - [MESSAGE][PASSED] - platform.Method.clickOnElement is PASSED&#xD;
&#xD;
2020-06-23 16:43:37 - [TEST_STEP][PASSED] - verifyElementText(findTestObject("Generic/header"), "agent_handover", STOP_ON_FAILURE): Actual text and expected text of test object 'Object Repository/Generic/header' are matched.&#xD;
&#xD;
2020-06-23 16:43:40 - [MESSAGE][PASSED] - Actual text and expected text of test object 'Object Repository/Generic/header' are matched.&#xD;
&#xD;
2020-06-23 16:43:40 - [TEST_STEP][PASSED] - platform.Method.clickOnElement(findTestObject("NewRepo/intentGoBack")): platform.Method.clickOnElement is PASSED&#xD;
&#xD;
2020-06-23 16:43:42 - [MESSAGE][PASSED] - platform.Method.clickOnElement is PASSED&#xD;
&#xD;
2020-06-23 16:43:42 - [TEST_STEP][PASSED] - platform.Method.trainAndComment(testData.getValue("comment", 5)): platform.Method.trainAndComment is PASSED&#xD;
&#xD;
2020-06-23 16:43:50 - [MESSAGE][PASSED] - Keys 'explicit handover to agent intent created' sent to object: 'Object Repository/Input/comment'&#xD;
&#xD;
2020-06-23 16:43:52 - [MESSAGE][PASSED] - platform.Method.trainAndComment is PASSED&#xD;
&#xD;
2020-06-23 16:43:52 - [TEST_STEP][PASSED] - verifyElementPresent(findTestObject("ICONS/toastMsg"), 20, STOP_ON_FAILURE): Object 'Object Repository/ICONS/toastMsg' is present&#xD;
&#xD;
2020-06-23 16:43:54 - [MESSAGE][PASSED] - Object 'Object Repository/ICONS/toastMsg' is present&#xD;
&#xD;
2020-06-23 16:43:54 - [TEST_STEP][PASSED] - platform.Method.clickOnElement(findTestObject("Button/preview")): platform.Method.clickOnElement is PASSED&#xD;
&#xD;
2020-06-23 16:43:56 - [MESSAGE][PASSED] - platform.Method.clickOnElement is PASSED&#xD;
&#xD;
2020-06-23 16:43:56 - [TEST_STEP][PASSED] - sendKeys(findTestObject("Input/chatInput"), Keys.chord("connect me to agent", ENTER)): Keys 'ENTER + connect me to agent' sent to object: 'Object Repository/Input/chatInput'&#xD;
&#xD;
2020-06-23 16:43:59 - [MESSAGE][PASSED] - Keys 'ENTER + connect me to agent' sent to object: 'Object Repository/Input/chatInput'&#xD;
&#xD;
2020-06-23 16:43:59 - [TEST_STEP][PASSED] - verifyElementPresent(findTestObject("GenericII/getBotResponse", ["index":2]), 20, STOP_ON_FAILURE): Object 'Object Repository/GenericII/getBotResponse' is present&#xD;
&#xD;
2020-06-23 16:44:01 - [MESSAGE][PASSED] - Object 'Object Repository/GenericII/getBotResponse' is present&#xD;
&#xD;
2020-06-23 16:44:01 - [TEST_STEP][PASSED] - verifyElementText(findTestObject("GenericII/getBotResponse", ["index":2]), botResponse, STOP_ON_FAILURE): Actual text and expected text of test object 'Object Repository/GenericII/getBotResponse' are matched.&#xD;
&#xD;
2020-06-23 16:44:03 - [MESSAGE][PASSED] - Actual text and expected text of test object 'Object Repository/GenericII/getBotResponse' are matched.&#xD;
&#xD;
2020-06-23 16:44:03 - [TEST_STEP][PASSED] - platform.Method.clickOnElement(findTestObject("Button/preview")): platform.Method.clickOnElement is PASSED&#xD;
&#xD;
2020-06-23 16:44:05 - [MESSAGE][PASSED] - platform.Method.clickOnElement is PASSED&#xD;
&#xD;
2020-06-23 16:44:05 - [TEST_STEP][PASSED] - for ([count = 1, count &lt; 3, (count++)]): Object 'Object Repository/GenericII/getBotResponse' is present&#xD;
&#xD;
2020-06-23 16:44:05 - [TEST_STEP][PASSED] - sendKeys(findTestObject("Input/chatInput"), Keys.chord("Could you please help me", ENTER)): Keys 'ENTER + Could you please help me' sent to object: 'Object Repository/Input/chatInput'&#xD;
&#xD;
2020-06-23 16:44:08 - [MESSAGE][PASSED] - Keys 'ENTER + Could you please help me' sent to object: 'Object Repository/Input/chatInput'&#xD;
&#xD;
2020-06-23 16:44:08 - [TEST_STEP][PASSED] - verifyElementPresent(findTestObject("GenericII/getBotResponse", ["index":count + 1]), 20, OPTIONAL): Object 'Object Repository/GenericII/getBotResponse' is present&#xD;
&#xD;
2020-06-23 16:44:09 - [MESSAGE][PASSED] - Object 'Object Repository/GenericII/getBotResponse' is present&#xD;
&#xD;
2020-06-23 16:44:09 - [TEST_STEP][PASSED] - sendKeys(findTestObject("Input/chatInput"), Keys.chord("Could you please help me", ENTER)): Keys 'ENTER + Could you please help me' sent to object: 'Object Repository/Input/chatInput'&#xD;
&#xD;
2020-06-23 16:44:12 - [MESSAGE][PASSED] - Keys 'ENTER + Could you please help me' sent to object: 'Object Repository/Input/chatInput'&#xD;
&#xD;
2020-06-23 16:44:12 - [TEST_STEP][PASSED] - verifyElementPresent(findTestObject("GenericII/getBotResponse", ["index":count + 1]), 20, OPTIONAL): Object 'Object Repository/GenericII/getBotResponse' is present&#xD;
&#xD;
2020-06-23 16:44:13 - [MESSAGE][PASSED] - Object 'Object Repository/GenericII/getBotResponse' is present&#xD;
&#xD;
2020-06-23 16:44:13 - [TEST_STEP][PASSED] - verifyElementText(findTestObject("GenericII/getBotResponse", ["index":4]), botResponse, STOP_ON_FAILURE): Actual text and expected text of test object 'Object Repository/GenericII/getBotResponse' are matched.&#xD;
&#xD;
2020-06-23 16:44:16 - [MESSAGE][PASSED] - Actual text and expected text of test object 'Object Repository/GenericII/getBotResponse' are matched.&#xD;
&#xD;
2020-06-23 16:44:16 - [TEST_STEP][PASSED] - roomID = new java.util.ArrayList(): null&#xD;
&#xD;
2020-06-23 16:44:16 - [TEST_STEP][PASSED] - roomID = platform.Utility.getRoomID(): platform.Utility.getRoomID is PASSED&#xD;
&#xD;
2020-06-23 16:44:22 - [MESSAGE][PASSED] - platform.Utility.getRoomID is PASSED&#xD;
&#xD;
2020-06-23 16:44:22 - [TEST_STEP][PASSED] - platform.Method.clickOnElement(findTestObject("GenericII/minimize")): platform.Method.clickOnElement is PASSED&#xD;
&#xD;
2020-06-23 16:44:24 - [MESSAGE][PASSED] - platform.Method.clickOnElement is PASSED&#xD;
&#xD;
2020-06-23 16:44:24 - [TEST_STEP][PASSED] - platform.Method.clickOnElement(findTestObject("Generic/curation")): platform.Method.clickOnElement is PASSED&#xD;
&#xD;
2020-06-23 16:44:28 - [MESSAGE][PASSED] - platform.Method.clickOnElement is PASSED&#xD;
&#xD;
2020-06-23 16:44:28 - [TEST_STEP][PASSED] - platform.Method.clickOnElement(findTestObject("Generic/webObjectWithText", ["textValue":"Agent handover"])): platform.Method.clickOnElement is PASSED&#xD;
&#xD;
2020-06-23 16:44:32 - [MESSAGE][PASSED] - platform.Method.clickOnElement is PASSED&#xD;
&#xD;
2020-06-23 16:44:32 - [TEST_STEP][PASSED] - sendKeys(findTestObject("Input/roomID", ["value":"room_id"]), get(0).toString()): Keys '1980610' sent to object: 'Object Repository/Input/roomID'&#xD;
&#xD;
2020-06-23 16:44:35 - [MESSAGE][PASSED] - Keys '1980610' sent to object: 'Object Repository/Input/roomID'&#xD;
&#xD;
2020-06-23 16:44:35 - [TEST_STEP][PASSED] - platform.Method.toClickOnWebElement(findTestObject("Button/filter")): platform.Method.toClickOnWebElement is PASSED&#xD;
&#xD;
2020-06-23 16:44:38 - [MESSAGE][PASSED] - Object: 'Object Repository/Button/filter' is clicked on&#xD;
&#xD;
2020-06-23 16:44:38 - [MESSAGE][PASSED] - platform.Method.toClickOnWebElement is PASSED&#xD;
&#xD;
2020-06-23 16:44:38 - [TEST_STEP][PASSED] - verifyTextPresent(get(0).toString(), false, STOP_ON_FAILURE): Text '1980610' is present on page &#xD;
&#xD;
2020-06-23 16:44:41 - [MESSAGE][PASSED] - Text '1980610' is present on page</system-out>
            <system-err></system-err>
        </testcase>
        <testcase name="Test Cases/Taskbot/partialMatchResponseConfiguration_Test" classname="Test Cases/Taskbot/partialMatchResponseConfiguration_Test" status="ERROR">
            <error type="ERROR" message="Test Cases/Taskbot/partialMatchResponseConfiguration_Test FAILED.&#xA;Reason:&#xA;org.codehaus.groovy.runtime.InvokerInvocationException: com.kms.katalon.core.webui.exception.WebElementNotFoundException: Web element with id: 'Object Repository/Generic/webObjectWithText' located by 'By.xpath: //*[contains(text(),'report_complain')]' not found&#xD;&#xA;&#x9;at platform.Method.invokeMethod(Method.groovy)&#xD;&#xA;&#x9;at com.kms.katalon.core.main.CustomKeywordDelegatingMetaClass.invokeStaticMethod(CustomKeywordDelegatingMetaClass.java:50)&#xD;&#xA;&#x9;at partialMatchResponseConfiguration_Test.run(partialMatchResponseConfiguration_Test:37)&#xD;&#xA;&#x9;at com.kms.katalon.core.main.ScriptEngine.run(ScriptEngine.java:194)&#xD;&#xA;&#x9;at com.kms.katalon.core.main.ScriptEngine.runScriptAsRawText(ScriptEngine.java:119)&#xD;&#xA;&#x9;at com.kms.katalon.core.main.TestCaseExecutor.runScript(TestCaseExecutor.java:337)&#xD;&#xA;&#x9;at com.kms.katalon.core.main.TestCaseExecutor.doExecute(TestCaseExecutor.java:328)&#xD;&#xA;&#x9;at com.kms.katalon.core.main.TestCaseExecutor.processExecutionPhase(TestCaseExecutor.java:307)&#xD;&#xA;&#x9;at com.kms.katalon.core.main.TestCaseExecutor.accessMainPhase(TestCaseExecutor.java:299)&#xD;&#xA;&#x9;at com.kms.katalon.core.main.TestCaseExecutor.execute(TestCaseExecutor.java:233)&#xD;&#xA;&#x9;at com.kms.katalon.core.main.TestSuiteExecutor.accessTestCaseMainPhase(TestSuiteExecutor.java:169)&#xD;&#xA;&#x9;at com.kms.katalon.core.main.TestSuiteExecutor.accessTestSuiteMainPhase(TestSuiteExecutor.java:142)&#xD;&#xA;&#x9;at com.kms.katalon.core.main.TestSuiteExecutor.execute(TestSuiteExecutor.java:91)&#xD;&#xA;&#x9;at com.kms.katalon.core.main.TestCaseMain.startTestSuite(TestCaseMain.java:157)&#xD;&#xA;&#x9;at com.kms.katalon.core.main.TestCaseMain$startTestSuite$0.call(Unknown Source)&#xD;&#xA;&#x9;at TempTestSuite1592909295916.run(TempTestSuite1592909295916.groovy:35)&#xD;&#xA;Caused by: com.kms.katalon.core.webui.exception.WebElementNotFoundException: Web element with id: 'Object Repository/Generic/webObjectWithText' located by 'By.xpath: //*[contains(text(),'report_complain')]' not found&#xD;&#xA;&#x9;at com.kms.katalon.core.webui.common.WebUiCommonHelper.findWebElement(WebUiCommonHelper.java:1097)&#xD;&#xA;&#x9;at com.kms.katalon.core.webui.common.WebUiCommonHelper$findWebElement$0.call(Unknown Source)&#xD;&#xA;&#x9;at platform.Method.clickOnElement(Method.groovy:31)&#xD;&#xA;&#x9;... 16 more&#xD;&#xA;"/>
            <system-out>2020-06-23 16:44:41 - [TEST_CASE][ERROR] - Test Cases/Taskbot/partialMatchResponseConfiguration_Test: Test Cases/Taskbot/partialMatchResponseConfiguration_Test FAILED.
Reason:
org.codehaus.groovy.runtime.InvokerInvocationException: com.kms.katalon.core.webui.exception.WebElementNotFoundException: Web element with id: 'Object Repository/Generic/webObjectWithText' located by 'By.xpath: //*[contains(text(),'report_complain')]' not found&#xD;
	at platform.Method.invokeMethod(Method.groovy)&#xD;
	at com.kms.katalon.core.main.CustomKeywordDelegatingMetaClass.invokeStaticMethod(CustomKeywordDelegatingMetaClass.java:50)&#xD;
	at partialMatchResponseConfiguration_Test.run(partialMatchResponseConfiguration_Test:37)&#xD;
	at com.kms.katalon.core.main.ScriptEngine.run(ScriptEngine.java:194)&#xD;
	at com.kms.katalon.core.main.ScriptEngine.runScriptAsRawText(ScriptEngine.java:119)&#xD;
	at com.kms.katalon.core.main.TestCaseExecutor.runScript(TestCaseExecutor.java:337)&#xD;
	at com.kms.katalon.core.main.TestCaseExecutor.doExecute(TestCaseExecutor.java:328)&#xD;
	at com.kms.katalon.core.main.TestCaseExecutor.processExecutionPhase(TestCaseExecutor.java:307)&#xD;
	at com.kms.katalon.core.main.TestCaseExecutor.accessMainPhase(TestCaseExecutor.java:299)&#xD;
	at com.kms.katalon.core.main.TestCaseExecutor.execute(TestCaseExecutor.java:233)&#xD;
	at com.kms.katalon.core.main.TestSuiteExecutor.accessTestCaseMainPhase(TestSuiteExecutor.java:169)&#xD;
	at com.kms.katalon.core.main.TestSuiteExecutor.accessTestSuiteMainPhase(TestSuiteExecutor.java:142)&#xD;
	at com.kms.katalon.core.main.TestSuiteExecutor.execute(TestSuiteExecutor.java:91)&#xD;
	at com.kms.katalon.core.main.TestCaseMain.startTestSuite(TestCaseMain.java:157)&#xD;
	at com.kms.katalon.core.main.TestCaseMain$startTestSuite$0.call(Unknown Source)&#xD;
	at TempTestSuite1592909295916.run(TempTestSuite1592909295916.groovy:35)&#xD;
Caused by: com.kms.katalon.core.webui.exception.WebElementNotFoundException: Web element with id: 'Object Repository/Generic/webObjectWithText' located by 'By.xpath: //*[contains(text(),'report_complain')]' not found&#xD;
	at com.kms.katalon.core.webui.common.WebUiCommonHelper.findWebElement(WebUiCommonHelper.java:1097)&#xD;
	at com.kms.katalon.core.webui.common.WebUiCommonHelper$findWebElement$0.call(Unknown Source)&#xD;
	at platform.Method.clickOnElement(Method.groovy:31)&#xD;
	... 16 more&#xD;
&#xD;
&#xD;
2020-06-23 16:44:41 - [TEST_STEP][PASSED] - Start listener action : setUp: Current window maximized&#xD;
&#xD;
2020-06-23 16:44:41 - [TEST_STEP][PASSED] - openBrowser(URL): Browser is opened with url: 'preprod.imibot.ai'&#xD;
&#xD;
2020-06-23 16:44:41 - [MESSAGE][WARNING] - A browser is already opened. Closing browser and opening a new one&#xD;
&#xD;
2020-06-23 16:44:44 - [MESSAGE][INFO] - Starting 'Chrome' driver&#xD;
&#xD;
2020-06-23 16:44:44 - [MESSAGE][INFO] - User set preference: ['args', '[--start-maximized]']&#xD;
&#xD;
2020-06-23 16:44:56 - [MESSAGE][PASSED] - Browser is opened with url: 'preprod.imibot.ai'&#xD;
&#xD;
2020-06-23 16:44:56 - [TEST_STEP][PASSED] - maximizeWindow(): Current window maximized&#xD;
&#xD;
2020-06-23 16:44:58 - [MESSAGE][PASSED] - Current window maximized&#xD;
&#xD;
2020-06-23 16:44:58 - [TEST_STEP][PASSED] - callTestCase(findTestCase("Generic/successfulLogin_Test"), [:], STOP_ON_FAILURE): Call Test Case 'Test Cases/Generic/successfulLogin_Test' successfully&#xD;
&#xD;
2020-06-23 16:44:59 - [TEST_CASE][PASSED] - Test Cases/Generic/successfulLogin_Test: Test Cases/Generic/successfulLogin_Test&#xD;
&#xD;
2020-06-23 16:44:59 - [TEST_STEP][PASSED] - sendKeys(findTestObject("Input/username"), USERNAME): Keys 'narendra.n@imimobile.com' sent to object: 'Object Repository/Input/username'&#xD;
&#xD;
2020-06-23 16:45:01 - [MESSAGE][PASSED] - Keys 'narendra.n@imimobile.com' sent to object: 'Object Repository/Input/username'&#xD;
&#xD;
2020-06-23 16:45:01 - [TEST_STEP][PASSED] - sendKeys(findTestObject("Input/password"), PASSWORD): Keys 'Test@2020' sent to object: 'Object Repository/Input/password'&#xD;
&#xD;
2020-06-23 16:45:04 - [MESSAGE][PASSED] - Keys 'Test@2020' sent to object: 'Object Repository/Input/password'&#xD;
&#xD;
2020-06-23 16:45:04 - [TEST_STEP][PASSED] - click(findTestObject("Button/signIn")): Object: 'Object Repository/Button/signIn' is clicked on&#xD;
&#xD;
2020-06-23 16:45:07 - [MESSAGE][PASSED] - Object: 'Object Repository/Button/signIn' is clicked on&#xD;
&#xD;
2020-06-23 16:45:07 - [TEST_STEP][PASSED] - if (!(waitForElementPresent(findTestObject("Button/createBot"), 30, OPTIONAL))): Object 'Object Repository/Button/createBot' is present&#xD;
&#xD;
2020-06-23 16:45:26 - [MESSAGE][PASSED] - Object 'Object Repository/Button/createBot' is present&#xD;
&#xD;
2020-06-23 16:45:26 - [MESSAGE][PASSED] - Call Test Case 'Test Cases/Generic/successfulLogin_Test' successfully&#xD;
&#xD;
2020-06-23 16:45:26 - [TEST_STEP][PASSED] - platform.Method.navigateToBot("Task bots", TASK_BOT): platform.Method.navigateToBot is PASSED&#xD;
&#xD;
2020-06-23 16:45:27 - [MESSAGE][PASSED] - Object 'Object Repository/Button/createBot' is present&#xD;
&#xD;
2020-06-23 16:45:30 - [MESSAGE][INFO] - Performing click action on bot&#xD;
&#xD;
2020-06-23 16:45:32 - [MESSAGE][PASSED] - platform.Method.navigateToBot is PASSED&#xD;
&#xD;
2020-06-23 16:45:32 - [TEST_STEP][PASSED] - testData = findTestData("Data Files/testData_Task"): null&#xD;
&#xD;
2020-06-23 16:45:33 - [TEST_STEP][PASSED] - platform.Method.clickOnElement(findTestObject("Generic/response")): platform.Method.clickOnElement is PASSED&#xD;
&#xD;
2020-06-23 16:45:39 - [MESSAGE][PASSED] - platform.Method.clickOnElement is PASSED&#xD;
&#xD;
2020-06-23 16:45:39 - [TEST_STEP][PASSED] - platform.Method.clickOnElement(findTestObject("Generic/webObjectWithText", ["textValue":"Partial match "])): platform.Method.clickOnElement is PASSED&#xD;
&#xD;
2020-06-23 16:45:41 - [MESSAGE][PASSED] - platform.Method.clickOnElement is PASSED&#xD;
&#xD;
2020-06-23 16:45:41 - [TEST_STEP][PASSED] - setText(findTestObject("Input/textResponse"), testData.getValue("partial_match_message", 1), STOP_ON_FAILURE): Text 'Sorry but I'm unable to comprehend your intent. Following are the list of relevant intent to your query, please select one if you find it similar to what you are looking for.' is set on object 'Object Repository/Input/textResponse'&#xD;
&#xD;
2020-06-23 16:45:50 - [MESSAGE][PASSED] - Text 'Sorry but I'm unable to comprehend your intent. Following are the list of relevant intent to your query, please select one if you find it similar to what you are looking for.' is set on object 'Object Repository/Input/textResponse'&#xD;
&#xD;
2020-06-23 16:45:50 - [TEST_STEP][PASSED] - platform.Method.clickOnElement(findTestObject("NewRepo/refresh")): platform.Method.clickOnElement is PASSED&#xD;
&#xD;
2020-06-23 16:45:53 - [MESSAGE][PASSED] - platform.Method.clickOnElement is PASSED&#xD;
&#xD;
2020-06-23 16:45:53 - [TEST_STEP][PASSED] - platform.Method.clickOnElement(findTestObject("Generic/training")): platform.Method.clickOnElement is PASSED&#xD;
&#xD;
2020-06-23 16:45:55 - [MESSAGE][PASSED] - platform.Method.clickOnElement is PASSED&#xD;
&#xD;
2020-06-23 16:45:55 - [TEST_STEP][ERROR] - platform.Method.clickOnElement(findTestObject("Generic/webObjectWithText", ["textValue":"report_complain"])): com.kms.katalon.core.webui.exception.WebElementNotFoundException: Web element with id: 'Object Repository/Generic/webObjectWithText' located by 'By.xpath: //*[contains(text(),'report_complain')]' not found&#xD;
&#xD;
2020-06-23 16:46:01 - [MESSAGE][INFO] - Unable to find the element located by 'By.xpath: //*[contains(text(),'report_complain')]'. Please recheck the objects properties to make sure the desired element is located. &#xD;
&#xD;
2020-06-23 16:46:01 - [MESSAGE][ERROR] - com.kms.katalon.core.webui.exception.WebElementNotFoundException: Web element with id: 'Object Repository/Generic/webObjectWithText' located by 'By.xpath: //*[contains(text(),'report_complain')]' not found</system-out>
            <system-err>2020-06-23 16:44:41 - [TEST_CASE][ERROR] - Test Cases/Taskbot/partialMatchResponseConfiguration_Test: Test Cases/Taskbot/partialMatchResponseConfiguration_Test FAILED.
Reason:
org.codehaus.groovy.runtime.InvokerInvocationException: com.kms.katalon.core.webui.exception.WebElementNotFoundException: Web element with id: 'Object Repository/Generic/webObjectWithText' located by 'By.xpath: //*[contains(text(),'report_complain')]' not found&#xD;
	at platform.Method.invokeMethod(Method.groovy)&#xD;
	at com.kms.katalon.core.main.CustomKeywordDelegatingMetaClass.invokeStaticMethod(CustomKeywordDelegatingMetaClass.java:50)&#xD;
	at partialMatchResponseConfiguration_Test.run(partialMatchResponseConfiguration_Test:37)&#xD;
	at com.kms.katalon.core.main.ScriptEngine.run(ScriptEngine.java:194)&#xD;
	at com.kms.katalon.core.main.ScriptEngine.runScriptAsRawText(ScriptEngine.java:119)&#xD;
	at com.kms.katalon.core.main.TestCaseExecutor.runScript(TestCaseExecutor.java:337)&#xD;
	at com.kms.katalon.core.main.TestCaseExecutor.doExecute(TestCaseExecutor.java:328)&#xD;
	at com.kms.katalon.core.main.TestCaseExecutor.processExecutionPhase(TestCaseExecutor.java:307)&#xD;
	at com.kms.katalon.core.main.TestCaseExecutor.accessMainPhase(TestCaseExecutor.java:299)&#xD;
	at com.kms.katalon.core.main.TestCaseExecutor.execute(TestCaseExecutor.java:233)&#xD;
	at com.kms.katalon.core.main.TestSuiteExecutor.accessTestCaseMainPhase(TestSuiteExecutor.java:169)&#xD;
	at com.kms.katalon.core.main.TestSuiteExecutor.accessTestSuiteMainPhase(TestSuiteExecutor.java:142)&#xD;
	at com.kms.katalon.core.main.TestSuiteExecutor.execute(TestSuiteExecutor.java:91)&#xD;
	at com.kms.katalon.core.main.TestCaseMain.startTestSuite(TestCaseMain.java:157)&#xD;
	at com.kms.katalon.core.main.TestCaseMain$startTestSuite$0.call(Unknown Source)&#xD;
	at TempTestSuite1592909295916.run(TempTestSuite1592909295916.groovy:35)&#xD;
Caused by: com.kms.katalon.core.webui.exception.WebElementNotFoundException: Web element with id: 'Object Repository/Generic/webObjectWithText' located by 'By.xpath: //*[contains(text(),'report_complain')]' not found&#xD;
	at com.kms.katalon.core.webui.common.WebUiCommonHelper.findWebElement(WebUiCommonHelper.java:1097)&#xD;
	at com.kms.katalon.core.webui.common.WebUiCommonHelper$findWebElement$0.call(Unknown Source)&#xD;
	at platform.Method.clickOnElement(Method.groovy:31)&#xD;
	... 16 more</system-err>
        </testcase>
        <testcase name="Test Cases/Taskbot/encryptionOnCurationAndSessions_Test" classname="Test Cases/Taskbot/encryptionOnCurationAndSessions_Test" status="ERROR">
            <error type="ERROR" message="Test Cases/Taskbot/encryptionOnCurationAndSessions_Test FAILED.&#xA;Reason:&#xA;org.openqa.selenium.StaleElementReferenceException: stale element reference: element is not attached to the page document&#xA;  (Session info: chrome=83.0.4103.106)&#xA;For documentation on this error, please visit: https://www.seleniumhq.org/exceptions/stale_element_reference.html&#xA;Build info: version: '3.141.59', revision: 'e82be7d358', time: '2018-11-14T08:25:53'&#xA;System info: host: 'WLPT580', ip: '192.168.43.195', os.name: 'Windows 8.1', os.arch: 'amd64', os.version: '6.3', java.version: '1.8.0_181'&#xA;Driver info: com.kms.katalon.selenium.driver.CChromeDriver&#xA;Capabilities {acceptInsecureCerts: false, browserName: chrome, browserVersion: 83.0.4103.106, chrome: {chromedriverVersion: 83.0.4103.39 (ccbf011cb2d2b..., userDataDir: C:\Users\narendra.n\AppData...}, goog:chromeOptions: {debuggerAddress: localhost:60765}, javascriptEnabled: true, networkConnectionEnabled: false, pageLoadStrategy: normal, platform: WINDOWS, platformName: WINDOWS, proxy: Proxy(), setWindowRect: true, strictFileInteractability: false, timeouts: {implicit: 0, pageLoad: 300000, script: 30000}, unhandledPromptBehavior: dismiss and notify, webauthn:virtualAuthenticators: true}&#xA;Session ID: e9cade47d067a431de0d0add25a1f83e&#xD;&#xA;&#x9;at org.openqa.selenium.remote.http.W3CHttpResponseCodec.createException(W3CHttpResponseCodec.java:187)&#xD;&#xA;&#x9;at org.openqa.selenium.remote.http.W3CHttpResponseCodec.decode(W3CHttpResponseCodec.java:122)&#xD;&#xA;&#x9;at org.openqa.selenium.remote.http.W3CHttpResponseCodec.decode(W3CHttpResponseCodec.java:49)&#xD;&#xA;&#x9;at org.openqa.selenium.remote.HttpCommandExecutor.execute(HttpCommandExecutor.java:158)&#xD;&#xA;&#x9;at org.openqa.selenium.remote.service.DriverCommandExecutor.execute(DriverCommandExecutor.java:83)&#xD;&#xA;&#x9;at org.openqa.selenium.remote.RemoteWebDriver.execute(RemoteWebDriver.java:552)&#xD;&#xA;&#x9;at com.kms.katalon.selenium.driver.CChromeDriver.execute(CChromeDriver.java:20)&#xD;&#xA;&#x9;at org.openqa.selenium.remote.RemoteWebDriver.executeScript(RemoteWebDriver.java:489)&#xD;&#xA;&#x9;at platform.Method.clickOnElement(Method.groovy:32)&#xD;&#xA;&#x9;at platform.Session.decryptSession(Session.groovy:56)&#xD;&#xA;&#x9;at platform.Method.invokeMethod(Method.groovy)&#xD;&#xA;&#x9;at com.kms.katalon.core.main.CustomKeywordDelegatingMetaClass.invokeStaticMethod(CustomKeywordDelegatingMetaClass.java:50)&#xD;&#xA;&#x9;at encryptionOnCurationAndSessions_Test.run(encryptionOnCurationAndSessions_Test:34)&#xD;&#xA;&#x9;at com.kms.katalon.core.main.ScriptEngine.run(ScriptEngine.java:194)&#xD;&#xA;&#x9;at com.kms.katalon.core.main.ScriptEngine.runScriptAsRawText(ScriptEngine.java:119)&#xD;&#xA;&#x9;at com.kms.katalon.core.main.TestCaseExecutor.runScript(TestCaseExecutor.java:337)&#xD;&#xA;&#x9;at com.kms.katalon.core.main.TestCaseExecutor.doExecute(TestCaseExecutor.java:328)&#xD;&#xA;&#x9;at com.kms.katalon.core.main.TestCaseExecutor.processExecutionPhase(TestCaseExecutor.java:307)&#xD;&#xA;&#x9;at com.kms.katalon.core.main.TestCaseExecutor.accessMainPhase(TestCaseExecutor.java:299)&#xD;&#xA;&#x9;at com.kms.katalon.core.main.TestCaseExecutor.execute(TestCaseExecutor.java:233)&#xD;&#xA;&#x9;at com.kms.katalon.core.main.TestSuiteExecutor.accessTestCaseMainPhase(TestSuiteExecutor.java:169)&#xD;&#xA;&#x9;at com.kms.katalon.core.main.TestSuiteExecutor.accessTestSuiteMainPhase(TestSuiteExecutor.java:142)&#xD;&#xA;&#x9;at com.kms.katalon.core.main.TestSuiteExecutor.execute(TestSuiteExecutor.java:91)&#xD;&#xA;&#x9;at com.kms.katalon.core.main.TestCaseMain.startTestSuite(TestCaseMain.java:157)&#xD;&#xA;&#x9;at com.kms.katalon.core.main.TestCaseMain$startTestSuite$0.call(Unknown Source)&#xD;&#xA;&#x9;at TempTestSuite1592909295916.run(TempTestSuite1592909295916.groovy:35)&#xD;&#xA;"/>
            <system-out>2020-06-23 16:46:01 - [TEST_CASE][ERROR] - Test Cases/Taskbot/encryptionOnCurationAndSessions_Test: Test Cases/Taskbot/encryptionOnCurationAndSessions_Test FAILED.
Reason:
org.openqa.selenium.StaleElementReferenceException: stale element reference: element is not attached to the page document
  (Session info: chrome=83.0.4103.106)
For documentation on this error, please visit: https://www.seleniumhq.org/exceptions/stale_element_reference.html
Build info: version: '3.141.59', revision: 'e82be7d358', time: '2018-11-14T08:25:53'
System info: host: 'WLPT580', ip: '192.168.43.195', os.name: 'Windows 8.1', os.arch: 'amd64', os.version: '6.3', java.version: '1.8.0_181'
Driver info: com.kms.katalon.selenium.driver.CChromeDriver
Capabilities {acceptInsecureCerts: false, browserName: chrome, browserVersion: 83.0.4103.106, chrome: {chromedriverVersion: 83.0.4103.39 (ccbf011cb2d2b..., userDataDir: C:\Users\narendra.n\AppData...}, goog:chromeOptions: {debuggerAddress: localhost:60765}, javascriptEnabled: true, networkConnectionEnabled: false, pageLoadStrategy: normal, platform: WINDOWS, platformName: WINDOWS, proxy: Proxy(), setWindowRect: true, strictFileInteractability: false, timeouts: {implicit: 0, pageLoad: 300000, script: 30000}, unhandledPromptBehavior: dismiss and notify, webauthn:virtualAuthenticators: true}
Session ID: e9cade47d067a431de0d0add25a1f83e&#xD;
	at org.openqa.selenium.remote.http.W3CHttpResponseCodec.createException(W3CHttpResponseCodec.java:187)&#xD;
	at org.openqa.selenium.remote.http.W3CHttpResponseCodec.decode(W3CHttpResponseCodec.java:122)&#xD;
	at org.openqa.selenium.remote.http.W3CHttpResponseCodec.decode(W3CHttpResponseCodec.java:49)&#xD;
	at org.openqa.selenium.remote.HttpCommandExecutor.execute(HttpCommandExecutor.java:158)&#xD;
	at org.openqa.selenium.remote.service.DriverCommandExecutor.execute(DriverCommandExecutor.java:83)&#xD;
	at org.openqa.selenium.remote.RemoteWebDriver.execute(RemoteWebDriver.java:552)&#xD;
	at com.kms.katalon.selenium.driver.CChromeDriver.execute(CChromeDriver.java:20)&#xD;
	at org.openqa.selenium.remote.RemoteWebDriver.executeScript(RemoteWebDriver.java:489)&#xD;
	at platform.Method.clickOnElement(Method.groovy:32)&#xD;
	at platform.Session.decryptSession(Session.groovy:56)&#xD;
	at platform.Method.invokeMethod(Method.groovy)&#xD;
	at com.kms.katalon.core.main.CustomKeywordDelegatingMetaClass.invokeStaticMethod(CustomKeywordDelegatingMetaClass.java:50)&#xD;
	at encryptionOnCurationAndSessions_Test.run(encryptionOnCurationAndSessions_Test:34)&#xD;
	at com.kms.katalon.core.main.ScriptEngine.run(ScriptEngine.java:194)&#xD;
	at com.kms.katalon.core.main.ScriptEngine.runScriptAsRawText(ScriptEngine.java:119)&#xD;
	at com.kms.katalon.core.main.TestCaseExecutor.runScript(TestCaseExecutor.java:337)&#xD;
	at com.kms.katalon.core.main.TestCaseExecutor.doExecute(TestCaseExecutor.java:328)&#xD;
	at com.kms.katalon.core.main.TestCaseExecutor.processExecutionPhase(TestCaseExecutor.java:307)&#xD;
	at com.kms.katalon.core.main.TestCaseExecutor.accessMainPhase(TestCaseExecutor.java:299)&#xD;
	at com.kms.katalon.core.main.TestCaseExecutor.execute(TestCaseExecutor.java:233)&#xD;
	at com.kms.katalon.core.main.TestSuiteExecutor.accessTestCaseMainPhase(TestSuiteExecutor.java:169)&#xD;
	at com.kms.katalon.core.main.TestSuiteExecutor.accessTestSuiteMainPhase(TestSuiteExecutor.java:142)&#xD;
	at com.kms.katalon.core.main.TestSuiteExecutor.execute(TestSuiteExecutor.java:91)&#xD;
	at com.kms.katalon.core.main.TestCaseMain.startTestSuite(TestCaseMain.java:157)&#xD;
	at com.kms.katalon.core.main.TestCaseMain$startTestSuite$0.call(Unknown Source)&#xD;
	at TempTestSuite1592909295916.run(TempTestSuite1592909295916.groovy:35)&#xD;
&#xD;
&#xD;
2020-06-23 16:46:01 - [TEST_STEP][PASSED] - Start listener action : setUp: Current window maximized&#xD;
&#xD;
2020-06-23 16:46:01 - [TEST_STEP][PASSED] - openBrowser(URL): Browser is opened with url: 'preprod.imibot.ai'&#xD;
&#xD;
2020-06-23 16:46:01 - [MESSAGE][WARNING] - A browser is already opened. Closing browser and opening a new one&#xD;
&#xD;
2020-06-23 16:46:03 - [MESSAGE][INFO] - Starting 'Chrome' driver&#xD;
&#xD;
2020-06-23 16:46:03 - [MESSAGE][INFO] - User set preference: ['args', '[--start-maximized]']&#xD;
&#xD;
2020-06-23 16:46:19 - [MESSAGE][PASSED] - Browser is opened with url: 'preprod.imibot.ai'&#xD;
&#xD;
2020-06-23 16:46:19 - [TEST_STEP][PASSED] - maximizeWindow(): Current window maximized&#xD;
&#xD;
2020-06-23 16:46:21 - [MESSAGE][PASSED] - Current window maximized&#xD;
&#xD;
2020-06-23 16:46:21 - [TEST_STEP][PASSED] - callTestCase(findTestCase("Generic/successfulLogin_Test"), [:], STOP_ON_FAILURE): Call Test Case 'Test Cases/Generic/successfulLogin_Test' successfully&#xD;
&#xD;
2020-06-23 16:46:22 - [TEST_CASE][PASSED] - Test Cases/Generic/successfulLogin_Test: Test Cases/Generic/successfulLogin_Test&#xD;
&#xD;
2020-06-23 16:46:22 - [TEST_STEP][PASSED] - sendKeys(findTestObject("Input/username"), USERNAME): Keys 'narendra.n@imimobile.com' sent to object: 'Object Repository/Input/username'&#xD;
&#xD;
2020-06-23 16:46:25 - [MESSAGE][PASSED] - Keys 'narendra.n@imimobile.com' sent to object: 'Object Repository/Input/username'&#xD;
&#xD;
2020-06-23 16:46:25 - [TEST_STEP][PASSED] - sendKeys(findTestObject("Input/password"), PASSWORD): Keys 'Test@2020' sent to object: 'Object Repository/Input/password'&#xD;
&#xD;
2020-06-23 16:46:28 - [MESSAGE][PASSED] - Keys 'Test@2020' sent to object: 'Object Repository/Input/password'&#xD;
&#xD;
2020-06-23 16:46:28 - [TEST_STEP][PASSED] - click(findTestObject("Button/signIn")): Object: 'Object Repository/Button/signIn' is clicked on&#xD;
&#xD;
2020-06-23 16:46:30 - [MESSAGE][PASSED] - Object: 'Object Repository/Button/signIn' is clicked on&#xD;
&#xD;
2020-06-23 16:46:30 - [TEST_STEP][PASSED] - if (!(waitForElementPresent(findTestObject("Button/createBot"), 30, OPTIONAL))): Object 'Object Repository/Button/createBot' is present&#xD;
&#xD;
2020-06-23 16:46:48 - [MESSAGE][PASSED] - Object 'Object Repository/Button/createBot' is present&#xD;
&#xD;
2020-06-23 16:46:48 - [MESSAGE][PASSED] - Call Test Case 'Test Cases/Generic/successfulLogin_Test' successfully&#xD;
&#xD;
2020-06-23 16:46:48 - [TEST_STEP][PASSED] - platform.Method.navigateToBot("Task bots", TASK_BOT): platform.Method.navigateToBot is PASSED&#xD;
&#xD;
2020-06-23 16:46:49 - [MESSAGE][PASSED] - Object 'Object Repository/Button/createBot' is present&#xD;
&#xD;
2020-06-23 16:46:52 - [MESSAGE][INFO] - Performing click action on bot&#xD;
&#xD;
2020-06-23 16:46:55 - [MESSAGE][PASSED] - platform.Method.navigateToBot is PASSED&#xD;
&#xD;
2020-06-23 16:46:55 - [TEST_STEP][PASSED] - waitForElementPresent(findTestObject("Button/updateBot"), 30, STOP_ON_FAILURE): Object 'Object Repository/Button/updateBot' is present&#xD;
&#xD;
2020-06-23 16:46:59 - [MESSAGE][PASSED] - Object 'Object Repository/Button/updateBot' is present&#xD;
&#xD;
2020-06-23 16:46:59 - [TEST_STEP][PASSED] - platform.Method.enableADP(true): platform.Method.enableADP is PASSED&#xD;
&#xD;
2020-06-23 16:47:10 - [MESSAGE][PASSED] - Object 'Object Repository/ICONS/toastMsg' is present&#xD;
&#xD;
2020-06-23 16:47:10 - [MESSAGE][PASSED] - platform.Method.enableADP is PASSED&#xD;
&#xD;
2020-06-23 16:47:10 - [TEST_STEP][PASSED] - testData = findTestData("Data Files/testData_Task"): null&#xD;
&#xD;
2020-06-23 16:47:10 - [TEST_STEP][PASSED] - platform.Method.toClickOnWebElement(findTestObject("Generic/session")): platform.Method.toClickOnWebElement is PASSED&#xD;
&#xD;
2020-06-23 16:47:13 - [MESSAGE][PASSED] - Object: 'Object Repository/Generic/session' is clicked on&#xD;
&#xD;
2020-06-23 16:47:13 - [MESSAGE][PASSED] - platform.Method.toClickOnWebElement is PASSED&#xD;
&#xD;
2020-06-23 16:47:13 - [TEST_STEP][PASSED] - verifyElementPresent(findTestObject("NewRepo2/adpLock"), 20, STOP_ON_FAILURE): Object 'Object Repository/NewRepo2/adpLock' is present&#xD;
&#xD;
2020-06-23 16:47:15 - [MESSAGE][PASSED] - Object 'Object Repository/NewRepo2/adpLock' is present&#xD;
&#xD;
2020-06-23 16:47:15 - [TEST_STEP][PASSED] - verifyTextPresent(ADP_TEXT_VALUE, false, STOP_ON_FAILURE): Text 'All the sessions are encrypted, use the decryption key to view individual session of interest' is present on page &#xD;
&#xD;
2020-06-23 16:47:19 - [MESSAGE][PASSED] - Text 'All the sessions are encrypted, use the decryption key to view individual session of interest' is present on page &#xD;
&#xD;
2020-06-23 16:47:19 - [TEST_STEP][PASSED] - verifyTextPresent(testData.getValue("room_id", 1), false, OPTIONAL): Text '1980596' is present on page &#xD;
&#xD;
2020-06-23 16:47:23 - [MESSAGE][PASSED] - Text '1980596' is present on page &#xD;
&#xD;
2020-06-23 16:47:23 - [TEST_STEP][ERROR] - platform.Session.decryptSession(testData.getValue("room_id", 1)): stale element reference: element is not attached to the page document
  (Session info: chrome=83.0.4103.106)
For documentation on this error, please visit: https://www.seleniumhq.org/exceptions/stale_element_reference.html
Build info: version: '3.141.59', revision: 'e82be7d358', time: '2018-11-14T08:25:53'
System info: host: 'WLPT580', ip: '192.168.43.195', os.name: 'Windows 8.1', os.arch: 'amd64', os.version: '6.3', java.version: '1.8.0_181'
Driver info: com.kms.katalon.selenium.driver.CChromeDriver
Capabilities {acceptInsecureCerts: false, browserName: chrome, browserVersion: 83.0.4103.106, chrome: {chromedriverVersion: 83.0.4103.39 (ccbf011cb2d2b..., userDataDir: C:\Users\narendra.n\AppData...}, goog:chromeOptions: {debuggerAddress: localhost:60765}, javascriptEnabled: true, networkConnectionEnabled: false, pageLoadStrategy: normal, platform: WINDOWS, platformName: WINDOWS, proxy: Proxy(), setWindowRect: true, strictFileInteractability: false, timeouts: {implicit: 0, pageLoad: 300000, script: 30000}, unhandledPromptBehavior: dismiss and notify, webauthn:virtualAuthenticators: true}
Session ID: e9cade47d067a431de0d0add25a1f83e&#xD;
&#xD;
2020-06-23 16:47:27 - [MESSAGE][PASSED] - Text '1980596' is set on object 'Object Repository/Input/roomID'&#xD;
&#xD;
2020-06-23 16:47:32 - [MESSAGE][ERROR] - stale element reference: element is not attached to the page document
  (Session info: chrome=83.0.4103.106)
For documentation on this error, please visit: https://www.seleniumhq.org/exceptions/stale_element_reference.html
Build info: version: '3.141.59', revision: 'e82be7d358', time: '2018-11-14T08:25:53'
System info: host: 'WLPT580', ip: '192.168.43.195', os.name: 'Windows 8.1', os.arch: 'amd64', os.version: '6.3', java.version: '1.8.0_181'
Driver info: com.kms.katalon.selenium.driver.CChromeDriver
Capabilities {acceptInsecureCerts: false, browserName: chrome, browserVersion: 83.0.4103.106, chrome: {chromedriverVersion: 83.0.4103.39 (ccbf011cb2d2b..., userDataDir: C:\Users\narendra.n\AppData...}, goog:chromeOptions: {debuggerAddress: localhost:60765}, javascriptEnabled: true, networkConnectionEnabled: false, pageLoadStrategy: normal, platform: WINDOWS, platformName: WINDOWS, proxy: Proxy(), setWindowRect: true, strictFileInteractability: false, timeouts: {implicit: 0, pageLoad: 300000, script: 30000}, unhandledPromptBehavior: dismiss and notify, webauthn:virtualAuthenticators: true}
Session ID: e9cade47d067a431de0d0add25a1f83e</system-out>
            <system-err>2020-06-23 16:46:01 - [TEST_CASE][ERROR] - Test Cases/Taskbot/encryptionOnCurationAndSessions_Test: Test Cases/Taskbot/encryptionOnCurationAndSessions_Test FAILED.
Reason:
org.openqa.selenium.StaleElementReferenceException: stale element reference: element is not attached to the page document
  (Session info: chrome=83.0.4103.106)
For documentation on this error, please visit: https://www.seleniumhq.org/exceptions/stale_element_reference.html
Build info: version: '3.141.59', revision: 'e82be7d358', time: '2018-11-14T08:25:53'
System info: host: 'WLPT580', ip: '192.168.43.195', os.name: 'Windows 8.1', os.arch: 'amd64', os.version: '6.3', java.version: '1.8.0_181'
Driver info: com.kms.katalon.selenium.driver.CChromeDriver
Capabilities {acceptInsecureCerts: false, browserName: chrome, browserVersion: 83.0.4103.106, chrome: {chromedriverVersion: 83.0.4103.39 (ccbf011cb2d2b..., userDataDir: C:\Users\narendra.n\AppData...}, goog:chromeOptions: {debuggerAddress: localhost:60765}, javascriptEnabled: true, networkConnectionEnabled: false, pageLoadStrategy: normal, platform: WINDOWS, platformName: WINDOWS, proxy: Proxy(), setWindowRect: true, strictFileInteractability: false, timeouts: {implicit: 0, pageLoad: 300000, script: 30000}, unhandledPromptBehavior: dismiss and notify, webauthn:virtualAuthenticators: true}
Session ID: e9cade47d067a431de0d0add25a1f83e&#xD;
	at org.openqa.selenium.remote.http.W3CHttpResponseCodec.createException(W3CHttpResponseCodec.java:187)&#xD;
	at org.openqa.selenium.remote.http.W3CHttpResponseCodec.decode(W3CHttpResponseCodec.java:122)&#xD;
	at org.openqa.selenium.remote.http.W3CHttpResponseCodec.decode(W3CHttpResponseCodec.java:49)&#xD;
	at org.openqa.selenium.remote.HttpCommandExecutor.execute(HttpCommandExecutor.java:158)&#xD;
	at org.openqa.selenium.remote.service.DriverCommandExecutor.execute(DriverCommandExecutor.java:83)&#xD;
	at org.openqa.selenium.remote.RemoteWebDriver.execute(RemoteWebDriver.java:552)&#xD;
	at com.kms.katalon.selenium.driver.CChromeDriver.execute(CChromeDriver.java:20)&#xD;
	at org.openqa.selenium.remote.RemoteWebDriver.executeScript(RemoteWebDriver.java:489)&#xD;
	at platform.Method.clickOnElement(Method.groovy:32)&#xD;
	at platform.Session.decryptSession(Session.groovy:56)&#xD;
	at platform.Method.invokeMethod(Method.groovy)&#xD;
	at com.kms.katalon.core.main.CustomKeywordDelegatingMetaClass.invokeStaticMethod(CustomKeywordDelegatingMetaClass.java:50)&#xD;
	at encryptionOnCurationAndSessions_Test.run(encryptionOnCurationAndSessions_Test:34)&#xD;
	at com.kms.katalon.core.main.ScriptEngine.run(ScriptEngine.java:194)&#xD;
	at com.kms.katalon.core.main.ScriptEngine.runScriptAsRawText(ScriptEngine.java:119)&#xD;
	at com.kms.katalon.core.main.TestCaseExecutor.runScript(TestCaseExecutor.java:337)&#xD;
	at com.kms.katalon.core.main.TestCaseExecutor.doExecute(TestCaseExecutor.java:328)&#xD;
	at com.kms.katalon.core.main.TestCaseExecutor.processExecutionPhase(TestCaseExecutor.java:307)&#xD;
	at com.kms.katalon.core.main.TestCaseExecutor.accessMainPhase(TestCaseExecutor.java:299)&#xD;
	at com.kms.katalon.core.main.TestCaseExecutor.execute(TestCaseExecutor.java:233)&#xD;
	at com.kms.katalon.core.main.TestSuiteExecutor.accessTestCaseMainPhase(TestSuiteExecutor.java:169)&#xD;
	at com.kms.katalon.core.main.TestSuiteExecutor.accessTestSuiteMainPhase(TestSuiteExecutor.java:142)&#xD;
	at com.kms.katalon.core.main.TestSuiteExecutor.execute(TestSuiteExecutor.java:91)&#xD;
	at com.kms.katalon.core.main.TestCaseMain.startTestSuite(TestCaseMain.java:157)&#xD;
	at com.kms.katalon.core.main.TestCaseMain$startTestSuite$0.call(Unknown Source)&#xD;
	at TempTestSuite1592909295916.run(TempTestSuite1592909295916.groovy:35)</system-err>
        </testcase>
        <testcase name="Test Cases/Taskbot/noneIntentE2E_Test" classname="Test Cases/Taskbot/noneIntentE2E_Test" status="PASSED">
            <system-out>2020-06-23 16:47:32 - [TEST_CASE][PASSED] - Test Cases/Taskbot/noneIntentE2E_Test: Test Cases/Taskbot/noneIntentE2E_Test&#xD;
&#xD;
2020-06-23 16:47:32 - [TEST_STEP][PASSED] - Start listener action : setUp: Current window maximized&#xD;
&#xD;
2020-06-23 16:47:32 - [TEST_STEP][PASSED] - openBrowser(URL): Browser is opened with url: 'preprod.imibot.ai'&#xD;
&#xD;
2020-06-23 16:47:32 - [MESSAGE][WARNING] - A browser is already opened. Closing browser and opening a new one&#xD;
&#xD;
2020-06-23 16:47:34 - [MESSAGE][INFO] - Starting 'Chrome' driver&#xD;
&#xD;
2020-06-23 16:47:34 - [MESSAGE][INFO] - User set preference: ['args', '[--start-maximized]']&#xD;
&#xD;
2020-06-23 16:47:46 - [MESSAGE][PASSED] - Browser is opened with url: 'preprod.imibot.ai'&#xD;
&#xD;
2020-06-23 16:47:46 - [TEST_STEP][PASSED] - maximizeWindow(): Current window maximized&#xD;
&#xD;
2020-06-23 16:47:48 - [MESSAGE][PASSED] - Current window maximized&#xD;
&#xD;
2020-06-23 16:47:49 - [TEST_STEP][PASSED] - callTestCase(findTestCase("Taskbot/botCreation_Test"), ["nameOfTheBot":NONE_INTENT], STOP_ON_FAILURE): Call Test Case 'Test Cases/Taskbot/botCreation_Test' successfully&#xD;
&#xD;
2020-06-23 16:47:49 - [TEST_CASE][PASSED] - Test Cases/Taskbot/botCreation_Test: Test Cases/Taskbot/botCreation_Test&#xD;
&#xD;
2020-06-23 16:47:49 - [TEST_STEP][PASSED] - callTestCase(findTestCase("Generic/successfulLogin_Test"), [:], STOP_ON_FAILURE): Call Test Case 'Test Cases/Generic/successfulLogin_Test' successfully&#xD;
&#xD;
2020-06-23 16:47:49 - [TEST_CASE][PASSED] - Test Cases/Generic/successfulLogin_Test: Test Cases/Generic/successfulLogin_Test&#xD;
&#xD;
2020-06-23 16:47:49 - [TEST_STEP][PASSED] - sendKeys(findTestObject("Input/username"), USERNAME): Keys 'narendra.n@imimobile.com' sent to object: 'Object Repository/Input/username'&#xD;
&#xD;
2020-06-23 16:47:52 - [MESSAGE][PASSED] - Keys 'narendra.n@imimobile.com' sent to object: 'Object Repository/Input/username'&#xD;
&#xD;
2020-06-23 16:47:52 - [TEST_STEP][PASSED] - sendKeys(findTestObject("Input/password"), PASSWORD): Keys 'Test@2020' sent to object: 'Object Repository/Input/password'&#xD;
&#xD;
2020-06-23 16:47:55 - [MESSAGE][PASSED] - Keys 'Test@2020' sent to object: 'Object Repository/Input/password'&#xD;
&#xD;
2020-06-23 16:47:55 - [TEST_STEP][PASSED] - click(findTestObject("Button/signIn")): Object: 'Object Repository/Button/signIn' is clicked on&#xD;
&#xD;
2020-06-23 16:47:57 - [MESSAGE][PASSED] - Object: 'Object Repository/Button/signIn' is clicked on&#xD;
&#xD;
2020-06-23 16:47:57 - [TEST_STEP][PASSED] - if (!(waitForElementPresent(findTestObject("Button/createBot"), 30, OPTIONAL))): Wait for page load successfully&#xD;
&#xD;
2020-06-23 16:48:30 - [MESSAGE][INFO] - Unable to find the element located by 'By.xpath: //app-button-wrapper//button'. Please recheck the objects properties to make sure the desired element is located. &#xD;
&#xD;
2020-06-23 16:48:30 - [MESSAGE][WARNING] - Object 'Object Repository/Button/createBot' is not present after 30 second(s)&#xD;
&#xD;
2020-06-23 16:48:30 - [TEST_STEP][PASSED] - waitForPageLoad(10): Wait for page load successfully&#xD;
&#xD;
2020-06-23 16:48:31 - [MESSAGE][PASSED] - Wait for page load successfully&#xD;
&#xD;
2020-06-23 16:48:31 - [MESSAGE][PASSED] - Call Test Case 'Test Cases/Generic/successfulLogin_Test' successfully&#xD;
&#xD;
2020-06-23 16:48:31 - [TEST_STEP][PASSED] - platform.Method.toClickOnWebElement(findTestObject("Generic/webObjectWithText", ["textValue":"Task bots"])): platform.Method.toClickOnWebElement is PASSED&#xD;
&#xD;
2020-06-23 16:48:44 - [MESSAGE][PASSED] - Object: 'Object Repository/Generic/webObjectWithText' is clicked on&#xD;
&#xD;
2020-06-23 16:48:44 - [MESSAGE][PASSED] - platform.Method.toClickOnWebElement is PASSED&#xD;
&#xD;
2020-06-23 16:48:44 - [TEST_STEP][PASSED] - platform.Method.toClickOnWebElement(findTestObject("Button/createBot")): platform.Method.toClickOnWebElement is PASSED&#xD;
&#xD;
2020-06-23 16:48:47 - [MESSAGE][PASSED] - Object: 'Object Repository/Button/createBot' is clicked on&#xD;
&#xD;
2020-06-23 16:48:47 - [MESSAGE][PASSED] - platform.Method.toClickOnWebElement is PASSED&#xD;
&#xD;
2020-06-23 16:48:47 - [TEST_STEP][PASSED] - sendKeys(findTestObject("Input/botName"), nameOfTheBot): Keys 'New Default Intent' sent to object: 'Object Repository/Input/botName'&#xD;
&#xD;
2020-06-23 16:48:51 - [MESSAGE][PASSED] - Keys 'New Default Intent' sent to object: 'Object Repository/Input/botName'&#xD;
&#xD;
2020-06-23 16:48:51 - [TEST_STEP][PASSED] - platform.Method.toClickOnWebElement(findTestObject("Toggle/feedback")): platform.Method.toClickOnWebElement is PASSED&#xD;
&#xD;
2020-06-23 16:48:53 - [MESSAGE][PASSED] - Object: 'Object Repository/Toggle/feedback' is clicked on&#xD;
&#xD;
2020-06-23 16:48:53 - [MESSAGE][PASSED] - platform.Method.toClickOnWebElement is PASSED&#xD;
&#xD;
2020-06-23 16:48:53 - [TEST_STEP][PASSED] - platform.Method.toClickOnWebElement(findTestObject("Button/done")): platform.Method.toClickOnWebElement is PASSED&#xD;
&#xD;
2020-06-23 16:48:55 - [MESSAGE][PASSED] - Object: 'Object Repository/Button/done' is clicked on&#xD;
&#xD;
2020-06-23 16:48:55 - [MESSAGE][PASSED] - platform.Method.toClickOnWebElement is PASSED&#xD;
&#xD;
2020-06-23 16:48:55 - [TEST_STEP][PASSED] - waitForElementVisible(findTestObject("Generic/modelState"), 60, OPTIONAL): Object 'Object Repository/Generic/modelState' is visible&#xD;
&#xD;
2020-06-23 16:49:05 - [MESSAGE][PASSED] - Object 'Object Repository/Generic/modelState' is visible&#xD;
&#xD;
2020-06-23 16:49:05 - [TEST_STEP][PASSED] - verifyElementText(findTestObject("Generic/modelState"), "Trained", STOP_ON_FAILURE): Actual text and expected text of test object 'Object Repository/Generic/modelState' are matched.&#xD;
&#xD;
2020-06-23 16:49:07 - [MESSAGE][PASSED] - Actual text and expected text of test object 'Object Repository/Generic/modelState' are matched.&#xD;
&#xD;
2020-06-23 16:49:08 - [MESSAGE][PASSED] - Call Test Case 'Test Cases/Taskbot/botCreation_Test' successfully&#xD;
&#xD;
2020-06-23 16:49:08 - [TEST_STEP][PASSED] - verifyElementPresent(findTestObject("Generic/webObjectWithText", ["textValue":"Default fallback intent"]), 10, STOP_ON_FAILURE): Object 'Object Repository/Generic/webObjectWithText' is present&#xD;
&#xD;
2020-06-23 16:49:09 - [MESSAGE][PASSED] - Object 'Object Repository/Generic/webObjectWithText' is present&#xD;
&#xD;
2020-06-23 16:49:09 - [TEST_STEP][PASSED] - platform.Method.clickOnElement(findTestObject("Generic/webObjectWithText", ["textValue":"Default fallback intent"])): platform.Method.clickOnElement is PASSED&#xD;
&#xD;
2020-06-23 16:49:12 - [MESSAGE][PASSED] - platform.Method.clickOnElement is PASSED&#xD;
&#xD;
2020-06-23 16:49:12 - [TEST_STEP][PASSED] - verifyElementText(findTestObject("Generic/header"), "Default fallback intent", STOP_ON_FAILURE): Actual text and expected text of test object 'Object Repository/Generic/header' are matched.&#xD;
&#xD;
2020-06-23 16:49:14 - [MESSAGE][PASSED] - Actual text and expected text of test object 'Object Repository/Generic/header' are matched.&#xD;
&#xD;
2020-06-23 16:49:14 - [TEST_STEP][PASSED] - verifyElementAttributeValue(findTestObject("Input/intentName"), "readonly", "true", 10, STOP_ON_FAILURE): Object 'Object Repository/Input/intentName' has attribute 'readonly' with value 'true'&#xD;
&#xD;
2020-06-23 16:49:17 - [MESSAGE][PASSED] - Object 'Object Repository/Input/intentName' has attribute 'readonly' with value 'true'&#xD;
&#xD;
2020-06-23 16:49:17 - [TEST_STEP][PASSED] - verifyElementAttributeValue(findTestObject("Input/finalTempKey"), "readonly", "true", 10, STOP_ON_FAILURE): Object 'Object Repository/Input/finalTempKey' has attribute 'readonly' with value 'true'&#xD;
&#xD;
2020-06-23 16:49:20 - [MESSAGE][PASSED] - Object 'Object Repository/Input/finalTempKey' has attribute 'readonly' with value 'true'&#xD;
&#xD;
2020-06-23 16:49:20 - [TEST_STEP][PASSED] - testData = findTestData("Data Files/testData_Task"): null&#xD;
&#xD;
2020-06-23 16:49:21 - [TEST_STEP][PASSED] - for ([count = 1, count &lt; testData.getRowNumbers(), (count++)]): null&#xD;
&#xD;
2020-06-23 16:49:21 - [TEST_STEP][PASSED] - if (testData.getValue("default_intent_utterance", count) == ""): null&#xD;
&#xD;
2020-06-23 16:49:21 - [TEST_STEP][PASSED] - else: Object 'Object Repository/Button/addUtterance' does not have attribute 'disabled'&#xD;
&#xD;
2020-06-23 16:49:21 - [TEST_STEP][PASSED] - sendKeys(findTestObject("Input/utterance"), testData.getValue("default_intent_utterance", count)): Keys 'Trigger fallback if I'm asked by user' sent to object: 'Object Repository/Input/utterance'&#xD;
&#xD;
2020-06-23 16:49:24 - [MESSAGE][PASSED] - Keys 'Trigger fallback if I'm asked by user' sent to object: 'Object Repository/Input/utterance'&#xD;
&#xD;
2020-06-23 16:49:24 - [TEST_STEP][PASSED] - platform.Method.clickOnElement(findTestObject("Button/addUtterance")): platform.Method.clickOnElement is PASSED&#xD;
&#xD;
2020-06-23 16:49:26 - [MESSAGE][PASSED] - platform.Method.clickOnElement is PASSED&#xD;
&#xD;
2020-06-23 16:49:26 - [TEST_STEP][PASSED] - waitForElementHasAttribute(findTestObject("Button/addUtterance"), "disabled", 20): Object 'Object Repository/Button/addUtterance' does not have attribute 'disabled'&#xD;
&#xD;
2020-06-23 16:49:49 - [MESSAGE][WARNING] - Object 'Object Repository/Button/addUtterance' does not have attribute 'disabled'&#xD;
&#xD;
2020-06-23 16:49:49 - [TEST_STEP][PASSED] - if (testData.getValue("default_intent_utterance", count) == ""): null&#xD;
&#xD;
2020-06-23 16:49:49 - [TEST_STEP][PASSED] - else: Object 'Object Repository/Button/addUtterance' does not have attribute 'disabled'&#xD;
&#xD;
2020-06-23 16:49:49 - [TEST_STEP][PASSED] - sendKeys(findTestObject("Input/utterance"), testData.getValue("default_intent_utterance", count)): Keys 'default utterance test' sent to object: 'Object Repository/Input/utterance'&#xD;
&#xD;
2020-06-23 16:49:51 - [MESSAGE][PASSED] - Keys 'default utterance test' sent to object: 'Object Repository/Input/utterance'&#xD;
&#xD;
2020-06-23 16:49:52 - [TEST_STEP][PASSED] - platform.Method.clickOnElement(findTestObject("Button/addUtterance")): platform.Method.clickOnElement is PASSED&#xD;
&#xD;
2020-06-23 16:49:54 - [MESSAGE][PASSED] - platform.Method.clickOnElement is PASSED&#xD;
&#xD;
2020-06-23 16:49:54 - [TEST_STEP][PASSED] - waitForElementHasAttribute(findTestObject("Button/addUtterance"), "disabled", 20): Object 'Object Repository/Button/addUtterance' does not have attribute 'disabled'&#xD;
&#xD;
2020-06-23 16:50:16 - [MESSAGE][WARNING] - Object 'Object Repository/Button/addUtterance' does not have attribute 'disabled'&#xD;
&#xD;
2020-06-23 16:50:16 - [TEST_STEP][PASSED] - if (testData.getValue("default_intent_utterance", count) == ""): null&#xD;
&#xD;
2020-06-23 16:50:16 - [TEST_STEP][PASSED] - else: Object 'Object Repository/Button/addUtterance' does not have attribute 'disabled'&#xD;
&#xD;
2020-06-23 16:50:16 - [TEST_STEP][PASSED] - sendKeys(findTestObject("Input/utterance"), testData.getValue("default_intent_utterance", count)): Keys 'test of none intent' sent to object: 'Object Repository/Input/utterance'&#xD;
&#xD;
2020-06-23 16:50:19 - [MESSAGE][PASSED] - Keys 'test of none intent' sent to object: 'Object Repository/Input/utterance'&#xD;
&#xD;
2020-06-23 16:50:19 - [TEST_STEP][PASSED] - platform.Method.clickOnElement(findTestObject("Button/addUtterance")): platform.Method.clickOnElement is PASSED&#xD;
&#xD;
2020-06-23 16:50:21 - [MESSAGE][PASSED] - platform.Method.clickOnElement is PASSED&#xD;
&#xD;
2020-06-23 16:50:21 - [TEST_STEP][PASSED] - waitForElementHasAttribute(findTestObject("Button/addUtterance"), "disabled", 20): Object 'Object Repository/Button/addUtterance' does not have attribute 'disabled'&#xD;
&#xD;
2020-06-23 16:50:44 - [MESSAGE][WARNING] - Object 'Object Repository/Button/addUtterance' does not have attribute 'disabled'&#xD;
&#xD;
2020-06-23 16:50:44 - [TEST_STEP][PASSED] - if (testData.getValue("default_intent_utterance", count) == ""): null&#xD;
&#xD;
2020-06-23 16:50:44 - [TEST_STEP][PASSED] - break: null&#xD;
&#xD;
2020-06-23 16:50:44 - [TEST_STEP][PASSED] - platform.Method.clickOnElement(findTestObject("Button/save", ["value":" Save "])): platform.Method.clickOnElement is PASSED&#xD;
&#xD;
2020-06-23 16:50:46 - [MESSAGE][PASSED] - platform.Method.clickOnElement is PASSED&#xD;
&#xD;
2020-06-23 16:50:46 - [TEST_STEP][PASSED] - platform.Method.clickOnElement(findTestObject("NewRepo/intentGoBack")): platform.Method.clickOnElement is PASSED&#xD;
&#xD;
2020-06-23 16:50:49 - [MESSAGE][PASSED] - platform.Method.clickOnElement is PASSED&#xD;
&#xD;
2020-06-23 16:50:49 - [TEST_STEP][PASSED] - platform.Method.trainAndComment(testData.getValue("comment", 6)): platform.Method.trainAndComment is PASSED&#xD;
&#xD;
2020-06-23 16:50:57 - [MESSAGE][PASSED] - Keys 'edited none intent' sent to object: 'Object Repository/Input/comment'&#xD;
&#xD;
2020-06-23 16:50:59 - [MESSAGE][PASSED] - platform.Method.trainAndComment is PASSED&#xD;
&#xD;
2020-06-23 16:50:59 - [TEST_STEP][PASSED] - verifyElementPresent(findTestObject("ICONS/toastMsg"), 30, STOP_ON_FAILURE): Object 'Object Repository/ICONS/toastMsg' is present&#xD;
&#xD;
2020-06-23 16:51:00 - [MESSAGE][PASSED] - Object 'Object Repository/ICONS/toastMsg' is present&#xD;
&#xD;
2020-06-23 16:51:00 - [TEST_STEP][PASSED] - platform.Method.clickOnElement(findTestObject("Button/preview")): platform.Method.clickOnElement is PASSED&#xD;
&#xD;
2020-06-23 16:51:03 - [MESSAGE][PASSED] - platform.Method.clickOnElement is PASSED&#xD;
&#xD;
2020-06-23 16:51:03 - [TEST_STEP][PASSED] - sendKeys(findTestObject("Input/chatInput"), Keys.chord("default test utterance", ENTER)): Keys 'ENTER + default test utterance' sent to object: 'Object Repository/Input/chatInput'&#xD;
&#xD;
2020-06-23 16:51:06 - [MESSAGE][PASSED] - Keys 'ENTER + default test utterance' sent to object: 'Object Repository/Input/chatInput'&#xD;
&#xD;
2020-06-23 16:51:06 - [TEST_STEP][PASSED] - delay(3): Delayed 3 second(s)&#xD;
&#xD;
2020-06-23 16:51:09 - [MESSAGE][PASSED] - Delayed 3 second(s)&#xD;
&#xD;
2020-06-23 16:51:09 - [TEST_STEP][PASSED] - verifyElementText(findTestObject("GenericII/getBotResponse", ["index":2]), botResponse, STOP_ON_FAILURE): Actual text and expected text of test object 'Object Repository/GenericII/getBotResponse' are matched.&#xD;
&#xD;
2020-06-23 16:51:12 - [MESSAGE][PASSED] - Actual text and expected text of test object 'Object Repository/GenericII/getBotResponse' are matched.&#xD;
&#xD;
2020-06-23 16:51:12 - [TEST_STEP][PASSED] - roomID = new java.util.ArrayList(): null&#xD;
&#xD;
2020-06-23 16:51:12 - [TEST_STEP][PASSED] - roomID = platform.Utility.getRoomID(): platform.Utility.getRoomID is PASSED&#xD;
&#xD;
2020-06-23 16:51:16 - [MESSAGE][PASSED] - platform.Utility.getRoomID is PASSED&#xD;
&#xD;
2020-06-23 16:51:16 - [TEST_STEP][PASSED] - platform.Method.clickOnElement(findTestObject("GenericII/minimize")): platform.Method.clickOnElement is PASSED&#xD;
&#xD;
2020-06-23 16:51:19 - [MESSAGE][PASSED] - platform.Method.clickOnElement is PASSED&#xD;
&#xD;
2020-06-23 16:51:19 - [TEST_STEP][PASSED] - platform.Method.clickOnElement(findTestObject("Generic/curation")): platform.Method.clickOnElement is PASSED&#xD;
&#xD;
2020-06-23 16:51:23 - [MESSAGE][PASSED] - platform.Method.clickOnElement is PASSED&#xD;
&#xD;
2020-06-23 16:51:23 - [TEST_STEP][PASSED] - platform.Method.clickOnElement(findTestObject("Generic/webObjectWithText", ["textValue":"Issues"])): platform.Method.clickOnElement is PASSED&#xD;
&#xD;
2020-06-23 16:51:26 - [MESSAGE][PASSED] - platform.Method.clickOnElement is PASSED&#xD;
&#xD;
2020-06-23 16:51:26 - [TEST_STEP][PASSED] - platform.Method.clickOnElement(findTestObject("GenericII/filterByIntentOnCuration")): platform.Method.clickOnElement is PASSED&#xD;
&#xD;
2020-06-23 16:51:28 - [MESSAGE][PASSED] - platform.Method.clickOnElement is PASSED&#xD;
&#xD;
2020-06-23 16:51:28 - [TEST_STEP][PASSED] - platform.Method.clickOnElement(findTestObject("Generic/webObjectWithText", ["textValue":"Default fallback intent"])): platform.Method.clickOnElement is PASSED&#xD;
&#xD;
2020-06-23 16:51:31 - [MESSAGE][PASSED] - platform.Method.clickOnElement is PASSED&#xD;
&#xD;
2020-06-23 16:51:31 - [TEST_STEP][PASSED] - platform.Method.clickOnElement(findTestObject("Button/filter")): platform.Method.clickOnElement is PASSED&#xD;
&#xD;
2020-06-23 16:51:33 - [MESSAGE][PASSED] - platform.Method.clickOnElement is PASSED&#xD;
&#xD;
2020-06-23 16:51:33 - [TEST_STEP][PASSED] - verifyTextNotPresent(get(0).toString(), false, STOP_ON_FAILURE): Text '1980614' is not present on page&#xD;
&#xD;
2020-06-23 16:51:36 - [MESSAGE][PASSED] - Text '1980614' is not present on page&#xD;
&#xD;
2020-06-23 16:51:36 - [TEST_STEP][PASSED] - platform.Method.clickOnElement(findTestObject("NewRepo2/settingsOnCuration")): platform.Method.clickOnElement is PASSED&#xD;
&#xD;
2020-06-23 16:51:38 - [MESSAGE][PASSED] - platform.Method.clickOnElement is PASSED&#xD;
&#xD;
2020-06-23 16:51:38 - [TEST_STEP][PASSED] - platform.Method.clickOnElement(findTestObject("Toggle/noneIntent")): platform.Method.clickOnElement is PASSED&#xD;
&#xD;
2020-06-23 16:51:41 - [MESSAGE][PASSED] - platform.Method.clickOnElement is PASSED&#xD;
&#xD;
2020-06-23 16:51:41 - [TEST_STEP][PASSED] - platform.Method.clickOnElement(findTestObject("Button/updateSettings")): platform.Method.clickOnElement is PASSED&#xD;
&#xD;
2020-06-23 16:51:43 - [MESSAGE][PASSED] - platform.Method.clickOnElement is PASSED&#xD;
&#xD;
2020-06-23 16:51:43 - [TEST_STEP][PASSED] - platform.Method.clickOnElement(findTestObject("Generic/webObjectWithText", ["textValue":"Issues"])): platform.Method.clickOnElement is PASSED&#xD;
&#xD;
2020-06-23 16:51:46 - [MESSAGE][PASSED] - platform.Method.clickOnElement is PASSED&#xD;
&#xD;
2020-06-23 16:51:46 - [TEST_STEP][PASSED] - platform.Method.clickOnElement(findTestObject("Button/preview")): platform.Method.clickOnElement is PASSED&#xD;
&#xD;
2020-06-23 16:51:48 - [MESSAGE][PASSED] - platform.Method.clickOnElement is PASSED&#xD;
&#xD;
2020-06-23 16:51:48 - [TEST_STEP][PASSED] - sendKeys(findTestObject("Input/chatInput"), Keys.chord(testData.getValue("default_intent_utterance", 1), ENTER)): Keys 'ENTER + Trigger fallback if I'm asked by user' sent to object: 'Object Repository/Input/chatInput'&#xD;
&#xD;
2020-06-23 16:51:52 - [MESSAGE][PASSED] - Keys 'ENTER + Trigger fallback if I'm asked by user' sent to object: 'Object Repository/Input/chatInput'&#xD;
&#xD;
2020-06-23 16:51:52 - [TEST_STEP][PASSED] - waitForElementPresent(findTestObject("GenericII/getBotResponse", ["index":2]), 15, OPTIONAL): Object 'Object Repository/GenericII/getBotResponse' is present&#xD;
&#xD;
2020-06-23 16:51:54 - [MESSAGE][PASSED] - Object 'Object Repository/GenericII/getBotResponse' is present&#xD;
&#xD;
2020-06-23 16:51:54 - [TEST_STEP][PASSED] - verifyElementText(findTestObject("GenericII/getBotResponse", ["index":2]), botResponse, STOP_ON_FAILURE): Actual text and expected text of test object 'Object Repository/GenericII/getBotResponse' are matched.&#xD;
&#xD;
2020-06-23 16:51:56 - [MESSAGE][PASSED] - Actual text and expected text of test object 'Object Repository/GenericII/getBotResponse' are matched.&#xD;
&#xD;
2020-06-23 16:51:56 - [TEST_STEP][PASSED] - newRoomID = new java.util.ArrayList(): null&#xD;
&#xD;
2020-06-23 16:51:56 - [TEST_STEP][PASSED] - newRoomID = platform.Utility.getRoomID(): platform.Utility.getRoomID is PASSED&#xD;
&#xD;
2020-06-23 16:52:02 - [MESSAGE][PASSED] - platform.Utility.getRoomID is PASSED&#xD;
&#xD;
2020-06-23 16:52:02 - [TEST_STEP][PASSED] - platform.Method.clickOnElement(findTestObject("GenericII/minimize")): platform.Method.clickOnElement is PASSED&#xD;
&#xD;
2020-06-23 16:52:04 - [MESSAGE][PASSED] - platform.Method.clickOnElement is PASSED&#xD;
&#xD;
2020-06-23 16:52:04 - [TEST_STEP][PASSED] - platform.Method.clickOnElement(findTestObject("NewRepo/refresh")): platform.Method.clickOnElement is PASSED&#xD;
&#xD;
2020-06-23 16:52:07 - [MESSAGE][PASSED] - platform.Method.clickOnElement is PASSED&#xD;
&#xD;
2020-06-23 16:52:07 - [TEST_STEP][PASSED] - verifyTextPresent(get(0).toString(), false, STOP_ON_FAILURE): Text '1980616' is present on page &#xD;
&#xD;
2020-06-23 16:52:11 - [MESSAGE][PASSED] - Text '1980616' is present on page &#xD;
&#xD;
2020-06-23 16:52:11 - [TEST_STEP][PASSED] - platform.Method.clickOnElement(findTestObject("Generic/training")): platform.Method.clickOnElement is PASSED&#xD;
&#xD;
2020-06-23 16:52:14 - [MESSAGE][PASSED] - platform.Method.clickOnElement is PASSED&#xD;
&#xD;
2020-06-23 16:52:14 - [TEST_STEP][PASSED] - platform.Method.clickOnElement(findTestObject("Generic/webObjectWithText", ["textValue":"Default fallback intent"])): platform.Method.clickOnElement is PASSED&#xD;
&#xD;
2020-06-23 16:52:16 - [MESSAGE][PASSED] - platform.Method.clickOnElement is PASSED&#xD;
&#xD;
2020-06-23 16:52:16 - [TEST_STEP][PASSED] - utterance = findWebElements(findTestObject("Slots/listOfUtterance"), 10): null&#xD;
&#xD;
2020-06-23 16:52:18 - [TEST_STEP][PASSED] - for ([count = 0, count &lt; utterance.size(), (count++)]): Delayed 1 second(s)&#xD;
&#xD;
2020-06-23 16:52:18 - [TEST_STEP][PASSED] - mouseOver(convertWebElementToTestObject(utterance.get(count))): Object: 'div' is hovered&#xD;
&#xD;
2020-06-23 16:52:22 - [MESSAGE][PASSED] - Object: 'div' is hovered&#xD;
&#xD;
2020-06-23 16:52:22 - [TEST_STEP][PASSED] - platform.Method.clickOnElement(findTestObject("NewRepo2/trashIconOnUtterance")): platform.Method.clickOnElement is PASSED&#xD;
&#xD;
2020-06-23 16:52:24 - [MESSAGE][PASSED] - platform.Method.clickOnElement is PASSED&#xD;
&#xD;
2020-06-23 16:52:24 - [TEST_STEP][PASSED] - delay(1): Delayed 1 second(s)&#xD;
&#xD;
2020-06-23 16:52:25 - [MESSAGE][PASSED] - Delayed 1 second(s)&#xD;
&#xD;
2020-06-23 16:52:25 - [TEST_STEP][PASSED] - mouseOver(convertWebElementToTestObject(utterance.get(count))): Object: 'div' is hovered&#xD;
&#xD;
2020-06-23 16:52:29 - [MESSAGE][PASSED] - Object: 'div' is hovered&#xD;
&#xD;
2020-06-23 16:52:29 - [TEST_STEP][PASSED] - platform.Method.clickOnElement(findTestObject("NewRepo2/trashIconOnUtterance")): platform.Method.clickOnElement is PASSED&#xD;
&#xD;
2020-06-23 16:52:32 - [MESSAGE][PASSED] - platform.Method.clickOnElement is PASSED&#xD;
&#xD;
2020-06-23 16:52:32 - [TEST_STEP][PASSED] - delay(1): Delayed 1 second(s)&#xD;
&#xD;
2020-06-23 16:52:33 - [MESSAGE][PASSED] - Delayed 1 second(s)&#xD;
&#xD;
2020-06-23 16:52:33 - [TEST_STEP][PASSED] - mouseOver(convertWebElementToTestObject(utterance.get(count))): Object: 'div' is hovered&#xD;
&#xD;
2020-06-23 16:52:37 - [MESSAGE][PASSED] - Object: 'div' is hovered&#xD;
&#xD;
2020-06-23 16:52:37 - [TEST_STEP][PASSED] - platform.Method.clickOnElement(findTestObject("NewRepo2/trashIconOnUtterance")): platform.Method.clickOnElement is PASSED&#xD;
&#xD;
2020-06-23 16:52:39 - [MESSAGE][PASSED] - platform.Method.clickOnElement is PASSED&#xD;
&#xD;
2020-06-23 16:52:39 - [TEST_STEP][PASSED] - delay(1): Delayed 1 second(s)&#xD;
&#xD;
2020-06-23 16:52:40 - [MESSAGE][PASSED] - Delayed 1 second(s)&#xD;
&#xD;
2020-06-23 16:52:40 - [TEST_STEP][PASSED] - platform.Method.clickOnElement(findTestObject("Button/save", ["value":" Save "])): platform.Method.clickOnElement is PASSED&#xD;
&#xD;
2020-06-23 16:52:42 - [MESSAGE][PASSED] - platform.Method.clickOnElement is PASSED&#xD;
&#xD;
2020-06-23 16:52:42 - [TEST_STEP][PASSED] - platform.Method.clickOnElement(findTestObject("NewRepo/intentGoBack")): platform.Method.clickOnElement is PASSED&#xD;
&#xD;
2020-06-23 16:52:45 - [MESSAGE][PASSED] - platform.Method.clickOnElement is PASSED&#xD;
&#xD;
2020-06-23 16:52:45 - [TEST_STEP][PASSED] - sendKeys(findTestObject("Input/searchUtterance"), "0"): Keys '0' sent to object: 'Object Repository/Input/searchUtterance'&#xD;
&#xD;
2020-06-23 16:52:47 - [MESSAGE][PASSED] - Keys '0' sent to object: 'Object Repository/Input/searchUtterance'&#xD;
&#xD;
2020-06-23 16:52:47 - [TEST_STEP][PASSED] - verifyElementText(findTestObject("Generic/listOfIntents"), "Default fallback intent", STOP_ON_FAILURE): Actual text and expected text of test object 'Object Repository/Generic/listOfIntents' are matched.&#xD;
&#xD;
2020-06-23 16:52:50 - [MESSAGE][PASSED] - Actual text and expected text of test object 'Object Repository/Generic/listOfIntents' are matched.</system-out>
            <system-err></system-err>
        </testcase>
        <testcase name="Test Cases/Taskbot/globalSearchOnTraining_Test" classname="Test Cases/Taskbot/globalSearchOnTraining_Test" status="ERROR">
            <error type="ERROR" message="Test Cases/Taskbot/globalSearchOnTraining_Test FAILED.&#xA;Reason:&#xA;org.codehaus.groovy.runtime.InvokerInvocationException: com.kms.katalon.core.webui.exception.WebElementNotFoundException: Web element with id: 'Object Repository/Button/createIntent' located by 'By.xpath: //button/span/span[contains(text(),'+ Create intent')]' not found&#xD;&#xA;&#x9;at platform.Method.invokeMethod(Method.groovy)&#xD;&#xA;&#x9;at com.kms.katalon.core.main.CustomKeywordDelegatingMetaClass.invokeStaticMethod(CustomKeywordDelegatingMetaClass.java:50)&#xD;&#xA;&#x9;at globalSearchOnTraining_Test.run(globalSearchOnTraining_Test:72)&#xD;&#xA;&#x9;at com.kms.katalon.core.main.ScriptEngine.run(ScriptEngine.java:194)&#xD;&#xA;&#x9;at com.kms.katalon.core.main.ScriptEngine.runScriptAsRawText(ScriptEngine.java:119)&#xD;&#xA;&#x9;at com.kms.katalon.core.main.TestCaseExecutor.runScript(TestCaseExecutor.java:337)&#xD;&#xA;&#x9;at com.kms.katalon.core.main.TestCaseExecutor.doExecute(TestCaseExecutor.java:328)&#xD;&#xA;&#x9;at com.kms.katalon.core.main.TestCaseExecutor.processExecutionPhase(TestCaseExecutor.java:307)&#xD;&#xA;&#x9;at com.kms.katalon.core.main.TestCaseExecutor.accessMainPhase(TestCaseExecutor.java:299)&#xD;&#xA;&#x9;at com.kms.katalon.core.main.TestCaseExecutor.execute(TestCaseExecutor.java:233)&#xD;&#xA;&#x9;at com.kms.katalon.core.main.TestSuiteExecutor.accessTestCaseMainPhase(TestSuiteExecutor.java:169)&#xD;&#xA;&#x9;at com.kms.katalon.core.main.TestSuiteExecutor.accessTestSuiteMainPhase(TestSuiteExecutor.java:142)&#xD;&#xA;&#x9;at com.kms.katalon.core.main.TestSuiteExecutor.execute(TestSuiteExecutor.java:91)&#xD;&#xA;&#x9;at com.kms.katalon.core.main.TestCaseMain.startTestSuite(TestCaseMain.java:157)&#xD;&#xA;&#x9;at com.kms.katalon.core.main.TestCaseMain$startTestSuite$0.call(Unknown Source)&#xD;&#xA;&#x9;at TempTestSuite1592909295916.run(TempTestSuite1592909295916.groovy:35)&#xD;&#xA;Caused by: com.kms.katalon.core.webui.exception.WebElementNotFoundException: Web element with id: 'Object Repository/Button/createIntent' located by 'By.xpath: //button/span/span[contains(text(),'+ Create intent')]' not found&#xD;&#xA;&#x9;at com.kms.katalon.core.webui.common.WebUiCommonHelper.findWebElement(WebUiCommonHelper.java:1097)&#xD;&#xA;&#x9;at com.kms.katalon.core.webui.common.WebUiCommonHelper$findWebElement$0.call(Unknown Source)&#xD;&#xA;&#x9;at platform.Method.clickOnElement(Method.groovy:31)&#xD;&#xA;&#x9;... 16 more&#xD;&#xA;"/>
            <system-out>2020-06-23 16:52:50 - [TEST_CASE][ERROR] - Test Cases/Taskbot/globalSearchOnTraining_Test: Test Cases/Taskbot/globalSearchOnTraining_Test FAILED.
Reason:
org.codehaus.groovy.runtime.InvokerInvocationException: com.kms.katalon.core.webui.exception.WebElementNotFoundException: Web element with id: 'Object Repository/Button/createIntent' located by 'By.xpath: //button/span/span[contains(text(),'+ Create intent')]' not found&#xD;
	at platform.Method.invokeMethod(Method.groovy)&#xD;
	at com.kms.katalon.core.main.CustomKeywordDelegatingMetaClass.invokeStaticMethod(CustomKeywordDelegatingMetaClass.java:50)&#xD;
	at globalSearchOnTraining_Test.run(globalSearchOnTraining_Test:72)&#xD;
	at com.kms.katalon.core.main.ScriptEngine.run(ScriptEngine.java:194)&#xD;
	at com.kms.katalon.core.main.ScriptEngine.runScriptAsRawText(ScriptEngine.java:119)&#xD;
	at com.kms.katalon.core.main.TestCaseExecutor.runScript(TestCaseExecutor.java:337)&#xD;
	at com.kms.katalon.core.main.TestCaseExecutor.doExecute(TestCaseExecutor.java:328)&#xD;
	at com.kms.katalon.core.main.TestCaseExecutor.processExecutionPhase(TestCaseExecutor.java:307)&#xD;
	at com.kms.katalon.core.main.TestCaseExecutor.accessMainPhase(TestCaseExecutor.java:299)&#xD;
	at com.kms.katalon.core.main.TestCaseExecutor.execute(TestCaseExecutor.java:233)&#xD;
	at com.kms.katalon.core.main.TestSuiteExecutor.accessTestCaseMainPhase(TestSuiteExecutor.java:169)&#xD;
	at com.kms.katalon.core.main.TestSuiteExecutor.accessTestSuiteMainPhase(TestSuiteExecutor.java:142)&#xD;
	at com.kms.katalon.core.main.TestSuiteExecutor.execute(TestSuiteExecutor.java:91)&#xD;
	at com.kms.katalon.core.main.TestCaseMain.startTestSuite(TestCaseMain.java:157)&#xD;
	at com.kms.katalon.core.main.TestCaseMain$startTestSuite$0.call(Unknown Source)&#xD;
	at TempTestSuite1592909295916.run(TempTestSuite1592909295916.groovy:35)&#xD;
Caused by: com.kms.katalon.core.webui.exception.WebElementNotFoundException: Web element with id: 'Object Repository/Button/createIntent' located by 'By.xpath: //button/span/span[contains(text(),'+ Create intent')]' not found&#xD;
	at com.kms.katalon.core.webui.common.WebUiCommonHelper.findWebElement(WebUiCommonHelper.java:1097)&#xD;
	at com.kms.katalon.core.webui.common.WebUiCommonHelper$findWebElement$0.call(Unknown Source)&#xD;
	at platform.Method.clickOnElement(Method.groovy:31)&#xD;
	... 16 more&#xD;
&#xD;
&#xD;
2020-06-23 16:52:50 - [TEST_STEP][PASSED] - Start listener action : setUp: Current window maximized&#xD;
&#xD;
2020-06-23 16:52:50 - [TEST_STEP][PASSED] - openBrowser(URL): Browser is opened with url: 'preprod.imibot.ai'&#xD;
&#xD;
2020-06-23 16:52:50 - [MESSAGE][WARNING] - A browser is already opened. Closing browser and opening a new one&#xD;
&#xD;
2020-06-23 16:52:52 - [MESSAGE][INFO] - Starting 'Chrome' driver&#xD;
&#xD;
2020-06-23 16:52:52 - [MESSAGE][INFO] - User set preference: ['args', '[--start-maximized]']&#xD;
&#xD;
2020-06-23 16:53:02 - [MESSAGE][PASSED] - Browser is opened with url: 'preprod.imibot.ai'&#xD;
&#xD;
2020-06-23 16:53:02 - [TEST_STEP][PASSED] - maximizeWindow(): Current window maximized&#xD;
&#xD;
2020-06-23 16:53:04 - [MESSAGE][PASSED] - Current window maximized&#xD;
&#xD;
2020-06-23 16:53:05 - [TEST_STEP][PASSED] - callTestCase(findTestCase("Generic/successfulLogin_Test"), [:], STOP_ON_FAILURE): Call Test Case 'Test Cases/Generic/successfulLogin_Test' successfully&#xD;
&#xD;
2020-06-23 16:53:05 - [TEST_CASE][PASSED] - Test Cases/Generic/successfulLogin_Test: Test Cases/Generic/successfulLogin_Test&#xD;
&#xD;
2020-06-23 16:53:05 - [TEST_STEP][PASSED] - sendKeys(findTestObject("Input/username"), USERNAME): Keys 'narendra.n@imimobile.com' sent to object: 'Object Repository/Input/username'&#xD;
&#xD;
2020-06-23 16:53:08 - [MESSAGE][PASSED] - Keys 'narendra.n@imimobile.com' sent to object: 'Object Repository/Input/username'&#xD;
&#xD;
2020-06-23 16:53:08 - [TEST_STEP][PASSED] - sendKeys(findTestObject("Input/password"), PASSWORD): Keys 'Test@2020' sent to object: 'Object Repository/Input/password'&#xD;
&#xD;
2020-06-23 16:53:11 - [MESSAGE][PASSED] - Keys 'Test@2020' sent to object: 'Object Repository/Input/password'&#xD;
&#xD;
2020-06-23 16:53:11 - [TEST_STEP][PASSED] - click(findTestObject("Button/signIn")): Object: 'Object Repository/Button/signIn' is clicked on&#xD;
&#xD;
2020-06-23 16:53:13 - [MESSAGE][PASSED] - Object: 'Object Repository/Button/signIn' is clicked on&#xD;
&#xD;
2020-06-23 16:53:13 - [TEST_STEP][PASSED] - if (!(waitForElementPresent(findTestObject("Button/createBot"), 30, OPTIONAL))): Object 'Object Repository/Button/createBot' is present&#xD;
&#xD;
2020-06-23 16:53:33 - [MESSAGE][PASSED] - Object 'Object Repository/Button/createBot' is present&#xD;
&#xD;
2020-06-23 16:53:33 - [MESSAGE][PASSED] - Call Test Case 'Test Cases/Generic/successfulLogin_Test' successfully&#xD;
&#xD;
2020-06-23 16:53:33 - [TEST_STEP][PASSED] - platform.Method.navigateToBot("Task bots", NONE_INTENT): platform.Method.navigateToBot is PASSED&#xD;
&#xD;
2020-06-23 16:53:34 - [MESSAGE][PASSED] - Object 'Object Repository/Button/createBot' is present&#xD;
&#xD;
2020-06-23 16:53:37 - [MESSAGE][INFO] - Performing click action on bot&#xD;
&#xD;
2020-06-23 16:53:39 - [MESSAGE][PASSED] - platform.Method.navigateToBot is PASSED&#xD;
&#xD;
2020-06-23 16:53:39 - [TEST_STEP][PASSED] - platform.Method.clickOnElement(findTestObject("Generic/training")): platform.Method.clickOnElement is PASSED&#xD;
&#xD;
2020-06-23 16:53:42 - [MESSAGE][PASSED] - platform.Method.clickOnElement is PASSED&#xD;
&#xD;
2020-06-23 16:53:42 - [TEST_STEP][PASSED] - platform.Method.clickOnElement(findTestObject("Generic/webObjectWithText", ["textValue":"Entities"])): platform.Method.clickOnElement is PASSED&#xD;
&#xD;
2020-06-23 16:53:45 - [MESSAGE][PASSED] - platform.Method.clickOnElement is PASSED&#xD;
&#xD;
2020-06-23 16:53:45 - [TEST_STEP][PASSED] - testData = findTestData("Data Files/testData_Task"): null&#xD;
&#xD;
2020-06-23 16:53:45 - [TEST_STEP][PASSED] - for ([count = 1, count &lt;= testData.getRowNumbers(), (count++)]): null&#xD;
&#xD;
2020-06-23 16:53:45 - [TEST_STEP][PASSED] - if (testData.getValue("global_entity_name", count) != ""): Delayed 1 second(s)&#xD;
&#xD;
2020-06-23 16:53:45 - [TEST_STEP][PASSED] - platform.Method.clickOnElement(findTestObject("Button/createEntity")): platform.Method.clickOnElement is PASSED&#xD;
&#xD;
2020-06-23 16:53:47 - [MESSAGE][PASSED] - platform.Method.clickOnElement is PASSED&#xD;
&#xD;
2020-06-23 16:53:47 - [TEST_STEP][PASSED] - sendKeys(findTestObject("Input/entityName"), testData.getValue("global_entity_name", count)): Keys 'date' sent to object: 'Object Repository/Input/entityName'&#xD;
&#xD;
2020-06-23 16:53:51 - [MESSAGE][PASSED] - Keys 'date' sent to object: 'Object Repository/Input/entityName'&#xD;
&#xD;
2020-06-23 16:53:51 - [TEST_STEP][PASSED] - platform.Method.clickOnElement(findTestObject("Generic/listOfEntity")): platform.Method.clickOnElement is PASSED&#xD;
&#xD;
2020-06-23 16:53:53 - [MESSAGE][PASSED] - platform.Method.clickOnElement is PASSED&#xD;
&#xD;
2020-06-23 16:53:53 - [TEST_STEP][PASSED] - if (verifyElementNotVisible(findTestObject("Generic/webObjectWithText", ["textValue":testData.getValue("global_entity_type", count)]), OPTIONAL)): Object 'Object Repository/Generic/webObjectWithText' is visible (Root cause: com.kms.katalon.core.exception.StepFailedException: Object 'Object Repository/Generic/webObjectWithText' is visible&#xD;
	at com.kms.katalon.core.webui.keyword.internal.WebUIKeywordMain.stepFailed(WebUIKeywordMain.groovy:64)&#xD;
	at com.kms.katalon.core.webui.keyword.builtin.VerifyElementNotVisibleKeyword$_verifyElementNotVisible_closure1.doCall(VerifyElementNotVisibleKeyword.groovy:83)&#xD;
	at com.kms.katalon.core.webui.keyword.builtin.VerifyElementNotVisibleKeyword$_verifyElementNotVisible_closure1.call(VerifyElementNotVisibleKeyword.groovy)&#xD;
	at com.kms.katalon.core.webui.keyword.internal.WebUIKeywordMain.runKeyword(WebUIKeywordMain.groovy:20)&#xD;
	at com.kms.katalon.core.webui.keyword.builtin.VerifyElementNotVisibleKeyword.verifyElementNotVisible(VerifyElementNotVisibleKeyword.groovy:97)&#xD;
	at com.kms.katalon.core.webui.keyword.builtin.VerifyElementNotVisibleKeyword.execute(VerifyElementNotVisibleKeyword.groovy:67)&#xD;
	at com.kms.katalon.core.keyword.internal.KeywordExecutor.executeKeywordForPlatform(KeywordExecutor.groovy:56)&#xD;
	at com.kms.katalon.core.webui.keyword.WebUiBuiltInKeywords.verifyElementNotVisible(WebUiBuiltInKeywords.groovy:387)&#xD;
	at com.kms.katalon.core.webui.keyword.WebUiBuiltInKeywords$verifyElementNotVisible$19.call(Unknown Source)&#xD;
	at globalSearchOnTraining_Test.run(globalSearchOnTraining_Test:32)&#xD;
	at com.kms.katalon.core.main.ScriptEngine.run(ScriptEngine.java:194)&#xD;
	at com.kms.katalon.core.main.ScriptEngine.runScriptAsRawText(ScriptEngine.java:119)&#xD;
	at com.kms.katalon.core.main.TestCaseExecutor.runScript(TestCaseExecutor.java:337)&#xD;
	at com.kms.katalon.core.main.TestCaseExecutor.doExecute(TestCaseExecutor.java:328)&#xD;
	at com.kms.katalon.core.main.TestCaseExecutor.processExecutionPhase(TestCaseExecutor.java:307)&#xD;
	at com.kms.katalon.core.main.TestCaseExecutor.accessMainPhase(TestCaseExecutor.java:299)&#xD;
	at com.kms.katalon.core.main.TestCaseExecutor.execute(TestCaseExecutor.java:233)&#xD;
	at com.kms.katalon.core.main.TestSuiteExecutor.accessTestCaseMainPhase(TestSuiteExecutor.java:169)&#xD;
	at com.kms.katalon.core.main.TestSuiteExecutor.accessTestSuiteMainPhase(TestSuiteExecutor.java:142)&#xD;
	at com.kms.katalon.core.main.TestSuiteExecutor.execute(TestSuiteExecutor.java:91)&#xD;
	at com.kms.katalon.core.main.TestCaseMain.startTestSuite(TestCaseMain.java:157)&#xD;
	at com.kms.katalon.core.main.TestCaseMain$startTestSuite$0.call(Unknown Source)&#xD;
	at TempTestSuite1592909295916.run(TempTestSuite1592909295916.groovy:35)&#xD;
)&#xD;
&#xD;
2020-06-23 16:53:57 - [MESSAGE][WARNING] - Object 'Object Repository/Generic/webObjectWithText' is visible (Root cause: com.kms.katalon.core.exception.StepFailedException: Object 'Object Repository/Generic/webObjectWithText' is visible&#xD;
	at com.kms.katalon.core.webui.keyword.internal.WebUIKeywordMain.stepFailed(WebUIKeywordMain.groovy:64)&#xD;
	at com.kms.katalon.core.webui.keyword.builtin.VerifyElementNotVisibleKeyword$_verifyElementNotVisible_closure1.doCall(VerifyElementNotVisibleKeyword.groovy:83)&#xD;
	at com.kms.katalon.core.webui.keyword.builtin.VerifyElementNotVisibleKeyword$_verifyElementNotVisible_closure1.call(VerifyElementNotVisibleKeyword.groovy)&#xD;
	at com.kms.katalon.core.webui.keyword.internal.WebUIKeywordMain.runKeyword(WebUIKeywordMain.groovy:20)&#xD;
	at com.kms.katalon.core.webui.keyword.builtin.VerifyElementNotVisibleKeyword.verifyElementNotVisible(VerifyElementNotVisibleKeyword.groovy:97)&#xD;
	at com.kms.katalon.core.webui.keyword.builtin.VerifyElementNotVisibleKeyword.execute(VerifyElementNotVisibleKeyword.groovy:67)&#xD;
	at com.kms.katalon.core.keyword.internal.KeywordExecutor.executeKeywordForPlatform(KeywordExecutor.groovy:56)&#xD;
	at com.kms.katalon.core.webui.keyword.WebUiBuiltInKeywords.verifyElementNotVisible(WebUiBuiltInKeywords.groovy:387)&#xD;
	at com.kms.katalon.core.webui.keyword.WebUiBuiltInKeywords$verifyElementNotVisible$19.call(Unknown Source)&#xD;
	at globalSearchOnTraining_Test.run(globalSearchOnTraining_Test:32)&#xD;
	at com.kms.katalon.core.main.ScriptEngine.run(ScriptEngine.java:194)&#xD;
	at com.kms.katalon.core.main.ScriptEngine.runScriptAsRawText(ScriptEngine.java:119)&#xD;
	at com.kms.katalon.core.main.TestCaseExecutor.runScript(TestCaseExecutor.java:337)&#xD;
	at com.kms.katalon.core.main.TestCaseExecutor.doExecute(TestCaseExecutor.java:328)&#xD;
	at com.kms.katalon.core.main.TestCaseExecutor.processExecutionPhase(TestCaseExecutor.java:307)&#xD;
	at com.kms.katalon.core.main.TestCaseExecutor.accessMainPhase(TestCaseExecutor.java:299)&#xD;
	at com.kms.katalon.core.main.TestCaseExecutor.execute(TestCaseExecutor.java:233)&#xD;
	at com.kms.katalon.core.main.TestSuiteExecutor.accessTestCaseMainPhase(TestSuiteExecutor.java:169)&#xD;
	at com.kms.katalon.core.main.TestSuiteExecutor.accessTestSuiteMainPhase(TestSuiteExecutor.java:142)&#xD;
	at com.kms.katalon.core.main.TestSuiteExecutor.execute(TestSuiteExecutor.java:91)&#xD;
	at com.kms.katalon.core.main.TestCaseMain.startTestSuite(TestCaseMain.java:157)&#xD;
	at com.kms.katalon.core.main.TestCaseMain$startTestSuite$0.call(Unknown Source)&#xD;
	at TempTestSuite1592909295916.run(TempTestSuite1592909295916.groovy:35)&#xD;
)&#xD;
[[ATTACHMENT|D:\\IMIbot.ai-Project\\Reports\\20200623_161815\\taskSuiteE2E\\20200623_161815\\1592911435800.png]]&#xD;
&#xD;
2020-06-23 16:53:57 - [TEST_STEP][PASSED] - platform.Method.clickOnElement(findTestObject("Generic/webObjectWithText", ["textValue":testData.getValue("global_entity_type", count)])): platform.Method.clickOnElement is PASSED&#xD;
&#xD;
2020-06-23 16:54:00 - [MESSAGE][PASSED] - platform.Method.clickOnElement is PASSED&#xD;
&#xD;
2020-06-23 16:54:00 - [TEST_STEP][PASSED] - platform.Method.clickOnElement(findTestObject("Button/entityPageSaveButton")): platform.Method.clickOnElement is PASSED&#xD;
&#xD;
2020-06-23 16:54:02 - [MESSAGE][PASSED] - platform.Method.clickOnElement is PASSED&#xD;
&#xD;
2020-06-23 16:54:02 - [TEST_STEP][PASSED] - delay(1): Delayed 1 second(s)&#xD;
&#xD;
2020-06-23 16:54:03 - [MESSAGE][PASSED] - Delayed 1 second(s)&#xD;
&#xD;
2020-06-23 16:54:03 - [TEST_STEP][PASSED] - if (testData.getValue("global_entity_name", count) != ""): Delayed 1 second(s)&#xD;
&#xD;
2020-06-23 16:54:03 - [TEST_STEP][PASSED] - platform.Method.clickOnElement(findTestObject("Button/createEntity")): platform.Method.clickOnElement is PASSED&#xD;
&#xD;
2020-06-23 16:54:06 - [MESSAGE][PASSED] - platform.Method.clickOnElement is PASSED&#xD;
&#xD;
2020-06-23 16:54:06 - [TEST_STEP][PASSED] - sendKeys(findTestObject("Input/entityName"), testData.getValue("global_entity_name", count)): Keys 'time' sent to object: 'Object Repository/Input/entityName'&#xD;
&#xD;
2020-06-23 16:54:09 - [MESSAGE][PASSED] - Keys 'time' sent to object: 'Object Repository/Input/entityName'&#xD;
&#xD;
2020-06-23 16:54:09 - [TEST_STEP][PASSED] - platform.Method.clickOnElement(findTestObject("Generic/listOfEntity")): platform.Method.clickOnElement is PASSED&#xD;
&#xD;
2020-06-23 16:54:11 - [MESSAGE][PASSED] - platform.Method.clickOnElement is PASSED&#xD;
&#xD;
2020-06-23 16:54:11 - [TEST_STEP][PASSED] - if (verifyElementNotVisible(findTestObject("Generic/webObjectWithText", ["textValue":testData.getValue("global_entity_type", count)]), OPTIONAL)): Object 'Object Repository/Generic/webObjectWithText' is visible (Root cause: com.kms.katalon.core.exception.StepFailedException: Object 'Object Repository/Generic/webObjectWithText' is visible&#xD;
	at com.kms.katalon.core.webui.keyword.internal.WebUIKeywordMain.stepFailed(WebUIKeywordMain.groovy:64)&#xD;
	at com.kms.katalon.core.webui.keyword.builtin.VerifyElementNotVisibleKeyword$_verifyElementNotVisible_closure1.doCall(VerifyElementNotVisibleKeyword.groovy:83)&#xD;
	at com.kms.katalon.core.webui.keyword.builtin.VerifyElementNotVisibleKeyword$_verifyElementNotVisible_closure1.call(VerifyElementNotVisibleKeyword.groovy)&#xD;
	at com.kms.katalon.core.webui.keyword.internal.WebUIKeywordMain.runKeyword(WebUIKeywordMain.groovy:20)&#xD;
	at com.kms.katalon.core.webui.keyword.builtin.VerifyElementNotVisibleKeyword.verifyElementNotVisible(VerifyElementNotVisibleKeyword.groovy:97)&#xD;
	at com.kms.katalon.core.webui.keyword.builtin.VerifyElementNotVisibleKeyword.execute(VerifyElementNotVisibleKeyword.groovy:67)&#xD;
	at com.kms.katalon.core.keyword.internal.KeywordExecutor.executeKeywordForPlatform(KeywordExecutor.groovy:56)&#xD;
	at com.kms.katalon.core.webui.keyword.WebUiBuiltInKeywords.verifyElementNotVisible(WebUiBuiltInKeywords.groovy:387)&#xD;
	at com.kms.katalon.core.webui.keyword.WebUiBuiltInKeywords$verifyElementNotVisible$19.call(Unknown Source)&#xD;
	at globalSearchOnTraining_Test.run(globalSearchOnTraining_Test:32)&#xD;
	at com.kms.katalon.core.main.ScriptEngine.run(ScriptEngine.java:194)&#xD;
	at com.kms.katalon.core.main.ScriptEngine.runScriptAsRawText(ScriptEngine.java:119)&#xD;
	at com.kms.katalon.core.main.TestCaseExecutor.runScript(TestCaseExecutor.java:337)&#xD;
	at com.kms.katalon.core.main.TestCaseExecutor.doExecute(TestCaseExecutor.java:328)&#xD;
	at com.kms.katalon.core.main.TestCaseExecutor.processExecutionPhase(TestCaseExecutor.java:307)&#xD;
	at com.kms.katalon.core.main.TestCaseExecutor.accessMainPhase(TestCaseExecutor.java:299)&#xD;
	at com.kms.katalon.core.main.TestCaseExecutor.execute(TestCaseExecutor.java:233)&#xD;
	at com.kms.katalon.core.main.TestSuiteExecutor.accessTestCaseMainPhase(TestSuiteExecutor.java:169)&#xD;
	at com.kms.katalon.core.main.TestSuiteExecutor.accessTestSuiteMainPhase(TestSuiteExecutor.java:142)&#xD;
	at com.kms.katalon.core.main.TestSuiteExecutor.execute(TestSuiteExecutor.java:91)&#xD;
	at com.kms.katalon.core.main.TestCaseMain.startTestSuite(TestCaseMain.java:157)&#xD;
	at com.kms.katalon.core.main.TestCaseMain$startTestSuite$0.call(Unknown Source)&#xD;
	at TempTestSuite1592909295916.run(TempTestSuite1592909295916.groovy:35)&#xD;
)&#xD;
&#xD;
2020-06-23 16:54:15 - [MESSAGE][WARNING] - Object 'Object Repository/Generic/webObjectWithText' is visible (Root cause: com.kms.katalon.core.exception.StepFailedException: Object 'Object Repository/Generic/webObjectWithText' is visible&#xD;
	at com.kms.katalon.core.webui.keyword.internal.WebUIKeywordMain.stepFailed(WebUIKeywordMain.groovy:64)&#xD;
	at com.kms.katalon.core.webui.keyword.builtin.VerifyElementNotVisibleKeyword$_verifyElementNotVisible_closure1.doCall(VerifyElementNotVisibleKeyword.groovy:83)&#xD;
	at com.kms.katalon.core.webui.keyword.builtin.VerifyElementNotVisibleKeyword$_verifyElementNotVisible_closure1.call(VerifyElementNotVisibleKeyword.groovy)&#xD;
	at com.kms.katalon.core.webui.keyword.internal.WebUIKeywordMain.runKeyword(WebUIKeywordMain.groovy:20)&#xD;
	at com.kms.katalon.core.webui.keyword.builtin.VerifyElementNotVisibleKeyword.verifyElementNotVisible(VerifyElementNotVisibleKeyword.groovy:97)&#xD;
	at com.kms.katalon.core.webui.keyword.builtin.VerifyElementNotVisibleKeyword.execute(VerifyElementNotVisibleKeyword.groovy:67)&#xD;
	at com.kms.katalon.core.keyword.internal.KeywordExecutor.executeKeywordForPlatform(KeywordExecutor.groovy:56)&#xD;
	at com.kms.katalon.core.webui.keyword.WebUiBuiltInKeywords.verifyElementNotVisible(WebUiBuiltInKeywords.groovy:387)&#xD;
	at com.kms.katalon.core.webui.keyword.WebUiBuiltInKeywords$verifyElementNotVisible$19.call(Unknown Source)&#xD;
	at globalSearchOnTraining_Test.run(globalSearchOnTraining_Test:32)&#xD;
	at com.kms.katalon.core.main.ScriptEngine.run(ScriptEngine.java:194)&#xD;
	at com.kms.katalon.core.main.ScriptEngine.runScriptAsRawText(ScriptEngine.java:119)&#xD;
	at com.kms.katalon.core.main.TestCaseExecutor.runScript(TestCaseExecutor.java:337)&#xD;
	at com.kms.katalon.core.main.TestCaseExecutor.doExecute(TestCaseExecutor.java:328)&#xD;
	at com.kms.katalon.core.main.TestCaseExecutor.processExecutionPhase(TestCaseExecutor.java:307)&#xD;
	at com.kms.katalon.core.main.TestCaseExecutor.accessMainPhase(TestCaseExecutor.java:299)&#xD;
	at com.kms.katalon.core.main.TestCaseExecutor.execute(TestCaseExecutor.java:233)&#xD;
	at com.kms.katalon.core.main.TestSuiteExecutor.accessTestCaseMainPhase(TestSuiteExecutor.java:169)&#xD;
	at com.kms.katalon.core.main.TestSuiteExecutor.accessTestSuiteMainPhase(TestSuiteExecutor.java:142)&#xD;
	at com.kms.katalon.core.main.TestSuiteExecutor.execute(TestSuiteExecutor.java:91)&#xD;
	at com.kms.katalon.core.main.TestCaseMain.startTestSuite(TestCaseMain.java:157)&#xD;
	at com.kms.katalon.core.main.TestCaseMain$startTestSuite$0.call(Unknown Source)&#xD;
	at TempTestSuite1592909295916.run(TempTestSuite1592909295916.groovy:35)&#xD;
)&#xD;
[[ATTACHMENT|D:\\IMIbot.ai-Project\\Reports\\20200623_161815\\taskSuiteE2E\\20200623_161815\\1592911453820.png]]&#xD;
&#xD;
2020-06-23 16:54:15 - [TEST_STEP][PASSED] - platform.Method.clickOnElement(findTestObject("Generic/webObjectWithText", ["textValue":testData.getValue("global_entity_type", count)])): platform.Method.clickOnElement is PASSED&#xD;
&#xD;
2020-06-23 16:54:17 - [MESSAGE][PASSED] - platform.Method.clickOnElement is PASSED&#xD;
&#xD;
2020-06-23 16:54:17 - [TEST_STEP][PASSED] - platform.Method.clickOnElement(findTestObject("Button/entityPageSaveButton")): platform.Method.clickOnElement is PASSED&#xD;
&#xD;
2020-06-23 16:54:19 - [MESSAGE][PASSED] - platform.Method.clickOnElement is PASSED&#xD;
&#xD;
2020-06-23 16:54:19 - [TEST_STEP][PASSED] - delay(1): Delayed 1 second(s)&#xD;
&#xD;
2020-06-23 16:54:20 - [MESSAGE][PASSED] - Delayed 1 second(s)&#xD;
&#xD;
2020-06-23 16:54:20 - [TEST_STEP][PASSED] - if (testData.getValue("global_entity_name", count) != ""): Delayed 1 second(s)&#xD;
&#xD;
2020-06-23 16:54:20 - [TEST_STEP][PASSED] - platform.Method.clickOnElement(findTestObject("Button/createEntity")): platform.Method.clickOnElement is PASSED&#xD;
&#xD;
2020-06-23 16:54:23 - [MESSAGE][PASSED] - platform.Method.clickOnElement is PASSED&#xD;
&#xD;
2020-06-23 16:54:23 - [TEST_STEP][PASSED] - sendKeys(findTestObject("Input/entityName"), testData.getValue("global_entity_name", count)): Keys 'ordinal' sent to object: 'Object Repository/Input/entityName'&#xD;
&#xD;
2020-06-23 16:54:25 - [MESSAGE][PASSED] - Keys 'ordinal' sent to object: 'Object Repository/Input/entityName'&#xD;
&#xD;
2020-06-23 16:54:25 - [TEST_STEP][PASSED] - platform.Method.clickOnElement(findTestObject("Generic/listOfEntity")): platform.Method.clickOnElement is PASSED&#xD;
&#xD;
2020-06-23 16:54:28 - [MESSAGE][PASSED] - platform.Method.clickOnElement is PASSED&#xD;
&#xD;
2020-06-23 16:54:28 - [TEST_STEP][PASSED] - if (verifyElementNotVisible(findTestObject("Generic/webObjectWithText", ["textValue":testData.getValue("global_entity_type", count)]), OPTIONAL)): Object 'Object Repository/Generic/webObjectWithText' is visible (Root cause: com.kms.katalon.core.exception.StepFailedException: Object 'Object Repository/Generic/webObjectWithText' is visible&#xD;
	at com.kms.katalon.core.webui.keyword.internal.WebUIKeywordMain.stepFailed(WebUIKeywordMain.groovy:64)&#xD;
	at com.kms.katalon.core.webui.keyword.builtin.VerifyElementNotVisibleKeyword$_verifyElementNotVisible_closure1.doCall(VerifyElementNotVisibleKeyword.groovy:83)&#xD;
	at com.kms.katalon.core.webui.keyword.builtin.VerifyElementNotVisibleKeyword$_verifyElementNotVisible_closure1.call(VerifyElementNotVisibleKeyword.groovy)&#xD;
	at com.kms.katalon.core.webui.keyword.internal.WebUIKeywordMain.runKeyword(WebUIKeywordMain.groovy:20)&#xD;
	at com.kms.katalon.core.webui.keyword.builtin.VerifyElementNotVisibleKeyword.verifyElementNotVisible(VerifyElementNotVisibleKeyword.groovy:97)&#xD;
	at com.kms.katalon.core.webui.keyword.builtin.VerifyElementNotVisibleKeyword.execute(VerifyElementNotVisibleKeyword.groovy:67)&#xD;
	at com.kms.katalon.core.keyword.internal.KeywordExecutor.executeKeywordForPlatform(KeywordExecutor.groovy:56)&#xD;
	at com.kms.katalon.core.webui.keyword.WebUiBuiltInKeywords.verifyElementNotVisible(WebUiBuiltInKeywords.groovy:387)&#xD;
	at com.kms.katalon.core.webui.keyword.WebUiBuiltInKeywords$verifyElementNotVisible$19.call(Unknown Source)&#xD;
	at globalSearchOnTraining_Test.run(globalSearchOnTraining_Test:32)&#xD;
	at com.kms.katalon.core.main.ScriptEngine.run(ScriptEngine.java:194)&#xD;
	at com.kms.katalon.core.main.ScriptEngine.runScriptAsRawText(ScriptEngine.java:119)&#xD;
	at com.kms.katalon.core.main.TestCaseExecutor.runScript(TestCaseExecutor.java:337)&#xD;
	at com.kms.katalon.core.main.TestCaseExecutor.doExecute(TestCaseExecutor.java:328)&#xD;
	at com.kms.katalon.core.main.TestCaseExecutor.processExecutionPhase(TestCaseExecutor.java:307)&#xD;
	at com.kms.katalon.core.main.TestCaseExecutor.accessMainPhase(TestCaseExecutor.java:299)&#xD;
	at com.kms.katalon.core.main.TestCaseExecutor.execute(TestCaseExecutor.java:233)&#xD;
	at com.kms.katalon.core.main.TestSuiteExecutor.accessTestCaseMainPhase(TestSuiteExecutor.java:169)&#xD;
	at com.kms.katalon.core.main.TestSuiteExecutor.accessTestSuiteMainPhase(TestSuiteExecutor.java:142)&#xD;
	at com.kms.katalon.core.main.TestSuiteExecutor.execute(TestSuiteExecutor.java:91)&#xD;
	at com.kms.katalon.core.main.TestCaseMain.startTestSuite(TestCaseMain.java:157)&#xD;
	at com.kms.katalon.core.main.TestCaseMain$startTestSuite$0.call(Unknown Source)&#xD;
	at TempTestSuite1592909295916.run(TempTestSuite1592909295916.groovy:35)&#xD;
)&#xD;
&#xD;
2020-06-23 16:54:32 - [MESSAGE][WARNING] - Object 'Object Repository/Generic/webObjectWithText' is visible (Root cause: com.kms.katalon.core.exception.StepFailedException: Object 'Object Repository/Generic/webObjectWithText' is visible&#xD;
	at com.kms.katalon.core.webui.keyword.internal.WebUIKeywordMain.stepFailed(WebUIKeywordMain.groovy:64)&#xD;
	at com.kms.katalon.core.webui.keyword.builtin.VerifyElementNotVisibleKeyword$_verifyElementNotVisible_closure1.doCall(VerifyElementNotVisibleKeyword.groovy:83)&#xD;
	at com.kms.katalon.core.webui.keyword.builtin.VerifyElementNotVisibleKeyword$_verifyElementNotVisible_closure1.call(VerifyElementNotVisibleKeyword.groovy)&#xD;
	at com.kms.katalon.core.webui.keyword.internal.WebUIKeywordMain.runKeyword(WebUIKeywordMain.groovy:20)&#xD;
	at com.kms.katalon.core.webui.keyword.builtin.VerifyElementNotVisibleKeyword.verifyElementNotVisible(VerifyElementNotVisibleKeyword.groovy:97)&#xD;
	at com.kms.katalon.core.webui.keyword.builtin.VerifyElementNotVisibleKeyword.execute(VerifyElementNotVisibleKeyword.groovy:67)&#xD;
	at com.kms.katalon.core.keyword.internal.KeywordExecutor.executeKeywordForPlatform(KeywordExecutor.groovy:56)&#xD;
	at com.kms.katalon.core.webui.keyword.WebUiBuiltInKeywords.verifyElementNotVisible(WebUiBuiltInKeywords.groovy:387)&#xD;
	at com.kms.katalon.core.webui.keyword.WebUiBuiltInKeywords$verifyElementNotVisible$19.call(Unknown Source)&#xD;
	at globalSearchOnTraining_Test.run(globalSearchOnTraining_Test:32)&#xD;
	at com.kms.katalon.core.main.ScriptEngine.run(ScriptEngine.java:194)&#xD;
	at com.kms.katalon.core.main.ScriptEngine.runScriptAsRawText(ScriptEngine.java:119)&#xD;
	at com.kms.katalon.core.main.TestCaseExecutor.runScript(TestCaseExecutor.java:337)&#xD;
	at com.kms.katalon.core.main.TestCaseExecutor.doExecute(TestCaseExecutor.java:328)&#xD;
	at com.kms.katalon.core.main.TestCaseExecutor.processExecutionPhase(TestCaseExecutor.java:307)&#xD;
	at com.kms.katalon.core.main.TestCaseExecutor.accessMainPhase(TestCaseExecutor.java:299)&#xD;
	at com.kms.katalon.core.main.TestCaseExecutor.execute(TestCaseExecutor.java:233)&#xD;
	at com.kms.katalon.core.main.TestSuiteExecutor.accessTestCaseMainPhase(TestSuiteExecutor.java:169)&#xD;
	at com.kms.katalon.core.main.TestSuiteExecutor.accessTestSuiteMainPhase(TestSuiteExecutor.java:142)&#xD;
	at com.kms.katalon.core.main.TestSuiteExecutor.execute(TestSuiteExecutor.java:91)&#xD;
	at com.kms.katalon.core.main.TestCaseMain.startTestSuite(TestCaseMain.java:157)&#xD;
	at com.kms.katalon.core.main.TestCaseMain$startTestSuite$0.call(Unknown Source)&#xD;
	at TempTestSuite1592909295916.run(TempTestSuite1592909295916.groovy:35)&#xD;
)&#xD;
[[ATTACHMENT|D:\\IMIbot.ai-Project\\Reports\\20200623_161815\\taskSuiteE2E\\20200623_161815\\1592911470845.png]]&#xD;
&#xD;
2020-06-23 16:54:32 - [TEST_STEP][PASSED] - platform.Method.clickOnElement(findTestObject("Generic/webObjectWithText", ["textValue":testData.getValue("global_entity_type", count)])): platform.Method.clickOnElement is PASSED&#xD;
&#xD;
2020-06-23 16:54:34 - [MESSAGE][PASSED] - platform.Method.clickOnElement is PASSED&#xD;
&#xD;
2020-06-23 16:54:34 - [TEST_STEP][PASSED] - platform.Method.clickOnElement(findTestObject("Button/entityPageSaveButton")): platform.Method.clickOnElement is PASSED&#xD;
&#xD;
2020-06-23 16:54:37 - [MESSAGE][PASSED] - platform.Method.clickOnElement is PASSED&#xD;
&#xD;
2020-06-23 16:54:37 - [TEST_STEP][PASSED] - delay(1): Delayed 1 second(s)&#xD;
&#xD;
2020-06-23 16:54:38 - [MESSAGE][PASSED] - Delayed 1 second(s)&#xD;
&#xD;
2020-06-23 16:54:38 - [TEST_STEP][PASSED] - if (testData.getValue("global_entity_name", count) != ""): Delayed 1 second(s)&#xD;
&#xD;
2020-06-23 16:54:38 - [TEST_STEP][PASSED] - platform.Method.clickOnElement(findTestObject("Button/createEntity")): platform.Method.clickOnElement is PASSED&#xD;
&#xD;
2020-06-23 16:54:40 - [MESSAGE][PASSED] - platform.Method.clickOnElement is PASSED&#xD;
&#xD;
2020-06-23 16:54:40 - [TEST_STEP][PASSED] - sendKeys(findTestObject("Input/entityName"), testData.getValue("global_entity_name", count)): Keys 'money' sent to object: 'Object Repository/Input/entityName'&#xD;
&#xD;
2020-06-23 16:54:43 - [MESSAGE][PASSED] - Keys 'money' sent to object: 'Object Repository/Input/entityName'&#xD;
&#xD;
2020-06-23 16:54:43 - [TEST_STEP][PASSED] - platform.Method.clickOnElement(findTestObject("Generic/listOfEntity")): platform.Method.clickOnElement is PASSED&#xD;
&#xD;
2020-06-23 16:54:45 - [MESSAGE][PASSED] - platform.Method.clickOnElement is PASSED&#xD;
&#xD;
2020-06-23 16:54:45 - [TEST_STEP][PASSED] - if (verifyElementNotVisible(findTestObject("Generic/webObjectWithText", ["textValue":testData.getValue("global_entity_type", count)]), OPTIONAL)): Object 'Object Repository/Generic/webObjectWithText' is visible (Root cause: com.kms.katalon.core.exception.StepFailedException: Object 'Object Repository/Generic/webObjectWithText' is visible&#xD;
	at com.kms.katalon.core.webui.keyword.internal.WebUIKeywordMain.stepFailed(WebUIKeywordMain.groovy:64)&#xD;
	at com.kms.katalon.core.webui.keyword.builtin.VerifyElementNotVisibleKeyword$_verifyElementNotVisible_closure1.doCall(VerifyElementNotVisibleKeyword.groovy:83)&#xD;
	at com.kms.katalon.core.webui.keyword.builtin.VerifyElementNotVisibleKeyword$_verifyElementNotVisible_closure1.call(VerifyElementNotVisibleKeyword.groovy)&#xD;
	at com.kms.katalon.core.webui.keyword.internal.WebUIKeywordMain.runKeyword(WebUIKeywordMain.groovy:20)&#xD;
	at com.kms.katalon.core.webui.keyword.builtin.VerifyElementNotVisibleKeyword.verifyElementNotVisible(VerifyElementNotVisibleKeyword.groovy:97)&#xD;
	at com.kms.katalon.core.webui.keyword.builtin.VerifyElementNotVisibleKeyword.execute(VerifyElementNotVisibleKeyword.groovy:67)&#xD;
	at com.kms.katalon.core.keyword.internal.KeywordExecutor.executeKeywordForPlatform(KeywordExecutor.groovy:56)&#xD;
	at com.kms.katalon.core.webui.keyword.WebUiBuiltInKeywords.verifyElementNotVisible(WebUiBuiltInKeywords.groovy:387)&#xD;
	at com.kms.katalon.core.webui.keyword.WebUiBuiltInKeywords$verifyElementNotVisible$19.call(Unknown Source)&#xD;
	at globalSearchOnTraining_Test.run(globalSearchOnTraining_Test:32)&#xD;
	at com.kms.katalon.core.main.ScriptEngine.run(ScriptEngine.java:194)&#xD;
	at com.kms.katalon.core.main.ScriptEngine.runScriptAsRawText(ScriptEngine.java:119)&#xD;
	at com.kms.katalon.core.main.TestCaseExecutor.runScript(TestCaseExecutor.java:337)&#xD;
	at com.kms.katalon.core.main.TestCaseExecutor.doExecute(TestCaseExecutor.java:328)&#xD;
	at com.kms.katalon.core.main.TestCaseExecutor.processExecutionPhase(TestCaseExecutor.java:307)&#xD;
	at com.kms.katalon.core.main.TestCaseExecutor.accessMainPhase(TestCaseExecutor.java:299)&#xD;
	at com.kms.katalon.core.main.TestCaseExecutor.execute(TestCaseExecutor.java:233)&#xD;
	at com.kms.katalon.core.main.TestSuiteExecutor.accessTestCaseMainPhase(TestSuiteExecutor.java:169)&#xD;
	at com.kms.katalon.core.main.TestSuiteExecutor.accessTestSuiteMainPhase(TestSuiteExecutor.java:142)&#xD;
	at com.kms.katalon.core.main.TestSuiteExecutor.execute(TestSuiteExecutor.java:91)&#xD;
	at com.kms.katalon.core.main.TestCaseMain.startTestSuite(TestCaseMain.java:157)&#xD;
	at com.kms.katalon.core.main.TestCaseMain$startTestSuite$0.call(Unknown Source)&#xD;
	at TempTestSuite1592909295916.run(TempTestSuite1592909295916.groovy:35)&#xD;
)&#xD;
&#xD;
2020-06-23 16:54:49 - [MESSAGE][WARNING] - Object 'Object Repository/Generic/webObjectWithText' is visible (Root cause: com.kms.katalon.core.exception.StepFailedException: Object 'Object Repository/Generic/webObjectWithText' is visible&#xD;
	at com.kms.katalon.core.webui.keyword.internal.WebUIKeywordMain.stepFailed(WebUIKeywordMain.groovy:64)&#xD;
	at com.kms.katalon.core.webui.keyword.builtin.VerifyElementNotVisibleKeyword$_verifyElementNotVisible_closure1.doCall(VerifyElementNotVisibleKeyword.groovy:83)&#xD;
	at com.kms.katalon.core.webui.keyword.builtin.VerifyElementNotVisibleKeyword$_verifyElementNotVisible_closure1.call(VerifyElementNotVisibleKeyword.groovy)&#xD;
	at com.kms.katalon.core.webui.keyword.internal.WebUIKeywordMain.runKeyword(WebUIKeywordMain.groovy:20)&#xD;
	at com.kms.katalon.core.webui.keyword.builtin.VerifyElementNotVisibleKeyword.verifyElementNotVisible(VerifyElementNotVisibleKeyword.groovy:97)&#xD;
	at com.kms.katalon.core.webui.keyword.builtin.VerifyElementNotVisibleKeyword.execute(VerifyElementNotVisibleKeyword.groovy:67)&#xD;
	at com.kms.katalon.core.keyword.internal.KeywordExecutor.executeKeywordForPlatform(KeywordExecutor.groovy:56)&#xD;
	at com.kms.katalon.core.webui.keyword.WebUiBuiltInKeywords.verifyElementNotVisible(WebUiBuiltInKeywords.groovy:387)&#xD;
	at com.kms.katalon.core.webui.keyword.WebUiBuiltInKeywords$verifyElementNotVisible$19.call(Unknown Source)&#xD;
	at globalSearchOnTraining_Test.run(globalSearchOnTraining_Test:32)&#xD;
	at com.kms.katalon.core.main.ScriptEngine.run(ScriptEngine.java:194)&#xD;
	at com.kms.katalon.core.main.ScriptEngine.runScriptAsRawText(ScriptEngine.java:119)&#xD;
	at com.kms.katalon.core.main.TestCaseExecutor.runScript(TestCaseExecutor.java:337)&#xD;
	at com.kms.katalon.core.main.TestCaseExecutor.doExecute(TestCaseExecutor.java:328)&#xD;
	at com.kms.katalon.core.main.TestCaseExecutor.processExecutionPhase(TestCaseExecutor.java:307)&#xD;
	at com.kms.katalon.core.main.TestCaseExecutor.accessMainPhase(TestCaseExecutor.java:299)&#xD;
	at com.kms.katalon.core.main.TestCaseExecutor.execute(TestCaseExecutor.java:233)&#xD;
	at com.kms.katalon.core.main.TestSuiteExecutor.accessTestCaseMainPhase(TestSuiteExecutor.java:169)&#xD;
	at com.kms.katalon.core.main.TestSuiteExecutor.accessTestSuiteMainPhase(TestSuiteExecutor.java:142)&#xD;
	at com.kms.katalon.core.main.TestSuiteExecutor.execute(TestSuiteExecutor.java:91)&#xD;
	at com.kms.katalon.core.main.TestCaseMain.startTestSuite(TestCaseMain.java:157)&#xD;
	at com.kms.katalon.core.main.TestCaseMain$startTestSuite$0.call(Unknown Source)&#xD;
	at TempTestSuite1592909295916.run(TempTestSuite1592909295916.groovy:35)&#xD;
)&#xD;
[[ATTACHMENT|D:\\IMIbot.ai-Project\\Reports\\20200623_161815\\taskSuiteE2E\\20200623_161815\\1592911487906.png]]&#xD;
&#xD;
2020-06-23 16:54:49 - [TEST_STEP][PASSED] - platform.Method.clickOnElement(findTestObject("Generic/webObjectWithText", ["textValue":testData.getValue("global_entity_type", count)])): platform.Method.clickOnElement is PASSED&#xD;
&#xD;
2020-06-23 16:54:51 - [MESSAGE][PASSED] - platform.Method.clickOnElement is PASSED&#xD;
&#xD;
2020-06-23 16:54:51 - [TEST_STEP][PASSED] - platform.Method.clickOnElement(findTestObject("Button/entityPageSaveButton")): platform.Method.clickOnElement is PASSED&#xD;
&#xD;
2020-06-23 16:54:54 - [MESSAGE][PASSED] - platform.Method.clickOnElement is PASSED&#xD;
&#xD;
2020-06-23 16:54:54 - [TEST_STEP][PASSED] - delay(1): Delayed 1 second(s)&#xD;
&#xD;
2020-06-23 16:54:55 - [MESSAGE][PASSED] - Delayed 1 second(s)&#xD;
&#xD;
2020-06-23 16:54:55 - [TEST_STEP][PASSED] - if (testData.getValue("global_entity_name", count) != ""): Delayed 1 second(s)&#xD;
&#xD;
2020-06-23 16:54:55 - [TEST_STEP][PASSED] - platform.Method.clickOnElement(findTestObject("Button/createEntity")): platform.Method.clickOnElement is PASSED&#xD;
&#xD;
2020-06-23 16:54:57 - [MESSAGE][PASSED] - platform.Method.clickOnElement is PASSED&#xD;
&#xD;
2020-06-23 16:54:57 - [TEST_STEP][PASSED] - sendKeys(findTestObject("Input/entityName"), testData.getValue("global_entity_name", count)): Keys 'cardinal' sent to object: 'Object Repository/Input/entityName'&#xD;
&#xD;
2020-06-23 16:54:59 - [MESSAGE][PASSED] - Keys 'cardinal' sent to object: 'Object Repository/Input/entityName'&#xD;
&#xD;
2020-06-23 16:54:59 - [TEST_STEP][PASSED] - platform.Method.clickOnElement(findTestObject("Generic/listOfEntity")): platform.Method.clickOnElement is PASSED&#xD;
&#xD;
2020-06-23 16:55:02 - [MESSAGE][PASSED] - platform.Method.clickOnElement is PASSED&#xD;
&#xD;
2020-06-23 16:55:02 - [TEST_STEP][PASSED] - if (verifyElementNotVisible(findTestObject("Generic/webObjectWithText", ["textValue":testData.getValue("global_entity_type", count)]), OPTIONAL)): Object 'Object Repository/Generic/webObjectWithText' is visible (Root cause: com.kms.katalon.core.exception.StepFailedException: Object 'Object Repository/Generic/webObjectWithText' is visible&#xD;
	at com.kms.katalon.core.webui.keyword.internal.WebUIKeywordMain.stepFailed(WebUIKeywordMain.groovy:64)&#xD;
	at com.kms.katalon.core.webui.keyword.builtin.VerifyElementNotVisibleKeyword$_verifyElementNotVisible_closure1.doCall(VerifyElementNotVisibleKeyword.groovy:83)&#xD;
	at com.kms.katalon.core.webui.keyword.builtin.VerifyElementNotVisibleKeyword$_verifyElementNotVisible_closure1.call(VerifyElementNotVisibleKeyword.groovy)&#xD;
	at com.kms.katalon.core.webui.keyword.internal.WebUIKeywordMain.runKeyword(WebUIKeywordMain.groovy:20)&#xD;
	at com.kms.katalon.core.webui.keyword.builtin.VerifyElementNotVisibleKeyword.verifyElementNotVisible(VerifyElementNotVisibleKeyword.groovy:97)&#xD;
	at com.kms.katalon.core.webui.keyword.builtin.VerifyElementNotVisibleKeyword.execute(VerifyElementNotVisibleKeyword.groovy:67)&#xD;
	at com.kms.katalon.core.keyword.internal.KeywordExecutor.executeKeywordForPlatform(KeywordExecutor.groovy:56)&#xD;
	at com.kms.katalon.core.webui.keyword.WebUiBuiltInKeywords.verifyElementNotVisible(WebUiBuiltInKeywords.groovy:387)&#xD;
	at com.kms.katalon.core.webui.keyword.WebUiBuiltInKeywords$verifyElementNotVisible$19.call(Unknown Source)&#xD;
	at globalSearchOnTraining_Test.run(globalSearchOnTraining_Test:32)&#xD;
	at com.kms.katalon.core.main.ScriptEngine.run(ScriptEngine.java:194)&#xD;
	at com.kms.katalon.core.main.ScriptEngine.runScriptAsRawText(ScriptEngine.java:119)&#xD;
	at com.kms.katalon.core.main.TestCaseExecutor.runScript(TestCaseExecutor.java:337)&#xD;
	at com.kms.katalon.core.main.TestCaseExecutor.doExecute(TestCaseExecutor.java:328)&#xD;
	at com.kms.katalon.core.main.TestCaseExecutor.processExecutionPhase(TestCaseExecutor.java:307)&#xD;
	at com.kms.katalon.core.main.TestCaseExecutor.accessMainPhase(TestCaseExecutor.java:299)&#xD;
	at com.kms.katalon.core.main.TestCaseExecutor.execute(TestCaseExecutor.java:233)&#xD;
	at com.kms.katalon.core.main.TestSuiteExecutor.accessTestCaseMainPhase(TestSuiteExecutor.java:169)&#xD;
	at com.kms.katalon.core.main.TestSuiteExecutor.accessTestSuiteMainPhase(TestSuiteExecutor.java:142)&#xD;
	at com.kms.katalon.core.main.TestSuiteExecutor.execute(TestSuiteExecutor.java:91)&#xD;
	at com.kms.katalon.core.main.TestCaseMain.startTestSuite(TestCaseMain.java:157)&#xD;
	at com.kms.katalon.core.main.TestCaseMain$startTestSuite$0.call(Unknown Source)&#xD;
	at TempTestSuite1592909295916.run(TempTestSuite1592909295916.groovy:35)&#xD;
)&#xD;
&#xD;
2020-06-23 16:55:06 - [MESSAGE][WARNING] - Object 'Object Repository/Generic/webObjectWithText' is visible (Root cause: com.kms.katalon.core.exception.StepFailedException: Object 'Object Repository/Generic/webObjectWithText' is visible&#xD;
	at com.kms.katalon.core.webui.keyword.internal.WebUIKeywordMain.stepFailed(WebUIKeywordMain.groovy:64)&#xD;
	at com.kms.katalon.core.webui.keyword.builtin.VerifyElementNotVisibleKeyword$_verifyElementNotVisible_closure1.doCall(VerifyElementNotVisibleKeyword.groovy:83)&#xD;
	at com.kms.katalon.core.webui.keyword.builtin.VerifyElementNotVisibleKeyword$_verifyElementNotVisible_closure1.call(VerifyElementNotVisibleKeyword.groovy)&#xD;
	at com.kms.katalon.core.webui.keyword.internal.WebUIKeywordMain.runKeyword(WebUIKeywordMain.groovy:20)&#xD;
	at com.kms.katalon.core.webui.keyword.builtin.VerifyElementNotVisibleKeyword.verifyElementNotVisible(VerifyElementNotVisibleKeyword.groovy:97)&#xD;
	at com.kms.katalon.core.webui.keyword.builtin.VerifyElementNotVisibleKeyword.execute(VerifyElementNotVisibleKeyword.groovy:67)&#xD;
	at com.kms.katalon.core.keyword.internal.KeywordExecutor.executeKeywordForPlatform(KeywordExecutor.groovy:56)&#xD;
	at com.kms.katalon.core.webui.keyword.WebUiBuiltInKeywords.verifyElementNotVisible(WebUiBuiltInKeywords.groovy:387)&#xD;
	at com.kms.katalon.core.webui.keyword.WebUiBuiltInKeywords$verifyElementNotVisible$19.call(Unknown Source)&#xD;
	at globalSearchOnTraining_Test.run(globalSearchOnTraining_Test:32)&#xD;
	at com.kms.katalon.core.main.ScriptEngine.run(ScriptEngine.java:194)&#xD;
	at com.kms.katalon.core.main.ScriptEngine.runScriptAsRawText(ScriptEngine.java:119)&#xD;
	at com.kms.katalon.core.main.TestCaseExecutor.runScript(TestCaseExecutor.java:337)&#xD;
	at com.kms.katalon.core.main.TestCaseExecutor.doExecute(TestCaseExecutor.java:328)&#xD;
	at com.kms.katalon.core.main.TestCaseExecutor.processExecutionPhase(TestCaseExecutor.java:307)&#xD;
	at com.kms.katalon.core.main.TestCaseExecutor.accessMainPhase(TestCaseExecutor.java:299)&#xD;
	at com.kms.katalon.core.main.TestCaseExecutor.execute(TestCaseExecutor.java:233)&#xD;
	at com.kms.katalon.core.main.TestSuiteExecutor.accessTestCaseMainPhase(TestSuiteExecutor.java:169)&#xD;
	at com.kms.katalon.core.main.TestSuiteExecutor.accessTestSuiteMainPhase(TestSuiteExecutor.java:142)&#xD;
	at com.kms.katalon.core.main.TestSuiteExecutor.execute(TestSuiteExecutor.java:91)&#xD;
	at com.kms.katalon.core.main.TestCaseMain.startTestSuite(TestCaseMain.java:157)&#xD;
	at com.kms.katalon.core.main.TestCaseMain$startTestSuite$0.call(Unknown Source)&#xD;
	at TempTestSuite1592909295916.run(TempTestSuite1592909295916.groovy:35)&#xD;
)&#xD;
[[ATTACHMENT|D:\\IMIbot.ai-Project\\Reports\\20200623_161815\\taskSuiteE2E\\20200623_161815\\1592911504518.png]]&#xD;
&#xD;
2020-06-23 16:55:06 - [TEST_STEP][PASSED] - platform.Method.clickOnElement(findTestObject("Generic/webObjectWithText", ["textValue":testData.getValue("global_entity_type", count)])): platform.Method.clickOnElement is PASSED&#xD;
&#xD;
2020-06-23 16:55:08 - [MESSAGE][PASSED] - platform.Method.clickOnElement is PASSED&#xD;
&#xD;
2020-06-23 16:55:08 - [TEST_STEP][PASSED] - platform.Method.clickOnElement(findTestObject("Button/entityPageSaveButton")): platform.Method.clickOnElement is PASSED&#xD;
&#xD;
2020-06-23 16:55:10 - [MESSAGE][PASSED] - platform.Method.clickOnElement is PASSED&#xD;
&#xD;
2020-06-23 16:55:10 - [TEST_STEP][PASSED] - delay(1): Delayed 1 second(s)&#xD;
&#xD;
2020-06-23 16:55:11 - [MESSAGE][PASSED] - Delayed 1 second(s)&#xD;
&#xD;
2020-06-23 16:55:11 - [TEST_STEP][PASSED] - if (testData.getValue("global_entity_name", count) != ""): Delayed 1 second(s)&#xD;
&#xD;
2020-06-23 16:55:11 - [TEST_STEP][PASSED] - platform.Method.clickOnElement(findTestObject("Button/createEntity")): platform.Method.clickOnElement is PASSED&#xD;
&#xD;
2020-06-23 16:55:13 - [MESSAGE][PASSED] - platform.Method.clickOnElement is PASSED&#xD;
&#xD;
2020-06-23 16:55:13 - [TEST_STEP][PASSED] - sendKeys(findTestObject("Input/entityName"), testData.getValue("global_entity_name", count)): Keys 'geo_location' sent to object: 'Object Repository/Input/entityName'&#xD;
&#xD;
2020-06-23 16:55:16 - [MESSAGE][PASSED] - Keys 'geo_location' sent to object: 'Object Repository/Input/entityName'&#xD;
&#xD;
2020-06-23 16:55:16 - [TEST_STEP][PASSED] - platform.Method.clickOnElement(findTestObject("Generic/listOfEntity")): platform.Method.clickOnElement is PASSED&#xD;
&#xD;
2020-06-23 16:55:19 - [MESSAGE][PASSED] - platform.Method.clickOnElement is PASSED&#xD;
&#xD;
2020-06-23 16:55:19 - [TEST_STEP][PASSED] - if (verifyElementNotVisible(findTestObject("Generic/webObjectWithText", ["textValue":testData.getValue("global_entity_type", count)]), OPTIONAL)): Object 'Object Repository/Generic/webObjectWithText' is visible (Root cause: com.kms.katalon.core.exception.StepFailedException: Object 'Object Repository/Generic/webObjectWithText' is visible&#xD;
	at com.kms.katalon.core.webui.keyword.internal.WebUIKeywordMain.stepFailed(WebUIKeywordMain.groovy:64)&#xD;
	at com.kms.katalon.core.webui.keyword.builtin.VerifyElementNotVisibleKeyword$_verifyElementNotVisible_closure1.doCall(VerifyElementNotVisibleKeyword.groovy:83)&#xD;
	at com.kms.katalon.core.webui.keyword.builtin.VerifyElementNotVisibleKeyword$_verifyElementNotVisible_closure1.call(VerifyElementNotVisibleKeyword.groovy)&#xD;
	at com.kms.katalon.core.webui.keyword.internal.WebUIKeywordMain.runKeyword(WebUIKeywordMain.groovy:20)&#xD;
	at com.kms.katalon.core.webui.keyword.builtin.VerifyElementNotVisibleKeyword.verifyElementNotVisible(VerifyElementNotVisibleKeyword.groovy:97)&#xD;
	at com.kms.katalon.core.webui.keyword.builtin.VerifyElementNotVisibleKeyword.execute(VerifyElementNotVisibleKeyword.groovy:67)&#xD;
	at com.kms.katalon.core.keyword.internal.KeywordExecutor.executeKeywordForPlatform(KeywordExecutor.groovy:56)&#xD;
	at com.kms.katalon.core.webui.keyword.WebUiBuiltInKeywords.verifyElementNotVisible(WebUiBuiltInKeywords.groovy:387)&#xD;
	at com.kms.katalon.core.webui.keyword.WebUiBuiltInKeywords$verifyElementNotVisible$19.call(Unknown Source)&#xD;
	at globalSearchOnTraining_Test.run(globalSearchOnTraining_Test:32)&#xD;
	at com.kms.katalon.core.main.ScriptEngine.run(ScriptEngine.java:194)&#xD;
	at com.kms.katalon.core.main.ScriptEngine.runScriptAsRawText(ScriptEngine.java:119)&#xD;
	at com.kms.katalon.core.main.TestCaseExecutor.runScript(TestCaseExecutor.java:337)&#xD;
	at com.kms.katalon.core.main.TestCaseExecutor.doExecute(TestCaseExecutor.java:328)&#xD;
	at com.kms.katalon.core.main.TestCaseExecutor.processExecutionPhase(TestCaseExecutor.java:307)&#xD;
	at com.kms.katalon.core.main.TestCaseExecutor.accessMainPhase(TestCaseExecutor.java:299)&#xD;
	at com.kms.katalon.core.main.TestCaseExecutor.execute(TestCaseExecutor.java:233)&#xD;
	at com.kms.katalon.core.main.TestSuiteExecutor.accessTestCaseMainPhase(TestSuiteExecutor.java:169)&#xD;
	at com.kms.katalon.core.main.TestSuiteExecutor.accessTestSuiteMainPhase(TestSuiteExecutor.java:142)&#xD;
	at com.kms.katalon.core.main.TestSuiteExecutor.execute(TestSuiteExecutor.java:91)&#xD;
	at com.kms.katalon.core.main.TestCaseMain.startTestSuite(TestCaseMain.java:157)&#xD;
	at com.kms.katalon.core.main.TestCaseMain$startTestSuite$0.call(Unknown Source)&#xD;
	at TempTestSuite1592909295916.run(TempTestSuite1592909295916.groovy:35)&#xD;
)&#xD;
&#xD;
2020-06-23 16:55:23 - [MESSAGE][WARNING] - Object 'Object Repository/Generic/webObjectWithText' is visible (Root cause: com.kms.katalon.core.exception.StepFailedException: Object 'Object Repository/Generic/webObjectWithText' is visible&#xD;
	at com.kms.katalon.core.webui.keyword.internal.WebUIKeywordMain.stepFailed(WebUIKeywordMain.groovy:64)&#xD;
	at com.kms.katalon.core.webui.keyword.builtin.VerifyElementNotVisibleKeyword$_verifyElementNotVisible_closure1.doCall(VerifyElementNotVisibleKeyword.groovy:83)&#xD;
	at com.kms.katalon.core.webui.keyword.builtin.VerifyElementNotVisibleKeyword$_verifyElementNotVisible_closure1.call(VerifyElementNotVisibleKeyword.groovy)&#xD;
	at com.kms.katalon.core.webui.keyword.internal.WebUIKeywordMain.runKeyword(WebUIKeywordMain.groovy:20)&#xD;
	at com.kms.katalon.core.webui.keyword.builtin.VerifyElementNotVisibleKeyword.verifyElementNotVisible(VerifyElementNotVisibleKeyword.groovy:97)&#xD;
	at com.kms.katalon.core.webui.keyword.builtin.VerifyElementNotVisibleKeyword.execute(VerifyElementNotVisibleKeyword.groovy:67)&#xD;
	at com.kms.katalon.core.keyword.internal.KeywordExecutor.executeKeywordForPlatform(KeywordExecutor.groovy:56)&#xD;
	at com.kms.katalon.core.webui.keyword.WebUiBuiltInKeywords.verifyElementNotVisible(WebUiBuiltInKeywords.groovy:387)&#xD;
	at com.kms.katalon.core.webui.keyword.WebUiBuiltInKeywords$verifyElementNotVisible$19.call(Unknown Source)&#xD;
	at globalSearchOnTraining_Test.run(globalSearchOnTraining_Test:32)&#xD;
	at com.kms.katalon.core.main.ScriptEngine.run(ScriptEngine.java:194)&#xD;
	at com.kms.katalon.core.main.ScriptEngine.runScriptAsRawText(ScriptEngine.java:119)&#xD;
	at com.kms.katalon.core.main.TestCaseExecutor.runScript(TestCaseExecutor.java:337)&#xD;
	at com.kms.katalon.core.main.TestCaseExecutor.doExecute(TestCaseExecutor.java:328)&#xD;
	at com.kms.katalon.core.main.TestCaseExecutor.processExecutionPhase(TestCaseExecutor.java:307)&#xD;
	at com.kms.katalon.core.main.TestCaseExecutor.accessMainPhase(TestCaseExecutor.java:299)&#xD;
	at com.kms.katalon.core.main.TestCaseExecutor.execute(TestCaseExecutor.java:233)&#xD;
	at com.kms.katalon.core.main.TestSuiteExecutor.accessTestCaseMainPhase(TestSuiteExecutor.java:169)&#xD;
	at com.kms.katalon.core.main.TestSuiteExecutor.accessTestSuiteMainPhase(TestSuiteExecutor.java:142)&#xD;
	at com.kms.katalon.core.main.TestSuiteExecutor.execute(TestSuiteExecutor.java:91)&#xD;
	at com.kms.katalon.core.main.TestCaseMain.startTestSuite(TestCaseMain.java:157)&#xD;
	at com.kms.katalon.core.main.TestCaseMain$startTestSuite$0.call(Unknown Source)&#xD;
	at TempTestSuite1592909295916.run(TempTestSuite1592909295916.groovy:35)&#xD;
)&#xD;
[[ATTACHMENT|D:\\IMIbot.ai-Project\\Reports\\20200623_161815\\taskSuiteE2E\\20200623_161815\\1592911521402.png]]&#xD;
&#xD;
2020-06-23 16:55:23 - [TEST_STEP][PASSED] - platform.Method.clickOnElement(findTestObject("Generic/webObjectWithText", ["textValue":testData.getValue("global_entity_type", count)])): platform.Method.clickOnElement is PASSED&#xD;
&#xD;
2020-06-23 16:55:25 - [MESSAGE][PASSED] - platform.Method.clickOnElement is PASSED&#xD;
&#xD;
2020-06-23 16:55:25 - [TEST_STEP][PASSED] - platform.Method.clickOnElement(findTestObject("Button/entityPageSaveButton")): platform.Method.clickOnElement is PASSED&#xD;
&#xD;
2020-06-23 16:55:27 - [MESSAGE][PASSED] - platform.Method.clickOnElement is PASSED&#xD;
&#xD;
2020-06-23 16:55:27 - [TEST_STEP][PASSED] - delay(1): Delayed 1 second(s)&#xD;
&#xD;
2020-06-23 16:55:28 - [MESSAGE][PASSED] - Delayed 1 second(s)&#xD;
&#xD;
2020-06-23 16:55:28 - [TEST_STEP][PASSED] - if (testData.getValue("global_entity_name", count) != ""): Delayed 1 second(s)&#xD;
&#xD;
2020-06-23 16:55:28 - [TEST_STEP][PASSED] - platform.Method.clickOnElement(findTestObject("Button/createEntity")): platform.Method.clickOnElement is PASSED&#xD;
&#xD;
2020-06-23 16:55:31 - [MESSAGE][PASSED] - platform.Method.clickOnElement is PASSED&#xD;
&#xD;
2020-06-23 16:55:31 - [TEST_STEP][PASSED] - sendKeys(findTestObject("Input/entityName"), testData.getValue("global_entity_name", count)): Keys 'non_geo_location' sent to object: 'Object Repository/Input/entityName'&#xD;
&#xD;
2020-06-23 16:55:34 - [MESSAGE][PASSED] - Keys 'non_geo_location' sent to object: 'Object Repository/Input/entityName'&#xD;
&#xD;
2020-06-23 16:55:34 - [TEST_STEP][PASSED] - platform.Method.clickOnElement(findTestObject("Generic/listOfEntity")): platform.Method.clickOnElement is PASSED&#xD;
&#xD;
2020-06-23 16:55:36 - [MESSAGE][PASSED] - platform.Method.clickOnElement is PASSED&#xD;
&#xD;
2020-06-23 16:55:36 - [TEST_STEP][PASSED] - if (verifyElementNotVisible(findTestObject("Generic/webObjectWithText", ["textValue":testData.getValue("global_entity_type", count)]), OPTIONAL)): Object 'Object Repository/Generic/webObjectWithText' is visible (Root cause: com.kms.katalon.core.exception.StepFailedException: Object 'Object Repository/Generic/webObjectWithText' is visible&#xD;
	at com.kms.katalon.core.webui.keyword.internal.WebUIKeywordMain.stepFailed(WebUIKeywordMain.groovy:64)&#xD;
	at com.kms.katalon.core.webui.keyword.builtin.VerifyElementNotVisibleKeyword$_verifyElementNotVisible_closure1.doCall(VerifyElementNotVisibleKeyword.groovy:83)&#xD;
	at com.kms.katalon.core.webui.keyword.builtin.VerifyElementNotVisibleKeyword$_verifyElementNotVisible_closure1.call(VerifyElementNotVisibleKeyword.groovy)&#xD;
	at com.kms.katalon.core.webui.keyword.internal.WebUIKeywordMain.runKeyword(WebUIKeywordMain.groovy:20)&#xD;
	at com.kms.katalon.core.webui.keyword.builtin.VerifyElementNotVisibleKeyword.verifyElementNotVisible(VerifyElementNotVisibleKeyword.groovy:97)&#xD;
	at com.kms.katalon.core.webui.keyword.builtin.VerifyElementNotVisibleKeyword.execute(VerifyElementNotVisibleKeyword.groovy:67)&#xD;
	at com.kms.katalon.core.keyword.internal.KeywordExecutor.executeKeywordForPlatform(KeywordExecutor.groovy:56)&#xD;
	at com.kms.katalon.core.webui.keyword.WebUiBuiltInKeywords.verifyElementNotVisible(WebUiBuiltInKeywords.groovy:387)&#xD;
	at com.kms.katalon.core.webui.keyword.WebUiBuiltInKeywords$verifyElementNotVisible$19.call(Unknown Source)&#xD;
	at globalSearchOnTraining_Test.run(globalSearchOnTraining_Test:32)&#xD;
	at com.kms.katalon.core.main.ScriptEngine.run(ScriptEngine.java:194)&#xD;
	at com.kms.katalon.core.main.ScriptEngine.runScriptAsRawText(ScriptEngine.java:119)&#xD;
	at com.kms.katalon.core.main.TestCaseExecutor.runScript(TestCaseExecutor.java:337)&#xD;
	at com.kms.katalon.core.main.TestCaseExecutor.doExecute(TestCaseExecutor.java:328)&#xD;
	at com.kms.katalon.core.main.TestCaseExecutor.processExecutionPhase(TestCaseExecutor.java:307)&#xD;
	at com.kms.katalon.core.main.TestCaseExecutor.accessMainPhase(TestCaseExecutor.java:299)&#xD;
	at com.kms.katalon.core.main.TestCaseExecutor.execute(TestCaseExecutor.java:233)&#xD;
	at com.kms.katalon.core.main.TestSuiteExecutor.accessTestCaseMainPhase(TestSuiteExecutor.java:169)&#xD;
	at com.kms.katalon.core.main.TestSuiteExecutor.accessTestSuiteMainPhase(TestSuiteExecutor.java:142)&#xD;
	at com.kms.katalon.core.main.TestSuiteExecutor.execute(TestSuiteExecutor.java:91)&#xD;
	at com.kms.katalon.core.main.TestCaseMain.startTestSuite(TestCaseMain.java:157)&#xD;
	at com.kms.katalon.core.main.TestCaseMain$startTestSuite$0.call(Unknown Source)&#xD;
	at TempTestSuite1592909295916.run(TempTestSuite1592909295916.groovy:35)&#xD;
)&#xD;
&#xD;
2020-06-23 16:55:40 - [MESSAGE][WARNING] - Object 'Object Repository/Generic/webObjectWithText' is visible (Root cause: com.kms.katalon.core.exception.StepFailedException: Object 'Object Repository/Generic/webObjectWithText' is visible&#xD;
	at com.kms.katalon.core.webui.keyword.internal.WebUIKeywordMain.stepFailed(WebUIKeywordMain.groovy:64)&#xD;
	at com.kms.katalon.core.webui.keyword.builtin.VerifyElementNotVisibleKeyword$_verifyElementNotVisible_closure1.doCall(VerifyElementNotVisibleKeyword.groovy:83)&#xD;
	at com.kms.katalon.core.webui.keyword.builtin.VerifyElementNotVisibleKeyword$_verifyElementNotVisible_closure1.call(VerifyElementNotVisibleKeyword.groovy)&#xD;
	at com.kms.katalon.core.webui.keyword.internal.WebUIKeywordMain.runKeyword(WebUIKeywordMain.groovy:20)&#xD;
	at com.kms.katalon.core.webui.keyword.builtin.VerifyElementNotVisibleKeyword.verifyElementNotVisible(VerifyElementNotVisibleKeyword.groovy:97)&#xD;
	at com.kms.katalon.core.webui.keyword.builtin.VerifyElementNotVisibleKeyword.execute(VerifyElementNotVisibleKeyword.groovy:67)&#xD;
	at com.kms.katalon.core.keyword.internal.KeywordExecutor.executeKeywordForPlatform(KeywordExecutor.groovy:56)&#xD;
	at com.kms.katalon.core.webui.keyword.WebUiBuiltInKeywords.verifyElementNotVisible(WebUiBuiltInKeywords.groovy:387)&#xD;
	at com.kms.katalon.core.webui.keyword.WebUiBuiltInKeywords$verifyElementNotVisible$19.call(Unknown Source)&#xD;
	at globalSearchOnTraining_Test.run(globalSearchOnTraining_Test:32)&#xD;
	at com.kms.katalon.core.main.ScriptEngine.run(ScriptEngine.java:194)&#xD;
	at com.kms.katalon.core.main.ScriptEngine.runScriptAsRawText(ScriptEngine.java:119)&#xD;
	at com.kms.katalon.core.main.TestCaseExecutor.runScript(TestCaseExecutor.java:337)&#xD;
	at com.kms.katalon.core.main.TestCaseExecutor.doExecute(TestCaseExecutor.java:328)&#xD;
	at com.kms.katalon.core.main.TestCaseExecutor.processExecutionPhase(TestCaseExecutor.java:307)&#xD;
	at com.kms.katalon.core.main.TestCaseExecutor.accessMainPhase(TestCaseExecutor.java:299)&#xD;
	at com.kms.katalon.core.main.TestCaseExecutor.execute(TestCaseExecutor.java:233)&#xD;
	at com.kms.katalon.core.main.TestSuiteExecutor.accessTestCaseMainPhase(TestSuiteExecutor.java:169)&#xD;
	at com.kms.katalon.core.main.TestSuiteExecutor.accessTestSuiteMainPhase(TestSuiteExecutor.java:142)&#xD;
	at com.kms.katalon.core.main.TestSuiteExecutor.execute(TestSuiteExecutor.java:91)&#xD;
	at com.kms.katalon.core.main.TestCaseMain.startTestSuite(TestCaseMain.java:157)&#xD;
	at com.kms.katalon.core.main.TestCaseMain$startTestSuite$0.call(Unknown Source)&#xD;
	at TempTestSuite1592909295916.run(TempTestSuite1592909295916.groovy:35)&#xD;
)&#xD;
[[ATTACHMENT|D:\\IMIbot.ai-Project\\Reports\\20200623_161815\\taskSuiteE2E\\20200623_161815\\1592911539150.png]]&#xD;
&#xD;
2020-06-23 16:55:40 - [TEST_STEP][PASSED] - platform.Method.clickOnElement(findTestObject("Generic/webObjectWithText", ["textValue":testData.getValue("global_entity_type", count)])): platform.Method.clickOnElement is PASSED&#xD;
&#xD;
2020-06-23 16:55:43 - [MESSAGE][PASSED] - platform.Method.clickOnElement is PASSED&#xD;
&#xD;
2020-06-23 16:55:43 - [TEST_STEP][PASSED] - platform.Method.clickOnElement(findTestObject("Button/entityPageSaveButton")): platform.Method.clickOnElement is PASSED&#xD;
&#xD;
2020-06-23 16:55:45 - [MESSAGE][PASSED] - platform.Method.clickOnElement is PASSED&#xD;
&#xD;
2020-06-23 16:55:45 - [TEST_STEP][PASSED] - delay(1): Delayed 1 second(s)&#xD;
&#xD;
2020-06-23 16:55:46 - [MESSAGE][PASSED] - Delayed 1 second(s)&#xD;
&#xD;
2020-06-23 16:55:46 - [TEST_STEP][PASSED] - if (testData.getValue("global_entity_name", count) != ""): Delayed 1 second(s)&#xD;
&#xD;
2020-06-23 16:55:46 - [TEST_STEP][PASSED] - platform.Method.clickOnElement(findTestObject("Button/createEntity")): platform.Method.clickOnElement is PASSED&#xD;
&#xD;
2020-06-23 16:55:48 - [MESSAGE][PASSED] - platform.Method.clickOnElement is PASSED&#xD;
&#xD;
2020-06-23 16:55:48 - [TEST_STEP][PASSED] - sendKeys(findTestObject("Input/entityName"), testData.getValue("global_entity_name", count)): Keys 'organisation' sent to object: 'Object Repository/Input/entityName'&#xD;
&#xD;
2020-06-23 16:55:51 - [MESSAGE][PASSED] - Keys 'organisation' sent to object: 'Object Repository/Input/entityName'&#xD;
&#xD;
2020-06-23 16:55:51 - [TEST_STEP][PASSED] - platform.Method.clickOnElement(findTestObject("Generic/listOfEntity")): platform.Method.clickOnElement is PASSED&#xD;
&#xD;
2020-06-23 16:55:53 - [MESSAGE][PASSED] - platform.Method.clickOnElement is PASSED&#xD;
&#xD;
2020-06-23 16:55:53 - [TEST_STEP][PASSED] - if (verifyElementNotVisible(findTestObject("Generic/webObjectWithText", ["textValue":testData.getValue("global_entity_type", count)]), OPTIONAL)): Object 'Object Repository/Generic/webObjectWithText' is visible (Root cause: com.kms.katalon.core.exception.StepFailedException: Object 'Object Repository/Generic/webObjectWithText' is visible&#xD;
	at com.kms.katalon.core.webui.keyword.internal.WebUIKeywordMain.stepFailed(WebUIKeywordMain.groovy:64)&#xD;
	at com.kms.katalon.core.webui.keyword.builtin.VerifyElementNotVisibleKeyword$_verifyElementNotVisible_closure1.doCall(VerifyElementNotVisibleKeyword.groovy:83)&#xD;
	at com.kms.katalon.core.webui.keyword.builtin.VerifyElementNotVisibleKeyword$_verifyElementNotVisible_closure1.call(VerifyElementNotVisibleKeyword.groovy)&#xD;
	at com.kms.katalon.core.webui.keyword.internal.WebUIKeywordMain.runKeyword(WebUIKeywordMain.groovy:20)&#xD;
	at com.kms.katalon.core.webui.keyword.builtin.VerifyElementNotVisibleKeyword.verifyElementNotVisible(VerifyElementNotVisibleKeyword.groovy:97)&#xD;
	at com.kms.katalon.core.webui.keyword.builtin.VerifyElementNotVisibleKeyword.execute(VerifyElementNotVisibleKeyword.groovy:67)&#xD;
	at com.kms.katalon.core.keyword.internal.KeywordExecutor.executeKeywordForPlatform(KeywordExecutor.groovy:56)&#xD;
	at com.kms.katalon.core.webui.keyword.WebUiBuiltInKeywords.verifyElementNotVisible(WebUiBuiltInKeywords.groovy:387)&#xD;
	at com.kms.katalon.core.webui.keyword.WebUiBuiltInKeywords$verifyElementNotVisible$19.call(Unknown Source)&#xD;
	at globalSearchOnTraining_Test.run(globalSearchOnTraining_Test:32)&#xD;
	at com.kms.katalon.core.main.ScriptEngine.run(ScriptEngine.java:194)&#xD;
	at com.kms.katalon.core.main.ScriptEngine.runScriptAsRawText(ScriptEngine.java:119)&#xD;
	at com.kms.katalon.core.main.TestCaseExecutor.runScript(TestCaseExecutor.java:337)&#xD;
	at com.kms.katalon.core.main.TestCaseExecutor.doExecute(TestCaseExecutor.java:328)&#xD;
	at com.kms.katalon.core.main.TestCaseExecutor.processExecutionPhase(TestCaseExecutor.java:307)&#xD;
	at com.kms.katalon.core.main.TestCaseExecutor.accessMainPhase(TestCaseExecutor.java:299)&#xD;
	at com.kms.katalon.core.main.TestCaseExecutor.execute(TestCaseExecutor.java:233)&#xD;
	at com.kms.katalon.core.main.TestSuiteExecutor.accessTestCaseMainPhase(TestSuiteExecutor.java:169)&#xD;
	at com.kms.katalon.core.main.TestSuiteExecutor.accessTestSuiteMainPhase(TestSuiteExecutor.java:142)&#xD;
	at com.kms.katalon.core.main.TestSuiteExecutor.execute(TestSuiteExecutor.java:91)&#xD;
	at com.kms.katalon.core.main.TestCaseMain.startTestSuite(TestCaseMain.java:157)&#xD;
	at com.kms.katalon.core.main.TestCaseMain$startTestSuite$0.call(Unknown Source)&#xD;
	at TempTestSuite1592909295916.run(TempTestSuite1592909295916.groovy:35)&#xD;
)&#xD;
&#xD;
2020-06-23 16:55:57 - [MESSAGE][WARNING] - Object 'Object Repository/Generic/webObjectWithText' is visible (Root cause: com.kms.katalon.core.exception.StepFailedException: Object 'Object Repository/Generic/webObjectWithText' is visible&#xD;
	at com.kms.katalon.core.webui.keyword.internal.WebUIKeywordMain.stepFailed(WebUIKeywordMain.groovy:64)&#xD;
	at com.kms.katalon.core.webui.keyword.builtin.VerifyElementNotVisibleKeyword$_verifyElementNotVisible_closure1.doCall(VerifyElementNotVisibleKeyword.groovy:83)&#xD;
	at com.kms.katalon.core.webui.keyword.builtin.VerifyElementNotVisibleKeyword$_verifyElementNotVisible_closure1.call(VerifyElementNotVisibleKeyword.groovy)&#xD;
	at com.kms.katalon.core.webui.keyword.internal.WebUIKeywordMain.runKeyword(WebUIKeywordMain.groovy:20)&#xD;
	at com.kms.katalon.core.webui.keyword.builtin.VerifyElementNotVisibleKeyword.verifyElementNotVisible(VerifyElementNotVisibleKeyword.groovy:97)&#xD;
	at com.kms.katalon.core.webui.keyword.builtin.VerifyElementNotVisibleKeyword.execute(VerifyElementNotVisibleKeyword.groovy:67)&#xD;
	at com.kms.katalon.core.keyword.internal.KeywordExecutor.executeKeywordForPlatform(KeywordExecutor.groovy:56)&#xD;
	at com.kms.katalon.core.webui.keyword.WebUiBuiltInKeywords.verifyElementNotVisible(WebUiBuiltInKeywords.groovy:387)&#xD;
	at com.kms.katalon.core.webui.keyword.WebUiBuiltInKeywords$verifyElementNotVisible$19.call(Unknown Source)&#xD;
	at globalSearchOnTraining_Test.run(globalSearchOnTraining_Test:32)&#xD;
	at com.kms.katalon.core.main.ScriptEngine.run(ScriptEngine.java:194)&#xD;
	at com.kms.katalon.core.main.ScriptEngine.runScriptAsRawText(ScriptEngine.java:119)&#xD;
	at com.kms.katalon.core.main.TestCaseExecutor.runScript(TestCaseExecutor.java:337)&#xD;
	at com.kms.katalon.core.main.TestCaseExecutor.doExecute(TestCaseExecutor.java:328)&#xD;
	at com.kms.katalon.core.main.TestCaseExecutor.processExecutionPhase(TestCaseExecutor.java:307)&#xD;
	at com.kms.katalon.core.main.TestCaseExecutor.accessMainPhase(TestCaseExecutor.java:299)&#xD;
	at com.kms.katalon.core.main.TestCaseExecutor.execute(TestCaseExecutor.java:233)&#xD;
	at com.kms.katalon.core.main.TestSuiteExecutor.accessTestCaseMainPhase(TestSuiteExecutor.java:169)&#xD;
	at com.kms.katalon.core.main.TestSuiteExecutor.accessTestSuiteMainPhase(TestSuiteExecutor.java:142)&#xD;
	at com.kms.katalon.core.main.TestSuiteExecutor.execute(TestSuiteExecutor.java:91)&#xD;
	at com.kms.katalon.core.main.TestCaseMain.startTestSuite(TestCaseMain.java:157)&#xD;
	at com.kms.katalon.core.main.TestCaseMain$startTestSuite$0.call(Unknown Source)&#xD;
	at TempTestSuite1592909295916.run(TempTestSuite1592909295916.groovy:35)&#xD;
)&#xD;
[[ATTACHMENT|D:\\IMIbot.ai-Project\\Reports\\20200623_161815\\taskSuiteE2E\\20200623_161815\\1592911556123.png]]&#xD;
&#xD;
2020-06-23 16:55:57 - [TEST_STEP][PASSED] - platform.Method.clickOnElement(findTestObject("Generic/webObjectWithText", ["textValue":testData.getValue("global_entity_type", count)])): platform.Method.clickOnElement is PASSED&#xD;
&#xD;
2020-06-23 16:56:00 - [MESSAGE][PASSED] - platform.Method.clickOnElement is PASSED&#xD;
&#xD;
2020-06-23 16:56:00 - [TEST_STEP][PASSED] - platform.Method.clickOnElement(findTestObject("Button/entityPageSaveButton")): platform.Method.clickOnElement is PASSED&#xD;
&#xD;
2020-06-23 16:56:02 - [MESSAGE][PASSED] - platform.Method.clickOnElement is PASSED&#xD;
&#xD;
2020-06-23 16:56:02 - [TEST_STEP][PASSED] - delay(1): Delayed 1 second(s)&#xD;
&#xD;
2020-06-23 16:56:03 - [MESSAGE][PASSED] - Delayed 1 second(s)&#xD;
&#xD;
2020-06-23 16:56:03 - [TEST_STEP][PASSED] - if (testData.getValue("global_entity_name", count) != ""): Delayed 1 second(s)&#xD;
&#xD;
2020-06-23 16:56:03 - [TEST_STEP][PASSED] - platform.Method.clickOnElement(findTestObject("Button/createEntity")): platform.Method.clickOnElement is PASSED&#xD;
&#xD;
2020-06-23 16:56:05 - [MESSAGE][PASSED] - platform.Method.clickOnElement is PASSED&#xD;
&#xD;
2020-06-23 16:56:05 - [TEST_STEP][PASSED] - sendKeys(findTestObject("Input/entityName"), testData.getValue("global_entity_name", count)): Keys 'person' sent to object: 'Object Repository/Input/entityName'&#xD;
&#xD;
2020-06-23 16:56:08 - [MESSAGE][PASSED] - Keys 'person' sent to object: 'Object Repository/Input/entityName'&#xD;
&#xD;
2020-06-23 16:56:08 - [TEST_STEP][PASSED] - platform.Method.clickOnElement(findTestObject("Generic/listOfEntity")): platform.Method.clickOnElement is PASSED&#xD;
&#xD;
2020-06-23 16:56:10 - [MESSAGE][PASSED] - platform.Method.clickOnElement is PASSED&#xD;
&#xD;
2020-06-23 16:56:10 - [TEST_STEP][PASSED] - if (verifyElementNotVisible(findTestObject("Generic/webObjectWithText", ["textValue":testData.getValue("global_entity_type", count)]), OPTIONAL)): Object 'Object Repository/Generic/webObjectWithText' is visible (Root cause: com.kms.katalon.core.exception.StepFailedException: Object 'Object Repository/Generic/webObjectWithText' is visible&#xD;
	at com.kms.katalon.core.webui.keyword.internal.WebUIKeywordMain.stepFailed(WebUIKeywordMain.groovy:64)&#xD;
	at com.kms.katalon.core.webui.keyword.builtin.VerifyElementNotVisibleKeyword$_verifyElementNotVisible_closure1.doCall(VerifyElementNotVisibleKeyword.groovy:83)&#xD;
	at com.kms.katalon.core.webui.keyword.builtin.VerifyElementNotVisibleKeyword$_verifyElementNotVisible_closure1.call(VerifyElementNotVisibleKeyword.groovy)&#xD;
	at com.kms.katalon.core.webui.keyword.internal.WebUIKeywordMain.runKeyword(WebUIKeywordMain.groovy:20)&#xD;
	at com.kms.katalon.core.webui.keyword.builtin.VerifyElementNotVisibleKeyword.verifyElementNotVisible(VerifyElementNotVisibleKeyword.groovy:97)&#xD;
	at com.kms.katalon.core.webui.keyword.builtin.VerifyElementNotVisibleKeyword.execute(VerifyElementNotVisibleKeyword.groovy:67)&#xD;
	at com.kms.katalon.core.keyword.internal.KeywordExecutor.executeKeywordForPlatform(KeywordExecutor.groovy:56)&#xD;
	at com.kms.katalon.core.webui.keyword.WebUiBuiltInKeywords.verifyElementNotVisible(WebUiBuiltInKeywords.groovy:387)&#xD;
	at com.kms.katalon.core.webui.keyword.WebUiBuiltInKeywords$verifyElementNotVisible$19.call(Unknown Source)&#xD;
	at globalSearchOnTraining_Test.run(globalSearchOnTraining_Test:32)&#xD;
	at com.kms.katalon.core.main.ScriptEngine.run(ScriptEngine.java:194)&#xD;
	at com.kms.katalon.core.main.ScriptEngine.runScriptAsRawText(ScriptEngine.java:119)&#xD;
	at com.kms.katalon.core.main.TestCaseExecutor.runScript(TestCaseExecutor.java:337)&#xD;
	at com.kms.katalon.core.main.TestCaseExecutor.doExecute(TestCaseExecutor.java:328)&#xD;
	at com.kms.katalon.core.main.TestCaseExecutor.processExecutionPhase(TestCaseExecutor.java:307)&#xD;
	at com.kms.katalon.core.main.TestCaseExecutor.accessMainPhase(TestCaseExecutor.java:299)&#xD;
	at com.kms.katalon.core.main.TestCaseExecutor.execute(TestCaseExecutor.java:233)&#xD;
	at com.kms.katalon.core.main.TestSuiteExecutor.accessTestCaseMainPhase(TestSuiteExecutor.java:169)&#xD;
	at com.kms.katalon.core.main.TestSuiteExecutor.accessTestSuiteMainPhase(TestSuiteExecutor.java:142)&#xD;
	at com.kms.katalon.core.main.TestSuiteExecutor.execute(TestSuiteExecutor.java:91)&#xD;
	at com.kms.katalon.core.main.TestCaseMain.startTestSuite(TestCaseMain.java:157)&#xD;
	at com.kms.katalon.core.main.TestCaseMain$startTestSuite$0.call(Unknown Source)&#xD;
	at TempTestSuite1592909295916.run(TempTestSuite1592909295916.groovy:35)&#xD;
)&#xD;
&#xD;
2020-06-23 16:56:14 - [MESSAGE][WARNING] - Object 'Object Repository/Generic/webObjectWithText' is visible (Root cause: com.kms.katalon.core.exception.StepFailedException: Object 'Object Repository/Generic/webObjectWithText' is visible&#xD;
	at com.kms.katalon.core.webui.keyword.internal.WebUIKeywordMain.stepFailed(WebUIKeywordMain.groovy:64)&#xD;
	at com.kms.katalon.core.webui.keyword.builtin.VerifyElementNotVisibleKeyword$_verifyElementNotVisible_closure1.doCall(VerifyElementNotVisibleKeyword.groovy:83)&#xD;
	at com.kms.katalon.core.webui.keyword.builtin.VerifyElementNotVisibleKeyword$_verifyElementNotVisible_closure1.call(VerifyElementNotVisibleKeyword.groovy)&#xD;
	at com.kms.katalon.core.webui.keyword.internal.WebUIKeywordMain.runKeyword(WebUIKeywordMain.groovy:20)&#xD;
	at com.kms.katalon.core.webui.keyword.builtin.VerifyElementNotVisibleKeyword.verifyElementNotVisible(VerifyElementNotVisibleKeyword.groovy:97)&#xD;
	at com.kms.katalon.core.webui.keyword.builtin.VerifyElementNotVisibleKeyword.execute(VerifyElementNotVisibleKeyword.groovy:67)&#xD;
	at com.kms.katalon.core.keyword.internal.KeywordExecutor.executeKeywordForPlatform(KeywordExecutor.groovy:56)&#xD;
	at com.kms.katalon.core.webui.keyword.WebUiBuiltInKeywords.verifyElementNotVisible(WebUiBuiltInKeywords.groovy:387)&#xD;
	at com.kms.katalon.core.webui.keyword.WebUiBuiltInKeywords$verifyElementNotVisible$19.call(Unknown Source)&#xD;
	at globalSearchOnTraining_Test.run(globalSearchOnTraining_Test:32)&#xD;
	at com.kms.katalon.core.main.ScriptEngine.run(ScriptEngine.java:194)&#xD;
	at com.kms.katalon.core.main.ScriptEngine.runScriptAsRawText(ScriptEngine.java:119)&#xD;
	at com.kms.katalon.core.main.TestCaseExecutor.runScript(TestCaseExecutor.java:337)&#xD;
	at com.kms.katalon.core.main.TestCaseExecutor.doExecute(TestCaseExecutor.java:328)&#xD;
	at com.kms.katalon.core.main.TestCaseExecutor.processExecutionPhase(TestCaseExecutor.java:307)&#xD;
	at com.kms.katalon.core.main.TestCaseExecutor.accessMainPhase(TestCaseExecutor.java:299)&#xD;
	at com.kms.katalon.core.main.TestCaseExecutor.execute(TestCaseExecutor.java:233)&#xD;
	at com.kms.katalon.core.main.TestSuiteExecutor.accessTestCaseMainPhase(TestSuiteExecutor.java:169)&#xD;
	at com.kms.katalon.core.main.TestSuiteExecutor.accessTestSuiteMainPhase(TestSuiteExecutor.java:142)&#xD;
	at com.kms.katalon.core.main.TestSuiteExecutor.execute(TestSuiteExecutor.java:91)&#xD;
	at com.kms.katalon.core.main.TestCaseMain.startTestSuite(TestCaseMain.java:157)&#xD;
	at com.kms.katalon.core.main.TestCaseMain$startTestSuite$0.call(Unknown Source)&#xD;
	at TempTestSuite1592909295916.run(TempTestSuite1592909295916.groovy:35)&#xD;
)&#xD;
[[ATTACHMENT|D:\\IMIbot.ai-Project\\Reports\\20200623_161815\\taskSuiteE2E\\20200623_161815\\1592911573247.png]]&#xD;
&#xD;
2020-06-23 16:56:14 - [TEST_STEP][PASSED] - platform.Method.clickOnElement(findTestObject("Generic/webObjectWithText", ["textValue":testData.getValue("global_entity_type", count)])): platform.Method.clickOnElement is PASSED&#xD;
&#xD;
2020-06-23 16:56:17 - [MESSAGE][PASSED] - platform.Method.clickOnElement is PASSED&#xD;
&#xD;
2020-06-23 16:56:17 - [TEST_STEP][PASSED] - platform.Method.clickOnElement(findTestObject("Button/entityPageSaveButton")): platform.Method.clickOnElement is PASSED&#xD;
&#xD;
2020-06-23 16:56:19 - [MESSAGE][PASSED] - platform.Method.clickOnElement is PASSED&#xD;
&#xD;
2020-06-23 16:56:19 - [TEST_STEP][PASSED] - delay(1): Delayed 1 second(s)&#xD;
&#xD;
2020-06-23 16:56:20 - [MESSAGE][PASSED] - Delayed 1 second(s)&#xD;
&#xD;
2020-06-23 16:56:20 - [TEST_STEP][PASSED] - if (testData.getValue("global_entity_name", count) != ""): Delayed 1 second(s)&#xD;
&#xD;
2020-06-23 16:56:20 - [TEST_STEP][PASSED] - platform.Method.clickOnElement(findTestObject("Button/createEntity")): platform.Method.clickOnElement is PASSED&#xD;
&#xD;
2020-06-23 16:56:23 - [MESSAGE][PASSED] - platform.Method.clickOnElement is PASSED&#xD;
&#xD;
2020-06-23 16:56:23 - [TEST_STEP][PASSED] - sendKeys(findTestObject("Input/entityName"), testData.getValue("global_entity_name", count)): Keys 'language' sent to object: 'Object Repository/Input/entityName'&#xD;
&#xD;
2020-06-23 16:56:25 - [MESSAGE][PASSED] - Keys 'language' sent to object: 'Object Repository/Input/entityName'&#xD;
&#xD;
2020-06-23 16:56:25 - [TEST_STEP][PASSED] - platform.Method.clickOnElement(findTestObject("Generic/listOfEntity")): platform.Method.clickOnElement is PASSED&#xD;
&#xD;
2020-06-23 16:56:27 - [MESSAGE][PASSED] - platform.Method.clickOnElement is PASSED&#xD;
&#xD;
2020-06-23 16:56:27 - [TEST_STEP][PASSED] - if (verifyElementNotVisible(findTestObject("Generic/webObjectWithText", ["textValue":testData.getValue("global_entity_type", count)]), OPTIONAL)): Object 'Object Repository/Generic/webObjectWithText' is visible (Root cause: com.kms.katalon.core.exception.StepFailedException: Object 'Object Repository/Generic/webObjectWithText' is visible&#xD;
	at com.kms.katalon.core.webui.keyword.internal.WebUIKeywordMain.stepFailed(WebUIKeywordMain.groovy:64)&#xD;
	at com.kms.katalon.core.webui.keyword.builtin.VerifyElementNotVisibleKeyword$_verifyElementNotVisible_closure1.doCall(VerifyElementNotVisibleKeyword.groovy:83)&#xD;
	at com.kms.katalon.core.webui.keyword.builtin.VerifyElementNotVisibleKeyword$_verifyElementNotVisible_closure1.call(VerifyElementNotVisibleKeyword.groovy)&#xD;
	at com.kms.katalon.core.webui.keyword.internal.WebUIKeywordMain.runKeyword(WebUIKeywordMain.groovy:20)&#xD;
	at com.kms.katalon.core.webui.keyword.builtin.VerifyElementNotVisibleKeyword.verifyElementNotVisible(VerifyElementNotVisibleKeyword.groovy:97)&#xD;
	at com.kms.katalon.core.webui.keyword.builtin.VerifyElementNotVisibleKeyword.execute(VerifyElementNotVisibleKeyword.groovy:67)&#xD;
	at com.kms.katalon.core.keyword.internal.KeywordExecutor.executeKeywordForPlatform(KeywordExecutor.groovy:56)&#xD;
	at com.kms.katalon.core.webui.keyword.WebUiBuiltInKeywords.verifyElementNotVisible(WebUiBuiltInKeywords.groovy:387)&#xD;
	at com.kms.katalon.core.webui.keyword.WebUiBuiltInKeywords$verifyElementNotVisible$19.call(Unknown Source)&#xD;
	at globalSearchOnTraining_Test.run(globalSearchOnTraining_Test:32)&#xD;
	at com.kms.katalon.core.main.ScriptEngine.run(ScriptEngine.java:194)&#xD;
	at com.kms.katalon.core.main.ScriptEngine.runScriptAsRawText(ScriptEngine.java:119)&#xD;
	at com.kms.katalon.core.main.TestCaseExecutor.runScript(TestCaseExecutor.java:337)&#xD;
	at com.kms.katalon.core.main.TestCaseExecutor.doExecute(TestCaseExecutor.java:328)&#xD;
	at com.kms.katalon.core.main.TestCaseExecutor.processExecutionPhase(TestCaseExecutor.java:307)&#xD;
	at com.kms.katalon.core.main.TestCaseExecutor.accessMainPhase(TestCaseExecutor.java:299)&#xD;
	at com.kms.katalon.core.main.TestCaseExecutor.execute(TestCaseExecutor.java:233)&#xD;
	at com.kms.katalon.core.main.TestSuiteExecutor.accessTestCaseMainPhase(TestSuiteExecutor.java:169)&#xD;
	at com.kms.katalon.core.main.TestSuiteExecutor.accessTestSuiteMainPhase(TestSuiteExecutor.java:142)&#xD;
	at com.kms.katalon.core.main.TestSuiteExecutor.execute(TestSuiteExecutor.java:91)&#xD;
	at com.kms.katalon.core.main.TestCaseMain.startTestSuite(TestCaseMain.java:157)&#xD;
	at com.kms.katalon.core.main.TestCaseMain$startTestSuite$0.call(Unknown Source)&#xD;
	at TempTestSuite1592909295916.run(TempTestSuite1592909295916.groovy:35)&#xD;
)&#xD;
&#xD;
2020-06-23 16:56:31 - [MESSAGE][WARNING] - Object 'Object Repository/Generic/webObjectWithText' is visible (Root cause: com.kms.katalon.core.exception.StepFailedException: Object 'Object Repository/Generic/webObjectWithText' is visible&#xD;
	at com.kms.katalon.core.webui.keyword.internal.WebUIKeywordMain.stepFailed(WebUIKeywordMain.groovy:64)&#xD;
	at com.kms.katalon.core.webui.keyword.builtin.VerifyElementNotVisibleKeyword$_verifyElementNotVisible_closure1.doCall(VerifyElementNotVisibleKeyword.groovy:83)&#xD;
	at com.kms.katalon.core.webui.keyword.builtin.VerifyElementNotVisibleKeyword$_verifyElementNotVisible_closure1.call(VerifyElementNotVisibleKeyword.groovy)&#xD;
	at com.kms.katalon.core.webui.keyword.internal.WebUIKeywordMain.runKeyword(WebUIKeywordMain.groovy:20)&#xD;
	at com.kms.katalon.core.webui.keyword.builtin.VerifyElementNotVisibleKeyword.verifyElementNotVisible(VerifyElementNotVisibleKeyword.groovy:97)&#xD;
	at com.kms.katalon.core.webui.keyword.builtin.VerifyElementNotVisibleKeyword.execute(VerifyElementNotVisibleKeyword.groovy:67)&#xD;
	at com.kms.katalon.core.keyword.internal.KeywordExecutor.executeKeywordForPlatform(KeywordExecutor.groovy:56)&#xD;
	at com.kms.katalon.core.webui.keyword.WebUiBuiltInKeywords.verifyElementNotVisible(WebUiBuiltInKeywords.groovy:387)&#xD;
	at com.kms.katalon.core.webui.keyword.WebUiBuiltInKeywords$verifyElementNotVisible$19.call(Unknown Source)&#xD;
	at globalSearchOnTraining_Test.run(globalSearchOnTraining_Test:32)&#xD;
	at com.kms.katalon.core.main.ScriptEngine.run(ScriptEngine.java:194)&#xD;
	at com.kms.katalon.core.main.ScriptEngine.runScriptAsRawText(ScriptEngine.java:119)&#xD;
	at com.kms.katalon.core.main.TestCaseExecutor.runScript(TestCaseExecutor.java:337)&#xD;
	at com.kms.katalon.core.main.TestCaseExecutor.doExecute(TestCaseExecutor.java:328)&#xD;
	at com.kms.katalon.core.main.TestCaseExecutor.processExecutionPhase(TestCaseExecutor.java:307)&#xD;
	at com.kms.katalon.core.main.TestCaseExecutor.accessMainPhase(TestCaseExecutor.java:299)&#xD;
	at com.kms.katalon.core.main.TestCaseExecutor.execute(TestCaseExecutor.java:233)&#xD;
	at com.kms.katalon.core.main.TestSuiteExecutor.accessTestCaseMainPhase(TestSuiteExecutor.java:169)&#xD;
	at com.kms.katalon.core.main.TestSuiteExecutor.accessTestSuiteMainPhase(TestSuiteExecutor.java:142)&#xD;
	at com.kms.katalon.core.main.TestSuiteExecutor.execute(TestSuiteExecutor.java:91)&#xD;
	at com.kms.katalon.core.main.TestCaseMain.startTestSuite(TestCaseMain.java:157)&#xD;
	at com.kms.katalon.core.main.TestCaseMain$startTestSuite$0.call(Unknown Source)&#xD;
	at TempTestSuite1592909295916.run(TempTestSuite1592909295916.groovy:35)&#xD;
)&#xD;
[[ATTACHMENT|D:\\IMIbot.ai-Project\\Reports\\20200623_161815\\taskSuiteE2E\\20200623_161815\\1592911590194.png]]&#xD;
&#xD;
2020-06-23 16:56:31 - [TEST_STEP][PASSED] - platform.Method.clickOnElement(findTestObject("Generic/webObjectWithText", ["textValue":testData.getValue("global_entity_type", count)])): platform.Method.clickOnElement is PASSED&#xD;
&#xD;
2020-06-23 16:56:34 - [MESSAGE][PASSED] - platform.Method.clickOnElement is PASSED&#xD;
&#xD;
2020-06-23 16:56:34 - [TEST_STEP][PASSED] - platform.Method.clickOnElement(findTestObject("Button/entityPageSaveButton")): platform.Method.clickOnElement is PASSED&#xD;
&#xD;
2020-06-23 16:56:36 - [MESSAGE][PASSED] - platform.Method.clickOnElement is PASSED&#xD;
&#xD;
2020-06-23 16:56:36 - [TEST_STEP][PASSED] - delay(1): Delayed 1 second(s)&#xD;
&#xD;
2020-06-23 16:56:37 - [MESSAGE][PASSED] - Delayed 1 second(s)&#xD;
&#xD;
2020-06-23 16:56:37 - [TEST_STEP][PASSED] - if (testData.getValue("global_entity_name", count) != ""): Delayed 1 second(s)&#xD;
&#xD;
2020-06-23 16:56:37 - [TEST_STEP][PASSED] - platform.Method.clickOnElement(findTestObject("Button/createEntity")): platform.Method.clickOnElement is PASSED&#xD;
&#xD;
2020-06-23 16:56:40 - [MESSAGE][PASSED] - platform.Method.clickOnElement is PASSED&#xD;
&#xD;
2020-06-23 16:56:40 - [TEST_STEP][PASSED] - sendKeys(findTestObject("Input/entityName"), testData.getValue("global_entity_name", count)): Keys 'percent' sent to object: 'Object Repository/Input/entityName'&#xD;
&#xD;
2020-06-23 16:56:42 - [MESSAGE][PASSED] - Keys 'percent' sent to object: 'Object Repository/Input/entityName'&#xD;
&#xD;
2020-06-23 16:56:42 - [TEST_STEP][PASSED] - platform.Method.clickOnElement(findTestObject("Generic/listOfEntity")): platform.Method.clickOnElement is PASSED&#xD;
&#xD;
2020-06-23 16:56:45 - [MESSAGE][PASSED] - platform.Method.clickOnElement is PASSED&#xD;
&#xD;
2020-06-23 16:56:45 - [TEST_STEP][PASSED] - if (verifyElementNotVisible(findTestObject("Generic/webObjectWithText", ["textValue":testData.getValue("global_entity_type", count)]), OPTIONAL)): Object 'Object Repository/Generic/webObjectWithText' is visible (Root cause: com.kms.katalon.core.exception.StepFailedException: Object 'Object Repository/Generic/webObjectWithText' is visible&#xD;
	at com.kms.katalon.core.webui.keyword.internal.WebUIKeywordMain.stepFailed(WebUIKeywordMain.groovy:64)&#xD;
	at com.kms.katalon.core.webui.keyword.builtin.VerifyElementNotVisibleKeyword$_verifyElementNotVisible_closure1.doCall(VerifyElementNotVisibleKeyword.groovy:83)&#xD;
	at com.kms.katalon.core.webui.keyword.builtin.VerifyElementNotVisibleKeyword$_verifyElementNotVisible_closure1.call(VerifyElementNotVisibleKeyword.groovy)&#xD;
	at com.kms.katalon.core.webui.keyword.internal.WebUIKeywordMain.runKeyword(WebUIKeywordMain.groovy:20)&#xD;
	at com.kms.katalon.core.webui.keyword.builtin.VerifyElementNotVisibleKeyword.verifyElementNotVisible(VerifyElementNotVisibleKeyword.groovy:97)&#xD;
	at com.kms.katalon.core.webui.keyword.builtin.VerifyElementNotVisibleKeyword.execute(VerifyElementNotVisibleKeyword.groovy:67)&#xD;
	at com.kms.katalon.core.keyword.internal.KeywordExecutor.executeKeywordForPlatform(KeywordExecutor.groovy:56)&#xD;
	at com.kms.katalon.core.webui.keyword.WebUiBuiltInKeywords.verifyElementNotVisible(WebUiBuiltInKeywords.groovy:387)&#xD;
	at com.kms.katalon.core.webui.keyword.WebUiBuiltInKeywords$verifyElementNotVisible$19.call(Unknown Source)&#xD;
	at globalSearchOnTraining_Test.run(globalSearchOnTraining_Test:32)&#xD;
	at com.kms.katalon.core.main.ScriptEngine.run(ScriptEngine.java:194)&#xD;
	at com.kms.katalon.core.main.ScriptEngine.runScriptAsRawText(ScriptEngine.java:119)&#xD;
	at com.kms.katalon.core.main.TestCaseExecutor.runScript(TestCaseExecutor.java:337)&#xD;
	at com.kms.katalon.core.main.TestCaseExecutor.doExecute(TestCaseExecutor.java:328)&#xD;
	at com.kms.katalon.core.main.TestCaseExecutor.processExecutionPhase(TestCaseExecutor.java:307)&#xD;
	at com.kms.katalon.core.main.TestCaseExecutor.accessMainPhase(TestCaseExecutor.java:299)&#xD;
	at com.kms.katalon.core.main.TestCaseExecutor.execute(TestCaseExecutor.java:233)&#xD;
	at com.kms.katalon.core.main.TestSuiteExecutor.accessTestCaseMainPhase(TestSuiteExecutor.java:169)&#xD;
	at com.kms.katalon.core.main.TestSuiteExecutor.accessTestSuiteMainPhase(TestSuiteExecutor.java:142)&#xD;
	at com.kms.katalon.core.main.TestSuiteExecutor.execute(TestSuiteExecutor.java:91)&#xD;
	at com.kms.katalon.core.main.TestCaseMain.startTestSuite(TestCaseMain.java:157)&#xD;
	at com.kms.katalon.core.main.TestCaseMain$startTestSuite$0.call(Unknown Source)&#xD;
	at TempTestSuite1592909295916.run(TempTestSuite1592909295916.groovy:35)&#xD;
)&#xD;
&#xD;
2020-06-23 16:56:49 - [MESSAGE][WARNING] - Object 'Object Repository/Generic/webObjectWithText' is visible (Root cause: com.kms.katalon.core.exception.StepFailedException: Object 'Object Repository/Generic/webObjectWithText' is visible&#xD;
	at com.kms.katalon.core.webui.keyword.internal.WebUIKeywordMain.stepFailed(WebUIKeywordMain.groovy:64)&#xD;
	at com.kms.katalon.core.webui.keyword.builtin.VerifyElementNotVisibleKeyword$_verifyElementNotVisible_closure1.doCall(VerifyElementNotVisibleKeyword.groovy:83)&#xD;
	at com.kms.katalon.core.webui.keyword.builtin.VerifyElementNotVisibleKeyword$_verifyElementNotVisible_closure1.call(VerifyElementNotVisibleKeyword.groovy)&#xD;
	at com.kms.katalon.core.webui.keyword.internal.WebUIKeywordMain.runKeyword(WebUIKeywordMain.groovy:20)&#xD;
	at com.kms.katalon.core.webui.keyword.builtin.VerifyElementNotVisibleKeyword.verifyElementNotVisible(VerifyElementNotVisibleKeyword.groovy:97)&#xD;
	at com.kms.katalon.core.webui.keyword.builtin.VerifyElementNotVisibleKeyword.execute(VerifyElementNotVisibleKeyword.groovy:67)&#xD;
	at com.kms.katalon.core.keyword.internal.KeywordExecutor.executeKeywordForPlatform(KeywordExecutor.groovy:56)&#xD;
	at com.kms.katalon.core.webui.keyword.WebUiBuiltInKeywords.verifyElementNotVisible(WebUiBuiltInKeywords.groovy:387)&#xD;
	at com.kms.katalon.core.webui.keyword.WebUiBuiltInKeywords$verifyElementNotVisible$19.call(Unknown Source)&#xD;
	at globalSearchOnTraining_Test.run(globalSearchOnTraining_Test:32)&#xD;
	at com.kms.katalon.core.main.ScriptEngine.run(ScriptEngine.java:194)&#xD;
	at com.kms.katalon.core.main.ScriptEngine.runScriptAsRawText(ScriptEngine.java:119)&#xD;
	at com.kms.katalon.core.main.TestCaseExecutor.runScript(TestCaseExecutor.java:337)&#xD;
	at com.kms.katalon.core.main.TestCaseExecutor.doExecute(TestCaseExecutor.java:328)&#xD;
	at com.kms.katalon.core.main.TestCaseExecutor.processExecutionPhase(TestCaseExecutor.java:307)&#xD;
	at com.kms.katalon.core.main.TestCaseExecutor.accessMainPhase(TestCaseExecutor.java:299)&#xD;
	at com.kms.katalon.core.main.TestCaseExecutor.execute(TestCaseExecutor.java:233)&#xD;
	at com.kms.katalon.core.main.TestSuiteExecutor.accessTestCaseMainPhase(TestSuiteExecutor.java:169)&#xD;
	at com.kms.katalon.core.main.TestSuiteExecutor.accessTestSuiteMainPhase(TestSuiteExecutor.java:142)&#xD;
	at com.kms.katalon.core.main.TestSuiteExecutor.execute(TestSuiteExecutor.java:91)&#xD;
	at com.kms.katalon.core.main.TestCaseMain.startTestSuite(TestCaseMain.java:157)&#xD;
	at com.kms.katalon.core.main.TestCaseMain$startTestSuite$0.call(Unknown Source)&#xD;
	at TempTestSuite1592909295916.run(TempTestSuite1592909295916.groovy:35)&#xD;
)&#xD;
[[ATTACHMENT|D:\\IMIbot.ai-Project\\Reports\\20200623_161815\\taskSuiteE2E\\20200623_161815\\1592911607508.png]]&#xD;
&#xD;
2020-06-23 16:56:49 - [TEST_STEP][PASSED] - platform.Method.clickOnElement(findTestObject("Generic/webObjectWithText", ["textValue":testData.getValue("global_entity_type", count)])): platform.Method.clickOnElement is PASSED&#xD;
&#xD;
2020-06-23 16:56:51 - [MESSAGE][PASSED] - platform.Method.clickOnElement is PASSED&#xD;
&#xD;
2020-06-23 16:56:51 - [TEST_STEP][PASSED] - platform.Method.clickOnElement(findTestObject("Button/entityPageSaveButton")): platform.Method.clickOnElement is PASSED&#xD;
&#xD;
2020-06-23 16:56:53 - [MESSAGE][PASSED] - platform.Method.clickOnElement is PASSED&#xD;
&#xD;
2020-06-23 16:56:53 - [TEST_STEP][PASSED] - delay(1): Delayed 1 second(s)&#xD;
&#xD;
2020-06-23 16:56:54 - [MESSAGE][PASSED] - Delayed 1 second(s)&#xD;
&#xD;
2020-06-23 16:56:54 - [TEST_STEP][PASSED] - if (testData.getValue("global_entity_name", count) != ""): Delayed 1 second(s)&#xD;
&#xD;
2020-06-23 16:56:54 - [TEST_STEP][PASSED] - platform.Method.clickOnElement(findTestObject("Button/createEntity")): platform.Method.clickOnElement is PASSED&#xD;
&#xD;
2020-06-23 16:56:57 - [MESSAGE][PASSED] - platform.Method.clickOnElement is PASSED&#xD;
&#xD;
2020-06-23 16:56:57 - [TEST_STEP][PASSED] - sendKeys(findTestObject("Input/entityName"), testData.getValue("global_entity_name", count)): Keys 'quantity' sent to object: 'Object Repository/Input/entityName'&#xD;
&#xD;
2020-06-23 16:57:00 - [MESSAGE][PASSED] - Keys 'quantity' sent to object: 'Object Repository/Input/entityName'&#xD;
&#xD;
2020-06-23 16:57:00 - [TEST_STEP][PASSED] - platform.Method.clickOnElement(findTestObject("Generic/listOfEntity")): platform.Method.clickOnElement is PASSED&#xD;
&#xD;
2020-06-23 16:57:03 - [MESSAGE][PASSED] - platform.Method.clickOnElement is PASSED&#xD;
&#xD;
2020-06-23 16:57:03 - [TEST_STEP][PASSED] - if (verifyElementNotVisible(findTestObject("Generic/webObjectWithText", ["textValue":testData.getValue("global_entity_type", count)]), OPTIONAL)): Object 'Object Repository/Generic/webObjectWithText' is visible (Root cause: com.kms.katalon.core.exception.StepFailedException: Object 'Object Repository/Generic/webObjectWithText' is visible&#xD;
	at com.kms.katalon.core.webui.keyword.internal.WebUIKeywordMain.stepFailed(WebUIKeywordMain.groovy:64)&#xD;
	at com.kms.katalon.core.webui.keyword.builtin.VerifyElementNotVisibleKeyword$_verifyElementNotVisible_closure1.doCall(VerifyElementNotVisibleKeyword.groovy:83)&#xD;
	at com.kms.katalon.core.webui.keyword.builtin.VerifyElementNotVisibleKeyword$_verifyElementNotVisible_closure1.call(VerifyElementNotVisibleKeyword.groovy)&#xD;
	at com.kms.katalon.core.webui.keyword.internal.WebUIKeywordMain.runKeyword(WebUIKeywordMain.groovy:20)&#xD;
	at com.kms.katalon.core.webui.keyword.builtin.VerifyElementNotVisibleKeyword.verifyElementNotVisible(VerifyElementNotVisibleKeyword.groovy:97)&#xD;
	at com.kms.katalon.core.webui.keyword.builtin.VerifyElementNotVisibleKeyword.execute(VerifyElementNotVisibleKeyword.groovy:67)&#xD;
	at com.kms.katalon.core.keyword.internal.KeywordExecutor.executeKeywordForPlatform(KeywordExecutor.groovy:56)&#xD;
	at com.kms.katalon.core.webui.keyword.WebUiBuiltInKeywords.verifyElementNotVisible(WebUiBuiltInKeywords.groovy:387)&#xD;
	at com.kms.katalon.core.webui.keyword.WebUiBuiltInKeywords$verifyElementNotVisible$19.call(Unknown Source)&#xD;
	at globalSearchOnTraining_Test.run(globalSearchOnTraining_Test:32)&#xD;
	at com.kms.katalon.core.main.ScriptEngine.run(ScriptEngine.java:194)&#xD;
	at com.kms.katalon.core.main.ScriptEngine.runScriptAsRawText(ScriptEngine.java:119)&#xD;
	at com.kms.katalon.core.main.TestCaseExecutor.runScript(TestCaseExecutor.java:337)&#xD;
	at com.kms.katalon.core.main.TestCaseExecutor.doExecute(TestCaseExecutor.java:328)&#xD;
	at com.kms.katalon.core.main.TestCaseExecutor.processExecutionPhase(TestCaseExecutor.java:307)&#xD;
	at com.kms.katalon.core.main.TestCaseExecutor.accessMainPhase(TestCaseExecutor.java:299)&#xD;
	at com.kms.katalon.core.main.TestCaseExecutor.execute(TestCaseExecutor.java:233)&#xD;
	at com.kms.katalon.core.main.TestSuiteExecutor.accessTestCaseMainPhase(TestSuiteExecutor.java:169)&#xD;
	at com.kms.katalon.core.main.TestSuiteExecutor.accessTestSuiteMainPhase(TestSuiteExecutor.java:142)&#xD;
	at com.kms.katalon.core.main.TestSuiteExecutor.execute(TestSuiteExecutor.java:91)&#xD;
	at com.kms.katalon.core.main.TestCaseMain.startTestSuite(TestCaseMain.java:157)&#xD;
	at com.kms.katalon.core.main.TestCaseMain$startTestSuite$0.call(Unknown Source)&#xD;
	at TempTestSuite1592909295916.run(TempTestSuite1592909295916.groovy:35)&#xD;
)&#xD;
&#xD;
2020-06-23 16:57:07 - [MESSAGE][WARNING] - Object 'Object Repository/Generic/webObjectWithText' is visible (Root cause: com.kms.katalon.core.exception.StepFailedException: Object 'Object Repository/Generic/webObjectWithText' is visible&#xD;
	at com.kms.katalon.core.webui.keyword.internal.WebUIKeywordMain.stepFailed(WebUIKeywordMain.groovy:64)&#xD;
	at com.kms.katalon.core.webui.keyword.builtin.VerifyElementNotVisibleKeyword$_verifyElementNotVisible_closure1.doCall(VerifyElementNotVisibleKeyword.groovy:83)&#xD;
	at com.kms.katalon.core.webui.keyword.builtin.VerifyElementNotVisibleKeyword$_verifyElementNotVisible_closure1.call(VerifyElementNotVisibleKeyword.groovy)&#xD;
	at com.kms.katalon.core.webui.keyword.internal.WebUIKeywordMain.runKeyword(WebUIKeywordMain.groovy:20)&#xD;
	at com.kms.katalon.core.webui.keyword.builtin.VerifyElementNotVisibleKeyword.verifyElementNotVisible(VerifyElementNotVisibleKeyword.groovy:97)&#xD;
	at com.kms.katalon.core.webui.keyword.builtin.VerifyElementNotVisibleKeyword.execute(VerifyElementNotVisibleKeyword.groovy:67)&#xD;
	at com.kms.katalon.core.keyword.internal.KeywordExecutor.executeKeywordForPlatform(KeywordExecutor.groovy:56)&#xD;
	at com.kms.katalon.core.webui.keyword.WebUiBuiltInKeywords.verifyElementNotVisible(WebUiBuiltInKeywords.groovy:387)&#xD;
	at com.kms.katalon.core.webui.keyword.WebUiBuiltInKeywords$verifyElementNotVisible$19.call(Unknown Source)&#xD;
	at globalSearchOnTraining_Test.run(globalSearchOnTraining_Test:32)&#xD;
	at com.kms.katalon.core.main.ScriptEngine.run(ScriptEngine.java:194)&#xD;
	at com.kms.katalon.core.main.ScriptEngine.runScriptAsRawText(ScriptEngine.java:119)&#xD;
	at com.kms.katalon.core.main.TestCaseExecutor.runScript(TestCaseExecutor.java:337)&#xD;
	at com.kms.katalon.core.main.TestCaseExecutor.doExecute(TestCaseExecutor.java:328)&#xD;
	at com.kms.katalon.core.main.TestCaseExecutor.processExecutionPhase(TestCaseExecutor.java:307)&#xD;
	at com.kms.katalon.core.main.TestCaseExecutor.accessMainPhase(TestCaseExecutor.java:299)&#xD;
	at com.kms.katalon.core.main.TestCaseExecutor.execute(TestCaseExecutor.java:233)&#xD;
	at com.kms.katalon.core.main.TestSuiteExecutor.accessTestCaseMainPhase(TestSuiteExecutor.java:169)&#xD;
	at com.kms.katalon.core.main.TestSuiteExecutor.accessTestSuiteMainPhase(TestSuiteExecutor.java:142)&#xD;
	at com.kms.katalon.core.main.TestSuiteExecutor.execute(TestSuiteExecutor.java:91)&#xD;
	at com.kms.katalon.core.main.TestCaseMain.startTestSuite(TestCaseMain.java:157)&#xD;
	at com.kms.katalon.core.main.TestCaseMain$startTestSuite$0.call(Unknown Source)&#xD;
	at TempTestSuite1592909295916.run(TempTestSuite1592909295916.groovy:35)&#xD;
)&#xD;
[[ATTACHMENT|D:\\IMIbot.ai-Project\\Reports\\20200623_161815\\taskSuiteE2E\\20200623_161815\\1592911625484.png]]&#xD;
&#xD;
2020-06-23 16:57:07 - [TEST_STEP][PASSED] - platform.Method.clickOnElement(findTestObject("Generic/webObjectWithText", ["textValue":testData.getValue("global_entity_type", count)])): platform.Method.clickOnElement is PASSED&#xD;
&#xD;
2020-06-23 16:57:09 - [MESSAGE][PASSED] - platform.Method.clickOnElement is PASSED&#xD;
&#xD;
2020-06-23 16:57:09 - [TEST_STEP][PASSED] - platform.Method.clickOnElement(findTestObject("Button/entityPageSaveButton")): platform.Method.clickOnElement is PASSED&#xD;
&#xD;
2020-06-23 16:57:11 - [MESSAGE][PASSED] - platform.Method.clickOnElement is PASSED&#xD;
&#xD;
2020-06-23 16:57:11 - [TEST_STEP][PASSED] - delay(1): Delayed 1 second(s)&#xD;
&#xD;
2020-06-23 16:57:12 - [MESSAGE][PASSED] - Delayed 1 second(s)&#xD;
&#xD;
2020-06-23 16:57:12 - [TEST_STEP][PASSED] - if (testData.getValue("global_entity_name", count) != ""): Delayed 1 second(s)&#xD;
&#xD;
2020-06-23 16:57:12 - [TEST_STEP][PASSED] - platform.Method.clickOnElement(findTestObject("Button/createEntity")): platform.Method.clickOnElement is PASSED&#xD;
&#xD;
2020-06-23 16:57:15 - [MESSAGE][PASSED] - platform.Method.clickOnElement is PASSED&#xD;
&#xD;
2020-06-23 16:57:15 - [TEST_STEP][PASSED] - sendKeys(findTestObject("Input/entityName"), testData.getValue("global_entity_name", count)): Keys 'duration' sent to object: 'Object Repository/Input/entityName'&#xD;
&#xD;
2020-06-23 16:57:18 - [MESSAGE][PASSED] - Keys 'duration' sent to object: 'Object Repository/Input/entityName'&#xD;
&#xD;
2020-06-23 16:57:18 - [TEST_STEP][PASSED] - platform.Method.clickOnElement(findTestObject("Generic/listOfEntity")): platform.Method.clickOnElement is PASSED&#xD;
&#xD;
2020-06-23 16:57:20 - [MESSAGE][PASSED] - platform.Method.clickOnElement is PASSED&#xD;
&#xD;
2020-06-23 16:57:20 - [TEST_STEP][PASSED] - if (verifyElementNotVisible(findTestObject("Generic/webObjectWithText", ["textValue":testData.getValue("global_entity_type", count)]), OPTIONAL)): Object 'Object Repository/Generic/webObjectWithText' is visible (Root cause: com.kms.katalon.core.exception.StepFailedException: Object 'Object Repository/Generic/webObjectWithText' is visible&#xD;
	at com.kms.katalon.core.webui.keyword.internal.WebUIKeywordMain.stepFailed(WebUIKeywordMain.groovy:64)&#xD;
	at com.kms.katalon.core.webui.keyword.builtin.VerifyElementNotVisibleKeyword$_verifyElementNotVisible_closure1.doCall(VerifyElementNotVisibleKeyword.groovy:83)&#xD;
	at com.kms.katalon.core.webui.keyword.builtin.VerifyElementNotVisibleKeyword$_verifyElementNotVisible_closure1.call(VerifyElementNotVisibleKeyword.groovy)&#xD;
	at com.kms.katalon.core.webui.keyword.internal.WebUIKeywordMain.runKeyword(WebUIKeywordMain.groovy:20)&#xD;
	at com.kms.katalon.core.webui.keyword.builtin.VerifyElementNotVisibleKeyword.verifyElementNotVisible(VerifyElementNotVisibleKeyword.groovy:97)&#xD;
	at com.kms.katalon.core.webui.keyword.builtin.VerifyElementNotVisibleKeyword.execute(VerifyElementNotVisibleKeyword.groovy:67)&#xD;
	at com.kms.katalon.core.keyword.internal.KeywordExecutor.executeKeywordForPlatform(KeywordExecutor.groovy:56)&#xD;
	at com.kms.katalon.core.webui.keyword.WebUiBuiltInKeywords.verifyElementNotVisible(WebUiBuiltInKeywords.groovy:387)&#xD;
	at com.kms.katalon.core.webui.keyword.WebUiBuiltInKeywords$verifyElementNotVisible$19.call(Unknown Source)&#xD;
	at globalSearchOnTraining_Test.run(globalSearchOnTraining_Test:32)&#xD;
	at com.kms.katalon.core.main.ScriptEngine.run(ScriptEngine.java:194)&#xD;
	at com.kms.katalon.core.main.ScriptEngine.runScriptAsRawText(ScriptEngine.java:119)&#xD;
	at com.kms.katalon.core.main.TestCaseExecutor.runScript(TestCaseExecutor.java:337)&#xD;
	at com.kms.katalon.core.main.TestCaseExecutor.doExecute(TestCaseExecutor.java:328)&#xD;
	at com.kms.katalon.core.main.TestCaseExecutor.processExecutionPhase(TestCaseExecutor.java:307)&#xD;
	at com.kms.katalon.core.main.TestCaseExecutor.accessMainPhase(TestCaseExecutor.java:299)&#xD;
	at com.kms.katalon.core.main.TestCaseExecutor.execute(TestCaseExecutor.java:233)&#xD;
	at com.kms.katalon.core.main.TestSuiteExecutor.accessTestCaseMainPhase(TestSuiteExecutor.java:169)&#xD;
	at com.kms.katalon.core.main.TestSuiteExecutor.accessTestSuiteMainPhase(TestSuiteExecutor.java:142)&#xD;
	at com.kms.katalon.core.main.TestSuiteExecutor.execute(TestSuiteExecutor.java:91)&#xD;
	at com.kms.katalon.core.main.TestCaseMain.startTestSuite(TestCaseMain.java:157)&#xD;
	at com.kms.katalon.core.main.TestCaseMain$startTestSuite$0.call(Unknown Source)&#xD;
	at TempTestSuite1592909295916.run(TempTestSuite1592909295916.groovy:35)&#xD;
)&#xD;
&#xD;
2020-06-23 16:57:24 - [MESSAGE][WARNING] - Object 'Object Repository/Generic/webObjectWithText' is visible (Root cause: com.kms.katalon.core.exception.StepFailedException: Object 'Object Repository/Generic/webObjectWithText' is visible&#xD;
	at com.kms.katalon.core.webui.keyword.internal.WebUIKeywordMain.stepFailed(WebUIKeywordMain.groovy:64)&#xD;
	at com.kms.katalon.core.webui.keyword.builtin.VerifyElementNotVisibleKeyword$_verifyElementNotVisible_closure1.doCall(VerifyElementNotVisibleKeyword.groovy:83)&#xD;
	at com.kms.katalon.core.webui.keyword.builtin.VerifyElementNotVisibleKeyword$_verifyElementNotVisible_closure1.call(VerifyElementNotVisibleKeyword.groovy)&#xD;
	at com.kms.katalon.core.webui.keyword.internal.WebUIKeywordMain.runKeyword(WebUIKeywordMain.groovy:20)&#xD;
	at com.kms.katalon.core.webui.keyword.builtin.VerifyElementNotVisibleKeyword.verifyElementNotVisible(VerifyElementNotVisibleKeyword.groovy:97)&#xD;
	at com.kms.katalon.core.webui.keyword.builtin.VerifyElementNotVisibleKeyword.execute(VerifyElementNotVisibleKeyword.groovy:67)&#xD;
	at com.kms.katalon.core.keyword.internal.KeywordExecutor.executeKeywordForPlatform(KeywordExecutor.groovy:56)&#xD;
	at com.kms.katalon.core.webui.keyword.WebUiBuiltInKeywords.verifyElementNotVisible(WebUiBuiltInKeywords.groovy:387)&#xD;
	at com.kms.katalon.core.webui.keyword.WebUiBuiltInKeywords$verifyElementNotVisible$19.call(Unknown Source)&#xD;
	at globalSearchOnTraining_Test.run(globalSearchOnTraining_Test:32)&#xD;
	at com.kms.katalon.core.main.ScriptEngine.run(ScriptEngine.java:194)&#xD;
	at com.kms.katalon.core.main.ScriptEngine.runScriptAsRawText(ScriptEngine.java:119)&#xD;
	at com.kms.katalon.core.main.TestCaseExecutor.runScript(TestCaseExecutor.java:337)&#xD;
	at com.kms.katalon.core.main.TestCaseExecutor.doExecute(TestCaseExecutor.java:328)&#xD;
	at com.kms.katalon.core.main.TestCaseExecutor.processExecutionPhase(TestCaseExecutor.java:307)&#xD;
	at com.kms.katalon.core.main.TestCaseExecutor.accessMainPhase(TestCaseExecutor.java:299)&#xD;
	at com.kms.katalon.core.main.TestCaseExecutor.execute(TestCaseExecutor.java:233)&#xD;
	at com.kms.katalon.core.main.TestSuiteExecutor.accessTestCaseMainPhase(TestSuiteExecutor.java:169)&#xD;
	at com.kms.katalon.core.main.TestSuiteExecutor.accessTestSuiteMainPhase(TestSuiteExecutor.java:142)&#xD;
	at com.kms.katalon.core.main.TestSuiteExecutor.execute(TestSuiteExecutor.java:91)&#xD;
	at com.kms.katalon.core.main.TestCaseMain.startTestSuite(TestCaseMain.java:157)&#xD;
	at com.kms.katalon.core.main.TestCaseMain$startTestSuite$0.call(Unknown Source)&#xD;
	at TempTestSuite1592909295916.run(TempTestSuite1592909295916.groovy:35)&#xD;
)&#xD;
[[ATTACHMENT|D:\\IMIbot.ai-Project\\Reports\\20200623_161815\\taskSuiteE2E\\20200623_161815\\1592911642754.png]]&#xD;
&#xD;
2020-06-23 16:57:24 - [TEST_STEP][PASSED] - platform.Method.clickOnElement(findTestObject("Generic/webObjectWithText", ["textValue":testData.getValue("global_entity_type", count)])): platform.Method.clickOnElement is PASSED&#xD;
&#xD;
2020-06-23 16:57:26 - [MESSAGE][PASSED] - platform.Method.clickOnElement is PASSED&#xD;
&#xD;
2020-06-23 16:57:26 - [TEST_STEP][PASSED] - platform.Method.clickOnElement(findTestObject("Button/entityPageSaveButton")): platform.Method.clickOnElement is PASSED&#xD;
&#xD;
2020-06-23 16:57:29 - [MESSAGE][PASSED] - platform.Method.clickOnElement is PASSED&#xD;
&#xD;
2020-06-23 16:57:29 - [TEST_STEP][PASSED] - delay(1): Delayed 1 second(s)&#xD;
&#xD;
2020-06-23 16:57:30 - [MESSAGE][PASSED] - Delayed 1 second(s)&#xD;
&#xD;
2020-06-23 16:57:30 - [TEST_STEP][PASSED] - if (testData.getValue("global_entity_name", count) != ""): null&#xD;
&#xD;
2020-06-23 16:57:30 - [TEST_STEP][PASSED] - else: null&#xD;
&#xD;
2020-06-23 16:57:30 - [TEST_STEP][PASSED] - logInfo("You have reached at the end of the list."): You have reached at the end of the list.&#xD;
&#xD;
2020-06-23 16:57:30 - [MESSAGE][INFO] - You have reached at the end of the list.&#xD;
&#xD;
2020-06-23 16:57:30 - [TEST_STEP][PASSED] - break: null&#xD;
&#xD;
2020-06-23 16:57:30 - [TEST_STEP][PASSED] - sendKeys(findTestObject("Input/searchEntity"), "ate"): Keys 'ate' sent to object: 'Object Repository/Input/searchEntity'&#xD;
&#xD;
2020-06-23 16:57:32 - [MESSAGE][PASSED] - Keys 'ate' sent to object: 'Object Repository/Input/searchEntity'&#xD;
&#xD;
2020-06-23 16:57:32 - [TEST_STEP][PASSED] - verifyElementText(findTestObject("GenericII/listOfEntityNames"), "date", STOP_ON_FAILURE): Actual text and expected text of test object 'Object Repository/GenericII/listOfEntityNames' are matched.&#xD;
&#xD;
2020-06-23 16:57:34 - [MESSAGE][PASSED] - Actual text and expected text of test object 'Object Repository/GenericII/listOfEntityNames' are matched.&#xD;
&#xD;
2020-06-23 16:57:34 - [TEST_STEP][PASSED] - searchForEntity = findWebElement(findTestObject("Input/searchEntity"), 10): null&#xD;
&#xD;
2020-06-23 16:57:36 - [TEST_STEP][PASSED] - searchForEntity.sendKeys(Keys.chord(CONTROL, "a")): null&#xD;
&#xD;
2020-06-23 16:57:37 - [TEST_STEP][PASSED] - searchForEntity.sendKeys(Keys.chord(DELETE)): null&#xD;
&#xD;
2020-06-23 16:57:38 - [TEST_STEP][PASSED] - sendKeys(findTestObject("Input/searchEntityType"), "non_"): Keys 'non_' sent to object: 'Object Repository/Input/searchEntityType'&#xD;
&#xD;
2020-06-23 16:57:41 - [MESSAGE][PASSED] - Keys 'non_' sent to object: 'Object Repository/Input/searchEntityType'&#xD;
&#xD;
2020-06-23 16:57:41 - [TEST_STEP][PASSED] - verifyElementText(findTestObject("GenericII/listOfEntityNames"), "non_geo_location", STOP_ON_FAILURE): Actual text and expected text of test object 'Object Repository/GenericII/listOfEntityNames' are matched.&#xD;
&#xD;
2020-06-23 16:57:43 - [MESSAGE][PASSED] - Actual text and expected text of test object 'Object Repository/GenericII/listOfEntityNames' are matched.&#xD;
&#xD;
2020-06-23 16:57:43 - [TEST_STEP][PASSED] - platform.Method.clickOnElement(findTestObject("Generic/webObjectWithText", ["textValue":"Intents"])): platform.Method.clickOnElement is PASSED&#xD;
&#xD;
2020-06-23 16:57:45 - [MESSAGE][PASSED] - platform.Method.clickOnElement is PASSED&#xD;
&#xD;
2020-06-23 16:57:45 - [TEST_STEP][PASSED] - newData = findTestData("Data Files/testData_Dummy"): null&#xD;
&#xD;
2020-06-23 16:57:45 - [TEST_STEP][ERROR] - for ([count = 1, count &lt;= newData.getRowNumbers(), (count++)]): com.kms.katalon.core.webui.exception.WebElementNotFoundException: Web element with id: 'Object Repository/Button/createIntent' located by 'By.xpath: //button/span/span[contains(text(),'+ Create intent')]' not found&#xD;
&#xD;
2020-06-23 16:57:45 - [TEST_STEP][PASSED] - if (newData.getValue("intent_name", count) != ""): Delayed 1 second(s)&#xD;
&#xD;
2020-06-23 16:57:45 - [TEST_STEP][PASSED] - platform.Method.clickOnElement(findTestObject("Button/createIntent")): platform.Method.clickOnElement is PASSED&#xD;
&#xD;
2020-06-23 16:57:48 - [MESSAGE][PASSED] - platform.Method.clickOnElement is PASSED&#xD;
&#xD;
2020-06-23 16:57:48 - [TEST_STEP][PASSED] - sendKeys(findTestObject("Input/intentName"), newData.getValue("intent_name", count)): Keys 'xcv1231' sent to object: 'Object Repository/Input/intentName'&#xD;
&#xD;
2020-06-23 16:57:50 - [MESSAGE][PASSED] - Keys 'xcv1231' sent to object: 'Object Repository/Input/intentName'&#xD;
&#xD;
2020-06-23 16:57:50 - [TEST_STEP][PASSED] - sendKeys(findTestObject("Input/utterance"), newData.getValue("single_utterance", count)): Keys 'xcxvxc' sent to object: 'Object Repository/Input/utterance'&#xD;
&#xD;
2020-06-23 16:57:53 - [MESSAGE][PASSED] - Keys 'xcxvxc' sent to object: 'Object Repository/Input/utterance'&#xD;
&#xD;
2020-06-23 16:57:53 - [TEST_STEP][PASSED] - platform.Method.clickOnElement(findTestObject("Button/addUtterance")): platform.Method.clickOnElement is PASSED&#xD;
&#xD;
2020-06-23 16:57:55 - [MESSAGE][PASSED] - platform.Method.clickOnElement is PASSED&#xD;
&#xD;
2020-06-23 16:57:55 - [TEST_STEP][PASSED] - sendKeys(findTestObject("Input/finalTempKey"), newData.getValue("final_template_key", count)): Keys 'Agent handover' sent to object: 'Object Repository/Input/finalTempKey'&#xD;
&#xD;
2020-06-23 16:57:58 - [MESSAGE][PASSED] - Keys 'Agent handover' sent to object: 'Object Repository/Input/finalTempKey'&#xD;
&#xD;
2020-06-23 16:57:58 - [TEST_STEP][PASSED] - platform.Method.clickOnElement(findTestObject("Button/save", ["value":" Save "])): platform.Method.clickOnElement is PASSED&#xD;
&#xD;
2020-06-23 16:58:01 - [MESSAGE][PASSED] - platform.Method.clickOnElement is PASSED&#xD;
&#xD;
2020-06-23 16:58:01 - [TEST_STEP][PASSED] - platform.Method.clickOnElement(findTestObject("NewRepo/intentGoBack")): platform.Method.clickOnElement is PASSED&#xD;
&#xD;
2020-06-23 16:58:03 - [MESSAGE][PASSED] - platform.Method.clickOnElement is PASSED&#xD;
&#xD;
2020-06-23 16:58:03 - [TEST_STEP][PASSED] - delay(1): Delayed 1 second(s)&#xD;
&#xD;
2020-06-23 16:58:04 - [MESSAGE][PASSED] - Delayed 1 second(s)&#xD;
&#xD;
2020-06-23 16:58:04 - [TEST_STEP][PASSED] - if (newData.getValue("intent_name", count) != ""): Delayed 1 second(s)&#xD;
&#xD;
2020-06-23 16:58:04 - [TEST_STEP][PASSED] - platform.Method.clickOnElement(findTestObject("Button/createIntent")): platform.Method.clickOnElement is PASSED&#xD;
&#xD;
2020-06-23 16:58:06 - [MESSAGE][PASSED] - platform.Method.clickOnElement is PASSED&#xD;
&#xD;
2020-06-23 16:58:06 - [TEST_STEP][PASSED] - sendKeys(findTestObject("Input/intentName"), newData.getValue("intent_name", count)): Keys '12asaasdas' sent to object: 'Object Repository/Input/intentName'&#xD;
&#xD;
2020-06-23 16:58:09 - [MESSAGE][PASSED] - Keys '12asaasdas' sent to object: 'Object Repository/Input/intentName'&#xD;
&#xD;
2020-06-23 16:58:09 - [TEST_STEP][PASSED] - sendKeys(findTestObject("Input/utterance"), newData.getValue("single_utterance", count)): Keys 'asdasda' sent to object: 'Object Repository/Input/utterance'&#xD;
&#xD;
2020-06-23 16:58:12 - [MESSAGE][PASSED] - Keys 'asdasda' sent to object: 'Object Repository/Input/utterance'&#xD;
&#xD;
2020-06-23 16:58:12 - [TEST_STEP][PASSED] - platform.Method.clickOnElement(findTestObject("Button/addUtterance")): platform.Method.clickOnElement is PASSED&#xD;
&#xD;
2020-06-23 16:58:14 - [MESSAGE][PASSED] - platform.Method.clickOnElement is PASSED&#xD;
&#xD;
2020-06-23 16:58:14 - [TEST_STEP][PASSED] - sendKeys(findTestObject("Input/finalTempKey"), newData.getValue("final_template_key", count)): Keys 'Partial match' sent to object: 'Object Repository/Input/finalTempKey'&#xD;
&#xD;
2020-06-23 16:58:17 - [MESSAGE][PASSED] - Keys 'Partial match' sent to object: 'Object Repository/Input/finalTempKey'&#xD;
&#xD;
2020-06-23 16:58:17 - [TEST_STEP][PASSED] - platform.Method.clickOnElement(findTestObject("Button/save", ["value":" Save "])): platform.Method.clickOnElement is PASSED&#xD;
&#xD;
2020-06-23 16:58:19 - [MESSAGE][PASSED] - platform.Method.clickOnElement is PASSED&#xD;
&#xD;
2020-06-23 16:58:19 - [TEST_STEP][PASSED] - platform.Method.clickOnElement(findTestObject("NewRepo/intentGoBack")): platform.Method.clickOnElement is PASSED&#xD;
&#xD;
2020-06-23 16:58:21 - [MESSAGE][PASSED] - platform.Method.clickOnElement is PASSED&#xD;
&#xD;
2020-06-23 16:58:21 - [TEST_STEP][PASSED] - delay(1): Delayed 1 second(s)&#xD;
&#xD;
2020-06-23 16:58:22 - [MESSAGE][PASSED] - Delayed 1 second(s)&#xD;
&#xD;
2020-06-23 16:58:22 - [TEST_STEP][PASSED] - if (newData.getValue("intent_name", count) != ""): Delayed 1 second(s)&#xD;
&#xD;
2020-06-23 16:58:22 - [TEST_STEP][PASSED] - platform.Method.clickOnElement(findTestObject("Button/createIntent")): platform.Method.clickOnElement is PASSED&#xD;
&#xD;
2020-06-23 16:58:25 - [MESSAGE][PASSED] - platform.Method.clickOnElement is PASSED&#xD;
&#xD;
2020-06-23 16:58:25 - [TEST_STEP][PASSED] - sendKeys(findTestObject("Input/intentName"), newData.getValue("intent_name", count)): Keys 'dfrvdcw' sent to object: 'Object Repository/Input/intentName'&#xD;
&#xD;
2020-06-23 16:58:27 - [MESSAGE][PASSED] - Keys 'dfrvdcw' sent to object: 'Object Repository/Input/intentName'&#xD;
&#xD;
2020-06-23 16:58:27 - [TEST_STEP][PASSED] - sendKeys(findTestObject("Input/utterance"), newData.getValue("single_utterance", count)): Keys '234dsf2e2eqf' sent to object: 'Object Repository/Input/utterance'&#xD;
&#xD;
2020-06-23 16:58:30 - [MESSAGE][PASSED] - Keys '234dsf2e2eqf' sent to object: 'Object Repository/Input/utterance'&#xD;
&#xD;
2020-06-23 16:58:30 - [TEST_STEP][PASSED] - platform.Method.clickOnElement(findTestObject("Button/addUtterance")): platform.Method.clickOnElement is PASSED&#xD;
&#xD;
2020-06-23 16:58:32 - [MESSAGE][PASSED] - platform.Method.clickOnElement is PASSED&#xD;
&#xD;
2020-06-23 16:58:32 - [TEST_STEP][PASSED] - sendKeys(findTestObject("Input/finalTempKey"), newData.getValue("final_template_key", count)): Keys 'Help message' sent to object: 'Object Repository/Input/finalTempKey'&#xD;
&#xD;
2020-06-23 16:58:35 - [MESSAGE][PASSED] - Keys 'Help message' sent to object: 'Object Repository/Input/finalTempKey'&#xD;
&#xD;
2020-06-23 16:58:35 - [TEST_STEP][PASSED] - platform.Method.clickOnElement(findTestObject("Button/save", ["value":" Save "])): platform.Method.clickOnElement is PASSED&#xD;
&#xD;
2020-06-23 16:58:38 - [MESSAGE][PASSED] - platform.Method.clickOnElement is PASSED&#xD;
&#xD;
2020-06-23 16:58:38 - [TEST_STEP][PASSED] - platform.Method.clickOnElement(findTestObject("NewRepo/intentGoBack")): platform.Method.clickOnElement is PASSED&#xD;
&#xD;
2020-06-23 16:58:40 - [MESSAGE][PASSED] - platform.Method.clickOnElement is PASSED&#xD;
&#xD;
2020-06-23 16:58:40 - [TEST_STEP][PASSED] - delay(1): Delayed 1 second(s)&#xD;
&#xD;
2020-06-23 16:58:41 - [MESSAGE][PASSED] - Delayed 1 second(s)&#xD;
&#xD;
2020-06-23 16:58:41 - [TEST_STEP][PASSED] - if (newData.getValue("intent_name", count) != ""): Delayed 1 second(s)&#xD;
&#xD;
2020-06-23 16:58:41 - [TEST_STEP][PASSED] - platform.Method.clickOnElement(findTestObject("Button/createIntent")): platform.Method.clickOnElement is PASSED&#xD;
&#xD;
2020-06-23 16:58:43 - [MESSAGE][PASSED] - platform.Method.clickOnElement is PASSED&#xD;
&#xD;
2020-06-23 16:58:43 - [TEST_STEP][PASSED] - sendKeys(findTestObject("Input/intentName"), newData.getValue("intent_name", count)): Keys 'bnmvbhjkito8ughkf7' sent to object: 'Object Repository/Input/intentName'&#xD;
&#xD;
2020-06-23 16:58:46 - [MESSAGE][PASSED] - Keys 'bnmvbhjkito8ughkf7' sent to object: 'Object Repository/Input/intentName'&#xD;
&#xD;
2020-06-23 16:58:46 - [TEST_STEP][PASSED] - sendKeys(findTestObject("Input/utterance"), newData.getValue("single_utterance", count)): Keys 'rwb64w756fdbsebqrvqe' sent to object: 'Object Repository/Input/utterance'&#xD;
&#xD;
2020-06-23 16:58:49 - [MESSAGE][PASSED] - Keys 'rwb64w756fdbsebqrvqe' sent to object: 'Object Repository/Input/utterance'&#xD;
&#xD;
2020-06-23 16:58:49 - [TEST_STEP][PASSED] - platform.Method.clickOnElement(findTestObject("Button/addUtterance")): platform.Method.clickOnElement is PASSED&#xD;
&#xD;
2020-06-23 16:58:51 - [MESSAGE][PASSED] - platform.Method.clickOnElement is PASSED&#xD;
&#xD;
2020-06-23 16:58:51 - [TEST_STEP][PASSED] - sendKeys(findTestObject("Input/finalTempKey"), newData.getValue("final_template_key", count)): Keys 'Fallback message' sent to object: 'Object Repository/Input/finalTempKey'&#xD;
&#xD;
2020-06-23 16:58:55 - [MESSAGE][PASSED] - Keys 'Fallback message' sent to object: 'Object Repository/Input/finalTempKey'&#xD;
&#xD;
2020-06-23 16:58:55 - [TEST_STEP][PASSED] - platform.Method.clickOnElement(findTestObject("Button/save", ["value":" Save "])): platform.Method.clickOnElement is PASSED&#xD;
&#xD;
2020-06-23 16:58:57 - [MESSAGE][PASSED] - platform.Method.clickOnElement is PASSED&#xD;
&#xD;
2020-06-23 16:58:57 - [TEST_STEP][PASSED] - platform.Method.clickOnElement(findTestObject("NewRepo/intentGoBack")): platform.Method.clickOnElement is PASSED&#xD;
&#xD;
2020-06-23 16:59:00 - [MESSAGE][PASSED] - platform.Method.clickOnElement is PASSED&#xD;
&#xD;
2020-06-23 16:59:00 - [TEST_STEP][PASSED] - delay(1): Delayed 1 second(s)&#xD;
&#xD;
2020-06-23 16:59:01 - [MESSAGE][PASSED] - Delayed 1 second(s)&#xD;
&#xD;
2020-06-23 16:59:01 - [TEST_STEP][ERROR] - if (newData.getValue("intent_name", count) != ""): com.kms.katalon.core.webui.exception.WebElementNotFoundException: Web element with id: 'Object Repository/Button/createIntent' located by 'By.xpath: //button/span/span[contains(text(),'+ Create intent')]' not found&#xD;
&#xD;
2020-06-23 16:59:01 - [TEST_STEP][ERROR] - platform.Method.clickOnElement(findTestObject("Button/createIntent")): com.kms.katalon.core.webui.exception.WebElementNotFoundException: Web element with id: 'Object Repository/Button/createIntent' located by 'By.xpath: //button/span/span[contains(text(),'+ Create intent')]' not found&#xD;
&#xD;
2020-06-23 16:59:07 - [MESSAGE][INFO] - Unable to find the element located by 'By.xpath: //button/span/span[contains(text(),'+ Create intent')]'. Please recheck the objects properties to make sure the desired element is located. &#xD;
&#xD;
2020-06-23 16:59:07 - [MESSAGE][ERROR] - com.kms.katalon.core.webui.exception.WebElementNotFoundException: Web element with id: 'Object Repository/Button/createIntent' located by 'By.xpath: //button/span/span[contains(text(),'+ Create intent')]' not found</system-out>
            <system-err>2020-06-23 16:52:50 - [TEST_CASE][ERROR] - Test Cases/Taskbot/globalSearchOnTraining_Test: Test Cases/Taskbot/globalSearchOnTraining_Test FAILED.
Reason:
org.codehaus.groovy.runtime.InvokerInvocationException: com.kms.katalon.core.webui.exception.WebElementNotFoundException: Web element with id: 'Object Repository/Button/createIntent' located by 'By.xpath: //button/span/span[contains(text(),'+ Create intent')]' not found&#xD;
	at platform.Method.invokeMethod(Method.groovy)&#xD;
	at com.kms.katalon.core.main.CustomKeywordDelegatingMetaClass.invokeStaticMethod(CustomKeywordDelegatingMetaClass.java:50)&#xD;
	at globalSearchOnTraining_Test.run(globalSearchOnTraining_Test:72)&#xD;
	at com.kms.katalon.core.main.ScriptEngine.run(ScriptEngine.java:194)&#xD;
	at com.kms.katalon.core.main.ScriptEngine.runScriptAsRawText(ScriptEngine.java:119)&#xD;
	at com.kms.katalon.core.main.TestCaseExecutor.runScript(TestCaseExecutor.java:337)&#xD;
	at com.kms.katalon.core.main.TestCaseExecutor.doExecute(TestCaseExecutor.java:328)&#xD;
	at com.kms.katalon.core.main.TestCaseExecutor.processExecutionPhase(TestCaseExecutor.java:307)&#xD;
	at com.kms.katalon.core.main.TestCaseExecutor.accessMainPhase(TestCaseExecutor.java:299)&#xD;
	at com.kms.katalon.core.main.TestCaseExecutor.execute(TestCaseExecutor.java:233)&#xD;
	at com.kms.katalon.core.main.TestSuiteExecutor.accessTestCaseMainPhase(TestSuiteExecutor.java:169)&#xD;
	at com.kms.katalon.core.main.TestSuiteExecutor.accessTestSuiteMainPhase(TestSuiteExecutor.java:142)&#xD;
	at com.kms.katalon.core.main.TestSuiteExecutor.execute(TestSuiteExecutor.java:91)&#xD;
	at com.kms.katalon.core.main.TestCaseMain.startTestSuite(TestCaseMain.java:157)&#xD;
	at com.kms.katalon.core.main.TestCaseMain$startTestSuite$0.call(Unknown Source)&#xD;
	at TempTestSuite1592909295916.run(TempTestSuite1592909295916.groovy:35)&#xD;
Caused by: com.kms.katalon.core.webui.exception.WebElementNotFoundException: Web element with id: 'Object Repository/Button/createIntent' located by 'By.xpath: //button/span/span[contains(text(),'+ Create intent')]' not found&#xD;
	at com.kms.katalon.core.webui.common.WebUiCommonHelper.findWebElement(WebUiCommonHelper.java:1097)&#xD;
	at com.kms.katalon.core.webui.common.WebUiCommonHelper$findWebElement$0.call(Unknown Source)&#xD;
	at platform.Method.clickOnElement(Method.groovy:31)&#xD;
	... 16 more</system-err>
        </testcase>
        <system-out>2020-06-23 16:18:24 - [TEST_SUITE][INCOMPLETE] - taskSuiteE2E: null</system-out>
        <system-err>2020-06-23 16:18:24 - [TEST_SUITE][INCOMPLETE] - taskSuiteE2E: null</system-err>
    </testsuite>
</testsuites>
