<?xml version="1.0" encoding="UTF-8" standalone="yes"?>
<testsuites name="shareablepreview" time="671" tests="2" failures="0" errors="1">
    <testsuite name="shareablepreview" tests="2" failures="0" errors="1" time="671" timestamp="2020-09-17 18:24:08" hostname="narendra.n - WLPT580.imidomain.com" id="Test Suites/shareablepreview">
        <properties>
            <property name="deviceName" value=""/>
            <property name="devicePlatform" value=""/>
            <property name="logFolder" value="D:\\IMIbot.ai-Project\\Reports\\20200917_182359\\shareablepreview\\20200917_182359"/>
            <property name="logFiles" value="D:\\IMIbot.ai-Project\\Reports\\20200917_182359\\shareablepreview\\20200917_182359\\execution0.log"/>
            <property name="attachments" value=""/>
            <property name="hostName" value="narendra.n - WLPT580.imidomain.com"/>
            <property name="os" value="Windows 8.1 64bit"/>
            <property name="katalonVersion" value="6.3.3.11"/>
            <property name="browser" value="Chrome 85.0.4183.102"/>
            <property name="hostAddress" value="192.168.29.195"/>
            <property name="sessionId" value="702a09c88cb3242c362a79545d37a2bd"/>
            <property name="seleniumVersion" value="3.141.59"/>
            <property name="proxyInformation" value="ProxyInformation{proxyOption=NO_PROXY, proxyServerType=HTTP, password=, proxyServerAddress=, proxyServerPort=0}"/>
            <property name="platform" value="Windows 8.1"/>
        </properties>
        <testcase name="Test Cases/SetUp/setUpCustomSyn_ShareablePreview1" classname="Test Cases/SetUp/setUpCustomSyn_ShareablePreview1" status="ERROR">
            <error type="ERROR" message="Test Cases/SetUp/setUpCustomSyn_ShareablePreview1 FAILED.&#xA;Reason:&#xA;org.codehaus.groovy.runtime.InvokerInvocationException: com.kms.katalon.core.webui.exception.WebElementNotFoundException: Web element with id: 'Object Repository/GenericII/minimize' located by 'By.xpath: //mat-icon[contains(text(),'minimize')]' not found&#xD;&#xA;&#x9;at platform.Method.invokeMethod(Method.groovy)&#xD;&#xA;&#x9;at com.kms.katalon.core.main.CustomKeywordDelegatingMetaClass.invokeStaticMethod(CustomKeywordDelegatingMetaClass.java:50)&#xD;&#xA;&#x9;at setUpCustomSyn_ShareablePreview1.run(setUpCustomSyn_ShareablePreview1:20)&#xD;&#xA;&#x9;at com.kms.katalon.core.main.ScriptEngine.run(ScriptEngine.java:194)&#xD;&#xA;&#x9;at com.kms.katalon.core.main.ScriptEngine.runScriptAsRawText(ScriptEngine.java:119)&#xD;&#xA;&#x9;at com.kms.katalon.core.main.TestCaseExecutor.runScript(TestCaseExecutor.java:337)&#xD;&#xA;&#x9;at com.kms.katalon.core.main.TestCaseExecutor.doExecute(TestCaseExecutor.java:328)&#xD;&#xA;&#x9;at com.kms.katalon.core.main.TestCaseExecutor.processExecutionPhase(TestCaseExecutor.java:307)&#xD;&#xA;&#x9;at com.kms.katalon.core.main.TestCaseExecutor.accessMainPhase(TestCaseExecutor.java:299)&#xD;&#xA;&#x9;at com.kms.katalon.core.main.TestCaseExecutor.execute(TestCaseExecutor.java:233)&#xD;&#xA;&#x9;at com.kms.katalon.core.main.TestSuiteExecutor.accessTestCaseMainPhase(TestSuiteExecutor.java:169)&#xD;&#xA;&#x9;at com.kms.katalon.core.main.TestSuiteExecutor.accessTestSuiteMainPhase(TestSuiteExecutor.java:142)&#xD;&#xA;&#x9;at com.kms.katalon.core.main.TestSuiteExecutor.execute(TestSuiteExecutor.java:91)&#xD;&#xA;&#x9;at com.kms.katalon.core.main.TestCaseMain.startTestSuite(TestCaseMain.java:157)&#xD;&#xA;&#x9;at com.kms.katalon.core.main.TestCaseMain$startTestSuite$0.call(Unknown Source)&#xD;&#xA;&#x9;at TempTestSuite1600347239879.run(TempTestSuite1600347239879.groovy:35)&#xD;&#xA;Caused by: com.kms.katalon.core.webui.exception.WebElementNotFoundException: Web element with id: 'Object Repository/GenericII/minimize' located by 'By.xpath: //mat-icon[contains(text(),'minimize')]' not found&#xD;&#xA;&#x9;at com.kms.katalon.core.webui.common.WebUiCommonHelper.findWebElement(WebUiCommonHelper.java:1097)&#xD;&#xA;&#x9;at com.kms.katalon.core.webui.common.WebUiCommonHelper$findWebElement.call(Unknown Source)&#xD;&#xA;&#x9;at platform.Method.clickOnElement(Method.groovy:32)&#xD;&#xA;&#x9;... 16 more&#xD;&#xA;"/>
            <system-out>2020-09-17 18:24:51 - [TEST_CASE][ERROR] - Test Cases/SetUp/setUpCustomSyn_ShareablePreview1: Test Cases/SetUp/setUpCustomSyn_ShareablePreview1 FAILED.
Reason:
org.codehaus.groovy.runtime.InvokerInvocationException: com.kms.katalon.core.webui.exception.WebElementNotFoundException: Web element with id: 'Object Repository/GenericII/minimize' located by 'By.xpath: //mat-icon[contains(text(),'minimize')]' not found&#xD;
	at platform.Method.invokeMethod(Method.groovy)&#xD;
	at com.kms.katalon.core.main.CustomKeywordDelegatingMetaClass.invokeStaticMethod(CustomKeywordDelegatingMetaClass.java:50)&#xD;
	at setUpCustomSyn_ShareablePreview1.run(setUpCustomSyn_ShareablePreview1:20)&#xD;
	at com.kms.katalon.core.main.ScriptEngine.run(ScriptEngine.java:194)&#xD;
	at com.kms.katalon.core.main.ScriptEngine.runScriptAsRawText(ScriptEngine.java:119)&#xD;
	at com.kms.katalon.core.main.TestCaseExecutor.runScript(TestCaseExecutor.java:337)&#xD;
	at com.kms.katalon.core.main.TestCaseExecutor.doExecute(TestCaseExecutor.java:328)&#xD;
	at com.kms.katalon.core.main.TestCaseExecutor.processExecutionPhase(TestCaseExecutor.java:307)&#xD;
	at com.kms.katalon.core.main.TestCaseExecutor.accessMainPhase(TestCaseExecutor.java:299)&#xD;
	at com.kms.katalon.core.main.TestCaseExecutor.execute(TestCaseExecutor.java:233)&#xD;
	at com.kms.katalon.core.main.TestSuiteExecutor.accessTestCaseMainPhase(TestSuiteExecutor.java:169)&#xD;
	at com.kms.katalon.core.main.TestSuiteExecutor.accessTestSuiteMainPhase(TestSuiteExecutor.java:142)&#xD;
	at com.kms.katalon.core.main.TestSuiteExecutor.execute(TestSuiteExecutor.java:91)&#xD;
	at com.kms.katalon.core.main.TestCaseMain.startTestSuite(TestCaseMain.java:157)&#xD;
	at com.kms.katalon.core.main.TestCaseMain$startTestSuite$0.call(Unknown Source)&#xD;
	at TempTestSuite1600347239879.run(TempTestSuite1600347239879.groovy:35)&#xD;
Caused by: com.kms.katalon.core.webui.exception.WebElementNotFoundException: Web element with id: 'Object Repository/GenericII/minimize' located by 'By.xpath: //mat-icon[contains(text(),'minimize')]' not found&#xD;
	at com.kms.katalon.core.webui.common.WebUiCommonHelper.findWebElement(WebUiCommonHelper.java:1097)&#xD;
	at com.kms.katalon.core.webui.common.WebUiCommonHelper$findWebElement.call(Unknown Source)&#xD;
	at platform.Method.clickOnElement(Method.groovy:32)&#xD;
	... 16 more&#xD;
&#xD;
&#xD;
2020-09-17 18:24:52 - [TEST_STEP][PASSED] - callTestCase(findTestCase("FAQ_SSO/botCreation_Test"), ["nameOfTheBot":PREVIEW_BOT], STOP_ON_FAILURE): Call Test Case 'Test Cases/FAQ_SSO/botCreation_Test' successfully&#xD;
&#xD;
2020-09-17 18:24:52 - [TEST_CASE][PASSED] - Test Cases/FAQ_SSO/botCreation_Test: Test Cases/FAQ_SSO/botCreation_Test&#xD;
&#xD;
2020-09-17 18:24:53 - [TEST_STEP][PASSED] - platform.Method.clickOnElement(findTestObject("Button/createBot")): platform.Method.clickOnElement is PASSED&#xD;
&#xD;
2020-09-17 18:24:56 - [MESSAGE][PASSED] - platform.Method.clickOnElement is PASSED&#xD;
&#xD;
2020-09-17 18:24:56 - [TEST_STEP][PASSED] - sendKeys(findTestObject("Input/botName"), nameOfTheBot): Keys 'Automation BOT' sent to object: 'Object Repository/Input/botName'&#xD;
&#xD;
2020-09-17 18:24:59 - [MESSAGE][PASSED] - Keys 'Automation BOT' sent to object: 'Object Repository/Input/botName'&#xD;
&#xD;
2020-09-17 18:24:59 - [TEST_STEP][PASSED] - platform.Method.clickOnElement(findTestObject("Toggle/feedback")): platform.Method.clickOnElement is PASSED&#xD;
&#xD;
2020-09-17 18:25:01 - [MESSAGE][PASSED] - platform.Method.clickOnElement is PASSED&#xD;
&#xD;
2020-09-17 18:25:01 - [TEST_STEP][PASSED] - platform.Method.clickOnElement(findTestObject("Button/done")): platform.Method.clickOnElement is PASSED&#xD;
&#xD;
2020-09-17 18:25:03 - [MESSAGE][PASSED] - platform.Method.clickOnElement is PASSED&#xD;
&#xD;
2020-09-17 18:25:03 - [TEST_STEP][PASSED] - waitForElementVisible(findTestObject("Generic/articleState"), 60, OPTIONAL): Object 'Object Repository/Generic/articleState' is visible&#xD;
&#xD;
2020-09-17 18:25:11 - [MESSAGE][PASSED] - Object 'Object Repository/Generic/articleState' is visible&#xD;
&#xD;
2020-09-17 18:25:11 - [TEST_STEP][PASSED] - if (!(verifyElementText(findTestObject("Generic/articleState"), "Trained", OPTIONAL))): Actual text and expected text of test object 'Object Repository/Generic/articleState' are matched.&#xD;
&#xD;
2020-09-17 18:25:14 - [MESSAGE][PASSED] - Actual text and expected text of test object 'Object Repository/Generic/articleState' are matched.&#xD;
&#xD;
2020-09-17 18:25:14 - [TEST_STEP][PASSED] - platform.Method.clickOnElement(findTestObject("GenericII/minimize")): platform.Method.clickOnElement is PASSED&#xD;
&#xD;
2020-09-17 18:25:16 - [MESSAGE][PASSED] - platform.Method.clickOnElement is PASSED&#xD;
&#xD;
2020-09-17 18:25:16 - [MESSAGE][PASSED] - Call Test Case 'Test Cases/FAQ_SSO/botCreation_Test' successfully&#xD;
&#xD;
2020-09-17 18:25:16 - [TEST_STEP][PASSED] - testData = findTestData("Data Files/testData_Dummy"): null&#xD;
&#xD;
2020-09-17 18:25:20 - [TEST_STEP][ERROR] - platform.Method.clickOnElement(findTestObject("GenericII/minimize")): com.kms.katalon.core.webui.exception.WebElementNotFoundException: Web element with id: 'Object Repository/GenericII/minimize' located by 'By.xpath: //mat-icon[contains(text(),'minimize')]' not found&#xD;
&#xD;
2020-09-17 18:25:27 - [MESSAGE][INFO] - Unable to find the element located by 'By.xpath: //mat-icon[contains(text(),'minimize')]'. Please recheck the objects properties to make sure the desired element is located. &#xD;
&#xD;
2020-09-17 18:25:27 - [MESSAGE][ERROR] - com.kms.katalon.core.webui.exception.WebElementNotFoundException: Web element with id: 'Object Repository/GenericII/minimize' located by 'By.xpath: //mat-icon[contains(text(),'minimize')]' not found</system-out>
            <system-err>2020-09-17 18:24:51 - [TEST_CASE][ERROR] - Test Cases/SetUp/setUpCustomSyn_ShareablePreview1: Test Cases/SetUp/setUpCustomSyn_ShareablePreview1 FAILED.
Reason:
org.codehaus.groovy.runtime.InvokerInvocationException: com.kms.katalon.core.webui.exception.WebElementNotFoundException: Web element with id: 'Object Repository/GenericII/minimize' located by 'By.xpath: //mat-icon[contains(text(),'minimize')]' not found&#xD;
	at platform.Method.invokeMethod(Method.groovy)&#xD;
	at com.kms.katalon.core.main.CustomKeywordDelegatingMetaClass.invokeStaticMethod(CustomKeywordDelegatingMetaClass.java:50)&#xD;
	at setUpCustomSyn_ShareablePreview1.run(setUpCustomSyn_ShareablePreview1:20)&#xD;
	at com.kms.katalon.core.main.ScriptEngine.run(ScriptEngine.java:194)&#xD;
	at com.kms.katalon.core.main.ScriptEngine.runScriptAsRawText(ScriptEngine.java:119)&#xD;
	at com.kms.katalon.core.main.TestCaseExecutor.runScript(TestCaseExecutor.java:337)&#xD;
	at com.kms.katalon.core.main.TestCaseExecutor.doExecute(TestCaseExecutor.java:328)&#xD;
	at com.kms.katalon.core.main.TestCaseExecutor.processExecutionPhase(TestCaseExecutor.java:307)&#xD;
	at com.kms.katalon.core.main.TestCaseExecutor.accessMainPhase(TestCaseExecutor.java:299)&#xD;
	at com.kms.katalon.core.main.TestCaseExecutor.execute(TestCaseExecutor.java:233)&#xD;
	at com.kms.katalon.core.main.TestSuiteExecutor.accessTestCaseMainPhase(TestSuiteExecutor.java:169)&#xD;
	at com.kms.katalon.core.main.TestSuiteExecutor.accessTestSuiteMainPhase(TestSuiteExecutor.java:142)&#xD;
	at com.kms.katalon.core.main.TestSuiteExecutor.execute(TestSuiteExecutor.java:91)&#xD;
	at com.kms.katalon.core.main.TestCaseMain.startTestSuite(TestCaseMain.java:157)&#xD;
	at com.kms.katalon.core.main.TestCaseMain$startTestSuite$0.call(Unknown Source)&#xD;
	at TempTestSuite1600347239879.run(TempTestSuite1600347239879.groovy:35)&#xD;
Caused by: com.kms.katalon.core.webui.exception.WebElementNotFoundException: Web element with id: 'Object Repository/GenericII/minimize' located by 'By.xpath: //mat-icon[contains(text(),'minimize')]' not found&#xD;
	at com.kms.katalon.core.webui.common.WebUiCommonHelper.findWebElement(WebUiCommonHelper.java:1097)&#xD;
	at com.kms.katalon.core.webui.common.WebUiCommonHelper$findWebElement.call(Unknown Source)&#xD;
	at platform.Method.clickOnElement(Method.groovy:32)&#xD;
	... 16 more</system-err>
        </testcase>
        <testcase name="Test Cases/SetUp/setUpCustomSyn_ShareablePreview2" classname="Test Cases/SetUp/setUpCustomSyn_ShareablePreview2" status="PASSED">
            <system-out>2020-09-17 18:25:27 - [TEST_CASE][PASSED] - Test Cases/SetUp/setUpCustomSyn_ShareablePreview2: Test Cases/SetUp/setUpCustomSyn_ShareablePreview2&#xD;
&#xD;
2020-09-17 18:25:28 - [TEST_STEP][PASSED] - platform.Method.clickOnElement(findTestObject("Generic/articles")): platform.Method.clickOnElement is PASSED&#xD;
&#xD;
2020-09-17 18:25:30 - [MESSAGE][PASSED] - platform.Method.clickOnElement is PASSED&#xD;
&#xD;
2020-09-17 18:25:30 - [TEST_STEP][PASSED] - testData = findTestData("Data Files/testData_Dummy"): null&#xD;
&#xD;
2020-09-17 18:25:30 - [TEST_STEP][PASSED] - platform.Articles.createNewArticle(testData, testData.getValue("carousel_question", 1)): platform.Articles.createNewArticle is PASSED&#xD;
&#xD;
2020-09-17 18:25:36 - [MESSAGE][PASSED] - Keys 'show me all service type apartment' sent to object: 'Object Repository/Input/defaultQuestion'&#xD;
&#xD;
2020-09-17 18:25:36 - [MESSAGE][PASSED] - platform.Articles.createNewArticle is PASSED&#xD;
&#xD;
2020-09-17 18:25:36 - [TEST_STEP][PASSED] - platform.Method.clickOnElement(findTestObject("NewRepo/carousel")): platform.Method.clickOnElement is PASSED&#xD;
&#xD;
2020-09-17 18:25:39 - [MESSAGE][PASSED] - platform.Method.clickOnElement is PASSED&#xD;
&#xD;
2020-09-17 18:25:39 - [TEST_STEP][PASSED] - platform.ResponseDesigner.deleteDefaultTextTemplate(): platform.ResponseDesigner.deleteDefaultTextTemplate is PASSED&#xD;
&#xD;
2020-09-17 18:25:41 - [MESSAGE][PASSED] - Scroll to object 'Object Repository/WEB_OBJECTS/trashIcon' successfully&#xD;
&#xD;
2020-09-17 18:25:44 - [MESSAGE][PASSED] - Object 'Object Repository/WEB_OBJECTS/trashIcon' is visible&#xD;
&#xD;
2020-09-17 18:25:46 - [MESSAGE][PASSED] - platform.ResponseDesigner.deleteDefaultTextTemplate is PASSED&#xD;
&#xD;
2020-09-17 18:25:46 - [TEST_STEP][PASSED] - for ([count = 1, count &lt;= testData.getRowNumbers(), (count++)]): null&#xD;
&#xD;
2020-09-17 18:25:46 - [TEST_STEP][PASSED] - platform.ResponseDesigner.configureCarouselResponse(count, null, testData.getValue("service_carousel_url", count), testData.getValue("service_carousel_header", count), testData.getValue("carousel_payload_label", count), testData.getValue("carousel_payload_question", count)): platform.ResponseDesigner.configureCarouselResponse is PASSED&#xD;
&#xD;
2020-09-17 18:25:48 - [MESSAGE][PASSED] - Modify property of object successfully&#xD;
&#xD;
2020-09-17 18:25:53 - [MESSAGE][PASSED] - Text 'https://www.silverdoorapartments.com/blog/content/uploads/2020/03/Aparthotel-1024x683.jpg' is set on object 'Object Repository/WEB_OBJECTS/mediaURL'&#xD;
&#xD;
2020-09-17 18:25:59 - [MESSAGE][PASSED] - Text 'Aparthotel' is set on object 'Object Repository/WEB_OBJECTS/input'&#xD;
&#xD;
2020-09-17 18:26:01 - [MESSAGE][PASSED] - Object 'Object Repository/WEB_OBJECTS/button' is present&#xD;
&#xD;
2020-09-17 18:26:04 - [MESSAGE][PASSED] - Object 'Object Repository/WEB_OBJECTS/popUp' is present&#xD;
&#xD;
2020-09-17 18:26:04 - [MESSAGE][PASSED] - Modify property of object successfully&#xD;
&#xD;
2020-09-17 18:26:08 - [MESSAGE][PASSED] - Text 'Contact here!' is set on object 'Object Repository/WEB_OBJECTS/input'&#xD;
&#xD;
2020-09-17 18:26:12 - [MESSAGE][PASSED] - Text 'How can I contact this property?' is set on object 'Object Repository/WEB_OBJECTS/payload'&#xD;
&#xD;
2020-09-17 18:26:14 - [MESSAGE][PASSED] - platform.ResponseDesigner.configureCarouselResponse is PASSED&#xD;
&#xD;
2020-09-17 18:26:14 - [TEST_STEP][PASSED] - if (testData.getValue("service_carousel_header", count + 1) == ""): null&#xD;
&#xD;
2020-09-17 18:26:14 - [TEST_STEP][PASSED] - else: platform.Method.clickOnElement is PASSED&#xD;
&#xD;
2020-09-17 18:26:14 - [TEST_STEP][PASSED] - platform.Method.clickOnElement(findTestObject("ICONS/addCarousel")): platform.Method.clickOnElement is PASSED&#xD;
&#xD;
2020-09-17 18:26:16 - [MESSAGE][PASSED] - platform.Method.clickOnElement is PASSED&#xD;
&#xD;
2020-09-17 18:26:16 - [TEST_STEP][PASSED] - platform.ResponseDesigner.configureCarouselResponse(count, null, testData.getValue("service_carousel_url", count), testData.getValue("service_carousel_header", count), testData.getValue("carousel_payload_label", count), testData.getValue("carousel_payload_question", count)): platform.ResponseDesigner.configureCarouselResponse is PASSED&#xD;
&#xD;
2020-09-17 18:26:19 - [MESSAGE][PASSED] - Modify property of object successfully&#xD;
&#xD;
2020-09-17 18:26:24 - [MESSAGE][PASSED] - Text 'https://www.silverdoorapartments.com/blog/content/uploads/2015/05/Residential-e1430835943106.jpg' is set on object 'Object Repository/WEB_OBJECTS/mediaURL'&#xD;
&#xD;
2020-09-17 18:26:30 - [MESSAGE][PASSED] - Text 'Residential serviced apartment' is set on object 'Object Repository/WEB_OBJECTS/input'&#xD;
&#xD;
2020-09-17 18:26:52 - [MESSAGE][INFO] - Unable to find the element located by 'By.xpath: (//div[@class='carousel-main']//button[@type='primary'])[2]'. Please recheck the objects properties to make sure the desired element is located. &#xD;
&#xD;
2020-09-17 18:26:52 - [MESSAGE][WARNING] - Object 'Object Repository/WEB_OBJECTS/button' is not present after 20 second(s)&#xD;
&#xD;
2020-09-17 18:26:56 - [MESSAGE][PASSED] - Object 'Object Repository/WEB_OBJECTS/popUp' is present&#xD;
&#xD;
2020-09-17 18:26:56 - [MESSAGE][PASSED] - Modify property of object successfully&#xD;
&#xD;
2020-09-17 18:26:59 - [MESSAGE][PASSED] - Text 'Click to contact' is set on object 'Object Repository/WEB_OBJECTS/input'&#xD;
&#xD;
2020-09-17 18:27:03 - [MESSAGE][PASSED] - Text 'How can I contact this property?' is set on object 'Object Repository/WEB_OBJECTS/payload'&#xD;
&#xD;
2020-09-17 18:27:05 - [MESSAGE][PASSED] - platform.ResponseDesigner.configureCarouselResponse is PASSED&#xD;
&#xD;
2020-09-17 18:27:05 - [TEST_STEP][PASSED] - if (testData.getValue("service_carousel_header", count + 1) == ""): null&#xD;
&#xD;
2020-09-17 18:27:05 - [TEST_STEP][PASSED] - else: platform.Method.clickOnElement is PASSED&#xD;
&#xD;
2020-09-17 18:27:05 - [TEST_STEP][PASSED] - platform.Method.clickOnElement(findTestObject("ICONS/addCarousel")): platform.Method.clickOnElement is PASSED&#xD;
&#xD;
2020-09-17 18:27:07 - [MESSAGE][PASSED] - platform.Method.clickOnElement is PASSED&#xD;
&#xD;
2020-09-17 18:27:07 - [TEST_STEP][PASSED] - platform.ResponseDesigner.configureCarouselResponse(count, null, testData.getValue("service_carousel_url", count), testData.getValue("service_carousel_header", count), testData.getValue("carousel_payload_label", count), testData.getValue("carousel_payload_question", count)): platform.ResponseDesigner.configureCarouselResponse is PASSED&#xD;
&#xD;
2020-09-17 18:27:10 - [MESSAGE][PASSED] - Modify property of object successfully&#xD;
&#xD;
2020-09-17 18:27:15 - [MESSAGE][PASSED] - Text 'https://q-cf.bstatic.com/images/hotel/max1280x900/444/44415495.jpg' is set on object 'Object Repository/WEB_OBJECTS/mediaURL'&#xD;
&#xD;
2020-09-17 18:27:21 - [MESSAGE][PASSED] - Text 'Single property' is set on object 'Object Repository/WEB_OBJECTS/input'&#xD;
&#xD;
2020-09-17 18:27:43 - [MESSAGE][INFO] - Unable to find the element located by 'By.xpath: (//div[@class='carousel-main']//button[@type='primary'])[3]'. Please recheck the objects properties to make sure the desired element is located. &#xD;
&#xD;
2020-09-17 18:27:43 - [MESSAGE][WARNING] - Object 'Object Repository/WEB_OBJECTS/button' is not present after 20 second(s)&#xD;
&#xD;
2020-09-17 18:27:46 - [MESSAGE][PASSED] - Object 'Object Repository/WEB_OBJECTS/popUp' is present&#xD;
&#xD;
2020-09-17 18:27:47 - [MESSAGE][PASSED] - Modify property of object successfully&#xD;
&#xD;
2020-09-17 18:27:50 - [MESSAGE][PASSED] - Text 'Book now!' is set on object 'Object Repository/WEB_OBJECTS/input'&#xD;
&#xD;
2020-09-17 18:27:54 - [MESSAGE][PASSED] - Text 'How can I contact this property?' is set on object 'Object Repository/WEB_OBJECTS/payload'&#xD;
&#xD;
2020-09-17 18:27:56 - [MESSAGE][PASSED] - platform.ResponseDesigner.configureCarouselResponse is PASSED&#xD;
&#xD;
2020-09-17 18:27:56 - [TEST_STEP][PASSED] - if (testData.getValue("service_carousel_header", count + 1) == ""): null&#xD;
&#xD;
2020-09-17 18:27:56 - [TEST_STEP][PASSED] - break: null&#xD;
&#xD;
2020-09-17 18:27:56 - [TEST_STEP][PASSED] - platform.Articles.saveAndTrainArticleToExistingCategory(" Unassigned "): platform.Articles.saveAndTrainArticleToExistingCategory is PASSED&#xD;
&#xD;
2020-09-17 18:28:05 - [MESSAGE][PASSED] - platform.Articles.saveAndTrainArticleToExistingCategory is PASSED&#xD;
&#xD;
2020-09-17 18:28:05 - [TEST_STEP][PASSED] - verifyElementPresent(findTestObject("ICONS/toastMsg"), 30, STOP_ON_FAILURE): Object 'Object Repository/ICONS/toastMsg' is present&#xD;
&#xD;
2020-09-17 18:28:11 - [MESSAGE][PASSED] - Object 'Object Repository/ICONS/toastMsg' is present&#xD;
&#xD;
2020-09-17 18:28:11 - [TEST_STEP][PASSED] - platform.Articles.createNewArticle(testData, testData.getValue("carousel_question", 2)): platform.Articles.createNewArticle is PASSED&#xD;
&#xD;
2020-09-17 18:28:17 - [MESSAGE][PASSED] - Keys 'villas or duplex type property' sent to object: 'Object Repository/Input/defaultQuestion'&#xD;
&#xD;
2020-09-17 18:28:17 - [MESSAGE][PASSED] - platform.Articles.createNewArticle is PASSED&#xD;
&#xD;
2020-09-17 18:28:17 - [TEST_STEP][PASSED] - platform.Method.clickOnElement(findTestObject("NewRepo/carousel")): platform.Method.clickOnElement is PASSED&#xD;
&#xD;
2020-09-17 18:28:19 - [MESSAGE][PASSED] - platform.Method.clickOnElement is PASSED&#xD;
&#xD;
2020-09-17 18:28:19 - [TEST_STEP][PASSED] - platform.ResponseDesigner.deleteDefaultTextTemplate(): platform.ResponseDesigner.deleteDefaultTextTemplate is PASSED&#xD;
&#xD;
2020-09-17 18:28:21 - [MESSAGE][PASSED] - Scroll to object 'Object Repository/WEB_OBJECTS/trashIcon' successfully&#xD;
&#xD;
2020-09-17 18:28:24 - [MESSAGE][PASSED] - Object 'Object Repository/WEB_OBJECTS/trashIcon' is visible&#xD;
&#xD;
2020-09-17 18:28:26 - [MESSAGE][PASSED] - platform.ResponseDesigner.deleteDefaultTextTemplate is PASSED&#xD;
&#xD;
2020-09-17 18:28:26 - [TEST_STEP][PASSED] - for ([count = 1, count &lt;= testData.getRowNumbers(), (count++)]): null&#xD;
&#xD;
2020-09-17 18:28:26 - [TEST_STEP][PASSED] - platform.ResponseDesigner.configureCarouselResponse(count, null, testData.getValue("indp_carousel_url", count), testData.getValue("indp_carousel_header", count), testData.getValue("carousel_payload_label", count), testData.getValue("carousel_payload_question", count)): platform.ResponseDesigner.configureCarouselResponse is PASSED&#xD;
&#xD;
2020-09-17 18:28:28 - [MESSAGE][PASSED] - Modify property of object successfully&#xD;
&#xD;
2020-09-17 18:28:33 - [MESSAGE][PASSED] - Text 'https://r-cf.bstatic.com/images/hotel/max1024x768/240/240296881.jpg' is set on object 'Object Repository/WEB_OBJECTS/mediaURL'&#xD;
&#xD;
2020-09-17 18:28:39 - [MESSAGE][PASSED] - Text 'Villa' is set on object 'Object Repository/WEB_OBJECTS/input'&#xD;
&#xD;
2020-09-17 18:28:40 - [MESSAGE][PASSED] - Object 'Object Repository/WEB_OBJECTS/button' is present&#xD;
&#xD;
2020-09-17 18:28:43 - [MESSAGE][PASSED] - Object 'Object Repository/WEB_OBJECTS/popUp' is present&#xD;
&#xD;
2020-09-17 18:28:43 - [MESSAGE][PASSED] - Modify property of object successfully&#xD;
&#xD;
2020-09-17 18:28:47 - [MESSAGE][PASSED] - Text 'Contact here!' is set on object 'Object Repository/WEB_OBJECTS/input'&#xD;
&#xD;
2020-09-17 18:28:51 - [MESSAGE][PASSED] - Text 'How can I contact this property?' is set on object 'Object Repository/WEB_OBJECTS/payload'&#xD;
&#xD;
2020-09-17 18:28:53 - [MESSAGE][PASSED] - platform.ResponseDesigner.configureCarouselResponse is PASSED&#xD;
&#xD;
2020-09-17 18:28:53 - [TEST_STEP][PASSED] - if (testData.getValue("indp_carousel_header", count + 1) == ""): null&#xD;
&#xD;
2020-09-17 18:28:53 - [TEST_STEP][PASSED] - else: platform.Method.clickOnElement is PASSED&#xD;
&#xD;
2020-09-17 18:28:53 - [TEST_STEP][PASSED] - platform.Method.clickOnElement(findTestObject("ICONS/addCarousel")): platform.Method.clickOnElement is PASSED&#xD;
&#xD;
2020-09-17 18:28:55 - [MESSAGE][PASSED] - platform.Method.clickOnElement is PASSED&#xD;
&#xD;
2020-09-17 18:28:55 - [TEST_STEP][PASSED] - platform.ResponseDesigner.configureCarouselResponse(count, null, testData.getValue("indp_carousel_url", count), testData.getValue("indp_carousel_header", count), testData.getValue("carousel_payload_label", count), testData.getValue("carousel_payload_question", count)): platform.ResponseDesigner.configureCarouselResponse is PASSED&#xD;
&#xD;
2020-09-17 18:28:58 - [MESSAGE][PASSED] - Modify property of object successfully&#xD;
&#xD;
2020-09-17 18:29:04 - [MESSAGE][PASSED] - Text 'https://www.architectureanddesign.com.au/getmedia/c8ff84b0-2c58-4ddd-84d5-d5e51ea40171/Futureflip_Duplex.aspx?width=1000&amp;height=750&amp;ext=.jpg' is set on object 'Object Repository/WEB_OBJECTS/mediaURL'&#xD;
&#xD;
2020-09-17 18:29:10 - [MESSAGE][PASSED] - Text 'Duplex' is set on object 'Object Repository/WEB_OBJECTS/input'&#xD;
&#xD;
2020-09-17 18:29:31 - [MESSAGE][INFO] - Unable to find the element located by 'By.xpath: (//div[@class='carousel-main']//button[@type='primary'])[2]'. Please recheck the objects properties to make sure the desired element is located. &#xD;
&#xD;
2020-09-17 18:29:31 - [MESSAGE][WARNING] - Object 'Object Repository/WEB_OBJECTS/button' is not present after 20 second(s)&#xD;
&#xD;
2020-09-17 18:29:35 - [MESSAGE][PASSED] - Object 'Object Repository/WEB_OBJECTS/popUp' is present&#xD;
&#xD;
2020-09-17 18:29:35 - [MESSAGE][PASSED] - Modify property of object successfully&#xD;
&#xD;
2020-09-17 18:29:38 - [MESSAGE][PASSED] - Text 'Click to contact' is set on object 'Object Repository/WEB_OBJECTS/input'&#xD;
&#xD;
2020-09-17 18:29:42 - [MESSAGE][PASSED] - Text 'How can I contact this property?' is set on object 'Object Repository/WEB_OBJECTS/payload'&#xD;
&#xD;
2020-09-17 18:29:45 - [MESSAGE][PASSED] - platform.ResponseDesigner.configureCarouselResponse is PASSED&#xD;
&#xD;
2020-09-17 18:29:45 - [TEST_STEP][PASSED] - if (testData.getValue("indp_carousel_header", count + 1) == ""): null&#xD;
&#xD;
2020-09-17 18:29:45 - [TEST_STEP][PASSED] - break: null&#xD;
&#xD;
2020-09-17 18:29:45 - [TEST_STEP][PASSED] - platform.Articles.saveAndTrainArticleToExistingCategory(" Unassigned "): platform.Articles.saveAndTrainArticleToExistingCategory is PASSED&#xD;
&#xD;
2020-09-17 18:29:54 - [MESSAGE][PASSED] - platform.Articles.saveAndTrainArticleToExistingCategory is PASSED&#xD;
&#xD;
2020-09-17 18:29:54 - [TEST_STEP][PASSED] - waitForElementPresent(findTestObject("ICONS/toastMsg"), 20, STOP_ON_FAILURE): Object 'Object Repository/ICONS/toastMsg' is present&#xD;
&#xD;
2020-09-17 18:30:00 - [MESSAGE][PASSED] - Object 'Object Repository/ICONS/toastMsg' is present&#xD;
&#xD;
2020-09-17 18:30:00 - [TEST_STEP][PASSED] - platform.Articles.createNewArticle(testData, testData.getValue("carousel_question", 3)): platform.Articles.createNewArticle is PASSED&#xD;
&#xD;
2020-09-17 18:30:05 - [MESSAGE][PASSED] - Keys 'apartments in gated community' sent to object: 'Object Repository/Input/defaultQuestion'&#xD;
&#xD;
2020-09-17 18:30:05 - [MESSAGE][PASSED] - platform.Articles.createNewArticle is PASSED&#xD;
&#xD;
2020-09-17 18:30:05 - [TEST_STEP][PASSED] - platform.Method.clickOnElement(findTestObject("NewRepo/carousel")): platform.Method.clickOnElement is PASSED&#xD;
&#xD;
2020-09-17 18:30:08 - [MESSAGE][PASSED] - platform.Method.clickOnElement is PASSED&#xD;
&#xD;
2020-09-17 18:30:08 - [TEST_STEP][PASSED] - platform.ResponseDesigner.deleteDefaultTextTemplate(): platform.ResponseDesigner.deleteDefaultTextTemplate is PASSED&#xD;
&#xD;
2020-09-17 18:30:10 - [MESSAGE][PASSED] - Scroll to object 'Object Repository/WEB_OBJECTS/trashIcon' successfully&#xD;
&#xD;
2020-09-17 18:30:13 - [MESSAGE][PASSED] - Object 'Object Repository/WEB_OBJECTS/trashIcon' is visible&#xD;
&#xD;
2020-09-17 18:30:15 - [MESSAGE][PASSED] - platform.ResponseDesigner.deleteDefaultTextTemplate is PASSED&#xD;
&#xD;
2020-09-17 18:30:15 - [TEST_STEP][PASSED] - for ([count = 1, count &lt;= testData.getRowNumbers(), (count++)]): null&#xD;
&#xD;
2020-09-17 18:30:15 - [TEST_STEP][PASSED] - platform.ResponseDesigner.configureCarouselResponse(count, null, testData.getValue("bhk_carousel_url", count), testData.getValue("bhk_carousel_header", count), testData.getValue("carousel_payload_label", count), testData.getValue("carousel_payload_question", count)): platform.ResponseDesigner.configureCarouselResponse is PASSED&#xD;
&#xD;
2020-09-17 18:30:17 - [MESSAGE][PASSED] - Modify property of object successfully&#xD;
&#xD;
2020-09-17 18:30:22 - [MESSAGE][PASSED] - Text 'https://cdn.home-designing.com/wp-content/uploads/2014/06/Springs-Apartment-Layout.jpg' is set on object 'Object Repository/WEB_OBJECTS/mediaURL'&#xD;
&#xD;
2020-09-17 18:30:28 - [MESSAGE][PASSED] - Text '2BHK' is set on object 'Object Repository/WEB_OBJECTS/input'&#xD;
&#xD;
2020-09-17 18:30:29 - [MESSAGE][PASSED] - Object 'Object Repository/WEB_OBJECTS/button' is present&#xD;
&#xD;
2020-09-17 18:30:33 - [MESSAGE][PASSED] - Object 'Object Repository/WEB_OBJECTS/popUp' is present&#xD;
&#xD;
2020-09-17 18:30:33 - [MESSAGE][PASSED] - Modify property of object successfully&#xD;
&#xD;
2020-09-17 18:30:36 - [MESSAGE][PASSED] - Text 'Contact here!' is set on object 'Object Repository/WEB_OBJECTS/input'&#xD;
&#xD;
2020-09-17 18:30:40 - [MESSAGE][PASSED] - Text 'How can I contact this property?' is set on object 'Object Repository/WEB_OBJECTS/payload'&#xD;
&#xD;
2020-09-17 18:30:43 - [MESSAGE][PASSED] - platform.ResponseDesigner.configureCarouselResponse is PASSED&#xD;
&#xD;
2020-09-17 18:30:43 - [TEST_STEP][PASSED] - if (testData.getValue("bhk_carousel_header", count + 1) == ""): null&#xD;
&#xD;
2020-09-17 18:30:43 - [TEST_STEP][PASSED] - else: platform.Method.clickOnElement is PASSED&#xD;
&#xD;
2020-09-17 18:30:43 - [TEST_STEP][PASSED] - platform.Method.clickOnElement(findTestObject("ICONS/addCarousel")): platform.Method.clickOnElement is PASSED&#xD;
&#xD;
2020-09-17 18:30:45 - [MESSAGE][PASSED] - platform.Method.clickOnElement is PASSED&#xD;
&#xD;
2020-09-17 18:30:45 - [TEST_STEP][PASSED] - platform.ResponseDesigner.configureCarouselResponse(count, null, testData.getValue("bhk_carousel_url", count), testData.getValue("bhk_carousel_header", count), testData.getValue("carousel_payload_label", count), testData.getValue("carousel_payload_question", count)): platform.ResponseDesigner.configureCarouselResponse is PASSED&#xD;
&#xD;
2020-09-17 18:30:48 - [MESSAGE][PASSED] - Modify property of object successfully&#xD;
&#xD;
2020-09-17 18:30:54 - [MESSAGE][PASSED] - Text 'https://thearchitectsdiary.com/wp-content/uploads/2017/12/IMGL2438-copy-Large.jpg' is set on object 'Object Repository/WEB_OBJECTS/mediaURL'&#xD;
&#xD;
2020-09-17 18:31:00 - [MESSAGE][PASSED] - Text '3BHK' is set on object 'Object Repository/WEB_OBJECTS/input'&#xD;
&#xD;
2020-09-17 18:31:22 - [MESSAGE][INFO] - Unable to find the element located by 'By.xpath: (//div[@class='carousel-main']//button[@type='primary'])[2]'. Please recheck the objects properties to make sure the desired element is located. &#xD;
&#xD;
2020-09-17 18:31:22 - [MESSAGE][WARNING] - Object 'Object Repository/WEB_OBJECTS/button' is not present after 20 second(s)&#xD;
&#xD;
2020-09-17 18:31:25 - [MESSAGE][PASSED] - Object 'Object Repository/WEB_OBJECTS/popUp' is present&#xD;
&#xD;
2020-09-17 18:31:25 - [MESSAGE][PASSED] - Modify property of object successfully&#xD;
&#xD;
2020-09-17 18:31:29 - [MESSAGE][PASSED] - Text 'Click to contact' is set on object 'Object Repository/WEB_OBJECTS/input'&#xD;
&#xD;
2020-09-17 18:31:33 - [MESSAGE][PASSED] - Text 'How can I contact this property?' is set on object 'Object Repository/WEB_OBJECTS/payload'&#xD;
&#xD;
2020-09-17 18:31:35 - [MESSAGE][PASSED] - platform.ResponseDesigner.configureCarouselResponse is PASSED&#xD;
&#xD;
2020-09-17 18:31:35 - [TEST_STEP][PASSED] - if (testData.getValue("bhk_carousel_header", count + 1) == ""): null&#xD;
&#xD;
2020-09-17 18:31:35 - [TEST_STEP][PASSED] - break: null&#xD;
&#xD;
2020-09-17 18:31:35 - [TEST_STEP][PASSED] - platform.Articles.saveAndTrainArticleToExistingCategory(" Unassigned "): platform.Articles.saveAndTrainArticleToExistingCategory is PASSED&#xD;
&#xD;
2020-09-17 18:31:45 - [MESSAGE][PASSED] - platform.Articles.saveAndTrainArticleToExistingCategory is PASSED&#xD;
&#xD;
2020-09-17 18:31:45 - [TEST_STEP][PASSED] - waitForElementPresent(findTestObject("ICONS/toastMsg"), 20, STOP_ON_FAILURE): Object 'Object Repository/ICONS/toastMsg' is present&#xD;
&#xD;
2020-09-17 18:31:51 - [MESSAGE][PASSED] - Object 'Object Repository/ICONS/toastMsg' is present</system-out>
            <system-err></system-err>
        </testcase>
        <testcase name="Test Cases/SetUp/setUpCustomSyn_ShareablePreview3" classname="Test Cases/SetUp/setUpCustomSyn_ShareablePreview3" status="PASSED">
            <system-out>2020-09-17 18:31:51 - [TEST_CASE][PASSED] - Test Cases/SetUp/setUpCustomSyn_ShareablePreview3: Test Cases/SetUp/setUpCustomSyn_ShareablePreview3&#xD;
&#xD;
2020-09-17 18:31:51 - [TEST_STEP][PASSED] - platform.Method.clickOnElement(findTestObject("Generic/articles")): platform.Method.clickOnElement is PASSED&#xD;
&#xD;
2020-09-17 18:31:54 - [MESSAGE][PASSED] - platform.Method.clickOnElement is PASSED&#xD;
&#xD;
2020-09-17 18:31:54 - [TEST_STEP][PASSED] - testData = findTestData("Data Files/testData_Dummy"): null&#xD;
&#xD;
2020-09-17 18:31:54 - [TEST_STEP][PASSED] - platform.Articles.createNewArticle(testData, testData.getValue("article_default_question", 3)): platform.Articles.createNewArticle is PASSED&#xD;
&#xD;
2020-09-17 18:31:59 - [MESSAGE][PASSED] - Keys 'Looking for property on rent' sent to object: 'Object Repository/Input/defaultQuestion'&#xD;
&#xD;
2020-09-17 18:31:59 - [MESSAGE][PASSED] - platform.Articles.createNewArticle is PASSED&#xD;
&#xD;
2020-09-17 18:31:59 - [TEST_STEP][PASSED] - platform.Method.clickOnElement(findTestObject("ICONS/quickReply")): platform.Method.clickOnElement is PASSED&#xD;
&#xD;
2020-09-17 18:32:02 - [MESSAGE][PASSED] - platform.Method.clickOnElement is PASSED&#xD;
&#xD;
2020-09-17 18:32:02 - [TEST_STEP][PASSED] - platform.ResponseDesigner.deleteDefaultTextTemplate(): platform.ResponseDesigner.deleteDefaultTextTemplate is PASSED&#xD;
&#xD;
2020-09-17 18:32:04 - [MESSAGE][PASSED] - Scroll to object 'Object Repository/WEB_OBJECTS/trashIcon' successfully&#xD;
&#xD;
2020-09-17 18:32:06 - [MESSAGE][PASSED] - Object 'Object Repository/WEB_OBJECTS/trashIcon' is visible&#xD;
&#xD;
2020-09-17 18:32:09 - [MESSAGE][PASSED] - platform.ResponseDesigner.deleteDefaultTextTemplate is PASSED&#xD;
&#xD;
2020-09-17 18:32:09 - [TEST_STEP][PASSED] - platform.ResponseDesigner.configureQuickReplyResponse(testData.getValue("quick_reply", 1)): platform.ResponseDesigner.configureQuickReplyResponse is PASSED&#xD;
&#xD;
2020-09-17 18:32:13 - [MESSAGE][PASSED] - Text 'Please select your property type' is set on object 'Object Repository/WEB_OBJECTS/textArea'&#xD;
&#xD;
2020-09-17 18:32:13 - [MESSAGE][PASSED] - platform.ResponseDesigner.configureQuickReplyResponse is PASSED&#xD;
&#xD;
2020-09-17 18:32:13 - [TEST_STEP][PASSED] - for ([count = 1, count &lt;= testData.getRowNumbers(), (count++)]): null&#xD;
&#xD;
2020-09-17 18:32:13 - [TEST_STEP][PASSED] - platform.ResponseDesigner.addQuickReplyButton(): platform.ResponseDesigner.addQuickReplyButton is PASSED&#xD;
&#xD;
2020-09-17 18:32:16 - [MESSAGE][PASSED] - platform.ResponseDesigner.addQuickReplyButton is PASSED&#xD;
&#xD;
2020-09-17 18:32:16 - [TEST_STEP][PASSED] - platform.ResponseDesigner.configureBtnPopUp("faq", testData.getValue("quick_reply_title", count), testData.getValue("carousel_question", count)): platform.ResponseDesigner.configureBtnPopUp is PASSED&#xD;
&#xD;
2020-09-17 18:32:16 - [MESSAGE][PASSED] - Modify property of object successfully&#xD;
&#xD;
2020-09-17 18:32:19 - [MESSAGE][PASSED] - Text 'Studio apartment' is set on object 'Object Repository/WEB_OBJECTS/input'&#xD;
&#xD;
2020-09-17 18:32:20 - [MESSAGE][PASSED] - Object 'Object Repository/WEB_OBJECTS/linkPayload' is present&#xD;
&#xD;
2020-09-17 18:32:26 - [MESSAGE][PASSED] - Text 'Article Search' is present on page &#xD;
&#xD;
2020-09-17 18:32:29 - [MESSAGE][PASSED] - Text 'Search and select the article to be configured as payload' is present on page &#xD;
&#xD;
2020-09-17 18:32:32 - [MESSAGE][PASSED] - Keys 'show me all service type apartment' sent to object: 'Object Repository/WEB_OBJECTS/searchField'&#xD;
&#xD;
2020-09-17 18:32:34 - [MESSAGE][PASSED] - Object 'Object Repository/Generic/searchResult' is present&#xD;
&#xD;
2020-09-17 18:32:38 - [MESSAGE][PASSED] - platform.ResponseDesigner.configureBtnPopUp is PASSED&#xD;
&#xD;
2020-09-17 18:32:38 - [TEST_STEP][PASSED] - if (testData.getValue("quick_reply_title", count + 1) == ""): null&#xD;
&#xD;
2020-09-17 18:32:38 - [TEST_STEP][PASSED] - platform.ResponseDesigner.addQuickReplyButton(): platform.ResponseDesigner.addQuickReplyButton is PASSED&#xD;
&#xD;
2020-09-17 18:32:41 - [MESSAGE][PASSED] - platform.ResponseDesigner.addQuickReplyButton is PASSED&#xD;
&#xD;
2020-09-17 18:32:41 - [TEST_STEP][PASSED] - platform.ResponseDesigner.configureBtnPopUp("faq", testData.getValue("quick_reply_title", count), testData.getValue("carousel_question", count)): platform.ResponseDesigner.configureBtnPopUp is PASSED&#xD;
&#xD;
2020-09-17 18:32:41 - [MESSAGE][PASSED] - Modify property of object successfully&#xD;
&#xD;
2020-09-17 18:32:44 - [MESSAGE][PASSED] - Text 'Villa/Duplex' is set on object 'Object Repository/WEB_OBJECTS/input'&#xD;
&#xD;
2020-09-17 18:32:46 - [MESSAGE][PASSED] - Object 'Object Repository/WEB_OBJECTS/linkPayload' is present&#xD;
&#xD;
2020-09-17 18:32:51 - [MESSAGE][PASSED] - Text 'Article Search' is present on page &#xD;
&#xD;
2020-09-17 18:32:55 - [MESSAGE][PASSED] - Text 'Search and select the article to be configured as payload' is present on page &#xD;
&#xD;
2020-09-17 18:32:58 - [MESSAGE][PASSED] - Keys 'villas or duplex type property' sent to object: 'Object Repository/WEB_OBJECTS/searchField'&#xD;
&#xD;
2020-09-17 18:32:59 - [MESSAGE][PASSED] - Object 'Object Repository/Generic/searchResult' is present&#xD;
&#xD;
2020-09-17 18:33:04 - [MESSAGE][PASSED] - platform.ResponseDesigner.configureBtnPopUp is PASSED&#xD;
&#xD;
2020-09-17 18:33:04 - [TEST_STEP][PASSED] - if (testData.getValue("quick_reply_title", count + 1) == ""): null&#xD;
&#xD;
2020-09-17 18:33:04 - [TEST_STEP][PASSED] - platform.ResponseDesigner.addQuickReplyButton(): platform.ResponseDesigner.addQuickReplyButton is PASSED&#xD;
&#xD;
2020-09-17 18:33:06 - [MESSAGE][PASSED] - platform.ResponseDesigner.addQuickReplyButton is PASSED&#xD;
&#xD;
2020-09-17 18:33:06 - [TEST_STEP][PASSED] - platform.ResponseDesigner.configureBtnPopUp("faq", testData.getValue("quick_reply_title", count), testData.getValue("carousel_question", count)): platform.ResponseDesigner.configureBtnPopUp is PASSED&#xD;
&#xD;
2020-09-17 18:33:06 - [MESSAGE][PASSED] - Modify property of object successfully&#xD;
&#xD;
2020-09-17 18:33:10 - [MESSAGE][PASSED] - Text 'Flat' is set on object 'Object Repository/WEB_OBJECTS/input'&#xD;
&#xD;
2020-09-17 18:33:11 - [MESSAGE][PASSED] - Object 'Object Repository/WEB_OBJECTS/linkPayload' is present&#xD;
&#xD;
2020-09-17 18:33:16 - [MESSAGE][PASSED] - Text 'Article Search' is present on page &#xD;
&#xD;
2020-09-17 18:33:19 - [MESSAGE][PASSED] - Text 'Search and select the article to be configured as payload' is present on page &#xD;
&#xD;
2020-09-17 18:33:22 - [MESSAGE][PASSED] - Keys 'apartments in gated community' sent to object: 'Object Repository/WEB_OBJECTS/searchField'&#xD;
&#xD;
2020-09-17 18:33:23 - [MESSAGE][PASSED] - Object 'Object Repository/Generic/searchResult' is present&#xD;
&#xD;
2020-09-17 18:33:28 - [MESSAGE][PASSED] - platform.ResponseDesigner.configureBtnPopUp is PASSED&#xD;
&#xD;
2020-09-17 18:33:28 - [TEST_STEP][PASSED] - if (testData.getValue("quick_reply_title", count + 1) == ""): null&#xD;
&#xD;
2020-09-17 18:33:28 - [TEST_STEP][PASSED] - break: null&#xD;
&#xD;
2020-09-17 18:33:28 - [TEST_STEP][PASSED] - platform.Articles.saveAndTrainArticleToNewCategory(testData.getValue("category", 3)): platform.Articles.saveAndTrainArticleToNewCategory is PASSED&#xD;
&#xD;
2020-09-17 18:33:36 - [MESSAGE][PASSED] - Keys 'Real estate' sent to object: 'Object Repository/Input/newCategoryName'&#xD;
&#xD;
2020-09-17 18:33:38 - [MESSAGE][PASSED] - platform.Articles.saveAndTrainArticleToNewCategory is PASSED&#xD;
&#xD;
2020-09-17 18:33:38 - [TEST_STEP][PASSED] - waitForElementPresent(findTestObject("ICONS/toastMsg"), 20, STOP_ON_FAILURE): Object 'Object Repository/ICONS/toastMsg' is present&#xD;
&#xD;
2020-09-17 18:33:45 - [MESSAGE][PASSED] - Object 'Object Repository/ICONS/toastMsg' is present&#xD;
&#xD;
2020-09-17 18:33:45 - [TEST_STEP][PASSED] - platform.Articles.createNewArticle(testData, "मैं कुछ सुखदायक संगीत सुनना चाहता हूं"): platform.Articles.createNewArticle is PASSED&#xD;
&#xD;
2020-09-17 18:33:51 - [MESSAGE][PASSED] - Keys 'मैं कुछ सुखदायक संगीत सुनना चाहता हूं' sent to object: 'Object Repository/Input/defaultQuestion'&#xD;
&#xD;
2020-09-17 18:33:51 - [MESSAGE][PASSED] - platform.Articles.createNewArticle is PASSED&#xD;
&#xD;
2020-09-17 18:33:51 - [TEST_STEP][PASSED] - platform.ResponseDesigner.configureMediaResponse("audio", "https://file-examples.com/wp-content/uploads/2017/11/file_example_MP3_700KB.mp3"): platform.ResponseDesigner.configureMediaResponse is PASSED&#xD;
&#xD;
2020-09-17 18:33:59 - [MESSAGE][PASSED] - Text 'https://file-examples.com/wp-content/uploads/2017/11/file_example_MP3_700KB.mp3' is set on object 'Object Repository/WEB_OBJECTS/mediaURL'&#xD;
&#xD;
2020-09-17 18:33:59 - [MESSAGE][PASSED] - platform.ResponseDesigner.configureMediaResponse is PASSED&#xD;
&#xD;
2020-09-17 18:33:59 - [TEST_STEP][PASSED] - platform.ResponseDesigner.deleteDefaultTextTemplate(): platform.ResponseDesigner.deleteDefaultTextTemplate is PASSED&#xD;
&#xD;
2020-09-17 18:34:01 - [MESSAGE][PASSED] - Scroll to object 'Object Repository/WEB_OBJECTS/trashIcon' successfully&#xD;
&#xD;
2020-09-17 18:34:03 - [MESSAGE][PASSED] - Object 'Object Repository/WEB_OBJECTS/trashIcon' is visible&#xD;
&#xD;
2020-09-17 18:34:06 - [MESSAGE][PASSED] - platform.ResponseDesigner.deleteDefaultTextTemplate is PASSED&#xD;
&#xD;
2020-09-17 18:34:06 - [TEST_STEP][PASSED] - platform.Articles.saveAndTrainArticleToExistingCategory(" Unassigned "): platform.Articles.saveAndTrainArticleToExistingCategory is PASSED&#xD;
&#xD;
2020-09-17 18:34:15 - [MESSAGE][PASSED] - platform.Articles.saveAndTrainArticleToExistingCategory is PASSED&#xD;
&#xD;
2020-09-17 18:34:15 - [TEST_STEP][PASSED] - waitForElementPresent(findTestObject("ICONS/toastMsg"), 20, STOP_ON_FAILURE): Object 'Object Repository/ICONS/toastMsg' is present&#xD;
&#xD;
2020-09-17 18:34:21 - [MESSAGE][PASSED] - Object 'Object Repository/ICONS/toastMsg' is present&#xD;
&#xD;
2020-09-17 18:34:21 - [TEST_STEP][PASSED] - platform.Articles.createNewArticle(testData, "عرض فيديو مثير للاهتمام"): platform.Articles.createNewArticle is PASSED&#xD;
&#xD;
2020-09-17 18:34:26 - [MESSAGE][PASSED] - Keys 'عرض فيديو مثير للاهتمام' sent to object: 'Object Repository/Input/defaultQuestion'&#xD;
&#xD;
2020-09-17 18:34:26 - [MESSAGE][PASSED] - platform.Articles.createNewArticle is PASSED&#xD;
&#xD;
2020-09-17 18:34:26 - [TEST_STEP][PASSED] - platform.ResponseDesigner.configureMediaResponse("video", "https://file-examples.com/wp-content/uploads/2017/04/file_example_MP4_480_1_5MG.mp4"): platform.ResponseDesigner.configureMediaResponse is PASSED&#xD;
&#xD;
2020-09-17 18:34:34 - [MESSAGE][PASSED] - Text 'https://file-examples.com/wp-content/uploads/2017/04/file_example_MP4_480_1_5MG.mp4' is set on object 'Object Repository/WEB_OBJECTS/mediaURL'&#xD;
&#xD;
2020-09-17 18:34:34 - [MESSAGE][PASSED] - platform.ResponseDesigner.configureMediaResponse is PASSED&#xD;
&#xD;
2020-09-17 18:34:34 - [TEST_STEP][PASSED] - platform.ResponseDesigner.deleteDefaultTextTemplate(): platform.ResponseDesigner.deleteDefaultTextTemplate is PASSED&#xD;
&#xD;
2020-09-17 18:34:36 - [MESSAGE][PASSED] - Scroll to object 'Object Repository/WEB_OBJECTS/trashIcon' successfully&#xD;
&#xD;
2020-09-17 18:34:39 - [MESSAGE][PASSED] - Object 'Object Repository/WEB_OBJECTS/trashIcon' is visible&#xD;
&#xD;
2020-09-17 18:34:41 - [MESSAGE][PASSED] - platform.ResponseDesigner.deleteDefaultTextTemplate is PASSED&#xD;
&#xD;
2020-09-17 18:34:41 - [TEST_STEP][PASSED] - platform.Articles.saveAndTrainArticleToExistingCategory(" Unassigned "): platform.Articles.saveAndTrainArticleToExistingCategory is PASSED&#xD;
&#xD;
2020-09-17 18:34:51 - [MESSAGE][PASSED] - platform.Articles.saveAndTrainArticleToExistingCategory is PASSED&#xD;
&#xD;
2020-09-17 18:34:51 - [TEST_STEP][PASSED] - waitForElementPresent(findTestObject("ICONS/toastMsg"), 20, STOP_ON_FAILURE): Object 'Object Repository/ICONS/toastMsg' is present&#xD;
&#xD;
2020-09-17 18:34:58 - [MESSAGE][PASSED] - Object 'Object Repository/ICONS/toastMsg' is present&#xD;
&#xD;
2020-09-17 18:34:58 - [TEST_STEP][PASSED] - platform.Articles.selectFromKebabMenu(findTestObject("Button/importIcon"), "Import From CSV"): platform.Articles.selectFromKebabMenu is PASSED&#xD;
&#xD;
2020-09-17 18:35:00 - [MESSAGE][PASSED] - Object 'Object Repository/Button/kebabMenu' is clickable&#xD;
&#xD;
2020-09-17 18:35:03 - [MESSAGE][INFO] - Selected value: Import From CSV&#xD;
&#xD;
2020-09-17 18:35:05 - [MESSAGE][PASSED] - platform.Articles.selectFromKebabMenu is PASSED&#xD;
&#xD;
2020-09-17 18:35:05 - [TEST_STEP][PASSED] - platform.Method.uploadCsvFile(false, "faq_CS.csv"): platform.Method.uploadCsvFile is PASSED&#xD;
&#xD;
2020-09-17 18:35:05 - [MESSAGE][INFO] - PREVIOUS DATA NOT BE OVERRIDDEN&#xD;
&#xD;
2020-09-17 18:35:07 - [MESSAGE][PASSED] - File 'D:/IMIbot.ai-Project/Collection/faq_CS.csv' sent to object: 'Object Repository/Input/uploadFile'&#xD;
&#xD;
2020-09-17 18:35:10 - [MESSAGE][PASSED] - platform.Method.uploadCsvFile is PASSED&#xD;
&#xD;
2020-09-17 18:35:10 - [TEST_STEP][PASSED] - platform.Method.trainAndComment("imported hindi arabic article"): platform.Method.trainAndComment is PASSED&#xD;
&#xD;
2020-09-17 18:35:17 - [MESSAGE][PASSED] - Keys 'imported hindi arabic article' sent to object: 'Object Repository/Input/comment'&#xD;
&#xD;
2020-09-17 18:35:20 - [MESSAGE][PASSED] - platform.Method.trainAndComment is PASSED</system-out>
            <system-err></system-err>
        </testcase>
        <system-out>2020-09-17 18:24:08 - [TEST_SUITE][INCOMPLETE] - shareablepreview: null</system-out>
        <system-err>2020-09-17 18:24:08 - [TEST_SUITE][INCOMPLETE] - shareablepreview: null</system-err>
    </testsuite>
</testsuites>
