<?xml version="1.0" encoding="UTF-8" standalone="yes"?>
<testsuites name="generic" time="227" tests="5" failures="0" errors="0">
    <testsuite name="generic" tests="5" failures="0" errors="0" time="227" timestamp="2020-09-21 10:07:39" hostname="narendra.n - WLPT580.imidomain.com" id="Test Suites/generic">
        <properties>
            <property name="deviceName" value=""/>
            <property name="devicePlatform" value=""/>
            <property name="logFolder" value="D:\\IMIbot.ai-Project\\Reports\\20200921_100729\\generic\\20200921_100729"/>
            <property name="logFiles" value="D:\\IMIbot.ai-Project\\Reports\\20200921_100729\\generic\\20200921_100729\\execution0.log"/>
            <property name="attachments" value=""/>
            <property name="hostName" value="narendra.n - WLPT580.imidomain.com"/>
            <property name="os" value="Windows 8.1 64bit"/>
            <property name="katalonVersion" value="6.3.3.11"/>
            <property name="browser" value="Chrome 85.0.4183.102"/>
            <property name="hostAddress" value="192.168.29.195"/>
            <property name="sessionId" value="a5590236f447481724c0503174d6719b"/>
            <property name="seleniumVersion" value="3.141.59"/>
            <property name="proxyInformation" value="ProxyInformation{proxyOption=NO_PROXY, proxyServerType=HTTP, password=, proxyServerAddress=, proxyServerPort=0}"/>
            <property name="platform" value="Windows 8.1"/>
        </properties>
        <testcase name="Test Cases/Generic/botPageAndHeaderAccess_Test" classname="Test Cases/Generic/botPageAndHeaderAccess_Test" status="PASSED">
            <system-out>2020-09-21 10:08:23 - [TEST_CASE][PASSED] - Test Cases/Generic/botPageAndHeaderAccess_Test: Test Cases/Generic/botPageAndHeaderAccess_Test&#xD;
&#xD;
2020-09-21 10:08:24 - [TEST_STEP][PASSED] - platform.Method.clickOnElement(findTestObject("Generic/webObjectWithText", ["textValue":"Dashboard"])): platform.Method.clickOnElement is PASSED&#xD;
&#xD;
2020-09-21 10:08:26 - [MESSAGE][PASSED] - platform.Method.clickOnElement is PASSED&#xD;
&#xD;
2020-09-21 10:08:26 - [TEST_STEP][PASSED] - platform.Method.clickOnElement(findTestObject("Generic/imiLogo")): platform.Method.clickOnElement is PASSED&#xD;
&#xD;
2020-09-21 10:08:29 - [MESSAGE][PASSED] - platform.Method.clickOnElement is PASSED&#xD;
&#xD;
2020-09-21 10:08:29 - [TEST_STEP][PASSED] - verifyElementPresent(findTestObject("Button/createBot"), 15, STOP_ON_FAILURE): Object 'Object Repository/Button/createBot' is present&#xD;
&#xD;
2020-09-21 10:08:30 - [MESSAGE][PASSED] - Object 'Object Repository/Button/createBot' is present&#xD;
&#xD;
2020-09-21 10:08:30 - [TEST_STEP][PASSED] - platform.Method.clickOnElement(findTestObject("Generic/webObjectWithText", ["textValue":"Knowledge"])): platform.Method.clickOnElement is PASSED&#xD;
&#xD;
2020-09-21 10:08:33 - [MESSAGE][PASSED] - platform.Method.clickOnElement is PASSED&#xD;
&#xD;
2020-09-21 10:08:33 - [TEST_STEP][PASSED] - verifyElementText(findTestObject("Generic/kbHeader"), "Enterprise Knowledge Base", OPTIONAL): Actual text and expected text of test object 'Object Repository/Generic/kbHeader' are matched.&#xD;
&#xD;
2020-09-21 10:08:35 - [MESSAGE][PASSED] - Actual text and expected text of test object 'Object Repository/Generic/kbHeader' are matched.&#xD;
&#xD;
2020-09-21 10:08:35 - [TEST_STEP][PASSED] - platform.Method.clickOnElement(findTestObject("Generic/imiLogo")): platform.Method.clickOnElement is PASSED&#xD;
&#xD;
2020-09-21 10:08:40 - [MESSAGE][PASSED] - platform.Method.clickOnElement is PASSED&#xD;
&#xD;
2020-09-21 10:08:40 - [TEST_STEP][PASSED] - verifyElementPresent(findTestObject("Button/createBot"), 15, STOP_ON_FAILURE): Object 'Object Repository/Button/createBot' is present&#xD;
&#xD;
2020-09-21 10:08:44 - [MESSAGE][PASSED] - Object 'Object Repository/Button/createBot' is present&#xD;
&#xD;
2020-09-21 10:08:44 - [TEST_STEP][PASSED] - platform.Method.clickOnElement(findTestObject("Generic/webObjectWithText", ["textValue":"Analytics"])): platform.Method.clickOnElement is PASSED&#xD;
&#xD;
2020-09-21 10:08:46 - [MESSAGE][PASSED] - platform.Method.clickOnElement is PASSED&#xD;
&#xD;
2020-09-21 10:08:46 - [TEST_STEP][PASSED] - platform.Method.clickOnElement(findTestObject("Generic/imiLogo")): platform.Method.clickOnElement is PASSED&#xD;
&#xD;
2020-09-21 10:08:52 - [MESSAGE][PASSED] - platform.Method.clickOnElement is PASSED&#xD;
&#xD;
2020-09-21 10:08:52 - [TEST_STEP][PASSED] - verifyElementPresent(findTestObject("Button/createBot"), 15, STOP_ON_FAILURE): Object 'Object Repository/Button/createBot' is present&#xD;
&#xD;
2020-09-21 10:08:56 - [MESSAGE][PASSED] - Object 'Object Repository/Button/createBot' is present&#xD;
&#xD;
2020-09-21 10:08:56 - [TEST_STEP][PASSED] - platform.Method.clickOnElement(findTestObject("Generic/webObjectWithText", ["textValue":"Reports"])): platform.Method.clickOnElement is PASSED&#xD;
&#xD;
2020-09-21 10:08:58 - [MESSAGE][PASSED] - platform.Method.clickOnElement is PASSED&#xD;
&#xD;
2020-09-21 10:08:58 - [TEST_STEP][PASSED] - verifyElementClickable(findTestObject("Button/newReport"), STOP_ON_FAILURE): Object 'Object Repository/Button/newReport' is clickable&#xD;
&#xD;
2020-09-21 10:09:01 - [MESSAGE][PASSED] - Object 'Object Repository/Button/newReport' is clickable&#xD;
&#xD;
2020-09-21 10:09:01 - [TEST_STEP][PASSED] - platform.Method.clickOnElement(findTestObject("Generic/imiLogo")): platform.Method.clickOnElement is PASSED&#xD;
&#xD;
2020-09-21 10:09:06 - [MESSAGE][PASSED] - platform.Method.clickOnElement is PASSED&#xD;
&#xD;
2020-09-21 10:09:06 - [TEST_STEP][PASSED] - verifyElementPresent(findTestObject("Button/createBot"), 15, STOP_ON_FAILURE): Object 'Object Repository/Button/createBot' is present&#xD;
&#xD;
2020-09-21 10:09:09 - [MESSAGE][PASSED] - Object 'Object Repository/Button/createBot' is present&#xD;
&#xD;
2020-09-21 10:09:09 - [TEST_STEP][PASSED] - platform.Method.clickOnElement(findTestObject("Generic/webObjectWithText", ["textValue":"Task bots"])): platform.Method.clickOnElement is PASSED&#xD;
&#xD;
2020-09-21 10:09:12 - [MESSAGE][PASSED] - platform.Method.clickOnElement is PASSED&#xD;
&#xD;
2020-09-21 10:09:12 - [TEST_STEP][PASSED] - comment("Verification of Task bots"): Verification of Task bots&#xD;
&#xD;
2020-09-21 10:09:12 - [MESSAGE][INFO] - Verification of Task bots&#xD;
&#xD;
2020-09-21 10:09:12 - [TEST_STEP][PASSED] - verifyElementPresent(findTestObject("Button/createBot"), 20, STOP_ON_FAILURE): Object 'Object Repository/Button/createBot' is present&#xD;
&#xD;
2020-09-21 10:09:13 - [MESSAGE][PASSED] - Object 'Object Repository/Button/createBot' is present&#xD;
&#xD;
2020-09-21 10:09:13 - [TEST_STEP][PASSED] - platform.Method.clickOnElement(findTestObject("Generic/webObjectWithText", ["textValue":"Smart bots"])): platform.Method.clickOnElement is PASSED&#xD;
&#xD;
2020-09-21 10:09:16 - [MESSAGE][PASSED] - platform.Method.clickOnElement is PASSED&#xD;
&#xD;
2020-09-21 10:09:16 - [TEST_STEP][PASSED] - comment("Verification of Smart bots"): Verification of Smart bots&#xD;
&#xD;
2020-09-21 10:09:16 - [MESSAGE][INFO] - Verification of Smart bots&#xD;
&#xD;
2020-09-21 10:09:16 - [TEST_STEP][PASSED] - verifyElementPresent(findTestObject("Button/createBot"), 20, STOP_ON_FAILURE): Object 'Object Repository/Button/createBot' is present&#xD;
&#xD;
2020-09-21 10:09:18 - [MESSAGE][PASSED] - Object 'Object Repository/Button/createBot' is present&#xD;
&#xD;
2020-09-21 10:09:18 - [TEST_STEP][PASSED] - platform.Method.clickOnElement(findTestObject("Generic/webObjectWithText", ["textValue":"Router bots"])): platform.Method.clickOnElement is PASSED&#xD;
&#xD;
2020-09-21 10:09:20 - [MESSAGE][PASSED] - platform.Method.clickOnElement is PASSED&#xD;
&#xD;
2020-09-21 10:09:20 - [TEST_STEP][PASSED] - comment("Verification of Router bots"): Verification of Router bots&#xD;
&#xD;
2020-09-21 10:09:20 - [MESSAGE][INFO] - Verification of Router bots&#xD;
&#xD;
2020-09-21 10:09:20 - [TEST_STEP][PASSED] - verifyElementPresent(findTestObject("Button/createBot"), 20, STOP_ON_FAILURE): Object 'Object Repository/Button/createBot' is present&#xD;
&#xD;
2020-09-21 10:09:22 - [MESSAGE][PASSED] - Object 'Object Repository/Button/createBot' is present&#xD;
&#xD;
2020-09-21 10:09:22 - [TEST_STEP][PASSED] - platform.Method.clickOnElement(findTestObject("Generic/webObjectWithText", ["textValue":"Pipeline bots"])): platform.Method.clickOnElement is PASSED&#xD;
&#xD;
2020-09-21 10:09:24 - [MESSAGE][PASSED] - platform.Method.clickOnElement is PASSED&#xD;
&#xD;
2020-09-21 10:09:24 - [TEST_STEP][PASSED] - comment("Verification of Pipeline bots"): Verification of Pipeline bots&#xD;
&#xD;
2020-09-21 10:09:24 - [MESSAGE][INFO] - Verification of Pipeline bots&#xD;
&#xD;
2020-09-21 10:09:24 - [TEST_STEP][PASSED] - verifyElementPresent(findTestObject("Button/createBot"), 20, STOP_ON_FAILURE): Object 'Object Repository/Button/createBot' is present&#xD;
&#xD;
2020-09-21 10:09:25 - [MESSAGE][PASSED] - Object 'Object Repository/Button/createBot' is present</system-out>
            <system-err></system-err>
        </testcase>
        <testcase name="Test Cases/Generic/adminServiceKeyFunctionality_Test" classname="Test Cases/Generic/adminServiceKeyFunctionality_Test" status="PASSED">
            <system-out>2020-09-21 10:09:26 - [TEST_CASE][PASSED] - Test Cases/Generic/adminServiceKeyFunctionality_Test: Test Cases/Generic/adminServiceKeyFunctionality_Test&#xD;
&#xD;
2020-09-21 10:09:26 - [TEST_STEP][PASSED] - mouseOver(findTestObject("Generic/userInitials")): Object: 'Object Repository/Generic/userInitials' is hovered&#xD;
&#xD;
2020-09-21 10:09:29 - [MESSAGE][PASSED] - Object: 'Object Repository/Generic/userInitials' is hovered&#xD;
&#xD;
2020-09-21 10:09:29 - [TEST_STEP][PASSED] - platform.Method.clickOnElement(findTestObject("Generic/webObjectWithText", ["textValue":"Enterprise profile"])): platform.Method.clickOnElement is PASSED&#xD;
&#xD;
2020-09-21 10:09:33 - [MESSAGE][PASSED] - platform.Method.clickOnElement is PASSED&#xD;
&#xD;
2020-09-21 10:09:33 - [TEST_STEP][PASSED] - platform.Method.clickOnElement(findTestObject("Button/newToken")): platform.Method.clickOnElement is PASSED&#xD;
&#xD;
2020-09-21 10:09:36 - [MESSAGE][PASSED] - platform.Method.clickOnElement is PASSED&#xD;
&#xD;
2020-09-21 10:09:36 - [TEST_STEP][PASSED] - description = now().toString(): null&#xD;
&#xD;
2020-09-21 10:09:36 - [TEST_STEP][PASSED] - sendKeys(findTestObject("Input/newTokenDescription"), description): Keys '2020-09-21' sent to object: 'Object Repository/Input/newTokenDescription'&#xD;
&#xD;
2020-09-21 10:09:39 - [MESSAGE][PASSED] - Keys '2020-09-21' sent to object: 'Object Repository/Input/newTokenDescription'&#xD;
&#xD;
2020-09-21 10:09:39 - [TEST_STEP][PASSED] - platform.Method.clickOnElement(findTestObject("Button/create")): platform.Method.clickOnElement is PASSED&#xD;
&#xD;
2020-09-21 10:09:41 - [MESSAGE][PASSED] - platform.Method.clickOnElement is PASSED&#xD;
&#xD;
2020-09-21 10:09:41 - [TEST_STEP][PASSED] - listOfServiceKeys = findWebElements(findTestObject("GenericII/serviceKeyList"), 5): null&#xD;
&#xD;
2020-09-21 10:09:42 - [TEST_STEP][PASSED] - assert getText().contentEquals(description) == true: null&#xD;
&#xD;
2020-09-21 10:09:43 - [TEST_STEP][PASSED] - platform.Method.clickOnElement(findTestObject("GenericII/deleteServiceKey", ["index":1])): platform.Method.clickOnElement is PASSED&#xD;
&#xD;
2020-09-21 10:09:46 - [MESSAGE][PASSED] - platform.Method.clickOnElement is PASSED&#xD;
&#xD;
2020-09-21 10:09:46 - [TEST_STEP][PASSED] - platform.Method.clickOnElement(findTestObject("Button/expire")): platform.Method.clickOnElement is PASSED&#xD;
&#xD;
2020-09-21 10:09:48 - [MESSAGE][PASSED] - platform.Method.clickOnElement is PASSED&#xD;
&#xD;
2020-09-21 10:09:48 - [TEST_STEP][PASSED] - platform.Method.clickOnElement(findTestObject("Generic/webObjectWithText", ["textValue":"Expired"])): platform.Method.clickOnElement is PASSED&#xD;
&#xD;
2020-09-21 10:09:51 - [MESSAGE][PASSED] - platform.Method.clickOnElement is PASSED&#xD;
&#xD;
2020-09-21 10:09:51 - [TEST_STEP][PASSED] - listOfExpiredServiceKeys = findWebElements(findTestObject("GenericII/serviceKeyList"), 5): null&#xD;
&#xD;
2020-09-21 10:09:53 - [TEST_STEP][PASSED] - assert getText().contentEquals(description) == true: null</system-out>
            <system-err></system-err>
        </testcase>
        <testcase name="Test Cases/Generic/adminUserManagement_Test" classname="Test Cases/Generic/adminUserManagement_Test" status="PASSED">
            <system-out>2020-09-21 10:09:54 - [TEST_CASE][PASSED] - Test Cases/Generic/adminUserManagement_Test: Test Cases/Generic/adminUserManagement_Test&#xD;
&#xD;
2020-09-21 10:09:55 - [TEST_STEP][PASSED] - platform.Method.clickOnElement(findTestObject("Generic/webObjectWithText", ["textValue":"Users"])): platform.Method.clickOnElement is PASSED&#xD;
&#xD;
2020-09-21 10:09:57 - [MESSAGE][PASSED] - platform.Method.clickOnElement is PASSED&#xD;
&#xD;
2020-09-21 10:09:57 - [TEST_STEP][PASSED] - verifyTextPresent("Users management", false, STOP_ON_FAILURE): Text 'Users management' is present on page &#xD;
&#xD;
2020-09-21 10:10:02 - [MESSAGE][PASSED] - Text 'Users management' is present on page &#xD;
&#xD;
2020-09-21 10:10:02 - [TEST_STEP][PASSED] - platform.Method.clickOnElement(findTestObject("GenericII/newUserBtn")): platform.Method.clickOnElement is PASSED&#xD;
&#xD;
2020-09-21 10:10:05 - [MESSAGE][PASSED] - platform.Method.clickOnElement is PASSED&#xD;
&#xD;
2020-09-21 10:10:05 - [TEST_STEP][PASSED] - verifyTextPresent("Add a new user to the enterprise", false, STOP_ON_FAILURE): Text 'Add a new user to the enterprise' is present on page &#xD;
&#xD;
2020-09-21 10:10:09 - [MESSAGE][PASSED] - Text 'Add a new user to the enterprise' is present on page &#xD;
&#xD;
2020-09-21 10:10:09 - [TEST_STEP][PASSED] - sendKeys(findTestObject("Input/newUserFirstName"), firstName): Keys 'JIMMY' sent to object: 'Object Repository/Input/newUserFirstName'&#xD;
&#xD;
2020-09-21 10:10:12 - [MESSAGE][PASSED] - Keys 'JIMMY' sent to object: 'Object Repository/Input/newUserFirstName'&#xD;
&#xD;
2020-09-21 10:10:12 - [TEST_STEP][PASSED] - sendKeys(findTestObject("Input/newUserLastName"), lastName): Keys 'HONDRIX' sent to object: 'Object Repository/Input/newUserLastName'&#xD;
&#xD;
2020-09-21 10:10:14 - [MESSAGE][PASSED] - Keys 'HONDRIX' sent to object: 'Object Repository/Input/newUserLastName'&#xD;
&#xD;
2020-09-21 10:10:14 - [TEST_STEP][PASSED] - platform.Method.clickOnElement(findTestObject("Generic/webObjectWithText", ["textValue":"Select role"])): platform.Method.clickOnElement is PASSED&#xD;
&#xD;
2020-09-21 10:10:17 - [MESSAGE][PASSED] - platform.Method.clickOnElement is PASSED&#xD;
&#xD;
2020-09-21 10:10:17 - [TEST_STEP][PASSED] - platform.Method.clickOnElement(findTestObject("Generic/webObjectWithText", ["textValue":" " + USER_ROLE + " "])): platform.Method.clickOnElement is PASSED&#xD;
&#xD;
2020-09-21 10:10:19 - [MESSAGE][PASSED] - platform.Method.clickOnElement is PASSED&#xD;
&#xD;
2020-09-21 10:10:19 - [TEST_STEP][PASSED] - sendKeys(findTestObject("Input/newUserEmail"), emailAddress): Keys 'jimihondrix5@gmail.com' sent to object: 'Object Repository/Input/newUserEmail'&#xD;
&#xD;
2020-09-21 10:10:22 - [MESSAGE][PASSED] - Keys 'jimihondrix5@gmail.com' sent to object: 'Object Repository/Input/newUserEmail'&#xD;
&#xD;
2020-09-21 10:10:22 - [TEST_STEP][PASSED] - verifyTextPresent("Add Bots", false, OPTIONAL): Text 'Add Bots' is present on page &#xD;
&#xD;
2020-09-21 10:10:27 - [MESSAGE][PASSED] - Text 'Add Bots' is present on page &#xD;
&#xD;
2020-09-21 10:10:27 - [TEST_STEP][PASSED] - platform.Method.clickOnElement(findTestObject("Button/addNewUser")): platform.Method.clickOnElement is PASSED&#xD;
&#xD;
2020-09-21 10:10:29 - [MESSAGE][PASSED] - platform.Method.clickOnElement is PASSED</system-out>
            <system-err></system-err>
        </testcase>
        <testcase name="Test Cases/Generic/adminRoleManagement_Test" classname="Test Cases/Generic/adminRoleManagement_Test" status="PASSED">
            <system-out>2020-09-21 10:10:29 - [TEST_CASE][PASSED] - Test Cases/Generic/adminRoleManagement_Test: Test Cases/Generic/adminRoleManagement_Test&#xD;
&#xD;
2020-09-21 10:10:30 - [TEST_STEP][PASSED] - platform.Method.clickOnElement(findTestObject("Generic/webObjectWithText", ["textValue":"Roles"])): platform.Method.clickOnElement is PASSED&#xD;
&#xD;
2020-09-21 10:10:33 - [MESSAGE][PASSED] - platform.Method.clickOnElement is PASSED&#xD;
&#xD;
2020-09-21 10:10:33 - [TEST_STEP][PASSED] - verifyElementClickable(findTestObject("Button/newRole"), STOP_ON_FAILURE): Object 'Object Repository/Button/newRole' is clickable&#xD;
&#xD;
2020-09-21 10:10:35 - [MESSAGE][PASSED] - Object 'Object Repository/Button/newRole' is clickable&#xD;
&#xD;
2020-09-21 10:10:35 - [TEST_STEP][PASSED] - platform.Method.clickOnElement(findTestObject("Button/newRole")): platform.Method.clickOnElement is PASSED&#xD;
&#xD;
2020-09-21 10:10:38 - [MESSAGE][PASSED] - platform.Method.clickOnElement is PASSED&#xD;
&#xD;
2020-09-21 10:10:38 - [TEST_STEP][PASSED] - sendKeys(findTestObject("Input/newRoleName"), ROLE_NAME): Keys 'Custom Role' sent to object: 'Object Repository/Input/newRoleName'&#xD;
&#xD;
2020-09-21 10:10:40 - [MESSAGE][PASSED] - Keys 'Custom Role' sent to object: 'Object Repository/Input/newRoleName'&#xD;
&#xD;
2020-09-21 10:10:40 - [TEST_STEP][PASSED] - platform.Method.clickOnElement(findTestObject("Generic/webObjectWithText", ["textValue":"Base role"])): platform.Method.clickOnElement is PASSED&#xD;
&#xD;
2020-09-21 10:10:42 - [MESSAGE][PASSED] - platform.Method.clickOnElement is PASSED&#xD;
&#xD;
2020-09-21 10:10:42 - [TEST_STEP][PASSED] - platform.Method.clickOnElement(findTestObject("Generic/webObjectWithText", ["textValue":typeOfUser])): platform.Method.clickOnElement is PASSED&#xD;
&#xD;
2020-09-21 10:10:45 - [MESSAGE][PASSED] - platform.Method.clickOnElement is PASSED&#xD;
&#xD;
2020-09-21 10:10:45 - [TEST_STEP][PASSED] - platform.Method.clickOnElement(findTestObject("Generic/webObjectWithText", ["textValue":permissionToUser])): platform.Method.clickOnElement is PASSED&#xD;
&#xD;
2020-09-21 10:10:47 - [MESSAGE][PASSED] - platform.Method.clickOnElement is PASSED&#xD;
&#xD;
2020-09-21 10:10:47 - [TEST_STEP][PASSED] - listOfPermissions = findWebElements(findTestObject("GenericII/listOfPermissions"), 5): null&#xD;
&#xD;
2020-09-21 10:10:49 - [TEST_STEP][PASSED] - index = &lt;not implemented yet for class: org.codehaus.groovy.ast.expr.EmptyExpression&gt;: null&#xD;
&#xD;
2020-09-21 10:10:49 - [TEST_STEP][PASSED] - for ([index = 0, index &lt; listOfPermissions.size(), (index++)]): null&#xD;
&#xD;
2020-09-21 10:10:49 - [TEST_STEP][PASSED] - getText().contains(nameOfThePermission): null&#xD;
&#xD;
2020-09-21 10:10:50 - [TEST_STEP][PASSED] - (index++): null&#xD;
&#xD;
2020-09-21 10:10:50 - [TEST_STEP][PASSED] - break: null&#xD;
&#xD;
2020-09-21 10:10:50 - [TEST_STEP][PASSED] - platform.Method.clickOnElement(findTestObject("GenericII/addPermissionBtn", ["index":index])): platform.Method.clickOnElement is PASSED&#xD;
&#xD;
2020-09-21 10:10:52 - [MESSAGE][PASSED] - platform.Method.clickOnElement is PASSED&#xD;
&#xD;
2020-09-21 10:10:52 - [TEST_STEP][PASSED] - verifyElementClickable(findTestObject("Button/createRole"), STOP_ON_FAILURE): Object 'Object Repository/Button/createRole' is clickable&#xD;
&#xD;
2020-09-21 10:10:54 - [MESSAGE][PASSED] - Object 'Object Repository/Button/createRole' is clickable&#xD;
&#xD;
2020-09-21 10:10:54 - [TEST_STEP][PASSED] - platform.Method.clickOnElement(findTestObject("Button/createRole")): platform.Method.clickOnElement is PASSED&#xD;
&#xD;
2020-09-21 10:10:56 - [MESSAGE][PASSED] - platform.Method.clickOnElement is PASSED&#xD;
&#xD;
2020-09-21 10:10:56 - [TEST_STEP][PASSED] - waitForElementPresent(findTestObject("Generic/webObjectWithText", ["textValue":ROLE_NAME]), 20, OPTIONAL): Object 'Object Repository/Generic/webObjectWithText' is present&#xD;
&#xD;
2020-09-21 10:11:01 - [MESSAGE][PASSED] - Object 'Object Repository/Generic/webObjectWithText' is present&#xD;
&#xD;
2020-09-21 10:11:01 - [TEST_STEP][PASSED] - verifyTextPresent(ROLE_NAME, false): Text 'Custom Role' is present on page &#xD;
&#xD;
2020-09-21 10:11:03 - [MESSAGE][PASSED] - Text 'Custom Role' is present on page</system-out>
            <system-err></system-err>
        </testcase>
        <testcase name="Test Cases/Generic/adminRoleDeletion_Test" classname="Test Cases/Generic/adminRoleDeletion_Test" status="PASSED">
            <system-out>2020-09-21 10:11:03 - [TEST_CASE][PASSED] - Test Cases/Generic/adminRoleDeletion_Test: Test Cases/Generic/adminRoleDeletion_Test&#xD;
&#xD;
2020-09-21 10:11:04 - [TEST_STEP][PASSED] - platform.Method.clickOnElement(findTestObject("Generic/webObjectWithText", ["textValue":"Roles"])): platform.Method.clickOnElement is PASSED&#xD;
&#xD;
2020-09-21 10:11:06 - [MESSAGE][PASSED] - platform.Method.clickOnElement is PASSED&#xD;
&#xD;
2020-09-21 10:11:06 - [TEST_STEP][PASSED] - role = findWebElements(findTestObject("GenericII/listOfAllRoleName"), 5): null&#xD;
&#xD;
2020-09-21 10:11:08 - [TEST_STEP][PASSED] - count = &lt;not implemented yet for class: org.codehaus.groovy.ast.expr.EmptyExpression&gt;: null&#xD;
&#xD;
2020-09-21 10:11:08 - [TEST_STEP][PASSED] - for ([count = 0, count &lt; role.size(), (count++)]): null&#xD;
&#xD;
2020-09-21 10:11:08 - [TEST_STEP][PASSED] - if (getText().contentEquals(ROLE_NAME)): null&#xD;
&#xD;
2020-09-21 10:11:09 - [TEST_STEP][PASSED] - if (getText().contentEquals(ROLE_NAME)): null&#xD;
&#xD;
2020-09-21 10:11:10 - [TEST_STEP][PASSED] - if (getText().contentEquals(ROLE_NAME)): null&#xD;
&#xD;
2020-09-21 10:11:11 - [TEST_STEP][PASSED] - if (getText().contentEquals(ROLE_NAME)): null&#xD;
&#xD;
2020-09-21 10:11:12 - [TEST_STEP][PASSED] - if (getText().contentEquals(ROLE_NAME)): null&#xD;
&#xD;
2020-09-21 10:11:13 - [TEST_STEP][PASSED] - if (getText().contentEquals(ROLE_NAME)): null&#xD;
&#xD;
2020-09-21 10:11:14 - [TEST_STEP][PASSED] - (count++): null&#xD;
&#xD;
2020-09-21 10:11:14 - [TEST_STEP][PASSED] - markPassed("ROLE FOUND IN THE LIST"): ROLE FOUND IN THE LIST&#xD;
&#xD;
2020-09-21 10:11:14 - [MESSAGE][PASSED] - ROLE FOUND IN THE LIST&#xD;
&#xD;
2020-09-21 10:11:14 - [TEST_STEP][PASSED] - break: null&#xD;
&#xD;
2020-09-21 10:11:14 - [TEST_STEP][PASSED] - platform.Method.clickOnElement(findTestObject("GenericII/modifyRole", ["index":count])): platform.Method.clickOnElement is PASSED&#xD;
&#xD;
2020-09-21 10:11:16 - [MESSAGE][PASSED] - platform.Method.clickOnElement is PASSED&#xD;
&#xD;
2020-09-21 10:11:16 - [TEST_STEP][PASSED] - verifyTextPresent("Edit role", false, STOP_ON_FAILURE): Text 'Edit role' is present on page &#xD;
&#xD;
2020-09-21 10:11:19 - [MESSAGE][PASSED] - Text 'Edit role' is present on page &#xD;
&#xD;
2020-09-21 10:11:19 - [TEST_STEP][PASSED] - platform.Method.clickOnElement(findTestObject("Button/delete")): platform.Method.clickOnElement is PASSED&#xD;
&#xD;
2020-09-21 10:11:21 - [MESSAGE][PASSED] - platform.Method.clickOnElement is PASSED&#xD;
&#xD;
2020-09-21 10:11:21 - [TEST_STEP][PASSED] - platform.Method.clickOnElement(findTestObject("Button/remove")): platform.Method.clickOnElement is PASSED&#xD;
&#xD;
2020-09-21 10:11:23 - [MESSAGE][PASSED] - platform.Method.clickOnElement is PASSED&#xD;
&#xD;
2020-09-21 10:11:23 - [TEST_STEP][PASSED] - verifyTextNotPresent(ROLE_NAME, false, STOP_ON_FAILURE): Text 'Custom Role' is not present on page&#xD;
&#xD;
2020-09-21 10:11:26 - [MESSAGE][PASSED] - Text 'Custom Role' is not present on page</system-out>
            <system-err></system-err>
        </testcase>
        <system-out>2020-09-21 10:07:39 - [TEST_SUITE][INCOMPLETE] - generic: null</system-out>
        <system-err>2020-09-21 10:07:39 - [TEST_SUITE][INCOMPLETE] - generic: null</system-err>
    </testsuite>
</testsuites>
