<?xml version="1.0" encoding="UTF-8" standalone="yes"?>
<testsuites name="BotBuilder" time="108" tests="4" failures="0" errors="0">
    <testsuite name="BotBuilder" tests="4" failures="0" errors="0" time="108" timestamp="2021-01-05 16:02:07" hostname="narendra.n - WLPT580.imidomain.com" id="Test Suites/BotBuilder">
        <properties>
            <property name="deviceName" value=""/>
            <property name="devicePlatform" value=""/>
            <property name="logFolder" value="D:\\IMIbot.ai-Project\\Reports\\20210105_160159\\BotBuilder\\20210105_160159"/>
            <property name="logFiles" value="D:\\IMIbot.ai-Project\\Reports\\20210105_160159\\BotBuilder\\20210105_160159\\execution0.log"/>
            <property name="attachments" value=""/>
            <property name="hostName" value="narendra.n - WLPT580.imidomain.com"/>
            <property name="os" value="Windows 8.1 64bit"/>
            <property name="katalonVersion" value="6.3.3.11"/>
            <property name="browser" value="Chrome 87.0.4280.88"/>
            <property name="hostAddress" value="192.168.29.195"/>
            <property name="sessionId" value="ce995f77ad7c1ed8fd2a0cc2d301874f"/>
            <property name="seleniumVersion" value="3.141.59"/>
            <property name="proxyInformation" value="ProxyInformation{proxyOption=NO_PROXY, proxyServerType=HTTP, password=, proxyServerAddress=, proxyServerPort=0}"/>
            <property name="platform" value="Windows 8.1"/>
        </properties>
        <testcase name="Test Cases/Connect-botbuilder/login_to_bot_builder" classname="Test Cases/Connect-botbuilder/login_to_bot_builder" status="PASSED">
            <system-out>2021-01-05 16:02:28 - [TEST_CASE][PASSED] - Test Cases/Connect-botbuilder/login_to_bot_builder: Test Cases/Connect-botbuilder/login_to_bot_builder&#xD;
&#xD;
2021-01-05 16:02:30 - [TEST_STEP][PASSED] - sendKeys(findTestObject("BOTBUILDER/inputUserName"), CONNECT_USERNAME): Keys 'hellbotuser@mailinator.com' sent to object: 'Object Repository/BOTBUILDER/inputUserName'&#xD;
&#xD;
2021-01-05 16:02:33 - [MESSAGE][PASSED] - Keys 'hellbotuser@mailinator.com' sent to object: 'Object Repository/BOTBUILDER/inputUserName'&#xD;
&#xD;
2021-01-05 16:02:33 - [TEST_STEP][PASSED] - platform.Method.clickOnElement(findTestObject("BOTBUILDER/btnNext")): platform.Method.clickOnElement is PASSED&#xD;
&#xD;
2021-01-05 16:02:36 - [MESSAGE][PASSED] - platform.Method.clickOnElement is PASSED&#xD;
&#xD;
2021-01-05 16:02:36 - [TEST_STEP][PASSED] - sendKeys(findTestObject("BOTBUILDER/inputPassword"), CONNECT_PASSWORD): Keys 'Ump@1234' sent to object: 'Object Repository/BOTBUILDER/inputPassword'&#xD;
&#xD;
2021-01-05 16:02:38 - [MESSAGE][PASSED] - Keys 'Ump@1234' sent to object: 'Object Repository/BOTBUILDER/inputPassword'&#xD;
&#xD;
2021-01-05 16:02:38 - [TEST_STEP][PASSED] - platform.Method.clickOnElement(findTestObject("BOTBUILDER/btnLogin")): platform.Method.clickOnElement is PASSED&#xD;
&#xD;
2021-01-05 16:02:41 - [MESSAGE][PASSED] - platform.Method.clickOnElement is PASSED&#xD;
&#xD;
2021-01-05 16:02:41 - [TEST_STEP][PASSED] - currentWindow = getWebDriver().getWindowHandle(): null&#xD;
&#xD;
2021-01-05 16:02:42 - [TEST_STEP][PASSED] - mouseOver(findTestObject("BOTBUILDER/iconAppTray"), CONTINUE_ON_FAILURE): Object: 'Object Repository/BOTBUILDER/iconAppTray' is hovered&#xD;
&#xD;
2021-01-05 16:02:45 - [MESSAGE][PASSED] - Object: 'Object Repository/BOTBUILDER/iconAppTray' is hovered&#xD;
&#xD;
2021-01-05 16:02:45 - [TEST_STEP][PASSED] - platform.Method.clickOnElement(findTestObject("BOTBUILDER/linkBotBuilder")): platform.Method.clickOnElement is PASSED&#xD;
&#xD;
2021-01-05 16:02:48 - [MESSAGE][PASSED] - platform.Method.clickOnElement is PASSED&#xD;
&#xD;
2021-01-05 16:02:48 - [TEST_STEP][PASSED] - allTabTitle = getWebDriver().getWindowHandles(): null&#xD;
&#xD;
2021-01-05 16:02:49 - [TEST_STEP][PASSED] - windowIterator = allTabTitle.iterator(): null&#xD;
&#xD;
2021-01-05 16:02:49 - [TEST_STEP][PASSED] - while (windowIterator.hasNext()): null&#xD;
&#xD;
2021-01-05 16:02:49 - [TEST_STEP][PASSED] - childwindow = windowIterator.next(): null&#xD;
&#xD;
2021-01-05 16:02:49 - [TEST_STEP][PASSED] - if (!(childwindow.equalsIgnoreCase(currentWindow))): null&#xD;
&#xD;
2021-01-05 16:02:49 - [TEST_STEP][PASSED] - childwindow = windowIterator.next(): null&#xD;
&#xD;
2021-01-05 16:02:49 - [TEST_STEP][PASSED] - if (!(childwindow.equalsIgnoreCase(currentWindow))): null&#xD;
&#xD;
2021-01-05 16:02:49 - [TEST_STEP][PASSED] - switchTo().window(childwindow): null&#xD;
&#xD;
2021-01-05 16:02:50 - [TEST_STEP][PASSED] - assert getTitle().contentEquals("IMIbot.ai") == true: null&#xD;
&#xD;
2021-01-05 16:02:54 - [TEST_STEP][PASSED] - verifyElementPresent(findTestObject("Button/createBot"), 30, CONTINUE_ON_FAILURE): Object 'Object Repository/Button/createBot' is present&#xD;
&#xD;
2021-01-05 16:03:01 - [MESSAGE][PASSED] - Object 'Object Repository/Button/createBot' is present</system-out>
            <system-err></system-err>
        </testcase>
        <testcase name="Test Cases/FAQ_SSO/botCreation_Test" classname="Test Cases/FAQ_SSO/botCreation_Test" status="PASSED">
            <system-out>2021-01-05 16:03:01 - [TEST_CASE][PASSED] - Test Cases/FAQ_SSO/botCreation_Test: Test Cases/FAQ_SSO/botCreation_Test&#xD;
&#xD;
2021-01-05 16:03:02 - [TEST_STEP][PASSED] - platform.Method.clickOnElement(findTestObject("Button/createBot")): platform.Method.clickOnElement is PASSED&#xD;
&#xD;
2021-01-05 16:03:05 - [MESSAGE][PASSED] - platform.Method.clickOnElement is PASSED&#xD;
&#xD;
2021-01-05 16:03:05 - [TEST_STEP][PASSED] - sendKeys(findTestObject("Input/botName"), nameOfTheBot): Keys 'CBB_FAQ' sent to object: 'Object Repository/Input/botName'&#xD;
&#xD;
2021-01-05 16:03:08 - [MESSAGE][PASSED] - Keys 'CBB_FAQ' sent to object: 'Object Repository/Input/botName'&#xD;
&#xD;
2021-01-05 16:03:08 - [TEST_STEP][PASSED] - platform.Method.clickOnElement(findTestObject("Toggle/feedback")): platform.Method.clickOnElement is PASSED&#xD;
&#xD;
2021-01-05 16:03:10 - [MESSAGE][PASSED] - platform.Method.clickOnElement is PASSED&#xD;
&#xD;
2021-01-05 16:03:10 - [TEST_STEP][PASSED] - platform.Method.clickOnElement(findTestObject("Button/done")): platform.Method.clickOnElement is PASSED&#xD;
&#xD;
2021-01-05 16:03:13 - [MESSAGE][PASSED] - platform.Method.clickOnElement is PASSED&#xD;
&#xD;
2021-01-05 16:03:13 - [TEST_STEP][PASSED] - waitForElementVisible(findTestObject("Generic/articleState"), 60, OPTIONAL): Object 'Object Repository/Generic/articleState' is visible&#xD;
&#xD;
2021-01-05 16:03:21 - [MESSAGE][PASSED] - Object 'Object Repository/Generic/articleState' is visible&#xD;
&#xD;
2021-01-05 16:03:21 - [TEST_STEP][PASSED] - if (!(verifyElementText(findTestObject("Generic/articleState"), "Trained", OPTIONAL))): Actual text and expected text of test object 'Object Repository/Generic/articleState' are matched.&#xD;
&#xD;
2021-01-05 16:03:23 - [MESSAGE][PASSED] - Actual text and expected text of test object 'Object Repository/Generic/articleState' are matched.&#xD;
&#xD;
2021-01-05 16:03:23 - [TEST_STEP][PASSED] - platform.Method.clickOnElement(findTestObject("GenericII/minimize")): platform.Method.clickOnElement is PASSED&#xD;
&#xD;
2021-01-05 16:03:26 - [MESSAGE][PASSED] - platform.Method.clickOnElement is PASSED</system-out>
            <system-err></system-err>
        </testcase>
        <testcase name="Test Cases/Connect-botbuilder/switch_to_dashboard" classname="Test Cases/Connect-botbuilder/switch_to_dashboard" status="PASSED">
            <system-out>2021-01-05 16:03:26 - [TEST_CASE][PASSED] - Test Cases/Connect-botbuilder/switch_to_dashboard: Test Cases/Connect-botbuilder/switch_to_dashboard&#xD;
&#xD;
2021-01-05 16:03:26 - [TEST_STEP][PASSED] - waitForElementVisible(findTestObject("Generic/imiLogo"), 20, CONTINUE_ON_FAILURE): Object 'Object Repository/Generic/imiLogo' is visible&#xD;
&#xD;
2021-01-05 16:03:29 - [MESSAGE][PASSED] - Object 'Object Repository/Generic/imiLogo' is visible&#xD;
&#xD;
2021-01-05 16:03:29 - [TEST_STEP][PASSED] - platform.Method.clickOnElement(findTestObject("Generic/imiLogo")): platform.Method.clickOnElement is PASSED&#xD;
&#xD;
2021-01-05 16:03:31 - [MESSAGE][PASSED] - platform.Method.clickOnElement is PASSED&#xD;
&#xD;
2021-01-05 16:03:31 - [TEST_STEP][PASSED] - waitForElementVisible(findTestObject("Button/createBot"), 20, CONTINUE_ON_FAILURE): Object 'Object Repository/Button/createBot' is visible&#xD;
&#xD;
2021-01-05 16:03:34 - [MESSAGE][PASSED] - Object 'Object Repository/Button/createBot' is visible</system-out>
            <system-err></system-err>
        </testcase>
        <testcase name="Test Cases/TASK_SSO/botCreation_Test" classname="Test Cases/TASK_SSO/botCreation_Test" status="PASSED">
            <system-out>2021-01-05 16:03:34 - [TEST_CASE][PASSED] - Test Cases/TASK_SSO/botCreation_Test: Test Cases/TASK_SSO/botCreation_Test&#xD;
&#xD;
2021-01-05 16:03:34 - [TEST_STEP][PASSED] - platform.Method.clickOnElement(findTestObject("Generic/webObjectWithText", ["textValue":"Task bots"])): platform.Method.clickOnElement is PASSED&#xD;
&#xD;
2021-01-05 16:03:37 - [MESSAGE][PASSED] - platform.Method.clickOnElement is PASSED&#xD;
&#xD;
2021-01-05 16:03:37 - [TEST_STEP][PASSED] - platform.Method.clickOnElement(findTestObject("Button/createBot")): platform.Method.clickOnElement is PASSED&#xD;
&#xD;
2021-01-05 16:03:39 - [MESSAGE][PASSED] - platform.Method.clickOnElement is PASSED&#xD;
&#xD;
2021-01-05 16:03:39 - [TEST_STEP][PASSED] - sendKeys(findTestObject("Input/botName"), nameOfTheBot): Keys 'CBB_TASK' sent to object: 'Object Repository/Input/botName'&#xD;
&#xD;
2021-01-05 16:03:42 - [MESSAGE][PASSED] - Keys 'CBB_TASK' sent to object: 'Object Repository/Input/botName'&#xD;
&#xD;
2021-01-05 16:03:42 - [TEST_STEP][PASSED] - platform.Method.clickOnElement(findTestObject("Toggle/feedback")): platform.Method.clickOnElement is PASSED&#xD;
&#xD;
2021-01-05 16:03:44 - [MESSAGE][PASSED] - platform.Method.clickOnElement is PASSED&#xD;
&#xD;
2021-01-05 16:03:44 - [TEST_STEP][PASSED] - platform.Method.clickOnElement(findTestObject("Button/done")): platform.Method.clickOnElement is PASSED&#xD;
&#xD;
2021-01-05 16:03:47 - [MESSAGE][PASSED] - platform.Method.clickOnElement is PASSED&#xD;
&#xD;
2021-01-05 16:03:47 - [TEST_STEP][PASSED] - waitForElementVisible(findTestObject("Generic/modelState"), 60, OPTIONAL): Object 'Object Repository/Generic/modelState' is visible&#xD;
&#xD;
2021-01-05 16:03:53 - [MESSAGE][PASSED] - Object 'Object Repository/Generic/modelState' is visible&#xD;
&#xD;
2021-01-05 16:03:53 - [TEST_STEP][PASSED] - if (!(verifyElementText(findTestObject("Generic/modelState"), "Trained", OPTIONAL))): Actual text and expected text of test object 'Object Repository/Generic/modelState' are matched.&#xD;
&#xD;
2021-01-05 16:03:56 - [MESSAGE][PASSED] - Actual text and expected text of test object 'Object Repository/Generic/modelState' are matched.</system-out>
            <system-err></system-err>
        </testcase>
        <system-out>2021-01-05 16:02:07 - [TEST_SUITE][INCOMPLETE] - BotBuilder: null</system-out>
        <system-err>2021-01-05 16:02:07 - [TEST_SUITE][INCOMPLETE] - BotBuilder: null</system-err>
    </testsuite>
</testsuites>
