<?xml version="1.0" encoding="UTF-8" standalone="yes"?>
<testsuites name="FAQ_SSO" time="1148" tests="2" failures="4" errors="19">
    <testsuite name="FAQ_SSO" tests="2" failures="4" errors="19" time="1148" timestamp="2020-11-03 15:07:36" hostname="narendra.n - WLPT580.imidomain.com" id="Test Suites/FAQ_SSO">
        <properties>
            <property name="deviceName" value=""/>
            <property name="devicePlatform" value=""/>
            <property name="logFolder" value="D:\\IMIbot.ai-Project\\Reports\\20201103_150716\\FAQ_SSO\\20201103_150716"/>
            <property name="logFiles" value="D:\\IMIbot.ai-Project\\Reports\\20201103_150716\\FAQ_SSO\\20201103_150716\\execution0.log"/>
            <property name="attachments" value="D:\\IMIbot.ai-Project\\Reports\\20201103_150716\\FAQ_SSO\\20201103_150716\\1604396579745.png, D:\\IMIbot.ai-Project\\Reports\\20201103_150716\\FAQ_SSO\\20201103_150716\\1604396584842.png, D:\\IMIbot.ai-Project\\Reports\\20201103_150716\\FAQ_SSO\\20201103_150716\\1604396630620.png, D:\\IMIbot.ai-Project\\Reports\\20201103_150716\\FAQ_SSO\\20201103_150716\\1604397036481.png, D:\\IMIbot.ai-Project\\Reports\\20201103_150716\\FAQ_SSO\\20201103_150716\\1604397038513.png, D:\\IMIbot.ai-Project\\Reports\\20201103_150716\\FAQ_SSO\\20201103_150716\\1604397076467.png"/>
            <property name="hostName" value="narendra.n - WLPT580.imidomain.com"/>
            <property name="os" value="Windows 8.1 64bit"/>
            <property name="katalonVersion" value="6.3.3.11"/>
            <property name="browser" value="Chrome 86.0.4240.111"/>
            <property name="hostAddress" value="192.168.29.195"/>
            <property name="sessionId" value="4d77ca082ea941785705bc15664aeb16"/>
            <property name="seleniumVersion" value="3.141.59"/>
            <property name="proxyInformation" value="ProxyInformation{proxyOption=NO_PROXY, proxyServerType=HTTP, password=, proxyServerAddress=, proxyServerPort=0}"/>
            <property name="platform" value="Windows 8.1"/>
        </properties>
        <testcase name="Test Cases/FAQ_SSO/botCreation_Test" classname="Test Cases/FAQ_SSO/botCreation_Test" status="ERROR">
            <error type="ERROR" message="Test Cases/FAQ_SSO/botCreation_Test FAILED.&#xA;Reason:&#xA;org.codehaus.groovy.runtime.InvokerInvocationException: com.kms.katalon.core.webui.exception.WebElementNotFoundException: Web element with id: 'Object Repository/Button/createBot' located by 'By.xpath: //app-button-wrapper//button' not found&#xD;&#xA;&#x9;at platform.Method.invokeMethod(Method.groovy)&#xD;&#xA;&#x9;at com.kms.katalon.core.main.CustomKeywordDelegatingMetaClass.invokeStaticMethod(CustomKeywordDelegatingMetaClass.java:50)&#xD;&#xA;&#x9;at botCreation_Test.run(botCreation_Test:18)&#xD;&#xA;&#x9;at com.kms.katalon.core.main.ScriptEngine.run(ScriptEngine.java:194)&#xD;&#xA;&#x9;at com.kms.katalon.core.main.ScriptEngine.runScriptAsRawText(ScriptEngine.java:119)&#xD;&#xA;&#x9;at com.kms.katalon.core.main.TestCaseExecutor.runScript(TestCaseExecutor.java:337)&#xD;&#xA;&#x9;at com.kms.katalon.core.main.TestCaseExecutor.doExecute(TestCaseExecutor.java:328)&#xD;&#xA;&#x9;at com.kms.katalon.core.main.TestCaseExecutor.processExecutionPhase(TestCaseExecutor.java:307)&#xD;&#xA;&#x9;at com.kms.katalon.core.main.TestCaseExecutor.accessMainPhase(TestCaseExecutor.java:299)&#xD;&#xA;&#x9;at com.kms.katalon.core.main.TestCaseExecutor.execute(TestCaseExecutor.java:233)&#xD;&#xA;&#x9;at com.kms.katalon.core.main.TestSuiteExecutor.accessTestCaseMainPhase(TestSuiteExecutor.java:169)&#xD;&#xA;&#x9;at com.kms.katalon.core.main.TestSuiteExecutor.accessTestSuiteMainPhase(TestSuiteExecutor.java:142)&#xD;&#xA;&#x9;at com.kms.katalon.core.main.TestSuiteExecutor.execute(TestSuiteExecutor.java:91)&#xD;&#xA;&#x9;at com.kms.katalon.core.main.TestCaseMain.startTestSuite(TestCaseMain.java:157)&#xD;&#xA;&#x9;at com.kms.katalon.core.main.TestCaseMain$startTestSuite$0.call(Unknown Source)&#xD;&#xA;&#x9;at TempTestSuite1604396236473.run(TempTestSuite1604396236473.groovy:35)&#xD;&#xA;Caused by: com.kms.katalon.core.webui.exception.WebElementNotFoundException: Web element with id: 'Object Repository/Button/createBot' located by 'By.xpath: //app-button-wrapper//button' not found&#xD;&#xA;&#x9;at com.kms.katalon.core.webui.common.WebUiCommonHelper.findWebElement(WebUiCommonHelper.java:1097)&#xD;&#xA;&#x9;at com.kms.katalon.core.webui.common.WebUiCommonHelper$findWebElement.call(Unknown Source)&#xD;&#xA;&#x9;at platform.Method.clickOnElement(Method.groovy:32)&#xD;&#xA;&#x9;... 16 more&#xD;&#xA;"/>
            <system-out>2020-11-03 15:10:36 - [TEST_CASE][ERROR] - Test Cases/FAQ_SSO/botCreation_Test: Test Cases/FAQ_SSO/botCreation_Test FAILED.
Reason:
org.codehaus.groovy.runtime.InvokerInvocationException: com.kms.katalon.core.webui.exception.WebElementNotFoundException: Web element with id: 'Object Repository/Button/createBot' located by 'By.xpath: //app-button-wrapper//button' not found&#xD;
	at platform.Method.invokeMethod(Method.groovy)&#xD;
	at com.kms.katalon.core.main.CustomKeywordDelegatingMetaClass.invokeStaticMethod(CustomKeywordDelegatingMetaClass.java:50)&#xD;
	at botCreation_Test.run(botCreation_Test:18)&#xD;
	at com.kms.katalon.core.main.ScriptEngine.run(ScriptEngine.java:194)&#xD;
	at com.kms.katalon.core.main.ScriptEngine.runScriptAsRawText(ScriptEngine.java:119)&#xD;
	at com.kms.katalon.core.main.TestCaseExecutor.runScript(TestCaseExecutor.java:337)&#xD;
	at com.kms.katalon.core.main.TestCaseExecutor.doExecute(TestCaseExecutor.java:328)&#xD;
	at com.kms.katalon.core.main.TestCaseExecutor.processExecutionPhase(TestCaseExecutor.java:307)&#xD;
	at com.kms.katalon.core.main.TestCaseExecutor.accessMainPhase(TestCaseExecutor.java:299)&#xD;
	at com.kms.katalon.core.main.TestCaseExecutor.execute(TestCaseExecutor.java:233)&#xD;
	at com.kms.katalon.core.main.TestSuiteExecutor.accessTestCaseMainPhase(TestSuiteExecutor.java:169)&#xD;
	at com.kms.katalon.core.main.TestSuiteExecutor.accessTestSuiteMainPhase(TestSuiteExecutor.java:142)&#xD;
	at com.kms.katalon.core.main.TestSuiteExecutor.execute(TestSuiteExecutor.java:91)&#xD;
	at com.kms.katalon.core.main.TestCaseMain.startTestSuite(TestCaseMain.java:157)&#xD;
	at com.kms.katalon.core.main.TestCaseMain$startTestSuite$0.call(Unknown Source)&#xD;
	at TempTestSuite1604396236473.run(TempTestSuite1604396236473.groovy:35)&#xD;
Caused by: com.kms.katalon.core.webui.exception.WebElementNotFoundException: Web element with id: 'Object Repository/Button/createBot' located by 'By.xpath: //app-button-wrapper//button' not found&#xD;
	at com.kms.katalon.core.webui.common.WebUiCommonHelper.findWebElement(WebUiCommonHelper.java:1097)&#xD;
	at com.kms.katalon.core.webui.common.WebUiCommonHelper$findWebElement.call(Unknown Source)&#xD;
	at platform.Method.clickOnElement(Method.groovy:32)&#xD;
	... 16 more&#xD;
&#xD;
&#xD;
2020-11-03 15:10:37 - [TEST_STEP][ERROR] - platform.Method.clickOnElement(findTestObject("Button/createBot")): com.kms.katalon.core.webui.exception.WebElementNotFoundException: Web element with id: 'Object Repository/Button/createBot' located by 'By.xpath: //app-button-wrapper//button' not found&#xD;
&#xD;
2020-11-03 15:10:45 - [MESSAGE][INFO] - Unable to find the element located by 'By.xpath: //app-button-wrapper//button'. Please recheck the objects properties to make sure the desired element is located. &#xD;
&#xD;
2020-11-03 15:10:45 - [MESSAGE][ERROR] - com.kms.katalon.core.webui.exception.WebElementNotFoundException: Web element with id: 'Object Repository/Button/createBot' located by 'By.xpath: //app-button-wrapper//button' not found</system-out>
            <system-err>2020-11-03 15:10:36 - [TEST_CASE][ERROR] - Test Cases/FAQ_SSO/botCreation_Test: Test Cases/FAQ_SSO/botCreation_Test FAILED.
Reason:
org.codehaus.groovy.runtime.InvokerInvocationException: com.kms.katalon.core.webui.exception.WebElementNotFoundException: Web element with id: 'Object Repository/Button/createBot' located by 'By.xpath: //app-button-wrapper//button' not found&#xD;
	at platform.Method.invokeMethod(Method.groovy)&#xD;
	at com.kms.katalon.core.main.CustomKeywordDelegatingMetaClass.invokeStaticMethod(CustomKeywordDelegatingMetaClass.java:50)&#xD;
	at botCreation_Test.run(botCreation_Test:18)&#xD;
	at com.kms.katalon.core.main.ScriptEngine.run(ScriptEngine.java:194)&#xD;
	at com.kms.katalon.core.main.ScriptEngine.runScriptAsRawText(ScriptEngine.java:119)&#xD;
	at com.kms.katalon.core.main.TestCaseExecutor.runScript(TestCaseExecutor.java:337)&#xD;
	at com.kms.katalon.core.main.TestCaseExecutor.doExecute(TestCaseExecutor.java:328)&#xD;
	at com.kms.katalon.core.main.TestCaseExecutor.processExecutionPhase(TestCaseExecutor.java:307)&#xD;
	at com.kms.katalon.core.main.TestCaseExecutor.accessMainPhase(TestCaseExecutor.java:299)&#xD;
	at com.kms.katalon.core.main.TestCaseExecutor.execute(TestCaseExecutor.java:233)&#xD;
	at com.kms.katalon.core.main.TestSuiteExecutor.accessTestCaseMainPhase(TestSuiteExecutor.java:169)&#xD;
	at com.kms.katalon.core.main.TestSuiteExecutor.accessTestSuiteMainPhase(TestSuiteExecutor.java:142)&#xD;
	at com.kms.katalon.core.main.TestSuiteExecutor.execute(TestSuiteExecutor.java:91)&#xD;
	at com.kms.katalon.core.main.TestCaseMain.startTestSuite(TestCaseMain.java:157)&#xD;
	at com.kms.katalon.core.main.TestCaseMain$startTestSuite$0.call(Unknown Source)&#xD;
	at TempTestSuite1604396236473.run(TempTestSuite1604396236473.groovy:35)&#xD;
Caused by: com.kms.katalon.core.webui.exception.WebElementNotFoundException: Web element with id: 'Object Repository/Button/createBot' located by 'By.xpath: //app-button-wrapper//button' not found&#xD;
	at com.kms.katalon.core.webui.common.WebUiCommonHelper.findWebElement(WebUiCommonHelper.java:1097)&#xD;
	at com.kms.katalon.core.webui.common.WebUiCommonHelper$findWebElement.call(Unknown Source)&#xD;
	at platform.Method.clickOnElement(Method.groovy:32)&#xD;
	... 16 more</system-err>
        </testcase>
        <testcase name="Test Cases/FAQ_SSO/botSideOptionsNavigation_Test" classname="Test Cases/FAQ_SSO/botSideOptionsNavigation_Test" status="ERROR">
            <error type="ERROR" message="Test Cases/FAQ_SSO/botSideOptionsNavigation_Test FAILED.&#xA;Reason:&#xA;org.codehaus.groovy.runtime.InvokerInvocationException: com.kms.katalon.core.webui.exception.WebElementNotFoundException: Web element with id: 'Object Repository/ICONS/sidebarSettings' located by 'By.xpath: //div[@data-cy='sidebar-setting']' not found&#xD;&#xA;&#x9;at platform.Method.invokeMethod(Method.groovy)&#xD;&#xA;&#x9;at com.kms.katalon.core.main.CustomKeywordDelegatingMetaClass.invokeStaticMethod(CustomKeywordDelegatingMetaClass.java:50)&#xD;&#xA;&#x9;at botSideOptionsNavigation_Test.run(botSideOptionsNavigation_Test:18)&#xD;&#xA;&#x9;at com.kms.katalon.core.main.ScriptEngine.run(ScriptEngine.java:194)&#xD;&#xA;&#x9;at com.kms.katalon.core.main.ScriptEngine.runScriptAsRawText(ScriptEngine.java:119)&#xD;&#xA;&#x9;at com.kms.katalon.core.main.TestCaseExecutor.runScript(TestCaseExecutor.java:337)&#xD;&#xA;&#x9;at com.kms.katalon.core.main.TestCaseExecutor.doExecute(TestCaseExecutor.java:328)&#xD;&#xA;&#x9;at com.kms.katalon.core.main.TestCaseExecutor.processExecutionPhase(TestCaseExecutor.java:307)&#xD;&#xA;&#x9;at com.kms.katalon.core.main.TestCaseExecutor.accessMainPhase(TestCaseExecutor.java:299)&#xD;&#xA;&#x9;at com.kms.katalon.core.main.TestCaseExecutor.execute(TestCaseExecutor.java:233)&#xD;&#xA;&#x9;at com.kms.katalon.core.main.TestSuiteExecutor.accessTestCaseMainPhase(TestSuiteExecutor.java:169)&#xD;&#xA;&#x9;at com.kms.katalon.core.main.TestSuiteExecutor.accessTestSuiteMainPhase(TestSuiteExecutor.java:142)&#xD;&#xA;&#x9;at com.kms.katalon.core.main.TestSuiteExecutor.execute(TestSuiteExecutor.java:91)&#xD;&#xA;&#x9;at com.kms.katalon.core.main.TestCaseMain.startTestSuite(TestCaseMain.java:157)&#xD;&#xA;&#x9;at com.kms.katalon.core.main.TestCaseMain$startTestSuite$0.call(Unknown Source)&#xD;&#xA;&#x9;at TempTestSuite1604396236473.run(TempTestSuite1604396236473.groovy:35)&#xD;&#xA;Caused by: com.kms.katalon.core.webui.exception.WebElementNotFoundException: Web element with id: 'Object Repository/ICONS/sidebarSettings' located by 'By.xpath: //div[@data-cy='sidebar-setting']' not found&#xD;&#xA;&#x9;at com.kms.katalon.core.webui.common.WebUiCommonHelper.findWebElement(WebUiCommonHelper.java:1097)&#xD;&#xA;&#x9;at com.kms.katalon.core.webui.common.WebUiCommonHelper$findWebElement.call(Unknown Source)&#xD;&#xA;&#x9;at platform.Method.clickOnElement(Method.groovy:32)&#xD;&#xA;&#x9;... 16 more&#xD;&#xA;"/>
            <system-out>2020-11-03 15:10:45 - [TEST_CASE][ERROR] - Test Cases/FAQ_SSO/botSideOptionsNavigation_Test: Test Cases/FAQ_SSO/botSideOptionsNavigation_Test FAILED.
Reason:
org.codehaus.groovy.runtime.InvokerInvocationException: com.kms.katalon.core.webui.exception.WebElementNotFoundException: Web element with id: 'Object Repository/ICONS/sidebarSettings' located by 'By.xpath: //div[@data-cy='sidebar-setting']' not found&#xD;
	at platform.Method.invokeMethod(Method.groovy)&#xD;
	at com.kms.katalon.core.main.CustomKeywordDelegatingMetaClass.invokeStaticMethod(CustomKeywordDelegatingMetaClass.java:50)&#xD;
	at botSideOptionsNavigation_Test.run(botSideOptionsNavigation_Test:18)&#xD;
	at com.kms.katalon.core.main.ScriptEngine.run(ScriptEngine.java:194)&#xD;
	at com.kms.katalon.core.main.ScriptEngine.runScriptAsRawText(ScriptEngine.java:119)&#xD;
	at com.kms.katalon.core.main.TestCaseExecutor.runScript(TestCaseExecutor.java:337)&#xD;
	at com.kms.katalon.core.main.TestCaseExecutor.doExecute(TestCaseExecutor.java:328)&#xD;
	at com.kms.katalon.core.main.TestCaseExecutor.processExecutionPhase(TestCaseExecutor.java:307)&#xD;
	at com.kms.katalon.core.main.TestCaseExecutor.accessMainPhase(TestCaseExecutor.java:299)&#xD;
	at com.kms.katalon.core.main.TestCaseExecutor.execute(TestCaseExecutor.java:233)&#xD;
	at com.kms.katalon.core.main.TestSuiteExecutor.accessTestCaseMainPhase(TestSuiteExecutor.java:169)&#xD;
	at com.kms.katalon.core.main.TestSuiteExecutor.accessTestSuiteMainPhase(TestSuiteExecutor.java:142)&#xD;
	at com.kms.katalon.core.main.TestSuiteExecutor.execute(TestSuiteExecutor.java:91)&#xD;
	at com.kms.katalon.core.main.TestCaseMain.startTestSuite(TestCaseMain.java:157)&#xD;
	at com.kms.katalon.core.main.TestCaseMain$startTestSuite$0.call(Unknown Source)&#xD;
	at TempTestSuite1604396236473.run(TempTestSuite1604396236473.groovy:35)&#xD;
Caused by: com.kms.katalon.core.webui.exception.WebElementNotFoundException: Web element with id: 'Object Repository/ICONS/sidebarSettings' located by 'By.xpath: //div[@data-cy='sidebar-setting']' not found&#xD;
	at com.kms.katalon.core.webui.common.WebUiCommonHelper.findWebElement(WebUiCommonHelper.java:1097)&#xD;
	at com.kms.katalon.core.webui.common.WebUiCommonHelper$findWebElement.call(Unknown Source)&#xD;
	at platform.Method.clickOnElement(Method.groovy:32)&#xD;
	... 16 more&#xD;
&#xD;
&#xD;
2020-11-03 15:10:47 - [TEST_STEP][ERROR] - platform.Method.clickOnElement(findTestObject("ICONS/sidebarSettings")): com.kms.katalon.core.webui.exception.WebElementNotFoundException: Web element with id: 'Object Repository/ICONS/sidebarSettings' located by 'By.xpath: //div[@data-cy='sidebar-setting']' not found&#xD;
&#xD;
2020-11-03 15:10:55 - [MESSAGE][INFO] - Unable to find the element located by 'By.xpath: //div[@data-cy='sidebar-setting']'. Please recheck the objects properties to make sure the desired element is located. &#xD;
&#xD;
2020-11-03 15:10:55 - [MESSAGE][ERROR] - com.kms.katalon.core.webui.exception.WebElementNotFoundException: Web element with id: 'Object Repository/ICONS/sidebarSettings' located by 'By.xpath: //div[@data-cy='sidebar-setting']' not found</system-out>
            <system-err>2020-11-03 15:10:45 - [TEST_CASE][ERROR] - Test Cases/FAQ_SSO/botSideOptionsNavigation_Test: Test Cases/FAQ_SSO/botSideOptionsNavigation_Test FAILED.
Reason:
org.codehaus.groovy.runtime.InvokerInvocationException: com.kms.katalon.core.webui.exception.WebElementNotFoundException: Web element with id: 'Object Repository/ICONS/sidebarSettings' located by 'By.xpath: //div[@data-cy='sidebar-setting']' not found&#xD;
	at platform.Method.invokeMethod(Method.groovy)&#xD;
	at com.kms.katalon.core.main.CustomKeywordDelegatingMetaClass.invokeStaticMethod(CustomKeywordDelegatingMetaClass.java:50)&#xD;
	at botSideOptionsNavigation_Test.run(botSideOptionsNavigation_Test:18)&#xD;
	at com.kms.katalon.core.main.ScriptEngine.run(ScriptEngine.java:194)&#xD;
	at com.kms.katalon.core.main.ScriptEngine.runScriptAsRawText(ScriptEngine.java:119)&#xD;
	at com.kms.katalon.core.main.TestCaseExecutor.runScript(TestCaseExecutor.java:337)&#xD;
	at com.kms.katalon.core.main.TestCaseExecutor.doExecute(TestCaseExecutor.java:328)&#xD;
	at com.kms.katalon.core.main.TestCaseExecutor.processExecutionPhase(TestCaseExecutor.java:307)&#xD;
	at com.kms.katalon.core.main.TestCaseExecutor.accessMainPhase(TestCaseExecutor.java:299)&#xD;
	at com.kms.katalon.core.main.TestCaseExecutor.execute(TestCaseExecutor.java:233)&#xD;
	at com.kms.katalon.core.main.TestSuiteExecutor.accessTestCaseMainPhase(TestSuiteExecutor.java:169)&#xD;
	at com.kms.katalon.core.main.TestSuiteExecutor.accessTestSuiteMainPhase(TestSuiteExecutor.java:142)&#xD;
	at com.kms.katalon.core.main.TestSuiteExecutor.execute(TestSuiteExecutor.java:91)&#xD;
	at com.kms.katalon.core.main.TestCaseMain.startTestSuite(TestCaseMain.java:157)&#xD;
	at com.kms.katalon.core.main.TestCaseMain$startTestSuite$0.call(Unknown Source)&#xD;
	at TempTestSuite1604396236473.run(TempTestSuite1604396236473.groovy:35)&#xD;
Caused by: com.kms.katalon.core.webui.exception.WebElementNotFoundException: Web element with id: 'Object Repository/ICONS/sidebarSettings' located by 'By.xpath: //div[@data-cy='sidebar-setting']' not found&#xD;
	at com.kms.katalon.core.webui.common.WebUiCommonHelper.findWebElement(WebUiCommonHelper.java:1097)&#xD;
	at com.kms.katalon.core.webui.common.WebUiCommonHelper$findWebElement.call(Unknown Source)&#xD;
	at platform.Method.clickOnElement(Method.groovy:32)&#xD;
	... 16 more</system-err>
        </testcase>
        <testcase name="Test Cases/FAQ_SSO/botUrlAndDefaultArticleConfiguration_Test" classname="Test Cases/FAQ_SSO/botUrlAndDefaultArticleConfiguration_Test" status="ERROR">
            <error type="ERROR" message="Test Cases/FAQ_SSO/botUrlAndDefaultArticleConfiguration_Test FAILED.&#xA;Reason:&#xA;org.codehaus.groovy.runtime.InvokerInvocationException: com.kms.katalon.core.webui.exception.WebElementNotFoundException: Web element with id: 'Object Repository/ICONS/sidebarSettings' located by 'By.xpath: //div[@data-cy='sidebar-setting']' not found&#xD;&#xA;&#x9;at platform.Method.invokeMethod(Method.groovy)&#xD;&#xA;&#x9;at com.kms.katalon.core.main.CustomKeywordDelegatingMetaClass.invokeStaticMethod(CustomKeywordDelegatingMetaClass.java:50)&#xD;&#xA;&#x9;at botUrlAndDefaultArticleConfiguration_Test.run(botUrlAndDefaultArticleConfiguration_Test:20)&#xD;&#xA;&#x9;at com.kms.katalon.core.main.ScriptEngine.run(ScriptEngine.java:194)&#xD;&#xA;&#x9;at com.kms.katalon.core.main.ScriptEngine.runScriptAsRawText(ScriptEngine.java:119)&#xD;&#xA;&#x9;at com.kms.katalon.core.main.TestCaseExecutor.runScript(TestCaseExecutor.java:337)&#xD;&#xA;&#x9;at com.kms.katalon.core.main.TestCaseExecutor.doExecute(TestCaseExecutor.java:328)&#xD;&#xA;&#x9;at com.kms.katalon.core.main.TestCaseExecutor.processExecutionPhase(TestCaseExecutor.java:307)&#xD;&#xA;&#x9;at com.kms.katalon.core.main.TestCaseExecutor.accessMainPhase(TestCaseExecutor.java:299)&#xD;&#xA;&#x9;at com.kms.katalon.core.main.TestCaseExecutor.execute(TestCaseExecutor.java:233)&#xD;&#xA;&#x9;at com.kms.katalon.core.main.TestSuiteExecutor.accessTestCaseMainPhase(TestSuiteExecutor.java:169)&#xD;&#xA;&#x9;at com.kms.katalon.core.main.TestSuiteExecutor.accessTestSuiteMainPhase(TestSuiteExecutor.java:142)&#xD;&#xA;&#x9;at com.kms.katalon.core.main.TestSuiteExecutor.execute(TestSuiteExecutor.java:91)&#xD;&#xA;&#x9;at com.kms.katalon.core.main.TestCaseMain.startTestSuite(TestCaseMain.java:157)&#xD;&#xA;&#x9;at com.kms.katalon.core.main.TestCaseMain$startTestSuite$0.call(Unknown Source)&#xD;&#xA;&#x9;at TempTestSuite1604396236473.run(TempTestSuite1604396236473.groovy:35)&#xD;&#xA;Caused by: com.kms.katalon.core.webui.exception.WebElementNotFoundException: Web element with id: 'Object Repository/ICONS/sidebarSettings' located by 'By.xpath: //div[@data-cy='sidebar-setting']' not found&#xD;&#xA;&#x9;at com.kms.katalon.core.webui.common.WebUiCommonHelper.findWebElement(WebUiCommonHelper.java:1097)&#xD;&#xA;&#x9;at com.kms.katalon.core.webui.common.WebUiCommonHelper$findWebElement.call(Unknown Source)&#xD;&#xA;&#x9;at platform.Method.clickOnElement(Method.groovy:32)&#xD;&#xA;&#x9;... 16 more&#xD;&#xA;"/>
            <system-out>2020-11-03 15:10:56 - [TEST_CASE][ERROR] - Test Cases/FAQ_SSO/botUrlAndDefaultArticleConfiguration_Test: Test Cases/FAQ_SSO/botUrlAndDefaultArticleConfiguration_Test FAILED.
Reason:
org.codehaus.groovy.runtime.InvokerInvocationException: com.kms.katalon.core.webui.exception.WebElementNotFoundException: Web element with id: 'Object Repository/ICONS/sidebarSettings' located by 'By.xpath: //div[@data-cy='sidebar-setting']' not found&#xD;
	at platform.Method.invokeMethod(Method.groovy)&#xD;
	at com.kms.katalon.core.main.CustomKeywordDelegatingMetaClass.invokeStaticMethod(CustomKeywordDelegatingMetaClass.java:50)&#xD;
	at botUrlAndDefaultArticleConfiguration_Test.run(botUrlAndDefaultArticleConfiguration_Test:20)&#xD;
	at com.kms.katalon.core.main.ScriptEngine.run(ScriptEngine.java:194)&#xD;
	at com.kms.katalon.core.main.ScriptEngine.runScriptAsRawText(ScriptEngine.java:119)&#xD;
	at com.kms.katalon.core.main.TestCaseExecutor.runScript(TestCaseExecutor.java:337)&#xD;
	at com.kms.katalon.core.main.TestCaseExecutor.doExecute(TestCaseExecutor.java:328)&#xD;
	at com.kms.katalon.core.main.TestCaseExecutor.processExecutionPhase(TestCaseExecutor.java:307)&#xD;
	at com.kms.katalon.core.main.TestCaseExecutor.accessMainPhase(TestCaseExecutor.java:299)&#xD;
	at com.kms.katalon.core.main.TestCaseExecutor.execute(TestCaseExecutor.java:233)&#xD;
	at com.kms.katalon.core.main.TestSuiteExecutor.accessTestCaseMainPhase(TestSuiteExecutor.java:169)&#xD;
	at com.kms.katalon.core.main.TestSuiteExecutor.accessTestSuiteMainPhase(TestSuiteExecutor.java:142)&#xD;
	at com.kms.katalon.core.main.TestSuiteExecutor.execute(TestSuiteExecutor.java:91)&#xD;
	at com.kms.katalon.core.main.TestCaseMain.startTestSuite(TestCaseMain.java:157)&#xD;
	at com.kms.katalon.core.main.TestCaseMain$startTestSuite$0.call(Unknown Source)&#xD;
	at TempTestSuite1604396236473.run(TempTestSuite1604396236473.groovy:35)&#xD;
Caused by: com.kms.katalon.core.webui.exception.WebElementNotFoundException: Web element with id: 'Object Repository/ICONS/sidebarSettings' located by 'By.xpath: //div[@data-cy='sidebar-setting']' not found&#xD;
	at com.kms.katalon.core.webui.common.WebUiCommonHelper.findWebElement(WebUiCommonHelper.java:1097)&#xD;
	at com.kms.katalon.core.webui.common.WebUiCommonHelper$findWebElement.call(Unknown Source)&#xD;
	at platform.Method.clickOnElement(Method.groovy:32)&#xD;
	... 16 more&#xD;
&#xD;
&#xD;
2020-11-03 15:11:10 - [TEST_STEP][ERROR] - platform.Method.clickOnElement(findTestObject("ICONS/sidebarSettings")): com.kms.katalon.core.webui.exception.WebElementNotFoundException: Web element with id: 'Object Repository/ICONS/sidebarSettings' located by 'By.xpath: //div[@data-cy='sidebar-setting']' not found&#xD;
&#xD;
2020-11-03 15:11:19 - [MESSAGE][INFO] - Unable to find the element located by 'By.xpath: //div[@data-cy='sidebar-setting']'. Please recheck the objects properties to make sure the desired element is located. &#xD;
&#xD;
2020-11-03 15:11:19 - [MESSAGE][ERROR] - com.kms.katalon.core.webui.exception.WebElementNotFoundException: Web element with id: 'Object Repository/ICONS/sidebarSettings' located by 'By.xpath: //div[@data-cy='sidebar-setting']' not found</system-out>
            <system-err>2020-11-03 15:10:56 - [TEST_CASE][ERROR] - Test Cases/FAQ_SSO/botUrlAndDefaultArticleConfiguration_Test: Test Cases/FAQ_SSO/botUrlAndDefaultArticleConfiguration_Test FAILED.
Reason:
org.codehaus.groovy.runtime.InvokerInvocationException: com.kms.katalon.core.webui.exception.WebElementNotFoundException: Web element with id: 'Object Repository/ICONS/sidebarSettings' located by 'By.xpath: //div[@data-cy='sidebar-setting']' not found&#xD;
	at platform.Method.invokeMethod(Method.groovy)&#xD;
	at com.kms.katalon.core.main.CustomKeywordDelegatingMetaClass.invokeStaticMethod(CustomKeywordDelegatingMetaClass.java:50)&#xD;
	at botUrlAndDefaultArticleConfiguration_Test.run(botUrlAndDefaultArticleConfiguration_Test:20)&#xD;
	at com.kms.katalon.core.main.ScriptEngine.run(ScriptEngine.java:194)&#xD;
	at com.kms.katalon.core.main.ScriptEngine.runScriptAsRawText(ScriptEngine.java:119)&#xD;
	at com.kms.katalon.core.main.TestCaseExecutor.runScript(TestCaseExecutor.java:337)&#xD;
	at com.kms.katalon.core.main.TestCaseExecutor.doExecute(TestCaseExecutor.java:328)&#xD;
	at com.kms.katalon.core.main.TestCaseExecutor.processExecutionPhase(TestCaseExecutor.java:307)&#xD;
	at com.kms.katalon.core.main.TestCaseExecutor.accessMainPhase(TestCaseExecutor.java:299)&#xD;
	at com.kms.katalon.core.main.TestCaseExecutor.execute(TestCaseExecutor.java:233)&#xD;
	at com.kms.katalon.core.main.TestSuiteExecutor.accessTestCaseMainPhase(TestSuiteExecutor.java:169)&#xD;
	at com.kms.katalon.core.main.TestSuiteExecutor.accessTestSuiteMainPhase(TestSuiteExecutor.java:142)&#xD;
	at com.kms.katalon.core.main.TestSuiteExecutor.execute(TestSuiteExecutor.java:91)&#xD;
	at com.kms.katalon.core.main.TestCaseMain.startTestSuite(TestCaseMain.java:157)&#xD;
	at com.kms.katalon.core.main.TestCaseMain$startTestSuite$0.call(Unknown Source)&#xD;
	at TempTestSuite1604396236473.run(TempTestSuite1604396236473.groovy:35)&#xD;
Caused by: com.kms.katalon.core.webui.exception.WebElementNotFoundException: Web element with id: 'Object Repository/ICONS/sidebarSettings' located by 'By.xpath: //div[@data-cy='sidebar-setting']' not found&#xD;
	at com.kms.katalon.core.webui.common.WebUiCommonHelper.findWebElement(WebUiCommonHelper.java:1097)&#xD;
	at com.kms.katalon.core.webui.common.WebUiCommonHelper$findWebElement.call(Unknown Source)&#xD;
	at platform.Method.clickOnElement(Method.groovy:32)&#xD;
	... 16 more</system-err>
        </testcase>
        <testcase name="Test Cases/FAQ_SSO/botCardMenuWithFallbackMessage_Test" classname="Test Cases/FAQ_SSO/botCardMenuWithFallbackMessage_Test" status="FAILED">
            <failure type="FAILED" message="Test Cases/FAQ_SSO/botCardMenuWithFallbackMessage_Test FAILED.&#xA;Reason:&#xA;com.kms.katalon.core.exception.StepFailedException: Unable to verify object 'Object Repository/Generic/webObjectWithText' is present&#xD;&#xA;&#x9;at com.kms.katalon.core.webui.keyword.internal.WebUIKeywordMain.stepFailed(WebUIKeywordMain.groovy:64)&#xD;&#xA;&#x9;at com.kms.katalon.core.webui.keyword.internal.WebUIKeywordMain.runKeyword(WebUIKeywordMain.groovy:26)&#xD;&#xA;&#x9;at com.kms.katalon.core.webui.keyword.builtin.VerifyElementPresentKeyword.verifyElementPresent(VerifyElementPresentKeyword.groovy:92)&#xD;&#xA;&#x9;at com.kms.katalon.core.webui.keyword.builtin.VerifyElementPresentKeyword.execute(VerifyElementPresentKeyword.groovy:68)&#xD;&#xA;&#x9;at com.kms.katalon.core.keyword.internal.KeywordExecutor.executeKeywordForPlatform(KeywordExecutor.groovy:56)&#xD;&#xA;&#x9;at com.kms.katalon.core.webui.keyword.WebUiBuiltInKeywords.verifyElementPresent(WebUiBuiltInKeywords.groovy:1418)&#xD;&#xA;&#x9;at com.kms.katalon.core.webui.keyword.WebUiBuiltInKeywords$verifyElementPresent$6.call(Unknown Source)&#xD;&#xA;&#x9;at botCardMenuWithFallbackMessage_Test.run(botCardMenuWithFallbackMessage_Test:14)&#xD;&#xA;&#x9;at com.kms.katalon.core.main.ScriptEngine.run(ScriptEngine.java:194)&#xD;&#xA;&#x9;at com.kms.katalon.core.main.ScriptEngine.runScriptAsRawText(ScriptEngine.java:119)&#xD;&#xA;&#x9;at com.kms.katalon.core.main.TestCaseExecutor.runScript(TestCaseExecutor.java:337)&#xD;&#xA;&#x9;at com.kms.katalon.core.main.TestCaseExecutor.doExecute(TestCaseExecutor.java:328)&#xD;&#xA;&#x9;at com.kms.katalon.core.main.TestCaseExecutor.processExecutionPhase(TestCaseExecutor.java:307)&#xD;&#xA;&#x9;at com.kms.katalon.core.main.TestCaseExecutor.accessMainPhase(TestCaseExecutor.java:299)&#xD;&#xA;&#x9;at com.kms.katalon.core.main.TestCaseExecutor.execute(TestCaseExecutor.java:233)&#xD;&#xA;&#x9;at com.kms.katalon.core.main.TestSuiteExecutor.accessTestCaseMainPhase(TestSuiteExecutor.java:169)&#xD;&#xA;&#x9;at com.kms.katalon.core.main.TestSuiteExecutor.accessTestSuiteMainPhase(TestSuiteExecutor.java:142)&#xD;&#xA;&#x9;at com.kms.katalon.core.main.TestSuiteExecutor.execute(TestSuiteExecutor.java:91)&#xD;&#xA;&#x9;at com.kms.katalon.core.main.TestCaseMain.startTestSuite(TestCaseMain.java:157)&#xD;&#xA;&#x9;at com.kms.katalon.core.main.TestCaseMain$startTestSuite$0.call(Unknown Source)&#xD;&#xA;&#x9;at TempTestSuite1604396236473.run(TempTestSuite1604396236473.groovy:35)&#xD;&#xA;Caused by: com.kms.katalon.core.exception.StepFailedException: com.kms.katalon.core.webui.exception.WebElementNotFoundException: Web element with id: 'Object Repository/Generic/webObjectWithText' located by 'By.xpath: //*[contains(text(),'Copy Preview Link')]' not found&#xD;&#xA;&#x9;at com.kms.katalon.core.webui.keyword.internal.WebUIKeywordMain.stepFailed(WebUIKeywordMain.groovy:64)&#xD;&#xA;&#x9;at com.kms.katalon.core.webui.keyword.builtin.VerifyElementPresentKeyword$_verifyElementPresent_closure1.doCall(VerifyElementPresentKeyword.groovy:85)&#xD;&#xA;&#x9;at com.kms.katalon.core.webui.keyword.builtin.VerifyElementPresentKeyword$_verifyElementPresent_closure1.call(VerifyElementPresentKeyword.groovy)&#xD;&#xA;&#x9;at com.kms.katalon.core.webui.keyword.internal.WebUIKeywordMain.runKeyword(WebUIKeywordMain.groovy:20)&#xD;&#xA;&#x9;... 19 more&#xD;&#xA;"/>
            <system-out>2020-11-03 15:11:20 - [TEST_CASE][FAILED] - Test Cases/FAQ_SSO/botCardMenuWithFallbackMessage_Test: Test Cases/FAQ_SSO/botCardMenuWithFallbackMessage_Test FAILED.
Reason:
com.kms.katalon.core.exception.StepFailedException: Unable to verify object 'Object Repository/Generic/webObjectWithText' is present&#xD;
	at com.kms.katalon.core.webui.keyword.internal.WebUIKeywordMain.stepFailed(WebUIKeywordMain.groovy:64)&#xD;
	at com.kms.katalon.core.webui.keyword.internal.WebUIKeywordMain.runKeyword(WebUIKeywordMain.groovy:26)&#xD;
	at com.kms.katalon.core.webui.keyword.builtin.VerifyElementPresentKeyword.verifyElementPresent(VerifyElementPresentKeyword.groovy:92)&#xD;
	at com.kms.katalon.core.webui.keyword.builtin.VerifyElementPresentKeyword.execute(VerifyElementPresentKeyword.groovy:68)&#xD;
	at com.kms.katalon.core.keyword.internal.KeywordExecutor.executeKeywordForPlatform(KeywordExecutor.groovy:56)&#xD;
	at com.kms.katalon.core.webui.keyword.WebUiBuiltInKeywords.verifyElementPresent(WebUiBuiltInKeywords.groovy:1418)&#xD;
	at com.kms.katalon.core.webui.keyword.WebUiBuiltInKeywords$verifyElementPresent$6.call(Unknown Source)&#xD;
	at botCardMenuWithFallbackMessage_Test.run(botCardMenuWithFallbackMessage_Test:14)&#xD;
	at com.kms.katalon.core.main.ScriptEngine.run(ScriptEngine.java:194)&#xD;
	at com.kms.katalon.core.main.ScriptEngine.runScriptAsRawText(ScriptEngine.java:119)&#xD;
	at com.kms.katalon.core.main.TestCaseExecutor.runScript(TestCaseExecutor.java:337)&#xD;
	at com.kms.katalon.core.main.TestCaseExecutor.doExecute(TestCaseExecutor.java:328)&#xD;
	at com.kms.katalon.core.main.TestCaseExecutor.processExecutionPhase(TestCaseExecutor.java:307)&#xD;
	at com.kms.katalon.core.main.TestCaseExecutor.accessMainPhase(TestCaseExecutor.java:299)&#xD;
	at com.kms.katalon.core.main.TestCaseExecutor.execute(TestCaseExecutor.java:233)&#xD;
	at com.kms.katalon.core.main.TestSuiteExecutor.accessTestCaseMainPhase(TestSuiteExecutor.java:169)&#xD;
	at com.kms.katalon.core.main.TestSuiteExecutor.accessTestSuiteMainPhase(TestSuiteExecutor.java:142)&#xD;
	at com.kms.katalon.core.main.TestSuiteExecutor.execute(TestSuiteExecutor.java:91)&#xD;
	at com.kms.katalon.core.main.TestCaseMain.startTestSuite(TestCaseMain.java:157)&#xD;
	at com.kms.katalon.core.main.TestCaseMain$startTestSuite$0.call(Unknown Source)&#xD;
	at TempTestSuite1604396236473.run(TempTestSuite1604396236473.groovy:35)&#xD;
Caused by: com.kms.katalon.core.exception.StepFailedException: com.kms.katalon.core.webui.exception.WebElementNotFoundException: Web element with id: 'Object Repository/Generic/webObjectWithText' located by 'By.xpath: //*[contains(text(),'Copy Preview Link')]' not found&#xD;
	at com.kms.katalon.core.webui.keyword.internal.WebUIKeywordMain.stepFailed(WebUIKeywordMain.groovy:64)&#xD;
	at com.kms.katalon.core.webui.keyword.builtin.VerifyElementPresentKeyword$_verifyElementPresent_closure1.doCall(VerifyElementPresentKeyword.groovy:85)&#xD;
	at com.kms.katalon.core.webui.keyword.builtin.VerifyElementPresentKeyword$_verifyElementPresent_closure1.call(VerifyElementPresentKeyword.groovy)&#xD;
	at com.kms.katalon.core.webui.keyword.internal.WebUIKeywordMain.runKeyword(WebUIKeywordMain.groovy:20)&#xD;
	... 19 more&#xD;
&#xD;
&#xD;
2020-11-03 15:11:21 - [TEST_STEP][PASSED] - waitForElementVisible(findTestObject("Button/createBot"), 20, OPTIONAL): Object 'Object Repository/Button/createBot' is visible&#xD;
&#xD;
2020-11-03 15:11:29 - [MESSAGE][PASSED] - Object 'Object Repository/Button/createBot' is visible&#xD;
&#xD;
2020-11-03 15:11:29 - [TEST_STEP][PASSED] - botCardOptions = platform.Method.verifyBotCardMenu("Q&amp;A bots", FAQ_BOT): platform.Method.verifyBotCardMenu is PASSED&#xD;
&#xD;
2020-11-03 15:12:48 - [MESSAGE][PASSED] - platform.Method.verifyBotCardMenu is PASSED&#xD;
&#xD;
2020-11-03 15:12:48 - [TEST_STEP][FAILED] - verifyElementPresent(findTestObject("Generic/webObjectWithText", ["textValue":"Copy Preview Link"]), 5, STOP_ON_FAILURE): Unable to verify object 'Object Repository/Generic/webObjectWithText' is present (Root cause: com.kms.katalon.core.exception.StepFailedException: Unable to verify object 'Object Repository/Generic/webObjectWithText' is present&#xD;
	at com.kms.katalon.core.webui.keyword.internal.WebUIKeywordMain.stepFailed(WebUIKeywordMain.groovy:64)&#xD;
	at com.kms.katalon.core.webui.keyword.internal.WebUIKeywordMain.runKeyword(WebUIKeywordMain.groovy:26)&#xD;
	at com.kms.katalon.core.webui.keyword.builtin.VerifyElementPresentKeyword.verifyElementPresent(VerifyElementPresentKeyword.groovy:92)&#xD;
	at com.kms.katalon.core.webui.keyword.builtin.VerifyElementPresentKeyword.execute(VerifyElementPresentKeyword.groovy:68)&#xD;
	at com.kms.katalon.core.keyword.internal.KeywordExecutor.executeKeywordForPlatform(KeywordExecutor.groovy:56)&#xD;
	at com.kms.katalon.core.webui.keyword.WebUiBuiltInKeywords.verifyElementPresent(WebUiBuiltInKeywords.groovy:1418)&#xD;
	at com.kms.katalon.core.webui.keyword.WebUiBuiltInKeywords$verifyElementPresent$6.call(Unknown Source)&#xD;
	at botCardMenuWithFallbackMessage_Test.run(botCardMenuWithFallbackMessage_Test:14)&#xD;
	at com.kms.katalon.core.main.ScriptEngine.run(ScriptEngine.java:194)&#xD;
	at com.kms.katalon.core.main.ScriptEngine.runScriptAsRawText(ScriptEngine.java:119)&#xD;
	at com.kms.katalon.core.main.TestCaseExecutor.runScript(TestCaseExecutor.java:337)&#xD;
	at com.kms.katalon.core.main.TestCaseExecutor.doExecute(TestCaseExecutor.java:328)&#xD;
	at com.kms.katalon.core.main.TestCaseExecutor.processExecutionPhase(TestCaseExecutor.java:307)&#xD;
	at com.kms.katalon.core.main.TestCaseExecutor.accessMainPhase(TestCaseExecutor.java:299)&#xD;
	at com.kms.katalon.core.main.TestCaseExecutor.execute(TestCaseExecutor.java:233)&#xD;
	at com.kms.katalon.core.main.TestSuiteExecutor.accessTestCaseMainPhase(TestSuiteExecutor.java:169)&#xD;
	at com.kms.katalon.core.main.TestSuiteExecutor.accessTestSuiteMainPhase(TestSuiteExecutor.java:142)&#xD;
	at com.kms.katalon.core.main.TestSuiteExecutor.execute(TestSuiteExecutor.java:91)&#xD;
	at com.kms.katalon.core.main.TestCaseMain.startTestSuite(TestCaseMain.java:157)&#xD;
	at com.kms.katalon.core.main.TestCaseMain$startTestSuite$0.call(Unknown Source)&#xD;
	at TempTestSuite1604396236473.run(TempTestSuite1604396236473.groovy:35)&#xD;
Caused by: com.kms.katalon.core.exception.StepFailedException: com.kms.katalon.core.webui.exception.WebElementNotFoundException: Web element with id: 'Object Repository/Generic/webObjectWithText' located by 'By.xpath: //*[contains(text(),'Copy Preview Link')]' not found&#xD;
	at com.kms.katalon.core.webui.keyword.internal.WebUIKeywordMain.stepFailed(WebUIKeywordMain.groovy:64)&#xD;
	at com.kms.katalon.core.webui.keyword.builtin.VerifyElementPresentKeyword$_verifyElementPresent_closure1.doCall(VerifyElementPresentKeyword.groovy:85)&#xD;
	at com.kms.katalon.core.webui.keyword.builtin.VerifyElementPresentKeyword$_verifyElementPresent_closure1.call(VerifyElementPresentKeyword.groovy)&#xD;
	at com.kms.katalon.core.webui.keyword.internal.WebUIKeywordMain.runKeyword(WebUIKeywordMain.groovy:20)&#xD;
	... 19 more&#xD;
)&#xD;
&#xD;
2020-11-03 15:12:59 - [MESSAGE][INFO] - Unable to find the element located by 'By.xpath: //*[contains(text(),'Copy Preview Link')]'. Please recheck the objects properties to make sure the desired element is located. &#xD;
&#xD;
2020-11-03 15:13:04 - [MESSAGE][FAILED] - com.kms.katalon.core.webui.exception.WebElementNotFoundException: Web element with id: 'Object Repository/Generic/webObjectWithText' located by 'By.xpath: //*[contains(text(),'Copy Preview Link')]' not found (Root cause: com.kms.katalon.core.exception.StepFailedException: com.kms.katalon.core.webui.exception.WebElementNotFoundException: Web element with id: 'Object Repository/Generic/webObjectWithText' located by 'By.xpath: //*[contains(text(),'Copy Preview Link')]' not found&#xD;
	at com.kms.katalon.core.webui.keyword.internal.WebUIKeywordMain.stepFailed(WebUIKeywordMain.groovy:64)&#xD;
	at com.kms.katalon.core.webui.keyword.builtin.VerifyElementPresentKeyword$_verifyElementPresent_closure1.doCall(VerifyElementPresentKeyword.groovy:85)&#xD;
	at com.kms.katalon.core.webui.keyword.builtin.VerifyElementPresentKeyword$_verifyElementPresent_closure1.call(VerifyElementPresentKeyword.groovy)&#xD;
	at com.kms.katalon.core.webui.keyword.internal.WebUIKeywordMain.runKeyword(WebUIKeywordMain.groovy:20)&#xD;
	at com.kms.katalon.core.webui.keyword.builtin.VerifyElementPresentKeyword.verifyElementPresent(VerifyElementPresentKeyword.groovy:92)&#xD;
	at com.kms.katalon.core.webui.keyword.builtin.VerifyElementPresentKeyword.execute(VerifyElementPresentKeyword.groovy:68)&#xD;
	at com.kms.katalon.core.keyword.internal.KeywordExecutor.executeKeywordForPlatform(KeywordExecutor.groovy:56)&#xD;
	at com.kms.katalon.core.webui.keyword.WebUiBuiltInKeywords.verifyElementPresent(WebUiBuiltInKeywords.groovy:1418)&#xD;
	at com.kms.katalon.core.webui.keyword.WebUiBuiltInKeywords$verifyElementPresent$6.call(Unknown Source)&#xD;
	at botCardMenuWithFallbackMessage_Test.run(botCardMenuWithFallbackMessage_Test:14)&#xD;
	at com.kms.katalon.core.main.ScriptEngine.run(ScriptEngine.java:194)&#xD;
	at com.kms.katalon.core.main.ScriptEngine.runScriptAsRawText(ScriptEngine.java:119)&#xD;
	at com.kms.katalon.core.main.TestCaseExecutor.runScript(TestCaseExecutor.java:337)&#xD;
	at com.kms.katalon.core.main.TestCaseExecutor.doExecute(TestCaseExecutor.java:328)&#xD;
	at com.kms.katalon.core.main.TestCaseExecutor.processExecutionPhase(TestCaseExecutor.java:307)&#xD;
	at com.kms.katalon.core.main.TestCaseExecutor.accessMainPhase(TestCaseExecutor.java:299)&#xD;
	at com.kms.katalon.core.main.TestCaseExecutor.execute(TestCaseExecutor.java:233)&#xD;
	at com.kms.katalon.core.main.TestSuiteExecutor.accessTestCaseMainPhase(TestSuiteExecutor.java:169)&#xD;
	at com.kms.katalon.core.main.TestSuiteExecutor.accessTestSuiteMainPhase(TestSuiteExecutor.java:142)&#xD;
	at com.kms.katalon.core.main.TestSuiteExecutor.execute(TestSuiteExecutor.java:91)&#xD;
	at com.kms.katalon.core.main.TestCaseMain.startTestSuite(TestCaseMain.java:157)&#xD;
	at com.kms.katalon.core.main.TestCaseMain$startTestSuite$0.call(Unknown Source)&#xD;
	at TempTestSuite1604396236473.run(TempTestSuite1604396236473.groovy:35)&#xD;
)&#xD;
[[ATTACHMENT|D:\\IMIbot.ai-Project\\Reports\\20201103_150716\\FAQ_SSO\\20201103_150716\\1604396579745.png]]&#xD;
&#xD;
2020-11-03 15:13:07 - [MESSAGE][FAILED] - Unable to verify object 'Object Repository/Generic/webObjectWithText' is present (Root cause: com.kms.katalon.core.exception.StepFailedException: Unable to verify object 'Object Repository/Generic/webObjectWithText' is present&#xD;
	at com.kms.katalon.core.webui.keyword.internal.WebUIKeywordMain.stepFailed(WebUIKeywordMain.groovy:64)&#xD;
	at com.kms.katalon.core.webui.keyword.internal.WebUIKeywordMain.runKeyword(WebUIKeywordMain.groovy:26)&#xD;
	at com.kms.katalon.core.webui.keyword.builtin.VerifyElementPresentKeyword.verifyElementPresent(VerifyElementPresentKeyword.groovy:92)&#xD;
	at com.kms.katalon.core.webui.keyword.builtin.VerifyElementPresentKeyword.execute(VerifyElementPresentKeyword.groovy:68)&#xD;
	at com.kms.katalon.core.keyword.internal.KeywordExecutor.executeKeywordForPlatform(KeywordExecutor.groovy:56)&#xD;
	at com.kms.katalon.core.webui.keyword.WebUiBuiltInKeywords.verifyElementPresent(WebUiBuiltInKeywords.groovy:1418)&#xD;
	at com.kms.katalon.core.webui.keyword.WebUiBuiltInKeywords$verifyElementPresent$6.call(Unknown Source)&#xD;
	at botCardMenuWithFallbackMessage_Test.run(botCardMenuWithFallbackMessage_Test:14)&#xD;
	at com.kms.katalon.core.main.ScriptEngine.run(ScriptEngine.java:194)&#xD;
	at com.kms.katalon.core.main.ScriptEngine.runScriptAsRawText(ScriptEngine.java:119)&#xD;
	at com.kms.katalon.core.main.TestCaseExecutor.runScript(TestCaseExecutor.java:337)&#xD;
	at com.kms.katalon.core.main.TestCaseExecutor.doExecute(TestCaseExecutor.java:328)&#xD;
	at com.kms.katalon.core.main.TestCaseExecutor.processExecutionPhase(TestCaseExecutor.java:307)&#xD;
	at com.kms.katalon.core.main.TestCaseExecutor.accessMainPhase(TestCaseExecutor.java:299)&#xD;
	at com.kms.katalon.core.main.TestCaseExecutor.execute(TestCaseExecutor.java:233)&#xD;
	at com.kms.katalon.core.main.TestSuiteExecutor.accessTestCaseMainPhase(TestSuiteExecutor.java:169)&#xD;
	at com.kms.katalon.core.main.TestSuiteExecutor.accessTestSuiteMainPhase(TestSuiteExecutor.java:142)&#xD;
	at com.kms.katalon.core.main.TestSuiteExecutor.execute(TestSuiteExecutor.java:91)&#xD;
	at com.kms.katalon.core.main.TestCaseMain.startTestSuite(TestCaseMain.java:157)&#xD;
	at com.kms.katalon.core.main.TestCaseMain$startTestSuite$0.call(Unknown Source)&#xD;
	at TempTestSuite1604396236473.run(TempTestSuite1604396236473.groovy:35)&#xD;
Caused by: com.kms.katalon.core.exception.StepFailedException: com.kms.katalon.core.webui.exception.WebElementNotFoundException: Web element with id: 'Object Repository/Generic/webObjectWithText' located by 'By.xpath: //*[contains(text(),'Copy Preview Link')]' not found&#xD;
	at com.kms.katalon.core.webui.keyword.internal.WebUIKeywordMain.stepFailed(WebUIKeywordMain.groovy:64)&#xD;
	at com.kms.katalon.core.webui.keyword.builtin.VerifyElementPresentKeyword$_verifyElementPresent_closure1.doCall(VerifyElementPresentKeyword.groovy:85)&#xD;
	at com.kms.katalon.core.webui.keyword.builtin.VerifyElementPresentKeyword$_verifyElementPresent_closure1.call(VerifyElementPresentKeyword.groovy)&#xD;
	at com.kms.katalon.core.webui.keyword.internal.WebUIKeywordMain.runKeyword(WebUIKeywordMain.groovy:20)&#xD;
	... 19 more&#xD;
)&#xD;
[[ATTACHMENT|D:\\IMIbot.ai-Project\\Reports\\20201103_150716\\FAQ_SSO\\20201103_150716\\1604396584842.png]]</system-out>
            <system-err>2020-11-03 15:11:20 - [TEST_CASE][FAILED] - Test Cases/FAQ_SSO/botCardMenuWithFallbackMessage_Test: Test Cases/FAQ_SSO/botCardMenuWithFallbackMessage_Test FAILED.
Reason:
com.kms.katalon.core.exception.StepFailedException: Unable to verify object 'Object Repository/Generic/webObjectWithText' is present&#xD;
	at com.kms.katalon.core.webui.keyword.internal.WebUIKeywordMain.stepFailed(WebUIKeywordMain.groovy:64)&#xD;
	at com.kms.katalon.core.webui.keyword.internal.WebUIKeywordMain.runKeyword(WebUIKeywordMain.groovy:26)&#xD;
	at com.kms.katalon.core.webui.keyword.builtin.VerifyElementPresentKeyword.verifyElementPresent(VerifyElementPresentKeyword.groovy:92)&#xD;
	at com.kms.katalon.core.webui.keyword.builtin.VerifyElementPresentKeyword.execute(VerifyElementPresentKeyword.groovy:68)&#xD;
	at com.kms.katalon.core.keyword.internal.KeywordExecutor.executeKeywordForPlatform(KeywordExecutor.groovy:56)&#xD;
	at com.kms.katalon.core.webui.keyword.WebUiBuiltInKeywords.verifyElementPresent(WebUiBuiltInKeywords.groovy:1418)&#xD;
	at com.kms.katalon.core.webui.keyword.WebUiBuiltInKeywords$verifyElementPresent$6.call(Unknown Source)&#xD;
	at botCardMenuWithFallbackMessage_Test.run(botCardMenuWithFallbackMessage_Test:14)&#xD;
	at com.kms.katalon.core.main.ScriptEngine.run(ScriptEngine.java:194)&#xD;
	at com.kms.katalon.core.main.ScriptEngine.runScriptAsRawText(ScriptEngine.java:119)&#xD;
	at com.kms.katalon.core.main.TestCaseExecutor.runScript(TestCaseExecutor.java:337)&#xD;
	at com.kms.katalon.core.main.TestCaseExecutor.doExecute(TestCaseExecutor.java:328)&#xD;
	at com.kms.katalon.core.main.TestCaseExecutor.processExecutionPhase(TestCaseExecutor.java:307)&#xD;
	at com.kms.katalon.core.main.TestCaseExecutor.accessMainPhase(TestCaseExecutor.java:299)&#xD;
	at com.kms.katalon.core.main.TestCaseExecutor.execute(TestCaseExecutor.java:233)&#xD;
	at com.kms.katalon.core.main.TestSuiteExecutor.accessTestCaseMainPhase(TestSuiteExecutor.java:169)&#xD;
	at com.kms.katalon.core.main.TestSuiteExecutor.accessTestSuiteMainPhase(TestSuiteExecutor.java:142)&#xD;
	at com.kms.katalon.core.main.TestSuiteExecutor.execute(TestSuiteExecutor.java:91)&#xD;
	at com.kms.katalon.core.main.TestCaseMain.startTestSuite(TestCaseMain.java:157)&#xD;
	at com.kms.katalon.core.main.TestCaseMain$startTestSuite$0.call(Unknown Source)&#xD;
	at TempTestSuite1604396236473.run(TempTestSuite1604396236473.groovy:35)&#xD;
Caused by: com.kms.katalon.core.exception.StepFailedException: com.kms.katalon.core.webui.exception.WebElementNotFoundException: Web element with id: 'Object Repository/Generic/webObjectWithText' located by 'By.xpath: //*[contains(text(),'Copy Preview Link')]' not found&#xD;
	at com.kms.katalon.core.webui.keyword.internal.WebUIKeywordMain.stepFailed(WebUIKeywordMain.groovy:64)&#xD;
	at com.kms.katalon.core.webui.keyword.builtin.VerifyElementPresentKeyword$_verifyElementPresent_closure1.doCall(VerifyElementPresentKeyword.groovy:85)&#xD;
	at com.kms.katalon.core.webui.keyword.builtin.VerifyElementPresentKeyword$_verifyElementPresent_closure1.call(VerifyElementPresentKeyword.groovy)&#xD;
	at com.kms.katalon.core.webui.keyword.internal.WebUIKeywordMain.runKeyword(WebUIKeywordMain.groovy:20)&#xD;
	... 19 more</system-err>
        </testcase>
        <testcase name="Test Cases/FAQ_SSO/importArticlesFromCsv_Test" classname="Test Cases/FAQ_SSO/importArticlesFromCsv_Test" status="ERROR">
            <error type="ERROR" message="Test Cases/FAQ_SSO/importArticlesFromCsv_Test FAILED.&#xA;Reason:&#xA;org.codehaus.groovy.runtime.InvokerInvocationException: com.kms.katalon.core.webui.exception.WebElementNotFoundException: Web element with id: 'Object Repository/Generic/articles' located by 'By.xpath: //*[@data-cy = 'sidebar-articles']' not found&#xD;&#xA;&#x9;at platform.Method.invokeMethod(Method.groovy)&#xD;&#xA;&#x9;at com.kms.katalon.core.main.CustomKeywordDelegatingMetaClass.invokeStaticMethod(CustomKeywordDelegatingMetaClass.java:50)&#xD;&#xA;&#x9;at importArticlesFromCsv_Test.run(importArticlesFromCsv_Test:13)&#xD;&#xA;&#x9;at com.kms.katalon.core.main.ScriptEngine.run(ScriptEngine.java:194)&#xD;&#xA;&#x9;at com.kms.katalon.core.main.ScriptEngine.runScriptAsRawText(ScriptEngine.java:119)&#xD;&#xA;&#x9;at com.kms.katalon.core.main.TestCaseExecutor.runScript(TestCaseExecutor.java:337)&#xD;&#xA;&#x9;at com.kms.katalon.core.main.TestCaseExecutor.doExecute(TestCaseExecutor.java:328)&#xD;&#xA;&#x9;at com.kms.katalon.core.main.TestCaseExecutor.processExecutionPhase(TestCaseExecutor.java:307)&#xD;&#xA;&#x9;at com.kms.katalon.core.main.TestCaseExecutor.accessMainPhase(TestCaseExecutor.java:299)&#xD;&#xA;&#x9;at com.kms.katalon.core.main.TestCaseExecutor.execute(TestCaseExecutor.java:233)&#xD;&#xA;&#x9;at com.kms.katalon.core.main.TestSuiteExecutor.accessTestCaseMainPhase(TestSuiteExecutor.java:169)&#xD;&#xA;&#x9;at com.kms.katalon.core.main.TestSuiteExecutor.accessTestSuiteMainPhase(TestSuiteExecutor.java:142)&#xD;&#xA;&#x9;at com.kms.katalon.core.main.TestSuiteExecutor.execute(TestSuiteExecutor.java:91)&#xD;&#xA;&#x9;at com.kms.katalon.core.main.TestCaseMain.startTestSuite(TestCaseMain.java:157)&#xD;&#xA;&#x9;at com.kms.katalon.core.main.TestCaseMain$startTestSuite$0.call(Unknown Source)&#xD;&#xA;&#x9;at TempTestSuite1604396236473.run(TempTestSuite1604396236473.groovy:35)&#xD;&#xA;Caused by: com.kms.katalon.core.webui.exception.WebElementNotFoundException: Web element with id: 'Object Repository/Generic/articles' located by 'By.xpath: //*[@data-cy = 'sidebar-articles']' not found&#xD;&#xA;&#x9;at com.kms.katalon.core.webui.common.WebUiCommonHelper.findWebElement(WebUiCommonHelper.java:1097)&#xD;&#xA;&#x9;at com.kms.katalon.core.webui.common.WebUiCommonHelper$findWebElement.call(Unknown Source)&#xD;&#xA;&#x9;at platform.Method.clickOnElement(Method.groovy:32)&#xD;&#xA;&#x9;... 16 more&#xD;&#xA;"/>
            <system-out>2020-11-03 15:13:08 - [TEST_CASE][ERROR] - Test Cases/FAQ_SSO/importArticlesFromCsv_Test: Test Cases/FAQ_SSO/importArticlesFromCsv_Test FAILED.
Reason:
org.codehaus.groovy.runtime.InvokerInvocationException: com.kms.katalon.core.webui.exception.WebElementNotFoundException: Web element with id: 'Object Repository/Generic/articles' located by 'By.xpath: //*[@data-cy = 'sidebar-articles']' not found&#xD;
	at platform.Method.invokeMethod(Method.groovy)&#xD;
	at com.kms.katalon.core.main.CustomKeywordDelegatingMetaClass.invokeStaticMethod(CustomKeywordDelegatingMetaClass.java:50)&#xD;
	at importArticlesFromCsv_Test.run(importArticlesFromCsv_Test:13)&#xD;
	at com.kms.katalon.core.main.ScriptEngine.run(ScriptEngine.java:194)&#xD;
	at com.kms.katalon.core.main.ScriptEngine.runScriptAsRawText(ScriptEngine.java:119)&#xD;
	at com.kms.katalon.core.main.TestCaseExecutor.runScript(TestCaseExecutor.java:337)&#xD;
	at com.kms.katalon.core.main.TestCaseExecutor.doExecute(TestCaseExecutor.java:328)&#xD;
	at com.kms.katalon.core.main.TestCaseExecutor.processExecutionPhase(TestCaseExecutor.java:307)&#xD;
	at com.kms.katalon.core.main.TestCaseExecutor.accessMainPhase(TestCaseExecutor.java:299)&#xD;
	at com.kms.katalon.core.main.TestCaseExecutor.execute(TestCaseExecutor.java:233)&#xD;
	at com.kms.katalon.core.main.TestSuiteExecutor.accessTestCaseMainPhase(TestSuiteExecutor.java:169)&#xD;
	at com.kms.katalon.core.main.TestSuiteExecutor.accessTestSuiteMainPhase(TestSuiteExecutor.java:142)&#xD;
	at com.kms.katalon.core.main.TestSuiteExecutor.execute(TestSuiteExecutor.java:91)&#xD;
	at com.kms.katalon.core.main.TestCaseMain.startTestSuite(TestCaseMain.java:157)&#xD;
	at com.kms.katalon.core.main.TestCaseMain$startTestSuite$0.call(Unknown Source)&#xD;
	at TempTestSuite1604396236473.run(TempTestSuite1604396236473.groovy:35)&#xD;
Caused by: com.kms.katalon.core.webui.exception.WebElementNotFoundException: Web element with id: 'Object Repository/Generic/articles' located by 'By.xpath: //*[@data-cy = 'sidebar-articles']' not found&#xD;
	at com.kms.katalon.core.webui.common.WebUiCommonHelper.findWebElement(WebUiCommonHelper.java:1097)&#xD;
	at com.kms.katalon.core.webui.common.WebUiCommonHelper$findWebElement.call(Unknown Source)&#xD;
	at platform.Method.clickOnElement(Method.groovy:32)&#xD;
	... 16 more&#xD;
&#xD;
&#xD;
2020-11-03 15:13:11 - [TEST_STEP][ERROR] - platform.Method.clickOnElement(findTestObject("Generic/articles")): com.kms.katalon.core.webui.exception.WebElementNotFoundException: Web element with id: 'Object Repository/Generic/articles' located by 'By.xpath: //*[@data-cy = 'sidebar-articles']' not found&#xD;
&#xD;
2020-11-03 15:13:21 - [MESSAGE][INFO] - Unable to find the element located by 'By.xpath: //*[@data-cy = 'sidebar-articles']'. Please recheck the objects properties to make sure the desired element is located. &#xD;
&#xD;
2020-11-03 15:13:21 - [MESSAGE][ERROR] - com.kms.katalon.core.webui.exception.WebElementNotFoundException: Web element with id: 'Object Repository/Generic/articles' located by 'By.xpath: //*[@data-cy = 'sidebar-articles']' not found</system-out>
            <system-err>2020-11-03 15:13:08 - [TEST_CASE][ERROR] - Test Cases/FAQ_SSO/importArticlesFromCsv_Test: Test Cases/FAQ_SSO/importArticlesFromCsv_Test FAILED.
Reason:
org.codehaus.groovy.runtime.InvokerInvocationException: com.kms.katalon.core.webui.exception.WebElementNotFoundException: Web element with id: 'Object Repository/Generic/articles' located by 'By.xpath: //*[@data-cy = 'sidebar-articles']' not found&#xD;
	at platform.Method.invokeMethod(Method.groovy)&#xD;
	at com.kms.katalon.core.main.CustomKeywordDelegatingMetaClass.invokeStaticMethod(CustomKeywordDelegatingMetaClass.java:50)&#xD;
	at importArticlesFromCsv_Test.run(importArticlesFromCsv_Test:13)&#xD;
	at com.kms.katalon.core.main.ScriptEngine.run(ScriptEngine.java:194)&#xD;
	at com.kms.katalon.core.main.ScriptEngine.runScriptAsRawText(ScriptEngine.java:119)&#xD;
	at com.kms.katalon.core.main.TestCaseExecutor.runScript(TestCaseExecutor.java:337)&#xD;
	at com.kms.katalon.core.main.TestCaseExecutor.doExecute(TestCaseExecutor.java:328)&#xD;
	at com.kms.katalon.core.main.TestCaseExecutor.processExecutionPhase(TestCaseExecutor.java:307)&#xD;
	at com.kms.katalon.core.main.TestCaseExecutor.accessMainPhase(TestCaseExecutor.java:299)&#xD;
	at com.kms.katalon.core.main.TestCaseExecutor.execute(TestCaseExecutor.java:233)&#xD;
	at com.kms.katalon.core.main.TestSuiteExecutor.accessTestCaseMainPhase(TestSuiteExecutor.java:169)&#xD;
	at com.kms.katalon.core.main.TestSuiteExecutor.accessTestSuiteMainPhase(TestSuiteExecutor.java:142)&#xD;
	at com.kms.katalon.core.main.TestSuiteExecutor.execute(TestSuiteExecutor.java:91)&#xD;
	at com.kms.katalon.core.main.TestCaseMain.startTestSuite(TestCaseMain.java:157)&#xD;
	at com.kms.katalon.core.main.TestCaseMain$startTestSuite$0.call(Unknown Source)&#xD;
	at TempTestSuite1604396236473.run(TempTestSuite1604396236473.groovy:35)&#xD;
Caused by: com.kms.katalon.core.webui.exception.WebElementNotFoundException: Web element with id: 'Object Repository/Generic/articles' located by 'By.xpath: //*[@data-cy = 'sidebar-articles']' not found&#xD;
	at com.kms.katalon.core.webui.common.WebUiCommonHelper.findWebElement(WebUiCommonHelper.java:1097)&#xD;
	at com.kms.katalon.core.webui.common.WebUiCommonHelper$findWebElement.call(Unknown Source)&#xD;
	at platform.Method.clickOnElement(Method.groovy:32)&#xD;
	... 16 more</system-err>
        </testcase>
        <testcase name="Test Cases/FAQ_SSO/extractArticleFromExternalLink_Test" classname="Test Cases/FAQ_SSO/extractArticleFromExternalLink_Test" status="ERROR">
            <error type="ERROR" message="Test Cases/FAQ_SSO/extractArticleFromExternalLink_Test FAILED.&#xA;Reason:&#xA;org.codehaus.groovy.runtime.InvokerInvocationException: com.kms.katalon.core.webui.exception.WebElementNotFoundException: Web element with id: 'Object Repository/Generic/articles' located by 'By.xpath: //*[@data-cy = 'sidebar-articles']' not found&#xD;&#xA;&#x9;at platform.Method.invokeMethod(Method.groovy)&#xD;&#xA;&#x9;at com.kms.katalon.core.main.CustomKeywordDelegatingMetaClass.invokeStaticMethod(CustomKeywordDelegatingMetaClass.java:50)&#xD;&#xA;&#x9;at extractArticleFromExternalLink_Test.run(extractArticleFromExternalLink_Test:23)&#xD;&#xA;&#x9;at com.kms.katalon.core.main.ScriptEngine.run(ScriptEngine.java:194)&#xD;&#xA;&#x9;at com.kms.katalon.core.main.ScriptEngine.runScriptAsRawText(ScriptEngine.java:119)&#xD;&#xA;&#x9;at com.kms.katalon.core.main.TestCaseExecutor.runScript(TestCaseExecutor.java:337)&#xD;&#xA;&#x9;at com.kms.katalon.core.main.TestCaseExecutor.doExecute(TestCaseExecutor.java:328)&#xD;&#xA;&#x9;at com.kms.katalon.core.main.TestCaseExecutor.processExecutionPhase(TestCaseExecutor.java:307)&#xD;&#xA;&#x9;at com.kms.katalon.core.main.TestCaseExecutor.accessMainPhase(TestCaseExecutor.java:299)&#xD;&#xA;&#x9;at com.kms.katalon.core.main.TestCaseExecutor.execute(TestCaseExecutor.java:233)&#xD;&#xA;&#x9;at com.kms.katalon.core.main.TestSuiteExecutor.accessTestCaseMainPhase(TestSuiteExecutor.java:169)&#xD;&#xA;&#x9;at com.kms.katalon.core.main.TestSuiteExecutor.accessTestSuiteMainPhase(TestSuiteExecutor.java:142)&#xD;&#xA;&#x9;at com.kms.katalon.core.main.TestSuiteExecutor.execute(TestSuiteExecutor.java:91)&#xD;&#xA;&#x9;at com.kms.katalon.core.main.TestCaseMain.startTestSuite(TestCaseMain.java:157)&#xD;&#xA;&#x9;at com.kms.katalon.core.main.TestCaseMain$startTestSuite$0.call(Unknown Source)&#xD;&#xA;&#x9;at TempTestSuite1604396236473.run(TempTestSuite1604396236473.groovy:35)&#xD;&#xA;Caused by: com.kms.katalon.core.webui.exception.WebElementNotFoundException: Web element with id: 'Object Repository/Generic/articles' located by 'By.xpath: //*[@data-cy = 'sidebar-articles']' not found&#xD;&#xA;&#x9;at com.kms.katalon.core.webui.common.WebUiCommonHelper.findWebElement(WebUiCommonHelper.java:1097)&#xD;&#xA;&#x9;at com.kms.katalon.core.webui.common.WebUiCommonHelper$findWebElement.call(Unknown Source)&#xD;&#xA;&#x9;at platform.Method.clickOnElement(Method.groovy:32)&#xD;&#xA;&#x9;... 16 more&#xD;&#xA;"/>
            <system-out>2020-11-03 15:13:21 - [TEST_CASE][ERROR] - Test Cases/FAQ_SSO/extractArticleFromExternalLink_Test: Test Cases/FAQ_SSO/extractArticleFromExternalLink_Test FAILED.
Reason:
org.codehaus.groovy.runtime.InvokerInvocationException: com.kms.katalon.core.webui.exception.WebElementNotFoundException: Web element with id: 'Object Repository/Generic/articles' located by 'By.xpath: //*[@data-cy = 'sidebar-articles']' not found&#xD;
	at platform.Method.invokeMethod(Method.groovy)&#xD;
	at com.kms.katalon.core.main.CustomKeywordDelegatingMetaClass.invokeStaticMethod(CustomKeywordDelegatingMetaClass.java:50)&#xD;
	at extractArticleFromExternalLink_Test.run(extractArticleFromExternalLink_Test:23)&#xD;
	at com.kms.katalon.core.main.ScriptEngine.run(ScriptEngine.java:194)&#xD;
	at com.kms.katalon.core.main.ScriptEngine.runScriptAsRawText(ScriptEngine.java:119)&#xD;
	at com.kms.katalon.core.main.TestCaseExecutor.runScript(TestCaseExecutor.java:337)&#xD;
	at com.kms.katalon.core.main.TestCaseExecutor.doExecute(TestCaseExecutor.java:328)&#xD;
	at com.kms.katalon.core.main.TestCaseExecutor.processExecutionPhase(TestCaseExecutor.java:307)&#xD;
	at com.kms.katalon.core.main.TestCaseExecutor.accessMainPhase(TestCaseExecutor.java:299)&#xD;
	at com.kms.katalon.core.main.TestCaseExecutor.execute(TestCaseExecutor.java:233)&#xD;
	at com.kms.katalon.core.main.TestSuiteExecutor.accessTestCaseMainPhase(TestSuiteExecutor.java:169)&#xD;
	at com.kms.katalon.core.main.TestSuiteExecutor.accessTestSuiteMainPhase(TestSuiteExecutor.java:142)&#xD;
	at com.kms.katalon.core.main.TestSuiteExecutor.execute(TestSuiteExecutor.java:91)&#xD;
	at com.kms.katalon.core.main.TestCaseMain.startTestSuite(TestCaseMain.java:157)&#xD;
	at com.kms.katalon.core.main.TestCaseMain$startTestSuite$0.call(Unknown Source)&#xD;
	at TempTestSuite1604396236473.run(TempTestSuite1604396236473.groovy:35)&#xD;
Caused by: com.kms.katalon.core.webui.exception.WebElementNotFoundException: Web element with id: 'Object Repository/Generic/articles' located by 'By.xpath: //*[@data-cy = 'sidebar-articles']' not found&#xD;
	at com.kms.katalon.core.webui.common.WebUiCommonHelper.findWebElement(WebUiCommonHelper.java:1097)&#xD;
	at com.kms.katalon.core.webui.common.WebUiCommonHelper$findWebElement.call(Unknown Source)&#xD;
	at platform.Method.clickOnElement(Method.groovy:32)&#xD;
	... 16 more&#xD;
&#xD;
&#xD;
2020-11-03 15:13:30 - [TEST_STEP][ERROR] - platform.Method.clickOnElement(findTestObject("Generic/articles")): com.kms.katalon.core.webui.exception.WebElementNotFoundException: Web element with id: 'Object Repository/Generic/articles' located by 'By.xpath: //*[@data-cy = 'sidebar-articles']' not found&#xD;
&#xD;
2020-11-03 15:13:37 - [MESSAGE][INFO] - Unable to find the element located by 'By.xpath: //*[@data-cy = 'sidebar-articles']'. Please recheck the objects properties to make sure the desired element is located. &#xD;
&#xD;
2020-11-03 15:13:37 - [MESSAGE][ERROR] - com.kms.katalon.core.webui.exception.WebElementNotFoundException: Web element with id: 'Object Repository/Generic/articles' located by 'By.xpath: //*[@data-cy = 'sidebar-articles']' not found</system-out>
            <system-err>2020-11-03 15:13:21 - [TEST_CASE][ERROR] - Test Cases/FAQ_SSO/extractArticleFromExternalLink_Test: Test Cases/FAQ_SSO/extractArticleFromExternalLink_Test FAILED.
Reason:
org.codehaus.groovy.runtime.InvokerInvocationException: com.kms.katalon.core.webui.exception.WebElementNotFoundException: Web element with id: 'Object Repository/Generic/articles' located by 'By.xpath: //*[@data-cy = 'sidebar-articles']' not found&#xD;
	at platform.Method.invokeMethod(Method.groovy)&#xD;
	at com.kms.katalon.core.main.CustomKeywordDelegatingMetaClass.invokeStaticMethod(CustomKeywordDelegatingMetaClass.java:50)&#xD;
	at extractArticleFromExternalLink_Test.run(extractArticleFromExternalLink_Test:23)&#xD;
	at com.kms.katalon.core.main.ScriptEngine.run(ScriptEngine.java:194)&#xD;
	at com.kms.katalon.core.main.ScriptEngine.runScriptAsRawText(ScriptEngine.java:119)&#xD;
	at com.kms.katalon.core.main.TestCaseExecutor.runScript(TestCaseExecutor.java:337)&#xD;
	at com.kms.katalon.core.main.TestCaseExecutor.doExecute(TestCaseExecutor.java:328)&#xD;
	at com.kms.katalon.core.main.TestCaseExecutor.processExecutionPhase(TestCaseExecutor.java:307)&#xD;
	at com.kms.katalon.core.main.TestCaseExecutor.accessMainPhase(TestCaseExecutor.java:299)&#xD;
	at com.kms.katalon.core.main.TestCaseExecutor.execute(TestCaseExecutor.java:233)&#xD;
	at com.kms.katalon.core.main.TestSuiteExecutor.accessTestCaseMainPhase(TestSuiteExecutor.java:169)&#xD;
	at com.kms.katalon.core.main.TestSuiteExecutor.accessTestSuiteMainPhase(TestSuiteExecutor.java:142)&#xD;
	at com.kms.katalon.core.main.TestSuiteExecutor.execute(TestSuiteExecutor.java:91)&#xD;
	at com.kms.katalon.core.main.TestCaseMain.startTestSuite(TestCaseMain.java:157)&#xD;
	at com.kms.katalon.core.main.TestCaseMain$startTestSuite$0.call(Unknown Source)&#xD;
	at TempTestSuite1604396236473.run(TempTestSuite1604396236473.groovy:35)&#xD;
Caused by: com.kms.katalon.core.webui.exception.WebElementNotFoundException: Web element with id: 'Object Repository/Generic/articles' located by 'By.xpath: //*[@data-cy = 'sidebar-articles']' not found&#xD;
	at com.kms.katalon.core.webui.common.WebUiCommonHelper.findWebElement(WebUiCommonHelper.java:1097)&#xD;
	at com.kms.katalon.core.webui.common.WebUiCommonHelper$findWebElement.call(Unknown Source)&#xD;
	at platform.Method.clickOnElement(Method.groovy:32)&#xD;
	... 16 more</system-err>
        </testcase>
        <testcase name="Test Cases/FAQ_SSO/searchArticle_Test" classname="Test Cases/FAQ_SSO/searchArticle_Test" status="FAILED">
            <failure type="FAILED" message="Test Cases/FAQ_SSO/searchArticle_Test FAILED.&#xA;Reason:&#xA;com.kms.katalon.core.exception.StepFailedException: Unable to send keys 'how can you help?' to object 'Object Repository/Input/searchForQuestion'&#xD;&#xA;&#x9;at com.kms.katalon.core.webui.keyword.internal.WebUIKeywordMain.stepFailed(WebUIKeywordMain.groovy:64)&#xD;&#xA;&#x9;at com.kms.katalon.core.webui.keyword.internal.WebUIKeywordMain.runKeyword(WebUIKeywordMain.groovy:26)&#xD;&#xA;&#x9;at com.kms.katalon.core.webui.keyword.builtin.SendKeysKeyword.sendKeys(SendKeysKeyword.groovy:60)&#xD;&#xA;&#x9;at com.kms.katalon.core.webui.keyword.builtin.SendKeysKeyword.execute(SendKeysKeyword.groovy:38)&#xD;&#xA;&#x9;at com.kms.katalon.core.keyword.internal.KeywordExecutor.executeKeywordForPlatform(KeywordExecutor.groovy:56)&#xD;&#xA;&#x9;at com.kms.katalon.core.webui.keyword.WebUiBuiltInKeywords.sendKeys(WebUiBuiltInKeywords.groovy:834)&#xD;&#xA;&#x9;at com.kms.katalon.core.webui.keyword.WebUiBuiltInKeywords$sendKeys$1.call(Unknown Source)&#xD;&#xA;&#x9;at searchArticle_Test.run(searchArticle_Test:21)&#xD;&#xA;&#x9;at com.kms.katalon.core.main.ScriptEngine.run(ScriptEngine.java:194)&#xD;&#xA;&#x9;at com.kms.katalon.core.main.ScriptEngine.runScriptAsRawText(ScriptEngine.java:119)&#xD;&#xA;&#x9;at com.kms.katalon.core.main.TestCaseExecutor.runScript(TestCaseExecutor.java:337)&#xD;&#xA;&#x9;at com.kms.katalon.core.main.TestCaseExecutor.doExecute(TestCaseExecutor.java:328)&#xD;&#xA;&#x9;at com.kms.katalon.core.main.TestCaseExecutor.processExecutionPhase(TestCaseExecutor.java:307)&#xD;&#xA;&#x9;at com.kms.katalon.core.main.TestCaseExecutor.accessMainPhase(TestCaseExecutor.java:299)&#xD;&#xA;&#x9;at com.kms.katalon.core.main.TestCaseExecutor.execute(TestCaseExecutor.java:233)&#xD;&#xA;&#x9;at com.kms.katalon.core.main.TestSuiteExecutor.accessTestCaseMainPhase(TestSuiteExecutor.java:169)&#xD;&#xA;&#x9;at com.kms.katalon.core.main.TestSuiteExecutor.accessTestSuiteMainPhase(TestSuiteExecutor.java:142)&#xD;&#xA;&#x9;at com.kms.katalon.core.main.TestSuiteExecutor.execute(TestSuiteExecutor.java:91)&#xD;&#xA;&#x9;at com.kms.katalon.core.main.TestCaseMain.startTestSuite(TestCaseMain.java:157)&#xD;&#xA;&#x9;at com.kms.katalon.core.main.TestCaseMain$startTestSuite$0.call(Unknown Source)&#xD;&#xA;&#x9;at TempTestSuite1604396236473.run(TempTestSuite1604396236473.groovy:35)&#xD;&#xA;Caused by: com.kms.katalon.core.webui.exception.WebElementNotFoundException: Web element with id: 'Object Repository/Input/searchForQuestion' located by 'By.xpath: //div[@class='faq-search']/input' not found&#xD;&#xA;&#x9;at com.kms.katalon.core.webui.common.WebUiCommonHelper.findWebElement(WebUiCommonHelper.java:1097)&#xD;&#xA;&#x9;at com.kms.katalon.core.webui.keyword.internal.WebUIAbstractKeyword.findWebElement(WebUIAbstractKeyword.groovy:27)&#xD;&#xA;&#x9;at com.kms.katalon.core.webui.keyword.internal.WebUIAbstractKeyword.findWebElement(WebUIAbstractKeyword.groovy:26)&#xD;&#xA;&#x9;at com.kms.katalon.core.webui.keyword.builtin.SendKeysKeyword$_sendKeys_closure1.doCall(SendKeysKeyword.groovy:52)&#xD;&#xA;&#x9;at com.kms.katalon.core.webui.keyword.builtin.SendKeysKeyword$_sendKeys_closure1.call(SendKeysKeyword.groovy)&#xD;&#xA;&#x9;at com.kms.katalon.core.webui.keyword.internal.WebUIKeywordMain.runKeyword(WebUIKeywordMain.groovy:20)&#xD;&#xA;&#x9;... 19 more&#xD;&#xA;"/>
            <system-out>2020-11-03 15:13:37 - [TEST_CASE][FAILED] - Test Cases/FAQ_SSO/searchArticle_Test: Test Cases/FAQ_SSO/searchArticle_Test FAILED.
Reason:
com.kms.katalon.core.exception.StepFailedException: Unable to send keys 'how can you help?' to object 'Object Repository/Input/searchForQuestion'&#xD;
	at com.kms.katalon.core.webui.keyword.internal.WebUIKeywordMain.stepFailed(WebUIKeywordMain.groovy:64)&#xD;
	at com.kms.katalon.core.webui.keyword.internal.WebUIKeywordMain.runKeyword(WebUIKeywordMain.groovy:26)&#xD;
	at com.kms.katalon.core.webui.keyword.builtin.SendKeysKeyword.sendKeys(SendKeysKeyword.groovy:60)&#xD;
	at com.kms.katalon.core.webui.keyword.builtin.SendKeysKeyword.execute(SendKeysKeyword.groovy:38)&#xD;
	at com.kms.katalon.core.keyword.internal.KeywordExecutor.executeKeywordForPlatform(KeywordExecutor.groovy:56)&#xD;
	at com.kms.katalon.core.webui.keyword.WebUiBuiltInKeywords.sendKeys(WebUiBuiltInKeywords.groovy:834)&#xD;
	at com.kms.katalon.core.webui.keyword.WebUiBuiltInKeywords$sendKeys$1.call(Unknown Source)&#xD;
	at searchArticle_Test.run(searchArticle_Test:21)&#xD;
	at com.kms.katalon.core.main.ScriptEngine.run(ScriptEngine.java:194)&#xD;
	at com.kms.katalon.core.main.ScriptEngine.runScriptAsRawText(ScriptEngine.java:119)&#xD;
	at com.kms.katalon.core.main.TestCaseExecutor.runScript(TestCaseExecutor.java:337)&#xD;
	at com.kms.katalon.core.main.TestCaseExecutor.doExecute(TestCaseExecutor.java:328)&#xD;
	at com.kms.katalon.core.main.TestCaseExecutor.processExecutionPhase(TestCaseExecutor.java:307)&#xD;
	at com.kms.katalon.core.main.TestCaseExecutor.accessMainPhase(TestCaseExecutor.java:299)&#xD;
	at com.kms.katalon.core.main.TestCaseExecutor.execute(TestCaseExecutor.java:233)&#xD;
	at com.kms.katalon.core.main.TestSuiteExecutor.accessTestCaseMainPhase(TestSuiteExecutor.java:169)&#xD;
	at com.kms.katalon.core.main.TestSuiteExecutor.accessTestSuiteMainPhase(TestSuiteExecutor.java:142)&#xD;
	at com.kms.katalon.core.main.TestSuiteExecutor.execute(TestSuiteExecutor.java:91)&#xD;
	at com.kms.katalon.core.main.TestCaseMain.startTestSuite(TestCaseMain.java:157)&#xD;
	at com.kms.katalon.core.main.TestCaseMain$startTestSuite$0.call(Unknown Source)&#xD;
	at TempTestSuite1604396236473.run(TempTestSuite1604396236473.groovy:35)&#xD;
Caused by: com.kms.katalon.core.webui.exception.WebElementNotFoundException: Web element with id: 'Object Repository/Input/searchForQuestion' located by 'By.xpath: //div[@class='faq-search']/input' not found&#xD;
	at com.kms.katalon.core.webui.common.WebUiCommonHelper.findWebElement(WebUiCommonHelper.java:1097)&#xD;
	at com.kms.katalon.core.webui.keyword.internal.WebUIAbstractKeyword.findWebElement(WebUIAbstractKeyword.groovy:27)&#xD;
	at com.kms.katalon.core.webui.keyword.internal.WebUIAbstractKeyword.findWebElement(WebUIAbstractKeyword.groovy:26)&#xD;
	at com.kms.katalon.core.webui.keyword.builtin.SendKeysKeyword$_sendKeys_closure1.doCall(SendKeysKeyword.groovy:52)&#xD;
	at com.kms.katalon.core.webui.keyword.builtin.SendKeysKeyword$_sendKeys_closure1.call(SendKeysKeyword.groovy)&#xD;
	at com.kms.katalon.core.webui.keyword.internal.WebUIKeywordMain.runKeyword(WebUIKeywordMain.groovy:20)&#xD;
	... 19 more&#xD;
&#xD;
&#xD;
2020-11-03 15:13:39 - [TEST_STEP][FAILED] - sendKeys(findTestObject("Input/searchForQuestion"), searchQuestion): Unable to send keys 'how can you help?' to object 'Object Repository/Input/searchForQuestion' (Root cause: com.kms.katalon.core.exception.StepFailedException: Unable to send keys 'how can you help?' to object 'Object Repository/Input/searchForQuestion'&#xD;
	at com.kms.katalon.core.webui.keyword.internal.WebUIKeywordMain.stepFailed(WebUIKeywordMain.groovy:64)&#xD;
	at com.kms.katalon.core.webui.keyword.internal.WebUIKeywordMain.runKeyword(WebUIKeywordMain.groovy:26)&#xD;
	at com.kms.katalon.core.webui.keyword.builtin.SendKeysKeyword.sendKeys(SendKeysKeyword.groovy:60)&#xD;
	at com.kms.katalon.core.webui.keyword.builtin.SendKeysKeyword.execute(SendKeysKeyword.groovy:38)&#xD;
	at com.kms.katalon.core.keyword.internal.KeywordExecutor.executeKeywordForPlatform(KeywordExecutor.groovy:56)&#xD;
	at com.kms.katalon.core.webui.keyword.WebUiBuiltInKeywords.sendKeys(WebUiBuiltInKeywords.groovy:834)&#xD;
	at com.kms.katalon.core.webui.keyword.WebUiBuiltInKeywords$sendKeys$1.call(Unknown Source)&#xD;
	at searchArticle_Test.run(searchArticle_Test:21)&#xD;
	at com.kms.katalon.core.main.ScriptEngine.run(ScriptEngine.java:194)&#xD;
	at com.kms.katalon.core.main.ScriptEngine.runScriptAsRawText(ScriptEngine.java:119)&#xD;
	at com.kms.katalon.core.main.TestCaseExecutor.runScript(TestCaseExecutor.java:337)&#xD;
	at com.kms.katalon.core.main.TestCaseExecutor.doExecute(TestCaseExecutor.java:328)&#xD;
	at com.kms.katalon.core.main.TestCaseExecutor.processExecutionPhase(TestCaseExecutor.java:307)&#xD;
	at com.kms.katalon.core.main.TestCaseExecutor.accessMainPhase(TestCaseExecutor.java:299)&#xD;
	at com.kms.katalon.core.main.TestCaseExecutor.execute(TestCaseExecutor.java:233)&#xD;
	at com.kms.katalon.core.main.TestSuiteExecutor.accessTestCaseMainPhase(TestSuiteExecutor.java:169)&#xD;
	at com.kms.katalon.core.main.TestSuiteExecutor.accessTestSuiteMainPhase(TestSuiteExecutor.java:142)&#xD;
	at com.kms.katalon.core.main.TestSuiteExecutor.execute(TestSuiteExecutor.java:91)&#xD;
	at com.kms.katalon.core.main.TestCaseMain.startTestSuite(TestCaseMain.java:157)&#xD;
	at com.kms.katalon.core.main.TestCaseMain$startTestSuite$0.call(Unknown Source)&#xD;
	at TempTestSuite1604396236473.run(TempTestSuite1604396236473.groovy:35)&#xD;
Caused by: com.kms.katalon.core.webui.exception.WebElementNotFoundException: Web element with id: 'Object Repository/Input/searchForQuestion' located by 'By.xpath: //div[@class='faq-search']/input' not found&#xD;
	at com.kms.katalon.core.webui.common.WebUiCommonHelper.findWebElement(WebUiCommonHelper.java:1097)&#xD;
	at com.kms.katalon.core.webui.keyword.internal.WebUIAbstractKeyword.findWebElement(WebUIAbstractKeyword.groovy:27)&#xD;
	at com.kms.katalon.core.webui.keyword.internal.WebUIAbstractKeyword.findWebElement(WebUIAbstractKeyword.groovy:26)&#xD;
	at com.kms.katalon.core.webui.keyword.builtin.SendKeysKeyword$_sendKeys_closure1.doCall(SendKeysKeyword.groovy:52)&#xD;
	at com.kms.katalon.core.webui.keyword.builtin.SendKeysKeyword$_sendKeys_closure1.call(SendKeysKeyword.groovy)&#xD;
	at com.kms.katalon.core.webui.keyword.internal.WebUIKeywordMain.runKeyword(WebUIKeywordMain.groovy:20)&#xD;
	at com.kms.katalon.core.webui.keyword.builtin.SendKeysKeyword.sendKeys(SendKeysKeyword.groovy:60)&#xD;
	at com.kms.katalon.core.webui.keyword.builtin.SendKeysKeyword.execute(SendKeysKeyword.groovy:38)&#xD;
	at com.kms.katalon.core.keyword.internal.KeywordExecutor.executeKeywordForPlatform(KeywordExecutor.groovy:56)&#xD;
	at com.kms.katalon.core.webui.keyword.WebUiBuiltInKeywords.sendKeys(WebUiBuiltInKeywords.groovy:834)&#xD;
	at com.kms.katalon.core.webui.keyword.WebUiBuiltInKeywords$sendKeys$1.call(Unknown Source)&#xD;
	at Script1598428430071.run(Script1598428430071.groovy:21)&#xD;
	... 13 more&#xD;
)&#xD;
&#xD;
2020-11-03 15:13:50 - [MESSAGE][INFO] - Unable to find the element located by 'By.xpath: //div[@class='faq-search']/input'. Please recheck the objects properties to make sure the desired element is located. &#xD;
&#xD;
2020-11-03 15:13:56 - [MESSAGE][FAILED] - Unable to send keys 'how can you help?' to object 'Object Repository/Input/searchForQuestion' (Root cause: com.kms.katalon.core.exception.StepFailedException: Unable to send keys 'how can you help?' to object 'Object Repository/Input/searchForQuestion'&#xD;
	at com.kms.katalon.core.webui.keyword.internal.WebUIKeywordMain.stepFailed(WebUIKeywordMain.groovy:64)&#xD;
	at com.kms.katalon.core.webui.keyword.internal.WebUIKeywordMain.runKeyword(WebUIKeywordMain.groovy:26)&#xD;
	at com.kms.katalon.core.webui.keyword.builtin.SendKeysKeyword.sendKeys(SendKeysKeyword.groovy:60)&#xD;
	at com.kms.katalon.core.webui.keyword.builtin.SendKeysKeyword.execute(SendKeysKeyword.groovy:38)&#xD;
	at com.kms.katalon.core.keyword.internal.KeywordExecutor.executeKeywordForPlatform(KeywordExecutor.groovy:56)&#xD;
	at com.kms.katalon.core.webui.keyword.WebUiBuiltInKeywords.sendKeys(WebUiBuiltInKeywords.groovy:834)&#xD;
	at com.kms.katalon.core.webui.keyword.WebUiBuiltInKeywords$sendKeys$1.call(Unknown Source)&#xD;
	at searchArticle_Test.run(searchArticle_Test:21)&#xD;
	at com.kms.katalon.core.main.ScriptEngine.run(ScriptEngine.java:194)&#xD;
	at com.kms.katalon.core.main.ScriptEngine.runScriptAsRawText(ScriptEngine.java:119)&#xD;
	at com.kms.katalon.core.main.TestCaseExecutor.runScript(TestCaseExecutor.java:337)&#xD;
	at com.kms.katalon.core.main.TestCaseExecutor.doExecute(TestCaseExecutor.java:328)&#xD;
	at com.kms.katalon.core.main.TestCaseExecutor.processExecutionPhase(TestCaseExecutor.java:307)&#xD;
	at com.kms.katalon.core.main.TestCaseExecutor.accessMainPhase(TestCaseExecutor.java:299)&#xD;
	at com.kms.katalon.core.main.TestCaseExecutor.execute(TestCaseExecutor.java:233)&#xD;
	at com.kms.katalon.core.main.TestSuiteExecutor.accessTestCaseMainPhase(TestSuiteExecutor.java:169)&#xD;
	at com.kms.katalon.core.main.TestSuiteExecutor.accessTestSuiteMainPhase(TestSuiteExecutor.java:142)&#xD;
	at com.kms.katalon.core.main.TestSuiteExecutor.execute(TestSuiteExecutor.java:91)&#xD;
	at com.kms.katalon.core.main.TestCaseMain.startTestSuite(TestCaseMain.java:157)&#xD;
	at com.kms.katalon.core.main.TestCaseMain$startTestSuite$0.call(Unknown Source)&#xD;
	at TempTestSuite1604396236473.run(TempTestSuite1604396236473.groovy:35)&#xD;
Caused by: com.kms.katalon.core.webui.exception.WebElementNotFoundException: Web element with id: 'Object Repository/Input/searchForQuestion' located by 'By.xpath: //div[@class='faq-search']/input' not found&#xD;
	at com.kms.katalon.core.webui.common.WebUiCommonHelper.findWebElement(WebUiCommonHelper.java:1097)&#xD;
	at com.kms.katalon.core.webui.keyword.internal.WebUIAbstractKeyword.findWebElement(WebUIAbstractKeyword.groovy:27)&#xD;
	at com.kms.katalon.core.webui.keyword.internal.WebUIAbstractKeyword.findWebElement(WebUIAbstractKeyword.groovy:26)&#xD;
	at com.kms.katalon.core.webui.keyword.builtin.SendKeysKeyword$_sendKeys_closure1.doCall(SendKeysKeyword.groovy:52)&#xD;
	at com.kms.katalon.core.webui.keyword.builtin.SendKeysKeyword$_sendKeys_closure1.call(SendKeysKeyword.groovy)&#xD;
	at com.kms.katalon.core.webui.keyword.internal.WebUIKeywordMain.runKeyword(WebUIKeywordMain.groovy:20)&#xD;
	at com.kms.katalon.core.webui.keyword.builtin.SendKeysKeyword.sendKeys(SendKeysKeyword.groovy:60)&#xD;
	at com.kms.katalon.core.webui.keyword.builtin.SendKeysKeyword.execute(SendKeysKeyword.groovy:38)&#xD;
	at com.kms.katalon.core.keyword.internal.KeywordExecutor.executeKeywordForPlatform(KeywordExecutor.groovy:56)&#xD;
	at com.kms.katalon.core.webui.keyword.WebUiBuiltInKeywords.sendKeys(WebUiBuiltInKeywords.groovy:834)&#xD;
	at com.kms.katalon.core.webui.keyword.WebUiBuiltInKeywords$sendKeys$1.call(Unknown Source)&#xD;
	at Script1598428430071.run(Script1598428430071.groovy:21)&#xD;
	... 13 more&#xD;
)&#xD;
[[ATTACHMENT|D:\\IMIbot.ai-Project\\Reports\\20201103_150716\\FAQ_SSO\\20201103_150716\\1604396630620.png]]</system-out>
            <system-err>2020-11-03 15:13:37 - [TEST_CASE][FAILED] - Test Cases/FAQ_SSO/searchArticle_Test: Test Cases/FAQ_SSO/searchArticle_Test FAILED.
Reason:
com.kms.katalon.core.exception.StepFailedException: Unable to send keys 'how can you help?' to object 'Object Repository/Input/searchForQuestion'&#xD;
	at com.kms.katalon.core.webui.keyword.internal.WebUIKeywordMain.stepFailed(WebUIKeywordMain.groovy:64)&#xD;
	at com.kms.katalon.core.webui.keyword.internal.WebUIKeywordMain.runKeyword(WebUIKeywordMain.groovy:26)&#xD;
	at com.kms.katalon.core.webui.keyword.builtin.SendKeysKeyword.sendKeys(SendKeysKeyword.groovy:60)&#xD;
	at com.kms.katalon.core.webui.keyword.builtin.SendKeysKeyword.execute(SendKeysKeyword.groovy:38)&#xD;
	at com.kms.katalon.core.keyword.internal.KeywordExecutor.executeKeywordForPlatform(KeywordExecutor.groovy:56)&#xD;
	at com.kms.katalon.core.webui.keyword.WebUiBuiltInKeywords.sendKeys(WebUiBuiltInKeywords.groovy:834)&#xD;
	at com.kms.katalon.core.webui.keyword.WebUiBuiltInKeywords$sendKeys$1.call(Unknown Source)&#xD;
	at searchArticle_Test.run(searchArticle_Test:21)&#xD;
	at com.kms.katalon.core.main.ScriptEngine.run(ScriptEngine.java:194)&#xD;
	at com.kms.katalon.core.main.ScriptEngine.runScriptAsRawText(ScriptEngine.java:119)&#xD;
	at com.kms.katalon.core.main.TestCaseExecutor.runScript(TestCaseExecutor.java:337)&#xD;
	at com.kms.katalon.core.main.TestCaseExecutor.doExecute(TestCaseExecutor.java:328)&#xD;
	at com.kms.katalon.core.main.TestCaseExecutor.processExecutionPhase(TestCaseExecutor.java:307)&#xD;
	at com.kms.katalon.core.main.TestCaseExecutor.accessMainPhase(TestCaseExecutor.java:299)&#xD;
	at com.kms.katalon.core.main.TestCaseExecutor.execute(TestCaseExecutor.java:233)&#xD;
	at com.kms.katalon.core.main.TestSuiteExecutor.accessTestCaseMainPhase(TestSuiteExecutor.java:169)&#xD;
	at com.kms.katalon.core.main.TestSuiteExecutor.accessTestSuiteMainPhase(TestSuiteExecutor.java:142)&#xD;
	at com.kms.katalon.core.main.TestSuiteExecutor.execute(TestSuiteExecutor.java:91)&#xD;
	at com.kms.katalon.core.main.TestCaseMain.startTestSuite(TestCaseMain.java:157)&#xD;
	at com.kms.katalon.core.main.TestCaseMain$startTestSuite$0.call(Unknown Source)&#xD;
	at TempTestSuite1604396236473.run(TempTestSuite1604396236473.groovy:35)&#xD;
Caused by: com.kms.katalon.core.webui.exception.WebElementNotFoundException: Web element with id: 'Object Repository/Input/searchForQuestion' located by 'By.xpath: //div[@class='faq-search']/input' not found&#xD;
	at com.kms.katalon.core.webui.common.WebUiCommonHelper.findWebElement(WebUiCommonHelper.java:1097)&#xD;
	at com.kms.katalon.core.webui.keyword.internal.WebUIAbstractKeyword.findWebElement(WebUIAbstractKeyword.groovy:27)&#xD;
	at com.kms.katalon.core.webui.keyword.internal.WebUIAbstractKeyword.findWebElement(WebUIAbstractKeyword.groovy:26)&#xD;
	at com.kms.katalon.core.webui.keyword.builtin.SendKeysKeyword$_sendKeys_closure1.doCall(SendKeysKeyword.groovy:52)&#xD;
	at com.kms.katalon.core.webui.keyword.builtin.SendKeysKeyword$_sendKeys_closure1.call(SendKeysKeyword.groovy)&#xD;
	at com.kms.katalon.core.webui.keyword.internal.WebUIKeywordMain.runKeyword(WebUIKeywordMain.groovy:20)&#xD;
	... 19 more</system-err>
        </testcase>
        <testcase name="Test Cases/FAQ_SSO/downvoteWithComment_Test" classname="Test Cases/FAQ_SSO/downvoteWithComment_Test" status="ERROR">
            <error type="ERROR" message="Test Cases/FAQ_SSO/downvoteWithComment_Test FAILED.&#xA;Reason:&#xA;org.codehaus.groovy.runtime.InvokerInvocationException: com.kms.katalon.core.webui.exception.WebElementNotFoundException: Web element with id: 'Object Repository/Generic/articles' located by 'By.xpath: //*[@data-cy = 'sidebar-articles']' not found&#xD;&#xA;&#x9;at platform.Method.invokeMethod(Method.groovy)&#xD;&#xA;&#x9;at com.kms.katalon.core.main.CustomKeywordDelegatingMetaClass.invokeStaticMethod(CustomKeywordDelegatingMetaClass.java:50)&#xD;&#xA;&#x9;at downvoteWithComment_Test.run(downvoteWithComment_Test:24)&#xD;&#xA;&#x9;at com.kms.katalon.core.main.ScriptEngine.run(ScriptEngine.java:194)&#xD;&#xA;&#x9;at com.kms.katalon.core.main.ScriptEngine.runScriptAsRawText(ScriptEngine.java:119)&#xD;&#xA;&#x9;at com.kms.katalon.core.main.TestCaseExecutor.runScript(TestCaseExecutor.java:337)&#xD;&#xA;&#x9;at com.kms.katalon.core.main.TestCaseExecutor.doExecute(TestCaseExecutor.java:328)&#xD;&#xA;&#x9;at com.kms.katalon.core.main.TestCaseExecutor.processExecutionPhase(TestCaseExecutor.java:307)&#xD;&#xA;&#x9;at com.kms.katalon.core.main.TestCaseExecutor.accessMainPhase(TestCaseExecutor.java:299)&#xD;&#xA;&#x9;at com.kms.katalon.core.main.TestCaseExecutor.execute(TestCaseExecutor.java:233)&#xD;&#xA;&#x9;at com.kms.katalon.core.main.TestSuiteExecutor.accessTestCaseMainPhase(TestSuiteExecutor.java:169)&#xD;&#xA;&#x9;at com.kms.katalon.core.main.TestSuiteExecutor.accessTestSuiteMainPhase(TestSuiteExecutor.java:142)&#xD;&#xA;&#x9;at com.kms.katalon.core.main.TestSuiteExecutor.execute(TestSuiteExecutor.java:91)&#xD;&#xA;&#x9;at com.kms.katalon.core.main.TestCaseMain.startTestSuite(TestCaseMain.java:157)&#xD;&#xA;&#x9;at com.kms.katalon.core.main.TestCaseMain$startTestSuite$0.call(Unknown Source)&#xD;&#xA;&#x9;at TempTestSuite1604396236473.run(TempTestSuite1604396236473.groovy:35)&#xD;&#xA;Caused by: com.kms.katalon.core.webui.exception.WebElementNotFoundException: Web element with id: 'Object Repository/Generic/articles' located by 'By.xpath: //*[@data-cy = 'sidebar-articles']' not found&#xD;&#xA;&#x9;at com.kms.katalon.core.webui.common.WebUiCommonHelper.findWebElement(WebUiCommonHelper.java:1097)&#xD;&#xA;&#x9;at com.kms.katalon.core.webui.common.WebUiCommonHelper$findWebElement.call(Unknown Source)&#xD;&#xA;&#x9;at platform.Method.clickOnElement(Method.groovy:32)&#xD;&#xA;&#x9;... 16 more&#xD;&#xA;"/>
            <system-out>2020-11-03 15:13:56 - [TEST_CASE][ERROR] - Test Cases/FAQ_SSO/downvoteWithComment_Test: Test Cases/FAQ_SSO/downvoteWithComment_Test FAILED.
Reason:
org.codehaus.groovy.runtime.InvokerInvocationException: com.kms.katalon.core.webui.exception.WebElementNotFoundException: Web element with id: 'Object Repository/Generic/articles' located by 'By.xpath: //*[@data-cy = 'sidebar-articles']' not found&#xD;
	at platform.Method.invokeMethod(Method.groovy)&#xD;
	at com.kms.katalon.core.main.CustomKeywordDelegatingMetaClass.invokeStaticMethod(CustomKeywordDelegatingMetaClass.java:50)&#xD;
	at downvoteWithComment_Test.run(downvoteWithComment_Test:24)&#xD;
	at com.kms.katalon.core.main.ScriptEngine.run(ScriptEngine.java:194)&#xD;
	at com.kms.katalon.core.main.ScriptEngine.runScriptAsRawText(ScriptEngine.java:119)&#xD;
	at com.kms.katalon.core.main.TestCaseExecutor.runScript(TestCaseExecutor.java:337)&#xD;
	at com.kms.katalon.core.main.TestCaseExecutor.doExecute(TestCaseExecutor.java:328)&#xD;
	at com.kms.katalon.core.main.TestCaseExecutor.processExecutionPhase(TestCaseExecutor.java:307)&#xD;
	at com.kms.katalon.core.main.TestCaseExecutor.accessMainPhase(TestCaseExecutor.java:299)&#xD;
	at com.kms.katalon.core.main.TestCaseExecutor.execute(TestCaseExecutor.java:233)&#xD;
	at com.kms.katalon.core.main.TestSuiteExecutor.accessTestCaseMainPhase(TestSuiteExecutor.java:169)&#xD;
	at com.kms.katalon.core.main.TestSuiteExecutor.accessTestSuiteMainPhase(TestSuiteExecutor.java:142)&#xD;
	at com.kms.katalon.core.main.TestSuiteExecutor.execute(TestSuiteExecutor.java:91)&#xD;
	at com.kms.katalon.core.main.TestCaseMain.startTestSuite(TestCaseMain.java:157)&#xD;
	at com.kms.katalon.core.main.TestCaseMain$startTestSuite$0.call(Unknown Source)&#xD;
	at TempTestSuite1604396236473.run(TempTestSuite1604396236473.groovy:35)&#xD;
Caused by: com.kms.katalon.core.webui.exception.WebElementNotFoundException: Web element with id: 'Object Repository/Generic/articles' located by 'By.xpath: //*[@data-cy = 'sidebar-articles']' not found&#xD;
	at com.kms.katalon.core.webui.common.WebUiCommonHelper.findWebElement(WebUiCommonHelper.java:1097)&#xD;
	at com.kms.katalon.core.webui.common.WebUiCommonHelper$findWebElement.call(Unknown Source)&#xD;
	at platform.Method.clickOnElement(Method.groovy:32)&#xD;
	... 16 more&#xD;
&#xD;
&#xD;
2020-11-03 15:13:58 - [TEST_STEP][ERROR] - platform.Method.clickOnElement(findTestObject("Generic/articles")): com.kms.katalon.core.webui.exception.WebElementNotFoundException: Web element with id: 'Object Repository/Generic/articles' located by 'By.xpath: //*[@data-cy = 'sidebar-articles']' not found&#xD;
&#xD;
2020-11-03 15:14:05 - [MESSAGE][INFO] - Unable to find the element located by 'By.xpath: //*[@data-cy = 'sidebar-articles']'. Please recheck the objects properties to make sure the desired element is located. &#xD;
&#xD;
2020-11-03 15:14:05 - [MESSAGE][ERROR] - com.kms.katalon.core.webui.exception.WebElementNotFoundException: Web element with id: 'Object Repository/Generic/articles' located by 'By.xpath: //*[@data-cy = 'sidebar-articles']' not found</system-out>
            <system-err>2020-11-03 15:13:56 - [TEST_CASE][ERROR] - Test Cases/FAQ_SSO/downvoteWithComment_Test: Test Cases/FAQ_SSO/downvoteWithComment_Test FAILED.
Reason:
org.codehaus.groovy.runtime.InvokerInvocationException: com.kms.katalon.core.webui.exception.WebElementNotFoundException: Web element with id: 'Object Repository/Generic/articles' located by 'By.xpath: //*[@data-cy = 'sidebar-articles']' not found&#xD;
	at platform.Method.invokeMethod(Method.groovy)&#xD;
	at com.kms.katalon.core.main.CustomKeywordDelegatingMetaClass.invokeStaticMethod(CustomKeywordDelegatingMetaClass.java:50)&#xD;
	at downvoteWithComment_Test.run(downvoteWithComment_Test:24)&#xD;
	at com.kms.katalon.core.main.ScriptEngine.run(ScriptEngine.java:194)&#xD;
	at com.kms.katalon.core.main.ScriptEngine.runScriptAsRawText(ScriptEngine.java:119)&#xD;
	at com.kms.katalon.core.main.TestCaseExecutor.runScript(TestCaseExecutor.java:337)&#xD;
	at com.kms.katalon.core.main.TestCaseExecutor.doExecute(TestCaseExecutor.java:328)&#xD;
	at com.kms.katalon.core.main.TestCaseExecutor.processExecutionPhase(TestCaseExecutor.java:307)&#xD;
	at com.kms.katalon.core.main.TestCaseExecutor.accessMainPhase(TestCaseExecutor.java:299)&#xD;
	at com.kms.katalon.core.main.TestCaseExecutor.execute(TestCaseExecutor.java:233)&#xD;
	at com.kms.katalon.core.main.TestSuiteExecutor.accessTestCaseMainPhase(TestSuiteExecutor.java:169)&#xD;
	at com.kms.katalon.core.main.TestSuiteExecutor.accessTestSuiteMainPhase(TestSuiteExecutor.java:142)&#xD;
	at com.kms.katalon.core.main.TestSuiteExecutor.execute(TestSuiteExecutor.java:91)&#xD;
	at com.kms.katalon.core.main.TestCaseMain.startTestSuite(TestCaseMain.java:157)&#xD;
	at com.kms.katalon.core.main.TestCaseMain$startTestSuite$0.call(Unknown Source)&#xD;
	at TempTestSuite1604396236473.run(TempTestSuite1604396236473.groovy:35)&#xD;
Caused by: com.kms.katalon.core.webui.exception.WebElementNotFoundException: Web element with id: 'Object Repository/Generic/articles' located by 'By.xpath: //*[@data-cy = 'sidebar-articles']' not found&#xD;
	at com.kms.katalon.core.webui.common.WebUiCommonHelper.findWebElement(WebUiCommonHelper.java:1097)&#xD;
	at com.kms.katalon.core.webui.common.WebUiCommonHelper$findWebElement.call(Unknown Source)&#xD;
	at platform.Method.clickOnElement(Method.groovy:32)&#xD;
	... 16 more</system-err>
        </testcase>
        <testcase name="Test Cases/FAQ_SSO/addToCurationFromSessions_Test" classname="Test Cases/FAQ_SSO/addToCurationFromSessions_Test" status="ERROR">
            <error type="ERROR" message="Test Cases/FAQ_SSO/addToCurationFromSessions_Test FAILED.&#xA;Reason:&#xA;org.codehaus.groovy.runtime.InvokerInvocationException: com.kms.katalon.core.webui.exception.WebElementNotFoundException: Web element with id: 'Object Repository/Generic/articles' located by 'By.xpath: //*[@data-cy = 'sidebar-articles']' not found&#xD;&#xA;&#x9;at platform.Method.invokeMethod(Method.groovy)&#xD;&#xA;&#x9;at com.kms.katalon.core.main.CustomKeywordDelegatingMetaClass.invokeStaticMethod(CustomKeywordDelegatingMetaClass.java:50)&#xD;&#xA;&#x9;at addToCurationFromSessions_Test.run(addToCurationFromSessions_Test:12)&#xD;&#xA;&#x9;at com.kms.katalon.core.main.ScriptEngine.run(ScriptEngine.java:194)&#xD;&#xA;&#x9;at com.kms.katalon.core.main.ScriptEngine.runScriptAsRawText(ScriptEngine.java:119)&#xD;&#xA;&#x9;at com.kms.katalon.core.main.TestCaseExecutor.runScript(TestCaseExecutor.java:337)&#xD;&#xA;&#x9;at com.kms.katalon.core.main.TestCaseExecutor.doExecute(TestCaseExecutor.java:328)&#xD;&#xA;&#x9;at com.kms.katalon.core.main.TestCaseExecutor.processExecutionPhase(TestCaseExecutor.java:307)&#xD;&#xA;&#x9;at com.kms.katalon.core.main.TestCaseExecutor.accessMainPhase(TestCaseExecutor.java:299)&#xD;&#xA;&#x9;at com.kms.katalon.core.main.TestCaseExecutor.execute(TestCaseExecutor.java:233)&#xD;&#xA;&#x9;at com.kms.katalon.core.main.TestSuiteExecutor.accessTestCaseMainPhase(TestSuiteExecutor.java:169)&#xD;&#xA;&#x9;at com.kms.katalon.core.main.TestSuiteExecutor.accessTestSuiteMainPhase(TestSuiteExecutor.java:142)&#xD;&#xA;&#x9;at com.kms.katalon.core.main.TestSuiteExecutor.execute(TestSuiteExecutor.java:91)&#xD;&#xA;&#x9;at com.kms.katalon.core.main.TestCaseMain.startTestSuite(TestCaseMain.java:157)&#xD;&#xA;&#x9;at com.kms.katalon.core.main.TestCaseMain$startTestSuite$0.call(Unknown Source)&#xD;&#xA;&#x9;at TempTestSuite1604396236473.run(TempTestSuite1604396236473.groovy:35)&#xD;&#xA;Caused by: com.kms.katalon.core.webui.exception.WebElementNotFoundException: Web element with id: 'Object Repository/Generic/articles' located by 'By.xpath: //*[@data-cy = 'sidebar-articles']' not found&#xD;&#xA;&#x9;at com.kms.katalon.core.webui.common.WebUiCommonHelper.findWebElement(WebUiCommonHelper.java:1097)&#xD;&#xA;&#x9;at com.kms.katalon.core.webui.common.WebUiCommonHelper$findWebElement.call(Unknown Source)&#xD;&#xA;&#x9;at platform.Method.clickOnElement(Method.groovy:32)&#xD;&#xA;&#x9;... 16 more&#xD;&#xA;"/>
            <system-out>2020-11-03 15:14:05 - [TEST_CASE][ERROR] - Test Cases/FAQ_SSO/addToCurationFromSessions_Test: Test Cases/FAQ_SSO/addToCurationFromSessions_Test FAILED.
Reason:
org.codehaus.groovy.runtime.InvokerInvocationException: com.kms.katalon.core.webui.exception.WebElementNotFoundException: Web element with id: 'Object Repository/Generic/articles' located by 'By.xpath: //*[@data-cy = 'sidebar-articles']' not found&#xD;
	at platform.Method.invokeMethod(Method.groovy)&#xD;
	at com.kms.katalon.core.main.CustomKeywordDelegatingMetaClass.invokeStaticMethod(CustomKeywordDelegatingMetaClass.java:50)&#xD;
	at addToCurationFromSessions_Test.run(addToCurationFromSessions_Test:12)&#xD;
	at com.kms.katalon.core.main.ScriptEngine.run(ScriptEngine.java:194)&#xD;
	at com.kms.katalon.core.main.ScriptEngine.runScriptAsRawText(ScriptEngine.java:119)&#xD;
	at com.kms.katalon.core.main.TestCaseExecutor.runScript(TestCaseExecutor.java:337)&#xD;
	at com.kms.katalon.core.main.TestCaseExecutor.doExecute(TestCaseExecutor.java:328)&#xD;
	at com.kms.katalon.core.main.TestCaseExecutor.processExecutionPhase(TestCaseExecutor.java:307)&#xD;
	at com.kms.katalon.core.main.TestCaseExecutor.accessMainPhase(TestCaseExecutor.java:299)&#xD;
	at com.kms.katalon.core.main.TestCaseExecutor.execute(TestCaseExecutor.java:233)&#xD;
	at com.kms.katalon.core.main.TestSuiteExecutor.accessTestCaseMainPhase(TestSuiteExecutor.java:169)&#xD;
	at com.kms.katalon.core.main.TestSuiteExecutor.accessTestSuiteMainPhase(TestSuiteExecutor.java:142)&#xD;
	at com.kms.katalon.core.main.TestSuiteExecutor.execute(TestSuiteExecutor.java:91)&#xD;
	at com.kms.katalon.core.main.TestCaseMain.startTestSuite(TestCaseMain.java:157)&#xD;
	at com.kms.katalon.core.main.TestCaseMain$startTestSuite$0.call(Unknown Source)&#xD;
	at TempTestSuite1604396236473.run(TempTestSuite1604396236473.groovy:35)&#xD;
Caused by: com.kms.katalon.core.webui.exception.WebElementNotFoundException: Web element with id: 'Object Repository/Generic/articles' located by 'By.xpath: //*[@data-cy = 'sidebar-articles']' not found&#xD;
	at com.kms.katalon.core.webui.common.WebUiCommonHelper.findWebElement(WebUiCommonHelper.java:1097)&#xD;
	at com.kms.katalon.core.webui.common.WebUiCommonHelper$findWebElement.call(Unknown Source)&#xD;
	at platform.Method.clickOnElement(Method.groovy:32)&#xD;
	... 16 more&#xD;
&#xD;
&#xD;
2020-11-03 15:14:09 - [TEST_STEP][ERROR] - platform.Method.clickOnElement(findTestObject("Generic/articles")): com.kms.katalon.core.webui.exception.WebElementNotFoundException: Web element with id: 'Object Repository/Generic/articles' located by 'By.xpath: //*[@data-cy = 'sidebar-articles']' not found&#xD;
&#xD;
2020-11-03 15:14:15 - [MESSAGE][INFO] - Unable to find the element located by 'By.xpath: //*[@data-cy = 'sidebar-articles']'. Please recheck the objects properties to make sure the desired element is located. &#xD;
&#xD;
2020-11-03 15:14:15 - [MESSAGE][ERROR] - com.kms.katalon.core.webui.exception.WebElementNotFoundException: Web element with id: 'Object Repository/Generic/articles' located by 'By.xpath: //*[@data-cy = 'sidebar-articles']' not found</system-out>
            <system-err>2020-11-03 15:14:05 - [TEST_CASE][ERROR] - Test Cases/FAQ_SSO/addToCurationFromSessions_Test: Test Cases/FAQ_SSO/addToCurationFromSessions_Test FAILED.
Reason:
org.codehaus.groovy.runtime.InvokerInvocationException: com.kms.katalon.core.webui.exception.WebElementNotFoundException: Web element with id: 'Object Repository/Generic/articles' located by 'By.xpath: //*[@data-cy = 'sidebar-articles']' not found&#xD;
	at platform.Method.invokeMethod(Method.groovy)&#xD;
	at com.kms.katalon.core.main.CustomKeywordDelegatingMetaClass.invokeStaticMethod(CustomKeywordDelegatingMetaClass.java:50)&#xD;
	at addToCurationFromSessions_Test.run(addToCurationFromSessions_Test:12)&#xD;
	at com.kms.katalon.core.main.ScriptEngine.run(ScriptEngine.java:194)&#xD;
	at com.kms.katalon.core.main.ScriptEngine.runScriptAsRawText(ScriptEngine.java:119)&#xD;
	at com.kms.katalon.core.main.TestCaseExecutor.runScript(TestCaseExecutor.java:337)&#xD;
	at com.kms.katalon.core.main.TestCaseExecutor.doExecute(TestCaseExecutor.java:328)&#xD;
	at com.kms.katalon.core.main.TestCaseExecutor.processExecutionPhase(TestCaseExecutor.java:307)&#xD;
	at com.kms.katalon.core.main.TestCaseExecutor.accessMainPhase(TestCaseExecutor.java:299)&#xD;
	at com.kms.katalon.core.main.TestCaseExecutor.execute(TestCaseExecutor.java:233)&#xD;
	at com.kms.katalon.core.main.TestSuiteExecutor.accessTestCaseMainPhase(TestSuiteExecutor.java:169)&#xD;
	at com.kms.katalon.core.main.TestSuiteExecutor.accessTestSuiteMainPhase(TestSuiteExecutor.java:142)&#xD;
	at com.kms.katalon.core.main.TestSuiteExecutor.execute(TestSuiteExecutor.java:91)&#xD;
	at com.kms.katalon.core.main.TestCaseMain.startTestSuite(TestCaseMain.java:157)&#xD;
	at com.kms.katalon.core.main.TestCaseMain$startTestSuite$0.call(Unknown Source)&#xD;
	at TempTestSuite1604396236473.run(TempTestSuite1604396236473.groovy:35)&#xD;
Caused by: com.kms.katalon.core.webui.exception.WebElementNotFoundException: Web element with id: 'Object Repository/Generic/articles' located by 'By.xpath: //*[@data-cy = 'sidebar-articles']' not found&#xD;
	at com.kms.katalon.core.webui.common.WebUiCommonHelper.findWebElement(WebUiCommonHelper.java:1097)&#xD;
	at com.kms.katalon.core.webui.common.WebUiCommonHelper$findWebElement.call(Unknown Source)&#xD;
	at platform.Method.clickOnElement(Method.groovy:32)&#xD;
	... 16 more</system-err>
        </testcase>
        <testcase name="Test Cases/FAQ_SSO/createArticleWithRichResponseInCategory_Test" classname="Test Cases/FAQ_SSO/createArticleWithRichResponseInCategory_Test" status="ERROR">
            <error type="ERROR" message="Test Cases/FAQ_SSO/createArticleWithRichResponseInCategory_Test FAILED.&#xA;Reason:&#xA;org.codehaus.groovy.runtime.InvokerInvocationException: com.kms.katalon.core.webui.exception.WebElementNotFoundException: Web element with id: 'Object Repository/Generic/articles' located by 'By.xpath: //*[@data-cy = 'sidebar-articles']' not found&#xD;&#xA;&#x9;at platform.Method.invokeMethod(Method.groovy)&#xD;&#xA;&#x9;at com.kms.katalon.core.main.CustomKeywordDelegatingMetaClass.invokeStaticMethod(CustomKeywordDelegatingMetaClass.java:50)&#xD;&#xA;&#x9;at createArticleWithRichResponseInCategory_Test.run(createArticleWithRichResponseInCategory_Test:15)&#xD;&#xA;&#x9;at com.kms.katalon.core.main.ScriptEngine.run(ScriptEngine.java:194)&#xD;&#xA;&#x9;at com.kms.katalon.core.main.ScriptEngine.runScriptAsRawText(ScriptEngine.java:119)&#xD;&#xA;&#x9;at com.kms.katalon.core.main.TestCaseExecutor.runScript(TestCaseExecutor.java:337)&#xD;&#xA;&#x9;at com.kms.katalon.core.main.TestCaseExecutor.doExecute(TestCaseExecutor.java:328)&#xD;&#xA;&#x9;at com.kms.katalon.core.main.TestCaseExecutor.processExecutionPhase(TestCaseExecutor.java:307)&#xD;&#xA;&#x9;at com.kms.katalon.core.main.TestCaseExecutor.accessMainPhase(TestCaseExecutor.java:299)&#xD;&#xA;&#x9;at com.kms.katalon.core.main.TestCaseExecutor.execute(TestCaseExecutor.java:233)&#xD;&#xA;&#x9;at com.kms.katalon.core.main.TestSuiteExecutor.accessTestCaseMainPhase(TestSuiteExecutor.java:169)&#xD;&#xA;&#x9;at com.kms.katalon.core.main.TestSuiteExecutor.accessTestSuiteMainPhase(TestSuiteExecutor.java:142)&#xD;&#xA;&#x9;at com.kms.katalon.core.main.TestSuiteExecutor.execute(TestSuiteExecutor.java:91)&#xD;&#xA;&#x9;at com.kms.katalon.core.main.TestCaseMain.startTestSuite(TestCaseMain.java:157)&#xD;&#xA;&#x9;at com.kms.katalon.core.main.TestCaseMain$startTestSuite$0.call(Unknown Source)&#xD;&#xA;&#x9;at TempTestSuite1604396236473.run(TempTestSuite1604396236473.groovy:35)&#xD;&#xA;Caused by: com.kms.katalon.core.webui.exception.WebElementNotFoundException: Web element with id: 'Object Repository/Generic/articles' located by 'By.xpath: //*[@data-cy = 'sidebar-articles']' not found&#xD;&#xA;&#x9;at com.kms.katalon.core.webui.common.WebUiCommonHelper.findWebElement(WebUiCommonHelper.java:1097)&#xD;&#xA;&#x9;at com.kms.katalon.core.webui.common.WebUiCommonHelper$findWebElement.call(Unknown Source)&#xD;&#xA;&#x9;at platform.Method.clickOnElement(Method.groovy:32)&#xD;&#xA;&#x9;... 16 more&#xD;&#xA;"/>
            <system-out>2020-11-03 15:14:16 - [TEST_CASE][ERROR] - Test Cases/FAQ_SSO/createArticleWithRichResponseInCategory_Test: Test Cases/FAQ_SSO/createArticleWithRichResponseInCategory_Test FAILED.
Reason:
org.codehaus.groovy.runtime.InvokerInvocationException: com.kms.katalon.core.webui.exception.WebElementNotFoundException: Web element with id: 'Object Repository/Generic/articles' located by 'By.xpath: //*[@data-cy = 'sidebar-articles']' not found&#xD;
	at platform.Method.invokeMethod(Method.groovy)&#xD;
	at com.kms.katalon.core.main.CustomKeywordDelegatingMetaClass.invokeStaticMethod(CustomKeywordDelegatingMetaClass.java:50)&#xD;
	at createArticleWithRichResponseInCategory_Test.run(createArticleWithRichResponseInCategory_Test:15)&#xD;
	at com.kms.katalon.core.main.ScriptEngine.run(ScriptEngine.java:194)&#xD;
	at com.kms.katalon.core.main.ScriptEngine.runScriptAsRawText(ScriptEngine.java:119)&#xD;
	at com.kms.katalon.core.main.TestCaseExecutor.runScript(TestCaseExecutor.java:337)&#xD;
	at com.kms.katalon.core.main.TestCaseExecutor.doExecute(TestCaseExecutor.java:328)&#xD;
	at com.kms.katalon.core.main.TestCaseExecutor.processExecutionPhase(TestCaseExecutor.java:307)&#xD;
	at com.kms.katalon.core.main.TestCaseExecutor.accessMainPhase(TestCaseExecutor.java:299)&#xD;
	at com.kms.katalon.core.main.TestCaseExecutor.execute(TestCaseExecutor.java:233)&#xD;
	at com.kms.katalon.core.main.TestSuiteExecutor.accessTestCaseMainPhase(TestSuiteExecutor.java:169)&#xD;
	at com.kms.katalon.core.main.TestSuiteExecutor.accessTestSuiteMainPhase(TestSuiteExecutor.java:142)&#xD;
	at com.kms.katalon.core.main.TestSuiteExecutor.execute(TestSuiteExecutor.java:91)&#xD;
	at com.kms.katalon.core.main.TestCaseMain.startTestSuite(TestCaseMain.java:157)&#xD;
	at com.kms.katalon.core.main.TestCaseMain$startTestSuite$0.call(Unknown Source)&#xD;
	at TempTestSuite1604396236473.run(TempTestSuite1604396236473.groovy:35)&#xD;
Caused by: com.kms.katalon.core.webui.exception.WebElementNotFoundException: Web element with id: 'Object Repository/Generic/articles' located by 'By.xpath: //*[@data-cy = 'sidebar-articles']' not found&#xD;
	at com.kms.katalon.core.webui.common.WebUiCommonHelper.findWebElement(WebUiCommonHelper.java:1097)&#xD;
	at com.kms.katalon.core.webui.common.WebUiCommonHelper$findWebElement.call(Unknown Source)&#xD;
	at platform.Method.clickOnElement(Method.groovy:32)&#xD;
	... 16 more&#xD;
&#xD;
&#xD;
2020-11-03 15:14:18 - [TEST_STEP][ERROR] - platform.Method.clickOnElement(findTestObject("Generic/articles")): com.kms.katalon.core.webui.exception.WebElementNotFoundException: Web element with id: 'Object Repository/Generic/articles' located by 'By.xpath: //*[@data-cy = 'sidebar-articles']' not found&#xD;
&#xD;
2020-11-03 15:14:25 - [MESSAGE][INFO] - Unable to find the element located by 'By.xpath: //*[@data-cy = 'sidebar-articles']'. Please recheck the objects properties to make sure the desired element is located. &#xD;
&#xD;
2020-11-03 15:14:25 - [MESSAGE][ERROR] - com.kms.katalon.core.webui.exception.WebElementNotFoundException: Web element with id: 'Object Repository/Generic/articles' located by 'By.xpath: //*[@data-cy = 'sidebar-articles']' not found</system-out>
            <system-err>2020-11-03 15:14:16 - [TEST_CASE][ERROR] - Test Cases/FAQ_SSO/createArticleWithRichResponseInCategory_Test: Test Cases/FAQ_SSO/createArticleWithRichResponseInCategory_Test FAILED.
Reason:
org.codehaus.groovy.runtime.InvokerInvocationException: com.kms.katalon.core.webui.exception.WebElementNotFoundException: Web element with id: 'Object Repository/Generic/articles' located by 'By.xpath: //*[@data-cy = 'sidebar-articles']' not found&#xD;
	at platform.Method.invokeMethod(Method.groovy)&#xD;
	at com.kms.katalon.core.main.CustomKeywordDelegatingMetaClass.invokeStaticMethod(CustomKeywordDelegatingMetaClass.java:50)&#xD;
	at createArticleWithRichResponseInCategory_Test.run(createArticleWithRichResponseInCategory_Test:15)&#xD;
	at com.kms.katalon.core.main.ScriptEngine.run(ScriptEngine.java:194)&#xD;
	at com.kms.katalon.core.main.ScriptEngine.runScriptAsRawText(ScriptEngine.java:119)&#xD;
	at com.kms.katalon.core.main.TestCaseExecutor.runScript(TestCaseExecutor.java:337)&#xD;
	at com.kms.katalon.core.main.TestCaseExecutor.doExecute(TestCaseExecutor.java:328)&#xD;
	at com.kms.katalon.core.main.TestCaseExecutor.processExecutionPhase(TestCaseExecutor.java:307)&#xD;
	at com.kms.katalon.core.main.TestCaseExecutor.accessMainPhase(TestCaseExecutor.java:299)&#xD;
	at com.kms.katalon.core.main.TestCaseExecutor.execute(TestCaseExecutor.java:233)&#xD;
	at com.kms.katalon.core.main.TestSuiteExecutor.accessTestCaseMainPhase(TestSuiteExecutor.java:169)&#xD;
	at com.kms.katalon.core.main.TestSuiteExecutor.accessTestSuiteMainPhase(TestSuiteExecutor.java:142)&#xD;
	at com.kms.katalon.core.main.TestSuiteExecutor.execute(TestSuiteExecutor.java:91)&#xD;
	at com.kms.katalon.core.main.TestCaseMain.startTestSuite(TestCaseMain.java:157)&#xD;
	at com.kms.katalon.core.main.TestCaseMain$startTestSuite$0.call(Unknown Source)&#xD;
	at TempTestSuite1604396236473.run(TempTestSuite1604396236473.groovy:35)&#xD;
Caused by: com.kms.katalon.core.webui.exception.WebElementNotFoundException: Web element with id: 'Object Repository/Generic/articles' located by 'By.xpath: //*[@data-cy = 'sidebar-articles']' not found&#xD;
	at com.kms.katalon.core.webui.common.WebUiCommonHelper.findWebElement(WebUiCommonHelper.java:1097)&#xD;
	at com.kms.katalon.core.webui.common.WebUiCommonHelper$findWebElement.call(Unknown Source)&#xD;
	at platform.Method.clickOnElement(Method.groovy:32)&#xD;
	... 16 more</system-err>
        </testcase>
        <testcase name="Test Cases/FAQ_SSO/modifyCategory_Test" classname="Test Cases/FAQ_SSO/modifyCategory_Test" status="ERROR">
            <error type="ERROR" message="Test Cases/FAQ_SSO/modifyCategory_Test FAILED.&#xA;Reason:&#xA;org.codehaus.groovy.runtime.InvokerInvocationException: com.kms.katalon.core.webui.exception.WebElementNotFoundException: Web element with id: 'Object Repository/Generic/articles' located by 'By.xpath: //*[@data-cy = 'sidebar-articles']' not found&#xD;&#xA;&#x9;at platform.Method.invokeMethod(Method.groovy)&#xD;&#xA;&#x9;at com.kms.katalon.core.main.CustomKeywordDelegatingMetaClass.invokeStaticMethod(CustomKeywordDelegatingMetaClass.java:50)&#xD;&#xA;&#x9;at modifyCategory_Test.run(modifyCategory_Test:11)&#xD;&#xA;&#x9;at com.kms.katalon.core.main.ScriptEngine.run(ScriptEngine.java:194)&#xD;&#xA;&#x9;at com.kms.katalon.core.main.ScriptEngine.runScriptAsRawText(ScriptEngine.java:119)&#xD;&#xA;&#x9;at com.kms.katalon.core.main.TestCaseExecutor.runScript(TestCaseExecutor.java:337)&#xD;&#xA;&#x9;at com.kms.katalon.core.main.TestCaseExecutor.doExecute(TestCaseExecutor.java:328)&#xD;&#xA;&#x9;at com.kms.katalon.core.main.TestCaseExecutor.processExecutionPhase(TestCaseExecutor.java:307)&#xD;&#xA;&#x9;at com.kms.katalon.core.main.TestCaseExecutor.accessMainPhase(TestCaseExecutor.java:299)&#xD;&#xA;&#x9;at com.kms.katalon.core.main.TestCaseExecutor.execute(TestCaseExecutor.java:233)&#xD;&#xA;&#x9;at com.kms.katalon.core.main.TestSuiteExecutor.accessTestCaseMainPhase(TestSuiteExecutor.java:169)&#xD;&#xA;&#x9;at com.kms.katalon.core.main.TestSuiteExecutor.accessTestSuiteMainPhase(TestSuiteExecutor.java:142)&#xD;&#xA;&#x9;at com.kms.katalon.core.main.TestSuiteExecutor.execute(TestSuiteExecutor.java:91)&#xD;&#xA;&#x9;at com.kms.katalon.core.main.TestCaseMain.startTestSuite(TestCaseMain.java:157)&#xD;&#xA;&#x9;at com.kms.katalon.core.main.TestCaseMain$startTestSuite$0.call(Unknown Source)&#xD;&#xA;&#x9;at TempTestSuite1604396236473.run(TempTestSuite1604396236473.groovy:35)&#xD;&#xA;Caused by: com.kms.katalon.core.webui.exception.WebElementNotFoundException: Web element with id: 'Object Repository/Generic/articles' located by 'By.xpath: //*[@data-cy = 'sidebar-articles']' not found&#xD;&#xA;&#x9;at com.kms.katalon.core.webui.common.WebUiCommonHelper.findWebElement(WebUiCommonHelper.java:1097)&#xD;&#xA;&#x9;at com.kms.katalon.core.webui.common.WebUiCommonHelper$findWebElement.call(Unknown Source)&#xD;&#xA;&#x9;at platform.Method.clickOnElement(Method.groovy:32)&#xD;&#xA;&#x9;... 16 more&#xD;&#xA;"/>
            <system-out>2020-11-03 15:14:25 - [TEST_CASE][ERROR] - Test Cases/FAQ_SSO/modifyCategory_Test: Test Cases/FAQ_SSO/modifyCategory_Test FAILED.
Reason:
org.codehaus.groovy.runtime.InvokerInvocationException: com.kms.katalon.core.webui.exception.WebElementNotFoundException: Web element with id: 'Object Repository/Generic/articles' located by 'By.xpath: //*[@data-cy = 'sidebar-articles']' not found&#xD;
	at platform.Method.invokeMethod(Method.groovy)&#xD;
	at com.kms.katalon.core.main.CustomKeywordDelegatingMetaClass.invokeStaticMethod(CustomKeywordDelegatingMetaClass.java:50)&#xD;
	at modifyCategory_Test.run(modifyCategory_Test:11)&#xD;
	at com.kms.katalon.core.main.ScriptEngine.run(ScriptEngine.java:194)&#xD;
	at com.kms.katalon.core.main.ScriptEngine.runScriptAsRawText(ScriptEngine.java:119)&#xD;
	at com.kms.katalon.core.main.TestCaseExecutor.runScript(TestCaseExecutor.java:337)&#xD;
	at com.kms.katalon.core.main.TestCaseExecutor.doExecute(TestCaseExecutor.java:328)&#xD;
	at com.kms.katalon.core.main.TestCaseExecutor.processExecutionPhase(TestCaseExecutor.java:307)&#xD;
	at com.kms.katalon.core.main.TestCaseExecutor.accessMainPhase(TestCaseExecutor.java:299)&#xD;
	at com.kms.katalon.core.main.TestCaseExecutor.execute(TestCaseExecutor.java:233)&#xD;
	at com.kms.katalon.core.main.TestSuiteExecutor.accessTestCaseMainPhase(TestSuiteExecutor.java:169)&#xD;
	at com.kms.katalon.core.main.TestSuiteExecutor.accessTestSuiteMainPhase(TestSuiteExecutor.java:142)&#xD;
	at com.kms.katalon.core.main.TestSuiteExecutor.execute(TestSuiteExecutor.java:91)&#xD;
	at com.kms.katalon.core.main.TestCaseMain.startTestSuite(TestCaseMain.java:157)&#xD;
	at com.kms.katalon.core.main.TestCaseMain$startTestSuite$0.call(Unknown Source)&#xD;
	at TempTestSuite1604396236473.run(TempTestSuite1604396236473.groovy:35)&#xD;
Caused by: com.kms.katalon.core.webui.exception.WebElementNotFoundException: Web element with id: 'Object Repository/Generic/articles' located by 'By.xpath: //*[@data-cy = 'sidebar-articles']' not found&#xD;
	at com.kms.katalon.core.webui.common.WebUiCommonHelper.findWebElement(WebUiCommonHelper.java:1097)&#xD;
	at com.kms.katalon.core.webui.common.WebUiCommonHelper$findWebElement.call(Unknown Source)&#xD;
	at platform.Method.clickOnElement(Method.groovy:32)&#xD;
	... 16 more&#xD;
&#xD;
&#xD;
2020-11-03 15:14:28 - [TEST_STEP][ERROR] - platform.Method.clickOnElement(findTestObject("Generic/articles")): com.kms.katalon.core.webui.exception.WebElementNotFoundException: Web element with id: 'Object Repository/Generic/articles' located by 'By.xpath: //*[@data-cy = 'sidebar-articles']' not found&#xD;
&#xD;
2020-11-03 15:14:34 - [MESSAGE][INFO] - Unable to find the element located by 'By.xpath: //*[@data-cy = 'sidebar-articles']'. Please recheck the objects properties to make sure the desired element is located. &#xD;
&#xD;
2020-11-03 15:14:34 - [MESSAGE][ERROR] - com.kms.katalon.core.webui.exception.WebElementNotFoundException: Web element with id: 'Object Repository/Generic/articles' located by 'By.xpath: //*[@data-cy = 'sidebar-articles']' not found</system-out>
            <system-err>2020-11-03 15:14:25 - [TEST_CASE][ERROR] - Test Cases/FAQ_SSO/modifyCategory_Test: Test Cases/FAQ_SSO/modifyCategory_Test FAILED.
Reason:
org.codehaus.groovy.runtime.InvokerInvocationException: com.kms.katalon.core.webui.exception.WebElementNotFoundException: Web element with id: 'Object Repository/Generic/articles' located by 'By.xpath: //*[@data-cy = 'sidebar-articles']' not found&#xD;
	at platform.Method.invokeMethod(Method.groovy)&#xD;
	at com.kms.katalon.core.main.CustomKeywordDelegatingMetaClass.invokeStaticMethod(CustomKeywordDelegatingMetaClass.java:50)&#xD;
	at modifyCategory_Test.run(modifyCategory_Test:11)&#xD;
	at com.kms.katalon.core.main.ScriptEngine.run(ScriptEngine.java:194)&#xD;
	at com.kms.katalon.core.main.ScriptEngine.runScriptAsRawText(ScriptEngine.java:119)&#xD;
	at com.kms.katalon.core.main.TestCaseExecutor.runScript(TestCaseExecutor.java:337)&#xD;
	at com.kms.katalon.core.main.TestCaseExecutor.doExecute(TestCaseExecutor.java:328)&#xD;
	at com.kms.katalon.core.main.TestCaseExecutor.processExecutionPhase(TestCaseExecutor.java:307)&#xD;
	at com.kms.katalon.core.main.TestCaseExecutor.accessMainPhase(TestCaseExecutor.java:299)&#xD;
	at com.kms.katalon.core.main.TestCaseExecutor.execute(TestCaseExecutor.java:233)&#xD;
	at com.kms.katalon.core.main.TestSuiteExecutor.accessTestCaseMainPhase(TestSuiteExecutor.java:169)&#xD;
	at com.kms.katalon.core.main.TestSuiteExecutor.accessTestSuiteMainPhase(TestSuiteExecutor.java:142)&#xD;
	at com.kms.katalon.core.main.TestSuiteExecutor.execute(TestSuiteExecutor.java:91)&#xD;
	at com.kms.katalon.core.main.TestCaseMain.startTestSuite(TestCaseMain.java:157)&#xD;
	at com.kms.katalon.core.main.TestCaseMain$startTestSuite$0.call(Unknown Source)&#xD;
	at TempTestSuite1604396236473.run(TempTestSuite1604396236473.groovy:35)&#xD;
Caused by: com.kms.katalon.core.webui.exception.WebElementNotFoundException: Web element with id: 'Object Repository/Generic/articles' located by 'By.xpath: //*[@data-cy = 'sidebar-articles']' not found&#xD;
	at com.kms.katalon.core.webui.common.WebUiCommonHelper.findWebElement(WebUiCommonHelper.java:1097)&#xD;
	at com.kms.katalon.core.webui.common.WebUiCommonHelper$findWebElement.call(Unknown Source)&#xD;
	at platform.Method.clickOnElement(Method.groovy:32)&#xD;
	... 16 more</system-err>
        </testcase>
        <testcase name="Test Cases/FAQ_SSO/fallbackCurationByAddToExistingArticle_Test" classname="Test Cases/FAQ_SSO/fallbackCurationByAddToExistingArticle_Test" status="ERROR">
            <error type="ERROR" message="Test Cases/FAQ_SSO/fallbackCurationByAddToExistingArticle_Test FAILED.&#xA;Reason:&#xA;org.codehaus.groovy.runtime.InvokerInvocationException: com.kms.katalon.core.webui.exception.WebElementNotFoundException: Web element with id: 'Object Repository/Generic/curation' located by 'By.xpath: //span[text()='Curation']' not found&#xD;&#xA;&#x9;at platform.Method.invokeMethod(Method.groovy)&#xD;&#xA;&#x9;at com.kms.katalon.core.main.CustomKeywordDelegatingMetaClass.invokeStaticMethod(CustomKeywordDelegatingMetaClass.java:50)&#xD;&#xA;&#x9;at fallbackCurationByAddToExistingArticle_Test.run(fallbackCurationByAddToExistingArticle_Test:13)&#xD;&#xA;&#x9;at com.kms.katalon.core.main.ScriptEngine.run(ScriptEngine.java:194)&#xD;&#xA;&#x9;at com.kms.katalon.core.main.ScriptEngine.runScriptAsRawText(ScriptEngine.java:119)&#xD;&#xA;&#x9;at com.kms.katalon.core.main.TestCaseExecutor.runScript(TestCaseExecutor.java:337)&#xD;&#xA;&#x9;at com.kms.katalon.core.main.TestCaseExecutor.doExecute(TestCaseExecutor.java:328)&#xD;&#xA;&#x9;at com.kms.katalon.core.main.TestCaseExecutor.processExecutionPhase(TestCaseExecutor.java:307)&#xD;&#xA;&#x9;at com.kms.katalon.core.main.TestCaseExecutor.accessMainPhase(TestCaseExecutor.java:299)&#xD;&#xA;&#x9;at com.kms.katalon.core.main.TestCaseExecutor.execute(TestCaseExecutor.java:233)&#xD;&#xA;&#x9;at com.kms.katalon.core.main.TestSuiteExecutor.accessTestCaseMainPhase(TestSuiteExecutor.java:169)&#xD;&#xA;&#x9;at com.kms.katalon.core.main.TestSuiteExecutor.accessTestSuiteMainPhase(TestSuiteExecutor.java:142)&#xD;&#xA;&#x9;at com.kms.katalon.core.main.TestSuiteExecutor.execute(TestSuiteExecutor.java:91)&#xD;&#xA;&#x9;at com.kms.katalon.core.main.TestCaseMain.startTestSuite(TestCaseMain.java:157)&#xD;&#xA;&#x9;at com.kms.katalon.core.main.TestCaseMain$startTestSuite$0.call(Unknown Source)&#xD;&#xA;&#x9;at TempTestSuite1604396236473.run(TempTestSuite1604396236473.groovy:35)&#xD;&#xA;Caused by: com.kms.katalon.core.webui.exception.WebElementNotFoundException: Web element with id: 'Object Repository/Generic/curation' located by 'By.xpath: //span[text()='Curation']' not found&#xD;&#xA;&#x9;at com.kms.katalon.core.webui.common.WebUiCommonHelper.findWebElement(WebUiCommonHelper.java:1097)&#xD;&#xA;&#x9;at com.kms.katalon.core.webui.common.WebUiCommonHelper$findWebElement.call(Unknown Source)&#xD;&#xA;&#x9;at platform.Method.clickOnElement(Method.groovy:32)&#xD;&#xA;&#x9;... 16 more&#xD;&#xA;"/>
            <system-out>2020-11-03 15:14:35 - [TEST_CASE][ERROR] - Test Cases/FAQ_SSO/fallbackCurationByAddToExistingArticle_Test: Test Cases/FAQ_SSO/fallbackCurationByAddToExistingArticle_Test FAILED.
Reason:
org.codehaus.groovy.runtime.InvokerInvocationException: com.kms.katalon.core.webui.exception.WebElementNotFoundException: Web element with id: 'Object Repository/Generic/curation' located by 'By.xpath: //span[text()='Curation']' not found&#xD;
	at platform.Method.invokeMethod(Method.groovy)&#xD;
	at com.kms.katalon.core.main.CustomKeywordDelegatingMetaClass.invokeStaticMethod(CustomKeywordDelegatingMetaClass.java:50)&#xD;
	at fallbackCurationByAddToExistingArticle_Test.run(fallbackCurationByAddToExistingArticle_Test:13)&#xD;
	at com.kms.katalon.core.main.ScriptEngine.run(ScriptEngine.java:194)&#xD;
	at com.kms.katalon.core.main.ScriptEngine.runScriptAsRawText(ScriptEngine.java:119)&#xD;
	at com.kms.katalon.core.main.TestCaseExecutor.runScript(TestCaseExecutor.java:337)&#xD;
	at com.kms.katalon.core.main.TestCaseExecutor.doExecute(TestCaseExecutor.java:328)&#xD;
	at com.kms.katalon.core.main.TestCaseExecutor.processExecutionPhase(TestCaseExecutor.java:307)&#xD;
	at com.kms.katalon.core.main.TestCaseExecutor.accessMainPhase(TestCaseExecutor.java:299)&#xD;
	at com.kms.katalon.core.main.TestCaseExecutor.execute(TestCaseExecutor.java:233)&#xD;
	at com.kms.katalon.core.main.TestSuiteExecutor.accessTestCaseMainPhase(TestSuiteExecutor.java:169)&#xD;
	at com.kms.katalon.core.main.TestSuiteExecutor.accessTestSuiteMainPhase(TestSuiteExecutor.java:142)&#xD;
	at com.kms.katalon.core.main.TestSuiteExecutor.execute(TestSuiteExecutor.java:91)&#xD;
	at com.kms.katalon.core.main.TestCaseMain.startTestSuite(TestCaseMain.java:157)&#xD;
	at com.kms.katalon.core.main.TestCaseMain$startTestSuite$0.call(Unknown Source)&#xD;
	at TempTestSuite1604396236473.run(TempTestSuite1604396236473.groovy:35)&#xD;
Caused by: com.kms.katalon.core.webui.exception.WebElementNotFoundException: Web element with id: 'Object Repository/Generic/curation' located by 'By.xpath: //span[text()='Curation']' not found&#xD;
	at com.kms.katalon.core.webui.common.WebUiCommonHelper.findWebElement(WebUiCommonHelper.java:1097)&#xD;
	at com.kms.katalon.core.webui.common.WebUiCommonHelper$findWebElement.call(Unknown Source)&#xD;
	at platform.Method.clickOnElement(Method.groovy:32)&#xD;
	... 16 more&#xD;
&#xD;
&#xD;
2020-11-03 15:14:38 - [TEST_STEP][ERROR] - platform.Method.clickOnElement(findTestObject("Generic/curation")): com.kms.katalon.core.webui.exception.WebElementNotFoundException: Web element with id: 'Object Repository/Generic/curation' located by 'By.xpath: //span[text()='Curation']' not found&#xD;
&#xD;
2020-11-03 15:14:44 - [MESSAGE][INFO] - Unable to find the element located by 'By.xpath: //span[text()='Curation']'. Please recheck the objects properties to make sure the desired element is located. &#xD;
&#xD;
2020-11-03 15:14:44 - [MESSAGE][ERROR] - com.kms.katalon.core.webui.exception.WebElementNotFoundException: Web element with id: 'Object Repository/Generic/curation' located by 'By.xpath: //span[text()='Curation']' not found</system-out>
            <system-err>2020-11-03 15:14:35 - [TEST_CASE][ERROR] - Test Cases/FAQ_SSO/fallbackCurationByAddToExistingArticle_Test: Test Cases/FAQ_SSO/fallbackCurationByAddToExistingArticle_Test FAILED.
Reason:
org.codehaus.groovy.runtime.InvokerInvocationException: com.kms.katalon.core.webui.exception.WebElementNotFoundException: Web element with id: 'Object Repository/Generic/curation' located by 'By.xpath: //span[text()='Curation']' not found&#xD;
	at platform.Method.invokeMethod(Method.groovy)&#xD;
	at com.kms.katalon.core.main.CustomKeywordDelegatingMetaClass.invokeStaticMethod(CustomKeywordDelegatingMetaClass.java:50)&#xD;
	at fallbackCurationByAddToExistingArticle_Test.run(fallbackCurationByAddToExistingArticle_Test:13)&#xD;
	at com.kms.katalon.core.main.ScriptEngine.run(ScriptEngine.java:194)&#xD;
	at com.kms.katalon.core.main.ScriptEngine.runScriptAsRawText(ScriptEngine.java:119)&#xD;
	at com.kms.katalon.core.main.TestCaseExecutor.runScript(TestCaseExecutor.java:337)&#xD;
	at com.kms.katalon.core.main.TestCaseExecutor.doExecute(TestCaseExecutor.java:328)&#xD;
	at com.kms.katalon.core.main.TestCaseExecutor.processExecutionPhase(TestCaseExecutor.java:307)&#xD;
	at com.kms.katalon.core.main.TestCaseExecutor.accessMainPhase(TestCaseExecutor.java:299)&#xD;
	at com.kms.katalon.core.main.TestCaseExecutor.execute(TestCaseExecutor.java:233)&#xD;
	at com.kms.katalon.core.main.TestSuiteExecutor.accessTestCaseMainPhase(TestSuiteExecutor.java:169)&#xD;
	at com.kms.katalon.core.main.TestSuiteExecutor.accessTestSuiteMainPhase(TestSuiteExecutor.java:142)&#xD;
	at com.kms.katalon.core.main.TestSuiteExecutor.execute(TestSuiteExecutor.java:91)&#xD;
	at com.kms.katalon.core.main.TestCaseMain.startTestSuite(TestCaseMain.java:157)&#xD;
	at com.kms.katalon.core.main.TestCaseMain$startTestSuite$0.call(Unknown Source)&#xD;
	at TempTestSuite1604396236473.run(TempTestSuite1604396236473.groovy:35)&#xD;
Caused by: com.kms.katalon.core.webui.exception.WebElementNotFoundException: Web element with id: 'Object Repository/Generic/curation' located by 'By.xpath: //span[text()='Curation']' not found&#xD;
	at com.kms.katalon.core.webui.common.WebUiCommonHelper.findWebElement(WebUiCommonHelper.java:1097)&#xD;
	at com.kms.katalon.core.webui.common.WebUiCommonHelper$findWebElement.call(Unknown Source)&#xD;
	at platform.Method.clickOnElement(Method.groovy:32)&#xD;
	... 16 more</system-err>
        </testcase>
        <testcase name="Test Cases/FAQ_SSO/partialMatchCurationByCreateNewArticle_Test" classname="Test Cases/FAQ_SSO/partialMatchCurationByCreateNewArticle_Test" status="ERROR">
            <error type="ERROR" message="Test Cases/FAQ_SSO/partialMatchCurationByCreateNewArticle_Test FAILED.&#xA;Reason:&#xA;org.codehaus.groovy.runtime.InvokerInvocationException: com.kms.katalon.core.webui.exception.WebElementNotFoundException: Web element with id: 'Object Repository/Generic/articles' located by 'By.xpath: //*[@data-cy = 'sidebar-articles']' not found&#xD;&#xA;&#x9;at platform.Method.invokeMethod(Method.groovy)&#xD;&#xA;&#x9;at com.kms.katalon.core.main.CustomKeywordDelegatingMetaClass.invokeStaticMethod(CustomKeywordDelegatingMetaClass.java:50)&#xD;&#xA;&#x9;at partialMatchCurationByCreateNewArticle_Test.run(partialMatchCurationByCreateNewArticle_Test:15)&#xD;&#xA;&#x9;at com.kms.katalon.core.main.ScriptEngine.run(ScriptEngine.java:194)&#xD;&#xA;&#x9;at com.kms.katalon.core.main.ScriptEngine.runScriptAsRawText(ScriptEngine.java:119)&#xD;&#xA;&#x9;at com.kms.katalon.core.main.TestCaseExecutor.runScript(TestCaseExecutor.java:337)&#xD;&#xA;&#x9;at com.kms.katalon.core.main.TestCaseExecutor.doExecute(TestCaseExecutor.java:328)&#xD;&#xA;&#x9;at com.kms.katalon.core.main.TestCaseExecutor.processExecutionPhase(TestCaseExecutor.java:307)&#xD;&#xA;&#x9;at com.kms.katalon.core.main.TestCaseExecutor.accessMainPhase(TestCaseExecutor.java:299)&#xD;&#xA;&#x9;at com.kms.katalon.core.main.TestCaseExecutor.execute(TestCaseExecutor.java:233)&#xD;&#xA;&#x9;at com.kms.katalon.core.main.TestSuiteExecutor.accessTestCaseMainPhase(TestSuiteExecutor.java:169)&#xD;&#xA;&#x9;at com.kms.katalon.core.main.TestSuiteExecutor.accessTestSuiteMainPhase(TestSuiteExecutor.java:142)&#xD;&#xA;&#x9;at com.kms.katalon.core.main.TestSuiteExecutor.execute(TestSuiteExecutor.java:91)&#xD;&#xA;&#x9;at com.kms.katalon.core.main.TestCaseMain.startTestSuite(TestCaseMain.java:157)&#xD;&#xA;&#x9;at com.kms.katalon.core.main.TestCaseMain$startTestSuite$0.call(Unknown Source)&#xD;&#xA;&#x9;at TempTestSuite1604396236473.run(TempTestSuite1604396236473.groovy:35)&#xD;&#xA;Caused by: com.kms.katalon.core.webui.exception.WebElementNotFoundException: Web element with id: 'Object Repository/Generic/articles' located by 'By.xpath: //*[@data-cy = 'sidebar-articles']' not found&#xD;&#xA;&#x9;at com.kms.katalon.core.webui.common.WebUiCommonHelper.findWebElement(WebUiCommonHelper.java:1097)&#xD;&#xA;&#x9;at com.kms.katalon.core.webui.common.WebUiCommonHelper$findWebElement.call(Unknown Source)&#xD;&#xA;&#x9;at platform.Method.clickOnElement(Method.groovy:32)&#xD;&#xA;&#x9;... 16 more&#xD;&#xA;"/>
            <system-out>2020-11-03 15:14:45 - [TEST_CASE][ERROR] - Test Cases/FAQ_SSO/partialMatchCurationByCreateNewArticle_Test: Test Cases/FAQ_SSO/partialMatchCurationByCreateNewArticle_Test FAILED.
Reason:
org.codehaus.groovy.runtime.InvokerInvocationException: com.kms.katalon.core.webui.exception.WebElementNotFoundException: Web element with id: 'Object Repository/Generic/articles' located by 'By.xpath: //*[@data-cy = 'sidebar-articles']' not found&#xD;
	at platform.Method.invokeMethod(Method.groovy)&#xD;
	at com.kms.katalon.core.main.CustomKeywordDelegatingMetaClass.invokeStaticMethod(CustomKeywordDelegatingMetaClass.java:50)&#xD;
	at partialMatchCurationByCreateNewArticle_Test.run(partialMatchCurationByCreateNewArticle_Test:15)&#xD;
	at com.kms.katalon.core.main.ScriptEngine.run(ScriptEngine.java:194)&#xD;
	at com.kms.katalon.core.main.ScriptEngine.runScriptAsRawText(ScriptEngine.java:119)&#xD;
	at com.kms.katalon.core.main.TestCaseExecutor.runScript(TestCaseExecutor.java:337)&#xD;
	at com.kms.katalon.core.main.TestCaseExecutor.doExecute(TestCaseExecutor.java:328)&#xD;
	at com.kms.katalon.core.main.TestCaseExecutor.processExecutionPhase(TestCaseExecutor.java:307)&#xD;
	at com.kms.katalon.core.main.TestCaseExecutor.accessMainPhase(TestCaseExecutor.java:299)&#xD;
	at com.kms.katalon.core.main.TestCaseExecutor.execute(TestCaseExecutor.java:233)&#xD;
	at com.kms.katalon.core.main.TestSuiteExecutor.accessTestCaseMainPhase(TestSuiteExecutor.java:169)&#xD;
	at com.kms.katalon.core.main.TestSuiteExecutor.accessTestSuiteMainPhase(TestSuiteExecutor.java:142)&#xD;
	at com.kms.katalon.core.main.TestSuiteExecutor.execute(TestSuiteExecutor.java:91)&#xD;
	at com.kms.katalon.core.main.TestCaseMain.startTestSuite(TestCaseMain.java:157)&#xD;
	at com.kms.katalon.core.main.TestCaseMain$startTestSuite$0.call(Unknown Source)&#xD;
	at TempTestSuite1604396236473.run(TempTestSuite1604396236473.groovy:35)&#xD;
Caused by: com.kms.katalon.core.webui.exception.WebElementNotFoundException: Web element with id: 'Object Repository/Generic/articles' located by 'By.xpath: //*[@data-cy = 'sidebar-articles']' not found&#xD;
	at com.kms.katalon.core.webui.common.WebUiCommonHelper.findWebElement(WebUiCommonHelper.java:1097)&#xD;
	at com.kms.katalon.core.webui.common.WebUiCommonHelper$findWebElement.call(Unknown Source)&#xD;
	at platform.Method.clickOnElement(Method.groovy:32)&#xD;
	... 16 more&#xD;
&#xD;
&#xD;
2020-11-03 15:14:49 - [TEST_STEP][ERROR] - platform.Method.clickOnElement(findTestObject("Generic/articles")): com.kms.katalon.core.webui.exception.WebElementNotFoundException: Web element with id: 'Object Repository/Generic/articles' located by 'By.xpath: //*[@data-cy = 'sidebar-articles']' not found&#xD;
&#xD;
2020-11-03 15:14:55 - [MESSAGE][INFO] - Unable to find the element located by 'By.xpath: //*[@data-cy = 'sidebar-articles']'. Please recheck the objects properties to make sure the desired element is located. &#xD;
&#xD;
2020-11-03 15:14:55 - [MESSAGE][ERROR] - com.kms.katalon.core.webui.exception.WebElementNotFoundException: Web element with id: 'Object Repository/Generic/articles' located by 'By.xpath: //*[@data-cy = 'sidebar-articles']' not found</system-out>
            <system-err>2020-11-03 15:14:45 - [TEST_CASE][ERROR] - Test Cases/FAQ_SSO/partialMatchCurationByCreateNewArticle_Test: Test Cases/FAQ_SSO/partialMatchCurationByCreateNewArticle_Test FAILED.
Reason:
org.codehaus.groovy.runtime.InvokerInvocationException: com.kms.katalon.core.webui.exception.WebElementNotFoundException: Web element with id: 'Object Repository/Generic/articles' located by 'By.xpath: //*[@data-cy = 'sidebar-articles']' not found&#xD;
	at platform.Method.invokeMethod(Method.groovy)&#xD;
	at com.kms.katalon.core.main.CustomKeywordDelegatingMetaClass.invokeStaticMethod(CustomKeywordDelegatingMetaClass.java:50)&#xD;
	at partialMatchCurationByCreateNewArticle_Test.run(partialMatchCurationByCreateNewArticle_Test:15)&#xD;
	at com.kms.katalon.core.main.ScriptEngine.run(ScriptEngine.java:194)&#xD;
	at com.kms.katalon.core.main.ScriptEngine.runScriptAsRawText(ScriptEngine.java:119)&#xD;
	at com.kms.katalon.core.main.TestCaseExecutor.runScript(TestCaseExecutor.java:337)&#xD;
	at com.kms.katalon.core.main.TestCaseExecutor.doExecute(TestCaseExecutor.java:328)&#xD;
	at com.kms.katalon.core.main.TestCaseExecutor.processExecutionPhase(TestCaseExecutor.java:307)&#xD;
	at com.kms.katalon.core.main.TestCaseExecutor.accessMainPhase(TestCaseExecutor.java:299)&#xD;
	at com.kms.katalon.core.main.TestCaseExecutor.execute(TestCaseExecutor.java:233)&#xD;
	at com.kms.katalon.core.main.TestSuiteExecutor.accessTestCaseMainPhase(TestSuiteExecutor.java:169)&#xD;
	at com.kms.katalon.core.main.TestSuiteExecutor.accessTestSuiteMainPhase(TestSuiteExecutor.java:142)&#xD;
	at com.kms.katalon.core.main.TestSuiteExecutor.execute(TestSuiteExecutor.java:91)&#xD;
	at com.kms.katalon.core.main.TestCaseMain.startTestSuite(TestCaseMain.java:157)&#xD;
	at com.kms.katalon.core.main.TestCaseMain$startTestSuite$0.call(Unknown Source)&#xD;
	at TempTestSuite1604396236473.run(TempTestSuite1604396236473.groovy:35)&#xD;
Caused by: com.kms.katalon.core.webui.exception.WebElementNotFoundException: Web element with id: 'Object Repository/Generic/articles' located by 'By.xpath: //*[@data-cy = 'sidebar-articles']' not found&#xD;
	at com.kms.katalon.core.webui.common.WebUiCommonHelper.findWebElement(WebUiCommonHelper.java:1097)&#xD;
	at com.kms.katalon.core.webui.common.WebUiCommonHelper$findWebElement.call(Unknown Source)&#xD;
	at platform.Method.clickOnElement(Method.groovy:32)&#xD;
	... 16 more</system-err>
        </testcase>
        <testcase name="Test Cases/FAQ_SSO/filterSessionsBy_Test" classname="Test Cases/FAQ_SSO/filterSessionsBy_Test" status="ERROR">
            <error type="ERROR" message="Test Cases/FAQ_SSO/filterSessionsBy_Test FAILED.&#xA;Reason:&#xA;org.codehaus.groovy.runtime.InvokerInvocationException: com.kms.katalon.core.webui.exception.WebElementNotFoundException: Web element with id: 'Object Repository/Generic/session' located by 'By.xpath: //*[@data-cy = 'sidebar-chat']' not found&#xD;&#xA;&#x9;at platform.Method.invokeMethod(Method.groovy)&#xD;&#xA;&#x9;at com.kms.katalon.core.main.CustomKeywordDelegatingMetaClass.invokeStaticMethod(CustomKeywordDelegatingMetaClass.java:50)&#xD;&#xA;&#x9;at filterSessionsBy_Test.run(filterSessionsBy_Test:20)&#xD;&#xA;&#x9;at com.kms.katalon.core.main.ScriptEngine.run(ScriptEngine.java:194)&#xD;&#xA;&#x9;at com.kms.katalon.core.main.ScriptEngine.runScriptAsRawText(ScriptEngine.java:119)&#xD;&#xA;&#x9;at com.kms.katalon.core.main.TestCaseExecutor.runScript(TestCaseExecutor.java:337)&#xD;&#xA;&#x9;at com.kms.katalon.core.main.TestCaseExecutor.doExecute(TestCaseExecutor.java:328)&#xD;&#xA;&#x9;at com.kms.katalon.core.main.TestCaseExecutor.processExecutionPhase(TestCaseExecutor.java:307)&#xD;&#xA;&#x9;at com.kms.katalon.core.main.TestCaseExecutor.accessMainPhase(TestCaseExecutor.java:299)&#xD;&#xA;&#x9;at com.kms.katalon.core.main.TestCaseExecutor.execute(TestCaseExecutor.java:233)&#xD;&#xA;&#x9;at com.kms.katalon.core.main.TestSuiteExecutor.accessTestCaseMainPhase(TestSuiteExecutor.java:169)&#xD;&#xA;&#x9;at com.kms.katalon.core.main.TestSuiteExecutor.accessTestSuiteMainPhase(TestSuiteExecutor.java:142)&#xD;&#xA;&#x9;at com.kms.katalon.core.main.TestSuiteExecutor.execute(TestSuiteExecutor.java:91)&#xD;&#xA;&#x9;at com.kms.katalon.core.main.TestCaseMain.startTestSuite(TestCaseMain.java:157)&#xD;&#xA;&#x9;at com.kms.katalon.core.main.TestCaseMain$startTestSuite$0.call(Unknown Source)&#xD;&#xA;&#x9;at TempTestSuite1604396236473.run(TempTestSuite1604396236473.groovy:35)&#xD;&#xA;Caused by: com.kms.katalon.core.webui.exception.WebElementNotFoundException: Web element with id: 'Object Repository/Generic/session' located by 'By.xpath: //*[@data-cy = 'sidebar-chat']' not found&#xD;&#xA;&#x9;at com.kms.katalon.core.webui.common.WebUiCommonHelper.findWebElement(WebUiCommonHelper.java:1097)&#xD;&#xA;&#x9;at com.kms.katalon.core.webui.common.WebUiCommonHelper$findWebElement.call(Unknown Source)&#xD;&#xA;&#x9;at platform.Method.clickOnElement(Method.groovy:32)&#xD;&#xA;&#x9;... 16 more&#xD;&#xA;"/>
            <system-out>2020-11-03 15:14:56 - [TEST_CASE][ERROR] - Test Cases/FAQ_SSO/filterSessionsBy_Test: Test Cases/FAQ_SSO/filterSessionsBy_Test FAILED.
Reason:
org.codehaus.groovy.runtime.InvokerInvocationException: com.kms.katalon.core.webui.exception.WebElementNotFoundException: Web element with id: 'Object Repository/Generic/session' located by 'By.xpath: //*[@data-cy = 'sidebar-chat']' not found&#xD;
	at platform.Method.invokeMethod(Method.groovy)&#xD;
	at com.kms.katalon.core.main.CustomKeywordDelegatingMetaClass.invokeStaticMethod(CustomKeywordDelegatingMetaClass.java:50)&#xD;
	at filterSessionsBy_Test.run(filterSessionsBy_Test:20)&#xD;
	at com.kms.katalon.core.main.ScriptEngine.run(ScriptEngine.java:194)&#xD;
	at com.kms.katalon.core.main.ScriptEngine.runScriptAsRawText(ScriptEngine.java:119)&#xD;
	at com.kms.katalon.core.main.TestCaseExecutor.runScript(TestCaseExecutor.java:337)&#xD;
	at com.kms.katalon.core.main.TestCaseExecutor.doExecute(TestCaseExecutor.java:328)&#xD;
	at com.kms.katalon.core.main.TestCaseExecutor.processExecutionPhase(TestCaseExecutor.java:307)&#xD;
	at com.kms.katalon.core.main.TestCaseExecutor.accessMainPhase(TestCaseExecutor.java:299)&#xD;
	at com.kms.katalon.core.main.TestCaseExecutor.execute(TestCaseExecutor.java:233)&#xD;
	at com.kms.katalon.core.main.TestSuiteExecutor.accessTestCaseMainPhase(TestSuiteExecutor.java:169)&#xD;
	at com.kms.katalon.core.main.TestSuiteExecutor.accessTestSuiteMainPhase(TestSuiteExecutor.java:142)&#xD;
	at com.kms.katalon.core.main.TestSuiteExecutor.execute(TestSuiteExecutor.java:91)&#xD;
	at com.kms.katalon.core.main.TestCaseMain.startTestSuite(TestCaseMain.java:157)&#xD;
	at com.kms.katalon.core.main.TestCaseMain$startTestSuite$0.call(Unknown Source)&#xD;
	at TempTestSuite1604396236473.run(TempTestSuite1604396236473.groovy:35)&#xD;
Caused by: com.kms.katalon.core.webui.exception.WebElementNotFoundException: Web element with id: 'Object Repository/Generic/session' located by 'By.xpath: //*[@data-cy = 'sidebar-chat']' not found&#xD;
	at com.kms.katalon.core.webui.common.WebUiCommonHelper.findWebElement(WebUiCommonHelper.java:1097)&#xD;
	at com.kms.katalon.core.webui.common.WebUiCommonHelper$findWebElement.call(Unknown Source)&#xD;
	at platform.Method.clickOnElement(Method.groovy:32)&#xD;
	... 16 more&#xD;
&#xD;
&#xD;
2020-11-03 15:14:57 - [TEST_STEP][ERROR] - platform.Method.clickOnElement(findTestObject("Generic/session")): com.kms.katalon.core.webui.exception.WebElementNotFoundException: Web element with id: 'Object Repository/Generic/session' located by 'By.xpath: //*[@data-cy = 'sidebar-chat']' not found&#xD;
&#xD;
2020-11-03 15:15:05 - [MESSAGE][INFO] - Unable to find the element located by 'By.xpath: //*[@data-cy = 'sidebar-chat']'. Please recheck the objects properties to make sure the desired element is located. &#xD;
&#xD;
2020-11-03 15:15:05 - [MESSAGE][ERROR] - com.kms.katalon.core.webui.exception.WebElementNotFoundException: Web element with id: 'Object Repository/Generic/session' located by 'By.xpath: //*[@data-cy = 'sidebar-chat']' not found</system-out>
            <system-err>2020-11-03 15:14:56 - [TEST_CASE][ERROR] - Test Cases/FAQ_SSO/filterSessionsBy_Test: Test Cases/FAQ_SSO/filterSessionsBy_Test FAILED.
Reason:
org.codehaus.groovy.runtime.InvokerInvocationException: com.kms.katalon.core.webui.exception.WebElementNotFoundException: Web element with id: 'Object Repository/Generic/session' located by 'By.xpath: //*[@data-cy = 'sidebar-chat']' not found&#xD;
	at platform.Method.invokeMethod(Method.groovy)&#xD;
	at com.kms.katalon.core.main.CustomKeywordDelegatingMetaClass.invokeStaticMethod(CustomKeywordDelegatingMetaClass.java:50)&#xD;
	at filterSessionsBy_Test.run(filterSessionsBy_Test:20)&#xD;
	at com.kms.katalon.core.main.ScriptEngine.run(ScriptEngine.java:194)&#xD;
	at com.kms.katalon.core.main.ScriptEngine.runScriptAsRawText(ScriptEngine.java:119)&#xD;
	at com.kms.katalon.core.main.TestCaseExecutor.runScript(TestCaseExecutor.java:337)&#xD;
	at com.kms.katalon.core.main.TestCaseExecutor.doExecute(TestCaseExecutor.java:328)&#xD;
	at com.kms.katalon.core.main.TestCaseExecutor.processExecutionPhase(TestCaseExecutor.java:307)&#xD;
	at com.kms.katalon.core.main.TestCaseExecutor.accessMainPhase(TestCaseExecutor.java:299)&#xD;
	at com.kms.katalon.core.main.TestCaseExecutor.execute(TestCaseExecutor.java:233)&#xD;
	at com.kms.katalon.core.main.TestSuiteExecutor.accessTestCaseMainPhase(TestSuiteExecutor.java:169)&#xD;
	at com.kms.katalon.core.main.TestSuiteExecutor.accessTestSuiteMainPhase(TestSuiteExecutor.java:142)&#xD;
	at com.kms.katalon.core.main.TestSuiteExecutor.execute(TestSuiteExecutor.java:91)&#xD;
	at com.kms.katalon.core.main.TestCaseMain.startTestSuite(TestCaseMain.java:157)&#xD;
	at com.kms.katalon.core.main.TestCaseMain$startTestSuite$0.call(Unknown Source)&#xD;
	at TempTestSuite1604396236473.run(TempTestSuite1604396236473.groovy:35)&#xD;
Caused by: com.kms.katalon.core.webui.exception.WebElementNotFoundException: Web element with id: 'Object Repository/Generic/session' located by 'By.xpath: //*[@data-cy = 'sidebar-chat']' not found&#xD;
	at com.kms.katalon.core.webui.common.WebUiCommonHelper.findWebElement(WebUiCommonHelper.java:1097)&#xD;
	at com.kms.katalon.core.webui.common.WebUiCommonHelper$findWebElement.call(Unknown Source)&#xD;
	at platform.Method.clickOnElement(Method.groovy:32)&#xD;
	... 16 more</system-err>
        </testcase>
        <testcase name="Test Cases/FAQ_SSO/oneClickTestingTrainedVersion_Test" classname="Test Cases/FAQ_SSO/oneClickTestingTrainedVersion_Test" status="ERROR">
            <error type="ERROR" message="Test Cases/FAQ_SSO/oneClickTestingTrainedVersion_Test FAILED.&#xA;Reason:&#xA;org.codehaus.groovy.runtime.InvokerInvocationException: com.kms.katalon.core.webui.exception.WebElementNotFoundException: Web element with id: 'Object Repository/Generic/articles' located by 'By.xpath: //*[@data-cy = 'sidebar-articles']' not found&#xD;&#xA;&#x9;at platform.Method.invokeMethod(Method.groovy)&#xD;&#xA;&#x9;at com.kms.katalon.core.main.CustomKeywordDelegatingMetaClass.invokeStaticMethod(CustomKeywordDelegatingMetaClass.java:50)&#xD;&#xA;&#x9;at oneClickTestingTrainedVersion_Test.run(oneClickTestingTrainedVersion_Test:22)&#xD;&#xA;&#x9;at com.kms.katalon.core.main.ScriptEngine.run(ScriptEngine.java:194)&#xD;&#xA;&#x9;at com.kms.katalon.core.main.ScriptEngine.runScriptAsRawText(ScriptEngine.java:119)&#xD;&#xA;&#x9;at com.kms.katalon.core.main.TestCaseExecutor.runScript(TestCaseExecutor.java:337)&#xD;&#xA;&#x9;at com.kms.katalon.core.main.TestCaseExecutor.doExecute(TestCaseExecutor.java:328)&#xD;&#xA;&#x9;at com.kms.katalon.core.main.TestCaseExecutor.processExecutionPhase(TestCaseExecutor.java:307)&#xD;&#xA;&#x9;at com.kms.katalon.core.main.TestCaseExecutor.accessMainPhase(TestCaseExecutor.java:299)&#xD;&#xA;&#x9;at com.kms.katalon.core.main.TestCaseExecutor.execute(TestCaseExecutor.java:233)&#xD;&#xA;&#x9;at com.kms.katalon.core.main.TestSuiteExecutor.accessTestCaseMainPhase(TestSuiteExecutor.java:169)&#xD;&#xA;&#x9;at com.kms.katalon.core.main.TestSuiteExecutor.accessTestSuiteMainPhase(TestSuiteExecutor.java:142)&#xD;&#xA;&#x9;at com.kms.katalon.core.main.TestSuiteExecutor.execute(TestSuiteExecutor.java:91)&#xD;&#xA;&#x9;at com.kms.katalon.core.main.TestCaseMain.startTestSuite(TestCaseMain.java:157)&#xD;&#xA;&#x9;at com.kms.katalon.core.main.TestCaseMain$startTestSuite$0.call(Unknown Source)&#xD;&#xA;&#x9;at TempTestSuite1604396236473.run(TempTestSuite1604396236473.groovy:35)&#xD;&#xA;Caused by: com.kms.katalon.core.webui.exception.WebElementNotFoundException: Web element with id: 'Object Repository/Generic/articles' located by 'By.xpath: //*[@data-cy = 'sidebar-articles']' not found&#xD;&#xA;&#x9;at com.kms.katalon.core.webui.common.WebUiCommonHelper.findWebElement(WebUiCommonHelper.java:1097)&#xD;&#xA;&#x9;at com.kms.katalon.core.webui.common.WebUiCommonHelper$findWebElement.call(Unknown Source)&#xD;&#xA;&#x9;at platform.Method.clickOnElement(Method.groovy:32)&#xD;&#xA;&#x9;... 16 more&#xD;&#xA;"/>
            <system-out>2020-11-03 15:15:05 - [TEST_CASE][ERROR] - Test Cases/FAQ_SSO/oneClickTestingTrainedVersion_Test: Test Cases/FAQ_SSO/oneClickTestingTrainedVersion_Test FAILED.
Reason:
org.codehaus.groovy.runtime.InvokerInvocationException: com.kms.katalon.core.webui.exception.WebElementNotFoundException: Web element with id: 'Object Repository/Generic/articles' located by 'By.xpath: //*[@data-cy = 'sidebar-articles']' not found&#xD;
	at platform.Method.invokeMethod(Method.groovy)&#xD;
	at com.kms.katalon.core.main.CustomKeywordDelegatingMetaClass.invokeStaticMethod(CustomKeywordDelegatingMetaClass.java:50)&#xD;
	at oneClickTestingTrainedVersion_Test.run(oneClickTestingTrainedVersion_Test:22)&#xD;
	at com.kms.katalon.core.main.ScriptEngine.run(ScriptEngine.java:194)&#xD;
	at com.kms.katalon.core.main.ScriptEngine.runScriptAsRawText(ScriptEngine.java:119)&#xD;
	at com.kms.katalon.core.main.TestCaseExecutor.runScript(TestCaseExecutor.java:337)&#xD;
	at com.kms.katalon.core.main.TestCaseExecutor.doExecute(TestCaseExecutor.java:328)&#xD;
	at com.kms.katalon.core.main.TestCaseExecutor.processExecutionPhase(TestCaseExecutor.java:307)&#xD;
	at com.kms.katalon.core.main.TestCaseExecutor.accessMainPhase(TestCaseExecutor.java:299)&#xD;
	at com.kms.katalon.core.main.TestCaseExecutor.execute(TestCaseExecutor.java:233)&#xD;
	at com.kms.katalon.core.main.TestSuiteExecutor.accessTestCaseMainPhase(TestSuiteExecutor.java:169)&#xD;
	at com.kms.katalon.core.main.TestSuiteExecutor.accessTestSuiteMainPhase(TestSuiteExecutor.java:142)&#xD;
	at com.kms.katalon.core.main.TestSuiteExecutor.execute(TestSuiteExecutor.java:91)&#xD;
	at com.kms.katalon.core.main.TestCaseMain.startTestSuite(TestCaseMain.java:157)&#xD;
	at com.kms.katalon.core.main.TestCaseMain$startTestSuite$0.call(Unknown Source)&#xD;
	at TempTestSuite1604396236473.run(TempTestSuite1604396236473.groovy:35)&#xD;
Caused by: com.kms.katalon.core.webui.exception.WebElementNotFoundException: Web element with id: 'Object Repository/Generic/articles' located by 'By.xpath: //*[@data-cy = 'sidebar-articles']' not found&#xD;
	at com.kms.katalon.core.webui.common.WebUiCommonHelper.findWebElement(WebUiCommonHelper.java:1097)&#xD;
	at com.kms.katalon.core.webui.common.WebUiCommonHelper$findWebElement.call(Unknown Source)&#xD;
	at platform.Method.clickOnElement(Method.groovy:32)&#xD;
	... 16 more&#xD;
&#xD;
&#xD;
2020-11-03 15:15:13 - [TEST_STEP][ERROR] - platform.Method.clickOnElement(findTestObject("Generic/articles")): com.kms.katalon.core.webui.exception.WebElementNotFoundException: Web element with id: 'Object Repository/Generic/articles' located by 'By.xpath: //*[@data-cy = 'sidebar-articles']' not found&#xD;
&#xD;
2020-11-03 15:15:20 - [MESSAGE][INFO] - Unable to find the element located by 'By.xpath: //*[@data-cy = 'sidebar-articles']'. Please recheck the objects properties to make sure the desired element is located. &#xD;
&#xD;
2020-11-03 15:15:20 - [MESSAGE][ERROR] - com.kms.katalon.core.webui.exception.WebElementNotFoundException: Web element with id: 'Object Repository/Generic/articles' located by 'By.xpath: //*[@data-cy = 'sidebar-articles']' not found</system-out>
            <system-err>2020-11-03 15:15:05 - [TEST_CASE][ERROR] - Test Cases/FAQ_SSO/oneClickTestingTrainedVersion_Test: Test Cases/FAQ_SSO/oneClickTestingTrainedVersion_Test FAILED.
Reason:
org.codehaus.groovy.runtime.InvokerInvocationException: com.kms.katalon.core.webui.exception.WebElementNotFoundException: Web element with id: 'Object Repository/Generic/articles' located by 'By.xpath: //*[@data-cy = 'sidebar-articles']' not found&#xD;
	at platform.Method.invokeMethod(Method.groovy)&#xD;
	at com.kms.katalon.core.main.CustomKeywordDelegatingMetaClass.invokeStaticMethod(CustomKeywordDelegatingMetaClass.java:50)&#xD;
	at oneClickTestingTrainedVersion_Test.run(oneClickTestingTrainedVersion_Test:22)&#xD;
	at com.kms.katalon.core.main.ScriptEngine.run(ScriptEngine.java:194)&#xD;
	at com.kms.katalon.core.main.ScriptEngine.runScriptAsRawText(ScriptEngine.java:119)&#xD;
	at com.kms.katalon.core.main.TestCaseExecutor.runScript(TestCaseExecutor.java:337)&#xD;
	at com.kms.katalon.core.main.TestCaseExecutor.doExecute(TestCaseExecutor.java:328)&#xD;
	at com.kms.katalon.core.main.TestCaseExecutor.processExecutionPhase(TestCaseExecutor.java:307)&#xD;
	at com.kms.katalon.core.main.TestCaseExecutor.accessMainPhase(TestCaseExecutor.java:299)&#xD;
	at com.kms.katalon.core.main.TestCaseExecutor.execute(TestCaseExecutor.java:233)&#xD;
	at com.kms.katalon.core.main.TestSuiteExecutor.accessTestCaseMainPhase(TestSuiteExecutor.java:169)&#xD;
	at com.kms.katalon.core.main.TestSuiteExecutor.accessTestSuiteMainPhase(TestSuiteExecutor.java:142)&#xD;
	at com.kms.katalon.core.main.TestSuiteExecutor.execute(TestSuiteExecutor.java:91)&#xD;
	at com.kms.katalon.core.main.TestCaseMain.startTestSuite(TestCaseMain.java:157)&#xD;
	at com.kms.katalon.core.main.TestCaseMain$startTestSuite$0.call(Unknown Source)&#xD;
	at TempTestSuite1604396236473.run(TempTestSuite1604396236473.groovy:35)&#xD;
Caused by: com.kms.katalon.core.webui.exception.WebElementNotFoundException: Web element with id: 'Object Repository/Generic/articles' located by 'By.xpath: //*[@data-cy = 'sidebar-articles']' not found&#xD;
	at com.kms.katalon.core.webui.common.WebUiCommonHelper.findWebElement(WebUiCommonHelper.java:1097)&#xD;
	at com.kms.katalon.core.webui.common.WebUiCommonHelper$findWebElement.call(Unknown Source)&#xD;
	at platform.Method.clickOnElement(Method.groovy:32)&#xD;
	... 16 more</system-err>
        </testcase>
        <testcase name="Test Cases/FAQ_SSO/agentHandoverE2E_Test" classname="Test Cases/FAQ_SSO/agentHandoverE2E_Test" status="ERROR">
            <error type="ERROR" message="Test Cases/FAQ_SSO/agentHandoverE2E_Test FAILED.&#xA;Reason:&#xA;org.codehaus.groovy.runtime.InvokerInvocationException: com.kms.katalon.core.webui.exception.WebElementNotFoundException: Web element with id: 'Object Repository/ICONS/sidebarSettings' located by 'By.xpath: //div[@data-cy='sidebar-setting']' not found&#xD;&#xA;&#x9;at platform.Method.invokeMethod(Method.groovy)&#xD;&#xA;&#x9;at com.kms.katalon.core.main.CustomKeywordDelegatingMetaClass.invokeStaticMethod(CustomKeywordDelegatingMetaClass.java:50)&#xD;&#xA;&#x9;at agentHandoverE2E_Test.run(agentHandoverE2E_Test:23)&#xD;&#xA;&#x9;at com.kms.katalon.core.main.ScriptEngine.run(ScriptEngine.java:194)&#xD;&#xA;&#x9;at com.kms.katalon.core.main.ScriptEngine.runScriptAsRawText(ScriptEngine.java:119)&#xD;&#xA;&#x9;at com.kms.katalon.core.main.TestCaseExecutor.runScript(TestCaseExecutor.java:337)&#xD;&#xA;&#x9;at com.kms.katalon.core.main.TestCaseExecutor.doExecute(TestCaseExecutor.java:328)&#xD;&#xA;&#x9;at com.kms.katalon.core.main.TestCaseExecutor.processExecutionPhase(TestCaseExecutor.java:307)&#xD;&#xA;&#x9;at com.kms.katalon.core.main.TestCaseExecutor.accessMainPhase(TestCaseExecutor.java:299)&#xD;&#xA;&#x9;at com.kms.katalon.core.main.TestCaseExecutor.execute(TestCaseExecutor.java:233)&#xD;&#xA;&#x9;at com.kms.katalon.core.main.TestSuiteExecutor.accessTestCaseMainPhase(TestSuiteExecutor.java:169)&#xD;&#xA;&#x9;at com.kms.katalon.core.main.TestSuiteExecutor.accessTestSuiteMainPhase(TestSuiteExecutor.java:142)&#xD;&#xA;&#x9;at com.kms.katalon.core.main.TestSuiteExecutor.execute(TestSuiteExecutor.java:91)&#xD;&#xA;&#x9;at com.kms.katalon.core.main.TestCaseMain.startTestSuite(TestCaseMain.java:157)&#xD;&#xA;&#x9;at com.kms.katalon.core.main.TestCaseMain$startTestSuite$0.call(Unknown Source)&#xD;&#xA;&#x9;at TempTestSuite1604396236473.run(TempTestSuite1604396236473.groovy:35)&#xD;&#xA;Caused by: com.kms.katalon.core.webui.exception.WebElementNotFoundException: Web element with id: 'Object Repository/ICONS/sidebarSettings' located by 'By.xpath: //div[@data-cy='sidebar-setting']' not found&#xD;&#xA;&#x9;at com.kms.katalon.core.webui.common.WebUiCommonHelper.findWebElement(WebUiCommonHelper.java:1097)&#xD;&#xA;&#x9;at com.kms.katalon.core.webui.common.WebUiCommonHelper$findWebElement.call(Unknown Source)&#xD;&#xA;&#x9;at platform.Method.clickOnElement(Method.groovy:32)&#xD;&#xA;&#x9;... 16 more&#xD;&#xA;"/>
            <system-out>2020-11-03 15:15:20 - [TEST_CASE][ERROR] - Test Cases/FAQ_SSO/agentHandoverE2E_Test: Test Cases/FAQ_SSO/agentHandoverE2E_Test FAILED.
Reason:
org.codehaus.groovy.runtime.InvokerInvocationException: com.kms.katalon.core.webui.exception.WebElementNotFoundException: Web element with id: 'Object Repository/ICONS/sidebarSettings' located by 'By.xpath: //div[@data-cy='sidebar-setting']' not found&#xD;
	at platform.Method.invokeMethod(Method.groovy)&#xD;
	at com.kms.katalon.core.main.CustomKeywordDelegatingMetaClass.invokeStaticMethod(CustomKeywordDelegatingMetaClass.java:50)&#xD;
	at agentHandoverE2E_Test.run(agentHandoverE2E_Test:23)&#xD;
	at com.kms.katalon.core.main.ScriptEngine.run(ScriptEngine.java:194)&#xD;
	at com.kms.katalon.core.main.ScriptEngine.runScriptAsRawText(ScriptEngine.java:119)&#xD;
	at com.kms.katalon.core.main.TestCaseExecutor.runScript(TestCaseExecutor.java:337)&#xD;
	at com.kms.katalon.core.main.TestCaseExecutor.doExecute(TestCaseExecutor.java:328)&#xD;
	at com.kms.katalon.core.main.TestCaseExecutor.processExecutionPhase(TestCaseExecutor.java:307)&#xD;
	at com.kms.katalon.core.main.TestCaseExecutor.accessMainPhase(TestCaseExecutor.java:299)&#xD;
	at com.kms.katalon.core.main.TestCaseExecutor.execute(TestCaseExecutor.java:233)&#xD;
	at com.kms.katalon.core.main.TestSuiteExecutor.accessTestCaseMainPhase(TestSuiteExecutor.java:169)&#xD;
	at com.kms.katalon.core.main.TestSuiteExecutor.accessTestSuiteMainPhase(TestSuiteExecutor.java:142)&#xD;
	at com.kms.katalon.core.main.TestSuiteExecutor.execute(TestSuiteExecutor.java:91)&#xD;
	at com.kms.katalon.core.main.TestCaseMain.startTestSuite(TestCaseMain.java:157)&#xD;
	at com.kms.katalon.core.main.TestCaseMain$startTestSuite$0.call(Unknown Source)&#xD;
	at TempTestSuite1604396236473.run(TempTestSuite1604396236473.groovy:35)&#xD;
Caused by: com.kms.katalon.core.webui.exception.WebElementNotFoundException: Web element with id: 'Object Repository/ICONS/sidebarSettings' located by 'By.xpath: //div[@data-cy='sidebar-setting']' not found&#xD;
	at com.kms.katalon.core.webui.common.WebUiCommonHelper.findWebElement(WebUiCommonHelper.java:1097)&#xD;
	at com.kms.katalon.core.webui.common.WebUiCommonHelper$findWebElement.call(Unknown Source)&#xD;
	at platform.Method.clickOnElement(Method.groovy:32)&#xD;
	... 16 more&#xD;
&#xD;
&#xD;
2020-11-03 15:15:22 - [TEST_STEP][ERROR] - platform.Method.clickOnElement(findTestObject("ICONS/sidebarSettings")): com.kms.katalon.core.webui.exception.WebElementNotFoundException: Web element with id: 'Object Repository/ICONS/sidebarSettings' located by 'By.xpath: //div[@data-cy='sidebar-setting']' not found&#xD;
&#xD;
2020-11-03 15:15:29 - [MESSAGE][INFO] - Unable to find the element located by 'By.xpath: //div[@data-cy='sidebar-setting']'. Please recheck the objects properties to make sure the desired element is located. &#xD;
&#xD;
2020-11-03 15:15:29 - [MESSAGE][ERROR] - com.kms.katalon.core.webui.exception.WebElementNotFoundException: Web element with id: 'Object Repository/ICONS/sidebarSettings' located by 'By.xpath: //div[@data-cy='sidebar-setting']' not found</system-out>
            <system-err>2020-11-03 15:15:20 - [TEST_CASE][ERROR] - Test Cases/FAQ_SSO/agentHandoverE2E_Test: Test Cases/FAQ_SSO/agentHandoverE2E_Test FAILED.
Reason:
org.codehaus.groovy.runtime.InvokerInvocationException: com.kms.katalon.core.webui.exception.WebElementNotFoundException: Web element with id: 'Object Repository/ICONS/sidebarSettings' located by 'By.xpath: //div[@data-cy='sidebar-setting']' not found&#xD;
	at platform.Method.invokeMethod(Method.groovy)&#xD;
	at com.kms.katalon.core.main.CustomKeywordDelegatingMetaClass.invokeStaticMethod(CustomKeywordDelegatingMetaClass.java:50)&#xD;
	at agentHandoverE2E_Test.run(agentHandoverE2E_Test:23)&#xD;
	at com.kms.katalon.core.main.ScriptEngine.run(ScriptEngine.java:194)&#xD;
	at com.kms.katalon.core.main.ScriptEngine.runScriptAsRawText(ScriptEngine.java:119)&#xD;
	at com.kms.katalon.core.main.TestCaseExecutor.runScript(TestCaseExecutor.java:337)&#xD;
	at com.kms.katalon.core.main.TestCaseExecutor.doExecute(TestCaseExecutor.java:328)&#xD;
	at com.kms.katalon.core.main.TestCaseExecutor.processExecutionPhase(TestCaseExecutor.java:307)&#xD;
	at com.kms.katalon.core.main.TestCaseExecutor.accessMainPhase(TestCaseExecutor.java:299)&#xD;
	at com.kms.katalon.core.main.TestCaseExecutor.execute(TestCaseExecutor.java:233)&#xD;
	at com.kms.katalon.core.main.TestSuiteExecutor.accessTestCaseMainPhase(TestSuiteExecutor.java:169)&#xD;
	at com.kms.katalon.core.main.TestSuiteExecutor.accessTestSuiteMainPhase(TestSuiteExecutor.java:142)&#xD;
	at com.kms.katalon.core.main.TestSuiteExecutor.execute(TestSuiteExecutor.java:91)&#xD;
	at com.kms.katalon.core.main.TestCaseMain.startTestSuite(TestCaseMain.java:157)&#xD;
	at com.kms.katalon.core.main.TestCaseMain$startTestSuite$0.call(Unknown Source)&#xD;
	at TempTestSuite1604396236473.run(TempTestSuite1604396236473.groovy:35)&#xD;
Caused by: com.kms.katalon.core.webui.exception.WebElementNotFoundException: Web element with id: 'Object Repository/ICONS/sidebarSettings' located by 'By.xpath: //div[@data-cy='sidebar-setting']' not found&#xD;
	at com.kms.katalon.core.webui.common.WebUiCommonHelper.findWebElement(WebUiCommonHelper.java:1097)&#xD;
	at com.kms.katalon.core.webui.common.WebUiCommonHelper$findWebElement.call(Unknown Source)&#xD;
	at platform.Method.clickOnElement(Method.groovy:32)&#xD;
	... 16 more</system-err>
        </testcase>
        <testcase name="Test Cases/FAQ_SSO/disabledLowConfidenceAndDownvote_Test" classname="Test Cases/FAQ_SSO/disabledLowConfidenceAndDownvote_Test" status="ERROR">
            <error type="ERROR" message="Test Cases/FAQ_SSO/disabledLowConfidenceAndDownvote_Test FAILED.&#xA;Reason:&#xA;org.codehaus.groovy.runtime.InvokerInvocationException: com.kms.katalon.core.webui.exception.WebElementNotFoundException: Web element with id: 'Object Repository/Generic/articles' located by 'By.xpath: //*[@data-cy = 'sidebar-articles']' not found&#xD;&#xA;&#x9;at platform.Method.invokeMethod(Method.groovy)&#xD;&#xA;&#x9;at com.kms.katalon.core.main.CustomKeywordDelegatingMetaClass.invokeStaticMethod(CustomKeywordDelegatingMetaClass.java:50)&#xD;&#xA;&#x9;at disabledLowConfidenceAndDownvote_Test.run(disabledLowConfidenceAndDownvote_Test:21)&#xD;&#xA;&#x9;at com.kms.katalon.core.main.ScriptEngine.run(ScriptEngine.java:194)&#xD;&#xA;&#x9;at com.kms.katalon.core.main.ScriptEngine.runScriptAsRawText(ScriptEngine.java:119)&#xD;&#xA;&#x9;at com.kms.katalon.core.main.TestCaseExecutor.runScript(TestCaseExecutor.java:337)&#xD;&#xA;&#x9;at com.kms.katalon.core.main.TestCaseExecutor.doExecute(TestCaseExecutor.java:328)&#xD;&#xA;&#x9;at com.kms.katalon.core.main.TestCaseExecutor.processExecutionPhase(TestCaseExecutor.java:307)&#xD;&#xA;&#x9;at com.kms.katalon.core.main.TestCaseExecutor.accessMainPhase(TestCaseExecutor.java:299)&#xD;&#xA;&#x9;at com.kms.katalon.core.main.TestCaseExecutor.execute(TestCaseExecutor.java:233)&#xD;&#xA;&#x9;at com.kms.katalon.core.main.TestSuiteExecutor.accessTestCaseMainPhase(TestSuiteExecutor.java:169)&#xD;&#xA;&#x9;at com.kms.katalon.core.main.TestSuiteExecutor.accessTestSuiteMainPhase(TestSuiteExecutor.java:142)&#xD;&#xA;&#x9;at com.kms.katalon.core.main.TestSuiteExecutor.execute(TestSuiteExecutor.java:91)&#xD;&#xA;&#x9;at com.kms.katalon.core.main.TestCaseMain.startTestSuite(TestCaseMain.java:157)&#xD;&#xA;&#x9;at com.kms.katalon.core.main.TestCaseMain$startTestSuite$0.call(Unknown Source)&#xD;&#xA;&#x9;at TempTestSuite1604396236473.run(TempTestSuite1604396236473.groovy:35)&#xD;&#xA;Caused by: com.kms.katalon.core.webui.exception.WebElementNotFoundException: Web element with id: 'Object Repository/Generic/articles' located by 'By.xpath: //*[@data-cy = 'sidebar-articles']' not found&#xD;&#xA;&#x9;at com.kms.katalon.core.webui.common.WebUiCommonHelper.findWebElement(WebUiCommonHelper.java:1097)&#xD;&#xA;&#x9;at com.kms.katalon.core.webui.common.WebUiCommonHelper$findWebElement.call(Unknown Source)&#xD;&#xA;&#x9;at platform.Method.clickOnElement(Method.groovy:32)&#xD;&#xA;&#x9;... 16 more&#xD;&#xA;"/>
            <system-out>2020-11-03 15:15:31 - [TEST_CASE][ERROR] - Test Cases/FAQ_SSO/disabledLowConfidenceAndDownvote_Test: Test Cases/FAQ_SSO/disabledLowConfidenceAndDownvote_Test FAILED.
Reason:
org.codehaus.groovy.runtime.InvokerInvocationException: com.kms.katalon.core.webui.exception.WebElementNotFoundException: Web element with id: 'Object Repository/Generic/articles' located by 'By.xpath: //*[@data-cy = 'sidebar-articles']' not found&#xD;
	at platform.Method.invokeMethod(Method.groovy)&#xD;
	at com.kms.katalon.core.main.CustomKeywordDelegatingMetaClass.invokeStaticMethod(CustomKeywordDelegatingMetaClass.java:50)&#xD;
	at disabledLowConfidenceAndDownvote_Test.run(disabledLowConfidenceAndDownvote_Test:21)&#xD;
	at com.kms.katalon.core.main.ScriptEngine.run(ScriptEngine.java:194)&#xD;
	at com.kms.katalon.core.main.ScriptEngine.runScriptAsRawText(ScriptEngine.java:119)&#xD;
	at com.kms.katalon.core.main.TestCaseExecutor.runScript(TestCaseExecutor.java:337)&#xD;
	at com.kms.katalon.core.main.TestCaseExecutor.doExecute(TestCaseExecutor.java:328)&#xD;
	at com.kms.katalon.core.main.TestCaseExecutor.processExecutionPhase(TestCaseExecutor.java:307)&#xD;
	at com.kms.katalon.core.main.TestCaseExecutor.accessMainPhase(TestCaseExecutor.java:299)&#xD;
	at com.kms.katalon.core.main.TestCaseExecutor.execute(TestCaseExecutor.java:233)&#xD;
	at com.kms.katalon.core.main.TestSuiteExecutor.accessTestCaseMainPhase(TestSuiteExecutor.java:169)&#xD;
	at com.kms.katalon.core.main.TestSuiteExecutor.accessTestSuiteMainPhase(TestSuiteExecutor.java:142)&#xD;
	at com.kms.katalon.core.main.TestSuiteExecutor.execute(TestSuiteExecutor.java:91)&#xD;
	at com.kms.katalon.core.main.TestCaseMain.startTestSuite(TestCaseMain.java:157)&#xD;
	at com.kms.katalon.core.main.TestCaseMain$startTestSuite$0.call(Unknown Source)&#xD;
	at TempTestSuite1604396236473.run(TempTestSuite1604396236473.groovy:35)&#xD;
Caused by: com.kms.katalon.core.webui.exception.WebElementNotFoundException: Web element with id: 'Object Repository/Generic/articles' located by 'By.xpath: //*[@data-cy = 'sidebar-articles']' not found&#xD;
	at com.kms.katalon.core.webui.common.WebUiCommonHelper.findWebElement(WebUiCommonHelper.java:1097)&#xD;
	at com.kms.katalon.core.webui.common.WebUiCommonHelper$findWebElement.call(Unknown Source)&#xD;
	at platform.Method.clickOnElement(Method.groovy:32)&#xD;
	... 16 more&#xD;
&#xD;
&#xD;
2020-11-03 15:15:33 - [TEST_STEP][ERROR] - platform.Method.clickOnElement(findTestObject("Generic/articles")): com.kms.katalon.core.webui.exception.WebElementNotFoundException: Web element with id: 'Object Repository/Generic/articles' located by 'By.xpath: //*[@data-cy = 'sidebar-articles']' not found&#xD;
&#xD;
2020-11-03 15:15:40 - [MESSAGE][INFO] - Unable to find the element located by 'By.xpath: //*[@data-cy = 'sidebar-articles']'. Please recheck the objects properties to make sure the desired element is located. &#xD;
&#xD;
2020-11-03 15:15:40 - [MESSAGE][ERROR] - com.kms.katalon.core.webui.exception.WebElementNotFoundException: Web element with id: 'Object Repository/Generic/articles' located by 'By.xpath: //*[@data-cy = 'sidebar-articles']' not found</system-out>
            <system-err>2020-11-03 15:15:31 - [TEST_CASE][ERROR] - Test Cases/FAQ_SSO/disabledLowConfidenceAndDownvote_Test: Test Cases/FAQ_SSO/disabledLowConfidenceAndDownvote_Test FAILED.
Reason:
org.codehaus.groovy.runtime.InvokerInvocationException: com.kms.katalon.core.webui.exception.WebElementNotFoundException: Web element with id: 'Object Repository/Generic/articles' located by 'By.xpath: //*[@data-cy = 'sidebar-articles']' not found&#xD;
	at platform.Method.invokeMethod(Method.groovy)&#xD;
	at com.kms.katalon.core.main.CustomKeywordDelegatingMetaClass.invokeStaticMethod(CustomKeywordDelegatingMetaClass.java:50)&#xD;
	at disabledLowConfidenceAndDownvote_Test.run(disabledLowConfidenceAndDownvote_Test:21)&#xD;
	at com.kms.katalon.core.main.ScriptEngine.run(ScriptEngine.java:194)&#xD;
	at com.kms.katalon.core.main.ScriptEngine.runScriptAsRawText(ScriptEngine.java:119)&#xD;
	at com.kms.katalon.core.main.TestCaseExecutor.runScript(TestCaseExecutor.java:337)&#xD;
	at com.kms.katalon.core.main.TestCaseExecutor.doExecute(TestCaseExecutor.java:328)&#xD;
	at com.kms.katalon.core.main.TestCaseExecutor.processExecutionPhase(TestCaseExecutor.java:307)&#xD;
	at com.kms.katalon.core.main.TestCaseExecutor.accessMainPhase(TestCaseExecutor.java:299)&#xD;
	at com.kms.katalon.core.main.TestCaseExecutor.execute(TestCaseExecutor.java:233)&#xD;
	at com.kms.katalon.core.main.TestSuiteExecutor.accessTestCaseMainPhase(TestSuiteExecutor.java:169)&#xD;
	at com.kms.katalon.core.main.TestSuiteExecutor.accessTestSuiteMainPhase(TestSuiteExecutor.java:142)&#xD;
	at com.kms.katalon.core.main.TestSuiteExecutor.execute(TestSuiteExecutor.java:91)&#xD;
	at com.kms.katalon.core.main.TestCaseMain.startTestSuite(TestCaseMain.java:157)&#xD;
	at com.kms.katalon.core.main.TestCaseMain$startTestSuite$0.call(Unknown Source)&#xD;
	at TempTestSuite1604396236473.run(TempTestSuite1604396236473.groovy:35)&#xD;
Caused by: com.kms.katalon.core.webui.exception.WebElementNotFoundException: Web element with id: 'Object Repository/Generic/articles' located by 'By.xpath: //*[@data-cy = 'sidebar-articles']' not found&#xD;
	at com.kms.katalon.core.webui.common.WebUiCommonHelper.findWebElement(WebUiCommonHelper.java:1097)&#xD;
	at com.kms.katalon.core.webui.common.WebUiCommonHelper$findWebElement.call(Unknown Source)&#xD;
	at platform.Method.clickOnElement(Method.groovy:32)&#xD;
	... 16 more</system-err>
        </testcase>
        <testcase name="Test Cases/FAQ_SSO/disabledPartialMatch_Test" classname="Test Cases/FAQ_SSO/disabledPartialMatch_Test" status="ERROR">
            <error type="ERROR" message="Test Cases/FAQ_SSO/disabledPartialMatch_Test FAILED.&#xA;Reason:&#xA;org.codehaus.groovy.runtime.InvokerInvocationException: com.kms.katalon.core.webui.exception.WebElementNotFoundException: Web element with id: 'Object Repository/Generic/articles' located by 'By.xpath: //*[@data-cy = 'sidebar-articles']' not found&#xD;&#xA;&#x9;at platform.Method.invokeMethod(Method.groovy)&#xD;&#xA;&#x9;at com.kms.katalon.core.main.CustomKeywordDelegatingMetaClass.invokeStaticMethod(CustomKeywordDelegatingMetaClass.java:50)&#xD;&#xA;&#x9;at disabledPartialMatch_Test.run(disabledPartialMatch_Test:13)&#xD;&#xA;&#x9;at com.kms.katalon.core.main.ScriptEngine.run(ScriptEngine.java:194)&#xD;&#xA;&#x9;at com.kms.katalon.core.main.ScriptEngine.runScriptAsRawText(ScriptEngine.java:119)&#xD;&#xA;&#x9;at com.kms.katalon.core.main.TestCaseExecutor.runScript(TestCaseExecutor.java:337)&#xD;&#xA;&#x9;at com.kms.katalon.core.main.TestCaseExecutor.doExecute(TestCaseExecutor.java:328)&#xD;&#xA;&#x9;at com.kms.katalon.core.main.TestCaseExecutor.processExecutionPhase(TestCaseExecutor.java:307)&#xD;&#xA;&#x9;at com.kms.katalon.core.main.TestCaseExecutor.accessMainPhase(TestCaseExecutor.java:299)&#xD;&#xA;&#x9;at com.kms.katalon.core.main.TestCaseExecutor.execute(TestCaseExecutor.java:233)&#xD;&#xA;&#x9;at com.kms.katalon.core.main.TestSuiteExecutor.accessTestCaseMainPhase(TestSuiteExecutor.java:169)&#xD;&#xA;&#x9;at com.kms.katalon.core.main.TestSuiteExecutor.accessTestSuiteMainPhase(TestSuiteExecutor.java:142)&#xD;&#xA;&#x9;at com.kms.katalon.core.main.TestSuiteExecutor.execute(TestSuiteExecutor.java:91)&#xD;&#xA;&#x9;at com.kms.katalon.core.main.TestCaseMain.startTestSuite(TestCaseMain.java:157)&#xD;&#xA;&#x9;at com.kms.katalon.core.main.TestCaseMain$startTestSuite$0.call(Unknown Source)&#xD;&#xA;&#x9;at TempTestSuite1604396236473.run(TempTestSuite1604396236473.groovy:35)&#xD;&#xA;Caused by: com.kms.katalon.core.webui.exception.WebElementNotFoundException: Web element with id: 'Object Repository/Generic/articles' located by 'By.xpath: //*[@data-cy = 'sidebar-articles']' not found&#xD;&#xA;&#x9;at com.kms.katalon.core.webui.common.WebUiCommonHelper.findWebElement(WebUiCommonHelper.java:1097)&#xD;&#xA;&#x9;at com.kms.katalon.core.webui.common.WebUiCommonHelper$findWebElement.call(Unknown Source)&#xD;&#xA;&#x9;at platform.Method.clickOnElement(Method.groovy:32)&#xD;&#xA;&#x9;... 16 more&#xD;&#xA;"/>
            <system-out>2020-11-03 15:15:41 - [TEST_CASE][ERROR] - Test Cases/FAQ_SSO/disabledPartialMatch_Test: Test Cases/FAQ_SSO/disabledPartialMatch_Test FAILED.
Reason:
org.codehaus.groovy.runtime.InvokerInvocationException: com.kms.katalon.core.webui.exception.WebElementNotFoundException: Web element with id: 'Object Repository/Generic/articles' located by 'By.xpath: //*[@data-cy = 'sidebar-articles']' not found&#xD;
	at platform.Method.invokeMethod(Method.groovy)&#xD;
	at com.kms.katalon.core.main.CustomKeywordDelegatingMetaClass.invokeStaticMethod(CustomKeywordDelegatingMetaClass.java:50)&#xD;
	at disabledPartialMatch_Test.run(disabledPartialMatch_Test:13)&#xD;
	at com.kms.katalon.core.main.ScriptEngine.run(ScriptEngine.java:194)&#xD;
	at com.kms.katalon.core.main.ScriptEngine.runScriptAsRawText(ScriptEngine.java:119)&#xD;
	at com.kms.katalon.core.main.TestCaseExecutor.runScript(TestCaseExecutor.java:337)&#xD;
	at com.kms.katalon.core.main.TestCaseExecutor.doExecute(TestCaseExecutor.java:328)&#xD;
	at com.kms.katalon.core.main.TestCaseExecutor.processExecutionPhase(TestCaseExecutor.java:307)&#xD;
	at com.kms.katalon.core.main.TestCaseExecutor.accessMainPhase(TestCaseExecutor.java:299)&#xD;
	at com.kms.katalon.core.main.TestCaseExecutor.execute(TestCaseExecutor.java:233)&#xD;
	at com.kms.katalon.core.main.TestSuiteExecutor.accessTestCaseMainPhase(TestSuiteExecutor.java:169)&#xD;
	at com.kms.katalon.core.main.TestSuiteExecutor.accessTestSuiteMainPhase(TestSuiteExecutor.java:142)&#xD;
	at com.kms.katalon.core.main.TestSuiteExecutor.execute(TestSuiteExecutor.java:91)&#xD;
	at com.kms.katalon.core.main.TestCaseMain.startTestSuite(TestCaseMain.java:157)&#xD;
	at com.kms.katalon.core.main.TestCaseMain$startTestSuite$0.call(Unknown Source)&#xD;
	at TempTestSuite1604396236473.run(TempTestSuite1604396236473.groovy:35)&#xD;
Caused by: com.kms.katalon.core.webui.exception.WebElementNotFoundException: Web element with id: 'Object Repository/Generic/articles' located by 'By.xpath: //*[@data-cy = 'sidebar-articles']' not found&#xD;
	at com.kms.katalon.core.webui.common.WebUiCommonHelper.findWebElement(WebUiCommonHelper.java:1097)&#xD;
	at com.kms.katalon.core.webui.common.WebUiCommonHelper$findWebElement.call(Unknown Source)&#xD;
	at platform.Method.clickOnElement(Method.groovy:32)&#xD;
	... 16 more&#xD;
&#xD;
&#xD;
2020-11-03 15:15:42 - [TEST_STEP][ERROR] - platform.Method.clickOnElement(findTestObject("Generic/articles")): com.kms.katalon.core.webui.exception.WebElementNotFoundException: Web element with id: 'Object Repository/Generic/articles' located by 'By.xpath: //*[@data-cy = 'sidebar-articles']' not found&#xD;
&#xD;
2020-11-03 15:15:48 - [MESSAGE][INFO] - Unable to find the element located by 'By.xpath: //*[@data-cy = 'sidebar-articles']'. Please recheck the objects properties to make sure the desired element is located. &#xD;
&#xD;
2020-11-03 15:15:48 - [MESSAGE][ERROR] - com.kms.katalon.core.webui.exception.WebElementNotFoundException: Web element with id: 'Object Repository/Generic/articles' located by 'By.xpath: //*[@data-cy = 'sidebar-articles']' not found</system-out>
            <system-err>2020-11-03 15:15:41 - [TEST_CASE][ERROR] - Test Cases/FAQ_SSO/disabledPartialMatch_Test: Test Cases/FAQ_SSO/disabledPartialMatch_Test FAILED.
Reason:
org.codehaus.groovy.runtime.InvokerInvocationException: com.kms.katalon.core.webui.exception.WebElementNotFoundException: Web element with id: 'Object Repository/Generic/articles' located by 'By.xpath: //*[@data-cy = 'sidebar-articles']' not found&#xD;
	at platform.Method.invokeMethod(Method.groovy)&#xD;
	at com.kms.katalon.core.main.CustomKeywordDelegatingMetaClass.invokeStaticMethod(CustomKeywordDelegatingMetaClass.java:50)&#xD;
	at disabledPartialMatch_Test.run(disabledPartialMatch_Test:13)&#xD;
	at com.kms.katalon.core.main.ScriptEngine.run(ScriptEngine.java:194)&#xD;
	at com.kms.katalon.core.main.ScriptEngine.runScriptAsRawText(ScriptEngine.java:119)&#xD;
	at com.kms.katalon.core.main.TestCaseExecutor.runScript(TestCaseExecutor.java:337)&#xD;
	at com.kms.katalon.core.main.TestCaseExecutor.doExecute(TestCaseExecutor.java:328)&#xD;
	at com.kms.katalon.core.main.TestCaseExecutor.processExecutionPhase(TestCaseExecutor.java:307)&#xD;
	at com.kms.katalon.core.main.TestCaseExecutor.accessMainPhase(TestCaseExecutor.java:299)&#xD;
	at com.kms.katalon.core.main.TestCaseExecutor.execute(TestCaseExecutor.java:233)&#xD;
	at com.kms.katalon.core.main.TestSuiteExecutor.accessTestCaseMainPhase(TestSuiteExecutor.java:169)&#xD;
	at com.kms.katalon.core.main.TestSuiteExecutor.accessTestSuiteMainPhase(TestSuiteExecutor.java:142)&#xD;
	at com.kms.katalon.core.main.TestSuiteExecutor.execute(TestSuiteExecutor.java:91)&#xD;
	at com.kms.katalon.core.main.TestCaseMain.startTestSuite(TestCaseMain.java:157)&#xD;
	at com.kms.katalon.core.main.TestCaseMain$startTestSuite$0.call(Unknown Source)&#xD;
	at TempTestSuite1604396236473.run(TempTestSuite1604396236473.groovy:35)&#xD;
Caused by: com.kms.katalon.core.webui.exception.WebElementNotFoundException: Web element with id: 'Object Repository/Generic/articles' located by 'By.xpath: //*[@data-cy = 'sidebar-articles']' not found&#xD;
	at com.kms.katalon.core.webui.common.WebUiCommonHelper.findWebElement(WebUiCommonHelper.java:1097)&#xD;
	at com.kms.katalon.core.webui.common.WebUiCommonHelper$findWebElement.call(Unknown Source)&#xD;
	at platform.Method.clickOnElement(Method.groovy:32)&#xD;
	... 16 more</system-err>
        </testcase>
        <testcase name="Test Cases/FAQ_SSO/disabledFallback_Test" classname="Test Cases/FAQ_SSO/disabledFallback_Test" status="ERROR">
            <error type="ERROR" message="Test Cases/FAQ_SSO/disabledFallback_Test FAILED.&#xA;Reason:&#xA;org.codehaus.groovy.runtime.InvokerInvocationException: com.kms.katalon.core.webui.exception.WebElementNotFoundException: Web element with id: 'Object Repository/Generic/articles' located by 'By.xpath: //*[@data-cy = 'sidebar-articles']' not found&#xD;&#xA;&#x9;at platform.Method.invokeMethod(Method.groovy)&#xD;&#xA;&#x9;at com.kms.katalon.core.main.CustomKeywordDelegatingMetaClass.invokeStaticMethod(CustomKeywordDelegatingMetaClass.java:50)&#xD;&#xA;&#x9;at disabledFallback_Test.run(disabledFallback_Test:21)&#xD;&#xA;&#x9;at com.kms.katalon.core.main.ScriptEngine.run(ScriptEngine.java:194)&#xD;&#xA;&#x9;at com.kms.katalon.core.main.ScriptEngine.runScriptAsRawText(ScriptEngine.java:119)&#xD;&#xA;&#x9;at com.kms.katalon.core.main.TestCaseExecutor.runScript(TestCaseExecutor.java:337)&#xD;&#xA;&#x9;at com.kms.katalon.core.main.TestCaseExecutor.doExecute(TestCaseExecutor.java:328)&#xD;&#xA;&#x9;at com.kms.katalon.core.main.TestCaseExecutor.processExecutionPhase(TestCaseExecutor.java:307)&#xD;&#xA;&#x9;at com.kms.katalon.core.main.TestCaseExecutor.accessMainPhase(TestCaseExecutor.java:299)&#xD;&#xA;&#x9;at com.kms.katalon.core.main.TestCaseExecutor.execute(TestCaseExecutor.java:233)&#xD;&#xA;&#x9;at com.kms.katalon.core.main.TestSuiteExecutor.accessTestCaseMainPhase(TestSuiteExecutor.java:169)&#xD;&#xA;&#x9;at com.kms.katalon.core.main.TestSuiteExecutor.accessTestSuiteMainPhase(TestSuiteExecutor.java:142)&#xD;&#xA;&#x9;at com.kms.katalon.core.main.TestSuiteExecutor.execute(TestSuiteExecutor.java:91)&#xD;&#xA;&#x9;at com.kms.katalon.core.main.TestCaseMain.startTestSuite(TestCaseMain.java:157)&#xD;&#xA;&#x9;at com.kms.katalon.core.main.TestCaseMain$startTestSuite$0.call(Unknown Source)&#xD;&#xA;&#x9;at TempTestSuite1604396236473.run(TempTestSuite1604396236473.groovy:35)&#xD;&#xA;Caused by: com.kms.katalon.core.webui.exception.WebElementNotFoundException: Web element with id: 'Object Repository/Generic/articles' located by 'By.xpath: //*[@data-cy = 'sidebar-articles']' not found&#xD;&#xA;&#x9;at com.kms.katalon.core.webui.common.WebUiCommonHelper.findWebElement(WebUiCommonHelper.java:1097)&#xD;&#xA;&#x9;at com.kms.katalon.core.webui.common.WebUiCommonHelper$findWebElement.call(Unknown Source)&#xD;&#xA;&#x9;at platform.Method.clickOnElement(Method.groovy:32)&#xD;&#xA;&#x9;... 16 more&#xD;&#xA;"/>
            <system-out>2020-11-03 15:15:49 - [TEST_CASE][ERROR] - Test Cases/FAQ_SSO/disabledFallback_Test: Test Cases/FAQ_SSO/disabledFallback_Test FAILED.
Reason:
org.codehaus.groovy.runtime.InvokerInvocationException: com.kms.katalon.core.webui.exception.WebElementNotFoundException: Web element with id: 'Object Repository/Generic/articles' located by 'By.xpath: //*[@data-cy = 'sidebar-articles']' not found&#xD;
	at platform.Method.invokeMethod(Method.groovy)&#xD;
	at com.kms.katalon.core.main.CustomKeywordDelegatingMetaClass.invokeStaticMethod(CustomKeywordDelegatingMetaClass.java:50)&#xD;
	at disabledFallback_Test.run(disabledFallback_Test:21)&#xD;
	at com.kms.katalon.core.main.ScriptEngine.run(ScriptEngine.java:194)&#xD;
	at com.kms.katalon.core.main.ScriptEngine.runScriptAsRawText(ScriptEngine.java:119)&#xD;
	at com.kms.katalon.core.main.TestCaseExecutor.runScript(TestCaseExecutor.java:337)&#xD;
	at com.kms.katalon.core.main.TestCaseExecutor.doExecute(TestCaseExecutor.java:328)&#xD;
	at com.kms.katalon.core.main.TestCaseExecutor.processExecutionPhase(TestCaseExecutor.java:307)&#xD;
	at com.kms.katalon.core.main.TestCaseExecutor.accessMainPhase(TestCaseExecutor.java:299)&#xD;
	at com.kms.katalon.core.main.TestCaseExecutor.execute(TestCaseExecutor.java:233)&#xD;
	at com.kms.katalon.core.main.TestSuiteExecutor.accessTestCaseMainPhase(TestSuiteExecutor.java:169)&#xD;
	at com.kms.katalon.core.main.TestSuiteExecutor.accessTestSuiteMainPhase(TestSuiteExecutor.java:142)&#xD;
	at com.kms.katalon.core.main.TestSuiteExecutor.execute(TestSuiteExecutor.java:91)&#xD;
	at com.kms.katalon.core.main.TestCaseMain.startTestSuite(TestCaseMain.java:157)&#xD;
	at com.kms.katalon.core.main.TestCaseMain$startTestSuite$0.call(Unknown Source)&#xD;
	at TempTestSuite1604396236473.run(TempTestSuite1604396236473.groovy:35)&#xD;
Caused by: com.kms.katalon.core.webui.exception.WebElementNotFoundException: Web element with id: 'Object Repository/Generic/articles' located by 'By.xpath: //*[@data-cy = 'sidebar-articles']' not found&#xD;
	at com.kms.katalon.core.webui.common.WebUiCommonHelper.findWebElement(WebUiCommonHelper.java:1097)&#xD;
	at com.kms.katalon.core.webui.common.WebUiCommonHelper$findWebElement.call(Unknown Source)&#xD;
	at platform.Method.clickOnElement(Method.groovy:32)&#xD;
	... 16 more&#xD;
&#xD;
&#xD;
2020-11-03 15:15:51 - [TEST_STEP][ERROR] - platform.Method.clickOnElement(findTestObject("Generic/articles")): com.kms.katalon.core.webui.exception.WebElementNotFoundException: Web element with id: 'Object Repository/Generic/articles' located by 'By.xpath: //*[@data-cy = 'sidebar-articles']' not found&#xD;
&#xD;
2020-11-03 15:15:58 - [MESSAGE][INFO] - Unable to find the element located by 'By.xpath: //*[@data-cy = 'sidebar-articles']'. Please recheck the objects properties to make sure the desired element is located. &#xD;
&#xD;
2020-11-03 15:15:58 - [MESSAGE][ERROR] - com.kms.katalon.core.webui.exception.WebElementNotFoundException: Web element with id: 'Object Repository/Generic/articles' located by 'By.xpath: //*[@data-cy = 'sidebar-articles']' not found</system-out>
            <system-err>2020-11-03 15:15:49 - [TEST_CASE][ERROR] - Test Cases/FAQ_SSO/disabledFallback_Test: Test Cases/FAQ_SSO/disabledFallback_Test FAILED.
Reason:
org.codehaus.groovy.runtime.InvokerInvocationException: com.kms.katalon.core.webui.exception.WebElementNotFoundException: Web element with id: 'Object Repository/Generic/articles' located by 'By.xpath: //*[@data-cy = 'sidebar-articles']' not found&#xD;
	at platform.Method.invokeMethod(Method.groovy)&#xD;
	at com.kms.katalon.core.main.CustomKeywordDelegatingMetaClass.invokeStaticMethod(CustomKeywordDelegatingMetaClass.java:50)&#xD;
	at disabledFallback_Test.run(disabledFallback_Test:21)&#xD;
	at com.kms.katalon.core.main.ScriptEngine.run(ScriptEngine.java:194)&#xD;
	at com.kms.katalon.core.main.ScriptEngine.runScriptAsRawText(ScriptEngine.java:119)&#xD;
	at com.kms.katalon.core.main.TestCaseExecutor.runScript(TestCaseExecutor.java:337)&#xD;
	at com.kms.katalon.core.main.TestCaseExecutor.doExecute(TestCaseExecutor.java:328)&#xD;
	at com.kms.katalon.core.main.TestCaseExecutor.processExecutionPhase(TestCaseExecutor.java:307)&#xD;
	at com.kms.katalon.core.main.TestCaseExecutor.accessMainPhase(TestCaseExecutor.java:299)&#xD;
	at com.kms.katalon.core.main.TestCaseExecutor.execute(TestCaseExecutor.java:233)&#xD;
	at com.kms.katalon.core.main.TestSuiteExecutor.accessTestCaseMainPhase(TestSuiteExecutor.java:169)&#xD;
	at com.kms.katalon.core.main.TestSuiteExecutor.accessTestSuiteMainPhase(TestSuiteExecutor.java:142)&#xD;
	at com.kms.katalon.core.main.TestSuiteExecutor.execute(TestSuiteExecutor.java:91)&#xD;
	at com.kms.katalon.core.main.TestCaseMain.startTestSuite(TestCaseMain.java:157)&#xD;
	at com.kms.katalon.core.main.TestCaseMain$startTestSuite$0.call(Unknown Source)&#xD;
	at TempTestSuite1604396236473.run(TempTestSuite1604396236473.groovy:35)&#xD;
Caused by: com.kms.katalon.core.webui.exception.WebElementNotFoundException: Web element with id: 'Object Repository/Generic/articles' located by 'By.xpath: //*[@data-cy = 'sidebar-articles']' not found&#xD;
	at com.kms.katalon.core.webui.common.WebUiCommonHelper.findWebElement(WebUiCommonHelper.java:1097)&#xD;
	at com.kms.katalon.core.webui.common.WebUiCommonHelper$findWebElement.call(Unknown Source)&#xD;
	at platform.Method.clickOnElement(Method.groovy:32)&#xD;
	... 16 more</system-err>
        </testcase>
        <testcase name="Test Cases/FAQ_SSO/defaultQuestionInArticle_Test" classname="Test Cases/FAQ_SSO/defaultQuestionInArticle_Test" status="ERROR">
            <error type="ERROR" message="Test Cases/FAQ_SSO/defaultQuestionInArticle_Test FAILED.&#xA;Reason:&#xA;org.codehaus.groovy.runtime.InvokerInvocationException: com.kms.katalon.core.webui.exception.WebElementNotFoundException: Web element with id: 'Object Repository/Generic/articles' located by 'By.xpath: //*[@data-cy = 'sidebar-articles']' not found&#xD;&#xA;&#x9;at platform.Method.invokeMethod(Method.groovy)&#xD;&#xA;&#x9;at com.kms.katalon.core.main.CustomKeywordDelegatingMetaClass.invokeStaticMethod(CustomKeywordDelegatingMetaClass.java:50)&#xD;&#xA;&#x9;at defaultQuestionInArticle_Test.run(defaultQuestionInArticle_Test:16)&#xD;&#xA;&#x9;at com.kms.katalon.core.main.ScriptEngine.run(ScriptEngine.java:194)&#xD;&#xA;&#x9;at com.kms.katalon.core.main.ScriptEngine.runScriptAsRawText(ScriptEngine.java:119)&#xD;&#xA;&#x9;at com.kms.katalon.core.main.TestCaseExecutor.runScript(TestCaseExecutor.java:337)&#xD;&#xA;&#x9;at com.kms.katalon.core.main.TestCaseExecutor.doExecute(TestCaseExecutor.java:328)&#xD;&#xA;&#x9;at com.kms.katalon.core.main.TestCaseExecutor.processExecutionPhase(TestCaseExecutor.java:307)&#xD;&#xA;&#x9;at com.kms.katalon.core.main.TestCaseExecutor.accessMainPhase(TestCaseExecutor.java:299)&#xD;&#xA;&#x9;at com.kms.katalon.core.main.TestCaseExecutor.execute(TestCaseExecutor.java:233)&#xD;&#xA;&#x9;at com.kms.katalon.core.main.TestSuiteExecutor.accessTestCaseMainPhase(TestSuiteExecutor.java:169)&#xD;&#xA;&#x9;at com.kms.katalon.core.main.TestSuiteExecutor.accessTestSuiteMainPhase(TestSuiteExecutor.java:142)&#xD;&#xA;&#x9;at com.kms.katalon.core.main.TestSuiteExecutor.execute(TestSuiteExecutor.java:91)&#xD;&#xA;&#x9;at com.kms.katalon.core.main.TestCaseMain.startTestSuite(TestCaseMain.java:157)&#xD;&#xA;&#x9;at com.kms.katalon.core.main.TestCaseMain$startTestSuite$0.call(Unknown Source)&#xD;&#xA;&#x9;at TempTestSuite1604396236473.run(TempTestSuite1604396236473.groovy:35)&#xD;&#xA;Caused by: com.kms.katalon.core.webui.exception.WebElementNotFoundException: Web element with id: 'Object Repository/Generic/articles' located by 'By.xpath: //*[@data-cy = 'sidebar-articles']' not found&#xD;&#xA;&#x9;at com.kms.katalon.core.webui.common.WebUiCommonHelper.findWebElement(WebUiCommonHelper.java:1097)&#xD;&#xA;&#x9;at com.kms.katalon.core.webui.common.WebUiCommonHelper$findWebElement.call(Unknown Source)&#xD;&#xA;&#x9;at platform.Method.clickOnElement(Method.groovy:32)&#xD;&#xA;&#x9;... 16 more&#xD;&#xA;"/>
            <system-out>2020-11-03 15:15:58 - [TEST_CASE][ERROR] - Test Cases/FAQ_SSO/defaultQuestionInArticle_Test: Test Cases/FAQ_SSO/defaultQuestionInArticle_Test FAILED.
Reason:
org.codehaus.groovy.runtime.InvokerInvocationException: com.kms.katalon.core.webui.exception.WebElementNotFoundException: Web element with id: 'Object Repository/Generic/articles' located by 'By.xpath: //*[@data-cy = 'sidebar-articles']' not found&#xD;
	at platform.Method.invokeMethod(Method.groovy)&#xD;
	at com.kms.katalon.core.main.CustomKeywordDelegatingMetaClass.invokeStaticMethod(CustomKeywordDelegatingMetaClass.java:50)&#xD;
	at defaultQuestionInArticle_Test.run(defaultQuestionInArticle_Test:16)&#xD;
	at com.kms.katalon.core.main.ScriptEngine.run(ScriptEngine.java:194)&#xD;
	at com.kms.katalon.core.main.ScriptEngine.runScriptAsRawText(ScriptEngine.java:119)&#xD;
	at com.kms.katalon.core.main.TestCaseExecutor.runScript(TestCaseExecutor.java:337)&#xD;
	at com.kms.katalon.core.main.TestCaseExecutor.doExecute(TestCaseExecutor.java:328)&#xD;
	at com.kms.katalon.core.main.TestCaseExecutor.processExecutionPhase(TestCaseExecutor.java:307)&#xD;
	at com.kms.katalon.core.main.TestCaseExecutor.accessMainPhase(TestCaseExecutor.java:299)&#xD;
	at com.kms.katalon.core.main.TestCaseExecutor.execute(TestCaseExecutor.java:233)&#xD;
	at com.kms.katalon.core.main.TestSuiteExecutor.accessTestCaseMainPhase(TestSuiteExecutor.java:169)&#xD;
	at com.kms.katalon.core.main.TestSuiteExecutor.accessTestSuiteMainPhase(TestSuiteExecutor.java:142)&#xD;
	at com.kms.katalon.core.main.TestSuiteExecutor.execute(TestSuiteExecutor.java:91)&#xD;
	at com.kms.katalon.core.main.TestCaseMain.startTestSuite(TestCaseMain.java:157)&#xD;
	at com.kms.katalon.core.main.TestCaseMain$startTestSuite$0.call(Unknown Source)&#xD;
	at TempTestSuite1604396236473.run(TempTestSuite1604396236473.groovy:35)&#xD;
Caused by: com.kms.katalon.core.webui.exception.WebElementNotFoundException: Web element with id: 'Object Repository/Generic/articles' located by 'By.xpath: //*[@data-cy = 'sidebar-articles']' not found&#xD;
	at com.kms.katalon.core.webui.common.WebUiCommonHelper.findWebElement(WebUiCommonHelper.java:1097)&#xD;
	at com.kms.katalon.core.webui.common.WebUiCommonHelper$findWebElement.call(Unknown Source)&#xD;
	at platform.Method.clickOnElement(Method.groovy:32)&#xD;
	... 16 more&#xD;
&#xD;
&#xD;
2020-11-03 15:15:59 - [TEST_STEP][ERROR] - platform.Method.clickOnElement(findTestObject("Generic/articles")): com.kms.katalon.core.webui.exception.WebElementNotFoundException: Web element with id: 'Object Repository/Generic/articles' located by 'By.xpath: //*[@data-cy = 'sidebar-articles']' not found&#xD;
&#xD;
2020-11-03 15:16:05 - [MESSAGE][INFO] - Unable to find the element located by 'By.xpath: //*[@data-cy = 'sidebar-articles']'. Please recheck the objects properties to make sure the desired element is located. &#xD;
&#xD;
2020-11-03 15:16:05 - [MESSAGE][ERROR] - com.kms.katalon.core.webui.exception.WebElementNotFoundException: Web element with id: 'Object Repository/Generic/articles' located by 'By.xpath: //*[@data-cy = 'sidebar-articles']' not found</system-out>
            <system-err>2020-11-03 15:15:58 - [TEST_CASE][ERROR] - Test Cases/FAQ_SSO/defaultQuestionInArticle_Test: Test Cases/FAQ_SSO/defaultQuestionInArticle_Test FAILED.
Reason:
org.codehaus.groovy.runtime.InvokerInvocationException: com.kms.katalon.core.webui.exception.WebElementNotFoundException: Web element with id: 'Object Repository/Generic/articles' located by 'By.xpath: //*[@data-cy = 'sidebar-articles']' not found&#xD;
	at platform.Method.invokeMethod(Method.groovy)&#xD;
	at com.kms.katalon.core.main.CustomKeywordDelegatingMetaClass.invokeStaticMethod(CustomKeywordDelegatingMetaClass.java:50)&#xD;
	at defaultQuestionInArticle_Test.run(defaultQuestionInArticle_Test:16)&#xD;
	at com.kms.katalon.core.main.ScriptEngine.run(ScriptEngine.java:194)&#xD;
	at com.kms.katalon.core.main.ScriptEngine.runScriptAsRawText(ScriptEngine.java:119)&#xD;
	at com.kms.katalon.core.main.TestCaseExecutor.runScript(TestCaseExecutor.java:337)&#xD;
	at com.kms.katalon.core.main.TestCaseExecutor.doExecute(TestCaseExecutor.java:328)&#xD;
	at com.kms.katalon.core.main.TestCaseExecutor.processExecutionPhase(TestCaseExecutor.java:307)&#xD;
	at com.kms.katalon.core.main.TestCaseExecutor.accessMainPhase(TestCaseExecutor.java:299)&#xD;
	at com.kms.katalon.core.main.TestCaseExecutor.execute(TestCaseExecutor.java:233)&#xD;
	at com.kms.katalon.core.main.TestSuiteExecutor.accessTestCaseMainPhase(TestSuiteExecutor.java:169)&#xD;
	at com.kms.katalon.core.main.TestSuiteExecutor.accessTestSuiteMainPhase(TestSuiteExecutor.java:142)&#xD;
	at com.kms.katalon.core.main.TestSuiteExecutor.execute(TestSuiteExecutor.java:91)&#xD;
	at com.kms.katalon.core.main.TestCaseMain.startTestSuite(TestCaseMain.java:157)&#xD;
	at com.kms.katalon.core.main.TestCaseMain$startTestSuite$0.call(Unknown Source)&#xD;
	at TempTestSuite1604396236473.run(TempTestSuite1604396236473.groovy:35)&#xD;
Caused by: com.kms.katalon.core.webui.exception.WebElementNotFoundException: Web element with id: 'Object Repository/Generic/articles' located by 'By.xpath: //*[@data-cy = 'sidebar-articles']' not found&#xD;
	at com.kms.katalon.core.webui.common.WebUiCommonHelper.findWebElement(WebUiCommonHelper.java:1097)&#xD;
	at com.kms.katalon.core.webui.common.WebUiCommonHelper$findWebElement.call(Unknown Source)&#xD;
	at platform.Method.clickOnElement(Method.groovy:32)&#xD;
	... 16 more</system-err>
        </testcase>
        <testcase name="Test Cases/FAQ_SSO/encryptionOnSessions_Test" classname="Test Cases/FAQ_SSO/encryptionOnSessions_Test" status="ERROR">
            <error type="ERROR" message="Test Cases/FAQ_SSO/encryptionOnSessions_Test FAILED.&#xA;Reason:&#xA;org.codehaus.groovy.runtime.InvokerInvocationException: com.kms.katalon.core.webui.exception.WebElementNotFoundException: Web element with id: 'Object Repository/ICONS/sidebarSettings' located by 'By.xpath: //div[@data-cy='sidebar-setting']' not found&#xD;&#xA;&#x9;at platform.Method.invokeMethod(Method.groovy)&#xD;&#xA;&#x9;at com.kms.katalon.core.main.CustomKeywordDelegatingMetaClass.invokeStaticMethod(CustomKeywordDelegatingMetaClass.java:50)&#xD;&#xA;&#x9;at encryptionOnSessions_Test.run(encryptionOnSessions_Test:20)&#xD;&#xA;&#x9;at com.kms.katalon.core.main.ScriptEngine.run(ScriptEngine.java:194)&#xD;&#xA;&#x9;at com.kms.katalon.core.main.ScriptEngine.runScriptAsRawText(ScriptEngine.java:119)&#xD;&#xA;&#x9;at com.kms.katalon.core.main.TestCaseExecutor.runScript(TestCaseExecutor.java:337)&#xD;&#xA;&#x9;at com.kms.katalon.core.main.TestCaseExecutor.doExecute(TestCaseExecutor.java:328)&#xD;&#xA;&#x9;at com.kms.katalon.core.main.TestCaseExecutor.processExecutionPhase(TestCaseExecutor.java:307)&#xD;&#xA;&#x9;at com.kms.katalon.core.main.TestCaseExecutor.accessMainPhase(TestCaseExecutor.java:299)&#xD;&#xA;&#x9;at com.kms.katalon.core.main.TestCaseExecutor.execute(TestCaseExecutor.java:233)&#xD;&#xA;&#x9;at com.kms.katalon.core.main.TestSuiteExecutor.accessTestCaseMainPhase(TestSuiteExecutor.java:169)&#xD;&#xA;&#x9;at com.kms.katalon.core.main.TestSuiteExecutor.accessTestSuiteMainPhase(TestSuiteExecutor.java:142)&#xD;&#xA;&#x9;at com.kms.katalon.core.main.TestSuiteExecutor.execute(TestSuiteExecutor.java:91)&#xD;&#xA;&#x9;at com.kms.katalon.core.main.TestCaseMain.startTestSuite(TestCaseMain.java:157)&#xD;&#xA;&#x9;at com.kms.katalon.core.main.TestCaseMain$startTestSuite$0.call(Unknown Source)&#xD;&#xA;&#x9;at TempTestSuite1604396236473.run(TempTestSuite1604396236473.groovy:35)&#xD;&#xA;Caused by: com.kms.katalon.core.webui.exception.WebElementNotFoundException: Web element with id: 'Object Repository/ICONS/sidebarSettings' located by 'By.xpath: //div[@data-cy='sidebar-setting']' not found&#xD;&#xA;&#x9;at com.kms.katalon.core.webui.common.WebUiCommonHelper.findWebElement(WebUiCommonHelper.java:1097)&#xD;&#xA;&#x9;at com.kms.katalon.core.webui.common.WebUiCommonHelper$findWebElement.call(Unknown Source)&#xD;&#xA;&#x9;at platform.Method.clickOnElement(Method.groovy:32)&#xD;&#xA;&#x9;... 16 more&#xD;&#xA;"/>
            <system-out>2020-11-03 15:16:05 - [TEST_CASE][ERROR] - Test Cases/FAQ_SSO/encryptionOnSessions_Test: Test Cases/FAQ_SSO/encryptionOnSessions_Test FAILED.
Reason:
org.codehaus.groovy.runtime.InvokerInvocationException: com.kms.katalon.core.webui.exception.WebElementNotFoundException: Web element with id: 'Object Repository/ICONS/sidebarSettings' located by 'By.xpath: //div[@data-cy='sidebar-setting']' not found&#xD;
	at platform.Method.invokeMethod(Method.groovy)&#xD;
	at com.kms.katalon.core.main.CustomKeywordDelegatingMetaClass.invokeStaticMethod(CustomKeywordDelegatingMetaClass.java:50)&#xD;
	at encryptionOnSessions_Test.run(encryptionOnSessions_Test:20)&#xD;
	at com.kms.katalon.core.main.ScriptEngine.run(ScriptEngine.java:194)&#xD;
	at com.kms.katalon.core.main.ScriptEngine.runScriptAsRawText(ScriptEngine.java:119)&#xD;
	at com.kms.katalon.core.main.TestCaseExecutor.runScript(TestCaseExecutor.java:337)&#xD;
	at com.kms.katalon.core.main.TestCaseExecutor.doExecute(TestCaseExecutor.java:328)&#xD;
	at com.kms.katalon.core.main.TestCaseExecutor.processExecutionPhase(TestCaseExecutor.java:307)&#xD;
	at com.kms.katalon.core.main.TestCaseExecutor.accessMainPhase(TestCaseExecutor.java:299)&#xD;
	at com.kms.katalon.core.main.TestCaseExecutor.execute(TestCaseExecutor.java:233)&#xD;
	at com.kms.katalon.core.main.TestSuiteExecutor.accessTestCaseMainPhase(TestSuiteExecutor.java:169)&#xD;
	at com.kms.katalon.core.main.TestSuiteExecutor.accessTestSuiteMainPhase(TestSuiteExecutor.java:142)&#xD;
	at com.kms.katalon.core.main.TestSuiteExecutor.execute(TestSuiteExecutor.java:91)&#xD;
	at com.kms.katalon.core.main.TestCaseMain.startTestSuite(TestCaseMain.java:157)&#xD;
	at com.kms.katalon.core.main.TestCaseMain$startTestSuite$0.call(Unknown Source)&#xD;
	at TempTestSuite1604396236473.run(TempTestSuite1604396236473.groovy:35)&#xD;
Caused by: com.kms.katalon.core.webui.exception.WebElementNotFoundException: Web element with id: 'Object Repository/ICONS/sidebarSettings' located by 'By.xpath: //div[@data-cy='sidebar-setting']' not found&#xD;
	at com.kms.katalon.core.webui.common.WebUiCommonHelper.findWebElement(WebUiCommonHelper.java:1097)&#xD;
	at com.kms.katalon.core.webui.common.WebUiCommonHelper$findWebElement.call(Unknown Source)&#xD;
	at platform.Method.clickOnElement(Method.groovy:32)&#xD;
	... 16 more&#xD;
&#xD;
&#xD;
2020-11-03 15:16:07 - [TEST_STEP][ERROR] - platform.Method.clickOnElement(findTestObject("ICONS/sidebarSettings")): com.kms.katalon.core.webui.exception.WebElementNotFoundException: Web element with id: 'Object Repository/ICONS/sidebarSettings' located by 'By.xpath: //div[@data-cy='sidebar-setting']' not found&#xD;
&#xD;
2020-11-03 15:16:13 - [MESSAGE][INFO] - Unable to find the element located by 'By.xpath: //div[@data-cy='sidebar-setting']'. Please recheck the objects properties to make sure the desired element is located. &#xD;
&#xD;
2020-11-03 15:16:13 - [MESSAGE][ERROR] - com.kms.katalon.core.webui.exception.WebElementNotFoundException: Web element with id: 'Object Repository/ICONS/sidebarSettings' located by 'By.xpath: //div[@data-cy='sidebar-setting']' not found</system-out>
            <system-err>2020-11-03 15:16:05 - [TEST_CASE][ERROR] - Test Cases/FAQ_SSO/encryptionOnSessions_Test: Test Cases/FAQ_SSO/encryptionOnSessions_Test FAILED.
Reason:
org.codehaus.groovy.runtime.InvokerInvocationException: com.kms.katalon.core.webui.exception.WebElementNotFoundException: Web element with id: 'Object Repository/ICONS/sidebarSettings' located by 'By.xpath: //div[@data-cy='sidebar-setting']' not found&#xD;
	at platform.Method.invokeMethod(Method.groovy)&#xD;
	at com.kms.katalon.core.main.CustomKeywordDelegatingMetaClass.invokeStaticMethod(CustomKeywordDelegatingMetaClass.java:50)&#xD;
	at encryptionOnSessions_Test.run(encryptionOnSessions_Test:20)&#xD;
	at com.kms.katalon.core.main.ScriptEngine.run(ScriptEngine.java:194)&#xD;
	at com.kms.katalon.core.main.ScriptEngine.runScriptAsRawText(ScriptEngine.java:119)&#xD;
	at com.kms.katalon.core.main.TestCaseExecutor.runScript(TestCaseExecutor.java:337)&#xD;
	at com.kms.katalon.core.main.TestCaseExecutor.doExecute(TestCaseExecutor.java:328)&#xD;
	at com.kms.katalon.core.main.TestCaseExecutor.processExecutionPhase(TestCaseExecutor.java:307)&#xD;
	at com.kms.katalon.core.main.TestCaseExecutor.accessMainPhase(TestCaseExecutor.java:299)&#xD;
	at com.kms.katalon.core.main.TestCaseExecutor.execute(TestCaseExecutor.java:233)&#xD;
	at com.kms.katalon.core.main.TestSuiteExecutor.accessTestCaseMainPhase(TestSuiteExecutor.java:169)&#xD;
	at com.kms.katalon.core.main.TestSuiteExecutor.accessTestSuiteMainPhase(TestSuiteExecutor.java:142)&#xD;
	at com.kms.katalon.core.main.TestSuiteExecutor.execute(TestSuiteExecutor.java:91)&#xD;
	at com.kms.katalon.core.main.TestCaseMain.startTestSuite(TestCaseMain.java:157)&#xD;
	at com.kms.katalon.core.main.TestCaseMain$startTestSuite$0.call(Unknown Source)&#xD;
	at TempTestSuite1604396236473.run(TempTestSuite1604396236473.groovy:35)&#xD;
Caused by: com.kms.katalon.core.webui.exception.WebElementNotFoundException: Web element with id: 'Object Repository/ICONS/sidebarSettings' located by 'By.xpath: //div[@data-cy='sidebar-setting']' not found&#xD;
	at com.kms.katalon.core.webui.common.WebUiCommonHelper.findWebElement(WebUiCommonHelper.java:1097)&#xD;
	at com.kms.katalon.core.webui.common.WebUiCommonHelper$findWebElement.call(Unknown Source)&#xD;
	at platform.Method.clickOnElement(Method.groovy:32)&#xD;
	... 16 more</system-err>
        </testcase>
        <testcase name="Test Cases/FAQ_SSO/customSynonymsE2E_Test" classname="Test Cases/FAQ_SSO/customSynonymsE2E_Test" status="PASSED">
            <system-out>2020-11-03 15:16:14 - [TEST_CASE][PASSED] - Test Cases/FAQ_SSO/customSynonymsE2E_Test: Test Cases/FAQ_SSO/customSynonymsE2E_Test&#xD;
&#xD;
2020-11-03 15:16:15 - [TEST_STEP][PASSED] - platform.Method.clickOnElement(findTestObject("Generic/imiLogo")): platform.Method.clickOnElement is PASSED&#xD;
&#xD;
2020-11-03 15:16:18 - [MESSAGE][PASSED] - platform.Method.clickOnElement is PASSED&#xD;
&#xD;
2020-11-03 15:16:18 - [TEST_STEP][PASSED] - waitForElementVisible(findTestObject("Button/createBot"), 30, OPTIONAL): Object 'Object Repository/Button/createBot' is visible&#xD;
&#xD;
2020-11-03 15:16:21 - [MESSAGE][PASSED] - Object 'Object Repository/Button/createBot' is visible&#xD;
&#xD;
2020-11-03 15:16:21 - [TEST_STEP][PASSED] - platform.Method.clickOnElement(findTestObject("Generic/webObjectWithText", ["textValue":PREVIEW_BOT])): platform.Method.clickOnElement is PASSED&#xD;
&#xD;
2020-11-03 15:16:23 - [MESSAGE][PASSED] - platform.Method.clickOnElement is PASSED&#xD;
&#xD;
2020-11-03 15:16:23 - [TEST_STEP][PASSED] - waitForElementVisible(findTestObject("Generic/articles"), 30, OPTIONAL): Object 'Object Repository/Generic/articles' is visible&#xD;
&#xD;
2020-11-03 15:16:31 - [MESSAGE][PASSED] - Object 'Object Repository/Generic/articles' is visible&#xD;
&#xD;
2020-11-03 15:16:31 - [TEST_STEP][PASSED] - platform.Method.clickOnElement(findTestObject("Generic/articles")): platform.Method.clickOnElement is PASSED&#xD;
&#xD;
2020-11-03 15:16:33 - [MESSAGE][PASSED] - platform.Method.clickOnElement is PASSED&#xD;
&#xD;
2020-11-03 15:16:33 - [TEST_STEP][PASSED] - sendKeys(findTestObject("Input/searchForQuestion"), "Hello there"): Keys 'Hello there' sent to object: 'Object Repository/Input/searchForQuestion'&#xD;
&#xD;
2020-11-03 15:16:36 - [MESSAGE][PASSED] - Keys 'Hello there' sent to object: 'Object Repository/Input/searchForQuestion'&#xD;
&#xD;
2020-11-03 15:16:36 - [TEST_STEP][PASSED] - if (waitForElementVisible(findTestObject("Generic/searchResult"), 10, OPTIONAL)): Web element with id: 'Object Repository/Generic/searchResult' located by 'By.xpath: //*[@data-cy = 'article-search-results']' not found&#xD;
&#xD;
2020-11-03 15:16:47 - [MESSAGE][INFO] - Unable to find the element located by 'By.xpath: //*[@data-cy = 'article-search-results']'. Please recheck the objects properties to make sure the desired element is located. &#xD;
&#xD;
2020-11-03 15:16:47 - [MESSAGE][WARNING] - Web element with id: 'Object Repository/Generic/searchResult' located by 'By.xpath: //*[@data-cy = 'article-search-results']' not found&#xD;
&#xD;
2020-11-03 15:16:47 - [TEST_STEP][PASSED] - else: Hello there article not present&#xD;
&#xD;
2020-11-03 15:16:47 - [TEST_STEP][PASSED] - logInfo("Hello there article not present"): Hello there article not present&#xD;
&#xD;
2020-11-03 15:16:47 - [MESSAGE][INFO] - Hello there article not present&#xD;
&#xD;
2020-11-03 15:16:47 - [TEST_STEP][PASSED] - platform.Method.clickOnElement(findTestObject("Button/preview")): platform.Method.clickOnElement is PASSED&#xD;
&#xD;
2020-11-03 15:16:50 - [MESSAGE][PASSED] - platform.Method.clickOnElement is PASSED&#xD;
&#xD;
2020-11-03 15:16:50 - [TEST_STEP][PASSED] - sendKeys(findTestObject("Input/chatInput"), Keys.chord("[स्वावलंबी] भारतवर्ष", ENTER)): Keys 'ENTER + [स्वावलंबी] भारतवर्ष' sent to object: 'Object Repository/Input/chatInput'&#xD;
&#xD;
2020-11-03 15:16:53 - [MESSAGE][PASSED] - Keys 'ENTER + [स्वावलंबी] भारतवर्ष' sent to object: 'Object Repository/Input/chatInput'&#xD;
&#xD;
2020-11-03 15:16:53 - [TEST_STEP][PASSED] - waitForElementPresent(findTestObject("GenericII/getBotResponse", ["index":2]), 20, OPTIONAL): Object 'Object Repository/GenericII/getBotResponse' is present&#xD;
&#xD;
2020-11-03 15:16:56 - [MESSAGE][PASSED] - Object 'Object Repository/GenericII/getBotResponse' is present&#xD;
&#xD;
2020-11-03 15:16:56 - [TEST_STEP][PASSED] - verifyElementText(findTestObject("GenericII/getBotResponse", ["index":2]), fallback, OPTIONAL): Actual text and expected text of test object 'Object Repository/GenericII/getBotResponse' are matched.&#xD;
&#xD;
2020-11-03 15:16:59 - [MESSAGE][PASSED] - Actual text and expected text of test object 'Object Repository/GenericII/getBotResponse' are matched.&#xD;
&#xD;
2020-11-03 15:16:59 - [TEST_STEP][PASSED] - platform.Method.clickOnElement(findTestObject("GenericII/minimize")): platform.Method.clickOnElement is PASSED&#xD;
&#xD;
2020-11-03 15:17:01 - [MESSAGE][PASSED] - platform.Method.clickOnElement is PASSED&#xD;
&#xD;
2020-11-03 15:17:01 - [TEST_STEP][PASSED] - platform.Method.clickOnElement(findTestObject("Generic/webObjectWithText", ["textValue":"Custom synonyms"])): platform.Method.clickOnElement is PASSED&#xD;
&#xD;
2020-11-03 15:17:03 - [MESSAGE][PASSED] - platform.Method.clickOnElement is PASSED&#xD;
&#xD;
2020-11-03 15:17:03 - [TEST_STEP][PASSED] - platform.Method.clickOnElement(findTestObject("Button/rootword")): platform.Method.clickOnElement is PASSED&#xD;
&#xD;
2020-11-03 15:17:06 - [MESSAGE][PASSED] - platform.Method.clickOnElement is PASSED&#xD;
&#xD;
2020-11-03 15:17:06 - [TEST_STEP][PASSED] - testData = findTestData("Data Files/testData_FAQ"): null&#xD;
&#xD;
2020-11-03 15:17:06 - [TEST_STEP][PASSED] - setText(findTestObject("Input/valueOfSynonym"), Keys.chord(testData.getValue("custom_syn_value", 1), ENTER)): Text 'ENTER + Hello' is set on object 'Object Repository/Input/valueOfSynonym'&#xD;
&#xD;
2020-11-03 15:17:10 - [MESSAGE][PASSED] - Text 'ENTER + Hello' is set on object 'Object Repository/Input/valueOfSynonym'&#xD;
&#xD;
2020-11-03 15:17:10 - [TEST_STEP][PASSED] - for ([count = 1, count &lt;= testData.getRowNumbers(), (count++)]): null&#xD;
&#xD;
2020-11-03 15:17:10 - [TEST_STEP][PASSED] - if (testData.getValue("synonyms", count) != ""): Text 'ENTER + Bonjour.' is set on object 'Object Repository/Input/synonyms'&#xD;
&#xD;
2020-11-03 15:17:10 - [TEST_STEP][PASSED] - setText(findTestObject("Input/synonyms", ["index":1]), Keys.chord(testData.getValue("synonyms", count), ENTER)): Text 'ENTER + Bonjour.' is set on object 'Object Repository/Input/synonyms'&#xD;
&#xD;
2020-11-03 15:17:14 - [MESSAGE][PASSED] - Text 'ENTER + Bonjour.' is set on object 'Object Repository/Input/synonyms'&#xD;
&#xD;
2020-11-03 15:17:14 - [TEST_STEP][PASSED] - if (testData.getValue("synonyms", count) != ""): Text 'ENTER + Hoi.H@llo' is set on object 'Object Repository/Input/synonyms'&#xD;
&#xD;
2020-11-03 15:17:14 - [TEST_STEP][PASSED] - setText(findTestObject("Input/synonyms", ["index":1]), Keys.chord(testData.getValue("synonyms", count), ENTER)): Text 'ENTER + Hoi.H@llo' is set on object 'Object Repository/Input/synonyms'&#xD;
&#xD;
2020-11-03 15:17:18 - [MESSAGE][PASSED] - Text 'ENTER + Hoi.H@llo' is set on object 'Object Repository/Input/synonyms'&#xD;
&#xD;
2020-11-03 15:17:18 - [TEST_STEP][PASSED] - if (testData.getValue("synonyms", count) != ""): Text 'ENTER + ¿Qué tal?' is set on object 'Object Repository/Input/synonyms'&#xD;
&#xD;
2020-11-03 15:17:18 - [TEST_STEP][PASSED] - setText(findTestObject("Input/synonyms", ["index":1]), Keys.chord(testData.getValue("synonyms", count), ENTER)): Text 'ENTER + ¿Qué tal?' is set on object 'Object Repository/Input/synonyms'&#xD;
&#xD;
2020-11-03 15:17:21 - [MESSAGE][PASSED] - Text 'ENTER + ¿Qué tal?' is set on object 'Object Repository/Input/synonyms'&#xD;
&#xD;
2020-11-03 15:17:21 - [TEST_STEP][PASSED] - if (testData.getValue("synonyms", count) != ""): Text 'ENTER + नमस्ते,' is set on object 'Object Repository/Input/synonyms'&#xD;
&#xD;
2020-11-03 15:17:21 - [TEST_STEP][PASSED] - setText(findTestObject("Input/synonyms", ["index":1]), Keys.chord(testData.getValue("synonyms", count), ENTER)): Text 'ENTER + नमस्ते,' is set on object 'Object Repository/Input/synonyms'&#xD;
&#xD;
2020-11-03 15:17:25 - [MESSAGE][PASSED] - Text 'ENTER + नमस्ते,' is set on object 'Object Repository/Input/synonyms'&#xD;
&#xD;
2020-11-03 15:17:25 - [TEST_STEP][PASSED] - if (testData.getValue("synonyms", count) != ""): null&#xD;
&#xD;
2020-11-03 15:17:25 - [TEST_STEP][PASSED] - else: null&#xD;
&#xD;
2020-11-03 15:17:25 - [TEST_STEP][PASSED] - break: null&#xD;
&#xD;
2020-11-03 15:17:25 - [TEST_STEP][PASSED] - platform.Method.clickOnElement(findTestObject("Button/importIcon")): platform.Method.clickOnElement is PASSED&#xD;
&#xD;
2020-11-03 15:17:27 - [MESSAGE][PASSED] - platform.Method.clickOnElement is PASSED&#xD;
&#xD;
2020-11-03 15:17:27 - [TEST_STEP][PASSED] - platform.Method.uploadCsvFile(false, "faqSynonyms.csv"): platform.Method.uploadCsvFile is PASSED&#xD;
&#xD;
2020-11-03 15:17:27 - [MESSAGE][INFO] - PREVIOUS DATA NOT BE OVERRIDDEN&#xD;
&#xD;
2020-11-03 15:17:30 - [MESSAGE][PASSED] - File 'D:/IMIbot.ai-Project/Collection/faqSynonyms.csv' sent to object: 'Object Repository/Input/uploadFile'&#xD;
&#xD;
2020-11-03 15:17:33 - [MESSAGE][PASSED] - platform.Method.uploadCsvFile is PASSED&#xD;
&#xD;
2020-11-03 15:17:33 - [TEST_STEP][PASSED] - delay(2): Delayed 2 second(s)&#xD;
&#xD;
2020-11-03 15:17:35 - [MESSAGE][PASSED] - Delayed 2 second(s)&#xD;
&#xD;
2020-11-03 15:17:35 - [TEST_STEP][PASSED] - platform.Method.clickOnElement(findTestObject("Button/btnDeleteChipOrRow", ["chipValue":" \@unwell ", "option":"cancel "])): platform.Method.clickOnElement is PASSED&#xD;
&#xD;
2020-11-03 15:17:37 - [MESSAGE][PASSED] - platform.Method.clickOnElement is PASSED&#xD;
&#xD;
2020-11-03 15:17:37 - [TEST_STEP][PASSED] - setText(findTestObject("Input/searchCustomSyn"), "FEELING GOOD"): Text 'FEELING GOOD' is set on object 'Object Repository/Input/searchCustomSyn'&#xD;
&#xD;
2020-11-03 15:17:42 - [MESSAGE][PASSED] - Text 'FEELING GOOD' is set on object 'Object Repository/Input/searchCustomSyn'&#xD;
&#xD;
2020-11-03 15:17:42 - [TEST_STEP][PASSED] - verifyElementPresent(findTestObject("ICONS/matChip", ["chipValue":" un-happy "]), 10, STOP_ON_FAILURE): Object 'Object Repository/ICONS/matChip' is present&#xD;
&#xD;
2020-11-03 15:17:43 - [MESSAGE][PASSED] - Object 'Object Repository/ICONS/matChip' is present&#xD;
&#xD;
2020-11-03 15:17:43 - [TEST_STEP][PASSED] - platform.Method.clickOnElement(findTestObject("Button/save", ["value":"Save"])): platform.Method.clickOnElement is PASSED&#xD;
&#xD;
2020-11-03 15:17:45 - [MESSAGE][PASSED] - platform.Method.clickOnElement is PASSED&#xD;
&#xD;
2020-11-03 15:17:45 - [TEST_STEP][PASSED] - verifyElementText(findTestObject("Generic/articleState"), "Saved", STOP_ON_FAILURE): Actual text and expected text of test object 'Object Repository/Generic/articleState' are matched.&#xD;
&#xD;
2020-11-03 15:17:48 - [MESSAGE][PASSED] - Actual text and expected text of test object 'Object Repository/Generic/articleState' are matched.&#xD;
&#xD;
2020-11-03 15:17:48 - [TEST_STEP][PASSED] - platform.Method.trainAndComment(testData.getValue("comment", 8)): platform.Method.trainAndComment is PASSED&#xD;
&#xD;
2020-11-03 15:17:56 - [MESSAGE][PASSED] - Keys 'added custom synonym' sent to object: 'Object Repository/Input/comment'&#xD;
&#xD;
2020-11-03 15:17:58 - [MESSAGE][PASSED] - platform.Method.trainAndComment is PASSED&#xD;
&#xD;
2020-11-03 15:17:58 - [TEST_STEP][PASSED] - waitForElementPresent(findTestObject("ICONS/toastMsg"), 20, OPTIONAL): Object 'Object Repository/ICONS/toastMsg' is present&#xD;
&#xD;
2020-11-03 15:18:03 - [MESSAGE][PASSED] - Object 'Object Repository/ICONS/toastMsg' is present&#xD;
&#xD;
2020-11-03 15:18:03 - [TEST_STEP][PASSED] - platform.Method.clickOnElement(findTestObject("Button/preview")): platform.Method.clickOnElement is PASSED&#xD;
&#xD;
2020-11-03 15:18:06 - [MESSAGE][PASSED] - platform.Method.clickOnElement is PASSED&#xD;
&#xD;
2020-11-03 15:18:06 - [TEST_STEP][PASSED] - sendKeys(findTestObject("Input/chatInput"), Keys.chord("आत्मावलम्बी भारतवर्ष अभियान से जुड़े लाभ क्या हैं", ENTER)): Keys 'ENTER + आत्मावलम्बी भारतवर्ष अभियान से जुड़े लाभ क्या हैं' sent to object: 'Object Repository/Input/chatInput'&#xD;
&#xD;
2020-11-03 15:18:09 - [MESSAGE][PASSED] - Keys 'ENTER + आत्मावलम्बी भारतवर्ष अभियान से जुड़े लाभ क्या हैं' sent to object: 'Object Repository/Input/chatInput'&#xD;
&#xD;
2020-11-03 15:18:09 - [TEST_STEP][PASSED] - delay(2): Delayed 2 second(s)&#xD;
&#xD;
2020-11-03 15:18:11 - [MESSAGE][PASSED] - Delayed 2 second(s)&#xD;
&#xD;
2020-11-03 15:18:11 - [TEST_STEP][PASSED] - verifyElementText(findTestObject("GenericII/getBotResponse", ["index":2]), testData.getValue("bot_answer", 1), STOP_ON_FAILURE): Actual text and expected text of test object 'Object Repository/GenericII/getBotResponse' are matched.&#xD;
&#xD;
2020-11-03 15:18:13 - [MESSAGE][PASSED] - Actual text and expected text of test object 'Object Repository/GenericII/getBotResponse' are matched.&#xD;
&#xD;
2020-11-03 15:18:13 - [TEST_STEP][PASSED] - platform.Method.clickOnElement(findTestObject("Button/upvote")): platform.Method.clickOnElement is PASSED&#xD;
&#xD;
2020-11-03 15:18:16 - [MESSAGE][PASSED] - platform.Method.clickOnElement is PASSED&#xD;
&#xD;
2020-11-03 15:18:16 - [TEST_STEP][PASSED] - sendKeys(findTestObject("Input/chatInput"), Keys.chord("سحب خدمة الإخطار", ENTER)): Keys 'ENTER + سحب خدمة الإخطار' sent to object: 'Object Repository/Input/chatInput'&#xD;
&#xD;
2020-11-03 15:18:19 - [MESSAGE][PASSED] - Keys 'ENTER + سحب خدمة الإخطار' sent to object: 'Object Repository/Input/chatInput'&#xD;
&#xD;
2020-11-03 15:18:19 - [TEST_STEP][PASSED] - delay(2): Delayed 2 second(s)&#xD;
&#xD;
2020-11-03 15:18:21 - [MESSAGE][PASSED] - Delayed 2 second(s)&#xD;
&#xD;
2020-11-03 15:18:21 - [TEST_STEP][PASSED] - verifyElementText(findTestObject("GenericII/getBotResponse", ["index":3]), testData.getValue("bot_answer", 2), STOP_ON_FAILURE): Actual text and expected text of test object 'Object Repository/GenericII/getBotResponse' are matched.&#xD;
&#xD;
2020-11-03 15:18:23 - [MESSAGE][PASSED] - Actual text and expected text of test object 'Object Repository/GenericII/getBotResponse' are matched.&#xD;
&#xD;
2020-11-03 15:18:23 - [TEST_STEP][PASSED] - sendKeys(findTestObject("Input/chatInput"), Keys.chord("नमस्ते,", ENTER)): Keys 'ENTER + नमस्ते,' sent to object: 'Object Repository/Input/chatInput'&#xD;
&#xD;
2020-11-03 15:18:25 - [MESSAGE][PASSED] - Keys 'ENTER + नमस्ते,' sent to object: 'Object Repository/Input/chatInput'&#xD;
&#xD;
2020-11-03 15:18:25 - [TEST_STEP][PASSED] - delay(2): Delayed 2 second(s)&#xD;
&#xD;
2020-11-03 15:18:27 - [MESSAGE][PASSED] - Delayed 2 second(s)&#xD;
&#xD;
2020-11-03 15:18:27 - [TEST_STEP][PASSED] - verifyElementText(findTestObject("GenericII/getBotResponse", ["index":4]), testData.getValue("bot_answer", 3), STOP_ON_FAILURE): Actual text and expected text of test object 'Object Repository/GenericII/getBotResponse' are matched.&#xD;
&#xD;
2020-11-03 15:18:30 - [MESSAGE][PASSED] - Actual text and expected text of test object 'Object Repository/GenericII/getBotResponse' are matched.&#xD;
&#xD;
2020-11-03 15:18:30 - [TEST_STEP][PASSED] - sendKeys(findTestObject("Input/chatInput"), Keys.chord("show me some re@l-est@ate", ENTER)): Keys 'ENTER + show me some re@l-est@ate' sent to object: 'Object Repository/Input/chatInput'&#xD;
&#xD;
2020-11-03 15:18:33 - [MESSAGE][PASSED] - Keys 'ENTER + show me some re@l-est@ate' sent to object: 'Object Repository/Input/chatInput'&#xD;
&#xD;
2020-11-03 15:18:33 - [TEST_STEP][PASSED] - delay(2): Delayed 2 second(s)&#xD;
&#xD;
2020-11-03 15:18:35 - [MESSAGE][PASSED] - Delayed 2 second(s)&#xD;
&#xD;
2020-11-03 15:18:35 - [TEST_STEP][PASSED] - verifyElementText(findTestObject("NewRepo/bannerTitle", ["index":2]), "Residential serviced apartment", STOP_ON_FAILURE): Actual text and expected text of test object 'Object Repository/NewRepo/bannerTitle' are matched.&#xD;
&#xD;
2020-11-03 15:18:37 - [MESSAGE][PASSED] - Actual text and expected text of test object 'Object Repository/NewRepo/bannerTitle' are matched.&#xD;
&#xD;
2020-11-03 15:18:37 - [TEST_STEP][PASSED] - platform.Method.clickOnElement(findTestObject("GenericII/minimize")): platform.Method.clickOnElement is PASSED&#xD;
&#xD;
2020-11-03 15:18:40 - [MESSAGE][PASSED] - platform.Method.clickOnElement is PASSED&#xD;
&#xD;
2020-11-03 15:18:40 - [TEST_STEP][PASSED] - platform.Method.clickOnElement(findTestObject("ICONS/clearSearch")): platform.Method.clickOnElement is PASSED&#xD;
&#xD;
2020-11-03 15:18:42 - [MESSAGE][PASSED] - platform.Method.clickOnElement is PASSED&#xD;
&#xD;
2020-11-03 15:18:42 - [TEST_STEP][PASSED] - platform.Method.clickOnElement(findTestObject("Button/btnDeleteChipOrRow", ["chipValue":" आन्दोलन ", "option":" close "])): platform.Method.clickOnElement is PASSED&#xD;
&#xD;
2020-11-03 15:18:45 - [MESSAGE][PASSED] - platform.Method.clickOnElement is PASSED&#xD;
&#xD;
2020-11-03 15:18:45 - [TEST_STEP][PASSED] - setText(findTestObject("Input/synonyms", ["index":2]), Keys.chord("help7less", ENTER)): Text 'ENTER + help7less' is set on object 'Object Repository/Input/synonyms'&#xD;
&#xD;
2020-11-03 15:18:49 - [MESSAGE][PASSED] - Text 'ENTER + help7less' is set on object 'Object Repository/Input/synonyms'&#xD;
&#xD;
2020-11-03 15:18:49 - [TEST_STEP][PASSED] - setText(findTestObject("Input/searchCustomSyn"), "7LeSS"): Text '7LeSS' is set on object 'Object Repository/Input/searchCustomSyn'&#xD;
&#xD;
2020-11-03 15:18:52 - [MESSAGE][PASSED] - Text '7LeSS' is set on object 'Object Repository/Input/searchCustomSyn'&#xD;
&#xD;
2020-11-03 15:18:52 - [TEST_STEP][PASSED] - verifyElementPresent(findTestObject("ICONS/matChip", ["chipValue":" help7less "]), 10, STOP_ON_FAILURE): Object 'Object Repository/ICONS/matChip' is present&#xD;
&#xD;
2020-11-03 15:18:54 - [MESSAGE][PASSED] - Object 'Object Repository/ICONS/matChip' is present&#xD;
&#xD;
2020-11-03 15:18:54 - [TEST_STEP][PASSED] - platform.Method.clickOnElement(findTestObject("Button/save", ["value":"Save"])): platform.Method.clickOnElement is PASSED&#xD;
&#xD;
2020-11-03 15:18:56 - [MESSAGE][PASSED] - platform.Method.clickOnElement is PASSED&#xD;
&#xD;
2020-11-03 15:18:56 - [TEST_STEP][PASSED] - waitForElementPresent(findTestObject("ICONS/toastMsg"), 20, OPTIONAL): Object 'Object Repository/ICONS/toastMsg' is present&#xD;
&#xD;
2020-11-03 15:18:57 - [MESSAGE][PASSED] - Object 'Object Repository/ICONS/toastMsg' is present</system-out>
            <system-err></system-err>
        </testcase>
        <testcase name="Test Cases/Sprint/v4.3/verifyLinkInSessionAndCuration" classname="Test Cases/Sprint/v4.3/verifyLinkInSessionAndCuration" status="FAILED">
            <failure type="FAILED" message="Test Cases/Sprint/v4.3/verifyLinkInSessionAndCuration FAILED.&#xA;Reason:&#xA;com.kms.katalon.core.exception.StepFailedException: Unable to verify object 'Object Repository/WEB_OBJECTS/textLink' is present&#xD;&#xA;&#x9;at com.kms.katalon.core.webui.keyword.internal.WebUIKeywordMain.stepFailed(WebUIKeywordMain.groovy:64)&#xD;&#xA;&#x9;at com.kms.katalon.core.webui.keyword.internal.WebUIKeywordMain.runKeyword(WebUIKeywordMain.groovy:26)&#xD;&#xA;&#x9;at com.kms.katalon.core.webui.keyword.builtin.VerifyElementPresentKeyword.verifyElementPresent(VerifyElementPresentKeyword.groovy:92)&#xD;&#xA;&#x9;at com.kms.katalon.core.webui.keyword.builtin.VerifyElementPresentKeyword.execute(VerifyElementPresentKeyword.groovy:68)&#xD;&#xA;&#x9;at com.kms.katalon.core.keyword.internal.KeywordExecutor.executeKeywordForPlatform(KeywordExecutor.groovy:56)&#xD;&#xA;&#x9;at com.kms.katalon.core.webui.keyword.WebUiBuiltInKeywords.verifyElementPresent(WebUiBuiltInKeywords.groovy:1418)&#xD;&#xA;&#x9;at com.kms.katalon.core.webui.keyword.WebUiBuiltInKeywords$verifyElementPresent$6.call(Unknown Source)&#xD;&#xA;&#x9;at verifyLinkInSessionAndCuration.run(verifyLinkInSessionAndCuration:78)&#xD;&#xA;&#x9;at com.kms.katalon.core.main.ScriptEngine.run(ScriptEngine.java:194)&#xD;&#xA;&#x9;at com.kms.katalon.core.main.ScriptEngine.runScriptAsRawText(ScriptEngine.java:119)&#xD;&#xA;&#x9;at com.kms.katalon.core.main.TestCaseExecutor.runScript(TestCaseExecutor.java:337)&#xD;&#xA;&#x9;at com.kms.katalon.core.main.TestCaseExecutor.doExecute(TestCaseExecutor.java:328)&#xD;&#xA;&#x9;at com.kms.katalon.core.main.TestCaseExecutor.processExecutionPhase(TestCaseExecutor.java:307)&#xD;&#xA;&#x9;at com.kms.katalon.core.main.TestCaseExecutor.accessMainPhase(TestCaseExecutor.java:299)&#xD;&#xA;&#x9;at com.kms.katalon.core.main.TestCaseExecutor.execute(TestCaseExecutor.java:233)&#xD;&#xA;&#x9;at com.kms.katalon.core.main.TestSuiteExecutor.accessTestCaseMainPhase(TestSuiteExecutor.java:169)&#xD;&#xA;&#x9;at com.kms.katalon.core.main.TestSuiteExecutor.accessTestSuiteMainPhase(TestSuiteExecutor.java:142)&#xD;&#xA;&#x9;at com.kms.katalon.core.main.TestSuiteExecutor.execute(TestSuiteExecutor.java:91)&#xD;&#xA;&#x9;at com.kms.katalon.core.main.TestCaseMain.startTestSuite(TestCaseMain.java:157)&#xD;&#xA;&#x9;at com.kms.katalon.core.main.TestCaseMain$startTestSuite$0.call(Unknown Source)&#xD;&#xA;&#x9;at TempTestSuite1604396236473.run(TempTestSuite1604396236473.groovy:35)&#xD;&#xA;Caused by: com.kms.katalon.core.exception.StepFailedException: com.kms.katalon.core.webui.exception.WebElementNotFoundException: Web element with id: 'Object Repository/WEB_OBJECTS/textLink' located by 'By.xpath: //a[@class='text-dark']' not found&#xD;&#xA;&#x9;at com.kms.katalon.core.webui.keyword.internal.WebUIKeywordMain.stepFailed(WebUIKeywordMain.groovy:64)&#xD;&#xA;&#x9;at com.kms.katalon.core.webui.keyword.builtin.VerifyElementPresentKeyword$_verifyElementPresent_closure1.doCall(VerifyElementPresentKeyword.groovy:85)&#xD;&#xA;&#x9;at com.kms.katalon.core.webui.keyword.builtin.VerifyElementPresentKeyword$_verifyElementPresent_closure1.call(VerifyElementPresentKeyword.groovy)&#xD;&#xA;&#x9;at com.kms.katalon.core.webui.keyword.internal.WebUIKeywordMain.runKeyword(WebUIKeywordMain.groovy:20)&#xD;&#xA;&#x9;... 19 more&#xD;&#xA;"/>
            <system-out>2020-11-03 15:18:57 - [TEST_CASE][FAILED] - Test Cases/Sprint/v4.3/verifyLinkInSessionAndCuration: Test Cases/Sprint/v4.3/verifyLinkInSessionAndCuration FAILED.
Reason:
com.kms.katalon.core.exception.StepFailedException: Unable to verify object 'Object Repository/WEB_OBJECTS/textLink' is present&#xD;
	at com.kms.katalon.core.webui.keyword.internal.WebUIKeywordMain.stepFailed(WebUIKeywordMain.groovy:64)&#xD;
	at com.kms.katalon.core.webui.keyword.internal.WebUIKeywordMain.runKeyword(WebUIKeywordMain.groovy:26)&#xD;
	at com.kms.katalon.core.webui.keyword.builtin.VerifyElementPresentKeyword.verifyElementPresent(VerifyElementPresentKeyword.groovy:92)&#xD;
	at com.kms.katalon.core.webui.keyword.builtin.VerifyElementPresentKeyword.execute(VerifyElementPresentKeyword.groovy:68)&#xD;
	at com.kms.katalon.core.keyword.internal.KeywordExecutor.executeKeywordForPlatform(KeywordExecutor.groovy:56)&#xD;
	at com.kms.katalon.core.webui.keyword.WebUiBuiltInKeywords.verifyElementPresent(WebUiBuiltInKeywords.groovy:1418)&#xD;
	at com.kms.katalon.core.webui.keyword.WebUiBuiltInKeywords$verifyElementPresent$6.call(Unknown Source)&#xD;
	at verifyLinkInSessionAndCuration.run(verifyLinkInSessionAndCuration:78)&#xD;
	at com.kms.katalon.core.main.ScriptEngine.run(ScriptEngine.java:194)&#xD;
	at com.kms.katalon.core.main.ScriptEngine.runScriptAsRawText(ScriptEngine.java:119)&#xD;
	at com.kms.katalon.core.main.TestCaseExecutor.runScript(TestCaseExecutor.java:337)&#xD;
	at com.kms.katalon.core.main.TestCaseExecutor.doExecute(TestCaseExecutor.java:328)&#xD;
	at com.kms.katalon.core.main.TestCaseExecutor.processExecutionPhase(TestCaseExecutor.java:307)&#xD;
	at com.kms.katalon.core.main.TestCaseExecutor.accessMainPhase(TestCaseExecutor.java:299)&#xD;
	at com.kms.katalon.core.main.TestCaseExecutor.execute(TestCaseExecutor.java:233)&#xD;
	at com.kms.katalon.core.main.TestSuiteExecutor.accessTestCaseMainPhase(TestSuiteExecutor.java:169)&#xD;
	at com.kms.katalon.core.main.TestSuiteExecutor.accessTestSuiteMainPhase(TestSuiteExecutor.java:142)&#xD;
	at com.kms.katalon.core.main.TestSuiteExecutor.execute(TestSuiteExecutor.java:91)&#xD;
	at com.kms.katalon.core.main.TestCaseMain.startTestSuite(TestCaseMain.java:157)&#xD;
	at com.kms.katalon.core.main.TestCaseMain$startTestSuite$0.call(Unknown Source)&#xD;
	at TempTestSuite1604396236473.run(TempTestSuite1604396236473.groovy:35)&#xD;
Caused by: com.kms.katalon.core.exception.StepFailedException: com.kms.katalon.core.webui.exception.WebElementNotFoundException: Web element with id: 'Object Repository/WEB_OBJECTS/textLink' located by 'By.xpath: //a[@class='text-dark']' not found&#xD;
	at com.kms.katalon.core.webui.keyword.internal.WebUIKeywordMain.stepFailed(WebUIKeywordMain.groovy:64)&#xD;
	at com.kms.katalon.core.webui.keyword.builtin.VerifyElementPresentKeyword$_verifyElementPresent_closure1.doCall(VerifyElementPresentKeyword.groovy:85)&#xD;
	at com.kms.katalon.core.webui.keyword.builtin.VerifyElementPresentKeyword$_verifyElementPresent_closure1.call(VerifyElementPresentKeyword.groovy)&#xD;
	at com.kms.katalon.core.webui.keyword.internal.WebUIKeywordMain.runKeyword(WebUIKeywordMain.groovy:20)&#xD;
	... 19 more&#xD;
&#xD;
&#xD;
2020-11-03 15:18:57 - [TEST_STEP][PASSED] - platform.Method.clickOnElement(findTestObject("WEB_OBJECTS/getText", ["value":"Articles"])): platform.Method.clickOnElement is PASSED&#xD;
&#xD;
2020-11-03 15:19:00 - [MESSAGE][PASSED] - platform.Method.clickOnElement is PASSED&#xD;
&#xD;
2020-11-03 15:19:00 - [TEST_STEP][PASSED] - comment(" *** THIS IS TO CHECK TEST SCENARIO BACKGROUND *** "):  *** THIS IS TO CHECK TEST SCENARIO BACKGROUND *** &#xD;
&#xD;
2020-11-03 15:19:00 - [MESSAGE][INFO] -  *** THIS IS TO CHECK TEST SCENARIO BACKGROUND *** &#xD;
&#xD;
2020-11-03 15:19:00 - [TEST_STEP][PASSED] - corpusState = getText(findTestObject("Generic/articleState"), OPTIONAL): Text of object 'Object Repository/Generic/articleState' is: 'Saved'&#xD;
&#xD;
2020-11-03 15:19:02 - [MESSAGE][PASSED] - Text of object 'Object Repository/Generic/articleState' is: 'Saved'&#xD;
&#xD;
2020-11-03 15:19:02 - [TEST_STEP][PASSED] - if (corpusState.contains("Trained")): null&#xD;
&#xD;
2020-11-03 15:19:02 - [TEST_STEP][PASSED] - else: platform.Method.trainAndComment is PASSED&#xD;
&#xD;
2020-11-03 15:19:02 - [TEST_STEP][PASSED] - platform.Method.trainAndComment("TEST FOR LINK ON SESSION &amp; CURATION"): platform.Method.trainAndComment is PASSED&#xD;
&#xD;
2020-11-03 15:19:10 - [MESSAGE][PASSED] - Keys 'TEST FOR LINK ON SESSION &amp; CURATION' sent to object: 'Object Repository/Input/comment'&#xD;
&#xD;
2020-11-03 15:19:12 - [MESSAGE][PASSED] - platform.Method.trainAndComment is PASSED&#xD;
&#xD;
2020-11-03 15:19:12 - [TEST_STEP][PASSED] - waitForElementPresent(findTestObject("ICONS/toastMsg"), 30, CONTINUE_ON_FAILURE): Object 'Object Repository/ICONS/toastMsg' is present&#xD;
&#xD;
2020-11-03 15:19:18 - [MESSAGE][PASSED] - Object 'Object Repository/ICONS/toastMsg' is present&#xD;
&#xD;
2020-11-03 15:19:18 - [TEST_STEP][PASSED] - comment(" *** EXECUTING GIVEN STEP *** "):  *** EXECUTING GIVEN STEP *** &#xD;
&#xD;
2020-11-03 15:19:18 - [MESSAGE][INFO] -  *** EXECUTING GIVEN STEP *** &#xD;
&#xD;
2020-11-03 15:19:18 - [TEST_STEP][PASSED] - platform.Method.clickOnElement(findTestObject("Button/preview")): platform.Method.clickOnElement is PASSED&#xD;
&#xD;
2020-11-03 15:19:21 - [MESSAGE][PASSED] - platform.Method.clickOnElement is PASSED&#xD;
&#xD;
2020-11-03 15:19:21 - [TEST_STEP][PASSED] - sendKeys(findTestObject("Input/chatInput"), Keys.chord("I'm not feeling good", ENTER)): Keys 'ENTER + I'm not feeling good' sent to object: 'Object Repository/Input/chatInput'&#xD;
&#xD;
2020-11-03 15:19:23 - [MESSAGE][PASSED] - Keys 'ENTER + I'm not feeling good' sent to object: 'Object Repository/Input/chatInput'&#xD;
&#xD;
2020-11-03 15:19:23 - [TEST_STEP][PASSED] - waitForElementPresent(findTestObject("GenericII/getBotResponse", ["index":2]), 30, CONTINUE_ON_FAILURE): Object 'Object Repository/GenericII/getBotResponse' is present&#xD;
&#xD;
2020-11-03 15:19:25 - [MESSAGE][PASSED] - Object 'Object Repository/GenericII/getBotResponse' is present&#xD;
&#xD;
2020-11-03 15:19:25 - [TEST_STEP][PASSED] - verifyElementPresent(findTestObject("WEB_OBJECTS/textLink"), 20, CONTINUE_ON_FAILURE): Object 'Object Repository/WEB_OBJECTS/textLink' is present&#xD;
&#xD;
2020-11-03 15:19:26 - [MESSAGE][PASSED] - Object 'Object Repository/WEB_OBJECTS/textLink' is present&#xD;
&#xD;
2020-11-03 15:19:26 - [TEST_STEP][PASSED] - platform.Preview.downvoteResponseWithoutComment(): platform.Preview.downvoteResponseWithoutComment is PASSED&#xD;
&#xD;
2020-11-03 15:19:28 - [MESSAGE][PASSED] - Object: 'Object Repository/Button/downvote' is clicked on&#xD;
&#xD;
2020-11-03 15:19:31 - [MESSAGE][PASSED] - platform.Preview.downvoteResponseWithoutComment is PASSED&#xD;
&#xD;
2020-11-03 15:19:31 - [TEST_STEP][PASSED] - getRoomIdAt = new java.util.ArrayList(): null&#xD;
&#xD;
2020-11-03 15:19:31 - [TEST_STEP][PASSED] - getRoomIdAt = platform.Utility.getRoomID(): platform.Utility.getRoomID is PASSED&#xD;
&#xD;
2020-11-03 15:19:38 - [MESSAGE][PASSED] - platform.Utility.getRoomID is PASSED&#xD;
&#xD;
2020-11-03 15:19:38 - [TEST_STEP][PASSED] - roomID = get(0).toString(): null&#xD;
&#xD;
2020-11-03 15:19:38 - [TEST_STEP][PASSED] - comment(" *** EXECUTING WHEN STEP *** "):  *** EXECUTING WHEN STEP *** &#xD;
&#xD;
2020-11-03 15:19:38 - [MESSAGE][INFO] -  *** EXECUTING WHEN STEP *** &#xD;
&#xD;
2020-11-03 15:19:38 - [TEST_STEP][PASSED] - platform.Method.clickOnElement(findTestObject("GenericII/minimize")): platform.Method.clickOnElement is PASSED&#xD;
&#xD;
2020-11-03 15:19:40 - [MESSAGE][PASSED] - platform.Method.clickOnElement is PASSED&#xD;
&#xD;
2020-11-03 15:19:40 - [TEST_STEP][PASSED] - platform.Method.clickOnElement(findTestObject("Generic/session")): platform.Method.clickOnElement is PASSED&#xD;
&#xD;
2020-11-03 15:19:43 - [MESSAGE][PASSED] - platform.Method.clickOnElement is PASSED&#xD;
&#xD;
2020-11-03 15:19:43 - [TEST_STEP][PASSED] - waitForElementVisible(findTestObject("Input/roomID", ["value":"id"]), 20, OPTIONAL): Object 'Object Repository/Input/roomID' is visible&#xD;
&#xD;
2020-11-03 15:19:46 - [MESSAGE][PASSED] - Object 'Object Repository/Input/roomID' is visible&#xD;
&#xD;
2020-11-03 15:19:46 - [TEST_STEP][PASSED] - platform.Session.searchByRoomID(roomID): platform.Session.searchByRoomID is PASSED&#xD;
&#xD;
2020-11-03 15:19:49 - [MESSAGE][PASSED] - Text '1987822' is set on object 'Object Repository/Input/roomID'&#xD;
&#xD;
2020-11-03 15:19:52 - [MESSAGE][PASSED] - platform.Session.searchByRoomID is PASSED&#xD;
&#xD;
2020-11-03 15:19:52 - [TEST_STEP][PASSED] - comment(" *** EXECUTING THEN STEP *** "):  *** EXECUTING THEN STEP *** &#xD;
&#xD;
2020-11-03 15:19:52 - [MESSAGE][INFO] -  *** EXECUTING THEN STEP *** &#xD;
&#xD;
2020-11-03 15:19:52 - [TEST_STEP][PASSED] - verifyElementPresent(findTestObject("Generic/webObjectWithText", ["textValue":roomID]), 30, CONTINUE_ON_FAILURE): Object 'Object Repository/Generic/webObjectWithText' is present&#xD;
&#xD;
2020-11-03 15:19:53 - [MESSAGE][PASSED] - Object 'Object Repository/Generic/webObjectWithText' is present&#xD;
&#xD;
2020-11-03 15:19:53 - [TEST_STEP][PASSED] - platform.Method.clickOnElement(findTestObject("Generic/webObjectWithText", ["textValue":roomID])): platform.Method.clickOnElement is PASSED&#xD;
&#xD;
2020-11-03 15:19:55 - [MESSAGE][PASSED] - platform.Method.clickOnElement is PASSED&#xD;
&#xD;
2020-11-03 15:19:55 - [TEST_STEP][PASSED] - testObject = modifyObjectProperty(findTestObject("WEB_OBJECTS/textLink"), "xpath", "not equals", newXpath, true, OPTIONAL): Modify property of object successfully&#xD;
&#xD;
2020-11-03 15:19:56 - [MESSAGE][PASSED] - Modify property of object successfully&#xD;
&#xD;
2020-11-03 15:19:56 - [TEST_STEP][PASSED] - verifyElementPresent(testObject, 20, CONTINUE_ON_FAILURE): Object 'Object Repository/WEB_OBJECTS/textLink' is present&#xD;
&#xD;
2020-11-03 15:19:58 - [MESSAGE][PASSED] - Object 'Object Repository/WEB_OBJECTS/textLink' is present&#xD;
&#xD;
2020-11-03 15:19:58 - [TEST_STEP][PASSED] - platform.Method.clickOnElement(findTestObject("GenericII/closePopup")): platform.Method.clickOnElement is PASSED&#xD;
&#xD;
2020-11-03 15:20:00 - [MESSAGE][PASSED] - platform.Method.clickOnElement is PASSED&#xD;
&#xD;
2020-11-03 15:20:00 - [TEST_STEP][PASSED] - comment(" *** VERFIY IN CURATION CONSOLE ***"):  *** VERFIY IN CURATION CONSOLE ***&#xD;
&#xD;
2020-11-03 15:20:00 - [MESSAGE][INFO] -  *** VERFIY IN CURATION CONSOLE ***&#xD;
&#xD;
2020-11-03 15:20:00 - [TEST_STEP][PASSED] - platform.Method.clickOnElement(findTestObject("Generic/curation")): platform.Method.clickOnElement is PASSED&#xD;
&#xD;
2020-11-03 15:20:03 - [MESSAGE][PASSED] - platform.Method.clickOnElement is PASSED&#xD;
&#xD;
2020-11-03 15:20:03 - [TEST_STEP][PASSED] - waitForElementPresent(findTestObject("Generic/webObjectWithText", ["textValue":"Unresolved issues"]), 20, OPTIONAL): Object 'Object Repository/Generic/webObjectWithText' is present&#xD;
&#xD;
2020-11-03 15:20:06 - [MESSAGE][PASSED] - Object 'Object Repository/Generic/webObjectWithText' is present&#xD;
&#xD;
2020-11-03 15:20:06 - [TEST_STEP][PASSED] - platform.Method.clickOnElement(findTestObject("Generic/webObjectWithText", ["textValue":"Issues"])): platform.Method.clickOnElement is PASSED&#xD;
&#xD;
2020-11-03 15:20:09 - [MESSAGE][PASSED] - platform.Method.clickOnElement is PASSED&#xD;
&#xD;
2020-11-03 15:20:09 - [TEST_STEP][PASSED] - sendKeys(findTestObject("Input/roomID", ["value":"room_id"]), roomID): Keys '1987822' sent to object: 'Object Repository/Input/roomID'&#xD;
&#xD;
2020-11-03 15:20:12 - [MESSAGE][PASSED] - Keys '1987822' sent to object: 'Object Repository/Input/roomID'&#xD;
&#xD;
2020-11-03 15:20:12 - [TEST_STEP][PASSED] - platform.Method.clickOnElement(findTestObject("Button/filter")): platform.Method.clickOnElement is PASSED&#xD;
&#xD;
2020-11-03 15:20:15 - [MESSAGE][PASSED] - platform.Method.clickOnElement is PASSED&#xD;
&#xD;
2020-11-03 15:20:15 - [TEST_STEP][FAILED] - verifyElementPresent(testObject, 20, STOP_ON_FAILURE): Unable to verify object 'Object Repository/WEB_OBJECTS/textLink' is present (Root cause: com.kms.katalon.core.exception.StepFailedException: Unable to verify object 'Object Repository/WEB_OBJECTS/textLink' is present&#xD;
	at com.kms.katalon.core.webui.keyword.internal.WebUIKeywordMain.stepFailed(WebUIKeywordMain.groovy:64)&#xD;
	at com.kms.katalon.core.webui.keyword.internal.WebUIKeywordMain.runKeyword(WebUIKeywordMain.groovy:26)&#xD;
	at com.kms.katalon.core.webui.keyword.builtin.VerifyElementPresentKeyword.verifyElementPresent(VerifyElementPresentKeyword.groovy:92)&#xD;
	at com.kms.katalon.core.webui.keyword.builtin.VerifyElementPresentKeyword.execute(VerifyElementPresentKeyword.groovy:68)&#xD;
	at com.kms.katalon.core.keyword.internal.KeywordExecutor.executeKeywordForPlatform(KeywordExecutor.groovy:56)&#xD;
	at com.kms.katalon.core.webui.keyword.WebUiBuiltInKeywords.verifyElementPresent(WebUiBuiltInKeywords.groovy:1418)&#xD;
	at com.kms.katalon.core.webui.keyword.WebUiBuiltInKeywords$verifyElementPresent$6.call(Unknown Source)&#xD;
	at verifyLinkInSessionAndCuration.run(verifyLinkInSessionAndCuration:78)&#xD;
	at com.kms.katalon.core.main.ScriptEngine.run(ScriptEngine.java:194)&#xD;
	at com.kms.katalon.core.main.ScriptEngine.runScriptAsRawText(ScriptEngine.java:119)&#xD;
	at com.kms.katalon.core.main.TestCaseExecutor.runScript(TestCaseExecutor.java:337)&#xD;
	at com.kms.katalon.core.main.TestCaseExecutor.doExecute(TestCaseExecutor.java:328)&#xD;
	at com.kms.katalon.core.main.TestCaseExecutor.processExecutionPhase(TestCaseExecutor.java:307)&#xD;
	at com.kms.katalon.core.main.TestCaseExecutor.accessMainPhase(TestCaseExecutor.java:299)&#xD;
	at com.kms.katalon.core.main.TestCaseExecutor.execute(TestCaseExecutor.java:233)&#xD;
	at com.kms.katalon.core.main.TestSuiteExecutor.accessTestCaseMainPhase(TestSuiteExecutor.java:169)&#xD;
	at com.kms.katalon.core.main.TestSuiteExecutor.accessTestSuiteMainPhase(TestSuiteExecutor.java:142)&#xD;
	at com.kms.katalon.core.main.TestSuiteExecutor.execute(TestSuiteExecutor.java:91)&#xD;
	at com.kms.katalon.core.main.TestCaseMain.startTestSuite(TestCaseMain.java:157)&#xD;
	at com.kms.katalon.core.main.TestCaseMain$startTestSuite$0.call(Unknown Source)&#xD;
	at TempTestSuite1604396236473.run(TempTestSuite1604396236473.groovy:35)&#xD;
Caused by: com.kms.katalon.core.exception.StepFailedException: com.kms.katalon.core.webui.exception.WebElementNotFoundException: Web element with id: 'Object Repository/WEB_OBJECTS/textLink' located by 'By.xpath: //a[@class='text-dark']' not found&#xD;
	at com.kms.katalon.core.webui.keyword.internal.WebUIKeywordMain.stepFailed(WebUIKeywordMain.groovy:64)&#xD;
	at com.kms.katalon.core.webui.keyword.builtin.VerifyElementPresentKeyword$_verifyElementPresent_closure1.doCall(VerifyElementPresentKeyword.groovy:85)&#xD;
	at com.kms.katalon.core.webui.keyword.builtin.VerifyElementPresentKeyword$_verifyElementPresent_closure1.call(VerifyElementPresentKeyword.groovy)&#xD;
	at com.kms.katalon.core.webui.keyword.internal.WebUIKeywordMain.runKeyword(WebUIKeywordMain.groovy:20)&#xD;
	... 19 more&#xD;
)&#xD;
&#xD;
2020-11-03 15:20:36 - [MESSAGE][INFO] - Unable to find the element located by 'By.xpath: //a[@class='text-dark']'. Please recheck the objects properties to make sure the desired element is located. &#xD;
&#xD;
2020-11-03 15:20:38 - [MESSAGE][FAILED] - com.kms.katalon.core.webui.exception.WebElementNotFoundException: Web element with id: 'Object Repository/WEB_OBJECTS/textLink' located by 'By.xpath: //a[@class='text-dark']' not found (Root cause: com.kms.katalon.core.exception.StepFailedException: com.kms.katalon.core.webui.exception.WebElementNotFoundException: Web element with id: 'Object Repository/WEB_OBJECTS/textLink' located by 'By.xpath: //a[@class='text-dark']' not found&#xD;
	at com.kms.katalon.core.webui.keyword.internal.WebUIKeywordMain.stepFailed(WebUIKeywordMain.groovy:64)&#xD;
	at com.kms.katalon.core.webui.keyword.builtin.VerifyElementPresentKeyword$_verifyElementPresent_closure1.doCall(VerifyElementPresentKeyword.groovy:85)&#xD;
	at com.kms.katalon.core.webui.keyword.builtin.VerifyElementPresentKeyword$_verifyElementPresent_closure1.call(VerifyElementPresentKeyword.groovy)&#xD;
	at com.kms.katalon.core.webui.keyword.internal.WebUIKeywordMain.runKeyword(WebUIKeywordMain.groovy:20)&#xD;
	at com.kms.katalon.core.webui.keyword.builtin.VerifyElementPresentKeyword.verifyElementPresent(VerifyElementPresentKeyword.groovy:92)&#xD;
	at com.kms.katalon.core.webui.keyword.builtin.VerifyElementPresentKeyword.execute(VerifyElementPresentKeyword.groovy:68)&#xD;
	at com.kms.katalon.core.keyword.internal.KeywordExecutor.executeKeywordForPlatform(KeywordExecutor.groovy:56)&#xD;
	at com.kms.katalon.core.webui.keyword.WebUiBuiltInKeywords.verifyElementPresent(WebUiBuiltInKeywords.groovy:1418)&#xD;
	at com.kms.katalon.core.webui.keyword.WebUiBuiltInKeywords$verifyElementPresent$6.call(Unknown Source)&#xD;
	at verifyLinkInSessionAndCuration.run(verifyLinkInSessionAndCuration:78)&#xD;
	at com.kms.katalon.core.main.ScriptEngine.run(ScriptEngine.java:194)&#xD;
	at com.kms.katalon.core.main.ScriptEngine.runScriptAsRawText(ScriptEngine.java:119)&#xD;
	at com.kms.katalon.core.main.TestCaseExecutor.runScript(TestCaseExecutor.java:337)&#xD;
	at com.kms.katalon.core.main.TestCaseExecutor.doExecute(TestCaseExecutor.java:328)&#xD;
	at com.kms.katalon.core.main.TestCaseExecutor.processExecutionPhase(TestCaseExecutor.java:307)&#xD;
	at com.kms.katalon.core.main.TestCaseExecutor.accessMainPhase(TestCaseExecutor.java:299)&#xD;
	at com.kms.katalon.core.main.TestCaseExecutor.execute(TestCaseExecutor.java:233)&#xD;
	at com.kms.katalon.core.main.TestSuiteExecutor.accessTestCaseMainPhase(TestSuiteExecutor.java:169)&#xD;
	at com.kms.katalon.core.main.TestSuiteExecutor.accessTestSuiteMainPhase(TestSuiteExecutor.java:142)&#xD;
	at com.kms.katalon.core.main.TestSuiteExecutor.execute(TestSuiteExecutor.java:91)&#xD;
	at com.kms.katalon.core.main.TestCaseMain.startTestSuite(TestCaseMain.java:157)&#xD;
	at com.kms.katalon.core.main.TestCaseMain$startTestSuite$0.call(Unknown Source)&#xD;
	at TempTestSuite1604396236473.run(TempTestSuite1604396236473.groovy:35)&#xD;
)&#xD;
[[ATTACHMENT|D:\\IMIbot.ai-Project\\Reports\\20201103_150716\\FAQ_SSO\\20201103_150716\\1604397036481.png]]&#xD;
&#xD;
2020-11-03 15:20:40 - [MESSAGE][FAILED] - Unable to verify object 'Object Repository/WEB_OBJECTS/textLink' is present (Root cause: com.kms.katalon.core.exception.StepFailedException: Unable to verify object 'Object Repository/WEB_OBJECTS/textLink' is present&#xD;
	at com.kms.katalon.core.webui.keyword.internal.WebUIKeywordMain.stepFailed(WebUIKeywordMain.groovy:64)&#xD;
	at com.kms.katalon.core.webui.keyword.internal.WebUIKeywordMain.runKeyword(WebUIKeywordMain.groovy:26)&#xD;
	at com.kms.katalon.core.webui.keyword.builtin.VerifyElementPresentKeyword.verifyElementPresent(VerifyElementPresentKeyword.groovy:92)&#xD;
	at com.kms.katalon.core.webui.keyword.builtin.VerifyElementPresentKeyword.execute(VerifyElementPresentKeyword.groovy:68)&#xD;
	at com.kms.katalon.core.keyword.internal.KeywordExecutor.executeKeywordForPlatform(KeywordExecutor.groovy:56)&#xD;
	at com.kms.katalon.core.webui.keyword.WebUiBuiltInKeywords.verifyElementPresent(WebUiBuiltInKeywords.groovy:1418)&#xD;
	at com.kms.katalon.core.webui.keyword.WebUiBuiltInKeywords$verifyElementPresent$6.call(Unknown Source)&#xD;
	at verifyLinkInSessionAndCuration.run(verifyLinkInSessionAndCuration:78)&#xD;
	at com.kms.katalon.core.main.ScriptEngine.run(ScriptEngine.java:194)&#xD;
	at com.kms.katalon.core.main.ScriptEngine.runScriptAsRawText(ScriptEngine.java:119)&#xD;
	at com.kms.katalon.core.main.TestCaseExecutor.runScript(TestCaseExecutor.java:337)&#xD;
	at com.kms.katalon.core.main.TestCaseExecutor.doExecute(TestCaseExecutor.java:328)&#xD;
	at com.kms.katalon.core.main.TestCaseExecutor.processExecutionPhase(TestCaseExecutor.java:307)&#xD;
	at com.kms.katalon.core.main.TestCaseExecutor.accessMainPhase(TestCaseExecutor.java:299)&#xD;
	at com.kms.katalon.core.main.TestCaseExecutor.execute(TestCaseExecutor.java:233)&#xD;
	at com.kms.katalon.core.main.TestSuiteExecutor.accessTestCaseMainPhase(TestSuiteExecutor.java:169)&#xD;
	at com.kms.katalon.core.main.TestSuiteExecutor.accessTestSuiteMainPhase(TestSuiteExecutor.java:142)&#xD;
	at com.kms.katalon.core.main.TestSuiteExecutor.execute(TestSuiteExecutor.java:91)&#xD;
	at com.kms.katalon.core.main.TestCaseMain.startTestSuite(TestCaseMain.java:157)&#xD;
	at com.kms.katalon.core.main.TestCaseMain$startTestSuite$0.call(Unknown Source)&#xD;
	at TempTestSuite1604396236473.run(TempTestSuite1604396236473.groovy:35)&#xD;
Caused by: com.kms.katalon.core.exception.StepFailedException: com.kms.katalon.core.webui.exception.WebElementNotFoundException: Web element with id: 'Object Repository/WEB_OBJECTS/textLink' located by 'By.xpath: //a[@class='text-dark']' not found&#xD;
	at com.kms.katalon.core.webui.keyword.internal.WebUIKeywordMain.stepFailed(WebUIKeywordMain.groovy:64)&#xD;
	at com.kms.katalon.core.webui.keyword.builtin.VerifyElementPresentKeyword$_verifyElementPresent_closure1.doCall(VerifyElementPresentKeyword.groovy:85)&#xD;
	at com.kms.katalon.core.webui.keyword.builtin.VerifyElementPresentKeyword$_verifyElementPresent_closure1.call(VerifyElementPresentKeyword.groovy)&#xD;
	at com.kms.katalon.core.webui.keyword.internal.WebUIKeywordMain.runKeyword(WebUIKeywordMain.groovy:20)&#xD;
	... 19 more&#xD;
)&#xD;
[[ATTACHMENT|D:\\IMIbot.ai-Project\\Reports\\20201103_150716\\FAQ_SSO\\20201103_150716\\1604397038513.png]]</system-out>
            <system-err>2020-11-03 15:18:57 - [TEST_CASE][FAILED] - Test Cases/Sprint/v4.3/verifyLinkInSessionAndCuration: Test Cases/Sprint/v4.3/verifyLinkInSessionAndCuration FAILED.
Reason:
com.kms.katalon.core.exception.StepFailedException: Unable to verify object 'Object Repository/WEB_OBJECTS/textLink' is present&#xD;
	at com.kms.katalon.core.webui.keyword.internal.WebUIKeywordMain.stepFailed(WebUIKeywordMain.groovy:64)&#xD;
	at com.kms.katalon.core.webui.keyword.internal.WebUIKeywordMain.runKeyword(WebUIKeywordMain.groovy:26)&#xD;
	at com.kms.katalon.core.webui.keyword.builtin.VerifyElementPresentKeyword.verifyElementPresent(VerifyElementPresentKeyword.groovy:92)&#xD;
	at com.kms.katalon.core.webui.keyword.builtin.VerifyElementPresentKeyword.execute(VerifyElementPresentKeyword.groovy:68)&#xD;
	at com.kms.katalon.core.keyword.internal.KeywordExecutor.executeKeywordForPlatform(KeywordExecutor.groovy:56)&#xD;
	at com.kms.katalon.core.webui.keyword.WebUiBuiltInKeywords.verifyElementPresent(WebUiBuiltInKeywords.groovy:1418)&#xD;
	at com.kms.katalon.core.webui.keyword.WebUiBuiltInKeywords$verifyElementPresent$6.call(Unknown Source)&#xD;
	at verifyLinkInSessionAndCuration.run(verifyLinkInSessionAndCuration:78)&#xD;
	at com.kms.katalon.core.main.ScriptEngine.run(ScriptEngine.java:194)&#xD;
	at com.kms.katalon.core.main.ScriptEngine.runScriptAsRawText(ScriptEngine.java:119)&#xD;
	at com.kms.katalon.core.main.TestCaseExecutor.runScript(TestCaseExecutor.java:337)&#xD;
	at com.kms.katalon.core.main.TestCaseExecutor.doExecute(TestCaseExecutor.java:328)&#xD;
	at com.kms.katalon.core.main.TestCaseExecutor.processExecutionPhase(TestCaseExecutor.java:307)&#xD;
	at com.kms.katalon.core.main.TestCaseExecutor.accessMainPhase(TestCaseExecutor.java:299)&#xD;
	at com.kms.katalon.core.main.TestCaseExecutor.execute(TestCaseExecutor.java:233)&#xD;
	at com.kms.katalon.core.main.TestSuiteExecutor.accessTestCaseMainPhase(TestSuiteExecutor.java:169)&#xD;
	at com.kms.katalon.core.main.TestSuiteExecutor.accessTestSuiteMainPhase(TestSuiteExecutor.java:142)&#xD;
	at com.kms.katalon.core.main.TestSuiteExecutor.execute(TestSuiteExecutor.java:91)&#xD;
	at com.kms.katalon.core.main.TestCaseMain.startTestSuite(TestCaseMain.java:157)&#xD;
	at com.kms.katalon.core.main.TestCaseMain$startTestSuite$0.call(Unknown Source)&#xD;
	at TempTestSuite1604396236473.run(TempTestSuite1604396236473.groovy:35)&#xD;
Caused by: com.kms.katalon.core.exception.StepFailedException: com.kms.katalon.core.webui.exception.WebElementNotFoundException: Web element with id: 'Object Repository/WEB_OBJECTS/textLink' located by 'By.xpath: //a[@class='text-dark']' not found&#xD;
	at com.kms.katalon.core.webui.keyword.internal.WebUIKeywordMain.stepFailed(WebUIKeywordMain.groovy:64)&#xD;
	at com.kms.katalon.core.webui.keyword.builtin.VerifyElementPresentKeyword$_verifyElementPresent_closure1.doCall(VerifyElementPresentKeyword.groovy:85)&#xD;
	at com.kms.katalon.core.webui.keyword.builtin.VerifyElementPresentKeyword$_verifyElementPresent_closure1.call(VerifyElementPresentKeyword.groovy)&#xD;
	at com.kms.katalon.core.webui.keyword.internal.WebUIKeywordMain.runKeyword(WebUIKeywordMain.groovy:20)&#xD;
	... 19 more</system-err>
        </testcase>
        <testcase name="Test Cases/Sprint/v4.3/alertTestOnResponseDesignerTemplateFAQ" classname="Test Cases/Sprint/v4.3/alertTestOnResponseDesignerTemplateFAQ" status="FAILED">
            <failure type="FAILED" message="Test Cases/Sprint/v4.3/alertTestOnResponseDesignerTemplateFAQ FAILED.&#xA;Reason:&#xA;com.kms.katalon.core.exception.StepFailedException: com.kms.katalon.core.webui.exception.WebElementNotFoundException: Web element with id: 'Object Repository/WEB_OBJECTS/alertRequired' located by 'By.xpath: //span[text()=' Required ']' not found (Root cause: com.kms.katalon.core.exception.StepFailedException: com.kms.katalon.core.webui.exception.WebElementNotFoundException: Web element with id: 'Object Repository/WEB_OBJECTS/alertRequired' located by 'By.xpath: //span[text()=' Required ']' not found&#xD;&#xA;&#x9;at com.kms.katalon.core.webui.keyword.internal.WebUIKeywordMain.stepFailed(WebUIKeywordMain.groovy:64)&#xD;&#xA;&#x9;at com.kms.katalon.core.webui.keyword.builtin.VerifyElementPresentKeyword$_verifyElementPresent_closure1.doCall(VerifyElementPresentKeyword.groovy:85)&#xD;&#xA;&#x9;at com.kms.katalon.core.webui.keyword.builtin.VerifyElementPresentKeyword$_verifyElementPresent_closure1.call(VerifyElementPresentKeyword.groovy)&#xD;&#xA;&#x9;at com.kms.katalon.core.webui.keyword.internal.WebUIKeywordMain.runKeyword(WebUIKeywordMain.groovy:20)&#xD;&#xA;&#x9;at com.kms.katalon.core.webui.keyword.builtin.VerifyElementPresentKeyword.verifyElementPresent(VerifyElementPresentKeyword.groovy:92)&#xD;&#xA;&#x9;at com.kms.katalon.core.webui.keyword.builtin.VerifyElementPresentKeyword.execute(VerifyElementPresentKeyword.groovy:68)&#xD;&#xA;&#x9;at com.kms.katalon.core.keyword.internal.KeywordExecutor.executeKeywordForPlatform(KeywordExecutor.groovy:56)&#xD;&#xA;&#x9;at com.kms.katalon.core.webui.keyword.WebUiBuiltInKeywords.verifyElementPresent(WebUiBuiltInKeywords.groovy:1418)&#xD;&#xA;&#x9;at com.kms.katalon.core.webui.keyword.WebUiBuiltInKeywords$verifyElementPresent$6.call(Unknown Source)&#xD;&#xA;&#x9;at alertTestOnResponseDesignerTemplateFAQ.run(alertTestOnResponseDesignerTemplateFAQ:37)&#xD;&#xA;&#x9;at com.kms.katalon.core.main.ScriptEngine.run(ScriptEngine.java:194)&#xD;&#xA;&#x9;at com.kms.katalon.core.main.ScriptEngine.runScriptAsRawText(ScriptEngine.java:119)&#xD;&#xA;&#x9;at com.kms.katalon.core.main.TestCaseExecutor.runScript(TestCaseExecutor.java:337)&#xD;&#xA;&#x9;at com.kms.katalon.core.main.TestCaseExecutor.doExecute(TestCaseExecutor.java:328)&#xD;&#xA;&#x9;at com.kms.katalon.core.main.TestCaseExecutor.processExecutionPhase(TestCaseExecutor.java:307)&#xD;&#xA;&#x9;at com.kms.katalon.core.main.TestCaseExecutor.accessMainPhase(TestCaseExecutor.java:299)&#xD;&#xA;&#x9;at com.kms.katalon.core.main.TestCaseExecutor.execute(TestCaseExecutor.java:233)&#xD;&#xA;&#x9;at com.kms.katalon.core.main.TestSuiteExecutor.accessTestCaseMainPhase(TestSuiteExecutor.java:169)&#xD;&#xA;&#x9;at com.kms.katalon.core.main.TestSuiteExecutor.accessTestSuiteMainPhase(TestSuiteExecutor.java:142)&#xD;&#xA;&#x9;at com.kms.katalon.core.main.TestSuiteExecutor.execute(TestSuiteExecutor.java:91)&#xD;&#xA;&#x9;at com.kms.katalon.core.main.TestCaseMain.startTestSuite(TestCaseMain.java:157)&#xD;&#xA;&#x9;at com.kms.katalon.core.main.TestCaseMain$startTestSuite$0.call(Unknown Source)&#xD;&#xA;&#x9;at TempTestSuite1604396236473.run(TempTestSuite1604396236473.groovy:35)&#xD;&#xA;)&#xD;&#xA;&#x9;at com.kms.katalon.core.keyword.internal.KeywordMain.stepFailed(KeywordMain.groovy:39)&#xD;&#xA;&#x9;at com.kms.katalon.core.webui.keyword.internal.WebUIKeywordMain.stepFailed(WebUIKeywordMain.groovy:64)&#xD;&#xA;&#x9;at com.kms.katalon.core.webui.keyword.builtin.VerifyElementPresentKeyword$_verifyElementPresent_closure1.doCall(VerifyElementPresentKeyword.groovy:85)&#xD;&#xA;&#x9;at com.kms.katalon.core.webui.keyword.builtin.VerifyElementPresentKeyword$_verifyElementPresent_closure1.call(VerifyElementPresentKeyword.groovy)&#xD;&#xA;&#x9;at com.kms.katalon.core.webui.keyword.internal.WebUIKeywordMain.runKeyword(WebUIKeywordMain.groovy:20)&#xD;&#xA;&#x9;at com.kms.katalon.core.webui.keyword.builtin.VerifyElementPresentKeyword.verifyElementPresent(VerifyElementPresentKeyword.groovy:92)&#xD;&#xA;&#x9;at com.kms.katalon.core.webui.keyword.builtin.VerifyElementPresentKeyword.execute(VerifyElementPresentKeyword.groovy:68)&#xD;&#xA;&#x9;at com.kms.katalon.core.keyword.internal.KeywordExecutor.executeKeywordForPlatform(KeywordExecutor.groovy:56)&#xD;&#xA;&#x9;at com.kms.katalon.core.webui.keyword.WebUiBuiltInKeywords.verifyElementPresent(WebUiBuiltInKeywords.groovy:1418)&#xD;&#xA;&#x9;at com.kms.katalon.core.webui.keyword.WebUiBuiltInKeywords$verifyElementPresent$6.call(Unknown Source)&#xD;&#xA;&#x9;at alertTestOnResponseDesignerTemplateFAQ.run(alertTestOnResponseDesignerTemplateFAQ:37)&#xD;&#xA;&#x9;at com.kms.katalon.core.main.ScriptEngine.run(ScriptEngine.java:194)&#xD;&#xA;&#x9;at com.kms.katalon.core.main.ScriptEngine.runScriptAsRawText(ScriptEngine.java:119)&#xD;&#xA;&#x9;at com.kms.katalon.core.main.TestCaseExecutor.runScript(TestCaseExecutor.java:337)&#xD;&#xA;&#x9;at com.kms.katalon.core.main.TestCaseExecutor.doExecute(TestCaseExecutor.java:328)&#xD;&#xA;&#x9;at com.kms.katalon.core.main.TestCaseExecutor.processExecutionPhase(TestCaseExecutor.java:307)&#xD;&#xA;&#x9;at com.kms.katalon.core.main.TestCaseExecutor.accessMainPhase(TestCaseExecutor.java:299)&#xD;&#xA;&#x9;at com.kms.katalon.core.main.TestCaseExecutor.execute(TestCaseExecutor.java:233)&#xD;&#xA;&#x9;at com.kms.katalon.core.main.TestSuiteExecutor.accessTestCaseMainPhase(TestSuiteExecutor.java:169)&#xD;&#xA;&#x9;at com.kms.katalon.core.main.TestSuiteExecutor.accessTestSuiteMainPhase(TestSuiteExecutor.java:142)&#xD;&#xA;&#x9;at com.kms.katalon.core.main.TestSuiteExecutor.execute(TestSuiteExecutor.java:91)&#xD;&#xA;&#x9;at com.kms.katalon.core.main.TestCaseMain.startTestSuite(TestCaseMain.java:157)&#xD;&#xA;&#x9;at com.kms.katalon.core.main.TestCaseMain$startTestSuite$0.call(Unknown Source)&#xD;&#xA;&#x9;at TempTestSuite1604396236473.run(TempTestSuite1604396236473.groovy:35)&#xD;&#xA;Caused by: com.kms.katalon.core.exception.StepFailedException: com.kms.katalon.core.webui.exception.WebElementNotFoundException: Web element with id: 'Object Repository/WEB_OBJECTS/alertRequired' located by 'By.xpath: //span[text()=' Required ']' not found&#xD;&#xA;&#x9;... 23 more&#xD;&#xA;"/>
            <system-out>2020-11-03 15:20:40 - [TEST_CASE][FAILED] - Test Cases/Sprint/v4.3/alertTestOnResponseDesignerTemplateFAQ: Test Cases/Sprint/v4.3/alertTestOnResponseDesignerTemplateFAQ FAILED.
Reason:
com.kms.katalon.core.exception.StepFailedException: com.kms.katalon.core.webui.exception.WebElementNotFoundException: Web element with id: 'Object Repository/WEB_OBJECTS/alertRequired' located by 'By.xpath: //span[text()=' Required ']' not found (Root cause: com.kms.katalon.core.exception.StepFailedException: com.kms.katalon.core.webui.exception.WebElementNotFoundException: Web element with id: 'Object Repository/WEB_OBJECTS/alertRequired' located by 'By.xpath: //span[text()=' Required ']' not found&#xD;
	at com.kms.katalon.core.webui.keyword.internal.WebUIKeywordMain.stepFailed(WebUIKeywordMain.groovy:64)&#xD;
	at com.kms.katalon.core.webui.keyword.builtin.VerifyElementPresentKeyword$_verifyElementPresent_closure1.doCall(VerifyElementPresentKeyword.groovy:85)&#xD;
	at com.kms.katalon.core.webui.keyword.builtin.VerifyElementPresentKeyword$_verifyElementPresent_closure1.call(VerifyElementPresentKeyword.groovy)&#xD;
	at com.kms.katalon.core.webui.keyword.internal.WebUIKeywordMain.runKeyword(WebUIKeywordMain.groovy:20)&#xD;
	at com.kms.katalon.core.webui.keyword.builtin.VerifyElementPresentKeyword.verifyElementPresent(VerifyElementPresentKeyword.groovy:92)&#xD;
	at com.kms.katalon.core.webui.keyword.builtin.VerifyElementPresentKeyword.execute(VerifyElementPresentKeyword.groovy:68)&#xD;
	at com.kms.katalon.core.keyword.internal.KeywordExecutor.executeKeywordForPlatform(KeywordExecutor.groovy:56)&#xD;
	at com.kms.katalon.core.webui.keyword.WebUiBuiltInKeywords.verifyElementPresent(WebUiBuiltInKeywords.groovy:1418)&#xD;
	at com.kms.katalon.core.webui.keyword.WebUiBuiltInKeywords$verifyElementPresent$6.call(Unknown Source)&#xD;
	at alertTestOnResponseDesignerTemplateFAQ.run(alertTestOnResponseDesignerTemplateFAQ:37)&#xD;
	at com.kms.katalon.core.main.ScriptEngine.run(ScriptEngine.java:194)&#xD;
	at com.kms.katalon.core.main.ScriptEngine.runScriptAsRawText(ScriptEngine.java:119)&#xD;
	at com.kms.katalon.core.main.TestCaseExecutor.runScript(TestCaseExecutor.java:337)&#xD;
	at com.kms.katalon.core.main.TestCaseExecutor.doExecute(TestCaseExecutor.java:328)&#xD;
	at com.kms.katalon.core.main.TestCaseExecutor.processExecutionPhase(TestCaseExecutor.java:307)&#xD;
	at com.kms.katalon.core.main.TestCaseExecutor.accessMainPhase(TestCaseExecutor.java:299)&#xD;
	at com.kms.katalon.core.main.TestCaseExecutor.execute(TestCaseExecutor.java:233)&#xD;
	at com.kms.katalon.core.main.TestSuiteExecutor.accessTestCaseMainPhase(TestSuiteExecutor.java:169)&#xD;
	at com.kms.katalon.core.main.TestSuiteExecutor.accessTestSuiteMainPhase(TestSuiteExecutor.java:142)&#xD;
	at com.kms.katalon.core.main.TestSuiteExecutor.execute(TestSuiteExecutor.java:91)&#xD;
	at com.kms.katalon.core.main.TestCaseMain.startTestSuite(TestCaseMain.java:157)&#xD;
	at com.kms.katalon.core.main.TestCaseMain$startTestSuite$0.call(Unknown Source)&#xD;
	at TempTestSuite1604396236473.run(TempTestSuite1604396236473.groovy:35)&#xD;
)&#xD;
	at com.kms.katalon.core.keyword.internal.KeywordMain.stepFailed(KeywordMain.groovy:39)&#xD;
	at com.kms.katalon.core.webui.keyword.internal.WebUIKeywordMain.stepFailed(WebUIKeywordMain.groovy:64)&#xD;
	at com.kms.katalon.core.webui.keyword.builtin.VerifyElementPresentKeyword$_verifyElementPresent_closure1.doCall(VerifyElementPresentKeyword.groovy:85)&#xD;
	at com.kms.katalon.core.webui.keyword.builtin.VerifyElementPresentKeyword$_verifyElementPresent_closure1.call(VerifyElementPresentKeyword.groovy)&#xD;
	at com.kms.katalon.core.webui.keyword.internal.WebUIKeywordMain.runKeyword(WebUIKeywordMain.groovy:20)&#xD;
	at com.kms.katalon.core.webui.keyword.builtin.VerifyElementPresentKeyword.verifyElementPresent(VerifyElementPresentKeyword.groovy:92)&#xD;
	at com.kms.katalon.core.webui.keyword.builtin.VerifyElementPresentKeyword.execute(VerifyElementPresentKeyword.groovy:68)&#xD;
	at com.kms.katalon.core.keyword.internal.KeywordExecutor.executeKeywordForPlatform(KeywordExecutor.groovy:56)&#xD;
	at com.kms.katalon.core.webui.keyword.WebUiBuiltInKeywords.verifyElementPresent(WebUiBuiltInKeywords.groovy:1418)&#xD;
	at com.kms.katalon.core.webui.keyword.WebUiBuiltInKeywords$verifyElementPresent$6.call(Unknown Source)&#xD;
	at alertTestOnResponseDesignerTemplateFAQ.run(alertTestOnResponseDesignerTemplateFAQ:37)&#xD;
	at com.kms.katalon.core.main.ScriptEngine.run(ScriptEngine.java:194)&#xD;
	at com.kms.katalon.core.main.ScriptEngine.runScriptAsRawText(ScriptEngine.java:119)&#xD;
	at com.kms.katalon.core.main.TestCaseExecutor.runScript(TestCaseExecutor.java:337)&#xD;
	at com.kms.katalon.core.main.TestCaseExecutor.doExecute(TestCaseExecutor.java:328)&#xD;
	at com.kms.katalon.core.main.TestCaseExecutor.processExecutionPhase(TestCaseExecutor.java:307)&#xD;
	at com.kms.katalon.core.main.TestCaseExecutor.accessMainPhase(TestCaseExecutor.java:299)&#xD;
	at com.kms.katalon.core.main.TestCaseExecutor.execute(TestCaseExecutor.java:233)&#xD;
	at com.kms.katalon.core.main.TestSuiteExecutor.accessTestCaseMainPhase(TestSuiteExecutor.java:169)&#xD;
	at com.kms.katalon.core.main.TestSuiteExecutor.accessTestSuiteMainPhase(TestSuiteExecutor.java:142)&#xD;
	at com.kms.katalon.core.main.TestSuiteExecutor.execute(TestSuiteExecutor.java:91)&#xD;
	at com.kms.katalon.core.main.TestCaseMain.startTestSuite(TestCaseMain.java:157)&#xD;
	at com.kms.katalon.core.main.TestCaseMain$startTestSuite$0.call(Unknown Source)&#xD;
	at TempTestSuite1604396236473.run(TempTestSuite1604396236473.groovy:35)&#xD;
Caused by: com.kms.katalon.core.exception.StepFailedException: com.kms.katalon.core.webui.exception.WebElementNotFoundException: Web element with id: 'Object Repository/WEB_OBJECTS/alertRequired' located by 'By.xpath: //span[text()=' Required ']' not found&#xD;
	... 23 more&#xD;
&#xD;
&#xD;
2020-11-03 15:20:41 - [TEST_STEP][PASSED] - platform.Method.clickOnElement(findTestObject("Generic/articles")): platform.Method.clickOnElement is PASSED&#xD;
&#xD;
2020-11-03 15:20:44 - [MESSAGE][PASSED] - platform.Method.clickOnElement is PASSED&#xD;
&#xD;
2020-11-03 15:20:44 - [TEST_STEP][PASSED] - waitForElementPresent(findTestObject("Button/createArticle"), 30, CONTINUE_ON_FAILURE): Object 'Object Repository/Button/createArticle' is present&#xD;
&#xD;
2020-11-03 15:20:45 - [MESSAGE][PASSED] - Object 'Object Repository/Button/createArticle' is present&#xD;
&#xD;
2020-11-03 15:20:45 - [TEST_STEP][PASSED] - platform.Articles.createNewArticle(null, "test alert on articles template"): platform.Articles.createNewArticle is PASSED&#xD;
&#xD;
2020-11-03 15:20:48 - [MESSAGE][PASSED] - platform.Articles.createNewArticle is PASSED&#xD;
&#xD;
2020-11-03 15:20:48 - [TEST_STEP][PASSED] - setText(findTestObject("WEB_OBJECTS/textArea"), ""): Text '' is set on object 'Object Repository/WEB_OBJECTS/textArea'&#xD;
&#xD;
2020-11-03 15:20:51 - [MESSAGE][PASSED] - Text '' is set on object 'Object Repository/WEB_OBJECTS/textArea'&#xD;
&#xD;
2020-11-03 15:20:51 - [TEST_STEP][PASSED] - platform.Method.removeFocus(findTestObject("WEB_OBJECTS/textArea")): platform.Method.removeFocus is PASSED&#xD;
&#xD;
2020-11-03 15:20:54 - [MESSAGE][PASSED] - platform.Method.removeFocus is PASSED&#xD;
&#xD;
2020-11-03 15:20:54 - [TEST_STEP][FAILED] - verifyElementPresent(findTestObject("WEB_OBJECTS/alertRequired"), 20, CONTINUE_ON_FAILURE): com.kms.katalon.core.webui.exception.WebElementNotFoundException: Web element with id: 'Object Repository/WEB_OBJECTS/alertRequired' located by 'By.xpath: //span[text()=' Required ']' not found (Root cause: com.kms.katalon.core.exception.StepFailedException: com.kms.katalon.core.webui.exception.WebElementNotFoundException: Web element with id: 'Object Repository/WEB_OBJECTS/alertRequired' located by 'By.xpath: //span[text()=' Required ']' not found&#xD;
	at com.kms.katalon.core.webui.keyword.internal.WebUIKeywordMain.stepFailed(WebUIKeywordMain.groovy:64)&#xD;
	at com.kms.katalon.core.webui.keyword.builtin.VerifyElementPresentKeyword$_verifyElementPresent_closure1.doCall(VerifyElementPresentKeyword.groovy:85)&#xD;
	at com.kms.katalon.core.webui.keyword.builtin.VerifyElementPresentKeyword$_verifyElementPresent_closure1.call(VerifyElementPresentKeyword.groovy)&#xD;
	at com.kms.katalon.core.webui.keyword.internal.WebUIKeywordMain.runKeyword(WebUIKeywordMain.groovy:20)&#xD;
	at com.kms.katalon.core.webui.keyword.builtin.VerifyElementPresentKeyword.verifyElementPresent(VerifyElementPresentKeyword.groovy:92)&#xD;
	at com.kms.katalon.core.webui.keyword.builtin.VerifyElementPresentKeyword.execute(VerifyElementPresentKeyword.groovy:68)&#xD;
	at com.kms.katalon.core.keyword.internal.KeywordExecutor.executeKeywordForPlatform(KeywordExecutor.groovy:56)&#xD;
	at com.kms.katalon.core.webui.keyword.WebUiBuiltInKeywords.verifyElementPresent(WebUiBuiltInKeywords.groovy:1418)&#xD;
	at com.kms.katalon.core.webui.keyword.WebUiBuiltInKeywords$verifyElementPresent$6.call(Unknown Source)&#xD;
	at alertTestOnResponseDesignerTemplateFAQ.run(alertTestOnResponseDesignerTemplateFAQ:37)&#xD;
	at com.kms.katalon.core.main.ScriptEngine.run(ScriptEngine.java:194)&#xD;
	at com.kms.katalon.core.main.ScriptEngine.runScriptAsRawText(ScriptEngine.java:119)&#xD;
	at com.kms.katalon.core.main.TestCaseExecutor.runScript(TestCaseExecutor.java:337)&#xD;
	at com.kms.katalon.core.main.TestCaseExecutor.doExecute(TestCaseExecutor.java:328)&#xD;
	at com.kms.katalon.core.main.TestCaseExecutor.processExecutionPhase(TestCaseExecutor.java:307)&#xD;
	at com.kms.katalon.core.main.TestCaseExecutor.accessMainPhase(TestCaseExecutor.java:299)&#xD;
	at com.kms.katalon.core.main.TestCaseExecutor.execute(TestCaseExecutor.java:233)&#xD;
	at com.kms.katalon.core.main.TestSuiteExecutor.accessTestCaseMainPhase(TestSuiteExecutor.java:169)&#xD;
	at com.kms.katalon.core.main.TestSuiteExecutor.accessTestSuiteMainPhase(TestSuiteExecutor.java:142)&#xD;
	at com.kms.katalon.core.main.TestSuiteExecutor.execute(TestSuiteExecutor.java:91)&#xD;
	at com.kms.katalon.core.main.TestCaseMain.startTestSuite(TestCaseMain.java:157)&#xD;
	at com.kms.katalon.core.main.TestCaseMain$startTestSuite$0.call(Unknown Source)&#xD;
	at TempTestSuite1604396236473.run(TempTestSuite1604396236473.groovy:35)&#xD;
)&#xD;
&#xD;
2020-11-03 15:21:16 - [MESSAGE][INFO] - Unable to find the element located by 'By.xpath: //span[text()=' Required ']'. Please recheck the objects properties to make sure the desired element is located. &#xD;
&#xD;
2020-11-03 15:21:18 - [MESSAGE][FAILED] - com.kms.katalon.core.webui.exception.WebElementNotFoundException: Web element with id: 'Object Repository/WEB_OBJECTS/alertRequired' located by 'By.xpath: //span[text()=' Required ']' not found (Root cause: com.kms.katalon.core.exception.StepFailedException: com.kms.katalon.core.webui.exception.WebElementNotFoundException: Web element with id: 'Object Repository/WEB_OBJECTS/alertRequired' located by 'By.xpath: //span[text()=' Required ']' not found&#xD;
	at com.kms.katalon.core.webui.keyword.internal.WebUIKeywordMain.stepFailed(WebUIKeywordMain.groovy:64)&#xD;
	at com.kms.katalon.core.webui.keyword.builtin.VerifyElementPresentKeyword$_verifyElementPresent_closure1.doCall(VerifyElementPresentKeyword.groovy:85)&#xD;
	at com.kms.katalon.core.webui.keyword.builtin.VerifyElementPresentKeyword$_verifyElementPresent_closure1.call(VerifyElementPresentKeyword.groovy)&#xD;
	at com.kms.katalon.core.webui.keyword.internal.WebUIKeywordMain.runKeyword(WebUIKeywordMain.groovy:20)&#xD;
	at com.kms.katalon.core.webui.keyword.builtin.VerifyElementPresentKeyword.verifyElementPresent(VerifyElementPresentKeyword.groovy:92)&#xD;
	at com.kms.katalon.core.webui.keyword.builtin.VerifyElementPresentKeyword.execute(VerifyElementPresentKeyword.groovy:68)&#xD;
	at com.kms.katalon.core.keyword.internal.KeywordExecutor.executeKeywordForPlatform(KeywordExecutor.groovy:56)&#xD;
	at com.kms.katalon.core.webui.keyword.WebUiBuiltInKeywords.verifyElementPresent(WebUiBuiltInKeywords.groovy:1418)&#xD;
	at com.kms.katalon.core.webui.keyword.WebUiBuiltInKeywords$verifyElementPresent$6.call(Unknown Source)&#xD;
	at alertTestOnResponseDesignerTemplateFAQ.run(alertTestOnResponseDesignerTemplateFAQ:37)&#xD;
	at com.kms.katalon.core.main.ScriptEngine.run(ScriptEngine.java:194)&#xD;
	at com.kms.katalon.core.main.ScriptEngine.runScriptAsRawText(ScriptEngine.java:119)&#xD;
	at com.kms.katalon.core.main.TestCaseExecutor.runScript(TestCaseExecutor.java:337)&#xD;
	at com.kms.katalon.core.main.TestCaseExecutor.doExecute(TestCaseExecutor.java:328)&#xD;
	at com.kms.katalon.core.main.TestCaseExecutor.processExecutionPhase(TestCaseExecutor.java:307)&#xD;
	at com.kms.katalon.core.main.TestCaseExecutor.accessMainPhase(TestCaseExecutor.java:299)&#xD;
	at com.kms.katalon.core.main.TestCaseExecutor.execute(TestCaseExecutor.java:233)&#xD;
	at com.kms.katalon.core.main.TestSuiteExecutor.accessTestCaseMainPhase(TestSuiteExecutor.java:169)&#xD;
	at com.kms.katalon.core.main.TestSuiteExecutor.accessTestSuiteMainPhase(TestSuiteExecutor.java:142)&#xD;
	at com.kms.katalon.core.main.TestSuiteExecutor.execute(TestSuiteExecutor.java:91)&#xD;
	at com.kms.katalon.core.main.TestCaseMain.startTestSuite(TestCaseMain.java:157)&#xD;
	at com.kms.katalon.core.main.TestCaseMain$startTestSuite$0.call(Unknown Source)&#xD;
	at TempTestSuite1604396236473.run(TempTestSuite1604396236473.groovy:35)&#xD;
)&#xD;
[[ATTACHMENT|D:\\IMIbot.ai-Project\\Reports\\20201103_150716\\FAQ_SSO\\20201103_150716\\1604397076467.png]]&#xD;
&#xD;
2020-11-03 15:21:18 - [TEST_STEP][PASSED] - setText(findTestObject("WEB_OBJECTS/textArea"), "default value"): Text 'default value' is set on object 'Object Repository/WEB_OBJECTS/textArea'&#xD;
&#xD;
2020-11-03 15:21:21 - [MESSAGE][PASSED] - Text 'default value' is set on object 'Object Repository/WEB_OBJECTS/textArea'&#xD;
&#xD;
2020-11-03 15:21:21 - [TEST_STEP][PASSED] - platform.ResponseDesigner.configureMediaResponse("image", "default text"): platform.ResponseDesigner.configureMediaResponse is PASSED&#xD;
&#xD;
2020-11-03 15:21:29 - [MESSAGE][PASSED] - Text 'default text' is set on object 'Object Repository/WEB_OBJECTS/mediaURL'&#xD;
&#xD;
2020-11-03 15:21:29 - [MESSAGE][PASSED] - platform.ResponseDesigner.configureMediaResponse is PASSED&#xD;
&#xD;
2020-11-03 15:21:29 - [TEST_STEP][PASSED] - platform.Method.removeFocus(findTestObject("WEB_OBJECTS/mediaURL")): platform.Method.removeFocus is PASSED&#xD;
&#xD;
2020-11-03 15:21:31 - [MESSAGE][PASSED] - platform.Method.removeFocus is PASSED&#xD;
&#xD;
2020-11-03 15:21:31 - [TEST_STEP][PASSED] - verifyElementPresent(findTestObject("WEB_OBJECTS/alertInvalidURL"), 20, CONTINUE_ON_FAILURE): Object 'Object Repository/WEB_OBJECTS/alertInvalidURL' is present&#xD;
&#xD;
2020-11-03 15:21:32 - [MESSAGE][PASSED] - Object 'Object Repository/WEB_OBJECTS/alertInvalidURL' is present&#xD;
&#xD;
2020-11-03 15:21:32 - [TEST_STEP][PASSED] - setText(findTestObject("WEB_OBJECTS/mediaURL"), image_url): Text 'https://file-examples-com.github.io/uploads/2017/10/file_example_GIF_1MB.gif' is set on object 'Object Repository/WEB_OBJECTS/mediaURL'&#xD;
&#xD;
2020-11-03 15:21:38 - [MESSAGE][PASSED] - Text 'https://file-examples-com.github.io/uploads/2017/10/file_example_GIF_1MB.gif' is set on object 'Object Repository/WEB_OBJECTS/mediaURL'&#xD;
&#xD;
2020-11-03 15:21:38 - [TEST_STEP][PASSED] - platform.Method.removeFocus(findTestObject("WEB_OBJECTS/mediaURL")): platform.Method.removeFocus is PASSED&#xD;
&#xD;
2020-11-03 15:21:40 - [MESSAGE][PASSED] - platform.Method.removeFocus is PASSED&#xD;
&#xD;
2020-11-03 15:21:40 - [TEST_STEP][PASSED] - verifyElementPresent(findTestObject("WEB_OBJECTS/alert", ["alert_value":"Needs to end with .jpg/.png/.jpeg"]), 20, CONTINUE_ON_FAILURE): Object 'Object Repository/WEB_OBJECTS/alert' is present&#xD;
&#xD;
2020-11-03 15:21:41 - [MESSAGE][PASSED] - Object 'Object Repository/WEB_OBJECTS/alert' is present&#xD;
&#xD;
2020-11-03 15:21:41 - [TEST_STEP][PASSED] - setText(findTestObject("WEB_OBJECTS/mediaURL"), " "): Text ' ' is set on object 'Object Repository/WEB_OBJECTS/mediaURL'&#xD;
&#xD;
2020-11-03 15:21:45 - [MESSAGE][PASSED] - Text ' ' is set on object 'Object Repository/WEB_OBJECTS/mediaURL'&#xD;
&#xD;
2020-11-03 15:21:45 - [TEST_STEP][PASSED] - verifyElementPresent(findTestObject("WEB_OBJECTS/alertInvalidData"), 20, CONTINUE_ON_FAILURE): Object 'Object Repository/WEB_OBJECTS/alertInvalidData' is present&#xD;
&#xD;
2020-11-03 15:21:46 - [MESSAGE][PASSED] - Object 'Object Repository/WEB_OBJECTS/alertInvalidData' is present&#xD;
&#xD;
2020-11-03 15:21:46 - [TEST_STEP][PASSED] - platform.ResponseDesigner.deleteSecondaryTemplate(2): platform.ResponseDesigner.deleteSecondaryTemplate is PASSED&#xD;
&#xD;
2020-11-03 15:21:48 - [MESSAGE][PASSED] - Scroll to object 'Object Repository/WEB_OBJECTS/trashIcon' successfully&#xD;
&#xD;
2020-11-03 15:21:50 - [MESSAGE][PASSED] - Object 'Object Repository/WEB_OBJECTS/trashIcon' is visible&#xD;
&#xD;
2020-11-03 15:21:53 - [MESSAGE][PASSED] - platform.ResponseDesigner.deleteSecondaryTemplate is PASSED&#xD;
&#xD;
2020-11-03 15:21:53 - [TEST_STEP][PASSED] - platform.ResponseDesigner.configureMediaResponse("audio", "default text"): platform.ResponseDesigner.configureMediaResponse is PASSED&#xD;
&#xD;
2020-11-03 15:22:00 - [MESSAGE][PASSED] - Text 'default text' is set on object 'Object Repository/WEB_OBJECTS/mediaURL'&#xD;
&#xD;
2020-11-03 15:22:00 - [MESSAGE][PASSED] - platform.ResponseDesigner.configureMediaResponse is PASSED&#xD;
&#xD;
2020-11-03 15:22:00 - [TEST_STEP][PASSED] - platform.Method.removeFocus(findTestObject("WEB_OBJECTS/mediaURL")): platform.Method.removeFocus is PASSED&#xD;
&#xD;
2020-11-03 15:22:02 - [MESSAGE][PASSED] - platform.Method.removeFocus is PASSED&#xD;
&#xD;
2020-11-03 15:22:02 - [TEST_STEP][PASSED] - verifyElementPresent(findTestObject("WEB_OBJECTS/alertInvalidURL"), 20, CONTINUE_ON_FAILURE): Object 'Object Repository/WEB_OBJECTS/alertInvalidURL' is present&#xD;
&#xD;
2020-11-03 15:22:03 - [MESSAGE][PASSED] - Object 'Object Repository/WEB_OBJECTS/alertInvalidURL' is present&#xD;
&#xD;
2020-11-03 15:22:03 - [TEST_STEP][PASSED] - setText(findTestObject("WEB_OBJECTS/mediaURL"), audio_url): Text 'https://file-examples-com.github.io/uploads/2017/11/file_example_WAV_5MG.wav' is set on object 'Object Repository/WEB_OBJECTS/mediaURL'&#xD;
&#xD;
2020-11-03 15:22:09 - [MESSAGE][PASSED] - Text 'https://file-examples-com.github.io/uploads/2017/11/file_example_WAV_5MG.wav' is set on object 'Object Repository/WEB_OBJECTS/mediaURL'&#xD;
&#xD;
2020-11-03 15:22:09 - [TEST_STEP][PASSED] - platform.Method.removeFocus(findTestObject("WEB_OBJECTS/mediaURL")): platform.Method.removeFocus is PASSED&#xD;
&#xD;
2020-11-03 15:22:12 - [MESSAGE][PASSED] - platform.Method.removeFocus is PASSED&#xD;
&#xD;
2020-11-03 15:22:12 - [TEST_STEP][PASSED] - verifyElementPresent(findTestObject("WEB_OBJECTS/alert", ["alert_value":"Needs to end with .mp3/.aac"]), 20, CONTINUE_ON_FAILURE): Object 'Object Repository/WEB_OBJECTS/alert' is present&#xD;
&#xD;
2020-11-03 15:22:13 - [MESSAGE][PASSED] - Object 'Object Repository/WEB_OBJECTS/alert' is present&#xD;
&#xD;
2020-11-03 15:22:13 - [TEST_STEP][PASSED] - setText(findTestObject("WEB_OBJECTS/mediaURL"), " "): Text ' ' is set on object 'Object Repository/WEB_OBJECTS/mediaURL'&#xD;
&#xD;
2020-11-03 15:22:18 - [MESSAGE][PASSED] - Text ' ' is set on object 'Object Repository/WEB_OBJECTS/mediaURL'&#xD;
&#xD;
2020-11-03 15:22:18 - [TEST_STEP][PASSED] - verifyElementPresent(findTestObject("WEB_OBJECTS/alertInvalidData"), 20, CONTINUE_ON_FAILURE): Object 'Object Repository/WEB_OBJECTS/alertInvalidData' is present&#xD;
&#xD;
2020-11-03 15:22:19 - [MESSAGE][PASSED] - Object 'Object Repository/WEB_OBJECTS/alertInvalidData' is present&#xD;
&#xD;
2020-11-03 15:22:19 - [TEST_STEP][PASSED] - platform.ResponseDesigner.deleteSecondaryTemplate(2): platform.ResponseDesigner.deleteSecondaryTemplate is PASSED&#xD;
&#xD;
2020-11-03 15:22:21 - [MESSAGE][PASSED] - Scroll to object 'Object Repository/WEB_OBJECTS/trashIcon' successfully&#xD;
&#xD;
2020-11-03 15:22:24 - [MESSAGE][PASSED] - Object 'Object Repository/WEB_OBJECTS/trashIcon' is visible&#xD;
&#xD;
2020-11-03 15:22:26 - [MESSAGE][PASSED] - platform.ResponseDesigner.deleteSecondaryTemplate is PASSED&#xD;
&#xD;
2020-11-03 15:22:26 - [TEST_STEP][PASSED] - platform.ResponseDesigner.configureMediaResponse("video", "default text"): platform.ResponseDesigner.configureMediaResponse is PASSED&#xD;
&#xD;
2020-11-03 15:22:33 - [MESSAGE][PASSED] - Text 'default text' is set on object 'Object Repository/WEB_OBJECTS/mediaURL'&#xD;
&#xD;
2020-11-03 15:22:33 - [MESSAGE][PASSED] - platform.ResponseDesigner.configureMediaResponse is PASSED&#xD;
&#xD;
2020-11-03 15:22:33 - [TEST_STEP][PASSED] - platform.Method.removeFocus(findTestObject("WEB_OBJECTS/mediaURL")): platform.Method.removeFocus is PASSED&#xD;
&#xD;
2020-11-03 15:22:35 - [MESSAGE][PASSED] - platform.Method.removeFocus is PASSED&#xD;
&#xD;
2020-11-03 15:22:35 - [TEST_STEP][PASSED] - verifyElementPresent(findTestObject("WEB_OBJECTS/alertInvalidURL"), 20, CONTINUE_ON_FAILURE): Object 'Object Repository/WEB_OBJECTS/alertInvalidURL' is present&#xD;
&#xD;
2020-11-03 15:22:36 - [MESSAGE][PASSED] - Object 'Object Repository/WEB_OBJECTS/alertInvalidURL' is present&#xD;
&#xD;
2020-11-03 15:22:36 - [TEST_STEP][PASSED] - setText(findTestObject("WEB_OBJECTS/mediaURL"), video_url): Text 'https://file-examples-com.github.io/uploads/2018/04/file_example_MOV_1280_1_4MB.mov' is set on object 'Object Repository/WEB_OBJECTS/mediaURL'&#xD;
&#xD;
2020-11-03 15:22:43 - [MESSAGE][PASSED] - Text 'https://file-examples-com.github.io/uploads/2018/04/file_example_MOV_1280_1_4MB.mov' is set on object 'Object Repository/WEB_OBJECTS/mediaURL'&#xD;
&#xD;
2020-11-03 15:22:43 - [TEST_STEP][PASSED] - platform.Method.removeFocus(findTestObject("WEB_OBJECTS/mediaURL")): platform.Method.removeFocus is PASSED&#xD;
&#xD;
2020-11-03 15:22:45 - [MESSAGE][PASSED] - platform.Method.removeFocus is PASSED&#xD;
&#xD;
2020-11-03 15:22:45 - [TEST_STEP][PASSED] - verifyElementPresent(findTestObject("WEB_OBJECTS/alert", ["alert_value":"Needs to end with .mp4"]), 20, CONTINUE_ON_FAILURE): Object 'Object Repository/WEB_OBJECTS/alert' is present&#xD;
&#xD;
2020-11-03 15:22:46 - [MESSAGE][PASSED] - Object 'Object Repository/WEB_OBJECTS/alert' is present&#xD;
&#xD;
2020-11-03 15:22:46 - [TEST_STEP][PASSED] - setText(findTestObject("WEB_OBJECTS/mediaURL"), " "): Text ' ' is set on object 'Object Repository/WEB_OBJECTS/mediaURL'&#xD;
&#xD;
2020-11-03 15:22:50 - [MESSAGE][PASSED] - Text ' ' is set on object 'Object Repository/WEB_OBJECTS/mediaURL'&#xD;
&#xD;
2020-11-03 15:22:50 - [TEST_STEP][PASSED] - verifyElementPresent(findTestObject("WEB_OBJECTS/alertInvalidData"), 20, CONTINUE_ON_FAILURE): Object 'Object Repository/WEB_OBJECTS/alertInvalidData' is present&#xD;
&#xD;
2020-11-03 15:22:52 - [MESSAGE][PASSED] - Object 'Object Repository/WEB_OBJECTS/alertInvalidData' is present&#xD;
&#xD;
2020-11-03 15:22:52 - [TEST_STEP][PASSED] - platform.ResponseDesigner.deleteSecondaryTemplate(2): platform.ResponseDesigner.deleteSecondaryTemplate is PASSED&#xD;
&#xD;
2020-11-03 15:22:54 - [MESSAGE][PASSED] - Scroll to object 'Object Repository/WEB_OBJECTS/trashIcon' successfully&#xD;
&#xD;
2020-11-03 15:22:56 - [MESSAGE][PASSED] - Object 'Object Repository/WEB_OBJECTS/trashIcon' is visible&#xD;
&#xD;
2020-11-03 15:22:59 - [MESSAGE][PASSED] - platform.ResponseDesigner.deleteSecondaryTemplate is PASSED</system-out>
            <system-err>2020-11-03 15:20:40 - [TEST_CASE][FAILED] - Test Cases/Sprint/v4.3/alertTestOnResponseDesignerTemplateFAQ: Test Cases/Sprint/v4.3/alertTestOnResponseDesignerTemplateFAQ FAILED.
Reason:
com.kms.katalon.core.exception.StepFailedException: com.kms.katalon.core.webui.exception.WebElementNotFoundException: Web element with id: 'Object Repository/WEB_OBJECTS/alertRequired' located by 'By.xpath: //span[text()=' Required ']' not found (Root cause: com.kms.katalon.core.exception.StepFailedException: com.kms.katalon.core.webui.exception.WebElementNotFoundException: Web element with id: 'Object Repository/WEB_OBJECTS/alertRequired' located by 'By.xpath: //span[text()=' Required ']' not found&#xD;
	at com.kms.katalon.core.webui.keyword.internal.WebUIKeywordMain.stepFailed(WebUIKeywordMain.groovy:64)&#xD;
	at com.kms.katalon.core.webui.keyword.builtin.VerifyElementPresentKeyword$_verifyElementPresent_closure1.doCall(VerifyElementPresentKeyword.groovy:85)&#xD;
	at com.kms.katalon.core.webui.keyword.builtin.VerifyElementPresentKeyword$_verifyElementPresent_closure1.call(VerifyElementPresentKeyword.groovy)&#xD;
	at com.kms.katalon.core.webui.keyword.internal.WebUIKeywordMain.runKeyword(WebUIKeywordMain.groovy:20)&#xD;
	at com.kms.katalon.core.webui.keyword.builtin.VerifyElementPresentKeyword.verifyElementPresent(VerifyElementPresentKeyword.groovy:92)&#xD;
	at com.kms.katalon.core.webui.keyword.builtin.VerifyElementPresentKeyword.execute(VerifyElementPresentKeyword.groovy:68)&#xD;
	at com.kms.katalon.core.keyword.internal.KeywordExecutor.executeKeywordForPlatform(KeywordExecutor.groovy:56)&#xD;
	at com.kms.katalon.core.webui.keyword.WebUiBuiltInKeywords.verifyElementPresent(WebUiBuiltInKeywords.groovy:1418)&#xD;
	at com.kms.katalon.core.webui.keyword.WebUiBuiltInKeywords$verifyElementPresent$6.call(Unknown Source)&#xD;
	at alertTestOnResponseDesignerTemplateFAQ.run(alertTestOnResponseDesignerTemplateFAQ:37)&#xD;
	at com.kms.katalon.core.main.ScriptEngine.run(ScriptEngine.java:194)&#xD;
	at com.kms.katalon.core.main.ScriptEngine.runScriptAsRawText(ScriptEngine.java:119)&#xD;
	at com.kms.katalon.core.main.TestCaseExecutor.runScript(TestCaseExecutor.java:337)&#xD;
	at com.kms.katalon.core.main.TestCaseExecutor.doExecute(TestCaseExecutor.java:328)&#xD;
	at com.kms.katalon.core.main.TestCaseExecutor.processExecutionPhase(TestCaseExecutor.java:307)&#xD;
	at com.kms.katalon.core.main.TestCaseExecutor.accessMainPhase(TestCaseExecutor.java:299)&#xD;
	at com.kms.katalon.core.main.TestCaseExecutor.execute(TestCaseExecutor.java:233)&#xD;
	at com.kms.katalon.core.main.TestSuiteExecutor.accessTestCaseMainPhase(TestSuiteExecutor.java:169)&#xD;
	at com.kms.katalon.core.main.TestSuiteExecutor.accessTestSuiteMainPhase(TestSuiteExecutor.java:142)&#xD;
	at com.kms.katalon.core.main.TestSuiteExecutor.execute(TestSuiteExecutor.java:91)&#xD;
	at com.kms.katalon.core.main.TestCaseMain.startTestSuite(TestCaseMain.java:157)&#xD;
	at com.kms.katalon.core.main.TestCaseMain$startTestSuite$0.call(Unknown Source)&#xD;
	at TempTestSuite1604396236473.run(TempTestSuite1604396236473.groovy:35)&#xD;
)&#xD;
	at com.kms.katalon.core.keyword.internal.KeywordMain.stepFailed(KeywordMain.groovy:39)&#xD;
	at com.kms.katalon.core.webui.keyword.internal.WebUIKeywordMain.stepFailed(WebUIKeywordMain.groovy:64)&#xD;
	at com.kms.katalon.core.webui.keyword.builtin.VerifyElementPresentKeyword$_verifyElementPresent_closure1.doCall(VerifyElementPresentKeyword.groovy:85)&#xD;
	at com.kms.katalon.core.webui.keyword.builtin.VerifyElementPresentKeyword$_verifyElementPresent_closure1.call(VerifyElementPresentKeyword.groovy)&#xD;
	at com.kms.katalon.core.webui.keyword.internal.WebUIKeywordMain.runKeyword(WebUIKeywordMain.groovy:20)&#xD;
	at com.kms.katalon.core.webui.keyword.builtin.VerifyElementPresentKeyword.verifyElementPresent(VerifyElementPresentKeyword.groovy:92)&#xD;
	at com.kms.katalon.core.webui.keyword.builtin.VerifyElementPresentKeyword.execute(VerifyElementPresentKeyword.groovy:68)&#xD;
	at com.kms.katalon.core.keyword.internal.KeywordExecutor.executeKeywordForPlatform(KeywordExecutor.groovy:56)&#xD;
	at com.kms.katalon.core.webui.keyword.WebUiBuiltInKeywords.verifyElementPresent(WebUiBuiltInKeywords.groovy:1418)&#xD;
	at com.kms.katalon.core.webui.keyword.WebUiBuiltInKeywords$verifyElementPresent$6.call(Unknown Source)&#xD;
	at alertTestOnResponseDesignerTemplateFAQ.run(alertTestOnResponseDesignerTemplateFAQ:37)&#xD;
	at com.kms.katalon.core.main.ScriptEngine.run(ScriptEngine.java:194)&#xD;
	at com.kms.katalon.core.main.ScriptEngine.runScriptAsRawText(ScriptEngine.java:119)&#xD;
	at com.kms.katalon.core.main.TestCaseExecutor.runScript(TestCaseExecutor.java:337)&#xD;
	at com.kms.katalon.core.main.TestCaseExecutor.doExecute(TestCaseExecutor.java:328)&#xD;
	at com.kms.katalon.core.main.TestCaseExecutor.processExecutionPhase(TestCaseExecutor.java:307)&#xD;
	at com.kms.katalon.core.main.TestCaseExecutor.accessMainPhase(TestCaseExecutor.java:299)&#xD;
	at com.kms.katalon.core.main.TestCaseExecutor.execute(TestCaseExecutor.java:233)&#xD;
	at com.kms.katalon.core.main.TestSuiteExecutor.accessTestCaseMainPhase(TestSuiteExecutor.java:169)&#xD;
	at com.kms.katalon.core.main.TestSuiteExecutor.accessTestSuiteMainPhase(TestSuiteExecutor.java:142)&#xD;
	at com.kms.katalon.core.main.TestSuiteExecutor.execute(TestSuiteExecutor.java:91)&#xD;
	at com.kms.katalon.core.main.TestCaseMain.startTestSuite(TestCaseMain.java:157)&#xD;
	at com.kms.katalon.core.main.TestCaseMain$startTestSuite$0.call(Unknown Source)&#xD;
	at TempTestSuite1604396236473.run(TempTestSuite1604396236473.groovy:35)&#xD;
Caused by: com.kms.katalon.core.exception.StepFailedException: com.kms.katalon.core.webui.exception.WebElementNotFoundException: Web element with id: 'Object Repository/WEB_OBJECTS/alertRequired' located by 'By.xpath: //span[text()=' Required ']' not found&#xD;
	... 23 more</system-err>
        </testcase>
        <testcase name="Test Cases/Sprint/v4.3/appleBusinessChatFieldTestForFAQbot" classname="Test Cases/Sprint/v4.3/appleBusinessChatFieldTestForFAQbot" status="PASSED">
            <system-out>2020-11-03 15:22:59 - [TEST_CASE][PASSED] - Test Cases/Sprint/v4.3/appleBusinessChatFieldTestForFAQbot: Test Cases/Sprint/v4.3/appleBusinessChatFieldTestForFAQbot&#xD;
&#xD;
2020-11-03 15:23:00 - [TEST_STEP][PASSED] - platform.ResponseDesigner.addChannelToResponse(" Apple Business Chat"): platform.ResponseDesigner.addChannelToResponse is PASSED&#xD;
&#xD;
2020-11-03 15:23:05 - [MESSAGE][PASSED] - platform.ResponseDesigner.addChannelToResponse is PASSED&#xD;
&#xD;
2020-11-03 15:23:05 - [TEST_STEP][PASSED] - assert platform.AppleBusinessChat.verifyListpickerOnTemplate() == true: platform.AppleBusinessChat.verifyListpickerOnTemplate is PASSED&#xD;
&#xD;
2020-11-03 15:23:08 - [MESSAGE][PASSED] - Object 'Object Repository/ICONS/listPickerABC' is visible&#xD;
&#xD;
2020-11-03 15:23:08 - [MESSAGE][PASSED] - platform.AppleBusinessChat.verifyListpickerOnTemplate is PASSED&#xD;
&#xD;
2020-11-03 15:23:08 - [TEST_STEP][PASSED] - platform.ResponseDesigner.addListpickerResponse(): platform.ResponseDesigner.addListpickerResponse is PASSED&#xD;
&#xD;
2020-11-03 15:23:11 - [MESSAGE][PASSED] - platform.ResponseDesigner.addListpickerResponse is PASSED&#xD;
&#xD;
2020-11-03 15:23:11 - [TEST_STEP][PASSED] - assert platform.AppleBusinessChat.verifyListpickerOnAddition(findTestObject("WEB_OBJECTS/templateHeader", ["index":2])) == true: platform.AppleBusinessChat.verifyListpickerOnAddition is PASSED&#xD;
&#xD;
2020-11-03 15:23:14 - [MESSAGE][PASSED] - Actual text and expected text of test object 'Object Repository/WEB_OBJECTS/templateHeader' are matched.&#xD;
&#xD;
2020-11-03 15:23:14 - [MESSAGE][PASSED] - platform.AppleBusinessChat.verifyListpickerOnAddition is PASSED&#xD;
&#xD;
2020-11-03 15:23:14 - [TEST_STEP][PASSED] - platform.AppleBusinessChat.setListPickerTitle(""): platform.AppleBusinessChat.setListPickerTitle is PASSED&#xD;
&#xD;
2020-11-03 15:23:20 - [MESSAGE][PASSED] - Text '' is set on object 'Object Repository/AppleBusinessChat/title'&#xD;
&#xD;
2020-11-03 15:23:20 - [MESSAGE][PASSED] - platform.AppleBusinessChat.setListPickerTitle is PASSED&#xD;
&#xD;
2020-11-03 15:23:20 - [TEST_STEP][PASSED] - platform.Method.removeFocus(findTestObject("AppleBusinessChat/title")): platform.Method.removeFocus is PASSED&#xD;
&#xD;
2020-11-03 15:23:22 - [MESSAGE][PASSED] - platform.Method.removeFocus is PASSED&#xD;
&#xD;
2020-11-03 15:23:22 - [TEST_STEP][PASSED] - verifyElementPresent(findTestObject("WEB_OBJECTS/alertRequired"), 20, CONTINUE_ON_FAILURE): Object 'Object Repository/WEB_OBJECTS/alertRequired' is present&#xD;
&#xD;
2020-11-03 15:23:24 - [MESSAGE][PASSED] - Object 'Object Repository/WEB_OBJECTS/alertRequired' is present&#xD;
&#xD;
2020-11-03 15:23:24 - [TEST_STEP][PASSED] - platform.AppleBusinessChat.setListPickerTitle(" "): platform.AppleBusinessChat.setListPickerTitle is PASSED&#xD;
&#xD;
2020-11-03 15:23:29 - [MESSAGE][PASSED] - Text ' ' is set on object 'Object Repository/AppleBusinessChat/title'&#xD;
&#xD;
2020-11-03 15:23:29 - [MESSAGE][PASSED] - platform.AppleBusinessChat.setListPickerTitle is PASSED&#xD;
&#xD;
2020-11-03 15:23:29 - [TEST_STEP][PASSED] - platform.Method.removeFocus(findTestObject("AppleBusinessChat/title")): platform.Method.removeFocus is PASSED&#xD;
&#xD;
2020-11-03 15:23:32 - [MESSAGE][PASSED] - platform.Method.removeFocus is PASSED&#xD;
&#xD;
2020-11-03 15:23:32 - [TEST_STEP][PASSED] - verifyElementPresent(findTestObject("WEB_OBJECTS/alertInvalidData"), 20, CONTINUE_ON_FAILURE): Object 'Object Repository/WEB_OBJECTS/alertInvalidData' is present&#xD;
&#xD;
2020-11-03 15:23:33 - [MESSAGE][PASSED] - Object 'Object Repository/WEB_OBJECTS/alertInvalidData' is present&#xD;
&#xD;
2020-11-03 15:23:33 - [TEST_STEP][PASSED] - platform.AppleBusinessChat.setListPickerTitle(testData): platform.AppleBusinessChat.setListPickerTitle is PASSED&#xD;
&#xD;
2020-11-03 15:23:50 - [MESSAGE][PASSED] - Text 'I want to test that number of characters in this sentence so that a maximum of 512 character can be known. I want to test that number of characters in this sentence so that a maximum of 512 character can be known. I want to test that number of characters in this sentence so that a maximum of 512 character can be known. I want to test that number of characters in this sentence so that a maximum of 512 character can be known. I want to test that number of characters in this sentence so that a maximum of 512...' is set on object 'Object Repository/AppleBusinessChat/title'&#xD;
&#xD;
2020-11-03 15:23:50 - [MESSAGE][PASSED] - platform.AppleBusinessChat.setListPickerTitle is PASSED&#xD;
&#xD;
2020-11-03 15:23:50 - [TEST_STEP][PASSED] - verifyElementPresent(findTestObject("WEB_OBJECTS/alertMaxCharacter"), 20, CONTINUE_ON_FAILURE): Object 'Object Repository/WEB_OBJECTS/alertMaxCharacter' is present&#xD;
&#xD;
2020-11-03 15:23:51 - [MESSAGE][PASSED] - Object 'Object Repository/WEB_OBJECTS/alertMaxCharacter' is present&#xD;
&#xD;
2020-11-03 15:23:51 - [TEST_STEP][PASSED] - platform.AppleBusinessChat.setListPickerTitle("dummy data"): platform.AppleBusinessChat.setListPickerTitle is PASSED&#xD;
&#xD;
2020-11-03 15:23:57 - [MESSAGE][PASSED] - Text 'dummy data' is set on object 'Object Repository/AppleBusinessChat/title'&#xD;
&#xD;
2020-11-03 15:23:57 - [MESSAGE][PASSED] - platform.AppleBusinessChat.setListPickerTitle is PASSED&#xD;
&#xD;
2020-11-03 15:23:57 - [TEST_STEP][PASSED] - platform.AppleBusinessChat.setListPickerReplyTitle(""): platform.AppleBusinessChat.setListPickerReplyTitle is PASSED&#xD;
&#xD;
2020-11-03 15:24:03 - [MESSAGE][PASSED] - Text '' is set on object 'Object Repository/AppleBusinessChat/replyTitle'&#xD;
&#xD;
2020-11-03 15:24:03 - [MESSAGE][PASSED] - platform.AppleBusinessChat.setListPickerReplyTitle is PASSED&#xD;
&#xD;
2020-11-03 15:24:03 - [TEST_STEP][PASSED] - platform.Method.removeFocus(findTestObject("AppleBusinessChat/replyTitle")): platform.Method.removeFocus is PASSED&#xD;
&#xD;
2020-11-03 15:24:05 - [MESSAGE][PASSED] - platform.Method.removeFocus is PASSED&#xD;
&#xD;
2020-11-03 15:24:05 - [TEST_STEP][PASSED] - verifyElementPresent(findTestObject("WEB_OBJECTS/alertRequired"), 20, CONTINUE_ON_FAILURE): Object 'Object Repository/WEB_OBJECTS/alertRequired' is present&#xD;
&#xD;
2020-11-03 15:24:06 - [MESSAGE][PASSED] - Object 'Object Repository/WEB_OBJECTS/alertRequired' is present&#xD;
&#xD;
2020-11-03 15:24:06 - [TEST_STEP][PASSED] - platform.AppleBusinessChat.setListPickerReplyTitle(" "): platform.AppleBusinessChat.setListPickerReplyTitle is PASSED&#xD;
&#xD;
2020-11-03 15:24:12 - [MESSAGE][PASSED] - Text ' ' is set on object 'Object Repository/AppleBusinessChat/replyTitle'&#xD;
&#xD;
2020-11-03 15:24:12 - [MESSAGE][PASSED] - platform.AppleBusinessChat.setListPickerReplyTitle is PASSED&#xD;
&#xD;
2020-11-03 15:24:12 - [TEST_STEP][PASSED] - platform.Method.removeFocus(findTestObject("AppleBusinessChat/replyTitle")): platform.Method.removeFocus is PASSED&#xD;
&#xD;
2020-11-03 15:24:14 - [MESSAGE][PASSED] - platform.Method.removeFocus is PASSED&#xD;
&#xD;
2020-11-03 15:24:14 - [TEST_STEP][PASSED] - verifyElementPresent(findTestObject("WEB_OBJECTS/alertInvalidData"), 20, CONTINUE_ON_FAILURE): Object 'Object Repository/WEB_OBJECTS/alertInvalidData' is present&#xD;
&#xD;
2020-11-03 15:24:15 - [MESSAGE][PASSED] - Object 'Object Repository/WEB_OBJECTS/alertInvalidData' is present&#xD;
&#xD;
2020-11-03 15:24:15 - [TEST_STEP][PASSED] - platform.AppleBusinessChat.setListPickerReplyTitle(testData): platform.AppleBusinessChat.setListPickerReplyTitle is PASSED&#xD;
&#xD;
2020-11-03 15:24:31 - [MESSAGE][PASSED] - Text 'I want to test that number of characters in this sentence so that a maximum of 512 character can be known. I want to test that number of characters in this sentence so that a maximum of 512 character can be known. I want to test that number of characters in this sentence so that a maximum of 512 character can be known. I want to test that number of characters in this sentence so that a maximum of 512 character can be known. I want to test that number of characters in this sentence so that a maximum of 512...' is set on object 'Object Repository/AppleBusinessChat/replyTitle'&#xD;
&#xD;
2020-11-03 15:24:31 - [MESSAGE][PASSED] - platform.AppleBusinessChat.setListPickerReplyTitle is PASSED&#xD;
&#xD;
2020-11-03 15:24:31 - [TEST_STEP][PASSED] - verifyElementPresent(findTestObject("WEB_OBJECTS/alertMaxCharacter"), 20, CONTINUE_ON_FAILURE): Object 'Object Repository/WEB_OBJECTS/alertMaxCharacter' is present&#xD;
&#xD;
2020-11-03 15:24:32 - [MESSAGE][PASSED] - Object 'Object Repository/WEB_OBJECTS/alertMaxCharacter' is present&#xD;
&#xD;
2020-11-03 15:24:32 - [TEST_STEP][PASSED] - platform.AppleBusinessChat.setListPickerTitle("dummy reply title"): platform.AppleBusinessChat.setListPickerTitle is PASSED&#xD;
&#xD;
2020-11-03 15:24:39 - [MESSAGE][PASSED] - Text 'dummy reply title' is set on object 'Object Repository/AppleBusinessChat/title'&#xD;
&#xD;
2020-11-03 15:24:39 - [MESSAGE][PASSED] - platform.AppleBusinessChat.setListPickerTitle is PASSED&#xD;
&#xD;
2020-11-03 15:24:39 - [TEST_STEP][PASSED] - platform.Method.clickOnElement(findTestObject("AppleBusinessChat/listSection")): platform.Method.clickOnElement is PASSED&#xD;
&#xD;
2020-11-03 15:24:41 - [MESSAGE][PASSED] - platform.Method.clickOnElement is PASSED&#xD;
&#xD;
2020-11-03 15:24:41 - [TEST_STEP][PASSED] - platform.AppleBusinessChat.setListTitle("1", ""): platform.AppleBusinessChat.setListTitle is PASSED&#xD;
&#xD;
2020-11-03 15:24:47 - [MESSAGE][PASSED] - Text '' is set on object 'Object Repository/AppleBusinessChat/listTitle'&#xD;
&#xD;
2020-11-03 15:24:47 - [MESSAGE][PASSED] - platform.AppleBusinessChat.setListTitle is PASSED&#xD;
&#xD;
2020-11-03 15:24:47 - [TEST_STEP][PASSED] - platform.Method.removeFocus(findTestObject("AppleBusinessChat/listTitle", ["index":"1"])): platform.Method.removeFocus is PASSED&#xD;
&#xD;
2020-11-03 15:24:49 - [MESSAGE][PASSED] - platform.Method.removeFocus is PASSED&#xD;
&#xD;
2020-11-03 15:24:49 - [TEST_STEP][PASSED] - verifyElementPresent(findTestObject("WEB_OBJECTS/alertRequired"), 20, CONTINUE_ON_FAILURE): Object 'Object Repository/WEB_OBJECTS/alertRequired' is present&#xD;
&#xD;
2020-11-03 15:24:50 - [MESSAGE][PASSED] - Object 'Object Repository/WEB_OBJECTS/alertRequired' is present&#xD;
&#xD;
2020-11-03 15:24:51 - [TEST_STEP][PASSED] - platform.AppleBusinessChat.setListTitle("1", " "): platform.AppleBusinessChat.setListTitle is PASSED&#xD;
&#xD;
2020-11-03 15:24:56 - [MESSAGE][PASSED] - Text ' ' is set on object 'Object Repository/AppleBusinessChat/listTitle'&#xD;
&#xD;
2020-11-03 15:24:56 - [MESSAGE][PASSED] - platform.AppleBusinessChat.setListTitle is PASSED&#xD;
&#xD;
2020-11-03 15:24:56 - [TEST_STEP][PASSED] - platform.Method.removeFocus(findTestObject("AppleBusinessChat/listTitle", ["index":"1"])): platform.Method.removeFocus is PASSED&#xD;
&#xD;
2020-11-03 15:24:59 - [MESSAGE][PASSED] - platform.Method.removeFocus is PASSED&#xD;
&#xD;
2020-11-03 15:24:59 - [TEST_STEP][PASSED] - verifyElementPresent(findTestObject("WEB_OBJECTS/alertInvalidData"), 20, CONTINUE_ON_FAILURE): Object 'Object Repository/WEB_OBJECTS/alertInvalidData' is present&#xD;
&#xD;
2020-11-03 15:25:00 - [MESSAGE][PASSED] - Object 'Object Repository/WEB_OBJECTS/alertInvalidData' is present&#xD;
&#xD;
2020-11-03 15:25:00 - [TEST_STEP][PASSED] - platform.AppleBusinessChat.setListTitle("1", testData): platform.AppleBusinessChat.setListTitle is PASSED&#xD;
&#xD;
2020-11-03 15:25:19 - [MESSAGE][PASSED] - Text 'I want to test that number of characters in this sentence so that a maximum of 512 character can be known. I want to test that number of characters in this sentence so that a maximum of 512 character can be known. I want to test that number of characters in this sentence so that a maximum of 512 character can be known. I want to test that number of characters in this sentence so that a maximum of 512 character can be known. I want to test that number of characters in this sentence so that a maximum of 512...' is set on object 'Object Repository/AppleBusinessChat/listTitle'&#xD;
&#xD;
2020-11-03 15:25:19 - [MESSAGE][PASSED] - platform.AppleBusinessChat.setListTitle is PASSED&#xD;
&#xD;
2020-11-03 15:25:19 - [TEST_STEP][PASSED] - verifyElementPresent(findTestObject("WEB_OBJECTS/alertMaxCharacter"), 20, CONTINUE_ON_FAILURE): Object 'Object Repository/WEB_OBJECTS/alertMaxCharacter' is present&#xD;
&#xD;
2020-11-03 15:25:20 - [MESSAGE][PASSED] - Object 'Object Repository/WEB_OBJECTS/alertMaxCharacter' is present&#xD;
&#xD;
2020-11-03 15:25:20 - [TEST_STEP][PASSED] - platform.AppleBusinessChat.setListTitle("1", "dummy list title"): platform.AppleBusinessChat.setListTitle is PASSED&#xD;
&#xD;
2020-11-03 15:25:27 - [MESSAGE][PASSED] - Text 'dummy list title' is set on object 'Object Repository/AppleBusinessChat/listTitle'&#xD;
&#xD;
2020-11-03 15:25:27 - [MESSAGE][PASSED] - platform.AppleBusinessChat.setListTitle is PASSED&#xD;
&#xD;
2020-11-03 15:25:27 - [TEST_STEP][PASSED] - platform.AppleBusinessChat.setListItemTitle("1", ""): platform.AppleBusinessChat.setListItemTitle is PASSED&#xD;
&#xD;
2020-11-03 15:25:33 - [MESSAGE][PASSED] - Text '' is set on object 'Object Repository/AppleBusinessChat/itemTitle'&#xD;
&#xD;
2020-11-03 15:25:33 - [MESSAGE][PASSED] - platform.AppleBusinessChat.setListItemTitle is PASSED&#xD;
&#xD;
2020-11-03 15:25:33 - [TEST_STEP][PASSED] - platform.Method.removeFocus(findTestObject("AppleBusinessChat/itemTitle", ["index":"1"])): platform.Method.removeFocus is PASSED&#xD;
&#xD;
2020-11-03 15:25:35 - [MESSAGE][PASSED] - platform.Method.removeFocus is PASSED&#xD;
&#xD;
2020-11-03 15:25:35 - [TEST_STEP][PASSED] - verifyElementPresent(findTestObject("WEB_OBJECTS/alertRequired"), 20, CONTINUE_ON_FAILURE): Object 'Object Repository/WEB_OBJECTS/alertRequired' is present&#xD;
&#xD;
2020-11-03 15:25:36 - [MESSAGE][PASSED] - Object 'Object Repository/WEB_OBJECTS/alertRequired' is present&#xD;
&#xD;
2020-11-03 15:25:36 - [TEST_STEP][PASSED] - platform.AppleBusinessChat.setListItemTitle("1", " "): platform.AppleBusinessChat.setListItemTitle is PASSED&#xD;
&#xD;
2020-11-03 15:25:42 - [MESSAGE][PASSED] - Text ' ' is set on object 'Object Repository/AppleBusinessChat/itemTitle'&#xD;
&#xD;
2020-11-03 15:25:42 - [MESSAGE][PASSED] - platform.AppleBusinessChat.setListItemTitle is PASSED&#xD;
&#xD;
2020-11-03 15:25:42 - [TEST_STEP][PASSED] - platform.Method.removeFocus(findTestObject("AppleBusinessChat/itemTitle", ["index":"1"])): platform.Method.removeFocus is PASSED&#xD;
&#xD;
2020-11-03 15:25:44 - [MESSAGE][PASSED] - platform.Method.removeFocus is PASSED&#xD;
&#xD;
2020-11-03 15:25:44 - [TEST_STEP][PASSED] - verifyElementPresent(findTestObject("WEB_OBJECTS/alertInvalidData"), 20, CONTINUE_ON_FAILURE): Object 'Object Repository/WEB_OBJECTS/alertInvalidData' is present&#xD;
&#xD;
2020-11-03 15:25:46 - [MESSAGE][PASSED] - Object 'Object Repository/WEB_OBJECTS/alertInvalidData' is present&#xD;
&#xD;
2020-11-03 15:25:46 - [TEST_STEP][PASSED] - platform.AppleBusinessChat.setListItemTitle("1", testData): platform.AppleBusinessChat.setListItemTitle is PASSED&#xD;
&#xD;
2020-11-03 15:26:09 - [MESSAGE][PASSED] - Text 'I want to test that number of characters in this sentence so that a maximum of 512 character can be known. I want to test that number of characters in this sentence so that a maximum of 512 character can be known. I want to test that number of characters in this sentence so that a maximum of 512 character can be known. I want to test that number of characters in this sentence so that a maximum of 512 character can be known. I want to test that number of characters in this sentence so that a maximum of 512...' is set on object 'Object Repository/AppleBusinessChat/itemTitle'&#xD;
&#xD;
2020-11-03 15:26:09 - [MESSAGE][PASSED] - platform.AppleBusinessChat.setListItemTitle is PASSED&#xD;
&#xD;
2020-11-03 15:26:09 - [TEST_STEP][PASSED] - verifyElementPresent(findTestObject("WEB_OBJECTS/alertMaxCharacter"), 20, CONTINUE_ON_FAILURE): Object 'Object Repository/WEB_OBJECTS/alertMaxCharacter' is present&#xD;
&#xD;
2020-11-03 15:26:11 - [MESSAGE][PASSED] - Object 'Object Repository/WEB_OBJECTS/alertMaxCharacter' is present&#xD;
&#xD;
2020-11-03 15:26:11 - [TEST_STEP][PASSED] - platform.AppleBusinessChat.setListItemTitle("1", "dummy list item title"): platform.AppleBusinessChat.setListItemTitle is PASSED&#xD;
&#xD;
2020-11-03 15:26:17 - [MESSAGE][PASSED] - Text 'dummy list item title' is set on object 'Object Repository/AppleBusinessChat/itemTitle'&#xD;
&#xD;
2020-11-03 15:26:17 - [MESSAGE][PASSED] - platform.AppleBusinessChat.setListItemTitle is PASSED&#xD;
&#xD;
2020-11-03 15:26:17 - [TEST_STEP][PASSED] - assert getText().contains("dummy list item title") == true: null&#xD;
&#xD;
2020-11-03 15:26:19 - [TEST_STEP][PASSED] - platform.AppleBusinessChat.setItemIdentifier("1", ""): platform.AppleBusinessChat.setItemIdentifier is PASSED&#xD;
&#xD;
2020-11-03 15:26:25 - [MESSAGE][PASSED] - Text '' is set on object 'Object Repository/AppleBusinessChat/listItemIdentifier'&#xD;
&#xD;
2020-11-03 15:26:25 - [MESSAGE][PASSED] - platform.AppleBusinessChat.setItemIdentifier is PASSED&#xD;
&#xD;
2020-11-03 15:26:25 - [TEST_STEP][PASSED] - platform.Method.removeFocus(findTestObject("AppleBusinessChat/listItemIdentifier", ["index":"1"])): platform.Method.removeFocus is PASSED&#xD;
&#xD;
2020-11-03 15:26:28 - [MESSAGE][PASSED] - platform.Method.removeFocus is PASSED&#xD;
&#xD;
2020-11-03 15:26:28 - [TEST_STEP][PASSED] - verifyElementPresent(findTestObject("WEB_OBJECTS/alertRequired"), 20, CONTINUE_ON_FAILURE): Object 'Object Repository/WEB_OBJECTS/alertRequired' is present&#xD;
&#xD;
2020-11-03 15:26:29 - [MESSAGE][PASSED] - Object 'Object Repository/WEB_OBJECTS/alertRequired' is present&#xD;
&#xD;
2020-11-03 15:26:29 - [TEST_STEP][PASSED] - platform.AppleBusinessChat.setItemIdentifier("1", " "): platform.AppleBusinessChat.setItemIdentifier is PASSED&#xD;
&#xD;
2020-11-03 15:26:35 - [MESSAGE][PASSED] - Text ' ' is set on object 'Object Repository/AppleBusinessChat/listItemIdentifier'&#xD;
&#xD;
2020-11-03 15:26:35 - [MESSAGE][PASSED] - platform.AppleBusinessChat.setItemIdentifier is PASSED&#xD;
&#xD;
2020-11-03 15:26:35 - [TEST_STEP][PASSED] - platform.Method.removeFocus(findTestObject("AppleBusinessChat/listItemIdentifier", ["index":"1"])): platform.Method.removeFocus is PASSED&#xD;
&#xD;
2020-11-03 15:26:37 - [MESSAGE][PASSED] - platform.Method.removeFocus is PASSED&#xD;
&#xD;
2020-11-03 15:26:37 - [TEST_STEP][PASSED] - verifyElementPresent(findTestObject("WEB_OBJECTS/alertInvalidData"), 20, CONTINUE_ON_FAILURE): Object 'Object Repository/WEB_OBJECTS/alertInvalidData' is present&#xD;
&#xD;
2020-11-03 15:26:38 - [MESSAGE][PASSED] - Object 'Object Repository/WEB_OBJECTS/alertInvalidData' is present&#xD;
&#xD;
2020-11-03 15:26:38 - [TEST_STEP][PASSED] - platform.AppleBusinessChat.setItemIdentifier("1", "dummy list item title"): platform.AppleBusinessChat.setItemIdentifier is PASSED&#xD;
&#xD;
2020-11-03 15:26:44 - [MESSAGE][PASSED] - Text 'dummy list item title' is set on object 'Object Repository/AppleBusinessChat/listItemIdentifier'&#xD;
&#xD;
2020-11-03 15:26:44 - [MESSAGE][PASSED] - platform.AppleBusinessChat.setItemIdentifier is PASSED</system-out>
            <system-err></system-err>
        </testcase>
        <system-out>2020-11-03 15:07:36 - [TEST_SUITE][INCOMPLETE] - FAQ_SSO: null</system-out>
        <system-err>2020-11-03 15:07:36 - [TEST_SUITE][INCOMPLETE] - FAQ_SSO: null</system-err>
    </testsuite>
</testsuites>
