<?xml version="1.0" encoding="UTF-8" standalone="yes"?>
<testsuites name="taskSuiteE2E" time="2650" tests="16" failures="0" errors="0">
    <testsuite name="taskSuiteE2E" tests="16" failures="0" errors="0" time="2650" timestamp="2020-06-30 09:08:06" hostname="narendra.n - WLPT580.imidomain.com" id="Test Suites/taskSuiteE2E">
        <properties>
            <property name="deviceName" value=""/>
            <property name="devicePlatform" value=""/>
            <property name="logFolder" value="D:\\IMIbot.ai-Project\\Reports\\20200630_090743\\taskSuiteE2E\\20200630_090744"/>
            <property name="logFiles" value="D:\\IMIbot.ai-Project\\Reports\\20200630_090743\\taskSuiteE2E\\20200630_090744\\execution0.log"/>
            <property name="attachments" value="D:\\IMIbot.ai-Project\\Reports\\20200630_090743\\taskSuiteE2E\\20200630_090744\\1593489538471.png"/>
            <property name="hostName" value="narendra.n - WLPT580.imidomain.com"/>
            <property name="os" value="Windows 8.1 64bit"/>
            <property name="katalonVersion" value="6.3.3.11"/>
            <property name="browser" value="Chrome 83.0.4103.116"/>
            <property name="hostAddress" value="192.168.1.4"/>
            <property name="sessionId" value="0432ffdf9d9f7029601560e5866de9bf"/>
            <property name="seleniumVersion" value="3.141.59"/>
            <property name="proxyInformation" value="ProxyInformation{proxyOption=NO_PROXY, proxyServerType=HTTP, password=, proxyServerAddress=, proxyServerPort=0}"/>
            <property name="platform" value="Windows 8.1"/>
        </properties>
        <testcase name="Test Cases/Taskbot/botCreation_Test" classname="Test Cases/Taskbot/botCreation_Test" status="PASSED">
            <system-out>2020-06-30 09:08:09 - [TEST_CASE][PASSED] - Test Cases/Taskbot/botCreation_Test: Test Cases/Taskbot/botCreation_Test&#xD;
&#xD;
2020-06-30 09:08:16 - [TEST_STEP][PASSED] - Start listener action : setUp: Current window maximized&#xD;
&#xD;
2020-06-30 09:08:16 - [TEST_STEP][PASSED] - openBrowser(URL): Browser is opened with url: 'imibot.ai'&#xD;
&#xD;
2020-06-30 09:08:19 - [MESSAGE][INFO] - Starting 'Chrome' driver&#xD;
&#xD;
2020-06-30 09:08:19 - [MESSAGE][INFO] - User set preference: ['args', '[--start-maximized]']&#xD;
&#xD;
2020-06-30 09:08:20 - [MESSAGE][INFO] - Action delay is set to 1 seconds&#xD;
&#xD;
2020-06-30 09:08:39 - [MESSAGE][PASSED] - Browser is opened with url: 'imibot.ai'&#xD;
&#xD;
2020-06-30 09:08:39 - [TEST_STEP][PASSED] - maximizeWindow(): Current window maximized&#xD;
&#xD;
2020-06-30 09:08:42 - [MESSAGE][PASSED] - Current window maximized&#xD;
&#xD;
2020-06-30 09:08:43 - [TEST_STEP][PASSED] - callTestCase(findTestCase("Generic/successfulLogin_Test"), [:], STOP_ON_FAILURE): Call Test Case 'Test Cases/Generic/successfulLogin_Test' successfully&#xD;
&#xD;
2020-06-30 09:08:43 - [TEST_CASE][PASSED] - Test Cases/Generic/successfulLogin_Test: Test Cases/Generic/successfulLogin_Test&#xD;
&#xD;
2020-06-30 09:08:44 - [TEST_STEP][PASSED] - sendKeys(findTestObject("Input/username"), username): Keys 'narendra.n@imimobile.com' sent to object: 'Object Repository/Input/username'&#xD;
&#xD;
2020-06-30 09:08:48 - [MESSAGE][PASSED] - Keys 'narendra.n@imimobile.com' sent to object: 'Object Repository/Input/username'&#xD;
&#xD;
2020-06-30 09:08:48 - [TEST_STEP][PASSED] - sendKeys(findTestObject("Input/password"), password): Keys 'Test@2020' sent to object: 'Object Repository/Input/password'&#xD;
&#xD;
2020-06-30 09:08:52 - [MESSAGE][PASSED] - Keys 'Test@2020' sent to object: 'Object Repository/Input/password'&#xD;
&#xD;
2020-06-30 09:08:52 - [TEST_STEP][PASSED] - click(findTestObject("Button/signIn")): Object: 'Object Repository/Button/signIn' is clicked on&#xD;
&#xD;
2020-06-30 09:08:56 - [MESSAGE][PASSED] - Object: 'Object Repository/Button/signIn' is clicked on&#xD;
&#xD;
2020-06-30 09:08:56 - [TEST_STEP][PASSED] - if (!(waitForElementPresent(findTestObject("Button/createBot"), 30, OPTIONAL))): Object 'Object Repository/Button/createBot' is present&#xD;
&#xD;
2020-06-30 09:09:15 - [MESSAGE][PASSED] - Object 'Object Repository/Button/createBot' is present&#xD;
&#xD;
2020-06-30 09:09:15 - [MESSAGE][PASSED] - Call Test Case 'Test Cases/Generic/successfulLogin_Test' successfully&#xD;
&#xD;
2020-06-30 09:09:15 - [TEST_STEP][PASSED] - platform.Method.clickOnElement(findTestObject("Generic/webObjectWithText", ["textValue":"Task bots"])): platform.Method.clickOnElement is PASSED&#xD;
&#xD;
2020-06-30 09:09:19 - [MESSAGE][PASSED] - platform.Method.clickOnElement is PASSED&#xD;
&#xD;
2020-06-30 09:09:19 - [TEST_STEP][PASSED] - platform.Method.clickOnElement(findTestObject("Button/createBot")): platform.Method.clickOnElement is PASSED&#xD;
&#xD;
2020-06-30 09:09:23 - [MESSAGE][PASSED] - platform.Method.clickOnElement is PASSED&#xD;
&#xD;
2020-06-30 09:09:23 - [TEST_STEP][PASSED] - sendKeys(findTestObject("Input/botName"), nameOfTheBot): Keys 'Qa_EnquiryBot 2020' sent to object: 'Object Repository/Input/botName'&#xD;
&#xD;
2020-06-30 09:09:26 - [MESSAGE][PASSED] - Keys 'Qa_EnquiryBot 2020' sent to object: 'Object Repository/Input/botName'&#xD;
&#xD;
2020-06-30 09:09:26 - [TEST_STEP][PASSED] - platform.Method.clickOnElement(findTestObject("Toggle/feedback")): platform.Method.clickOnElement is PASSED&#xD;
&#xD;
2020-06-30 09:09:29 - [MESSAGE][PASSED] - platform.Method.clickOnElement is PASSED&#xD;
&#xD;
2020-06-30 09:09:29 - [TEST_STEP][PASSED] - platform.Method.clickOnElement(findTestObject("Button/done")): platform.Method.clickOnElement is PASSED&#xD;
&#xD;
2020-06-30 09:09:32 - [MESSAGE][PASSED] - platform.Method.clickOnElement is PASSED&#xD;
&#xD;
2020-06-30 09:09:32 - [TEST_STEP][PASSED] - waitForElementVisible(findTestObject("Generic/modelState"), 60, OPTIONAL): Object 'Object Repository/Generic/modelState' is visible&#xD;
&#xD;
2020-06-30 09:09:42 - [MESSAGE][PASSED] - Object 'Object Repository/Generic/modelState' is visible&#xD;
&#xD;
2020-06-30 09:09:42 - [TEST_STEP][PASSED] - verifyElementText(findTestObject("Generic/modelState"), "Trained", STOP_ON_FAILURE): Actual text and expected text of test object 'Object Repository/Generic/modelState' are matched.&#xD;
&#xD;
2020-06-30 09:09:45 - [MESSAGE][PASSED] - Actual text and expected text of test object 'Object Repository/Generic/modelState' are matched.</system-out>
            <system-err></system-err>
        </testcase>
        <testcase name="Test Cases/Taskbot/botCardMenu_Test" classname="Test Cases/Taskbot/botCardMenu_Test" status="PASSED">
            <system-out>2020-06-30 09:09:45 - [TEST_CASE][PASSED] - Test Cases/Taskbot/botCardMenu_Test: Test Cases/Taskbot/botCardMenu_Test&#xD;
&#xD;
2020-06-30 09:09:45 - [TEST_STEP][PASSED] - Start listener action : setUp: Current window maximized&#xD;
&#xD;
2020-06-30 09:09:45 - [TEST_STEP][PASSED] - openBrowser(URL): Browser is opened with url: 'imibot.ai'&#xD;
&#xD;
2020-06-30 09:09:45 - [MESSAGE][WARNING] - A browser is already opened. Closing browser and opening a new one&#xD;
&#xD;
2020-06-30 09:09:50 - [MESSAGE][INFO] - Starting 'Chrome' driver&#xD;
&#xD;
2020-06-30 09:09:50 - [MESSAGE][INFO] - User set preference: ['args', '[--start-maximized]']&#xD;
&#xD;
2020-06-30 09:10:08 - [MESSAGE][PASSED] - Browser is opened with url: 'imibot.ai'&#xD;
&#xD;
2020-06-30 09:10:08 - [TEST_STEP][PASSED] - maximizeWindow(): Current window maximized&#xD;
&#xD;
2020-06-30 09:10:10 - [MESSAGE][PASSED] - Current window maximized&#xD;
&#xD;
2020-06-30 09:10:11 - [TEST_STEP][PASSED] - callTestCase(findTestCase("Generic/successfulLogin_Test"), [:], STOP_ON_FAILURE): Call Test Case 'Test Cases/Generic/successfulLogin_Test' successfully&#xD;
&#xD;
2020-06-30 09:10:11 - [TEST_CASE][PASSED] - Test Cases/Generic/successfulLogin_Test: Test Cases/Generic/successfulLogin_Test&#xD;
&#xD;
2020-06-30 09:10:11 - [TEST_STEP][PASSED] - sendKeys(findTestObject("Input/username"), username): Keys 'narendra.n@imimobile.com' sent to object: 'Object Repository/Input/username'&#xD;
&#xD;
2020-06-30 09:10:14 - [MESSAGE][PASSED] - Keys 'narendra.n@imimobile.com' sent to object: 'Object Repository/Input/username'&#xD;
&#xD;
2020-06-30 09:10:14 - [TEST_STEP][PASSED] - sendKeys(findTestObject("Input/password"), password): Keys 'Test@2020' sent to object: 'Object Repository/Input/password'&#xD;
&#xD;
2020-06-30 09:10:19 - [MESSAGE][PASSED] - Keys 'Test@2020' sent to object: 'Object Repository/Input/password'&#xD;
&#xD;
2020-06-30 09:10:19 - [TEST_STEP][PASSED] - click(findTestObject("Button/signIn")): Object: 'Object Repository/Button/signIn' is clicked on&#xD;
&#xD;
2020-06-30 09:10:24 - [MESSAGE][PASSED] - Object: 'Object Repository/Button/signIn' is clicked on&#xD;
&#xD;
2020-06-30 09:10:24 - [TEST_STEP][PASSED] - if (!(waitForElementPresent(findTestObject("Button/createBot"), 30, OPTIONAL))): Object 'Object Repository/Button/createBot' is present&#xD;
&#xD;
2020-06-30 09:10:41 - [MESSAGE][PASSED] - Object 'Object Repository/Button/createBot' is present&#xD;
&#xD;
2020-06-30 09:10:41 - [MESSAGE][PASSED] - Call Test Case 'Test Cases/Generic/successfulLogin_Test' successfully&#xD;
&#xD;
2020-06-30 09:10:41 - [TEST_STEP][PASSED] - botCardOptions = platform.Method.verifyBotCardMenu("Task bots", TASK_BOT): platform.Method.verifyBotCardMenu is PASSED&#xD;
&#xD;
2020-06-30 09:10:48 - [MESSAGE][PASSED] - Object 'Object Repository/Button/botCardPreview' is present&#xD;
&#xD;
2020-06-30 09:10:51 - [MESSAGE][PASSED] - Object: 'Object Repository/Button/botCardMenu' is hovered&#xD;
&#xD;
2020-06-30 09:10:59 - [MESSAGE][PASSED] - platform.Method.verifyBotCardMenu is PASSED&#xD;
&#xD;
2020-06-30 09:10:59 - [TEST_STEP][PASSED] - verifyElementPresent(findTestObject("Generic/webObjectWithText", ["textValue":"Copy Preview Link"]), 5, STOP_ON_FAILURE): Object 'Object Repository/Generic/webObjectWithText' is present&#xD;
&#xD;
2020-06-30 09:11:00 - [MESSAGE][PASSED] - Object 'Object Repository/Generic/webObjectWithText' is present&#xD;
&#xD;
2020-06-30 09:11:00 - [TEST_STEP][PASSED] - assert botCardOptions.containsAll(BOT_CARD_OPTION) == true: null&#xD;
&#xD;
2020-06-30 09:11:01 - [TEST_STEP][PASSED] - platform.Method.clickOnElement(findTestObject("Generic/webObjectWithText", ["textValue":TASK_BOT])): platform.Method.clickOnElement is PASSED&#xD;
&#xD;
2020-06-30 09:11:03 - [MESSAGE][PASSED] - platform.Method.clickOnElement is PASSED&#xD;
&#xD;
2020-06-30 09:11:03 - [TEST_STEP][PASSED] - waitForElementPresent(findTestObject("Generic/webObjectWithText", ["textValue":"Bot configuration"]), 10, STOP_ON_FAILURE): Object 'Object Repository/Generic/webObjectWithText' is present&#xD;
&#xD;
2020-06-30 09:11:09 - [MESSAGE][PASSED] - Object 'Object Repository/Generic/webObjectWithText' is present&#xD;
&#xD;
2020-06-30 09:11:09 - [TEST_STEP][PASSED] - platform.Method.clickOnElement(findTestObject("Generic/nlp")): platform.Method.clickOnElement is PASSED&#xD;
&#xD;
2020-06-30 09:11:12 - [MESSAGE][PASSED] - platform.Method.clickOnElement is PASSED&#xD;
&#xD;
2020-06-30 09:11:12 - [TEST_STEP][PASSED] - waitForElementPresent(findTestObject("Generic/webObjectWithText", ["textValue":"Input recognition"]), 10, STOP_ON_FAILURE): Object 'Object Repository/Generic/webObjectWithText' is present&#xD;
&#xD;
2020-06-30 09:11:13 - [MESSAGE][PASSED] - Object 'Object Repository/Generic/webObjectWithText' is present&#xD;
&#xD;
2020-06-30 09:11:13 - [TEST_STEP][PASSED] - platform.Method.clickOnElement(findTestObject("Generic/training")): platform.Method.clickOnElement is PASSED&#xD;
&#xD;
2020-06-30 09:11:16 - [MESSAGE][PASSED] - platform.Method.clickOnElement is PASSED&#xD;
&#xD;
2020-06-30 09:11:16 - [TEST_STEP][PASSED] - waitForElementPresent(findTestObject("Generic/webObjectWithText", ["textValue":"Training data"]), 10, STOP_ON_FAILURE): Object 'Object Repository/Generic/webObjectWithText' is present&#xD;
&#xD;
2020-06-30 09:11:18 - [MESSAGE][PASSED] - Object 'Object Repository/Generic/webObjectWithText' is present&#xD;
&#xD;
2020-06-30 09:11:18 - [TEST_STEP][PASSED] - platform.Method.clickOnElement(findTestObject("Generic/response")): platform.Method.clickOnElement is PASSED&#xD;
&#xD;
2020-06-30 09:11:20 - [MESSAGE][PASSED] - platform.Method.clickOnElement is PASSED&#xD;
&#xD;
2020-06-30 09:11:20 - [TEST_STEP][PASSED] - waitForElementPresent(findTestObject("Generic/webObjectWithText", ["textValue":"Responses"]), 10, STOP_ON_FAILURE): Object 'Object Repository/Generic/webObjectWithText' is present&#xD;
&#xD;
2020-06-30 09:11:23 - [MESSAGE][PASSED] - Object 'Object Repository/Generic/webObjectWithText' is present&#xD;
&#xD;
2020-06-30 09:11:23 - [TEST_STEP][PASSED] - platform.Method.clickOnElement(findTestObject("Generic/curation")): platform.Method.clickOnElement is PASSED&#xD;
&#xD;
2020-06-30 09:11:27 - [MESSAGE][PASSED] - platform.Method.clickOnElement is PASSED&#xD;
&#xD;
2020-06-30 09:11:27 - [TEST_STEP][PASSED] - waitForElementPresent(findTestObject("Generic/webObjectWithText", ["textValue":"Unresolved issues"]), 10, STOP_ON_FAILURE): Object 'Object Repository/Generic/webObjectWithText' is present&#xD;
&#xD;
2020-06-30 09:11:28 - [MESSAGE][PASSED] - Object 'Object Repository/Generic/webObjectWithText' is present&#xD;
&#xD;
2020-06-30 09:11:28 - [TEST_STEP][PASSED] - platform.Method.clickOnElement(findTestObject("Generic/session")): platform.Method.clickOnElement is PASSED&#xD;
&#xD;
2020-06-30 09:11:31 - [MESSAGE][PASSED] - platform.Method.clickOnElement is PASSED&#xD;
&#xD;
2020-06-30 09:11:31 - [TEST_STEP][PASSED] - waitForElementPresent(findTestObject("Generic/webObjectWithText", ["textValue":"Conversations"]), 10, STOP_ON_FAILURE): Object 'Object Repository/Generic/webObjectWithText' is present&#xD;
&#xD;
2020-06-30 09:11:32 - [MESSAGE][PASSED] - Object 'Object Repository/Generic/webObjectWithText' is present&#xD;
&#xD;
2020-06-30 09:11:32 - [TEST_STEP][PASSED] - platform.Method.clickOnElement(findTestObject("Generic/webObjectWithText", ["textValue":"History"])): platform.Method.clickOnElement is PASSED&#xD;
&#xD;
2020-06-30 09:11:35 - [MESSAGE][PASSED] - platform.Method.clickOnElement is PASSED&#xD;
&#xD;
2020-06-30 09:11:35 - [TEST_STEP][PASSED] - waitForElementPresent(findTestObject("Generic/webObjectWithText", ["textValue":"History"]), 10, STOP_ON_FAILURE): Object 'Object Repository/Generic/webObjectWithText' is present&#xD;
&#xD;
2020-06-30 09:11:37 - [MESSAGE][PASSED] - Object 'Object Repository/Generic/webObjectWithText' is present</system-out>
            <system-err></system-err>
        </testcase>
        <testcase name="Test Cases/Taskbot/sideNavigation_Test" classname="Test Cases/Taskbot/sideNavigation_Test" status="PASSED">
            <system-out>2020-06-30 09:11:37 - [TEST_CASE][PASSED] - Test Cases/Taskbot/sideNavigation_Test: Test Cases/Taskbot/sideNavigation_Test&#xD;
&#xD;
2020-06-30 09:11:37 - [TEST_STEP][PASSED] - Start listener action : setUp: Current window maximized&#xD;
&#xD;
2020-06-30 09:11:37 - [TEST_STEP][PASSED] - openBrowser(URL): Browser is opened with url: 'imibot.ai'&#xD;
&#xD;
2020-06-30 09:11:37 - [MESSAGE][WARNING] - A browser is already opened. Closing browser and opening a new one&#xD;
&#xD;
2020-06-30 09:11:45 - [MESSAGE][INFO] - Starting 'Chrome' driver&#xD;
&#xD;
2020-06-30 09:11:45 - [MESSAGE][INFO] - User set preference: ['args', '[--start-maximized]']&#xD;
&#xD;
2020-06-30 09:12:02 - [MESSAGE][PASSED] - Browser is opened with url: 'imibot.ai'&#xD;
&#xD;
2020-06-30 09:12:02 - [TEST_STEP][PASSED] - maximizeWindow(): Current window maximized&#xD;
&#xD;
2020-06-30 09:12:05 - [MESSAGE][PASSED] - Current window maximized&#xD;
&#xD;
2020-06-30 09:12:07 - [TEST_STEP][PASSED] - callTestCase(findTestCase("Generic/successfulLogin_Test"), [:], STOP_ON_FAILURE): Call Test Case 'Test Cases/Generic/successfulLogin_Test' successfully&#xD;
&#xD;
2020-06-30 09:12:07 - [TEST_CASE][PASSED] - Test Cases/Generic/successfulLogin_Test: Test Cases/Generic/successfulLogin_Test&#xD;
&#xD;
2020-06-30 09:12:07 - [TEST_STEP][PASSED] - sendKeys(findTestObject("Input/username"), username): Keys 'narendra.n@imimobile.com' sent to object: 'Object Repository/Input/username'&#xD;
&#xD;
2020-06-30 09:12:09 - [MESSAGE][PASSED] - Keys 'narendra.n@imimobile.com' sent to object: 'Object Repository/Input/username'&#xD;
&#xD;
2020-06-30 09:12:09 - [TEST_STEP][PASSED] - sendKeys(findTestObject("Input/password"), password): Keys 'Test@2020' sent to object: 'Object Repository/Input/password'&#xD;
&#xD;
2020-06-30 09:12:13 - [MESSAGE][PASSED] - Keys 'Test@2020' sent to object: 'Object Repository/Input/password'&#xD;
&#xD;
2020-06-30 09:12:13 - [TEST_STEP][PASSED] - click(findTestObject("Button/signIn")): Object: 'Object Repository/Button/signIn' is clicked on&#xD;
&#xD;
2020-06-30 09:12:15 - [MESSAGE][PASSED] - Object: 'Object Repository/Button/signIn' is clicked on&#xD;
&#xD;
2020-06-30 09:12:15 - [TEST_STEP][PASSED] - if (!(waitForElementPresent(findTestObject("Button/createBot"), 30, OPTIONAL))): Object 'Object Repository/Button/createBot' is present&#xD;
&#xD;
2020-06-30 09:12:32 - [MESSAGE][PASSED] - Object 'Object Repository/Button/createBot' is present&#xD;
&#xD;
2020-06-30 09:12:32 - [MESSAGE][PASSED] - Call Test Case 'Test Cases/Generic/successfulLogin_Test' successfully&#xD;
&#xD;
2020-06-30 09:12:32 - [TEST_STEP][PASSED] - platform.Method.navigateToBot("Task bots", TASK_BOT): platform.Method.navigateToBot is PASSED&#xD;
&#xD;
2020-06-30 09:12:34 - [MESSAGE][PASSED] - Object 'Object Repository/Button/createBot' is present&#xD;
&#xD;
2020-06-30 09:12:37 - [MESSAGE][INFO] - Performing click action on bot&#xD;
&#xD;
2020-06-30 09:12:40 - [MESSAGE][PASSED] - platform.Method.navigateToBot is PASSED&#xD;
&#xD;
2020-06-30 09:12:40 - [TEST_STEP][PASSED] - waitForElementPresent(findTestObject("Generic/webObjectWithText", ["textValue":"Bot configuration"]), 10, STOP_ON_FAILURE): Object 'Object Repository/Generic/webObjectWithText' is present&#xD;
&#xD;
2020-06-30 09:12:45 - [MESSAGE][PASSED] - Object 'Object Repository/Generic/webObjectWithText' is present&#xD;
&#xD;
2020-06-30 09:12:45 - [TEST_STEP][PASSED] - platform.Method.clickOnElement(findTestObject("Generic/nlp")): platform.Method.clickOnElement is PASSED&#xD;
&#xD;
2020-06-30 09:12:50 - [MESSAGE][PASSED] - platform.Method.clickOnElement is PASSED&#xD;
&#xD;
2020-06-30 09:12:50 - [TEST_STEP][PASSED] - waitForElementPresent(findTestObject("Generic/webObjectWithText", ["textValue":"Input recognition"]), 10, STOP_ON_FAILURE): Object 'Object Repository/Generic/webObjectWithText' is present&#xD;
&#xD;
2020-06-30 09:12:52 - [MESSAGE][PASSED] - Object 'Object Repository/Generic/webObjectWithText' is present&#xD;
&#xD;
2020-06-30 09:12:52 - [TEST_STEP][PASSED] - platform.Method.clickOnElement(findTestObject("Generic/training")): platform.Method.clickOnElement is PASSED&#xD;
&#xD;
2020-06-30 09:12:55 - [MESSAGE][PASSED] - platform.Method.clickOnElement is PASSED&#xD;
&#xD;
2020-06-30 09:12:55 - [TEST_STEP][PASSED] - waitForElementPresent(findTestObject("Generic/webObjectWithText", ["textValue":"Training data"]), 10, STOP_ON_FAILURE): Object 'Object Repository/Generic/webObjectWithText' is present&#xD;
&#xD;
2020-06-30 09:12:57 - [MESSAGE][PASSED] - Object 'Object Repository/Generic/webObjectWithText' is present&#xD;
&#xD;
2020-06-30 09:12:57 - [TEST_STEP][PASSED] - platform.Method.clickOnElement(findTestObject("Generic/response")): platform.Method.clickOnElement is PASSED&#xD;
&#xD;
2020-06-30 09:13:00 - [MESSAGE][PASSED] - platform.Method.clickOnElement is PASSED&#xD;
&#xD;
2020-06-30 09:13:00 - [TEST_STEP][PASSED] - waitForElementPresent(findTestObject("Generic/webObjectWithText", ["textValue":"Responses"]), 10, STOP_ON_FAILURE): Object 'Object Repository/Generic/webObjectWithText' is present&#xD;
&#xD;
2020-06-30 09:13:01 - [MESSAGE][PASSED] - Object 'Object Repository/Generic/webObjectWithText' is present&#xD;
&#xD;
2020-06-30 09:13:01 - [TEST_STEP][PASSED] - platform.Method.clickOnElement(findTestObject("Generic/curation")): platform.Method.clickOnElement is PASSED&#xD;
&#xD;
2020-06-30 09:13:05 - [MESSAGE][PASSED] - platform.Method.clickOnElement is PASSED&#xD;
&#xD;
2020-06-30 09:13:05 - [TEST_STEP][PASSED] - waitForElementPresent(findTestObject("Generic/webObjectWithText", ["textValue":"Unresolved issues"]), 10, STOP_ON_FAILURE): Object 'Object Repository/Generic/webObjectWithText' is present&#xD;
&#xD;
2020-06-30 09:13:06 - [MESSAGE][PASSED] - Object 'Object Repository/Generic/webObjectWithText' is present&#xD;
&#xD;
2020-06-30 09:13:06 - [TEST_STEP][PASSED] - platform.Method.clickOnElement(findTestObject("Generic/session")): platform.Method.clickOnElement is PASSED&#xD;
&#xD;
2020-06-30 09:13:09 - [MESSAGE][PASSED] - platform.Method.clickOnElement is PASSED&#xD;
&#xD;
2020-06-30 09:13:09 - [TEST_STEP][PASSED] - waitForElementPresent(findTestObject("Generic/webObjectWithText", ["textValue":"Conversations"]), 10, STOP_ON_FAILURE): Object 'Object Repository/Generic/webObjectWithText' is present&#xD;
&#xD;
2020-06-30 09:13:10 - [MESSAGE][PASSED] - Object 'Object Repository/Generic/webObjectWithText' is present&#xD;
&#xD;
2020-06-30 09:13:10 - [TEST_STEP][PASSED] - platform.Method.clickOnElement(findTestObject("Generic/webObjectWithText", ["textValue":"History"])): platform.Method.clickOnElement is PASSED&#xD;
&#xD;
2020-06-30 09:13:13 - [MESSAGE][PASSED] - platform.Method.clickOnElement is PASSED&#xD;
&#xD;
2020-06-30 09:13:13 - [TEST_STEP][PASSED] - waitForElementPresent(findTestObject("Generic/webObjectWithText", ["textValue":"History"]), 10, STOP_ON_FAILURE): Object 'Object Repository/Generic/webObjectWithText' is present&#xD;
&#xD;
2020-06-30 09:13:15 - [MESSAGE][PASSED] - Object 'Object Repository/Generic/webObjectWithText' is present</system-out>
            <system-err></system-err>
        </testcase>
        <testcase name="Test Cases/Taskbot/createRichDynamicResponse_Test" classname="Test Cases/Taskbot/createRichDynamicResponse_Test" status="PASSED">
            <system-out>2020-06-30 09:13:15 - [TEST_CASE][PASSED] - Test Cases/Taskbot/createRichDynamicResponse_Test: Test Cases/Taskbot/createRichDynamicResponse_Test&#xD;
&#xD;
2020-06-30 09:13:15 - [TEST_STEP][PASSED] - Start listener action : setUp: Current window maximized&#xD;
&#xD;
2020-06-30 09:13:15 - [TEST_STEP][PASSED] - openBrowser(URL): Browser is opened with url: 'imibot.ai'&#xD;
&#xD;
2020-06-30 09:13:16 - [MESSAGE][WARNING] - A browser is already opened. Closing browser and opening a new one&#xD;
&#xD;
2020-06-30 09:13:34 - [MESSAGE][INFO] - Starting 'Chrome' driver&#xD;
&#xD;
2020-06-30 09:13:34 - [MESSAGE][INFO] - User set preference: ['args', '[--start-maximized]']&#xD;
&#xD;
2020-06-30 09:13:50 - [MESSAGE][PASSED] - Browser is opened with url: 'imibot.ai'&#xD;
&#xD;
2020-06-30 09:13:50 - [TEST_STEP][PASSED] - maximizeWindow(): Current window maximized&#xD;
&#xD;
2020-06-30 09:13:53 - [MESSAGE][PASSED] - Current window maximized&#xD;
&#xD;
2020-06-30 09:13:54 - [TEST_STEP][PASSED] - callTestCase(findTestCase("Generic/successfulLogin_Test"), [:], STOP_ON_FAILURE): Call Test Case 'Test Cases/Generic/successfulLogin_Test' successfully&#xD;
&#xD;
2020-06-30 09:13:54 - [TEST_CASE][PASSED] - Test Cases/Generic/successfulLogin_Test: Test Cases/Generic/successfulLogin_Test&#xD;
&#xD;
2020-06-30 09:13:54 - [TEST_STEP][PASSED] - sendKeys(findTestObject("Input/username"), username): Keys 'narendra.n@imimobile.com' sent to object: 'Object Repository/Input/username'&#xD;
&#xD;
2020-06-30 09:13:59 - [MESSAGE][PASSED] - Keys 'narendra.n@imimobile.com' sent to object: 'Object Repository/Input/username'&#xD;
&#xD;
2020-06-30 09:13:59 - [TEST_STEP][PASSED] - sendKeys(findTestObject("Input/password"), password): Keys 'Test@2020' sent to object: 'Object Repository/Input/password'&#xD;
&#xD;
2020-06-30 09:14:01 - [MESSAGE][PASSED] - Keys 'Test@2020' sent to object: 'Object Repository/Input/password'&#xD;
&#xD;
2020-06-30 09:14:01 - [TEST_STEP][PASSED] - click(findTestObject("Button/signIn")): Object: 'Object Repository/Button/signIn' is clicked on&#xD;
&#xD;
2020-06-30 09:14:04 - [MESSAGE][PASSED] - Object: 'Object Repository/Button/signIn' is clicked on&#xD;
&#xD;
2020-06-30 09:14:04 - [TEST_STEP][PASSED] - if (!(waitForElementPresent(findTestObject("Button/createBot"), 30, OPTIONAL))): Object 'Object Repository/Button/createBot' is present&#xD;
&#xD;
2020-06-30 09:14:20 - [MESSAGE][PASSED] - Object 'Object Repository/Button/createBot' is present&#xD;
&#xD;
2020-06-30 09:14:20 - [MESSAGE][PASSED] - Call Test Case 'Test Cases/Generic/successfulLogin_Test' successfully&#xD;
&#xD;
2020-06-30 09:14:20 - [TEST_STEP][PASSED] - platform.Method.navigateToBot("Task bots", TASK_BOT): platform.Method.navigateToBot is PASSED&#xD;
&#xD;
2020-06-30 09:14:21 - [MESSAGE][PASSED] - Object 'Object Repository/Button/createBot' is present&#xD;
&#xD;
2020-06-30 09:14:25 - [MESSAGE][INFO] - Performing click action on bot&#xD;
&#xD;
2020-06-30 09:14:27 - [MESSAGE][PASSED] - platform.Method.navigateToBot is PASSED&#xD;
&#xD;
2020-06-30 09:14:27 - [TEST_STEP][PASSED] - platform.Method.clickOnElement(findTestObject("Generic/response")): platform.Method.clickOnElement is PASSED&#xD;
&#xD;
2020-06-30 09:14:32 - [MESSAGE][PASSED] - platform.Method.clickOnElement is PASSED&#xD;
&#xD;
2020-06-30 09:14:32 - [TEST_STEP][PASSED] - testData = findTestData("Data Files/testData_Task"): null&#xD;
&#xD;
2020-06-30 09:14:36 - [TEST_STEP][PASSED] - platform.Response.createRichResponse(testData.getValue("rich_template", 1), testData.getValue("rich_template_value", 1)): platform.Response.createRichResponse is PASSED&#xD;
&#xD;
2020-06-30 09:14:40 - [MESSAGE][PASSED] - Object: 'Object Repository/NewRepo2/addNewResponse' is clicked on&#xD;
&#xD;
2020-06-30 09:14:44 - [MESSAGE][PASSED] - Text 'incorrect_order' is set on object 'Object Repository/NewRepo2/templateKeyName'&#xD;
&#xD;
2020-06-30 09:14:47 - [MESSAGE][PASSED] - Object: 'Object Repository/Button/create' is clicked on&#xD;
&#xD;
2020-06-30 09:14:49 - [MESSAGE][PASSED] - Delayed 2 second(s)&#xD;
&#xD;
2020-06-30 09:15:00 - [MESSAGE][PASSED] - Keys 'You have requested with an incorrect order number. Please request a correct order number' sent to object: 'Object Repository/Input/textResponse'&#xD;
&#xD;
2020-06-30 09:15:03 - [MESSAGE][PASSED] - Object: 'Object Repository/NewRepo/refresh' is clicked on&#xD;
&#xD;
2020-06-30 09:15:03 - [MESSAGE][PASSED] - platform.Response.createRichResponse is PASSED&#xD;
&#xD;
2020-06-30 09:15:03 - [TEST_STEP][PASSED] - platform.Response.createRichResponse(testData.getValue("rich_template", 2), testData.getValue("rich_template_value", 2)): platform.Response.createRichResponse is PASSED&#xD;
&#xD;
2020-06-30 09:15:05 - [MESSAGE][PASSED] - Object: 'Object Repository/NewRepo2/addNewResponse' is clicked on&#xD;
&#xD;
2020-06-30 09:15:11 - [MESSAGE][PASSED] - Text 'product_not_found' is set on object 'Object Repository/NewRepo2/templateKeyName'&#xD;
&#xD;
2020-06-30 09:15:14 - [MESSAGE][PASSED] - Object: 'Object Repository/Button/create' is clicked on&#xD;
&#xD;
2020-06-30 09:15:16 - [MESSAGE][PASSED] - Delayed 2 second(s)&#xD;
&#xD;
2020-06-30 09:15:22 - [MESSAGE][PASSED] - Keys 'Oops!! Sorry, Requested product is not available' sent to object: 'Object Repository/Input/textResponse'&#xD;
&#xD;
2020-06-30 09:15:26 - [MESSAGE][PASSED] - Object: 'Object Repository/NewRepo/refresh' is clicked on&#xD;
&#xD;
2020-06-30 09:15:26 - [MESSAGE][PASSED] - platform.Response.createRichResponse is PASSED&#xD;
&#xD;
2020-06-30 09:15:26 - [TEST_STEP][PASSED] - platform.Response.createRichResponse(testData.getValue("rich_template", 3), testData.getValue("rich_template_value", 3)): platform.Response.createRichResponse is PASSED&#xD;
&#xD;
2020-06-30 09:15:29 - [MESSAGE][PASSED] - Object: 'Object Repository/NewRepo2/addNewResponse' is clicked on&#xD;
&#xD;
2020-06-30 09:15:38 - [MESSAGE][PASSED] - Text 'success_message' is set on object 'Object Repository/NewRepo2/templateKeyName'&#xD;
&#xD;
2020-06-30 09:15:41 - [MESSAGE][PASSED] - Object: 'Object Repository/Button/create' is clicked on&#xD;
&#xD;
2020-06-30 09:15:43 - [MESSAGE][PASSED] - Delayed 2 second(s)&#xD;
&#xD;
2020-06-30 09:15:48 - [MESSAGE][PASSED] - Keys 'Your Query is successfully Answered' sent to object: 'Object Repository/Input/textResponse'&#xD;
&#xD;
2020-06-30 09:15:51 - [MESSAGE][PASSED] - Object: 'Object Repository/NewRepo/refresh' is clicked on&#xD;
&#xD;
2020-06-30 09:15:51 - [MESSAGE][PASSED] - platform.Response.createRichResponse is PASSED&#xD;
&#xD;
2020-06-30 09:15:51 - [TEST_STEP][PASSED] - platform.Response.createDynamicResponse(testData.getValue("dynamic_template", 1), testData.getValue("dynamic_template_file", 1)): platform.Response.createDynamicResponse is PASSED&#xD;
&#xD;
2020-06-30 09:15:54 - [MESSAGE][PASSED] - Object: 'Object Repository/NewRepo2/addNewResponse' is clicked on&#xD;
&#xD;
2020-06-30 09:15:59 - [MESSAGE][PASSED] - Text 'delivery_template' is set on object 'Object Repository/NewRepo2/templateKeyName'&#xD;
&#xD;
2020-06-30 09:16:02 - [MESSAGE][PASSED] - Object: 'Object Repository/Button/create' is clicked on&#xD;
&#xD;
2020-06-30 09:16:04 - [MESSAGE][PASSED] - Delayed 2 second(s)&#xD;
&#xD;
2020-06-30 09:16:07 - [MESSAGE][PASSED] - Object: 'Object Repository/Generic/webObjectWithText' is clicked on&#xD;
&#xD;
2020-06-30 09:16:11 - [MESSAGE][PASSED] - Object: 'Object Repository/NewRepo2/dynamic' is clicked on&#xD;
&#xD;
2020-06-30 09:16:14 - [MESSAGE][PASSED] - File 'D:/IMIbot.ai-Project/Collection/delivery_template.py' sent to object: 'Object Repository/Input/uploadFile'&#xD;
&#xD;
2020-06-30 09:16:16 - [MESSAGE][PASSED] - Object: 'Object Repository/NewRepo/refresh' is clicked on&#xD;
&#xD;
2020-06-30 09:16:16 - [MESSAGE][PASSED] - platform.Response.createDynamicResponse is PASSED&#xD;
&#xD;
2020-06-30 09:16:16 - [TEST_STEP][PASSED] - waitForElementPresent(findTestObject("Generic/webObjectWithText", ["textValue":"Welcome message "]), 20, OPTIONAL): Object 'Object Repository/Generic/webObjectWithText' is present&#xD;
&#xD;
2020-06-30 09:16:17 - [MESSAGE][PASSED] - Object 'Object Repository/Generic/webObjectWithText' is present&#xD;
&#xD;
2020-06-30 09:16:17 - [TEST_STEP][PASSED] - platform.Method.clickOnElement(findTestObject("Generic/webObjectWithText", ["textValue":"Welcome message "])): platform.Method.clickOnElement is PASSED&#xD;
&#xD;
2020-06-30 09:16:21 - [MESSAGE][PASSED] - platform.Method.clickOnElement is PASSED&#xD;
&#xD;
2020-06-30 09:16:21 - [TEST_STEP][PASSED] - platform.Response.createDynamicResponse(testData.getValue("dynamic_template", 2), testData.getValue("dynamic_template_file", 2)): platform.Response.createDynamicResponse is PASSED&#xD;
&#xD;
2020-06-30 09:16:23 - [MESSAGE][PASSED] - Object: 'Object Repository/NewRepo2/addNewResponse' is clicked on&#xD;
&#xD;
2020-06-30 09:16:28 - [MESSAGE][PASSED] - Text 'order_status_template' is set on object 'Object Repository/NewRepo2/templateKeyName'&#xD;
&#xD;
2020-06-30 09:16:30 - [MESSAGE][PASSED] - Object: 'Object Repository/Button/create' is clicked on&#xD;
&#xD;
2020-06-30 09:16:32 - [MESSAGE][PASSED] - Delayed 2 second(s)&#xD;
&#xD;
2020-06-30 09:16:36 - [MESSAGE][PASSED] - Object: 'Object Repository/Generic/webObjectWithText' is clicked on&#xD;
&#xD;
2020-06-30 09:16:40 - [MESSAGE][PASSED] - Object: 'Object Repository/NewRepo2/dynamic' is clicked on&#xD;
&#xD;
2020-06-30 09:16:43 - [MESSAGE][PASSED] - File 'D:/IMIbot.ai-Project/Collection/order_status_template.py' sent to object: 'Object Repository/Input/uploadFile'&#xD;
&#xD;
2020-06-30 09:16:45 - [MESSAGE][PASSED] - Object: 'Object Repository/NewRepo/refresh' is clicked on&#xD;
&#xD;
2020-06-30 09:16:45 - [MESSAGE][PASSED] - platform.Response.createDynamicResponse is PASSED</system-out>
            <system-err></system-err>
        </testcase>
        <testcase name="Test Cases/Taskbot/entitiesCreationAndUpdate_Test" classname="Test Cases/Taskbot/entitiesCreationAndUpdate_Test" status="PASSED">
            <system-out>2020-06-30 09:16:45 - [TEST_CASE][PASSED] - Test Cases/Taskbot/entitiesCreationAndUpdate_Test: Test Cases/Taskbot/entitiesCreationAndUpdate_Test&#xD;
&#xD;
2020-06-30 09:16:46 - [TEST_STEP][PASSED] - Start listener action : setUp: Current window maximized&#xD;
&#xD;
2020-06-30 09:16:46 - [TEST_STEP][PASSED] - openBrowser(URL): Browser is opened with url: 'imibot.ai'&#xD;
&#xD;
2020-06-30 09:16:46 - [MESSAGE][WARNING] - A browser is already opened. Closing browser and opening a new one&#xD;
&#xD;
2020-06-30 09:17:03 - [MESSAGE][INFO] - Starting 'Chrome' driver&#xD;
&#xD;
2020-06-30 09:17:03 - [MESSAGE][INFO] - User set preference: ['args', '[--start-maximized]']&#xD;
&#xD;
2020-06-30 09:17:19 - [MESSAGE][PASSED] - Browser is opened with url: 'imibot.ai'&#xD;
&#xD;
2020-06-30 09:17:19 - [TEST_STEP][PASSED] - maximizeWindow(): Current window maximized&#xD;
&#xD;
2020-06-30 09:17:21 - [MESSAGE][PASSED] - Current window maximized&#xD;
&#xD;
2020-06-30 09:17:22 - [TEST_STEP][PASSED] - callTestCase(findTestCase("Generic/successfulLogin_Test"), [:], STOP_ON_FAILURE): Call Test Case 'Test Cases/Generic/successfulLogin_Test' successfully&#xD;
&#xD;
2020-06-30 09:17:22 - [TEST_CASE][PASSED] - Test Cases/Generic/successfulLogin_Test: Test Cases/Generic/successfulLogin_Test&#xD;
&#xD;
2020-06-30 09:17:22 - [TEST_STEP][PASSED] - sendKeys(findTestObject("Input/username"), username): Keys 'narendra.n@imimobile.com' sent to object: 'Object Repository/Input/username'&#xD;
&#xD;
2020-06-30 09:17:25 - [MESSAGE][PASSED] - Keys 'narendra.n@imimobile.com' sent to object: 'Object Repository/Input/username'&#xD;
&#xD;
2020-06-30 09:17:25 - [TEST_STEP][PASSED] - sendKeys(findTestObject("Input/password"), password): Keys 'Test@2020' sent to object: 'Object Repository/Input/password'&#xD;
&#xD;
2020-06-30 09:17:29 - [MESSAGE][PASSED] - Keys 'Test@2020' sent to object: 'Object Repository/Input/password'&#xD;
&#xD;
2020-06-30 09:17:29 - [TEST_STEP][PASSED] - click(findTestObject("Button/signIn")): Object: 'Object Repository/Button/signIn' is clicked on&#xD;
&#xD;
2020-06-30 09:17:31 - [MESSAGE][PASSED] - Object: 'Object Repository/Button/signIn' is clicked on&#xD;
&#xD;
2020-06-30 09:17:31 - [TEST_STEP][PASSED] - if (!(waitForElementPresent(findTestObject("Button/createBot"), 30, OPTIONAL))): Object 'Object Repository/Button/createBot' is present&#xD;
&#xD;
2020-06-30 09:17:45 - [MESSAGE][PASSED] - Object 'Object Repository/Button/createBot' is present&#xD;
&#xD;
2020-06-30 09:17:45 - [MESSAGE][PASSED] - Call Test Case 'Test Cases/Generic/successfulLogin_Test' successfully&#xD;
&#xD;
2020-06-30 09:17:45 - [TEST_STEP][PASSED] - platform.Method.navigateToBot("Task bots", TASK_BOT): platform.Method.navigateToBot is PASSED&#xD;
&#xD;
2020-06-30 09:17:46 - [MESSAGE][PASSED] - Object 'Object Repository/Button/createBot' is present&#xD;
&#xD;
2020-06-30 09:17:49 - [MESSAGE][INFO] - Performing click action on bot&#xD;
&#xD;
2020-06-30 09:17:52 - [MESSAGE][PASSED] - platform.Method.navigateToBot is PASSED&#xD;
&#xD;
2020-06-30 09:17:52 - [TEST_STEP][PASSED] - platform.Method.toClickOnWebElement(findTestObject("Generic/training")): platform.Method.toClickOnWebElement is PASSED&#xD;
&#xD;
2020-06-30 09:17:58 - [MESSAGE][PASSED] - Object: 'Object Repository/Generic/training' is clicked on&#xD;
&#xD;
2020-06-30 09:17:58 - [MESSAGE][PASSED] - platform.Method.toClickOnWebElement is PASSED&#xD;
&#xD;
2020-06-30 09:17:58 - [TEST_STEP][PASSED] - platform.Method.toClickOnWebElement(findTestObject("Generic/webObjectWithText", ["textValue":"Entities"])): platform.Method.toClickOnWebElement is PASSED&#xD;
&#xD;
2020-06-30 09:18:01 - [MESSAGE][PASSED] - Object: 'Object Repository/Generic/webObjectWithText' is clicked on&#xD;
&#xD;
2020-06-30 09:18:01 - [MESSAGE][PASSED] - platform.Method.toClickOnWebElement is PASSED&#xD;
&#xD;
2020-06-30 09:18:01 - [TEST_STEP][PASSED] - testData = findTestData("Data Files/testData_Task"): null&#xD;
&#xD;
2020-06-30 09:18:02 - [TEST_STEP][PASSED] - platform.Method.toClickOnWebElement(findTestObject("Button/createEntity")): platform.Method.toClickOnWebElement is PASSED&#xD;
&#xD;
2020-06-30 09:18:05 - [MESSAGE][PASSED] - Object: 'Object Repository/Button/createEntity' is clicked on&#xD;
&#xD;
2020-06-30 09:18:05 - [MESSAGE][PASSED] - platform.Method.toClickOnWebElement is PASSED&#xD;
&#xD;
2020-06-30 09:18:05 - [TEST_STEP][PASSED] - platform.Training.createEntity("city name", "Custom", "mumbai"): platform.Training.createEntity is PASSED&#xD;
&#xD;
2020-06-30 09:18:10 - [MESSAGE][PASSED] - Keys 'city name' sent to object: 'Object Repository/Input/entityName'&#xD;
&#xD;
2020-06-30 09:18:13 - [MESSAGE][PASSED] - Object: 'Object Repository/Generic/listOfEntity' is clicked on&#xD;
&#xD;
2020-06-30 09:18:13 - [MESSAGE][INFO] - Entity Type: Custom&#xD;
&#xD;
2020-06-30 09:18:15 - [MESSAGE][PASSED] - Object: 'Object Repository/Generic/webObjectWithText' is clicked on&#xD;
&#xD;
2020-06-30 09:18:19 - [MESSAGE][PASSED] - Keys 'mumbai' sent to object: 'Object Repository/Input/defValueOfEntity'&#xD;
&#xD;
2020-06-30 09:18:22 - [MESSAGE][PASSED] - Object: 'Object Repository/Button/entityPageSaveButton' is clicked on&#xD;
&#xD;
2020-06-30 09:18:22 - [MESSAGE][PASSED] - platform.Training.createEntity is PASSED&#xD;
&#xD;
2020-06-30 09:18:22 - [TEST_STEP][PASSED] - platform.Method.toClickOnWebElement(findTestObject("Button/createEntity")): platform.Method.toClickOnWebElement is PASSED&#xD;
&#xD;
2020-06-30 09:18:25 - [MESSAGE][PASSED] - Object: 'Object Repository/Button/createEntity' is clicked on&#xD;
&#xD;
2020-06-30 09:18:25 - [MESSAGE][PASSED] - platform.Method.toClickOnWebElement is PASSED&#xD;
&#xD;
2020-06-30 09:18:25 - [TEST_STEP][PASSED] - platform.Training.createEntity("date", " Date ", null): platform.Training.createEntity is PASSED&#xD;
&#xD;
2020-06-30 09:18:29 - [MESSAGE][PASSED] - Keys 'date' sent to object: 'Object Repository/Input/entityName'&#xD;
&#xD;
2020-06-30 09:18:33 - [MESSAGE][PASSED] - Object: 'Object Repository/Generic/listOfEntity' is clicked on&#xD;
&#xD;
2020-06-30 09:18:33 - [MESSAGE][INFO] - Entity Type:  Date &#xD;
&#xD;
2020-06-30 09:18:36 - [MESSAGE][PASSED] - Object: 'Object Repository/Generic/webObjectWithText' is clicked on&#xD;
&#xD;
2020-06-30 09:18:39 - [MESSAGE][PASSED] - Object: 'Object Repository/Button/entityPageSaveButton' is clicked on&#xD;
&#xD;
2020-06-30 09:18:39 - [MESSAGE][PASSED] - platform.Training.createEntity is PASSED&#xD;
&#xD;
2020-06-30 09:18:39 - [TEST_STEP][PASSED] - for ([count = 2, count &lt;= testData.getRowNumbers(), (count++)]): null&#xD;
&#xD;
2020-06-30 09:18:39 - [TEST_STEP][PASSED] - if (testData.getValue("entity_name", count) != ""): platform.Training.createEntity is PASSED&#xD;
&#xD;
2020-06-30 09:18:39 - [TEST_STEP][PASSED] - platform.Method.toClickOnWebElement(findTestObject("Button/createEntity")): platform.Method.toClickOnWebElement is PASSED&#xD;
&#xD;
2020-06-30 09:18:42 - [MESSAGE][PASSED] - Object: 'Object Repository/Button/createEntity' is clicked on&#xD;
&#xD;
2020-06-30 09:18:42 - [MESSAGE][PASSED] - platform.Method.toClickOnWebElement is PASSED&#xD;
&#xD;
2020-06-30 09:18:42 - [TEST_STEP][PASSED] - platform.Training.createEntity(testData.getValue("entity_name", count), testData.getValue("entity_type", count), testData.getValue("entity_value", count)): platform.Training.createEntity is PASSED&#xD;
&#xD;
2020-06-30 09:18:46 - [MESSAGE][PASSED] - Keys 'product_names' sent to object: 'Object Repository/Input/entityName'&#xD;
&#xD;
2020-06-30 09:18:49 - [MESSAGE][PASSED] - Object: 'Object Repository/Generic/listOfEntity' is clicked on&#xD;
&#xD;
2020-06-30 09:18:49 - [MESSAGE][INFO] - Entity Type: Custom&#xD;
&#xD;
2020-06-30 09:18:52 - [MESSAGE][PASSED] - Object: 'Object Repository/Generic/webObjectWithText' is clicked on&#xD;
&#xD;
2020-06-30 09:18:55 - [MESSAGE][PASSED] - Keys 'chair' sent to object: 'Object Repository/Input/defValueOfEntity'&#xD;
&#xD;
2020-06-30 09:18:58 - [MESSAGE][PASSED] - Object: 'Object Repository/Button/entityPageSaveButton' is clicked on&#xD;
&#xD;
2020-06-30 09:18:58 - [MESSAGE][PASSED] - platform.Training.createEntity is PASSED&#xD;
&#xD;
2020-06-30 09:18:58 - [TEST_STEP][PASSED] - if (testData.getValue("entity_name", count) != ""): platform.Training.createEntity is PASSED&#xD;
&#xD;
2020-06-30 09:18:58 - [TEST_STEP][PASSED] - platform.Method.toClickOnWebElement(findTestObject("Button/createEntity")): platform.Method.toClickOnWebElement is PASSED&#xD;
&#xD;
2020-06-30 09:19:01 - [MESSAGE][PASSED] - Object: 'Object Repository/Button/createEntity' is clicked on&#xD;
&#xD;
2020-06-30 09:19:01 - [MESSAGE][PASSED] - platform.Method.toClickOnWebElement is PASSED&#xD;
&#xD;
2020-06-30 09:19:01 - [TEST_STEP][PASSED] - platform.Training.createEntity(testData.getValue("entity_name", count), testData.getValue("entity_type", count), testData.getValue("entity_value", count)): platform.Training.createEntity is PASSED&#xD;
&#xD;
2020-06-30 09:19:05 - [MESSAGE][PASSED] - Keys 'order_id' sent to object: 'Object Repository/Input/entityName'&#xD;
&#xD;
2020-06-30 09:19:07 - [MESSAGE][PASSED] - Object: 'Object Repository/Generic/listOfEntity' is clicked on&#xD;
&#xD;
2020-06-30 09:19:07 - [MESSAGE][INFO] - Entity Type: Regex&#xD;
&#xD;
2020-06-30 09:19:10 - [MESSAGE][PASSED] - Object: 'Object Repository/Generic/webObjectWithText' is clicked on&#xD;
&#xD;
2020-06-30 09:19:14 - [MESSAGE][PASSED] - Keys '\b\d{8}\b' sent to object: 'Object Repository/Input/defValueOfEntity'&#xD;
&#xD;
2020-06-30 09:19:17 - [MESSAGE][PASSED] - Object: 'Object Repository/Button/entityPageSaveButton' is clicked on&#xD;
&#xD;
2020-06-30 09:19:17 - [MESSAGE][PASSED] - platform.Training.createEntity is PASSED&#xD;
&#xD;
2020-06-30 09:19:17 - [TEST_STEP][PASSED] - if (testData.getValue("entity_name", count) != ""): platform.Training.createEntity is PASSED&#xD;
&#xD;
2020-06-30 09:19:17 - [TEST_STEP][PASSED] - platform.Method.toClickOnWebElement(findTestObject("Button/createEntity")): platform.Method.toClickOnWebElement is PASSED&#xD;
&#xD;
2020-06-30 09:19:21 - [MESSAGE][PASSED] - Object: 'Object Repository/Button/createEntity' is clicked on&#xD;
&#xD;
2020-06-30 09:19:21 - [MESSAGE][PASSED] - platform.Method.toClickOnWebElement is PASSED&#xD;
&#xD;
2020-06-30 09:19:21 - [TEST_STEP][PASSED] - platform.Training.createEntity(testData.getValue("entity_name", count), testData.getValue("entity_type", count), testData.getValue("entity_value", count)): platform.Training.createEntity is PASSED&#xD;
&#xD;
2020-06-30 09:19:24 - [MESSAGE][PASSED] - Keys 'zipcode' sent to object: 'Object Repository/Input/entityName'&#xD;
&#xD;
2020-06-30 09:19:27 - [MESSAGE][PASSED] - Object: 'Object Repository/Generic/listOfEntity' is clicked on&#xD;
&#xD;
2020-06-30 09:19:27 - [MESSAGE][INFO] - Entity Type: Custom&#xD;
&#xD;
2020-06-30 09:19:30 - [MESSAGE][PASSED] - Object: 'Object Repository/Generic/webObjectWithText' is clicked on&#xD;
&#xD;
2020-06-30 09:19:35 - [MESSAGE][PASSED] - Keys '\b\^[0-9]{6}\b' sent to object: 'Object Repository/Input/defValueOfEntity'&#xD;
&#xD;
2020-06-30 09:19:38 - [MESSAGE][PASSED] - Object: 'Object Repository/Button/entityPageSaveButton' is clicked on&#xD;
&#xD;
2020-06-30 09:19:38 - [MESSAGE][PASSED] - platform.Training.createEntity is PASSED&#xD;
&#xD;
2020-06-30 09:19:38 - [TEST_STEP][PASSED] - if (testData.getValue("entity_name", count) != ""): null&#xD;
&#xD;
2020-06-30 09:19:38 - [TEST_STEP][PASSED] - else: null&#xD;
&#xD;
2020-06-30 09:19:38 - [TEST_STEP][PASSED] - logInfo("No more entity present!!"): No more entity present!!&#xD;
&#xD;
2020-06-30 09:19:38 - [MESSAGE][INFO] - No more entity present!!&#xD;
&#xD;
2020-06-30 09:19:38 - [TEST_STEP][PASSED] - break: null&#xD;
&#xD;
2020-06-30 09:19:38 - [TEST_STEP][PASSED] - waitForElementPresent(findTestObject("Generic/webObjectWithText", ["textValue":"city name"]), 15, STOP_ON_FAILURE): Object 'Object Repository/Generic/webObjectWithText' is present&#xD;
&#xD;
2020-06-30 09:19:41 - [MESSAGE][PASSED] - Object 'Object Repository/Generic/webObjectWithText' is present&#xD;
&#xD;
2020-06-30 09:19:41 - [TEST_STEP][PASSED] - platform.Training.editEntity("city name"): platform.Training.editEntity is PASSED&#xD;
&#xD;
2020-06-30 09:19:52 - [MESSAGE][PASSED] - platform.Training.editEntity is PASSED&#xD;
&#xD;
2020-06-30 09:19:52 - [TEST_STEP][PASSED] - testObject = modifyObjectProperty(findTestObject("Input/entityName"), "formcontrolname", "equals", "name", true, STOP_ON_FAILURE): Modify property of object successfully&#xD;
&#xD;
2020-06-30 09:19:52 - [MESSAGE][PASSED] - Modify property of object successfully&#xD;
&#xD;
2020-06-30 09:19:52 - [TEST_STEP][PASSED] - setText(testObject, testData.getValue("entity_name", 1)): Text 'store_name' is set on object 'Object Repository/Input/entityName'&#xD;
&#xD;
2020-06-30 09:19:56 - [MESSAGE][PASSED] - Text 'store_name' is set on object 'Object Repository/Input/entityName'&#xD;
&#xD;
2020-06-30 09:19:56 - [TEST_STEP][PASSED] - platform.Method.clickOnElement(findTestObject("Button/importIcon")): platform.Method.clickOnElement is PASSED&#xD;
&#xD;
2020-06-30 09:19:59 - [MESSAGE][PASSED] - platform.Method.clickOnElement is PASSED&#xD;
&#xD;
2020-06-30 09:19:59 - [TEST_STEP][PASSED] - platform.Method.uploadCsvFile(true, testData.getValue("custom_entity_file", 1)): platform.Method.uploadCsvFile is PASSED&#xD;
&#xD;
2020-06-30 09:20:04 - [MESSAGE][PASSED] - File 'D:/IMIbot.ai-Project/Collection/cityName.csv' sent to object: 'Object Repository/Input/uploadFile'&#xD;
&#xD;
2020-06-30 09:20:07 - [MESSAGE][PASSED] - platform.Method.uploadCsvFile is PASSED&#xD;
&#xD;
2020-06-30 09:20:07 - [TEST_STEP][PASSED] - platform.Method.clickOnElement(findTestObject("Button/save", ["value":" Save "])): platform.Method.clickOnElement is PASSED&#xD;
&#xD;
2020-06-30 09:20:10 - [MESSAGE][PASSED] - platform.Method.clickOnElement is PASSED&#xD;
&#xD;
2020-06-30 09:20:10 - [TEST_STEP][PASSED] - waitForElementPresent(findTestObject("ICONS/toastMsg"), 15, STOP_ON_FAILURE): Object 'Object Repository/ICONS/toastMsg' is present&#xD;
&#xD;
2020-06-30 09:20:11 - [MESSAGE][PASSED] - Object 'Object Repository/ICONS/toastMsg' is present&#xD;
&#xD;
2020-06-30 09:20:11 - [TEST_STEP][PASSED] - assert getText().contentEquals("store_name") == true: null&#xD;
&#xD;
2020-06-30 09:20:13 - [TEST_STEP][PASSED] - platform.Method.trainAndComment(testData.getValue("comment", 2)): platform.Method.trainAndComment is PASSED&#xD;
&#xD;
2020-06-30 09:20:24 - [MESSAGE][PASSED] - Keys 'response added &amp; updated' sent to object: 'Object Repository/Input/comment'&#xD;
&#xD;
2020-06-30 09:20:27 - [MESSAGE][PASSED] - platform.Method.trainAndComment is PASSED&#xD;
&#xD;
2020-06-30 09:20:27 - [TEST_STEP][PASSED] - waitForElementPresent(findTestObject("ICONS/toastMsg"), 15, OPTIONAL): Object 'Object Repository/ICONS/toastMsg' is present&#xD;
&#xD;
2020-06-30 09:20:28 - [MESSAGE][PASSED] - Object 'Object Repository/ICONS/toastMsg' is present</system-out>
            <system-err></system-err>
        </testcase>
        <testcase name="Test Cases/Taskbot/createIntentAndEditEntity_Test" classname="Test Cases/Taskbot/createIntentAndEditEntity_Test" status="PASSED">
            <system-out>2020-06-30 09:20:28 - [TEST_CASE][PASSED] - Test Cases/Taskbot/createIntentAndEditEntity_Test: Test Cases/Taskbot/createIntentAndEditEntity_Test&#xD;
&#xD;
2020-06-30 09:20:28 - [TEST_STEP][PASSED] - Start listener action : setUp: Current window maximized&#xD;
&#xD;
2020-06-30 09:20:28 - [TEST_STEP][PASSED] - openBrowser(URL): Browser is opened with url: 'imibot.ai'&#xD;
&#xD;
2020-06-30 09:20:28 - [MESSAGE][WARNING] - A browser is already opened. Closing browser and opening a new one&#xD;
&#xD;
2020-06-30 09:20:30 - [MESSAGE][INFO] - Starting 'Chrome' driver&#xD;
&#xD;
2020-06-30 09:20:30 - [MESSAGE][INFO] - User set preference: ['args', '[--start-maximized]']&#xD;
&#xD;
2020-06-30 09:20:47 - [MESSAGE][PASSED] - Browser is opened with url: 'imibot.ai'&#xD;
&#xD;
2020-06-30 09:20:47 - [TEST_STEP][PASSED] - maximizeWindow(): Current window maximized&#xD;
&#xD;
2020-06-30 09:20:50 - [MESSAGE][PASSED] - Current window maximized&#xD;
&#xD;
2020-06-30 09:20:51 - [TEST_STEP][PASSED] - callTestCase(findTestCase("Generic/successfulLogin_Test"), [:], STOP_ON_FAILURE): Call Test Case 'Test Cases/Generic/successfulLogin_Test' successfully&#xD;
&#xD;
2020-06-30 09:20:51 - [TEST_CASE][PASSED] - Test Cases/Generic/successfulLogin_Test: Test Cases/Generic/successfulLogin_Test&#xD;
&#xD;
2020-06-30 09:20:51 - [TEST_STEP][PASSED] - sendKeys(findTestObject("Input/username"), username): Keys 'narendra.n@imimobile.com' sent to object: 'Object Repository/Input/username'&#xD;
&#xD;
2020-06-30 09:20:54 - [MESSAGE][PASSED] - Keys 'narendra.n@imimobile.com' sent to object: 'Object Repository/Input/username'&#xD;
&#xD;
2020-06-30 09:20:54 - [TEST_STEP][PASSED] - sendKeys(findTestObject("Input/password"), password): Keys 'Test@2020' sent to object: 'Object Repository/Input/password'&#xD;
&#xD;
2020-06-30 09:20:57 - [MESSAGE][PASSED] - Keys 'Test@2020' sent to object: 'Object Repository/Input/password'&#xD;
&#xD;
2020-06-30 09:20:57 - [TEST_STEP][PASSED] - click(findTestObject("Button/signIn")): Object: 'Object Repository/Button/signIn' is clicked on&#xD;
&#xD;
2020-06-30 09:21:00 - [MESSAGE][PASSED] - Object: 'Object Repository/Button/signIn' is clicked on&#xD;
&#xD;
2020-06-30 09:21:00 - [TEST_STEP][PASSED] - if (!(waitForElementPresent(findTestObject("Button/createBot"), 30, OPTIONAL))): Object 'Object Repository/Button/createBot' is present&#xD;
&#xD;
2020-06-30 09:21:15 - [MESSAGE][PASSED] - Object 'Object Repository/Button/createBot' is present&#xD;
&#xD;
2020-06-30 09:21:15 - [MESSAGE][PASSED] - Call Test Case 'Test Cases/Generic/successfulLogin_Test' successfully&#xD;
&#xD;
2020-06-30 09:21:15 - [TEST_STEP][PASSED] - platform.Method.navigateToBot("Task bots", TASK_BOT): platform.Method.navigateToBot is PASSED&#xD;
&#xD;
2020-06-30 09:21:16 - [MESSAGE][PASSED] - Object 'Object Repository/Button/createBot' is present&#xD;
&#xD;
2020-06-30 09:21:20 - [MESSAGE][INFO] - Performing click action on bot&#xD;
&#xD;
2020-06-30 09:21:23 - [MESSAGE][PASSED] - platform.Method.navigateToBot is PASSED&#xD;
&#xD;
2020-06-30 09:21:23 - [TEST_STEP][PASSED] - platform.Method.clickOnElement(findTestObject("Generic/training")): platform.Method.clickOnElement is PASSED&#xD;
&#xD;
2020-06-30 09:21:27 - [MESSAGE][PASSED] - platform.Method.clickOnElement is PASSED&#xD;
&#xD;
2020-06-30 09:21:27 - [TEST_STEP][PASSED] - testData = findTestData("Data Files/testData_Task"): null&#xD;
&#xD;
2020-06-30 09:21:27 - [TEST_STEP][PASSED] - platform.Training.addMultipleUtterance(testData, "track_order_utterance"): platform.Training.addMultipleUtterance is PASSED&#xD;
&#xD;
2020-06-30 09:21:30 - [MESSAGE][PASSED] - Object: 'Object Repository/Button/createIntent' is clicked on&#xD;
&#xD;
2020-06-30 09:21:34 - [MESSAGE][PASSED] - Keys 'When will I receive my order?' sent to object: 'Object Repository/Input/utterance'&#xD;
&#xD;
2020-06-30 09:21:37 - [MESSAGE][PASSED] - Object: 'Object Repository/Button/addUtterance' is clicked on&#xD;
&#xD;
2020-06-30 09:21:42 - [MESSAGE][PASSED] - Delayed 5 second(s)&#xD;
&#xD;
2020-06-30 09:21:45 - [MESSAGE][PASSED] - Keys 'Track status of order number 00001234' sent to object: 'Object Repository/Input/utterance'&#xD;
&#xD;
2020-06-30 09:21:48 - [MESSAGE][PASSED] - Object: 'Object Repository/Button/addUtterance' is clicked on&#xD;
&#xD;
2020-06-30 09:21:53 - [MESSAGE][PASSED] - Delayed 5 second(s)&#xD;
&#xD;
2020-06-30 09:21:57 - [MESSAGE][PASSED] - Keys 'Status of my order' sent to object: 'Object Repository/Input/utterance'&#xD;
&#xD;
2020-06-30 09:21:59 - [MESSAGE][PASSED] - Object: 'Object Repository/Button/addUtterance' is clicked on&#xD;
&#xD;
2020-06-30 09:22:04 - [MESSAGE][PASSED] - Delayed 5 second(s)&#xD;
&#xD;
2020-06-30 09:22:04 - [MESSAGE][PASSED] - platform.Training.addMultipleUtterance is PASSED&#xD;
&#xD;
2020-06-30 09:22:04 - [TEST_STEP][PASSED] - sendKeys(findTestObject("Input/intentName"), testData.getValue("intent_name", 3)): Keys 'track_order' sent to object: 'Object Repository/Input/intentName'&#xD;
&#xD;
2020-06-30 09:22:07 - [MESSAGE][PASSED] - Keys 'track_order' sent to object: 'Object Repository/Input/intentName'&#xD;
&#xD;
2020-06-30 09:22:07 - [TEST_STEP][PASSED] - verifyElementText(findTestObject("Slots/entityValue", ["rowValue":1]), "order_id", STOP_ON_FAILURE): Actual text and expected text of test object 'Object Repository/Slots/entityValue' are matched.&#xD;
&#xD;
2020-06-30 09:22:10 - [MESSAGE][PASSED] - Actual text and expected text of test object 'Object Repository/Slots/entityValue' are matched.&#xD;
&#xD;
2020-06-30 09:22:10 - [TEST_STEP][PASSED] - sendKeys(findTestObject("Input/finalTempKey"), "order_status_template"): Keys 'order_status_template' sent to object: 'Object Repository/Input/finalTempKey'&#xD;
&#xD;
2020-06-30 09:22:14 - [MESSAGE][PASSED] - Keys 'order_status_template' sent to object: 'Object Repository/Input/finalTempKey'&#xD;
&#xD;
2020-06-30 09:22:14 - [TEST_STEP][PASSED] - platform.Method.clickOnElement(findTestObject("Button/save", ["value":" Save "])): platform.Method.clickOnElement is PASSED&#xD;
&#xD;
2020-06-30 09:22:17 - [MESSAGE][PASSED] - platform.Method.clickOnElement is PASSED&#xD;
&#xD;
2020-06-30 09:22:17 - [TEST_STEP][PASSED] - verifyElementText(findTestObject("Generic/header"), "track_order", STOP_ON_FAILURE): Actual text and expected text of test object 'Object Repository/Generic/header' are matched.&#xD;
&#xD;
2020-06-30 09:22:19 - [MESSAGE][PASSED] - Actual text and expected text of test object 'Object Repository/Generic/header' are matched.&#xD;
&#xD;
2020-06-30 09:22:19 - [TEST_STEP][PASSED] - platform.Method.clickOnElement(findTestObject("NewRepo/intentGoBack")): platform.Method.clickOnElement is PASSED&#xD;
&#xD;
2020-06-30 09:22:22 - [MESSAGE][PASSED] - platform.Method.clickOnElement is PASSED&#xD;
&#xD;
2020-06-30 09:22:22 - [TEST_STEP][PASSED] - platform.Method.clickOnElement(findTestObject("Generic/webObjectWithText", ["textValue":"Entities"])): platform.Method.clickOnElement is PASSED&#xD;
&#xD;
2020-06-30 09:22:24 - [MESSAGE][PASSED] - platform.Method.clickOnElement is PASSED&#xD;
&#xD;
2020-06-30 09:22:24 - [TEST_STEP][PASSED] - platform.Training.editEntity("product_names"): platform.Training.editEntity is PASSED&#xD;
&#xD;
2020-06-30 09:22:33 - [MESSAGE][PASSED] - platform.Training.editEntity is PASSED&#xD;
&#xD;
2020-06-30 09:22:33 - [TEST_STEP][PASSED] - sendKeys(findTestObject("Input/synonyms", ["index":1]), Keys.chord("wooden chair", ENTER)): Keys 'ENTER + wooden chair' sent to object: 'Object Repository/Input/synonyms'&#xD;
&#xD;
2020-06-30 09:22:36 - [MESSAGE][PASSED] - Keys 'ENTER + wooden chair' sent to object: 'Object Repository/Input/synonyms'&#xD;
&#xD;
2020-06-30 09:22:36 - [TEST_STEP][PASSED] - sendKeys(findTestObject("Input/synonyms", ["index":1]), Keys.chord("plastic chair", ENTER)): Keys 'ENTER + plastic chair' sent to object: 'Object Repository/Input/synonyms'&#xD;
&#xD;
2020-06-30 09:22:40 - [MESSAGE][PASSED] - Keys 'ENTER + plastic chair' sent to object: 'Object Repository/Input/synonyms'&#xD;
&#xD;
2020-06-30 09:22:40 - [TEST_STEP][PASSED] - platform.Method.clickOnElement(findTestObject("Button/importIcon")): platform.Method.clickOnElement is PASSED&#xD;
&#xD;
2020-06-30 09:22:43 - [MESSAGE][PASSED] - platform.Method.clickOnElement is PASSED&#xD;
&#xD;
2020-06-30 09:22:43 - [TEST_STEP][PASSED] - platform.Method.uploadCsvFile(false, testData.getValue("custom_entity_file", 2)): platform.Method.uploadCsvFile is PASSED&#xD;
&#xD;
2020-06-30 09:22:43 - [MESSAGE][INFO] - PREVIOUS DATA NOT BE OVERRIDDEN&#xD;
&#xD;
2020-06-30 09:22:46 - [MESSAGE][PASSED] - File 'D:/IMIbot.ai-Project/Collection/product.csv' sent to object: 'Object Repository/Input/uploadFile'&#xD;
&#xD;
2020-06-30 09:22:49 - [MESSAGE][PASSED] - platform.Method.uploadCsvFile is PASSED&#xD;
&#xD;
2020-06-30 09:22:49 - [TEST_STEP][PASSED] - platform.Method.clickOnElement(findTestObject("Button/btnDeleteChipOrRow", ["chipValue":" plastic chair ", "option":"cancel"])): platform.Method.clickOnElement is PASSED&#xD;
&#xD;
2020-06-30 09:22:51 - [MESSAGE][PASSED] - platform.Method.clickOnElement is PASSED&#xD;
&#xD;
2020-06-30 09:22:51 - [TEST_STEP][PASSED] - platform.Method.clickOnElement(findTestObject("Button/btnDeleteChipOrRow", ["chipValue":" wooden chair ", "option":"close "])): platform.Method.clickOnElement is PASSED&#xD;
&#xD;
2020-06-30 09:22:54 - [MESSAGE][PASSED] - platform.Method.clickOnElement is PASSED&#xD;
&#xD;
2020-06-30 09:22:54 - [TEST_STEP][PASSED] - platform.Method.clickOnElement(findTestObject("Button/save", ["value":" Save "])): platform.Method.clickOnElement is PASSED&#xD;
&#xD;
2020-06-30 09:22:56 - [MESSAGE][PASSED] - platform.Method.clickOnElement is PASSED</system-out>
            <system-err></system-err>
        </testcase>
        <testcase name="Test Cases/Taskbot/intentWithResponseCreation_Test" classname="Test Cases/Taskbot/intentWithResponseCreation_Test" status="PASSED">
            <system-out>2020-06-30 09:22:56 - [TEST_CASE][PASSED] - Test Cases/Taskbot/intentWithResponseCreation_Test: Test Cases/Taskbot/intentWithResponseCreation_Test&#xD;
&#xD;
2020-06-30 09:22:56 - [TEST_STEP][PASSED] - Start listener action : setUp: Current window maximized&#xD;
&#xD;
2020-06-30 09:22:56 - [TEST_STEP][PASSED] - openBrowser(URL): Browser is opened with url: 'imibot.ai'&#xD;
&#xD;
2020-06-30 09:22:56 - [MESSAGE][WARNING] - A browser is already opened. Closing browser and opening a new one&#xD;
&#xD;
2020-06-30 09:22:59 - [MESSAGE][INFO] - Starting 'Chrome' driver&#xD;
&#xD;
2020-06-30 09:22:59 - [MESSAGE][INFO] - User set preference: ['args', '[--start-maximized]']&#xD;
&#xD;
2020-06-30 09:23:12 - [MESSAGE][PASSED] - Browser is opened with url: 'imibot.ai'&#xD;
&#xD;
2020-06-30 09:23:12 - [TEST_STEP][PASSED] - maximizeWindow(): Current window maximized&#xD;
&#xD;
2020-06-30 09:23:14 - [MESSAGE][PASSED] - Current window maximized&#xD;
&#xD;
2020-06-30 09:23:16 - [TEST_STEP][PASSED] - callTestCase(findTestCase("Generic/successfulLogin_Test"), [:], STOP_ON_FAILURE): Call Test Case 'Test Cases/Generic/successfulLogin_Test' successfully&#xD;
&#xD;
2020-06-30 09:23:16 - [TEST_CASE][PASSED] - Test Cases/Generic/successfulLogin_Test: Test Cases/Generic/successfulLogin_Test&#xD;
&#xD;
2020-06-30 09:23:16 - [TEST_STEP][PASSED] - sendKeys(findTestObject("Input/username"), username): Keys 'narendra.n@imimobile.com' sent to object: 'Object Repository/Input/username'&#xD;
&#xD;
2020-06-30 09:23:19 - [MESSAGE][PASSED] - Keys 'narendra.n@imimobile.com' sent to object: 'Object Repository/Input/username'&#xD;
&#xD;
2020-06-30 09:23:19 - [TEST_STEP][PASSED] - sendKeys(findTestObject("Input/password"), password): Keys 'Test@2020' sent to object: 'Object Repository/Input/password'&#xD;
&#xD;
2020-06-30 09:23:22 - [MESSAGE][PASSED] - Keys 'Test@2020' sent to object: 'Object Repository/Input/password'&#xD;
&#xD;
2020-06-30 09:23:22 - [TEST_STEP][PASSED] - click(findTestObject("Button/signIn")): Object: 'Object Repository/Button/signIn' is clicked on&#xD;
&#xD;
2020-06-30 09:23:25 - [MESSAGE][PASSED] - Object: 'Object Repository/Button/signIn' is clicked on&#xD;
&#xD;
2020-06-30 09:23:25 - [TEST_STEP][PASSED] - if (!(waitForElementPresent(findTestObject("Button/createBot"), 30, OPTIONAL))): Object 'Object Repository/Button/createBot' is present&#xD;
&#xD;
2020-06-30 09:23:38 - [MESSAGE][PASSED] - Object 'Object Repository/Button/createBot' is present&#xD;
&#xD;
2020-06-30 09:23:38 - [MESSAGE][PASSED] - Call Test Case 'Test Cases/Generic/successfulLogin_Test' successfully&#xD;
&#xD;
2020-06-30 09:23:38 - [TEST_STEP][PASSED] - platform.Method.navigateToBot("Task bots", TASK_BOT): platform.Method.navigateToBot is PASSED&#xD;
&#xD;
2020-06-30 09:23:39 - [MESSAGE][PASSED] - Object 'Object Repository/Button/createBot' is present&#xD;
&#xD;
2020-06-30 09:23:41 - [MESSAGE][INFO] - Performing click action on bot&#xD;
&#xD;
2020-06-30 09:23:44 - [MESSAGE][PASSED] - platform.Method.navigateToBot is PASSED&#xD;
&#xD;
2020-06-30 09:23:44 - [TEST_STEP][PASSED] - platform.Method.clickOnElement(findTestObject("Generic/training")): platform.Method.clickOnElement is PASSED&#xD;
&#xD;
2020-06-30 09:23:47 - [MESSAGE][PASSED] - platform.Method.clickOnElement is PASSED&#xD;
&#xD;
2020-06-30 09:23:47 - [TEST_STEP][PASSED] - platform.Training.addMultipleUtterance(findTestData("Data Files/testData_Task"), "first_intent_utterance"): platform.Training.addMultipleUtterance is PASSED&#xD;
&#xD;
2020-06-30 09:23:50 - [MESSAGE][PASSED] - Object: 'Object Repository/Button/createIntent' is clicked on&#xD;
&#xD;
2020-06-30 09:23:54 - [MESSAGE][PASSED] - Keys 'Do you deliver?' sent to object: 'Object Repository/Input/utterance'&#xD;
&#xD;
2020-06-30 09:23:56 - [MESSAGE][PASSED] - Object: 'Object Repository/Button/addUtterance' is clicked on&#xD;
&#xD;
2020-06-30 09:24:01 - [MESSAGE][PASSED] - Delayed 5 second(s)&#xD;
&#xD;
2020-06-30 09:24:04 - [MESSAGE][PASSED] - Keys 'Do you deliver in hyderabad?' sent to object: 'Object Repository/Input/utterance'&#xD;
&#xD;
2020-06-30 09:24:07 - [MESSAGE][PASSED] - Object: 'Object Repository/Button/addUtterance' is clicked on&#xD;
&#xD;
2020-06-30 09:24:12 - [MESSAGE][PASSED] - Delayed 5 second(s)&#xD;
&#xD;
2020-06-30 09:24:15 - [MESSAGE][PASSED] - Keys 'Is your service available in mumbai?' sent to object: 'Object Repository/Input/utterance'&#xD;
&#xD;
2020-06-30 09:24:18 - [MESSAGE][PASSED] - Object: 'Object Repository/Button/addUtterance' is clicked on&#xD;
&#xD;
2020-06-30 09:24:23 - [MESSAGE][PASSED] - Delayed 5 second(s)&#xD;
&#xD;
2020-06-30 09:24:23 - [MESSAGE][PASSED] - platform.Training.addMultipleUtterance is PASSED&#xD;
&#xD;
2020-06-30 09:24:23 - [TEST_STEP][PASSED] - sendKeys(findTestObject("Input/intentName"), findTestData("Data Files/testData_Task").getValue("intent_name", 1)): Keys 'delivery_info' sent to object: 'Object Repository/Input/intentName'&#xD;
&#xD;
2020-06-30 09:24:27 - [MESSAGE][PASSED] - Keys 'delivery_info' sent to object: 'Object Repository/Input/intentName'&#xD;
&#xD;
2020-06-30 09:24:27 - [TEST_STEP][PASSED] - check(findTestObject("Slots/checkbox", ["rowValue":1])): Object 'Object Repository/Slots/checkbox' is checked&#xD;
&#xD;
2020-06-30 09:24:31 - [MESSAGE][PASSED] - Object 'Object Repository/Slots/checkbox' is checked&#xD;
&#xD;
2020-06-30 09:24:31 - [TEST_STEP][PASSED] - setText(findTestObject("Slots/retries", ["rowValue":1]), "2"): Text '2' is set on object 'Object Repository/Slots/retries'&#xD;
&#xD;
2020-06-30 09:24:36 - [MESSAGE][PASSED] - Text '2' is set on object 'Object Repository/Slots/retries'&#xD;
&#xD;
2020-06-30 09:24:36 - [TEST_STEP][PASSED] - setText(findTestObject("Slots/templateKey", ["rowValue":1]), findTestData("Data Files/testData_Task").getValue("missing_entity", 1)): Text 'city_not_found' is set on object 'Object Repository/Slots/templateKey'&#xD;
&#xD;
2020-06-30 09:24:41 - [MESSAGE][PASSED] - Text 'city_not_found' is set on object 'Object Repository/Slots/templateKey'&#xD;
&#xD;
2020-06-30 09:24:41 - [TEST_STEP][PASSED] - platform.Training.createInstantResponse(findTestData("Data Files/testData_Task").getValue("missing_entity", 1), findTestData("Data Files/testData_Task").getValue("missing_entity_default_text", 1)): platform.Training.createInstantResponse is PASSED&#xD;
&#xD;
2020-06-30 09:24:46 - [MESSAGE][PASSED] - Keys 'city_not_found' sent to object: 'Object Repository/NewRepo2/templateKeyPopUp'&#xD;
&#xD;
2020-06-30 09:24:52 - [MESSAGE][PASSED] - Keys 'Oops! There is no delivery centre at your city. Please try again with a different city name.' sent to object: 'Object Repository/NewRepo2/templateResponsePopUp'&#xD;
&#xD;
2020-06-30 09:24:54 - [MESSAGE][PASSED] - platform.Training.createInstantResponse is PASSED&#xD;
&#xD;
2020-06-30 09:24:54 - [TEST_STEP][PASSED] - platform.Method.clickOnElement(findTestObject("Generic/webObjectWithText", ["textValue":"city_not_found"])): platform.Method.clickOnElement is PASSED&#xD;
&#xD;
2020-06-30 09:24:57 - [MESSAGE][PASSED] - platform.Method.clickOnElement is PASSED&#xD;
&#xD;
2020-06-30 09:24:57 - [TEST_STEP][PASSED] - sendKeys(findTestObject("Input/finalTempKey"), findTestData("Data Files/testData_Task").getValue("final_template", 1)): Keys 'delivery_template' sent to object: 'Object Repository/Input/finalTempKey'&#xD;
&#xD;
2020-06-30 09:25:01 - [MESSAGE][PASSED] - Keys 'delivery_template' sent to object: 'Object Repository/Input/finalTempKey'&#xD;
&#xD;
2020-06-30 09:25:01 - [TEST_STEP][PASSED] - platform.Method.clickOnElement(findTestObject("Button/save", ["value":" Save "])): platform.Method.clickOnElement is PASSED&#xD;
&#xD;
2020-06-30 09:25:04 - [MESSAGE][PASSED] - platform.Method.clickOnElement is PASSED&#xD;
&#xD;
2020-06-30 09:25:04 - [TEST_STEP][PASSED] - verifyElementText(findTestObject("Generic/header"), "delivery_info", STOP_ON_FAILURE): Actual text and expected text of test object 'Object Repository/Generic/header' are matched.&#xD;
&#xD;
2020-06-30 09:25:06 - [MESSAGE][PASSED] - Actual text and expected text of test object 'Object Repository/Generic/header' are matched.&#xD;
&#xD;
2020-06-30 09:25:06 - [TEST_STEP][PASSED] - platform.Method.clickOnElement(findTestObject("NewRepo/intentGoBack")): platform.Method.clickOnElement is PASSED&#xD;
&#xD;
2020-06-30 09:25:08 - [MESSAGE][PASSED] - platform.Method.clickOnElement is PASSED&#xD;
&#xD;
2020-06-30 09:25:09 - [TEST_STEP][PASSED] - platform.Method.trainAndComment(findTestData("Data Files/testData_Task").getValue("comment", 1)): platform.Method.trainAndComment is PASSED&#xD;
&#xD;
2020-06-30 09:25:17 - [MESSAGE][PASSED] - Keys 'delivery info intent added' sent to object: 'Object Repository/Input/comment'&#xD;
&#xD;
2020-06-30 09:25:19 - [MESSAGE][PASSED] - platform.Method.trainAndComment is PASSED&#xD;
&#xD;
2020-06-30 09:25:19 - [TEST_STEP][PASSED] - waitForElementPresent(findTestObject("ICONS/toastMsg"), 30, STOP_ON_FAILURE): Object 'Object Repository/ICONS/toastMsg' is present&#xD;
&#xD;
2020-06-30 09:25:21 - [MESSAGE][PASSED] - Object 'Object Repository/ICONS/toastMsg' is present&#xD;
&#xD;
2020-06-30 09:25:21 - [TEST_STEP][PASSED] - platform.Method.clickOnElement(findTestObject("Button/preview")): platform.Method.clickOnElement is PASSED&#xD;
&#xD;
2020-06-30 09:25:23 - [MESSAGE][PASSED] - platform.Method.clickOnElement is PASSED&#xD;
&#xD;
2020-06-30 09:25:23 - [TEST_STEP][PASSED] - count = &lt;not implemented yet for class: org.codehaus.groovy.ast.expr.EmptyExpression&gt;: null&#xD;
&#xD;
2020-06-30 09:25:23 - [TEST_STEP][PASSED] - for ([count = 1, count &lt;= 3, (count++)]): null&#xD;
&#xD;
2020-06-30 09:25:23 - [TEST_STEP][PASSED] - sendKeys(findTestObject("Input/chatInput"), Keys.chord(userQuery, ENTER)): Keys 'ENTER + Delivery service in chennai' sent to object: 'Object Repository/Input/chatInput'&#xD;
&#xD;
2020-06-30 09:25:27 - [MESSAGE][PASSED] - Keys 'ENTER + Delivery service in chennai' sent to object: 'Object Repository/Input/chatInput'&#xD;
&#xD;
2020-06-30 09:25:27 - [TEST_STEP][PASSED] - delay(1): Delayed 1 second(s)&#xD;
&#xD;
2020-06-30 09:25:28 - [MESSAGE][PASSED] - Delayed 1 second(s)&#xD;
&#xD;
2020-06-30 09:25:28 - [TEST_STEP][PASSED] - if (count == 3): null&#xD;
&#xD;
2020-06-30 09:25:28 - [TEST_STEP][PASSED] - verifyElementText(findTestObject("GenericII/getBotResponse", ["index":count + 1]), findTestData("Data Files/testData_Task").getValue("missing_entity_default_text", 1), STOP_ON_FAILURE): Actual text and expected text of test object 'Object Repository/GenericII/getBotResponse' are matched.&#xD;
&#xD;
2020-06-30 09:25:31 - [MESSAGE][PASSED] - Actual text and expected text of test object 'Object Repository/GenericII/getBotResponse' are matched.&#xD;
&#xD;
2020-06-30 09:25:31 - [TEST_STEP][PASSED] - sendKeys(findTestObject("Input/chatInput"), Keys.chord(userQuery, ENTER)): Keys 'ENTER + Delivery service in chennai' sent to object: 'Object Repository/Input/chatInput'&#xD;
&#xD;
2020-06-30 09:25:34 - [MESSAGE][PASSED] - Keys 'ENTER + Delivery service in chennai' sent to object: 'Object Repository/Input/chatInput'&#xD;
&#xD;
2020-06-30 09:25:34 - [TEST_STEP][PASSED] - delay(1): Delayed 1 second(s)&#xD;
&#xD;
2020-06-30 09:25:35 - [MESSAGE][PASSED] - Delayed 1 second(s)&#xD;
&#xD;
2020-06-30 09:25:35 - [TEST_STEP][PASSED] - if (count == 3): null&#xD;
&#xD;
2020-06-30 09:25:35 - [TEST_STEP][PASSED] - verifyElementText(findTestObject("GenericII/getBotResponse", ["index":count + 1]), findTestData("Data Files/testData_Task").getValue("missing_entity_default_text", 1), STOP_ON_FAILURE): Actual text and expected text of test object 'Object Repository/GenericII/getBotResponse' are matched.&#xD;
&#xD;
2020-06-30 09:25:38 - [MESSAGE][PASSED] - Actual text and expected text of test object 'Object Repository/GenericII/getBotResponse' are matched.&#xD;
&#xD;
2020-06-30 09:25:38 - [TEST_STEP][PASSED] - sendKeys(findTestObject("Input/chatInput"), Keys.chord(userQuery, ENTER)): Keys 'ENTER + Delivery service in chennai' sent to object: 'Object Repository/Input/chatInput'&#xD;
&#xD;
2020-06-30 09:25:41 - [MESSAGE][PASSED] - Keys 'ENTER + Delivery service in chennai' sent to object: 'Object Repository/Input/chatInput'&#xD;
&#xD;
2020-06-30 09:25:41 - [TEST_STEP][PASSED] - delay(1): Delayed 1 second(s)&#xD;
&#xD;
2020-06-30 09:25:42 - [MESSAGE][PASSED] - Delayed 1 second(s)&#xD;
&#xD;
2020-06-30 09:25:42 - [TEST_STEP][PASSED] - if (count == 3): null&#xD;
&#xD;
2020-06-30 09:25:42 - [TEST_STEP][PASSED] - break: null&#xD;
&#xD;
2020-06-30 09:25:42 - [TEST_STEP][PASSED] - platform.Method.clickOnElement(findTestObject("Button/upvote")): platform.Method.clickOnElement is PASSED&#xD;
&#xD;
2020-06-30 09:25:45 - [MESSAGE][PASSED] - platform.Method.clickOnElement is PASSED</system-out>
            <system-err></system-err>
        </testcase>
        <testcase name="Test Cases/Taskbot/updateResponse_Test" classname="Test Cases/Taskbot/updateResponse_Test" status="PASSED">
            <system-out>2020-06-30 09:25:45 - [TEST_CASE][PASSED] - Test Cases/Taskbot/updateResponse_Test: Test Cases/Taskbot/updateResponse_Test&#xD;
&#xD;
2020-06-30 09:25:45 - [TEST_STEP][PASSED] - Start listener action : setUp: Current window maximized&#xD;
&#xD;
2020-06-30 09:25:45 - [TEST_STEP][PASSED] - openBrowser(URL): Browser is opened with url: 'imibot.ai'&#xD;
&#xD;
2020-06-30 09:25:45 - [MESSAGE][WARNING] - A browser is already opened. Closing browser and opening a new one&#xD;
&#xD;
2020-06-30 09:25:48 - [MESSAGE][INFO] - Starting 'Chrome' driver&#xD;
&#xD;
2020-06-30 09:25:48 - [MESSAGE][INFO] - User set preference: ['args', '[--start-maximized]']&#xD;
&#xD;
2020-06-30 09:25:59 - [MESSAGE][PASSED] - Browser is opened with url: 'imibot.ai'&#xD;
&#xD;
2020-06-30 09:25:59 - [TEST_STEP][PASSED] - maximizeWindow(): Current window maximized&#xD;
&#xD;
2020-06-30 09:26:01 - [MESSAGE][PASSED] - Current window maximized&#xD;
&#xD;
2020-06-30 09:26:02 - [TEST_STEP][PASSED] - callTestCase(findTestCase("Generic/successfulLogin_Test"), [:], STOP_ON_FAILURE): Call Test Case 'Test Cases/Generic/successfulLogin_Test' successfully&#xD;
&#xD;
2020-06-30 09:26:02 - [TEST_CASE][PASSED] - Test Cases/Generic/successfulLogin_Test: Test Cases/Generic/successfulLogin_Test&#xD;
&#xD;
2020-06-30 09:26:02 - [TEST_STEP][PASSED] - sendKeys(findTestObject("Input/username"), username): Keys 'narendra.n@imimobile.com' sent to object: 'Object Repository/Input/username'&#xD;
&#xD;
2020-06-30 09:26:05 - [MESSAGE][PASSED] - Keys 'narendra.n@imimobile.com' sent to object: 'Object Repository/Input/username'&#xD;
&#xD;
2020-06-30 09:26:05 - [TEST_STEP][PASSED] - sendKeys(findTestObject("Input/password"), password): Keys 'Test@2020' sent to object: 'Object Repository/Input/password'&#xD;
&#xD;
2020-06-30 09:26:08 - [MESSAGE][PASSED] - Keys 'Test@2020' sent to object: 'Object Repository/Input/password'&#xD;
&#xD;
2020-06-30 09:26:08 - [TEST_STEP][PASSED] - click(findTestObject("Button/signIn")): Object: 'Object Repository/Button/signIn' is clicked on&#xD;
&#xD;
2020-06-30 09:26:10 - [MESSAGE][PASSED] - Object: 'Object Repository/Button/signIn' is clicked on&#xD;
&#xD;
2020-06-30 09:26:10 - [TEST_STEP][PASSED] - if (!(waitForElementPresent(findTestObject("Button/createBot"), 30, OPTIONAL))): Object 'Object Repository/Button/createBot' is present&#xD;
&#xD;
2020-06-30 09:26:23 - [MESSAGE][PASSED] - Object 'Object Repository/Button/createBot' is present&#xD;
&#xD;
2020-06-30 09:26:23 - [MESSAGE][PASSED] - Call Test Case 'Test Cases/Generic/successfulLogin_Test' successfully&#xD;
&#xD;
2020-06-30 09:26:23 - [TEST_STEP][PASSED] - platform.Method.navigateToBot("Task bots", TASK_BOT): platform.Method.navigateToBot is PASSED&#xD;
&#xD;
2020-06-30 09:26:25 - [MESSAGE][PASSED] - Object 'Object Repository/Button/createBot' is present&#xD;
&#xD;
2020-06-30 09:26:28 - [MESSAGE][INFO] - Performing click action on bot&#xD;
&#xD;
2020-06-30 09:26:31 - [MESSAGE][PASSED] - platform.Method.navigateToBot is PASSED&#xD;
&#xD;
2020-06-30 09:26:31 - [TEST_STEP][PASSED] - platform.Method.clickOnElement(findTestObject("Generic/training")): platform.Method.clickOnElement is PASSED&#xD;
&#xD;
2020-06-30 09:26:35 - [MESSAGE][PASSED] - platform.Method.clickOnElement is PASSED&#xD;
&#xD;
2020-06-30 09:26:35 - [TEST_STEP][PASSED] - testData = findTestData("Data Files/testData_Task"): null&#xD;
&#xD;
2020-06-30 09:26:35 - [TEST_STEP][PASSED] - platform.Training.addMultipleUtterance(testData, "stock_check_utterance"): platform.Training.addMultipleUtterance is PASSED&#xD;
&#xD;
2020-06-30 09:26:38 - [MESSAGE][PASSED] - Object: 'Object Repository/Button/createIntent' is clicked on&#xD;
&#xD;
2020-06-30 09:26:42 - [MESSAGE][PASSED] - Keys 'Is chair available in Hyderbad store?' sent to object: 'Object Repository/Input/utterance'&#xD;
&#xD;
2020-06-30 09:26:45 - [MESSAGE][PASSED] - Object: 'Object Repository/Button/addUtterance' is clicked on&#xD;
&#xD;
2020-06-30 09:26:50 - [MESSAGE][PASSED] - Delayed 5 second(s)&#xD;
&#xD;
2020-06-30 09:26:55 - [MESSAGE][PASSED] - Keys 'I want to order a sofa, is it available in Mumbai store?' sent to object: 'Object Repository/Input/utterance'&#xD;
&#xD;
2020-06-30 09:26:58 - [MESSAGE][PASSED] - Object: 'Object Repository/Button/addUtterance' is clicked on&#xD;
&#xD;
2020-06-30 09:27:03 - [MESSAGE][PASSED] - Delayed 5 second(s)&#xD;
&#xD;
2020-06-30 09:27:03 - [MESSAGE][PASSED] - platform.Training.addMultipleUtterance is PASSED&#xD;
&#xD;
2020-06-30 09:27:03 - [TEST_STEP][PASSED] - sendKeys(findTestObject("Input/intentName"), testData.getValue("intent_name", 2)): Keys 'stock_check' sent to object: 'Object Repository/Input/intentName'&#xD;
&#xD;
2020-06-30 09:27:06 - [MESSAGE][PASSED] - Keys 'stock_check' sent to object: 'Object Repository/Input/intentName'&#xD;
&#xD;
2020-06-30 09:27:06 - [TEST_STEP][PASSED] - sendKeys(findTestObject("Input/finalTempKey"), testData.getValue("dynamic_template", 3)): Keys 'stock_check_template' sent to object: 'Object Repository/Input/finalTempKey'&#xD;
&#xD;
2020-06-30 09:27:09 - [MESSAGE][PASSED] - Keys 'stock_check_template' sent to object: 'Object Repository/Input/finalTempKey'&#xD;
&#xD;
2020-06-30 09:27:09 - [TEST_STEP][PASSED] - platform.Training.createInstantResponse(testData.getValue("dynamic_template", 3), "Setting default value. Will be converted to dynamic type"): platform.Training.createInstantResponse is PASSED&#xD;
&#xD;
2020-06-30 09:27:16 - [MESSAGE][PASSED] - Keys 'stock_check_template' sent to object: 'Object Repository/NewRepo2/templateKeyPopUp'&#xD;
&#xD;
2020-06-30 09:27:21 - [MESSAGE][PASSED] - Keys 'Setting default value. Will be converted to dynamic type' sent to object: 'Object Repository/NewRepo2/templateResponsePopUp'&#xD;
&#xD;
2020-06-30 09:27:23 - [MESSAGE][PASSED] - platform.Training.createInstantResponse is PASSED&#xD;
&#xD;
2020-06-30 09:27:23 - [TEST_STEP][PASSED] - platform.Method.clickOnElement(findTestObject("Button/save", ["value":" Save "])): platform.Method.clickOnElement is PASSED&#xD;
&#xD;
2020-06-30 09:27:25 - [MESSAGE][PASSED] - platform.Method.clickOnElement is PASSED&#xD;
&#xD;
2020-06-30 09:27:25 - [TEST_STEP][PASSED] - verifyElementText(findTestObject("Generic/header"), "stock_check", OPTIONAL): Actual text and expected text of test object 'Object Repository/Generic/header' are matched.&#xD;
&#xD;
2020-06-30 09:27:28 - [MESSAGE][PASSED] - Actual text and expected text of test object 'Object Repository/Generic/header' are matched.&#xD;
&#xD;
2020-06-30 09:27:28 - [TEST_STEP][PASSED] - platform.Method.clickOnElement(findTestObject("Generic/response")): platform.Method.clickOnElement is PASSED&#xD;
&#xD;
2020-06-30 09:27:31 - [MESSAGE][PASSED] - platform.Method.clickOnElement is PASSED&#xD;
&#xD;
2020-06-30 09:27:31 - [TEST_STEP][PASSED] - platform.Method.clickOnElement(findTestObject("Generic/webObjectWithText", ["textValue":"stock_check_template "])): platform.Method.clickOnElement is PASSED&#xD;
&#xD;
2020-06-30 09:27:33 - [MESSAGE][PASSED] - platform.Method.clickOnElement is PASSED&#xD;
&#xD;
2020-06-30 09:27:33 - [TEST_STEP][PASSED] - platform.Method.clickOnElement(findTestObject("Generic/webObjectWithText", ["textValue":"Rich"])): platform.Method.clickOnElement is PASSED&#xD;
&#xD;
2020-06-30 09:27:36 - [MESSAGE][PASSED] - platform.Method.clickOnElement is PASSED&#xD;
&#xD;
2020-06-30 09:27:36 - [TEST_STEP][PASSED] - platform.Method.clickOnElement(findTestObject("NewRepo2/dynamic")): platform.Method.clickOnElement is PASSED&#xD;
&#xD;
2020-06-30 09:27:38 - [MESSAGE][PASSED] - platform.Method.clickOnElement is PASSED&#xD;
&#xD;
2020-06-30 09:27:38 - [TEST_STEP][PASSED] - uploadFile(findTestObject("Input/uploadFile"), getProjectDir() + "/Collection/" + testData.getValue("dynamic_template_file", 3)): File 'D:/IMIbot.ai-Project/Collection/stock_check_template.py' sent to object: 'Object Repository/Input/uploadFile'&#xD;
&#xD;
2020-06-30 09:27:41 - [MESSAGE][PASSED] - File 'D:/IMIbot.ai-Project/Collection/stock_check_template.py' sent to object: 'Object Repository/Input/uploadFile'&#xD;
&#xD;
2020-06-30 09:27:41 - [TEST_STEP][PASSED] - platform.Method.clickOnElement(findTestObject("NewRepo/refresh")): platform.Method.clickOnElement is PASSED&#xD;
&#xD;
2020-06-30 09:27:43 - [MESSAGE][PASSED] - platform.Method.clickOnElement is PASSED</system-out>
            <system-err></system-err>
        </testcase>
        <testcase name="Test Cases/Taskbot/downvoteWithComment_Test" classname="Test Cases/Taskbot/downvoteWithComment_Test" status="PASSED">
            <system-out>2020-06-30 09:27:43 - [TEST_CASE][PASSED] - Test Cases/Taskbot/downvoteWithComment_Test: Test Cases/Taskbot/downvoteWithComment_Test&#xD;
&#xD;
2020-06-30 09:27:43 - [TEST_STEP][PASSED] - Start listener action : setUp: Current window maximized&#xD;
&#xD;
2020-06-30 09:27:43 - [TEST_STEP][PASSED] - openBrowser(URL): Browser is opened with url: 'imibot.ai'&#xD;
&#xD;
2020-06-30 09:27:44 - [MESSAGE][WARNING] - A browser is already opened. Closing browser and opening a new one&#xD;
&#xD;
2020-06-30 09:27:46 - [MESSAGE][INFO] - Starting 'Chrome' driver&#xD;
&#xD;
2020-06-30 09:27:46 - [MESSAGE][INFO] - User set preference: ['args', '[--start-maximized]']&#xD;
&#xD;
2020-06-30 09:27:59 - [MESSAGE][PASSED] - Browser is opened with url: 'imibot.ai'&#xD;
&#xD;
2020-06-30 09:27:59 - [TEST_STEP][PASSED] - maximizeWindow(): Current window maximized&#xD;
&#xD;
2020-06-30 09:28:01 - [MESSAGE][PASSED] - Current window maximized&#xD;
&#xD;
2020-06-30 09:28:01 - [TEST_STEP][PASSED] - callTestCase(findTestCase("Generic/successfulLogin_Test"), [:], STOP_ON_FAILURE): Call Test Case 'Test Cases/Generic/successfulLogin_Test' successfully&#xD;
&#xD;
2020-06-30 09:28:01 - [TEST_CASE][PASSED] - Test Cases/Generic/successfulLogin_Test: Test Cases/Generic/successfulLogin_Test&#xD;
&#xD;
2020-06-30 09:28:01 - [TEST_STEP][PASSED] - sendKeys(findTestObject("Input/username"), username): Keys 'narendra.n@imimobile.com' sent to object: 'Object Repository/Input/username'&#xD;
&#xD;
2020-06-30 09:28:04 - [MESSAGE][PASSED] - Keys 'narendra.n@imimobile.com' sent to object: 'Object Repository/Input/username'&#xD;
&#xD;
2020-06-30 09:28:04 - [TEST_STEP][PASSED] - sendKeys(findTestObject("Input/password"), password): Keys 'Test@2020' sent to object: 'Object Repository/Input/password'&#xD;
&#xD;
2020-06-30 09:28:07 - [MESSAGE][PASSED] - Keys 'Test@2020' sent to object: 'Object Repository/Input/password'&#xD;
&#xD;
2020-06-30 09:28:07 - [TEST_STEP][PASSED] - click(findTestObject("Button/signIn")): Object: 'Object Repository/Button/signIn' is clicked on&#xD;
&#xD;
2020-06-30 09:28:10 - [MESSAGE][PASSED] - Object: 'Object Repository/Button/signIn' is clicked on&#xD;
&#xD;
2020-06-30 09:28:10 - [TEST_STEP][PASSED] - if (!(waitForElementPresent(findTestObject("Button/createBot"), 30, OPTIONAL))): Object 'Object Repository/Button/createBot' is present&#xD;
&#xD;
2020-06-30 09:28:21 - [MESSAGE][PASSED] - Object 'Object Repository/Button/createBot' is present&#xD;
&#xD;
2020-06-30 09:28:21 - [MESSAGE][PASSED] - Call Test Case 'Test Cases/Generic/successfulLogin_Test' successfully&#xD;
&#xD;
2020-06-30 09:28:21 - [TEST_STEP][PASSED] - platform.Method.navigateToBot("Task bots", TASK_BOT): platform.Method.navigateToBot is PASSED&#xD;
&#xD;
2020-06-30 09:28:22 - [MESSAGE][PASSED] - Object 'Object Repository/Button/createBot' is present&#xD;
&#xD;
2020-06-30 09:28:26 - [MESSAGE][INFO] - Performing click action on bot&#xD;
&#xD;
2020-06-30 09:28:28 - [MESSAGE][PASSED] - platform.Method.navigateToBot is PASSED&#xD;
&#xD;
2020-06-30 09:28:28 - [TEST_STEP][PASSED] - platform.Method.clickOnElement(findTestObject("Generic/training")): platform.Method.clickOnElement is PASSED&#xD;
&#xD;
2020-06-30 09:28:34 - [MESSAGE][PASSED] - platform.Method.clickOnElement is PASSED&#xD;
&#xD;
2020-06-30 09:28:34 - [TEST_STEP][PASSED] - platform.Method.trainAndComment(comment): platform.Method.trainAndComment is PASSED&#xD;
&#xD;
2020-06-30 09:28:42 - [MESSAGE][PASSED] - Keys 'downvote test' sent to object: 'Object Repository/Input/comment'&#xD;
&#xD;
2020-06-30 09:28:44 - [MESSAGE][PASSED] - platform.Method.trainAndComment is PASSED&#xD;
&#xD;
2020-06-30 09:28:44 - [TEST_STEP][PASSED] - try: Object 'Object Repository/ICONS/toastMsg' is present&#xD;
&#xD;
2020-06-30 09:28:44 - [TEST_STEP][PASSED] - verifyElementPresent(findTestObject("ICONS/toastMsg"), 20, STOP_ON_FAILURE): Object 'Object Repository/ICONS/toastMsg' is present&#xD;
&#xD;
2020-06-30 09:28:46 - [MESSAGE][PASSED] - Object 'Object Repository/ICONS/toastMsg' is present&#xD;
&#xD;
2020-06-30 09:28:46 - [TEST_STEP][PASSED] - platform.Method.clickOnElement(findTestObject("Button/preview")): platform.Method.clickOnElement is PASSED&#xD;
&#xD;
2020-06-30 09:28:49 - [MESSAGE][PASSED] - platform.Method.clickOnElement is PASSED&#xD;
&#xD;
2020-06-30 09:28:49 - [TEST_STEP][PASSED] - sendKeys(findTestObject("Input/chatInput"), Keys.chord(userQuery, ENTER)): Keys 'ENTER + I want to report for damaged product at delivery' sent to object: 'Object Repository/Input/chatInput'&#xD;
&#xD;
2020-06-30 09:28:53 - [MESSAGE][PASSED] - Keys 'ENTER + I want to report for damaged product at delivery' sent to object: 'Object Repository/Input/chatInput'&#xD;
&#xD;
2020-06-30 09:28:53 - [TEST_STEP][PASSED] - waitForElementPresent(findTestObject("Generic/botReponse", ["index":2]), 10, STOP_ON_FAILURE): Object 'Object Repository/Generic/botReponse' is present&#xD;
&#xD;
2020-06-30 09:28:56 - [MESSAGE][PASSED] - Object 'Object Repository/Generic/botReponse' is present&#xD;
&#xD;
2020-06-30 09:28:56 - [TEST_STEP][PASSED] - verifyElementText(findTestObject("Generic/botReponse", ["index":2]), botResponse, OPTIONAL): Actual text 'Please enter a product name' and expected text 'Sorry, I am unable to understand your message. Could you please rephrase it?' of test object 'Object Repository/Generic/botReponse' are NOT matched. (Root cause: com.kms.katalon.core.exception.StepFailedException: Actual text 'Please enter a product name' and expected text 'Sorry, I am unable to understand your message. Could you please rephrase it?' of test object 'Object Repository/Generic/botReponse' are NOT matched.&#xD;
	at com.kms.katalon.core.webui.keyword.internal.WebUIKeywordMain.stepFailed(WebUIKeywordMain.groovy:64)&#xD;
	at com.kms.katalon.core.webui.keyword.builtin.VerifyElementTextKeyword$_verifyElementText_closure1.doCall(VerifyElementTextKeyword.groovy:57)&#xD;
	at com.kms.katalon.core.webui.keyword.builtin.VerifyElementTextKeyword$_verifyElementText_closure1.call(VerifyElementTextKeyword.groovy)&#xD;
	at com.kms.katalon.core.webui.keyword.internal.WebUIKeywordMain.runKeyword(WebUIKeywordMain.groovy:20)&#xD;
	at com.kms.katalon.core.webui.keyword.builtin.VerifyElementTextKeyword.verifyElementText(VerifyElementTextKeyword.groovy:72)&#xD;
	at com.kms.katalon.core.webui.keyword.builtin.VerifyElementTextKeyword.execute(VerifyElementTextKeyword.groovy:40)&#xD;
	at com.kms.katalon.core.keyword.internal.KeywordExecutor.executeKeywordForPlatform(KeywordExecutor.groovy:56)&#xD;
	at com.kms.katalon.core.webui.keyword.WebUiBuiltInKeywords.verifyElementText(WebUiBuiltInKeywords.groovy:3647)&#xD;
	at com.kms.katalon.core.webui.keyword.WebUiBuiltInKeywords$verifyElementText$5.call(Unknown Source)&#xD;
	at downvoteWithComment_Test.run(downvoteWithComment_Test:39)&#xD;
	at com.kms.katalon.core.main.ScriptEngine.run(ScriptEngine.java:194)&#xD;
	at com.kms.katalon.core.main.ScriptEngine.runScriptAsRawText(ScriptEngine.java:119)&#xD;
	at com.kms.katalon.core.main.TestCaseExecutor.runScript(TestCaseExecutor.java:337)&#xD;
	at com.kms.katalon.core.main.TestCaseExecutor.doExecute(TestCaseExecutor.java:328)&#xD;
	at com.kms.katalon.core.main.TestCaseExecutor.processExecutionPhase(TestCaseExecutor.java:307)&#xD;
	at com.kms.katalon.core.main.TestCaseExecutor.accessMainPhase(TestCaseExecutor.java:299)&#xD;
	at com.kms.katalon.core.main.TestCaseExecutor.execute(TestCaseExecutor.java:233)&#xD;
	at com.kms.katalon.core.main.TestSuiteExecutor.accessTestCaseMainPhase(TestSuiteExecutor.java:169)&#xD;
	at com.kms.katalon.core.main.TestSuiteExecutor.accessTestSuiteMainPhase(TestSuiteExecutor.java:142)&#xD;
	at com.kms.katalon.core.main.TestSuiteExecutor.execute(TestSuiteExecutor.java:91)&#xD;
	at com.kms.katalon.core.main.TestCaseMain.startTestSuite(TestCaseMain.java:157)&#xD;
	at com.kms.katalon.core.main.TestCaseMain$startTestSuite$0.call(Unknown Source)&#xD;
	at TempTestSuite1593488264183.run(TempTestSuite1593488264183.groovy:35)&#xD;
)&#xD;
&#xD;
2020-06-30 09:29:00 - [MESSAGE][WARNING] - Actual text 'Please enter a product name' and expected text 'Sorry, I am unable to understand your message. Could you please rephrase it?' of test object 'Object Repository/Generic/botReponse' are NOT matched. (Root cause: com.kms.katalon.core.exception.StepFailedException: Actual text 'Please enter a product name' and expected text 'Sorry, I am unable to understand your message. Could you please rephrase it?' of test object 'Object Repository/Generic/botReponse' are NOT matched.&#xD;
	at com.kms.katalon.core.webui.keyword.internal.WebUIKeywordMain.stepFailed(WebUIKeywordMain.groovy:64)&#xD;
	at com.kms.katalon.core.webui.keyword.builtin.VerifyElementTextKeyword$_verifyElementText_closure1.doCall(VerifyElementTextKeyword.groovy:57)&#xD;
	at com.kms.katalon.core.webui.keyword.builtin.VerifyElementTextKeyword$_verifyElementText_closure1.call(VerifyElementTextKeyword.groovy)&#xD;
	at com.kms.katalon.core.webui.keyword.internal.WebUIKeywordMain.runKeyword(WebUIKeywordMain.groovy:20)&#xD;
	at com.kms.katalon.core.webui.keyword.builtin.VerifyElementTextKeyword.verifyElementText(VerifyElementTextKeyword.groovy:72)&#xD;
	at com.kms.katalon.core.webui.keyword.builtin.VerifyElementTextKeyword.execute(VerifyElementTextKeyword.groovy:40)&#xD;
	at com.kms.katalon.core.keyword.internal.KeywordExecutor.executeKeywordForPlatform(KeywordExecutor.groovy:56)&#xD;
	at com.kms.katalon.core.webui.keyword.WebUiBuiltInKeywords.verifyElementText(WebUiBuiltInKeywords.groovy:3647)&#xD;
	at com.kms.katalon.core.webui.keyword.WebUiBuiltInKeywords$verifyElementText$5.call(Unknown Source)&#xD;
	at downvoteWithComment_Test.run(downvoteWithComment_Test:39)&#xD;
	at com.kms.katalon.core.main.ScriptEngine.run(ScriptEngine.java:194)&#xD;
	at com.kms.katalon.core.main.ScriptEngine.runScriptAsRawText(ScriptEngine.java:119)&#xD;
	at com.kms.katalon.core.main.TestCaseExecutor.runScript(TestCaseExecutor.java:337)&#xD;
	at com.kms.katalon.core.main.TestCaseExecutor.doExecute(TestCaseExecutor.java:328)&#xD;
	at com.kms.katalon.core.main.TestCaseExecutor.processExecutionPhase(TestCaseExecutor.java:307)&#xD;
	at com.kms.katalon.core.main.TestCaseExecutor.accessMainPhase(TestCaseExecutor.java:299)&#xD;
	at com.kms.katalon.core.main.TestCaseExecutor.execute(TestCaseExecutor.java:233)&#xD;
	at com.kms.katalon.core.main.TestSuiteExecutor.accessTestCaseMainPhase(TestSuiteExecutor.java:169)&#xD;
	at com.kms.katalon.core.main.TestSuiteExecutor.accessTestSuiteMainPhase(TestSuiteExecutor.java:142)&#xD;
	at com.kms.katalon.core.main.TestSuiteExecutor.execute(TestSuiteExecutor.java:91)&#xD;
	at com.kms.katalon.core.main.TestCaseMain.startTestSuite(TestCaseMain.java:157)&#xD;
	at com.kms.katalon.core.main.TestCaseMain$startTestSuite$0.call(Unknown Source)&#xD;
	at TempTestSuite1593488264183.run(TempTestSuite1593488264183.groovy:35)&#xD;
)&#xD;
[[ATTACHMENT|D:\\IMIbot.ai-Project\\Reports\\20200630_090743\\taskSuiteE2E\\20200630_090744\\1593489538471.png]]&#xD;
&#xD;
2020-06-30 09:29:00 - [TEST_STEP][PASSED] - platform.Preview.downvoteResponseWithComment(findTestData("Data Files/testData_Task").getValue("comment", 3)): platform.Preview.downvoteResponseWithComment is PASSED&#xD;
&#xD;
2020-06-30 09:29:03 - [MESSAGE][PASSED] - Object: 'Object Repository/Button/downvote' is clicked on&#xD;
&#xD;
2020-06-30 09:29:06 - [MESSAGE][PASSED] - Keys 'Bot response is not relevant to my query' sent to object: 'Object Repository/Input/downvoteComment'&#xD;
&#xD;
2020-06-30 09:29:09 - [MESSAGE][PASSED] - platform.Preview.downvoteResponseWithComment is PASSED&#xD;
&#xD;
2020-06-30 09:29:09 - [TEST_STEP][PASSED] - getRoomIdAt = new java.util.ArrayList(): null&#xD;
&#xD;
2020-06-30 09:29:09 - [TEST_STEP][PASSED] - getRoomIdAt = platform.Utility.getRoomID(): platform.Utility.getRoomID is PASSED&#xD;
&#xD;
2020-06-30 09:29:13 - [MESSAGE][PASSED] - platform.Utility.getRoomID is PASSED&#xD;
&#xD;
2020-06-30 09:29:13 - [TEST_STEP][PASSED] - roomID = get(0).toString(): null&#xD;
&#xD;
2020-06-30 09:29:13 - [TEST_STEP][PASSED] - platform.Utility.overWriteTestData("Task bot", 1, 0, roomID): platform.Utility.overWriteTestData is PASSED&#xD;
&#xD;
2020-06-30 09:29:14 - [MESSAGE][PASSED] - platform.Utility.overWriteTestData is PASSED&#xD;
&#xD;
2020-06-30 09:29:14 - [TEST_STEP][PASSED] - platform.Method.clickOnElement(findTestObject("Generic/session")): platform.Method.clickOnElement is PASSED&#xD;
&#xD;
2020-06-30 09:29:18 - [MESSAGE][PASSED] - platform.Method.clickOnElement is PASSED&#xD;
&#xD;
2020-06-30 09:29:18 - [TEST_STEP][PASSED] - platform.Method.clickOnElement(findTestObject("GenericII/minimize")): platform.Method.clickOnElement is PASSED&#xD;
&#xD;
2020-06-30 09:29:20 - [MESSAGE][PASSED] - platform.Method.clickOnElement is PASSED&#xD;
&#xD;
2020-06-30 09:29:20 - [TEST_STEP][PASSED] - setText(findTestObject("Input/roomID", ["value":"id"]), roomID): Text '3813627' is set on object 'Object Repository/Input/roomID'&#xD;
&#xD;
2020-06-30 09:29:24 - [MESSAGE][PASSED] - Text '3813627' is set on object 'Object Repository/Input/roomID'&#xD;
&#xD;
2020-06-30 09:29:24 - [TEST_STEP][PASSED] - platform.Method.clickOnElement(findTestObject("Button/submitSession")): platform.Method.clickOnElement is PASSED&#xD;
&#xD;
2020-06-30 09:29:27 - [MESSAGE][PASSED] - platform.Method.clickOnElement is PASSED&#xD;
&#xD;
2020-06-30 09:29:27 - [TEST_STEP][PASSED] - platform.Method.clickOnElement(findTestObject("Generic/webObjectWithText", ["textValue":roomID])): platform.Method.clickOnElement is PASSED&#xD;
&#xD;
2020-06-30 09:29:29 - [MESSAGE][PASSED] - platform.Method.clickOnElement is PASSED&#xD;
&#xD;
2020-06-30 09:29:29 - [TEST_STEP][PASSED] - mouseOver(findTestObject("Generic/webObjectWithText", ["textValue":"Downvoted with comment"])): Object: 'Object Repository/Generic/webObjectWithText' is hovered&#xD;
&#xD;
2020-06-30 09:29:32 - [MESSAGE][PASSED] - Object: 'Object Repository/Generic/webObjectWithText' is hovered&#xD;
&#xD;
2020-06-30 09:29:32 - [TEST_STEP][PASSED] - verifyElementPresent(findTestObject("Generic/webObjectWithText", ["textValue":"Downvoted with comment"]), 10, STOP_ON_FAILURE): Object 'Object Repository/Generic/webObjectWithText' is present&#xD;
&#xD;
2020-06-30 09:29:33 - [MESSAGE][PASSED] - Object 'Object Repository/Generic/webObjectWithText' is present</system-out>
            <system-err></system-err>
        </testcase>
        <testcase name="Test Cases/Taskbot/createNewIntentCuration_Test" classname="Test Cases/Taskbot/createNewIntentCuration_Test" status="PASSED">
            <system-out>2020-06-30 09:29:33 - [TEST_CASE][PASSED] - Test Cases/Taskbot/createNewIntentCuration_Test: Test Cases/Taskbot/createNewIntentCuration_Test&#xD;
&#xD;
2020-06-30 09:29:33 - [TEST_STEP][PASSED] - Start listener action : setUp: Current window maximized&#xD;
&#xD;
2020-06-30 09:29:33 - [TEST_STEP][PASSED] - openBrowser(URL): Browser is opened with url: 'imibot.ai'&#xD;
&#xD;
2020-06-30 09:29:33 - [MESSAGE][WARNING] - A browser is already opened. Closing browser and opening a new one&#xD;
&#xD;
2020-06-30 09:29:37 - [MESSAGE][INFO] - Starting 'Chrome' driver&#xD;
&#xD;
2020-06-30 09:29:37 - [MESSAGE][INFO] - User set preference: ['args', '[--start-maximized]']&#xD;
&#xD;
2020-06-30 09:29:50 - [MESSAGE][PASSED] - Browser is opened with url: 'imibot.ai'&#xD;
&#xD;
2020-06-30 09:29:50 - [TEST_STEP][PASSED] - maximizeWindow(): Current window maximized&#xD;
&#xD;
2020-06-30 09:29:52 - [MESSAGE][PASSED] - Current window maximized&#xD;
&#xD;
2020-06-30 09:29:53 - [TEST_STEP][PASSED] - callTestCase(findTestCase("Generic/successfulLogin_Test"), [:], STOP_ON_FAILURE): Call Test Case 'Test Cases/Generic/successfulLogin_Test' successfully&#xD;
&#xD;
2020-06-30 09:29:53 - [TEST_CASE][PASSED] - Test Cases/Generic/successfulLogin_Test: Test Cases/Generic/successfulLogin_Test&#xD;
&#xD;
2020-06-30 09:29:53 - [TEST_STEP][PASSED] - sendKeys(findTestObject("Input/username"), username): Keys 'narendra.n@imimobile.com' sent to object: 'Object Repository/Input/username'&#xD;
&#xD;
2020-06-30 09:29:56 - [MESSAGE][PASSED] - Keys 'narendra.n@imimobile.com' sent to object: 'Object Repository/Input/username'&#xD;
&#xD;
2020-06-30 09:29:56 - [TEST_STEP][PASSED] - sendKeys(findTestObject("Input/password"), password): Keys 'Test@2020' sent to object: 'Object Repository/Input/password'&#xD;
&#xD;
2020-06-30 09:29:59 - [MESSAGE][PASSED] - Keys 'Test@2020' sent to object: 'Object Repository/Input/password'&#xD;
&#xD;
2020-06-30 09:29:59 - [TEST_STEP][PASSED] - click(findTestObject("Button/signIn")): Object: 'Object Repository/Button/signIn' is clicked on&#xD;
&#xD;
2020-06-30 09:30:02 - [MESSAGE][PASSED] - Object: 'Object Repository/Button/signIn' is clicked on&#xD;
&#xD;
2020-06-30 09:30:02 - [TEST_STEP][PASSED] - if (!(waitForElementPresent(findTestObject("Button/createBot"), 30, OPTIONAL))): Object 'Object Repository/Button/createBot' is present&#xD;
&#xD;
2020-06-30 09:30:14 - [MESSAGE][PASSED] - Object 'Object Repository/Button/createBot' is present&#xD;
&#xD;
2020-06-30 09:30:14 - [MESSAGE][PASSED] - Call Test Case 'Test Cases/Generic/successfulLogin_Test' successfully&#xD;
&#xD;
2020-06-30 09:30:14 - [TEST_STEP][PASSED] - platform.Method.navigateToBot("Task bots", TASK_BOT): platform.Method.navigateToBot is PASSED&#xD;
&#xD;
2020-06-30 09:30:15 - [MESSAGE][PASSED] - Object 'Object Repository/Button/createBot' is present&#xD;
&#xD;
2020-06-30 09:30:18 - [MESSAGE][INFO] - Performing click action on bot&#xD;
&#xD;
2020-06-30 09:30:20 - [MESSAGE][PASSED] - platform.Method.navigateToBot is PASSED&#xD;
&#xD;
2020-06-30 09:30:20 - [TEST_STEP][PASSED] - testData = findTestData("Data Files/testData_Task"): null&#xD;
&#xD;
2020-06-30 09:30:21 - [TEST_STEP][PASSED] - platform.Method.clickOnElement(findTestObject("Generic/curation")): platform.Method.clickOnElement is PASSED&#xD;
&#xD;
2020-06-30 09:30:26 - [MESSAGE][PASSED] - platform.Method.clickOnElement is PASSED&#xD;
&#xD;
2020-06-30 09:30:26 - [TEST_STEP][PASSED] - platform.Method.clickOnElement(findTestObject("Generic/webObjectWithText", ["textValue":"Issues"])): platform.Method.clickOnElement is PASSED&#xD;
&#xD;
2020-06-30 09:30:29 - [MESSAGE][PASSED] - platform.Method.clickOnElement is PASSED&#xD;
&#xD;
2020-06-30 09:30:29 - [TEST_STEP][PASSED] - sendKeys(findTestObject("Input/roomID", ["value":"room_id"]), testData.getValue("room_id", 1)): Keys '3813627' sent to object: 'Object Repository/Input/roomID'&#xD;
&#xD;
2020-06-30 09:30:32 - [MESSAGE][PASSED] - Keys '3813627' sent to object: 'Object Repository/Input/roomID'&#xD;
&#xD;
2020-06-30 09:30:32 - [TEST_STEP][PASSED] - platform.Method.toClickOnWebElement(findTestObject("Button/filter")): platform.Method.toClickOnWebElement is PASSED&#xD;
&#xD;
2020-06-30 09:30:34 - [MESSAGE][PASSED] - Object: 'Object Repository/Button/filter' is clicked on&#xD;
&#xD;
2020-06-30 09:30:34 - [MESSAGE][PASSED] - platform.Method.toClickOnWebElement is PASSED&#xD;
&#xD;
2020-06-30 09:30:34 - [TEST_STEP][PASSED] - verifyElementPresent(findTestObject("ICONS/downvote"), 10, STOP_ON_FAILURE): Object 'Object Repository/ICONS/downvote' is present&#xD;
&#xD;
2020-06-30 09:30:36 - [MESSAGE][PASSED] - Object 'Object Repository/ICONS/downvote' is present&#xD;
&#xD;
2020-06-30 09:30:36 - [TEST_STEP][PASSED] - platform.Method.toClickOnWebElement(findTestObject("Button/addToNewIntent")): platform.Method.toClickOnWebElement is PASSED&#xD;
&#xD;
2020-06-30 09:30:39 - [MESSAGE][PASSED] - Object: 'Object Repository/Button/addToNewIntent' is clicked on&#xD;
&#xD;
2020-06-30 09:30:39 - [MESSAGE][PASSED] - platform.Method.toClickOnWebElement is PASSED&#xD;
&#xD;
2020-06-30 09:30:39 - [TEST_STEP][PASSED] - verifyElementText(findTestObject("Generic/header"), "Create intent", STOP_ON_FAILURE): Actual text and expected text of test object 'Object Repository/Generic/header' are matched.&#xD;
&#xD;
2020-06-30 09:30:41 - [MESSAGE][PASSED] - Actual text and expected text of test object 'Object Repository/Generic/header' are matched.&#xD;
&#xD;
2020-06-30 09:30:41 - [TEST_STEP][PASSED] - sendKeys(findTestObject("Input/intentName"), testData.getValue("intent_name", 4)): Keys 'report_complain' sent to object: 'Object Repository/Input/intentName'&#xD;
&#xD;
2020-06-30 09:30:44 - [MESSAGE][PASSED] - Keys 'report_complain' sent to object: 'Object Repository/Input/intentName'&#xD;
&#xD;
2020-06-30 09:30:44 - [TEST_STEP][PASSED] - platform.Method.clickOnElement(findTestObject("Slots/linkEntity")): platform.Method.clickOnElement is PASSED&#xD;
&#xD;
2020-06-30 09:30:46 - [MESSAGE][PASSED] - platform.Method.clickOnElement is PASSED&#xD;
&#xD;
2020-06-30 09:30:46 - [TEST_STEP][PASSED] - platform.Method.clickOnElement(findTestObject("Generic/webObjectWithText", ["textValue":"order_id"])): platform.Method.clickOnElement is PASSED&#xD;
&#xD;
2020-06-30 09:30:49 - [MESSAGE][PASSED] - platform.Method.clickOnElement is PASSED&#xD;
&#xD;
2020-06-30 09:30:49 - [TEST_STEP][PASSED] - check(findTestObject("Slots/checkbox", ["rowValue":1])): Object 'Object Repository/Slots/checkbox' is checked&#xD;
&#xD;
2020-06-30 09:30:52 - [MESSAGE][PASSED] - Object 'Object Repository/Slots/checkbox' is checked&#xD;
&#xD;
2020-06-30 09:30:52 - [TEST_STEP][PASSED] - setText(findTestObject("Slots/retries", ["rowValue":1]), "2"): Text '2' is set on object 'Object Repository/Slots/retries'&#xD;
&#xD;
2020-06-30 09:30:56 - [MESSAGE][PASSED] - Text '2' is set on object 'Object Repository/Slots/retries'&#xD;
&#xD;
2020-06-30 09:30:56 - [TEST_STEP][PASSED] - setText(findTestObject("Slots/templateKey", ["rowValue":1]), testData.getValue("missing_entity", 2)): Text 'missing_order_id' is set on object 'Object Repository/Slots/templateKey'&#xD;
&#xD;
2020-06-30 09:31:01 - [MESSAGE][PASSED] - Text 'missing_order_id' is set on object 'Object Repository/Slots/templateKey'&#xD;
&#xD;
2020-06-30 09:31:01 - [TEST_STEP][PASSED] - platform.Training.createInstantResponse(findTestData("Data Files/testData_Task").getValue("missing_entity", 2), testData.getValue("missing_entity_default_text", 2)): platform.Training.createInstantResponse is PASSED&#xD;
&#xD;
2020-06-30 09:31:07 - [MESSAGE][PASSED] - Keys 'missing_order_id' sent to object: 'Object Repository/NewRepo2/templateKeyPopUp'&#xD;
&#xD;
2020-06-30 09:31:10 - [MESSAGE][PASSED] - Keys 'Please enter your order id' sent to object: 'Object Repository/NewRepo2/templateResponsePopUp'&#xD;
&#xD;
2020-06-30 09:31:13 - [MESSAGE][PASSED] - platform.Training.createInstantResponse is PASSED&#xD;
&#xD;
2020-06-30 09:31:13 - [TEST_STEP][PASSED] - platform.Method.clickOnElement(findTestObject("Generic/webObjectWithText", ["textValue":testData.getValue("missing_entity", 2)])): platform.Method.clickOnElement is PASSED&#xD;
&#xD;
2020-06-30 09:31:15 - [MESSAGE][PASSED] - platform.Method.clickOnElement is PASSED&#xD;
&#xD;
2020-06-30 09:31:15 - [TEST_STEP][PASSED] - sendKeys(findTestObject("Input/finalTempKey"), testData.getValue("final_template", 2)): Keys 'regret_message' sent to object: 'Object Repository/Input/finalTempKey'&#xD;
&#xD;
2020-06-30 09:31:18 - [MESSAGE][PASSED] - Keys 'regret_message' sent to object: 'Object Repository/Input/finalTempKey'&#xD;
&#xD;
2020-06-30 09:31:18 - [TEST_STEP][PASSED] - platform.Training.createInstantResponse(findTestData("Data Files/testData_Task").getValue("missing_entity", 3), testData.getValue("missing_entity_default_text", 3)): platform.Training.createInstantResponse is PASSED&#xD;
&#xD;
2020-06-30 09:31:24 - [MESSAGE][PASSED] - Keys 'regret_message' sent to object: 'Object Repository/NewRepo2/templateKeyPopUp'&#xD;
&#xD;
2020-06-30 09:31:29 - [MESSAGE][PASSED] - Keys 'Sorry for the inconvenience caused. We are escalating your request. An agent will be assigned to you shortly.' sent to object: 'Object Repository/NewRepo2/templateResponsePopUp'&#xD;
&#xD;
2020-06-30 09:31:31 - [MESSAGE][PASSED] - platform.Training.createInstantResponse is PASSED&#xD;
&#xD;
2020-06-30 09:31:31 - [TEST_STEP][PASSED] - platform.Method.clickOnElement(findTestObject("Button/save", ["value":" Save "])): platform.Method.clickOnElement is PASSED&#xD;
&#xD;
2020-06-30 09:31:34 - [MESSAGE][PASSED] - platform.Method.clickOnElement is PASSED&#xD;
&#xD;
2020-06-30 09:31:34 - [TEST_STEP][PASSED] - platform.Method.trainAndComment(testData.getValue("comment", 4)): platform.Method.trainAndComment is PASSED&#xD;
&#xD;
2020-06-30 09:31:44 - [MESSAGE][PASSED] - Keys 'complain intent created' sent to object: 'Object Repository/Input/comment'&#xD;
&#xD;
2020-06-30 09:31:47 - [MESSAGE][PASSED] - platform.Method.trainAndComment is PASSED&#xD;
&#xD;
2020-06-30 09:31:47 - [TEST_STEP][PASSED] - verifyElementPresent(findTestObject("ICONS/toastMsg"), 20, STOP_ON_FAILURE): Object 'Object Repository/ICONS/toastMsg' is present&#xD;
&#xD;
2020-06-30 09:31:48 - [MESSAGE][PASSED] - Object 'Object Repository/ICONS/toastMsg' is present&#xD;
&#xD;
2020-06-30 09:31:48 - [TEST_STEP][PASSED] - platform.Method.clickOnElement(findTestObject("Button/preview")): platform.Method.clickOnElement is PASSED&#xD;
&#xD;
2020-06-30 09:31:51 - [MESSAGE][PASSED] - platform.Method.clickOnElement is PASSED&#xD;
&#xD;
2020-06-30 09:31:51 - [TEST_STEP][PASSED] - sendKeys(findTestObject("Input/chatInput"), Keys.chord(userQuery, ENTER)): Keys 'ENTER + report for damaged product' sent to object: 'Object Repository/Input/chatInput'&#xD;
&#xD;
2020-06-30 09:31:54 - [MESSAGE][PASSED] - Keys 'ENTER + report for damaged product' sent to object: 'Object Repository/Input/chatInput'&#xD;
&#xD;
2020-06-30 09:31:54 - [TEST_STEP][PASSED] - delay(2): Delayed 2 second(s)&#xD;
&#xD;
2020-06-30 09:31:56 - [MESSAGE][PASSED] - Delayed 2 second(s)&#xD;
&#xD;
2020-06-30 09:31:56 - [TEST_STEP][PASSED] - verifyElementText(findTestObject("GenericII/getBotResponse", ["index":2]), testData.getValue("missing_entity_default_text", 2), STOP_ON_FAILURE): Actual text and expected text of test object 'Object Repository/GenericII/getBotResponse' are matched.&#xD;
&#xD;
2020-06-30 09:31:59 - [MESSAGE][PASSED] - Actual text and expected text of test object 'Object Repository/GenericII/getBotResponse' are matched.&#xD;
&#xD;
2020-06-30 09:31:59 - [TEST_STEP][PASSED] - sendKeys(findTestObject("Input/chatInput"), Keys.chord("00001234", ENTER)): Keys 'ENTER + 00001234' sent to object: 'Object Repository/Input/chatInput'&#xD;
&#xD;
2020-06-30 09:32:01 - [MESSAGE][PASSED] - Keys 'ENTER + 00001234' sent to object: 'Object Repository/Input/chatInput'&#xD;
&#xD;
2020-06-30 09:32:01 - [TEST_STEP][PASSED] - verifyElementText(findTestObject("GenericII/getBotResponse", ["index":3]), testData.getValue("missing_entity_default_text", 3), STOP_ON_FAILURE): Actual text and expected text of test object 'Object Repository/GenericII/getBotResponse' are matched.&#xD;
&#xD;
2020-06-30 09:32:05 - [MESSAGE][PASSED] - Actual text and expected text of test object 'Object Repository/GenericII/getBotResponse' are matched.&#xD;
&#xD;
2020-06-30 09:32:05 - [TEST_STEP][PASSED] - platform.Method.clickOnElement(findTestObject("Button/upvote")): platform.Method.clickOnElement is PASSED&#xD;
&#xD;
2020-06-30 09:32:07 - [MESSAGE][PASSED] - platform.Method.clickOnElement is PASSED</system-out>
            <system-err></system-err>
        </testcase>
        <testcase name="Test Cases/Taskbot/agentHandover_Test" classname="Test Cases/Taskbot/agentHandover_Test" status="PASSED">
            <system-out>2020-06-30 09:32:08 - [TEST_CASE][PASSED] - Test Cases/Taskbot/agentHandover_Test: Test Cases/Taskbot/agentHandover_Test&#xD;
&#xD;
2020-06-30 09:32:08 - [TEST_STEP][PASSED] - Start listener action : setUp: Current window maximized&#xD;
&#xD;
2020-06-30 09:32:08 - [TEST_STEP][PASSED] - openBrowser(URL): Browser is opened with url: 'imibot.ai'&#xD;
&#xD;
2020-06-30 09:32:08 - [MESSAGE][WARNING] - A browser is already opened. Closing browser and opening a new one&#xD;
&#xD;
2020-06-30 09:32:10 - [MESSAGE][INFO] - Starting 'Chrome' driver&#xD;
&#xD;
2020-06-30 09:32:10 - [MESSAGE][INFO] - User set preference: ['args', '[--start-maximized]']&#xD;
&#xD;
2020-06-30 09:32:22 - [MESSAGE][PASSED] - Browser is opened with url: 'imibot.ai'&#xD;
&#xD;
2020-06-30 09:32:22 - [TEST_STEP][PASSED] - maximizeWindow(): Current window maximized&#xD;
&#xD;
2020-06-30 09:32:24 - [MESSAGE][PASSED] - Current window maximized&#xD;
&#xD;
2020-06-30 09:32:25 - [TEST_STEP][PASSED] - callTestCase(findTestCase("Generic/successfulLogin_Test"), [:], STOP_ON_FAILURE): Call Test Case 'Test Cases/Generic/successfulLogin_Test' successfully&#xD;
&#xD;
2020-06-30 09:32:25 - [TEST_CASE][PASSED] - Test Cases/Generic/successfulLogin_Test: Test Cases/Generic/successfulLogin_Test&#xD;
&#xD;
2020-06-30 09:32:25 - [TEST_STEP][PASSED] - sendKeys(findTestObject("Input/username"), username): Keys 'narendra.n@imimobile.com' sent to object: 'Object Repository/Input/username'&#xD;
&#xD;
2020-06-30 09:32:28 - [MESSAGE][PASSED] - Keys 'narendra.n@imimobile.com' sent to object: 'Object Repository/Input/username'&#xD;
&#xD;
2020-06-30 09:32:28 - [TEST_STEP][PASSED] - sendKeys(findTestObject("Input/password"), password): Keys 'Test@2020' sent to object: 'Object Repository/Input/password'&#xD;
&#xD;
2020-06-30 09:32:31 - [MESSAGE][PASSED] - Keys 'Test@2020' sent to object: 'Object Repository/Input/password'&#xD;
&#xD;
2020-06-30 09:32:31 - [TEST_STEP][PASSED] - click(findTestObject("Button/signIn")): Object: 'Object Repository/Button/signIn' is clicked on&#xD;
&#xD;
2020-06-30 09:32:34 - [MESSAGE][PASSED] - Object: 'Object Repository/Button/signIn' is clicked on&#xD;
&#xD;
2020-06-30 09:32:34 - [TEST_STEP][PASSED] - if (!(waitForElementPresent(findTestObject("Button/createBot"), 30, OPTIONAL))): Object 'Object Repository/Button/createBot' is present&#xD;
&#xD;
2020-06-30 09:32:45 - [MESSAGE][PASSED] - Object 'Object Repository/Button/createBot' is present&#xD;
&#xD;
2020-06-30 09:32:45 - [MESSAGE][PASSED] - Call Test Case 'Test Cases/Generic/successfulLogin_Test' successfully&#xD;
&#xD;
2020-06-30 09:32:45 - [TEST_STEP][PASSED] - platform.Method.navigateToBot("Task bots", TASK_BOT): platform.Method.navigateToBot is PASSED&#xD;
&#xD;
2020-06-30 09:32:47 - [MESSAGE][PASSED] - Object 'Object Repository/Button/createBot' is present&#xD;
&#xD;
2020-06-30 09:32:49 - [MESSAGE][INFO] - Performing click action on bot&#xD;
&#xD;
2020-06-30 09:32:52 - [MESSAGE][PASSED] - platform.Method.navigateToBot is PASSED&#xD;
&#xD;
2020-06-30 09:32:52 - [TEST_STEP][PASSED] - testData = findTestData("Data Files/testData_Task"): null&#xD;
&#xD;
2020-06-30 09:32:52 - [TEST_STEP][PASSED] - platform.Method.clickOnElement(findTestObject("Generic/webObjectWithText", ["textValue":"Handover and Inference"])): platform.Method.clickOnElement is PASSED&#xD;
&#xD;
2020-06-30 09:32:56 - [MESSAGE][PASSED] - platform.Method.clickOnElement is PASSED&#xD;
&#xD;
2020-06-30 09:32:56 - [TEST_STEP][PASSED] - platform.Method.clickOnElement(findTestObject("Toggle/enableFallback")): platform.Method.clickOnElement is PASSED&#xD;
&#xD;
2020-06-30 09:32:59 - [MESSAGE][PASSED] - platform.Method.clickOnElement is PASSED&#xD;
&#xD;
2020-06-30 09:32:59 - [TEST_STEP][PASSED] - setText(findTestObject("Input/fallback"), testData.getValue("handover_value", 1)): Text '2' is set on object 'Object Repository/Input/fallback'&#xD;
&#xD;
2020-06-30 09:33:03 - [MESSAGE][PASSED] - Text '2' is set on object 'Object Repository/Input/fallback'&#xD;
&#xD;
2020-06-30 09:33:03 - [TEST_STEP][PASSED] - platform.Method.clickOnElement(findTestObject("Toggle/enablePartialMatch")): platform.Method.clickOnElement is PASSED&#xD;
&#xD;
2020-06-30 09:33:06 - [MESSAGE][PASSED] - platform.Method.clickOnElement is PASSED&#xD;
&#xD;
2020-06-30 09:33:06 - [TEST_STEP][PASSED] - setText(findTestObject("Input/partialMatch"), testData.getValue("handover_value", 1)): Text '2' is set on object 'Object Repository/Input/partialMatch'&#xD;
&#xD;
2020-06-30 09:33:10 - [MESSAGE][PASSED] - Text '2' is set on object 'Object Repository/Input/partialMatch'&#xD;
&#xD;
2020-06-30 09:33:10 - [TEST_STEP][PASSED] - platform.Method.clickOnElement(findTestObject("Toggle/retries")): platform.Method.clickOnElement is PASSED&#xD;
&#xD;
2020-06-30 09:33:13 - [MESSAGE][PASSED] - platform.Method.clickOnElement is PASSED&#xD;
&#xD;
2020-06-30 09:33:13 - [TEST_STEP][PASSED] - platform.Method.clickOnElement(findTestObject("Button/updateBot")): platform.Method.clickOnElement is PASSED&#xD;
&#xD;
2020-06-30 09:33:15 - [MESSAGE][PASSED] - platform.Method.clickOnElement is PASSED&#xD;
&#xD;
2020-06-30 09:33:15 - [TEST_STEP][PASSED] - verifyElementPresent(findTestObject("ICONS/toastMsg"), 20, STOP_ON_FAILURE): Object 'Object Repository/ICONS/toastMsg' is present&#xD;
&#xD;
2020-06-30 09:33:18 - [MESSAGE][PASSED] - Object 'Object Repository/ICONS/toastMsg' is present&#xD;
&#xD;
2020-06-30 09:33:18 - [TEST_STEP][PASSED] - platform.Method.clickOnElement(findTestObject("Generic/session")): platform.Method.clickOnElement is PASSED&#xD;
&#xD;
2020-06-30 09:33:22 - [MESSAGE][PASSED] - platform.Method.clickOnElement is PASSED&#xD;
&#xD;
2020-06-30 09:33:22 - [TEST_STEP][PASSED] - platform.Method.clickOnElement(findTestObject("Button/preview")): platform.Method.clickOnElement is PASSED&#xD;
&#xD;
2020-06-30 09:33:24 - [MESSAGE][PASSED] - platform.Method.clickOnElement is PASSED&#xD;
&#xD;
2020-06-30 09:33:24 - [TEST_STEP][PASSED] - for ([count = 1, count &lt;= Integer.parseInt(testData.getValue("handover_value", 1)), (count++)]): Object 'Object Repository/GenericII/getBotResponse' is present&#xD;
&#xD;
2020-06-30 09:33:24 - [TEST_STEP][PASSED] - sendKeys(findTestObject("Input/chatInput"), Keys.chord(userQuery, ENTER)): Keys 'ENTER + IH-98/26, Katalon area' sent to object: 'Object Repository/Input/chatInput'&#xD;
&#xD;
2020-06-30 09:33:28 - [MESSAGE][PASSED] - Keys 'ENTER + IH-98/26, Katalon area' sent to object: 'Object Repository/Input/chatInput'&#xD;
&#xD;
2020-06-30 09:33:28 - [TEST_STEP][PASSED] - verifyElementPresent(findTestObject("GenericII/getBotResponse", ["index":count + 1]), 15, OPTIONAL): Object 'Object Repository/GenericII/getBotResponse' is present&#xD;
&#xD;
2020-06-30 09:33:29 - [MESSAGE][PASSED] - Object 'Object Repository/GenericII/getBotResponse' is present&#xD;
&#xD;
2020-06-30 09:33:29 - [TEST_STEP][PASSED] - sendKeys(findTestObject("Input/chatInput"), Keys.chord(userQuery, ENTER)): Keys 'ENTER + IH-98/26, Katalon area' sent to object: 'Object Repository/Input/chatInput'&#xD;
&#xD;
2020-06-30 09:33:32 - [MESSAGE][PASSED] - Keys 'ENTER + IH-98/26, Katalon area' sent to object: 'Object Repository/Input/chatInput'&#xD;
&#xD;
2020-06-30 09:33:32 - [TEST_STEP][PASSED] - verifyElementPresent(findTestObject("GenericII/getBotResponse", ["index":count + 1]), 15, OPTIONAL): Object 'Object Repository/GenericII/getBotResponse' is present&#xD;
&#xD;
2020-06-30 09:33:33 - [MESSAGE][PASSED] - Object 'Object Repository/GenericII/getBotResponse' is present&#xD;
&#xD;
2020-06-30 09:33:33 - [TEST_STEP][PASSED] - verifyElementText(findTestObject("GenericII/getBotResponse", ["index":4]), agentHandover, STOP_ON_FAILURE): Actual text and expected text of test object 'Object Repository/GenericII/getBotResponse' are matched.&#xD;
&#xD;
2020-06-30 09:33:36 - [MESSAGE][PASSED] - Actual text and expected text of test object 'Object Repository/GenericII/getBotResponse' are matched.&#xD;
&#xD;
2020-06-30 09:33:36 - [TEST_STEP][PASSED] - roomID = new java.util.ArrayList(): null&#xD;
&#xD;
2020-06-30 09:33:36 - [TEST_STEP][PASSED] - roomID = platform.Utility.getRoomID(): platform.Utility.getRoomID is PASSED&#xD;
&#xD;
2020-06-30 09:33:40 - [MESSAGE][PASSED] - platform.Utility.getRoomID is PASSED&#xD;
&#xD;
2020-06-30 09:33:40 - [TEST_STEP][PASSED] - platform.Method.clickOnElement(findTestObject("GenericII/minimize")): platform.Method.clickOnElement is PASSED&#xD;
&#xD;
2020-06-30 09:33:43 - [MESSAGE][PASSED] - platform.Method.clickOnElement is PASSED&#xD;
&#xD;
2020-06-30 09:33:43 - [TEST_STEP][PASSED] - platform.Session.searchByRoomMetaData("Agent handover happened"): platform.Session.searchByRoomMetaData is PASSED&#xD;
&#xD;
2020-06-30 09:33:48 - [MESSAGE][PASSED] - platform.Session.searchByRoomMetaData is PASSED&#xD;
&#xD;
2020-06-30 09:33:48 - [TEST_STEP][PASSED] - verifyTextPresent(get(0).toString(), false, STOP_ON_FAILURE): Text '3813638' is present on page &#xD;
&#xD;
2020-06-30 09:33:52 - [MESSAGE][PASSED] - Text '3813638' is present on page &#xD;
&#xD;
2020-06-30 09:33:52 - [TEST_STEP][PASSED] - platform.Method.clickOnElement(findTestObject("Button/clear")): platform.Method.clickOnElement is PASSED&#xD;
&#xD;
2020-06-30 09:33:54 - [MESSAGE][PASSED] - platform.Method.clickOnElement is PASSED&#xD;
&#xD;
2020-06-30 09:33:54 - [TEST_STEP][PASSED] - platform.Method.clickOnElement(findTestObject("Button/preview")): platform.Method.clickOnElement is PASSED&#xD;
&#xD;
2020-06-30 09:33:57 - [MESSAGE][PASSED] - platform.Method.clickOnElement is PASSED&#xD;
&#xD;
2020-06-30 09:33:57 - [TEST_STEP][PASSED] - for ([count = 1, count &lt;= Integer.parseInt(testData.getValue("handover_value", 1)) + 1, (count++)]): null&#xD;
&#xD;
2020-06-30 09:33:57 - [TEST_STEP][PASSED] - sendKeys(findTestObject("Input/chatInput"), Keys.chord(retry, ENTER)): Keys 'ENTER + Delivery service in chennai' sent to object: 'Object Repository/Input/chatInput'&#xD;
&#xD;
2020-06-30 09:34:00 - [MESSAGE][PASSED] - Keys 'ENTER + Delivery service in chennai' sent to object: 'Object Repository/Input/chatInput'&#xD;
&#xD;
2020-06-30 09:34:00 - [TEST_STEP][PASSED] - verifyElementPresent(findTestObject("GenericII/getBotResponse", ["index":count + 1]), 15, OPTIONAL): Object 'Object Repository/GenericII/getBotResponse' is present&#xD;
&#xD;
2020-06-30 09:34:03 - [MESSAGE][PASSED] - Object 'Object Repository/GenericII/getBotResponse' is present&#xD;
&#xD;
2020-06-30 09:34:03 - [TEST_STEP][PASSED] - if (count == 3): null&#xD;
&#xD;
2020-06-30 09:34:03 - [TEST_STEP][PASSED] - verifyElementText(findTestObject("GenericII/getBotResponse", ["index":count + 1]), testData.getValue("missing_entity_default_text", 1), STOP_ON_FAILURE): Actual text and expected text of test object 'Object Repository/GenericII/getBotResponse' are matched.&#xD;
&#xD;
2020-06-30 09:34:05 - [MESSAGE][PASSED] - Actual text and expected text of test object 'Object Repository/GenericII/getBotResponse' are matched.&#xD;
&#xD;
2020-06-30 09:34:05 - [TEST_STEP][PASSED] - sendKeys(findTestObject("Input/chatInput"), Keys.chord(retry, ENTER)): Keys 'ENTER + Delivery service in chennai' sent to object: 'Object Repository/Input/chatInput'&#xD;
&#xD;
2020-06-30 09:34:09 - [MESSAGE][PASSED] - Keys 'ENTER + Delivery service in chennai' sent to object: 'Object Repository/Input/chatInput'&#xD;
&#xD;
2020-06-30 09:34:09 - [TEST_STEP][PASSED] - verifyElementPresent(findTestObject("GenericII/getBotResponse", ["index":count + 1]), 15, OPTIONAL): Object 'Object Repository/GenericII/getBotResponse' is present&#xD;
&#xD;
2020-06-30 09:34:10 - [MESSAGE][PASSED] - Object 'Object Repository/GenericII/getBotResponse' is present&#xD;
&#xD;
2020-06-30 09:34:10 - [TEST_STEP][PASSED] - if (count == 3): null&#xD;
&#xD;
2020-06-30 09:34:10 - [TEST_STEP][PASSED] - verifyElementText(findTestObject("GenericII/getBotResponse", ["index":count + 1]), testData.getValue("missing_entity_default_text", 1), STOP_ON_FAILURE): Actual text and expected text of test object 'Object Repository/GenericII/getBotResponse' are matched.&#xD;
&#xD;
2020-06-30 09:34:12 - [MESSAGE][PASSED] - Actual text and expected text of test object 'Object Repository/GenericII/getBotResponse' are matched.&#xD;
&#xD;
2020-06-30 09:34:12 - [TEST_STEP][PASSED] - sendKeys(findTestObject("Input/chatInput"), Keys.chord(retry, ENTER)): Keys 'ENTER + Delivery service in chennai' sent to object: 'Object Repository/Input/chatInput'&#xD;
&#xD;
2020-06-30 09:34:16 - [MESSAGE][PASSED] - Keys 'ENTER + Delivery service in chennai' sent to object: 'Object Repository/Input/chatInput'&#xD;
&#xD;
2020-06-30 09:34:16 - [TEST_STEP][PASSED] - verifyElementPresent(findTestObject("GenericII/getBotResponse", ["index":count + 1]), 15, OPTIONAL): Object 'Object Repository/GenericII/getBotResponse' is present&#xD;
&#xD;
2020-06-30 09:34:17 - [MESSAGE][PASSED] - Object 'Object Repository/GenericII/getBotResponse' is present&#xD;
&#xD;
2020-06-30 09:34:17 - [TEST_STEP][PASSED] - if (count == 3): null&#xD;
&#xD;
2020-06-30 09:34:17 - [TEST_STEP][PASSED] - break: null&#xD;
&#xD;
2020-06-30 09:34:17 - [TEST_STEP][PASSED] - newRoomID = new java.util.ArrayList(): null&#xD;
&#xD;
2020-06-30 09:34:17 - [TEST_STEP][PASSED] - newRoomID = platform.Utility.getRoomID(): platform.Utility.getRoomID is PASSED&#xD;
&#xD;
2020-06-30 09:34:24 - [MESSAGE][PASSED] - platform.Utility.getRoomID is PASSED&#xD;
&#xD;
2020-06-30 09:34:24 - [TEST_STEP][PASSED] - platform.Method.clickOnElement(findTestObject("GenericII/minimize")): platform.Method.clickOnElement is PASSED&#xD;
&#xD;
2020-06-30 09:34:26 - [MESSAGE][PASSED] - platform.Method.clickOnElement is PASSED&#xD;
&#xD;
2020-06-30 09:34:26 - [TEST_STEP][PASSED] - platform.Session.searchByRoomID(get(0).toString()): platform.Session.searchByRoomID is PASSED&#xD;
&#xD;
2020-06-30 09:34:30 - [MESSAGE][PASSED] - Text '3813641' is set on object 'Object Repository/Input/roomID'&#xD;
&#xD;
2020-06-30 09:34:33 - [MESSAGE][PASSED] - platform.Session.searchByRoomID is PASSED&#xD;
&#xD;
2020-06-30 09:34:33 - [TEST_STEP][PASSED] - verifyElementPresent(findTestObject("ICONS/sendToAgent"), 10, STOP_ON_FAILURE): Object 'Object Repository/ICONS/sendToAgent' is present&#xD;
&#xD;
2020-06-30 09:34:34 - [MESSAGE][PASSED] - Object 'Object Repository/ICONS/sendToAgent' is present</system-out>
            <system-err></system-err>
        </testcase>
        <testcase name="Test Cases/Taskbot/explictAgentHandover_Test" classname="Test Cases/Taskbot/explictAgentHandover_Test" status="PASSED">
            <system-out>2020-06-30 09:34:34 - [TEST_CASE][PASSED] - Test Cases/Taskbot/explictAgentHandover_Test: Test Cases/Taskbot/explictAgentHandover_Test&#xD;
&#xD;
2020-06-30 09:34:34 - [TEST_STEP][PASSED] - Start listener action : setUp: Current window maximized&#xD;
&#xD;
2020-06-30 09:34:34 - [TEST_STEP][PASSED] - openBrowser(URL): Browser is opened with url: 'imibot.ai'&#xD;
&#xD;
2020-06-30 09:34:34 - [MESSAGE][WARNING] - A browser is already opened. Closing browser and opening a new one&#xD;
&#xD;
2020-06-30 09:34:37 - [MESSAGE][INFO] - Starting 'Chrome' driver&#xD;
&#xD;
2020-06-30 09:34:37 - [MESSAGE][INFO] - User set preference: ['args', '[--start-maximized]']&#xD;
&#xD;
2020-06-30 09:34:49 - [MESSAGE][PASSED] - Browser is opened with url: 'imibot.ai'&#xD;
&#xD;
2020-06-30 09:34:49 - [TEST_STEP][PASSED] - maximizeWindow(): Current window maximized&#xD;
&#xD;
2020-06-30 09:34:51 - [MESSAGE][PASSED] - Current window maximized&#xD;
&#xD;
2020-06-30 09:34:52 - [TEST_STEP][PASSED] - callTestCase(findTestCase("Generic/successfulLogin_Test"), [:], STOP_ON_FAILURE): Call Test Case 'Test Cases/Generic/successfulLogin_Test' successfully&#xD;
&#xD;
2020-06-30 09:34:52 - [TEST_CASE][PASSED] - Test Cases/Generic/successfulLogin_Test: Test Cases/Generic/successfulLogin_Test&#xD;
&#xD;
2020-06-30 09:34:52 - [TEST_STEP][PASSED] - sendKeys(findTestObject("Input/username"), username): Keys 'narendra.n@imimobile.com' sent to object: 'Object Repository/Input/username'&#xD;
&#xD;
2020-06-30 09:34:57 - [MESSAGE][PASSED] - Keys 'narendra.n@imimobile.com' sent to object: 'Object Repository/Input/username'&#xD;
&#xD;
2020-06-30 09:34:57 - [TEST_STEP][PASSED] - sendKeys(findTestObject("Input/password"), password): Keys 'Test@2020' sent to object: 'Object Repository/Input/password'&#xD;
&#xD;
2020-06-30 09:34:59 - [MESSAGE][PASSED] - Keys 'Test@2020' sent to object: 'Object Repository/Input/password'&#xD;
&#xD;
2020-06-30 09:34:59 - [TEST_STEP][PASSED] - click(findTestObject("Button/signIn")): Object: 'Object Repository/Button/signIn' is clicked on&#xD;
&#xD;
2020-06-30 09:35:02 - [MESSAGE][PASSED] - Object: 'Object Repository/Button/signIn' is clicked on&#xD;
&#xD;
2020-06-30 09:35:02 - [TEST_STEP][PASSED] - if (!(waitForElementPresent(findTestObject("Button/createBot"), 30, OPTIONAL))): Object 'Object Repository/Button/createBot' is present&#xD;
&#xD;
2020-06-30 09:35:14 - [MESSAGE][PASSED] - Object 'Object Repository/Button/createBot' is present&#xD;
&#xD;
2020-06-30 09:35:14 - [MESSAGE][PASSED] - Call Test Case 'Test Cases/Generic/successfulLogin_Test' successfully&#xD;
&#xD;
2020-06-30 09:35:14 - [TEST_STEP][PASSED] - platform.Method.navigateToBot("Task bots", TASK_BOT): platform.Method.navigateToBot is PASSED&#xD;
&#xD;
2020-06-30 09:35:16 - [MESSAGE][PASSED] - Object 'Object Repository/Button/createBot' is present&#xD;
&#xD;
2020-06-30 09:35:18 - [MESSAGE][INFO] - Performing click action on bot&#xD;
&#xD;
2020-06-30 09:35:21 - [MESSAGE][PASSED] - platform.Method.navigateToBot is PASSED&#xD;
&#xD;
2020-06-30 09:35:21 - [TEST_STEP][PASSED] - platform.Method.clickOnElement(findTestObject("Generic/training")): platform.Method.clickOnElement is PASSED&#xD;
&#xD;
2020-06-30 09:35:28 - [MESSAGE][PASSED] - platform.Method.clickOnElement is PASSED&#xD;
&#xD;
2020-06-30 09:35:28 - [TEST_STEP][PASSED] - testData = findTestData("Data Files/testData_Task"): null&#xD;
&#xD;
2020-06-30 09:35:28 - [TEST_STEP][PASSED] - platform.Training.addMultipleUtterance(testData, "handover_utterance"): platform.Training.addMultipleUtterance is PASSED&#xD;
&#xD;
2020-06-30 09:35:31 - [MESSAGE][PASSED] - Object: 'Object Repository/Button/createIntent' is clicked on&#xD;
&#xD;
2020-06-30 09:35:34 - [MESSAGE][PASSED] - Keys 'talk to an agent' sent to object: 'Object Repository/Input/utterance'&#xD;
&#xD;
2020-06-30 09:35:37 - [MESSAGE][PASSED] - Object: 'Object Repository/Button/addUtterance' is clicked on&#xD;
&#xD;
2020-06-30 09:35:42 - [MESSAGE][PASSED] - Delayed 5 second(s)&#xD;
&#xD;
2020-06-30 09:35:45 - [MESSAGE][PASSED] - Keys 'connect me to human' sent to object: 'Object Repository/Input/utterance'&#xD;
&#xD;
2020-06-30 09:35:48 - [MESSAGE][PASSED] - Object: 'Object Repository/Button/addUtterance' is clicked on&#xD;
&#xD;
2020-06-30 09:35:53 - [MESSAGE][PASSED] - Delayed 5 second(s)&#xD;
&#xD;
2020-06-30 09:35:57 - [MESSAGE][PASSED] - Keys 'Could you please help me' sent to object: 'Object Repository/Input/utterance'&#xD;
&#xD;
2020-06-30 09:36:00 - [MESSAGE][PASSED] - Object: 'Object Repository/Button/addUtterance' is clicked on&#xD;
&#xD;
2020-06-30 09:36:05 - [MESSAGE][PASSED] - Delayed 5 second(s)&#xD;
&#xD;
2020-06-30 09:36:05 - [MESSAGE][PASSED] - platform.Training.addMultipleUtterance is PASSED&#xD;
&#xD;
2020-06-30 09:36:05 - [TEST_STEP][PASSED] - sendKeys(findTestObject("Input/intentName"), testData.getValue("intent_name", 5)): Keys 'agent_handover' sent to object: 'Object Repository/Input/intentName'&#xD;
&#xD;
2020-06-30 09:36:08 - [MESSAGE][PASSED] - Keys 'agent_handover' sent to object: 'Object Repository/Input/intentName'&#xD;
&#xD;
2020-06-30 09:36:08 - [TEST_STEP][PASSED] - sendKeys(findTestObject("Input/finalTempKey"), "Agent handover"): Keys 'Agent handover' sent to object: 'Object Repository/Input/finalTempKey'&#xD;
&#xD;
2020-06-30 09:36:11 - [MESSAGE][PASSED] - Keys 'Agent handover' sent to object: 'Object Repository/Input/finalTempKey'&#xD;
&#xD;
2020-06-30 09:36:11 - [TEST_STEP][PASSED] - platform.Method.clickOnElement(findTestObject("Generic/webObjectWithText", ["textValue":"Agent handover"])): platform.Method.clickOnElement is PASSED&#xD;
&#xD;
2020-06-30 09:36:14 - [MESSAGE][PASSED] - platform.Method.clickOnElement is PASSED&#xD;
&#xD;
2020-06-30 09:36:14 - [TEST_STEP][PASSED] - platform.Method.clickOnElement(findTestObject("Button/save", ["value":" Save "])): platform.Method.clickOnElement is PASSED&#xD;
&#xD;
2020-06-30 09:36:16 - [MESSAGE][PASSED] - platform.Method.clickOnElement is PASSED&#xD;
&#xD;
2020-06-30 09:36:16 - [TEST_STEP][PASSED] - verifyElementText(findTestObject("Generic/header"), "agent_handover", STOP_ON_FAILURE): Actual text and expected text of test object 'Object Repository/Generic/header' are matched.&#xD;
&#xD;
2020-06-30 09:36:18 - [MESSAGE][PASSED] - Actual text and expected text of test object 'Object Repository/Generic/header' are matched.&#xD;
&#xD;
2020-06-30 09:36:18 - [TEST_STEP][PASSED] - platform.Method.clickOnElement(findTestObject("NewRepo/intentGoBack")): platform.Method.clickOnElement is PASSED&#xD;
&#xD;
2020-06-30 09:36:21 - [MESSAGE][PASSED] - platform.Method.clickOnElement is PASSED&#xD;
&#xD;
2020-06-30 09:36:21 - [TEST_STEP][PASSED] - platform.Method.trainAndComment(testData.getValue("comment", 5)): platform.Method.trainAndComment is PASSED&#xD;
&#xD;
2020-06-30 09:36:30 - [MESSAGE][PASSED] - Keys 'explicit handover to agent intent created' sent to object: 'Object Repository/Input/comment'&#xD;
&#xD;
2020-06-30 09:36:32 - [MESSAGE][PASSED] - platform.Method.trainAndComment is PASSED&#xD;
&#xD;
2020-06-30 09:36:32 - [TEST_STEP][PASSED] - verifyElementPresent(findTestObject("ICONS/toastMsg"), 20, STOP_ON_FAILURE): Object 'Object Repository/ICONS/toastMsg' is present&#xD;
&#xD;
2020-06-30 09:36:33 - [MESSAGE][PASSED] - Object 'Object Repository/ICONS/toastMsg' is present&#xD;
&#xD;
2020-06-30 09:36:33 - [TEST_STEP][PASSED] - platform.Method.clickOnElement(findTestObject("Button/preview")): platform.Method.clickOnElement is PASSED&#xD;
&#xD;
2020-06-30 09:36:36 - [MESSAGE][PASSED] - platform.Method.clickOnElement is PASSED&#xD;
&#xD;
2020-06-30 09:36:36 - [TEST_STEP][PASSED] - sendKeys(findTestObject("Input/chatInput"), Keys.chord("connect me to agent", ENTER)): Keys 'ENTER + connect me to agent' sent to object: 'Object Repository/Input/chatInput'&#xD;
&#xD;
2020-06-30 09:36:40 - [MESSAGE][PASSED] - Keys 'ENTER + connect me to agent' sent to object: 'Object Repository/Input/chatInput'&#xD;
&#xD;
2020-06-30 09:36:40 - [TEST_STEP][PASSED] - verifyElementPresent(findTestObject("GenericII/getBotResponse", ["index":2]), 20, STOP_ON_FAILURE): Object 'Object Repository/GenericII/getBotResponse' is present&#xD;
&#xD;
2020-06-30 09:36:42 - [MESSAGE][PASSED] - Object 'Object Repository/GenericII/getBotResponse' is present&#xD;
&#xD;
2020-06-30 09:36:42 - [TEST_STEP][PASSED] - verifyElementText(findTestObject("GenericII/getBotResponse", ["index":2]), botResponse, STOP_ON_FAILURE): Actual text and expected text of test object 'Object Repository/GenericII/getBotResponse' are matched.&#xD;
&#xD;
2020-06-30 09:36:44 - [MESSAGE][PASSED] - Actual text and expected text of test object 'Object Repository/GenericII/getBotResponse' are matched.&#xD;
&#xD;
2020-06-30 09:36:44 - [TEST_STEP][PASSED] - platform.Method.clickOnElement(findTestObject("Button/preview")): platform.Method.clickOnElement is PASSED&#xD;
&#xD;
2020-06-30 09:36:46 - [MESSAGE][PASSED] - platform.Method.clickOnElement is PASSED&#xD;
&#xD;
2020-06-30 09:36:46 - [TEST_STEP][PASSED] - for ([count = 1, count &lt; 3, (count++)]): Object 'Object Repository/GenericII/getBotResponse' is present&#xD;
&#xD;
2020-06-30 09:36:46 - [TEST_STEP][PASSED] - sendKeys(findTestObject("Input/chatInput"), Keys.chord("Could you please help me", ENTER)): Keys 'ENTER + Could you please help me' sent to object: 'Object Repository/Input/chatInput'&#xD;
&#xD;
2020-06-30 09:36:50 - [MESSAGE][PASSED] - Keys 'ENTER + Could you please help me' sent to object: 'Object Repository/Input/chatInput'&#xD;
&#xD;
2020-06-30 09:36:50 - [TEST_STEP][PASSED] - verifyElementPresent(findTestObject("GenericII/getBotResponse", ["index":count + 1]), 20, OPTIONAL): Object 'Object Repository/GenericII/getBotResponse' is present&#xD;
&#xD;
2020-06-30 09:36:51 - [MESSAGE][PASSED] - Object 'Object Repository/GenericII/getBotResponse' is present&#xD;
&#xD;
2020-06-30 09:36:51 - [TEST_STEP][PASSED] - sendKeys(findTestObject("Input/chatInput"), Keys.chord("Could you please help me", ENTER)): Keys 'ENTER + Could you please help me' sent to object: 'Object Repository/Input/chatInput'&#xD;
&#xD;
2020-06-30 09:36:54 - [MESSAGE][PASSED] - Keys 'ENTER + Could you please help me' sent to object: 'Object Repository/Input/chatInput'&#xD;
&#xD;
2020-06-30 09:36:54 - [TEST_STEP][PASSED] - verifyElementPresent(findTestObject("GenericII/getBotResponse", ["index":count + 1]), 20, OPTIONAL): Object 'Object Repository/GenericII/getBotResponse' is present&#xD;
&#xD;
2020-06-30 09:36:57 - [MESSAGE][PASSED] - Object 'Object Repository/GenericII/getBotResponse' is present&#xD;
&#xD;
2020-06-30 09:36:57 - [TEST_STEP][PASSED] - verifyElementText(findTestObject("GenericII/getBotResponse", ["index":4]), botResponse, STOP_ON_FAILURE): Actual text and expected text of test object 'Object Repository/GenericII/getBotResponse' are matched.&#xD;
&#xD;
2020-06-30 09:36:59 - [MESSAGE][PASSED] - Actual text and expected text of test object 'Object Repository/GenericII/getBotResponse' are matched.&#xD;
&#xD;
2020-06-30 09:36:59 - [TEST_STEP][PASSED] - roomID = new java.util.ArrayList(): null&#xD;
&#xD;
2020-06-30 09:36:59 - [TEST_STEP][PASSED] - roomID = platform.Utility.getRoomID(): platform.Utility.getRoomID is PASSED&#xD;
&#xD;
2020-06-30 09:37:06 - [MESSAGE][PASSED] - platform.Utility.getRoomID is PASSED&#xD;
&#xD;
2020-06-30 09:37:06 - [TEST_STEP][PASSED] - platform.Method.clickOnElement(findTestObject("GenericII/minimize")): platform.Method.clickOnElement is PASSED&#xD;
&#xD;
2020-06-30 09:37:09 - [MESSAGE][PASSED] - platform.Method.clickOnElement is PASSED&#xD;
&#xD;
2020-06-30 09:37:09 - [TEST_STEP][PASSED] - platform.Method.clickOnElement(findTestObject("Generic/curation")): platform.Method.clickOnElement is PASSED&#xD;
&#xD;
2020-06-30 09:37:13 - [MESSAGE][PASSED] - platform.Method.clickOnElement is PASSED&#xD;
&#xD;
2020-06-30 09:37:13 - [TEST_STEP][PASSED] - platform.Method.clickOnElement(findTestObject("Generic/webObjectWithText", ["textValue":"Agent handover"])): platform.Method.clickOnElement is PASSED&#xD;
&#xD;
2020-06-30 09:37:16 - [MESSAGE][PASSED] - platform.Method.clickOnElement is PASSED&#xD;
&#xD;
2020-06-30 09:37:16 - [TEST_STEP][PASSED] - sendKeys(findTestObject("Input/roomID", ["value":"room_id"]), get(0).toString()): Keys '3813646' sent to object: 'Object Repository/Input/roomID'&#xD;
&#xD;
2020-06-30 09:37:19 - [MESSAGE][PASSED] - Keys '3813646' sent to object: 'Object Repository/Input/roomID'&#xD;
&#xD;
2020-06-30 09:37:19 - [TEST_STEP][PASSED] - platform.Method.toClickOnWebElement(findTestObject("Button/filter")): platform.Method.toClickOnWebElement is PASSED&#xD;
&#xD;
2020-06-30 09:37:22 - [MESSAGE][PASSED] - Object: 'Object Repository/Button/filter' is clicked on&#xD;
&#xD;
2020-06-30 09:37:22 - [MESSAGE][PASSED] - platform.Method.toClickOnWebElement is PASSED&#xD;
&#xD;
2020-06-30 09:37:22 - [TEST_STEP][PASSED] - verifyTextPresent(get(0).toString(), false, STOP_ON_FAILURE): Text '3813646' is present on page &#xD;
&#xD;
2020-06-30 09:37:26 - [MESSAGE][PASSED] - Text '3813646' is present on page</system-out>
            <system-err></system-err>
        </testcase>
        <testcase name="Test Cases/Taskbot/partialMatchResponseConfiguration_Test" classname="Test Cases/Taskbot/partialMatchResponseConfiguration_Test" status="PASSED">
            <system-out>2020-06-30 09:37:26 - [TEST_CASE][PASSED] - Test Cases/Taskbot/partialMatchResponseConfiguration_Test: Test Cases/Taskbot/partialMatchResponseConfiguration_Test&#xD;
&#xD;
2020-06-30 09:37:26 - [TEST_STEP][PASSED] - Start listener action : setUp: Current window maximized&#xD;
&#xD;
2020-06-30 09:37:26 - [TEST_STEP][PASSED] - openBrowser(URL): Browser is opened with url: 'imibot.ai'&#xD;
&#xD;
2020-06-30 09:37:26 - [MESSAGE][WARNING] - A browser is already opened. Closing browser and opening a new one&#xD;
&#xD;
2020-06-30 09:37:28 - [MESSAGE][INFO] - Starting 'Chrome' driver&#xD;
&#xD;
2020-06-30 09:37:28 - [MESSAGE][INFO] - User set preference: ['args', '[--start-maximized]']&#xD;
&#xD;
2020-06-30 09:37:41 - [MESSAGE][PASSED] - Browser is opened with url: 'imibot.ai'&#xD;
&#xD;
2020-06-30 09:37:41 - [TEST_STEP][PASSED] - maximizeWindow(): Current window maximized&#xD;
&#xD;
2020-06-30 09:37:43 - [MESSAGE][PASSED] - Current window maximized&#xD;
&#xD;
2020-06-30 09:37:44 - [TEST_STEP][PASSED] - callTestCase(findTestCase("Generic/successfulLogin_Test"), [:], STOP_ON_FAILURE): Call Test Case 'Test Cases/Generic/successfulLogin_Test' successfully&#xD;
&#xD;
2020-06-30 09:37:44 - [TEST_CASE][PASSED] - Test Cases/Generic/successfulLogin_Test: Test Cases/Generic/successfulLogin_Test&#xD;
&#xD;
2020-06-30 09:37:44 - [TEST_STEP][PASSED] - sendKeys(findTestObject("Input/username"), username): Keys 'narendra.n@imimobile.com' sent to object: 'Object Repository/Input/username'&#xD;
&#xD;
2020-06-30 09:37:47 - [MESSAGE][PASSED] - Keys 'narendra.n@imimobile.com' sent to object: 'Object Repository/Input/username'&#xD;
&#xD;
2020-06-30 09:37:47 - [TEST_STEP][PASSED] - sendKeys(findTestObject("Input/password"), password): Keys 'Test@2020' sent to object: 'Object Repository/Input/password'&#xD;
&#xD;
2020-06-30 09:37:50 - [MESSAGE][PASSED] - Keys 'Test@2020' sent to object: 'Object Repository/Input/password'&#xD;
&#xD;
2020-06-30 09:37:50 - [TEST_STEP][PASSED] - click(findTestObject("Button/signIn")): Object: 'Object Repository/Button/signIn' is clicked on&#xD;
&#xD;
2020-06-30 09:37:53 - [MESSAGE][PASSED] - Object: 'Object Repository/Button/signIn' is clicked on&#xD;
&#xD;
2020-06-30 09:37:53 - [TEST_STEP][PASSED] - if (!(waitForElementPresent(findTestObject("Button/createBot"), 30, OPTIONAL))): Object 'Object Repository/Button/createBot' is present&#xD;
&#xD;
2020-06-30 09:38:03 - [MESSAGE][PASSED] - Object 'Object Repository/Button/createBot' is present&#xD;
&#xD;
2020-06-30 09:38:03 - [MESSAGE][PASSED] - Call Test Case 'Test Cases/Generic/successfulLogin_Test' successfully&#xD;
&#xD;
2020-06-30 09:38:03 - [TEST_STEP][PASSED] - platform.Method.navigateToBot("Task bots", TASK_BOT): platform.Method.navigateToBot is PASSED&#xD;
&#xD;
2020-06-30 09:38:04 - [MESSAGE][PASSED] - Object 'Object Repository/Button/createBot' is present&#xD;
&#xD;
2020-06-30 09:38:07 - [MESSAGE][INFO] - Performing click action on bot&#xD;
&#xD;
2020-06-30 09:38:10 - [MESSAGE][PASSED] - platform.Method.navigateToBot is PASSED&#xD;
&#xD;
2020-06-30 09:38:10 - [TEST_STEP][PASSED] - testData = findTestData("Data Files/testData_Task"): null&#xD;
&#xD;
2020-06-30 09:38:10 - [TEST_STEP][PASSED] - platform.Method.clickOnElement(findTestObject("Generic/response")): platform.Method.clickOnElement is PASSED&#xD;
&#xD;
2020-06-30 09:38:14 - [MESSAGE][PASSED] - platform.Method.clickOnElement is PASSED&#xD;
&#xD;
2020-06-30 09:38:14 - [TEST_STEP][PASSED] - platform.Method.clickOnElement(findTestObject("Generic/webObjectWithText", ["textValue":"Partial match "])): platform.Method.clickOnElement is PASSED&#xD;
&#xD;
2020-06-30 09:38:16 - [MESSAGE][PASSED] - platform.Method.clickOnElement is PASSED&#xD;
&#xD;
2020-06-30 09:38:16 - [TEST_STEP][PASSED] - setText(findTestObject("Input/textResponse"), testData.getValue("partial_match_message", 1), STOP_ON_FAILURE): Text 'Sorry but I'm unable to comprehend your intent. Following are the list of relevant intent to your query, please select one if you find it similar to what you are looking for.' is set on object 'Object Repository/Input/textResponse'&#xD;
&#xD;
2020-06-30 09:38:25 - [MESSAGE][PASSED] - Text 'Sorry but I'm unable to comprehend your intent. Following are the list of relevant intent to your query, please select one if you find it similar to what you are looking for.' is set on object 'Object Repository/Input/textResponse'&#xD;
&#xD;
2020-06-30 09:38:25 - [TEST_STEP][PASSED] - platform.Method.clickOnElement(findTestObject("NewRepo/refresh")): platform.Method.clickOnElement is PASSED&#xD;
&#xD;
2020-06-30 09:38:28 - [MESSAGE][PASSED] - platform.Method.clickOnElement is PASSED&#xD;
&#xD;
2020-06-30 09:38:28 - [TEST_STEP][PASSED] - platform.Method.clickOnElement(findTestObject("Generic/training")): platform.Method.clickOnElement is PASSED&#xD;
&#xD;
2020-06-30 09:38:31 - [MESSAGE][PASSED] - platform.Method.clickOnElement is PASSED&#xD;
&#xD;
2020-06-30 09:38:31 - [TEST_STEP][PASSED] - waitForElementPresent(findTestObject("Generic/webObjectWithText", ["textValue":"report_complain"]), 30, OPTIONAL): Object 'Object Repository/Generic/webObjectWithText' is present&#xD;
&#xD;
2020-06-30 09:38:32 - [MESSAGE][PASSED] - Object 'Object Repository/Generic/webObjectWithText' is present&#xD;
&#xD;
2020-06-30 09:38:32 - [TEST_STEP][PASSED] - platform.Method.clickOnElement(findTestObject("Generic/webObjectWithText", ["textValue":"report_complain"])): platform.Method.clickOnElement is PASSED&#xD;
&#xD;
2020-06-30 09:38:35 - [MESSAGE][PASSED] - platform.Method.clickOnElement is PASSED&#xD;
&#xD;
2020-06-30 09:38:35 - [TEST_STEP][PASSED] - sendKeys(findTestObject("Input/utterance"), "how can you help"): Keys 'how can you help' sent to object: 'Object Repository/Input/utterance'&#xD;
&#xD;
2020-06-30 09:38:39 - [MESSAGE][PASSED] - Keys 'how can you help' sent to object: 'Object Repository/Input/utterance'&#xD;
&#xD;
2020-06-30 09:38:39 - [TEST_STEP][PASSED] - platform.Method.clickOnElement(findTestObject("Button/addUtterance")): platform.Method.clickOnElement is PASSED&#xD;
&#xD;
2020-06-30 09:38:42 - [MESSAGE][PASSED] - platform.Method.clickOnElement is PASSED&#xD;
&#xD;
2020-06-30 09:38:42 - [TEST_STEP][PASSED] - platform.Method.clickOnElement(findTestObject("Button/save", ["value":" Save "])): platform.Method.clickOnElement is PASSED&#xD;
&#xD;
2020-06-30 09:38:44 - [MESSAGE][PASSED] - platform.Method.clickOnElement is PASSED&#xD;
&#xD;
2020-06-30 09:38:44 - [TEST_STEP][PASSED] - platform.Method.clickOnElement(findTestObject("NewRepo/intentGoBack")): platform.Method.clickOnElement is PASSED&#xD;
&#xD;
2020-06-30 09:38:47 - [MESSAGE][PASSED] - platform.Method.clickOnElement is PASSED&#xD;
&#xD;
2020-06-30 09:38:47 - [TEST_STEP][PASSED] - platform.Method.trainAndComment(findTestData("Data Files/testData_Task").getValue("comment", 7)): platform.Method.trainAndComment is PASSED&#xD;
&#xD;
2020-06-30 09:38:55 - [MESSAGE][PASSED] - Keys 'test for partial match' sent to object: 'Object Repository/Input/comment'&#xD;
&#xD;
2020-06-30 09:38:58 - [MESSAGE][PASSED] - platform.Method.trainAndComment is PASSED&#xD;
&#xD;
2020-06-30 09:38:58 - [TEST_STEP][PASSED] - waitForElementPresent(findTestObject("ICONS/toastMsg"), 60, OPTIONAL): Object 'Object Repository/ICONS/toastMsg' is present&#xD;
&#xD;
2020-06-30 09:38:59 - [MESSAGE][PASSED] - Object 'Object Repository/ICONS/toastMsg' is present&#xD;
&#xD;
2020-06-30 09:38:59 - [TEST_STEP][PASSED] - platform.Method.clickOnElement(findTestObject("Button/preview")): platform.Method.clickOnElement is PASSED&#xD;
&#xD;
2020-06-30 09:39:01 - [MESSAGE][PASSED] - platform.Method.clickOnElement is PASSED&#xD;
&#xD;
2020-06-30 09:39:01 - [TEST_STEP][PASSED] - sendKeys(findTestObject("Input/chatInput"), Keys.chord(userQuery, ENTER)): Keys 'ENTER + how can you help' sent to object: 'Object Repository/Input/chatInput'&#xD;
&#xD;
2020-06-30 09:39:05 - [MESSAGE][PASSED] - Keys 'ENTER + how can you help' sent to object: 'Object Repository/Input/chatInput'&#xD;
&#xD;
2020-06-30 09:39:05 - [TEST_STEP][PASSED] - verifyElementText(findTestObject("GenericII/getBotResponse", ["index":2]), testData.getValue("partial_match_message", 1), STOP_ON_FAILURE): Actual text and expected text of test object 'Object Repository/GenericII/getBotResponse' are matched.&#xD;
&#xD;
2020-06-30 09:39:08 - [MESSAGE][PASSED] - Actual text and expected text of test object 'Object Repository/GenericII/getBotResponse' are matched.&#xD;
&#xD;
2020-06-30 09:39:08 - [TEST_STEP][PASSED] - platform.Method.clickOnElement(findTestObject("Button/upvote")): platform.Method.clickOnElement is PASSED&#xD;
&#xD;
2020-06-30 09:39:10 - [MESSAGE][PASSED] - platform.Method.clickOnElement is PASSED</system-out>
            <system-err></system-err>
        </testcase>
        <testcase name="Test Cases/Taskbot/encryptionOnCurationAndSessions_Test" classname="Test Cases/Taskbot/encryptionOnCurationAndSessions_Test" status="PASSED">
            <system-out>2020-06-30 09:39:10 - [TEST_CASE][PASSED] - Test Cases/Taskbot/encryptionOnCurationAndSessions_Test: Test Cases/Taskbot/encryptionOnCurationAndSessions_Test&#xD;
&#xD;
2020-06-30 09:39:10 - [TEST_STEP][PASSED] - Start listener action : setUp: Current window maximized&#xD;
&#xD;
2020-06-30 09:39:10 - [TEST_STEP][PASSED] - openBrowser(URL): Browser is opened with url: 'imibot.ai'&#xD;
&#xD;
2020-06-30 09:39:10 - [MESSAGE][WARNING] - A browser is already opened. Closing browser and opening a new one&#xD;
&#xD;
2020-06-30 09:39:13 - [MESSAGE][INFO] - Starting 'Chrome' driver&#xD;
&#xD;
2020-06-30 09:39:13 - [MESSAGE][INFO] - User set preference: ['args', '[--start-maximized]']&#xD;
&#xD;
2020-06-30 09:39:26 - [MESSAGE][PASSED] - Browser is opened with url: 'imibot.ai'&#xD;
&#xD;
2020-06-30 09:39:26 - [TEST_STEP][PASSED] - maximizeWindow(): Current window maximized&#xD;
&#xD;
2020-06-30 09:39:28 - [MESSAGE][PASSED] - Current window maximized&#xD;
&#xD;
2020-06-30 09:39:29 - [TEST_STEP][PASSED] - callTestCase(findTestCase("Generic/successfulLogin_Test"), [:], STOP_ON_FAILURE): Call Test Case 'Test Cases/Generic/successfulLogin_Test' successfully&#xD;
&#xD;
2020-06-30 09:39:29 - [TEST_CASE][PASSED] - Test Cases/Generic/successfulLogin_Test: Test Cases/Generic/successfulLogin_Test&#xD;
&#xD;
2020-06-30 09:39:29 - [TEST_STEP][PASSED] - sendKeys(findTestObject("Input/username"), username): Keys 'narendra.n@imimobile.com' sent to object: 'Object Repository/Input/username'&#xD;
&#xD;
2020-06-30 09:39:32 - [MESSAGE][PASSED] - Keys 'narendra.n@imimobile.com' sent to object: 'Object Repository/Input/username'&#xD;
&#xD;
2020-06-30 09:39:32 - [TEST_STEP][PASSED] - sendKeys(findTestObject("Input/password"), password): Keys 'Test@2020' sent to object: 'Object Repository/Input/password'&#xD;
&#xD;
2020-06-30 09:39:35 - [MESSAGE][PASSED] - Keys 'Test@2020' sent to object: 'Object Repository/Input/password'&#xD;
&#xD;
2020-06-30 09:39:35 - [TEST_STEP][PASSED] - click(findTestObject("Button/signIn")): Object: 'Object Repository/Button/signIn' is clicked on&#xD;
&#xD;
2020-06-30 09:39:38 - [MESSAGE][PASSED] - Object: 'Object Repository/Button/signIn' is clicked on&#xD;
&#xD;
2020-06-30 09:39:38 - [TEST_STEP][PASSED] - if (!(waitForElementPresent(findTestObject("Button/createBot"), 30, OPTIONAL))): Object 'Object Repository/Button/createBot' is present&#xD;
&#xD;
2020-06-30 09:39:51 - [MESSAGE][PASSED] - Object 'Object Repository/Button/createBot' is present&#xD;
&#xD;
2020-06-30 09:39:51 - [MESSAGE][PASSED] - Call Test Case 'Test Cases/Generic/successfulLogin_Test' successfully&#xD;
&#xD;
2020-06-30 09:39:51 - [TEST_STEP][PASSED] - platform.Method.navigateToBot("Task bots", TASK_BOT): platform.Method.navigateToBot is PASSED&#xD;
&#xD;
2020-06-30 09:39:52 - [MESSAGE][PASSED] - Object 'Object Repository/Button/createBot' is present&#xD;
&#xD;
2020-06-30 09:39:55 - [MESSAGE][INFO] - Performing click action on bot&#xD;
&#xD;
2020-06-30 09:39:58 - [MESSAGE][PASSED] - platform.Method.navigateToBot is PASSED&#xD;
&#xD;
2020-06-30 09:39:58 - [TEST_STEP][PASSED] - waitForElementPresent(findTestObject("Button/updateBot"), 30, STOP_ON_FAILURE): Object 'Object Repository/Button/updateBot' is present&#xD;
&#xD;
2020-06-30 09:40:03 - [MESSAGE][PASSED] - Object 'Object Repository/Button/updateBot' is present&#xD;
&#xD;
2020-06-30 09:40:03 - [TEST_STEP][PASSED] - platform.Method.enableADP(true): platform.Method.enableADP is PASSED&#xD;
&#xD;
2020-06-30 09:40:13 - [MESSAGE][PASSED] - Object 'Object Repository/ICONS/toastMsg' is present&#xD;
&#xD;
2020-06-30 09:40:13 - [MESSAGE][PASSED] - platform.Method.enableADP is PASSED&#xD;
&#xD;
2020-06-30 09:40:13 - [TEST_STEP][PASSED] - testData = findTestData("Data Files/testData_Task"): null&#xD;
&#xD;
2020-06-30 09:40:13 - [TEST_STEP][PASSED] - platform.Method.toClickOnWebElement(findTestObject("Generic/session")): platform.Method.toClickOnWebElement is PASSED&#xD;
&#xD;
2020-06-30 09:40:17 - [MESSAGE][PASSED] - Object: 'Object Repository/Generic/session' is clicked on&#xD;
&#xD;
2020-06-30 09:40:17 - [MESSAGE][PASSED] - platform.Method.toClickOnWebElement is PASSED&#xD;
&#xD;
2020-06-30 09:40:17 - [TEST_STEP][PASSED] - verifyElementPresent(findTestObject("NewRepo2/adpLock"), 20, STOP_ON_FAILURE): Object 'Object Repository/NewRepo2/adpLock' is present&#xD;
&#xD;
2020-06-30 09:40:19 - [MESSAGE][PASSED] - Object 'Object Repository/NewRepo2/adpLock' is present&#xD;
&#xD;
2020-06-30 09:40:19 - [TEST_STEP][PASSED] - verifyTextPresent(ADP_TEXT_VALUE, false, STOP_ON_FAILURE): Text 'All the sessions are encrypted, use the decryption key to view individual session of interest' is present on page &#xD;
&#xD;
2020-06-30 09:40:23 - [MESSAGE][PASSED] - Text 'All the sessions are encrypted, use the decryption key to view individual session of interest' is present on page &#xD;
&#xD;
2020-06-30 09:40:23 - [TEST_STEP][PASSED] - verifyTextPresent(testData.getValue("room_id", 1), false, OPTIONAL): Text '3813627' is present on page &#xD;
&#xD;
2020-06-30 09:40:28 - [MESSAGE][PASSED] - Text '3813627' is present on page &#xD;
&#xD;
2020-06-30 09:40:28 - [TEST_STEP][PASSED] - platform.Session.decryptSession(testData.getValue("room_id", 1)): platform.Session.decryptSession is PASSED&#xD;
&#xD;
2020-06-30 09:40:32 - [MESSAGE][PASSED] - Text '3813627' is set on object 'Object Repository/Input/roomID'&#xD;
&#xD;
2020-06-30 09:40:36 - [MESSAGE][PASSED] - Object 'Object Repository/Generic/webObjectWithText' is present&#xD;
&#xD;
2020-06-30 09:40:42 - [MESSAGE][PASSED] - Keys 'TEST' sent to object: 'Object Repository/Input/key'&#xD;
&#xD;
2020-06-30 09:40:44 - [MESSAGE][PASSED] - platform.Session.decryptSession is PASSED&#xD;
&#xD;
2020-06-30 09:40:44 - [TEST_STEP][PASSED] - platform.Method.clickOnElement(findTestObject("GenericII/closePopup")): platform.Method.clickOnElement is PASSED&#xD;
&#xD;
2020-06-30 09:40:46 - [MESSAGE][PASSED] - platform.Method.clickOnElement is PASSED&#xD;
&#xD;
2020-06-30 09:40:46 - [TEST_STEP][PASSED] - platform.Method.clickOnElement(findTestObject("Generic/curation")): platform.Method.clickOnElement is PASSED&#xD;
&#xD;
2020-06-30 09:40:51 - [MESSAGE][PASSED] - platform.Method.clickOnElement is PASSED&#xD;
&#xD;
2020-06-30 09:40:51 - [TEST_STEP][PASSED] - platform.Method.clickOnElement(findTestObject("Generic/webObjectWithText", ["textValue":"Issues"])): platform.Method.clickOnElement is PASSED&#xD;
&#xD;
2020-06-30 09:40:53 - [MESSAGE][PASSED] - platform.Method.clickOnElement is PASSED&#xD;
&#xD;
2020-06-30 09:40:53 - [TEST_STEP][PASSED] - inputKey = modifyObjectProperty(findTestObject("Input/key"), "xpath", "not equals", "//input[@name='qtext']", true): Modify property of object successfully&#xD;
&#xD;
2020-06-30 09:40:54 - [MESSAGE][PASSED] - Modify property of object successfully&#xD;
&#xD;
2020-06-30 09:40:54 - [TEST_STEP][PASSED] - setText(inputKey, "test"): Text 'test' is set on object 'Object Repository/Input/key'&#xD;
&#xD;
2020-06-30 09:40:58 - [MESSAGE][PASSED] - Text 'test' is set on object 'Object Repository/Input/key'&#xD;
&#xD;
2020-06-30 09:40:58 - [TEST_STEP][PASSED] - platform.Method.clickOnElement(findTestObject("ICONS/unlock")): platform.Method.clickOnElement is PASSED&#xD;
&#xD;
2020-06-30 09:41:00 - [MESSAGE][PASSED] - platform.Method.clickOnElement is PASSED&#xD;
&#xD;
2020-06-30 09:41:00 - [TEST_STEP][PASSED] - trainBtn = modifyObjectProperty(findTestObject("Button/train"), "xpath", "not equals", "//span[text()=' Train ']", true): Modify property of object successfully&#xD;
&#xD;
2020-06-30 09:41:00 - [MESSAGE][PASSED] - Modify property of object successfully&#xD;
&#xD;
2020-06-30 09:41:00 - [TEST_STEP][PASSED] - if (verifyTextPresent("Saved corpus", false, OPTIONAL)): Text 'Saved corpus' is not present on page  (Root cause: com.kms.katalon.core.exception.StepFailedException: Text 'Saved corpus' is not present on page &#xD;
	at com.kms.katalon.core.webui.keyword.internal.WebUIKeywordMain.stepFailed(WebUIKeywordMain.groovy:64)&#xD;
	at com.kms.katalon.core.webui.keyword.builtin.VerifyTextPresentKeyword$_verifyTextPresent_closure1.doCall(VerifyTextPresentKeyword.groovy:79)&#xD;
	at com.kms.katalon.core.webui.keyword.builtin.VerifyTextPresentKeyword$_verifyTextPresent_closure1.call(VerifyTextPresentKeyword.groovy)&#xD;
	at com.kms.katalon.core.webui.keyword.internal.WebUIKeywordMain.runKeyword(WebUIKeywordMain.groovy:20)&#xD;
	at com.kms.katalon.core.webui.keyword.builtin.VerifyTextPresentKeyword.verifyTextPresent(VerifyTextPresentKeyword.groovy:83)&#xD;
	at com.kms.katalon.core.webui.keyword.builtin.VerifyTextPresentKeyword.execute(VerifyTextPresentKeyword.groovy:68)&#xD;
	at com.kms.katalon.core.keyword.internal.KeywordExecutor.executeKeywordForPlatform(KeywordExecutor.groovy:56)&#xD;
	at com.kms.katalon.core.webui.keyword.WebUiBuiltInKeywords.verifyTextPresent(WebUiBuiltInKeywords.groovy:1677)&#xD;
	at com.kms.katalon.core.webui.keyword.WebUiBuiltInKeywords$verifyTextPresent$12.call(Unknown Source)&#xD;
	at encryptionOnCurationAndSessions_Test.run(encryptionOnCurationAndSessions_Test:52)&#xD;
	at com.kms.katalon.core.main.ScriptEngine.run(ScriptEngine.java:194)&#xD;
	at com.kms.katalon.core.main.ScriptEngine.runScriptAsRawText(ScriptEngine.java:119)&#xD;
	at com.kms.katalon.core.main.TestCaseExecutor.runScript(TestCaseExecutor.java:337)&#xD;
	at com.kms.katalon.core.main.TestCaseExecutor.doExecute(TestCaseExecutor.java:328)&#xD;
	at com.kms.katalon.core.main.TestCaseExecutor.processExecutionPhase(TestCaseExecutor.java:307)&#xD;
	at com.kms.katalon.core.main.TestCaseExecutor.accessMainPhase(TestCaseExecutor.java:299)&#xD;
	at com.kms.katalon.core.main.TestCaseExecutor.execute(TestCaseExecutor.java:233)&#xD;
	at com.kms.katalon.core.main.TestSuiteExecutor.accessTestCaseMainPhase(TestSuiteExecutor.java:169)&#xD;
	at com.kms.katalon.core.main.TestSuiteExecutor.accessTestSuiteMainPhase(TestSuiteExecutor.java:142)&#xD;
	at com.kms.katalon.core.main.TestSuiteExecutor.execute(TestSuiteExecutor.java:91)&#xD;
	at com.kms.katalon.core.main.TestCaseMain.startTestSuite(TestCaseMain.java:157)&#xD;
	at com.kms.katalon.core.main.TestCaseMain$startTestSuite$0.call(Unknown Source)&#xD;
	at TempTestSuite1593488264183.run(TempTestSuite1593488264183.groovy:35)&#xD;
)&#xD;
&#xD;
2020-06-30 09:41:08 - [MESSAGE][WARNING] - Text 'Saved corpus' is not present on page  (Root cause: com.kms.katalon.core.exception.StepFailedException: Text 'Saved corpus' is not present on page &#xD;
	at com.kms.katalon.core.webui.keyword.internal.WebUIKeywordMain.stepFailed(WebUIKeywordMain.groovy:64)&#xD;
	at com.kms.katalon.core.webui.keyword.builtin.VerifyTextPresentKeyword$_verifyTextPresent_closure1.doCall(VerifyTextPresentKeyword.groovy:79)&#xD;
	at com.kms.katalon.core.webui.keyword.builtin.VerifyTextPresentKeyword$_verifyTextPresent_closure1.call(VerifyTextPresentKeyword.groovy)&#xD;
	at com.kms.katalon.core.webui.keyword.internal.WebUIKeywordMain.runKeyword(WebUIKeywordMain.groovy:20)&#xD;
	at com.kms.katalon.core.webui.keyword.builtin.VerifyTextPresentKeyword.verifyTextPresent(VerifyTextPresentKeyword.groovy:83)&#xD;
	at com.kms.katalon.core.webui.keyword.builtin.VerifyTextPresentKeyword.execute(VerifyTextPresentKeyword.groovy:68)&#xD;
	at com.kms.katalon.core.keyword.internal.KeywordExecutor.executeKeywordForPlatform(KeywordExecutor.groovy:56)&#xD;
	at com.kms.katalon.core.webui.keyword.WebUiBuiltInKeywords.verifyTextPresent(WebUiBuiltInKeywords.groovy:1677)&#xD;
	at com.kms.katalon.core.webui.keyword.WebUiBuiltInKeywords$verifyTextPresent$12.call(Unknown Source)&#xD;
	at encryptionOnCurationAndSessions_Test.run(encryptionOnCurationAndSessions_Test:52)&#xD;
	at com.kms.katalon.core.main.ScriptEngine.run(ScriptEngine.java:194)&#xD;
	at com.kms.katalon.core.main.ScriptEngine.runScriptAsRawText(ScriptEngine.java:119)&#xD;
	at com.kms.katalon.core.main.TestCaseExecutor.runScript(TestCaseExecutor.java:337)&#xD;
	at com.kms.katalon.core.main.TestCaseExecutor.doExecute(TestCaseExecutor.java:328)&#xD;
	at com.kms.katalon.core.main.TestCaseExecutor.processExecutionPhase(TestCaseExecutor.java:307)&#xD;
	at com.kms.katalon.core.main.TestCaseExecutor.accessMainPhase(TestCaseExecutor.java:299)&#xD;
	at com.kms.katalon.core.main.TestCaseExecutor.execute(TestCaseExecutor.java:233)&#xD;
	at com.kms.katalon.core.main.TestSuiteExecutor.accessTestCaseMainPhase(TestSuiteExecutor.java:169)&#xD;
	at com.kms.katalon.core.main.TestSuiteExecutor.accessTestSuiteMainPhase(TestSuiteExecutor.java:142)&#xD;
	at com.kms.katalon.core.main.TestSuiteExecutor.execute(TestSuiteExecutor.java:91)&#xD;
	at com.kms.katalon.core.main.TestCaseMain.startTestSuite(TestCaseMain.java:157)&#xD;
	at com.kms.katalon.core.main.TestCaseMain$startTestSuite$0.call(Unknown Source)&#xD;
	at TempTestSuite1593488264183.run(TempTestSuite1593488264183.groovy:35)&#xD;
)&#xD;
&#xD;
2020-06-30 09:41:08 - [TEST_STEP][PASSED] - else: Text 'Trained corpus' is present on page &#xD;
&#xD;
2020-06-30 09:41:08 - [TEST_STEP][PASSED] - verifyTextPresent("Trained corpus", false, STOP_ON_FAILURE): Text 'Trained corpus' is present on page &#xD;
&#xD;
2020-06-30 09:41:13 - [MESSAGE][PASSED] - Text 'Trained corpus' is present on page &#xD;
&#xD;
2020-06-30 09:41:13 - [TEST_STEP][PASSED] - platform.Method.clickOnElement(findTestObject("Button/dashboard")): platform.Method.clickOnElement is PASSED&#xD;
&#xD;
2020-06-30 09:41:17 - [MESSAGE][PASSED] - platform.Method.clickOnElement is PASSED&#xD;
&#xD;
2020-06-30 09:41:17 - [TEST_STEP][PASSED] - platform.Method.clickOnElement(findTestObject("Button/enterpriseDropdown")): platform.Method.clickOnElement is PASSED&#xD;
&#xD;
2020-06-30 09:41:21 - [MESSAGE][PASSED] - platform.Method.clickOnElement is PASSED&#xD;
&#xD;
2020-06-30 09:41:21 - [TEST_STEP][PASSED] - platform.Method.clickOnElement(findTestObject("Button/signOut")): platform.Method.clickOnElement is PASSED&#xD;
&#xD;
2020-06-30 09:41:25 - [MESSAGE][PASSED] - platform.Method.clickOnElement is PASSED&#xD;
&#xD;
2020-06-30 09:41:25 - [TEST_STEP][PASSED] - callTestCase(findTestCase("Generic/successfulLogin_Test"), [:], STOP_ON_FAILURE): Call Test Case 'Test Cases/Generic/successfulLogin_Test' successfully&#xD;
&#xD;
2020-06-30 09:41:25 - [TEST_CASE][PASSED] - Test Cases/Generic/successfulLogin_Test: Test Cases/Generic/successfulLogin_Test&#xD;
&#xD;
2020-06-30 09:41:25 - [TEST_STEP][PASSED] - sendKeys(findTestObject("Input/username"), username): Keys 'narendra.n@imimobile.com' sent to object: 'Object Repository/Input/username'&#xD;
&#xD;
2020-06-30 09:41:28 - [MESSAGE][PASSED] - Keys 'narendra.n@imimobile.com' sent to object: 'Object Repository/Input/username'&#xD;
&#xD;
2020-06-30 09:41:28 - [TEST_STEP][PASSED] - sendKeys(findTestObject("Input/password"), password): Keys 'Test@2020' sent to object: 'Object Repository/Input/password'&#xD;
&#xD;
2020-06-30 09:41:31 - [MESSAGE][PASSED] - Keys 'Test@2020' sent to object: 'Object Repository/Input/password'&#xD;
&#xD;
2020-06-30 09:41:31 - [TEST_STEP][PASSED] - click(findTestObject("Button/signIn")): Object: 'Object Repository/Button/signIn' is clicked on&#xD;
&#xD;
2020-06-30 09:41:33 - [MESSAGE][PASSED] - Object: 'Object Repository/Button/signIn' is clicked on&#xD;
&#xD;
2020-06-30 09:41:33 - [TEST_STEP][PASSED] - if (!(waitForElementPresent(findTestObject("Button/createBot"), 30, OPTIONAL))): Object 'Object Repository/Button/createBot' is present&#xD;
&#xD;
2020-06-30 09:41:41 - [MESSAGE][PASSED] - Object 'Object Repository/Button/createBot' is present&#xD;
&#xD;
2020-06-30 09:41:41 - [MESSAGE][PASSED] - Call Test Case 'Test Cases/Generic/successfulLogin_Test' successfully&#xD;
&#xD;
2020-06-30 09:41:41 - [TEST_STEP][PASSED] - platform.Method.navigateToBot("Task bots", TASK_BOT): platform.Method.navigateToBot is PASSED&#xD;
&#xD;
2020-06-30 09:41:42 - [MESSAGE][PASSED] - Object 'Object Repository/Button/createBot' is present&#xD;
&#xD;
2020-06-30 09:41:45 - [MESSAGE][INFO] - Performing click action on bot&#xD;
&#xD;
2020-06-30 09:41:48 - [MESSAGE][PASSED] - platform.Method.navigateToBot is PASSED&#xD;
&#xD;
2020-06-30 09:41:48 - [TEST_STEP][PASSED] - platform.Method.clickOnElement(findTestObject("Generic/session")): platform.Method.clickOnElement is PASSED&#xD;
&#xD;
2020-06-30 09:41:52 - [MESSAGE][PASSED] - platform.Method.clickOnElement is PASSED&#xD;
&#xD;
2020-06-30 09:41:52 - [TEST_STEP][PASSED] - platform.Session.searchByRoomID(testData.getValue("room_id", 1)): platform.Session.searchByRoomID is PASSED&#xD;
&#xD;
2020-06-30 09:41:56 - [MESSAGE][PASSED] - Text '3813627' is set on object 'Object Repository/Input/roomID'&#xD;
&#xD;
2020-06-30 09:41:59 - [MESSAGE][PASSED] - platform.Session.searchByRoomID is PASSED&#xD;
&#xD;
2020-06-30 09:41:59 - [TEST_STEP][PASSED] - verifyElementNotPresent(findTestObject("NewRepo2/unlockIcon"), 10, STOP_ON_FAILURE): Web element with id: 'Object Repository/NewRepo2/unlockIcon' located by 'By.xpath: //mat-icon[@name='lock_open']' is not present after '10' second(s)&#xD;
&#xD;
2020-06-30 09:42:00 - [MESSAGE][PASSED] - Web element with id: 'Object Repository/NewRepo2/unlockIcon' located by 'By.xpath: //mat-icon[@name='lock_open']' is not present after '10' second(s)</system-out>
            <system-err></system-err>
        </testcase>
        <testcase name="Test Cases/Taskbot/noneIntentE2E_Test" classname="Test Cases/Taskbot/noneIntentE2E_Test" status="PASSED">
            <system-out>2020-06-30 09:42:00 - [TEST_CASE][PASSED] - Test Cases/Taskbot/noneIntentE2E_Test: Test Cases/Taskbot/noneIntentE2E_Test&#xD;
&#xD;
2020-06-30 09:42:01 - [TEST_STEP][PASSED] - Start listener action : setUp: Current window maximized&#xD;
&#xD;
2020-06-30 09:42:01 - [TEST_STEP][PASSED] - openBrowser(URL): Browser is opened with url: 'imibot.ai'&#xD;
&#xD;
2020-06-30 09:42:01 - [MESSAGE][WARNING] - A browser is already opened. Closing browser and opening a new one&#xD;
&#xD;
2020-06-30 09:42:03 - [MESSAGE][INFO] - Starting 'Chrome' driver&#xD;
&#xD;
2020-06-30 09:42:03 - [MESSAGE][INFO] - User set preference: ['args', '[--start-maximized]']&#xD;
&#xD;
2020-06-30 09:42:16 - [MESSAGE][PASSED] - Browser is opened with url: 'imibot.ai'&#xD;
&#xD;
2020-06-30 09:42:16 - [TEST_STEP][PASSED] - maximizeWindow(): Current window maximized&#xD;
&#xD;
2020-06-30 09:42:18 - [MESSAGE][PASSED] - Current window maximized&#xD;
&#xD;
2020-06-30 09:42:19 - [TEST_STEP][PASSED] - callTestCase(findTestCase("Taskbot/botCreation_Test"), ["nameOfTheBot":NONE_INTENT], STOP_ON_FAILURE): Call Test Case 'Test Cases/Taskbot/botCreation_Test' successfully&#xD;
&#xD;
2020-06-30 09:42:19 - [TEST_CASE][PASSED] - Test Cases/Taskbot/botCreation_Test: Test Cases/Taskbot/botCreation_Test&#xD;
&#xD;
2020-06-30 09:42:19 - [TEST_STEP][PASSED] - callTestCase(findTestCase("Generic/successfulLogin_Test"), [:], STOP_ON_FAILURE): Call Test Case 'Test Cases/Generic/successfulLogin_Test' successfully&#xD;
&#xD;
2020-06-30 09:42:19 - [TEST_CASE][PASSED] - Test Cases/Generic/successfulLogin_Test: Test Cases/Generic/successfulLogin_Test&#xD;
&#xD;
2020-06-30 09:42:19 - [TEST_STEP][PASSED] - sendKeys(findTestObject("Input/username"), username): Keys 'narendra.n@imimobile.com' sent to object: 'Object Repository/Input/username'&#xD;
&#xD;
2020-06-30 09:42:22 - [MESSAGE][PASSED] - Keys 'narendra.n@imimobile.com' sent to object: 'Object Repository/Input/username'&#xD;
&#xD;
2020-06-30 09:42:22 - [TEST_STEP][PASSED] - sendKeys(findTestObject("Input/password"), password): Keys 'Test@2020' sent to object: 'Object Repository/Input/password'&#xD;
&#xD;
2020-06-30 09:42:25 - [MESSAGE][PASSED] - Keys 'Test@2020' sent to object: 'Object Repository/Input/password'&#xD;
&#xD;
2020-06-30 09:42:25 - [TEST_STEP][PASSED] - click(findTestObject("Button/signIn")): Object: 'Object Repository/Button/signIn' is clicked on&#xD;
&#xD;
2020-06-30 09:42:28 - [MESSAGE][PASSED] - Object: 'Object Repository/Button/signIn' is clicked on&#xD;
&#xD;
2020-06-30 09:42:28 - [TEST_STEP][PASSED] - if (!(waitForElementPresent(findTestObject("Button/createBot"), 30, OPTIONAL))): Object 'Object Repository/Button/createBot' is present&#xD;
&#xD;
2020-06-30 09:42:42 - [MESSAGE][PASSED] - Object 'Object Repository/Button/createBot' is present&#xD;
&#xD;
2020-06-30 09:42:42 - [MESSAGE][PASSED] - Call Test Case 'Test Cases/Generic/successfulLogin_Test' successfully&#xD;
&#xD;
2020-06-30 09:42:42 - [TEST_STEP][PASSED] - platform.Method.clickOnElement(findTestObject("Generic/webObjectWithText", ["textValue":"Task bots"])): platform.Method.clickOnElement is PASSED&#xD;
&#xD;
2020-06-30 09:42:44 - [MESSAGE][PASSED] - platform.Method.clickOnElement is PASSED&#xD;
&#xD;
2020-06-30 09:42:44 - [TEST_STEP][PASSED] - platform.Method.clickOnElement(findTestObject("Button/createBot")): platform.Method.clickOnElement is PASSED&#xD;
&#xD;
2020-06-30 09:42:47 - [MESSAGE][PASSED] - platform.Method.clickOnElement is PASSED&#xD;
&#xD;
2020-06-30 09:42:47 - [TEST_STEP][PASSED] - sendKeys(findTestObject("Input/botName"), nameOfTheBot): Keys 'Default Intent' sent to object: 'Object Repository/Input/botName'&#xD;
&#xD;
2020-06-30 09:42:51 - [MESSAGE][PASSED] - Keys 'Default Intent' sent to object: 'Object Repository/Input/botName'&#xD;
&#xD;
2020-06-30 09:42:51 - [TEST_STEP][PASSED] - platform.Method.clickOnElement(findTestObject("Toggle/feedback")): platform.Method.clickOnElement is PASSED&#xD;
&#xD;
2020-06-30 09:42:53 - [MESSAGE][PASSED] - platform.Method.clickOnElement is PASSED&#xD;
&#xD;
2020-06-30 09:42:53 - [TEST_STEP][PASSED] - platform.Method.clickOnElement(findTestObject("Button/done")): platform.Method.clickOnElement is PASSED&#xD;
&#xD;
2020-06-30 09:42:56 - [MESSAGE][PASSED] - platform.Method.clickOnElement is PASSED&#xD;
&#xD;
2020-06-30 09:42:56 - [TEST_STEP][PASSED] - waitForElementVisible(findTestObject("Generic/modelState"), 60, OPTIONAL): Object 'Object Repository/Generic/modelState' is visible&#xD;
&#xD;
2020-06-30 09:43:04 - [MESSAGE][PASSED] - Object 'Object Repository/Generic/modelState' is visible&#xD;
&#xD;
2020-06-30 09:43:04 - [TEST_STEP][PASSED] - verifyElementText(findTestObject("Generic/modelState"), "Trained", STOP_ON_FAILURE): Actual text and expected text of test object 'Object Repository/Generic/modelState' are matched.&#xD;
&#xD;
2020-06-30 09:43:06 - [MESSAGE][PASSED] - Actual text and expected text of test object 'Object Repository/Generic/modelState' are matched.&#xD;
&#xD;
2020-06-30 09:43:06 - [MESSAGE][PASSED] - Call Test Case 'Test Cases/Taskbot/botCreation_Test' successfully&#xD;
&#xD;
2020-06-30 09:43:06 - [TEST_STEP][PASSED] - verifyElementPresent(findTestObject("Generic/webObjectWithText", ["textValue":"Default fallback intent"]), 10, STOP_ON_FAILURE): Object 'Object Repository/Generic/webObjectWithText' is present&#xD;
&#xD;
2020-06-30 09:43:08 - [MESSAGE][PASSED] - Object 'Object Repository/Generic/webObjectWithText' is present&#xD;
&#xD;
2020-06-30 09:43:08 - [TEST_STEP][PASSED] - platform.Method.clickOnElement(findTestObject("Generic/webObjectWithText", ["textValue":"Default fallback intent"])): platform.Method.clickOnElement is PASSED&#xD;
&#xD;
2020-06-30 09:43:10 - [MESSAGE][PASSED] - platform.Method.clickOnElement is PASSED&#xD;
&#xD;
2020-06-30 09:43:10 - [TEST_STEP][PASSED] - verifyElementText(findTestObject("Generic/header"), "Default fallback intent", STOP_ON_FAILURE): Actual text and expected text of test object 'Object Repository/Generic/header' are matched.&#xD;
&#xD;
2020-06-30 09:43:13 - [MESSAGE][PASSED] - Actual text and expected text of test object 'Object Repository/Generic/header' are matched.&#xD;
&#xD;
2020-06-30 09:43:13 - [TEST_STEP][PASSED] - verifyElementAttributeValue(findTestObject("Input/intentName"), "readonly", "true", 10, STOP_ON_FAILURE): Object 'Object Repository/Input/intentName' has attribute 'readonly' with value 'true'&#xD;
&#xD;
2020-06-30 09:43:16 - [MESSAGE][PASSED] - Object 'Object Repository/Input/intentName' has attribute 'readonly' with value 'true'&#xD;
&#xD;
2020-06-30 09:43:16 - [TEST_STEP][PASSED] - verifyElementAttributeValue(findTestObject("Input/finalTempKey"), "readonly", "true", 10, STOP_ON_FAILURE): Object 'Object Repository/Input/finalTempKey' has attribute 'readonly' with value 'true'&#xD;
&#xD;
2020-06-30 09:43:19 - [MESSAGE][PASSED] - Object 'Object Repository/Input/finalTempKey' has attribute 'readonly' with value 'true'&#xD;
&#xD;
2020-06-30 09:43:19 - [TEST_STEP][PASSED] - testData = findTestData("Data Files/testData_Task"): null&#xD;
&#xD;
2020-06-30 09:43:20 - [TEST_STEP][PASSED] - for ([count = 1, count &lt; testData.getRowNumbers(), (count++)]): null&#xD;
&#xD;
2020-06-30 09:43:20 - [TEST_STEP][PASSED] - if (testData.getValue("default_intent_utterance", count) == ""): null&#xD;
&#xD;
2020-06-30 09:43:20 - [TEST_STEP][PASSED] - else: Object 'Object Repository/Button/addUtterance' does not have attribute 'disabled'&#xD;
&#xD;
2020-06-30 09:43:20 - [TEST_STEP][PASSED] - sendKeys(findTestObject("Input/utterance"), testData.getValue("default_intent_utterance", count)): Keys 'Trigger fallback if I'm asked by user' sent to object: 'Object Repository/Input/utterance'&#xD;
&#xD;
2020-06-30 09:43:23 - [MESSAGE][PASSED] - Keys 'Trigger fallback if I'm asked by user' sent to object: 'Object Repository/Input/utterance'&#xD;
&#xD;
2020-06-30 09:43:23 - [TEST_STEP][PASSED] - platform.Method.clickOnElement(findTestObject("Button/addUtterance")): platform.Method.clickOnElement is PASSED&#xD;
&#xD;
2020-06-30 09:43:26 - [MESSAGE][PASSED] - platform.Method.clickOnElement is PASSED&#xD;
&#xD;
2020-06-30 09:43:26 - [TEST_STEP][PASSED] - waitForElementHasAttribute(findTestObject("Button/addUtterance"), "disabled", 20): Object 'Object Repository/Button/addUtterance' does not have attribute 'disabled'&#xD;
&#xD;
2020-06-30 09:43:48 - [MESSAGE][WARNING] - Object 'Object Repository/Button/addUtterance' does not have attribute 'disabled'&#xD;
&#xD;
2020-06-30 09:43:48 - [TEST_STEP][PASSED] - if (testData.getValue("default_intent_utterance", count) == ""): null&#xD;
&#xD;
2020-06-30 09:43:48 - [TEST_STEP][PASSED] - else: Object 'Object Repository/Button/addUtterance' does not have attribute 'disabled'&#xD;
&#xD;
2020-06-30 09:43:48 - [TEST_STEP][PASSED] - sendKeys(findTestObject("Input/utterance"), testData.getValue("default_intent_utterance", count)): Keys 'default utterance test' sent to object: 'Object Repository/Input/utterance'&#xD;
&#xD;
2020-06-30 09:43:52 - [MESSAGE][PASSED] - Keys 'default utterance test' sent to object: 'Object Repository/Input/utterance'&#xD;
&#xD;
2020-06-30 09:43:52 - [TEST_STEP][PASSED] - platform.Method.clickOnElement(findTestObject("Button/addUtterance")): platform.Method.clickOnElement is PASSED&#xD;
&#xD;
2020-06-30 09:43:54 - [MESSAGE][PASSED] - platform.Method.clickOnElement is PASSED&#xD;
&#xD;
2020-06-30 09:43:54 - [TEST_STEP][PASSED] - waitForElementHasAttribute(findTestObject("Button/addUtterance"), "disabled", 20): Object 'Object Repository/Button/addUtterance' does not have attribute 'disabled'&#xD;
&#xD;
2020-06-30 09:44:16 - [MESSAGE][WARNING] - Object 'Object Repository/Button/addUtterance' does not have attribute 'disabled'&#xD;
&#xD;
2020-06-30 09:44:16 - [TEST_STEP][PASSED] - if (testData.getValue("default_intent_utterance", count) == ""): null&#xD;
&#xD;
2020-06-30 09:44:16 - [TEST_STEP][PASSED] - else: Object 'Object Repository/Button/addUtterance' does not have attribute 'disabled'&#xD;
&#xD;
2020-06-30 09:44:16 - [TEST_STEP][PASSED] - sendKeys(findTestObject("Input/utterance"), testData.getValue("default_intent_utterance", count)): Keys 'test of none intent' sent to object: 'Object Repository/Input/utterance'&#xD;
&#xD;
2020-06-30 09:44:19 - [MESSAGE][PASSED] - Keys 'test of none intent' sent to object: 'Object Repository/Input/utterance'&#xD;
&#xD;
2020-06-30 09:44:19 - [TEST_STEP][PASSED] - platform.Method.clickOnElement(findTestObject("Button/addUtterance")): platform.Method.clickOnElement is PASSED&#xD;
&#xD;
2020-06-30 09:44:22 - [MESSAGE][PASSED] - platform.Method.clickOnElement is PASSED&#xD;
&#xD;
2020-06-30 09:44:22 - [TEST_STEP][PASSED] - waitForElementHasAttribute(findTestObject("Button/addUtterance"), "disabled", 20): Object 'Object Repository/Button/addUtterance' does not have attribute 'disabled'&#xD;
&#xD;
2020-06-30 09:44:44 - [MESSAGE][WARNING] - Object 'Object Repository/Button/addUtterance' does not have attribute 'disabled'&#xD;
&#xD;
2020-06-30 09:44:44 - [TEST_STEP][PASSED] - if (testData.getValue("default_intent_utterance", count) == ""): null&#xD;
&#xD;
2020-06-30 09:44:44 - [TEST_STEP][PASSED] - break: null&#xD;
&#xD;
2020-06-30 09:44:44 - [TEST_STEP][PASSED] - platform.Method.clickOnElement(findTestObject("Button/save", ["value":" Save "])): platform.Method.clickOnElement is PASSED&#xD;
&#xD;
2020-06-30 09:44:46 - [MESSAGE][PASSED] - platform.Method.clickOnElement is PASSED&#xD;
&#xD;
2020-06-30 09:44:46 - [TEST_STEP][PASSED] - platform.Method.clickOnElement(findTestObject("NewRepo/intentGoBack")): platform.Method.clickOnElement is PASSED&#xD;
&#xD;
2020-06-30 09:44:49 - [MESSAGE][PASSED] - platform.Method.clickOnElement is PASSED&#xD;
&#xD;
2020-06-30 09:44:49 - [TEST_STEP][PASSED] - platform.Method.trainAndComment(testData.getValue("comment", 6)): platform.Method.trainAndComment is PASSED&#xD;
&#xD;
2020-06-30 09:44:58 - [MESSAGE][PASSED] - Keys 'edited none intent' sent to object: 'Object Repository/Input/comment'&#xD;
&#xD;
2020-06-30 09:45:00 - [MESSAGE][PASSED] - platform.Method.trainAndComment is PASSED&#xD;
&#xD;
2020-06-30 09:45:00 - [TEST_STEP][PASSED] - verifyElementPresent(findTestObject("ICONS/toastMsg"), 30, STOP_ON_FAILURE): Object 'Object Repository/ICONS/toastMsg' is present&#xD;
&#xD;
2020-06-30 09:45:03 - [MESSAGE][PASSED] - Object 'Object Repository/ICONS/toastMsg' is present&#xD;
&#xD;
2020-06-30 09:45:03 - [TEST_STEP][PASSED] - platform.Method.clickOnElement(findTestObject("Button/preview")): platform.Method.clickOnElement is PASSED&#xD;
&#xD;
2020-06-30 09:45:06 - [MESSAGE][PASSED] - platform.Method.clickOnElement is PASSED&#xD;
&#xD;
2020-06-30 09:45:06 - [TEST_STEP][PASSED] - sendKeys(findTestObject("Input/chatInput"), Keys.chord("default test utterance", ENTER)): Keys 'ENTER + default test utterance' sent to object: 'Object Repository/Input/chatInput'&#xD;
&#xD;
2020-06-30 09:45:09 - [MESSAGE][PASSED] - Keys 'ENTER + default test utterance' sent to object: 'Object Repository/Input/chatInput'&#xD;
&#xD;
2020-06-30 09:45:09 - [TEST_STEP][PASSED] - delay(3): Delayed 3 second(s)&#xD;
&#xD;
2020-06-30 09:45:12 - [MESSAGE][PASSED] - Delayed 3 second(s)&#xD;
&#xD;
2020-06-30 09:45:12 - [TEST_STEP][PASSED] - verifyElementText(findTestObject("GenericII/getBotResponse", ["index":2]), botResponse, STOP_ON_FAILURE): Actual text and expected text of test object 'Object Repository/GenericII/getBotResponse' are matched.&#xD;
&#xD;
2020-06-30 09:45:15 - [MESSAGE][PASSED] - Actual text and expected text of test object 'Object Repository/GenericII/getBotResponse' are matched.&#xD;
&#xD;
2020-06-30 09:45:15 - [TEST_STEP][PASSED] - roomID = new java.util.ArrayList(): null&#xD;
&#xD;
2020-06-30 09:45:15 - [TEST_STEP][PASSED] - roomID = platform.Utility.getRoomID(): platform.Utility.getRoomID is PASSED&#xD;
&#xD;
2020-06-30 09:45:19 - [MESSAGE][PASSED] - platform.Utility.getRoomID is PASSED&#xD;
&#xD;
2020-06-30 09:45:19 - [TEST_STEP][PASSED] - platform.Method.clickOnElement(findTestObject("GenericII/minimize")): platform.Method.clickOnElement is PASSED&#xD;
&#xD;
2020-06-30 09:45:21 - [MESSAGE][PASSED] - platform.Method.clickOnElement is PASSED&#xD;
&#xD;
2020-06-30 09:45:21 - [TEST_STEP][PASSED] - platform.Method.clickOnElement(findTestObject("Generic/curation")): platform.Method.clickOnElement is PASSED&#xD;
&#xD;
2020-06-30 09:45:25 - [MESSAGE][PASSED] - platform.Method.clickOnElement is PASSED&#xD;
&#xD;
2020-06-30 09:45:25 - [TEST_STEP][PASSED] - platform.Method.clickOnElement(findTestObject("Generic/webObjectWithText", ["textValue":"Issues"])): platform.Method.clickOnElement is PASSED&#xD;
&#xD;
2020-06-30 09:45:28 - [MESSAGE][PASSED] - platform.Method.clickOnElement is PASSED&#xD;
&#xD;
2020-06-30 09:45:28 - [TEST_STEP][PASSED] - platform.Method.clickOnElement(findTestObject("GenericII/filterByIntentOnCuration")): platform.Method.clickOnElement is PASSED&#xD;
&#xD;
2020-06-30 09:45:30 - [MESSAGE][PASSED] - platform.Method.clickOnElement is PASSED&#xD;
&#xD;
2020-06-30 09:45:30 - [TEST_STEP][PASSED] - platform.Method.clickOnElement(findTestObject("Generic/webObjectWithText", ["textValue":"Default fallback intent"])): platform.Method.clickOnElement is PASSED&#xD;
&#xD;
2020-06-30 09:45:33 - [MESSAGE][PASSED] - platform.Method.clickOnElement is PASSED&#xD;
&#xD;
2020-06-30 09:45:33 - [TEST_STEP][PASSED] - platform.Method.clickOnElement(findTestObject("Button/filter")): platform.Method.clickOnElement is PASSED&#xD;
&#xD;
2020-06-30 09:45:35 - [MESSAGE][PASSED] - platform.Method.clickOnElement is PASSED&#xD;
&#xD;
2020-06-30 09:45:35 - [TEST_STEP][PASSED] - verifyTextNotPresent(get(0).toString(), false, STOP_ON_FAILURE): Text '3813664' is not present on page&#xD;
&#xD;
2020-06-30 09:45:38 - [MESSAGE][PASSED] - Text '3813664' is not present on page&#xD;
&#xD;
2020-06-30 09:45:38 - [TEST_STEP][PASSED] - platform.Method.clickOnElement(findTestObject("NewRepo2/settingsOnCuration")): platform.Method.clickOnElement is PASSED&#xD;
&#xD;
2020-06-30 09:45:41 - [MESSAGE][PASSED] - platform.Method.clickOnElement is PASSED&#xD;
&#xD;
2020-06-30 09:45:41 - [TEST_STEP][PASSED] - platform.Method.clickOnElement(findTestObject("Toggle/noneIntent")): platform.Method.clickOnElement is PASSED&#xD;
&#xD;
2020-06-30 09:45:44 - [MESSAGE][PASSED] - platform.Method.clickOnElement is PASSED&#xD;
&#xD;
2020-06-30 09:45:44 - [TEST_STEP][PASSED] - platform.Method.clickOnElement(findTestObject("Button/updateSettings")): platform.Method.clickOnElement is PASSED&#xD;
&#xD;
2020-06-30 09:45:46 - [MESSAGE][PASSED] - platform.Method.clickOnElement is PASSED&#xD;
&#xD;
2020-06-30 09:45:46 - [TEST_STEP][PASSED] - platform.Method.clickOnElement(findTestObject("Generic/webObjectWithText", ["textValue":"Issues"])): platform.Method.clickOnElement is PASSED&#xD;
&#xD;
2020-06-30 09:45:49 - [MESSAGE][PASSED] - platform.Method.clickOnElement is PASSED&#xD;
&#xD;
2020-06-30 09:45:49 - [TEST_STEP][PASSED] - platform.Method.clickOnElement(findTestObject("Button/preview")): platform.Method.clickOnElement is PASSED&#xD;
&#xD;
2020-06-30 09:45:51 - [MESSAGE][PASSED] - platform.Method.clickOnElement is PASSED&#xD;
&#xD;
2020-06-30 09:45:51 - [TEST_STEP][PASSED] - sendKeys(findTestObject("Input/chatInput"), Keys.chord(testData.getValue("default_intent_utterance", 1), ENTER)): Keys 'ENTER + Trigger fallback if I'm asked by user' sent to object: 'Object Repository/Input/chatInput'&#xD;
&#xD;
2020-06-30 09:45:55 - [MESSAGE][PASSED] - Keys 'ENTER + Trigger fallback if I'm asked by user' sent to object: 'Object Repository/Input/chatInput'&#xD;
&#xD;
2020-06-30 09:45:55 - [TEST_STEP][PASSED] - waitForElementPresent(findTestObject("GenericII/getBotResponse", ["index":2]), 15, OPTIONAL): Object 'Object Repository/GenericII/getBotResponse' is present&#xD;
&#xD;
2020-06-30 09:45:57 - [MESSAGE][PASSED] - Object 'Object Repository/GenericII/getBotResponse' is present&#xD;
&#xD;
2020-06-30 09:45:57 - [TEST_STEP][PASSED] - verifyElementText(findTestObject("GenericII/getBotResponse", ["index":2]), botResponse, STOP_ON_FAILURE): Actual text and expected text of test object 'Object Repository/GenericII/getBotResponse' are matched.&#xD;
&#xD;
2020-06-30 09:45:59 - [MESSAGE][PASSED] - Actual text and expected text of test object 'Object Repository/GenericII/getBotResponse' are matched.&#xD;
&#xD;
2020-06-30 09:45:59 - [TEST_STEP][PASSED] - newRoomID = new java.util.ArrayList(): null&#xD;
&#xD;
2020-06-30 09:45:59 - [TEST_STEP][PASSED] - newRoomID = platform.Utility.getRoomID(): platform.Utility.getRoomID is PASSED&#xD;
&#xD;
2020-06-30 09:46:05 - [MESSAGE][PASSED] - platform.Utility.getRoomID is PASSED&#xD;
&#xD;
2020-06-30 09:46:05 - [TEST_STEP][PASSED] - platform.Method.clickOnElement(findTestObject("GenericII/minimize")): platform.Method.clickOnElement is PASSED&#xD;
&#xD;
2020-06-30 09:46:07 - [MESSAGE][PASSED] - platform.Method.clickOnElement is PASSED&#xD;
&#xD;
2020-06-30 09:46:07 - [TEST_STEP][PASSED] - platform.Method.clickOnElement(findTestObject("NewRepo/refresh")): platform.Method.clickOnElement is PASSED&#xD;
&#xD;
2020-06-30 09:46:09 - [MESSAGE][PASSED] - platform.Method.clickOnElement is PASSED&#xD;
&#xD;
2020-06-30 09:46:09 - [TEST_STEP][PASSED] - verifyTextPresent(get(0).toString(), false, STOP_ON_FAILURE): Text '3813667' is present on page &#xD;
&#xD;
2020-06-30 09:46:13 - [MESSAGE][PASSED] - Text '3813667' is present on page &#xD;
&#xD;
2020-06-30 09:46:13 - [TEST_STEP][PASSED] - platform.Method.clickOnElement(findTestObject("Generic/training")): platform.Method.clickOnElement is PASSED&#xD;
&#xD;
2020-06-30 09:46:16 - [MESSAGE][PASSED] - platform.Method.clickOnElement is PASSED&#xD;
&#xD;
2020-06-30 09:46:16 - [TEST_STEP][PASSED] - platform.Method.clickOnElement(findTestObject("Generic/webObjectWithText", ["textValue":"Default fallback intent"])): platform.Method.clickOnElement is PASSED&#xD;
&#xD;
2020-06-30 09:46:19 - [MESSAGE][PASSED] - platform.Method.clickOnElement is PASSED&#xD;
&#xD;
2020-06-30 09:46:19 - [TEST_STEP][PASSED] - utterance = findWebElements(findTestObject("Slots/listOfUtterance"), 10): null&#xD;
&#xD;
2020-06-30 09:46:21 - [TEST_STEP][PASSED] - for ([count = 0, count &lt; utterance.size(), (count++)]): Delayed 1 second(s)&#xD;
&#xD;
2020-06-30 09:46:21 - [TEST_STEP][PASSED] - mouseOver(convertWebElementToTestObject(utterance.get(count))): Object: 'div' is hovered&#xD;
&#xD;
2020-06-30 09:46:25 - [MESSAGE][PASSED] - Object: 'div' is hovered&#xD;
&#xD;
2020-06-30 09:46:25 - [TEST_STEP][PASSED] - platform.Method.clickOnElement(findTestObject("NewRepo2/trashIconOnUtterance")): platform.Method.clickOnElement is PASSED&#xD;
&#xD;
2020-06-30 09:46:29 - [MESSAGE][PASSED] - platform.Method.clickOnElement is PASSED&#xD;
&#xD;
2020-06-30 09:46:29 - [TEST_STEP][PASSED] - delay(1): Delayed 1 second(s)&#xD;
&#xD;
2020-06-30 09:46:30 - [MESSAGE][PASSED] - Delayed 1 second(s)&#xD;
&#xD;
2020-06-30 09:46:30 - [TEST_STEP][PASSED] - mouseOver(convertWebElementToTestObject(utterance.get(count))): Object: 'div' is hovered&#xD;
&#xD;
2020-06-30 09:46:34 - [MESSAGE][PASSED] - Object: 'div' is hovered&#xD;
&#xD;
2020-06-30 09:46:34 - [TEST_STEP][PASSED] - platform.Method.clickOnElement(findTestObject("NewRepo2/trashIconOnUtterance")): platform.Method.clickOnElement is PASSED&#xD;
&#xD;
2020-06-30 09:46:36 - [MESSAGE][PASSED] - platform.Method.clickOnElement is PASSED&#xD;
&#xD;
2020-06-30 09:46:36 - [TEST_STEP][PASSED] - delay(1): Delayed 1 second(s)&#xD;
&#xD;
2020-06-30 09:46:37 - [MESSAGE][PASSED] - Delayed 1 second(s)&#xD;
&#xD;
2020-06-30 09:46:37 - [TEST_STEP][PASSED] - mouseOver(convertWebElementToTestObject(utterance.get(count))): Object: 'div' is hovered&#xD;
&#xD;
2020-06-30 09:46:42 - [MESSAGE][PASSED] - Object: 'div' is hovered&#xD;
&#xD;
2020-06-30 09:46:42 - [TEST_STEP][PASSED] - platform.Method.clickOnElement(findTestObject("NewRepo2/trashIconOnUtterance")): platform.Method.clickOnElement is PASSED&#xD;
&#xD;
2020-06-30 09:46:44 - [MESSAGE][PASSED] - platform.Method.clickOnElement is PASSED&#xD;
&#xD;
2020-06-30 09:46:44 - [TEST_STEP][PASSED] - delay(1): Delayed 1 second(s)&#xD;
&#xD;
2020-06-30 09:46:45 - [MESSAGE][PASSED] - Delayed 1 second(s)&#xD;
&#xD;
2020-06-30 09:46:45 - [TEST_STEP][PASSED] - platform.Method.clickOnElement(findTestObject("Button/save", ["value":" Save "])): platform.Method.clickOnElement is PASSED&#xD;
&#xD;
2020-06-30 09:46:47 - [MESSAGE][PASSED] - platform.Method.clickOnElement is PASSED&#xD;
&#xD;
2020-06-30 09:46:47 - [TEST_STEP][PASSED] - platform.Method.clickOnElement(findTestObject("NewRepo/intentGoBack")): platform.Method.clickOnElement is PASSED&#xD;
&#xD;
2020-06-30 09:46:50 - [MESSAGE][PASSED] - platform.Method.clickOnElement is PASSED&#xD;
&#xD;
2020-06-30 09:46:50 - [TEST_STEP][PASSED] - sendKeys(findTestObject("Input/searchUtterance"), "0"): Keys '0' sent to object: 'Object Repository/Input/searchUtterance'&#xD;
&#xD;
2020-06-30 09:46:52 - [MESSAGE][PASSED] - Keys '0' sent to object: 'Object Repository/Input/searchUtterance'&#xD;
&#xD;
2020-06-30 09:46:52 - [TEST_STEP][PASSED] - verifyElementText(findTestObject("Generic/listOfIntents"), "Default fallback intent", STOP_ON_FAILURE): Actual text and expected text of test object 'Object Repository/Generic/listOfIntents' are matched.&#xD;
&#xD;
2020-06-30 09:46:55 - [MESSAGE][PASSED] - Actual text and expected text of test object 'Object Repository/Generic/listOfIntents' are matched.</system-out>
            <system-err></system-err>
        </testcase>
        <testcase name="Test Cases/Taskbot/globalSearchOnTraining_Test" classname="Test Cases/Taskbot/globalSearchOnTraining_Test" status="PASSED">
            <system-out>2020-06-30 09:46:55 - [TEST_CASE][PASSED] - Test Cases/Taskbot/globalSearchOnTraining_Test: Test Cases/Taskbot/globalSearchOnTraining_Test&#xD;
&#xD;
2020-06-30 09:46:55 - [TEST_STEP][PASSED] - Start listener action : setUp: Current window maximized&#xD;
&#xD;
2020-06-30 09:46:55 - [TEST_STEP][PASSED] - openBrowser(URL): Browser is opened with url: 'imibot.ai'&#xD;
&#xD;
2020-06-30 09:46:55 - [MESSAGE][WARNING] - A browser is already opened. Closing browser and opening a new one&#xD;
&#xD;
2020-06-30 09:46:57 - [MESSAGE][INFO] - Starting 'Chrome' driver&#xD;
&#xD;
2020-06-30 09:46:57 - [MESSAGE][INFO] - User set preference: ['args', '[--start-maximized]']&#xD;
&#xD;
2020-06-30 09:47:12 - [MESSAGE][PASSED] - Browser is opened with url: 'imibot.ai'&#xD;
&#xD;
2020-06-30 09:47:12 - [TEST_STEP][PASSED] - maximizeWindow(): Current window maximized&#xD;
&#xD;
2020-06-30 09:47:14 - [MESSAGE][PASSED] - Current window maximized&#xD;
&#xD;
2020-06-30 09:47:14 - [TEST_STEP][PASSED] - callTestCase(findTestCase("Generic/successfulLogin_Test"), [:], STOP_ON_FAILURE): Call Test Case 'Test Cases/Generic/successfulLogin_Test' successfully&#xD;
&#xD;
2020-06-30 09:47:14 - [TEST_CASE][PASSED] - Test Cases/Generic/successfulLogin_Test: Test Cases/Generic/successfulLogin_Test&#xD;
&#xD;
2020-06-30 09:47:14 - [TEST_STEP][PASSED] - sendKeys(findTestObject("Input/username"), username): Keys 'narendra.n@imimobile.com' sent to object: 'Object Repository/Input/username'&#xD;
&#xD;
2020-06-30 09:47:18 - [MESSAGE][PASSED] - Keys 'narendra.n@imimobile.com' sent to object: 'Object Repository/Input/username'&#xD;
&#xD;
2020-06-30 09:47:18 - [TEST_STEP][PASSED] - sendKeys(findTestObject("Input/password"), password): Keys 'Test@2020' sent to object: 'Object Repository/Input/password'&#xD;
&#xD;
2020-06-30 09:47:20 - [MESSAGE][PASSED] - Keys 'Test@2020' sent to object: 'Object Repository/Input/password'&#xD;
&#xD;
2020-06-30 09:47:20 - [TEST_STEP][PASSED] - click(findTestObject("Button/signIn")): Object: 'Object Repository/Button/signIn' is clicked on&#xD;
&#xD;
2020-06-30 09:47:23 - [MESSAGE][PASSED] - Object: 'Object Repository/Button/signIn' is clicked on&#xD;
&#xD;
2020-06-30 09:47:23 - [TEST_STEP][PASSED] - if (!(waitForElementPresent(findTestObject("Button/createBot"), 30, OPTIONAL))): Object 'Object Repository/Button/createBot' is present&#xD;
&#xD;
2020-06-30 09:47:33 - [MESSAGE][PASSED] - Object 'Object Repository/Button/createBot' is present&#xD;
&#xD;
2020-06-30 09:47:33 - [MESSAGE][PASSED] - Call Test Case 'Test Cases/Generic/successfulLogin_Test' successfully&#xD;
&#xD;
2020-06-30 09:47:33 - [TEST_STEP][PASSED] - platform.Method.navigateToBot("Task bots", NONE_INTENT): platform.Method.navigateToBot is PASSED&#xD;
&#xD;
2020-06-30 09:47:35 - [MESSAGE][PASSED] - Object 'Object Repository/Button/createBot' is present&#xD;
&#xD;
2020-06-30 09:47:37 - [MESSAGE][INFO] - Performing click action on bot&#xD;
&#xD;
2020-06-30 09:47:40 - [MESSAGE][PASSED] - platform.Method.navigateToBot is PASSED&#xD;
&#xD;
2020-06-30 09:47:40 - [TEST_STEP][PASSED] - platform.Method.clickOnElement(findTestObject("Generic/training")): platform.Method.clickOnElement is PASSED&#xD;
&#xD;
2020-06-30 09:47:44 - [MESSAGE][PASSED] - platform.Method.clickOnElement is PASSED&#xD;
&#xD;
2020-06-30 09:47:44 - [TEST_STEP][PASSED] - newData = findTestData("Data Files/testData_Dummy"): null&#xD;
&#xD;
2020-06-30 09:47:44 - [TEST_STEP][PASSED] - for ([count = 1, count &lt;= newData.getRowNumbers(), (count++)]): Delayed 1 second(s)&#xD;
&#xD;
2020-06-30 09:47:44 - [TEST_STEP][PASSED] - if (newData.getValue("intent_name", count) != ""): Delayed 1 second(s)&#xD;
&#xD;
2020-06-30 09:47:44 - [TEST_STEP][PASSED] - platform.Method.clickOnElement(findTestObject("Button/createIntent")): platform.Method.clickOnElement is PASSED&#xD;
&#xD;
2020-06-30 09:47:47 - [MESSAGE][PASSED] - platform.Method.clickOnElement is PASSED&#xD;
&#xD;
2020-06-30 09:47:47 - [TEST_STEP][PASSED] - sendKeys(findTestObject("Input/intentName"), newData.getValue("intent_name", count)): Keys 'xcv1231' sent to object: 'Object Repository/Input/intentName'&#xD;
&#xD;
2020-06-30 09:47:50 - [MESSAGE][PASSED] - Keys 'xcv1231' sent to object: 'Object Repository/Input/intentName'&#xD;
&#xD;
2020-06-30 09:47:50 - [TEST_STEP][PASSED] - sendKeys(findTestObject("Input/utterance"), newData.getValue("single_utterance", count)): Keys 'xcxvxc' sent to object: 'Object Repository/Input/utterance'&#xD;
&#xD;
2020-06-30 09:47:53 - [MESSAGE][PASSED] - Keys 'xcxvxc' sent to object: 'Object Repository/Input/utterance'&#xD;
&#xD;
2020-06-30 09:47:53 - [TEST_STEP][PASSED] - platform.Method.clickOnElement(findTestObject("Button/addUtterance")): platform.Method.clickOnElement is PASSED&#xD;
&#xD;
2020-06-30 09:47:55 - [MESSAGE][PASSED] - platform.Method.clickOnElement is PASSED&#xD;
&#xD;
2020-06-30 09:47:55 - [TEST_STEP][PASSED] - sendKeys(findTestObject("Input/finalTempKey"), newData.getValue("final_template_key", count)): Keys 'Agent handover' sent to object: 'Object Repository/Input/finalTempKey'&#xD;
&#xD;
2020-06-30 09:47:59 - [MESSAGE][PASSED] - Keys 'Agent handover' sent to object: 'Object Repository/Input/finalTempKey'&#xD;
&#xD;
2020-06-30 09:47:59 - [TEST_STEP][PASSED] - platform.Method.clickOnElement(findTestObject("Button/save", ["value":" Save "])): platform.Method.clickOnElement is PASSED&#xD;
&#xD;
2020-06-30 09:48:01 - [MESSAGE][PASSED] - platform.Method.clickOnElement is PASSED&#xD;
&#xD;
2020-06-30 09:48:01 - [TEST_STEP][PASSED] - platform.Method.clickOnElement(findTestObject("NewRepo/intentGoBack")): platform.Method.clickOnElement is PASSED&#xD;
&#xD;
2020-06-30 09:48:03 - [MESSAGE][PASSED] - platform.Method.clickOnElement is PASSED&#xD;
&#xD;
2020-06-30 09:48:03 - [TEST_STEP][PASSED] - delay(1): Delayed 1 second(s)&#xD;
&#xD;
2020-06-30 09:48:04 - [MESSAGE][PASSED] - Delayed 1 second(s)&#xD;
&#xD;
2020-06-30 09:48:04 - [TEST_STEP][PASSED] - if (newData.getValue("intent_name", count) != ""): Delayed 1 second(s)&#xD;
&#xD;
2020-06-30 09:48:04 - [TEST_STEP][PASSED] - platform.Method.clickOnElement(findTestObject("Button/createIntent")): platform.Method.clickOnElement is PASSED&#xD;
&#xD;
2020-06-30 09:48:07 - [MESSAGE][PASSED] - platform.Method.clickOnElement is PASSED&#xD;
&#xD;
2020-06-30 09:48:07 - [TEST_STEP][PASSED] - sendKeys(findTestObject("Input/intentName"), newData.getValue("intent_name", count)): Keys '12asaasdas' sent to object: 'Object Repository/Input/intentName'&#xD;
&#xD;
2020-06-30 09:48:10 - [MESSAGE][PASSED] - Keys '12asaasdas' sent to object: 'Object Repository/Input/intentName'&#xD;
&#xD;
2020-06-30 09:48:10 - [TEST_STEP][PASSED] - sendKeys(findTestObject("Input/utterance"), newData.getValue("single_utterance", count)): Keys 'asdasda' sent to object: 'Object Repository/Input/utterance'&#xD;
&#xD;
2020-06-30 09:48:12 - [MESSAGE][PASSED] - Keys 'asdasda' sent to object: 'Object Repository/Input/utterance'&#xD;
&#xD;
2020-06-30 09:48:12 - [TEST_STEP][PASSED] - platform.Method.clickOnElement(findTestObject("Button/addUtterance")): platform.Method.clickOnElement is PASSED&#xD;
&#xD;
2020-06-30 09:48:15 - [MESSAGE][PASSED] - platform.Method.clickOnElement is PASSED&#xD;
&#xD;
2020-06-30 09:48:15 - [TEST_STEP][PASSED] - sendKeys(findTestObject("Input/finalTempKey"), newData.getValue("final_template_key", count)): Keys 'Partial match' sent to object: 'Object Repository/Input/finalTempKey'&#xD;
&#xD;
2020-06-30 09:48:19 - [MESSAGE][PASSED] - Keys 'Partial match' sent to object: 'Object Repository/Input/finalTempKey'&#xD;
&#xD;
2020-06-30 09:48:19 - [TEST_STEP][PASSED] - platform.Method.clickOnElement(findTestObject("Button/save", ["value":" Save "])): platform.Method.clickOnElement is PASSED&#xD;
&#xD;
2020-06-30 09:48:21 - [MESSAGE][PASSED] - platform.Method.clickOnElement is PASSED&#xD;
&#xD;
2020-06-30 09:48:21 - [TEST_STEP][PASSED] - platform.Method.clickOnElement(findTestObject("NewRepo/intentGoBack")): platform.Method.clickOnElement is PASSED&#xD;
&#xD;
2020-06-30 09:48:23 - [MESSAGE][PASSED] - platform.Method.clickOnElement is PASSED&#xD;
&#xD;
2020-06-30 09:48:23 - [TEST_STEP][PASSED] - delay(1): Delayed 1 second(s)&#xD;
&#xD;
2020-06-30 09:48:24 - [MESSAGE][PASSED] - Delayed 1 second(s)&#xD;
&#xD;
2020-06-30 09:48:24 - [TEST_STEP][PASSED] - if (newData.getValue("intent_name", count) != ""): Delayed 1 second(s)&#xD;
&#xD;
2020-06-30 09:48:24 - [TEST_STEP][PASSED] - platform.Method.clickOnElement(findTestObject("Button/createIntent")): platform.Method.clickOnElement is PASSED&#xD;
&#xD;
2020-06-30 09:48:27 - [MESSAGE][PASSED] - platform.Method.clickOnElement is PASSED&#xD;
&#xD;
2020-06-30 09:48:27 - [TEST_STEP][PASSED] - sendKeys(findTestObject("Input/intentName"), newData.getValue("intent_name", count)): Keys 'dfrvdcw' sent to object: 'Object Repository/Input/intentName'&#xD;
&#xD;
2020-06-30 09:48:30 - [MESSAGE][PASSED] - Keys 'dfrvdcw' sent to object: 'Object Repository/Input/intentName'&#xD;
&#xD;
2020-06-30 09:48:30 - [TEST_STEP][PASSED] - sendKeys(findTestObject("Input/utterance"), newData.getValue("single_utterance", count)): Keys '234dsf2e2eqf' sent to object: 'Object Repository/Input/utterance'&#xD;
&#xD;
2020-06-30 09:48:33 - [MESSAGE][PASSED] - Keys '234dsf2e2eqf' sent to object: 'Object Repository/Input/utterance'&#xD;
&#xD;
2020-06-30 09:48:33 - [TEST_STEP][PASSED] - platform.Method.clickOnElement(findTestObject("Button/addUtterance")): platform.Method.clickOnElement is PASSED&#xD;
&#xD;
2020-06-30 09:48:36 - [MESSAGE][PASSED] - platform.Method.clickOnElement is PASSED&#xD;
&#xD;
2020-06-30 09:48:36 - [TEST_STEP][PASSED] - sendKeys(findTestObject("Input/finalTempKey"), newData.getValue("final_template_key", count)): Keys 'Help message' sent to object: 'Object Repository/Input/finalTempKey'&#xD;
&#xD;
2020-06-30 09:48:40 - [MESSAGE][PASSED] - Keys 'Help message' sent to object: 'Object Repository/Input/finalTempKey'&#xD;
&#xD;
2020-06-30 09:48:40 - [TEST_STEP][PASSED] - platform.Method.clickOnElement(findTestObject("Button/save", ["value":" Save "])): platform.Method.clickOnElement is PASSED&#xD;
&#xD;
2020-06-30 09:48:42 - [MESSAGE][PASSED] - platform.Method.clickOnElement is PASSED&#xD;
&#xD;
2020-06-30 09:48:42 - [TEST_STEP][PASSED] - platform.Method.clickOnElement(findTestObject("NewRepo/intentGoBack")): platform.Method.clickOnElement is PASSED&#xD;
&#xD;
2020-06-30 09:48:44 - [MESSAGE][PASSED] - platform.Method.clickOnElement is PASSED&#xD;
&#xD;
2020-06-30 09:48:44 - [TEST_STEP][PASSED] - delay(1): Delayed 1 second(s)&#xD;
&#xD;
2020-06-30 09:48:45 - [MESSAGE][PASSED] - Delayed 1 second(s)&#xD;
&#xD;
2020-06-30 09:48:45 - [TEST_STEP][PASSED] - if (newData.getValue("intent_name", count) != ""): Delayed 1 second(s)&#xD;
&#xD;
2020-06-30 09:48:45 - [TEST_STEP][PASSED] - platform.Method.clickOnElement(findTestObject("Button/createIntent")): platform.Method.clickOnElement is PASSED&#xD;
&#xD;
2020-06-30 09:48:48 - [MESSAGE][PASSED] - platform.Method.clickOnElement is PASSED&#xD;
&#xD;
2020-06-30 09:48:48 - [TEST_STEP][PASSED] - sendKeys(findTestObject("Input/intentName"), newData.getValue("intent_name", count)): Keys 'bnmvbhjkito8ughkf7' sent to object: 'Object Repository/Input/intentName'&#xD;
&#xD;
2020-06-30 09:48:51 - [MESSAGE][PASSED] - Keys 'bnmvbhjkito8ughkf7' sent to object: 'Object Repository/Input/intentName'&#xD;
&#xD;
2020-06-30 09:48:51 - [TEST_STEP][PASSED] - sendKeys(findTestObject("Input/utterance"), newData.getValue("single_utterance", count)): Keys 'rwb64w756fdbsebqrvqe' sent to object: 'Object Repository/Input/utterance'&#xD;
&#xD;
2020-06-30 09:48:55 - [MESSAGE][PASSED] - Keys 'rwb64w756fdbsebqrvqe' sent to object: 'Object Repository/Input/utterance'&#xD;
&#xD;
2020-06-30 09:48:55 - [TEST_STEP][PASSED] - platform.Method.clickOnElement(findTestObject("Button/addUtterance")): platform.Method.clickOnElement is PASSED&#xD;
&#xD;
2020-06-30 09:48:57 - [MESSAGE][PASSED] - platform.Method.clickOnElement is PASSED&#xD;
&#xD;
2020-06-30 09:48:57 - [TEST_STEP][PASSED] - sendKeys(findTestObject("Input/finalTempKey"), newData.getValue("final_template_key", count)): Keys 'Fallback message' sent to object: 'Object Repository/Input/finalTempKey'&#xD;
&#xD;
2020-06-30 09:49:00 - [MESSAGE][PASSED] - Keys 'Fallback message' sent to object: 'Object Repository/Input/finalTempKey'&#xD;
&#xD;
2020-06-30 09:49:00 - [TEST_STEP][PASSED] - platform.Method.clickOnElement(findTestObject("Button/save", ["value":" Save "])): platform.Method.clickOnElement is PASSED&#xD;
&#xD;
2020-06-30 09:49:03 - [MESSAGE][PASSED] - platform.Method.clickOnElement is PASSED&#xD;
&#xD;
2020-06-30 09:49:03 - [TEST_STEP][PASSED] - platform.Method.clickOnElement(findTestObject("NewRepo/intentGoBack")): platform.Method.clickOnElement is PASSED&#xD;
&#xD;
2020-06-30 09:49:05 - [MESSAGE][PASSED] - platform.Method.clickOnElement is PASSED&#xD;
&#xD;
2020-06-30 09:49:05 - [TEST_STEP][PASSED] - delay(1): Delayed 1 second(s)&#xD;
&#xD;
2020-06-30 09:49:06 - [MESSAGE][PASSED] - Delayed 1 second(s)&#xD;
&#xD;
2020-06-30 09:49:06 - [TEST_STEP][PASSED] - if (newData.getValue("intent_name", count) != ""): Delayed 1 second(s)&#xD;
&#xD;
2020-06-30 09:49:06 - [TEST_STEP][PASSED] - platform.Method.clickOnElement(findTestObject("Button/createIntent")): platform.Method.clickOnElement is PASSED&#xD;
&#xD;
2020-06-30 09:49:09 - [MESSAGE][PASSED] - platform.Method.clickOnElement is PASSED&#xD;
&#xD;
2020-06-30 09:49:09 - [TEST_STEP][PASSED] - sendKeys(findTestObject("Input/intentName"), newData.getValue("intent_name", count)): Keys 'bgrt4vedvf' sent to object: 'Object Repository/Input/intentName'&#xD;
&#xD;
2020-06-30 09:49:12 - [MESSAGE][PASSED] - Keys 'bgrt4vedvf' sent to object: 'Object Repository/Input/intentName'&#xD;
&#xD;
2020-06-30 09:49:12 - [TEST_STEP][PASSED] - sendKeys(findTestObject("Input/utterance"), newData.getValue("single_utterance", count)): Keys 'a423sdgq34gq4sda' sent to object: 'Object Repository/Input/utterance'&#xD;
&#xD;
2020-06-30 09:49:15 - [MESSAGE][PASSED] - Keys 'a423sdgq34gq4sda' sent to object: 'Object Repository/Input/utterance'&#xD;
&#xD;
2020-06-30 09:49:15 - [TEST_STEP][PASSED] - platform.Method.clickOnElement(findTestObject("Button/addUtterance")): platform.Method.clickOnElement is PASSED&#xD;
&#xD;
2020-06-30 09:49:17 - [MESSAGE][PASSED] - platform.Method.clickOnElement is PASSED&#xD;
&#xD;
2020-06-30 09:49:17 - [TEST_STEP][PASSED] - sendKeys(findTestObject("Input/finalTempKey"), newData.getValue("final_template_key", count)): Keys 'Help message' sent to object: 'Object Repository/Input/finalTempKey'&#xD;
&#xD;
2020-06-30 09:49:20 - [MESSAGE][PASSED] - Keys 'Help message' sent to object: 'Object Repository/Input/finalTempKey'&#xD;
&#xD;
2020-06-30 09:49:20 - [TEST_STEP][PASSED] - platform.Method.clickOnElement(findTestObject("Button/save", ["value":" Save "])): platform.Method.clickOnElement is PASSED&#xD;
&#xD;
2020-06-30 09:49:22 - [MESSAGE][PASSED] - platform.Method.clickOnElement is PASSED&#xD;
&#xD;
2020-06-30 09:49:22 - [TEST_STEP][PASSED] - platform.Method.clickOnElement(findTestObject("NewRepo/intentGoBack")): platform.Method.clickOnElement is PASSED&#xD;
&#xD;
2020-06-30 09:49:25 - [MESSAGE][PASSED] - platform.Method.clickOnElement is PASSED&#xD;
&#xD;
2020-06-30 09:49:25 - [TEST_STEP][PASSED] - delay(1): Delayed 1 second(s)&#xD;
&#xD;
2020-06-30 09:49:26 - [MESSAGE][PASSED] - Delayed 1 second(s)&#xD;
&#xD;
2020-06-30 09:49:26 - [TEST_STEP][PASSED] - if (newData.getValue("intent_name", count) != ""): Delayed 1 second(s)&#xD;
&#xD;
2020-06-30 09:49:26 - [TEST_STEP][PASSED] - platform.Method.clickOnElement(findTestObject("Button/createIntent")): platform.Method.clickOnElement is PASSED&#xD;
&#xD;
2020-06-30 09:49:29 - [MESSAGE][PASSED] - platform.Method.clickOnElement is PASSED&#xD;
&#xD;
2020-06-30 09:49:29 - [TEST_STEP][PASSED] - sendKeys(findTestObject("Input/intentName"), newData.getValue("intent_name", count)): Keys 'hjkgfhgfhf' sent to object: 'Object Repository/Input/intentName'&#xD;
&#xD;
2020-06-30 09:49:31 - [MESSAGE][PASSED] - Keys 'hjkgfhgfhf' sent to object: 'Object Repository/Input/intentName'&#xD;
&#xD;
2020-06-30 09:49:31 - [TEST_STEP][PASSED] - sendKeys(findTestObject("Input/utterance"), newData.getValue("single_utterance", count)): Keys 'aasfdsfsd' sent to object: 'Object Repository/Input/utterance'&#xD;
&#xD;
2020-06-30 09:49:34 - [MESSAGE][PASSED] - Keys 'aasfdsfsd' sent to object: 'Object Repository/Input/utterance'&#xD;
&#xD;
2020-06-30 09:49:34 - [TEST_STEP][PASSED] - platform.Method.clickOnElement(findTestObject("Button/addUtterance")): platform.Method.clickOnElement is PASSED&#xD;
&#xD;
2020-06-30 09:49:36 - [MESSAGE][PASSED] - platform.Method.clickOnElement is PASSED&#xD;
&#xD;
2020-06-30 09:49:36 - [TEST_STEP][PASSED] - sendKeys(findTestObject("Input/finalTempKey"), newData.getValue("final_template_key", count)): Keys 'Welcome message' sent to object: 'Object Repository/Input/finalTempKey'&#xD;
&#xD;
2020-06-30 09:49:40 - [MESSAGE][PASSED] - Keys 'Welcome message' sent to object: 'Object Repository/Input/finalTempKey'&#xD;
&#xD;
2020-06-30 09:49:40 - [TEST_STEP][PASSED] - platform.Method.clickOnElement(findTestObject("Button/save", ["value":" Save "])): platform.Method.clickOnElement is PASSED&#xD;
&#xD;
2020-06-30 09:49:42 - [MESSAGE][PASSED] - platform.Method.clickOnElement is PASSED&#xD;
&#xD;
2020-06-30 09:49:42 - [TEST_STEP][PASSED] - platform.Method.clickOnElement(findTestObject("NewRepo/intentGoBack")): platform.Method.clickOnElement is PASSED&#xD;
&#xD;
2020-06-30 09:49:45 - [MESSAGE][PASSED] - platform.Method.clickOnElement is PASSED&#xD;
&#xD;
2020-06-30 09:49:45 - [TEST_STEP][PASSED] - delay(1): Delayed 1 second(s)&#xD;
&#xD;
2020-06-30 09:49:46 - [MESSAGE][PASSED] - Delayed 1 second(s)&#xD;
&#xD;
2020-06-30 09:49:46 - [TEST_STEP][PASSED] - if (newData.getValue("intent_name", count) != ""): Delayed 1 second(s)&#xD;
&#xD;
2020-06-30 09:49:46 - [TEST_STEP][PASSED] - platform.Method.clickOnElement(findTestObject("Button/createIntent")): platform.Method.clickOnElement is PASSED&#xD;
&#xD;
2020-06-30 09:49:49 - [MESSAGE][PASSED] - platform.Method.clickOnElement is PASSED&#xD;
&#xD;
2020-06-30 09:49:49 - [TEST_STEP][PASSED] - sendKeys(findTestObject("Input/intentName"), newData.getValue("intent_name", count)): Keys 'bnmbnm' sent to object: 'Object Repository/Input/intentName'&#xD;
&#xD;
2020-06-30 09:49:52 - [MESSAGE][PASSED] - Keys 'bnmbnm' sent to object: 'Object Repository/Input/intentName'&#xD;
&#xD;
2020-06-30 09:49:52 - [TEST_STEP][PASSED] - sendKeys(findTestObject("Input/utterance"), newData.getValue("single_utterance", count)): Keys 'bnmbn3413412' sent to object: 'Object Repository/Input/utterance'&#xD;
&#xD;
2020-06-30 09:49:55 - [MESSAGE][PASSED] - Keys 'bnmbn3413412' sent to object: 'Object Repository/Input/utterance'&#xD;
&#xD;
2020-06-30 09:49:55 - [TEST_STEP][PASSED] - platform.Method.clickOnElement(findTestObject("Button/addUtterance")): platform.Method.clickOnElement is PASSED&#xD;
&#xD;
2020-06-30 09:49:57 - [MESSAGE][PASSED] - platform.Method.clickOnElement is PASSED&#xD;
&#xD;
2020-06-30 09:49:57 - [TEST_STEP][PASSED] - sendKeys(findTestObject("Input/finalTempKey"), newData.getValue("final_template_key", count)): Keys 'Fallback message' sent to object: 'Object Repository/Input/finalTempKey'&#xD;
&#xD;
2020-06-30 09:50:01 - [MESSAGE][PASSED] - Keys 'Fallback message' sent to object: 'Object Repository/Input/finalTempKey'&#xD;
&#xD;
2020-06-30 09:50:01 - [TEST_STEP][PASSED] - platform.Method.clickOnElement(findTestObject("Button/save", ["value":" Save "])): platform.Method.clickOnElement is PASSED&#xD;
&#xD;
2020-06-30 09:50:03 - [MESSAGE][PASSED] - platform.Method.clickOnElement is PASSED&#xD;
&#xD;
2020-06-30 09:50:03 - [TEST_STEP][PASSED] - platform.Method.clickOnElement(findTestObject("NewRepo/intentGoBack")): platform.Method.clickOnElement is PASSED&#xD;
&#xD;
2020-06-30 09:50:06 - [MESSAGE][PASSED] - platform.Method.clickOnElement is PASSED&#xD;
&#xD;
2020-06-30 09:50:06 - [TEST_STEP][PASSED] - delay(1): Delayed 1 second(s)&#xD;
&#xD;
2020-06-30 09:50:07 - [MESSAGE][PASSED] - Delayed 1 second(s)&#xD;
&#xD;
2020-06-30 09:50:07 - [TEST_STEP][PASSED] - if (newData.getValue("intent_name", count) != ""): Delayed 1 second(s)&#xD;
&#xD;
2020-06-30 09:50:07 - [TEST_STEP][PASSED] - platform.Method.clickOnElement(findTestObject("Button/createIntent")): platform.Method.clickOnElement is PASSED&#xD;
&#xD;
2020-06-30 09:50:09 - [MESSAGE][PASSED] - platform.Method.clickOnElement is PASSED&#xD;
&#xD;
2020-06-30 09:50:09 - [TEST_STEP][PASSED] - sendKeys(findTestObject("Input/intentName"), newData.getValue("intent_name", count)): Keys 'tyutyuttr' sent to object: 'Object Repository/Input/intentName'&#xD;
&#xD;
2020-06-30 09:50:12 - [MESSAGE][PASSED] - Keys 'tyutyuttr' sent to object: 'Object Repository/Input/intentName'&#xD;
&#xD;
2020-06-30 09:50:12 - [TEST_STEP][PASSED] - sendKeys(findTestObject("Input/utterance"), newData.getValue("single_utterance", count)): Keys 'tyutyvbnvbfghrt' sent to object: 'Object Repository/Input/utterance'&#xD;
&#xD;
2020-06-30 09:50:15 - [MESSAGE][PASSED] - Keys 'tyutyvbnvbfghrt' sent to object: 'Object Repository/Input/utterance'&#xD;
&#xD;
2020-06-30 09:50:15 - [TEST_STEP][PASSED] - platform.Method.clickOnElement(findTestObject("Button/addUtterance")): platform.Method.clickOnElement is PASSED&#xD;
&#xD;
2020-06-30 09:50:17 - [MESSAGE][PASSED] - platform.Method.clickOnElement is PASSED&#xD;
&#xD;
2020-06-30 09:50:17 - [TEST_STEP][PASSED] - sendKeys(findTestObject("Input/finalTempKey"), newData.getValue("final_template_key", count)): Keys 'Welcome message' sent to object: 'Object Repository/Input/finalTempKey'&#xD;
&#xD;
2020-06-30 09:50:20 - [MESSAGE][PASSED] - Keys 'Welcome message' sent to object: 'Object Repository/Input/finalTempKey'&#xD;
&#xD;
2020-06-30 09:50:20 - [TEST_STEP][PASSED] - platform.Method.clickOnElement(findTestObject("Button/save", ["value":" Save "])): platform.Method.clickOnElement is PASSED&#xD;
&#xD;
2020-06-30 09:50:23 - [MESSAGE][PASSED] - platform.Method.clickOnElement is PASSED&#xD;
&#xD;
2020-06-30 09:50:23 - [TEST_STEP][PASSED] - platform.Method.clickOnElement(findTestObject("NewRepo/intentGoBack")): platform.Method.clickOnElement is PASSED&#xD;
&#xD;
2020-06-30 09:50:25 - [MESSAGE][PASSED] - platform.Method.clickOnElement is PASSED&#xD;
&#xD;
2020-06-30 09:50:25 - [TEST_STEP][PASSED] - delay(1): Delayed 1 second(s)&#xD;
&#xD;
2020-06-30 09:50:26 - [MESSAGE][PASSED] - Delayed 1 second(s)&#xD;
&#xD;
2020-06-30 09:50:26 - [TEST_STEP][PASSED] - if (newData.getValue("intent_name", count) != ""): Delayed 1 second(s)&#xD;
&#xD;
2020-06-30 09:50:26 - [TEST_STEP][PASSED] - platform.Method.clickOnElement(findTestObject("Button/createIntent")): platform.Method.clickOnElement is PASSED&#xD;
&#xD;
2020-06-30 09:50:29 - [MESSAGE][PASSED] - platform.Method.clickOnElement is PASSED&#xD;
&#xD;
2020-06-30 09:50:29 - [TEST_STEP][PASSED] - sendKeys(findTestObject("Input/intentName"), newData.getValue("intent_name", count)): Keys 'yuiyuuioui' sent to object: 'Object Repository/Input/intentName'&#xD;
&#xD;
2020-06-30 09:50:32 - [MESSAGE][PASSED] - Keys 'yuiyuuioui' sent to object: 'Object Repository/Input/intentName'&#xD;
&#xD;
2020-06-30 09:50:32 - [TEST_STEP][PASSED] - sendKeys(findTestObject("Input/utterance"), newData.getValue("single_utterance", count)): Keys 'gjhjuiyu3425675673' sent to object: 'Object Repository/Input/utterance'&#xD;
&#xD;
2020-06-30 09:50:35 - [MESSAGE][PASSED] - Keys 'gjhjuiyu3425675673' sent to object: 'Object Repository/Input/utterance'&#xD;
&#xD;
2020-06-30 09:50:35 - [TEST_STEP][PASSED] - platform.Method.clickOnElement(findTestObject("Button/addUtterance")): platform.Method.clickOnElement is PASSED&#xD;
&#xD;
2020-06-30 09:50:37 - [MESSAGE][PASSED] - platform.Method.clickOnElement is PASSED&#xD;
&#xD;
2020-06-30 09:50:37 - [TEST_STEP][PASSED] - sendKeys(findTestObject("Input/finalTempKey"), newData.getValue("final_template_key", count)): Keys 'Welcome message' sent to object: 'Object Repository/Input/finalTempKey'&#xD;
&#xD;
2020-06-30 09:50:41 - [MESSAGE][PASSED] - Keys 'Welcome message' sent to object: 'Object Repository/Input/finalTempKey'&#xD;
&#xD;
2020-06-30 09:50:41 - [TEST_STEP][PASSED] - platform.Method.clickOnElement(findTestObject("Button/save", ["value":" Save "])): platform.Method.clickOnElement is PASSED&#xD;
&#xD;
2020-06-30 09:50:43 - [MESSAGE][PASSED] - platform.Method.clickOnElement is PASSED&#xD;
&#xD;
2020-06-30 09:50:43 - [TEST_STEP][PASSED] - platform.Method.clickOnElement(findTestObject("NewRepo/intentGoBack")): platform.Method.clickOnElement is PASSED&#xD;
&#xD;
2020-06-30 09:50:45 - [MESSAGE][PASSED] - platform.Method.clickOnElement is PASSED&#xD;
&#xD;
2020-06-30 09:50:45 - [TEST_STEP][PASSED] - delay(1): Delayed 1 second(s)&#xD;
&#xD;
2020-06-30 09:50:46 - [MESSAGE][PASSED] - Delayed 1 second(s)&#xD;
&#xD;
2020-06-30 09:50:46 - [TEST_STEP][PASSED] - if (newData.getValue("intent_name", count) != ""): Delayed 1 second(s)&#xD;
&#xD;
2020-06-30 09:50:46 - [TEST_STEP][PASSED] - platform.Method.clickOnElement(findTestObject("Button/createIntent")): platform.Method.clickOnElement is PASSED&#xD;
&#xD;
2020-06-30 09:50:49 - [MESSAGE][PASSED] - platform.Method.clickOnElement is PASSED&#xD;
&#xD;
2020-06-30 09:50:49 - [TEST_STEP][PASSED] - sendKeys(findTestObject("Input/intentName"), newData.getValue("intent_name", count)): Keys 'asdasasdas' sent to object: 'Object Repository/Input/intentName'&#xD;
&#xD;
2020-06-30 09:50:52 - [MESSAGE][PASSED] - Keys 'asdasasdas' sent to object: 'Object Repository/Input/intentName'&#xD;
&#xD;
2020-06-30 09:50:52 - [TEST_STEP][PASSED] - sendKeys(findTestObject("Input/utterance"), newData.getValue("single_utterance", count)): Keys 'asdasdasdasdas123' sent to object: 'Object Repository/Input/utterance'&#xD;
&#xD;
2020-06-30 09:50:55 - [MESSAGE][PASSED] - Keys 'asdasdasdasdas123' sent to object: 'Object Repository/Input/utterance'&#xD;
&#xD;
2020-06-30 09:50:55 - [TEST_STEP][PASSED] - platform.Method.clickOnElement(findTestObject("Button/addUtterance")): platform.Method.clickOnElement is PASSED&#xD;
&#xD;
2020-06-30 09:50:57 - [MESSAGE][PASSED] - platform.Method.clickOnElement is PASSED&#xD;
&#xD;
2020-06-30 09:50:57 - [TEST_STEP][PASSED] - sendKeys(findTestObject("Input/finalTempKey"), newData.getValue("final_template_key", count)): Keys 'Help message' sent to object: 'Object Repository/Input/finalTempKey'&#xD;
&#xD;
2020-06-30 09:51:00 - [MESSAGE][PASSED] - Keys 'Help message' sent to object: 'Object Repository/Input/finalTempKey'&#xD;
&#xD;
2020-06-30 09:51:00 - [TEST_STEP][PASSED] - platform.Method.clickOnElement(findTestObject("Button/save", ["value":" Save "])): platform.Method.clickOnElement is PASSED&#xD;
&#xD;
2020-06-30 09:51:03 - [MESSAGE][PASSED] - platform.Method.clickOnElement is PASSED&#xD;
&#xD;
2020-06-30 09:51:03 - [TEST_STEP][PASSED] - platform.Method.clickOnElement(findTestObject("NewRepo/intentGoBack")): platform.Method.clickOnElement is PASSED&#xD;
&#xD;
2020-06-30 09:51:05 - [MESSAGE][PASSED] - platform.Method.clickOnElement is PASSED&#xD;
&#xD;
2020-06-30 09:51:05 - [TEST_STEP][PASSED] - delay(1): Delayed 1 second(s)&#xD;
&#xD;
2020-06-30 09:51:06 - [MESSAGE][PASSED] - Delayed 1 second(s)&#xD;
&#xD;
2020-06-30 09:51:06 - [TEST_STEP][PASSED] - if (newData.getValue("intent_name", count) != ""): Delayed 1 second(s)&#xD;
&#xD;
2020-06-30 09:51:06 - [TEST_STEP][PASSED] - platform.Method.clickOnElement(findTestObject("Button/createIntent")): platform.Method.clickOnElement is PASSED&#xD;
&#xD;
2020-06-30 09:51:09 - [MESSAGE][PASSED] - platform.Method.clickOnElement is PASSED&#xD;
&#xD;
2020-06-30 09:51:09 - [TEST_STEP][PASSED] - sendKeys(findTestObject("Input/intentName"), newData.getValue("intent_name", count)): Keys 'asda' sent to object: 'Object Repository/Input/intentName'&#xD;
&#xD;
2020-06-30 09:51:11 - [MESSAGE][PASSED] - Keys 'asda' sent to object: 'Object Repository/Input/intentName'&#xD;
&#xD;
2020-06-30 09:51:11 - [TEST_STEP][PASSED] - sendKeys(findTestObject("Input/utterance"), newData.getValue("single_utterance", count)): Keys 'asdas46345' sent to object: 'Object Repository/Input/utterance'&#xD;
&#xD;
2020-06-30 09:51:14 - [MESSAGE][PASSED] - Keys 'asdas46345' sent to object: 'Object Repository/Input/utterance'&#xD;
&#xD;
2020-06-30 09:51:14 - [TEST_STEP][PASSED] - platform.Method.clickOnElement(findTestObject("Button/addUtterance")): platform.Method.clickOnElement is PASSED&#xD;
&#xD;
2020-06-30 09:51:16 - [MESSAGE][PASSED] - platform.Method.clickOnElement is PASSED&#xD;
&#xD;
2020-06-30 09:51:16 - [TEST_STEP][PASSED] - sendKeys(findTestObject("Input/finalTempKey"), newData.getValue("final_template_key", count)): Keys 'Welcome message' sent to object: 'Object Repository/Input/finalTempKey'&#xD;
&#xD;
2020-06-30 09:51:19 - [MESSAGE][PASSED] - Keys 'Welcome message' sent to object: 'Object Repository/Input/finalTempKey'&#xD;
&#xD;
2020-06-30 09:51:19 - [TEST_STEP][PASSED] - platform.Method.clickOnElement(findTestObject("Button/save", ["value":" Save "])): platform.Method.clickOnElement is PASSED&#xD;
&#xD;
2020-06-30 09:51:21 - [MESSAGE][PASSED] - platform.Method.clickOnElement is PASSED&#xD;
&#xD;
2020-06-30 09:51:21 - [TEST_STEP][PASSED] - platform.Method.clickOnElement(findTestObject("NewRepo/intentGoBack")): platform.Method.clickOnElement is PASSED&#xD;
&#xD;
2020-06-30 09:51:24 - [MESSAGE][PASSED] - platform.Method.clickOnElement is PASSED&#xD;
&#xD;
2020-06-30 09:51:24 - [TEST_STEP][PASSED] - delay(1): Delayed 1 second(s)&#xD;
&#xD;
2020-06-30 09:51:25 - [MESSAGE][PASSED] - Delayed 1 second(s)&#xD;
&#xD;
2020-06-30 09:51:25 - [TEST_STEP][PASSED] - if (newData.getValue("intent_name", count) != ""): Delayed 1 second(s)&#xD;
&#xD;
2020-06-30 09:51:25 - [TEST_STEP][PASSED] - platform.Method.clickOnElement(findTestObject("Button/createIntent")): platform.Method.clickOnElement is PASSED&#xD;
&#xD;
2020-06-30 09:51:27 - [MESSAGE][PASSED] - platform.Method.clickOnElement is PASSED&#xD;
&#xD;
2020-06-30 09:51:27 - [TEST_STEP][PASSED] - sendKeys(findTestObject("Input/intentName"), newData.getValue("intent_name", count)): Keys 'asdas1245645' sent to object: 'Object Repository/Input/intentName'&#xD;
&#xD;
2020-06-30 09:51:30 - [MESSAGE][PASSED] - Keys 'asdas1245645' sent to object: 'Object Repository/Input/intentName'&#xD;
&#xD;
2020-06-30 09:51:30 - [TEST_STEP][PASSED] - sendKeys(findTestObject("Input/utterance"), newData.getValue("single_utterance", count)): Keys 'asdasdghfghghjghdas' sent to object: 'Object Repository/Input/utterance'&#xD;
&#xD;
2020-06-30 09:51:33 - [MESSAGE][PASSED] - Keys 'asdasdghfghghjghdas' sent to object: 'Object Repository/Input/utterance'&#xD;
&#xD;
2020-06-30 09:51:33 - [TEST_STEP][PASSED] - platform.Method.clickOnElement(findTestObject("Button/addUtterance")): platform.Method.clickOnElement is PASSED&#xD;
&#xD;
2020-06-30 09:51:35 - [MESSAGE][PASSED] - platform.Method.clickOnElement is PASSED&#xD;
&#xD;
2020-06-30 09:51:35 - [TEST_STEP][PASSED] - sendKeys(findTestObject("Input/finalTempKey"), newData.getValue("final_template_key", count)): Keys 'Fallback message' sent to object: 'Object Repository/Input/finalTempKey'&#xD;
&#xD;
2020-06-30 09:51:39 - [MESSAGE][PASSED] - Keys 'Fallback message' sent to object: 'Object Repository/Input/finalTempKey'&#xD;
&#xD;
2020-06-30 09:51:39 - [TEST_STEP][PASSED] - platform.Method.clickOnElement(findTestObject("Button/save", ["value":" Save "])): platform.Method.clickOnElement is PASSED&#xD;
&#xD;
2020-06-30 09:51:41 - [MESSAGE][PASSED] - platform.Method.clickOnElement is PASSED&#xD;
&#xD;
2020-06-30 09:51:41 - [TEST_STEP][PASSED] - platform.Method.clickOnElement(findTestObject("NewRepo/intentGoBack")): platform.Method.clickOnElement is PASSED&#xD;
&#xD;
2020-06-30 09:51:43 - [MESSAGE][PASSED] - platform.Method.clickOnElement is PASSED&#xD;
&#xD;
2020-06-30 09:51:43 - [TEST_STEP][PASSED] - delay(1): Delayed 1 second(s)&#xD;
&#xD;
2020-06-30 09:51:44 - [MESSAGE][PASSED] - Delayed 1 second(s)&#xD;
&#xD;
2020-06-30 09:51:44 - [TEST_STEP][PASSED] - if (newData.getValue("intent_name", count) != ""): Delayed 1 second(s)&#xD;
&#xD;
2020-06-30 09:51:44 - [TEST_STEP][PASSED] - platform.Method.clickOnElement(findTestObject("Button/createIntent")): platform.Method.clickOnElement is PASSED&#xD;
&#xD;
2020-06-30 09:51:47 - [MESSAGE][PASSED] - platform.Method.clickOnElement is PASSED&#xD;
&#xD;
2020-06-30 09:51:47 - [TEST_STEP][PASSED] - sendKeys(findTestObject("Input/intentName"), newData.getValue("intent_name", count)): Keys 'hgdga' sent to object: 'Object Repository/Input/intentName'&#xD;
&#xD;
2020-06-30 09:51:49 - [MESSAGE][PASSED] - Keys 'hgdga' sent to object: 'Object Repository/Input/intentName'&#xD;
&#xD;
2020-06-30 09:51:49 - [TEST_STEP][PASSED] - sendKeys(findTestObject("Input/utterance"), newData.getValue("single_utterance", count)): Keys 'asdasd12e' sent to object: 'Object Repository/Input/utterance'&#xD;
&#xD;
2020-06-30 09:51:52 - [MESSAGE][PASSED] - Keys 'asdasd12e' sent to object: 'Object Repository/Input/utterance'&#xD;
&#xD;
2020-06-30 09:51:52 - [TEST_STEP][PASSED] - platform.Method.clickOnElement(findTestObject("Button/addUtterance")): platform.Method.clickOnElement is PASSED&#xD;
&#xD;
2020-06-30 09:51:54 - [MESSAGE][PASSED] - platform.Method.clickOnElement is PASSED&#xD;
&#xD;
2020-06-30 09:51:54 - [TEST_STEP][PASSED] - sendKeys(findTestObject("Input/finalTempKey"), newData.getValue("final_template_key", count)): Keys 'Partial match' sent to object: 'Object Repository/Input/finalTempKey'&#xD;
&#xD;
2020-06-30 09:51:57 - [MESSAGE][PASSED] - Keys 'Partial match' sent to object: 'Object Repository/Input/finalTempKey'&#xD;
&#xD;
2020-06-30 09:51:57 - [TEST_STEP][PASSED] - platform.Method.clickOnElement(findTestObject("Button/save", ["value":" Save "])): platform.Method.clickOnElement is PASSED&#xD;
&#xD;
2020-06-30 09:51:59 - [MESSAGE][PASSED] - platform.Method.clickOnElement is PASSED&#xD;
&#xD;
2020-06-30 09:51:59 - [TEST_STEP][PASSED] - platform.Method.clickOnElement(findTestObject("NewRepo/intentGoBack")): platform.Method.clickOnElement is PASSED&#xD;
&#xD;
2020-06-30 09:52:02 - [MESSAGE][PASSED] - platform.Method.clickOnElement is PASSED&#xD;
&#xD;
2020-06-30 09:52:02 - [TEST_STEP][PASSED] - delay(1): Delayed 1 second(s)&#xD;
&#xD;
2020-06-30 09:52:03 - [MESSAGE][PASSED] - Delayed 1 second(s)&#xD;
&#xD;
2020-06-30 09:52:03 - [TEST_STEP][PASSED] - sendKeys(findTestObject("Input/searchIntent"), "1231"): Keys '1231' sent to object: 'Object Repository/Input/searchIntent'&#xD;
&#xD;
2020-06-30 09:52:05 - [MESSAGE][PASSED] - Keys '1231' sent to object: 'Object Repository/Input/searchIntent'&#xD;
&#xD;
2020-06-30 09:52:05 - [TEST_STEP][PASSED] - verifyElementText(findTestObject("Generic/listOfIntents"), "xcv1231", STOP_ON_FAILURE): Actual text and expected text of test object 'Object Repository/Generic/listOfIntents' are matched.&#xD;
&#xD;
2020-06-30 09:52:08 - [MESSAGE][PASSED] - Actual text and expected text of test object 'Object Repository/Generic/listOfIntents' are matched.&#xD;
&#xD;
2020-06-30 09:52:08 - [TEST_STEP][PASSED] - searchForIntent = findWebElement(findTestObject("Input/searchIntent"), 10): null&#xD;
&#xD;
2020-06-30 09:52:09 - [TEST_STEP][PASSED] - searchForIntent.sendKeys(Keys.chord(CONTROL, "a")): null&#xD;
&#xD;
2020-06-30 09:52:10 - [TEST_STEP][PASSED] - searchForIntent.sendKeys(Keys.chord(DELETE)): null&#xD;
&#xD;
2020-06-30 09:52:11 - [TEST_STEP][PASSED] - sendKeys(findTestObject("Input/searchUtterance"), "5"): Keys '5' sent to object: 'Object Repository/Input/searchUtterance'&#xD;
&#xD;
2020-06-30 09:52:14 - [MESSAGE][PASSED] - Keys '5' sent to object: 'Object Repository/Input/searchUtterance'&#xD;
&#xD;
2020-06-30 09:52:14 - [TEST_STEP][PASSED] - verifyTextPresent("Help message", false, STOP_ON_FAILURE): Text 'Help message' is present on page &#xD;
&#xD;
2020-06-30 09:52:16 - [MESSAGE][PASSED] - Text 'Help message' is present on page</system-out>
            <system-err></system-err>
        </testcase>
        <system-out>2020-06-30 09:08:06 - [TEST_SUITE][INCOMPLETE] - taskSuiteE2E: null</system-out>
        <system-err>2020-06-30 09:08:06 - [TEST_SUITE][INCOMPLETE] - taskSuiteE2E: null</system-err>
    </testsuite>
</testsuites>
