<?xml version="1.0" encoding="UTF-8" standalone="yes"?>
<testsuites name="demo" time="35" tests="1" failures="0" errors="0">
    <testsuite name="demo" tests="1" failures="0" errors="0" time="35" timestamp="2020-07-14 18:18:37" hostname="narendra.n - WLPT580.imidomain.com" id="Test Suites/demo">
        <properties>
            <property name="deviceName" value=""/>
            <property name="devicePlatform" value=""/>
            <property name="logFolder" value="D:\\IMIbot.ai-Project\\Reports\\20200714_181824\\demo\\20200714_181824"/>
            <property name="logFiles" value="D:\\IMIbot.ai-Project\\Reports\\20200714_181824\\demo\\20200714_181824\\execution0.log"/>
            <property name="attachments" value=""/>
            <property name="hostName" value="narendra.n - WLPT580.imidomain.com"/>
            <property name="os" value="Windows 8.1 64bit"/>
            <property name="katalonVersion" value="6.3.3.11"/>
            <property name="browser" value="Firefox 70.0"/>
            <property name="hostAddress" value="192.168.1.106"/>
            <property name="sessionId" value="301dcfc9-157d-4cc4-83ec-4ca17b99be9e"/>
            <property name="seleniumVersion" value="3.141.59"/>
            <property name="proxyInformation" value="ProxyInformation{proxyOption=NO_PROXY, proxyServerType=HTTP, password=, proxyServerAddress=, proxyServerPort=0}"/>
            <property name="platform" value="Windows 8.1"/>
        </properties>
        <testcase name="Test Cases/Generic/loginPage_Test" classname="Test Cases/Generic/loginPage_Test" status="PASSED">
            <system-out>2020-07-14 18:18:38 - [TEST_CASE][PASSED] - Test Cases/Generic/loginPage_Test: Test Cases/Generic/loginPage_Test&#xD;
&#xD;
2020-07-14 18:18:38 - [TEST_STEP][PASSED] - Start listener action : setUp: Current window maximized&#xD;
&#xD;
2020-07-14 18:18:38 - [TEST_STEP][PASSED] - openBrowser(URL): Browser is opened with url: 'preprod.imibot.ai'&#xD;
&#xD;
2020-07-14 18:18:41 - [MESSAGE][INFO] - Starting 'Firefox' driver&#xD;
&#xD;
2020-07-14 18:18:41 - [MESSAGE][INFO] - Action delay is set to 1 seconds&#xD;
&#xD;
2020-07-14 18:19:09 - [MESSAGE][PASSED] - Browser is opened with url: 'preprod.imibot.ai'&#xD;
&#xD;
2020-07-14 18:19:09 - [TEST_STEP][PASSED] - maximizeWindow(): Current window maximized&#xD;
&#xD;
2020-07-14 18:19:10 - [MESSAGE][PASSED] - Current window maximized&#xD;
&#xD;
2020-07-14 18:19:11 - [TEST_STEP][PASSED] - windowTitle = getWindowTitle(): Current window's title is: 'IMIbot.ai'&#xD;
&#xD;
2020-07-14 18:19:12 - [MESSAGE][PASSED] - Current window's title is: 'IMIbot.ai'&#xD;
&#xD;
2020-07-14 18:19:12 - [TEST_STEP][PASSED] - assert windowTitle == testValue: null</system-out>
            <system-err></system-err>
        </testcase>
        <system-out>2020-07-14 18:18:37 - [TEST_SUITE][INCOMPLETE] - demo: null</system-out>
        <system-err>2020-07-14 18:18:37 - [TEST_SUITE][INCOMPLETE] - demo: null</system-err>
    </testsuite>
</testsuites>
