<?xml version="1.0" encoding="UTF-8" standalone="yes"?>
<testsuites name="generic" time="992" tests="8" failures="0" errors="0">
    <testsuite name="generic" tests="8" failures="0" errors="0" time="992" timestamp="2020-07-10 10:45:50" hostname="narendra.n - WLPT580.imidomain.com" id="Test Suites/generic">
        <properties>
            <property name="deviceName" value=""/>
            <property name="devicePlatform" value=""/>
            <property name="logFolder" value="D:\\IMIbot.ai-Project\\Reports\\20200710_104513\\generic\\20200710_104517"/>
            <property name="logFiles" value="D:\\IMIbot.ai-Project\\Reports\\20200710_104513\\generic\\20200710_104517\\execution0.log"/>
            <property name="attachments" value=""/>
            <property name="hostName" value="narendra.n - WLPT580.imidomain.com"/>
            <property name="os" value="Windows 8.1 64bit"/>
            <property name="katalonVersion" value="6.3.3.11"/>
            <property name="browser" value="Chrome 83.0.4103.116"/>
            <property name="hostAddress" value="192.168.1.4"/>
            <property name="sessionId" value="573ea65b1d4dbe18ae25b5a1ae689c17"/>
            <property name="seleniumVersion" value="3.141.59"/>
            <property name="proxyInformation" value="ProxyInformation{proxyOption=NO_PROXY, proxyServerType=HTTP, password=, proxyServerAddress=, proxyServerPort=0}"/>
            <property name="platform" value="Windows 8.1"/>
        </properties>
        <testcase name="Test Cases/Generic/forgotPasswordLink_Test" classname="Test Cases/Generic/forgotPasswordLink_Test" status="PASSED">
            <system-out>2020-07-10 10:45:52 - [TEST_CASE][PASSED] - Test Cases/Generic/forgotPasswordLink_Test: Test Cases/Generic/forgotPasswordLink_Test&#xD;
&#xD;
2020-07-10 10:45:52 - [TEST_STEP][PASSED] - Start listener action : setUp: Current window maximized&#xD;
&#xD;
2020-07-10 10:45:52 - [TEST_STEP][PASSED] - openBrowser(URL): Browser is opened with url: 'preprod.imibot.ai'&#xD;
&#xD;
2020-07-10 10:45:58 - [MESSAGE][INFO] - Starting 'Edge' driver&#xD;
&#xD;
2020-07-10 10:46:00 - [MESSAGE][INFO] - Action delay is set to 1 seconds&#xD;
&#xD;
2020-07-10 10:46:37 - [MESSAGE][PASSED] - Browser is opened with url: 'preprod.imibot.ai'&#xD;
&#xD;
2020-07-10 10:46:37 - [TEST_STEP][PASSED] - maximizeWindow(): Current window maximized&#xD;
&#xD;
2020-07-10 10:46:39 - [MESSAGE][PASSED] - Current window maximized&#xD;
&#xD;
2020-07-10 10:46:41 - [TEST_STEP][PASSED] - platform.Method.toClickOnWebElement(findTestObject("GenericII/changePasswordLink")): platform.Method.toClickOnWebElement is PASSED&#xD;
&#xD;
2020-07-10 10:46:45 - [MESSAGE][PASSED] - Object: 'Object Repository/GenericII/changePasswordLink' is clicked on&#xD;
&#xD;
2020-07-10 10:46:45 - [MESSAGE][PASSED] - platform.Method.toClickOnWebElement is PASSED&#xD;
&#xD;
2020-07-10 10:46:45 - [TEST_STEP][PASSED] - verifyElementText(findTestObject("GenericII/forgetHeader"), "Forgot password?", STOP_ON_FAILURE): Actual text and expected text of test object 'Object Repository/GenericII/forgetHeader' are matched.&#xD;
&#xD;
2020-07-10 10:46:48 - [MESSAGE][PASSED] - Actual text and expected text of test object 'Object Repository/GenericII/forgetHeader' are matched.&#xD;
&#xD;
2020-07-10 10:46:48 - [TEST_STEP][PASSED] - sendKeys(findTestObject("Input/email"), USERNAME): Keys 'narendra.n@imimobile.com' sent to object: 'Object Repository/Input/email'&#xD;
&#xD;
2020-07-10 10:46:52 - [MESSAGE][PASSED] - Keys 'narendra.n@imimobile.com' sent to object: 'Object Repository/Input/email'&#xD;
&#xD;
2020-07-10 10:46:52 - [TEST_STEP][PASSED] - verifyElementClickable(findTestObject("GenericII/resetEmailBtn"), STOP_ON_FAILURE): Object 'Object Repository/GenericII/resetEmailBtn' is clickable&#xD;
&#xD;
2020-07-10 10:46:54 - [MESSAGE][PASSED] - Object 'Object Repository/GenericII/resetEmailBtn' is clickable&#xD;
&#xD;
2020-07-10 10:46:54 - [TEST_STEP][PASSED] - platform.Method.toClickOnWebElement(findTestObject("GenericII/resetEmailBtn")): platform.Method.toClickOnWebElement is PASSED&#xD;
&#xD;
2020-07-10 10:46:57 - [MESSAGE][PASSED] - Object: 'Object Repository/GenericII/resetEmailBtn' is clicked on&#xD;
&#xD;
2020-07-10 10:46:57 - [MESSAGE][PASSED] - platform.Method.toClickOnWebElement is PASSED&#xD;
&#xD;
2020-07-10 10:46:57 - [TEST_STEP][PASSED] - waitForElementPresent(findTestObject("ICONS/toastMsg"), 20, OPTIONAL): Object 'Object Repository/ICONS/toastMsg' is not present after 20 second(s)&#xD;
&#xD;
2020-07-10 10:47:21 - [MESSAGE][INFO] - Unable to find the element located by 'By.xpath: //simple-snack-bar'. Please recheck the objects properties to make sure the desired element is located. &#xD;
&#xD;
2020-07-10 10:47:21 - [MESSAGE][WARNING] - Object 'Object Repository/ICONS/toastMsg' is not present after 20 second(s)&#xD;
&#xD;
2020-07-10 10:47:21 - [TEST_STEP][PASSED] - verifyElementPresent(findTestObject("GenericII/emailSentIcon"), 5, OPTIONAL): Object 'Object Repository/GenericII/emailSentIcon' is present&#xD;
&#xD;
2020-07-10 10:47:23 - [MESSAGE][PASSED] - Object 'Object Repository/GenericII/emailSentIcon' is present&#xD;
&#xD;
2020-07-10 10:47:23 - [TEST_STEP][PASSED] - verifyElementClickable(findTestObject("GenericII/continueToSignInBtn"), STOP_ON_FAILURE): Object 'Object Repository/GenericII/continueToSignInBtn' is clickable&#xD;
&#xD;
2020-07-10 10:47:26 - [MESSAGE][PASSED] - Object 'Object Repository/GenericII/continueToSignInBtn' is clickable&#xD;
&#xD;
2020-07-10 10:47:26 - [TEST_STEP][PASSED] - platform.Method.toClickOnWebElement(findTestObject("GenericII/continueToSignInBtn")): platform.Method.toClickOnWebElement is PASSED&#xD;
&#xD;
2020-07-10 10:47:29 - [MESSAGE][PASSED] - Object: 'Object Repository/GenericII/continueToSignInBtn' is clicked on&#xD;
&#xD;
2020-07-10 10:47:29 - [MESSAGE][PASSED] - platform.Method.toClickOnWebElement is PASSED</system-out>
            <system-err></system-err>
        </testcase>
        <testcase name="Test Cases/Generic/botPageAndHeaderAccess_Test" classname="Test Cases/Generic/botPageAndHeaderAccess_Test" status="PASSED">
            <system-out>2020-07-10 10:47:29 - [TEST_CASE][PASSED] - Test Cases/Generic/botPageAndHeaderAccess_Test: Test Cases/Generic/botPageAndHeaderAccess_Test&#xD;
&#xD;
2020-07-10 10:47:29 - [TEST_STEP][PASSED] - Start listener action : setUp: Current window maximized&#xD;
&#xD;
2020-07-10 10:47:29 - [TEST_STEP][PASSED] - openBrowser(URL): Browser is opened with url: 'preprod.imibot.ai'&#xD;
&#xD;
2020-07-10 10:47:29 - [MESSAGE][WARNING] - A browser is already opened. Closing browser and opening a new one&#xD;
&#xD;
2020-07-10 10:47:37 - [MESSAGE][INFO] - Starting 'Edge' driver&#xD;
&#xD;
2020-07-10 10:47:56 - [MESSAGE][PASSED] - Browser is opened with url: 'preprod.imibot.ai'&#xD;
&#xD;
2020-07-10 10:47:56 - [TEST_STEP][PASSED] - maximizeWindow(): Current window maximized&#xD;
&#xD;
2020-07-10 10:48:00 - [MESSAGE][PASSED] - Current window maximized&#xD;
&#xD;
2020-07-10 10:48:01 - [TEST_STEP][PASSED] - callTestCase(findTestCase("Generic/successfulLogin_Test"), [:], STOP_ON_FAILURE): Call Test Case 'Test Cases/Generic/successfulLogin_Test' successfully&#xD;
&#xD;
2020-07-10 10:48:02 - [TEST_CASE][PASSED] - Test Cases/Generic/successfulLogin_Test: Test Cases/Generic/successfulLogin_Test&#xD;
&#xD;
2020-07-10 10:48:03 - [TEST_STEP][PASSED] - sendKeys(findTestObject("Input/username"), username): Keys 'narendra.n@imimobile.com' sent to object: 'Object Repository/Input/username'&#xD;
&#xD;
2020-07-10 10:48:06 - [MESSAGE][PASSED] - Keys 'narendra.n@imimobile.com' sent to object: 'Object Repository/Input/username'&#xD;
&#xD;
2020-07-10 10:48:06 - [TEST_STEP][PASSED] - sendKeys(findTestObject("Input/password"), password): Keys 'Test@2020' sent to object: 'Object Repository/Input/password'&#xD;
&#xD;
2020-07-10 10:48:09 - [MESSAGE][PASSED] - Keys 'Test@2020' sent to object: 'Object Repository/Input/password'&#xD;
&#xD;
2020-07-10 10:48:09 - [TEST_STEP][PASSED] - click(findTestObject("Button/signIn")): Object: 'Object Repository/Button/signIn' is clicked on&#xD;
&#xD;
2020-07-10 10:48:12 - [MESSAGE][PASSED] - Object: 'Object Repository/Button/signIn' is clicked on&#xD;
&#xD;
2020-07-10 10:48:12 - [TEST_STEP][PASSED] - if (!(waitForElementPresent(findTestObject("Button/createBot"), 30, OPTIONAL))): Object 'Object Repository/Button/createBot' is present&#xD;
&#xD;
2020-07-10 10:48:40 - [MESSAGE][PASSED] - Object 'Object Repository/Button/createBot' is present&#xD;
&#xD;
2020-07-10 10:48:40 - [MESSAGE][PASSED] - Call Test Case 'Test Cases/Generic/successfulLogin_Test' successfully&#xD;
&#xD;
2020-07-10 10:48:40 - [TEST_STEP][PASSED] - platform.Method.clickOnElement(findTestObject("Generic/webObjectWithText", ["textValue":"Dashboard"])): platform.Method.clickOnElement is PASSED&#xD;
&#xD;
2020-07-10 10:48:42 - [MESSAGE][PASSED] - platform.Method.clickOnElement is PASSED&#xD;
&#xD;
2020-07-10 10:48:42 - [TEST_STEP][PASSED] - platform.Method.clickOnElement(findTestObject("Generic/imiLogo")): platform.Method.clickOnElement is PASSED&#xD;
&#xD;
2020-07-10 10:48:44 - [MESSAGE][PASSED] - platform.Method.clickOnElement is PASSED&#xD;
&#xD;
2020-07-10 10:48:44 - [TEST_STEP][PASSED] - verifyElementPresent(findTestObject("Button/createBot"), 15, STOP_ON_FAILURE): Object 'Object Repository/Button/createBot' is present&#xD;
&#xD;
2020-07-10 10:48:47 - [MESSAGE][PASSED] - Object 'Object Repository/Button/createBot' is present&#xD;
&#xD;
2020-07-10 10:48:47 - [TEST_STEP][PASSED] - platform.Method.clickOnElement(findTestObject("Generic/webObjectWithText", ["textValue":"Knowledge"])): platform.Method.clickOnElement is PASSED&#xD;
&#xD;
2020-07-10 10:48:50 - [MESSAGE][PASSED] - platform.Method.clickOnElement is PASSED&#xD;
&#xD;
2020-07-10 10:48:50 - [TEST_STEP][PASSED] - verifyElementText(findTestObject("Generic/kbHeader"), "Enterprise Knowledge Base", OPTIONAL): Actual text and expected text of test object 'Object Repository/Generic/kbHeader' are matched.&#xD;
&#xD;
2020-07-10 10:48:53 - [MESSAGE][PASSED] - Actual text and expected text of test object 'Object Repository/Generic/kbHeader' are matched.&#xD;
&#xD;
2020-07-10 10:48:53 - [TEST_STEP][PASSED] - platform.Method.clickOnElement(findTestObject("Generic/imiLogo")): platform.Method.clickOnElement is PASSED&#xD;
&#xD;
2020-07-10 10:48:59 - [MESSAGE][PASSED] - platform.Method.clickOnElement is PASSED&#xD;
&#xD;
2020-07-10 10:48:59 - [TEST_STEP][PASSED] - verifyElementPresent(findTestObject("Button/createBot"), 15, STOP_ON_FAILURE): Object 'Object Repository/Button/createBot' is present&#xD;
&#xD;
2020-07-10 10:49:07 - [MESSAGE][PASSED] - Object 'Object Repository/Button/createBot' is present&#xD;
&#xD;
2020-07-10 10:49:07 - [TEST_STEP][PASSED] - platform.Method.clickOnElement(findTestObject("Generic/webObjectWithText", ["textValue":"Analytics"])): platform.Method.clickOnElement is PASSED&#xD;
&#xD;
2020-07-10 10:49:09 - [MESSAGE][PASSED] - platform.Method.clickOnElement is PASSED&#xD;
&#xD;
2020-07-10 10:49:09 - [TEST_STEP][PASSED] - platform.Method.clickOnElement(findTestObject("Generic/imiLogo")): platform.Method.clickOnElement is PASSED&#xD;
&#xD;
2020-07-10 10:49:21 - [MESSAGE][PASSED] - platform.Method.clickOnElement is PASSED&#xD;
&#xD;
2020-07-10 10:49:21 - [TEST_STEP][PASSED] - verifyElementPresent(findTestObject("Button/createBot"), 15, STOP_ON_FAILURE): Object 'Object Repository/Button/createBot' is present&#xD;
&#xD;
2020-07-10 10:49:29 - [MESSAGE][PASSED] - Object 'Object Repository/Button/createBot' is present&#xD;
&#xD;
2020-07-10 10:49:29 - [TEST_STEP][PASSED] - platform.Method.clickOnElement(findTestObject("Generic/webObjectWithText", ["textValue":"Reports"])): platform.Method.clickOnElement is PASSED&#xD;
&#xD;
2020-07-10 10:49:32 - [MESSAGE][PASSED] - platform.Method.clickOnElement is PASSED&#xD;
&#xD;
2020-07-10 10:49:32 - [TEST_STEP][PASSED] - verifyElementClickable(findTestObject("Button/newReport"), STOP_ON_FAILURE): Object 'Object Repository/Button/newReport' is clickable&#xD;
&#xD;
2020-07-10 10:49:35 - [MESSAGE][PASSED] - Object 'Object Repository/Button/newReport' is clickable&#xD;
&#xD;
2020-07-10 10:49:35 - [TEST_STEP][PASSED] - platform.Method.clickOnElement(findTestObject("Generic/imiLogo")): platform.Method.clickOnElement is PASSED&#xD;
&#xD;
2020-07-10 10:49:46 - [MESSAGE][PASSED] - platform.Method.clickOnElement is PASSED&#xD;
&#xD;
2020-07-10 10:49:46 - [TEST_STEP][PASSED] - verifyElementPresent(findTestObject("Button/createBot"), 15, STOP_ON_FAILURE): Object 'Object Repository/Button/createBot' is present&#xD;
&#xD;
2020-07-10 10:49:47 - [MESSAGE][PASSED] - Object 'Object Repository/Button/createBot' is present&#xD;
&#xD;
2020-07-10 10:49:47 - [TEST_STEP][PASSED] - platform.Method.clickOnElement(findTestObject("Generic/webObjectWithText", ["textValue":"Task bots"])): platform.Method.clickOnElement is PASSED&#xD;
&#xD;
2020-07-10 10:49:50 - [MESSAGE][PASSED] - platform.Method.clickOnElement is PASSED&#xD;
&#xD;
2020-07-10 10:49:50 - [TEST_STEP][PASSED] - comment("Verification of Task bots"): Verification of Task bots&#xD;
&#xD;
2020-07-10 10:49:50 - [MESSAGE][INFO] - Verification of Task bots&#xD;
&#xD;
2020-07-10 10:49:50 - [TEST_STEP][PASSED] - verifyElementPresent(findTestObject("Button/createBot"), 20, STOP_ON_FAILURE): Object 'Object Repository/Button/createBot' is present&#xD;
&#xD;
2020-07-10 10:49:52 - [MESSAGE][PASSED] - Object 'Object Repository/Button/createBot' is present&#xD;
&#xD;
2020-07-10 10:49:52 - [TEST_STEP][PASSED] - platform.Method.clickOnElement(findTestObject("Generic/webObjectWithText", ["textValue":"Smart bots"])): platform.Method.clickOnElement is PASSED&#xD;
&#xD;
2020-07-10 10:49:55 - [MESSAGE][PASSED] - platform.Method.clickOnElement is PASSED&#xD;
&#xD;
2020-07-10 10:49:55 - [TEST_STEP][PASSED] - comment("Verification of Smart bots"): Verification of Smart bots&#xD;
&#xD;
2020-07-10 10:49:55 - [MESSAGE][INFO] - Verification of Smart bots&#xD;
&#xD;
2020-07-10 10:49:55 - [TEST_STEP][PASSED] - verifyElementPresent(findTestObject("Button/createBot"), 20, STOP_ON_FAILURE): Object 'Object Repository/Button/createBot' is present&#xD;
&#xD;
2020-07-10 10:49:56 - [MESSAGE][PASSED] - Object 'Object Repository/Button/createBot' is present&#xD;
&#xD;
2020-07-10 10:49:56 - [TEST_STEP][PASSED] - platform.Method.clickOnElement(findTestObject("Generic/webObjectWithText", ["textValue":"Router bots"])): platform.Method.clickOnElement is PASSED&#xD;
&#xD;
2020-07-10 10:50:00 - [MESSAGE][PASSED] - platform.Method.clickOnElement is PASSED&#xD;
&#xD;
2020-07-10 10:50:00 - [TEST_STEP][PASSED] - comment("Verification of Router bots"): Verification of Router bots&#xD;
&#xD;
2020-07-10 10:50:00 - [MESSAGE][INFO] - Verification of Router bots&#xD;
&#xD;
2020-07-10 10:50:00 - [TEST_STEP][PASSED] - verifyElementPresent(findTestObject("Button/createBot"), 20, STOP_ON_FAILURE): Object 'Object Repository/Button/createBot' is present&#xD;
&#xD;
2020-07-10 10:50:01 - [MESSAGE][PASSED] - Object 'Object Repository/Button/createBot' is present&#xD;
&#xD;
2020-07-10 10:50:01 - [TEST_STEP][PASSED] - platform.Method.clickOnElement(findTestObject("Generic/webObjectWithText", ["textValue":"Pipeline bots"])): platform.Method.clickOnElement is PASSED&#xD;
&#xD;
2020-07-10 10:50:06 - [MESSAGE][PASSED] - platform.Method.clickOnElement is PASSED&#xD;
&#xD;
2020-07-10 10:50:06 - [TEST_STEP][PASSED] - comment("Verification of Pipeline bots"): Verification of Pipeline bots&#xD;
&#xD;
2020-07-10 10:50:06 - [MESSAGE][INFO] - Verification of Pipeline bots&#xD;
&#xD;
2020-07-10 10:50:06 - [TEST_STEP][PASSED] - verifyElementPresent(findTestObject("Button/createBot"), 20, STOP_ON_FAILURE): Object 'Object Repository/Button/createBot' is present&#xD;
&#xD;
2020-07-10 10:50:07 - [MESSAGE][PASSED] - Object 'Object Repository/Button/createBot' is present</system-out>
            <system-err></system-err>
        </testcase>
        <testcase name="Test Cases/Generic/adminUserDetailsAndEnterpriseOption_Test" classname="Test Cases/Generic/adminUserDetailsAndEnterpriseOption_Test" status="PASSED">
            <system-out>2020-07-10 10:50:07 - [TEST_CASE][PASSED] - Test Cases/Generic/adminUserDetailsAndEnterpriseOption_Test: Test Cases/Generic/adminUserDetailsAndEnterpriseOption_Test&#xD;
&#xD;
2020-07-10 10:50:07 - [TEST_STEP][PASSED] - Start listener action : setUp: Current window maximized&#xD;
&#xD;
2020-07-10 10:50:07 - [TEST_STEP][PASSED] - openBrowser(URL): Browser is opened with url: 'preprod.imibot.ai'&#xD;
&#xD;
2020-07-10 10:50:07 - [MESSAGE][WARNING] - A browser is already opened. Closing browser and opening a new one&#xD;
&#xD;
2020-07-10 10:50:10 - [MESSAGE][INFO] - Starting 'Edge' driver&#xD;
&#xD;
2020-07-10 10:50:33 - [MESSAGE][PASSED] - Browser is opened with url: 'preprod.imibot.ai'&#xD;
&#xD;
2020-07-10 10:50:33 - [TEST_STEP][PASSED] - maximizeWindow(): Current window maximized&#xD;
&#xD;
2020-07-10 10:50:38 - [MESSAGE][PASSED] - Current window maximized&#xD;
&#xD;
2020-07-10 10:50:40 - [TEST_STEP][PASSED] - callTestCase(findTestCase("Generic/successfulLogin_Test"), [:], STOP_ON_FAILURE): Call Test Case 'Test Cases/Generic/successfulLogin_Test' successfully&#xD;
&#xD;
2020-07-10 10:50:40 - [TEST_CASE][PASSED] - Test Cases/Generic/successfulLogin_Test: Test Cases/Generic/successfulLogin_Test&#xD;
&#xD;
2020-07-10 10:50:40 - [TEST_STEP][PASSED] - sendKeys(findTestObject("Input/username"), username): Keys 'narendra.n@imimobile.com' sent to object: 'Object Repository/Input/username'&#xD;
&#xD;
2020-07-10 10:50:43 - [MESSAGE][PASSED] - Keys 'narendra.n@imimobile.com' sent to object: 'Object Repository/Input/username'&#xD;
&#xD;
2020-07-10 10:50:43 - [TEST_STEP][PASSED] - sendKeys(findTestObject("Input/password"), password): Keys 'Test@2020' sent to object: 'Object Repository/Input/password'&#xD;
&#xD;
2020-07-10 10:50:46 - [MESSAGE][PASSED] - Keys 'Test@2020' sent to object: 'Object Repository/Input/password'&#xD;
&#xD;
2020-07-10 10:50:46 - [TEST_STEP][PASSED] - click(findTestObject("Button/signIn")): Object: 'Object Repository/Button/signIn' is clicked on&#xD;
&#xD;
2020-07-10 10:50:48 - [MESSAGE][PASSED] - Object: 'Object Repository/Button/signIn' is clicked on&#xD;
&#xD;
2020-07-10 10:50:48 - [TEST_STEP][PASSED] - if (!(waitForElementPresent(findTestObject("Button/createBot"), 30, OPTIONAL))): Object 'Object Repository/Button/createBot' is present&#xD;
&#xD;
2020-07-10 10:51:17 - [MESSAGE][PASSED] - Object 'Object Repository/Button/createBot' is present&#xD;
&#xD;
2020-07-10 10:51:17 - [MESSAGE][PASSED] - Call Test Case 'Test Cases/Generic/successfulLogin_Test' successfully&#xD;
&#xD;
2020-07-10 10:51:17 - [TEST_STEP][PASSED] - verifyElementText(findTestObject("Generic/enterpriseName"), ENTERPRISE_NAME, OPTIONAL): Actual text and expected text of test object 'Object Repository/Generic/enterpriseName' are matched.&#xD;
&#xD;
2020-07-10 10:51:20 - [MESSAGE][PASSED] - Actual text and expected text of test object 'Object Repository/Generic/enterpriseName' are matched.&#xD;
&#xD;
2020-07-10 10:51:20 - [TEST_STEP][PASSED] - verifyElementText(findTestObject("Generic/userDesgination"), USER_DESIGNATION, OPTIONAL): Actual text and expected text of test object 'Object Repository/Generic/userDesgination' are matched.&#xD;
&#xD;
2020-07-10 10:51:22 - [MESSAGE][PASSED] - Actual text and expected text of test object 'Object Repository/Generic/userDesgination' are matched.&#xD;
&#xD;
2020-07-10 10:51:22 - [TEST_STEP][PASSED] - verifyElementPresent(findTestObject("Generic/enterpriseIcon"), 5, STOP_ON_FAILURE): Object 'Object Repository/Generic/enterpriseIcon' is present&#xD;
&#xD;
2020-07-10 10:51:24 - [MESSAGE][PASSED] - Object 'Object Repository/Generic/enterpriseIcon' is present&#xD;
&#xD;
2020-07-10 10:51:24 - [TEST_STEP][PASSED] - verifyElementText(findTestObject("Generic/userInitials"), USER_INITIALS, STOP_ON_FAILURE): Actual text and expected text of test object 'Object Repository/Generic/userInitials' are matched.&#xD;
&#xD;
2020-07-10 10:51:26 - [MESSAGE][PASSED] - Actual text and expected text of test object 'Object Repository/Generic/userInitials' are matched.&#xD;
&#xD;
2020-07-10 10:51:26 - [TEST_STEP][PASSED] - platform.Method.clickOnElement(findTestObject("Button/enterpriseDropdown")): platform.Method.clickOnElement is PASSED&#xD;
&#xD;
2020-07-10 10:51:29 - [MESSAGE][PASSED] - platform.Method.clickOnElement is PASSED&#xD;
&#xD;
2020-07-10 10:51:29 - [TEST_STEP][PASSED] - platform.Method.clickOnElement(findTestObject("Button/eProfile")): platform.Method.clickOnElement is PASSED&#xD;
&#xD;
2020-07-10 10:51:35 - [MESSAGE][PASSED] - platform.Method.clickOnElement is PASSED&#xD;
&#xD;
2020-07-10 10:51:35 - [TEST_STEP][PASSED] - verifyElementPresent(findTestObject("Generic/updateBtn"), 15, STOP_ON_FAILURE): Object 'Object Repository/Generic/updateBtn' is present&#xD;
&#xD;
2020-07-10 10:51:37 - [MESSAGE][PASSED] - Object 'Object Repository/Generic/updateBtn' is present&#xD;
&#xD;
2020-07-10 10:51:37 - [TEST_STEP][PASSED] - platform.Method.clickOnElement(findTestObject("Button/enterpriseDropdown")): platform.Method.clickOnElement is PASSED&#xD;
&#xD;
2020-07-10 10:51:40 - [MESSAGE][PASSED] - platform.Method.clickOnElement is PASSED&#xD;
&#xD;
2020-07-10 10:51:40 - [TEST_STEP][PASSED] - platform.Method.clickOnElement(findTestObject("Button/signOut")): platform.Method.clickOnElement is PASSED&#xD;
&#xD;
2020-07-10 10:51:48 - [MESSAGE][PASSED] - platform.Method.clickOnElement is PASSED&#xD;
&#xD;
2020-07-10 10:51:48 - [TEST_STEP][PASSED] - verifyElementText(findTestObject("Generic/textOnLoginPage"), testValue, STOP_ON_FAILURE): Actual text and expected text of test object 'Object Repository/Generic/textOnLoginPage' are matched.&#xD;
&#xD;
2020-07-10 10:51:51 - [MESSAGE][PASSED] - Actual text and expected text of test object 'Object Repository/Generic/textOnLoginPage' are matched.</system-out>
            <system-err></system-err>
        </testcase>
        <testcase name="Test Cases/Generic/adminServiceKeyFunctionality_Test" classname="Test Cases/Generic/adminServiceKeyFunctionality_Test" status="PASSED">
            <system-out>2020-07-10 10:51:51 - [TEST_CASE][PASSED] - Test Cases/Generic/adminServiceKeyFunctionality_Test: Test Cases/Generic/adminServiceKeyFunctionality_Test&#xD;
&#xD;
2020-07-10 10:51:51 - [TEST_STEP][PASSED] - Start listener action : setUp: Current window maximized&#xD;
&#xD;
2020-07-10 10:51:51 - [TEST_STEP][PASSED] - openBrowser(URL): Browser is opened with url: 'preprod.imibot.ai'&#xD;
&#xD;
2020-07-10 10:51:51 - [MESSAGE][WARNING] - A browser is already opened. Closing browser and opening a new one&#xD;
&#xD;
2020-07-10 10:51:56 - [MESSAGE][INFO] - Starting 'Edge' driver&#xD;
&#xD;
2020-07-10 10:52:14 - [MESSAGE][PASSED] - Browser is opened with url: 'preprod.imibot.ai'&#xD;
&#xD;
2020-07-10 10:52:14 - [TEST_STEP][PASSED] - maximizeWindow(): Current window maximized&#xD;
&#xD;
2020-07-10 10:52:17 - [MESSAGE][PASSED] - Current window maximized&#xD;
&#xD;
2020-07-10 10:52:18 - [TEST_STEP][PASSED] - callTestCase(findTestCase("Generic/successfulLogin_Test"), [:], STOP_ON_FAILURE): Call Test Case 'Test Cases/Generic/successfulLogin_Test' successfully&#xD;
&#xD;
2020-07-10 10:52:18 - [TEST_CASE][PASSED] - Test Cases/Generic/successfulLogin_Test: Test Cases/Generic/successfulLogin_Test&#xD;
&#xD;
2020-07-10 10:52:18 - [TEST_STEP][PASSED] - sendKeys(findTestObject("Input/username"), username): Keys 'narendra.n@imimobile.com' sent to object: 'Object Repository/Input/username'&#xD;
&#xD;
2020-07-10 10:52:22 - [MESSAGE][PASSED] - Keys 'narendra.n@imimobile.com' sent to object: 'Object Repository/Input/username'&#xD;
&#xD;
2020-07-10 10:52:22 - [TEST_STEP][PASSED] - sendKeys(findTestObject("Input/password"), password): Keys 'Test@2020' sent to object: 'Object Repository/Input/password'&#xD;
&#xD;
2020-07-10 10:52:24 - [MESSAGE][PASSED] - Keys 'Test@2020' sent to object: 'Object Repository/Input/password'&#xD;
&#xD;
2020-07-10 10:52:24 - [TEST_STEP][PASSED] - click(findTestObject("Button/signIn")): Object: 'Object Repository/Button/signIn' is clicked on&#xD;
&#xD;
2020-07-10 10:52:27 - [MESSAGE][PASSED] - Object: 'Object Repository/Button/signIn' is clicked on&#xD;
&#xD;
2020-07-10 10:52:27 - [TEST_STEP][PASSED] - if (!(waitForElementPresent(findTestObject("Button/createBot"), 30, OPTIONAL))): Object 'Object Repository/Button/createBot' is present&#xD;
&#xD;
2020-07-10 10:52:55 - [MESSAGE][PASSED] - Object 'Object Repository/Button/createBot' is present&#xD;
&#xD;
2020-07-10 10:52:55 - [MESSAGE][PASSED] - Call Test Case 'Test Cases/Generic/successfulLogin_Test' successfully&#xD;
&#xD;
2020-07-10 10:52:55 - [TEST_STEP][PASSED] - platform.Method.clickOnElement(findTestObject("Button/enterpriseDropdown")): platform.Method.clickOnElement is PASSED&#xD;
&#xD;
2020-07-10 10:52:58 - [MESSAGE][PASSED] - platform.Method.clickOnElement is PASSED&#xD;
&#xD;
2020-07-10 10:52:58 - [TEST_STEP][PASSED] - platform.Method.clickOnElement(findTestObject("Generic/webObjectWithText", ["textValue":"Enterprise profile"])): platform.Method.clickOnElement is PASSED&#xD;
&#xD;
2020-07-10 10:53:06 - [MESSAGE][PASSED] - platform.Method.clickOnElement is PASSED&#xD;
&#xD;
2020-07-10 10:53:06 - [TEST_STEP][PASSED] - platform.Method.clickOnElement(findTestObject("Button/newToken")): platform.Method.clickOnElement is PASSED&#xD;
&#xD;
2020-07-10 10:53:09 - [MESSAGE][PASSED] - platform.Method.clickOnElement is PASSED&#xD;
&#xD;
2020-07-10 10:53:09 - [TEST_STEP][PASSED] - description = now().toString(): null&#xD;
&#xD;
2020-07-10 10:53:09 - [TEST_STEP][PASSED] - sendKeys(findTestObject("Input/newTokenDescription"), description): Keys '2020-07-10' sent to object: 'Object Repository/Input/newTokenDescription'&#xD;
&#xD;
2020-07-10 10:53:12 - [MESSAGE][PASSED] - Keys '2020-07-10' sent to object: 'Object Repository/Input/newTokenDescription'&#xD;
&#xD;
2020-07-10 10:53:12 - [TEST_STEP][PASSED] - platform.Method.clickOnElement(findTestObject("Button/create")): platform.Method.clickOnElement is PASSED&#xD;
&#xD;
2020-07-10 10:53:14 - [MESSAGE][PASSED] - platform.Method.clickOnElement is PASSED&#xD;
&#xD;
2020-07-10 10:53:14 - [TEST_STEP][PASSED] - listOfServiceKeys = findWebElements(findTestObject("GenericII/serviceKeyList"), 5): null&#xD;
&#xD;
2020-07-10 10:53:16 - [TEST_STEP][PASSED] - assert getText().contentEquals(description) == true: null&#xD;
&#xD;
2020-07-10 10:53:17 - [TEST_STEP][PASSED] - platform.Method.clickOnElement(findTestObject("GenericII/deleteServiceKey", ["index":1])): platform.Method.clickOnElement is PASSED&#xD;
&#xD;
2020-07-10 10:53:19 - [MESSAGE][PASSED] - platform.Method.clickOnElement is PASSED&#xD;
&#xD;
2020-07-10 10:53:19 - [TEST_STEP][PASSED] - platform.Method.clickOnElement(findTestObject("Button/expire")): platform.Method.clickOnElement is PASSED&#xD;
&#xD;
2020-07-10 10:53:21 - [MESSAGE][PASSED] - platform.Method.clickOnElement is PASSED&#xD;
&#xD;
2020-07-10 10:53:21 - [TEST_STEP][PASSED] - platform.Method.toClickOnWebElement(findTestObject("Generic/webObjectWithText", ["textValue":"Expired"])): platform.Method.toClickOnWebElement is PASSED&#xD;
&#xD;
2020-07-10 10:53:28 - [MESSAGE][PASSED] - Object: 'Object Repository/Generic/webObjectWithText' is clicked on&#xD;
&#xD;
2020-07-10 10:53:28 - [MESSAGE][PASSED] - platform.Method.toClickOnWebElement is PASSED&#xD;
&#xD;
2020-07-10 10:53:28 - [TEST_STEP][PASSED] - listOfExpiredServiceKeys = findWebElements(findTestObject("GenericII/serviceKeyList"), 5): null&#xD;
&#xD;
2020-07-10 10:53:30 - [TEST_STEP][PASSED] - assert getText().contentEquals(description) == true: null</system-out>
            <system-err></system-err>
        </testcase>
        <testcase name="Test Cases/Generic/adminUserManagement_Test" classname="Test Cases/Generic/adminUserManagement_Test" status="PASSED">
            <system-out>2020-07-10 10:53:31 - [TEST_CASE][PASSED] - Test Cases/Generic/adminUserManagement_Test: Test Cases/Generic/adminUserManagement_Test&#xD;
&#xD;
2020-07-10 10:53:31 - [TEST_STEP][PASSED] - Start listener action : setUp: Current window maximized&#xD;
&#xD;
2020-07-10 10:53:31 - [TEST_STEP][PASSED] - openBrowser(URL): Browser is opened with url: 'preprod.imibot.ai'&#xD;
&#xD;
2020-07-10 10:53:31 - [MESSAGE][WARNING] - A browser is already opened. Closing browser and opening a new one&#xD;
&#xD;
2020-07-10 10:53:34 - [MESSAGE][INFO] - Starting 'Edge' driver&#xD;
&#xD;
2020-07-10 10:53:48 - [MESSAGE][PASSED] - Browser is opened with url: 'preprod.imibot.ai'&#xD;
&#xD;
2020-07-10 10:53:48 - [TEST_STEP][PASSED] - maximizeWindow(): Current window maximized&#xD;
&#xD;
2020-07-10 10:53:51 - [MESSAGE][PASSED] - Current window maximized&#xD;
&#xD;
2020-07-10 10:53:53 - [TEST_STEP][PASSED] - callTestCase(findTestCase("Generic/successfulLogin_Test"), [:], STOP_ON_FAILURE): Call Test Case 'Test Cases/Generic/successfulLogin_Test' successfully&#xD;
&#xD;
2020-07-10 10:53:53 - [TEST_CASE][PASSED] - Test Cases/Generic/successfulLogin_Test: Test Cases/Generic/successfulLogin_Test&#xD;
&#xD;
2020-07-10 10:53:53 - [TEST_STEP][PASSED] - sendKeys(findTestObject("Input/username"), username): Keys 'narendra.n@imimobile.com' sent to object: 'Object Repository/Input/username'&#xD;
&#xD;
2020-07-10 10:53:57 - [MESSAGE][PASSED] - Keys 'narendra.n@imimobile.com' sent to object: 'Object Repository/Input/username'&#xD;
&#xD;
2020-07-10 10:53:57 - [TEST_STEP][PASSED] - sendKeys(findTestObject("Input/password"), password): Keys 'Test@2020' sent to object: 'Object Repository/Input/password'&#xD;
&#xD;
2020-07-10 10:54:00 - [MESSAGE][PASSED] - Keys 'Test@2020' sent to object: 'Object Repository/Input/password'&#xD;
&#xD;
2020-07-10 10:54:00 - [TEST_STEP][PASSED] - click(findTestObject("Button/signIn")): Object: 'Object Repository/Button/signIn' is clicked on&#xD;
&#xD;
2020-07-10 10:54:03 - [MESSAGE][PASSED] - Object: 'Object Repository/Button/signIn' is clicked on&#xD;
&#xD;
2020-07-10 10:54:03 - [TEST_STEP][PASSED] - if (!(waitForElementPresent(findTestObject("Button/createBot"), 30, OPTIONAL))): Object 'Object Repository/Button/createBot' is present&#xD;
&#xD;
2020-07-10 10:54:25 - [MESSAGE][PASSED] - Object 'Object Repository/Button/createBot' is present&#xD;
&#xD;
2020-07-10 10:54:25 - [MESSAGE][PASSED] - Call Test Case 'Test Cases/Generic/successfulLogin_Test' successfully&#xD;
&#xD;
2020-07-10 10:54:25 - [TEST_STEP][PASSED] - platform.Method.clickOnElement(findTestObject("Button/enterpriseDropdown")): platform.Method.clickOnElement is PASSED&#xD;
&#xD;
2020-07-10 10:54:27 - [MESSAGE][PASSED] - platform.Method.clickOnElement is PASSED&#xD;
&#xD;
2020-07-10 10:54:27 - [TEST_STEP][PASSED] - platform.Method.clickOnElement(findTestObject("Generic/webObjectWithText", ["textValue":"Enterprise profile"])): platform.Method.clickOnElement is PASSED&#xD;
&#xD;
2020-07-10 10:54:32 - [MESSAGE][PASSED] - platform.Method.clickOnElement is PASSED&#xD;
&#xD;
2020-07-10 10:54:32 - [TEST_STEP][PASSED] - platform.Method.clickOnElement(findTestObject("Generic/webObjectWithText", ["textValue":"Users"])): platform.Method.clickOnElement is PASSED&#xD;
&#xD;
2020-07-10 10:54:35 - [MESSAGE][PASSED] - platform.Method.clickOnElement is PASSED&#xD;
&#xD;
2020-07-10 10:54:35 - [TEST_STEP][PASSED] - verifyTextPresent("Users management", false, STOP_ON_FAILURE): Text 'Users management' is present on page &#xD;
&#xD;
2020-07-10 10:54:42 - [MESSAGE][PASSED] - Text 'Users management' is present on page &#xD;
&#xD;
2020-07-10 10:54:42 - [TEST_STEP][PASSED] - platform.Method.clickOnElement(findTestObject("GenericII/newUserBtn")): platform.Method.clickOnElement is PASSED&#xD;
&#xD;
2020-07-10 10:54:45 - [MESSAGE][PASSED] - platform.Method.clickOnElement is PASSED&#xD;
&#xD;
2020-07-10 10:54:45 - [TEST_STEP][PASSED] - verifyTextPresent("Add a new user to the enterprise", false, STOP_ON_FAILURE): Text 'Add a new user to the enterprise' is present on page &#xD;
&#xD;
2020-07-10 10:54:51 - [MESSAGE][PASSED] - Text 'Add a new user to the enterprise' is present on page &#xD;
&#xD;
2020-07-10 10:54:51 - [TEST_STEP][PASSED] - sendKeys(findTestObject("Input/newUserFirstName"), firstName): Keys 'JIMMY' sent to object: 'Object Repository/Input/newUserFirstName'&#xD;
&#xD;
2020-07-10 10:54:57 - [MESSAGE][PASSED] - Keys 'JIMMY' sent to object: 'Object Repository/Input/newUserFirstName'&#xD;
&#xD;
2020-07-10 10:54:57 - [TEST_STEP][PASSED] - sendKeys(findTestObject("Input/newUserLastName"), lastName): Keys 'HONDRIX' sent to object: 'Object Repository/Input/newUserLastName'&#xD;
&#xD;
2020-07-10 10:55:00 - [MESSAGE][PASSED] - Keys 'HONDRIX' sent to object: 'Object Repository/Input/newUserLastName'&#xD;
&#xD;
2020-07-10 10:55:00 - [TEST_STEP][PASSED] - platform.Method.clickOnElement(findTestObject("Generic/webObjectWithText", ["textValue":"Select role"])): platform.Method.clickOnElement is PASSED&#xD;
&#xD;
2020-07-10 10:55:03 - [MESSAGE][PASSED] - platform.Method.clickOnElement is PASSED&#xD;
&#xD;
2020-07-10 10:55:03 - [TEST_STEP][PASSED] - platform.Method.clickOnElement(findTestObject("Generic/webObjectWithText", ["textValue":" " + USER_ROLE + " "])): platform.Method.clickOnElement is PASSED&#xD;
&#xD;
2020-07-10 10:55:05 - [MESSAGE][PASSED] - platform.Method.clickOnElement is PASSED&#xD;
&#xD;
2020-07-10 10:55:05 - [TEST_STEP][PASSED] - sendKeys(findTestObject("Input/newUserEmail"), emailAddress): Keys 'jimihondrix5@gmail.com' sent to object: 'Object Repository/Input/newUserEmail'&#xD;
&#xD;
2020-07-10 10:55:10 - [MESSAGE][PASSED] - Keys 'jimihondrix5@gmail.com' sent to object: 'Object Repository/Input/newUserEmail'&#xD;
&#xD;
2020-07-10 10:55:10 - [TEST_STEP][PASSED] - verifyTextPresent("Add Bots", false, OPTIONAL): Text 'Add Bots' is present on page &#xD;
&#xD;
2020-07-10 10:55:22 - [MESSAGE][PASSED] - Text 'Add Bots' is present on page &#xD;
&#xD;
2020-07-10 10:55:22 - [TEST_STEP][PASSED] - platform.Method.clickOnElement(findTestObject("Button/addNewUser")): platform.Method.clickOnElement is PASSED&#xD;
&#xD;
2020-07-10 10:55:25 - [MESSAGE][PASSED] - platform.Method.clickOnElement is PASSED</system-out>
            <system-err></system-err>
        </testcase>
        <testcase name="Test Cases/Generic/adminUserDeletion_Test" classname="Test Cases/Generic/adminUserDeletion_Test" status="PASSED">
            <system-out>2020-07-10 10:55:25 - [TEST_CASE][PASSED] - Test Cases/Generic/adminUserDeletion_Test: Test Cases/Generic/adminUserDeletion_Test&#xD;
&#xD;
2020-07-10 10:55:25 - [TEST_STEP][PASSED] - Start listener action : setUp: Current window maximized&#xD;
&#xD;
2020-07-10 10:55:25 - [TEST_STEP][PASSED] - openBrowser(URL): Browser is opened with url: 'preprod.imibot.ai'&#xD;
&#xD;
2020-07-10 10:55:25 - [MESSAGE][WARNING] - A browser is already opened. Closing browser and opening a new one&#xD;
&#xD;
2020-07-10 10:55:38 - [MESSAGE][INFO] - Starting 'Edge' driver&#xD;
&#xD;
2020-07-10 10:56:19 - [MESSAGE][PASSED] - Browser is opened with url: 'preprod.imibot.ai'&#xD;
&#xD;
2020-07-10 10:56:19 - [TEST_STEP][PASSED] - maximizeWindow(): Current window maximized&#xD;
&#xD;
2020-07-10 10:56:22 - [MESSAGE][PASSED] - Current window maximized&#xD;
&#xD;
2020-07-10 10:56:22 - [TEST_STEP][PASSED] - callTestCase(findTestCase("Generic/successfulLogin_Test"), [:], STOP_ON_FAILURE): Call Test Case 'Test Cases/Generic/successfulLogin_Test' successfully&#xD;
&#xD;
2020-07-10 10:56:22 - [TEST_CASE][PASSED] - Test Cases/Generic/successfulLogin_Test: Test Cases/Generic/successfulLogin_Test&#xD;
&#xD;
2020-07-10 10:56:22 - [TEST_STEP][PASSED] - sendKeys(findTestObject("Input/username"), username): Keys 'narendra.n@imimobile.com' sent to object: 'Object Repository/Input/username'&#xD;
&#xD;
2020-07-10 10:56:26 - [MESSAGE][PASSED] - Keys 'narendra.n@imimobile.com' sent to object: 'Object Repository/Input/username'&#xD;
&#xD;
2020-07-10 10:56:26 - [TEST_STEP][PASSED] - sendKeys(findTestObject("Input/password"), password): Keys 'Test@2020' sent to object: 'Object Repository/Input/password'&#xD;
&#xD;
2020-07-10 10:56:29 - [MESSAGE][PASSED] - Keys 'Test@2020' sent to object: 'Object Repository/Input/password'&#xD;
&#xD;
2020-07-10 10:56:29 - [TEST_STEP][PASSED] - click(findTestObject("Button/signIn")): Object: 'Object Repository/Button/signIn' is clicked on&#xD;
&#xD;
2020-07-10 10:56:33 - [MESSAGE][PASSED] - Object: 'Object Repository/Button/signIn' is clicked on&#xD;
&#xD;
2020-07-10 10:56:33 - [TEST_STEP][PASSED] - if (!(waitForElementPresent(findTestObject("Button/createBot"), 30, OPTIONAL))): Object 'Object Repository/Button/createBot' is present&#xD;
&#xD;
2020-07-10 10:56:59 - [MESSAGE][PASSED] - Object 'Object Repository/Button/createBot' is present&#xD;
&#xD;
2020-07-10 10:56:59 - [MESSAGE][PASSED] - Call Test Case 'Test Cases/Generic/successfulLogin_Test' successfully&#xD;
&#xD;
2020-07-10 10:56:59 - [TEST_STEP][PASSED] - platform.Method.clickOnElement(findTestObject("Button/enterpriseDropdown")): platform.Method.clickOnElement is PASSED&#xD;
&#xD;
2020-07-10 10:57:02 - [MESSAGE][PASSED] - platform.Method.clickOnElement is PASSED&#xD;
&#xD;
2020-07-10 10:57:02 - [TEST_STEP][PASSED] - platform.Method.clickOnElement(findTestObject("Generic/webObjectWithText", ["textValue":"Enterprise profile"])): platform.Method.clickOnElement is PASSED&#xD;
&#xD;
2020-07-10 10:57:12 - [MESSAGE][PASSED] - platform.Method.clickOnElement is PASSED&#xD;
&#xD;
2020-07-10 10:57:12 - [TEST_STEP][PASSED] - platform.Method.clickOnElement(findTestObject("Generic/webObjectWithText", ["textValue":"Users"])): platform.Method.clickOnElement is PASSED&#xD;
&#xD;
2020-07-10 10:57:15 - [MESSAGE][PASSED] - platform.Method.clickOnElement is PASSED&#xD;
&#xD;
2020-07-10 10:57:15 - [TEST_STEP][PASSED] - flag = false: null&#xD;
&#xD;
2020-07-10 10:57:15 - [TEST_STEP][PASSED] - index = &lt;not implemented yet for class: org.codehaus.groovy.ast.expr.EmptyExpression&gt;: null&#xD;
&#xD;
2020-07-10 10:57:15 - [TEST_STEP][PASSED] - while (flag != true): platform.Method.clickOnElement is PASSED&#xD;
&#xD;
2020-07-10 10:57:15 - [TEST_STEP][PASSED] - listElement = findWebElements(findTestObject("GenericII/listOfUserName"), 10): null&#xD;
&#xD;
2020-07-10 10:57:21 - [TEST_STEP][PASSED] - for ([index = 0, index &lt; listElement.size(), (index++)]): null&#xD;
&#xD;
2020-07-10 10:57:21 - [TEST_STEP][PASSED] - if (getText().contentEquals(username)): null&#xD;
&#xD;
2020-07-10 10:57:22 - [TEST_STEP][PASSED] - if (getText().contentEquals(username)): null&#xD;
&#xD;
2020-07-10 10:57:23 - [TEST_STEP][PASSED] - if (getText().contentEquals(username)): null&#xD;
&#xD;
2020-07-10 10:57:24 - [TEST_STEP][PASSED] - if (getText().contentEquals(username)): null&#xD;
&#xD;
2020-07-10 10:57:25 - [TEST_STEP][PASSED] - if (getText().contentEquals(username)): null&#xD;
&#xD;
2020-07-10 10:57:27 - [TEST_STEP][PASSED] - if (getText().contentEquals(username)): null&#xD;
&#xD;
2020-07-10 10:57:28 - [TEST_STEP][PASSED] - if (getText().contentEquals(username)): null&#xD;
&#xD;
2020-07-10 10:57:29 - [TEST_STEP][PASSED] - if (getText().contentEquals(username)): null&#xD;
&#xD;
2020-07-10 10:57:31 - [TEST_STEP][PASSED] - if (getText().contentEquals(username)): null&#xD;
&#xD;
2020-07-10 10:57:32 - [TEST_STEP][PASSED] - if (getText().contentEquals(username)): null&#xD;
&#xD;
2020-07-10 10:57:33 - [TEST_STEP][PASSED] - waitForElementPresent(findTestObject("Generic/nextPage"), 15): Object 'Object Repository/Generic/nextPage' is present&#xD;
&#xD;
2020-07-10 10:57:34 - [MESSAGE][PASSED] - Object 'Object Repository/Generic/nextPage' is present&#xD;
&#xD;
2020-07-10 10:57:34 - [TEST_STEP][PASSED] - platform.Method.clickOnElement(findTestObject("Generic/nextPage")): platform.Method.clickOnElement is PASSED&#xD;
&#xD;
2020-07-10 10:57:37 - [MESSAGE][PASSED] - platform.Method.clickOnElement is PASSED&#xD;
&#xD;
2020-07-10 10:57:37 - [TEST_STEP][PASSED] - listElement = findWebElements(findTestObject("GenericII/listOfUserName"), 10): null&#xD;
&#xD;
2020-07-10 10:57:38 - [TEST_STEP][PASSED] - for ([index = 0, index &lt; listElement.size(), (index++)]): null&#xD;
&#xD;
2020-07-10 10:57:38 - [TEST_STEP][PASSED] - if (getText().contentEquals(username)): null&#xD;
&#xD;
2020-07-10 10:57:39 - [TEST_STEP][PASSED] - if (getText().contentEquals(username)): null&#xD;
&#xD;
2020-07-10 10:57:40 - [TEST_STEP][PASSED] - if (getText().contentEquals(username)): null&#xD;
&#xD;
2020-07-10 10:57:41 - [TEST_STEP][PASSED] - if (getText().contentEquals(username)): null&#xD;
&#xD;
2020-07-10 10:57:42 - [TEST_STEP][PASSED] - if (getText().contentEquals(username)): null&#xD;
&#xD;
2020-07-10 10:57:44 - [TEST_STEP][PASSED] - if (getText().contentEquals(username)): null&#xD;
&#xD;
2020-07-10 10:57:45 - [TEST_STEP][PASSED] - if (getText().contentEquals(username)): null&#xD;
&#xD;
2020-07-10 10:57:46 - [TEST_STEP][PASSED] - if (getText().contentEquals(username)): null&#xD;
&#xD;
2020-07-10 10:57:48 - [TEST_STEP][PASSED] - if (getText().contentEquals(username)): null&#xD;
&#xD;
2020-07-10 10:57:49 - [TEST_STEP][PASSED] - if (getText().contentEquals(username)): null&#xD;
&#xD;
2020-07-10 10:57:50 - [TEST_STEP][PASSED] - waitForElementPresent(findTestObject("Generic/nextPage"), 15): Object 'Object Repository/Generic/nextPage' is present&#xD;
&#xD;
2020-07-10 10:57:51 - [MESSAGE][PASSED] - Object 'Object Repository/Generic/nextPage' is present&#xD;
&#xD;
2020-07-10 10:57:51 - [TEST_STEP][PASSED] - platform.Method.clickOnElement(findTestObject("Generic/nextPage")): platform.Method.clickOnElement is PASSED&#xD;
&#xD;
2020-07-10 10:57:54 - [MESSAGE][PASSED] - platform.Method.clickOnElement is PASSED&#xD;
&#xD;
2020-07-10 10:57:54 - [TEST_STEP][PASSED] - listElement = findWebElements(findTestObject("GenericII/listOfUserName"), 10): null&#xD;
&#xD;
2020-07-10 10:57:56 - [TEST_STEP][PASSED] - for ([index = 0, index &lt; listElement.size(), (index++)]): null&#xD;
&#xD;
2020-07-10 10:57:56 - [TEST_STEP][PASSED] - if (getText().contentEquals(username)): null&#xD;
&#xD;
2020-07-10 10:57:57 - [TEST_STEP][PASSED] - if (getText().contentEquals(username)): null&#xD;
&#xD;
2020-07-10 10:57:58 - [TEST_STEP][PASSED] - if (getText().contentEquals(username)): null&#xD;
&#xD;
2020-07-10 10:57:59 - [TEST_STEP][PASSED] - if (getText().contentEquals(username)): null&#xD;
&#xD;
2020-07-10 10:58:01 - [TEST_STEP][PASSED] - if (getText().contentEquals(username)): null&#xD;
&#xD;
2020-07-10 10:58:02 - [TEST_STEP][PASSED] - if (getText().contentEquals(username)): null&#xD;
&#xD;
2020-07-10 10:58:03 - [TEST_STEP][PASSED] - if (getText().contentEquals(username)): null&#xD;
&#xD;
2020-07-10 10:58:04 - [TEST_STEP][PASSED] - if (getText().contentEquals(username)): null&#xD;
&#xD;
2020-07-10 10:58:06 - [TEST_STEP][PASSED] - if (getText().contentEquals(username)): null&#xD;
&#xD;
2020-07-10 10:58:07 - [TEST_STEP][PASSED] - if (getText().contentEquals(username)): null&#xD;
&#xD;
2020-07-10 10:58:08 - [TEST_STEP][PASSED] - waitForElementPresent(findTestObject("Generic/nextPage"), 15): Object 'Object Repository/Generic/nextPage' is present&#xD;
&#xD;
2020-07-10 10:58:09 - [MESSAGE][PASSED] - Object 'Object Repository/Generic/nextPage' is present&#xD;
&#xD;
2020-07-10 10:58:09 - [TEST_STEP][PASSED] - platform.Method.clickOnElement(findTestObject("Generic/nextPage")): platform.Method.clickOnElement is PASSED&#xD;
&#xD;
2020-07-10 10:58:12 - [MESSAGE][PASSED] - platform.Method.clickOnElement is PASSED&#xD;
&#xD;
2020-07-10 10:58:12 - [TEST_STEP][PASSED] - listElement = findWebElements(findTestObject("GenericII/listOfUserName"), 10): null&#xD;
&#xD;
2020-07-10 10:58:13 - [TEST_STEP][PASSED] - for ([index = 0, index &lt; listElement.size(), (index++)]): null&#xD;
&#xD;
2020-07-10 10:58:13 - [TEST_STEP][PASSED] - if (getText().contentEquals(username)): null&#xD;
&#xD;
2020-07-10 10:58:14 - [TEST_STEP][PASSED] - if (getText().contentEquals(username)): null&#xD;
&#xD;
2020-07-10 10:58:15 - [TEST_STEP][PASSED] - if (getText().contentEquals(username)): null&#xD;
&#xD;
2020-07-10 10:58:17 - [TEST_STEP][PASSED] - if (getText().contentEquals(username)): null&#xD;
&#xD;
2020-07-10 10:58:18 - [TEST_STEP][PASSED] - if (getText().contentEquals(username)): null&#xD;
&#xD;
2020-07-10 10:58:19 - [TEST_STEP][PASSED] - if (getText().contentEquals(username)): null&#xD;
&#xD;
2020-07-10 10:58:20 - [TEST_STEP][PASSED] - if (getText().contentEquals(username)): null&#xD;
&#xD;
2020-07-10 10:58:21 - [TEST_STEP][PASSED] - if (getText().contentEquals(username)): null&#xD;
&#xD;
2020-07-10 10:58:22 - [TEST_STEP][PASSED] - if (getText().contentEquals(username)): null&#xD;
&#xD;
2020-07-10 10:58:23 - [TEST_STEP][PASSED] - if (getText().contentEquals(username)): null&#xD;
&#xD;
2020-07-10 10:58:25 - [TEST_STEP][PASSED] - waitForElementPresent(findTestObject("Generic/nextPage"), 15): Object 'Object Repository/Generic/nextPage' is present&#xD;
&#xD;
2020-07-10 10:58:26 - [MESSAGE][PASSED] - Object 'Object Repository/Generic/nextPage' is present&#xD;
&#xD;
2020-07-10 10:58:26 - [TEST_STEP][PASSED] - platform.Method.clickOnElement(findTestObject("Generic/nextPage")): platform.Method.clickOnElement is PASSED&#xD;
&#xD;
2020-07-10 10:58:29 - [MESSAGE][PASSED] - platform.Method.clickOnElement is PASSED&#xD;
&#xD;
2020-07-10 10:58:29 - [TEST_STEP][PASSED] - listElement = findWebElements(findTestObject("GenericII/listOfUserName"), 10): null&#xD;
&#xD;
2020-07-10 10:58:30 - [TEST_STEP][PASSED] - for ([index = 0, index &lt; listElement.size(), (index++)]): null&#xD;
&#xD;
2020-07-10 10:58:30 - [TEST_STEP][PASSED] - if (getText().contentEquals(username)): null&#xD;
&#xD;
2020-07-10 10:58:31 - [TEST_STEP][PASSED] - if (getText().contentEquals(username)): null&#xD;
&#xD;
2020-07-10 10:58:32 - [TEST_STEP][PASSED] - if (getText().contentEquals(username)): null&#xD;
&#xD;
2020-07-10 10:58:33 - [TEST_STEP][PASSED] - if (getText().contentEquals(username)): null&#xD;
&#xD;
2020-07-10 10:58:34 - [TEST_STEP][PASSED] - if (getText().contentEquals(username)): null&#xD;
&#xD;
2020-07-10 10:58:35 - [TEST_STEP][PASSED] - flag = true: null&#xD;
&#xD;
2020-07-10 10:58:35 - [TEST_STEP][PASSED] - (index++): null&#xD;
&#xD;
2020-07-10 10:58:35 - [TEST_STEP][PASSED] - break: null&#xD;
&#xD;
2020-07-10 10:58:35 - [TEST_STEP][PASSED] - waitForElementPresent(findTestObject("Generic/nextPage"), 15): Object 'Object Repository/Generic/nextPage' is present&#xD;
&#xD;
2020-07-10 10:58:37 - [MESSAGE][PASSED] - Object 'Object Repository/Generic/nextPage' is present&#xD;
&#xD;
2020-07-10 10:58:37 - [TEST_STEP][PASSED] - platform.Method.clickOnElement(findTestObject("Generic/nextPage")): platform.Method.clickOnElement is PASSED&#xD;
&#xD;
2020-07-10 10:58:40 - [MESSAGE][PASSED] - platform.Method.clickOnElement is PASSED&#xD;
&#xD;
2020-07-10 10:58:40 - [TEST_STEP][PASSED] - verifyElementPresent(findTestObject("GenericII/unverifiedUserIcon", ["email":email]), 5, STOP_ON_FAILURE): Object 'Object Repository/GenericII/unverifiedUserIcon' is present&#xD;
&#xD;
2020-07-10 10:58:41 - [MESSAGE][PASSED] - Object 'Object Repository/GenericII/unverifiedUserIcon' is present&#xD;
&#xD;
2020-07-10 10:58:41 - [TEST_STEP][PASSED] - listOfUsers = findWebElements(findTestObject("GenericII/listOfUserName"), 5): null&#xD;
&#xD;
2020-07-10 10:58:42 - [TEST_STEP][PASSED] - sizeOfOriginalList = listOfUsers.size(): null&#xD;
&#xD;
2020-07-10 10:58:42 - [TEST_STEP][PASSED] - platform.Method.clickOnElement(findTestObject("GenericII/deleteUserBtn", ["index":index])): platform.Method.clickOnElement is PASSED&#xD;
&#xD;
2020-07-10 10:58:45 - [MESSAGE][PASSED] - platform.Method.clickOnElement is PASSED&#xD;
&#xD;
2020-07-10 10:58:45 - [TEST_STEP][PASSED] - platform.Method.clickOnElement(findTestObject("Button/remove")): platform.Method.clickOnElement is PASSED&#xD;
&#xD;
2020-07-10 10:58:47 - [MESSAGE][PASSED] - platform.Method.clickOnElement is PASSED&#xD;
&#xD;
2020-07-10 10:58:47 - [TEST_STEP][PASSED] - waitForElementPresent(findTestObject("ICONS/toastMsg"), 20, OPTIONAL): Object 'Object Repository/ICONS/toastMsg' is present&#xD;
&#xD;
2020-07-10 10:58:50 - [MESSAGE][PASSED] - Object 'Object Repository/ICONS/toastMsg' is present&#xD;
&#xD;
2020-07-10 10:58:50 - [TEST_STEP][PASSED] - newListOfUsers = findWebElements(findTestObject("GenericII/listOfUserName"), 5): null&#xD;
&#xD;
2020-07-10 10:58:51 - [TEST_STEP][PASSED] - assert newListOfUsers.size() &lt; sizeOfOriginalList: null</system-out>
            <system-err></system-err>
        </testcase>
        <testcase name="Test Cases/Generic/adminRoleManagement_Test" classname="Test Cases/Generic/adminRoleManagement_Test" status="PASSED">
            <system-out>2020-07-10 10:58:51 - [TEST_CASE][PASSED] - Test Cases/Generic/adminRoleManagement_Test: Test Cases/Generic/adminRoleManagement_Test&#xD;
&#xD;
2020-07-10 10:58:51 - [TEST_STEP][PASSED] - Start listener action : setUp: Current window maximized&#xD;
&#xD;
2020-07-10 10:58:51 - [TEST_STEP][PASSED] - openBrowser(URL): Browser is opened with url: 'preprod.imibot.ai'&#xD;
&#xD;
2020-07-10 10:58:51 - [MESSAGE][WARNING] - A browser is already opened. Closing browser and opening a new one&#xD;
&#xD;
2020-07-10 10:58:54 - [MESSAGE][INFO] - Starting 'Edge' driver&#xD;
&#xD;
2020-07-10 10:59:19 - [MESSAGE][PASSED] - Browser is opened with url: 'preprod.imibot.ai'&#xD;
&#xD;
2020-07-10 10:59:19 - [TEST_STEP][PASSED] - maximizeWindow(): Current window maximized&#xD;
&#xD;
2020-07-10 10:59:22 - [MESSAGE][PASSED] - Current window maximized&#xD;
&#xD;
2020-07-10 10:59:22 - [TEST_STEP][PASSED] - callTestCase(findTestCase("Generic/successfulLogin_Test"), [:], STOP_ON_FAILURE): Call Test Case 'Test Cases/Generic/successfulLogin_Test' successfully&#xD;
&#xD;
2020-07-10 10:59:22 - [TEST_CASE][PASSED] - Test Cases/Generic/successfulLogin_Test: Test Cases/Generic/successfulLogin_Test&#xD;
&#xD;
2020-07-10 10:59:23 - [TEST_STEP][PASSED] - sendKeys(findTestObject("Input/username"), username): Keys 'narendra.n@imimobile.com' sent to object: 'Object Repository/Input/username'&#xD;
&#xD;
2020-07-10 10:59:26 - [MESSAGE][PASSED] - Keys 'narendra.n@imimobile.com' sent to object: 'Object Repository/Input/username'&#xD;
&#xD;
2020-07-10 10:59:26 - [TEST_STEP][PASSED] - sendKeys(findTestObject("Input/password"), password): Keys 'Test@2020' sent to object: 'Object Repository/Input/password'&#xD;
&#xD;
2020-07-10 10:59:29 - [MESSAGE][PASSED] - Keys 'Test@2020' sent to object: 'Object Repository/Input/password'&#xD;
&#xD;
2020-07-10 10:59:29 - [TEST_STEP][PASSED] - click(findTestObject("Button/signIn")): Object: 'Object Repository/Button/signIn' is clicked on&#xD;
&#xD;
2020-07-10 10:59:31 - [MESSAGE][PASSED] - Object: 'Object Repository/Button/signIn' is clicked on&#xD;
&#xD;
2020-07-10 10:59:31 - [TEST_STEP][PASSED] - if (!(waitForElementPresent(findTestObject("Button/createBot"), 30, OPTIONAL))): Object 'Object Repository/Button/createBot' is present&#xD;
&#xD;
2020-07-10 10:59:55 - [MESSAGE][PASSED] - Object 'Object Repository/Button/createBot' is present&#xD;
&#xD;
2020-07-10 10:59:55 - [MESSAGE][PASSED] - Call Test Case 'Test Cases/Generic/successfulLogin_Test' successfully&#xD;
&#xD;
2020-07-10 10:59:55 - [TEST_STEP][PASSED] - platform.Method.clickOnElement(findTestObject("Button/enterpriseDropdown")): platform.Method.clickOnElement is PASSED&#xD;
&#xD;
2020-07-10 10:59:58 - [MESSAGE][PASSED] - platform.Method.clickOnElement is PASSED&#xD;
&#xD;
2020-07-10 10:59:58 - [TEST_STEP][PASSED] - platform.Method.clickOnElement(findTestObject("Generic/webObjectWithText", ["textValue":"Enterprise profile"])): platform.Method.clickOnElement is PASSED&#xD;
&#xD;
2020-07-10 11:00:07 - [MESSAGE][PASSED] - platform.Method.clickOnElement is PASSED&#xD;
&#xD;
2020-07-10 11:00:07 - [TEST_STEP][PASSED] - platform.Method.clickOnElement(findTestObject("Generic/webObjectWithText", ["textValue":"Roles"])): platform.Method.clickOnElement is PASSED&#xD;
&#xD;
2020-07-10 11:00:10 - [MESSAGE][PASSED] - platform.Method.clickOnElement is PASSED&#xD;
&#xD;
2020-07-10 11:00:10 - [TEST_STEP][PASSED] - verifyElementClickable(findTestObject("Button/newRole"), STOP_ON_FAILURE): Object 'Object Repository/Button/newRole' is clickable&#xD;
&#xD;
2020-07-10 11:00:12 - [MESSAGE][PASSED] - Object 'Object Repository/Button/newRole' is clickable&#xD;
&#xD;
2020-07-10 11:00:12 - [TEST_STEP][PASSED] - platform.Method.clickOnElement(findTestObject("Button/newRole")): platform.Method.clickOnElement is PASSED&#xD;
&#xD;
2020-07-10 11:00:17 - [MESSAGE][PASSED] - platform.Method.clickOnElement is PASSED&#xD;
&#xD;
2020-07-10 11:00:17 - [TEST_STEP][PASSED] - sendKeys(findTestObject("Input/newRoleName"), ROLE_NAME): Keys 'Custom Role' sent to object: 'Object Repository/Input/newRoleName'&#xD;
&#xD;
2020-07-10 11:00:21 - [MESSAGE][PASSED] - Keys 'Custom Role' sent to object: 'Object Repository/Input/newRoleName'&#xD;
&#xD;
2020-07-10 11:00:21 - [TEST_STEP][PASSED] - platform.Method.clickOnElement(findTestObject("Generic/webObjectWithText", ["textValue":"Base role"])): platform.Method.clickOnElement is PASSED&#xD;
&#xD;
2020-07-10 11:00:23 - [MESSAGE][PASSED] - platform.Method.clickOnElement is PASSED&#xD;
&#xD;
2020-07-10 11:00:23 - [TEST_STEP][PASSED] - platform.Method.clickOnElement(findTestObject("Generic/webObjectWithText", ["textValue":typeOfUser])): platform.Method.clickOnElement is PASSED&#xD;
&#xD;
2020-07-10 11:00:26 - [MESSAGE][PASSED] - platform.Method.clickOnElement is PASSED&#xD;
&#xD;
2020-07-10 11:00:26 - [TEST_STEP][PASSED] - platform.Method.clickOnElement(findTestObject("Generic/webObjectWithText", ["textValue":permissionToUser])): platform.Method.clickOnElement is PASSED&#xD;
&#xD;
2020-07-10 11:00:31 - [MESSAGE][PASSED] - platform.Method.clickOnElement is PASSED&#xD;
&#xD;
2020-07-10 11:00:31 - [TEST_STEP][PASSED] - listOfPermissions = findWebElements(findTestObject("GenericII/listOfPermissions"), 5): null&#xD;
&#xD;
2020-07-10 11:00:32 - [TEST_STEP][PASSED] - index = &lt;not implemented yet for class: org.codehaus.groovy.ast.expr.EmptyExpression&gt;: null&#xD;
&#xD;
2020-07-10 11:00:32 - [TEST_STEP][PASSED] - for ([index = 0, index &lt; listOfPermissions.size(), (index++)]): null&#xD;
&#xD;
2020-07-10 11:00:32 - [TEST_STEP][PASSED] - getText().contains(nameOfThePermission): null&#xD;
&#xD;
2020-07-10 11:00:38 - [TEST_STEP][PASSED] - (index++): null&#xD;
&#xD;
2020-07-10 11:00:38 - [TEST_STEP][PASSED] - break: null&#xD;
&#xD;
2020-07-10 11:00:38 - [TEST_STEP][PASSED] - platform.Method.clickOnElement(findTestObject("GenericII/addPermissionBtn", ["index":index])): platform.Method.clickOnElement is PASSED&#xD;
&#xD;
2020-07-10 11:00:40 - [MESSAGE][PASSED] - platform.Method.clickOnElement is PASSED&#xD;
&#xD;
2020-07-10 11:00:40 - [TEST_STEP][PASSED] - verifyElementClickable(findTestObject("Button/createRole"), STOP_ON_FAILURE): Object 'Object Repository/Button/createRole' is clickable&#xD;
&#xD;
2020-07-10 11:00:43 - [MESSAGE][PASSED] - Object 'Object Repository/Button/createRole' is clickable&#xD;
&#xD;
2020-07-10 11:00:43 - [TEST_STEP][PASSED] - platform.Method.clickOnElement(findTestObject("Button/createRole")): platform.Method.clickOnElement is PASSED&#xD;
&#xD;
2020-07-10 11:00:47 - [MESSAGE][PASSED] - platform.Method.clickOnElement is PASSED&#xD;
&#xD;
2020-07-10 11:00:47 - [TEST_STEP][PASSED] - waitForElementPresent(findTestObject("Generic/webObjectWithText", ["textValue":ROLE_NAME]), 20, OPTIONAL): Object 'Object Repository/Generic/webObjectWithText' is present&#xD;
&#xD;
2020-07-10 11:00:50 - [MESSAGE][PASSED] - Object 'Object Repository/Generic/webObjectWithText' is present&#xD;
&#xD;
2020-07-10 11:00:50 - [TEST_STEP][PASSED] - verifyTextPresent(ROLE_NAME, false): Text 'Custom Role' is present on page &#xD;
&#xD;
2020-07-10 11:00:55 - [MESSAGE][PASSED] - Text 'Custom Role' is present on page</system-out>
            <system-err></system-err>
        </testcase>
        <testcase name="Test Cases/Generic/adminRoleDeletion_Test" classname="Test Cases/Generic/adminRoleDeletion_Test" status="PASSED">
            <system-out>2020-07-10 11:00:55 - [TEST_CASE][PASSED] - Test Cases/Generic/adminRoleDeletion_Test: Test Cases/Generic/adminRoleDeletion_Test&#xD;
&#xD;
2020-07-10 11:00:55 - [TEST_STEP][PASSED] - Start listener action : setUp: Current window maximized&#xD;
&#xD;
2020-07-10 11:00:55 - [TEST_STEP][PASSED] - openBrowser(URL): Browser is opened with url: 'preprod.imibot.ai'&#xD;
&#xD;
2020-07-10 11:00:55 - [MESSAGE][WARNING] - A browser is already opened. Closing browser and opening a new one&#xD;
&#xD;
2020-07-10 11:01:02 - [MESSAGE][INFO] - Starting 'Edge' driver&#xD;
&#xD;
2020-07-10 11:01:18 - [MESSAGE][PASSED] - Browser is opened with url: 'preprod.imibot.ai'&#xD;
&#xD;
2020-07-10 11:01:18 - [TEST_STEP][PASSED] - maximizeWindow(): Current window maximized&#xD;
&#xD;
2020-07-10 11:01:20 - [MESSAGE][PASSED] - Current window maximized&#xD;
&#xD;
2020-07-10 11:01:21 - [TEST_STEP][PASSED] - callTestCase(findTestCase("Generic/successfulLogin_Test"), [:], STOP_ON_FAILURE): Call Test Case 'Test Cases/Generic/successfulLogin_Test' successfully&#xD;
&#xD;
2020-07-10 11:01:21 - [TEST_CASE][PASSED] - Test Cases/Generic/successfulLogin_Test: Test Cases/Generic/successfulLogin_Test&#xD;
&#xD;
2020-07-10 11:01:22 - [TEST_STEP][PASSED] - sendKeys(findTestObject("Input/username"), username): Keys 'narendra.n@imimobile.com' sent to object: 'Object Repository/Input/username'&#xD;
&#xD;
2020-07-10 11:01:24 - [MESSAGE][PASSED] - Keys 'narendra.n@imimobile.com' sent to object: 'Object Repository/Input/username'&#xD;
&#xD;
2020-07-10 11:01:24 - [TEST_STEP][PASSED] - sendKeys(findTestObject("Input/password"), password): Keys 'Test@2020' sent to object: 'Object Repository/Input/password'&#xD;
&#xD;
2020-07-10 11:01:27 - [MESSAGE][PASSED] - Keys 'Test@2020' sent to object: 'Object Repository/Input/password'&#xD;
&#xD;
2020-07-10 11:01:27 - [TEST_STEP][PASSED] - click(findTestObject("Button/signIn")): Object: 'Object Repository/Button/signIn' is clicked on&#xD;
&#xD;
2020-07-10 11:01:30 - [MESSAGE][PASSED] - Object: 'Object Repository/Button/signIn' is clicked on&#xD;
&#xD;
2020-07-10 11:01:30 - [TEST_STEP][PASSED] - if (!(waitForElementPresent(findTestObject("Button/createBot"), 30, OPTIONAL))): Object 'Object Repository/Button/createBot' is present&#xD;
&#xD;
2020-07-10 11:01:51 - [MESSAGE][PASSED] - Object 'Object Repository/Button/createBot' is present&#xD;
&#xD;
2020-07-10 11:01:51 - [MESSAGE][PASSED] - Call Test Case 'Test Cases/Generic/successfulLogin_Test' successfully&#xD;
&#xD;
2020-07-10 11:01:51 - [TEST_STEP][PASSED] - platform.Method.clickOnElement(findTestObject("Button/enterpriseDropdown")): platform.Method.clickOnElement is PASSED&#xD;
&#xD;
2020-07-10 11:01:53 - [MESSAGE][PASSED] - platform.Method.clickOnElement is PASSED&#xD;
&#xD;
2020-07-10 11:01:53 - [TEST_STEP][PASSED] - platform.Method.clickOnElement(findTestObject("Generic/webObjectWithText", ["textValue":"Enterprise profile"])): platform.Method.clickOnElement is PASSED&#xD;
&#xD;
2020-07-10 11:02:00 - [MESSAGE][PASSED] - platform.Method.clickOnElement is PASSED&#xD;
&#xD;
2020-07-10 11:02:00 - [TEST_STEP][PASSED] - platform.Method.clickOnElement(findTestObject("Generic/webObjectWithText", ["textValue":"Roles"])): platform.Method.clickOnElement is PASSED&#xD;
&#xD;
2020-07-10 11:02:02 - [MESSAGE][PASSED] - platform.Method.clickOnElement is PASSED&#xD;
&#xD;
2020-07-10 11:02:02 - [TEST_STEP][PASSED] - role = findWebElements(findTestObject("GenericII/listOfAllRoleName"), 5): null&#xD;
&#xD;
2020-07-10 11:02:03 - [TEST_STEP][PASSED] - count = &lt;not implemented yet for class: org.codehaus.groovy.ast.expr.EmptyExpression&gt;: null&#xD;
&#xD;
2020-07-10 11:02:03 - [TEST_STEP][PASSED] - for ([count = 0, count &lt; role.size(), (count++)]): null&#xD;
&#xD;
2020-07-10 11:02:03 - [TEST_STEP][PASSED] - if (getText().contentEquals(ROLE_NAME)): null&#xD;
&#xD;
2020-07-10 11:02:05 - [TEST_STEP][PASSED] - if (getText().contentEquals(ROLE_NAME)): null&#xD;
&#xD;
2020-07-10 11:02:06 - [TEST_STEP][PASSED] - if (getText().contentEquals(ROLE_NAME)): null&#xD;
&#xD;
2020-07-10 11:02:07 - [TEST_STEP][PASSED] - if (getText().contentEquals(ROLE_NAME)): null&#xD;
&#xD;
2020-07-10 11:02:08 - [TEST_STEP][PASSED] - if (getText().contentEquals(ROLE_NAME)): null&#xD;
&#xD;
2020-07-10 11:02:09 - [TEST_STEP][PASSED] - if (getText().contentEquals(ROLE_NAME)): null&#xD;
&#xD;
2020-07-10 11:02:10 - [TEST_STEP][PASSED] - (count++): null&#xD;
&#xD;
2020-07-10 11:02:10 - [TEST_STEP][PASSED] - markPassed("ROLE FOUND IN THE LIST"): ROLE FOUND IN THE LIST&#xD;
&#xD;
2020-07-10 11:02:10 - [MESSAGE][PASSED] - ROLE FOUND IN THE LIST&#xD;
&#xD;
2020-07-10 11:02:10 - [TEST_STEP][PASSED] - break: null&#xD;
&#xD;
2020-07-10 11:02:10 - [TEST_STEP][PASSED] - platform.Method.clickOnElement(findTestObject("GenericII/modifyRole", ["index":count])): platform.Method.clickOnElement is PASSED&#xD;
&#xD;
2020-07-10 11:02:12 - [MESSAGE][PASSED] - platform.Method.clickOnElement is PASSED&#xD;
&#xD;
2020-07-10 11:02:12 - [TEST_STEP][PASSED] - verifyTextPresent("Edit role", false, STOP_ON_FAILURE): Text 'Edit role' is present on page &#xD;
&#xD;
2020-07-10 11:02:16 - [MESSAGE][PASSED] - Text 'Edit role' is present on page &#xD;
&#xD;
2020-07-10 11:02:16 - [TEST_STEP][PASSED] - platform.Method.clickOnElement(findTestObject("Button/delete")): platform.Method.clickOnElement is PASSED&#xD;
&#xD;
2020-07-10 11:02:18 - [MESSAGE][PASSED] - platform.Method.clickOnElement is PASSED&#xD;
&#xD;
2020-07-10 11:02:18 - [TEST_STEP][PASSED] - platform.Method.clickOnElement(findTestObject("Button/remove")): platform.Method.clickOnElement is PASSED&#xD;
&#xD;
2020-07-10 11:02:21 - [MESSAGE][PASSED] - platform.Method.clickOnElement is PASSED&#xD;
&#xD;
2020-07-10 11:02:21 - [TEST_STEP][PASSED] - verifyTextNotPresent(ROLE_NAME, false, STOP_ON_FAILURE): Text 'Custom Role' is not present on page&#xD;
&#xD;
2020-07-10 11:02:23 - [MESSAGE][PASSED] - Text 'Custom Role' is not present on page</system-out>
            <system-err></system-err>
        </testcase>
        <system-out>2020-07-10 10:45:50 - [TEST_SUITE][INCOMPLETE] - generic: null</system-out>
        <system-err>2020-07-10 10:45:50 - [TEST_SUITE][INCOMPLETE] - generic: null</system-err>
    </testsuite>
</testsuites>
