<?xml version="1.0" encoding="UTF-8" standalone="yes"?>
<testsuites name="generic" time="1684" tests="8" failures="0" errors="0">
    <testsuite name="generic" tests="8" failures="0" errors="0" time="1684" timestamp="2020-07-08 14:19:00" hostname="narendra.n - WLPT580.imidomain.com" id="Test Suites/generic">
        <properties>
            <property name="deviceName" value=""/>
            <property name="devicePlatform" value=""/>
            <property name="logFolder" value="D:\\IMIbot.ai-Project\\Reports\\20200708_141807\\generic\\20200708_141811"/>
            <property name="logFiles" value="D:\\IMIbot.ai-Project\\Reports\\20200708_141807\\generic\\20200708_141811\\execution0.log"/>
            <property name="attachments" value=""/>
            <property name="hostName" value="narendra.n - WLPT580.imidomain.com"/>
            <property name="os" value="Windows 8.1 64bit"/>
            <property name="katalonVersion" value="6.3.3.11"/>
            <property name="browser" value="Chrome 83.0.4103.116"/>
            <property name="hostAddress" value="192.168.1.2"/>
            <property name="sessionId" value="d20d495d8bb369e5bf476ad0090b2c7e"/>
            <property name="seleniumVersion" value="3.141.59"/>
            <property name="proxyInformation" value="ProxyInformation{proxyOption=NO_PROXY, proxyServerType=HTTP, password=, proxyServerAddress=, proxyServerPort=0}"/>
            <property name="platform" value="Windows 8.1"/>
        </properties>
        <testcase name="Test Cases/Generic/forgotPasswordLink_Test" classname="Test Cases/Generic/forgotPasswordLink_Test" status="PASSED">
            <system-out>2020-07-08 14:19:08 - [TEST_CASE][PASSED] - Test Cases/Generic/forgotPasswordLink_Test: Test Cases/Generic/forgotPasswordLink_Test&#xD;
&#xD;
2020-07-08 14:19:09 - [TEST_STEP][PASSED] - Start listener action : setUp: Current window maximized&#xD;
&#xD;
2020-07-08 14:19:09 - [TEST_STEP][PASSED] - openBrowser(URL): Browser is opened with url: 'preprod.imibot.ai'&#xD;
&#xD;
2020-07-08 14:19:23 - [MESSAGE][INFO] - Starting 'Edge' driver&#xD;
&#xD;
2020-07-08 14:19:27 - [MESSAGE][INFO] - Action delay is set to 1 seconds&#xD;
&#xD;
2020-07-08 14:20:37 - [MESSAGE][PASSED] - Browser is opened with url: 'preprod.imibot.ai'&#xD;
&#xD;
2020-07-08 14:20:37 - [TEST_STEP][PASSED] - maximizeWindow(): Current window maximized&#xD;
&#xD;
2020-07-08 14:20:40 - [MESSAGE][PASSED] - Current window maximized&#xD;
&#xD;
2020-07-08 14:20:42 - [TEST_STEP][PASSED] - platform.Method.toClickOnWebElement(findTestObject("GenericII/changePasswordLink")): platform.Method.toClickOnWebElement is PASSED&#xD;
&#xD;
2020-07-08 14:20:46 - [MESSAGE][PASSED] - Object: 'Object Repository/GenericII/changePasswordLink' is clicked on&#xD;
&#xD;
2020-07-08 14:20:46 - [MESSAGE][PASSED] - platform.Method.toClickOnWebElement is PASSED&#xD;
&#xD;
2020-07-08 14:20:46 - [TEST_STEP][PASSED] - verifyElementText(findTestObject("GenericII/forgetHeader"), "Forgot password?", STOP_ON_FAILURE): Actual text and expected text of test object 'Object Repository/GenericII/forgetHeader' are matched.&#xD;
&#xD;
2020-07-08 14:20:49 - [MESSAGE][PASSED] - Actual text and expected text of test object 'Object Repository/GenericII/forgetHeader' are matched.&#xD;
&#xD;
2020-07-08 14:20:49 - [TEST_STEP][PASSED] - sendKeys(findTestObject("Input/email"), USERNAME): Keys 'narendra.n@imimobile.com' sent to object: 'Object Repository/Input/email'&#xD;
&#xD;
2020-07-08 14:20:56 - [MESSAGE][PASSED] - Keys 'narendra.n@imimobile.com' sent to object: 'Object Repository/Input/email'&#xD;
&#xD;
2020-07-08 14:20:56 - [TEST_STEP][PASSED] - verifyElementClickable(findTestObject("GenericII/resetEmailBtn"), STOP_ON_FAILURE): Object 'Object Repository/GenericII/resetEmailBtn' is clickable&#xD;
&#xD;
2020-07-08 14:21:00 - [MESSAGE][PASSED] - Object 'Object Repository/GenericII/resetEmailBtn' is clickable&#xD;
&#xD;
2020-07-08 14:21:00 - [TEST_STEP][PASSED] - platform.Method.toClickOnWebElement(findTestObject("GenericII/resetEmailBtn")): platform.Method.toClickOnWebElement is PASSED&#xD;
&#xD;
2020-07-08 14:21:08 - [MESSAGE][PASSED] - Object: 'Object Repository/GenericII/resetEmailBtn' is clicked on&#xD;
&#xD;
2020-07-08 14:21:08 - [MESSAGE][PASSED] - platform.Method.toClickOnWebElement is PASSED&#xD;
&#xD;
2020-07-08 14:21:08 - [TEST_STEP][PASSED] - waitForElementPresent(findTestObject("ICONS/toastMsg"), 20, OPTIONAL): Object 'Object Repository/ICONS/toastMsg' is not present after 20 second(s)&#xD;
&#xD;
2020-07-08 14:21:34 - [MESSAGE][INFO] - Unable to find the element located by 'By.xpath: //simple-snack-bar'. Please recheck the objects properties to make sure the desired element is located. &#xD;
&#xD;
2020-07-08 14:21:35 - [MESSAGE][WARNING] - Object 'Object Repository/ICONS/toastMsg' is not present after 20 second(s)&#xD;
&#xD;
2020-07-08 14:21:35 - [TEST_STEP][PASSED] - verifyElementPresent(findTestObject("GenericII/emailSentIcon"), 5, OPTIONAL): Object 'Object Repository/GenericII/emailSentIcon' is present&#xD;
&#xD;
2020-07-08 14:21:38 - [MESSAGE][PASSED] - Object 'Object Repository/GenericII/emailSentIcon' is present&#xD;
&#xD;
2020-07-08 14:21:38 - [TEST_STEP][PASSED] - verifyElementClickable(findTestObject("GenericII/continueToSignInBtn"), STOP_ON_FAILURE): Object 'Object Repository/GenericII/continueToSignInBtn' is clickable&#xD;
&#xD;
2020-07-08 14:21:43 - [MESSAGE][PASSED] - Object 'Object Repository/GenericII/continueToSignInBtn' is clickable&#xD;
&#xD;
2020-07-08 14:21:43 - [TEST_STEP][PASSED] - platform.Method.toClickOnWebElement(findTestObject("GenericII/continueToSignInBtn")): platform.Method.toClickOnWebElement is PASSED&#xD;
&#xD;
2020-07-08 14:21:48 - [MESSAGE][PASSED] - Object: 'Object Repository/GenericII/continueToSignInBtn' is clicked on&#xD;
&#xD;
2020-07-08 14:21:48 - [MESSAGE][PASSED] - platform.Method.toClickOnWebElement is PASSED</system-out>
            <system-err></system-err>
        </testcase>
        <testcase name="Test Cases/Generic/botPageAndHeaderAccess_Test" classname="Test Cases/Generic/botPageAndHeaderAccess_Test" status="PASSED">
            <system-out>2020-07-08 14:21:48 - [TEST_CASE][PASSED] - Test Cases/Generic/botPageAndHeaderAccess_Test: Test Cases/Generic/botPageAndHeaderAccess_Test&#xD;
&#xD;
2020-07-08 14:21:48 - [TEST_STEP][PASSED] - Start listener action : setUp: Current window maximized&#xD;
&#xD;
2020-07-08 14:21:48 - [TEST_STEP][PASSED] - openBrowser(URL): Browser is opened with url: 'preprod.imibot.ai'&#xD;
&#xD;
2020-07-08 14:21:49 - [MESSAGE][WARNING] - A browser is already opened. Closing browser and opening a new one&#xD;
&#xD;
2020-07-08 14:22:20 - [MESSAGE][INFO] - Starting 'Edge' driver&#xD;
&#xD;
2020-07-08 14:22:38 - [MESSAGE][PASSED] - Browser is opened with url: 'preprod.imibot.ai'&#xD;
&#xD;
2020-07-08 14:22:38 - [TEST_STEP][PASSED] - maximizeWindow(): Current window maximized&#xD;
&#xD;
2020-07-08 14:22:41 - [MESSAGE][PASSED] - Current window maximized&#xD;
&#xD;
2020-07-08 14:22:42 - [TEST_STEP][PASSED] - callTestCase(findTestCase("Generic/successfulLogin_Test"), [:], STOP_ON_FAILURE): Call Test Case 'Test Cases/Generic/successfulLogin_Test' successfully&#xD;
&#xD;
2020-07-08 14:22:43 - [TEST_CASE][PASSED] - Test Cases/Generic/successfulLogin_Test: Test Cases/Generic/successfulLogin_Test&#xD;
&#xD;
2020-07-08 14:22:44 - [TEST_STEP][PASSED] - sendKeys(findTestObject("Input/username"), username): Keys 'narendra.n@imimobile.com' sent to object: 'Object Repository/Input/username'&#xD;
&#xD;
2020-07-08 14:22:48 - [MESSAGE][PASSED] - Keys 'narendra.n@imimobile.com' sent to object: 'Object Repository/Input/username'&#xD;
&#xD;
2020-07-08 14:22:48 - [TEST_STEP][PASSED] - sendKeys(findTestObject("Input/password"), password): Keys 'Test@2020' sent to object: 'Object Repository/Input/password'&#xD;
&#xD;
2020-07-08 14:22:51 - [MESSAGE][PASSED] - Keys 'Test@2020' sent to object: 'Object Repository/Input/password'&#xD;
&#xD;
2020-07-08 14:22:51 - [TEST_STEP][PASSED] - click(findTestObject("Button/signIn")): Object: 'Object Repository/Button/signIn' is clicked on&#xD;
&#xD;
2020-07-08 14:22:55 - [MESSAGE][PASSED] - Object: 'Object Repository/Button/signIn' is clicked on&#xD;
&#xD;
2020-07-08 14:22:55 - [TEST_STEP][PASSED] - if (!(waitForElementPresent(findTestObject("Button/createBot"), 30, OPTIONAL))): Wait for page load successfully&#xD;
&#xD;
2020-07-08 14:23:33 - [MESSAGE][INFO] - Unable to find the element located by 'By.xpath: //app-button-wrapper//button'. Please recheck the objects properties to make sure the desired element is located. &#xD;
&#xD;
2020-07-08 14:23:33 - [MESSAGE][WARNING] - Object 'Object Repository/Button/createBot' is not present after 30 second(s)&#xD;
&#xD;
2020-07-08 14:23:33 - [TEST_STEP][PASSED] - waitForPageLoad(10): Wait for page load successfully&#xD;
&#xD;
2020-07-08 14:23:42 - [MESSAGE][PASSED] - Wait for page load successfully&#xD;
&#xD;
2020-07-08 14:23:42 - [MESSAGE][PASSED] - Call Test Case 'Test Cases/Generic/successfulLogin_Test' successfully&#xD;
&#xD;
2020-07-08 14:23:42 - [TEST_STEP][PASSED] - platform.Method.clickOnElement(findTestObject("Generic/webObjectWithText", ["textValue":"Dashboard"])): platform.Method.clickOnElement is PASSED&#xD;
&#xD;
2020-07-08 14:23:46 - [MESSAGE][PASSED] - platform.Method.clickOnElement is PASSED&#xD;
&#xD;
2020-07-08 14:23:46 - [TEST_STEP][PASSED] - platform.Method.clickOnElement(findTestObject("Generic/imiLogo")): platform.Method.clickOnElement is PASSED&#xD;
&#xD;
2020-07-08 14:23:50 - [MESSAGE][PASSED] - platform.Method.clickOnElement is PASSED&#xD;
&#xD;
2020-07-08 14:23:50 - [TEST_STEP][PASSED] - verifyElementPresent(findTestObject("Button/createBot"), 15, STOP_ON_FAILURE): Object 'Object Repository/Button/createBot' is present&#xD;
&#xD;
2020-07-08 14:23:52 - [MESSAGE][PASSED] - Object 'Object Repository/Button/createBot' is present&#xD;
&#xD;
2020-07-08 14:23:52 - [TEST_STEP][PASSED] - platform.Method.clickOnElement(findTestObject("Generic/webObjectWithText", ["textValue":"Knowledge"])): platform.Method.clickOnElement is PASSED&#xD;
&#xD;
2020-07-08 14:23:59 - [MESSAGE][PASSED] - platform.Method.clickOnElement is PASSED&#xD;
&#xD;
2020-07-08 14:23:59 - [TEST_STEP][PASSED] - verifyElementText(findTestObject("Generic/kbHeader"), "Enterprise Knowledge Base", OPTIONAL): Actual text and expected text of test object 'Object Repository/Generic/kbHeader' are matched.&#xD;
&#xD;
2020-07-08 14:24:09 - [MESSAGE][PASSED] - Actual text and expected text of test object 'Object Repository/Generic/kbHeader' are matched.&#xD;
&#xD;
2020-07-08 14:24:09 - [TEST_STEP][PASSED] - platform.Method.clickOnElement(findTestObject("Generic/imiLogo")): platform.Method.clickOnElement is PASSED&#xD;
&#xD;
2020-07-08 14:24:28 - [MESSAGE][PASSED] - platform.Method.clickOnElement is PASSED&#xD;
&#xD;
2020-07-08 14:24:28 - [TEST_STEP][PASSED] - verifyElementPresent(findTestObject("Button/createBot"), 15, STOP_ON_FAILURE): Object 'Object Repository/Button/createBot' is present&#xD;
&#xD;
2020-07-08 14:24:40 - [MESSAGE][PASSED] - Object 'Object Repository/Button/createBot' is present&#xD;
&#xD;
2020-07-08 14:24:40 - [TEST_STEP][PASSED] - platform.Method.clickOnElement(findTestObject("Generic/webObjectWithText", ["textValue":"Analytics"])): platform.Method.clickOnElement is PASSED&#xD;
&#xD;
2020-07-08 14:24:43 - [MESSAGE][PASSED] - platform.Method.clickOnElement is PASSED&#xD;
&#xD;
2020-07-08 14:24:43 - [TEST_STEP][PASSED] - platform.Method.clickOnElement(findTestObject("Generic/imiLogo")): platform.Method.clickOnElement is PASSED&#xD;
&#xD;
2020-07-08 14:24:46 - [MESSAGE][PASSED] - platform.Method.clickOnElement is PASSED&#xD;
&#xD;
2020-07-08 14:24:46 - [TEST_STEP][PASSED] - verifyElementPresent(findTestObject("Button/createBot"), 15, STOP_ON_FAILURE): Object 'Object Repository/Button/createBot' is present&#xD;
&#xD;
2020-07-08 14:24:47 - [MESSAGE][PASSED] - Object 'Object Repository/Button/createBot' is present&#xD;
&#xD;
2020-07-08 14:24:47 - [TEST_STEP][PASSED] - platform.Method.clickOnElement(findTestObject("Generic/webObjectWithText", ["textValue":"Reports"])): platform.Method.clickOnElement is PASSED&#xD;
&#xD;
2020-07-08 14:24:52 - [MESSAGE][PASSED] - platform.Method.clickOnElement is PASSED&#xD;
&#xD;
2020-07-08 14:24:52 - [TEST_STEP][PASSED] - verifyElementClickable(findTestObject("Button/newReport"), STOP_ON_FAILURE): Object 'Object Repository/Button/newReport' is clickable&#xD;
&#xD;
2020-07-08 14:24:55 - [MESSAGE][PASSED] - Object 'Object Repository/Button/newReport' is clickable&#xD;
&#xD;
2020-07-08 14:24:55 - [TEST_STEP][PASSED] - platform.Method.clickOnElement(findTestObject("Generic/imiLogo")): platform.Method.clickOnElement is PASSED&#xD;
&#xD;
2020-07-08 14:25:06 - [MESSAGE][PASSED] - platform.Method.clickOnElement is PASSED&#xD;
&#xD;
2020-07-08 14:25:06 - [TEST_STEP][PASSED] - verifyElementPresent(findTestObject("Button/createBot"), 15, STOP_ON_FAILURE): Object 'Object Repository/Button/createBot' is present&#xD;
&#xD;
2020-07-08 14:25:24 - [MESSAGE][PASSED] - Object 'Object Repository/Button/createBot' is present&#xD;
&#xD;
2020-07-08 14:25:24 - [TEST_STEP][PASSED] - platform.Method.clickOnElement(findTestObject("Generic/webObjectWithText", ["textValue":"Task bots"])): platform.Method.clickOnElement is PASSED&#xD;
&#xD;
2020-07-08 14:25:30 - [MESSAGE][PASSED] - platform.Method.clickOnElement is PASSED&#xD;
&#xD;
2020-07-08 14:25:30 - [TEST_STEP][PASSED] - comment("Verification of Task bots"): Verification of Task bots&#xD;
&#xD;
2020-07-08 14:25:30 - [MESSAGE][INFO] - Verification of Task bots&#xD;
&#xD;
2020-07-08 14:25:30 - [TEST_STEP][PASSED] - verifyElementPresent(findTestObject("Button/createBot"), 20, STOP_ON_FAILURE): Object 'Object Repository/Button/createBot' is present&#xD;
&#xD;
2020-07-08 14:25:33 - [MESSAGE][PASSED] - Object 'Object Repository/Button/createBot' is present&#xD;
&#xD;
2020-07-08 14:25:33 - [TEST_STEP][PASSED] - platform.Method.clickOnElement(findTestObject("Generic/webObjectWithText", ["textValue":"Smart bots"])): platform.Method.clickOnElement is PASSED&#xD;
&#xD;
2020-07-08 14:25:37 - [MESSAGE][PASSED] - platform.Method.clickOnElement is PASSED&#xD;
&#xD;
2020-07-08 14:25:37 - [TEST_STEP][PASSED] - comment("Verification of Smart bots"): Verification of Smart bots&#xD;
&#xD;
2020-07-08 14:25:37 - [MESSAGE][INFO] - Verification of Smart bots&#xD;
&#xD;
2020-07-08 14:25:37 - [TEST_STEP][PASSED] - verifyElementPresent(findTestObject("Button/createBot"), 20, STOP_ON_FAILURE): Object 'Object Repository/Button/createBot' is present&#xD;
&#xD;
2020-07-08 14:25:38 - [MESSAGE][PASSED] - Object 'Object Repository/Button/createBot' is present&#xD;
&#xD;
2020-07-08 14:25:38 - [TEST_STEP][PASSED] - platform.Method.clickOnElement(findTestObject("Generic/webObjectWithText", ["textValue":"Router bots"])): platform.Method.clickOnElement is PASSED&#xD;
&#xD;
2020-07-08 14:25:43 - [MESSAGE][PASSED] - platform.Method.clickOnElement is PASSED&#xD;
&#xD;
2020-07-08 14:25:43 - [TEST_STEP][PASSED] - comment("Verification of Router bots"): Verification of Router bots&#xD;
&#xD;
2020-07-08 14:25:43 - [MESSAGE][INFO] - Verification of Router bots&#xD;
&#xD;
2020-07-08 14:25:43 - [TEST_STEP][PASSED] - verifyElementPresent(findTestObject("Button/createBot"), 20, STOP_ON_FAILURE): Object 'Object Repository/Button/createBot' is present&#xD;
&#xD;
2020-07-08 14:25:44 - [MESSAGE][PASSED] - Object 'Object Repository/Button/createBot' is present&#xD;
&#xD;
2020-07-08 14:25:44 - [TEST_STEP][PASSED] - platform.Method.clickOnElement(findTestObject("Generic/webObjectWithText", ["textValue":"Pipeline bots"])): platform.Method.clickOnElement is PASSED&#xD;
&#xD;
2020-07-08 14:25:48 - [MESSAGE][PASSED] - platform.Method.clickOnElement is PASSED&#xD;
&#xD;
2020-07-08 14:25:48 - [TEST_STEP][PASSED] - comment("Verification of Pipeline bots"): Verification of Pipeline bots&#xD;
&#xD;
2020-07-08 14:25:48 - [MESSAGE][INFO] - Verification of Pipeline bots&#xD;
&#xD;
2020-07-08 14:25:48 - [TEST_STEP][PASSED] - verifyElementPresent(findTestObject("Button/createBot"), 20, STOP_ON_FAILURE): Object 'Object Repository/Button/createBot' is present&#xD;
&#xD;
2020-07-08 14:25:50 - [MESSAGE][PASSED] - Object 'Object Repository/Button/createBot' is present</system-out>
            <system-err></system-err>
        </testcase>
        <testcase name="Test Cases/Generic/adminUserDetailsAndEnterpriseOption_Test" classname="Test Cases/Generic/adminUserDetailsAndEnterpriseOption_Test" status="PASSED">
            <system-out>2020-07-08 14:25:50 - [TEST_CASE][PASSED] - Test Cases/Generic/adminUserDetailsAndEnterpriseOption_Test: Test Cases/Generic/adminUserDetailsAndEnterpriseOption_Test&#xD;
&#xD;
2020-07-08 14:25:51 - [TEST_STEP][PASSED] - Start listener action : setUp: Current window maximized&#xD;
&#xD;
2020-07-08 14:25:51 - [TEST_STEP][PASSED] - openBrowser(URL): Browser is opened with url: 'preprod.imibot.ai'&#xD;
&#xD;
2020-07-08 14:25:51 - [MESSAGE][WARNING] - A browser is already opened. Closing browser and opening a new one&#xD;
&#xD;
2020-07-08 14:26:33 - [MESSAGE][INFO] - Starting 'Edge' driver&#xD;
&#xD;
2020-07-08 14:27:14 - [MESSAGE][PASSED] - Browser is opened with url: 'preprod.imibot.ai'&#xD;
&#xD;
2020-07-08 14:27:14 - [TEST_STEP][PASSED] - maximizeWindow(): Current window maximized&#xD;
&#xD;
2020-07-08 14:27:21 - [MESSAGE][PASSED] - Current window maximized&#xD;
&#xD;
2020-07-08 14:27:25 - [TEST_STEP][PASSED] - callTestCase(findTestCase("Generic/successfulLogin_Test"), [:], STOP_ON_FAILURE): Call Test Case 'Test Cases/Generic/successfulLogin_Test' successfully&#xD;
&#xD;
2020-07-08 14:27:25 - [TEST_CASE][PASSED] - Test Cases/Generic/successfulLogin_Test: Test Cases/Generic/successfulLogin_Test&#xD;
&#xD;
2020-07-08 14:27:26 - [TEST_STEP][PASSED] - sendKeys(findTestObject("Input/username"), username): Keys 'narendra.n@imimobile.com' sent to object: 'Object Repository/Input/username'&#xD;
&#xD;
2020-07-08 14:27:35 - [MESSAGE][PASSED] - Keys 'narendra.n@imimobile.com' sent to object: 'Object Repository/Input/username'&#xD;
&#xD;
2020-07-08 14:27:35 - [TEST_STEP][PASSED] - sendKeys(findTestObject("Input/password"), password): Keys 'Test@2020' sent to object: 'Object Repository/Input/password'&#xD;
&#xD;
2020-07-08 14:27:39 - [MESSAGE][PASSED] - Keys 'Test@2020' sent to object: 'Object Repository/Input/password'&#xD;
&#xD;
2020-07-08 14:27:39 - [TEST_STEP][PASSED] - click(findTestObject("Button/signIn")): Object: 'Object Repository/Button/signIn' is clicked on&#xD;
&#xD;
2020-07-08 14:27:41 - [MESSAGE][PASSED] - Object: 'Object Repository/Button/signIn' is clicked on&#xD;
&#xD;
2020-07-08 14:27:41 - [TEST_STEP][PASSED] - if (!(waitForElementPresent(findTestObject("Button/createBot"), 30, OPTIONAL))): Object 'Object Repository/Button/createBot' is present&#xD;
&#xD;
2020-07-08 14:28:56 - [MESSAGE][PASSED] - Object 'Object Repository/Button/createBot' is present&#xD;
&#xD;
2020-07-08 14:28:56 - [MESSAGE][PASSED] - Call Test Case 'Test Cases/Generic/successfulLogin_Test' successfully&#xD;
&#xD;
2020-07-08 14:28:56 - [TEST_STEP][PASSED] - verifyElementText(findTestObject("Generic/enterpriseName"), ENTERPRISE_NAME, OPTIONAL): Actual text and expected text of test object 'Object Repository/Generic/enterpriseName' are matched.&#xD;
&#xD;
2020-07-08 14:29:00 - [MESSAGE][PASSED] - Actual text and expected text of test object 'Object Repository/Generic/enterpriseName' are matched.&#xD;
&#xD;
2020-07-08 14:29:00 - [TEST_STEP][PASSED] - verifyElementText(findTestObject("Generic/userDesgination"), USER_DESIGNATION, OPTIONAL): Actual text and expected text of test object 'Object Repository/Generic/userDesgination' are matched.&#xD;
&#xD;
2020-07-08 14:29:03 - [MESSAGE][PASSED] - Actual text and expected text of test object 'Object Repository/Generic/userDesgination' are matched.&#xD;
&#xD;
2020-07-08 14:29:03 - [TEST_STEP][PASSED] - verifyElementPresent(findTestObject("Generic/enterpriseIcon"), 5, STOP_ON_FAILURE): Object 'Object Repository/Generic/enterpriseIcon' is present&#xD;
&#xD;
2020-07-08 14:29:05 - [MESSAGE][PASSED] - Object 'Object Repository/Generic/enterpriseIcon' is present&#xD;
&#xD;
2020-07-08 14:29:05 - [TEST_STEP][PASSED] - verifyElementText(findTestObject("Generic/userInitials"), USER_INITIALS, STOP_ON_FAILURE): Actual text and expected text of test object 'Object Repository/Generic/userInitials' are matched.&#xD;
&#xD;
2020-07-08 14:29:08 - [MESSAGE][PASSED] - Actual text and expected text of test object 'Object Repository/Generic/userInitials' are matched.&#xD;
&#xD;
2020-07-08 14:29:08 - [TEST_STEP][PASSED] - platform.Method.clickOnElement(findTestObject("Button/enterpriseDropdown")): platform.Method.clickOnElement is PASSED&#xD;
&#xD;
2020-07-08 14:29:12 - [MESSAGE][PASSED] - platform.Method.clickOnElement is PASSED&#xD;
&#xD;
2020-07-08 14:29:12 - [TEST_STEP][PASSED] - platform.Method.clickOnElement(findTestObject("Button/eProfile")): platform.Method.clickOnElement is PASSED&#xD;
&#xD;
2020-07-08 14:29:24 - [MESSAGE][PASSED] - platform.Method.clickOnElement is PASSED&#xD;
&#xD;
2020-07-08 14:29:24 - [TEST_STEP][PASSED] - verifyElementPresent(findTestObject("Generic/updateBtn"), 15, STOP_ON_FAILURE): Object 'Object Repository/Generic/updateBtn' is present&#xD;
&#xD;
2020-07-08 14:29:28 - [MESSAGE][PASSED] - Object 'Object Repository/Generic/updateBtn' is present&#xD;
&#xD;
2020-07-08 14:29:28 - [TEST_STEP][PASSED] - platform.Method.clickOnElement(findTestObject("Button/enterpriseDropdown")): platform.Method.clickOnElement is PASSED&#xD;
&#xD;
2020-07-08 14:29:31 - [MESSAGE][PASSED] - platform.Method.clickOnElement is PASSED&#xD;
&#xD;
2020-07-08 14:29:31 - [TEST_STEP][PASSED] - platform.Method.clickOnElement(findTestObject("Button/signOut")): platform.Method.clickOnElement is PASSED&#xD;
&#xD;
2020-07-08 14:29:44 - [MESSAGE][PASSED] - platform.Method.clickOnElement is PASSED&#xD;
&#xD;
2020-07-08 14:29:44 - [TEST_STEP][PASSED] - verifyElementText(findTestObject("Generic/textOnLoginPage"), testValue, STOP_ON_FAILURE): Actual text and expected text of test object 'Object Repository/Generic/textOnLoginPage' are matched.&#xD;
&#xD;
2020-07-08 14:29:48 - [MESSAGE][PASSED] - Actual text and expected text of test object 'Object Repository/Generic/textOnLoginPage' are matched.</system-out>
            <system-err></system-err>
        </testcase>
        <testcase name="Test Cases/Generic/adminServiceKeyFunctionality_Test" classname="Test Cases/Generic/adminServiceKeyFunctionality_Test" status="PASSED">
            <system-out>2020-07-08 14:29:48 - [TEST_CASE][PASSED] - Test Cases/Generic/adminServiceKeyFunctionality_Test: Test Cases/Generic/adminServiceKeyFunctionality_Test&#xD;
&#xD;
2020-07-08 14:29:48 - [TEST_STEP][PASSED] - Start listener action : setUp: Current window maximized&#xD;
&#xD;
2020-07-08 14:29:48 - [TEST_STEP][PASSED] - openBrowser(URL): Browser is opened with url: 'preprod.imibot.ai'&#xD;
&#xD;
2020-07-08 14:29:48 - [MESSAGE][WARNING] - A browser is already opened. Closing browser and opening a new one&#xD;
&#xD;
2020-07-08 14:30:10 - [MESSAGE][INFO] - Starting 'Edge' driver&#xD;
&#xD;
2020-07-08 14:30:49 - [MESSAGE][PASSED] - Browser is opened with url: 'preprod.imibot.ai'&#xD;
&#xD;
2020-07-08 14:30:49 - [TEST_STEP][PASSED] - maximizeWindow(): Current window maximized&#xD;
&#xD;
2020-07-08 14:30:53 - [MESSAGE][PASSED] - Current window maximized&#xD;
&#xD;
2020-07-08 14:30:54 - [TEST_STEP][PASSED] - callTestCase(findTestCase("Generic/successfulLogin_Test"), [:], STOP_ON_FAILURE): Call Test Case 'Test Cases/Generic/successfulLogin_Test' successfully&#xD;
&#xD;
2020-07-08 14:30:54 - [TEST_CASE][PASSED] - Test Cases/Generic/successfulLogin_Test: Test Cases/Generic/successfulLogin_Test&#xD;
&#xD;
2020-07-08 14:30:55 - [TEST_STEP][PASSED] - sendKeys(findTestObject("Input/username"), username): Keys 'narendra.n@imimobile.com' sent to object: 'Object Repository/Input/username'&#xD;
&#xD;
2020-07-08 14:31:06 - [MESSAGE][PASSED] - Keys 'narendra.n@imimobile.com' sent to object: 'Object Repository/Input/username'&#xD;
&#xD;
2020-07-08 14:31:06 - [TEST_STEP][PASSED] - sendKeys(findTestObject("Input/password"), password): Keys 'Test@2020' sent to object: 'Object Repository/Input/password'&#xD;
&#xD;
2020-07-08 14:31:11 - [MESSAGE][PASSED] - Keys 'Test@2020' sent to object: 'Object Repository/Input/password'&#xD;
&#xD;
2020-07-08 14:31:11 - [TEST_STEP][PASSED] - click(findTestObject("Button/signIn")): Object: 'Object Repository/Button/signIn' is clicked on&#xD;
&#xD;
2020-07-08 14:31:16 - [MESSAGE][PASSED] - Object: 'Object Repository/Button/signIn' is clicked on&#xD;
&#xD;
2020-07-08 14:31:16 - [TEST_STEP][PASSED] - if (!(waitForElementPresent(findTestObject("Button/createBot"), 30, OPTIONAL))): Wait for page load successfully&#xD;
&#xD;
2020-07-08 14:31:56 - [MESSAGE][INFO] - Unable to find the element located by 'By.xpath: //app-button-wrapper//button'. Please recheck the objects properties to make sure the desired element is located. &#xD;
&#xD;
2020-07-08 14:31:56 - [MESSAGE][WARNING] - Object 'Object Repository/Button/createBot' is not present after 30 second(s)&#xD;
&#xD;
2020-07-08 14:31:56 - [TEST_STEP][PASSED] - waitForPageLoad(10): Wait for page load successfully&#xD;
&#xD;
2020-07-08 14:32:18 - [MESSAGE][PASSED] - Wait for page load successfully&#xD;
&#xD;
2020-07-08 14:32:18 - [MESSAGE][PASSED] - Call Test Case 'Test Cases/Generic/successfulLogin_Test' successfully&#xD;
&#xD;
2020-07-08 14:32:18 - [TEST_STEP][PASSED] - platform.Method.clickOnElement(findTestObject("Button/enterpriseDropdown")): platform.Method.clickOnElement is PASSED&#xD;
&#xD;
2020-07-08 14:32:22 - [MESSAGE][PASSED] - platform.Method.clickOnElement is PASSED&#xD;
&#xD;
2020-07-08 14:32:22 - [TEST_STEP][PASSED] - platform.Method.clickOnElement(findTestObject("Generic/webObjectWithText", ["textValue":"Enterprise profile"])): platform.Method.clickOnElement is PASSED&#xD;
&#xD;
2020-07-08 14:32:33 - [MESSAGE][PASSED] - platform.Method.clickOnElement is PASSED&#xD;
&#xD;
2020-07-08 14:32:33 - [TEST_STEP][PASSED] - platform.Method.clickOnElement(findTestObject("Button/newToken")): platform.Method.clickOnElement is PASSED&#xD;
&#xD;
2020-07-08 14:32:39 - [MESSAGE][PASSED] - platform.Method.clickOnElement is PASSED&#xD;
&#xD;
2020-07-08 14:32:39 - [TEST_STEP][PASSED] - description = now().toString(): null&#xD;
&#xD;
2020-07-08 14:32:39 - [TEST_STEP][PASSED] - sendKeys(findTestObject("Input/newTokenDescription"), description): Keys '2020-07-08' sent to object: 'Object Repository/Input/newTokenDescription'&#xD;
&#xD;
2020-07-08 14:32:43 - [MESSAGE][PASSED] - Keys '2020-07-08' sent to object: 'Object Repository/Input/newTokenDescription'&#xD;
&#xD;
2020-07-08 14:32:43 - [TEST_STEP][PASSED] - platform.Method.clickOnElement(findTestObject("Button/create")): platform.Method.clickOnElement is PASSED&#xD;
&#xD;
2020-07-08 14:32:46 - [MESSAGE][PASSED] - platform.Method.clickOnElement is PASSED&#xD;
&#xD;
2020-07-08 14:32:46 - [TEST_STEP][PASSED] - listOfServiceKeys = findWebElements(findTestObject("GenericII/serviceKeyList"), 5): null&#xD;
&#xD;
2020-07-08 14:32:49 - [TEST_STEP][PASSED] - assert getText().contentEquals(description) == true: null&#xD;
&#xD;
2020-07-08 14:32:51 - [TEST_STEP][PASSED] - platform.Method.clickOnElement(findTestObject("GenericII/deleteServiceKey", ["index":1])): platform.Method.clickOnElement is PASSED&#xD;
&#xD;
2020-07-08 14:32:54 - [MESSAGE][PASSED] - platform.Method.clickOnElement is PASSED&#xD;
&#xD;
2020-07-08 14:32:54 - [TEST_STEP][PASSED] - platform.Method.clickOnElement(findTestObject("Button/expire")): platform.Method.clickOnElement is PASSED&#xD;
&#xD;
2020-07-08 14:32:57 - [MESSAGE][PASSED] - platform.Method.clickOnElement is PASSED&#xD;
&#xD;
2020-07-08 14:32:57 - [TEST_STEP][PASSED] - platform.Method.toClickOnWebElement(findTestObject("Generic/webObjectWithText", ["textValue":"Expired"])): platform.Method.toClickOnWebElement is PASSED&#xD;
&#xD;
2020-07-08 14:33:02 - [MESSAGE][PASSED] - Object: 'Object Repository/Generic/webObjectWithText' is clicked on&#xD;
&#xD;
2020-07-08 14:33:02 - [MESSAGE][PASSED] - platform.Method.toClickOnWebElement is PASSED&#xD;
&#xD;
2020-07-08 14:33:02 - [TEST_STEP][PASSED] - listOfExpiredServiceKeys = findWebElements(findTestObject("GenericII/serviceKeyList"), 5): null&#xD;
&#xD;
2020-07-08 14:33:03 - [TEST_STEP][PASSED] - assert getText().contentEquals(description) == true: null</system-out>
            <system-err></system-err>
        </testcase>
        <testcase name="Test Cases/Generic/adminUserManagement_Test" classname="Test Cases/Generic/adminUserManagement_Test" status="PASSED">
            <system-out>2020-07-08 14:33:05 - [TEST_CASE][PASSED] - Test Cases/Generic/adminUserManagement_Test: Test Cases/Generic/adminUserManagement_Test&#xD;
&#xD;
2020-07-08 14:33:05 - [TEST_STEP][PASSED] - Start listener action : setUp: Current window maximized&#xD;
&#xD;
2020-07-08 14:33:05 - [TEST_STEP][PASSED] - openBrowser(URL): Browser is opened with url: 'preprod.imibot.ai'&#xD;
&#xD;
2020-07-08 14:33:05 - [MESSAGE][WARNING] - A browser is already opened. Closing browser and opening a new one&#xD;
&#xD;
2020-07-08 14:33:47 - [MESSAGE][INFO] - Starting 'Edge' driver&#xD;
&#xD;
2020-07-08 14:34:17 - [MESSAGE][PASSED] - Browser is opened with url: 'preprod.imibot.ai'&#xD;
&#xD;
2020-07-08 14:34:17 - [TEST_STEP][PASSED] - maximizeWindow(): Current window maximized&#xD;
&#xD;
2020-07-08 14:34:21 - [MESSAGE][PASSED] - Current window maximized&#xD;
&#xD;
2020-07-08 14:34:22 - [TEST_STEP][PASSED] - callTestCase(findTestCase("Generic/successfulLogin_Test"), [:], STOP_ON_FAILURE): Call Test Case 'Test Cases/Generic/successfulLogin_Test' successfully&#xD;
&#xD;
2020-07-08 14:34:23 - [TEST_CASE][PASSED] - Test Cases/Generic/successfulLogin_Test: Test Cases/Generic/successfulLogin_Test&#xD;
&#xD;
2020-07-08 14:34:23 - [TEST_STEP][PASSED] - sendKeys(findTestObject("Input/username"), username): Keys 'narendra.n@imimobile.com' sent to object: 'Object Repository/Input/username'&#xD;
&#xD;
2020-07-08 14:34:30 - [MESSAGE][PASSED] - Keys 'narendra.n@imimobile.com' sent to object: 'Object Repository/Input/username'&#xD;
&#xD;
2020-07-08 14:34:30 - [TEST_STEP][PASSED] - sendKeys(findTestObject("Input/password"), password): Keys 'Test@2020' sent to object: 'Object Repository/Input/password'&#xD;
&#xD;
2020-07-08 14:34:36 - [MESSAGE][PASSED] - Keys 'Test@2020' sent to object: 'Object Repository/Input/password'&#xD;
&#xD;
2020-07-08 14:34:36 - [TEST_STEP][PASSED] - click(findTestObject("Button/signIn")): Object: 'Object Repository/Button/signIn' is clicked on&#xD;
&#xD;
2020-07-08 14:34:40 - [MESSAGE][PASSED] - Object: 'Object Repository/Button/signIn' is clicked on&#xD;
&#xD;
2020-07-08 14:34:40 - [TEST_STEP][PASSED] - if (!(waitForElementPresent(findTestObject("Button/createBot"), 30, OPTIONAL))): Object 'Object Repository/Button/createBot' is present&#xD;
&#xD;
2020-07-08 14:35:22 - [MESSAGE][PASSED] - Object 'Object Repository/Button/createBot' is present&#xD;
&#xD;
2020-07-08 14:35:22 - [MESSAGE][PASSED] - Call Test Case 'Test Cases/Generic/successfulLogin_Test' successfully&#xD;
&#xD;
2020-07-08 14:35:22 - [TEST_STEP][PASSED] - platform.Method.clickOnElement(findTestObject("Button/enterpriseDropdown")): platform.Method.clickOnElement is PASSED&#xD;
&#xD;
2020-07-08 14:35:25 - [MESSAGE][PASSED] - platform.Method.clickOnElement is PASSED&#xD;
&#xD;
2020-07-08 14:35:25 - [TEST_STEP][PASSED] - platform.Method.clickOnElement(findTestObject("Generic/webObjectWithText", ["textValue":"Enterprise profile"])): platform.Method.clickOnElement is PASSED&#xD;
&#xD;
2020-07-08 14:35:36 - [MESSAGE][PASSED] - platform.Method.clickOnElement is PASSED&#xD;
&#xD;
2020-07-08 14:35:36 - [TEST_STEP][PASSED] - platform.Method.clickOnElement(findTestObject("Generic/webObjectWithText", ["textValue":"Users"])): platform.Method.clickOnElement is PASSED&#xD;
&#xD;
2020-07-08 14:35:39 - [MESSAGE][PASSED] - platform.Method.clickOnElement is PASSED&#xD;
&#xD;
2020-07-08 14:35:39 - [TEST_STEP][PASSED] - verifyTextPresent("Users management", false, STOP_ON_FAILURE): Text 'Users management' is present on page &#xD;
&#xD;
2020-07-08 14:35:49 - [MESSAGE][PASSED] - Text 'Users management' is present on page &#xD;
&#xD;
2020-07-08 14:35:49 - [TEST_STEP][PASSED] - platform.Method.clickOnElement(findTestObject("GenericII/newUserBtn")): platform.Method.clickOnElement is PASSED&#xD;
&#xD;
2020-07-08 14:35:53 - [MESSAGE][PASSED] - platform.Method.clickOnElement is PASSED&#xD;
&#xD;
2020-07-08 14:35:53 - [TEST_STEP][PASSED] - verifyTextPresent("Add a new user to the enterprise", false, STOP_ON_FAILURE): Text 'Add a new user to the enterprise' is present on page &#xD;
&#xD;
2020-07-08 14:36:16 - [MESSAGE][PASSED] - Text 'Add a new user to the enterprise' is present on page &#xD;
&#xD;
2020-07-08 14:36:16 - [TEST_STEP][PASSED] - sendKeys(findTestObject("Input/newUserFirstName"), firstName): Keys 'JIMMY' sent to object: 'Object Repository/Input/newUserFirstName'&#xD;
&#xD;
2020-07-08 14:36:26 - [MESSAGE][PASSED] - Keys 'JIMMY' sent to object: 'Object Repository/Input/newUserFirstName'&#xD;
&#xD;
2020-07-08 14:36:26 - [TEST_STEP][PASSED] - sendKeys(findTestObject("Input/newUserLastName"), lastName): Keys 'HONDRIX' sent to object: 'Object Repository/Input/newUserLastName'&#xD;
&#xD;
2020-07-08 14:36:31 - [MESSAGE][PASSED] - Keys 'HONDRIX' sent to object: 'Object Repository/Input/newUserLastName'&#xD;
&#xD;
2020-07-08 14:36:31 - [TEST_STEP][PASSED] - platform.Method.clickOnElement(findTestObject("Generic/webObjectWithText", ["textValue":"Select role"])): platform.Method.clickOnElement is PASSED&#xD;
&#xD;
2020-07-08 14:36:34 - [MESSAGE][PASSED] - platform.Method.clickOnElement is PASSED&#xD;
&#xD;
2020-07-08 14:36:34 - [TEST_STEP][PASSED] - platform.Method.clickOnElement(findTestObject("Generic/webObjectWithText", ["textValue":" " + USER_ROLE + " "])): platform.Method.clickOnElement is PASSED&#xD;
&#xD;
2020-07-08 14:36:36 - [MESSAGE][PASSED] - platform.Method.clickOnElement is PASSED&#xD;
&#xD;
2020-07-08 14:36:36 - [TEST_STEP][PASSED] - sendKeys(findTestObject("Input/newUserEmail"), emailAddress): Keys 'jimihondrix5@gmail.com' sent to object: 'Object Repository/Input/newUserEmail'&#xD;
&#xD;
2020-07-08 14:36:45 - [MESSAGE][PASSED] - Keys 'jimihondrix5@gmail.com' sent to object: 'Object Repository/Input/newUserEmail'&#xD;
&#xD;
2020-07-08 14:36:45 - [TEST_STEP][PASSED] - verifyTextPresent("Add Bots", false, OPTIONAL): Text 'Add Bots' is present on page &#xD;
&#xD;
2020-07-08 14:37:05 - [MESSAGE][PASSED] - Text 'Add Bots' is present on page &#xD;
&#xD;
2020-07-08 14:37:05 - [TEST_STEP][PASSED] - platform.Method.clickOnElement(findTestObject("Button/addNewUser")): platform.Method.clickOnElement is PASSED&#xD;
&#xD;
2020-07-08 14:37:11 - [MESSAGE][PASSED] - platform.Method.clickOnElement is PASSED</system-out>
            <system-err></system-err>
        </testcase>
        <testcase name="Test Cases/Generic/adminUserDeletion_Test" classname="Test Cases/Generic/adminUserDeletion_Test" status="PASSED">
            <system-out>2020-07-08 14:37:11 - [TEST_CASE][PASSED] - Test Cases/Generic/adminUserDeletion_Test: Test Cases/Generic/adminUserDeletion_Test&#xD;
&#xD;
2020-07-08 14:37:12 - [TEST_STEP][PASSED] - Start listener action : setUp: Current window maximized&#xD;
&#xD;
2020-07-08 14:37:12 - [TEST_STEP][PASSED] - openBrowser(URL): Browser is opened with url: 'preprod.imibot.ai'&#xD;
&#xD;
2020-07-08 14:37:12 - [MESSAGE][WARNING] - A browser is already opened. Closing browser and opening a new one&#xD;
&#xD;
2020-07-08 14:38:20 - [MESSAGE][INFO] - Starting 'Edge' driver&#xD;
&#xD;
2020-07-08 14:38:45 - [MESSAGE][PASSED] - Browser is opened with url: 'preprod.imibot.ai'&#xD;
&#xD;
2020-07-08 14:38:45 - [TEST_STEP][PASSED] - maximizeWindow(): Current window maximized&#xD;
&#xD;
2020-07-08 14:38:48 - [MESSAGE][PASSED] - Current window maximized&#xD;
&#xD;
2020-07-08 14:38:49 - [TEST_STEP][PASSED] - callTestCase(findTestCase("Generic/successfulLogin_Test"), [:], STOP_ON_FAILURE): Call Test Case 'Test Cases/Generic/successfulLogin_Test' successfully&#xD;
&#xD;
2020-07-08 14:38:49 - [TEST_CASE][PASSED] - Test Cases/Generic/successfulLogin_Test: Test Cases/Generic/successfulLogin_Test&#xD;
&#xD;
2020-07-08 14:38:50 - [TEST_STEP][PASSED] - sendKeys(findTestObject("Input/username"), username): Keys 'narendra.n@imimobile.com' sent to object: 'Object Repository/Input/username'&#xD;
&#xD;
2020-07-08 14:38:57 - [MESSAGE][PASSED] - Keys 'narendra.n@imimobile.com' sent to object: 'Object Repository/Input/username'&#xD;
&#xD;
2020-07-08 14:38:57 - [TEST_STEP][PASSED] - sendKeys(findTestObject("Input/password"), password): Keys 'Test@2020' sent to object: 'Object Repository/Input/password'&#xD;
&#xD;
2020-07-08 14:39:00 - [MESSAGE][PASSED] - Keys 'Test@2020' sent to object: 'Object Repository/Input/password'&#xD;
&#xD;
2020-07-08 14:39:00 - [TEST_STEP][PASSED] - click(findTestObject("Button/signIn")): Object: 'Object Repository/Button/signIn' is clicked on&#xD;
&#xD;
2020-07-08 14:39:04 - [MESSAGE][PASSED] - Object: 'Object Repository/Button/signIn' is clicked on&#xD;
&#xD;
2020-07-08 14:39:04 - [TEST_STEP][PASSED] - if (!(waitForElementPresent(findTestObject("Button/createBot"), 30, OPTIONAL))): Object 'Object Repository/Button/createBot' is present&#xD;
&#xD;
2020-07-08 14:39:34 - [MESSAGE][PASSED] - Object 'Object Repository/Button/createBot' is present&#xD;
&#xD;
2020-07-08 14:39:34 - [MESSAGE][PASSED] - Call Test Case 'Test Cases/Generic/successfulLogin_Test' successfully&#xD;
&#xD;
2020-07-08 14:39:34 - [TEST_STEP][PASSED] - platform.Method.clickOnElement(findTestObject("Button/enterpriseDropdown")): platform.Method.clickOnElement is PASSED&#xD;
&#xD;
2020-07-08 14:39:37 - [MESSAGE][PASSED] - platform.Method.clickOnElement is PASSED&#xD;
&#xD;
2020-07-08 14:39:37 - [TEST_STEP][PASSED] - platform.Method.clickOnElement(findTestObject("Generic/webObjectWithText", ["textValue":"Enterprise profile"])): platform.Method.clickOnElement is PASSED&#xD;
&#xD;
2020-07-08 14:39:49 - [MESSAGE][PASSED] - platform.Method.clickOnElement is PASSED&#xD;
&#xD;
2020-07-08 14:39:49 - [TEST_STEP][PASSED] - platform.Method.clickOnElement(findTestObject("Generic/webObjectWithText", ["textValue":"Users"])): platform.Method.clickOnElement is PASSED&#xD;
&#xD;
2020-07-08 14:39:53 - [MESSAGE][PASSED] - platform.Method.clickOnElement is PASSED&#xD;
&#xD;
2020-07-08 14:39:53 - [TEST_STEP][PASSED] - flag = false: null&#xD;
&#xD;
2020-07-08 14:39:53 - [TEST_STEP][PASSED] - index = &lt;not implemented yet for class: org.codehaus.groovy.ast.expr.EmptyExpression&gt;: null&#xD;
&#xD;
2020-07-08 14:39:53 - [TEST_STEP][PASSED] - while (flag != true): platform.Method.clickOnElement is PASSED&#xD;
&#xD;
2020-07-08 14:39:53 - [TEST_STEP][PASSED] - listElement = findWebElements(findTestObject("GenericII/listOfUserName"), 10): null&#xD;
&#xD;
2020-07-08 14:39:59 - [TEST_STEP][PASSED] - for ([index = 0, index &lt; listElement.size(), (index++)]): null&#xD;
&#xD;
2020-07-08 14:39:59 - [TEST_STEP][PASSED] - if (getText().contentEquals(username)): null&#xD;
&#xD;
2020-07-08 14:40:00 - [TEST_STEP][PASSED] - if (getText().contentEquals(username)): null&#xD;
&#xD;
2020-07-08 14:40:01 - [TEST_STEP][PASSED] - if (getText().contentEquals(username)): null&#xD;
&#xD;
2020-07-08 14:40:03 - [TEST_STEP][PASSED] - if (getText().contentEquals(username)): null&#xD;
&#xD;
2020-07-08 14:40:04 - [TEST_STEP][PASSED] - if (getText().contentEquals(username)): null&#xD;
&#xD;
2020-07-08 14:40:05 - [TEST_STEP][PASSED] - if (getText().contentEquals(username)): null&#xD;
&#xD;
2020-07-08 14:40:07 - [TEST_STEP][PASSED] - if (getText().contentEquals(username)): null&#xD;
&#xD;
2020-07-08 14:40:08 - [TEST_STEP][PASSED] - if (getText().contentEquals(username)): null&#xD;
&#xD;
2020-07-08 14:40:09 - [TEST_STEP][PASSED] - if (getText().contentEquals(username)): null&#xD;
&#xD;
2020-07-08 14:40:11 - [TEST_STEP][PASSED] - if (getText().contentEquals(username)): null&#xD;
&#xD;
2020-07-08 14:40:12 - [TEST_STEP][PASSED] - waitForElementPresent(findTestObject("Generic/nextPage"), 15): Object 'Object Repository/Generic/nextPage' is present&#xD;
&#xD;
2020-07-08 14:40:13 - [MESSAGE][PASSED] - Object 'Object Repository/Generic/nextPage' is present&#xD;
&#xD;
2020-07-08 14:40:13 - [TEST_STEP][PASSED] - platform.Method.clickOnElement(findTestObject("Generic/nextPage")): platform.Method.clickOnElement is PASSED&#xD;
&#xD;
2020-07-08 14:40:17 - [MESSAGE][PASSED] - platform.Method.clickOnElement is PASSED&#xD;
&#xD;
2020-07-08 14:40:17 - [TEST_STEP][PASSED] - listElement = findWebElements(findTestObject("GenericII/listOfUserName"), 10): null&#xD;
&#xD;
2020-07-08 14:40:19 - [TEST_STEP][PASSED] - for ([index = 0, index &lt; listElement.size(), (index++)]): null&#xD;
&#xD;
2020-07-08 14:40:19 - [TEST_STEP][PASSED] - if (getText().contentEquals(username)): null&#xD;
&#xD;
2020-07-08 14:40:21 - [TEST_STEP][PASSED] - if (getText().contentEquals(username)): null&#xD;
&#xD;
2020-07-08 14:40:22 - [TEST_STEP][PASSED] - if (getText().contentEquals(username)): null&#xD;
&#xD;
2020-07-08 14:40:24 - [TEST_STEP][PASSED] - if (getText().contentEquals(username)): null&#xD;
&#xD;
2020-07-08 14:40:25 - [TEST_STEP][PASSED] - if (getText().contentEquals(username)): null&#xD;
&#xD;
2020-07-08 14:40:26 - [TEST_STEP][PASSED] - if (getText().contentEquals(username)): null&#xD;
&#xD;
2020-07-08 14:40:28 - [TEST_STEP][PASSED] - if (getText().contentEquals(username)): null&#xD;
&#xD;
2020-07-08 14:40:29 - [TEST_STEP][PASSED] - if (getText().contentEquals(username)): null&#xD;
&#xD;
2020-07-08 14:40:30 - [TEST_STEP][PASSED] - if (getText().contentEquals(username)): null&#xD;
&#xD;
2020-07-08 14:40:32 - [TEST_STEP][PASSED] - if (getText().contentEquals(username)): null&#xD;
&#xD;
2020-07-08 14:40:33 - [TEST_STEP][PASSED] - waitForElementPresent(findTestObject("Generic/nextPage"), 15): Object 'Object Repository/Generic/nextPage' is present&#xD;
&#xD;
2020-07-08 14:40:35 - [MESSAGE][PASSED] - Object 'Object Repository/Generic/nextPage' is present&#xD;
&#xD;
2020-07-08 14:40:35 - [TEST_STEP][PASSED] - platform.Method.clickOnElement(findTestObject("Generic/nextPage")): platform.Method.clickOnElement is PASSED&#xD;
&#xD;
2020-07-08 14:40:40 - [MESSAGE][PASSED] - platform.Method.clickOnElement is PASSED&#xD;
&#xD;
2020-07-08 14:40:40 - [TEST_STEP][PASSED] - listElement = findWebElements(findTestObject("GenericII/listOfUserName"), 10): null&#xD;
&#xD;
2020-07-08 14:40:41 - [TEST_STEP][PASSED] - for ([index = 0, index &lt; listElement.size(), (index++)]): null&#xD;
&#xD;
2020-07-08 14:40:41 - [TEST_STEP][PASSED] - if (getText().contentEquals(username)): null&#xD;
&#xD;
2020-07-08 14:40:43 - [TEST_STEP][PASSED] - if (getText().contentEquals(username)): null&#xD;
&#xD;
2020-07-08 14:40:44 - [TEST_STEP][PASSED] - if (getText().contentEquals(username)): null&#xD;
&#xD;
2020-07-08 14:40:45 - [TEST_STEP][PASSED] - if (getText().contentEquals(username)): null&#xD;
&#xD;
2020-07-08 14:40:46 - [TEST_STEP][PASSED] - if (getText().contentEquals(username)): null&#xD;
&#xD;
2020-07-08 14:40:47 - [TEST_STEP][PASSED] - if (getText().contentEquals(username)): null&#xD;
&#xD;
2020-07-08 14:40:48 - [TEST_STEP][PASSED] - if (getText().contentEquals(username)): null&#xD;
&#xD;
2020-07-08 14:40:50 - [TEST_STEP][PASSED] - if (getText().contentEquals(username)): null&#xD;
&#xD;
2020-07-08 14:40:51 - [TEST_STEP][PASSED] - if (getText().contentEquals(username)): null&#xD;
&#xD;
2020-07-08 14:40:52 - [TEST_STEP][PASSED] - if (getText().contentEquals(username)): null&#xD;
&#xD;
2020-07-08 14:40:54 - [TEST_STEP][PASSED] - waitForElementPresent(findTestObject("Generic/nextPage"), 15): Object 'Object Repository/Generic/nextPage' is present&#xD;
&#xD;
2020-07-08 14:40:57 - [MESSAGE][PASSED] - Object 'Object Repository/Generic/nextPage' is present&#xD;
&#xD;
2020-07-08 14:40:57 - [TEST_STEP][PASSED] - platform.Method.clickOnElement(findTestObject("Generic/nextPage")): platform.Method.clickOnElement is PASSED&#xD;
&#xD;
2020-07-08 14:41:01 - [MESSAGE][PASSED] - platform.Method.clickOnElement is PASSED&#xD;
&#xD;
2020-07-08 14:41:01 - [TEST_STEP][PASSED] - listElement = findWebElements(findTestObject("GenericII/listOfUserName"), 10): null&#xD;
&#xD;
2020-07-08 14:41:03 - [TEST_STEP][PASSED] - for ([index = 0, index &lt; listElement.size(), (index++)]): null&#xD;
&#xD;
2020-07-08 14:41:03 - [TEST_STEP][PASSED] - if (getText().contentEquals(username)): null&#xD;
&#xD;
2020-07-08 14:41:04 - [TEST_STEP][PASSED] - if (getText().contentEquals(username)): null&#xD;
&#xD;
2020-07-08 14:41:06 - [TEST_STEP][PASSED] - if (getText().contentEquals(username)): null&#xD;
&#xD;
2020-07-08 14:41:07 - [TEST_STEP][PASSED] - if (getText().contentEquals(username)): null&#xD;
&#xD;
2020-07-08 14:41:08 - [TEST_STEP][PASSED] - if (getText().contentEquals(username)): null&#xD;
&#xD;
2020-07-08 14:41:09 - [TEST_STEP][PASSED] - if (getText().contentEquals(username)): null&#xD;
&#xD;
2020-07-08 14:41:11 - [TEST_STEP][PASSED] - if (getText().contentEquals(username)): null&#xD;
&#xD;
2020-07-08 14:41:12 - [TEST_STEP][PASSED] - if (getText().contentEquals(username)): null&#xD;
&#xD;
2020-07-08 14:41:13 - [TEST_STEP][PASSED] - if (getText().contentEquals(username)): null&#xD;
&#xD;
2020-07-08 14:41:15 - [TEST_STEP][PASSED] - if (getText().contentEquals(username)): null&#xD;
&#xD;
2020-07-08 14:41:16 - [TEST_STEP][PASSED] - waitForElementPresent(findTestObject("Generic/nextPage"), 15): Object 'Object Repository/Generic/nextPage' is present&#xD;
&#xD;
2020-07-08 14:41:18 - [MESSAGE][PASSED] - Object 'Object Repository/Generic/nextPage' is present&#xD;
&#xD;
2020-07-08 14:41:18 - [TEST_STEP][PASSED] - platform.Method.clickOnElement(findTestObject("Generic/nextPage")): platform.Method.clickOnElement is PASSED&#xD;
&#xD;
2020-07-08 14:41:22 - [MESSAGE][PASSED] - platform.Method.clickOnElement is PASSED&#xD;
&#xD;
2020-07-08 14:41:22 - [TEST_STEP][PASSED] - listElement = findWebElements(findTestObject("GenericII/listOfUserName"), 10): null&#xD;
&#xD;
2020-07-08 14:41:24 - [TEST_STEP][PASSED] - for ([index = 0, index &lt; listElement.size(), (index++)]): null&#xD;
&#xD;
2020-07-08 14:41:24 - [TEST_STEP][PASSED] - if (getText().contentEquals(username)): null&#xD;
&#xD;
2020-07-08 14:41:25 - [TEST_STEP][PASSED] - if (getText().contentEquals(username)): null&#xD;
&#xD;
2020-07-08 14:41:26 - [TEST_STEP][PASSED] - if (getText().contentEquals(username)): null&#xD;
&#xD;
2020-07-08 14:41:27 - [TEST_STEP][PASSED] - if (getText().contentEquals(username)): null&#xD;
&#xD;
2020-07-08 14:41:29 - [TEST_STEP][PASSED] - if (getText().contentEquals(username)): null&#xD;
&#xD;
2020-07-08 14:41:31 - [TEST_STEP][PASSED] - flag = true: null&#xD;
&#xD;
2020-07-08 14:41:31 - [TEST_STEP][PASSED] - (index++): null&#xD;
&#xD;
2020-07-08 14:41:31 - [TEST_STEP][PASSED] - break: null&#xD;
&#xD;
2020-07-08 14:41:31 - [TEST_STEP][PASSED] - waitForElementPresent(findTestObject("Generic/nextPage"), 15): Object 'Object Repository/Generic/nextPage' is present&#xD;
&#xD;
2020-07-08 14:41:33 - [MESSAGE][PASSED] - Object 'Object Repository/Generic/nextPage' is present&#xD;
&#xD;
2020-07-08 14:41:33 - [TEST_STEP][PASSED] - platform.Method.clickOnElement(findTestObject("Generic/nextPage")): platform.Method.clickOnElement is PASSED&#xD;
&#xD;
2020-07-08 14:41:35 - [MESSAGE][PASSED] - platform.Method.clickOnElement is PASSED&#xD;
&#xD;
2020-07-08 14:41:35 - [TEST_STEP][PASSED] - verifyElementPresent(findTestObject("GenericII/unverifiedUserIcon", ["email":email]), 5, STOP_ON_FAILURE): Object 'Object Repository/GenericII/unverifiedUserIcon' is present&#xD;
&#xD;
2020-07-08 14:41:37 - [MESSAGE][PASSED] - Object 'Object Repository/GenericII/unverifiedUserIcon' is present&#xD;
&#xD;
2020-07-08 14:41:37 - [TEST_STEP][PASSED] - listOfUsers = findWebElements(findTestObject("GenericII/listOfUserName"), 5): null&#xD;
&#xD;
2020-07-08 14:41:38 - [TEST_STEP][PASSED] - sizeOfOriginalList = listOfUsers.size(): null&#xD;
&#xD;
2020-07-08 14:41:38 - [TEST_STEP][PASSED] - platform.Method.clickOnElement(findTestObject("GenericII/deleteUserBtn", ["index":index])): platform.Method.clickOnElement is PASSED&#xD;
&#xD;
2020-07-08 14:41:41 - [MESSAGE][PASSED] - platform.Method.clickOnElement is PASSED&#xD;
&#xD;
2020-07-08 14:41:41 - [TEST_STEP][PASSED] - platform.Method.clickOnElement(findTestObject("Button/remove")): platform.Method.clickOnElement is PASSED&#xD;
&#xD;
2020-07-08 14:41:44 - [MESSAGE][PASSED] - platform.Method.clickOnElement is PASSED&#xD;
&#xD;
2020-07-08 14:41:44 - [TEST_STEP][PASSED] - waitForElementPresent(findTestObject("ICONS/toastMsg"), 20, OPTIONAL): Object 'Object Repository/ICONS/toastMsg' is present&#xD;
&#xD;
2020-07-08 14:41:47 - [MESSAGE][PASSED] - Object 'Object Repository/ICONS/toastMsg' is present&#xD;
&#xD;
2020-07-08 14:41:47 - [TEST_STEP][PASSED] - newListOfUsers = findWebElements(findTestObject("GenericII/listOfUserName"), 5): null&#xD;
&#xD;
2020-07-08 14:41:48 - [TEST_STEP][PASSED] - assert newListOfUsers.size() &lt; sizeOfOriginalList: null</system-out>
            <system-err></system-err>
        </testcase>
        <testcase name="Test Cases/Generic/adminRoleManagement_Test" classname="Test Cases/Generic/adminRoleManagement_Test" status="PASSED">
            <system-out>2020-07-08 14:41:48 - [TEST_CASE][PASSED] - Test Cases/Generic/adminRoleManagement_Test: Test Cases/Generic/adminRoleManagement_Test&#xD;
&#xD;
2020-07-08 14:41:49 - [TEST_STEP][PASSED] - Start listener action : setUp: Current window maximized&#xD;
&#xD;
2020-07-08 14:41:49 - [TEST_STEP][PASSED] - openBrowser(URL): Browser is opened with url: 'preprod.imibot.ai'&#xD;
&#xD;
2020-07-08 14:41:49 - [MESSAGE][WARNING] - A browser is already opened. Closing browser and opening a new one&#xD;
&#xD;
2020-07-08 14:41:53 - [MESSAGE][INFO] - Starting 'Edge' driver&#xD;
&#xD;
2020-07-08 14:42:22 - [MESSAGE][PASSED] - Browser is opened with url: 'preprod.imibot.ai'&#xD;
&#xD;
2020-07-08 14:42:22 - [TEST_STEP][PASSED] - maximizeWindow(): Current window maximized&#xD;
&#xD;
2020-07-08 14:42:25 - [MESSAGE][PASSED] - Current window maximized&#xD;
&#xD;
2020-07-08 14:42:26 - [TEST_STEP][PASSED] - callTestCase(findTestCase("Generic/successfulLogin_Test"), [:], STOP_ON_FAILURE): Call Test Case 'Test Cases/Generic/successfulLogin_Test' successfully&#xD;
&#xD;
2020-07-08 14:42:26 - [TEST_CASE][PASSED] - Test Cases/Generic/successfulLogin_Test: Test Cases/Generic/successfulLogin_Test&#xD;
&#xD;
2020-07-08 14:42:26 - [TEST_STEP][PASSED] - sendKeys(findTestObject("Input/username"), username): Keys 'narendra.n@imimobile.com' sent to object: 'Object Repository/Input/username'&#xD;
&#xD;
2020-07-08 14:42:30 - [MESSAGE][PASSED] - Keys 'narendra.n@imimobile.com' sent to object: 'Object Repository/Input/username'&#xD;
&#xD;
2020-07-08 14:42:30 - [TEST_STEP][PASSED] - sendKeys(findTestObject("Input/password"), password): Keys 'Test@2020' sent to object: 'Object Repository/Input/password'&#xD;
&#xD;
2020-07-08 14:42:34 - [MESSAGE][PASSED] - Keys 'Test@2020' sent to object: 'Object Repository/Input/password'&#xD;
&#xD;
2020-07-08 14:42:34 - [TEST_STEP][PASSED] - click(findTestObject("Button/signIn")): Object: 'Object Repository/Button/signIn' is clicked on&#xD;
&#xD;
2020-07-08 14:42:37 - [MESSAGE][PASSED] - Object: 'Object Repository/Button/signIn' is clicked on&#xD;
&#xD;
2020-07-08 14:42:37 - [TEST_STEP][PASSED] - if (!(waitForElementPresent(findTestObject("Button/createBot"), 30, OPTIONAL))): Object 'Object Repository/Button/createBot' is present&#xD;
&#xD;
2020-07-08 14:43:07 - [MESSAGE][PASSED] - Object 'Object Repository/Button/createBot' is present&#xD;
&#xD;
2020-07-08 14:43:07 - [MESSAGE][PASSED] - Call Test Case 'Test Cases/Generic/successfulLogin_Test' successfully&#xD;
&#xD;
2020-07-08 14:43:07 - [TEST_STEP][PASSED] - platform.Method.clickOnElement(findTestObject("Button/enterpriseDropdown")): platform.Method.clickOnElement is PASSED&#xD;
&#xD;
2020-07-08 14:43:10 - [MESSAGE][PASSED] - platform.Method.clickOnElement is PASSED&#xD;
&#xD;
2020-07-08 14:43:10 - [TEST_STEP][PASSED] - platform.Method.clickOnElement(findTestObject("Generic/webObjectWithText", ["textValue":"Enterprise profile"])): platform.Method.clickOnElement is PASSED&#xD;
&#xD;
2020-07-08 14:43:21 - [MESSAGE][PASSED] - platform.Method.clickOnElement is PASSED&#xD;
&#xD;
2020-07-08 14:43:21 - [TEST_STEP][PASSED] - platform.Method.clickOnElement(findTestObject("Generic/webObjectWithText", ["textValue":"Roles"])): platform.Method.clickOnElement is PASSED&#xD;
&#xD;
2020-07-08 14:43:27 - [MESSAGE][PASSED] - platform.Method.clickOnElement is PASSED&#xD;
&#xD;
2020-07-08 14:43:27 - [TEST_STEP][PASSED] - verifyElementClickable(findTestObject("Button/newRole"), STOP_ON_FAILURE): Object 'Object Repository/Button/newRole' is clickable&#xD;
&#xD;
2020-07-08 14:43:30 - [MESSAGE][PASSED] - Object 'Object Repository/Button/newRole' is clickable&#xD;
&#xD;
2020-07-08 14:43:30 - [TEST_STEP][PASSED] - platform.Method.clickOnElement(findTestObject("Button/newRole")): platform.Method.clickOnElement is PASSED&#xD;
&#xD;
2020-07-08 14:43:33 - [MESSAGE][PASSED] - platform.Method.clickOnElement is PASSED&#xD;
&#xD;
2020-07-08 14:43:33 - [TEST_STEP][PASSED] - sendKeys(findTestObject("Input/newRoleName"), ROLE_NAME): Keys 'Custom Role' sent to object: 'Object Repository/Input/newRoleName'&#xD;
&#xD;
2020-07-08 14:43:38 - [MESSAGE][PASSED] - Keys 'Custom Role' sent to object: 'Object Repository/Input/newRoleName'&#xD;
&#xD;
2020-07-08 14:43:38 - [TEST_STEP][PASSED] - platform.Method.clickOnElement(findTestObject("Generic/webObjectWithText", ["textValue":"Base role"])): platform.Method.clickOnElement is PASSED&#xD;
&#xD;
2020-07-08 14:43:44 - [MESSAGE][PASSED] - platform.Method.clickOnElement is PASSED&#xD;
&#xD;
2020-07-08 14:43:44 - [TEST_STEP][PASSED] - platform.Method.clickOnElement(findTestObject("Generic/webObjectWithText", ["textValue":typeOfUser])): platform.Method.clickOnElement is PASSED&#xD;
&#xD;
2020-07-08 14:43:49 - [MESSAGE][PASSED] - platform.Method.clickOnElement is PASSED&#xD;
&#xD;
2020-07-08 14:43:49 - [TEST_STEP][PASSED] - platform.Method.clickOnElement(findTestObject("Generic/webObjectWithText", ["textValue":permissionToUser])): platform.Method.clickOnElement is PASSED&#xD;
&#xD;
2020-07-08 14:43:53 - [MESSAGE][PASSED] - platform.Method.clickOnElement is PASSED&#xD;
&#xD;
2020-07-08 14:43:53 - [TEST_STEP][PASSED] - listOfPermissions = findWebElements(findTestObject("GenericII/listOfPermissions"), 5): null&#xD;
&#xD;
2020-07-08 14:43:55 - [TEST_STEP][PASSED] - index = &lt;not implemented yet for class: org.codehaus.groovy.ast.expr.EmptyExpression&gt;: null&#xD;
&#xD;
2020-07-08 14:43:55 - [TEST_STEP][PASSED] - for ([index = 0, index &lt; listOfPermissions.size(), (index++)]): null&#xD;
&#xD;
2020-07-08 14:43:55 - [TEST_STEP][PASSED] - getText().contains(nameOfThePermission): null&#xD;
&#xD;
2020-07-08 14:43:57 - [TEST_STEP][PASSED] - (index++): null&#xD;
&#xD;
2020-07-08 14:43:57 - [TEST_STEP][PASSED] - break: null&#xD;
&#xD;
2020-07-08 14:43:57 - [TEST_STEP][PASSED] - platform.Method.clickOnElement(findTestObject("GenericII/addPermissionBtn", ["index":index])): platform.Method.clickOnElement is PASSED&#xD;
&#xD;
2020-07-08 14:44:00 - [MESSAGE][PASSED] - platform.Method.clickOnElement is PASSED&#xD;
&#xD;
2020-07-08 14:44:00 - [TEST_STEP][PASSED] - verifyElementClickable(findTestObject("Button/createRole"), STOP_ON_FAILURE): Object 'Object Repository/Button/createRole' is clickable&#xD;
&#xD;
2020-07-08 14:44:04 - [MESSAGE][PASSED] - Object 'Object Repository/Button/createRole' is clickable&#xD;
&#xD;
2020-07-08 14:44:04 - [TEST_STEP][PASSED] - platform.Method.clickOnElement(findTestObject("Button/createRole")): platform.Method.clickOnElement is PASSED&#xD;
&#xD;
2020-07-08 14:44:08 - [MESSAGE][PASSED] - platform.Method.clickOnElement is PASSED&#xD;
&#xD;
2020-07-08 14:44:08 - [TEST_STEP][PASSED] - waitForElementPresent(findTestObject("Generic/webObjectWithText", ["textValue":ROLE_NAME]), 20, OPTIONAL): Object 'Object Repository/Generic/webObjectWithText' is present&#xD;
&#xD;
2020-07-08 14:44:13 - [MESSAGE][PASSED] - Object 'Object Repository/Generic/webObjectWithText' is present&#xD;
&#xD;
2020-07-08 14:44:13 - [TEST_STEP][PASSED] - verifyTextPresent(ROLE_NAME, false): Text 'Custom Role' is present on page &#xD;
&#xD;
2020-07-08 14:44:18 - [MESSAGE][PASSED] - Text 'Custom Role' is present on page</system-out>
            <system-err></system-err>
        </testcase>
        <testcase name="Test Cases/Generic/adminRoleDeletion_Test" classname="Test Cases/Generic/adminRoleDeletion_Test" status="PASSED">
            <system-out>2020-07-08 14:44:18 - [TEST_CASE][PASSED] - Test Cases/Generic/adminRoleDeletion_Test: Test Cases/Generic/adminRoleDeletion_Test&#xD;
&#xD;
2020-07-08 14:44:18 - [TEST_STEP][PASSED] - Start listener action : setUp: Current window maximized&#xD;
&#xD;
2020-07-08 14:44:18 - [TEST_STEP][PASSED] - openBrowser(URL): Browser is opened with url: 'preprod.imibot.ai'&#xD;
&#xD;
2020-07-08 14:44:18 - [MESSAGE][WARNING] - A browser is already opened. Closing browser and opening a new one&#xD;
&#xD;
2020-07-08 14:44:57 - [MESSAGE][INFO] - Starting 'Edge' driver&#xD;
&#xD;
2020-07-08 14:45:20 - [MESSAGE][PASSED] - Browser is opened with url: 'preprod.imibot.ai'&#xD;
&#xD;
2020-07-08 14:45:20 - [TEST_STEP][PASSED] - maximizeWindow(): Current window maximized&#xD;
&#xD;
2020-07-08 14:45:24 - [MESSAGE][PASSED] - Current window maximized&#xD;
&#xD;
2020-07-08 14:45:26 - [TEST_STEP][PASSED] - callTestCase(findTestCase("Generic/successfulLogin_Test"), [:], STOP_ON_FAILURE): Call Test Case 'Test Cases/Generic/successfulLogin_Test' successfully&#xD;
&#xD;
2020-07-08 14:45:26 - [TEST_CASE][PASSED] - Test Cases/Generic/successfulLogin_Test: Test Cases/Generic/successfulLogin_Test&#xD;
&#xD;
2020-07-08 14:45:27 - [TEST_STEP][PASSED] - sendKeys(findTestObject("Input/username"), username): Keys 'narendra.n@imimobile.com' sent to object: 'Object Repository/Input/username'&#xD;
&#xD;
2020-07-08 14:45:33 - [MESSAGE][PASSED] - Keys 'narendra.n@imimobile.com' sent to object: 'Object Repository/Input/username'&#xD;
&#xD;
2020-07-08 14:45:33 - [TEST_STEP][PASSED] - sendKeys(findTestObject("Input/password"), password): Keys 'Test@2020' sent to object: 'Object Repository/Input/password'&#xD;
&#xD;
2020-07-08 14:45:36 - [MESSAGE][PASSED] - Keys 'Test@2020' sent to object: 'Object Repository/Input/password'&#xD;
&#xD;
2020-07-08 14:45:36 - [TEST_STEP][PASSED] - click(findTestObject("Button/signIn")): Object: 'Object Repository/Button/signIn' is clicked on&#xD;
&#xD;
2020-07-08 14:45:39 - [MESSAGE][PASSED] - Object: 'Object Repository/Button/signIn' is clicked on&#xD;
&#xD;
2020-07-08 14:45:39 - [TEST_STEP][PASSED] - if (!(waitForElementPresent(findTestObject("Button/createBot"), 30, OPTIONAL))): Object 'Object Repository/Button/createBot' is present&#xD;
&#xD;
2020-07-08 14:46:17 - [MESSAGE][PASSED] - Object 'Object Repository/Button/createBot' is present&#xD;
&#xD;
2020-07-08 14:46:17 - [MESSAGE][PASSED] - Call Test Case 'Test Cases/Generic/successfulLogin_Test' successfully&#xD;
&#xD;
2020-07-08 14:46:17 - [TEST_STEP][PASSED] - platform.Method.clickOnElement(findTestObject("Button/enterpriseDropdown")): platform.Method.clickOnElement is PASSED&#xD;
&#xD;
2020-07-08 14:46:20 - [MESSAGE][PASSED] - platform.Method.clickOnElement is PASSED&#xD;
&#xD;
2020-07-08 14:46:20 - [TEST_STEP][PASSED] - platform.Method.clickOnElement(findTestObject("Generic/webObjectWithText", ["textValue":"Enterprise profile"])): platform.Method.clickOnElement is PASSED&#xD;
&#xD;
2020-07-08 14:46:32 - [MESSAGE][PASSED] - platform.Method.clickOnElement is PASSED&#xD;
&#xD;
2020-07-08 14:46:32 - [TEST_STEP][PASSED] - platform.Method.clickOnElement(findTestObject("Generic/webObjectWithText", ["textValue":"Roles"])): platform.Method.clickOnElement is PASSED&#xD;
&#xD;
2020-07-08 14:46:37 - [MESSAGE][PASSED] - platform.Method.clickOnElement is PASSED&#xD;
&#xD;
2020-07-08 14:46:37 - [TEST_STEP][PASSED] - role = findWebElements(findTestObject("GenericII/listOfAllRoleName"), 5): null&#xD;
&#xD;
2020-07-08 14:46:39 - [TEST_STEP][PASSED] - count = &lt;not implemented yet for class: org.codehaus.groovy.ast.expr.EmptyExpression&gt;: null&#xD;
&#xD;
2020-07-08 14:46:39 - [TEST_STEP][PASSED] - for ([count = 0, count &lt; role.size(), (count++)]): null&#xD;
&#xD;
2020-07-08 14:46:39 - [TEST_STEP][PASSED] - if (getText().contentEquals(ROLE_NAME)): null&#xD;
&#xD;
2020-07-08 14:46:40 - [TEST_STEP][PASSED] - if (getText().contentEquals(ROLE_NAME)): null&#xD;
&#xD;
2020-07-08 14:46:42 - [TEST_STEP][PASSED] - if (getText().contentEquals(ROLE_NAME)): null&#xD;
&#xD;
2020-07-08 14:46:43 - [TEST_STEP][PASSED] - if (getText().contentEquals(ROLE_NAME)): null&#xD;
&#xD;
2020-07-08 14:46:44 - [TEST_STEP][PASSED] - if (getText().contentEquals(ROLE_NAME)): null&#xD;
&#xD;
2020-07-08 14:46:45 - [TEST_STEP][PASSED] - if (getText().contentEquals(ROLE_NAME)): null&#xD;
&#xD;
2020-07-08 14:46:46 - [TEST_STEP][PASSED] - (count++): null&#xD;
&#xD;
2020-07-08 14:46:46 - [TEST_STEP][PASSED] - markPassed("ROLE FOUND IN THE LIST"): ROLE FOUND IN THE LIST&#xD;
&#xD;
2020-07-08 14:46:46 - [MESSAGE][PASSED] - ROLE FOUND IN THE LIST&#xD;
&#xD;
2020-07-08 14:46:46 - [TEST_STEP][PASSED] - break: null&#xD;
&#xD;
2020-07-08 14:46:46 - [TEST_STEP][PASSED] - platform.Method.clickOnElement(findTestObject("GenericII/modifyRole", ["index":count])): platform.Method.clickOnElement is PASSED&#xD;
&#xD;
2020-07-08 14:46:49 - [MESSAGE][PASSED] - platform.Method.clickOnElement is PASSED&#xD;
&#xD;
2020-07-08 14:46:49 - [TEST_STEP][PASSED] - verifyTextPresent("Edit role", false, STOP_ON_FAILURE): Text 'Edit role' is present on page &#xD;
&#xD;
2020-07-08 14:46:55 - [MESSAGE][PASSED] - Text 'Edit role' is present on page &#xD;
&#xD;
2020-07-08 14:46:55 - [TEST_STEP][PASSED] - platform.Method.clickOnElement(findTestObject("Button/delete")): platform.Method.clickOnElement is PASSED&#xD;
&#xD;
2020-07-08 14:46:58 - [MESSAGE][PASSED] - platform.Method.clickOnElement is PASSED&#xD;
&#xD;
2020-07-08 14:46:58 - [TEST_STEP][PASSED] - platform.Method.clickOnElement(findTestObject("Button/remove")): platform.Method.clickOnElement is PASSED&#xD;
&#xD;
2020-07-08 14:47:01 - [MESSAGE][PASSED] - platform.Method.clickOnElement is PASSED&#xD;
&#xD;
2020-07-08 14:47:01 - [TEST_STEP][PASSED] - verifyTextNotPresent(ROLE_NAME, false, STOP_ON_FAILURE): Text 'Custom Role' is not present on page&#xD;
&#xD;
2020-07-08 14:47:04 - [MESSAGE][PASSED] - Text 'Custom Role' is not present on page</system-out>
            <system-err></system-err>
        </testcase>
        <system-out>2020-07-08 14:19:00 - [TEST_SUITE][INCOMPLETE] - generic: null</system-out>
        <system-err>2020-07-08 14:19:00 - [TEST_SUITE][INCOMPLETE] - generic: null</system-err>
    </testsuite>
</testsuites>
