<?xml version="1.0" encoding="UTF-8" standalone="yes"?>
<testsuites name="TASK_SSO" time="1052" tests="6" failures="1" errors="13">
    <testsuite name="TASK_SSO" tests="6" failures="1" errors="13" time="1052" timestamp="2020-11-02 18:19:08" hostname="narendra.n - WLPT580.imidomain.com" id="Test Suites/TASK_SSO">
        <properties>
            <property name="deviceName" value=""/>
            <property name="devicePlatform" value=""/>
            <property name="logFolder" value="D:\\IMIbot.ai-Project\\Reports\\20201102_181826\\TASK_SSO\\20201102_181829"/>
            <property name="logFiles" value="D:\\IMIbot.ai-Project\\Reports\\20201102_181826\\TASK_SSO\\20201102_181829\\execution0.log"/>
            <property name="attachments" value=""/>
            <property name="hostName" value="narendra.n - WLPT580.imidomain.com"/>
            <property name="os" value="Windows 8.1 64bit"/>
            <property name="katalonVersion" value="6.3.3.11"/>
            <property name="browser" value="Chrome 86.0.4240.111"/>
            <property name="hostAddress" value="192.168.29.195"/>
            <property name="sessionId" value="a3e2121a7bfda100ad89b70f39410146"/>
            <property name="seleniumVersion" value="3.141.59"/>
            <property name="proxyInformation" value="ProxyInformation{proxyOption=NO_PROXY, proxyServerType=HTTP, password=, proxyServerAddress=, proxyServerPort=0}"/>
            <property name="platform" value="Windows 8.1"/>
        </properties>
        <testcase name="Test Cases/TASK_SSO/botCreation_Test" classname="Test Cases/TASK_SSO/botCreation_Test" status="PASSED">
            <system-out>2020-11-02 18:22:02 - [TEST_CASE][PASSED] - Test Cases/TASK_SSO/botCreation_Test: Test Cases/TASK_SSO/botCreation_Test&#xD;
&#xD;
2020-11-02 18:22:04 - [TEST_STEP][PASSED] - platform.Method.clickOnElement(findTestObject("Generic/webObjectWithText", ["textValue":"Task bots"])): platform.Method.clickOnElement is PASSED&#xD;
&#xD;
2020-11-02 18:22:12 - [MESSAGE][PASSED] - platform.Method.clickOnElement is PASSED&#xD;
&#xD;
2020-11-02 18:22:12 - [TEST_STEP][PASSED] - platform.Method.clickOnElement(findTestObject("Button/createBot")): platform.Method.clickOnElement is PASSED&#xD;
&#xD;
2020-11-02 18:22:18 - [MESSAGE][PASSED] - platform.Method.clickOnElement is PASSED&#xD;
&#xD;
2020-11-02 18:22:18 - [TEST_STEP][PASSED] - sendKeys(findTestObject("Input/botName"), nameOfTheBot): Keys 'v4.5 Task' sent to object: 'Object Repository/Input/botName'&#xD;
&#xD;
2020-11-02 18:22:26 - [MESSAGE][PASSED] - Keys 'v4.5 Task' sent to object: 'Object Repository/Input/botName'&#xD;
&#xD;
2020-11-02 18:22:26 - [TEST_STEP][PASSED] - platform.Method.clickOnElement(findTestObject("Toggle/feedback")): platform.Method.clickOnElement is PASSED&#xD;
&#xD;
2020-11-02 18:22:30 - [MESSAGE][PASSED] - platform.Method.clickOnElement is PASSED&#xD;
&#xD;
2020-11-02 18:22:30 - [TEST_STEP][PASSED] - platform.Method.clickOnElement(findTestObject("Button/done")): platform.Method.clickOnElement is PASSED&#xD;
&#xD;
2020-11-02 18:22:32 - [MESSAGE][PASSED] - platform.Method.clickOnElement is PASSED&#xD;
&#xD;
2020-11-02 18:22:32 - [TEST_STEP][PASSED] - waitForElementVisible(findTestObject("Generic/modelState"), 60, OPTIONAL): Object 'Object Repository/Generic/modelState' is visible&#xD;
&#xD;
2020-11-02 18:23:01 - [MESSAGE][PASSED] - Object 'Object Repository/Generic/modelState' is visible&#xD;
&#xD;
2020-11-02 18:23:01 - [TEST_STEP][PASSED] - if (!(verifyElementText(findTestObject("Generic/modelState"), "Trained", OPTIONAL))): Actual text and expected text of test object 'Object Repository/Generic/modelState' are matched.&#xD;
&#xD;
2020-11-02 18:23:08 - [MESSAGE][PASSED] - Actual text and expected text of test object 'Object Repository/Generic/modelState' are matched.</system-out>
            <system-err></system-err>
        </testcase>
        <testcase name="Test Cases/TASK_SSO/botCardPreview_Test" classname="Test Cases/TASK_SSO/botCardPreview_Test" status="PASSED">
            <system-out>2020-11-02 18:23:08 - [TEST_CASE][PASSED] - Test Cases/TASK_SSO/botCardPreview_Test: Test Cases/TASK_SSO/botCardPreview_Test&#xD;
&#xD;
2020-11-02 18:23:12 - [TEST_STEP][PASSED] - platform.Method.clickOnElement(findTestObject("Generic/imiLogo")): platform.Method.clickOnElement is PASSED&#xD;
&#xD;
2020-11-02 18:23:14 - [MESSAGE][PASSED] - platform.Method.clickOnElement is PASSED&#xD;
&#xD;
2020-11-02 18:23:14 - [TEST_STEP][PASSED] - waitForElementVisible(findTestObject("Button/createBot"), 20, OPTIONAL): Object 'Object Repository/Button/createBot' is visible&#xD;
&#xD;
2020-11-02 18:23:29 - [MESSAGE][PASSED] - Object 'Object Repository/Button/createBot' is visible&#xD;
&#xD;
2020-11-02 18:23:29 - [TEST_STEP][PASSED] - platform.Method.clickOnElement(findTestObject("Generic/webObjectWithText", ["textValue":"Task bots"])): platform.Method.clickOnElement is PASSED&#xD;
&#xD;
2020-11-02 18:23:33 - [MESSAGE][PASSED] - platform.Method.clickOnElement is PASSED&#xD;
&#xD;
2020-11-02 18:23:33 - [TEST_STEP][PASSED] - waitForElementVisible(findTestObject("Button/createBot"), 20, OPTIONAL): Object 'Object Repository/Button/createBot' is visible&#xD;
&#xD;
2020-11-02 18:23:35 - [MESSAGE][PASSED] - Object 'Object Repository/Button/createBot' is visible&#xD;
&#xD;
2020-11-02 18:23:35 - [TEST_STEP][PASSED] - platform.Preview.startBotCardPreview("Task bots", TASK_BOT): platform.Preview.startBotCardPreview is PASSED&#xD;
&#xD;
2020-11-02 18:24:55 - [MESSAGE][PASSED] - platform.Preview.startBotCardPreview is PASSED&#xD;
&#xD;
2020-11-02 18:24:55 - [TEST_STEP][PASSED] - waitForElementPresent(findTestObject("Input/chatInput"), 5, OPTIONAL): Object 'Object Repository/Input/chatInput' is present&#xD;
&#xD;
2020-11-02 18:24:57 - [MESSAGE][PASSED] - Object 'Object Repository/Input/chatInput' is present&#xD;
&#xD;
2020-11-02 18:24:57 - [TEST_STEP][PASSED] - sendKeys(findTestObject("Input/chatInput"), Keys.chord(userQuery, ENTER), STOP_ON_FAILURE): Keys 'ENTER + how can you help me?' sent to object: 'Object Repository/Input/chatInput'&#xD;
&#xD;
2020-11-02 18:25:29 - [MESSAGE][PASSED] - Keys 'ENTER + how can you help me?' sent to object: 'Object Repository/Input/chatInput'&#xD;
&#xD;
2020-11-02 18:25:29 - [TEST_STEP][PASSED] - delay(3): Delayed 3 second(s)&#xD;
&#xD;
2020-11-02 18:25:32 - [MESSAGE][PASSED] - Delayed 3 second(s)&#xD;
&#xD;
2020-11-02 18:25:32 - [TEST_STEP][PASSED] - platform.Preview.verifyBotResponse(stringToCheck): YOUR TEXT HAS A MATCH&#xD;
&#xD;
2020-11-02 18:25:35 - [MESSAGE][PASSED] - Delayed 3 second(s)&#xD;
&#xD;
2020-11-02 18:25:43 - [MESSAGE][PASSED] - YOUR TEXT HAS A MATCH&#xD;
&#xD;
2020-11-02 18:25:43 - [TEST_STEP][PASSED] - platform.Method.clickOnElement(findTestObject("GenericII/minimize")): platform.Method.clickOnElement is PASSED&#xD;
&#xD;
2020-11-02 18:25:46 - [MESSAGE][PASSED] - platform.Method.clickOnElement is PASSED</system-out>
            <system-err></system-err>
        </testcase>
        <testcase name="Test Cases/TASK_SSO/botCardMenu_Test" classname="Test Cases/TASK_SSO/botCardMenu_Test" status="PASSED">
            <system-out>2020-11-02 18:25:48 - [TEST_CASE][PASSED] - Test Cases/TASK_SSO/botCardMenu_Test: Test Cases/TASK_SSO/botCardMenu_Test&#xD;
&#xD;
2020-11-02 18:26:05 - [TEST_STEP][PASSED] - botCardOptions = platform.Method.verifyBotCardMenu("Task bots", TASK_BOT): platform.Method.verifyBotCardMenu is PASSED&#xD;
&#xD;
2020-11-02 18:26:16 - [MESSAGE][PASSED] - Object 'Object Repository/Button/botCardPreview' is present&#xD;
&#xD;
2020-11-02 18:26:22 - [MESSAGE][PASSED] - Object: 'Object Repository/Button/botCardMenu' is hovered&#xD;
&#xD;
2020-11-02 18:26:32 - [MESSAGE][PASSED] - platform.Method.verifyBotCardMenu is PASSED&#xD;
&#xD;
2020-11-02 18:26:32 - [TEST_STEP][PASSED] - verifyElementPresent(findTestObject("Generic/webObjectWithText", ["textValue":"Copy Preview Link"]), 5, STOP_ON_FAILURE): Object 'Object Repository/Generic/webObjectWithText' is present&#xD;
&#xD;
2020-11-02 18:26:33 - [MESSAGE][PASSED] - Object 'Object Repository/Generic/webObjectWithText' is present&#xD;
&#xD;
2020-11-02 18:26:33 - [TEST_STEP][PASSED] - assert botCardOptions.containsAll(BOT_CARD_OPTION) == true: null&#xD;
&#xD;
2020-11-02 18:26:34 - [TEST_STEP][PASSED] - platform.Method.clickOnElement(findTestObject("Generic/webObjectWithText", ["textValue":TASK_BOT])): platform.Method.clickOnElement is PASSED&#xD;
&#xD;
2020-11-02 18:26:38 - [MESSAGE][PASSED] - platform.Method.clickOnElement is PASSED&#xD;
&#xD;
2020-11-02 18:26:38 - [TEST_STEP][PASSED] - waitForElementPresent(findTestObject("Generic/webObjectWithText", ["textValue":"Bot configuration"]), 10, STOP_ON_FAILURE): Object 'Object Repository/Generic/webObjectWithText' is present&#xD;
&#xD;
2020-11-02 18:26:48 - [MESSAGE][PASSED] - Object 'Object Repository/Generic/webObjectWithText' is present&#xD;
&#xD;
2020-11-02 18:26:48 - [TEST_STEP][PASSED] - platform.Method.clickOnElement(findTestObject("Generic/nlp")): platform.Method.clickOnElement is PASSED&#xD;
&#xD;
2020-11-02 18:26:52 - [MESSAGE][PASSED] - platform.Method.clickOnElement is PASSED&#xD;
&#xD;
2020-11-02 18:26:52 - [TEST_STEP][PASSED] - waitForElementPresent(findTestObject("Generic/webObjectWithText", ["textValue":"Input recognition"]), 10, STOP_ON_FAILURE): Object 'Object Repository/Generic/webObjectWithText' is present&#xD;
&#xD;
2020-11-02 18:26:53 - [MESSAGE][PASSED] - Object 'Object Repository/Generic/webObjectWithText' is present&#xD;
&#xD;
2020-11-02 18:26:53 - [TEST_STEP][PASSED] - platform.Method.clickOnElement(findTestObject("Generic/training")): platform.Method.clickOnElement is PASSED&#xD;
&#xD;
2020-11-02 18:26:57 - [MESSAGE][PASSED] - platform.Method.clickOnElement is PASSED&#xD;
&#xD;
2020-11-02 18:26:57 - [TEST_STEP][PASSED] - waitForElementPresent(findTestObject("Generic/webObjectWithText", ["textValue":"Training data"]), 10, STOP_ON_FAILURE): Object 'Object Repository/Generic/webObjectWithText' is present&#xD;
&#xD;
2020-11-02 18:26:59 - [MESSAGE][PASSED] - Object 'Object Repository/Generic/webObjectWithText' is present&#xD;
&#xD;
2020-11-02 18:26:59 - [TEST_STEP][PASSED] - platform.Method.clickOnElement(findTestObject("Generic/response")): platform.Method.clickOnElement is PASSED&#xD;
&#xD;
2020-11-02 18:27:01 - [MESSAGE][PASSED] - platform.Method.clickOnElement is PASSED&#xD;
&#xD;
2020-11-02 18:27:01 - [TEST_STEP][PASSED] - waitForElementPresent(findTestObject("Generic/webObjectWithText", ["textValue":"Responses"]), 10, STOP_ON_FAILURE): Object 'Object Repository/Generic/webObjectWithText' is present&#xD;
&#xD;
2020-11-02 18:27:02 - [MESSAGE][PASSED] - Object 'Object Repository/Generic/webObjectWithText' is present&#xD;
&#xD;
2020-11-02 18:27:02 - [TEST_STEP][PASSED] - platform.Method.clickOnElement(findTestObject("Generic/curation")): platform.Method.clickOnElement is PASSED&#xD;
&#xD;
2020-11-02 18:27:07 - [MESSAGE][PASSED] - platform.Method.clickOnElement is PASSED&#xD;
&#xD;
2020-11-02 18:27:55 - [TEST_STEP][PASSED] - waitForElementPresent(findTestObject("Generic/webObjectWithText", ["textValue":"Unresolved issues"]), 10, STOP_ON_FAILURE): Object 'Object Repository/Generic/webObjectWithText' is present&#xD;
&#xD;
2020-11-02 18:27:58 - [MESSAGE][PASSED] - Object 'Object Repository/Generic/webObjectWithText' is present&#xD;
&#xD;
2020-11-02 18:27:58 - [TEST_STEP][PASSED] - platform.Method.clickOnElement(findTestObject("Generic/session")): platform.Method.clickOnElement is PASSED&#xD;
&#xD;
2020-11-02 18:28:02 - [MESSAGE][PASSED] - platform.Method.clickOnElement is PASSED&#xD;
&#xD;
2020-11-02 18:28:02 - [TEST_STEP][PASSED] - waitForElementPresent(findTestObject("Generic/webObjectWithText", ["textValue":"Conversations"]), 10, STOP_ON_FAILURE): Object 'Object Repository/Generic/webObjectWithText' is present&#xD;
&#xD;
2020-11-02 18:28:04 - [MESSAGE][PASSED] - Object 'Object Repository/Generic/webObjectWithText' is present&#xD;
&#xD;
2020-11-02 18:28:04 - [TEST_STEP][PASSED] - platform.Method.clickOnElement(findTestObject("Generic/webObjectWithText", ["textValue":"History"])): platform.Method.clickOnElement is PASSED&#xD;
&#xD;
2020-11-02 18:28:07 - [MESSAGE][PASSED] - platform.Method.clickOnElement is PASSED&#xD;
&#xD;
2020-11-02 18:28:07 - [TEST_STEP][PASSED] - waitForElementPresent(findTestObject("Generic/webObjectWithText", ["textValue":"History"]), 10, STOP_ON_FAILURE): Object 'Object Repository/Generic/webObjectWithText' is present&#xD;
&#xD;
2020-11-02 18:28:09 - [MESSAGE][PASSED] - Object 'Object Repository/Generic/webObjectWithText' is present</system-out>
            <system-err></system-err>
        </testcase>
        <testcase name="Test Cases/TASK_SSO/sideNavigation_Test" classname="Test Cases/TASK_SSO/sideNavigation_Test" status="PASSED">
            <system-out>2020-11-02 18:28:10 - [TEST_CASE][PASSED] - Test Cases/TASK_SSO/sideNavigation_Test: Test Cases/TASK_SSO/sideNavigation_Test&#xD;
&#xD;
2020-11-02 18:28:14 - [TEST_STEP][PASSED] - platform.Method.clickOnElement(findTestObject("Generic/webObjectWithText", ["textValue":TASK_BOT])): platform.Method.clickOnElement is PASSED&#xD;
&#xD;
2020-11-02 18:28:17 - [MESSAGE][PASSED] - platform.Method.clickOnElement is PASSED&#xD;
&#xD;
2020-11-02 18:28:17 - [TEST_STEP][PASSED] - waitForElementVisible(findTestObject("ICONS/sidebarSettings"), 20, OPTIONAL): Object 'Object Repository/ICONS/sidebarSettings' is visible&#xD;
&#xD;
2020-11-02 18:28:22 - [MESSAGE][PASSED] - Object 'Object Repository/ICONS/sidebarSettings' is visible&#xD;
&#xD;
2020-11-02 18:28:22 - [TEST_STEP][PASSED] - waitForElementPresent(findTestObject("Generic/webObjectWithText", ["textValue":"Bot configuration"]), 10, STOP_ON_FAILURE): Object 'Object Repository/Generic/webObjectWithText' is not present after 10 second(s)&#xD;
&#xD;
2020-11-02 18:28:33 - [MESSAGE][INFO] - Unable to find the element located by 'By.xpath: //*[contains(text(),'Bot configuration')]'. Please recheck the objects properties to make sure the desired element is located. &#xD;
&#xD;
2020-11-02 18:28:33 - [MESSAGE][WARNING] - Object 'Object Repository/Generic/webObjectWithText' is not present after 10 second(s)&#xD;
&#xD;
2020-11-02 18:28:33 - [TEST_STEP][PASSED] - platform.Method.clickOnElement(findTestObject("Generic/nlp")): platform.Method.clickOnElement is PASSED&#xD;
&#xD;
2020-11-02 18:28:37 - [MESSAGE][PASSED] - platform.Method.clickOnElement is PASSED&#xD;
&#xD;
2020-11-02 18:28:37 - [TEST_STEP][PASSED] - waitForElementPresent(findTestObject("Generic/webObjectWithText", ["textValue":"Input recognition"]), 10, STOP_ON_FAILURE): Object 'Object Repository/Generic/webObjectWithText' is present&#xD;
&#xD;
2020-11-02 18:28:38 - [MESSAGE][PASSED] - Object 'Object Repository/Generic/webObjectWithText' is present&#xD;
&#xD;
2020-11-02 18:28:38 - [TEST_STEP][PASSED] - platform.Method.clickOnElement(findTestObject("Generic/training")): platform.Method.clickOnElement is PASSED&#xD;
&#xD;
2020-11-02 18:28:40 - [MESSAGE][PASSED] - platform.Method.clickOnElement is PASSED&#xD;
&#xD;
2020-11-02 18:28:40 - [TEST_STEP][PASSED] - waitForElementPresent(findTestObject("Generic/webObjectWithText", ["textValue":"Training data"]), 10, STOP_ON_FAILURE): Object 'Object Repository/Generic/webObjectWithText' is present&#xD;
&#xD;
2020-11-02 18:28:43 - [MESSAGE][PASSED] - Object 'Object Repository/Generic/webObjectWithText' is present&#xD;
&#xD;
2020-11-02 18:28:43 - [TEST_STEP][PASSED] - platform.Method.clickOnElement(findTestObject("Generic/response")): platform.Method.clickOnElement is PASSED&#xD;
&#xD;
2020-11-02 18:28:45 - [MESSAGE][PASSED] - platform.Method.clickOnElement is PASSED&#xD;
&#xD;
2020-11-02 18:28:45 - [TEST_STEP][PASSED] - waitForElementPresent(findTestObject("Generic/webObjectWithText", ["textValue":"Responses"]), 10, STOP_ON_FAILURE): Object 'Object Repository/Generic/webObjectWithText' is present&#xD;
&#xD;
2020-11-02 18:28:46 - [MESSAGE][PASSED] - Object 'Object Repository/Generic/webObjectWithText' is present&#xD;
&#xD;
2020-11-02 18:28:46 - [TEST_STEP][PASSED] - platform.Method.clickOnElement(findTestObject("Generic/curation")): platform.Method.clickOnElement is PASSED&#xD;
&#xD;
2020-11-02 18:28:51 - [MESSAGE][PASSED] - platform.Method.clickOnElement is PASSED&#xD;
&#xD;
2020-11-02 18:28:51 - [TEST_STEP][PASSED] - waitForElementPresent(findTestObject("Generic/webObjectWithText", ["textValue":"Unresolved issues"]), 10, STOP_ON_FAILURE): Object 'Object Repository/Generic/webObjectWithText' is present&#xD;
&#xD;
2020-11-02 18:28:52 - [MESSAGE][PASSED] - Object 'Object Repository/Generic/webObjectWithText' is present&#xD;
&#xD;
2020-11-02 18:28:52 - [TEST_STEP][PASSED] - platform.Method.clickOnElement(findTestObject("Generic/session")): platform.Method.clickOnElement is PASSED&#xD;
&#xD;
2020-11-02 18:28:55 - [MESSAGE][PASSED] - platform.Method.clickOnElement is PASSED&#xD;
&#xD;
2020-11-02 18:28:55 - [TEST_STEP][PASSED] - waitForElementPresent(findTestObject("Generic/webObjectWithText", ["textValue":"Conversations"]), 10, STOP_ON_FAILURE): Object 'Object Repository/Generic/webObjectWithText' is present&#xD;
&#xD;
2020-11-02 18:28:56 - [MESSAGE][PASSED] - Object 'Object Repository/Generic/webObjectWithText' is present&#xD;
&#xD;
2020-11-02 18:28:56 - [TEST_STEP][PASSED] - platform.Method.clickOnElement(findTestObject("Generic/webObjectWithText", ["textValue":"History"])): platform.Method.clickOnElement is PASSED&#xD;
&#xD;
2020-11-02 18:28:58 - [MESSAGE][PASSED] - platform.Method.clickOnElement is PASSED&#xD;
&#xD;
2020-11-02 18:28:58 - [TEST_STEP][PASSED] - waitForElementPresent(findTestObject("Generic/webObjectWithText", ["textValue":"History"]), 10, STOP_ON_FAILURE): Object 'Object Repository/Generic/webObjectWithText' is present&#xD;
&#xD;
2020-11-02 18:29:00 - [MESSAGE][PASSED] - Object 'Object Repository/Generic/webObjectWithText' is present</system-out>
            <system-err></system-err>
        </testcase>
        <testcase name="Test Cases/TASK_SSO/createRichDynamicResponse_Test" classname="Test Cases/TASK_SSO/createRichDynamicResponse_Test" status="PASSED">
            <system-out>2020-11-02 18:29:01 - [TEST_CASE][PASSED] - Test Cases/TASK_SSO/createRichDynamicResponse_Test: Test Cases/TASK_SSO/createRichDynamicResponse_Test&#xD;
&#xD;
2020-11-02 18:29:02 - [TEST_STEP][PASSED] - platform.Method.clickOnElement(findTestObject("Generic/response")): platform.Method.clickOnElement is PASSED&#xD;
&#xD;
2020-11-02 18:29:05 - [MESSAGE][PASSED] - platform.Method.clickOnElement is PASSED&#xD;
&#xD;
2020-11-02 18:29:05 - [TEST_STEP][PASSED] - testData = findTestData("Data Files/testData_Task"): null&#xD;
&#xD;
2020-11-02 18:29:33 - [TEST_STEP][PASSED] - platform.Response.createRichResponse(testData.getValue("rich_template", 1), testData.getValue("rich_template_value", 1)): platform.Response.createRichResponse is PASSED&#xD;
&#xD;
2020-11-02 18:29:40 - [MESSAGE][PASSED] - Text 'incorrect_order' is set on object 'Object Repository/NewRepo2/templateKeyName'&#xD;
&#xD;
2020-11-02 18:29:45 - [MESSAGE][PASSED] - Delayed 2 second(s)&#xD;
&#xD;
2020-11-02 18:29:51 - [MESSAGE][PASSED] - Keys 'You have requested with an incorrect order number. Please request a correct order number' sent to object: 'Object Repository/Input/textResponse'&#xD;
&#xD;
2020-11-02 18:29:54 - [MESSAGE][PASSED] - platform.Response.createRichResponse is PASSED&#xD;
&#xD;
2020-11-02 18:29:54 - [TEST_STEP][PASSED] - platform.Response.createRichResponse(testData.getValue("rich_template", 2), testData.getValue("rich_template_value", 2)): platform.Response.createRichResponse is PASSED&#xD;
&#xD;
2020-11-02 18:30:01 - [MESSAGE][PASSED] - Text 'product_not_found' is set on object 'Object Repository/NewRepo2/templateKeyName'&#xD;
&#xD;
2020-11-02 18:30:06 - [MESSAGE][PASSED] - Delayed 2 second(s)&#xD;
&#xD;
2020-11-02 18:30:11 - [MESSAGE][PASSED] - Keys 'Oops!! Sorry, Requested product is not available' sent to object: 'Object Repository/Input/textResponse'&#xD;
&#xD;
2020-11-02 18:30:13 - [MESSAGE][PASSED] - platform.Response.createRichResponse is PASSED&#xD;
&#xD;
2020-11-02 18:30:13 - [TEST_STEP][PASSED] - platform.Response.createRichResponse(testData.getValue("rich_template", 3), testData.getValue("rich_template_value", 3)): platform.Response.createRichResponse is PASSED&#xD;
&#xD;
2020-11-02 18:30:20 - [MESSAGE][PASSED] - Text 'success_message' is set on object 'Object Repository/NewRepo2/templateKeyName'&#xD;
&#xD;
2020-11-02 18:30:25 - [MESSAGE][PASSED] - Delayed 2 second(s)&#xD;
&#xD;
2020-11-02 18:30:30 - [MESSAGE][PASSED] - Keys 'Your Query is successfully Answered' sent to object: 'Object Repository/Input/textResponse'&#xD;
&#xD;
2020-11-02 18:30:32 - [MESSAGE][PASSED] - platform.Response.createRichResponse is PASSED&#xD;
&#xD;
2020-11-02 18:30:32 - [TEST_STEP][PASSED] - platform.Response.createRichResponse(testData.getValue("rich_template", 5), testData.getValue("rich_template_value", 5)): platform.Response.createRichResponse is PASSED&#xD;
&#xD;
2020-11-02 18:30:39 - [MESSAGE][PASSED] - Text 'payment_option' is set on object 'Object Repository/NewRepo2/templateKeyName'&#xD;
&#xD;
2020-11-02 18:30:43 - [MESSAGE][PASSED] - Delayed 2 second(s)&#xD;
&#xD;
2020-11-02 18:30:53 - [MESSAGE][PASSED] - Keys 'Through PayPal we offer 0% APR interest for 4 months on your purchase of £99 or more. You can choose PayPal* finance online, at the checkout section.' sent to object: 'Object Repository/Input/textResponse'&#xD;
&#xD;
2020-11-02 18:30:56 - [MESSAGE][PASSED] - platform.Response.createRichResponse is PASSED&#xD;
&#xD;
2020-11-02 18:30:56 - [TEST_STEP][PASSED] - platform.Response.createDynamicResponse(testData.getValue("dynamic_template", 1), testData.getValue("dynamic_template_file", 1)): platform.Response.createDynamicResponse is PASSED&#xD;
&#xD;
2020-11-02 18:31:07 - [MESSAGE][PASSED] - Text 'delivery_template' is set on object 'Object Repository/NewRepo2/templateKeyName'&#xD;
&#xD;
2020-11-02 18:31:11 - [MESSAGE][PASSED] - Delayed 2 second(s)&#xD;
&#xD;
2020-11-02 18:31:49 - [MESSAGE][PASSED] - File 'D:/IMIbot.ai-Project/Collection/delivery_template.py' sent to object: 'Object Repository/Input/uploadFile'&#xD;
&#xD;
2020-11-02 18:31:52 - [MESSAGE][PASSED] - platform.Response.createDynamicResponse is PASSED&#xD;
&#xD;
2020-11-02 18:31:52 - [TEST_STEP][PASSED] - waitForElementPresent(findTestObject("Generic/webObjectWithText", ["textValue":"Welcome message "]), 20, OPTIONAL): Object 'Object Repository/Generic/webObjectWithText' is present&#xD;
&#xD;
2020-11-02 18:31:53 - [MESSAGE][PASSED] - Object 'Object Repository/Generic/webObjectWithText' is present&#xD;
&#xD;
2020-11-02 18:31:53 - [TEST_STEP][PASSED] - platform.Method.clickOnElement(findTestObject("Generic/webObjectWithText", ["textValue":"Welcome message "])): platform.Method.clickOnElement is PASSED&#xD;
&#xD;
2020-11-02 18:31:56 - [MESSAGE][PASSED] - platform.Method.clickOnElement is PASSED&#xD;
&#xD;
2020-11-02 18:31:56 - [TEST_STEP][PASSED] - platform.Response.createDynamicResponse(testData.getValue("dynamic_template", 2), testData.getValue("dynamic_template_file", 2)): platform.Response.createDynamicResponse is PASSED&#xD;
&#xD;
2020-11-02 18:32:03 - [MESSAGE][PASSED] - Text 'order_status_template' is set on object 'Object Repository/NewRepo2/templateKeyName'&#xD;
&#xD;
2020-11-02 18:32:07 - [MESSAGE][PASSED] - Delayed 2 second(s)&#xD;
&#xD;
2020-11-02 18:32:15 - [MESSAGE][PASSED] - File 'D:/IMIbot.ai-Project/Collection/order_status_template.py' sent to object: 'Object Repository/Input/uploadFile'&#xD;
&#xD;
2020-11-02 18:32:17 - [MESSAGE][PASSED] - platform.Response.createDynamicResponse is PASSED&#xD;
&#xD;
2020-11-02 18:32:17 - [TEST_STEP][PASSED] - waitForElementPresent(findTestObject("ICONS/toastMsg"), 20, OPTIONAL): Object 'Object Repository/ICONS/toastMsg' is present&#xD;
&#xD;
2020-11-02 18:32:20 - [MESSAGE][PASSED] - Object 'Object Repository/ICONS/toastMsg' is present</system-out>
            <system-err></system-err>
        </testcase>
        <testcase name="Test Cases/TASK_SSO/entitiesCreationAndUpdate_Test" classname="Test Cases/TASK_SSO/entitiesCreationAndUpdate_Test" status="PASSED">
            <system-out>2020-11-02 18:32:21 - [TEST_CASE][PASSED] - Test Cases/TASK_SSO/entitiesCreationAndUpdate_Test: Test Cases/TASK_SSO/entitiesCreationAndUpdate_Test&#xD;
&#xD;
2020-11-02 18:32:22 - [TEST_STEP][PASSED] - platform.Method.clickOnElement(findTestObject("Generic/training")): platform.Method.clickOnElement is PASSED&#xD;
&#xD;
2020-11-02 18:32:25 - [MESSAGE][PASSED] - platform.Method.clickOnElement is PASSED&#xD;
&#xD;
2020-11-02 18:32:25 - [TEST_STEP][PASSED] - platform.Method.clickOnElement(findTestObject("Generic/webObjectWithText", ["textValue":"Entities"])): platform.Method.clickOnElement is PASSED&#xD;
&#xD;
2020-11-02 18:32:28 - [MESSAGE][PASSED] - platform.Method.clickOnElement is PASSED&#xD;
&#xD;
2020-11-02 18:32:28 - [TEST_STEP][PASSED] - testData = findTestData("Data Files/testData_Task"): null&#xD;
&#xD;
2020-11-02 18:32:29 - [TEST_STEP][PASSED] - platform.Method.clickOnElement(findTestObject("Button/createEntity")): platform.Method.clickOnElement is PASSED&#xD;
&#xD;
2020-11-02 18:32:31 - [MESSAGE][PASSED] - platform.Method.clickOnElement is PASSED&#xD;
&#xD;
2020-11-02 18:32:31 - [TEST_STEP][PASSED] - platform.Training.createEntity("city name", " Custom list ", "mumbai"): platform.Training.createEntity is PASSED&#xD;
&#xD;
2020-11-02 18:32:34 - [MESSAGE][PASSED] - Keys 'city name' sent to object: 'Object Repository/Input/entityName'&#xD;
&#xD;
2020-11-02 18:32:37 - [MESSAGE][INFO] - Entity Type:  Custom list &#xD;
&#xD;
2020-11-02 18:32:43 - [MESSAGE][PASSED] - Keys 'mumbai' sent to object: 'Object Repository/Input/defValueOfEntity'&#xD;
&#xD;
2020-11-02 18:32:45 - [MESSAGE][PASSED] - platform.Training.createEntity is PASSED&#xD;
&#xD;
2020-11-02 18:32:45 - [TEST_STEP][PASSED] - platform.Method.clickOnElement(findTestObject("Button/createEntity")): platform.Method.clickOnElement is PASSED&#xD;
&#xD;
2020-11-02 18:32:48 - [MESSAGE][PASSED] - platform.Method.clickOnElement is PASSED&#xD;
&#xD;
2020-11-02 18:32:48 - [TEST_STEP][PASSED] - platform.Training.createEntity("date", " Date ", null): platform.Training.createEntity is PASSED&#xD;
&#xD;
2020-11-02 18:32:50 - [MESSAGE][PASSED] - Keys 'date' sent to object: 'Object Repository/Input/entityName'&#xD;
&#xD;
2020-11-02 18:32:53 - [MESSAGE][INFO] - Entity Type:  Date &#xD;
&#xD;
2020-11-02 18:32:57 - [MESSAGE][PASSED] - platform.Training.createEntity is PASSED&#xD;
&#xD;
2020-11-02 18:32:57 - [TEST_STEP][PASSED] - for ([count = 2, count &lt;= testData.getRowNumbers(), (count++)]): null&#xD;
&#xD;
2020-11-02 18:32:57 - [TEST_STEP][PASSED] - if (testData.getValue("entity_name", count) != ""): platform.Training.createEntity is PASSED&#xD;
&#xD;
2020-11-02 18:32:57 - [TEST_STEP][PASSED] - platform.Method.clickOnElement(findTestObject("Button/createEntity")): platform.Method.clickOnElement is PASSED&#xD;
&#xD;
2020-11-02 18:33:00 - [MESSAGE][PASSED] - platform.Method.clickOnElement is PASSED&#xD;
&#xD;
2020-11-02 18:33:00 - [TEST_STEP][PASSED] - platform.Training.createEntity(testData.getValue("entity_name", count), testData.getValue("entity_type", count), testData.getValue("entity_value", count)): platform.Training.createEntity is PASSED&#xD;
&#xD;
2020-11-02 18:33:03 - [MESSAGE][PASSED] - Keys 'product_names' sent to object: 'Object Repository/Input/entityName'&#xD;
&#xD;
2020-11-02 18:33:05 - [MESSAGE][INFO] - Entity Type: Custom list&#xD;
&#xD;
2020-11-02 18:33:11 - [MESSAGE][PASSED] - Keys 'chair' sent to object: 'Object Repository/Input/defValueOfEntity'&#xD;
&#xD;
2020-11-02 18:33:13 - [MESSAGE][PASSED] - platform.Training.createEntity is PASSED&#xD;
&#xD;
2020-11-02 18:33:13 - [TEST_STEP][PASSED] - if (testData.getValue("entity_name", count) != ""): platform.Training.createEntity is PASSED&#xD;
&#xD;
2020-11-02 18:33:13 - [TEST_STEP][PASSED] - platform.Method.clickOnElement(findTestObject("Button/createEntity")): platform.Method.clickOnElement is PASSED&#xD;
&#xD;
2020-11-02 18:33:16 - [MESSAGE][PASSED] - platform.Method.clickOnElement is PASSED&#xD;
&#xD;
2020-11-02 18:33:16 - [TEST_STEP][PASSED] - platform.Training.createEntity(testData.getValue("entity_name", count), testData.getValue("entity_type", count), testData.getValue("entity_value", count)): platform.Training.createEntity is PASSED&#xD;
&#xD;
2020-11-02 18:33:19 - [MESSAGE][PASSED] - Keys 'order_id' sent to object: 'Object Repository/Input/entityName'&#xD;
&#xD;
2020-11-02 18:33:21 - [MESSAGE][INFO] - Entity Type: Regex&#xD;
&#xD;
2020-11-02 18:33:27 - [MESSAGE][PASSED] - Keys '\b\d{8}\b' sent to object: 'Object Repository/Input/defValueOfEntity'&#xD;
&#xD;
2020-11-02 18:33:29 - [MESSAGE][PASSED] - platform.Training.createEntity is PASSED&#xD;
&#xD;
2020-11-02 18:33:29 - [TEST_STEP][PASSED] - if (testData.getValue("entity_name", count) != ""): platform.Training.createEntity is PASSED&#xD;
&#xD;
2020-11-02 18:33:29 - [TEST_STEP][PASSED] - platform.Method.clickOnElement(findTestObject("Button/createEntity")): platform.Method.clickOnElement is PASSED&#xD;
&#xD;
2020-11-02 18:33:32 - [MESSAGE][PASSED] - platform.Method.clickOnElement is PASSED&#xD;
&#xD;
2020-11-02 18:33:32 - [TEST_STEP][PASSED] - platform.Training.createEntity(testData.getValue("entity_name", count), testData.getValue("entity_type", count), testData.getValue("entity_value", count)): platform.Training.createEntity is PASSED&#xD;
&#xD;
2020-11-02 18:33:39 - [MESSAGE][PASSED] - Keys 'zipcode' sent to object: 'Object Repository/Input/entityName'&#xD;
&#xD;
2020-11-02 18:33:41 - [MESSAGE][INFO] - Entity Type: Custom list&#xD;
&#xD;
2020-11-02 18:33:46 - [MESSAGE][PASSED] - Keys '\b\^[0-9]{6}\b' sent to object: 'Object Repository/Input/defValueOfEntity'&#xD;
&#xD;
2020-11-02 18:33:49 - [MESSAGE][PASSED] - platform.Training.createEntity is PASSED&#xD;
&#xD;
2020-11-02 18:33:49 - [TEST_STEP][PASSED] - if (testData.getValue("entity_name", count) != ""): null&#xD;
&#xD;
2020-11-02 18:33:49 - [TEST_STEP][PASSED] - else: null&#xD;
&#xD;
2020-11-02 18:33:49 - [TEST_STEP][PASSED] - logInfo("No more entity present!!"): No more entity present!!&#xD;
&#xD;
2020-11-02 18:33:49 - [MESSAGE][INFO] - No more entity present!!&#xD;
&#xD;
2020-11-02 18:33:49 - [TEST_STEP][PASSED] - break: null&#xD;
&#xD;
2020-11-02 18:33:49 - [TEST_STEP][PASSED] - waitForElementPresent(findTestObject("Generic/webObjectWithText", ["textValue":"city name"]), 15, STOP_ON_FAILURE): Object 'Object Repository/Generic/webObjectWithText' is present&#xD;
&#xD;
2020-11-02 18:33:50 - [MESSAGE][PASSED] - Object 'Object Repository/Generic/webObjectWithText' is present&#xD;
&#xD;
2020-11-02 18:33:50 - [TEST_STEP][PASSED] - platform.Training.editEntity("city name"): platform.Training.editEntity is PASSED&#xD;
&#xD;
2020-11-02 18:33:59 - [MESSAGE][PASSED] - platform.Training.editEntity is PASSED&#xD;
&#xD;
2020-11-02 18:33:59 - [TEST_STEP][PASSED] - testObject = modifyObjectProperty(findTestObject("Input/entityName"), "formcontrolname", "equals", "name", true, STOP_ON_FAILURE): Modify property of object successfully&#xD;
&#xD;
2020-11-02 18:34:00 - [MESSAGE][PASSED] - Modify property of object successfully&#xD;
&#xD;
2020-11-02 18:34:00 - [TEST_STEP][PASSED] - setText(testObject, testData.getValue("entity_name", 1)): Text 'store_name' is set on object 'Object Repository/Input/entityName'&#xD;
&#xD;
2020-11-02 18:34:04 - [MESSAGE][PASSED] - Text 'store_name' is set on object 'Object Repository/Input/entityName'&#xD;
&#xD;
2020-11-02 18:34:04 - [TEST_STEP][PASSED] - platform.Method.clickOnElement(findTestObject("Button/importIcon")): platform.Method.clickOnElement is PASSED&#xD;
&#xD;
2020-11-02 18:34:06 - [MESSAGE][PASSED] - platform.Method.clickOnElement is PASSED&#xD;
&#xD;
2020-11-02 18:34:06 - [TEST_STEP][PASSED] - platform.Method.uploadCsvFile(true, testData.getValue("custom_entity_file", 1)): platform.Method.uploadCsvFile is PASSED&#xD;
&#xD;
2020-11-02 18:34:13 - [MESSAGE][PASSED] - File 'D:/IMIbot.ai-Project/Collection/cityName.csv' sent to object: 'Object Repository/Input/uploadFile'&#xD;
&#xD;
2020-11-02 18:34:15 - [MESSAGE][PASSED] - platform.Method.uploadCsvFile is PASSED&#xD;
&#xD;
2020-11-02 18:34:15 - [TEST_STEP][PASSED] - platform.Method.clickOnElement(findTestObject("Button/save", ["value":" Save "])): platform.Method.clickOnElement is PASSED&#xD;
&#xD;
2020-11-02 18:34:17 - [MESSAGE][PASSED] - platform.Method.clickOnElement is PASSED&#xD;
&#xD;
2020-11-02 18:34:17 - [TEST_STEP][PASSED] - waitForElementPresent(findTestObject("ICONS/toastMsg"), 15, STOP_ON_FAILURE): Object 'Object Repository/ICONS/toastMsg' is present&#xD;
&#xD;
2020-11-02 18:34:19 - [MESSAGE][PASSED] - Object 'Object Repository/ICONS/toastMsg' is present&#xD;
&#xD;
2020-11-02 18:34:19 - [TEST_STEP][PASSED] - assert getText().contentEquals("store_name") == true: null&#xD;
&#xD;
2020-11-02 18:34:21 - [TEST_STEP][PASSED] - platform.Method.trainAndComment(testData.getValue("comment", 2)): platform.Method.trainAndComment is PASSED&#xD;
&#xD;
2020-11-02 18:34:29 - [MESSAGE][PASSED] - Keys 'response added &amp; updated' sent to object: 'Object Repository/Input/comment'&#xD;
&#xD;
2020-11-02 18:34:31 - [MESSAGE][PASSED] - platform.Method.trainAndComment is PASSED&#xD;
&#xD;
2020-11-02 18:34:31 - [TEST_STEP][PASSED] - waitForElementPresent(findTestObject("ICONS/toastMsg"), 15, OPTIONAL): Object 'Object Repository/ICONS/toastMsg' is present&#xD;
&#xD;
2020-11-02 18:34:33 - [MESSAGE][PASSED] - Object 'Object Repository/ICONS/toastMsg' is present</system-out>
            <system-err></system-err>
        </testcase>
        <testcase name="Test Cases/TASK_SSO/createIntentAndEditEntity_Test" classname="Test Cases/TASK_SSO/createIntentAndEditEntity_Test" status="FAILED">
            <failure type="FAILED" message="Test Cases/TASK_SSO/createIntentAndEditEntity_Test FAILED.&#xA;Reason:&#xA;com.kms.katalon.core.exception.StepFailedException: Unable to send keys 'Status of my order' to object 'Object Repository/Input/utterance'&#xD;&#xA;&#x9;at com.kms.katalon.core.webui.keyword.internal.WebUIKeywordMain.stepFailed(WebUIKeywordMain.groovy:64)&#xD;&#xA;&#x9;at com.kms.katalon.core.webui.keyword.internal.WebUIKeywordMain.runKeyword(WebUIKeywordMain.groovy:26)&#xD;&#xA;&#x9;at com.kms.katalon.core.webui.keyword.builtin.SendKeysKeyword.sendKeys(SendKeysKeyword.groovy:60)&#xD;&#xA;&#x9;at com.kms.katalon.core.webui.keyword.builtin.SendKeysKeyword.execute(SendKeysKeyword.groovy:38)&#xD;&#xA;&#x9;at com.kms.katalon.core.keyword.internal.KeywordExecutor.executeKeywordForPlatform(KeywordExecutor.groovy:56)&#xD;&#xA;&#x9;at com.kms.katalon.core.webui.keyword.WebUiBuiltInKeywords.sendKeys(WebUiBuiltInKeywords.groovy:834)&#xD;&#xA;&#x9;at com.kms.katalon.core.webui.keyword.WebUiBuiltInKeywords$sendKeys$1.call(Unknown Source)&#xD;&#xA;&#x9;at platform.Training.addMultipleUtterance(Training.groovy:36)&#xD;&#xA;&#x9;at platform.Method.invokeMethod(Method.groovy)&#xD;&#xA;&#x9;at com.kms.katalon.core.main.CustomKeywordDelegatingMetaClass.invokeStaticMethod(CustomKeywordDelegatingMetaClass.java:50)&#xD;&#xA;&#x9;at createIntentAndEditEntity_Test.run(createIntentAndEditEntity_Test:19)&#xD;&#xA;&#x9;at com.kms.katalon.core.main.ScriptEngine.run(ScriptEngine.java:194)&#xD;&#xA;&#x9;at com.kms.katalon.core.main.ScriptEngine.runScriptAsRawText(ScriptEngine.java:119)&#xD;&#xA;&#x9;at com.kms.katalon.core.main.TestCaseExecutor.runScript(TestCaseExecutor.java:337)&#xD;&#xA;&#x9;at com.kms.katalon.core.main.TestCaseExecutor.doExecute(TestCaseExecutor.java:328)&#xD;&#xA;&#x9;at com.kms.katalon.core.main.TestCaseExecutor.processExecutionPhase(TestCaseExecutor.java:307)&#xD;&#xA;&#x9;at com.kms.katalon.core.main.TestCaseExecutor.accessMainPhase(TestCaseExecutor.java:299)&#xD;&#xA;&#x9;at com.kms.katalon.core.main.TestCaseExecutor.execute(TestCaseExecutor.java:233)&#xD;&#xA;&#x9;at com.kms.katalon.core.main.TestSuiteExecutor.accessTestCaseMainPhase(TestSuiteExecutor.java:169)&#xD;&#xA;&#x9;at com.kms.katalon.core.main.TestSuiteExecutor.accessTestSuiteMainPhase(TestSuiteExecutor.java:142)&#xD;&#xA;&#x9;at com.kms.katalon.core.main.TestSuiteExecutor.execute(TestSuiteExecutor.java:91)&#xD;&#xA;&#x9;at com.kms.katalon.core.main.TestCaseMain.startTestSuite(TestCaseMain.java:157)&#xD;&#xA;&#x9;at com.kms.katalon.core.main.TestCaseMain$startTestSuite$0.call(Unknown Source)&#xD;&#xA;&#x9;at TempTestSuite1604321309179.run(TempTestSuite1604321309179.groovy:35)&#xD;&#xA;Caused by: org.openqa.selenium.WebDriverException: java.net.ConnectException: Failed to connect to localhost/0:0:0:0:0:0:0:1:48717&#xA;Build info: version: '3.141.59', revision: 'e82be7d358', time: '2018-11-14T08:25:53'&#xA;System info: host: 'WLPT580', ip: '192.168.29.195', os.name: 'Windows 8.1', os.arch: 'amd64', os.version: '6.3', java.version: '1.8.0_181'&#xA;Driver info: driver.version: RemoteWebDriver&#xD;&#xA;&#x9;at org.openqa.selenium.remote.service.DriverCommandExecutor.execute(DriverCommandExecutor.java:92)&#xD;&#xA;&#x9;at org.openqa.selenium.remote.RemoteWebDriver.execute(RemoteWebDriver.java:552)&#xD;&#xA;&#x9;at com.kms.katalon.selenium.driver.CChromeDriver.execute(CChromeDriver.java:20)&#xD;&#xA;&#x9;at org.openqa.selenium.remote.RemoteWebDriver.findElements(RemoteWebDriver.java:353)&#xD;&#xA;&#x9;at org.openqa.selenium.remote.RemoteWebDriver.findElementsByXPath(RemoteWebDriver.java:432)&#xD;&#xA;&#x9;at org.openqa.selenium.By$ByXPath.findElements(By.java:348)&#xD;&#xA;&#x9;at org.openqa.selenium.remote.RemoteWebDriver.findElements(RemoteWebDriver.java:311)&#xD;&#xA;&#x9;at com.kms.katalon.core.webui.common.WebUiCommonHelper.findWebElements(WebUiCommonHelper.java:761)&#xD;&#xA;&#x9;at com.kms.katalon.core.webui.common.WebUiCommonHelper.findWebElement(WebUiCommonHelper.java:1093)&#xD;&#xA;&#x9;at com.kms.katalon.core.webui.keyword.internal.WebUIAbstractKeyword.findWebElement(WebUIAbstractKeyword.groovy:27)&#xD;&#xA;&#x9;at com.kms.katalon.core.webui.keyword.internal.WebUIAbstractKeyword.findWebElement(WebUIAbstractKeyword.groovy:26)&#xD;&#xA;&#x9;at com.kms.katalon.core.webui.keyword.builtin.SendKeysKeyword$_sendKeys_closure1.doCall(SendKeysKeyword.groovy:52)&#xD;&#xA;&#x9;at com.kms.katalon.core.webui.keyword.builtin.SendKeysKeyword$_sendKeys_closure1.call(SendKeysKeyword.groovy)&#xD;&#xA;&#x9;at com.kms.katalon.core.webui.keyword.internal.WebUIKeywordMain.runKeyword(WebUIKeywordMain.groovy:20)&#xD;&#xA;&#x9;at com.kms.katalon.core.webui.keyword.builtin.SendKeysKeyword.sendKeys(SendKeysKeyword.groovy:60)&#xD;&#xA;&#x9;at com.kms.katalon.core.webui.keyword.builtin.SendKeysKeyword.execute(SendKeysKeyword.groovy:38)&#xD;&#xA;&#x9;at com.kms.katalon.core.keyword.internal.KeywordExecutor.executeKeywordForPlatform(KeywordExecutor.groovy:56)&#xD;&#xA;&#x9;at com.kms.katalon.core.webui.keyword.WebUiBuiltInKeywords.sendKeys(WebUiBuiltInKeywords.groovy:834)&#xD;&#xA;&#x9;at com.kms.katalon.core.webui.keyword.WebUiBuiltInKeywords$sendKeys$1.call(Unknown Source)&#xD;&#xA;&#x9;at platform.Training.addMultipleUtterance(Training.groovy:36)&#xD;&#xA;&#x9;at platform.Method.invokeMethod(Method.groovy)&#xD;&#xA;&#x9;at com.kms.katalon.core.main.CustomKeywordDelegatingMetaClass.invokeStaticMethod(CustomKeywordDelegatingMetaClass.java:50)&#xD;&#xA;&#x9;at Script1598969040490.run(Script1598969040490.groovy:19)&#xD;&#xA;&#x9;... 13 more&#xD;&#xA;Caused by: java.net.ConnectException: Failed to connect to localhost/0:0:0:0:0:0:0:1:48717&#xD;&#xA;&#x9;at okhttp3.internal.connection.RealConnection.connectSocket(RealConnection.java:247)&#xD;&#xA;&#x9;at okhttp3.internal.connection.RealConnection.connect(RealConnection.java:165)&#xD;&#xA;&#x9;at okhttp3.internal.connection.StreamAllocation.findConnection(StreamAllocation.java:257)&#xD;&#xA;&#x9;at okhttp3.internal.connection.StreamAllocation.findHealthyConnection(StreamAllocation.java:135)&#xD;&#xA;&#x9;at okhttp3.internal.connection.StreamAllocation.newStream(StreamAllocation.java:114)&#xD;&#xA;&#x9;at okhttp3.internal.connection.ConnectInterceptor.intercept(ConnectInterceptor.java:42)&#xD;&#xA;&#x9;at okhttp3.internal.http.RealInterceptorChain.proceed(RealInterceptorChain.java:147)&#xD;&#xA;&#x9;at okhttp3.internal.http.RealInterceptorChain.proceed(RealInterceptorChain.java:121)&#xD;&#xA;&#x9;at okhttp3.internal.cache.CacheInterceptor.intercept(CacheInterceptor.java:93)&#xD;&#xA;&#x9;at okhttp3.internal.http.RealInterceptorChain.proceed(RealInterceptorChain.java:147)&#xD;&#xA;&#x9;at okhttp3.internal.http.RealInterceptorChain.proceed(RealInterceptorChain.java:121)&#xD;&#xA;&#x9;at okhttp3.internal.http.BridgeInterceptor.intercept(BridgeInterceptor.java:93)&#xD;&#xA;&#x9;at okhttp3.internal.http.RealInterceptorChain.proceed(RealInterceptorChain.java:147)&#xD;&#xA;&#x9;at okhttp3.internal.http.RetryAndFollowUpInterceptor.intercept(RetryAndFollowUpInterceptor.java:126)&#xD;&#xA;&#x9;at okhttp3.internal.http.RealInterceptorChain.proceed(RealInterceptorChain.java:147)&#xD;&#xA;&#x9;at okhttp3.internal.http.RealInterceptorChain.proceed(RealInterceptorChain.java:121)&#xD;&#xA;&#x9;at okhttp3.RealCall.getResponseWithInterceptorChain(RealCall.java:200)&#xD;&#xA;&#x9;at okhttp3.RealCall.execute(RealCall.java:77)&#xD;&#xA;&#x9;at org.openqa.selenium.remote.internal.OkHttpClient.execute(OkHttpClient.java:103)&#xD;&#xA;&#x9;at org.openqa.selenium.remote.HttpCommandExecutor.execute(HttpCommandExecutor.java:155)&#xD;&#xA;&#x9;at org.openqa.selenium.remote.service.DriverCommandExecutor.execute(DriverCommandExecutor.java:83)&#xD;&#xA;&#x9;... 35 more&#xD;&#xA;Caused by: java.net.ConnectException: Connection refused: connect&#xD;&#xA;&#x9;at okhttp3.internal.platform.Platform.connectSocket(Platform.java:129)&#xD;&#xA;&#x9;at okhttp3.internal.connection.RealConnection.connectSocket(RealConnection.java:245)&#xD;&#xA;&#x9;at okhttp3.internal.connection.RealConnection.connect(RealConnection.java:165)&#xD;&#xA;&#x9;at okhttp3.internal.connection.StreamAllocation.findConnection(StreamAllocation.java:257)&#xD;&#xA;&#x9;at okhttp3.internal.connection.StreamAllocation.findHealthyConnection(StreamAllocation.java:135)&#xD;&#xA;&#x9;at okhttp3.internal.connection.StreamAllocation.newStream(StreamAllocation.java:114)&#xD;&#xA;&#x9;at okhttp3.internal.connection.ConnectInterceptor.intercept(ConnectInterceptor.java:42)&#xD;&#xA;&#x9;at okhttp3.internal.http.RealInterceptorChain.proceed(RealInterceptorChain.java:147)&#xD;&#xA;&#x9;at okhttp3.internal.http.RealInterceptorChain.proceed(RealInterceptorChain.java:121)&#xD;&#xA;&#x9;at okhttp3.internal.cache.CacheInterceptor.intercept(CacheInterceptor.java:93)&#xD;&#xA;&#x9;at okhttp3.internal.http.RealInterceptorChain.proceed(RealInterceptorChain.java:147)&#xD;&#xA;&#x9;at okhttp3.internal.http.RealInterceptorChain.proceed(RealInterceptorChain.java:121)&#xD;&#xA;&#x9;at okhttp3.internal.http.BridgeInterceptor.intercept(BridgeInterceptor.java:93)&#xD;&#xA;&#x9;at okhttp3.internal.http.RealInterceptorChain.proceed(RealInterceptorChain.java:147)&#xD;&#xA;&#x9;at okhttp3.internal.http.RetryAndFollowUpInterceptor.intercept(RetryAndFollowUpInterceptor.java:126)&#xD;&#xA;&#x9;at okhttp3.internal.http.RealInterceptorChain.proceed(RealInterceptorChain.java:147)&#xD;&#xA;&#x9;at okhttp3.internal.http.RealInterceptorChain.proceed(RealInterceptorChain.java:121)&#xD;&#xA;&#x9;at okhttp3.RealCall.getResponseWithInterceptorChain(RealCall.java:200)&#xD;&#xA;&#x9;at okhttp3.RealCall.execute(RealCall.java:77)&#xD;&#xA;&#x9;at org.openqa.selenium.remote.internal.OkHttpClient.execute(OkHttpClient.java:103)&#xD;&#xA;&#x9;at org.openqa.selenium.remote.HttpCommandExecutor.execute(HttpCommandExecutor.java:155)&#xD;&#xA;&#x9;at org.openqa.selenium.remote.service.DriverCommandExecutor.execute(DriverCommandExecutor.java:83)&#xD;&#xA;&#x9;at org.openqa.selenium.remote.RemoteWebDriver.execute(RemoteWebDriver.java:552)&#xD;&#xA;&#x9;at com.kms.katalon.selenium.driver.CChromeDriver.execute(CChromeDriver.java:20)&#xD;&#xA;&#x9;at org.openqa.selenium.remote.RemoteWebDriver.findElements(RemoteWebDriver.java:353)&#xD;&#xA;&#x9;at org.openqa.selenium.remote.RemoteWebDriver.findElementsByXPath(RemoteWebDriver.java:432)&#xD;&#xA;&#x9;at org.openqa.selenium.By$ByXPath.findElements(By.java:348)&#xD;&#xA;&#x9;at org.openqa.selenium.remote.RemoteWebDriver.findElements(RemoteWebDriver.java:311)&#xD;&#xA;&#x9;at com.kms.katalon.core.webui.common.WebUiCommonHelper.findWebElements(WebUiCommonHelper.java:761)&#xD;&#xA;&#x9;at com.kms.katalon.core.webui.common.WebUiCommonHelper.findWebElement(WebUiCommonHelper.java:1093)&#xD;&#xA;&#x9;at com.kms.katalon.core.webui.keyword.internal.WebUIAbstractKeyword.findWebElement(WebUIAbstractKeyword.groovy:27)&#xD;&#xA;&#x9;at com.kms.katalon.core.webui.keyword.internal.WebUIAbstractKeyword.findWebElement(WebUIAbstractKeyword.groovy:26)&#xD;&#xA;&#x9;at com.kms.katalon.core.webui.keyword.builtin.SendKeysKeyword$_sendKeys_closure1.doCall(SendKeysKeyword.groovy:52)&#xD;&#xA;&#x9;at com.kms.katalon.core.webui.keyword.builtin.SendKeysKeyword$_sendKeys_closure1.call(SendKeysKeyword.groovy)&#xD;&#xA;&#x9;at com.kms.katalon.core.webui.keyword.internal.WebUIKeywordMain.runKeyword(WebUIKeywordMain.groovy:20)&#xD;&#xA;&#x9;at com.kms.katalon.core.webui.keyword.builtin.SendKeysKeyword.sendKeys(SendKeysKeyword.groovy:60)&#xD;&#xA;&#x9;at com.kms.katalon.core.webui.keyword.builtin.SendKeysKeyword.execute(SendKeysKeyword.groovy:38)&#xD;&#xA;&#x9;at com.kms.katalon.core.keyword.internal.KeywordExecutor.executeKeywordForPlatform(KeywordExecutor.groovy:56)&#xD;&#xA;&#x9;at com.kms.katalon.core.webui.keyword.WebUiBuiltInKeywords.sendKeys(WebUiBuiltInKeywords.groovy:834)&#xD;&#xA;&#x9;at com.kms.katalon.core.webui.keyword.WebUiBuiltInKeywords$sendKeys$1.call(Unknown Source)&#xD;&#xA;&#x9;at platform.Training.addMultipleUtterance(Training.groovy:36)&#xD;&#xA;&#x9;at platform.Method.invokeMethod(Method.groovy)&#xD;&#xA;&#x9;at com.kms.katalon.core.main.CustomKeywordDelegatingMetaClass.invokeStaticMethod(CustomKeywordDelegatingMetaClass.java:50)&#xD;&#xA;&#x9;at createIntentAndEditEntity_Test.run(createIntentAndEditEntity_Test:19)&#xD;&#xA;&#x9;... 13 more&#xD;&#xA;"/>
            <system-out>2020-11-02 18:34:33 - [TEST_CASE][FAILED] - Test Cases/TASK_SSO/createIntentAndEditEntity_Test: Test Cases/TASK_SSO/createIntentAndEditEntity_Test FAILED.
Reason:
com.kms.katalon.core.exception.StepFailedException: Unable to send keys 'Status of my order' to object 'Object Repository/Input/utterance'&#xD;
	at com.kms.katalon.core.webui.keyword.internal.WebUIKeywordMain.stepFailed(WebUIKeywordMain.groovy:64)&#xD;
	at com.kms.katalon.core.webui.keyword.internal.WebUIKeywordMain.runKeyword(WebUIKeywordMain.groovy:26)&#xD;
	at com.kms.katalon.core.webui.keyword.builtin.SendKeysKeyword.sendKeys(SendKeysKeyword.groovy:60)&#xD;
	at com.kms.katalon.core.webui.keyword.builtin.SendKeysKeyword.execute(SendKeysKeyword.groovy:38)&#xD;
	at com.kms.katalon.core.keyword.internal.KeywordExecutor.executeKeywordForPlatform(KeywordExecutor.groovy:56)&#xD;
	at com.kms.katalon.core.webui.keyword.WebUiBuiltInKeywords.sendKeys(WebUiBuiltInKeywords.groovy:834)&#xD;
	at com.kms.katalon.core.webui.keyword.WebUiBuiltInKeywords$sendKeys$1.call(Unknown Source)&#xD;
	at platform.Training.addMultipleUtterance(Training.groovy:36)&#xD;
	at platform.Method.invokeMethod(Method.groovy)&#xD;
	at com.kms.katalon.core.main.CustomKeywordDelegatingMetaClass.invokeStaticMethod(CustomKeywordDelegatingMetaClass.java:50)&#xD;
	at createIntentAndEditEntity_Test.run(createIntentAndEditEntity_Test:19)&#xD;
	at com.kms.katalon.core.main.ScriptEngine.run(ScriptEngine.java:194)&#xD;
	at com.kms.katalon.core.main.ScriptEngine.runScriptAsRawText(ScriptEngine.java:119)&#xD;
	at com.kms.katalon.core.main.TestCaseExecutor.runScript(TestCaseExecutor.java:337)&#xD;
	at com.kms.katalon.core.main.TestCaseExecutor.doExecute(TestCaseExecutor.java:328)&#xD;
	at com.kms.katalon.core.main.TestCaseExecutor.processExecutionPhase(TestCaseExecutor.java:307)&#xD;
	at com.kms.katalon.core.main.TestCaseExecutor.accessMainPhase(TestCaseExecutor.java:299)&#xD;
	at com.kms.katalon.core.main.TestCaseExecutor.execute(TestCaseExecutor.java:233)&#xD;
	at com.kms.katalon.core.main.TestSuiteExecutor.accessTestCaseMainPhase(TestSuiteExecutor.java:169)&#xD;
	at com.kms.katalon.core.main.TestSuiteExecutor.accessTestSuiteMainPhase(TestSuiteExecutor.java:142)&#xD;
	at com.kms.katalon.core.main.TestSuiteExecutor.execute(TestSuiteExecutor.java:91)&#xD;
	at com.kms.katalon.core.main.TestCaseMain.startTestSuite(TestCaseMain.java:157)&#xD;
	at com.kms.katalon.core.main.TestCaseMain$startTestSuite$0.call(Unknown Source)&#xD;
	at TempTestSuite1604321309179.run(TempTestSuite1604321309179.groovy:35)&#xD;
Caused by: org.openqa.selenium.WebDriverException: java.net.ConnectException: Failed to connect to localhost/0:0:0:0:0:0:0:1:48717
Build info: version: '3.141.59', revision: 'e82be7d358', time: '2018-11-14T08:25:53'
System info: host: 'WLPT580', ip: '192.168.29.195', os.name: 'Windows 8.1', os.arch: 'amd64', os.version: '6.3', java.version: '1.8.0_181'
Driver info: driver.version: RemoteWebDriver&#xD;
	at org.openqa.selenium.remote.service.DriverCommandExecutor.execute(DriverCommandExecutor.java:92)&#xD;
	at org.openqa.selenium.remote.RemoteWebDriver.execute(RemoteWebDriver.java:552)&#xD;
	at com.kms.katalon.selenium.driver.CChromeDriver.execute(CChromeDriver.java:20)&#xD;
	at org.openqa.selenium.remote.RemoteWebDriver.findElements(RemoteWebDriver.java:353)&#xD;
	at org.openqa.selenium.remote.RemoteWebDriver.findElementsByXPath(RemoteWebDriver.java:432)&#xD;
	at org.openqa.selenium.By$ByXPath.findElements(By.java:348)&#xD;
	at org.openqa.selenium.remote.RemoteWebDriver.findElements(RemoteWebDriver.java:311)&#xD;
	at com.kms.katalon.core.webui.common.WebUiCommonHelper.findWebElements(WebUiCommonHelper.java:761)&#xD;
	at com.kms.katalon.core.webui.common.WebUiCommonHelper.findWebElement(WebUiCommonHelper.java:1093)&#xD;
	at com.kms.katalon.core.webui.keyword.internal.WebUIAbstractKeyword.findWebElement(WebUIAbstractKeyword.groovy:27)&#xD;
	at com.kms.katalon.core.webui.keyword.internal.WebUIAbstractKeyword.findWebElement(WebUIAbstractKeyword.groovy:26)&#xD;
	at com.kms.katalon.core.webui.keyword.builtin.SendKeysKeyword$_sendKeys_closure1.doCall(SendKeysKeyword.groovy:52)&#xD;
	at com.kms.katalon.core.webui.keyword.builtin.SendKeysKeyword$_sendKeys_closure1.call(SendKeysKeyword.groovy)&#xD;
	at com.kms.katalon.core.webui.keyword.internal.WebUIKeywordMain.runKeyword(WebUIKeywordMain.groovy:20)&#xD;
	at com.kms.katalon.core.webui.keyword.builtin.SendKeysKeyword.sendKeys(SendKeysKeyword.groovy:60)&#xD;
	at com.kms.katalon.core.webui.keyword.builtin.SendKeysKeyword.execute(SendKeysKeyword.groovy:38)&#xD;
	at com.kms.katalon.core.keyword.internal.KeywordExecutor.executeKeywordForPlatform(KeywordExecutor.groovy:56)&#xD;
	at com.kms.katalon.core.webui.keyword.WebUiBuiltInKeywords.sendKeys(WebUiBuiltInKeywords.groovy:834)&#xD;
	at com.kms.katalon.core.webui.keyword.WebUiBuiltInKeywords$sendKeys$1.call(Unknown Source)&#xD;
	at platform.Training.addMultipleUtterance(Training.groovy:36)&#xD;
	at platform.Method.invokeMethod(Method.groovy)&#xD;
	at com.kms.katalon.core.main.CustomKeywordDelegatingMetaClass.invokeStaticMethod(CustomKeywordDelegatingMetaClass.java:50)&#xD;
	at Script1598969040490.run(Script1598969040490.groovy:19)&#xD;
	... 13 more&#xD;
Caused by: java.net.ConnectException: Failed to connect to localhost/0:0:0:0:0:0:0:1:48717&#xD;
	at okhttp3.internal.connection.RealConnection.connectSocket(RealConnection.java:247)&#xD;
	at okhttp3.internal.connection.RealConnection.connect(RealConnection.java:165)&#xD;
	at okhttp3.internal.connection.StreamAllocation.findConnection(StreamAllocation.java:257)&#xD;
	at okhttp3.internal.connection.StreamAllocation.findHealthyConnection(StreamAllocation.java:135)&#xD;
	at okhttp3.internal.connection.StreamAllocation.newStream(StreamAllocation.java:114)&#xD;
	at okhttp3.internal.connection.ConnectInterceptor.intercept(ConnectInterceptor.java:42)&#xD;
	at okhttp3.internal.http.RealInterceptorChain.proceed(RealInterceptorChain.java:147)&#xD;
	at okhttp3.internal.http.RealInterceptorChain.proceed(RealInterceptorChain.java:121)&#xD;
	at okhttp3.internal.cache.CacheInterceptor.intercept(CacheInterceptor.java:93)&#xD;
	at okhttp3.internal.http.RealInterceptorChain.proceed(RealInterceptorChain.java:147)&#xD;
	at okhttp3.internal.http.RealInterceptorChain.proceed(RealInterceptorChain.java:121)&#xD;
	at okhttp3.internal.http.BridgeInterceptor.intercept(BridgeInterceptor.java:93)&#xD;
	at okhttp3.internal.http.RealInterceptorChain.proceed(RealInterceptorChain.java:147)&#xD;
	at okhttp3.internal.http.RetryAndFollowUpInterceptor.intercept(RetryAndFollowUpInterceptor.java:126)&#xD;
	at okhttp3.internal.http.RealInterceptorChain.proceed(RealInterceptorChain.java:147)&#xD;
	at okhttp3.internal.http.RealInterceptorChain.proceed(RealInterceptorChain.java:121)&#xD;
	at okhttp3.RealCall.getResponseWithInterceptorChain(RealCall.java:200)&#xD;
	at okhttp3.RealCall.execute(RealCall.java:77)&#xD;
	at org.openqa.selenium.remote.internal.OkHttpClient.execute(OkHttpClient.java:103)&#xD;
	at org.openqa.selenium.remote.HttpCommandExecutor.execute(HttpCommandExecutor.java:155)&#xD;
	at org.openqa.selenium.remote.service.DriverCommandExecutor.execute(DriverCommandExecutor.java:83)&#xD;
	... 35 more&#xD;
Caused by: java.net.ConnectException: Connection refused: connect&#xD;
	at okhttp3.internal.platform.Platform.connectSocket(Platform.java:129)&#xD;
	at okhttp3.internal.connection.RealConnection.connectSocket(RealConnection.java:245)&#xD;
	at okhttp3.internal.connection.RealConnection.connect(RealConnection.java:165)&#xD;
	at okhttp3.internal.connection.StreamAllocation.findConnection(StreamAllocation.java:257)&#xD;
	at okhttp3.internal.connection.StreamAllocation.findHealthyConnection(StreamAllocation.java:135)&#xD;
	at okhttp3.internal.connection.StreamAllocation.newStream(StreamAllocation.java:114)&#xD;
	at okhttp3.internal.connection.ConnectInterceptor.intercept(ConnectInterceptor.java:42)&#xD;
	at okhttp3.internal.http.RealInterceptorChain.proceed(RealInterceptorChain.java:147)&#xD;
	at okhttp3.internal.http.RealInterceptorChain.proceed(RealInterceptorChain.java:121)&#xD;
	at okhttp3.internal.cache.CacheInterceptor.intercept(CacheInterceptor.java:93)&#xD;
	at okhttp3.internal.http.RealInterceptorChain.proceed(RealInterceptorChain.java:147)&#xD;
	at okhttp3.internal.http.RealInterceptorChain.proceed(RealInterceptorChain.java:121)&#xD;
	at okhttp3.internal.http.BridgeInterceptor.intercept(BridgeInterceptor.java:93)&#xD;
	at okhttp3.internal.http.RealInterceptorChain.proceed(RealInterceptorChain.java:147)&#xD;
	at okhttp3.internal.http.RetryAndFollowUpInterceptor.intercept(RetryAndFollowUpInterceptor.java:126)&#xD;
	at okhttp3.internal.http.RealInterceptorChain.proceed(RealInterceptorChain.java:147)&#xD;
	at okhttp3.internal.http.RealInterceptorChain.proceed(RealInterceptorChain.java:121)&#xD;
	at okhttp3.RealCall.getResponseWithInterceptorChain(RealCall.java:200)&#xD;
	at okhttp3.RealCall.execute(RealCall.java:77)&#xD;
	at org.openqa.selenium.remote.internal.OkHttpClient.execute(OkHttpClient.java:103)&#xD;
	at org.openqa.selenium.remote.HttpCommandExecutor.execute(HttpCommandExecutor.java:155)&#xD;
	at org.openqa.selenium.remote.service.DriverCommandExecutor.execute(DriverCommandExecutor.java:83)&#xD;
	at org.openqa.selenium.remote.RemoteWebDriver.execute(RemoteWebDriver.java:552)&#xD;
	at com.kms.katalon.selenium.driver.CChromeDriver.execute(CChromeDriver.java:20)&#xD;
	at org.openqa.selenium.remote.RemoteWebDriver.findElements(RemoteWebDriver.java:353)&#xD;
	at org.openqa.selenium.remote.RemoteWebDriver.findElementsByXPath(RemoteWebDriver.java:432)&#xD;
	at org.openqa.selenium.By$ByXPath.findElements(By.java:348)&#xD;
	at org.openqa.selenium.remote.RemoteWebDriver.findElements(RemoteWebDriver.java:311)&#xD;
	at com.kms.katalon.core.webui.common.WebUiCommonHelper.findWebElements(WebUiCommonHelper.java:761)&#xD;
	at com.kms.katalon.core.webui.common.WebUiCommonHelper.findWebElement(WebUiCommonHelper.java:1093)&#xD;
	at com.kms.katalon.core.webui.keyword.internal.WebUIAbstractKeyword.findWebElement(WebUIAbstractKeyword.groovy:27)&#xD;
	at com.kms.katalon.core.webui.keyword.internal.WebUIAbstractKeyword.findWebElement(WebUIAbstractKeyword.groovy:26)&#xD;
	at com.kms.katalon.core.webui.keyword.builtin.SendKeysKeyword$_sendKeys_closure1.doCall(SendKeysKeyword.groovy:52)&#xD;
	at com.kms.katalon.core.webui.keyword.builtin.SendKeysKeyword$_sendKeys_closure1.call(SendKeysKeyword.groovy)&#xD;
	at com.kms.katalon.core.webui.keyword.internal.WebUIKeywordMain.runKeyword(WebUIKeywordMain.groovy:20)&#xD;
	at com.kms.katalon.core.webui.keyword.builtin.SendKeysKeyword.sendKeys(SendKeysKeyword.groovy:60)&#xD;
	at com.kms.katalon.core.webui.keyword.builtin.SendKeysKeyword.execute(SendKeysKeyword.groovy:38)&#xD;
	at com.kms.katalon.core.keyword.internal.KeywordExecutor.executeKeywordForPlatform(KeywordExecutor.groovy:56)&#xD;
	at com.kms.katalon.core.webui.keyword.WebUiBuiltInKeywords.sendKeys(WebUiBuiltInKeywords.groovy:834)&#xD;
	at com.kms.katalon.core.webui.keyword.WebUiBuiltInKeywords$sendKeys$1.call(Unknown Source)&#xD;
	at platform.Training.addMultipleUtterance(Training.groovy:36)&#xD;
	at platform.Method.invokeMethod(Method.groovy)&#xD;
	at com.kms.katalon.core.main.CustomKeywordDelegatingMetaClass.invokeStaticMethod(CustomKeywordDelegatingMetaClass.java:50)&#xD;
	at createIntentAndEditEntity_Test.run(createIntentAndEditEntity_Test:19)&#xD;
	... 13 more&#xD;
&#xD;
&#xD;
2020-11-02 18:34:34 - [TEST_STEP][PASSED] - platform.Method.clickOnElement(findTestObject("Generic/webObjectWithText", ["textValue":"Intents"])): platform.Method.clickOnElement is PASSED&#xD;
&#xD;
2020-11-02 18:34:36 - [MESSAGE][PASSED] - platform.Method.clickOnElement is PASSED&#xD;
&#xD;
2020-11-02 18:34:36 - [TEST_STEP][PASSED] - testData = findTestData("Data Files/testData_Task"): null&#xD;
&#xD;
2020-11-02 18:34:37 - [TEST_STEP][FAILED] - platform.Training.addMultipleUtterance(testData, "track_order_utterance"): Unable to send keys 'Status of my order' to object 'Object Repository/Input/utterance'&#xD;
&#xD;
2020-11-02 18:34:43 - [MESSAGE][PASSED] - Keys 'When will I receive my order?' sent to object: 'Object Repository/Input/utterance'&#xD;
&#xD;
2020-11-02 18:34:51 - [MESSAGE][PASSED] - Delayed 5 second(s)&#xD;
&#xD;
2020-11-02 18:34:54 - [MESSAGE][PASSED] - Keys 'Track status of order number 00001234' sent to object: 'Object Repository/Input/utterance'&#xD;
&#xD;
2020-11-02 18:35:01 - [MESSAGE][PASSED] - Delayed 5 second(s)&#xD;
&#xD;
2020-11-02 18:35:21 - [MESSAGE][WARNING] - Cannot take screenshot&#xD;
&#xD;
2020-11-02 18:35:21 - [MESSAGE][FAILED] - Unable to send keys 'Status of my order' to object 'Object Repository/Input/utterance' (Root cause: com.kms.katalon.core.exception.StepFailedException: Unable to send keys 'Status of my order' to object 'Object Repository/Input/utterance'&#xD;
	at com.kms.katalon.core.webui.keyword.internal.WebUIKeywordMain.stepFailed(WebUIKeywordMain.groovy:64)&#xD;
	at com.kms.katalon.core.webui.keyword.internal.WebUIKeywordMain.runKeyword(WebUIKeywordMain.groovy:26)&#xD;
	at com.kms.katalon.core.webui.keyword.builtin.SendKeysKeyword.sendKeys(SendKeysKeyword.groovy:60)&#xD;
	at com.kms.katalon.core.webui.keyword.builtin.SendKeysKeyword.execute(SendKeysKeyword.groovy:38)&#xD;
	at com.kms.katalon.core.keyword.internal.KeywordExecutor.executeKeywordForPlatform(KeywordExecutor.groovy:56)&#xD;
	at com.kms.katalon.core.webui.keyword.WebUiBuiltInKeywords.sendKeys(WebUiBuiltInKeywords.groovy:834)&#xD;
	at com.kms.katalon.core.webui.keyword.WebUiBuiltInKeywords$sendKeys$1.call(Unknown Source)&#xD;
	at platform.Training.addMultipleUtterance(Training.groovy:36)&#xD;
	at platform.Method.invokeMethod(Method.groovy)&#xD;
	at com.kms.katalon.core.main.CustomKeywordDelegatingMetaClass.invokeStaticMethod(CustomKeywordDelegatingMetaClass.java:50)&#xD;
	at createIntentAndEditEntity_Test.run(createIntentAndEditEntity_Test:19)&#xD;
	at com.kms.katalon.core.main.ScriptEngine.run(ScriptEngine.java:194)&#xD;
	at com.kms.katalon.core.main.ScriptEngine.runScriptAsRawText(ScriptEngine.java:119)&#xD;
	at com.kms.katalon.core.main.TestCaseExecutor.runScript(TestCaseExecutor.java:337)&#xD;
	at com.kms.katalon.core.main.TestCaseExecutor.doExecute(TestCaseExecutor.java:328)&#xD;
	at com.kms.katalon.core.main.TestCaseExecutor.processExecutionPhase(TestCaseExecutor.java:307)&#xD;
	at com.kms.katalon.core.main.TestCaseExecutor.accessMainPhase(TestCaseExecutor.java:299)&#xD;
	at com.kms.katalon.core.main.TestCaseExecutor.execute(TestCaseExecutor.java:233)&#xD;
	at com.kms.katalon.core.main.TestSuiteExecutor.accessTestCaseMainPhase(TestSuiteExecutor.java:169)&#xD;
	at com.kms.katalon.core.main.TestSuiteExecutor.accessTestSuiteMainPhase(TestSuiteExecutor.java:142)&#xD;
	at com.kms.katalon.core.main.TestSuiteExecutor.execute(TestSuiteExecutor.java:91)&#xD;
	at com.kms.katalon.core.main.TestCaseMain.startTestSuite(TestCaseMain.java:157)&#xD;
	at com.kms.katalon.core.main.TestCaseMain$startTestSuite$0.call(Unknown Source)&#xD;
	at TempTestSuite1604321309179.run(TempTestSuite1604321309179.groovy:35)&#xD;
Caused by: org.openqa.selenium.WebDriverException: java.net.ConnectException: Failed to connect to localhost/0:0:0:0:0:0:0:1:48717
Build info: version: '3.141.59', revision: 'e82be7d358', time: '2018-11-14T08:25:53'
System info: host: 'WLPT580', ip: '192.168.29.195', os.name: 'Windows 8.1', os.arch: 'amd64', os.version: '6.3', java.version: '1.8.0_181'
Driver info: driver.version: RemoteWebDriver&#xD;
	at org.openqa.selenium.remote.service.DriverCommandExecutor.execute(DriverCommandExecutor.java:92)&#xD;
	at org.openqa.selenium.remote.RemoteWebDriver.execute(RemoteWebDriver.java:552)&#xD;
	at com.kms.katalon.selenium.driver.CChromeDriver.execute(CChromeDriver.java:20)&#xD;
	at org.openqa.selenium.remote.RemoteWebDriver.findElements(RemoteWebDriver.java:353)&#xD;
	at org.openqa.selenium.remote.RemoteWebDriver.findElementsByXPath(RemoteWebDriver.java:432)&#xD;
	at org.openqa.selenium.By$ByXPath.findElements(By.java:348)&#xD;
	at org.openqa.selenium.remote.RemoteWebDriver.findElements(RemoteWebDriver.java:311)&#xD;
	at com.kms.katalon.core.webui.common.WebUiCommonHelper.findWebElements(WebUiCommonHelper.java:761)&#xD;
	at com.kms.katalon.core.webui.common.WebUiCommonHelper.findWebElement(WebUiCommonHelper.java:1093)&#xD;
	at com.kms.katalon.core.webui.keyword.internal.WebUIAbstractKeyword.findWebElement(WebUIAbstractKeyword.groovy:27)&#xD;
	at com.kms.katalon.core.webui.keyword.internal.WebUIAbstractKeyword.findWebElement(WebUIAbstractKeyword.groovy:26)&#xD;
	at com.kms.katalon.core.webui.keyword.builtin.SendKeysKeyword$_sendKeys_closure1.doCall(SendKeysKeyword.groovy:52)&#xD;
	at com.kms.katalon.core.webui.keyword.builtin.SendKeysKeyword$_sendKeys_closure1.call(SendKeysKeyword.groovy)&#xD;
	at com.kms.katalon.core.webui.keyword.internal.WebUIKeywordMain.runKeyword(WebUIKeywordMain.groovy:20)&#xD;
	at com.kms.katalon.core.webui.keyword.builtin.SendKeysKeyword.sendKeys(SendKeysKeyword.groovy:60)&#xD;
	at com.kms.katalon.core.webui.keyword.builtin.SendKeysKeyword.execute(SendKeysKeyword.groovy:38)&#xD;
	at com.kms.katalon.core.keyword.internal.KeywordExecutor.executeKeywordForPlatform(KeywordExecutor.groovy:56)&#xD;
	at com.kms.katalon.core.webui.keyword.WebUiBuiltInKeywords.sendKeys(WebUiBuiltInKeywords.groovy:834)&#xD;
	at com.kms.katalon.core.webui.keyword.WebUiBuiltInKeywords$sendKeys$1.call(Unknown Source)&#xD;
	at platform.Training.addMultipleUtterance(Training.groovy:36)&#xD;
	at platform.Method.invokeMethod(Method.groovy)&#xD;
	at com.kms.katalon.core.main.CustomKeywordDelegatingMetaClass.invokeStaticMethod(CustomKeywordDelegatingMetaClass.java:50)&#xD;
	at Script1598969040490.run(Script1598969040490.groovy:19)&#xD;
	... 13 more&#xD;
Caused by: java.net.ConnectException: Failed to connect to localhost/0:0:0:0:0:0:0:1:48717&#xD;
	at okhttp3.internal.connection.RealConnection.connectSocket(RealConnection.java:247)&#xD;
	at okhttp3.internal.connection.RealConnection.connect(RealConnection.java:165)&#xD;
	at okhttp3.internal.connection.StreamAllocation.findConnection(StreamAllocation.java:257)&#xD;
	at okhttp3.internal.connection.StreamAllocation.findHealthyConnection(StreamAllocation.java:135)&#xD;
	at okhttp3.internal.connection.StreamAllocation.newStream(StreamAllocation.java:114)&#xD;
	at okhttp3.internal.connection.ConnectInterceptor.intercept(ConnectInterceptor.java:42)&#xD;
	at okhttp3.internal.http.RealInterceptorChain.proceed(RealInterceptorChain.java:147)&#xD;
	at okhttp3.internal.http.RealInterceptorChain.proceed(RealInterceptorChain.java:121)&#xD;
	at okhttp3.internal.cache.CacheInterceptor.intercept(CacheInterceptor.java:93)&#xD;
	at okhttp3.internal.http.RealInterceptorChain.proceed(RealInterceptorChain.java:147)&#xD;
	at okhttp3.internal.http.RealInterceptorChain.proceed(RealInterceptorChain.java:121)&#xD;
	at okhttp3.internal.http.BridgeInterceptor.intercept(BridgeInterceptor.java:93)&#xD;
	at okhttp3.internal.http.RealInterceptorChain.proceed(RealInterceptorChain.java:147)&#xD;
	at okhttp3.internal.http.RetryAndFollowUpInterceptor.intercept(RetryAndFollowUpInterceptor.java:126)&#xD;
	at okhttp3.internal.http.RealInterceptorChain.proceed(RealInterceptorChain.java:147)&#xD;
	at okhttp3.internal.http.RealInterceptorChain.proceed(RealInterceptorChain.java:121)&#xD;
	at okhttp3.RealCall.getResponseWithInterceptorChain(RealCall.java:200)&#xD;
	at okhttp3.RealCall.execute(RealCall.java:77)&#xD;
	at org.openqa.selenium.remote.internal.OkHttpClient.execute(OkHttpClient.java:103)&#xD;
	at org.openqa.selenium.remote.HttpCommandExecutor.execute(HttpCommandExecutor.java:155)&#xD;
	at org.openqa.selenium.remote.service.DriverCommandExecutor.execute(DriverCommandExecutor.java:83)&#xD;
	... 35 more&#xD;
Caused by: java.net.ConnectException: Connection refused: connect&#xD;
	at okhttp3.internal.platform.Platform.connectSocket(Platform.java:129)&#xD;
	at okhttp3.internal.connection.RealConnection.connectSocket(RealConnection.java:245)&#xD;
	... 55 more&#xD;
)&#xD;
&#xD;
2020-11-02 18:35:21 - [MESSAGE][FAILED] - Unable to send keys 'Status of my order' to object 'Object Repository/Input/utterance'</system-out>
            <system-err>2020-11-02 18:34:33 - [TEST_CASE][FAILED] - Test Cases/TASK_SSO/createIntentAndEditEntity_Test: Test Cases/TASK_SSO/createIntentAndEditEntity_Test FAILED.
Reason:
com.kms.katalon.core.exception.StepFailedException: Unable to send keys 'Status of my order' to object 'Object Repository/Input/utterance'&#xD;
	at com.kms.katalon.core.webui.keyword.internal.WebUIKeywordMain.stepFailed(WebUIKeywordMain.groovy:64)&#xD;
	at com.kms.katalon.core.webui.keyword.internal.WebUIKeywordMain.runKeyword(WebUIKeywordMain.groovy:26)&#xD;
	at com.kms.katalon.core.webui.keyword.builtin.SendKeysKeyword.sendKeys(SendKeysKeyword.groovy:60)&#xD;
	at com.kms.katalon.core.webui.keyword.builtin.SendKeysKeyword.execute(SendKeysKeyword.groovy:38)&#xD;
	at com.kms.katalon.core.keyword.internal.KeywordExecutor.executeKeywordForPlatform(KeywordExecutor.groovy:56)&#xD;
	at com.kms.katalon.core.webui.keyword.WebUiBuiltInKeywords.sendKeys(WebUiBuiltInKeywords.groovy:834)&#xD;
	at com.kms.katalon.core.webui.keyword.WebUiBuiltInKeywords$sendKeys$1.call(Unknown Source)&#xD;
	at platform.Training.addMultipleUtterance(Training.groovy:36)&#xD;
	at platform.Method.invokeMethod(Method.groovy)&#xD;
	at com.kms.katalon.core.main.CustomKeywordDelegatingMetaClass.invokeStaticMethod(CustomKeywordDelegatingMetaClass.java:50)&#xD;
	at createIntentAndEditEntity_Test.run(createIntentAndEditEntity_Test:19)&#xD;
	at com.kms.katalon.core.main.ScriptEngine.run(ScriptEngine.java:194)&#xD;
	at com.kms.katalon.core.main.ScriptEngine.runScriptAsRawText(ScriptEngine.java:119)&#xD;
	at com.kms.katalon.core.main.TestCaseExecutor.runScript(TestCaseExecutor.java:337)&#xD;
	at com.kms.katalon.core.main.TestCaseExecutor.doExecute(TestCaseExecutor.java:328)&#xD;
	at com.kms.katalon.core.main.TestCaseExecutor.processExecutionPhase(TestCaseExecutor.java:307)&#xD;
	at com.kms.katalon.core.main.TestCaseExecutor.accessMainPhase(TestCaseExecutor.java:299)&#xD;
	at com.kms.katalon.core.main.TestCaseExecutor.execute(TestCaseExecutor.java:233)&#xD;
	at com.kms.katalon.core.main.TestSuiteExecutor.accessTestCaseMainPhase(TestSuiteExecutor.java:169)&#xD;
	at com.kms.katalon.core.main.TestSuiteExecutor.accessTestSuiteMainPhase(TestSuiteExecutor.java:142)&#xD;
	at com.kms.katalon.core.main.TestSuiteExecutor.execute(TestSuiteExecutor.java:91)&#xD;
	at com.kms.katalon.core.main.TestCaseMain.startTestSuite(TestCaseMain.java:157)&#xD;
	at com.kms.katalon.core.main.TestCaseMain$startTestSuite$0.call(Unknown Source)&#xD;
	at TempTestSuite1604321309179.run(TempTestSuite1604321309179.groovy:35)&#xD;
Caused by: org.openqa.selenium.WebDriverException: java.net.ConnectException: Failed to connect to localhost/0:0:0:0:0:0:0:1:48717
Build info: version: '3.141.59', revision: 'e82be7d358', time: '2018-11-14T08:25:53'
System info: host: 'WLPT580', ip: '192.168.29.195', os.name: 'Windows 8.1', os.arch: 'amd64', os.version: '6.3', java.version: '1.8.0_181'
Driver info: driver.version: RemoteWebDriver&#xD;
	at org.openqa.selenium.remote.service.DriverCommandExecutor.execute(DriverCommandExecutor.java:92)&#xD;
	at org.openqa.selenium.remote.RemoteWebDriver.execute(RemoteWebDriver.java:552)&#xD;
	at com.kms.katalon.selenium.driver.CChromeDriver.execute(CChromeDriver.java:20)&#xD;
	at org.openqa.selenium.remote.RemoteWebDriver.findElements(RemoteWebDriver.java:353)&#xD;
	at org.openqa.selenium.remote.RemoteWebDriver.findElementsByXPath(RemoteWebDriver.java:432)&#xD;
	at org.openqa.selenium.By$ByXPath.findElements(By.java:348)&#xD;
	at org.openqa.selenium.remote.RemoteWebDriver.findElements(RemoteWebDriver.java:311)&#xD;
	at com.kms.katalon.core.webui.common.WebUiCommonHelper.findWebElements(WebUiCommonHelper.java:761)&#xD;
	at com.kms.katalon.core.webui.common.WebUiCommonHelper.findWebElement(WebUiCommonHelper.java:1093)&#xD;
	at com.kms.katalon.core.webui.keyword.internal.WebUIAbstractKeyword.findWebElement(WebUIAbstractKeyword.groovy:27)&#xD;
	at com.kms.katalon.core.webui.keyword.internal.WebUIAbstractKeyword.findWebElement(WebUIAbstractKeyword.groovy:26)&#xD;
	at com.kms.katalon.core.webui.keyword.builtin.SendKeysKeyword$_sendKeys_closure1.doCall(SendKeysKeyword.groovy:52)&#xD;
	at com.kms.katalon.core.webui.keyword.builtin.SendKeysKeyword$_sendKeys_closure1.call(SendKeysKeyword.groovy)&#xD;
	at com.kms.katalon.core.webui.keyword.internal.WebUIKeywordMain.runKeyword(WebUIKeywordMain.groovy:20)&#xD;
	at com.kms.katalon.core.webui.keyword.builtin.SendKeysKeyword.sendKeys(SendKeysKeyword.groovy:60)&#xD;
	at com.kms.katalon.core.webui.keyword.builtin.SendKeysKeyword.execute(SendKeysKeyword.groovy:38)&#xD;
	at com.kms.katalon.core.keyword.internal.KeywordExecutor.executeKeywordForPlatform(KeywordExecutor.groovy:56)&#xD;
	at com.kms.katalon.core.webui.keyword.WebUiBuiltInKeywords.sendKeys(WebUiBuiltInKeywords.groovy:834)&#xD;
	at com.kms.katalon.core.webui.keyword.WebUiBuiltInKeywords$sendKeys$1.call(Unknown Source)&#xD;
	at platform.Training.addMultipleUtterance(Training.groovy:36)&#xD;
	at platform.Method.invokeMethod(Method.groovy)&#xD;
	at com.kms.katalon.core.main.CustomKeywordDelegatingMetaClass.invokeStaticMethod(CustomKeywordDelegatingMetaClass.java:50)&#xD;
	at Script1598969040490.run(Script1598969040490.groovy:19)&#xD;
	... 13 more&#xD;
Caused by: java.net.ConnectException: Failed to connect to localhost/0:0:0:0:0:0:0:1:48717&#xD;
	at okhttp3.internal.connection.RealConnection.connectSocket(RealConnection.java:247)&#xD;
	at okhttp3.internal.connection.RealConnection.connect(RealConnection.java:165)&#xD;
	at okhttp3.internal.connection.StreamAllocation.findConnection(StreamAllocation.java:257)&#xD;
	at okhttp3.internal.connection.StreamAllocation.findHealthyConnection(StreamAllocation.java:135)&#xD;
	at okhttp3.internal.connection.StreamAllocation.newStream(StreamAllocation.java:114)&#xD;
	at okhttp3.internal.connection.ConnectInterceptor.intercept(ConnectInterceptor.java:42)&#xD;
	at okhttp3.internal.http.RealInterceptorChain.proceed(RealInterceptorChain.java:147)&#xD;
	at okhttp3.internal.http.RealInterceptorChain.proceed(RealInterceptorChain.java:121)&#xD;
	at okhttp3.internal.cache.CacheInterceptor.intercept(CacheInterceptor.java:93)&#xD;
	at okhttp3.internal.http.RealInterceptorChain.proceed(RealInterceptorChain.java:147)&#xD;
	at okhttp3.internal.http.RealInterceptorChain.proceed(RealInterceptorChain.java:121)&#xD;
	at okhttp3.internal.http.BridgeInterceptor.intercept(BridgeInterceptor.java:93)&#xD;
	at okhttp3.internal.http.RealInterceptorChain.proceed(RealInterceptorChain.java:147)&#xD;
	at okhttp3.internal.http.RetryAndFollowUpInterceptor.intercept(RetryAndFollowUpInterceptor.java:126)&#xD;
	at okhttp3.internal.http.RealInterceptorChain.proceed(RealInterceptorChain.java:147)&#xD;
	at okhttp3.internal.http.RealInterceptorChain.proceed(RealInterceptorChain.java:121)&#xD;
	at okhttp3.RealCall.getResponseWithInterceptorChain(RealCall.java:200)&#xD;
	at okhttp3.RealCall.execute(RealCall.java:77)&#xD;
	at org.openqa.selenium.remote.internal.OkHttpClient.execute(OkHttpClient.java:103)&#xD;
	at org.openqa.selenium.remote.HttpCommandExecutor.execute(HttpCommandExecutor.java:155)&#xD;
	at org.openqa.selenium.remote.service.DriverCommandExecutor.execute(DriverCommandExecutor.java:83)&#xD;
	... 35 more&#xD;
Caused by: java.net.ConnectException: Connection refused: connect&#xD;
	at okhttp3.internal.platform.Platform.connectSocket(Platform.java:129)&#xD;
	at okhttp3.internal.connection.RealConnection.connectSocket(RealConnection.java:245)&#xD;
	at okhttp3.internal.connection.RealConnection.connect(RealConnection.java:165)&#xD;
	at okhttp3.internal.connection.StreamAllocation.findConnection(StreamAllocation.java:257)&#xD;
	at okhttp3.internal.connection.StreamAllocation.findHealthyConnection(StreamAllocation.java:135)&#xD;
	at okhttp3.internal.connection.StreamAllocation.newStream(StreamAllocation.java:114)&#xD;
	at okhttp3.internal.connection.ConnectInterceptor.intercept(ConnectInterceptor.java:42)&#xD;
	at okhttp3.internal.http.RealInterceptorChain.proceed(RealInterceptorChain.java:147)&#xD;
	at okhttp3.internal.http.RealInterceptorChain.proceed(RealInterceptorChain.java:121)&#xD;
	at okhttp3.internal.cache.CacheInterceptor.intercept(CacheInterceptor.java:93)&#xD;
	at okhttp3.internal.http.RealInterceptorChain.proceed(RealInterceptorChain.java:147)&#xD;
	at okhttp3.internal.http.RealInterceptorChain.proceed(RealInterceptorChain.java:121)&#xD;
	at okhttp3.internal.http.BridgeInterceptor.intercept(BridgeInterceptor.java:93)&#xD;
	at okhttp3.internal.http.RealInterceptorChain.proceed(RealInterceptorChain.java:147)&#xD;
	at okhttp3.internal.http.RetryAndFollowUpInterceptor.intercept(RetryAndFollowUpInterceptor.java:126)&#xD;
	at okhttp3.internal.http.RealInterceptorChain.proceed(RealInterceptorChain.java:147)&#xD;
	at okhttp3.internal.http.RealInterceptorChain.proceed(RealInterceptorChain.java:121)&#xD;
	at okhttp3.RealCall.getResponseWithInterceptorChain(RealCall.java:200)&#xD;
	at okhttp3.RealCall.execute(RealCall.java:77)&#xD;
	at org.openqa.selenium.remote.internal.OkHttpClient.execute(OkHttpClient.java:103)&#xD;
	at org.openqa.selenium.remote.HttpCommandExecutor.execute(HttpCommandExecutor.java:155)&#xD;
	at org.openqa.selenium.remote.service.DriverCommandExecutor.execute(DriverCommandExecutor.java:83)&#xD;
	at org.openqa.selenium.remote.RemoteWebDriver.execute(RemoteWebDriver.java:552)&#xD;
	at com.kms.katalon.selenium.driver.CChromeDriver.execute(CChromeDriver.java:20)&#xD;
	at org.openqa.selenium.remote.RemoteWebDriver.findElements(RemoteWebDriver.java:353)&#xD;
	at org.openqa.selenium.remote.RemoteWebDriver.findElementsByXPath(RemoteWebDriver.java:432)&#xD;
	at org.openqa.selenium.By$ByXPath.findElements(By.java:348)&#xD;
	at org.openqa.selenium.remote.RemoteWebDriver.findElements(RemoteWebDriver.java:311)&#xD;
	at com.kms.katalon.core.webui.common.WebUiCommonHelper.findWebElements(WebUiCommonHelper.java:761)&#xD;
	at com.kms.katalon.core.webui.common.WebUiCommonHelper.findWebElement(WebUiCommonHelper.java:1093)&#xD;
	at com.kms.katalon.core.webui.keyword.internal.WebUIAbstractKeyword.findWebElement(WebUIAbstractKeyword.groovy:27)&#xD;
	at com.kms.katalon.core.webui.keyword.internal.WebUIAbstractKeyword.findWebElement(WebUIAbstractKeyword.groovy:26)&#xD;
	at com.kms.katalon.core.webui.keyword.builtin.SendKeysKeyword$_sendKeys_closure1.doCall(SendKeysKeyword.groovy:52)&#xD;
	at com.kms.katalon.core.webui.keyword.builtin.SendKeysKeyword$_sendKeys_closure1.call(SendKeysKeyword.groovy)&#xD;
	at com.kms.katalon.core.webui.keyword.internal.WebUIKeywordMain.runKeyword(WebUIKeywordMain.groovy:20)&#xD;
	at com.kms.katalon.core.webui.keyword.builtin.SendKeysKeyword.sendKeys(SendKeysKeyword.groovy:60)&#xD;
	at com.kms.katalon.core.webui.keyword.builtin.SendKeysKeyword.execute(SendKeysKeyword.groovy:38)&#xD;
	at com.kms.katalon.core.keyword.internal.KeywordExecutor.executeKeywordForPlatform(KeywordExecutor.groovy:56)&#xD;
	at com.kms.katalon.core.webui.keyword.WebUiBuiltInKeywords.sendKeys(WebUiBuiltInKeywords.groovy:834)&#xD;
	at com.kms.katalon.core.webui.keyword.WebUiBuiltInKeywords$sendKeys$1.call(Unknown Source)&#xD;
	at platform.Training.addMultipleUtterance(Training.groovy:36)&#xD;
	at platform.Method.invokeMethod(Method.groovy)&#xD;
	at com.kms.katalon.core.main.CustomKeywordDelegatingMetaClass.invokeStaticMethod(CustomKeywordDelegatingMetaClass.java:50)&#xD;
	at createIntentAndEditEntity_Test.run(createIntentAndEditEntity_Test:19)&#xD;
	... 13 more</system-err>
        </testcase>
        <testcase name="Test Cases/TASK_SSO/intentWithResponseCreation_Test" classname="Test Cases/TASK_SSO/intentWithResponseCreation_Test" status="ERROR">
            <error type="ERROR" message="Test Cases/TASK_SSO/intentWithResponseCreation_Test FAILED.&#xA;Reason:&#xA;org.openqa.selenium.WebDriverException: java.net.ConnectException: Failed to connect to localhost/0:0:0:0:0:0:0:1:48717&#xA;Build info: version: '3.141.59', revision: 'e82be7d358', time: '2018-11-14T08:25:53'&#xA;System info: host: 'WLPT580', ip: '192.168.29.195', os.name: 'Windows 8.1', os.arch: 'amd64', os.version: '6.3', java.version: '1.8.0_181'&#xA;Driver info: driver.version: RemoteWebDriver&#xD;&#xA;&#x9;at org.openqa.selenium.remote.service.DriverCommandExecutor.execute(DriverCommandExecutor.java:92)&#xD;&#xA;&#x9;at org.openqa.selenium.remote.RemoteWebDriver.execute(RemoteWebDriver.java:552)&#xD;&#xA;&#x9;at com.kms.katalon.selenium.driver.CChromeDriver.execute(CChromeDriver.java:20)&#xD;&#xA;&#x9;at org.openqa.selenium.remote.RemoteWebDriver.findElements(RemoteWebDriver.java:353)&#xD;&#xA;&#x9;at org.openqa.selenium.remote.RemoteWebDriver.findElementsByXPath(RemoteWebDriver.java:432)&#xD;&#xA;&#x9;at org.openqa.selenium.By$ByXPath.findElements(By.java:348)&#xD;&#xA;&#x9;at org.openqa.selenium.remote.RemoteWebDriver.findElements(RemoteWebDriver.java:311)&#xD;&#xA;&#x9;at com.kms.katalon.core.webui.common.WebUiCommonHelper.findWebElements(WebUiCommonHelper.java:761)&#xD;&#xA;&#x9;at com.kms.katalon.core.webui.common.WebUiCommonHelper.findWebElement(WebUiCommonHelper.java:1093)&#xD;&#xA;&#x9;at com.kms.katalon.core.webui.common.WebUiCommonHelper$findWebElement.call(Unknown Source)&#xD;&#xA;&#x9;at platform.Method.clickOnElement(Method.groovy:32)&#xD;&#xA;&#x9;at platform.Method.invokeMethod(Method.groovy)&#xD;&#xA;&#x9;at com.kms.katalon.core.main.CustomKeywordDelegatingMetaClass.invokeStaticMethod(CustomKeywordDelegatingMetaClass.java:50)&#xD;&#xA;&#x9;at intentWithResponseCreation_Test.run(intentWithResponseCreation_Test:22)&#xD;&#xA;&#x9;at com.kms.katalon.core.main.ScriptEngine.run(ScriptEngine.java:194)&#xD;&#xA;&#x9;at com.kms.katalon.core.main.ScriptEngine.runScriptAsRawText(ScriptEngine.java:119)&#xD;&#xA;&#x9;at com.kms.katalon.core.main.TestCaseExecutor.runScript(TestCaseExecutor.java:337)&#xD;&#xA;&#x9;at com.kms.katalon.core.main.TestCaseExecutor.doExecute(TestCaseExecutor.java:328)&#xD;&#xA;&#x9;at com.kms.katalon.core.main.TestCaseExecutor.processExecutionPhase(TestCaseExecutor.java:307)&#xD;&#xA;&#x9;at com.kms.katalon.core.main.TestCaseExecutor.accessMainPhase(TestCaseExecutor.java:299)&#xD;&#xA;&#x9;at com.kms.katalon.core.main.TestCaseExecutor.execute(TestCaseExecutor.java:233)&#xD;&#xA;&#x9;at com.kms.katalon.core.main.TestSuiteExecutor.accessTestCaseMainPhase(TestSuiteExecutor.java:169)&#xD;&#xA;&#x9;at com.kms.katalon.core.main.TestSuiteExecutor.accessTestSuiteMainPhase(TestSuiteExecutor.java:142)&#xD;&#xA;&#x9;at com.kms.katalon.core.main.TestSuiteExecutor.execute(TestSuiteExecutor.java:91)&#xD;&#xA;&#x9;at com.kms.katalon.core.main.TestCaseMain.startTestSuite(TestCaseMain.java:157)&#xD;&#xA;&#x9;at com.kms.katalon.core.main.TestCaseMain$startTestSuite$0.call(Unknown Source)&#xD;&#xA;&#x9;at TempTestSuite1604321309179.run(TempTestSuite1604321309179.groovy:35)&#xD;&#xA;Caused by: java.net.ConnectException: Failed to connect to localhost/0:0:0:0:0:0:0:1:48717&#xD;&#xA;&#x9;at okhttp3.internal.connection.RealConnection.connectSocket(RealConnection.java:247)&#xD;&#xA;&#x9;at okhttp3.internal.connection.RealConnection.connect(RealConnection.java:165)&#xD;&#xA;&#x9;at okhttp3.internal.connection.StreamAllocation.findConnection(StreamAllocation.java:257)&#xD;&#xA;&#x9;at okhttp3.internal.connection.StreamAllocation.findHealthyConnection(StreamAllocation.java:135)&#xD;&#xA;&#x9;at okhttp3.internal.connection.StreamAllocation.newStream(StreamAllocation.java:114)&#xD;&#xA;&#x9;at okhttp3.internal.connection.ConnectInterceptor.intercept(ConnectInterceptor.java:42)&#xD;&#xA;&#x9;at okhttp3.internal.http.RealInterceptorChain.proceed(RealInterceptorChain.java:147)&#xD;&#xA;&#x9;at okhttp3.internal.http.RealInterceptorChain.proceed(RealInterceptorChain.java:121)&#xD;&#xA;&#x9;at okhttp3.internal.cache.CacheInterceptor.intercept(CacheInterceptor.java:93)&#xD;&#xA;&#x9;at okhttp3.internal.http.RealInterceptorChain.proceed(RealInterceptorChain.java:147)&#xD;&#xA;&#x9;at okhttp3.internal.http.RealInterceptorChain.proceed(RealInterceptorChain.java:121)&#xD;&#xA;&#x9;at okhttp3.internal.http.BridgeInterceptor.intercept(BridgeInterceptor.java:93)&#xD;&#xA;&#x9;at okhttp3.internal.http.RealInterceptorChain.proceed(RealInterceptorChain.java:147)&#xD;&#xA;&#x9;at okhttp3.internal.http.RetryAndFollowUpInterceptor.intercept(RetryAndFollowUpInterceptor.java:126)&#xD;&#xA;&#x9;at okhttp3.internal.http.RealInterceptorChain.proceed(RealInterceptorChain.java:147)&#xD;&#xA;&#x9;at okhttp3.internal.http.RealInterceptorChain.proceed(RealInterceptorChain.java:121)&#xD;&#xA;&#x9;at okhttp3.RealCall.getResponseWithInterceptorChain(RealCall.java:200)&#xD;&#xA;&#x9;at okhttp3.RealCall.execute(RealCall.java:77)&#xD;&#xA;&#x9;at org.openqa.selenium.remote.internal.OkHttpClient.execute(OkHttpClient.java:103)&#xD;&#xA;&#x9;at org.openqa.selenium.remote.HttpCommandExecutor.execute(HttpCommandExecutor.java:155)&#xD;&#xA;&#x9;at org.openqa.selenium.remote.service.DriverCommandExecutor.execute(DriverCommandExecutor.java:83)&#xD;&#xA;&#x9;at org.openqa.selenium.remote.RemoteWebDriver.execute(RemoteWebDriver.java:552)&#xD;&#xA;&#x9;at com.kms.katalon.selenium.driver.CChromeDriver.execute(CChromeDriver.java:20)&#xD;&#xA;&#x9;at org.openqa.selenium.remote.RemoteWebDriver.findElements(RemoteWebDriver.java:353)&#xD;&#xA;&#x9;at org.openqa.selenium.remote.RemoteWebDriver.findElementsByXPath(RemoteWebDriver.java:432)&#xD;&#xA;&#x9;at org.openqa.selenium.By$ByXPath.findElements(By.java:348)&#xD;&#xA;&#x9;at org.openqa.selenium.remote.RemoteWebDriver.findElements(RemoteWebDriver.java:311)&#xD;&#xA;&#x9;at com.kms.katalon.core.webui.common.WebUiCommonHelper.findWebElements(WebUiCommonHelper.java:761)&#xD;&#xA;&#x9;at com.kms.katalon.core.webui.common.WebUiCommonHelper.findWebElement(WebUiCommonHelper.java:1093)&#xD;&#xA;&#x9;at com.kms.katalon.core.webui.common.WebUiCommonHelper$findWebElement.call(Unknown Source)&#xD;&#xA;&#x9;at platform.Method.clickOnElement(Method.groovy:32)&#xD;&#xA;&#x9;at platform.Method.invokeMethod(Method.groovy)&#xD;&#xA;&#x9;at com.kms.katalon.core.main.CustomKeywordDelegatingMetaClass.invokeStaticMethod(CustomKeywordDelegatingMetaClass.java:50)&#xD;&#xA;&#x9;at Script1598969056387.run(Script1598969056387.groovy:22)&#xD;&#xA;&#x9;... 13 more&#xD;&#xA;Caused by: java.net.ConnectException: Connection refused: connect&#xD;&#xA;&#x9;at okhttp3.internal.platform.Platform.connectSocket(Platform.java:129)&#xD;&#xA;&#x9;at okhttp3.internal.connection.RealConnection.connectSocket(RealConnection.java:245)&#xD;&#xA;&#x9;at okhttp3.internal.connection.RealConnection.connect(RealConnection.java:165)&#xD;&#xA;&#x9;at okhttp3.internal.connection.StreamAllocation.findConnection(StreamAllocation.java:257)&#xD;&#xA;&#x9;at okhttp3.internal.connection.StreamAllocation.findHealthyConnection(StreamAllocation.java:135)&#xD;&#xA;&#x9;at okhttp3.internal.connection.StreamAllocation.newStream(StreamAllocation.java:114)&#xD;&#xA;&#x9;at okhttp3.internal.connection.ConnectInterceptor.intercept(ConnectInterceptor.java:42)&#xD;&#xA;&#x9;at okhttp3.internal.http.RealInterceptorChain.proceed(RealInterceptorChain.java:147)&#xD;&#xA;&#x9;at okhttp3.internal.http.RealInterceptorChain.proceed(RealInterceptorChain.java:121)&#xD;&#xA;&#x9;at okhttp3.internal.cache.CacheInterceptor.intercept(CacheInterceptor.java:93)&#xD;&#xA;&#x9;at okhttp3.internal.http.RealInterceptorChain.proceed(RealInterceptorChain.java:147)&#xD;&#xA;&#x9;at okhttp3.internal.http.RealInterceptorChain.proceed(RealInterceptorChain.java:121)&#xD;&#xA;&#x9;at okhttp3.internal.http.BridgeInterceptor.intercept(BridgeInterceptor.java:93)&#xD;&#xA;&#x9;at okhttp3.internal.http.RealInterceptorChain.proceed(RealInterceptorChain.java:147)&#xD;&#xA;&#x9;at okhttp3.internal.http.RetryAndFollowUpInterceptor.intercept(RetryAndFollowUpInterceptor.java:126)&#xD;&#xA;&#x9;at okhttp3.internal.http.RealInterceptorChain.proceed(RealInterceptorChain.java:147)&#xD;&#xA;&#x9;at okhttp3.internal.http.RealInterceptorChain.proceed(RealInterceptorChain.java:121)&#xD;&#xA;&#x9;at okhttp3.RealCall.getResponseWithInterceptorChain(RealCall.java:200)&#xD;&#xA;&#x9;at okhttp3.RealCall.execute(RealCall.java:77)&#xD;&#xA;&#x9;at org.openqa.selenium.remote.internal.OkHttpClient.execute(OkHttpClient.java:103)&#xD;&#xA;&#x9;at org.openqa.selenium.remote.HttpCommandExecutor.execute(HttpCommandExecutor.java:155)&#xD;&#xA;&#x9;at org.openqa.selenium.remote.service.DriverCommandExecutor.execute(DriverCommandExecutor.java:83)&#xD;&#xA;&#x9;at org.openqa.selenium.remote.RemoteWebDriver.execute(RemoteWebDriver.java:552)&#xD;&#xA;&#x9;at com.kms.katalon.selenium.driver.CChromeDriver.execute(CChromeDriver.java:20)&#xD;&#xA;&#x9;at org.openqa.selenium.remote.RemoteWebDriver.findElements(RemoteWebDriver.java:353)&#xD;&#xA;&#x9;at org.openqa.selenium.remote.RemoteWebDriver.findElementsByXPath(RemoteWebDriver.java:432)&#xD;&#xA;&#x9;at org.openqa.selenium.By$ByXPath.findElements(By.java:348)&#xD;&#xA;&#x9;at org.openqa.selenium.remote.RemoteWebDriver.findElements(RemoteWebDriver.java:311)&#xD;&#xA;&#x9;at com.kms.katalon.core.webui.common.WebUiCommonHelper.findWebElements(WebUiCommonHelper.java:761)&#xD;&#xA;&#x9;at com.kms.katalon.core.webui.common.WebUiCommonHelper.findWebElement(WebUiCommonHelper.java:1093)&#xD;&#xA;&#x9;at com.kms.katalon.core.webui.common.WebUiCommonHelper$findWebElement.call(Unknown Source)&#xD;&#xA;&#x9;at platform.Method.clickOnElement(Method.groovy:32)&#xD;&#xA;&#x9;at platform.Method.invokeMethod(Method.groovy)&#xD;&#xA;&#x9;at com.kms.katalon.core.main.CustomKeywordDelegatingMetaClass.invokeStaticMethod(CustomKeywordDelegatingMetaClass.java:50)&#xD;&#xA;&#x9;at intentWithResponseCreation_Test.run(intentWithResponseCreation_Test:22)&#xD;&#xA;&#x9;... 13 more&#xD;&#xA;"/>
            <system-out>2020-11-02 18:35:22 - [TEST_CASE][ERROR] - Test Cases/TASK_SSO/intentWithResponseCreation_Test: Test Cases/TASK_SSO/intentWithResponseCreation_Test FAILED.
Reason:
org.openqa.selenium.WebDriverException: java.net.ConnectException: Failed to connect to localhost/0:0:0:0:0:0:0:1:48717
Build info: version: '3.141.59', revision: 'e82be7d358', time: '2018-11-14T08:25:53'
System info: host: 'WLPT580', ip: '192.168.29.195', os.name: 'Windows 8.1', os.arch: 'amd64', os.version: '6.3', java.version: '1.8.0_181'
Driver info: driver.version: RemoteWebDriver&#xD;
	at org.openqa.selenium.remote.service.DriverCommandExecutor.execute(DriverCommandExecutor.java:92)&#xD;
	at org.openqa.selenium.remote.RemoteWebDriver.execute(RemoteWebDriver.java:552)&#xD;
	at com.kms.katalon.selenium.driver.CChromeDriver.execute(CChromeDriver.java:20)&#xD;
	at org.openqa.selenium.remote.RemoteWebDriver.findElements(RemoteWebDriver.java:353)&#xD;
	at org.openqa.selenium.remote.RemoteWebDriver.findElementsByXPath(RemoteWebDriver.java:432)&#xD;
	at org.openqa.selenium.By$ByXPath.findElements(By.java:348)&#xD;
	at org.openqa.selenium.remote.RemoteWebDriver.findElements(RemoteWebDriver.java:311)&#xD;
	at com.kms.katalon.core.webui.common.WebUiCommonHelper.findWebElements(WebUiCommonHelper.java:761)&#xD;
	at com.kms.katalon.core.webui.common.WebUiCommonHelper.findWebElement(WebUiCommonHelper.java:1093)&#xD;
	at com.kms.katalon.core.webui.common.WebUiCommonHelper$findWebElement.call(Unknown Source)&#xD;
	at platform.Method.clickOnElement(Method.groovy:32)&#xD;
	at platform.Method.invokeMethod(Method.groovy)&#xD;
	at com.kms.katalon.core.main.CustomKeywordDelegatingMetaClass.invokeStaticMethod(CustomKeywordDelegatingMetaClass.java:50)&#xD;
	at intentWithResponseCreation_Test.run(intentWithResponseCreation_Test:22)&#xD;
	at com.kms.katalon.core.main.ScriptEngine.run(ScriptEngine.java:194)&#xD;
	at com.kms.katalon.core.main.ScriptEngine.runScriptAsRawText(ScriptEngine.java:119)&#xD;
	at com.kms.katalon.core.main.TestCaseExecutor.runScript(TestCaseExecutor.java:337)&#xD;
	at com.kms.katalon.core.main.TestCaseExecutor.doExecute(TestCaseExecutor.java:328)&#xD;
	at com.kms.katalon.core.main.TestCaseExecutor.processExecutionPhase(TestCaseExecutor.java:307)&#xD;
	at com.kms.katalon.core.main.TestCaseExecutor.accessMainPhase(TestCaseExecutor.java:299)&#xD;
	at com.kms.katalon.core.main.TestCaseExecutor.execute(TestCaseExecutor.java:233)&#xD;
	at com.kms.katalon.core.main.TestSuiteExecutor.accessTestCaseMainPhase(TestSuiteExecutor.java:169)&#xD;
	at com.kms.katalon.core.main.TestSuiteExecutor.accessTestSuiteMainPhase(TestSuiteExecutor.java:142)&#xD;
	at com.kms.katalon.core.main.TestSuiteExecutor.execute(TestSuiteExecutor.java:91)&#xD;
	at com.kms.katalon.core.main.TestCaseMain.startTestSuite(TestCaseMain.java:157)&#xD;
	at com.kms.katalon.core.main.TestCaseMain$startTestSuite$0.call(Unknown Source)&#xD;
	at TempTestSuite1604321309179.run(TempTestSuite1604321309179.groovy:35)&#xD;
Caused by: java.net.ConnectException: Failed to connect to localhost/0:0:0:0:0:0:0:1:48717&#xD;
	at okhttp3.internal.connection.RealConnection.connectSocket(RealConnection.java:247)&#xD;
	at okhttp3.internal.connection.RealConnection.connect(RealConnection.java:165)&#xD;
	at okhttp3.internal.connection.StreamAllocation.findConnection(StreamAllocation.java:257)&#xD;
	at okhttp3.internal.connection.StreamAllocation.findHealthyConnection(StreamAllocation.java:135)&#xD;
	at okhttp3.internal.connection.StreamAllocation.newStream(StreamAllocation.java:114)&#xD;
	at okhttp3.internal.connection.ConnectInterceptor.intercept(ConnectInterceptor.java:42)&#xD;
	at okhttp3.internal.http.RealInterceptorChain.proceed(RealInterceptorChain.java:147)&#xD;
	at okhttp3.internal.http.RealInterceptorChain.proceed(RealInterceptorChain.java:121)&#xD;
	at okhttp3.internal.cache.CacheInterceptor.intercept(CacheInterceptor.java:93)&#xD;
	at okhttp3.internal.http.RealInterceptorChain.proceed(RealInterceptorChain.java:147)&#xD;
	at okhttp3.internal.http.RealInterceptorChain.proceed(RealInterceptorChain.java:121)&#xD;
	at okhttp3.internal.http.BridgeInterceptor.intercept(BridgeInterceptor.java:93)&#xD;
	at okhttp3.internal.http.RealInterceptorChain.proceed(RealInterceptorChain.java:147)&#xD;
	at okhttp3.internal.http.RetryAndFollowUpInterceptor.intercept(RetryAndFollowUpInterceptor.java:126)&#xD;
	at okhttp3.internal.http.RealInterceptorChain.proceed(RealInterceptorChain.java:147)&#xD;
	at okhttp3.internal.http.RealInterceptorChain.proceed(RealInterceptorChain.java:121)&#xD;
	at okhttp3.RealCall.getResponseWithInterceptorChain(RealCall.java:200)&#xD;
	at okhttp3.RealCall.execute(RealCall.java:77)&#xD;
	at org.openqa.selenium.remote.internal.OkHttpClient.execute(OkHttpClient.java:103)&#xD;
	at org.openqa.selenium.remote.HttpCommandExecutor.execute(HttpCommandExecutor.java:155)&#xD;
	at org.openqa.selenium.remote.service.DriverCommandExecutor.execute(DriverCommandExecutor.java:83)&#xD;
	at org.openqa.selenium.remote.RemoteWebDriver.execute(RemoteWebDriver.java:552)&#xD;
	at com.kms.katalon.selenium.driver.CChromeDriver.execute(CChromeDriver.java:20)&#xD;
	at org.openqa.selenium.remote.RemoteWebDriver.findElements(RemoteWebDriver.java:353)&#xD;
	at org.openqa.selenium.remote.RemoteWebDriver.findElementsByXPath(RemoteWebDriver.java:432)&#xD;
	at org.openqa.selenium.By$ByXPath.findElements(By.java:348)&#xD;
	at org.openqa.selenium.remote.RemoteWebDriver.findElements(RemoteWebDriver.java:311)&#xD;
	at com.kms.katalon.core.webui.common.WebUiCommonHelper.findWebElements(WebUiCommonHelper.java:761)&#xD;
	at com.kms.katalon.core.webui.common.WebUiCommonHelper.findWebElement(WebUiCommonHelper.java:1093)&#xD;
	at com.kms.katalon.core.webui.common.WebUiCommonHelper$findWebElement.call(Unknown Source)&#xD;
	at platform.Method.clickOnElement(Method.groovy:32)&#xD;
	at platform.Method.invokeMethod(Method.groovy)&#xD;
	at com.kms.katalon.core.main.CustomKeywordDelegatingMetaClass.invokeStaticMethod(CustomKeywordDelegatingMetaClass.java:50)&#xD;
	at Script1598969056387.run(Script1598969056387.groovy:22)&#xD;
	... 13 more&#xD;
Caused by: java.net.ConnectException: Connection refused: connect&#xD;
	at okhttp3.internal.platform.Platform.connectSocket(Platform.java:129)&#xD;
	at okhttp3.internal.connection.RealConnection.connectSocket(RealConnection.java:245)&#xD;
	at okhttp3.internal.connection.RealConnection.connect(RealConnection.java:165)&#xD;
	at okhttp3.internal.connection.StreamAllocation.findConnection(StreamAllocation.java:257)&#xD;
	at okhttp3.internal.connection.StreamAllocation.findHealthyConnection(StreamAllocation.java:135)&#xD;
	at okhttp3.internal.connection.StreamAllocation.newStream(StreamAllocation.java:114)&#xD;
	at okhttp3.internal.connection.ConnectInterceptor.intercept(ConnectInterceptor.java:42)&#xD;
	at okhttp3.internal.http.RealInterceptorChain.proceed(RealInterceptorChain.java:147)&#xD;
	at okhttp3.internal.http.RealInterceptorChain.proceed(RealInterceptorChain.java:121)&#xD;
	at okhttp3.internal.cache.CacheInterceptor.intercept(CacheInterceptor.java:93)&#xD;
	at okhttp3.internal.http.RealInterceptorChain.proceed(RealInterceptorChain.java:147)&#xD;
	at okhttp3.internal.http.RealInterceptorChain.proceed(RealInterceptorChain.java:121)&#xD;
	at okhttp3.internal.http.BridgeInterceptor.intercept(BridgeInterceptor.java:93)&#xD;
	at okhttp3.internal.http.RealInterceptorChain.proceed(RealInterceptorChain.java:147)&#xD;
	at okhttp3.internal.http.RetryAndFollowUpInterceptor.intercept(RetryAndFollowUpInterceptor.java:126)&#xD;
	at okhttp3.internal.http.RealInterceptorChain.proceed(RealInterceptorChain.java:147)&#xD;
	at okhttp3.internal.http.RealInterceptorChain.proceed(RealInterceptorChain.java:121)&#xD;
	at okhttp3.RealCall.getResponseWithInterceptorChain(RealCall.java:200)&#xD;
	at okhttp3.RealCall.execute(RealCall.java:77)&#xD;
	at org.openqa.selenium.remote.internal.OkHttpClient.execute(OkHttpClient.java:103)&#xD;
	at org.openqa.selenium.remote.HttpCommandExecutor.execute(HttpCommandExecutor.java:155)&#xD;
	at org.openqa.selenium.remote.service.DriverCommandExecutor.execute(DriverCommandExecutor.java:83)&#xD;
	at org.openqa.selenium.remote.RemoteWebDriver.execute(RemoteWebDriver.java:552)&#xD;
	at com.kms.katalon.selenium.driver.CChromeDriver.execute(CChromeDriver.java:20)&#xD;
	at org.openqa.selenium.remote.RemoteWebDriver.findElements(RemoteWebDriver.java:353)&#xD;
	at org.openqa.selenium.remote.RemoteWebDriver.findElementsByXPath(RemoteWebDriver.java:432)&#xD;
	at org.openqa.selenium.By$ByXPath.findElements(By.java:348)&#xD;
	at org.openqa.selenium.remote.RemoteWebDriver.findElements(RemoteWebDriver.java:311)&#xD;
	at com.kms.katalon.core.webui.common.WebUiCommonHelper.findWebElements(WebUiCommonHelper.java:761)&#xD;
	at com.kms.katalon.core.webui.common.WebUiCommonHelper.findWebElement(WebUiCommonHelper.java:1093)&#xD;
	at com.kms.katalon.core.webui.common.WebUiCommonHelper$findWebElement.call(Unknown Source)&#xD;
	at platform.Method.clickOnElement(Method.groovy:32)&#xD;
	at platform.Method.invokeMethod(Method.groovy)&#xD;
	at com.kms.katalon.core.main.CustomKeywordDelegatingMetaClass.invokeStaticMethod(CustomKeywordDelegatingMetaClass.java:50)&#xD;
	at intentWithResponseCreation_Test.run(intentWithResponseCreation_Test:22)&#xD;
	... 13 more&#xD;
&#xD;
&#xD;
2020-11-02 18:35:23 - [TEST_STEP][ERROR] - platform.Method.clickOnElement(findTestObject("Generic/webObjectWithText", ["textValue":"Intents"])): java.net.ConnectException: Failed to connect to localhost/0:0:0:0:0:0:0:1:48717
Build info: version: '3.141.59', revision: 'e82be7d358', time: '2018-11-14T08:25:53'
System info: host: 'WLPT580', ip: '192.168.29.195', os.name: 'Windows 8.1', os.arch: 'amd64', os.version: '6.3', java.version: '1.8.0_181'
Driver info: driver.version: RemoteWebDriver&#xD;
&#xD;
2020-11-02 18:35:27 - [MESSAGE][ERROR] - java.net.ConnectException: Failed to connect to localhost/0:0:0:0:0:0:0:1:48717
Build info: version: '3.141.59', revision: 'e82be7d358', time: '2018-11-14T08:25:53'
System info: host: 'WLPT580', ip: '192.168.29.195', os.name: 'Windows 8.1', os.arch: 'amd64', os.version: '6.3', java.version: '1.8.0_181'
Driver info: driver.version: RemoteWebDriver</system-out>
            <system-err>2020-11-02 18:35:22 - [TEST_CASE][ERROR] - Test Cases/TASK_SSO/intentWithResponseCreation_Test: Test Cases/TASK_SSO/intentWithResponseCreation_Test FAILED.
Reason:
org.openqa.selenium.WebDriverException: java.net.ConnectException: Failed to connect to localhost/0:0:0:0:0:0:0:1:48717
Build info: version: '3.141.59', revision: 'e82be7d358', time: '2018-11-14T08:25:53'
System info: host: 'WLPT580', ip: '192.168.29.195', os.name: 'Windows 8.1', os.arch: 'amd64', os.version: '6.3', java.version: '1.8.0_181'
Driver info: driver.version: RemoteWebDriver&#xD;
	at org.openqa.selenium.remote.service.DriverCommandExecutor.execute(DriverCommandExecutor.java:92)&#xD;
	at org.openqa.selenium.remote.RemoteWebDriver.execute(RemoteWebDriver.java:552)&#xD;
	at com.kms.katalon.selenium.driver.CChromeDriver.execute(CChromeDriver.java:20)&#xD;
	at org.openqa.selenium.remote.RemoteWebDriver.findElements(RemoteWebDriver.java:353)&#xD;
	at org.openqa.selenium.remote.RemoteWebDriver.findElementsByXPath(RemoteWebDriver.java:432)&#xD;
	at org.openqa.selenium.By$ByXPath.findElements(By.java:348)&#xD;
	at org.openqa.selenium.remote.RemoteWebDriver.findElements(RemoteWebDriver.java:311)&#xD;
	at com.kms.katalon.core.webui.common.WebUiCommonHelper.findWebElements(WebUiCommonHelper.java:761)&#xD;
	at com.kms.katalon.core.webui.common.WebUiCommonHelper.findWebElement(WebUiCommonHelper.java:1093)&#xD;
	at com.kms.katalon.core.webui.common.WebUiCommonHelper$findWebElement.call(Unknown Source)&#xD;
	at platform.Method.clickOnElement(Method.groovy:32)&#xD;
	at platform.Method.invokeMethod(Method.groovy)&#xD;
	at com.kms.katalon.core.main.CustomKeywordDelegatingMetaClass.invokeStaticMethod(CustomKeywordDelegatingMetaClass.java:50)&#xD;
	at intentWithResponseCreation_Test.run(intentWithResponseCreation_Test:22)&#xD;
	at com.kms.katalon.core.main.ScriptEngine.run(ScriptEngine.java:194)&#xD;
	at com.kms.katalon.core.main.ScriptEngine.runScriptAsRawText(ScriptEngine.java:119)&#xD;
	at com.kms.katalon.core.main.TestCaseExecutor.runScript(TestCaseExecutor.java:337)&#xD;
	at com.kms.katalon.core.main.TestCaseExecutor.doExecute(TestCaseExecutor.java:328)&#xD;
	at com.kms.katalon.core.main.TestCaseExecutor.processExecutionPhase(TestCaseExecutor.java:307)&#xD;
	at com.kms.katalon.core.main.TestCaseExecutor.accessMainPhase(TestCaseExecutor.java:299)&#xD;
	at com.kms.katalon.core.main.TestCaseExecutor.execute(TestCaseExecutor.java:233)&#xD;
	at com.kms.katalon.core.main.TestSuiteExecutor.accessTestCaseMainPhase(TestSuiteExecutor.java:169)&#xD;
	at com.kms.katalon.core.main.TestSuiteExecutor.accessTestSuiteMainPhase(TestSuiteExecutor.java:142)&#xD;
	at com.kms.katalon.core.main.TestSuiteExecutor.execute(TestSuiteExecutor.java:91)&#xD;
	at com.kms.katalon.core.main.TestCaseMain.startTestSuite(TestCaseMain.java:157)&#xD;
	at com.kms.katalon.core.main.TestCaseMain$startTestSuite$0.call(Unknown Source)&#xD;
	at TempTestSuite1604321309179.run(TempTestSuite1604321309179.groovy:35)&#xD;
Caused by: java.net.ConnectException: Failed to connect to localhost/0:0:0:0:0:0:0:1:48717&#xD;
	at okhttp3.internal.connection.RealConnection.connectSocket(RealConnection.java:247)&#xD;
	at okhttp3.internal.connection.RealConnection.connect(RealConnection.java:165)&#xD;
	at okhttp3.internal.connection.StreamAllocation.findConnection(StreamAllocation.java:257)&#xD;
	at okhttp3.internal.connection.StreamAllocation.findHealthyConnection(StreamAllocation.java:135)&#xD;
	at okhttp3.internal.connection.StreamAllocation.newStream(StreamAllocation.java:114)&#xD;
	at okhttp3.internal.connection.ConnectInterceptor.intercept(ConnectInterceptor.java:42)&#xD;
	at okhttp3.internal.http.RealInterceptorChain.proceed(RealInterceptorChain.java:147)&#xD;
	at okhttp3.internal.http.RealInterceptorChain.proceed(RealInterceptorChain.java:121)&#xD;
	at okhttp3.internal.cache.CacheInterceptor.intercept(CacheInterceptor.java:93)&#xD;
	at okhttp3.internal.http.RealInterceptorChain.proceed(RealInterceptorChain.java:147)&#xD;
	at okhttp3.internal.http.RealInterceptorChain.proceed(RealInterceptorChain.java:121)&#xD;
	at okhttp3.internal.http.BridgeInterceptor.intercept(BridgeInterceptor.java:93)&#xD;
	at okhttp3.internal.http.RealInterceptorChain.proceed(RealInterceptorChain.java:147)&#xD;
	at okhttp3.internal.http.RetryAndFollowUpInterceptor.intercept(RetryAndFollowUpInterceptor.java:126)&#xD;
	at okhttp3.internal.http.RealInterceptorChain.proceed(RealInterceptorChain.java:147)&#xD;
	at okhttp3.internal.http.RealInterceptorChain.proceed(RealInterceptorChain.java:121)&#xD;
	at okhttp3.RealCall.getResponseWithInterceptorChain(RealCall.java:200)&#xD;
	at okhttp3.RealCall.execute(RealCall.java:77)&#xD;
	at org.openqa.selenium.remote.internal.OkHttpClient.execute(OkHttpClient.java:103)&#xD;
	at org.openqa.selenium.remote.HttpCommandExecutor.execute(HttpCommandExecutor.java:155)&#xD;
	at org.openqa.selenium.remote.service.DriverCommandExecutor.execute(DriverCommandExecutor.java:83)&#xD;
	at org.openqa.selenium.remote.RemoteWebDriver.execute(RemoteWebDriver.java:552)&#xD;
	at com.kms.katalon.selenium.driver.CChromeDriver.execute(CChromeDriver.java:20)&#xD;
	at org.openqa.selenium.remote.RemoteWebDriver.findElements(RemoteWebDriver.java:353)&#xD;
	at org.openqa.selenium.remote.RemoteWebDriver.findElementsByXPath(RemoteWebDriver.java:432)&#xD;
	at org.openqa.selenium.By$ByXPath.findElements(By.java:348)&#xD;
	at org.openqa.selenium.remote.RemoteWebDriver.findElements(RemoteWebDriver.java:311)&#xD;
	at com.kms.katalon.core.webui.common.WebUiCommonHelper.findWebElements(WebUiCommonHelper.java:761)&#xD;
	at com.kms.katalon.core.webui.common.WebUiCommonHelper.findWebElement(WebUiCommonHelper.java:1093)&#xD;
	at com.kms.katalon.core.webui.common.WebUiCommonHelper$findWebElement.call(Unknown Source)&#xD;
	at platform.Method.clickOnElement(Method.groovy:32)&#xD;
	at platform.Method.invokeMethod(Method.groovy)&#xD;
	at com.kms.katalon.core.main.CustomKeywordDelegatingMetaClass.invokeStaticMethod(CustomKeywordDelegatingMetaClass.java:50)&#xD;
	at Script1598969056387.run(Script1598969056387.groovy:22)&#xD;
	... 13 more&#xD;
Caused by: java.net.ConnectException: Connection refused: connect&#xD;
	at okhttp3.internal.platform.Platform.connectSocket(Platform.java:129)&#xD;
	at okhttp3.internal.connection.RealConnection.connectSocket(RealConnection.java:245)&#xD;
	at okhttp3.internal.connection.RealConnection.connect(RealConnection.java:165)&#xD;
	at okhttp3.internal.connection.StreamAllocation.findConnection(StreamAllocation.java:257)&#xD;
	at okhttp3.internal.connection.StreamAllocation.findHealthyConnection(StreamAllocation.java:135)&#xD;
	at okhttp3.internal.connection.StreamAllocation.newStream(StreamAllocation.java:114)&#xD;
	at okhttp3.internal.connection.ConnectInterceptor.intercept(ConnectInterceptor.java:42)&#xD;
	at okhttp3.internal.http.RealInterceptorChain.proceed(RealInterceptorChain.java:147)&#xD;
	at okhttp3.internal.http.RealInterceptorChain.proceed(RealInterceptorChain.java:121)&#xD;
	at okhttp3.internal.cache.CacheInterceptor.intercept(CacheInterceptor.java:93)&#xD;
	at okhttp3.internal.http.RealInterceptorChain.proceed(RealInterceptorChain.java:147)&#xD;
	at okhttp3.internal.http.RealInterceptorChain.proceed(RealInterceptorChain.java:121)&#xD;
	at okhttp3.internal.http.BridgeInterceptor.intercept(BridgeInterceptor.java:93)&#xD;
	at okhttp3.internal.http.RealInterceptorChain.proceed(RealInterceptorChain.java:147)&#xD;
	at okhttp3.internal.http.RetryAndFollowUpInterceptor.intercept(RetryAndFollowUpInterceptor.java:126)&#xD;
	at okhttp3.internal.http.RealInterceptorChain.proceed(RealInterceptorChain.java:147)&#xD;
	at okhttp3.internal.http.RealInterceptorChain.proceed(RealInterceptorChain.java:121)&#xD;
	at okhttp3.RealCall.getResponseWithInterceptorChain(RealCall.java:200)&#xD;
	at okhttp3.RealCall.execute(RealCall.java:77)&#xD;
	at org.openqa.selenium.remote.internal.OkHttpClient.execute(OkHttpClient.java:103)&#xD;
	at org.openqa.selenium.remote.HttpCommandExecutor.execute(HttpCommandExecutor.java:155)&#xD;
	at org.openqa.selenium.remote.service.DriverCommandExecutor.execute(DriverCommandExecutor.java:83)&#xD;
	at org.openqa.selenium.remote.RemoteWebDriver.execute(RemoteWebDriver.java:552)&#xD;
	at com.kms.katalon.selenium.driver.CChromeDriver.execute(CChromeDriver.java:20)&#xD;
	at org.openqa.selenium.remote.RemoteWebDriver.findElements(RemoteWebDriver.java:353)&#xD;
	at org.openqa.selenium.remote.RemoteWebDriver.findElementsByXPath(RemoteWebDriver.java:432)&#xD;
	at org.openqa.selenium.By$ByXPath.findElements(By.java:348)&#xD;
	at org.openqa.selenium.remote.RemoteWebDriver.findElements(RemoteWebDriver.java:311)&#xD;
	at com.kms.katalon.core.webui.common.WebUiCommonHelper.findWebElements(WebUiCommonHelper.java:761)&#xD;
	at com.kms.katalon.core.webui.common.WebUiCommonHelper.findWebElement(WebUiCommonHelper.java:1093)&#xD;
	at com.kms.katalon.core.webui.common.WebUiCommonHelper$findWebElement.call(Unknown Source)&#xD;
	at platform.Method.clickOnElement(Method.groovy:32)&#xD;
	at platform.Method.invokeMethod(Method.groovy)&#xD;
	at com.kms.katalon.core.main.CustomKeywordDelegatingMetaClass.invokeStaticMethod(CustomKeywordDelegatingMetaClass.java:50)&#xD;
	at intentWithResponseCreation_Test.run(intentWithResponseCreation_Test:22)&#xD;
	... 13 more</system-err>
        </testcase>
        <testcase name="Test Cases/TASK_SSO/updateResponse_Test" classname="Test Cases/TASK_SSO/updateResponse_Test" status="ERROR">
            <error type="ERROR" message="Test Cases/TASK_SSO/updateResponse_Test FAILED.&#xA;Reason:&#xA;org.openqa.selenium.WebDriverException: java.net.ConnectException: Failed to connect to localhost/0:0:0:0:0:0:0:1:48717&#xA;Build info: version: '3.141.59', revision: 'e82be7d358', time: '2018-11-14T08:25:53'&#xA;System info: host: 'WLPT580', ip: '192.168.29.195', os.name: 'Windows 8.1', os.arch: 'amd64', os.version: '6.3', java.version: '1.8.0_181'&#xA;Driver info: driver.version: RemoteWebDriver&#xD;&#xA;&#x9;at org.openqa.selenium.remote.service.DriverCommandExecutor.execute(DriverCommandExecutor.java:92)&#xD;&#xA;&#x9;at org.openqa.selenium.remote.RemoteWebDriver.execute(RemoteWebDriver.java:552)&#xD;&#xA;&#x9;at com.kms.katalon.selenium.driver.CChromeDriver.execute(CChromeDriver.java:20)&#xD;&#xA;&#x9;at org.openqa.selenium.remote.RemoteWebDriver.findElements(RemoteWebDriver.java:353)&#xD;&#xA;&#x9;at org.openqa.selenium.remote.RemoteWebDriver.findElementsByXPath(RemoteWebDriver.java:432)&#xD;&#xA;&#x9;at org.openqa.selenium.By$ByXPath.findElements(By.java:348)&#xD;&#xA;&#x9;at org.openqa.selenium.remote.RemoteWebDriver.findElements(RemoteWebDriver.java:311)&#xD;&#xA;&#x9;at com.kms.katalon.core.webui.common.WebUiCommonHelper.findWebElements(WebUiCommonHelper.java:761)&#xD;&#xA;&#x9;at com.kms.katalon.core.webui.common.WebUiCommonHelper.findWebElement(WebUiCommonHelper.java:1093)&#xD;&#xA;&#x9;at com.kms.katalon.core.webui.common.WebUiCommonHelper$findWebElement.call(Unknown Source)&#xD;&#xA;&#x9;at platform.Method.clickOnElement(Method.groovy:32)&#xD;&#xA;&#x9;at platform.Method.invokeMethod(Method.groovy)&#xD;&#xA;&#x9;at com.kms.katalon.core.main.CustomKeywordDelegatingMetaClass.invokeStaticMethod(CustomKeywordDelegatingMetaClass.java:50)&#xD;&#xA;&#x9;at updateResponse_Test.run(updateResponse_Test:20)&#xD;&#xA;&#x9;at com.kms.katalon.core.main.ScriptEngine.run(ScriptEngine.java:194)&#xD;&#xA;&#x9;at com.kms.katalon.core.main.ScriptEngine.runScriptAsRawText(ScriptEngine.java:119)&#xD;&#xA;&#x9;at com.kms.katalon.core.main.TestCaseExecutor.runScript(TestCaseExecutor.java:337)&#xD;&#xA;&#x9;at com.kms.katalon.core.main.TestCaseExecutor.doExecute(TestCaseExecutor.java:328)&#xD;&#xA;&#x9;at com.kms.katalon.core.main.TestCaseExecutor.processExecutionPhase(TestCaseExecutor.java:307)&#xD;&#xA;&#x9;at com.kms.katalon.core.main.TestCaseExecutor.accessMainPhase(TestCaseExecutor.java:299)&#xD;&#xA;&#x9;at com.kms.katalon.core.main.TestCaseExecutor.execute(TestCaseExecutor.java:233)&#xD;&#xA;&#x9;at com.kms.katalon.core.main.TestSuiteExecutor.accessTestCaseMainPhase(TestSuiteExecutor.java:169)&#xD;&#xA;&#x9;at com.kms.katalon.core.main.TestSuiteExecutor.accessTestSuiteMainPhase(TestSuiteExecutor.java:142)&#xD;&#xA;&#x9;at com.kms.katalon.core.main.TestSuiteExecutor.execute(TestSuiteExecutor.java:91)&#xD;&#xA;&#x9;at com.kms.katalon.core.main.TestCaseMain.startTestSuite(TestCaseMain.java:157)&#xD;&#xA;&#x9;at com.kms.katalon.core.main.TestCaseMain$startTestSuite$0.call(Unknown Source)&#xD;&#xA;&#x9;at TempTestSuite1604321309179.run(TempTestSuite1604321309179.groovy:35)&#xD;&#xA;Caused by: java.net.ConnectException: Failed to connect to localhost/0:0:0:0:0:0:0:1:48717&#xD;&#xA;&#x9;at okhttp3.internal.connection.RealConnection.connectSocket(RealConnection.java:247)&#xD;&#xA;&#x9;at okhttp3.internal.connection.RealConnection.connect(RealConnection.java:165)&#xD;&#xA;&#x9;at okhttp3.internal.connection.StreamAllocation.findConnection(StreamAllocation.java:257)&#xD;&#xA;&#x9;at okhttp3.internal.connection.StreamAllocation.findHealthyConnection(StreamAllocation.java:135)&#xD;&#xA;&#x9;at okhttp3.internal.connection.StreamAllocation.newStream(StreamAllocation.java:114)&#xD;&#xA;&#x9;at okhttp3.internal.connection.ConnectInterceptor.intercept(ConnectInterceptor.java:42)&#xD;&#xA;&#x9;at okhttp3.internal.http.RealInterceptorChain.proceed(RealInterceptorChain.java:147)&#xD;&#xA;&#x9;at okhttp3.internal.http.RealInterceptorChain.proceed(RealInterceptorChain.java:121)&#xD;&#xA;&#x9;at okhttp3.internal.cache.CacheInterceptor.intercept(CacheInterceptor.java:93)&#xD;&#xA;&#x9;at okhttp3.internal.http.RealInterceptorChain.proceed(RealInterceptorChain.java:147)&#xD;&#xA;&#x9;at okhttp3.internal.http.RealInterceptorChain.proceed(RealInterceptorChain.java:121)&#xD;&#xA;&#x9;at okhttp3.internal.http.BridgeInterceptor.intercept(BridgeInterceptor.java:93)&#xD;&#xA;&#x9;at okhttp3.internal.http.RealInterceptorChain.proceed(RealInterceptorChain.java:147)&#xD;&#xA;&#x9;at okhttp3.internal.http.RetryAndFollowUpInterceptor.intercept(RetryAndFollowUpInterceptor.java:126)&#xD;&#xA;&#x9;at okhttp3.internal.http.RealInterceptorChain.proceed(RealInterceptorChain.java:147)&#xD;&#xA;&#x9;at okhttp3.internal.http.RealInterceptorChain.proceed(RealInterceptorChain.java:121)&#xD;&#xA;&#x9;at okhttp3.RealCall.getResponseWithInterceptorChain(RealCall.java:200)&#xD;&#xA;&#x9;at okhttp3.RealCall.execute(RealCall.java:77)&#xD;&#xA;&#x9;at org.openqa.selenium.remote.internal.OkHttpClient.execute(OkHttpClient.java:103)&#xD;&#xA;&#x9;at org.openqa.selenium.remote.HttpCommandExecutor.execute(HttpCommandExecutor.java:155)&#xD;&#xA;&#x9;at org.openqa.selenium.remote.service.DriverCommandExecutor.execute(DriverCommandExecutor.java:83)&#xD;&#xA;&#x9;at org.openqa.selenium.remote.RemoteWebDriver.execute(RemoteWebDriver.java:552)&#xD;&#xA;&#x9;at com.kms.katalon.selenium.driver.CChromeDriver.execute(CChromeDriver.java:20)&#xD;&#xA;&#x9;at org.openqa.selenium.remote.RemoteWebDriver.findElements(RemoteWebDriver.java:353)&#xD;&#xA;&#x9;at org.openqa.selenium.remote.RemoteWebDriver.findElementsByXPath(RemoteWebDriver.java:432)&#xD;&#xA;&#x9;at org.openqa.selenium.By$ByXPath.findElements(By.java:348)&#xD;&#xA;&#x9;at org.openqa.selenium.remote.RemoteWebDriver.findElements(RemoteWebDriver.java:311)&#xD;&#xA;&#x9;at com.kms.katalon.core.webui.common.WebUiCommonHelper.findWebElements(WebUiCommonHelper.java:761)&#xD;&#xA;&#x9;at com.kms.katalon.core.webui.common.WebUiCommonHelper.findWebElement(WebUiCommonHelper.java:1093)&#xD;&#xA;&#x9;at com.kms.katalon.core.webui.common.WebUiCommonHelper$findWebElement.call(Unknown Source)&#xD;&#xA;&#x9;at platform.Method.clickOnElement(Method.groovy:32)&#xD;&#xA;&#x9;at platform.Method.invokeMethod(Method.groovy)&#xD;&#xA;&#x9;at com.kms.katalon.core.main.CustomKeywordDelegatingMetaClass.invokeStaticMethod(CustomKeywordDelegatingMetaClass.java:50)&#xD;&#xA;&#x9;at Script1598969075103.run(Script1598969075103.groovy:20)&#xD;&#xA;&#x9;... 13 more&#xD;&#xA;Caused by: java.net.ConnectException: Connection refused: connect&#xD;&#xA;&#x9;at okhttp3.internal.platform.Platform.connectSocket(Platform.java:129)&#xD;&#xA;&#x9;at okhttp3.internal.connection.RealConnection.connectSocket(RealConnection.java:245)&#xD;&#xA;&#x9;at okhttp3.internal.connection.RealConnection.connect(RealConnection.java:165)&#xD;&#xA;&#x9;at okhttp3.internal.connection.StreamAllocation.findConnection(StreamAllocation.java:257)&#xD;&#xA;&#x9;at okhttp3.internal.connection.StreamAllocation.findHealthyConnection(StreamAllocation.java:135)&#xD;&#xA;&#x9;at okhttp3.internal.connection.StreamAllocation.newStream(StreamAllocation.java:114)&#xD;&#xA;&#x9;at okhttp3.internal.connection.ConnectInterceptor.intercept(ConnectInterceptor.java:42)&#xD;&#xA;&#x9;at okhttp3.internal.http.RealInterceptorChain.proceed(RealInterceptorChain.java:147)&#xD;&#xA;&#x9;at okhttp3.internal.http.RealInterceptorChain.proceed(RealInterceptorChain.java:121)&#xD;&#xA;&#x9;at okhttp3.internal.cache.CacheInterceptor.intercept(CacheInterceptor.java:93)&#xD;&#xA;&#x9;at okhttp3.internal.http.RealInterceptorChain.proceed(RealInterceptorChain.java:147)&#xD;&#xA;&#x9;at okhttp3.internal.http.RealInterceptorChain.proceed(RealInterceptorChain.java:121)&#xD;&#xA;&#x9;at okhttp3.internal.http.BridgeInterceptor.intercept(BridgeInterceptor.java:93)&#xD;&#xA;&#x9;at okhttp3.internal.http.RealInterceptorChain.proceed(RealInterceptorChain.java:147)&#xD;&#xA;&#x9;at okhttp3.internal.http.RetryAndFollowUpInterceptor.intercept(RetryAndFollowUpInterceptor.java:126)&#xD;&#xA;&#x9;at okhttp3.internal.http.RealInterceptorChain.proceed(RealInterceptorChain.java:147)&#xD;&#xA;&#x9;at okhttp3.internal.http.RealInterceptorChain.proceed(RealInterceptorChain.java:121)&#xD;&#xA;&#x9;at okhttp3.RealCall.getResponseWithInterceptorChain(RealCall.java:200)&#xD;&#xA;&#x9;at okhttp3.RealCall.execute(RealCall.java:77)&#xD;&#xA;&#x9;at org.openqa.selenium.remote.internal.OkHttpClient.execute(OkHttpClient.java:103)&#xD;&#xA;&#x9;at org.openqa.selenium.remote.HttpCommandExecutor.execute(HttpCommandExecutor.java:155)&#xD;&#xA;&#x9;at org.openqa.selenium.remote.service.DriverCommandExecutor.execute(DriverCommandExecutor.java:83)&#xD;&#xA;&#x9;at org.openqa.selenium.remote.RemoteWebDriver.execute(RemoteWebDriver.java:552)&#xD;&#xA;&#x9;at com.kms.katalon.selenium.driver.CChromeDriver.execute(CChromeDriver.java:20)&#xD;&#xA;&#x9;at org.openqa.selenium.remote.RemoteWebDriver.findElements(RemoteWebDriver.java:353)&#xD;&#xA;&#x9;at org.openqa.selenium.remote.RemoteWebDriver.findElementsByXPath(RemoteWebDriver.java:432)&#xD;&#xA;&#x9;at org.openqa.selenium.By$ByXPath.findElements(By.java:348)&#xD;&#xA;&#x9;at org.openqa.selenium.remote.RemoteWebDriver.findElements(RemoteWebDriver.java:311)&#xD;&#xA;&#x9;at com.kms.katalon.core.webui.common.WebUiCommonHelper.findWebElements(WebUiCommonHelper.java:761)&#xD;&#xA;&#x9;at com.kms.katalon.core.webui.common.WebUiCommonHelper.findWebElement(WebUiCommonHelper.java:1093)&#xD;&#xA;&#x9;at com.kms.katalon.core.webui.common.WebUiCommonHelper$findWebElement.call(Unknown Source)&#xD;&#xA;&#x9;at platform.Method.clickOnElement(Method.groovy:32)&#xD;&#xA;&#x9;at platform.Method.invokeMethod(Method.groovy)&#xD;&#xA;&#x9;at com.kms.katalon.core.main.CustomKeywordDelegatingMetaClass.invokeStaticMethod(CustomKeywordDelegatingMetaClass.java:50)&#xD;&#xA;&#x9;at updateResponse_Test.run(updateResponse_Test:20)&#xD;&#xA;&#x9;... 13 more&#xD;&#xA;"/>
            <system-out>2020-11-02 18:35:27 - [TEST_CASE][ERROR] - Test Cases/TASK_SSO/updateResponse_Test: Test Cases/TASK_SSO/updateResponse_Test FAILED.
Reason:
org.openqa.selenium.WebDriverException: java.net.ConnectException: Failed to connect to localhost/0:0:0:0:0:0:0:1:48717
Build info: version: '3.141.59', revision: 'e82be7d358', time: '2018-11-14T08:25:53'
System info: host: 'WLPT580', ip: '192.168.29.195', os.name: 'Windows 8.1', os.arch: 'amd64', os.version: '6.3', java.version: '1.8.0_181'
Driver info: driver.version: RemoteWebDriver&#xD;
	at org.openqa.selenium.remote.service.DriverCommandExecutor.execute(DriverCommandExecutor.java:92)&#xD;
	at org.openqa.selenium.remote.RemoteWebDriver.execute(RemoteWebDriver.java:552)&#xD;
	at com.kms.katalon.selenium.driver.CChromeDriver.execute(CChromeDriver.java:20)&#xD;
	at org.openqa.selenium.remote.RemoteWebDriver.findElements(RemoteWebDriver.java:353)&#xD;
	at org.openqa.selenium.remote.RemoteWebDriver.findElementsByXPath(RemoteWebDriver.java:432)&#xD;
	at org.openqa.selenium.By$ByXPath.findElements(By.java:348)&#xD;
	at org.openqa.selenium.remote.RemoteWebDriver.findElements(RemoteWebDriver.java:311)&#xD;
	at com.kms.katalon.core.webui.common.WebUiCommonHelper.findWebElements(WebUiCommonHelper.java:761)&#xD;
	at com.kms.katalon.core.webui.common.WebUiCommonHelper.findWebElement(WebUiCommonHelper.java:1093)&#xD;
	at com.kms.katalon.core.webui.common.WebUiCommonHelper$findWebElement.call(Unknown Source)&#xD;
	at platform.Method.clickOnElement(Method.groovy:32)&#xD;
	at platform.Method.invokeMethod(Method.groovy)&#xD;
	at com.kms.katalon.core.main.CustomKeywordDelegatingMetaClass.invokeStaticMethod(CustomKeywordDelegatingMetaClass.java:50)&#xD;
	at updateResponse_Test.run(updateResponse_Test:20)&#xD;
	at com.kms.katalon.core.main.ScriptEngine.run(ScriptEngine.java:194)&#xD;
	at com.kms.katalon.core.main.ScriptEngine.runScriptAsRawText(ScriptEngine.java:119)&#xD;
	at com.kms.katalon.core.main.TestCaseExecutor.runScript(TestCaseExecutor.java:337)&#xD;
	at com.kms.katalon.core.main.TestCaseExecutor.doExecute(TestCaseExecutor.java:328)&#xD;
	at com.kms.katalon.core.main.TestCaseExecutor.processExecutionPhase(TestCaseExecutor.java:307)&#xD;
	at com.kms.katalon.core.main.TestCaseExecutor.accessMainPhase(TestCaseExecutor.java:299)&#xD;
	at com.kms.katalon.core.main.TestCaseExecutor.execute(TestCaseExecutor.java:233)&#xD;
	at com.kms.katalon.core.main.TestSuiteExecutor.accessTestCaseMainPhase(TestSuiteExecutor.java:169)&#xD;
	at com.kms.katalon.core.main.TestSuiteExecutor.accessTestSuiteMainPhase(TestSuiteExecutor.java:142)&#xD;
	at com.kms.katalon.core.main.TestSuiteExecutor.execute(TestSuiteExecutor.java:91)&#xD;
	at com.kms.katalon.core.main.TestCaseMain.startTestSuite(TestCaseMain.java:157)&#xD;
	at com.kms.katalon.core.main.TestCaseMain$startTestSuite$0.call(Unknown Source)&#xD;
	at TempTestSuite1604321309179.run(TempTestSuite1604321309179.groovy:35)&#xD;
Caused by: java.net.ConnectException: Failed to connect to localhost/0:0:0:0:0:0:0:1:48717&#xD;
	at okhttp3.internal.connection.RealConnection.connectSocket(RealConnection.java:247)&#xD;
	at okhttp3.internal.connection.RealConnection.connect(RealConnection.java:165)&#xD;
	at okhttp3.internal.connection.StreamAllocation.findConnection(StreamAllocation.java:257)&#xD;
	at okhttp3.internal.connection.StreamAllocation.findHealthyConnection(StreamAllocation.java:135)&#xD;
	at okhttp3.internal.connection.StreamAllocation.newStream(StreamAllocation.java:114)&#xD;
	at okhttp3.internal.connection.ConnectInterceptor.intercept(ConnectInterceptor.java:42)&#xD;
	at okhttp3.internal.http.RealInterceptorChain.proceed(RealInterceptorChain.java:147)&#xD;
	at okhttp3.internal.http.RealInterceptorChain.proceed(RealInterceptorChain.java:121)&#xD;
	at okhttp3.internal.cache.CacheInterceptor.intercept(CacheInterceptor.java:93)&#xD;
	at okhttp3.internal.http.RealInterceptorChain.proceed(RealInterceptorChain.java:147)&#xD;
	at okhttp3.internal.http.RealInterceptorChain.proceed(RealInterceptorChain.java:121)&#xD;
	at okhttp3.internal.http.BridgeInterceptor.intercept(BridgeInterceptor.java:93)&#xD;
	at okhttp3.internal.http.RealInterceptorChain.proceed(RealInterceptorChain.java:147)&#xD;
	at okhttp3.internal.http.RetryAndFollowUpInterceptor.intercept(RetryAndFollowUpInterceptor.java:126)&#xD;
	at okhttp3.internal.http.RealInterceptorChain.proceed(RealInterceptorChain.java:147)&#xD;
	at okhttp3.internal.http.RealInterceptorChain.proceed(RealInterceptorChain.java:121)&#xD;
	at okhttp3.RealCall.getResponseWithInterceptorChain(RealCall.java:200)&#xD;
	at okhttp3.RealCall.execute(RealCall.java:77)&#xD;
	at org.openqa.selenium.remote.internal.OkHttpClient.execute(OkHttpClient.java:103)&#xD;
	at org.openqa.selenium.remote.HttpCommandExecutor.execute(HttpCommandExecutor.java:155)&#xD;
	at org.openqa.selenium.remote.service.DriverCommandExecutor.execute(DriverCommandExecutor.java:83)&#xD;
	at org.openqa.selenium.remote.RemoteWebDriver.execute(RemoteWebDriver.java:552)&#xD;
	at com.kms.katalon.selenium.driver.CChromeDriver.execute(CChromeDriver.java:20)&#xD;
	at org.openqa.selenium.remote.RemoteWebDriver.findElements(RemoteWebDriver.java:353)&#xD;
	at org.openqa.selenium.remote.RemoteWebDriver.findElementsByXPath(RemoteWebDriver.java:432)&#xD;
	at org.openqa.selenium.By$ByXPath.findElements(By.java:348)&#xD;
	at org.openqa.selenium.remote.RemoteWebDriver.findElements(RemoteWebDriver.java:311)&#xD;
	at com.kms.katalon.core.webui.common.WebUiCommonHelper.findWebElements(WebUiCommonHelper.java:761)&#xD;
	at com.kms.katalon.core.webui.common.WebUiCommonHelper.findWebElement(WebUiCommonHelper.java:1093)&#xD;
	at com.kms.katalon.core.webui.common.WebUiCommonHelper$findWebElement.call(Unknown Source)&#xD;
	at platform.Method.clickOnElement(Method.groovy:32)&#xD;
	at platform.Method.invokeMethod(Method.groovy)&#xD;
	at com.kms.katalon.core.main.CustomKeywordDelegatingMetaClass.invokeStaticMethod(CustomKeywordDelegatingMetaClass.java:50)&#xD;
	at Script1598969075103.run(Script1598969075103.groovy:20)&#xD;
	... 13 more&#xD;
Caused by: java.net.ConnectException: Connection refused: connect&#xD;
	at okhttp3.internal.platform.Platform.connectSocket(Platform.java:129)&#xD;
	at okhttp3.internal.connection.RealConnection.connectSocket(RealConnection.java:245)&#xD;
	at okhttp3.internal.connection.RealConnection.connect(RealConnection.java:165)&#xD;
	at okhttp3.internal.connection.StreamAllocation.findConnection(StreamAllocation.java:257)&#xD;
	at okhttp3.internal.connection.StreamAllocation.findHealthyConnection(StreamAllocation.java:135)&#xD;
	at okhttp3.internal.connection.StreamAllocation.newStream(StreamAllocation.java:114)&#xD;
	at okhttp3.internal.connection.ConnectInterceptor.intercept(ConnectInterceptor.java:42)&#xD;
	at okhttp3.internal.http.RealInterceptorChain.proceed(RealInterceptorChain.java:147)&#xD;
	at okhttp3.internal.http.RealInterceptorChain.proceed(RealInterceptorChain.java:121)&#xD;
	at okhttp3.internal.cache.CacheInterceptor.intercept(CacheInterceptor.java:93)&#xD;
	at okhttp3.internal.http.RealInterceptorChain.proceed(RealInterceptorChain.java:147)&#xD;
	at okhttp3.internal.http.RealInterceptorChain.proceed(RealInterceptorChain.java:121)&#xD;
	at okhttp3.internal.http.BridgeInterceptor.intercept(BridgeInterceptor.java:93)&#xD;
	at okhttp3.internal.http.RealInterceptorChain.proceed(RealInterceptorChain.java:147)&#xD;
	at okhttp3.internal.http.RetryAndFollowUpInterceptor.intercept(RetryAndFollowUpInterceptor.java:126)&#xD;
	at okhttp3.internal.http.RealInterceptorChain.proceed(RealInterceptorChain.java:147)&#xD;
	at okhttp3.internal.http.RealInterceptorChain.proceed(RealInterceptorChain.java:121)&#xD;
	at okhttp3.RealCall.getResponseWithInterceptorChain(RealCall.java:200)&#xD;
	at okhttp3.RealCall.execute(RealCall.java:77)&#xD;
	at org.openqa.selenium.remote.internal.OkHttpClient.execute(OkHttpClient.java:103)&#xD;
	at org.openqa.selenium.remote.HttpCommandExecutor.execute(HttpCommandExecutor.java:155)&#xD;
	at org.openqa.selenium.remote.service.DriverCommandExecutor.execute(DriverCommandExecutor.java:83)&#xD;
	at org.openqa.selenium.remote.RemoteWebDriver.execute(RemoteWebDriver.java:552)&#xD;
	at com.kms.katalon.selenium.driver.CChromeDriver.execute(CChromeDriver.java:20)&#xD;
	at org.openqa.selenium.remote.RemoteWebDriver.findElements(RemoteWebDriver.java:353)&#xD;
	at org.openqa.selenium.remote.RemoteWebDriver.findElementsByXPath(RemoteWebDriver.java:432)&#xD;
	at org.openqa.selenium.By$ByXPath.findElements(By.java:348)&#xD;
	at org.openqa.selenium.remote.RemoteWebDriver.findElements(RemoteWebDriver.java:311)&#xD;
	at com.kms.katalon.core.webui.common.WebUiCommonHelper.findWebElements(WebUiCommonHelper.java:761)&#xD;
	at com.kms.katalon.core.webui.common.WebUiCommonHelper.findWebElement(WebUiCommonHelper.java:1093)&#xD;
	at com.kms.katalon.core.webui.common.WebUiCommonHelper$findWebElement.call(Unknown Source)&#xD;
	at platform.Method.clickOnElement(Method.groovy:32)&#xD;
	at platform.Method.invokeMethod(Method.groovy)&#xD;
	at com.kms.katalon.core.main.CustomKeywordDelegatingMetaClass.invokeStaticMethod(CustomKeywordDelegatingMetaClass.java:50)&#xD;
	at updateResponse_Test.run(updateResponse_Test:20)&#xD;
	... 13 more&#xD;
&#xD;
&#xD;
2020-11-02 18:35:28 - [TEST_STEP][ERROR] - platform.Method.clickOnElement(findTestObject("Generic/training")): java.net.ConnectException: Failed to connect to localhost/0:0:0:0:0:0:0:1:48717
Build info: version: '3.141.59', revision: 'e82be7d358', time: '2018-11-14T08:25:53'
System info: host: 'WLPT580', ip: '192.168.29.195', os.name: 'Windows 8.1', os.arch: 'amd64', os.version: '6.3', java.version: '1.8.0_181'
Driver info: driver.version: RemoteWebDriver&#xD;
&#xD;
2020-11-02 18:35:31 - [MESSAGE][ERROR] - java.net.ConnectException: Failed to connect to localhost/0:0:0:0:0:0:0:1:48717
Build info: version: '3.141.59', revision: 'e82be7d358', time: '2018-11-14T08:25:53'
System info: host: 'WLPT580', ip: '192.168.29.195', os.name: 'Windows 8.1', os.arch: 'amd64', os.version: '6.3', java.version: '1.8.0_181'
Driver info: driver.version: RemoteWebDriver</system-out>
            <system-err>2020-11-02 18:35:27 - [TEST_CASE][ERROR] - Test Cases/TASK_SSO/updateResponse_Test: Test Cases/TASK_SSO/updateResponse_Test FAILED.
Reason:
org.openqa.selenium.WebDriverException: java.net.ConnectException: Failed to connect to localhost/0:0:0:0:0:0:0:1:48717
Build info: version: '3.141.59', revision: 'e82be7d358', time: '2018-11-14T08:25:53'
System info: host: 'WLPT580', ip: '192.168.29.195', os.name: 'Windows 8.1', os.arch: 'amd64', os.version: '6.3', java.version: '1.8.0_181'
Driver info: driver.version: RemoteWebDriver&#xD;
	at org.openqa.selenium.remote.service.DriverCommandExecutor.execute(DriverCommandExecutor.java:92)&#xD;
	at org.openqa.selenium.remote.RemoteWebDriver.execute(RemoteWebDriver.java:552)&#xD;
	at com.kms.katalon.selenium.driver.CChromeDriver.execute(CChromeDriver.java:20)&#xD;
	at org.openqa.selenium.remote.RemoteWebDriver.findElements(RemoteWebDriver.java:353)&#xD;
	at org.openqa.selenium.remote.RemoteWebDriver.findElementsByXPath(RemoteWebDriver.java:432)&#xD;
	at org.openqa.selenium.By$ByXPath.findElements(By.java:348)&#xD;
	at org.openqa.selenium.remote.RemoteWebDriver.findElements(RemoteWebDriver.java:311)&#xD;
	at com.kms.katalon.core.webui.common.WebUiCommonHelper.findWebElements(WebUiCommonHelper.java:761)&#xD;
	at com.kms.katalon.core.webui.common.WebUiCommonHelper.findWebElement(WebUiCommonHelper.java:1093)&#xD;
	at com.kms.katalon.core.webui.common.WebUiCommonHelper$findWebElement.call(Unknown Source)&#xD;
	at platform.Method.clickOnElement(Method.groovy:32)&#xD;
	at platform.Method.invokeMethod(Method.groovy)&#xD;
	at com.kms.katalon.core.main.CustomKeywordDelegatingMetaClass.invokeStaticMethod(CustomKeywordDelegatingMetaClass.java:50)&#xD;
	at updateResponse_Test.run(updateResponse_Test:20)&#xD;
	at com.kms.katalon.core.main.ScriptEngine.run(ScriptEngine.java:194)&#xD;
	at com.kms.katalon.core.main.ScriptEngine.runScriptAsRawText(ScriptEngine.java:119)&#xD;
	at com.kms.katalon.core.main.TestCaseExecutor.runScript(TestCaseExecutor.java:337)&#xD;
	at com.kms.katalon.core.main.TestCaseExecutor.doExecute(TestCaseExecutor.java:328)&#xD;
	at com.kms.katalon.core.main.TestCaseExecutor.processExecutionPhase(TestCaseExecutor.java:307)&#xD;
	at com.kms.katalon.core.main.TestCaseExecutor.accessMainPhase(TestCaseExecutor.java:299)&#xD;
	at com.kms.katalon.core.main.TestCaseExecutor.execute(TestCaseExecutor.java:233)&#xD;
	at com.kms.katalon.core.main.TestSuiteExecutor.accessTestCaseMainPhase(TestSuiteExecutor.java:169)&#xD;
	at com.kms.katalon.core.main.TestSuiteExecutor.accessTestSuiteMainPhase(TestSuiteExecutor.java:142)&#xD;
	at com.kms.katalon.core.main.TestSuiteExecutor.execute(TestSuiteExecutor.java:91)&#xD;
	at com.kms.katalon.core.main.TestCaseMain.startTestSuite(TestCaseMain.java:157)&#xD;
	at com.kms.katalon.core.main.TestCaseMain$startTestSuite$0.call(Unknown Source)&#xD;
	at TempTestSuite1604321309179.run(TempTestSuite1604321309179.groovy:35)&#xD;
Caused by: java.net.ConnectException: Failed to connect to localhost/0:0:0:0:0:0:0:1:48717&#xD;
	at okhttp3.internal.connection.RealConnection.connectSocket(RealConnection.java:247)&#xD;
	at okhttp3.internal.connection.RealConnection.connect(RealConnection.java:165)&#xD;
	at okhttp3.internal.connection.StreamAllocation.findConnection(StreamAllocation.java:257)&#xD;
	at okhttp3.internal.connection.StreamAllocation.findHealthyConnection(StreamAllocation.java:135)&#xD;
	at okhttp3.internal.connection.StreamAllocation.newStream(StreamAllocation.java:114)&#xD;
	at okhttp3.internal.connection.ConnectInterceptor.intercept(ConnectInterceptor.java:42)&#xD;
	at okhttp3.internal.http.RealInterceptorChain.proceed(RealInterceptorChain.java:147)&#xD;
	at okhttp3.internal.http.RealInterceptorChain.proceed(RealInterceptorChain.java:121)&#xD;
	at okhttp3.internal.cache.CacheInterceptor.intercept(CacheInterceptor.java:93)&#xD;
	at okhttp3.internal.http.RealInterceptorChain.proceed(RealInterceptorChain.java:147)&#xD;
	at okhttp3.internal.http.RealInterceptorChain.proceed(RealInterceptorChain.java:121)&#xD;
	at okhttp3.internal.http.BridgeInterceptor.intercept(BridgeInterceptor.java:93)&#xD;
	at okhttp3.internal.http.RealInterceptorChain.proceed(RealInterceptorChain.java:147)&#xD;
	at okhttp3.internal.http.RetryAndFollowUpInterceptor.intercept(RetryAndFollowUpInterceptor.java:126)&#xD;
	at okhttp3.internal.http.RealInterceptorChain.proceed(RealInterceptorChain.java:147)&#xD;
	at okhttp3.internal.http.RealInterceptorChain.proceed(RealInterceptorChain.java:121)&#xD;
	at okhttp3.RealCall.getResponseWithInterceptorChain(RealCall.java:200)&#xD;
	at okhttp3.RealCall.execute(RealCall.java:77)&#xD;
	at org.openqa.selenium.remote.internal.OkHttpClient.execute(OkHttpClient.java:103)&#xD;
	at org.openqa.selenium.remote.HttpCommandExecutor.execute(HttpCommandExecutor.java:155)&#xD;
	at org.openqa.selenium.remote.service.DriverCommandExecutor.execute(DriverCommandExecutor.java:83)&#xD;
	at org.openqa.selenium.remote.RemoteWebDriver.execute(RemoteWebDriver.java:552)&#xD;
	at com.kms.katalon.selenium.driver.CChromeDriver.execute(CChromeDriver.java:20)&#xD;
	at org.openqa.selenium.remote.RemoteWebDriver.findElements(RemoteWebDriver.java:353)&#xD;
	at org.openqa.selenium.remote.RemoteWebDriver.findElementsByXPath(RemoteWebDriver.java:432)&#xD;
	at org.openqa.selenium.By$ByXPath.findElements(By.java:348)&#xD;
	at org.openqa.selenium.remote.RemoteWebDriver.findElements(RemoteWebDriver.java:311)&#xD;
	at com.kms.katalon.core.webui.common.WebUiCommonHelper.findWebElements(WebUiCommonHelper.java:761)&#xD;
	at com.kms.katalon.core.webui.common.WebUiCommonHelper.findWebElement(WebUiCommonHelper.java:1093)&#xD;
	at com.kms.katalon.core.webui.common.WebUiCommonHelper$findWebElement.call(Unknown Source)&#xD;
	at platform.Method.clickOnElement(Method.groovy:32)&#xD;
	at platform.Method.invokeMethod(Method.groovy)&#xD;
	at com.kms.katalon.core.main.CustomKeywordDelegatingMetaClass.invokeStaticMethod(CustomKeywordDelegatingMetaClass.java:50)&#xD;
	at Script1598969075103.run(Script1598969075103.groovy:20)&#xD;
	... 13 more&#xD;
Caused by: java.net.ConnectException: Connection refused: connect&#xD;
	at okhttp3.internal.platform.Platform.connectSocket(Platform.java:129)&#xD;
	at okhttp3.internal.connection.RealConnection.connectSocket(RealConnection.java:245)&#xD;
	at okhttp3.internal.connection.RealConnection.connect(RealConnection.java:165)&#xD;
	at okhttp3.internal.connection.StreamAllocation.findConnection(StreamAllocation.java:257)&#xD;
	at okhttp3.internal.connection.StreamAllocation.findHealthyConnection(StreamAllocation.java:135)&#xD;
	at okhttp3.internal.connection.StreamAllocation.newStream(StreamAllocation.java:114)&#xD;
	at okhttp3.internal.connection.ConnectInterceptor.intercept(ConnectInterceptor.java:42)&#xD;
	at okhttp3.internal.http.RealInterceptorChain.proceed(RealInterceptorChain.java:147)&#xD;
	at okhttp3.internal.http.RealInterceptorChain.proceed(RealInterceptorChain.java:121)&#xD;
	at okhttp3.internal.cache.CacheInterceptor.intercept(CacheInterceptor.java:93)&#xD;
	at okhttp3.internal.http.RealInterceptorChain.proceed(RealInterceptorChain.java:147)&#xD;
	at okhttp3.internal.http.RealInterceptorChain.proceed(RealInterceptorChain.java:121)&#xD;
	at okhttp3.internal.http.BridgeInterceptor.intercept(BridgeInterceptor.java:93)&#xD;
	at okhttp3.internal.http.RealInterceptorChain.proceed(RealInterceptorChain.java:147)&#xD;
	at okhttp3.internal.http.RetryAndFollowUpInterceptor.intercept(RetryAndFollowUpInterceptor.java:126)&#xD;
	at okhttp3.internal.http.RealInterceptorChain.proceed(RealInterceptorChain.java:147)&#xD;
	at okhttp3.internal.http.RealInterceptorChain.proceed(RealInterceptorChain.java:121)&#xD;
	at okhttp3.RealCall.getResponseWithInterceptorChain(RealCall.java:200)&#xD;
	at okhttp3.RealCall.execute(RealCall.java:77)&#xD;
	at org.openqa.selenium.remote.internal.OkHttpClient.execute(OkHttpClient.java:103)&#xD;
	at org.openqa.selenium.remote.HttpCommandExecutor.execute(HttpCommandExecutor.java:155)&#xD;
	at org.openqa.selenium.remote.service.DriverCommandExecutor.execute(DriverCommandExecutor.java:83)&#xD;
	at org.openqa.selenium.remote.RemoteWebDriver.execute(RemoteWebDriver.java:552)&#xD;
	at com.kms.katalon.selenium.driver.CChromeDriver.execute(CChromeDriver.java:20)&#xD;
	at org.openqa.selenium.remote.RemoteWebDriver.findElements(RemoteWebDriver.java:353)&#xD;
	at org.openqa.selenium.remote.RemoteWebDriver.findElementsByXPath(RemoteWebDriver.java:432)&#xD;
	at org.openqa.selenium.By$ByXPath.findElements(By.java:348)&#xD;
	at org.openqa.selenium.remote.RemoteWebDriver.findElements(RemoteWebDriver.java:311)&#xD;
	at com.kms.katalon.core.webui.common.WebUiCommonHelper.findWebElements(WebUiCommonHelper.java:761)&#xD;
	at com.kms.katalon.core.webui.common.WebUiCommonHelper.findWebElement(WebUiCommonHelper.java:1093)&#xD;
	at com.kms.katalon.core.webui.common.WebUiCommonHelper$findWebElement.call(Unknown Source)&#xD;
	at platform.Method.clickOnElement(Method.groovy:32)&#xD;
	at platform.Method.invokeMethod(Method.groovy)&#xD;
	at com.kms.katalon.core.main.CustomKeywordDelegatingMetaClass.invokeStaticMethod(CustomKeywordDelegatingMetaClass.java:50)&#xD;
	at updateResponse_Test.run(updateResponse_Test:20)&#xD;
	... 13 more</system-err>
        </testcase>
        <testcase name="Test Cases/TASK_SSO/downvoteWithComment_Test" classname="Test Cases/TASK_SSO/downvoteWithComment_Test" status="ERROR">
            <error type="ERROR" message="Test Cases/TASK_SSO/downvoteWithComment_Test FAILED.&#xA;Reason:&#xA;org.openqa.selenium.WebDriverException: java.net.ConnectException: Failed to connect to localhost/0:0:0:0:0:0:0:1:48717&#xA;Build info: version: '3.141.59', revision: 'e82be7d358', time: '2018-11-14T08:25:53'&#xA;System info: host: 'WLPT580', ip: '192.168.29.195', os.name: 'Windows 8.1', os.arch: 'amd64', os.version: '6.3', java.version: '1.8.0_181'&#xA;Driver info: driver.version: RemoteWebDriver&#xD;&#xA;&#x9;at org.openqa.selenium.remote.service.DriverCommandExecutor.execute(DriverCommandExecutor.java:92)&#xD;&#xA;&#x9;at org.openqa.selenium.remote.RemoteWebDriver.execute(RemoteWebDriver.java:552)&#xD;&#xA;&#x9;at com.kms.katalon.selenium.driver.CChromeDriver.execute(CChromeDriver.java:20)&#xD;&#xA;&#x9;at org.openqa.selenium.remote.RemoteWebDriver.findElements(RemoteWebDriver.java:353)&#xD;&#xA;&#x9;at org.openqa.selenium.remote.RemoteWebDriver.findElementsByXPath(RemoteWebDriver.java:432)&#xD;&#xA;&#x9;at org.openqa.selenium.By$ByXPath.findElements(By.java:348)&#xD;&#xA;&#x9;at org.openqa.selenium.remote.RemoteWebDriver.findElements(RemoteWebDriver.java:311)&#xD;&#xA;&#x9;at com.kms.katalon.core.webui.common.WebUiCommonHelper.findWebElements(WebUiCommonHelper.java:761)&#xD;&#xA;&#x9;at com.kms.katalon.core.webui.common.WebUiCommonHelper.findWebElement(WebUiCommonHelper.java:1093)&#xD;&#xA;&#x9;at com.kms.katalon.core.webui.common.WebUiCommonHelper$findWebElement.call(Unknown Source)&#xD;&#xA;&#x9;at platform.Method.clickOnElement(Method.groovy:32)&#xD;&#xA;&#x9;at platform.Method.invokeMethod(Method.groovy)&#xD;&#xA;&#x9;at com.kms.katalon.core.main.CustomKeywordDelegatingMetaClass.invokeStaticMethod(CustomKeywordDelegatingMetaClass.java:50)&#xD;&#xA;&#x9;at downvoteWithComment_Test.run(downvoteWithComment_Test:21)&#xD;&#xA;&#x9;at com.kms.katalon.core.main.ScriptEngine.run(ScriptEngine.java:194)&#xD;&#xA;&#x9;at com.kms.katalon.core.main.ScriptEngine.runScriptAsRawText(ScriptEngine.java:119)&#xD;&#xA;&#x9;at com.kms.katalon.core.main.TestCaseExecutor.runScript(TestCaseExecutor.java:337)&#xD;&#xA;&#x9;at com.kms.katalon.core.main.TestCaseExecutor.doExecute(TestCaseExecutor.java:328)&#xD;&#xA;&#x9;at com.kms.katalon.core.main.TestCaseExecutor.processExecutionPhase(TestCaseExecutor.java:307)&#xD;&#xA;&#x9;at com.kms.katalon.core.main.TestCaseExecutor.accessMainPhase(TestCaseExecutor.java:299)&#xD;&#xA;&#x9;at com.kms.katalon.core.main.TestCaseExecutor.execute(TestCaseExecutor.java:233)&#xD;&#xA;&#x9;at com.kms.katalon.core.main.TestSuiteExecutor.accessTestCaseMainPhase(TestSuiteExecutor.java:169)&#xD;&#xA;&#x9;at com.kms.katalon.core.main.TestSuiteExecutor.accessTestSuiteMainPhase(TestSuiteExecutor.java:142)&#xD;&#xA;&#x9;at com.kms.katalon.core.main.TestSuiteExecutor.execute(TestSuiteExecutor.java:91)&#xD;&#xA;&#x9;at com.kms.katalon.core.main.TestCaseMain.startTestSuite(TestCaseMain.java:157)&#xD;&#xA;&#x9;at com.kms.katalon.core.main.TestCaseMain$startTestSuite$0.call(Unknown Source)&#xD;&#xA;&#x9;at TempTestSuite1604321309179.run(TempTestSuite1604321309179.groovy:35)&#xD;&#xA;Caused by: java.net.ConnectException: Failed to connect to localhost/0:0:0:0:0:0:0:1:48717&#xD;&#xA;&#x9;at okhttp3.internal.connection.RealConnection.connectSocket(RealConnection.java:247)&#xD;&#xA;&#x9;at okhttp3.internal.connection.RealConnection.connect(RealConnection.java:165)&#xD;&#xA;&#x9;at okhttp3.internal.connection.StreamAllocation.findConnection(StreamAllocation.java:257)&#xD;&#xA;&#x9;at okhttp3.internal.connection.StreamAllocation.findHealthyConnection(StreamAllocation.java:135)&#xD;&#xA;&#x9;at okhttp3.internal.connection.StreamAllocation.newStream(StreamAllocation.java:114)&#xD;&#xA;&#x9;at okhttp3.internal.connection.ConnectInterceptor.intercept(ConnectInterceptor.java:42)&#xD;&#xA;&#x9;at okhttp3.internal.http.RealInterceptorChain.proceed(RealInterceptorChain.java:147)&#xD;&#xA;&#x9;at okhttp3.internal.http.RealInterceptorChain.proceed(RealInterceptorChain.java:121)&#xD;&#xA;&#x9;at okhttp3.internal.cache.CacheInterceptor.intercept(CacheInterceptor.java:93)&#xD;&#xA;&#x9;at okhttp3.internal.http.RealInterceptorChain.proceed(RealInterceptorChain.java:147)&#xD;&#xA;&#x9;at okhttp3.internal.http.RealInterceptorChain.proceed(RealInterceptorChain.java:121)&#xD;&#xA;&#x9;at okhttp3.internal.http.BridgeInterceptor.intercept(BridgeInterceptor.java:93)&#xD;&#xA;&#x9;at okhttp3.internal.http.RealInterceptorChain.proceed(RealInterceptorChain.java:147)&#xD;&#xA;&#x9;at okhttp3.internal.http.RetryAndFollowUpInterceptor.intercept(RetryAndFollowUpInterceptor.java:126)&#xD;&#xA;&#x9;at okhttp3.internal.http.RealInterceptorChain.proceed(RealInterceptorChain.java:147)&#xD;&#xA;&#x9;at okhttp3.internal.http.RealInterceptorChain.proceed(RealInterceptorChain.java:121)&#xD;&#xA;&#x9;at okhttp3.RealCall.getResponseWithInterceptorChain(RealCall.java:200)&#xD;&#xA;&#x9;at okhttp3.RealCall.execute(RealCall.java:77)&#xD;&#xA;&#x9;at org.openqa.selenium.remote.internal.OkHttpClient.execute(OkHttpClient.java:103)&#xD;&#xA;&#x9;at org.openqa.selenium.remote.HttpCommandExecutor.execute(HttpCommandExecutor.java:155)&#xD;&#xA;&#x9;at org.openqa.selenium.remote.service.DriverCommandExecutor.execute(DriverCommandExecutor.java:83)&#xD;&#xA;&#x9;at org.openqa.selenium.remote.RemoteWebDriver.execute(RemoteWebDriver.java:552)&#xD;&#xA;&#x9;at com.kms.katalon.selenium.driver.CChromeDriver.execute(CChromeDriver.java:20)&#xD;&#xA;&#x9;at org.openqa.selenium.remote.RemoteWebDriver.findElements(RemoteWebDriver.java:353)&#xD;&#xA;&#x9;at org.openqa.selenium.remote.RemoteWebDriver.findElementsByXPath(RemoteWebDriver.java:432)&#xD;&#xA;&#x9;at org.openqa.selenium.By$ByXPath.findElements(By.java:348)&#xD;&#xA;&#x9;at org.openqa.selenium.remote.RemoteWebDriver.findElements(RemoteWebDriver.java:311)&#xD;&#xA;&#x9;at com.kms.katalon.core.webui.common.WebUiCommonHelper.findWebElements(WebUiCommonHelper.java:761)&#xD;&#xA;&#x9;at com.kms.katalon.core.webui.common.WebUiCommonHelper.findWebElement(WebUiCommonHelper.java:1093)&#xD;&#xA;&#x9;at com.kms.katalon.core.webui.common.WebUiCommonHelper$findWebElement.call(Unknown Source)&#xD;&#xA;&#x9;at platform.Method.clickOnElement(Method.groovy:32)&#xD;&#xA;&#x9;at platform.Method.invokeMethod(Method.groovy)&#xD;&#xA;&#x9;at com.kms.katalon.core.main.CustomKeywordDelegatingMetaClass.invokeStaticMethod(CustomKeywordDelegatingMetaClass.java:50)&#xD;&#xA;&#x9;at Script1598969045744.run(Script1598969045744.groovy:21)&#xD;&#xA;&#x9;... 13 more&#xD;&#xA;Caused by: java.net.ConnectException: Connection refused: connect&#xD;&#xA;&#x9;at okhttp3.internal.platform.Platform.connectSocket(Platform.java:129)&#xD;&#xA;&#x9;at okhttp3.internal.connection.RealConnection.connectSocket(RealConnection.java:245)&#xD;&#xA;&#x9;at okhttp3.internal.connection.RealConnection.connect(RealConnection.java:165)&#xD;&#xA;&#x9;at okhttp3.internal.connection.StreamAllocation.findConnection(StreamAllocation.java:257)&#xD;&#xA;&#x9;at okhttp3.internal.connection.StreamAllocation.findHealthyConnection(StreamAllocation.java:135)&#xD;&#xA;&#x9;at okhttp3.internal.connection.StreamAllocation.newStream(StreamAllocation.java:114)&#xD;&#xA;&#x9;at okhttp3.internal.connection.ConnectInterceptor.intercept(ConnectInterceptor.java:42)&#xD;&#xA;&#x9;at okhttp3.internal.http.RealInterceptorChain.proceed(RealInterceptorChain.java:147)&#xD;&#xA;&#x9;at okhttp3.internal.http.RealInterceptorChain.proceed(RealInterceptorChain.java:121)&#xD;&#xA;&#x9;at okhttp3.internal.cache.CacheInterceptor.intercept(CacheInterceptor.java:93)&#xD;&#xA;&#x9;at okhttp3.internal.http.RealInterceptorChain.proceed(RealInterceptorChain.java:147)&#xD;&#xA;&#x9;at okhttp3.internal.http.RealInterceptorChain.proceed(RealInterceptorChain.java:121)&#xD;&#xA;&#x9;at okhttp3.internal.http.BridgeInterceptor.intercept(BridgeInterceptor.java:93)&#xD;&#xA;&#x9;at okhttp3.internal.http.RealInterceptorChain.proceed(RealInterceptorChain.java:147)&#xD;&#xA;&#x9;at okhttp3.internal.http.RetryAndFollowUpInterceptor.intercept(RetryAndFollowUpInterceptor.java:126)&#xD;&#xA;&#x9;at okhttp3.internal.http.RealInterceptorChain.proceed(RealInterceptorChain.java:147)&#xD;&#xA;&#x9;at okhttp3.internal.http.RealInterceptorChain.proceed(RealInterceptorChain.java:121)&#xD;&#xA;&#x9;at okhttp3.RealCall.getResponseWithInterceptorChain(RealCall.java:200)&#xD;&#xA;&#x9;at okhttp3.RealCall.execute(RealCall.java:77)&#xD;&#xA;&#x9;at org.openqa.selenium.remote.internal.OkHttpClient.execute(OkHttpClient.java:103)&#xD;&#xA;&#x9;at org.openqa.selenium.remote.HttpCommandExecutor.execute(HttpCommandExecutor.java:155)&#xD;&#xA;&#x9;at org.openqa.selenium.remote.service.DriverCommandExecutor.execute(DriverCommandExecutor.java:83)&#xD;&#xA;&#x9;at org.openqa.selenium.remote.RemoteWebDriver.execute(RemoteWebDriver.java:552)&#xD;&#xA;&#x9;at com.kms.katalon.selenium.driver.CChromeDriver.execute(CChromeDriver.java:20)&#xD;&#xA;&#x9;at org.openqa.selenium.remote.RemoteWebDriver.findElements(RemoteWebDriver.java:353)&#xD;&#xA;&#x9;at org.openqa.selenium.remote.RemoteWebDriver.findElementsByXPath(RemoteWebDriver.java:432)&#xD;&#xA;&#x9;at org.openqa.selenium.By$ByXPath.findElements(By.java:348)&#xD;&#xA;&#x9;at org.openqa.selenium.remote.RemoteWebDriver.findElements(RemoteWebDriver.java:311)&#xD;&#xA;&#x9;at com.kms.katalon.core.webui.common.WebUiCommonHelper.findWebElements(WebUiCommonHelper.java:761)&#xD;&#xA;&#x9;at com.kms.katalon.core.webui.common.WebUiCommonHelper.findWebElement(WebUiCommonHelper.java:1093)&#xD;&#xA;&#x9;at com.kms.katalon.core.webui.common.WebUiCommonHelper$findWebElement.call(Unknown Source)&#xD;&#xA;&#x9;at platform.Method.clickOnElement(Method.groovy:32)&#xD;&#xA;&#x9;at platform.Method.invokeMethod(Method.groovy)&#xD;&#xA;&#x9;at com.kms.katalon.core.main.CustomKeywordDelegatingMetaClass.invokeStaticMethod(CustomKeywordDelegatingMetaClass.java:50)&#xD;&#xA;&#x9;at downvoteWithComment_Test.run(downvoteWithComment_Test:21)&#xD;&#xA;&#x9;... 13 more&#xD;&#xA;"/>
            <system-out>2020-11-02 18:35:31 - [TEST_CASE][ERROR] - Test Cases/TASK_SSO/downvoteWithComment_Test: Test Cases/TASK_SSO/downvoteWithComment_Test FAILED.
Reason:
org.openqa.selenium.WebDriverException: java.net.ConnectException: Failed to connect to localhost/0:0:0:0:0:0:0:1:48717
Build info: version: '3.141.59', revision: 'e82be7d358', time: '2018-11-14T08:25:53'
System info: host: 'WLPT580', ip: '192.168.29.195', os.name: 'Windows 8.1', os.arch: 'amd64', os.version: '6.3', java.version: '1.8.0_181'
Driver info: driver.version: RemoteWebDriver&#xD;
	at org.openqa.selenium.remote.service.DriverCommandExecutor.execute(DriverCommandExecutor.java:92)&#xD;
	at org.openqa.selenium.remote.RemoteWebDriver.execute(RemoteWebDriver.java:552)&#xD;
	at com.kms.katalon.selenium.driver.CChromeDriver.execute(CChromeDriver.java:20)&#xD;
	at org.openqa.selenium.remote.RemoteWebDriver.findElements(RemoteWebDriver.java:353)&#xD;
	at org.openqa.selenium.remote.RemoteWebDriver.findElementsByXPath(RemoteWebDriver.java:432)&#xD;
	at org.openqa.selenium.By$ByXPath.findElements(By.java:348)&#xD;
	at org.openqa.selenium.remote.RemoteWebDriver.findElements(RemoteWebDriver.java:311)&#xD;
	at com.kms.katalon.core.webui.common.WebUiCommonHelper.findWebElements(WebUiCommonHelper.java:761)&#xD;
	at com.kms.katalon.core.webui.common.WebUiCommonHelper.findWebElement(WebUiCommonHelper.java:1093)&#xD;
	at com.kms.katalon.core.webui.common.WebUiCommonHelper$findWebElement.call(Unknown Source)&#xD;
	at platform.Method.clickOnElement(Method.groovy:32)&#xD;
	at platform.Method.invokeMethod(Method.groovy)&#xD;
	at com.kms.katalon.core.main.CustomKeywordDelegatingMetaClass.invokeStaticMethod(CustomKeywordDelegatingMetaClass.java:50)&#xD;
	at downvoteWithComment_Test.run(downvoteWithComment_Test:21)&#xD;
	at com.kms.katalon.core.main.ScriptEngine.run(ScriptEngine.java:194)&#xD;
	at com.kms.katalon.core.main.ScriptEngine.runScriptAsRawText(ScriptEngine.java:119)&#xD;
	at com.kms.katalon.core.main.TestCaseExecutor.runScript(TestCaseExecutor.java:337)&#xD;
	at com.kms.katalon.core.main.TestCaseExecutor.doExecute(TestCaseExecutor.java:328)&#xD;
	at com.kms.katalon.core.main.TestCaseExecutor.processExecutionPhase(TestCaseExecutor.java:307)&#xD;
	at com.kms.katalon.core.main.TestCaseExecutor.accessMainPhase(TestCaseExecutor.java:299)&#xD;
	at com.kms.katalon.core.main.TestCaseExecutor.execute(TestCaseExecutor.java:233)&#xD;
	at com.kms.katalon.core.main.TestSuiteExecutor.accessTestCaseMainPhase(TestSuiteExecutor.java:169)&#xD;
	at com.kms.katalon.core.main.TestSuiteExecutor.accessTestSuiteMainPhase(TestSuiteExecutor.java:142)&#xD;
	at com.kms.katalon.core.main.TestSuiteExecutor.execute(TestSuiteExecutor.java:91)&#xD;
	at com.kms.katalon.core.main.TestCaseMain.startTestSuite(TestCaseMain.java:157)&#xD;
	at com.kms.katalon.core.main.TestCaseMain$startTestSuite$0.call(Unknown Source)&#xD;
	at TempTestSuite1604321309179.run(TempTestSuite1604321309179.groovy:35)&#xD;
Caused by: java.net.ConnectException: Failed to connect to localhost/0:0:0:0:0:0:0:1:48717&#xD;
	at okhttp3.internal.connection.RealConnection.connectSocket(RealConnection.java:247)&#xD;
	at okhttp3.internal.connection.RealConnection.connect(RealConnection.java:165)&#xD;
	at okhttp3.internal.connection.StreamAllocation.findConnection(StreamAllocation.java:257)&#xD;
	at okhttp3.internal.connection.StreamAllocation.findHealthyConnection(StreamAllocation.java:135)&#xD;
	at okhttp3.internal.connection.StreamAllocation.newStream(StreamAllocation.java:114)&#xD;
	at okhttp3.internal.connection.ConnectInterceptor.intercept(ConnectInterceptor.java:42)&#xD;
	at okhttp3.internal.http.RealInterceptorChain.proceed(RealInterceptorChain.java:147)&#xD;
	at okhttp3.internal.http.RealInterceptorChain.proceed(RealInterceptorChain.java:121)&#xD;
	at okhttp3.internal.cache.CacheInterceptor.intercept(CacheInterceptor.java:93)&#xD;
	at okhttp3.internal.http.RealInterceptorChain.proceed(RealInterceptorChain.java:147)&#xD;
	at okhttp3.internal.http.RealInterceptorChain.proceed(RealInterceptorChain.java:121)&#xD;
	at okhttp3.internal.http.BridgeInterceptor.intercept(BridgeInterceptor.java:93)&#xD;
	at okhttp3.internal.http.RealInterceptorChain.proceed(RealInterceptorChain.java:147)&#xD;
	at okhttp3.internal.http.RetryAndFollowUpInterceptor.intercept(RetryAndFollowUpInterceptor.java:126)&#xD;
	at okhttp3.internal.http.RealInterceptorChain.proceed(RealInterceptorChain.java:147)&#xD;
	at okhttp3.internal.http.RealInterceptorChain.proceed(RealInterceptorChain.java:121)&#xD;
	at okhttp3.RealCall.getResponseWithInterceptorChain(RealCall.java:200)&#xD;
	at okhttp3.RealCall.execute(RealCall.java:77)&#xD;
	at org.openqa.selenium.remote.internal.OkHttpClient.execute(OkHttpClient.java:103)&#xD;
	at org.openqa.selenium.remote.HttpCommandExecutor.execute(HttpCommandExecutor.java:155)&#xD;
	at org.openqa.selenium.remote.service.DriverCommandExecutor.execute(DriverCommandExecutor.java:83)&#xD;
	at org.openqa.selenium.remote.RemoteWebDriver.execute(RemoteWebDriver.java:552)&#xD;
	at com.kms.katalon.selenium.driver.CChromeDriver.execute(CChromeDriver.java:20)&#xD;
	at org.openqa.selenium.remote.RemoteWebDriver.findElements(RemoteWebDriver.java:353)&#xD;
	at org.openqa.selenium.remote.RemoteWebDriver.findElementsByXPath(RemoteWebDriver.java:432)&#xD;
	at org.openqa.selenium.By$ByXPath.findElements(By.java:348)&#xD;
	at org.openqa.selenium.remote.RemoteWebDriver.findElements(RemoteWebDriver.java:311)&#xD;
	at com.kms.katalon.core.webui.common.WebUiCommonHelper.findWebElements(WebUiCommonHelper.java:761)&#xD;
	at com.kms.katalon.core.webui.common.WebUiCommonHelper.findWebElement(WebUiCommonHelper.java:1093)&#xD;
	at com.kms.katalon.core.webui.common.WebUiCommonHelper$findWebElement.call(Unknown Source)&#xD;
	at platform.Method.clickOnElement(Method.groovy:32)&#xD;
	at platform.Method.invokeMethod(Method.groovy)&#xD;
	at com.kms.katalon.core.main.CustomKeywordDelegatingMetaClass.invokeStaticMethod(CustomKeywordDelegatingMetaClass.java:50)&#xD;
	at Script1598969045744.run(Script1598969045744.groovy:21)&#xD;
	... 13 more&#xD;
Caused by: java.net.ConnectException: Connection refused: connect&#xD;
	at okhttp3.internal.platform.Platform.connectSocket(Platform.java:129)&#xD;
	at okhttp3.internal.connection.RealConnection.connectSocket(RealConnection.java:245)&#xD;
	at okhttp3.internal.connection.RealConnection.connect(RealConnection.java:165)&#xD;
	at okhttp3.internal.connection.StreamAllocation.findConnection(StreamAllocation.java:257)&#xD;
	at okhttp3.internal.connection.StreamAllocation.findHealthyConnection(StreamAllocation.java:135)&#xD;
	at okhttp3.internal.connection.StreamAllocation.newStream(StreamAllocation.java:114)&#xD;
	at okhttp3.internal.connection.ConnectInterceptor.intercept(ConnectInterceptor.java:42)&#xD;
	at okhttp3.internal.http.RealInterceptorChain.proceed(RealInterceptorChain.java:147)&#xD;
	at okhttp3.internal.http.RealInterceptorChain.proceed(RealInterceptorChain.java:121)&#xD;
	at okhttp3.internal.cache.CacheInterceptor.intercept(CacheInterceptor.java:93)&#xD;
	at okhttp3.internal.http.RealInterceptorChain.proceed(RealInterceptorChain.java:147)&#xD;
	at okhttp3.internal.http.RealInterceptorChain.proceed(RealInterceptorChain.java:121)&#xD;
	at okhttp3.internal.http.BridgeInterceptor.intercept(BridgeInterceptor.java:93)&#xD;
	at okhttp3.internal.http.RealInterceptorChain.proceed(RealInterceptorChain.java:147)&#xD;
	at okhttp3.internal.http.RetryAndFollowUpInterceptor.intercept(RetryAndFollowUpInterceptor.java:126)&#xD;
	at okhttp3.internal.http.RealInterceptorChain.proceed(RealInterceptorChain.java:147)&#xD;
	at okhttp3.internal.http.RealInterceptorChain.proceed(RealInterceptorChain.java:121)&#xD;
	at okhttp3.RealCall.getResponseWithInterceptorChain(RealCall.java:200)&#xD;
	at okhttp3.RealCall.execute(RealCall.java:77)&#xD;
	at org.openqa.selenium.remote.internal.OkHttpClient.execute(OkHttpClient.java:103)&#xD;
	at org.openqa.selenium.remote.HttpCommandExecutor.execute(HttpCommandExecutor.java:155)&#xD;
	at org.openqa.selenium.remote.service.DriverCommandExecutor.execute(DriverCommandExecutor.java:83)&#xD;
	at org.openqa.selenium.remote.RemoteWebDriver.execute(RemoteWebDriver.java:552)&#xD;
	at com.kms.katalon.selenium.driver.CChromeDriver.execute(CChromeDriver.java:20)&#xD;
	at org.openqa.selenium.remote.RemoteWebDriver.findElements(RemoteWebDriver.java:353)&#xD;
	at org.openqa.selenium.remote.RemoteWebDriver.findElementsByXPath(RemoteWebDriver.java:432)&#xD;
	at org.openqa.selenium.By$ByXPath.findElements(By.java:348)&#xD;
	at org.openqa.selenium.remote.RemoteWebDriver.findElements(RemoteWebDriver.java:311)&#xD;
	at com.kms.katalon.core.webui.common.WebUiCommonHelper.findWebElements(WebUiCommonHelper.java:761)&#xD;
	at com.kms.katalon.core.webui.common.WebUiCommonHelper.findWebElement(WebUiCommonHelper.java:1093)&#xD;
	at com.kms.katalon.core.webui.common.WebUiCommonHelper$findWebElement.call(Unknown Source)&#xD;
	at platform.Method.clickOnElement(Method.groovy:32)&#xD;
	at platform.Method.invokeMethod(Method.groovy)&#xD;
	at com.kms.katalon.core.main.CustomKeywordDelegatingMetaClass.invokeStaticMethod(CustomKeywordDelegatingMetaClass.java:50)&#xD;
	at downvoteWithComment_Test.run(downvoteWithComment_Test:21)&#xD;
	... 13 more&#xD;
&#xD;
&#xD;
2020-11-02 18:35:33 - [TEST_STEP][ERROR] - platform.Method.clickOnElement(findTestObject("Generic/training")): java.net.ConnectException: Failed to connect to localhost/0:0:0:0:0:0:0:1:48717
Build info: version: '3.141.59', revision: 'e82be7d358', time: '2018-11-14T08:25:53'
System info: host: 'WLPT580', ip: '192.168.29.195', os.name: 'Windows 8.1', os.arch: 'amd64', os.version: '6.3', java.version: '1.8.0_181'
Driver info: driver.version: RemoteWebDriver&#xD;
&#xD;
2020-11-02 18:35:37 - [MESSAGE][ERROR] - java.net.ConnectException: Failed to connect to localhost/0:0:0:0:0:0:0:1:48717
Build info: version: '3.141.59', revision: 'e82be7d358', time: '2018-11-14T08:25:53'
System info: host: 'WLPT580', ip: '192.168.29.195', os.name: 'Windows 8.1', os.arch: 'amd64', os.version: '6.3', java.version: '1.8.0_181'
Driver info: driver.version: RemoteWebDriver</system-out>
            <system-err>2020-11-02 18:35:31 - [TEST_CASE][ERROR] - Test Cases/TASK_SSO/downvoteWithComment_Test: Test Cases/TASK_SSO/downvoteWithComment_Test FAILED.
Reason:
org.openqa.selenium.WebDriverException: java.net.ConnectException: Failed to connect to localhost/0:0:0:0:0:0:0:1:48717
Build info: version: '3.141.59', revision: 'e82be7d358', time: '2018-11-14T08:25:53'
System info: host: 'WLPT580', ip: '192.168.29.195', os.name: 'Windows 8.1', os.arch: 'amd64', os.version: '6.3', java.version: '1.8.0_181'
Driver info: driver.version: RemoteWebDriver&#xD;
	at org.openqa.selenium.remote.service.DriverCommandExecutor.execute(DriverCommandExecutor.java:92)&#xD;
	at org.openqa.selenium.remote.RemoteWebDriver.execute(RemoteWebDriver.java:552)&#xD;
	at com.kms.katalon.selenium.driver.CChromeDriver.execute(CChromeDriver.java:20)&#xD;
	at org.openqa.selenium.remote.RemoteWebDriver.findElements(RemoteWebDriver.java:353)&#xD;
	at org.openqa.selenium.remote.RemoteWebDriver.findElementsByXPath(RemoteWebDriver.java:432)&#xD;
	at org.openqa.selenium.By$ByXPath.findElements(By.java:348)&#xD;
	at org.openqa.selenium.remote.RemoteWebDriver.findElements(RemoteWebDriver.java:311)&#xD;
	at com.kms.katalon.core.webui.common.WebUiCommonHelper.findWebElements(WebUiCommonHelper.java:761)&#xD;
	at com.kms.katalon.core.webui.common.WebUiCommonHelper.findWebElement(WebUiCommonHelper.java:1093)&#xD;
	at com.kms.katalon.core.webui.common.WebUiCommonHelper$findWebElement.call(Unknown Source)&#xD;
	at platform.Method.clickOnElement(Method.groovy:32)&#xD;
	at platform.Method.invokeMethod(Method.groovy)&#xD;
	at com.kms.katalon.core.main.CustomKeywordDelegatingMetaClass.invokeStaticMethod(CustomKeywordDelegatingMetaClass.java:50)&#xD;
	at downvoteWithComment_Test.run(downvoteWithComment_Test:21)&#xD;
	at com.kms.katalon.core.main.ScriptEngine.run(ScriptEngine.java:194)&#xD;
	at com.kms.katalon.core.main.ScriptEngine.runScriptAsRawText(ScriptEngine.java:119)&#xD;
	at com.kms.katalon.core.main.TestCaseExecutor.runScript(TestCaseExecutor.java:337)&#xD;
	at com.kms.katalon.core.main.TestCaseExecutor.doExecute(TestCaseExecutor.java:328)&#xD;
	at com.kms.katalon.core.main.TestCaseExecutor.processExecutionPhase(TestCaseExecutor.java:307)&#xD;
	at com.kms.katalon.core.main.TestCaseExecutor.accessMainPhase(TestCaseExecutor.java:299)&#xD;
	at com.kms.katalon.core.main.TestCaseExecutor.execute(TestCaseExecutor.java:233)&#xD;
	at com.kms.katalon.core.main.TestSuiteExecutor.accessTestCaseMainPhase(TestSuiteExecutor.java:169)&#xD;
	at com.kms.katalon.core.main.TestSuiteExecutor.accessTestSuiteMainPhase(TestSuiteExecutor.java:142)&#xD;
	at com.kms.katalon.core.main.TestSuiteExecutor.execute(TestSuiteExecutor.java:91)&#xD;
	at com.kms.katalon.core.main.TestCaseMain.startTestSuite(TestCaseMain.java:157)&#xD;
	at com.kms.katalon.core.main.TestCaseMain$startTestSuite$0.call(Unknown Source)&#xD;
	at TempTestSuite1604321309179.run(TempTestSuite1604321309179.groovy:35)&#xD;
Caused by: java.net.ConnectException: Failed to connect to localhost/0:0:0:0:0:0:0:1:48717&#xD;
	at okhttp3.internal.connection.RealConnection.connectSocket(RealConnection.java:247)&#xD;
	at okhttp3.internal.connection.RealConnection.connect(RealConnection.java:165)&#xD;
	at okhttp3.internal.connection.StreamAllocation.findConnection(StreamAllocation.java:257)&#xD;
	at okhttp3.internal.connection.StreamAllocation.findHealthyConnection(StreamAllocation.java:135)&#xD;
	at okhttp3.internal.connection.StreamAllocation.newStream(StreamAllocation.java:114)&#xD;
	at okhttp3.internal.connection.ConnectInterceptor.intercept(ConnectInterceptor.java:42)&#xD;
	at okhttp3.internal.http.RealInterceptorChain.proceed(RealInterceptorChain.java:147)&#xD;
	at okhttp3.internal.http.RealInterceptorChain.proceed(RealInterceptorChain.java:121)&#xD;
	at okhttp3.internal.cache.CacheInterceptor.intercept(CacheInterceptor.java:93)&#xD;
	at okhttp3.internal.http.RealInterceptorChain.proceed(RealInterceptorChain.java:147)&#xD;
	at okhttp3.internal.http.RealInterceptorChain.proceed(RealInterceptorChain.java:121)&#xD;
	at okhttp3.internal.http.BridgeInterceptor.intercept(BridgeInterceptor.java:93)&#xD;
	at okhttp3.internal.http.RealInterceptorChain.proceed(RealInterceptorChain.java:147)&#xD;
	at okhttp3.internal.http.RetryAndFollowUpInterceptor.intercept(RetryAndFollowUpInterceptor.java:126)&#xD;
	at okhttp3.internal.http.RealInterceptorChain.proceed(RealInterceptorChain.java:147)&#xD;
	at okhttp3.internal.http.RealInterceptorChain.proceed(RealInterceptorChain.java:121)&#xD;
	at okhttp3.RealCall.getResponseWithInterceptorChain(RealCall.java:200)&#xD;
	at okhttp3.RealCall.execute(RealCall.java:77)&#xD;
	at org.openqa.selenium.remote.internal.OkHttpClient.execute(OkHttpClient.java:103)&#xD;
	at org.openqa.selenium.remote.HttpCommandExecutor.execute(HttpCommandExecutor.java:155)&#xD;
	at org.openqa.selenium.remote.service.DriverCommandExecutor.execute(DriverCommandExecutor.java:83)&#xD;
	at org.openqa.selenium.remote.RemoteWebDriver.execute(RemoteWebDriver.java:552)&#xD;
	at com.kms.katalon.selenium.driver.CChromeDriver.execute(CChromeDriver.java:20)&#xD;
	at org.openqa.selenium.remote.RemoteWebDriver.findElements(RemoteWebDriver.java:353)&#xD;
	at org.openqa.selenium.remote.RemoteWebDriver.findElementsByXPath(RemoteWebDriver.java:432)&#xD;
	at org.openqa.selenium.By$ByXPath.findElements(By.java:348)&#xD;
	at org.openqa.selenium.remote.RemoteWebDriver.findElements(RemoteWebDriver.java:311)&#xD;
	at com.kms.katalon.core.webui.common.WebUiCommonHelper.findWebElements(WebUiCommonHelper.java:761)&#xD;
	at com.kms.katalon.core.webui.common.WebUiCommonHelper.findWebElement(WebUiCommonHelper.java:1093)&#xD;
	at com.kms.katalon.core.webui.common.WebUiCommonHelper$findWebElement.call(Unknown Source)&#xD;
	at platform.Method.clickOnElement(Method.groovy:32)&#xD;
	at platform.Method.invokeMethod(Method.groovy)&#xD;
	at com.kms.katalon.core.main.CustomKeywordDelegatingMetaClass.invokeStaticMethod(CustomKeywordDelegatingMetaClass.java:50)&#xD;
	at Script1598969045744.run(Script1598969045744.groovy:21)&#xD;
	... 13 more&#xD;
Caused by: java.net.ConnectException: Connection refused: connect&#xD;
	at okhttp3.internal.platform.Platform.connectSocket(Platform.java:129)&#xD;
	at okhttp3.internal.connection.RealConnection.connectSocket(RealConnection.java:245)&#xD;
	at okhttp3.internal.connection.RealConnection.connect(RealConnection.java:165)&#xD;
	at okhttp3.internal.connection.StreamAllocation.findConnection(StreamAllocation.java:257)&#xD;
	at okhttp3.internal.connection.StreamAllocation.findHealthyConnection(StreamAllocation.java:135)&#xD;
	at okhttp3.internal.connection.StreamAllocation.newStream(StreamAllocation.java:114)&#xD;
	at okhttp3.internal.connection.ConnectInterceptor.intercept(ConnectInterceptor.java:42)&#xD;
	at okhttp3.internal.http.RealInterceptorChain.proceed(RealInterceptorChain.java:147)&#xD;
	at okhttp3.internal.http.RealInterceptorChain.proceed(RealInterceptorChain.java:121)&#xD;
	at okhttp3.internal.cache.CacheInterceptor.intercept(CacheInterceptor.java:93)&#xD;
	at okhttp3.internal.http.RealInterceptorChain.proceed(RealInterceptorChain.java:147)&#xD;
	at okhttp3.internal.http.RealInterceptorChain.proceed(RealInterceptorChain.java:121)&#xD;
	at okhttp3.internal.http.BridgeInterceptor.intercept(BridgeInterceptor.java:93)&#xD;
	at okhttp3.internal.http.RealInterceptorChain.proceed(RealInterceptorChain.java:147)&#xD;
	at okhttp3.internal.http.RetryAndFollowUpInterceptor.intercept(RetryAndFollowUpInterceptor.java:126)&#xD;
	at okhttp3.internal.http.RealInterceptorChain.proceed(RealInterceptorChain.java:147)&#xD;
	at okhttp3.internal.http.RealInterceptorChain.proceed(RealInterceptorChain.java:121)&#xD;
	at okhttp3.RealCall.getResponseWithInterceptorChain(RealCall.java:200)&#xD;
	at okhttp3.RealCall.execute(RealCall.java:77)&#xD;
	at org.openqa.selenium.remote.internal.OkHttpClient.execute(OkHttpClient.java:103)&#xD;
	at org.openqa.selenium.remote.HttpCommandExecutor.execute(HttpCommandExecutor.java:155)&#xD;
	at org.openqa.selenium.remote.service.DriverCommandExecutor.execute(DriverCommandExecutor.java:83)&#xD;
	at org.openqa.selenium.remote.RemoteWebDriver.execute(RemoteWebDriver.java:552)&#xD;
	at com.kms.katalon.selenium.driver.CChromeDriver.execute(CChromeDriver.java:20)&#xD;
	at org.openqa.selenium.remote.RemoteWebDriver.findElements(RemoteWebDriver.java:353)&#xD;
	at org.openqa.selenium.remote.RemoteWebDriver.findElementsByXPath(RemoteWebDriver.java:432)&#xD;
	at org.openqa.selenium.By$ByXPath.findElements(By.java:348)&#xD;
	at org.openqa.selenium.remote.RemoteWebDriver.findElements(RemoteWebDriver.java:311)&#xD;
	at com.kms.katalon.core.webui.common.WebUiCommonHelper.findWebElements(WebUiCommonHelper.java:761)&#xD;
	at com.kms.katalon.core.webui.common.WebUiCommonHelper.findWebElement(WebUiCommonHelper.java:1093)&#xD;
	at com.kms.katalon.core.webui.common.WebUiCommonHelper$findWebElement.call(Unknown Source)&#xD;
	at platform.Method.clickOnElement(Method.groovy:32)&#xD;
	at platform.Method.invokeMethod(Method.groovy)&#xD;
	at com.kms.katalon.core.main.CustomKeywordDelegatingMetaClass.invokeStaticMethod(CustomKeywordDelegatingMetaClass.java:50)&#xD;
	at downvoteWithComment_Test.run(downvoteWithComment_Test:21)&#xD;
	... 13 more</system-err>
        </testcase>
        <testcase name="Test Cases/TASK_SSO/createNewIntentCuration_Test" classname="Test Cases/TASK_SSO/createNewIntentCuration_Test" status="ERROR">
            <error type="ERROR" message="Test Cases/TASK_SSO/createNewIntentCuration_Test FAILED.&#xA;Reason:&#xA;org.openqa.selenium.WebDriverException: java.net.ConnectException: Failed to connect to localhost/0:0:0:0:0:0:0:1:48717&#xA;Build info: version: '3.141.59', revision: 'e82be7d358', time: '2018-11-14T08:25:53'&#xA;System info: host: 'WLPT580', ip: '192.168.29.195', os.name: 'Windows 8.1', os.arch: 'amd64', os.version: '6.3', java.version: '1.8.0_181'&#xA;Driver info: driver.version: RemoteWebDriver&#xD;&#xA;&#x9;at org.openqa.selenium.remote.service.DriverCommandExecutor.execute(DriverCommandExecutor.java:92)&#xD;&#xA;&#x9;at org.openqa.selenium.remote.RemoteWebDriver.execute(RemoteWebDriver.java:552)&#xD;&#xA;&#x9;at com.kms.katalon.selenium.driver.CChromeDriver.execute(CChromeDriver.java:20)&#xD;&#xA;&#x9;at org.openqa.selenium.remote.RemoteWebDriver.findElements(RemoteWebDriver.java:353)&#xD;&#xA;&#x9;at org.openqa.selenium.remote.RemoteWebDriver.findElementsByXPath(RemoteWebDriver.java:432)&#xD;&#xA;&#x9;at org.openqa.selenium.By$ByXPath.findElements(By.java:348)&#xD;&#xA;&#x9;at org.openqa.selenium.remote.RemoteWebDriver.findElements(RemoteWebDriver.java:311)&#xD;&#xA;&#x9;at com.kms.katalon.core.webui.common.WebUiCommonHelper.findWebElements(WebUiCommonHelper.java:761)&#xD;&#xA;&#x9;at com.kms.katalon.core.webui.common.WebUiCommonHelper.findWebElement(WebUiCommonHelper.java:1093)&#xD;&#xA;&#x9;at com.kms.katalon.core.webui.common.WebUiCommonHelper$findWebElement.call(Unknown Source)&#xD;&#xA;&#x9;at platform.Method.clickOnElement(Method.groovy:32)&#xD;&#xA;&#x9;at platform.Method.invokeMethod(Method.groovy)&#xD;&#xA;&#x9;at com.kms.katalon.core.main.CustomKeywordDelegatingMetaClass.invokeStaticMethod(CustomKeywordDelegatingMetaClass.java:50)&#xD;&#xA;&#x9;at createNewIntentCuration_Test.run(createNewIntentCuration_Test:15)&#xD;&#xA;&#x9;at com.kms.katalon.core.main.ScriptEngine.run(ScriptEngine.java:194)&#xD;&#xA;&#x9;at com.kms.katalon.core.main.ScriptEngine.runScriptAsRawText(ScriptEngine.java:119)&#xD;&#xA;&#x9;at com.kms.katalon.core.main.TestCaseExecutor.runScript(TestCaseExecutor.java:337)&#xD;&#xA;&#x9;at com.kms.katalon.core.main.TestCaseExecutor.doExecute(TestCaseExecutor.java:328)&#xD;&#xA;&#x9;at com.kms.katalon.core.main.TestCaseExecutor.processExecutionPhase(TestCaseExecutor.java:307)&#xD;&#xA;&#x9;at com.kms.katalon.core.main.TestCaseExecutor.accessMainPhase(TestCaseExecutor.java:299)&#xD;&#xA;&#x9;at com.kms.katalon.core.main.TestCaseExecutor.execute(TestCaseExecutor.java:233)&#xD;&#xA;&#x9;at com.kms.katalon.core.main.TestSuiteExecutor.accessTestCaseMainPhase(TestSuiteExecutor.java:169)&#xD;&#xA;&#x9;at com.kms.katalon.core.main.TestSuiteExecutor.accessTestSuiteMainPhase(TestSuiteExecutor.java:142)&#xD;&#xA;&#x9;at com.kms.katalon.core.main.TestSuiteExecutor.execute(TestSuiteExecutor.java:91)&#xD;&#xA;&#x9;at com.kms.katalon.core.main.TestCaseMain.startTestSuite(TestCaseMain.java:157)&#xD;&#xA;&#x9;at com.kms.katalon.core.main.TestCaseMain$startTestSuite$0.call(Unknown Source)&#xD;&#xA;&#x9;at TempTestSuite1604321309179.run(TempTestSuite1604321309179.groovy:35)&#xD;&#xA;Caused by: java.net.ConnectException: Failed to connect to localhost/0:0:0:0:0:0:0:1:48717&#xD;&#xA;&#x9;at okhttp3.internal.connection.RealConnection.connectSocket(RealConnection.java:247)&#xD;&#xA;&#x9;at okhttp3.internal.connection.RealConnection.connect(RealConnection.java:165)&#xD;&#xA;&#x9;at okhttp3.internal.connection.StreamAllocation.findConnection(StreamAllocation.java:257)&#xD;&#xA;&#x9;at okhttp3.internal.connection.StreamAllocation.findHealthyConnection(StreamAllocation.java:135)&#xD;&#xA;&#x9;at okhttp3.internal.connection.StreamAllocation.newStream(StreamAllocation.java:114)&#xD;&#xA;&#x9;at okhttp3.internal.connection.ConnectInterceptor.intercept(ConnectInterceptor.java:42)&#xD;&#xA;&#x9;at okhttp3.internal.http.RealInterceptorChain.proceed(RealInterceptorChain.java:147)&#xD;&#xA;&#x9;at okhttp3.internal.http.RealInterceptorChain.proceed(RealInterceptorChain.java:121)&#xD;&#xA;&#x9;at okhttp3.internal.cache.CacheInterceptor.intercept(CacheInterceptor.java:93)&#xD;&#xA;&#x9;at okhttp3.internal.http.RealInterceptorChain.proceed(RealInterceptorChain.java:147)&#xD;&#xA;&#x9;at okhttp3.internal.http.RealInterceptorChain.proceed(RealInterceptorChain.java:121)&#xD;&#xA;&#x9;at okhttp3.internal.http.BridgeInterceptor.intercept(BridgeInterceptor.java:93)&#xD;&#xA;&#x9;at okhttp3.internal.http.RealInterceptorChain.proceed(RealInterceptorChain.java:147)&#xD;&#xA;&#x9;at okhttp3.internal.http.RetryAndFollowUpInterceptor.intercept(RetryAndFollowUpInterceptor.java:126)&#xD;&#xA;&#x9;at okhttp3.internal.http.RealInterceptorChain.proceed(RealInterceptorChain.java:147)&#xD;&#xA;&#x9;at okhttp3.internal.http.RealInterceptorChain.proceed(RealInterceptorChain.java:121)&#xD;&#xA;&#x9;at okhttp3.RealCall.getResponseWithInterceptorChain(RealCall.java:200)&#xD;&#xA;&#x9;at okhttp3.RealCall.execute(RealCall.java:77)&#xD;&#xA;&#x9;at org.openqa.selenium.remote.internal.OkHttpClient.execute(OkHttpClient.java:103)&#xD;&#xA;&#x9;at org.openqa.selenium.remote.HttpCommandExecutor.execute(HttpCommandExecutor.java:155)&#xD;&#xA;&#x9;at org.openqa.selenium.remote.service.DriverCommandExecutor.execute(DriverCommandExecutor.java:83)&#xD;&#xA;&#x9;at org.openqa.selenium.remote.RemoteWebDriver.execute(RemoteWebDriver.java:552)&#xD;&#xA;&#x9;at com.kms.katalon.selenium.driver.CChromeDriver.execute(CChromeDriver.java:20)&#xD;&#xA;&#x9;at org.openqa.selenium.remote.RemoteWebDriver.findElements(RemoteWebDriver.java:353)&#xD;&#xA;&#x9;at org.openqa.selenium.remote.RemoteWebDriver.findElementsByXPath(RemoteWebDriver.java:432)&#xD;&#xA;&#x9;at org.openqa.selenium.By$ByXPath.findElements(By.java:348)&#xD;&#xA;&#x9;at org.openqa.selenium.remote.RemoteWebDriver.findElements(RemoteWebDriver.java:311)&#xD;&#xA;&#x9;at com.kms.katalon.core.webui.common.WebUiCommonHelper.findWebElements(WebUiCommonHelper.java:761)&#xD;&#xA;&#x9;at com.kms.katalon.core.webui.common.WebUiCommonHelper.findWebElement(WebUiCommonHelper.java:1093)&#xD;&#xA;&#x9;at com.kms.katalon.core.webui.common.WebUiCommonHelper$findWebElement.call(Unknown Source)&#xD;&#xA;&#x9;at platform.Method.clickOnElement(Method.groovy:32)&#xD;&#xA;&#x9;at platform.Method.invokeMethod(Method.groovy)&#xD;&#xA;&#x9;at com.kms.katalon.core.main.CustomKeywordDelegatingMetaClass.invokeStaticMethod(CustomKeywordDelegatingMetaClass.java:50)&#xD;&#xA;&#x9;at Script1598969042259.run(Script1598969042259.groovy:15)&#xD;&#xA;&#x9;... 13 more&#xD;&#xA;Caused by: java.net.ConnectException: Connection refused: connect&#xD;&#xA;&#x9;at okhttp3.internal.platform.Platform.connectSocket(Platform.java:129)&#xD;&#xA;&#x9;at okhttp3.internal.connection.RealConnection.connectSocket(RealConnection.java:245)&#xD;&#xA;&#x9;at okhttp3.internal.connection.RealConnection.connect(RealConnection.java:165)&#xD;&#xA;&#x9;at okhttp3.internal.connection.StreamAllocation.findConnection(StreamAllocation.java:257)&#xD;&#xA;&#x9;at okhttp3.internal.connection.StreamAllocation.findHealthyConnection(StreamAllocation.java:135)&#xD;&#xA;&#x9;at okhttp3.internal.connection.StreamAllocation.newStream(StreamAllocation.java:114)&#xD;&#xA;&#x9;at okhttp3.internal.connection.ConnectInterceptor.intercept(ConnectInterceptor.java:42)&#xD;&#xA;&#x9;at okhttp3.internal.http.RealInterceptorChain.proceed(RealInterceptorChain.java:147)&#xD;&#xA;&#x9;at okhttp3.internal.http.RealInterceptorChain.proceed(RealInterceptorChain.java:121)&#xD;&#xA;&#x9;at okhttp3.internal.cache.CacheInterceptor.intercept(CacheInterceptor.java:93)&#xD;&#xA;&#x9;at okhttp3.internal.http.RealInterceptorChain.proceed(RealInterceptorChain.java:147)&#xD;&#xA;&#x9;at okhttp3.internal.http.RealInterceptorChain.proceed(RealInterceptorChain.java:121)&#xD;&#xA;&#x9;at okhttp3.internal.http.BridgeInterceptor.intercept(BridgeInterceptor.java:93)&#xD;&#xA;&#x9;at okhttp3.internal.http.RealInterceptorChain.proceed(RealInterceptorChain.java:147)&#xD;&#xA;&#x9;at okhttp3.internal.http.RetryAndFollowUpInterceptor.intercept(RetryAndFollowUpInterceptor.java:126)&#xD;&#xA;&#x9;at okhttp3.internal.http.RealInterceptorChain.proceed(RealInterceptorChain.java:147)&#xD;&#xA;&#x9;at okhttp3.internal.http.RealInterceptorChain.proceed(RealInterceptorChain.java:121)&#xD;&#xA;&#x9;at okhttp3.RealCall.getResponseWithInterceptorChain(RealCall.java:200)&#xD;&#xA;&#x9;at okhttp3.RealCall.execute(RealCall.java:77)&#xD;&#xA;&#x9;at org.openqa.selenium.remote.internal.OkHttpClient.execute(OkHttpClient.java:103)&#xD;&#xA;&#x9;at org.openqa.selenium.remote.HttpCommandExecutor.execute(HttpCommandExecutor.java:155)&#xD;&#xA;&#x9;at org.openqa.selenium.remote.service.DriverCommandExecutor.execute(DriverCommandExecutor.java:83)&#xD;&#xA;&#x9;at org.openqa.selenium.remote.RemoteWebDriver.execute(RemoteWebDriver.java:552)&#xD;&#xA;&#x9;at com.kms.katalon.selenium.driver.CChromeDriver.execute(CChromeDriver.java:20)&#xD;&#xA;&#x9;at org.openqa.selenium.remote.RemoteWebDriver.findElements(RemoteWebDriver.java:353)&#xD;&#xA;&#x9;at org.openqa.selenium.remote.RemoteWebDriver.findElementsByXPath(RemoteWebDriver.java:432)&#xD;&#xA;&#x9;at org.openqa.selenium.By$ByXPath.findElements(By.java:348)&#xD;&#xA;&#x9;at org.openqa.selenium.remote.RemoteWebDriver.findElements(RemoteWebDriver.java:311)&#xD;&#xA;&#x9;at com.kms.katalon.core.webui.common.WebUiCommonHelper.findWebElements(WebUiCommonHelper.java:761)&#xD;&#xA;&#x9;at com.kms.katalon.core.webui.common.WebUiCommonHelper.findWebElement(WebUiCommonHelper.java:1093)&#xD;&#xA;&#x9;at com.kms.katalon.core.webui.common.WebUiCommonHelper$findWebElement.call(Unknown Source)&#xD;&#xA;&#x9;at platform.Method.clickOnElement(Method.groovy:32)&#xD;&#xA;&#x9;at platform.Method.invokeMethod(Method.groovy)&#xD;&#xA;&#x9;at com.kms.katalon.core.main.CustomKeywordDelegatingMetaClass.invokeStaticMethod(CustomKeywordDelegatingMetaClass.java:50)&#xD;&#xA;&#x9;at createNewIntentCuration_Test.run(createNewIntentCuration_Test:15)&#xD;&#xA;&#x9;... 13 more&#xD;&#xA;"/>
            <system-out>2020-11-02 18:35:37 - [TEST_CASE][ERROR] - Test Cases/TASK_SSO/createNewIntentCuration_Test: Test Cases/TASK_SSO/createNewIntentCuration_Test FAILED.
Reason:
org.openqa.selenium.WebDriverException: java.net.ConnectException: Failed to connect to localhost/0:0:0:0:0:0:0:1:48717
Build info: version: '3.141.59', revision: 'e82be7d358', time: '2018-11-14T08:25:53'
System info: host: 'WLPT580', ip: '192.168.29.195', os.name: 'Windows 8.1', os.arch: 'amd64', os.version: '6.3', java.version: '1.8.0_181'
Driver info: driver.version: RemoteWebDriver&#xD;
	at org.openqa.selenium.remote.service.DriverCommandExecutor.execute(DriverCommandExecutor.java:92)&#xD;
	at org.openqa.selenium.remote.RemoteWebDriver.execute(RemoteWebDriver.java:552)&#xD;
	at com.kms.katalon.selenium.driver.CChromeDriver.execute(CChromeDriver.java:20)&#xD;
	at org.openqa.selenium.remote.RemoteWebDriver.findElements(RemoteWebDriver.java:353)&#xD;
	at org.openqa.selenium.remote.RemoteWebDriver.findElementsByXPath(RemoteWebDriver.java:432)&#xD;
	at org.openqa.selenium.By$ByXPath.findElements(By.java:348)&#xD;
	at org.openqa.selenium.remote.RemoteWebDriver.findElements(RemoteWebDriver.java:311)&#xD;
	at com.kms.katalon.core.webui.common.WebUiCommonHelper.findWebElements(WebUiCommonHelper.java:761)&#xD;
	at com.kms.katalon.core.webui.common.WebUiCommonHelper.findWebElement(WebUiCommonHelper.java:1093)&#xD;
	at com.kms.katalon.core.webui.common.WebUiCommonHelper$findWebElement.call(Unknown Source)&#xD;
	at platform.Method.clickOnElement(Method.groovy:32)&#xD;
	at platform.Method.invokeMethod(Method.groovy)&#xD;
	at com.kms.katalon.core.main.CustomKeywordDelegatingMetaClass.invokeStaticMethod(CustomKeywordDelegatingMetaClass.java:50)&#xD;
	at createNewIntentCuration_Test.run(createNewIntentCuration_Test:15)&#xD;
	at com.kms.katalon.core.main.ScriptEngine.run(ScriptEngine.java:194)&#xD;
	at com.kms.katalon.core.main.ScriptEngine.runScriptAsRawText(ScriptEngine.java:119)&#xD;
	at com.kms.katalon.core.main.TestCaseExecutor.runScript(TestCaseExecutor.java:337)&#xD;
	at com.kms.katalon.core.main.TestCaseExecutor.doExecute(TestCaseExecutor.java:328)&#xD;
	at com.kms.katalon.core.main.TestCaseExecutor.processExecutionPhase(TestCaseExecutor.java:307)&#xD;
	at com.kms.katalon.core.main.TestCaseExecutor.accessMainPhase(TestCaseExecutor.java:299)&#xD;
	at com.kms.katalon.core.main.TestCaseExecutor.execute(TestCaseExecutor.java:233)&#xD;
	at com.kms.katalon.core.main.TestSuiteExecutor.accessTestCaseMainPhase(TestSuiteExecutor.java:169)&#xD;
	at com.kms.katalon.core.main.TestSuiteExecutor.accessTestSuiteMainPhase(TestSuiteExecutor.java:142)&#xD;
	at com.kms.katalon.core.main.TestSuiteExecutor.execute(TestSuiteExecutor.java:91)&#xD;
	at com.kms.katalon.core.main.TestCaseMain.startTestSuite(TestCaseMain.java:157)&#xD;
	at com.kms.katalon.core.main.TestCaseMain$startTestSuite$0.call(Unknown Source)&#xD;
	at TempTestSuite1604321309179.run(TempTestSuite1604321309179.groovy:35)&#xD;
Caused by: java.net.ConnectException: Failed to connect to localhost/0:0:0:0:0:0:0:1:48717&#xD;
	at okhttp3.internal.connection.RealConnection.connectSocket(RealConnection.java:247)&#xD;
	at okhttp3.internal.connection.RealConnection.connect(RealConnection.java:165)&#xD;
	at okhttp3.internal.connection.StreamAllocation.findConnection(StreamAllocation.java:257)&#xD;
	at okhttp3.internal.connection.StreamAllocation.findHealthyConnection(StreamAllocation.java:135)&#xD;
	at okhttp3.internal.connection.StreamAllocation.newStream(StreamAllocation.java:114)&#xD;
	at okhttp3.internal.connection.ConnectInterceptor.intercept(ConnectInterceptor.java:42)&#xD;
	at okhttp3.internal.http.RealInterceptorChain.proceed(RealInterceptorChain.java:147)&#xD;
	at okhttp3.internal.http.RealInterceptorChain.proceed(RealInterceptorChain.java:121)&#xD;
	at okhttp3.internal.cache.CacheInterceptor.intercept(CacheInterceptor.java:93)&#xD;
	at okhttp3.internal.http.RealInterceptorChain.proceed(RealInterceptorChain.java:147)&#xD;
	at okhttp3.internal.http.RealInterceptorChain.proceed(RealInterceptorChain.java:121)&#xD;
	at okhttp3.internal.http.BridgeInterceptor.intercept(BridgeInterceptor.java:93)&#xD;
	at okhttp3.internal.http.RealInterceptorChain.proceed(RealInterceptorChain.java:147)&#xD;
	at okhttp3.internal.http.RetryAndFollowUpInterceptor.intercept(RetryAndFollowUpInterceptor.java:126)&#xD;
	at okhttp3.internal.http.RealInterceptorChain.proceed(RealInterceptorChain.java:147)&#xD;
	at okhttp3.internal.http.RealInterceptorChain.proceed(RealInterceptorChain.java:121)&#xD;
	at okhttp3.RealCall.getResponseWithInterceptorChain(RealCall.java:200)&#xD;
	at okhttp3.RealCall.execute(RealCall.java:77)&#xD;
	at org.openqa.selenium.remote.internal.OkHttpClient.execute(OkHttpClient.java:103)&#xD;
	at org.openqa.selenium.remote.HttpCommandExecutor.execute(HttpCommandExecutor.java:155)&#xD;
	at org.openqa.selenium.remote.service.DriverCommandExecutor.execute(DriverCommandExecutor.java:83)&#xD;
	at org.openqa.selenium.remote.RemoteWebDriver.execute(RemoteWebDriver.java:552)&#xD;
	at com.kms.katalon.selenium.driver.CChromeDriver.execute(CChromeDriver.java:20)&#xD;
	at org.openqa.selenium.remote.RemoteWebDriver.findElements(RemoteWebDriver.java:353)&#xD;
	at org.openqa.selenium.remote.RemoteWebDriver.findElementsByXPath(RemoteWebDriver.java:432)&#xD;
	at org.openqa.selenium.By$ByXPath.findElements(By.java:348)&#xD;
	at org.openqa.selenium.remote.RemoteWebDriver.findElements(RemoteWebDriver.java:311)&#xD;
	at com.kms.katalon.core.webui.common.WebUiCommonHelper.findWebElements(WebUiCommonHelper.java:761)&#xD;
	at com.kms.katalon.core.webui.common.WebUiCommonHelper.findWebElement(WebUiCommonHelper.java:1093)&#xD;
	at com.kms.katalon.core.webui.common.WebUiCommonHelper$findWebElement.call(Unknown Source)&#xD;
	at platform.Method.clickOnElement(Method.groovy:32)&#xD;
	at platform.Method.invokeMethod(Method.groovy)&#xD;
	at com.kms.katalon.core.main.CustomKeywordDelegatingMetaClass.invokeStaticMethod(CustomKeywordDelegatingMetaClass.java:50)&#xD;
	at Script1598969042259.run(Script1598969042259.groovy:15)&#xD;
	... 13 more&#xD;
Caused by: java.net.ConnectException: Connection refused: connect&#xD;
	at okhttp3.internal.platform.Platform.connectSocket(Platform.java:129)&#xD;
	at okhttp3.internal.connection.RealConnection.connectSocket(RealConnection.java:245)&#xD;
	at okhttp3.internal.connection.RealConnection.connect(RealConnection.java:165)&#xD;
	at okhttp3.internal.connection.StreamAllocation.findConnection(StreamAllocation.java:257)&#xD;
	at okhttp3.internal.connection.StreamAllocation.findHealthyConnection(StreamAllocation.java:135)&#xD;
	at okhttp3.internal.connection.StreamAllocation.newStream(StreamAllocation.java:114)&#xD;
	at okhttp3.internal.connection.ConnectInterceptor.intercept(ConnectInterceptor.java:42)&#xD;
	at okhttp3.internal.http.RealInterceptorChain.proceed(RealInterceptorChain.java:147)&#xD;
	at okhttp3.internal.http.RealInterceptorChain.proceed(RealInterceptorChain.java:121)&#xD;
	at okhttp3.internal.cache.CacheInterceptor.intercept(CacheInterceptor.java:93)&#xD;
	at okhttp3.internal.http.RealInterceptorChain.proceed(RealInterceptorChain.java:147)&#xD;
	at okhttp3.internal.http.RealInterceptorChain.proceed(RealInterceptorChain.java:121)&#xD;
	at okhttp3.internal.http.BridgeInterceptor.intercept(BridgeInterceptor.java:93)&#xD;
	at okhttp3.internal.http.RealInterceptorChain.proceed(RealInterceptorChain.java:147)&#xD;
	at okhttp3.internal.http.RetryAndFollowUpInterceptor.intercept(RetryAndFollowUpInterceptor.java:126)&#xD;
	at okhttp3.internal.http.RealInterceptorChain.proceed(RealInterceptorChain.java:147)&#xD;
	at okhttp3.internal.http.RealInterceptorChain.proceed(RealInterceptorChain.java:121)&#xD;
	at okhttp3.RealCall.getResponseWithInterceptorChain(RealCall.java:200)&#xD;
	at okhttp3.RealCall.execute(RealCall.java:77)&#xD;
	at org.openqa.selenium.remote.internal.OkHttpClient.execute(OkHttpClient.java:103)&#xD;
	at org.openqa.selenium.remote.HttpCommandExecutor.execute(HttpCommandExecutor.java:155)&#xD;
	at org.openqa.selenium.remote.service.DriverCommandExecutor.execute(DriverCommandExecutor.java:83)&#xD;
	at org.openqa.selenium.remote.RemoteWebDriver.execute(RemoteWebDriver.java:552)&#xD;
	at com.kms.katalon.selenium.driver.CChromeDriver.execute(CChromeDriver.java:20)&#xD;
	at org.openqa.selenium.remote.RemoteWebDriver.findElements(RemoteWebDriver.java:353)&#xD;
	at org.openqa.selenium.remote.RemoteWebDriver.findElementsByXPath(RemoteWebDriver.java:432)&#xD;
	at org.openqa.selenium.By$ByXPath.findElements(By.java:348)&#xD;
	at org.openqa.selenium.remote.RemoteWebDriver.findElements(RemoteWebDriver.java:311)&#xD;
	at com.kms.katalon.core.webui.common.WebUiCommonHelper.findWebElements(WebUiCommonHelper.java:761)&#xD;
	at com.kms.katalon.core.webui.common.WebUiCommonHelper.findWebElement(WebUiCommonHelper.java:1093)&#xD;
	at com.kms.katalon.core.webui.common.WebUiCommonHelper$findWebElement.call(Unknown Source)&#xD;
	at platform.Method.clickOnElement(Method.groovy:32)&#xD;
	at platform.Method.invokeMethod(Method.groovy)&#xD;
	at com.kms.katalon.core.main.CustomKeywordDelegatingMetaClass.invokeStaticMethod(CustomKeywordDelegatingMetaClass.java:50)&#xD;
	at createNewIntentCuration_Test.run(createNewIntentCuration_Test:15)&#xD;
	... 13 more&#xD;
&#xD;
&#xD;
2020-11-02 18:35:37 - [TEST_STEP][ERROR] - platform.Method.clickOnElement(findTestObject("Generic/curation")): java.net.ConnectException: Failed to connect to localhost/0:0:0:0:0:0:0:1:48717
Build info: version: '3.141.59', revision: 'e82be7d358', time: '2018-11-14T08:25:53'
System info: host: 'WLPT580', ip: '192.168.29.195', os.name: 'Windows 8.1', os.arch: 'amd64', os.version: '6.3', java.version: '1.8.0_181'
Driver info: driver.version: RemoteWebDriver&#xD;
&#xD;
2020-11-02 18:35:41 - [MESSAGE][ERROR] - java.net.ConnectException: Failed to connect to localhost/0:0:0:0:0:0:0:1:48717
Build info: version: '3.141.59', revision: 'e82be7d358', time: '2018-11-14T08:25:53'
System info: host: 'WLPT580', ip: '192.168.29.195', os.name: 'Windows 8.1', os.arch: 'amd64', os.version: '6.3', java.version: '1.8.0_181'
Driver info: driver.version: RemoteWebDriver</system-out>
            <system-err>2020-11-02 18:35:37 - [TEST_CASE][ERROR] - Test Cases/TASK_SSO/createNewIntentCuration_Test: Test Cases/TASK_SSO/createNewIntentCuration_Test FAILED.
Reason:
org.openqa.selenium.WebDriverException: java.net.ConnectException: Failed to connect to localhost/0:0:0:0:0:0:0:1:48717
Build info: version: '3.141.59', revision: 'e82be7d358', time: '2018-11-14T08:25:53'
System info: host: 'WLPT580', ip: '192.168.29.195', os.name: 'Windows 8.1', os.arch: 'amd64', os.version: '6.3', java.version: '1.8.0_181'
Driver info: driver.version: RemoteWebDriver&#xD;
	at org.openqa.selenium.remote.service.DriverCommandExecutor.execute(DriverCommandExecutor.java:92)&#xD;
	at org.openqa.selenium.remote.RemoteWebDriver.execute(RemoteWebDriver.java:552)&#xD;
	at com.kms.katalon.selenium.driver.CChromeDriver.execute(CChromeDriver.java:20)&#xD;
	at org.openqa.selenium.remote.RemoteWebDriver.findElements(RemoteWebDriver.java:353)&#xD;
	at org.openqa.selenium.remote.RemoteWebDriver.findElementsByXPath(RemoteWebDriver.java:432)&#xD;
	at org.openqa.selenium.By$ByXPath.findElements(By.java:348)&#xD;
	at org.openqa.selenium.remote.RemoteWebDriver.findElements(RemoteWebDriver.java:311)&#xD;
	at com.kms.katalon.core.webui.common.WebUiCommonHelper.findWebElements(WebUiCommonHelper.java:761)&#xD;
	at com.kms.katalon.core.webui.common.WebUiCommonHelper.findWebElement(WebUiCommonHelper.java:1093)&#xD;
	at com.kms.katalon.core.webui.common.WebUiCommonHelper$findWebElement.call(Unknown Source)&#xD;
	at platform.Method.clickOnElement(Method.groovy:32)&#xD;
	at platform.Method.invokeMethod(Method.groovy)&#xD;
	at com.kms.katalon.core.main.CustomKeywordDelegatingMetaClass.invokeStaticMethod(CustomKeywordDelegatingMetaClass.java:50)&#xD;
	at createNewIntentCuration_Test.run(createNewIntentCuration_Test:15)&#xD;
	at com.kms.katalon.core.main.ScriptEngine.run(ScriptEngine.java:194)&#xD;
	at com.kms.katalon.core.main.ScriptEngine.runScriptAsRawText(ScriptEngine.java:119)&#xD;
	at com.kms.katalon.core.main.TestCaseExecutor.runScript(TestCaseExecutor.java:337)&#xD;
	at com.kms.katalon.core.main.TestCaseExecutor.doExecute(TestCaseExecutor.java:328)&#xD;
	at com.kms.katalon.core.main.TestCaseExecutor.processExecutionPhase(TestCaseExecutor.java:307)&#xD;
	at com.kms.katalon.core.main.TestCaseExecutor.accessMainPhase(TestCaseExecutor.java:299)&#xD;
	at com.kms.katalon.core.main.TestCaseExecutor.execute(TestCaseExecutor.java:233)&#xD;
	at com.kms.katalon.core.main.TestSuiteExecutor.accessTestCaseMainPhase(TestSuiteExecutor.java:169)&#xD;
	at com.kms.katalon.core.main.TestSuiteExecutor.accessTestSuiteMainPhase(TestSuiteExecutor.java:142)&#xD;
	at com.kms.katalon.core.main.TestSuiteExecutor.execute(TestSuiteExecutor.java:91)&#xD;
	at com.kms.katalon.core.main.TestCaseMain.startTestSuite(TestCaseMain.java:157)&#xD;
	at com.kms.katalon.core.main.TestCaseMain$startTestSuite$0.call(Unknown Source)&#xD;
	at TempTestSuite1604321309179.run(TempTestSuite1604321309179.groovy:35)&#xD;
Caused by: java.net.ConnectException: Failed to connect to localhost/0:0:0:0:0:0:0:1:48717&#xD;
	at okhttp3.internal.connection.RealConnection.connectSocket(RealConnection.java:247)&#xD;
	at okhttp3.internal.connection.RealConnection.connect(RealConnection.java:165)&#xD;
	at okhttp3.internal.connection.StreamAllocation.findConnection(StreamAllocation.java:257)&#xD;
	at okhttp3.internal.connection.StreamAllocation.findHealthyConnection(StreamAllocation.java:135)&#xD;
	at okhttp3.internal.connection.StreamAllocation.newStream(StreamAllocation.java:114)&#xD;
	at okhttp3.internal.connection.ConnectInterceptor.intercept(ConnectInterceptor.java:42)&#xD;
	at okhttp3.internal.http.RealInterceptorChain.proceed(RealInterceptorChain.java:147)&#xD;
	at okhttp3.internal.http.RealInterceptorChain.proceed(RealInterceptorChain.java:121)&#xD;
	at okhttp3.internal.cache.CacheInterceptor.intercept(CacheInterceptor.java:93)&#xD;
	at okhttp3.internal.http.RealInterceptorChain.proceed(RealInterceptorChain.java:147)&#xD;
	at okhttp3.internal.http.RealInterceptorChain.proceed(RealInterceptorChain.java:121)&#xD;
	at okhttp3.internal.http.BridgeInterceptor.intercept(BridgeInterceptor.java:93)&#xD;
	at okhttp3.internal.http.RealInterceptorChain.proceed(RealInterceptorChain.java:147)&#xD;
	at okhttp3.internal.http.RetryAndFollowUpInterceptor.intercept(RetryAndFollowUpInterceptor.java:126)&#xD;
	at okhttp3.internal.http.RealInterceptorChain.proceed(RealInterceptorChain.java:147)&#xD;
	at okhttp3.internal.http.RealInterceptorChain.proceed(RealInterceptorChain.java:121)&#xD;
	at okhttp3.RealCall.getResponseWithInterceptorChain(RealCall.java:200)&#xD;
	at okhttp3.RealCall.execute(RealCall.java:77)&#xD;
	at org.openqa.selenium.remote.internal.OkHttpClient.execute(OkHttpClient.java:103)&#xD;
	at org.openqa.selenium.remote.HttpCommandExecutor.execute(HttpCommandExecutor.java:155)&#xD;
	at org.openqa.selenium.remote.service.DriverCommandExecutor.execute(DriverCommandExecutor.java:83)&#xD;
	at org.openqa.selenium.remote.RemoteWebDriver.execute(RemoteWebDriver.java:552)&#xD;
	at com.kms.katalon.selenium.driver.CChromeDriver.execute(CChromeDriver.java:20)&#xD;
	at org.openqa.selenium.remote.RemoteWebDriver.findElements(RemoteWebDriver.java:353)&#xD;
	at org.openqa.selenium.remote.RemoteWebDriver.findElementsByXPath(RemoteWebDriver.java:432)&#xD;
	at org.openqa.selenium.By$ByXPath.findElements(By.java:348)&#xD;
	at org.openqa.selenium.remote.RemoteWebDriver.findElements(RemoteWebDriver.java:311)&#xD;
	at com.kms.katalon.core.webui.common.WebUiCommonHelper.findWebElements(WebUiCommonHelper.java:761)&#xD;
	at com.kms.katalon.core.webui.common.WebUiCommonHelper.findWebElement(WebUiCommonHelper.java:1093)&#xD;
	at com.kms.katalon.core.webui.common.WebUiCommonHelper$findWebElement.call(Unknown Source)&#xD;
	at platform.Method.clickOnElement(Method.groovy:32)&#xD;
	at platform.Method.invokeMethod(Method.groovy)&#xD;
	at com.kms.katalon.core.main.CustomKeywordDelegatingMetaClass.invokeStaticMethod(CustomKeywordDelegatingMetaClass.java:50)&#xD;
	at Script1598969042259.run(Script1598969042259.groovy:15)&#xD;
	... 13 more&#xD;
Caused by: java.net.ConnectException: Connection refused: connect&#xD;
	at okhttp3.internal.platform.Platform.connectSocket(Platform.java:129)&#xD;
	at okhttp3.internal.connection.RealConnection.connectSocket(RealConnection.java:245)&#xD;
	at okhttp3.internal.connection.RealConnection.connect(RealConnection.java:165)&#xD;
	at okhttp3.internal.connection.StreamAllocation.findConnection(StreamAllocation.java:257)&#xD;
	at okhttp3.internal.connection.StreamAllocation.findHealthyConnection(StreamAllocation.java:135)&#xD;
	at okhttp3.internal.connection.StreamAllocation.newStream(StreamAllocation.java:114)&#xD;
	at okhttp3.internal.connection.ConnectInterceptor.intercept(ConnectInterceptor.java:42)&#xD;
	at okhttp3.internal.http.RealInterceptorChain.proceed(RealInterceptorChain.java:147)&#xD;
	at okhttp3.internal.http.RealInterceptorChain.proceed(RealInterceptorChain.java:121)&#xD;
	at okhttp3.internal.cache.CacheInterceptor.intercept(CacheInterceptor.java:93)&#xD;
	at okhttp3.internal.http.RealInterceptorChain.proceed(RealInterceptorChain.java:147)&#xD;
	at okhttp3.internal.http.RealInterceptorChain.proceed(RealInterceptorChain.java:121)&#xD;
	at okhttp3.internal.http.BridgeInterceptor.intercept(BridgeInterceptor.java:93)&#xD;
	at okhttp3.internal.http.RealInterceptorChain.proceed(RealInterceptorChain.java:147)&#xD;
	at okhttp3.internal.http.RetryAndFollowUpInterceptor.intercept(RetryAndFollowUpInterceptor.java:126)&#xD;
	at okhttp3.internal.http.RealInterceptorChain.proceed(RealInterceptorChain.java:147)&#xD;
	at okhttp3.internal.http.RealInterceptorChain.proceed(RealInterceptorChain.java:121)&#xD;
	at okhttp3.RealCall.getResponseWithInterceptorChain(RealCall.java:200)&#xD;
	at okhttp3.RealCall.execute(RealCall.java:77)&#xD;
	at org.openqa.selenium.remote.internal.OkHttpClient.execute(OkHttpClient.java:103)&#xD;
	at org.openqa.selenium.remote.HttpCommandExecutor.execute(HttpCommandExecutor.java:155)&#xD;
	at org.openqa.selenium.remote.service.DriverCommandExecutor.execute(DriverCommandExecutor.java:83)&#xD;
	at org.openqa.selenium.remote.RemoteWebDriver.execute(RemoteWebDriver.java:552)&#xD;
	at com.kms.katalon.selenium.driver.CChromeDriver.execute(CChromeDriver.java:20)&#xD;
	at org.openqa.selenium.remote.RemoteWebDriver.findElements(RemoteWebDriver.java:353)&#xD;
	at org.openqa.selenium.remote.RemoteWebDriver.findElementsByXPath(RemoteWebDriver.java:432)&#xD;
	at org.openqa.selenium.By$ByXPath.findElements(By.java:348)&#xD;
	at org.openqa.selenium.remote.RemoteWebDriver.findElements(RemoteWebDriver.java:311)&#xD;
	at com.kms.katalon.core.webui.common.WebUiCommonHelper.findWebElements(WebUiCommonHelper.java:761)&#xD;
	at com.kms.katalon.core.webui.common.WebUiCommonHelper.findWebElement(WebUiCommonHelper.java:1093)&#xD;
	at com.kms.katalon.core.webui.common.WebUiCommonHelper$findWebElement.call(Unknown Source)&#xD;
	at platform.Method.clickOnElement(Method.groovy:32)&#xD;
	at platform.Method.invokeMethod(Method.groovy)&#xD;
	at com.kms.katalon.core.main.CustomKeywordDelegatingMetaClass.invokeStaticMethod(CustomKeywordDelegatingMetaClass.java:50)&#xD;
	at createNewIntentCuration_Test.run(createNewIntentCuration_Test:15)&#xD;
	... 13 more</system-err>
        </testcase>
        <testcase name="Test Cases/TASK_SSO/newIntentCreation_WO_TemplateKeyCreationInCuration" classname="Test Cases/TASK_SSO/newIntentCreation_WO_TemplateKeyCreationInCuration" status="ERROR">
            <error type="ERROR" message="Test Cases/TASK_SSO/newIntentCreation_WO_TemplateKeyCreationInCuration FAILED.&#xA;Reason:&#xA;org.openqa.selenium.WebDriverException: java.net.ConnectException: Failed to connect to localhost/0:0:0:0:0:0:0:1:48717&#xA;Build info: version: '3.141.59', revision: 'e82be7d358', time: '2018-11-14T08:25:53'&#xA;System info: host: 'WLPT580', ip: '192.168.29.195', os.name: 'Windows 8.1', os.arch: 'amd64', os.version: '6.3', java.version: '1.8.0_181'&#xA;Driver info: driver.version: RemoteWebDriver&#xD;&#xA;&#x9;at org.openqa.selenium.remote.service.DriverCommandExecutor.execute(DriverCommandExecutor.java:92)&#xD;&#xA;&#x9;at org.openqa.selenium.remote.RemoteWebDriver.execute(RemoteWebDriver.java:552)&#xD;&#xA;&#x9;at com.kms.katalon.selenium.driver.CChromeDriver.execute(CChromeDriver.java:20)&#xD;&#xA;&#x9;at org.openqa.selenium.remote.RemoteWebDriver.findElements(RemoteWebDriver.java:353)&#xD;&#xA;&#x9;at org.openqa.selenium.remote.RemoteWebDriver.findElementsByXPath(RemoteWebDriver.java:432)&#xD;&#xA;&#x9;at org.openqa.selenium.By$ByXPath.findElements(By.java:348)&#xD;&#xA;&#x9;at org.openqa.selenium.remote.RemoteWebDriver.findElements(RemoteWebDriver.java:311)&#xD;&#xA;&#x9;at com.kms.katalon.core.webui.common.WebUiCommonHelper.findWebElements(WebUiCommonHelper.java:761)&#xD;&#xA;&#x9;at com.kms.katalon.core.webui.common.WebUiCommonHelper.findWebElement(WebUiCommonHelper.java:1093)&#xD;&#xA;&#x9;at com.kms.katalon.core.webui.common.WebUiCommonHelper$findWebElement.call(Unknown Source)&#xD;&#xA;&#x9;at platform.Method.clickOnElement(Method.groovy:32)&#xD;&#xA;&#x9;at platform.Method.invokeMethod(Method.groovy)&#xD;&#xA;&#x9;at com.kms.katalon.core.main.CustomKeywordDelegatingMetaClass.invokeStaticMethod(CustomKeywordDelegatingMetaClass.java:50)&#xD;&#xA;&#x9;at newIntentCreation_WO_TemplateKeyCreationInCuration.run(newIntentCreation_WO_TemplateKeyCreationInCuration:20)&#xD;&#xA;&#x9;at com.kms.katalon.core.main.ScriptEngine.run(ScriptEngine.java:194)&#xD;&#xA;&#x9;at com.kms.katalon.core.main.ScriptEngine.runScriptAsRawText(ScriptEngine.java:119)&#xD;&#xA;&#x9;at com.kms.katalon.core.main.TestCaseExecutor.runScript(TestCaseExecutor.java:337)&#xD;&#xA;&#x9;at com.kms.katalon.core.main.TestCaseExecutor.doExecute(TestCaseExecutor.java:328)&#xD;&#xA;&#x9;at com.kms.katalon.core.main.TestCaseExecutor.processExecutionPhase(TestCaseExecutor.java:307)&#xD;&#xA;&#x9;at com.kms.katalon.core.main.TestCaseExecutor.accessMainPhase(TestCaseExecutor.java:299)&#xD;&#xA;&#x9;at com.kms.katalon.core.main.TestCaseExecutor.execute(TestCaseExecutor.java:233)&#xD;&#xA;&#x9;at com.kms.katalon.core.main.TestSuiteExecutor.accessTestCaseMainPhase(TestSuiteExecutor.java:169)&#xD;&#xA;&#x9;at com.kms.katalon.core.main.TestSuiteExecutor.accessTestSuiteMainPhase(TestSuiteExecutor.java:142)&#xD;&#xA;&#x9;at com.kms.katalon.core.main.TestSuiteExecutor.execute(TestSuiteExecutor.java:91)&#xD;&#xA;&#x9;at com.kms.katalon.core.main.TestCaseMain.startTestSuite(TestCaseMain.java:157)&#xD;&#xA;&#x9;at com.kms.katalon.core.main.TestCaseMain$startTestSuite$0.call(Unknown Source)&#xD;&#xA;&#x9;at TempTestSuite1604321309179.run(TempTestSuite1604321309179.groovy:35)&#xD;&#xA;Caused by: java.net.ConnectException: Failed to connect to localhost/0:0:0:0:0:0:0:1:48717&#xD;&#xA;&#x9;at okhttp3.internal.connection.RealConnection.connectSocket(RealConnection.java:247)&#xD;&#xA;&#x9;at okhttp3.internal.connection.RealConnection.connect(RealConnection.java:165)&#xD;&#xA;&#x9;at okhttp3.internal.connection.StreamAllocation.findConnection(StreamAllocation.java:257)&#xD;&#xA;&#x9;at okhttp3.internal.connection.StreamAllocation.findHealthyConnection(StreamAllocation.java:135)&#xD;&#xA;&#x9;at okhttp3.internal.connection.StreamAllocation.newStream(StreamAllocation.java:114)&#xD;&#xA;&#x9;at okhttp3.internal.connection.ConnectInterceptor.intercept(ConnectInterceptor.java:42)&#xD;&#xA;&#x9;at okhttp3.internal.http.RealInterceptorChain.proceed(RealInterceptorChain.java:147)&#xD;&#xA;&#x9;at okhttp3.internal.http.RealInterceptorChain.proceed(RealInterceptorChain.java:121)&#xD;&#xA;&#x9;at okhttp3.internal.cache.CacheInterceptor.intercept(CacheInterceptor.java:93)&#xD;&#xA;&#x9;at okhttp3.internal.http.RealInterceptorChain.proceed(RealInterceptorChain.java:147)&#xD;&#xA;&#x9;at okhttp3.internal.http.RealInterceptorChain.proceed(RealInterceptorChain.java:121)&#xD;&#xA;&#x9;at okhttp3.internal.http.BridgeInterceptor.intercept(BridgeInterceptor.java:93)&#xD;&#xA;&#x9;at okhttp3.internal.http.RealInterceptorChain.proceed(RealInterceptorChain.java:147)&#xD;&#xA;&#x9;at okhttp3.internal.http.RetryAndFollowUpInterceptor.intercept(RetryAndFollowUpInterceptor.java:126)&#xD;&#xA;&#x9;at okhttp3.internal.http.RealInterceptorChain.proceed(RealInterceptorChain.java:147)&#xD;&#xA;&#x9;at okhttp3.internal.http.RealInterceptorChain.proceed(RealInterceptorChain.java:121)&#xD;&#xA;&#x9;at okhttp3.RealCall.getResponseWithInterceptorChain(RealCall.java:200)&#xD;&#xA;&#x9;at okhttp3.RealCall.execute(RealCall.java:77)&#xD;&#xA;&#x9;at org.openqa.selenium.remote.internal.OkHttpClient.execute(OkHttpClient.java:103)&#xD;&#xA;&#x9;at org.openqa.selenium.remote.HttpCommandExecutor.execute(HttpCommandExecutor.java:155)&#xD;&#xA;&#x9;at org.openqa.selenium.remote.service.DriverCommandExecutor.execute(DriverCommandExecutor.java:83)&#xD;&#xA;&#x9;at org.openqa.selenium.remote.RemoteWebDriver.execute(RemoteWebDriver.java:552)&#xD;&#xA;&#x9;at com.kms.katalon.selenium.driver.CChromeDriver.execute(CChromeDriver.java:20)&#xD;&#xA;&#x9;at org.openqa.selenium.remote.RemoteWebDriver.findElements(RemoteWebDriver.java:353)&#xD;&#xA;&#x9;at org.openqa.selenium.remote.RemoteWebDriver.findElementsByXPath(RemoteWebDriver.java:432)&#xD;&#xA;&#x9;at org.openqa.selenium.By$ByXPath.findElements(By.java:348)&#xD;&#xA;&#x9;at org.openqa.selenium.remote.RemoteWebDriver.findElements(RemoteWebDriver.java:311)&#xD;&#xA;&#x9;at com.kms.katalon.core.webui.common.WebUiCommonHelper.findWebElements(WebUiCommonHelper.java:761)&#xD;&#xA;&#x9;at com.kms.katalon.core.webui.common.WebUiCommonHelper.findWebElement(WebUiCommonHelper.java:1093)&#xD;&#xA;&#x9;at com.kms.katalon.core.webui.common.WebUiCommonHelper$findWebElement.call(Unknown Source)&#xD;&#xA;&#x9;at platform.Method.clickOnElement(Method.groovy:32)&#xD;&#xA;&#x9;at platform.Method.invokeMethod(Method.groovy)&#xD;&#xA;&#x9;at com.kms.katalon.core.main.CustomKeywordDelegatingMetaClass.invokeStaticMethod(CustomKeywordDelegatingMetaClass.java:50)&#xD;&#xA;&#x9;at Script1598969060049.run(Script1598969060049.groovy:20)&#xD;&#xA;&#x9;... 13 more&#xD;&#xA;Caused by: java.net.ConnectException: Connection refused: connect&#xD;&#xA;&#x9;at okhttp3.internal.platform.Platform.connectSocket(Platform.java:129)&#xD;&#xA;&#x9;at okhttp3.internal.connection.RealConnection.connectSocket(RealConnection.java:245)&#xD;&#xA;&#x9;at okhttp3.internal.connection.RealConnection.connect(RealConnection.java:165)&#xD;&#xA;&#x9;at okhttp3.internal.connection.StreamAllocation.findConnection(StreamAllocation.java:257)&#xD;&#xA;&#x9;at okhttp3.internal.connection.StreamAllocation.findHealthyConnection(StreamAllocation.java:135)&#xD;&#xA;&#x9;at okhttp3.internal.connection.StreamAllocation.newStream(StreamAllocation.java:114)&#xD;&#xA;&#x9;at okhttp3.internal.connection.ConnectInterceptor.intercept(ConnectInterceptor.java:42)&#xD;&#xA;&#x9;at okhttp3.internal.http.RealInterceptorChain.proceed(RealInterceptorChain.java:147)&#xD;&#xA;&#x9;at okhttp3.internal.http.RealInterceptorChain.proceed(RealInterceptorChain.java:121)&#xD;&#xA;&#x9;at okhttp3.internal.cache.CacheInterceptor.intercept(CacheInterceptor.java:93)&#xD;&#xA;&#x9;at okhttp3.internal.http.RealInterceptorChain.proceed(RealInterceptorChain.java:147)&#xD;&#xA;&#x9;at okhttp3.internal.http.RealInterceptorChain.proceed(RealInterceptorChain.java:121)&#xD;&#xA;&#x9;at okhttp3.internal.http.BridgeInterceptor.intercept(BridgeInterceptor.java:93)&#xD;&#xA;&#x9;at okhttp3.internal.http.RealInterceptorChain.proceed(RealInterceptorChain.java:147)&#xD;&#xA;&#x9;at okhttp3.internal.http.RetryAndFollowUpInterceptor.intercept(RetryAndFollowUpInterceptor.java:126)&#xD;&#xA;&#x9;at okhttp3.internal.http.RealInterceptorChain.proceed(RealInterceptorChain.java:147)&#xD;&#xA;&#x9;at okhttp3.internal.http.RealInterceptorChain.proceed(RealInterceptorChain.java:121)&#xD;&#xA;&#x9;at okhttp3.RealCall.getResponseWithInterceptorChain(RealCall.java:200)&#xD;&#xA;&#x9;at okhttp3.RealCall.execute(RealCall.java:77)&#xD;&#xA;&#x9;at org.openqa.selenium.remote.internal.OkHttpClient.execute(OkHttpClient.java:103)&#xD;&#xA;&#x9;at org.openqa.selenium.remote.HttpCommandExecutor.execute(HttpCommandExecutor.java:155)&#xD;&#xA;&#x9;at org.openqa.selenium.remote.service.DriverCommandExecutor.execute(DriverCommandExecutor.java:83)&#xD;&#xA;&#x9;at org.openqa.selenium.remote.RemoteWebDriver.execute(RemoteWebDriver.java:552)&#xD;&#xA;&#x9;at com.kms.katalon.selenium.driver.CChromeDriver.execute(CChromeDriver.java:20)&#xD;&#xA;&#x9;at org.openqa.selenium.remote.RemoteWebDriver.findElements(RemoteWebDriver.java:353)&#xD;&#xA;&#x9;at org.openqa.selenium.remote.RemoteWebDriver.findElementsByXPath(RemoteWebDriver.java:432)&#xD;&#xA;&#x9;at org.openqa.selenium.By$ByXPath.findElements(By.java:348)&#xD;&#xA;&#x9;at org.openqa.selenium.remote.RemoteWebDriver.findElements(RemoteWebDriver.java:311)&#xD;&#xA;&#x9;at com.kms.katalon.core.webui.common.WebUiCommonHelper.findWebElements(WebUiCommonHelper.java:761)&#xD;&#xA;&#x9;at com.kms.katalon.core.webui.common.WebUiCommonHelper.findWebElement(WebUiCommonHelper.java:1093)&#xD;&#xA;&#x9;at com.kms.katalon.core.webui.common.WebUiCommonHelper$findWebElement.call(Unknown Source)&#xD;&#xA;&#x9;at platform.Method.clickOnElement(Method.groovy:32)&#xD;&#xA;&#x9;at platform.Method.invokeMethod(Method.groovy)&#xD;&#xA;&#x9;at com.kms.katalon.core.main.CustomKeywordDelegatingMetaClass.invokeStaticMethod(CustomKeywordDelegatingMetaClass.java:50)&#xD;&#xA;&#x9;at newIntentCreation_WO_TemplateKeyCreationInCuration.run(newIntentCreation_WO_TemplateKeyCreationInCuration:20)&#xD;&#xA;&#x9;... 13 more&#xD;&#xA;"/>
            <system-out>2020-11-02 18:35:41 - [TEST_CASE][ERROR] - Test Cases/TASK_SSO/newIntentCreation_WO_TemplateKeyCreationInCuration: Test Cases/TASK_SSO/newIntentCreation_WO_TemplateKeyCreationInCuration FAILED.
Reason:
org.openqa.selenium.WebDriverException: java.net.ConnectException: Failed to connect to localhost/0:0:0:0:0:0:0:1:48717
Build info: version: '3.141.59', revision: 'e82be7d358', time: '2018-11-14T08:25:53'
System info: host: 'WLPT580', ip: '192.168.29.195', os.name: 'Windows 8.1', os.arch: 'amd64', os.version: '6.3', java.version: '1.8.0_181'
Driver info: driver.version: RemoteWebDriver&#xD;
	at org.openqa.selenium.remote.service.DriverCommandExecutor.execute(DriverCommandExecutor.java:92)&#xD;
	at org.openqa.selenium.remote.RemoteWebDriver.execute(RemoteWebDriver.java:552)&#xD;
	at com.kms.katalon.selenium.driver.CChromeDriver.execute(CChromeDriver.java:20)&#xD;
	at org.openqa.selenium.remote.RemoteWebDriver.findElements(RemoteWebDriver.java:353)&#xD;
	at org.openqa.selenium.remote.RemoteWebDriver.findElementsByXPath(RemoteWebDriver.java:432)&#xD;
	at org.openqa.selenium.By$ByXPath.findElements(By.java:348)&#xD;
	at org.openqa.selenium.remote.RemoteWebDriver.findElements(RemoteWebDriver.java:311)&#xD;
	at com.kms.katalon.core.webui.common.WebUiCommonHelper.findWebElements(WebUiCommonHelper.java:761)&#xD;
	at com.kms.katalon.core.webui.common.WebUiCommonHelper.findWebElement(WebUiCommonHelper.java:1093)&#xD;
	at com.kms.katalon.core.webui.common.WebUiCommonHelper$findWebElement.call(Unknown Source)&#xD;
	at platform.Method.clickOnElement(Method.groovy:32)&#xD;
	at platform.Method.invokeMethod(Method.groovy)&#xD;
	at com.kms.katalon.core.main.CustomKeywordDelegatingMetaClass.invokeStaticMethod(CustomKeywordDelegatingMetaClass.java:50)&#xD;
	at newIntentCreation_WO_TemplateKeyCreationInCuration.run(newIntentCreation_WO_TemplateKeyCreationInCuration:20)&#xD;
	at com.kms.katalon.core.main.ScriptEngine.run(ScriptEngine.java:194)&#xD;
	at com.kms.katalon.core.main.ScriptEngine.runScriptAsRawText(ScriptEngine.java:119)&#xD;
	at com.kms.katalon.core.main.TestCaseExecutor.runScript(TestCaseExecutor.java:337)&#xD;
	at com.kms.katalon.core.main.TestCaseExecutor.doExecute(TestCaseExecutor.java:328)&#xD;
	at com.kms.katalon.core.main.TestCaseExecutor.processExecutionPhase(TestCaseExecutor.java:307)&#xD;
	at com.kms.katalon.core.main.TestCaseExecutor.accessMainPhase(TestCaseExecutor.java:299)&#xD;
	at com.kms.katalon.core.main.TestCaseExecutor.execute(TestCaseExecutor.java:233)&#xD;
	at com.kms.katalon.core.main.TestSuiteExecutor.accessTestCaseMainPhase(TestSuiteExecutor.java:169)&#xD;
	at com.kms.katalon.core.main.TestSuiteExecutor.accessTestSuiteMainPhase(TestSuiteExecutor.java:142)&#xD;
	at com.kms.katalon.core.main.TestSuiteExecutor.execute(TestSuiteExecutor.java:91)&#xD;
	at com.kms.katalon.core.main.TestCaseMain.startTestSuite(TestCaseMain.java:157)&#xD;
	at com.kms.katalon.core.main.TestCaseMain$startTestSuite$0.call(Unknown Source)&#xD;
	at TempTestSuite1604321309179.run(TempTestSuite1604321309179.groovy:35)&#xD;
Caused by: java.net.ConnectException: Failed to connect to localhost/0:0:0:0:0:0:0:1:48717&#xD;
	at okhttp3.internal.connection.RealConnection.connectSocket(RealConnection.java:247)&#xD;
	at okhttp3.internal.connection.RealConnection.connect(RealConnection.java:165)&#xD;
	at okhttp3.internal.connection.StreamAllocation.findConnection(StreamAllocation.java:257)&#xD;
	at okhttp3.internal.connection.StreamAllocation.findHealthyConnection(StreamAllocation.java:135)&#xD;
	at okhttp3.internal.connection.StreamAllocation.newStream(StreamAllocation.java:114)&#xD;
	at okhttp3.internal.connection.ConnectInterceptor.intercept(ConnectInterceptor.java:42)&#xD;
	at okhttp3.internal.http.RealInterceptorChain.proceed(RealInterceptorChain.java:147)&#xD;
	at okhttp3.internal.http.RealInterceptorChain.proceed(RealInterceptorChain.java:121)&#xD;
	at okhttp3.internal.cache.CacheInterceptor.intercept(CacheInterceptor.java:93)&#xD;
	at okhttp3.internal.http.RealInterceptorChain.proceed(RealInterceptorChain.java:147)&#xD;
	at okhttp3.internal.http.RealInterceptorChain.proceed(RealInterceptorChain.java:121)&#xD;
	at okhttp3.internal.http.BridgeInterceptor.intercept(BridgeInterceptor.java:93)&#xD;
	at okhttp3.internal.http.RealInterceptorChain.proceed(RealInterceptorChain.java:147)&#xD;
	at okhttp3.internal.http.RetryAndFollowUpInterceptor.intercept(RetryAndFollowUpInterceptor.java:126)&#xD;
	at okhttp3.internal.http.RealInterceptorChain.proceed(RealInterceptorChain.java:147)&#xD;
	at okhttp3.internal.http.RealInterceptorChain.proceed(RealInterceptorChain.java:121)&#xD;
	at okhttp3.RealCall.getResponseWithInterceptorChain(RealCall.java:200)&#xD;
	at okhttp3.RealCall.execute(RealCall.java:77)&#xD;
	at org.openqa.selenium.remote.internal.OkHttpClient.execute(OkHttpClient.java:103)&#xD;
	at org.openqa.selenium.remote.HttpCommandExecutor.execute(HttpCommandExecutor.java:155)&#xD;
	at org.openqa.selenium.remote.service.DriverCommandExecutor.execute(DriverCommandExecutor.java:83)&#xD;
	at org.openqa.selenium.remote.RemoteWebDriver.execute(RemoteWebDriver.java:552)&#xD;
	at com.kms.katalon.selenium.driver.CChromeDriver.execute(CChromeDriver.java:20)&#xD;
	at org.openqa.selenium.remote.RemoteWebDriver.findElements(RemoteWebDriver.java:353)&#xD;
	at org.openqa.selenium.remote.RemoteWebDriver.findElementsByXPath(RemoteWebDriver.java:432)&#xD;
	at org.openqa.selenium.By$ByXPath.findElements(By.java:348)&#xD;
	at org.openqa.selenium.remote.RemoteWebDriver.findElements(RemoteWebDriver.java:311)&#xD;
	at com.kms.katalon.core.webui.common.WebUiCommonHelper.findWebElements(WebUiCommonHelper.java:761)&#xD;
	at com.kms.katalon.core.webui.common.WebUiCommonHelper.findWebElement(WebUiCommonHelper.java:1093)&#xD;
	at com.kms.katalon.core.webui.common.WebUiCommonHelper$findWebElement.call(Unknown Source)&#xD;
	at platform.Method.clickOnElement(Method.groovy:32)&#xD;
	at platform.Method.invokeMethod(Method.groovy)&#xD;
	at com.kms.katalon.core.main.CustomKeywordDelegatingMetaClass.invokeStaticMethod(CustomKeywordDelegatingMetaClass.java:50)&#xD;
	at Script1598969060049.run(Script1598969060049.groovy:20)&#xD;
	... 13 more&#xD;
Caused by: java.net.ConnectException: Connection refused: connect&#xD;
	at okhttp3.internal.platform.Platform.connectSocket(Platform.java:129)&#xD;
	at okhttp3.internal.connection.RealConnection.connectSocket(RealConnection.java:245)&#xD;
	at okhttp3.internal.connection.RealConnection.connect(RealConnection.java:165)&#xD;
	at okhttp3.internal.connection.StreamAllocation.findConnection(StreamAllocation.java:257)&#xD;
	at okhttp3.internal.connection.StreamAllocation.findHealthyConnection(StreamAllocation.java:135)&#xD;
	at okhttp3.internal.connection.StreamAllocation.newStream(StreamAllocation.java:114)&#xD;
	at okhttp3.internal.connection.ConnectInterceptor.intercept(ConnectInterceptor.java:42)&#xD;
	at okhttp3.internal.http.RealInterceptorChain.proceed(RealInterceptorChain.java:147)&#xD;
	at okhttp3.internal.http.RealInterceptorChain.proceed(RealInterceptorChain.java:121)&#xD;
	at okhttp3.internal.cache.CacheInterceptor.intercept(CacheInterceptor.java:93)&#xD;
	at okhttp3.internal.http.RealInterceptorChain.proceed(RealInterceptorChain.java:147)&#xD;
	at okhttp3.internal.http.RealInterceptorChain.proceed(RealInterceptorChain.java:121)&#xD;
	at okhttp3.internal.http.BridgeInterceptor.intercept(BridgeInterceptor.java:93)&#xD;
	at okhttp3.internal.http.RealInterceptorChain.proceed(RealInterceptorChain.java:147)&#xD;
	at okhttp3.internal.http.RetryAndFollowUpInterceptor.intercept(RetryAndFollowUpInterceptor.java:126)&#xD;
	at okhttp3.internal.http.RealInterceptorChain.proceed(RealInterceptorChain.java:147)&#xD;
	at okhttp3.internal.http.RealInterceptorChain.proceed(RealInterceptorChain.java:121)&#xD;
	at okhttp3.RealCall.getResponseWithInterceptorChain(RealCall.java:200)&#xD;
	at okhttp3.RealCall.execute(RealCall.java:77)&#xD;
	at org.openqa.selenium.remote.internal.OkHttpClient.execute(OkHttpClient.java:103)&#xD;
	at org.openqa.selenium.remote.HttpCommandExecutor.execute(HttpCommandExecutor.java:155)&#xD;
	at org.openqa.selenium.remote.service.DriverCommandExecutor.execute(DriverCommandExecutor.java:83)&#xD;
	at org.openqa.selenium.remote.RemoteWebDriver.execute(RemoteWebDriver.java:552)&#xD;
	at com.kms.katalon.selenium.driver.CChromeDriver.execute(CChromeDriver.java:20)&#xD;
	at org.openqa.selenium.remote.RemoteWebDriver.findElements(RemoteWebDriver.java:353)&#xD;
	at org.openqa.selenium.remote.RemoteWebDriver.findElementsByXPath(RemoteWebDriver.java:432)&#xD;
	at org.openqa.selenium.By$ByXPath.findElements(By.java:348)&#xD;
	at org.openqa.selenium.remote.RemoteWebDriver.findElements(RemoteWebDriver.java:311)&#xD;
	at com.kms.katalon.core.webui.common.WebUiCommonHelper.findWebElements(WebUiCommonHelper.java:761)&#xD;
	at com.kms.katalon.core.webui.common.WebUiCommonHelper.findWebElement(WebUiCommonHelper.java:1093)&#xD;
	at com.kms.katalon.core.webui.common.WebUiCommonHelper$findWebElement.call(Unknown Source)&#xD;
	at platform.Method.clickOnElement(Method.groovy:32)&#xD;
	at platform.Method.invokeMethod(Method.groovy)&#xD;
	at com.kms.katalon.core.main.CustomKeywordDelegatingMetaClass.invokeStaticMethod(CustomKeywordDelegatingMetaClass.java:50)&#xD;
	at newIntentCreation_WO_TemplateKeyCreationInCuration.run(newIntentCreation_WO_TemplateKeyCreationInCuration:20)&#xD;
	... 13 more&#xD;
&#xD;
&#xD;
2020-11-02 18:35:42 - [TEST_STEP][ERROR] - platform.Method.clickOnElement(findTestObject("Generic/curation")): java.net.ConnectException: Failed to connect to localhost/0:0:0:0:0:0:0:1:48717
Build info: version: '3.141.59', revision: 'e82be7d358', time: '2018-11-14T08:25:53'
System info: host: 'WLPT580', ip: '192.168.29.195', os.name: 'Windows 8.1', os.arch: 'amd64', os.version: '6.3', java.version: '1.8.0_181'
Driver info: driver.version: RemoteWebDriver&#xD;
&#xD;
2020-11-02 18:35:45 - [MESSAGE][ERROR] - java.net.ConnectException: Failed to connect to localhost/0:0:0:0:0:0:0:1:48717
Build info: version: '3.141.59', revision: 'e82be7d358', time: '2018-11-14T08:25:53'
System info: host: 'WLPT580', ip: '192.168.29.195', os.name: 'Windows 8.1', os.arch: 'amd64', os.version: '6.3', java.version: '1.8.0_181'
Driver info: driver.version: RemoteWebDriver</system-out>
            <system-err>2020-11-02 18:35:41 - [TEST_CASE][ERROR] - Test Cases/TASK_SSO/newIntentCreation_WO_TemplateKeyCreationInCuration: Test Cases/TASK_SSO/newIntentCreation_WO_TemplateKeyCreationInCuration FAILED.
Reason:
org.openqa.selenium.WebDriverException: java.net.ConnectException: Failed to connect to localhost/0:0:0:0:0:0:0:1:48717
Build info: version: '3.141.59', revision: 'e82be7d358', time: '2018-11-14T08:25:53'
System info: host: 'WLPT580', ip: '192.168.29.195', os.name: 'Windows 8.1', os.arch: 'amd64', os.version: '6.3', java.version: '1.8.0_181'
Driver info: driver.version: RemoteWebDriver&#xD;
	at org.openqa.selenium.remote.service.DriverCommandExecutor.execute(DriverCommandExecutor.java:92)&#xD;
	at org.openqa.selenium.remote.RemoteWebDriver.execute(RemoteWebDriver.java:552)&#xD;
	at com.kms.katalon.selenium.driver.CChromeDriver.execute(CChromeDriver.java:20)&#xD;
	at org.openqa.selenium.remote.RemoteWebDriver.findElements(RemoteWebDriver.java:353)&#xD;
	at org.openqa.selenium.remote.RemoteWebDriver.findElementsByXPath(RemoteWebDriver.java:432)&#xD;
	at org.openqa.selenium.By$ByXPath.findElements(By.java:348)&#xD;
	at org.openqa.selenium.remote.RemoteWebDriver.findElements(RemoteWebDriver.java:311)&#xD;
	at com.kms.katalon.core.webui.common.WebUiCommonHelper.findWebElements(WebUiCommonHelper.java:761)&#xD;
	at com.kms.katalon.core.webui.common.WebUiCommonHelper.findWebElement(WebUiCommonHelper.java:1093)&#xD;
	at com.kms.katalon.core.webui.common.WebUiCommonHelper$findWebElement.call(Unknown Source)&#xD;
	at platform.Method.clickOnElement(Method.groovy:32)&#xD;
	at platform.Method.invokeMethod(Method.groovy)&#xD;
	at com.kms.katalon.core.main.CustomKeywordDelegatingMetaClass.invokeStaticMethod(CustomKeywordDelegatingMetaClass.java:50)&#xD;
	at newIntentCreation_WO_TemplateKeyCreationInCuration.run(newIntentCreation_WO_TemplateKeyCreationInCuration:20)&#xD;
	at com.kms.katalon.core.main.ScriptEngine.run(ScriptEngine.java:194)&#xD;
	at com.kms.katalon.core.main.ScriptEngine.runScriptAsRawText(ScriptEngine.java:119)&#xD;
	at com.kms.katalon.core.main.TestCaseExecutor.runScript(TestCaseExecutor.java:337)&#xD;
	at com.kms.katalon.core.main.TestCaseExecutor.doExecute(TestCaseExecutor.java:328)&#xD;
	at com.kms.katalon.core.main.TestCaseExecutor.processExecutionPhase(TestCaseExecutor.java:307)&#xD;
	at com.kms.katalon.core.main.TestCaseExecutor.accessMainPhase(TestCaseExecutor.java:299)&#xD;
	at com.kms.katalon.core.main.TestCaseExecutor.execute(TestCaseExecutor.java:233)&#xD;
	at com.kms.katalon.core.main.TestSuiteExecutor.accessTestCaseMainPhase(TestSuiteExecutor.java:169)&#xD;
	at com.kms.katalon.core.main.TestSuiteExecutor.accessTestSuiteMainPhase(TestSuiteExecutor.java:142)&#xD;
	at com.kms.katalon.core.main.TestSuiteExecutor.execute(TestSuiteExecutor.java:91)&#xD;
	at com.kms.katalon.core.main.TestCaseMain.startTestSuite(TestCaseMain.java:157)&#xD;
	at com.kms.katalon.core.main.TestCaseMain$startTestSuite$0.call(Unknown Source)&#xD;
	at TempTestSuite1604321309179.run(TempTestSuite1604321309179.groovy:35)&#xD;
Caused by: java.net.ConnectException: Failed to connect to localhost/0:0:0:0:0:0:0:1:48717&#xD;
	at okhttp3.internal.connection.RealConnection.connectSocket(RealConnection.java:247)&#xD;
	at okhttp3.internal.connection.RealConnection.connect(RealConnection.java:165)&#xD;
	at okhttp3.internal.connection.StreamAllocation.findConnection(StreamAllocation.java:257)&#xD;
	at okhttp3.internal.connection.StreamAllocation.findHealthyConnection(StreamAllocation.java:135)&#xD;
	at okhttp3.internal.connection.StreamAllocation.newStream(StreamAllocation.java:114)&#xD;
	at okhttp3.internal.connection.ConnectInterceptor.intercept(ConnectInterceptor.java:42)&#xD;
	at okhttp3.internal.http.RealInterceptorChain.proceed(RealInterceptorChain.java:147)&#xD;
	at okhttp3.internal.http.RealInterceptorChain.proceed(RealInterceptorChain.java:121)&#xD;
	at okhttp3.internal.cache.CacheInterceptor.intercept(CacheInterceptor.java:93)&#xD;
	at okhttp3.internal.http.RealInterceptorChain.proceed(RealInterceptorChain.java:147)&#xD;
	at okhttp3.internal.http.RealInterceptorChain.proceed(RealInterceptorChain.java:121)&#xD;
	at okhttp3.internal.http.BridgeInterceptor.intercept(BridgeInterceptor.java:93)&#xD;
	at okhttp3.internal.http.RealInterceptorChain.proceed(RealInterceptorChain.java:147)&#xD;
	at okhttp3.internal.http.RetryAndFollowUpInterceptor.intercept(RetryAndFollowUpInterceptor.java:126)&#xD;
	at okhttp3.internal.http.RealInterceptorChain.proceed(RealInterceptorChain.java:147)&#xD;
	at okhttp3.internal.http.RealInterceptorChain.proceed(RealInterceptorChain.java:121)&#xD;
	at okhttp3.RealCall.getResponseWithInterceptorChain(RealCall.java:200)&#xD;
	at okhttp3.RealCall.execute(RealCall.java:77)&#xD;
	at org.openqa.selenium.remote.internal.OkHttpClient.execute(OkHttpClient.java:103)&#xD;
	at org.openqa.selenium.remote.HttpCommandExecutor.execute(HttpCommandExecutor.java:155)&#xD;
	at org.openqa.selenium.remote.service.DriverCommandExecutor.execute(DriverCommandExecutor.java:83)&#xD;
	at org.openqa.selenium.remote.RemoteWebDriver.execute(RemoteWebDriver.java:552)&#xD;
	at com.kms.katalon.selenium.driver.CChromeDriver.execute(CChromeDriver.java:20)&#xD;
	at org.openqa.selenium.remote.RemoteWebDriver.findElements(RemoteWebDriver.java:353)&#xD;
	at org.openqa.selenium.remote.RemoteWebDriver.findElementsByXPath(RemoteWebDriver.java:432)&#xD;
	at org.openqa.selenium.By$ByXPath.findElements(By.java:348)&#xD;
	at org.openqa.selenium.remote.RemoteWebDriver.findElements(RemoteWebDriver.java:311)&#xD;
	at com.kms.katalon.core.webui.common.WebUiCommonHelper.findWebElements(WebUiCommonHelper.java:761)&#xD;
	at com.kms.katalon.core.webui.common.WebUiCommonHelper.findWebElement(WebUiCommonHelper.java:1093)&#xD;
	at com.kms.katalon.core.webui.common.WebUiCommonHelper$findWebElement.call(Unknown Source)&#xD;
	at platform.Method.clickOnElement(Method.groovy:32)&#xD;
	at platform.Method.invokeMethod(Method.groovy)&#xD;
	at com.kms.katalon.core.main.CustomKeywordDelegatingMetaClass.invokeStaticMethod(CustomKeywordDelegatingMetaClass.java:50)&#xD;
	at Script1598969060049.run(Script1598969060049.groovy:20)&#xD;
	... 13 more&#xD;
Caused by: java.net.ConnectException: Connection refused: connect&#xD;
	at okhttp3.internal.platform.Platform.connectSocket(Platform.java:129)&#xD;
	at okhttp3.internal.connection.RealConnection.connectSocket(RealConnection.java:245)&#xD;
	at okhttp3.internal.connection.RealConnection.connect(RealConnection.java:165)&#xD;
	at okhttp3.internal.connection.StreamAllocation.findConnection(StreamAllocation.java:257)&#xD;
	at okhttp3.internal.connection.StreamAllocation.findHealthyConnection(StreamAllocation.java:135)&#xD;
	at okhttp3.internal.connection.StreamAllocation.newStream(StreamAllocation.java:114)&#xD;
	at okhttp3.internal.connection.ConnectInterceptor.intercept(ConnectInterceptor.java:42)&#xD;
	at okhttp3.internal.http.RealInterceptorChain.proceed(RealInterceptorChain.java:147)&#xD;
	at okhttp3.internal.http.RealInterceptorChain.proceed(RealInterceptorChain.java:121)&#xD;
	at okhttp3.internal.cache.CacheInterceptor.intercept(CacheInterceptor.java:93)&#xD;
	at okhttp3.internal.http.RealInterceptorChain.proceed(RealInterceptorChain.java:147)&#xD;
	at okhttp3.internal.http.RealInterceptorChain.proceed(RealInterceptorChain.java:121)&#xD;
	at okhttp3.internal.http.BridgeInterceptor.intercept(BridgeInterceptor.java:93)&#xD;
	at okhttp3.internal.http.RealInterceptorChain.proceed(RealInterceptorChain.java:147)&#xD;
	at okhttp3.internal.http.RetryAndFollowUpInterceptor.intercept(RetryAndFollowUpInterceptor.java:126)&#xD;
	at okhttp3.internal.http.RealInterceptorChain.proceed(RealInterceptorChain.java:147)&#xD;
	at okhttp3.internal.http.RealInterceptorChain.proceed(RealInterceptorChain.java:121)&#xD;
	at okhttp3.RealCall.getResponseWithInterceptorChain(RealCall.java:200)&#xD;
	at okhttp3.RealCall.execute(RealCall.java:77)&#xD;
	at org.openqa.selenium.remote.internal.OkHttpClient.execute(OkHttpClient.java:103)&#xD;
	at org.openqa.selenium.remote.HttpCommandExecutor.execute(HttpCommandExecutor.java:155)&#xD;
	at org.openqa.selenium.remote.service.DriverCommandExecutor.execute(DriverCommandExecutor.java:83)&#xD;
	at org.openqa.selenium.remote.RemoteWebDriver.execute(RemoteWebDriver.java:552)&#xD;
	at com.kms.katalon.selenium.driver.CChromeDriver.execute(CChromeDriver.java:20)&#xD;
	at org.openqa.selenium.remote.RemoteWebDriver.findElements(RemoteWebDriver.java:353)&#xD;
	at org.openqa.selenium.remote.RemoteWebDriver.findElementsByXPath(RemoteWebDriver.java:432)&#xD;
	at org.openqa.selenium.By$ByXPath.findElements(By.java:348)&#xD;
	at org.openqa.selenium.remote.RemoteWebDriver.findElements(RemoteWebDriver.java:311)&#xD;
	at com.kms.katalon.core.webui.common.WebUiCommonHelper.findWebElements(WebUiCommonHelper.java:761)&#xD;
	at com.kms.katalon.core.webui.common.WebUiCommonHelper.findWebElement(WebUiCommonHelper.java:1093)&#xD;
	at com.kms.katalon.core.webui.common.WebUiCommonHelper$findWebElement.call(Unknown Source)&#xD;
	at platform.Method.clickOnElement(Method.groovy:32)&#xD;
	at platform.Method.invokeMethod(Method.groovy)&#xD;
	at com.kms.katalon.core.main.CustomKeywordDelegatingMetaClass.invokeStaticMethod(CustomKeywordDelegatingMetaClass.java:50)&#xD;
	at newIntentCreation_WO_TemplateKeyCreationInCuration.run(newIntentCreation_WO_TemplateKeyCreationInCuration:20)&#xD;
	... 13 more</system-err>
        </testcase>
        <testcase name="Test Cases/TASK_SSO/oneClickTestingNoCallback_Test" classname="Test Cases/TASK_SSO/oneClickTestingNoCallback_Test" status="ERROR">
            <error type="ERROR" message="Test Cases/TASK_SSO/oneClickTestingNoCallback_Test FAILED.&#xA;Reason:&#xA;org.openqa.selenium.WebDriverException: java.net.ConnectException: Failed to connect to localhost/0:0:0:0:0:0:0:1:48717&#xA;Build info: version: '3.141.59', revision: 'e82be7d358', time: '2018-11-14T08:25:53'&#xA;System info: host: 'WLPT580', ip: '192.168.29.195', os.name: 'Windows 8.1', os.arch: 'amd64', os.version: '6.3', java.version: '1.8.0_181'&#xA;Driver info: driver.version: RemoteWebDriver&#xD;&#xA;&#x9;at org.openqa.selenium.remote.service.DriverCommandExecutor.execute(DriverCommandExecutor.java:92)&#xD;&#xA;&#x9;at org.openqa.selenium.remote.RemoteWebDriver.execute(RemoteWebDriver.java:552)&#xD;&#xA;&#x9;at com.kms.katalon.selenium.driver.CChromeDriver.execute(CChromeDriver.java:20)&#xD;&#xA;&#x9;at org.openqa.selenium.remote.RemoteWebDriver.findElements(RemoteWebDriver.java:353)&#xD;&#xA;&#x9;at org.openqa.selenium.remote.RemoteWebDriver.findElementsByXPath(RemoteWebDriver.java:432)&#xD;&#xA;&#x9;at org.openqa.selenium.By$ByXPath.findElements(By.java:348)&#xD;&#xA;&#x9;at org.openqa.selenium.remote.RemoteWebDriver.findElements(RemoteWebDriver.java:311)&#xD;&#xA;&#x9;at com.kms.katalon.core.webui.common.WebUiCommonHelper.findWebElements(WebUiCommonHelper.java:761)&#xD;&#xA;&#x9;at com.kms.katalon.core.webui.common.WebUiCommonHelper.findWebElement(WebUiCommonHelper.java:1093)&#xD;&#xA;&#x9;at com.kms.katalon.core.webui.common.WebUiCommonHelper$findWebElement.call(Unknown Source)&#xD;&#xA;&#x9;at platform.Method.clickOnElement(Method.groovy:32)&#xD;&#xA;&#x9;at platform.Method.invokeMethod(Method.groovy)&#xD;&#xA;&#x9;at com.kms.katalon.core.main.CustomKeywordDelegatingMetaClass.invokeStaticMethod(CustomKeywordDelegatingMetaClass.java:50)&#xD;&#xA;&#x9;at oneClickTestingNoCallback_Test.run(oneClickTestingNoCallback_Test:17)&#xD;&#xA;&#x9;at com.kms.katalon.core.main.ScriptEngine.run(ScriptEngine.java:194)&#xD;&#xA;&#x9;at com.kms.katalon.core.main.ScriptEngine.runScriptAsRawText(ScriptEngine.java:119)&#xD;&#xA;&#x9;at com.kms.katalon.core.main.TestCaseExecutor.runScript(TestCaseExecutor.java:337)&#xD;&#xA;&#x9;at com.kms.katalon.core.main.TestCaseExecutor.doExecute(TestCaseExecutor.java:328)&#xD;&#xA;&#x9;at com.kms.katalon.core.main.TestCaseExecutor.processExecutionPhase(TestCaseExecutor.java:307)&#xD;&#xA;&#x9;at com.kms.katalon.core.main.TestCaseExecutor.accessMainPhase(TestCaseExecutor.java:299)&#xD;&#xA;&#x9;at com.kms.katalon.core.main.TestCaseExecutor.execute(TestCaseExecutor.java:233)&#xD;&#xA;&#x9;at com.kms.katalon.core.main.TestSuiteExecutor.accessTestCaseMainPhase(TestSuiteExecutor.java:169)&#xD;&#xA;&#x9;at com.kms.katalon.core.main.TestSuiteExecutor.accessTestSuiteMainPhase(TestSuiteExecutor.java:142)&#xD;&#xA;&#x9;at com.kms.katalon.core.main.TestSuiteExecutor.execute(TestSuiteExecutor.java:91)&#xD;&#xA;&#x9;at com.kms.katalon.core.main.TestCaseMain.startTestSuite(TestCaseMain.java:157)&#xD;&#xA;&#x9;at com.kms.katalon.core.main.TestCaseMain$startTestSuite$0.call(Unknown Source)&#xD;&#xA;&#x9;at TempTestSuite1604321309179.run(TempTestSuite1604321309179.groovy:35)&#xD;&#xA;Caused by: java.net.ConnectException: Failed to connect to localhost/0:0:0:0:0:0:0:1:48717&#xD;&#xA;&#x9;at okhttp3.internal.connection.RealConnection.connectSocket(RealConnection.java:247)&#xD;&#xA;&#x9;at okhttp3.internal.connection.RealConnection.connect(RealConnection.java:165)&#xD;&#xA;&#x9;at okhttp3.internal.connection.StreamAllocation.findConnection(StreamAllocation.java:257)&#xD;&#xA;&#x9;at okhttp3.internal.connection.StreamAllocation.findHealthyConnection(StreamAllocation.java:135)&#xD;&#xA;&#x9;at okhttp3.internal.connection.StreamAllocation.newStream(StreamAllocation.java:114)&#xD;&#xA;&#x9;at okhttp3.internal.connection.ConnectInterceptor.intercept(ConnectInterceptor.java:42)&#xD;&#xA;&#x9;at okhttp3.internal.http.RealInterceptorChain.proceed(RealInterceptorChain.java:147)&#xD;&#xA;&#x9;at okhttp3.internal.http.RealInterceptorChain.proceed(RealInterceptorChain.java:121)&#xD;&#xA;&#x9;at okhttp3.internal.cache.CacheInterceptor.intercept(CacheInterceptor.java:93)&#xD;&#xA;&#x9;at okhttp3.internal.http.RealInterceptorChain.proceed(RealInterceptorChain.java:147)&#xD;&#xA;&#x9;at okhttp3.internal.http.RealInterceptorChain.proceed(RealInterceptorChain.java:121)&#xD;&#xA;&#x9;at okhttp3.internal.http.BridgeInterceptor.intercept(BridgeInterceptor.java:93)&#xD;&#xA;&#x9;at okhttp3.internal.http.RealInterceptorChain.proceed(RealInterceptorChain.java:147)&#xD;&#xA;&#x9;at okhttp3.internal.http.RetryAndFollowUpInterceptor.intercept(RetryAndFollowUpInterceptor.java:126)&#xD;&#xA;&#x9;at okhttp3.internal.http.RealInterceptorChain.proceed(RealInterceptorChain.java:147)&#xD;&#xA;&#x9;at okhttp3.internal.http.RealInterceptorChain.proceed(RealInterceptorChain.java:121)&#xD;&#xA;&#x9;at okhttp3.RealCall.getResponseWithInterceptorChain(RealCall.java:200)&#xD;&#xA;&#x9;at okhttp3.RealCall.execute(RealCall.java:77)&#xD;&#xA;&#x9;at org.openqa.selenium.remote.internal.OkHttpClient.execute(OkHttpClient.java:103)&#xD;&#xA;&#x9;at org.openqa.selenium.remote.HttpCommandExecutor.execute(HttpCommandExecutor.java:155)&#xD;&#xA;&#x9;at org.openqa.selenium.remote.service.DriverCommandExecutor.execute(DriverCommandExecutor.java:83)&#xD;&#xA;&#x9;at org.openqa.selenium.remote.RemoteWebDriver.execute(RemoteWebDriver.java:552)&#xD;&#xA;&#x9;at com.kms.katalon.selenium.driver.CChromeDriver.execute(CChromeDriver.java:20)&#xD;&#xA;&#x9;at org.openqa.selenium.remote.RemoteWebDriver.findElements(RemoteWebDriver.java:353)&#xD;&#xA;&#x9;at org.openqa.selenium.remote.RemoteWebDriver.findElementsByXPath(RemoteWebDriver.java:432)&#xD;&#xA;&#x9;at org.openqa.selenium.By$ByXPath.findElements(By.java:348)&#xD;&#xA;&#x9;at org.openqa.selenium.remote.RemoteWebDriver.findElements(RemoteWebDriver.java:311)&#xD;&#xA;&#x9;at com.kms.katalon.core.webui.common.WebUiCommonHelper.findWebElements(WebUiCommonHelper.java:761)&#xD;&#xA;&#x9;at com.kms.katalon.core.webui.common.WebUiCommonHelper.findWebElement(WebUiCommonHelper.java:1093)&#xD;&#xA;&#x9;at com.kms.katalon.core.webui.common.WebUiCommonHelper$findWebElement.call(Unknown Source)&#xD;&#xA;&#x9;at platform.Method.clickOnElement(Method.groovy:32)&#xD;&#xA;&#x9;at platform.Method.invokeMethod(Method.groovy)&#xD;&#xA;&#x9;at com.kms.katalon.core.main.CustomKeywordDelegatingMetaClass.invokeStaticMethod(CustomKeywordDelegatingMetaClass.java:50)&#xD;&#xA;&#x9;at Script1598969063757.run(Script1598969063757.groovy:17)&#xD;&#xA;&#x9;... 13 more&#xD;&#xA;Caused by: java.net.ConnectException: Connection refused: connect&#xD;&#xA;&#x9;at okhttp3.internal.platform.Platform.connectSocket(Platform.java:129)&#xD;&#xA;&#x9;at okhttp3.internal.connection.RealConnection.connectSocket(RealConnection.java:245)&#xD;&#xA;&#x9;at okhttp3.internal.connection.RealConnection.connect(RealConnection.java:165)&#xD;&#xA;&#x9;at okhttp3.internal.connection.StreamAllocation.findConnection(StreamAllocation.java:257)&#xD;&#xA;&#x9;at okhttp3.internal.connection.StreamAllocation.findHealthyConnection(StreamAllocation.java:135)&#xD;&#xA;&#x9;at okhttp3.internal.connection.StreamAllocation.newStream(StreamAllocation.java:114)&#xD;&#xA;&#x9;at okhttp3.internal.connection.ConnectInterceptor.intercept(ConnectInterceptor.java:42)&#xD;&#xA;&#x9;at okhttp3.internal.http.RealInterceptorChain.proceed(RealInterceptorChain.java:147)&#xD;&#xA;&#x9;at okhttp3.internal.http.RealInterceptorChain.proceed(RealInterceptorChain.java:121)&#xD;&#xA;&#x9;at okhttp3.internal.cache.CacheInterceptor.intercept(CacheInterceptor.java:93)&#xD;&#xA;&#x9;at okhttp3.internal.http.RealInterceptorChain.proceed(RealInterceptorChain.java:147)&#xD;&#xA;&#x9;at okhttp3.internal.http.RealInterceptorChain.proceed(RealInterceptorChain.java:121)&#xD;&#xA;&#x9;at okhttp3.internal.http.BridgeInterceptor.intercept(BridgeInterceptor.java:93)&#xD;&#xA;&#x9;at okhttp3.internal.http.RealInterceptorChain.proceed(RealInterceptorChain.java:147)&#xD;&#xA;&#x9;at okhttp3.internal.http.RetryAndFollowUpInterceptor.intercept(RetryAndFollowUpInterceptor.java:126)&#xD;&#xA;&#x9;at okhttp3.internal.http.RealInterceptorChain.proceed(RealInterceptorChain.java:147)&#xD;&#xA;&#x9;at okhttp3.internal.http.RealInterceptorChain.proceed(RealInterceptorChain.java:121)&#xD;&#xA;&#x9;at okhttp3.RealCall.getResponseWithInterceptorChain(RealCall.java:200)&#xD;&#xA;&#x9;at okhttp3.RealCall.execute(RealCall.java:77)&#xD;&#xA;&#x9;at org.openqa.selenium.remote.internal.OkHttpClient.execute(OkHttpClient.java:103)&#xD;&#xA;&#x9;at org.openqa.selenium.remote.HttpCommandExecutor.execute(HttpCommandExecutor.java:155)&#xD;&#xA;&#x9;at org.openqa.selenium.remote.service.DriverCommandExecutor.execute(DriverCommandExecutor.java:83)&#xD;&#xA;&#x9;at org.openqa.selenium.remote.RemoteWebDriver.execute(RemoteWebDriver.java:552)&#xD;&#xA;&#x9;at com.kms.katalon.selenium.driver.CChromeDriver.execute(CChromeDriver.java:20)&#xD;&#xA;&#x9;at org.openqa.selenium.remote.RemoteWebDriver.findElements(RemoteWebDriver.java:353)&#xD;&#xA;&#x9;at org.openqa.selenium.remote.RemoteWebDriver.findElementsByXPath(RemoteWebDriver.java:432)&#xD;&#xA;&#x9;at org.openqa.selenium.By$ByXPath.findElements(By.java:348)&#xD;&#xA;&#x9;at org.openqa.selenium.remote.RemoteWebDriver.findElements(RemoteWebDriver.java:311)&#xD;&#xA;&#x9;at com.kms.katalon.core.webui.common.WebUiCommonHelper.findWebElements(WebUiCommonHelper.java:761)&#xD;&#xA;&#x9;at com.kms.katalon.core.webui.common.WebUiCommonHelper.findWebElement(WebUiCommonHelper.java:1093)&#xD;&#xA;&#x9;at com.kms.katalon.core.webui.common.WebUiCommonHelper$findWebElement.call(Unknown Source)&#xD;&#xA;&#x9;at platform.Method.clickOnElement(Method.groovy:32)&#xD;&#xA;&#x9;at platform.Method.invokeMethod(Method.groovy)&#xD;&#xA;&#x9;at com.kms.katalon.core.main.CustomKeywordDelegatingMetaClass.invokeStaticMethod(CustomKeywordDelegatingMetaClass.java:50)&#xD;&#xA;&#x9;at oneClickTestingNoCallback_Test.run(oneClickTestingNoCallback_Test:17)&#xD;&#xA;&#x9;... 13 more&#xD;&#xA;"/>
            <system-out>2020-11-02 18:35:55 - [TEST_CASE][ERROR] - Test Cases/TASK_SSO/oneClickTestingNoCallback_Test: Test Cases/TASK_SSO/oneClickTestingNoCallback_Test FAILED.
Reason:
org.openqa.selenium.WebDriverException: java.net.ConnectException: Failed to connect to localhost/0:0:0:0:0:0:0:1:48717
Build info: version: '3.141.59', revision: 'e82be7d358', time: '2018-11-14T08:25:53'
System info: host: 'WLPT580', ip: '192.168.29.195', os.name: 'Windows 8.1', os.arch: 'amd64', os.version: '6.3', java.version: '1.8.0_181'
Driver info: driver.version: RemoteWebDriver&#xD;
	at org.openqa.selenium.remote.service.DriverCommandExecutor.execute(DriverCommandExecutor.java:92)&#xD;
	at org.openqa.selenium.remote.RemoteWebDriver.execute(RemoteWebDriver.java:552)&#xD;
	at com.kms.katalon.selenium.driver.CChromeDriver.execute(CChromeDriver.java:20)&#xD;
	at org.openqa.selenium.remote.RemoteWebDriver.findElements(RemoteWebDriver.java:353)&#xD;
	at org.openqa.selenium.remote.RemoteWebDriver.findElementsByXPath(RemoteWebDriver.java:432)&#xD;
	at org.openqa.selenium.By$ByXPath.findElements(By.java:348)&#xD;
	at org.openqa.selenium.remote.RemoteWebDriver.findElements(RemoteWebDriver.java:311)&#xD;
	at com.kms.katalon.core.webui.common.WebUiCommonHelper.findWebElements(WebUiCommonHelper.java:761)&#xD;
	at com.kms.katalon.core.webui.common.WebUiCommonHelper.findWebElement(WebUiCommonHelper.java:1093)&#xD;
	at com.kms.katalon.core.webui.common.WebUiCommonHelper$findWebElement.call(Unknown Source)&#xD;
	at platform.Method.clickOnElement(Method.groovy:32)&#xD;
	at platform.Method.invokeMethod(Method.groovy)&#xD;
	at com.kms.katalon.core.main.CustomKeywordDelegatingMetaClass.invokeStaticMethod(CustomKeywordDelegatingMetaClass.java:50)&#xD;
	at oneClickTestingNoCallback_Test.run(oneClickTestingNoCallback_Test:17)&#xD;
	at com.kms.katalon.core.main.ScriptEngine.run(ScriptEngine.java:194)&#xD;
	at com.kms.katalon.core.main.ScriptEngine.runScriptAsRawText(ScriptEngine.java:119)&#xD;
	at com.kms.katalon.core.main.TestCaseExecutor.runScript(TestCaseExecutor.java:337)&#xD;
	at com.kms.katalon.core.main.TestCaseExecutor.doExecute(TestCaseExecutor.java:328)&#xD;
	at com.kms.katalon.core.main.TestCaseExecutor.processExecutionPhase(TestCaseExecutor.java:307)&#xD;
	at com.kms.katalon.core.main.TestCaseExecutor.accessMainPhase(TestCaseExecutor.java:299)&#xD;
	at com.kms.katalon.core.main.TestCaseExecutor.execute(TestCaseExecutor.java:233)&#xD;
	at com.kms.katalon.core.main.TestSuiteExecutor.accessTestCaseMainPhase(TestSuiteExecutor.java:169)&#xD;
	at com.kms.katalon.core.main.TestSuiteExecutor.accessTestSuiteMainPhase(TestSuiteExecutor.java:142)&#xD;
	at com.kms.katalon.core.main.TestSuiteExecutor.execute(TestSuiteExecutor.java:91)&#xD;
	at com.kms.katalon.core.main.TestCaseMain.startTestSuite(TestCaseMain.java:157)&#xD;
	at com.kms.katalon.core.main.TestCaseMain$startTestSuite$0.call(Unknown Source)&#xD;
	at TempTestSuite1604321309179.run(TempTestSuite1604321309179.groovy:35)&#xD;
Caused by: java.net.ConnectException: Failed to connect to localhost/0:0:0:0:0:0:0:1:48717&#xD;
	at okhttp3.internal.connection.RealConnection.connectSocket(RealConnection.java:247)&#xD;
	at okhttp3.internal.connection.RealConnection.connect(RealConnection.java:165)&#xD;
	at okhttp3.internal.connection.StreamAllocation.findConnection(StreamAllocation.java:257)&#xD;
	at okhttp3.internal.connection.StreamAllocation.findHealthyConnection(StreamAllocation.java:135)&#xD;
	at okhttp3.internal.connection.StreamAllocation.newStream(StreamAllocation.java:114)&#xD;
	at okhttp3.internal.connection.ConnectInterceptor.intercept(ConnectInterceptor.java:42)&#xD;
	at okhttp3.internal.http.RealInterceptorChain.proceed(RealInterceptorChain.java:147)&#xD;
	at okhttp3.internal.http.RealInterceptorChain.proceed(RealInterceptorChain.java:121)&#xD;
	at okhttp3.internal.cache.CacheInterceptor.intercept(CacheInterceptor.java:93)&#xD;
	at okhttp3.internal.http.RealInterceptorChain.proceed(RealInterceptorChain.java:147)&#xD;
	at okhttp3.internal.http.RealInterceptorChain.proceed(RealInterceptorChain.java:121)&#xD;
	at okhttp3.internal.http.BridgeInterceptor.intercept(BridgeInterceptor.java:93)&#xD;
	at okhttp3.internal.http.RealInterceptorChain.proceed(RealInterceptorChain.java:147)&#xD;
	at okhttp3.internal.http.RetryAndFollowUpInterceptor.intercept(RetryAndFollowUpInterceptor.java:126)&#xD;
	at okhttp3.internal.http.RealInterceptorChain.proceed(RealInterceptorChain.java:147)&#xD;
	at okhttp3.internal.http.RealInterceptorChain.proceed(RealInterceptorChain.java:121)&#xD;
	at okhttp3.RealCall.getResponseWithInterceptorChain(RealCall.java:200)&#xD;
	at okhttp3.RealCall.execute(RealCall.java:77)&#xD;
	at org.openqa.selenium.remote.internal.OkHttpClient.execute(OkHttpClient.java:103)&#xD;
	at org.openqa.selenium.remote.HttpCommandExecutor.execute(HttpCommandExecutor.java:155)&#xD;
	at org.openqa.selenium.remote.service.DriverCommandExecutor.execute(DriverCommandExecutor.java:83)&#xD;
	at org.openqa.selenium.remote.RemoteWebDriver.execute(RemoteWebDriver.java:552)&#xD;
	at com.kms.katalon.selenium.driver.CChromeDriver.execute(CChromeDriver.java:20)&#xD;
	at org.openqa.selenium.remote.RemoteWebDriver.findElements(RemoteWebDriver.java:353)&#xD;
	at org.openqa.selenium.remote.RemoteWebDriver.findElementsByXPath(RemoteWebDriver.java:432)&#xD;
	at org.openqa.selenium.By$ByXPath.findElements(By.java:348)&#xD;
	at org.openqa.selenium.remote.RemoteWebDriver.findElements(RemoteWebDriver.java:311)&#xD;
	at com.kms.katalon.core.webui.common.WebUiCommonHelper.findWebElements(WebUiCommonHelper.java:761)&#xD;
	at com.kms.katalon.core.webui.common.WebUiCommonHelper.findWebElement(WebUiCommonHelper.java:1093)&#xD;
	at com.kms.katalon.core.webui.common.WebUiCommonHelper$findWebElement.call(Unknown Source)&#xD;
	at platform.Method.clickOnElement(Method.groovy:32)&#xD;
	at platform.Method.invokeMethod(Method.groovy)&#xD;
	at com.kms.katalon.core.main.CustomKeywordDelegatingMetaClass.invokeStaticMethod(CustomKeywordDelegatingMetaClass.java:50)&#xD;
	at Script1598969063757.run(Script1598969063757.groovy:17)&#xD;
	... 13 more&#xD;
Caused by: java.net.ConnectException: Connection refused: connect&#xD;
	at okhttp3.internal.platform.Platform.connectSocket(Platform.java:129)&#xD;
	at okhttp3.internal.connection.RealConnection.connectSocket(RealConnection.java:245)&#xD;
	at okhttp3.internal.connection.RealConnection.connect(RealConnection.java:165)&#xD;
	at okhttp3.internal.connection.StreamAllocation.findConnection(StreamAllocation.java:257)&#xD;
	at okhttp3.internal.connection.StreamAllocation.findHealthyConnection(StreamAllocation.java:135)&#xD;
	at okhttp3.internal.connection.StreamAllocation.newStream(StreamAllocation.java:114)&#xD;
	at okhttp3.internal.connection.ConnectInterceptor.intercept(ConnectInterceptor.java:42)&#xD;
	at okhttp3.internal.http.RealInterceptorChain.proceed(RealInterceptorChain.java:147)&#xD;
	at okhttp3.internal.http.RealInterceptorChain.proceed(RealInterceptorChain.java:121)&#xD;
	at okhttp3.internal.cache.CacheInterceptor.intercept(CacheInterceptor.java:93)&#xD;
	at okhttp3.internal.http.RealInterceptorChain.proceed(RealInterceptorChain.java:147)&#xD;
	at okhttp3.internal.http.RealInterceptorChain.proceed(RealInterceptorChain.java:121)&#xD;
	at okhttp3.internal.http.BridgeInterceptor.intercept(BridgeInterceptor.java:93)&#xD;
	at okhttp3.internal.http.RealInterceptorChain.proceed(RealInterceptorChain.java:147)&#xD;
	at okhttp3.internal.http.RetryAndFollowUpInterceptor.intercept(RetryAndFollowUpInterceptor.java:126)&#xD;
	at okhttp3.internal.http.RealInterceptorChain.proceed(RealInterceptorChain.java:147)&#xD;
	at okhttp3.internal.http.RealInterceptorChain.proceed(RealInterceptorChain.java:121)&#xD;
	at okhttp3.RealCall.getResponseWithInterceptorChain(RealCall.java:200)&#xD;
	at okhttp3.RealCall.execute(RealCall.java:77)&#xD;
	at org.openqa.selenium.remote.internal.OkHttpClient.execute(OkHttpClient.java:103)&#xD;
	at org.openqa.selenium.remote.HttpCommandExecutor.execute(HttpCommandExecutor.java:155)&#xD;
	at org.openqa.selenium.remote.service.DriverCommandExecutor.execute(DriverCommandExecutor.java:83)&#xD;
	at org.openqa.selenium.remote.RemoteWebDriver.execute(RemoteWebDriver.java:552)&#xD;
	at com.kms.katalon.selenium.driver.CChromeDriver.execute(CChromeDriver.java:20)&#xD;
	at org.openqa.selenium.remote.RemoteWebDriver.findElements(RemoteWebDriver.java:353)&#xD;
	at org.openqa.selenium.remote.RemoteWebDriver.findElementsByXPath(RemoteWebDriver.java:432)&#xD;
	at org.openqa.selenium.By$ByXPath.findElements(By.java:348)&#xD;
	at org.openqa.selenium.remote.RemoteWebDriver.findElements(RemoteWebDriver.java:311)&#xD;
	at com.kms.katalon.core.webui.common.WebUiCommonHelper.findWebElements(WebUiCommonHelper.java:761)&#xD;
	at com.kms.katalon.core.webui.common.WebUiCommonHelper.findWebElement(WebUiCommonHelper.java:1093)&#xD;
	at com.kms.katalon.core.webui.common.WebUiCommonHelper$findWebElement.call(Unknown Source)&#xD;
	at platform.Method.clickOnElement(Method.groovy:32)&#xD;
	at platform.Method.invokeMethod(Method.groovy)&#xD;
	at com.kms.katalon.core.main.CustomKeywordDelegatingMetaClass.invokeStaticMethod(CustomKeywordDelegatingMetaClass.java:50)&#xD;
	at oneClickTestingNoCallback_Test.run(oneClickTestingNoCallback_Test:17)&#xD;
	... 13 more&#xD;
&#xD;
&#xD;
2020-11-02 18:35:55 - [TEST_STEP][PASSED] - waitForElementPresent(findTestObject("Generic/oneClickTest"), 30, OPTIONAL): Unable to wait for object 'Object Repository/Generic/oneClickTest' to be present (Root cause: com.kms.katalon.core.exception.StepFailedException: Unable to wait for object 'Object Repository/Generic/oneClickTest' to be present&#xD;
	at com.kms.katalon.core.webui.keyword.internal.WebUIKeywordMain.stepFailed(WebUIKeywordMain.groovy:64)&#xD;
	at com.kms.katalon.core.webui.keyword.internal.WebUIKeywordMain.runKeyword(WebUIKeywordMain.groovy:26)&#xD;
	at com.kms.katalon.core.webui.keyword.builtin.WaitForElementPresentKeyword.waitForElementPresent(WaitForElementPresentKeyword.groovy:95)&#xD;
	at com.kms.katalon.core.webui.keyword.builtin.WaitForElementPresentKeyword.execute(WaitForElementPresentKeyword.groovy:68)&#xD;
	at com.kms.katalon.core.keyword.internal.KeywordExecutor.executeKeywordForPlatform(KeywordExecutor.groovy:56)&#xD;
	at com.kms.katalon.core.webui.keyword.WebUiBuiltInKeywords.waitForElementPresent(WebUiBuiltInKeywords.groovy:327)&#xD;
	at com.kms.katalon.core.webui.keyword.WebUiBuiltInKeywords$waitForElementPresent$3.call(Unknown Source)&#xD;
	at oneClickTestingNoCallback_Test.run(oneClickTestingNoCallback_Test:15)&#xD;
	at com.kms.katalon.core.main.ScriptEngine.run(ScriptEngine.java:194)&#xD;
	at com.kms.katalon.core.main.ScriptEngine.runScriptAsRawText(ScriptEngine.java:119)&#xD;
	at com.kms.katalon.core.main.TestCaseExecutor.runScript(TestCaseExecutor.java:337)&#xD;
	at com.kms.katalon.core.main.TestCaseExecutor.doExecute(TestCaseExecutor.java:328)&#xD;
	at com.kms.katalon.core.main.TestCaseExecutor.processExecutionPhase(TestCaseExecutor.java:307)&#xD;
	at com.kms.katalon.core.main.TestCaseExecutor.accessMainPhase(TestCaseExecutor.java:299)&#xD;
	at com.kms.katalon.core.main.TestCaseExecutor.execute(TestCaseExecutor.java:233)&#xD;
	at com.kms.katalon.core.main.TestSuiteExecutor.accessTestCaseMainPhase(TestSuiteExecutor.java:169)&#xD;
	at com.kms.katalon.core.main.TestSuiteExecutor.accessTestSuiteMainPhase(TestSuiteExecutor.java:142)&#xD;
	at com.kms.katalon.core.main.TestSuiteExecutor.execute(TestSuiteExecutor.java:91)&#xD;
	at com.kms.katalon.core.main.TestCaseMain.startTestSuite(TestCaseMain.java:157)&#xD;
	at com.kms.katalon.core.main.TestCaseMain$startTestSuite$0.call(Unknown Source)&#xD;
	at TempTestSuite1604321309179.run(TempTestSuite1604321309179.groovy:35)&#xD;
Caused by: org.openqa.selenium.WebDriverException: java.net.ConnectException: Failed to connect to localhost/0:0:0:0:0:0:0:1:48717
Build info: version: '3.141.59', revision: 'e82be7d358', time: '2018-11-14T08:25:53'
System info: host: 'WLPT580', ip: '192.168.29.195', os.name: 'Windows 8.1', os.arch: 'amd64', os.version: '6.3', java.version: '1.8.0_181'
Driver info: driver.version: RemoteWebDriver&#xD;
	at org.openqa.selenium.remote.service.DriverCommandExecutor.execute(DriverCommandExecutor.java:92)&#xD;
	at org.openqa.selenium.remote.RemoteWebDriver.execute(RemoteWebDriver.java:552)&#xD;
	at com.kms.katalon.selenium.driver.CChromeDriver.execute(CChromeDriver.java:20)&#xD;
	at org.openqa.selenium.remote.RemoteWebDriver.findElements(RemoteWebDriver.java:353)&#xD;
	at org.openqa.selenium.remote.RemoteWebDriver.findElementsByXPath(RemoteWebDriver.java:432)&#xD;
	at org.openqa.selenium.By$ByXPath.findElements(By.java:348)&#xD;
	at org.openqa.selenium.remote.RemoteWebDriver.findElements(RemoteWebDriver.java:311)&#xD;
	at com.kms.katalon.core.webui.common.WebUiCommonHelper.findWebElements(WebUiCommonHelper.java:761)&#xD;
	at com.kms.katalon.core.webui.common.WebUiCommonHelper.findWebElement(WebUiCommonHelper.java:1093)&#xD;
	at com.kms.katalon.core.webui.keyword.internal.WebUIAbstractKeyword.findWebElement(WebUIAbstractKeyword.groovy:27)&#xD;
	at com.kms.katalon.core.webui.keyword.builtin.WaitForElementPresentKeyword$_waitForElementPresent_closure1.doCall(WaitForElementPresentKeyword.groovy:81)&#xD;
	at com.kms.katalon.core.webui.keyword.builtin.WaitForElementPresentKeyword$_waitForElementPresent_closure1.call(WaitForElementPresentKeyword.groovy)&#xD;
	at com.kms.katalon.core.webui.keyword.internal.WebUIKeywordMain.runKeyword(WebUIKeywordMain.groovy:20)&#xD;
	at com.kms.katalon.core.webui.keyword.builtin.WaitForElementPresentKeyword.waitForElementPresent(WaitForElementPresentKeyword.groovy:95)&#xD;
	at com.kms.katalon.core.webui.keyword.builtin.WaitForElementPresentKeyword.execute(WaitForElementPresentKeyword.groovy:68)&#xD;
	at com.kms.katalon.core.keyword.internal.KeywordExecutor.executeKeywordForPlatform(KeywordExecutor.groovy:56)&#xD;
	at com.kms.katalon.core.webui.keyword.WebUiBuiltInKeywords.waitForElementPresent(WebUiBuiltInKeywords.groovy:327)&#xD;
	at com.kms.katalon.core.webui.keyword.WebUiBuiltInKeywords$waitForElementPresent$3.call(Unknown Source)&#xD;
	at Script1598969063757.run(Script1598969063757.groovy:15)&#xD;
	... 13 more&#xD;
Caused by: java.net.ConnectException: Failed to connect to localhost/0:0:0:0:0:0:0:1:48717&#xD;
	at okhttp3.internal.connection.RealConnection.connectSocket(RealConnection.java:247)&#xD;
	at okhttp3.internal.connection.RealConnection.connect(RealConnection.java:165)&#xD;
	at okhttp3.internal.connection.StreamAllocation.findConnection(StreamAllocation.java:257)&#xD;
	at okhttp3.internal.connection.StreamAllocation.findHealthyConnection(StreamAllocation.java:135)&#xD;
	at okhttp3.internal.connection.StreamAllocation.newStream(StreamAllocation.java:114)&#xD;
	at okhttp3.internal.connection.ConnectInterceptor.intercept(ConnectInterceptor.java:42)&#xD;
	at okhttp3.internal.http.RealInterceptorChain.proceed(RealInterceptorChain.java:147)&#xD;
	at okhttp3.internal.http.RealInterceptorChain.proceed(RealInterceptorChain.java:121)&#xD;
	at okhttp3.internal.cache.CacheInterceptor.intercept(CacheInterceptor.java:93)&#xD;
	at okhttp3.internal.http.RealInterceptorChain.proceed(RealInterceptorChain.java:147)&#xD;
	at okhttp3.internal.http.RealInterceptorChain.proceed(RealInterceptorChain.java:121)&#xD;
	at okhttp3.internal.http.BridgeInterceptor.intercept(BridgeInterceptor.java:93)&#xD;
	at okhttp3.internal.http.RealInterceptorChain.proceed(RealInterceptorChain.java:147)&#xD;
	at okhttp3.internal.http.RetryAndFollowUpInterceptor.intercept(RetryAndFollowUpInterceptor.java:126)&#xD;
	at okhttp3.internal.http.RealInterceptorChain.proceed(RealInterceptorChain.java:147)&#xD;
	at okhttp3.internal.http.RealInterceptorChain.proceed(RealInterceptorChain.java:121)&#xD;
	at okhttp3.RealCall.getResponseWithInterceptorChain(RealCall.java:200)&#xD;
	at okhttp3.RealCall.execute(RealCall.java:77)&#xD;
	at org.openqa.selenium.remote.internal.OkHttpClient.execute(OkHttpClient.java:103)&#xD;
	at org.openqa.selenium.remote.HttpCommandExecutor.execute(HttpCommandExecutor.java:155)&#xD;
	at org.openqa.selenium.remote.service.DriverCommandExecutor.execute(DriverCommandExecutor.java:83)&#xD;
	... 31 more&#xD;
Caused by: java.net.ConnectException: Connection refused: connect&#xD;
	at okhttp3.internal.platform.Platform.connectSocket(Platform.java:129)&#xD;
	at okhttp3.internal.connection.RealConnection.connectSocket(RealConnection.java:245)&#xD;
	... 51 more&#xD;
)&#xD;
&#xD;
2020-11-02 18:36:02 - [MESSAGE][WARNING] - Cannot take screenshot&#xD;
&#xD;
2020-11-02 18:36:02 - [MESSAGE][WARNING] - Unable to wait for object 'Object Repository/Generic/oneClickTest' to be present (Root cause: com.kms.katalon.core.exception.StepFailedException: Unable to wait for object 'Object Repository/Generic/oneClickTest' to be present&#xD;
	at com.kms.katalon.core.webui.keyword.internal.WebUIKeywordMain.stepFailed(WebUIKeywordMain.groovy:64)&#xD;
	at com.kms.katalon.core.webui.keyword.internal.WebUIKeywordMain.runKeyword(WebUIKeywordMain.groovy:26)&#xD;
	at com.kms.katalon.core.webui.keyword.builtin.WaitForElementPresentKeyword.waitForElementPresent(WaitForElementPresentKeyword.groovy:95)&#xD;
	at com.kms.katalon.core.webui.keyword.builtin.WaitForElementPresentKeyword.execute(WaitForElementPresentKeyword.groovy:68)&#xD;
	at com.kms.katalon.core.keyword.internal.KeywordExecutor.executeKeywordForPlatform(KeywordExecutor.groovy:56)&#xD;
	at com.kms.katalon.core.webui.keyword.WebUiBuiltInKeywords.waitForElementPresent(WebUiBuiltInKeywords.groovy:327)&#xD;
	at com.kms.katalon.core.webui.keyword.WebUiBuiltInKeywords$waitForElementPresent$3.call(Unknown Source)&#xD;
	at oneClickTestingNoCallback_Test.run(oneClickTestingNoCallback_Test:15)&#xD;
	at com.kms.katalon.core.main.ScriptEngine.run(ScriptEngine.java:194)&#xD;
	at com.kms.katalon.core.main.ScriptEngine.runScriptAsRawText(ScriptEngine.java:119)&#xD;
	at com.kms.katalon.core.main.TestCaseExecutor.runScript(TestCaseExecutor.java:337)&#xD;
	at com.kms.katalon.core.main.TestCaseExecutor.doExecute(TestCaseExecutor.java:328)&#xD;
	at com.kms.katalon.core.main.TestCaseExecutor.processExecutionPhase(TestCaseExecutor.java:307)&#xD;
	at com.kms.katalon.core.main.TestCaseExecutor.accessMainPhase(TestCaseExecutor.java:299)&#xD;
	at com.kms.katalon.core.main.TestCaseExecutor.execute(TestCaseExecutor.java:233)&#xD;
	at com.kms.katalon.core.main.TestSuiteExecutor.accessTestCaseMainPhase(TestSuiteExecutor.java:169)&#xD;
	at com.kms.katalon.core.main.TestSuiteExecutor.accessTestSuiteMainPhase(TestSuiteExecutor.java:142)&#xD;
	at com.kms.katalon.core.main.TestSuiteExecutor.execute(TestSuiteExecutor.java:91)&#xD;
	at com.kms.katalon.core.main.TestCaseMain.startTestSuite(TestCaseMain.java:157)&#xD;
	at com.kms.katalon.core.main.TestCaseMain$startTestSuite$0.call(Unknown Source)&#xD;
	at TempTestSuite1604321309179.run(TempTestSuite1604321309179.groovy:35)&#xD;
Caused by: org.openqa.selenium.WebDriverException: java.net.ConnectException: Failed to connect to localhost/0:0:0:0:0:0:0:1:48717
Build info: version: '3.141.59', revision: 'e82be7d358', time: '2018-11-14T08:25:53'
System info: host: 'WLPT580', ip: '192.168.29.195', os.name: 'Windows 8.1', os.arch: 'amd64', os.version: '6.3', java.version: '1.8.0_181'
Driver info: driver.version: RemoteWebDriver&#xD;
	at org.openqa.selenium.remote.service.DriverCommandExecutor.execute(DriverCommandExecutor.java:92)&#xD;
	at org.openqa.selenium.remote.RemoteWebDriver.execute(RemoteWebDriver.java:552)&#xD;
	at com.kms.katalon.selenium.driver.CChromeDriver.execute(CChromeDriver.java:20)&#xD;
	at org.openqa.selenium.remote.RemoteWebDriver.findElements(RemoteWebDriver.java:353)&#xD;
	at org.openqa.selenium.remote.RemoteWebDriver.findElementsByXPath(RemoteWebDriver.java:432)&#xD;
	at org.openqa.selenium.By$ByXPath.findElements(By.java:348)&#xD;
	at org.openqa.selenium.remote.RemoteWebDriver.findElements(RemoteWebDriver.java:311)&#xD;
	at com.kms.katalon.core.webui.common.WebUiCommonHelper.findWebElements(WebUiCommonHelper.java:761)&#xD;
	at com.kms.katalon.core.webui.common.WebUiCommonHelper.findWebElement(WebUiCommonHelper.java:1093)&#xD;
	at com.kms.katalon.core.webui.keyword.internal.WebUIAbstractKeyword.findWebElement(WebUIAbstractKeyword.groovy:27)&#xD;
	at com.kms.katalon.core.webui.keyword.builtin.WaitForElementPresentKeyword$_waitForElementPresent_closure1.doCall(WaitForElementPresentKeyword.groovy:81)&#xD;
	at com.kms.katalon.core.webui.keyword.builtin.WaitForElementPresentKeyword$_waitForElementPresent_closure1.call(WaitForElementPresentKeyword.groovy)&#xD;
	at com.kms.katalon.core.webui.keyword.internal.WebUIKeywordMain.runKeyword(WebUIKeywordMain.groovy:20)&#xD;
	at com.kms.katalon.core.webui.keyword.builtin.WaitForElementPresentKeyword.waitForElementPresent(WaitForElementPresentKeyword.groovy:95)&#xD;
	at com.kms.katalon.core.webui.keyword.builtin.WaitForElementPresentKeyword.execute(WaitForElementPresentKeyword.groovy:68)&#xD;
	at com.kms.katalon.core.keyword.internal.KeywordExecutor.executeKeywordForPlatform(KeywordExecutor.groovy:56)&#xD;
	at com.kms.katalon.core.webui.keyword.WebUiBuiltInKeywords.waitForElementPresent(WebUiBuiltInKeywords.groovy:327)&#xD;
	at com.kms.katalon.core.webui.keyword.WebUiBuiltInKeywords$waitForElementPresent$3.call(Unknown Source)&#xD;
	at Script1598969063757.run(Script1598969063757.groovy:15)&#xD;
	... 13 more&#xD;
Caused by: java.net.ConnectException: Failed to connect to localhost/0:0:0:0:0:0:0:1:48717&#xD;
	at okhttp3.internal.connection.RealConnection.connectSocket(RealConnection.java:247)&#xD;
	at okhttp3.internal.connection.RealConnection.connect(RealConnection.java:165)&#xD;
	at okhttp3.internal.connection.StreamAllocation.findConnection(StreamAllocation.java:257)&#xD;
	at okhttp3.internal.connection.StreamAllocation.findHealthyConnection(StreamAllocation.java:135)&#xD;
	at okhttp3.internal.connection.StreamAllocation.newStream(StreamAllocation.java:114)&#xD;
	at okhttp3.internal.connection.ConnectInterceptor.intercept(ConnectInterceptor.java:42)&#xD;
	at okhttp3.internal.http.RealInterceptorChain.proceed(RealInterceptorChain.java:147)&#xD;
	at okhttp3.internal.http.RealInterceptorChain.proceed(RealInterceptorChain.java:121)&#xD;
	at okhttp3.internal.cache.CacheInterceptor.intercept(CacheInterceptor.java:93)&#xD;
	at okhttp3.internal.http.RealInterceptorChain.proceed(RealInterceptorChain.java:147)&#xD;
	at okhttp3.internal.http.RealInterceptorChain.proceed(RealInterceptorChain.java:121)&#xD;
	at okhttp3.internal.http.BridgeInterceptor.intercept(BridgeInterceptor.java:93)&#xD;
	at okhttp3.internal.http.RealInterceptorChain.proceed(RealInterceptorChain.java:147)&#xD;
	at okhttp3.internal.http.RetryAndFollowUpInterceptor.intercept(RetryAndFollowUpInterceptor.java:126)&#xD;
	at okhttp3.internal.http.RealInterceptorChain.proceed(RealInterceptorChain.java:147)&#xD;
	at okhttp3.internal.http.RealInterceptorChain.proceed(RealInterceptorChain.java:121)&#xD;
	at okhttp3.RealCall.getResponseWithInterceptorChain(RealCall.java:200)&#xD;
	at okhttp3.RealCall.execute(RealCall.java:77)&#xD;
	at org.openqa.selenium.remote.internal.OkHttpClient.execute(OkHttpClient.java:103)&#xD;
	at org.openqa.selenium.remote.HttpCommandExecutor.execute(HttpCommandExecutor.java:155)&#xD;
	at org.openqa.selenium.remote.service.DriverCommandExecutor.execute(DriverCommandExecutor.java:83)&#xD;
	... 31 more&#xD;
Caused by: java.net.ConnectException: Connection refused: connect&#xD;
	at okhttp3.internal.platform.Platform.connectSocket(Platform.java:129)&#xD;
	at okhttp3.internal.connection.RealConnection.connectSocket(RealConnection.java:245)&#xD;
	... 51 more&#xD;
)&#xD;
&#xD;
2020-11-02 18:36:02 - [TEST_STEP][ERROR] - platform.Method.clickOnElement(findTestObject("Generic/oneClickTest")): java.net.ConnectException: Failed to connect to localhost/0:0:0:0:0:0:0:1:48717
Build info: version: '3.141.59', revision: 'e82be7d358', time: '2018-11-14T08:25:53'
System info: host: 'WLPT580', ip: '192.168.29.195', os.name: 'Windows 8.1', os.arch: 'amd64', os.version: '6.3', java.version: '1.8.0_181'
Driver info: driver.version: RemoteWebDriver&#xD;
&#xD;
2020-11-02 18:36:05 - [MESSAGE][ERROR] - java.net.ConnectException: Failed to connect to localhost/0:0:0:0:0:0:0:1:48717
Build info: version: '3.141.59', revision: 'e82be7d358', time: '2018-11-14T08:25:53'
System info: host: 'WLPT580', ip: '192.168.29.195', os.name: 'Windows 8.1', os.arch: 'amd64', os.version: '6.3', java.version: '1.8.0_181'
Driver info: driver.version: RemoteWebDriver</system-out>
            <system-err>2020-11-02 18:35:55 - [TEST_CASE][ERROR] - Test Cases/TASK_SSO/oneClickTestingNoCallback_Test: Test Cases/TASK_SSO/oneClickTestingNoCallback_Test FAILED.
Reason:
org.openqa.selenium.WebDriverException: java.net.ConnectException: Failed to connect to localhost/0:0:0:0:0:0:0:1:48717
Build info: version: '3.141.59', revision: 'e82be7d358', time: '2018-11-14T08:25:53'
System info: host: 'WLPT580', ip: '192.168.29.195', os.name: 'Windows 8.1', os.arch: 'amd64', os.version: '6.3', java.version: '1.8.0_181'
Driver info: driver.version: RemoteWebDriver&#xD;
	at org.openqa.selenium.remote.service.DriverCommandExecutor.execute(DriverCommandExecutor.java:92)&#xD;
	at org.openqa.selenium.remote.RemoteWebDriver.execute(RemoteWebDriver.java:552)&#xD;
	at com.kms.katalon.selenium.driver.CChromeDriver.execute(CChromeDriver.java:20)&#xD;
	at org.openqa.selenium.remote.RemoteWebDriver.findElements(RemoteWebDriver.java:353)&#xD;
	at org.openqa.selenium.remote.RemoteWebDriver.findElementsByXPath(RemoteWebDriver.java:432)&#xD;
	at org.openqa.selenium.By$ByXPath.findElements(By.java:348)&#xD;
	at org.openqa.selenium.remote.RemoteWebDriver.findElements(RemoteWebDriver.java:311)&#xD;
	at com.kms.katalon.core.webui.common.WebUiCommonHelper.findWebElements(WebUiCommonHelper.java:761)&#xD;
	at com.kms.katalon.core.webui.common.WebUiCommonHelper.findWebElement(WebUiCommonHelper.java:1093)&#xD;
	at com.kms.katalon.core.webui.common.WebUiCommonHelper$findWebElement.call(Unknown Source)&#xD;
	at platform.Method.clickOnElement(Method.groovy:32)&#xD;
	at platform.Method.invokeMethod(Method.groovy)&#xD;
	at com.kms.katalon.core.main.CustomKeywordDelegatingMetaClass.invokeStaticMethod(CustomKeywordDelegatingMetaClass.java:50)&#xD;
	at oneClickTestingNoCallback_Test.run(oneClickTestingNoCallback_Test:17)&#xD;
	at com.kms.katalon.core.main.ScriptEngine.run(ScriptEngine.java:194)&#xD;
	at com.kms.katalon.core.main.ScriptEngine.runScriptAsRawText(ScriptEngine.java:119)&#xD;
	at com.kms.katalon.core.main.TestCaseExecutor.runScript(TestCaseExecutor.java:337)&#xD;
	at com.kms.katalon.core.main.TestCaseExecutor.doExecute(TestCaseExecutor.java:328)&#xD;
	at com.kms.katalon.core.main.TestCaseExecutor.processExecutionPhase(TestCaseExecutor.java:307)&#xD;
	at com.kms.katalon.core.main.TestCaseExecutor.accessMainPhase(TestCaseExecutor.java:299)&#xD;
	at com.kms.katalon.core.main.TestCaseExecutor.execute(TestCaseExecutor.java:233)&#xD;
	at com.kms.katalon.core.main.TestSuiteExecutor.accessTestCaseMainPhase(TestSuiteExecutor.java:169)&#xD;
	at com.kms.katalon.core.main.TestSuiteExecutor.accessTestSuiteMainPhase(TestSuiteExecutor.java:142)&#xD;
	at com.kms.katalon.core.main.TestSuiteExecutor.execute(TestSuiteExecutor.java:91)&#xD;
	at com.kms.katalon.core.main.TestCaseMain.startTestSuite(TestCaseMain.java:157)&#xD;
	at com.kms.katalon.core.main.TestCaseMain$startTestSuite$0.call(Unknown Source)&#xD;
	at TempTestSuite1604321309179.run(TempTestSuite1604321309179.groovy:35)&#xD;
Caused by: java.net.ConnectException: Failed to connect to localhost/0:0:0:0:0:0:0:1:48717&#xD;
	at okhttp3.internal.connection.RealConnection.connectSocket(RealConnection.java:247)&#xD;
	at okhttp3.internal.connection.RealConnection.connect(RealConnection.java:165)&#xD;
	at okhttp3.internal.connection.StreamAllocation.findConnection(StreamAllocation.java:257)&#xD;
	at okhttp3.internal.connection.StreamAllocation.findHealthyConnection(StreamAllocation.java:135)&#xD;
	at okhttp3.internal.connection.StreamAllocation.newStream(StreamAllocation.java:114)&#xD;
	at okhttp3.internal.connection.ConnectInterceptor.intercept(ConnectInterceptor.java:42)&#xD;
	at okhttp3.internal.http.RealInterceptorChain.proceed(RealInterceptorChain.java:147)&#xD;
	at okhttp3.internal.http.RealInterceptorChain.proceed(RealInterceptorChain.java:121)&#xD;
	at okhttp3.internal.cache.CacheInterceptor.intercept(CacheInterceptor.java:93)&#xD;
	at okhttp3.internal.http.RealInterceptorChain.proceed(RealInterceptorChain.java:147)&#xD;
	at okhttp3.internal.http.RealInterceptorChain.proceed(RealInterceptorChain.java:121)&#xD;
	at okhttp3.internal.http.BridgeInterceptor.intercept(BridgeInterceptor.java:93)&#xD;
	at okhttp3.internal.http.RealInterceptorChain.proceed(RealInterceptorChain.java:147)&#xD;
	at okhttp3.internal.http.RetryAndFollowUpInterceptor.intercept(RetryAndFollowUpInterceptor.java:126)&#xD;
	at okhttp3.internal.http.RealInterceptorChain.proceed(RealInterceptorChain.java:147)&#xD;
	at okhttp3.internal.http.RealInterceptorChain.proceed(RealInterceptorChain.java:121)&#xD;
	at okhttp3.RealCall.getResponseWithInterceptorChain(RealCall.java:200)&#xD;
	at okhttp3.RealCall.execute(RealCall.java:77)&#xD;
	at org.openqa.selenium.remote.internal.OkHttpClient.execute(OkHttpClient.java:103)&#xD;
	at org.openqa.selenium.remote.HttpCommandExecutor.execute(HttpCommandExecutor.java:155)&#xD;
	at org.openqa.selenium.remote.service.DriverCommandExecutor.execute(DriverCommandExecutor.java:83)&#xD;
	at org.openqa.selenium.remote.RemoteWebDriver.execute(RemoteWebDriver.java:552)&#xD;
	at com.kms.katalon.selenium.driver.CChromeDriver.execute(CChromeDriver.java:20)&#xD;
	at org.openqa.selenium.remote.RemoteWebDriver.findElements(RemoteWebDriver.java:353)&#xD;
	at org.openqa.selenium.remote.RemoteWebDriver.findElementsByXPath(RemoteWebDriver.java:432)&#xD;
	at org.openqa.selenium.By$ByXPath.findElements(By.java:348)&#xD;
	at org.openqa.selenium.remote.RemoteWebDriver.findElements(RemoteWebDriver.java:311)&#xD;
	at com.kms.katalon.core.webui.common.WebUiCommonHelper.findWebElements(WebUiCommonHelper.java:761)&#xD;
	at com.kms.katalon.core.webui.common.WebUiCommonHelper.findWebElement(WebUiCommonHelper.java:1093)&#xD;
	at com.kms.katalon.core.webui.common.WebUiCommonHelper$findWebElement.call(Unknown Source)&#xD;
	at platform.Method.clickOnElement(Method.groovy:32)&#xD;
	at platform.Method.invokeMethod(Method.groovy)&#xD;
	at com.kms.katalon.core.main.CustomKeywordDelegatingMetaClass.invokeStaticMethod(CustomKeywordDelegatingMetaClass.java:50)&#xD;
	at Script1598969063757.run(Script1598969063757.groovy:17)&#xD;
	... 13 more&#xD;
Caused by: java.net.ConnectException: Connection refused: connect&#xD;
	at okhttp3.internal.platform.Platform.connectSocket(Platform.java:129)&#xD;
	at okhttp3.internal.connection.RealConnection.connectSocket(RealConnection.java:245)&#xD;
	at okhttp3.internal.connection.RealConnection.connect(RealConnection.java:165)&#xD;
	at okhttp3.internal.connection.StreamAllocation.findConnection(StreamAllocation.java:257)&#xD;
	at okhttp3.internal.connection.StreamAllocation.findHealthyConnection(StreamAllocation.java:135)&#xD;
	at okhttp3.internal.connection.StreamAllocation.newStream(StreamAllocation.java:114)&#xD;
	at okhttp3.internal.connection.ConnectInterceptor.intercept(ConnectInterceptor.java:42)&#xD;
	at okhttp3.internal.http.RealInterceptorChain.proceed(RealInterceptorChain.java:147)&#xD;
	at okhttp3.internal.http.RealInterceptorChain.proceed(RealInterceptorChain.java:121)&#xD;
	at okhttp3.internal.cache.CacheInterceptor.intercept(CacheInterceptor.java:93)&#xD;
	at okhttp3.internal.http.RealInterceptorChain.proceed(RealInterceptorChain.java:147)&#xD;
	at okhttp3.internal.http.RealInterceptorChain.proceed(RealInterceptorChain.java:121)&#xD;
	at okhttp3.internal.http.BridgeInterceptor.intercept(BridgeInterceptor.java:93)&#xD;
	at okhttp3.internal.http.RealInterceptorChain.proceed(RealInterceptorChain.java:147)&#xD;
	at okhttp3.internal.http.RetryAndFollowUpInterceptor.intercept(RetryAndFollowUpInterceptor.java:126)&#xD;
	at okhttp3.internal.http.RealInterceptorChain.proceed(RealInterceptorChain.java:147)&#xD;
	at okhttp3.internal.http.RealInterceptorChain.proceed(RealInterceptorChain.java:121)&#xD;
	at okhttp3.RealCall.getResponseWithInterceptorChain(RealCall.java:200)&#xD;
	at okhttp3.RealCall.execute(RealCall.java:77)&#xD;
	at org.openqa.selenium.remote.internal.OkHttpClient.execute(OkHttpClient.java:103)&#xD;
	at org.openqa.selenium.remote.HttpCommandExecutor.execute(HttpCommandExecutor.java:155)&#xD;
	at org.openqa.selenium.remote.service.DriverCommandExecutor.execute(DriverCommandExecutor.java:83)&#xD;
	at org.openqa.selenium.remote.RemoteWebDriver.execute(RemoteWebDriver.java:552)&#xD;
	at com.kms.katalon.selenium.driver.CChromeDriver.execute(CChromeDriver.java:20)&#xD;
	at org.openqa.selenium.remote.RemoteWebDriver.findElements(RemoteWebDriver.java:353)&#xD;
	at org.openqa.selenium.remote.RemoteWebDriver.findElementsByXPath(RemoteWebDriver.java:432)&#xD;
	at org.openqa.selenium.By$ByXPath.findElements(By.java:348)&#xD;
	at org.openqa.selenium.remote.RemoteWebDriver.findElements(RemoteWebDriver.java:311)&#xD;
	at com.kms.katalon.core.webui.common.WebUiCommonHelper.findWebElements(WebUiCommonHelper.java:761)&#xD;
	at com.kms.katalon.core.webui.common.WebUiCommonHelper.findWebElement(WebUiCommonHelper.java:1093)&#xD;
	at com.kms.katalon.core.webui.common.WebUiCommonHelper$findWebElement.call(Unknown Source)&#xD;
	at platform.Method.clickOnElement(Method.groovy:32)&#xD;
	at platform.Method.invokeMethod(Method.groovy)&#xD;
	at com.kms.katalon.core.main.CustomKeywordDelegatingMetaClass.invokeStaticMethod(CustomKeywordDelegatingMetaClass.java:50)&#xD;
	at oneClickTestingNoCallback_Test.run(oneClickTestingNoCallback_Test:17)&#xD;
	... 13 more</system-err>
        </testcase>
        <testcase name="Test Cases/TASK_SSO/agentHandover_Test" classname="Test Cases/TASK_SSO/agentHandover_Test" status="ERROR">
            <error type="ERROR" message="Test Cases/TASK_SSO/agentHandover_Test FAILED.&#xA;Reason:&#xA;org.openqa.selenium.WebDriverException: java.net.ConnectException: Failed to connect to localhost/0:0:0:0:0:0:0:1:48717&#xA;Build info: version: '3.141.59', revision: 'e82be7d358', time: '2018-11-14T08:25:53'&#xA;System info: host: 'WLPT580', ip: '192.168.29.195', os.name: 'Windows 8.1', os.arch: 'amd64', os.version: '6.3', java.version: '1.8.0_181'&#xA;Driver info: driver.version: RemoteWebDriver&#xD;&#xA;&#x9;at org.openqa.selenium.remote.service.DriverCommandExecutor.execute(DriverCommandExecutor.java:92)&#xD;&#xA;&#x9;at org.openqa.selenium.remote.RemoteWebDriver.execute(RemoteWebDriver.java:552)&#xD;&#xA;&#x9;at com.kms.katalon.selenium.driver.CChromeDriver.execute(CChromeDriver.java:20)&#xD;&#xA;&#x9;at org.openqa.selenium.remote.RemoteWebDriver.findElements(RemoteWebDriver.java:353)&#xD;&#xA;&#x9;at org.openqa.selenium.remote.RemoteWebDriver.findElementsByXPath(RemoteWebDriver.java:432)&#xD;&#xA;&#x9;at org.openqa.selenium.By$ByXPath.findElements(By.java:348)&#xD;&#xA;&#x9;at org.openqa.selenium.remote.RemoteWebDriver.findElements(RemoteWebDriver.java:311)&#xD;&#xA;&#x9;at com.kms.katalon.core.webui.common.WebUiCommonHelper.findWebElements(WebUiCommonHelper.java:761)&#xD;&#xA;&#x9;at com.kms.katalon.core.webui.common.WebUiCommonHelper.findWebElement(WebUiCommonHelper.java:1093)&#xD;&#xA;&#x9;at com.kms.katalon.core.webui.common.WebUiCommonHelper$findWebElement.call(Unknown Source)&#xD;&#xA;&#x9;at platform.Method.clickOnElement(Method.groovy:32)&#xD;&#xA;&#x9;at platform.Method.invokeMethod(Method.groovy)&#xD;&#xA;&#x9;at com.kms.katalon.core.main.CustomKeywordDelegatingMetaClass.invokeStaticMethod(CustomKeywordDelegatingMetaClass.java:50)&#xD;&#xA;&#x9;at agentHandover_Test.run(agentHandover_Test:14)&#xD;&#xA;&#x9;at com.kms.katalon.core.main.ScriptEngine.run(ScriptEngine.java:194)&#xD;&#xA;&#x9;at com.kms.katalon.core.main.ScriptEngine.runScriptAsRawText(ScriptEngine.java:119)&#xD;&#xA;&#x9;at com.kms.katalon.core.main.TestCaseExecutor.runScript(TestCaseExecutor.java:337)&#xD;&#xA;&#x9;at com.kms.katalon.core.main.TestCaseExecutor.doExecute(TestCaseExecutor.java:328)&#xD;&#xA;&#x9;at com.kms.katalon.core.main.TestCaseExecutor.processExecutionPhase(TestCaseExecutor.java:307)&#xD;&#xA;&#x9;at com.kms.katalon.core.main.TestCaseExecutor.accessMainPhase(TestCaseExecutor.java:299)&#xD;&#xA;&#x9;at com.kms.katalon.core.main.TestCaseExecutor.execute(TestCaseExecutor.java:233)&#xD;&#xA;&#x9;at com.kms.katalon.core.main.TestSuiteExecutor.accessTestCaseMainPhase(TestSuiteExecutor.java:169)&#xD;&#xA;&#x9;at com.kms.katalon.core.main.TestSuiteExecutor.accessTestSuiteMainPhase(TestSuiteExecutor.java:142)&#xD;&#xA;&#x9;at com.kms.katalon.core.main.TestSuiteExecutor.execute(TestSuiteExecutor.java:91)&#xD;&#xA;&#x9;at com.kms.katalon.core.main.TestCaseMain.startTestSuite(TestCaseMain.java:157)&#xD;&#xA;&#x9;at com.kms.katalon.core.main.TestCaseMain$startTestSuite$0.call(Unknown Source)&#xD;&#xA;&#x9;at TempTestSuite1604321309179.run(TempTestSuite1604321309179.groovy:35)&#xD;&#xA;Caused by: java.net.ConnectException: Failed to connect to localhost/0:0:0:0:0:0:0:1:48717&#xD;&#xA;&#x9;at okhttp3.internal.connection.RealConnection.connectSocket(RealConnection.java:247)&#xD;&#xA;&#x9;at okhttp3.internal.connection.RealConnection.connect(RealConnection.java:165)&#xD;&#xA;&#x9;at okhttp3.internal.connection.StreamAllocation.findConnection(StreamAllocation.java:257)&#xD;&#xA;&#x9;at okhttp3.internal.connection.StreamAllocation.findHealthyConnection(StreamAllocation.java:135)&#xD;&#xA;&#x9;at okhttp3.internal.connection.StreamAllocation.newStream(StreamAllocation.java:114)&#xD;&#xA;&#x9;at okhttp3.internal.connection.ConnectInterceptor.intercept(ConnectInterceptor.java:42)&#xD;&#xA;&#x9;at okhttp3.internal.http.RealInterceptorChain.proceed(RealInterceptorChain.java:147)&#xD;&#xA;&#x9;at okhttp3.internal.http.RealInterceptorChain.proceed(RealInterceptorChain.java:121)&#xD;&#xA;&#x9;at okhttp3.internal.cache.CacheInterceptor.intercept(CacheInterceptor.java:93)&#xD;&#xA;&#x9;at okhttp3.internal.http.RealInterceptorChain.proceed(RealInterceptorChain.java:147)&#xD;&#xA;&#x9;at okhttp3.internal.http.RealInterceptorChain.proceed(RealInterceptorChain.java:121)&#xD;&#xA;&#x9;at okhttp3.internal.http.BridgeInterceptor.intercept(BridgeInterceptor.java:93)&#xD;&#xA;&#x9;at okhttp3.internal.http.RealInterceptorChain.proceed(RealInterceptorChain.java:147)&#xD;&#xA;&#x9;at okhttp3.internal.http.RetryAndFollowUpInterceptor.intercept(RetryAndFollowUpInterceptor.java:126)&#xD;&#xA;&#x9;at okhttp3.internal.http.RealInterceptorChain.proceed(RealInterceptorChain.java:147)&#xD;&#xA;&#x9;at okhttp3.internal.http.RealInterceptorChain.proceed(RealInterceptorChain.java:121)&#xD;&#xA;&#x9;at okhttp3.RealCall.getResponseWithInterceptorChain(RealCall.java:200)&#xD;&#xA;&#x9;at okhttp3.RealCall.execute(RealCall.java:77)&#xD;&#xA;&#x9;at org.openqa.selenium.remote.internal.OkHttpClient.execute(OkHttpClient.java:103)&#xD;&#xA;&#x9;at org.openqa.selenium.remote.HttpCommandExecutor.execute(HttpCommandExecutor.java:155)&#xD;&#xA;&#x9;at org.openqa.selenium.remote.service.DriverCommandExecutor.execute(DriverCommandExecutor.java:83)&#xD;&#xA;&#x9;at org.openqa.selenium.remote.RemoteWebDriver.execute(RemoteWebDriver.java:552)&#xD;&#xA;&#x9;at com.kms.katalon.selenium.driver.CChromeDriver.execute(CChromeDriver.java:20)&#xD;&#xA;&#x9;at org.openqa.selenium.remote.RemoteWebDriver.findElements(RemoteWebDriver.java:353)&#xD;&#xA;&#x9;at org.openqa.selenium.remote.RemoteWebDriver.findElementsByXPath(RemoteWebDriver.java:432)&#xD;&#xA;&#x9;at org.openqa.selenium.By$ByXPath.findElements(By.java:348)&#xD;&#xA;&#x9;at org.openqa.selenium.remote.RemoteWebDriver.findElements(RemoteWebDriver.java:311)&#xD;&#xA;&#x9;at com.kms.katalon.core.webui.common.WebUiCommonHelper.findWebElements(WebUiCommonHelper.java:761)&#xD;&#xA;&#x9;at com.kms.katalon.core.webui.common.WebUiCommonHelper.findWebElement(WebUiCommonHelper.java:1093)&#xD;&#xA;&#x9;at com.kms.katalon.core.webui.common.WebUiCommonHelper$findWebElement.call(Unknown Source)&#xD;&#xA;&#x9;at platform.Method.clickOnElement(Method.groovy:32)&#xD;&#xA;&#x9;at platform.Method.invokeMethod(Method.groovy)&#xD;&#xA;&#x9;at com.kms.katalon.core.main.CustomKeywordDelegatingMetaClass.invokeStaticMethod(CustomKeywordDelegatingMetaClass.java:50)&#xD;&#xA;&#x9;at Script1598969029519.run(Script1598969029519.groovy:14)&#xD;&#xA;&#x9;... 13 more&#xD;&#xA;Caused by: java.net.ConnectException: Connection refused: connect&#xD;&#xA;&#x9;at okhttp3.internal.platform.Platform.connectSocket(Platform.java:129)&#xD;&#xA;&#x9;at okhttp3.internal.connection.RealConnection.connectSocket(RealConnection.java:245)&#xD;&#xA;&#x9;at okhttp3.internal.connection.RealConnection.connect(RealConnection.java:165)&#xD;&#xA;&#x9;at okhttp3.internal.connection.StreamAllocation.findConnection(StreamAllocation.java:257)&#xD;&#xA;&#x9;at okhttp3.internal.connection.StreamAllocation.findHealthyConnection(StreamAllocation.java:135)&#xD;&#xA;&#x9;at okhttp3.internal.connection.StreamAllocation.newStream(StreamAllocation.java:114)&#xD;&#xA;&#x9;at okhttp3.internal.connection.ConnectInterceptor.intercept(ConnectInterceptor.java:42)&#xD;&#xA;&#x9;at okhttp3.internal.http.RealInterceptorChain.proceed(RealInterceptorChain.java:147)&#xD;&#xA;&#x9;at okhttp3.internal.http.RealInterceptorChain.proceed(RealInterceptorChain.java:121)&#xD;&#xA;&#x9;at okhttp3.internal.cache.CacheInterceptor.intercept(CacheInterceptor.java:93)&#xD;&#xA;&#x9;at okhttp3.internal.http.RealInterceptorChain.proceed(RealInterceptorChain.java:147)&#xD;&#xA;&#x9;at okhttp3.internal.http.RealInterceptorChain.proceed(RealInterceptorChain.java:121)&#xD;&#xA;&#x9;at okhttp3.internal.http.BridgeInterceptor.intercept(BridgeInterceptor.java:93)&#xD;&#xA;&#x9;at okhttp3.internal.http.RealInterceptorChain.proceed(RealInterceptorChain.java:147)&#xD;&#xA;&#x9;at okhttp3.internal.http.RetryAndFollowUpInterceptor.intercept(RetryAndFollowUpInterceptor.java:126)&#xD;&#xA;&#x9;at okhttp3.internal.http.RealInterceptorChain.proceed(RealInterceptorChain.java:147)&#xD;&#xA;&#x9;at okhttp3.internal.http.RealInterceptorChain.proceed(RealInterceptorChain.java:121)&#xD;&#xA;&#x9;at okhttp3.RealCall.getResponseWithInterceptorChain(RealCall.java:200)&#xD;&#xA;&#x9;at okhttp3.RealCall.execute(RealCall.java:77)&#xD;&#xA;&#x9;at org.openqa.selenium.remote.internal.OkHttpClient.execute(OkHttpClient.java:103)&#xD;&#xA;&#x9;at org.openqa.selenium.remote.HttpCommandExecutor.execute(HttpCommandExecutor.java:155)&#xD;&#xA;&#x9;at org.openqa.selenium.remote.service.DriverCommandExecutor.execute(DriverCommandExecutor.java:83)&#xD;&#xA;&#x9;at org.openqa.selenium.remote.RemoteWebDriver.execute(RemoteWebDriver.java:552)&#xD;&#xA;&#x9;at com.kms.katalon.selenium.driver.CChromeDriver.execute(CChromeDriver.java:20)&#xD;&#xA;&#x9;at org.openqa.selenium.remote.RemoteWebDriver.findElements(RemoteWebDriver.java:353)&#xD;&#xA;&#x9;at org.openqa.selenium.remote.RemoteWebDriver.findElementsByXPath(RemoteWebDriver.java:432)&#xD;&#xA;&#x9;at org.openqa.selenium.By$ByXPath.findElements(By.java:348)&#xD;&#xA;&#x9;at org.openqa.selenium.remote.RemoteWebDriver.findElements(RemoteWebDriver.java:311)&#xD;&#xA;&#x9;at com.kms.katalon.core.webui.common.WebUiCommonHelper.findWebElements(WebUiCommonHelper.java:761)&#xD;&#xA;&#x9;at com.kms.katalon.core.webui.common.WebUiCommonHelper.findWebElement(WebUiCommonHelper.java:1093)&#xD;&#xA;&#x9;at com.kms.katalon.core.webui.common.WebUiCommonHelper$findWebElement.call(Unknown Source)&#xD;&#xA;&#x9;at platform.Method.clickOnElement(Method.groovy:32)&#xD;&#xA;&#x9;at platform.Method.invokeMethod(Method.groovy)&#xD;&#xA;&#x9;at com.kms.katalon.core.main.CustomKeywordDelegatingMetaClass.invokeStaticMethod(CustomKeywordDelegatingMetaClass.java:50)&#xD;&#xA;&#x9;at agentHandover_Test.run(agentHandover_Test:14)&#xD;&#xA;&#x9;... 13 more&#xD;&#xA;"/>
            <system-out>2020-11-02 18:36:05 - [TEST_CASE][ERROR] - Test Cases/TASK_SSO/agentHandover_Test: Test Cases/TASK_SSO/agentHandover_Test FAILED.
Reason:
org.openqa.selenium.WebDriverException: java.net.ConnectException: Failed to connect to localhost/0:0:0:0:0:0:0:1:48717
Build info: version: '3.141.59', revision: 'e82be7d358', time: '2018-11-14T08:25:53'
System info: host: 'WLPT580', ip: '192.168.29.195', os.name: 'Windows 8.1', os.arch: 'amd64', os.version: '6.3', java.version: '1.8.0_181'
Driver info: driver.version: RemoteWebDriver&#xD;
	at org.openqa.selenium.remote.service.DriverCommandExecutor.execute(DriverCommandExecutor.java:92)&#xD;
	at org.openqa.selenium.remote.RemoteWebDriver.execute(RemoteWebDriver.java:552)&#xD;
	at com.kms.katalon.selenium.driver.CChromeDriver.execute(CChromeDriver.java:20)&#xD;
	at org.openqa.selenium.remote.RemoteWebDriver.findElements(RemoteWebDriver.java:353)&#xD;
	at org.openqa.selenium.remote.RemoteWebDriver.findElementsByXPath(RemoteWebDriver.java:432)&#xD;
	at org.openqa.selenium.By$ByXPath.findElements(By.java:348)&#xD;
	at org.openqa.selenium.remote.RemoteWebDriver.findElements(RemoteWebDriver.java:311)&#xD;
	at com.kms.katalon.core.webui.common.WebUiCommonHelper.findWebElements(WebUiCommonHelper.java:761)&#xD;
	at com.kms.katalon.core.webui.common.WebUiCommonHelper.findWebElement(WebUiCommonHelper.java:1093)&#xD;
	at com.kms.katalon.core.webui.common.WebUiCommonHelper$findWebElement.call(Unknown Source)&#xD;
	at platform.Method.clickOnElement(Method.groovy:32)&#xD;
	at platform.Method.invokeMethod(Method.groovy)&#xD;
	at com.kms.katalon.core.main.CustomKeywordDelegatingMetaClass.invokeStaticMethod(CustomKeywordDelegatingMetaClass.java:50)&#xD;
	at agentHandover_Test.run(agentHandover_Test:14)&#xD;
	at com.kms.katalon.core.main.ScriptEngine.run(ScriptEngine.java:194)&#xD;
	at com.kms.katalon.core.main.ScriptEngine.runScriptAsRawText(ScriptEngine.java:119)&#xD;
	at com.kms.katalon.core.main.TestCaseExecutor.runScript(TestCaseExecutor.java:337)&#xD;
	at com.kms.katalon.core.main.TestCaseExecutor.doExecute(TestCaseExecutor.java:328)&#xD;
	at com.kms.katalon.core.main.TestCaseExecutor.processExecutionPhase(TestCaseExecutor.java:307)&#xD;
	at com.kms.katalon.core.main.TestCaseExecutor.accessMainPhase(TestCaseExecutor.java:299)&#xD;
	at com.kms.katalon.core.main.TestCaseExecutor.execute(TestCaseExecutor.java:233)&#xD;
	at com.kms.katalon.core.main.TestSuiteExecutor.accessTestCaseMainPhase(TestSuiteExecutor.java:169)&#xD;
	at com.kms.katalon.core.main.TestSuiteExecutor.accessTestSuiteMainPhase(TestSuiteExecutor.java:142)&#xD;
	at com.kms.katalon.core.main.TestSuiteExecutor.execute(TestSuiteExecutor.java:91)&#xD;
	at com.kms.katalon.core.main.TestCaseMain.startTestSuite(TestCaseMain.java:157)&#xD;
	at com.kms.katalon.core.main.TestCaseMain$startTestSuite$0.call(Unknown Source)&#xD;
	at TempTestSuite1604321309179.run(TempTestSuite1604321309179.groovy:35)&#xD;
Caused by: java.net.ConnectException: Failed to connect to localhost/0:0:0:0:0:0:0:1:48717&#xD;
	at okhttp3.internal.connection.RealConnection.connectSocket(RealConnection.java:247)&#xD;
	at okhttp3.internal.connection.RealConnection.connect(RealConnection.java:165)&#xD;
	at okhttp3.internal.connection.StreamAllocation.findConnection(StreamAllocation.java:257)&#xD;
	at okhttp3.internal.connection.StreamAllocation.findHealthyConnection(StreamAllocation.java:135)&#xD;
	at okhttp3.internal.connection.StreamAllocation.newStream(StreamAllocation.java:114)&#xD;
	at okhttp3.internal.connection.ConnectInterceptor.intercept(ConnectInterceptor.java:42)&#xD;
	at okhttp3.internal.http.RealInterceptorChain.proceed(RealInterceptorChain.java:147)&#xD;
	at okhttp3.internal.http.RealInterceptorChain.proceed(RealInterceptorChain.java:121)&#xD;
	at okhttp3.internal.cache.CacheInterceptor.intercept(CacheInterceptor.java:93)&#xD;
	at okhttp3.internal.http.RealInterceptorChain.proceed(RealInterceptorChain.java:147)&#xD;
	at okhttp3.internal.http.RealInterceptorChain.proceed(RealInterceptorChain.java:121)&#xD;
	at okhttp3.internal.http.BridgeInterceptor.intercept(BridgeInterceptor.java:93)&#xD;
	at okhttp3.internal.http.RealInterceptorChain.proceed(RealInterceptorChain.java:147)&#xD;
	at okhttp3.internal.http.RetryAndFollowUpInterceptor.intercept(RetryAndFollowUpInterceptor.java:126)&#xD;
	at okhttp3.internal.http.RealInterceptorChain.proceed(RealInterceptorChain.java:147)&#xD;
	at okhttp3.internal.http.RealInterceptorChain.proceed(RealInterceptorChain.java:121)&#xD;
	at okhttp3.RealCall.getResponseWithInterceptorChain(RealCall.java:200)&#xD;
	at okhttp3.RealCall.execute(RealCall.java:77)&#xD;
	at org.openqa.selenium.remote.internal.OkHttpClient.execute(OkHttpClient.java:103)&#xD;
	at org.openqa.selenium.remote.HttpCommandExecutor.execute(HttpCommandExecutor.java:155)&#xD;
	at org.openqa.selenium.remote.service.DriverCommandExecutor.execute(DriverCommandExecutor.java:83)&#xD;
	at org.openqa.selenium.remote.RemoteWebDriver.execute(RemoteWebDriver.java:552)&#xD;
	at com.kms.katalon.selenium.driver.CChromeDriver.execute(CChromeDriver.java:20)&#xD;
	at org.openqa.selenium.remote.RemoteWebDriver.findElements(RemoteWebDriver.java:353)&#xD;
	at org.openqa.selenium.remote.RemoteWebDriver.findElementsByXPath(RemoteWebDriver.java:432)&#xD;
	at org.openqa.selenium.By$ByXPath.findElements(By.java:348)&#xD;
	at org.openqa.selenium.remote.RemoteWebDriver.findElements(RemoteWebDriver.java:311)&#xD;
	at com.kms.katalon.core.webui.common.WebUiCommonHelper.findWebElements(WebUiCommonHelper.java:761)&#xD;
	at com.kms.katalon.core.webui.common.WebUiCommonHelper.findWebElement(WebUiCommonHelper.java:1093)&#xD;
	at com.kms.katalon.core.webui.common.WebUiCommonHelper$findWebElement.call(Unknown Source)&#xD;
	at platform.Method.clickOnElement(Method.groovy:32)&#xD;
	at platform.Method.invokeMethod(Method.groovy)&#xD;
	at com.kms.katalon.core.main.CustomKeywordDelegatingMetaClass.invokeStaticMethod(CustomKeywordDelegatingMetaClass.java:50)&#xD;
	at Script1598969029519.run(Script1598969029519.groovy:14)&#xD;
	... 13 more&#xD;
Caused by: java.net.ConnectException: Connection refused: connect&#xD;
	at okhttp3.internal.platform.Platform.connectSocket(Platform.java:129)&#xD;
	at okhttp3.internal.connection.RealConnection.connectSocket(RealConnection.java:245)&#xD;
	at okhttp3.internal.connection.RealConnection.connect(RealConnection.java:165)&#xD;
	at okhttp3.internal.connection.StreamAllocation.findConnection(StreamAllocation.java:257)&#xD;
	at okhttp3.internal.connection.StreamAllocation.findHealthyConnection(StreamAllocation.java:135)&#xD;
	at okhttp3.internal.connection.StreamAllocation.newStream(StreamAllocation.java:114)&#xD;
	at okhttp3.internal.connection.ConnectInterceptor.intercept(ConnectInterceptor.java:42)&#xD;
	at okhttp3.internal.http.RealInterceptorChain.proceed(RealInterceptorChain.java:147)&#xD;
	at okhttp3.internal.http.RealInterceptorChain.proceed(RealInterceptorChain.java:121)&#xD;
	at okhttp3.internal.cache.CacheInterceptor.intercept(CacheInterceptor.java:93)&#xD;
	at okhttp3.internal.http.RealInterceptorChain.proceed(RealInterceptorChain.java:147)&#xD;
	at okhttp3.internal.http.RealInterceptorChain.proceed(RealInterceptorChain.java:121)&#xD;
	at okhttp3.internal.http.BridgeInterceptor.intercept(BridgeInterceptor.java:93)&#xD;
	at okhttp3.internal.http.RealInterceptorChain.proceed(RealInterceptorChain.java:147)&#xD;
	at okhttp3.internal.http.RetryAndFollowUpInterceptor.intercept(RetryAndFollowUpInterceptor.java:126)&#xD;
	at okhttp3.internal.http.RealInterceptorChain.proceed(RealInterceptorChain.java:147)&#xD;
	at okhttp3.internal.http.RealInterceptorChain.proceed(RealInterceptorChain.java:121)&#xD;
	at okhttp3.RealCall.getResponseWithInterceptorChain(RealCall.java:200)&#xD;
	at okhttp3.RealCall.execute(RealCall.java:77)&#xD;
	at org.openqa.selenium.remote.internal.OkHttpClient.execute(OkHttpClient.java:103)&#xD;
	at org.openqa.selenium.remote.HttpCommandExecutor.execute(HttpCommandExecutor.java:155)&#xD;
	at org.openqa.selenium.remote.service.DriverCommandExecutor.execute(DriverCommandExecutor.java:83)&#xD;
	at org.openqa.selenium.remote.RemoteWebDriver.execute(RemoteWebDriver.java:552)&#xD;
	at com.kms.katalon.selenium.driver.CChromeDriver.execute(CChromeDriver.java:20)&#xD;
	at org.openqa.selenium.remote.RemoteWebDriver.findElements(RemoteWebDriver.java:353)&#xD;
	at org.openqa.selenium.remote.RemoteWebDriver.findElementsByXPath(RemoteWebDriver.java:432)&#xD;
	at org.openqa.selenium.By$ByXPath.findElements(By.java:348)&#xD;
	at org.openqa.selenium.remote.RemoteWebDriver.findElements(RemoteWebDriver.java:311)&#xD;
	at com.kms.katalon.core.webui.common.WebUiCommonHelper.findWebElements(WebUiCommonHelper.java:761)&#xD;
	at com.kms.katalon.core.webui.common.WebUiCommonHelper.findWebElement(WebUiCommonHelper.java:1093)&#xD;
	at com.kms.katalon.core.webui.common.WebUiCommonHelper$findWebElement.call(Unknown Source)&#xD;
	at platform.Method.clickOnElement(Method.groovy:32)&#xD;
	at platform.Method.invokeMethod(Method.groovy)&#xD;
	at com.kms.katalon.core.main.CustomKeywordDelegatingMetaClass.invokeStaticMethod(CustomKeywordDelegatingMetaClass.java:50)&#xD;
	at agentHandover_Test.run(agentHandover_Test:14)&#xD;
	... 13 more&#xD;
&#xD;
&#xD;
2020-11-02 18:36:06 - [TEST_STEP][ERROR] - platform.Method.clickOnElement(findTestObject("ICONS/sidebarSettings")): java.net.ConnectException: Failed to connect to localhost/0:0:0:0:0:0:0:1:48717
Build info: version: '3.141.59', revision: 'e82be7d358', time: '2018-11-14T08:25:53'
System info: host: 'WLPT580', ip: '192.168.29.195', os.name: 'Windows 8.1', os.arch: 'amd64', os.version: '6.3', java.version: '1.8.0_181'
Driver info: driver.version: RemoteWebDriver&#xD;
&#xD;
2020-11-02 18:36:10 - [MESSAGE][ERROR] - java.net.ConnectException: Failed to connect to localhost/0:0:0:0:0:0:0:1:48717
Build info: version: '3.141.59', revision: 'e82be7d358', time: '2018-11-14T08:25:53'
System info: host: 'WLPT580', ip: '192.168.29.195', os.name: 'Windows 8.1', os.arch: 'amd64', os.version: '6.3', java.version: '1.8.0_181'
Driver info: driver.version: RemoteWebDriver</system-out>
            <system-err>2020-11-02 18:36:05 - [TEST_CASE][ERROR] - Test Cases/TASK_SSO/agentHandover_Test: Test Cases/TASK_SSO/agentHandover_Test FAILED.
Reason:
org.openqa.selenium.WebDriverException: java.net.ConnectException: Failed to connect to localhost/0:0:0:0:0:0:0:1:48717
Build info: version: '3.141.59', revision: 'e82be7d358', time: '2018-11-14T08:25:53'
System info: host: 'WLPT580', ip: '192.168.29.195', os.name: 'Windows 8.1', os.arch: 'amd64', os.version: '6.3', java.version: '1.8.0_181'
Driver info: driver.version: RemoteWebDriver&#xD;
	at org.openqa.selenium.remote.service.DriverCommandExecutor.execute(DriverCommandExecutor.java:92)&#xD;
	at org.openqa.selenium.remote.RemoteWebDriver.execute(RemoteWebDriver.java:552)&#xD;
	at com.kms.katalon.selenium.driver.CChromeDriver.execute(CChromeDriver.java:20)&#xD;
	at org.openqa.selenium.remote.RemoteWebDriver.findElements(RemoteWebDriver.java:353)&#xD;
	at org.openqa.selenium.remote.RemoteWebDriver.findElementsByXPath(RemoteWebDriver.java:432)&#xD;
	at org.openqa.selenium.By$ByXPath.findElements(By.java:348)&#xD;
	at org.openqa.selenium.remote.RemoteWebDriver.findElements(RemoteWebDriver.java:311)&#xD;
	at com.kms.katalon.core.webui.common.WebUiCommonHelper.findWebElements(WebUiCommonHelper.java:761)&#xD;
	at com.kms.katalon.core.webui.common.WebUiCommonHelper.findWebElement(WebUiCommonHelper.java:1093)&#xD;
	at com.kms.katalon.core.webui.common.WebUiCommonHelper$findWebElement.call(Unknown Source)&#xD;
	at platform.Method.clickOnElement(Method.groovy:32)&#xD;
	at platform.Method.invokeMethod(Method.groovy)&#xD;
	at com.kms.katalon.core.main.CustomKeywordDelegatingMetaClass.invokeStaticMethod(CustomKeywordDelegatingMetaClass.java:50)&#xD;
	at agentHandover_Test.run(agentHandover_Test:14)&#xD;
	at com.kms.katalon.core.main.ScriptEngine.run(ScriptEngine.java:194)&#xD;
	at com.kms.katalon.core.main.ScriptEngine.runScriptAsRawText(ScriptEngine.java:119)&#xD;
	at com.kms.katalon.core.main.TestCaseExecutor.runScript(TestCaseExecutor.java:337)&#xD;
	at com.kms.katalon.core.main.TestCaseExecutor.doExecute(TestCaseExecutor.java:328)&#xD;
	at com.kms.katalon.core.main.TestCaseExecutor.processExecutionPhase(TestCaseExecutor.java:307)&#xD;
	at com.kms.katalon.core.main.TestCaseExecutor.accessMainPhase(TestCaseExecutor.java:299)&#xD;
	at com.kms.katalon.core.main.TestCaseExecutor.execute(TestCaseExecutor.java:233)&#xD;
	at com.kms.katalon.core.main.TestSuiteExecutor.accessTestCaseMainPhase(TestSuiteExecutor.java:169)&#xD;
	at com.kms.katalon.core.main.TestSuiteExecutor.accessTestSuiteMainPhase(TestSuiteExecutor.java:142)&#xD;
	at com.kms.katalon.core.main.TestSuiteExecutor.execute(TestSuiteExecutor.java:91)&#xD;
	at com.kms.katalon.core.main.TestCaseMain.startTestSuite(TestCaseMain.java:157)&#xD;
	at com.kms.katalon.core.main.TestCaseMain$startTestSuite$0.call(Unknown Source)&#xD;
	at TempTestSuite1604321309179.run(TempTestSuite1604321309179.groovy:35)&#xD;
Caused by: java.net.ConnectException: Failed to connect to localhost/0:0:0:0:0:0:0:1:48717&#xD;
	at okhttp3.internal.connection.RealConnection.connectSocket(RealConnection.java:247)&#xD;
	at okhttp3.internal.connection.RealConnection.connect(RealConnection.java:165)&#xD;
	at okhttp3.internal.connection.StreamAllocation.findConnection(StreamAllocation.java:257)&#xD;
	at okhttp3.internal.connection.StreamAllocation.findHealthyConnection(StreamAllocation.java:135)&#xD;
	at okhttp3.internal.connection.StreamAllocation.newStream(StreamAllocation.java:114)&#xD;
	at okhttp3.internal.connection.ConnectInterceptor.intercept(ConnectInterceptor.java:42)&#xD;
	at okhttp3.internal.http.RealInterceptorChain.proceed(RealInterceptorChain.java:147)&#xD;
	at okhttp3.internal.http.RealInterceptorChain.proceed(RealInterceptorChain.java:121)&#xD;
	at okhttp3.internal.cache.CacheInterceptor.intercept(CacheInterceptor.java:93)&#xD;
	at okhttp3.internal.http.RealInterceptorChain.proceed(RealInterceptorChain.java:147)&#xD;
	at okhttp3.internal.http.RealInterceptorChain.proceed(RealInterceptorChain.java:121)&#xD;
	at okhttp3.internal.http.BridgeInterceptor.intercept(BridgeInterceptor.java:93)&#xD;
	at okhttp3.internal.http.RealInterceptorChain.proceed(RealInterceptorChain.java:147)&#xD;
	at okhttp3.internal.http.RetryAndFollowUpInterceptor.intercept(RetryAndFollowUpInterceptor.java:126)&#xD;
	at okhttp3.internal.http.RealInterceptorChain.proceed(RealInterceptorChain.java:147)&#xD;
	at okhttp3.internal.http.RealInterceptorChain.proceed(RealInterceptorChain.java:121)&#xD;
	at okhttp3.RealCall.getResponseWithInterceptorChain(RealCall.java:200)&#xD;
	at okhttp3.RealCall.execute(RealCall.java:77)&#xD;
	at org.openqa.selenium.remote.internal.OkHttpClient.execute(OkHttpClient.java:103)&#xD;
	at org.openqa.selenium.remote.HttpCommandExecutor.execute(HttpCommandExecutor.java:155)&#xD;
	at org.openqa.selenium.remote.service.DriverCommandExecutor.execute(DriverCommandExecutor.java:83)&#xD;
	at org.openqa.selenium.remote.RemoteWebDriver.execute(RemoteWebDriver.java:552)&#xD;
	at com.kms.katalon.selenium.driver.CChromeDriver.execute(CChromeDriver.java:20)&#xD;
	at org.openqa.selenium.remote.RemoteWebDriver.findElements(RemoteWebDriver.java:353)&#xD;
	at org.openqa.selenium.remote.RemoteWebDriver.findElementsByXPath(RemoteWebDriver.java:432)&#xD;
	at org.openqa.selenium.By$ByXPath.findElements(By.java:348)&#xD;
	at org.openqa.selenium.remote.RemoteWebDriver.findElements(RemoteWebDriver.java:311)&#xD;
	at com.kms.katalon.core.webui.common.WebUiCommonHelper.findWebElements(WebUiCommonHelper.java:761)&#xD;
	at com.kms.katalon.core.webui.common.WebUiCommonHelper.findWebElement(WebUiCommonHelper.java:1093)&#xD;
	at com.kms.katalon.core.webui.common.WebUiCommonHelper$findWebElement.call(Unknown Source)&#xD;
	at platform.Method.clickOnElement(Method.groovy:32)&#xD;
	at platform.Method.invokeMethod(Method.groovy)&#xD;
	at com.kms.katalon.core.main.CustomKeywordDelegatingMetaClass.invokeStaticMethod(CustomKeywordDelegatingMetaClass.java:50)&#xD;
	at Script1598969029519.run(Script1598969029519.groovy:14)&#xD;
	... 13 more&#xD;
Caused by: java.net.ConnectException: Connection refused: connect&#xD;
	at okhttp3.internal.platform.Platform.connectSocket(Platform.java:129)&#xD;
	at okhttp3.internal.connection.RealConnection.connectSocket(RealConnection.java:245)&#xD;
	at okhttp3.internal.connection.RealConnection.connect(RealConnection.java:165)&#xD;
	at okhttp3.internal.connection.StreamAllocation.findConnection(StreamAllocation.java:257)&#xD;
	at okhttp3.internal.connection.StreamAllocation.findHealthyConnection(StreamAllocation.java:135)&#xD;
	at okhttp3.internal.connection.StreamAllocation.newStream(StreamAllocation.java:114)&#xD;
	at okhttp3.internal.connection.ConnectInterceptor.intercept(ConnectInterceptor.java:42)&#xD;
	at okhttp3.internal.http.RealInterceptorChain.proceed(RealInterceptorChain.java:147)&#xD;
	at okhttp3.internal.http.RealInterceptorChain.proceed(RealInterceptorChain.java:121)&#xD;
	at okhttp3.internal.cache.CacheInterceptor.intercept(CacheInterceptor.java:93)&#xD;
	at okhttp3.internal.http.RealInterceptorChain.proceed(RealInterceptorChain.java:147)&#xD;
	at okhttp3.internal.http.RealInterceptorChain.proceed(RealInterceptorChain.java:121)&#xD;
	at okhttp3.internal.http.BridgeInterceptor.intercept(BridgeInterceptor.java:93)&#xD;
	at okhttp3.internal.http.RealInterceptorChain.proceed(RealInterceptorChain.java:147)&#xD;
	at okhttp3.internal.http.RetryAndFollowUpInterceptor.intercept(RetryAndFollowUpInterceptor.java:126)&#xD;
	at okhttp3.internal.http.RealInterceptorChain.proceed(RealInterceptorChain.java:147)&#xD;
	at okhttp3.internal.http.RealInterceptorChain.proceed(RealInterceptorChain.java:121)&#xD;
	at okhttp3.RealCall.getResponseWithInterceptorChain(RealCall.java:200)&#xD;
	at okhttp3.RealCall.execute(RealCall.java:77)&#xD;
	at org.openqa.selenium.remote.internal.OkHttpClient.execute(OkHttpClient.java:103)&#xD;
	at org.openqa.selenium.remote.HttpCommandExecutor.execute(HttpCommandExecutor.java:155)&#xD;
	at org.openqa.selenium.remote.service.DriverCommandExecutor.execute(DriverCommandExecutor.java:83)&#xD;
	at org.openqa.selenium.remote.RemoteWebDriver.execute(RemoteWebDriver.java:552)&#xD;
	at com.kms.katalon.selenium.driver.CChromeDriver.execute(CChromeDriver.java:20)&#xD;
	at org.openqa.selenium.remote.RemoteWebDriver.findElements(RemoteWebDriver.java:353)&#xD;
	at org.openqa.selenium.remote.RemoteWebDriver.findElementsByXPath(RemoteWebDriver.java:432)&#xD;
	at org.openqa.selenium.By$ByXPath.findElements(By.java:348)&#xD;
	at org.openqa.selenium.remote.RemoteWebDriver.findElements(RemoteWebDriver.java:311)&#xD;
	at com.kms.katalon.core.webui.common.WebUiCommonHelper.findWebElements(WebUiCommonHelper.java:761)&#xD;
	at com.kms.katalon.core.webui.common.WebUiCommonHelper.findWebElement(WebUiCommonHelper.java:1093)&#xD;
	at com.kms.katalon.core.webui.common.WebUiCommonHelper$findWebElement.call(Unknown Source)&#xD;
	at platform.Method.clickOnElement(Method.groovy:32)&#xD;
	at platform.Method.invokeMethod(Method.groovy)&#xD;
	at com.kms.katalon.core.main.CustomKeywordDelegatingMetaClass.invokeStaticMethod(CustomKeywordDelegatingMetaClass.java:50)&#xD;
	at agentHandover_Test.run(agentHandover_Test:14)&#xD;
	... 13 more</system-err>
        </testcase>
        <testcase name="Test Cases/TASK_SSO/explictAgentHandover_Test" classname="Test Cases/TASK_SSO/explictAgentHandover_Test" status="ERROR">
            <error type="ERROR" message="Test Cases/TASK_SSO/explictAgentHandover_Test FAILED.&#xA;Reason:&#xA;org.openqa.selenium.WebDriverException: java.net.ConnectException: Failed to connect to localhost/0:0:0:0:0:0:0:1:48717&#xA;Build info: version: '3.141.59', revision: 'e82be7d358', time: '2018-11-14T08:25:53'&#xA;System info: host: 'WLPT580', ip: '192.168.29.195', os.name: 'Windows 8.1', os.arch: 'amd64', os.version: '6.3', java.version: '1.8.0_181'&#xA;Driver info: driver.version: RemoteWebDriver&#xD;&#xA;&#x9;at org.openqa.selenium.remote.service.DriverCommandExecutor.execute(DriverCommandExecutor.java:92)&#xD;&#xA;&#x9;at org.openqa.selenium.remote.RemoteWebDriver.execute(RemoteWebDriver.java:552)&#xD;&#xA;&#x9;at com.kms.katalon.selenium.driver.CChromeDriver.execute(CChromeDriver.java:20)&#xD;&#xA;&#x9;at org.openqa.selenium.remote.RemoteWebDriver.findElements(RemoteWebDriver.java:353)&#xD;&#xA;&#x9;at org.openqa.selenium.remote.RemoteWebDriver.findElementsByXPath(RemoteWebDriver.java:432)&#xD;&#xA;&#x9;at org.openqa.selenium.By$ByXPath.findElements(By.java:348)&#xD;&#xA;&#x9;at org.openqa.selenium.remote.RemoteWebDriver.findElements(RemoteWebDriver.java:311)&#xD;&#xA;&#x9;at com.kms.katalon.core.webui.common.WebUiCommonHelper.findWebElements(WebUiCommonHelper.java:761)&#xD;&#xA;&#x9;at com.kms.katalon.core.webui.common.WebUiCommonHelper.findWebElement(WebUiCommonHelper.java:1093)&#xD;&#xA;&#x9;at com.kms.katalon.core.webui.common.WebUiCommonHelper$findWebElement.call(Unknown Source)&#xD;&#xA;&#x9;at platform.Method.clickOnElement(Method.groovy:32)&#xD;&#xA;&#x9;at platform.Method.invokeMethod(Method.groovy)&#xD;&#xA;&#x9;at com.kms.katalon.core.main.CustomKeywordDelegatingMetaClass.invokeStaticMethod(CustomKeywordDelegatingMetaClass.java:50)&#xD;&#xA;&#x9;at explictAgentHandover_Test.run(explictAgentHandover_Test:15)&#xD;&#xA;&#x9;at com.kms.katalon.core.main.ScriptEngine.run(ScriptEngine.java:194)&#xD;&#xA;&#x9;at com.kms.katalon.core.main.ScriptEngine.runScriptAsRawText(ScriptEngine.java:119)&#xD;&#xA;&#x9;at com.kms.katalon.core.main.TestCaseExecutor.runScript(TestCaseExecutor.java:337)&#xD;&#xA;&#x9;at com.kms.katalon.core.main.TestCaseExecutor.doExecute(TestCaseExecutor.java:328)&#xD;&#xA;&#x9;at com.kms.katalon.core.main.TestCaseExecutor.processExecutionPhase(TestCaseExecutor.java:307)&#xD;&#xA;&#x9;at com.kms.katalon.core.main.TestCaseExecutor.accessMainPhase(TestCaseExecutor.java:299)&#xD;&#xA;&#x9;at com.kms.katalon.core.main.TestCaseExecutor.execute(TestCaseExecutor.java:233)&#xD;&#xA;&#x9;at com.kms.katalon.core.main.TestSuiteExecutor.accessTestCaseMainPhase(TestSuiteExecutor.java:169)&#xD;&#xA;&#x9;at com.kms.katalon.core.main.TestSuiteExecutor.accessTestSuiteMainPhase(TestSuiteExecutor.java:142)&#xD;&#xA;&#x9;at com.kms.katalon.core.main.TestSuiteExecutor.execute(TestSuiteExecutor.java:91)&#xD;&#xA;&#x9;at com.kms.katalon.core.main.TestCaseMain.startTestSuite(TestCaseMain.java:157)&#xD;&#xA;&#x9;at com.kms.katalon.core.main.TestCaseMain$startTestSuite$0.call(Unknown Source)&#xD;&#xA;&#x9;at TempTestSuite1604321309179.run(TempTestSuite1604321309179.groovy:35)&#xD;&#xA;Caused by: java.net.ConnectException: Failed to connect to localhost/0:0:0:0:0:0:0:1:48717&#xD;&#xA;&#x9;at okhttp3.internal.connection.RealConnection.connectSocket(RealConnection.java:247)&#xD;&#xA;&#x9;at okhttp3.internal.connection.RealConnection.connect(RealConnection.java:165)&#xD;&#xA;&#x9;at okhttp3.internal.connection.StreamAllocation.findConnection(StreamAllocation.java:257)&#xD;&#xA;&#x9;at okhttp3.internal.connection.StreamAllocation.findHealthyConnection(StreamAllocation.java:135)&#xD;&#xA;&#x9;at okhttp3.internal.connection.StreamAllocation.newStream(StreamAllocation.java:114)&#xD;&#xA;&#x9;at okhttp3.internal.connection.ConnectInterceptor.intercept(ConnectInterceptor.java:42)&#xD;&#xA;&#x9;at okhttp3.internal.http.RealInterceptorChain.proceed(RealInterceptorChain.java:147)&#xD;&#xA;&#x9;at okhttp3.internal.http.RealInterceptorChain.proceed(RealInterceptorChain.java:121)&#xD;&#xA;&#x9;at okhttp3.internal.cache.CacheInterceptor.intercept(CacheInterceptor.java:93)&#xD;&#xA;&#x9;at okhttp3.internal.http.RealInterceptorChain.proceed(RealInterceptorChain.java:147)&#xD;&#xA;&#x9;at okhttp3.internal.http.RealInterceptorChain.proceed(RealInterceptorChain.java:121)&#xD;&#xA;&#x9;at okhttp3.internal.http.BridgeInterceptor.intercept(BridgeInterceptor.java:93)&#xD;&#xA;&#x9;at okhttp3.internal.http.RealInterceptorChain.proceed(RealInterceptorChain.java:147)&#xD;&#xA;&#x9;at okhttp3.internal.http.RetryAndFollowUpInterceptor.intercept(RetryAndFollowUpInterceptor.java:126)&#xD;&#xA;&#x9;at okhttp3.internal.http.RealInterceptorChain.proceed(RealInterceptorChain.java:147)&#xD;&#xA;&#x9;at okhttp3.internal.http.RealInterceptorChain.proceed(RealInterceptorChain.java:121)&#xD;&#xA;&#x9;at okhttp3.RealCall.getResponseWithInterceptorChain(RealCall.java:200)&#xD;&#xA;&#x9;at okhttp3.RealCall.execute(RealCall.java:77)&#xD;&#xA;&#x9;at org.openqa.selenium.remote.internal.OkHttpClient.execute(OkHttpClient.java:103)&#xD;&#xA;&#x9;at org.openqa.selenium.remote.HttpCommandExecutor.execute(HttpCommandExecutor.java:155)&#xD;&#xA;&#x9;at org.openqa.selenium.remote.service.DriverCommandExecutor.execute(DriverCommandExecutor.java:83)&#xD;&#xA;&#x9;at org.openqa.selenium.remote.RemoteWebDriver.execute(RemoteWebDriver.java:552)&#xD;&#xA;&#x9;at com.kms.katalon.selenium.driver.CChromeDriver.execute(CChromeDriver.java:20)&#xD;&#xA;&#x9;at org.openqa.selenium.remote.RemoteWebDriver.findElements(RemoteWebDriver.java:353)&#xD;&#xA;&#x9;at org.openqa.selenium.remote.RemoteWebDriver.findElementsByXPath(RemoteWebDriver.java:432)&#xD;&#xA;&#x9;at org.openqa.selenium.By$ByXPath.findElements(By.java:348)&#xD;&#xA;&#x9;at org.openqa.selenium.remote.RemoteWebDriver.findElements(RemoteWebDriver.java:311)&#xD;&#xA;&#x9;at com.kms.katalon.core.webui.common.WebUiCommonHelper.findWebElements(WebUiCommonHelper.java:761)&#xD;&#xA;&#x9;at com.kms.katalon.core.webui.common.WebUiCommonHelper.findWebElement(WebUiCommonHelper.java:1093)&#xD;&#xA;&#x9;at com.kms.katalon.core.webui.common.WebUiCommonHelper$findWebElement.call(Unknown Source)&#xD;&#xA;&#x9;at platform.Method.clickOnElement(Method.groovy:32)&#xD;&#xA;&#x9;at platform.Method.invokeMethod(Method.groovy)&#xD;&#xA;&#x9;at com.kms.katalon.core.main.CustomKeywordDelegatingMetaClass.invokeStaticMethod(CustomKeywordDelegatingMetaClass.java:50)&#xD;&#xA;&#x9;at Script1598969051030.run(Script1598969051030.groovy:15)&#xD;&#xA;&#x9;... 13 more&#xD;&#xA;Caused by: java.net.ConnectException: Connection refused: connect&#xD;&#xA;&#x9;at okhttp3.internal.platform.Platform.connectSocket(Platform.java:129)&#xD;&#xA;&#x9;at okhttp3.internal.connection.RealConnection.connectSocket(RealConnection.java:245)&#xD;&#xA;&#x9;at okhttp3.internal.connection.RealConnection.connect(RealConnection.java:165)&#xD;&#xA;&#x9;at okhttp3.internal.connection.StreamAllocation.findConnection(StreamAllocation.java:257)&#xD;&#xA;&#x9;at okhttp3.internal.connection.StreamAllocation.findHealthyConnection(StreamAllocation.java:135)&#xD;&#xA;&#x9;at okhttp3.internal.connection.StreamAllocation.newStream(StreamAllocation.java:114)&#xD;&#xA;&#x9;at okhttp3.internal.connection.ConnectInterceptor.intercept(ConnectInterceptor.java:42)&#xD;&#xA;&#x9;at okhttp3.internal.http.RealInterceptorChain.proceed(RealInterceptorChain.java:147)&#xD;&#xA;&#x9;at okhttp3.internal.http.RealInterceptorChain.proceed(RealInterceptorChain.java:121)&#xD;&#xA;&#x9;at okhttp3.internal.cache.CacheInterceptor.intercept(CacheInterceptor.java:93)&#xD;&#xA;&#x9;at okhttp3.internal.http.RealInterceptorChain.proceed(RealInterceptorChain.java:147)&#xD;&#xA;&#x9;at okhttp3.internal.http.RealInterceptorChain.proceed(RealInterceptorChain.java:121)&#xD;&#xA;&#x9;at okhttp3.internal.http.BridgeInterceptor.intercept(BridgeInterceptor.java:93)&#xD;&#xA;&#x9;at okhttp3.internal.http.RealInterceptorChain.proceed(RealInterceptorChain.java:147)&#xD;&#xA;&#x9;at okhttp3.internal.http.RetryAndFollowUpInterceptor.intercept(RetryAndFollowUpInterceptor.java:126)&#xD;&#xA;&#x9;at okhttp3.internal.http.RealInterceptorChain.proceed(RealInterceptorChain.java:147)&#xD;&#xA;&#x9;at okhttp3.internal.http.RealInterceptorChain.proceed(RealInterceptorChain.java:121)&#xD;&#xA;&#x9;at okhttp3.RealCall.getResponseWithInterceptorChain(RealCall.java:200)&#xD;&#xA;&#x9;at okhttp3.RealCall.execute(RealCall.java:77)&#xD;&#xA;&#x9;at org.openqa.selenium.remote.internal.OkHttpClient.execute(OkHttpClient.java:103)&#xD;&#xA;&#x9;at org.openqa.selenium.remote.HttpCommandExecutor.execute(HttpCommandExecutor.java:155)&#xD;&#xA;&#x9;at org.openqa.selenium.remote.service.DriverCommandExecutor.execute(DriverCommandExecutor.java:83)&#xD;&#xA;&#x9;at org.openqa.selenium.remote.RemoteWebDriver.execute(RemoteWebDriver.java:552)&#xD;&#xA;&#x9;at com.kms.katalon.selenium.driver.CChromeDriver.execute(CChromeDriver.java:20)&#xD;&#xA;&#x9;at org.openqa.selenium.remote.RemoteWebDriver.findElements(RemoteWebDriver.java:353)&#xD;&#xA;&#x9;at org.openqa.selenium.remote.RemoteWebDriver.findElementsByXPath(RemoteWebDriver.java:432)&#xD;&#xA;&#x9;at org.openqa.selenium.By$ByXPath.findElements(By.java:348)&#xD;&#xA;&#x9;at org.openqa.selenium.remote.RemoteWebDriver.findElements(RemoteWebDriver.java:311)&#xD;&#xA;&#x9;at com.kms.katalon.core.webui.common.WebUiCommonHelper.findWebElements(WebUiCommonHelper.java:761)&#xD;&#xA;&#x9;at com.kms.katalon.core.webui.common.WebUiCommonHelper.findWebElement(WebUiCommonHelper.java:1093)&#xD;&#xA;&#x9;at com.kms.katalon.core.webui.common.WebUiCommonHelper$findWebElement.call(Unknown Source)&#xD;&#xA;&#x9;at platform.Method.clickOnElement(Method.groovy:32)&#xD;&#xA;&#x9;at platform.Method.invokeMethod(Method.groovy)&#xD;&#xA;&#x9;at com.kms.katalon.core.main.CustomKeywordDelegatingMetaClass.invokeStaticMethod(CustomKeywordDelegatingMetaClass.java:50)&#xD;&#xA;&#x9;at explictAgentHandover_Test.run(explictAgentHandover_Test:15)&#xD;&#xA;&#x9;... 13 more&#xD;&#xA;"/>
            <system-out>2020-11-02 18:36:10 - [TEST_CASE][ERROR] - Test Cases/TASK_SSO/explictAgentHandover_Test: Test Cases/TASK_SSO/explictAgentHandover_Test FAILED.
Reason:
org.openqa.selenium.WebDriverException: java.net.ConnectException: Failed to connect to localhost/0:0:0:0:0:0:0:1:48717
Build info: version: '3.141.59', revision: 'e82be7d358', time: '2018-11-14T08:25:53'
System info: host: 'WLPT580', ip: '192.168.29.195', os.name: 'Windows 8.1', os.arch: 'amd64', os.version: '6.3', java.version: '1.8.0_181'
Driver info: driver.version: RemoteWebDriver&#xD;
	at org.openqa.selenium.remote.service.DriverCommandExecutor.execute(DriverCommandExecutor.java:92)&#xD;
	at org.openqa.selenium.remote.RemoteWebDriver.execute(RemoteWebDriver.java:552)&#xD;
	at com.kms.katalon.selenium.driver.CChromeDriver.execute(CChromeDriver.java:20)&#xD;
	at org.openqa.selenium.remote.RemoteWebDriver.findElements(RemoteWebDriver.java:353)&#xD;
	at org.openqa.selenium.remote.RemoteWebDriver.findElementsByXPath(RemoteWebDriver.java:432)&#xD;
	at org.openqa.selenium.By$ByXPath.findElements(By.java:348)&#xD;
	at org.openqa.selenium.remote.RemoteWebDriver.findElements(RemoteWebDriver.java:311)&#xD;
	at com.kms.katalon.core.webui.common.WebUiCommonHelper.findWebElements(WebUiCommonHelper.java:761)&#xD;
	at com.kms.katalon.core.webui.common.WebUiCommonHelper.findWebElement(WebUiCommonHelper.java:1093)&#xD;
	at com.kms.katalon.core.webui.common.WebUiCommonHelper$findWebElement.call(Unknown Source)&#xD;
	at platform.Method.clickOnElement(Method.groovy:32)&#xD;
	at platform.Method.invokeMethod(Method.groovy)&#xD;
	at com.kms.katalon.core.main.CustomKeywordDelegatingMetaClass.invokeStaticMethod(CustomKeywordDelegatingMetaClass.java:50)&#xD;
	at explictAgentHandover_Test.run(explictAgentHandover_Test:15)&#xD;
	at com.kms.katalon.core.main.ScriptEngine.run(ScriptEngine.java:194)&#xD;
	at com.kms.katalon.core.main.ScriptEngine.runScriptAsRawText(ScriptEngine.java:119)&#xD;
	at com.kms.katalon.core.main.TestCaseExecutor.runScript(TestCaseExecutor.java:337)&#xD;
	at com.kms.katalon.core.main.TestCaseExecutor.doExecute(TestCaseExecutor.java:328)&#xD;
	at com.kms.katalon.core.main.TestCaseExecutor.processExecutionPhase(TestCaseExecutor.java:307)&#xD;
	at com.kms.katalon.core.main.TestCaseExecutor.accessMainPhase(TestCaseExecutor.java:299)&#xD;
	at com.kms.katalon.core.main.TestCaseExecutor.execute(TestCaseExecutor.java:233)&#xD;
	at com.kms.katalon.core.main.TestSuiteExecutor.accessTestCaseMainPhase(TestSuiteExecutor.java:169)&#xD;
	at com.kms.katalon.core.main.TestSuiteExecutor.accessTestSuiteMainPhase(TestSuiteExecutor.java:142)&#xD;
	at com.kms.katalon.core.main.TestSuiteExecutor.execute(TestSuiteExecutor.java:91)&#xD;
	at com.kms.katalon.core.main.TestCaseMain.startTestSuite(TestCaseMain.java:157)&#xD;
	at com.kms.katalon.core.main.TestCaseMain$startTestSuite$0.call(Unknown Source)&#xD;
	at TempTestSuite1604321309179.run(TempTestSuite1604321309179.groovy:35)&#xD;
Caused by: java.net.ConnectException: Failed to connect to localhost/0:0:0:0:0:0:0:1:48717&#xD;
	at okhttp3.internal.connection.RealConnection.connectSocket(RealConnection.java:247)&#xD;
	at okhttp3.internal.connection.RealConnection.connect(RealConnection.java:165)&#xD;
	at okhttp3.internal.connection.StreamAllocation.findConnection(StreamAllocation.java:257)&#xD;
	at okhttp3.internal.connection.StreamAllocation.findHealthyConnection(StreamAllocation.java:135)&#xD;
	at okhttp3.internal.connection.StreamAllocation.newStream(StreamAllocation.java:114)&#xD;
	at okhttp3.internal.connection.ConnectInterceptor.intercept(ConnectInterceptor.java:42)&#xD;
	at okhttp3.internal.http.RealInterceptorChain.proceed(RealInterceptorChain.java:147)&#xD;
	at okhttp3.internal.http.RealInterceptorChain.proceed(RealInterceptorChain.java:121)&#xD;
	at okhttp3.internal.cache.CacheInterceptor.intercept(CacheInterceptor.java:93)&#xD;
	at okhttp3.internal.http.RealInterceptorChain.proceed(RealInterceptorChain.java:147)&#xD;
	at okhttp3.internal.http.RealInterceptorChain.proceed(RealInterceptorChain.java:121)&#xD;
	at okhttp3.internal.http.BridgeInterceptor.intercept(BridgeInterceptor.java:93)&#xD;
	at okhttp3.internal.http.RealInterceptorChain.proceed(RealInterceptorChain.java:147)&#xD;
	at okhttp3.internal.http.RetryAndFollowUpInterceptor.intercept(RetryAndFollowUpInterceptor.java:126)&#xD;
	at okhttp3.internal.http.RealInterceptorChain.proceed(RealInterceptorChain.java:147)&#xD;
	at okhttp3.internal.http.RealInterceptorChain.proceed(RealInterceptorChain.java:121)&#xD;
	at okhttp3.RealCall.getResponseWithInterceptorChain(RealCall.java:200)&#xD;
	at okhttp3.RealCall.execute(RealCall.java:77)&#xD;
	at org.openqa.selenium.remote.internal.OkHttpClient.execute(OkHttpClient.java:103)&#xD;
	at org.openqa.selenium.remote.HttpCommandExecutor.execute(HttpCommandExecutor.java:155)&#xD;
	at org.openqa.selenium.remote.service.DriverCommandExecutor.execute(DriverCommandExecutor.java:83)&#xD;
	at org.openqa.selenium.remote.RemoteWebDriver.execute(RemoteWebDriver.java:552)&#xD;
	at com.kms.katalon.selenium.driver.CChromeDriver.execute(CChromeDriver.java:20)&#xD;
	at org.openqa.selenium.remote.RemoteWebDriver.findElements(RemoteWebDriver.java:353)&#xD;
	at org.openqa.selenium.remote.RemoteWebDriver.findElementsByXPath(RemoteWebDriver.java:432)&#xD;
	at org.openqa.selenium.By$ByXPath.findElements(By.java:348)&#xD;
	at org.openqa.selenium.remote.RemoteWebDriver.findElements(RemoteWebDriver.java:311)&#xD;
	at com.kms.katalon.core.webui.common.WebUiCommonHelper.findWebElements(WebUiCommonHelper.java:761)&#xD;
	at com.kms.katalon.core.webui.common.WebUiCommonHelper.findWebElement(WebUiCommonHelper.java:1093)&#xD;
	at com.kms.katalon.core.webui.common.WebUiCommonHelper$findWebElement.call(Unknown Source)&#xD;
	at platform.Method.clickOnElement(Method.groovy:32)&#xD;
	at platform.Method.invokeMethod(Method.groovy)&#xD;
	at com.kms.katalon.core.main.CustomKeywordDelegatingMetaClass.invokeStaticMethod(CustomKeywordDelegatingMetaClass.java:50)&#xD;
	at Script1598969051030.run(Script1598969051030.groovy:15)&#xD;
	... 13 more&#xD;
Caused by: java.net.ConnectException: Connection refused: connect&#xD;
	at okhttp3.internal.platform.Platform.connectSocket(Platform.java:129)&#xD;
	at okhttp3.internal.connection.RealConnection.connectSocket(RealConnection.java:245)&#xD;
	at okhttp3.internal.connection.RealConnection.connect(RealConnection.java:165)&#xD;
	at okhttp3.internal.connection.StreamAllocation.findConnection(StreamAllocation.java:257)&#xD;
	at okhttp3.internal.connection.StreamAllocation.findHealthyConnection(StreamAllocation.java:135)&#xD;
	at okhttp3.internal.connection.StreamAllocation.newStream(StreamAllocation.java:114)&#xD;
	at okhttp3.internal.connection.ConnectInterceptor.intercept(ConnectInterceptor.java:42)&#xD;
	at okhttp3.internal.http.RealInterceptorChain.proceed(RealInterceptorChain.java:147)&#xD;
	at okhttp3.internal.http.RealInterceptorChain.proceed(RealInterceptorChain.java:121)&#xD;
	at okhttp3.internal.cache.CacheInterceptor.intercept(CacheInterceptor.java:93)&#xD;
	at okhttp3.internal.http.RealInterceptorChain.proceed(RealInterceptorChain.java:147)&#xD;
	at okhttp3.internal.http.RealInterceptorChain.proceed(RealInterceptorChain.java:121)&#xD;
	at okhttp3.internal.http.BridgeInterceptor.intercept(BridgeInterceptor.java:93)&#xD;
	at okhttp3.internal.http.RealInterceptorChain.proceed(RealInterceptorChain.java:147)&#xD;
	at okhttp3.internal.http.RetryAndFollowUpInterceptor.intercept(RetryAndFollowUpInterceptor.java:126)&#xD;
	at okhttp3.internal.http.RealInterceptorChain.proceed(RealInterceptorChain.java:147)&#xD;
	at okhttp3.internal.http.RealInterceptorChain.proceed(RealInterceptorChain.java:121)&#xD;
	at okhttp3.RealCall.getResponseWithInterceptorChain(RealCall.java:200)&#xD;
	at okhttp3.RealCall.execute(RealCall.java:77)&#xD;
	at org.openqa.selenium.remote.internal.OkHttpClient.execute(OkHttpClient.java:103)&#xD;
	at org.openqa.selenium.remote.HttpCommandExecutor.execute(HttpCommandExecutor.java:155)&#xD;
	at org.openqa.selenium.remote.service.DriverCommandExecutor.execute(DriverCommandExecutor.java:83)&#xD;
	at org.openqa.selenium.remote.RemoteWebDriver.execute(RemoteWebDriver.java:552)&#xD;
	at com.kms.katalon.selenium.driver.CChromeDriver.execute(CChromeDriver.java:20)&#xD;
	at org.openqa.selenium.remote.RemoteWebDriver.findElements(RemoteWebDriver.java:353)&#xD;
	at org.openqa.selenium.remote.RemoteWebDriver.findElementsByXPath(RemoteWebDriver.java:432)&#xD;
	at org.openqa.selenium.By$ByXPath.findElements(By.java:348)&#xD;
	at org.openqa.selenium.remote.RemoteWebDriver.findElements(RemoteWebDriver.java:311)&#xD;
	at com.kms.katalon.core.webui.common.WebUiCommonHelper.findWebElements(WebUiCommonHelper.java:761)&#xD;
	at com.kms.katalon.core.webui.common.WebUiCommonHelper.findWebElement(WebUiCommonHelper.java:1093)&#xD;
	at com.kms.katalon.core.webui.common.WebUiCommonHelper$findWebElement.call(Unknown Source)&#xD;
	at platform.Method.clickOnElement(Method.groovy:32)&#xD;
	at platform.Method.invokeMethod(Method.groovy)&#xD;
	at com.kms.katalon.core.main.CustomKeywordDelegatingMetaClass.invokeStaticMethod(CustomKeywordDelegatingMetaClass.java:50)&#xD;
	at explictAgentHandover_Test.run(explictAgentHandover_Test:15)&#xD;
	... 13 more&#xD;
&#xD;
&#xD;
2020-11-02 18:36:11 - [TEST_STEP][ERROR] - platform.Method.clickOnElement(findTestObject("Generic/training")): java.net.ConnectException: Failed to connect to localhost/0:0:0:0:0:0:0:1:48717
Build info: version: '3.141.59', revision: 'e82be7d358', time: '2018-11-14T08:25:53'
System info: host: 'WLPT580', ip: '192.168.29.195', os.name: 'Windows 8.1', os.arch: 'amd64', os.version: '6.3', java.version: '1.8.0_181'
Driver info: driver.version: RemoteWebDriver&#xD;
&#xD;
2020-11-02 18:36:14 - [MESSAGE][ERROR] - java.net.ConnectException: Failed to connect to localhost/0:0:0:0:0:0:0:1:48717
Build info: version: '3.141.59', revision: 'e82be7d358', time: '2018-11-14T08:25:53'
System info: host: 'WLPT580', ip: '192.168.29.195', os.name: 'Windows 8.1', os.arch: 'amd64', os.version: '6.3', java.version: '1.8.0_181'
Driver info: driver.version: RemoteWebDriver</system-out>
            <system-err>2020-11-02 18:36:10 - [TEST_CASE][ERROR] - Test Cases/TASK_SSO/explictAgentHandover_Test: Test Cases/TASK_SSO/explictAgentHandover_Test FAILED.
Reason:
org.openqa.selenium.WebDriverException: java.net.ConnectException: Failed to connect to localhost/0:0:0:0:0:0:0:1:48717
Build info: version: '3.141.59', revision: 'e82be7d358', time: '2018-11-14T08:25:53'
System info: host: 'WLPT580', ip: '192.168.29.195', os.name: 'Windows 8.1', os.arch: 'amd64', os.version: '6.3', java.version: '1.8.0_181'
Driver info: driver.version: RemoteWebDriver&#xD;
	at org.openqa.selenium.remote.service.DriverCommandExecutor.execute(DriverCommandExecutor.java:92)&#xD;
	at org.openqa.selenium.remote.RemoteWebDriver.execute(RemoteWebDriver.java:552)&#xD;
	at com.kms.katalon.selenium.driver.CChromeDriver.execute(CChromeDriver.java:20)&#xD;
	at org.openqa.selenium.remote.RemoteWebDriver.findElements(RemoteWebDriver.java:353)&#xD;
	at org.openqa.selenium.remote.RemoteWebDriver.findElementsByXPath(RemoteWebDriver.java:432)&#xD;
	at org.openqa.selenium.By$ByXPath.findElements(By.java:348)&#xD;
	at org.openqa.selenium.remote.RemoteWebDriver.findElements(RemoteWebDriver.java:311)&#xD;
	at com.kms.katalon.core.webui.common.WebUiCommonHelper.findWebElements(WebUiCommonHelper.java:761)&#xD;
	at com.kms.katalon.core.webui.common.WebUiCommonHelper.findWebElement(WebUiCommonHelper.java:1093)&#xD;
	at com.kms.katalon.core.webui.common.WebUiCommonHelper$findWebElement.call(Unknown Source)&#xD;
	at platform.Method.clickOnElement(Method.groovy:32)&#xD;
	at platform.Method.invokeMethod(Method.groovy)&#xD;
	at com.kms.katalon.core.main.CustomKeywordDelegatingMetaClass.invokeStaticMethod(CustomKeywordDelegatingMetaClass.java:50)&#xD;
	at explictAgentHandover_Test.run(explictAgentHandover_Test:15)&#xD;
	at com.kms.katalon.core.main.ScriptEngine.run(ScriptEngine.java:194)&#xD;
	at com.kms.katalon.core.main.ScriptEngine.runScriptAsRawText(ScriptEngine.java:119)&#xD;
	at com.kms.katalon.core.main.TestCaseExecutor.runScript(TestCaseExecutor.java:337)&#xD;
	at com.kms.katalon.core.main.TestCaseExecutor.doExecute(TestCaseExecutor.java:328)&#xD;
	at com.kms.katalon.core.main.TestCaseExecutor.processExecutionPhase(TestCaseExecutor.java:307)&#xD;
	at com.kms.katalon.core.main.TestCaseExecutor.accessMainPhase(TestCaseExecutor.java:299)&#xD;
	at com.kms.katalon.core.main.TestCaseExecutor.execute(TestCaseExecutor.java:233)&#xD;
	at com.kms.katalon.core.main.TestSuiteExecutor.accessTestCaseMainPhase(TestSuiteExecutor.java:169)&#xD;
	at com.kms.katalon.core.main.TestSuiteExecutor.accessTestSuiteMainPhase(TestSuiteExecutor.java:142)&#xD;
	at com.kms.katalon.core.main.TestSuiteExecutor.execute(TestSuiteExecutor.java:91)&#xD;
	at com.kms.katalon.core.main.TestCaseMain.startTestSuite(TestCaseMain.java:157)&#xD;
	at com.kms.katalon.core.main.TestCaseMain$startTestSuite$0.call(Unknown Source)&#xD;
	at TempTestSuite1604321309179.run(TempTestSuite1604321309179.groovy:35)&#xD;
Caused by: java.net.ConnectException: Failed to connect to localhost/0:0:0:0:0:0:0:1:48717&#xD;
	at okhttp3.internal.connection.RealConnection.connectSocket(RealConnection.java:247)&#xD;
	at okhttp3.internal.connection.RealConnection.connect(RealConnection.java:165)&#xD;
	at okhttp3.internal.connection.StreamAllocation.findConnection(StreamAllocation.java:257)&#xD;
	at okhttp3.internal.connection.StreamAllocation.findHealthyConnection(StreamAllocation.java:135)&#xD;
	at okhttp3.internal.connection.StreamAllocation.newStream(StreamAllocation.java:114)&#xD;
	at okhttp3.internal.connection.ConnectInterceptor.intercept(ConnectInterceptor.java:42)&#xD;
	at okhttp3.internal.http.RealInterceptorChain.proceed(RealInterceptorChain.java:147)&#xD;
	at okhttp3.internal.http.RealInterceptorChain.proceed(RealInterceptorChain.java:121)&#xD;
	at okhttp3.internal.cache.CacheInterceptor.intercept(CacheInterceptor.java:93)&#xD;
	at okhttp3.internal.http.RealInterceptorChain.proceed(RealInterceptorChain.java:147)&#xD;
	at okhttp3.internal.http.RealInterceptorChain.proceed(RealInterceptorChain.java:121)&#xD;
	at okhttp3.internal.http.BridgeInterceptor.intercept(BridgeInterceptor.java:93)&#xD;
	at okhttp3.internal.http.RealInterceptorChain.proceed(RealInterceptorChain.java:147)&#xD;
	at okhttp3.internal.http.RetryAndFollowUpInterceptor.intercept(RetryAndFollowUpInterceptor.java:126)&#xD;
	at okhttp3.internal.http.RealInterceptorChain.proceed(RealInterceptorChain.java:147)&#xD;
	at okhttp3.internal.http.RealInterceptorChain.proceed(RealInterceptorChain.java:121)&#xD;
	at okhttp3.RealCall.getResponseWithInterceptorChain(RealCall.java:200)&#xD;
	at okhttp3.RealCall.execute(RealCall.java:77)&#xD;
	at org.openqa.selenium.remote.internal.OkHttpClient.execute(OkHttpClient.java:103)&#xD;
	at org.openqa.selenium.remote.HttpCommandExecutor.execute(HttpCommandExecutor.java:155)&#xD;
	at org.openqa.selenium.remote.service.DriverCommandExecutor.execute(DriverCommandExecutor.java:83)&#xD;
	at org.openqa.selenium.remote.RemoteWebDriver.execute(RemoteWebDriver.java:552)&#xD;
	at com.kms.katalon.selenium.driver.CChromeDriver.execute(CChromeDriver.java:20)&#xD;
	at org.openqa.selenium.remote.RemoteWebDriver.findElements(RemoteWebDriver.java:353)&#xD;
	at org.openqa.selenium.remote.RemoteWebDriver.findElementsByXPath(RemoteWebDriver.java:432)&#xD;
	at org.openqa.selenium.By$ByXPath.findElements(By.java:348)&#xD;
	at org.openqa.selenium.remote.RemoteWebDriver.findElements(RemoteWebDriver.java:311)&#xD;
	at com.kms.katalon.core.webui.common.WebUiCommonHelper.findWebElements(WebUiCommonHelper.java:761)&#xD;
	at com.kms.katalon.core.webui.common.WebUiCommonHelper.findWebElement(WebUiCommonHelper.java:1093)&#xD;
	at com.kms.katalon.core.webui.common.WebUiCommonHelper$findWebElement.call(Unknown Source)&#xD;
	at platform.Method.clickOnElement(Method.groovy:32)&#xD;
	at platform.Method.invokeMethod(Method.groovy)&#xD;
	at com.kms.katalon.core.main.CustomKeywordDelegatingMetaClass.invokeStaticMethod(CustomKeywordDelegatingMetaClass.java:50)&#xD;
	at Script1598969051030.run(Script1598969051030.groovy:15)&#xD;
	... 13 more&#xD;
Caused by: java.net.ConnectException: Connection refused: connect&#xD;
	at okhttp3.internal.platform.Platform.connectSocket(Platform.java:129)&#xD;
	at okhttp3.internal.connection.RealConnection.connectSocket(RealConnection.java:245)&#xD;
	at okhttp3.internal.connection.RealConnection.connect(RealConnection.java:165)&#xD;
	at okhttp3.internal.connection.StreamAllocation.findConnection(StreamAllocation.java:257)&#xD;
	at okhttp3.internal.connection.StreamAllocation.findHealthyConnection(StreamAllocation.java:135)&#xD;
	at okhttp3.internal.connection.StreamAllocation.newStream(StreamAllocation.java:114)&#xD;
	at okhttp3.internal.connection.ConnectInterceptor.intercept(ConnectInterceptor.java:42)&#xD;
	at okhttp3.internal.http.RealInterceptorChain.proceed(RealInterceptorChain.java:147)&#xD;
	at okhttp3.internal.http.RealInterceptorChain.proceed(RealInterceptorChain.java:121)&#xD;
	at okhttp3.internal.cache.CacheInterceptor.intercept(CacheInterceptor.java:93)&#xD;
	at okhttp3.internal.http.RealInterceptorChain.proceed(RealInterceptorChain.java:147)&#xD;
	at okhttp3.internal.http.RealInterceptorChain.proceed(RealInterceptorChain.java:121)&#xD;
	at okhttp3.internal.http.BridgeInterceptor.intercept(BridgeInterceptor.java:93)&#xD;
	at okhttp3.internal.http.RealInterceptorChain.proceed(RealInterceptorChain.java:147)&#xD;
	at okhttp3.internal.http.RetryAndFollowUpInterceptor.intercept(RetryAndFollowUpInterceptor.java:126)&#xD;
	at okhttp3.internal.http.RealInterceptorChain.proceed(RealInterceptorChain.java:147)&#xD;
	at okhttp3.internal.http.RealInterceptorChain.proceed(RealInterceptorChain.java:121)&#xD;
	at okhttp3.RealCall.getResponseWithInterceptorChain(RealCall.java:200)&#xD;
	at okhttp3.RealCall.execute(RealCall.java:77)&#xD;
	at org.openqa.selenium.remote.internal.OkHttpClient.execute(OkHttpClient.java:103)&#xD;
	at org.openqa.selenium.remote.HttpCommandExecutor.execute(HttpCommandExecutor.java:155)&#xD;
	at org.openqa.selenium.remote.service.DriverCommandExecutor.execute(DriverCommandExecutor.java:83)&#xD;
	at org.openqa.selenium.remote.RemoteWebDriver.execute(RemoteWebDriver.java:552)&#xD;
	at com.kms.katalon.selenium.driver.CChromeDriver.execute(CChromeDriver.java:20)&#xD;
	at org.openqa.selenium.remote.RemoteWebDriver.findElements(RemoteWebDriver.java:353)&#xD;
	at org.openqa.selenium.remote.RemoteWebDriver.findElementsByXPath(RemoteWebDriver.java:432)&#xD;
	at org.openqa.selenium.By$ByXPath.findElements(By.java:348)&#xD;
	at org.openqa.selenium.remote.RemoteWebDriver.findElements(RemoteWebDriver.java:311)&#xD;
	at com.kms.katalon.core.webui.common.WebUiCommonHelper.findWebElements(WebUiCommonHelper.java:761)&#xD;
	at com.kms.katalon.core.webui.common.WebUiCommonHelper.findWebElement(WebUiCommonHelper.java:1093)&#xD;
	at com.kms.katalon.core.webui.common.WebUiCommonHelper$findWebElement.call(Unknown Source)&#xD;
	at platform.Method.clickOnElement(Method.groovy:32)&#xD;
	at platform.Method.invokeMethod(Method.groovy)&#xD;
	at com.kms.katalon.core.main.CustomKeywordDelegatingMetaClass.invokeStaticMethod(CustomKeywordDelegatingMetaClass.java:50)&#xD;
	at explictAgentHandover_Test.run(explictAgentHandover_Test:15)&#xD;
	... 13 more</system-err>
        </testcase>
        <testcase name="Test Cases/TASK_SSO/partialMatchResponseConfiguration_Test" classname="Test Cases/TASK_SSO/partialMatchResponseConfiguration_Test" status="ERROR">
            <error type="ERROR" message="Test Cases/TASK_SSO/partialMatchResponseConfiguration_Test FAILED.&#xA;Reason:&#xA;org.openqa.selenium.WebDriverException: java.net.ConnectException: Failed to connect to localhost/0:0:0:0:0:0:0:1:48717&#xA;Build info: version: '3.141.59', revision: 'e82be7d358', time: '2018-11-14T08:25:53'&#xA;System info: host: 'WLPT580', ip: '192.168.29.195', os.name: 'Windows 8.1', os.arch: 'amd64', os.version: '6.3', java.version: '1.8.0_181'&#xA;Driver info: driver.version: RemoteWebDriver&#xD;&#xA;&#x9;at org.openqa.selenium.remote.service.DriverCommandExecutor.execute(DriverCommandExecutor.java:92)&#xD;&#xA;&#x9;at org.openqa.selenium.remote.RemoteWebDriver.execute(RemoteWebDriver.java:552)&#xD;&#xA;&#x9;at com.kms.katalon.selenium.driver.CChromeDriver.execute(CChromeDriver.java:20)&#xD;&#xA;&#x9;at org.openqa.selenium.remote.RemoteWebDriver.findElements(RemoteWebDriver.java:353)&#xD;&#xA;&#x9;at org.openqa.selenium.remote.RemoteWebDriver.findElementsByXPath(RemoteWebDriver.java:432)&#xD;&#xA;&#x9;at org.openqa.selenium.By$ByXPath.findElements(By.java:348)&#xD;&#xA;&#x9;at org.openqa.selenium.remote.RemoteWebDriver.findElements(RemoteWebDriver.java:311)&#xD;&#xA;&#x9;at com.kms.katalon.core.webui.common.WebUiCommonHelper.findWebElements(WebUiCommonHelper.java:761)&#xD;&#xA;&#x9;at com.kms.katalon.core.webui.common.WebUiCommonHelper.findWebElement(WebUiCommonHelper.java:1093)&#xD;&#xA;&#x9;at com.kms.katalon.core.webui.common.WebUiCommonHelper$findWebElement.call(Unknown Source)&#xD;&#xA;&#x9;at platform.Method.clickOnElement(Method.groovy:32)&#xD;&#xA;&#x9;at platform.Method.invokeMethod(Method.groovy)&#xD;&#xA;&#x9;at com.kms.katalon.core.main.CustomKeywordDelegatingMetaClass.invokeStaticMethod(CustomKeywordDelegatingMetaClass.java:50)&#xD;&#xA;&#x9;at partialMatchResponseConfiguration_Test.run(partialMatchResponseConfiguration_Test:21)&#xD;&#xA;&#x9;at com.kms.katalon.core.main.ScriptEngine.run(ScriptEngine.java:194)&#xD;&#xA;&#x9;at com.kms.katalon.core.main.ScriptEngine.runScriptAsRawText(ScriptEngine.java:119)&#xD;&#xA;&#x9;at com.kms.katalon.core.main.TestCaseExecutor.runScript(TestCaseExecutor.java:337)&#xD;&#xA;&#x9;at com.kms.katalon.core.main.TestCaseExecutor.doExecute(TestCaseExecutor.java:328)&#xD;&#xA;&#x9;at com.kms.katalon.core.main.TestCaseExecutor.processExecutionPhase(TestCaseExecutor.java:307)&#xD;&#xA;&#x9;at com.kms.katalon.core.main.TestCaseExecutor.accessMainPhase(TestCaseExecutor.java:299)&#xD;&#xA;&#x9;at com.kms.katalon.core.main.TestCaseExecutor.execute(TestCaseExecutor.java:233)&#xD;&#xA;&#x9;at com.kms.katalon.core.main.TestSuiteExecutor.accessTestCaseMainPhase(TestSuiteExecutor.java:169)&#xD;&#xA;&#x9;at com.kms.katalon.core.main.TestSuiteExecutor.accessTestSuiteMainPhase(TestSuiteExecutor.java:142)&#xD;&#xA;&#x9;at com.kms.katalon.core.main.TestSuiteExecutor.execute(TestSuiteExecutor.java:91)&#xD;&#xA;&#x9;at com.kms.katalon.core.main.TestCaseMain.startTestSuite(TestCaseMain.java:157)&#xD;&#xA;&#x9;at com.kms.katalon.core.main.TestCaseMain$startTestSuite$0.call(Unknown Source)&#xD;&#xA;&#x9;at TempTestSuite1604321309179.run(TempTestSuite1604321309179.groovy:35)&#xD;&#xA;Caused by: java.net.ConnectException: Failed to connect to localhost/0:0:0:0:0:0:0:1:48717&#xD;&#xA;&#x9;at okhttp3.internal.connection.RealConnection.connectSocket(RealConnection.java:247)&#xD;&#xA;&#x9;at okhttp3.internal.connection.RealConnection.connect(RealConnection.java:165)&#xD;&#xA;&#x9;at okhttp3.internal.connection.StreamAllocation.findConnection(StreamAllocation.java:257)&#xD;&#xA;&#x9;at okhttp3.internal.connection.StreamAllocation.findHealthyConnection(StreamAllocation.java:135)&#xD;&#xA;&#x9;at okhttp3.internal.connection.StreamAllocation.newStream(StreamAllocation.java:114)&#xD;&#xA;&#x9;at okhttp3.internal.connection.ConnectInterceptor.intercept(ConnectInterceptor.java:42)&#xD;&#xA;&#x9;at okhttp3.internal.http.RealInterceptorChain.proceed(RealInterceptorChain.java:147)&#xD;&#xA;&#x9;at okhttp3.internal.http.RealInterceptorChain.proceed(RealInterceptorChain.java:121)&#xD;&#xA;&#x9;at okhttp3.internal.cache.CacheInterceptor.intercept(CacheInterceptor.java:93)&#xD;&#xA;&#x9;at okhttp3.internal.http.RealInterceptorChain.proceed(RealInterceptorChain.java:147)&#xD;&#xA;&#x9;at okhttp3.internal.http.RealInterceptorChain.proceed(RealInterceptorChain.java:121)&#xD;&#xA;&#x9;at okhttp3.internal.http.BridgeInterceptor.intercept(BridgeInterceptor.java:93)&#xD;&#xA;&#x9;at okhttp3.internal.http.RealInterceptorChain.proceed(RealInterceptorChain.java:147)&#xD;&#xA;&#x9;at okhttp3.internal.http.RetryAndFollowUpInterceptor.intercept(RetryAndFollowUpInterceptor.java:126)&#xD;&#xA;&#x9;at okhttp3.internal.http.RealInterceptorChain.proceed(RealInterceptorChain.java:147)&#xD;&#xA;&#x9;at okhttp3.internal.http.RealInterceptorChain.proceed(RealInterceptorChain.java:121)&#xD;&#xA;&#x9;at okhttp3.RealCall.getResponseWithInterceptorChain(RealCall.java:200)&#xD;&#xA;&#x9;at okhttp3.RealCall.execute(RealCall.java:77)&#xD;&#xA;&#x9;at org.openqa.selenium.remote.internal.OkHttpClient.execute(OkHttpClient.java:103)&#xD;&#xA;&#x9;at org.openqa.selenium.remote.HttpCommandExecutor.execute(HttpCommandExecutor.java:155)&#xD;&#xA;&#x9;at org.openqa.selenium.remote.service.DriverCommandExecutor.execute(DriverCommandExecutor.java:83)&#xD;&#xA;&#x9;at org.openqa.selenium.remote.RemoteWebDriver.execute(RemoteWebDriver.java:552)&#xD;&#xA;&#x9;at com.kms.katalon.selenium.driver.CChromeDriver.execute(CChromeDriver.java:20)&#xD;&#xA;&#x9;at org.openqa.selenium.remote.RemoteWebDriver.findElements(RemoteWebDriver.java:353)&#xD;&#xA;&#x9;at org.openqa.selenium.remote.RemoteWebDriver.findElementsByXPath(RemoteWebDriver.java:432)&#xD;&#xA;&#x9;at org.openqa.selenium.By$ByXPath.findElements(By.java:348)&#xD;&#xA;&#x9;at org.openqa.selenium.remote.RemoteWebDriver.findElements(RemoteWebDriver.java:311)&#xD;&#xA;&#x9;at com.kms.katalon.core.webui.common.WebUiCommonHelper.findWebElements(WebUiCommonHelper.java:761)&#xD;&#xA;&#x9;at com.kms.katalon.core.webui.common.WebUiCommonHelper.findWebElement(WebUiCommonHelper.java:1093)&#xD;&#xA;&#x9;at com.kms.katalon.core.webui.common.WebUiCommonHelper$findWebElement.call(Unknown Source)&#xD;&#xA;&#x9;at platform.Method.clickOnElement(Method.groovy:32)&#xD;&#xA;&#x9;at platform.Method.invokeMethod(Method.groovy)&#xD;&#xA;&#x9;at com.kms.katalon.core.main.CustomKeywordDelegatingMetaClass.invokeStaticMethod(CustomKeywordDelegatingMetaClass.java:50)&#xD;&#xA;&#x9;at Script1598969067752.run(Script1598969067752.groovy:21)&#xD;&#xA;&#x9;... 13 more&#xD;&#xA;Caused by: java.net.ConnectException: Connection refused: connect&#xD;&#xA;&#x9;at okhttp3.internal.platform.Platform.connectSocket(Platform.java:129)&#xD;&#xA;&#x9;at okhttp3.internal.connection.RealConnection.connectSocket(RealConnection.java:245)&#xD;&#xA;&#x9;at okhttp3.internal.connection.RealConnection.connect(RealConnection.java:165)&#xD;&#xA;&#x9;at okhttp3.internal.connection.StreamAllocation.findConnection(StreamAllocation.java:257)&#xD;&#xA;&#x9;at okhttp3.internal.connection.StreamAllocation.findHealthyConnection(StreamAllocation.java:135)&#xD;&#xA;&#x9;at okhttp3.internal.connection.StreamAllocation.newStream(StreamAllocation.java:114)&#xD;&#xA;&#x9;at okhttp3.internal.connection.ConnectInterceptor.intercept(ConnectInterceptor.java:42)&#xD;&#xA;&#x9;at okhttp3.internal.http.RealInterceptorChain.proceed(RealInterceptorChain.java:147)&#xD;&#xA;&#x9;at okhttp3.internal.http.RealInterceptorChain.proceed(RealInterceptorChain.java:121)&#xD;&#xA;&#x9;at okhttp3.internal.cache.CacheInterceptor.intercept(CacheInterceptor.java:93)&#xD;&#xA;&#x9;at okhttp3.internal.http.RealInterceptorChain.proceed(RealInterceptorChain.java:147)&#xD;&#xA;&#x9;at okhttp3.internal.http.RealInterceptorChain.proceed(RealInterceptorChain.java:121)&#xD;&#xA;&#x9;at okhttp3.internal.http.BridgeInterceptor.intercept(BridgeInterceptor.java:93)&#xD;&#xA;&#x9;at okhttp3.internal.http.RealInterceptorChain.proceed(RealInterceptorChain.java:147)&#xD;&#xA;&#x9;at okhttp3.internal.http.RetryAndFollowUpInterceptor.intercept(RetryAndFollowUpInterceptor.java:126)&#xD;&#xA;&#x9;at okhttp3.internal.http.RealInterceptorChain.proceed(RealInterceptorChain.java:147)&#xD;&#xA;&#x9;at okhttp3.internal.http.RealInterceptorChain.proceed(RealInterceptorChain.java:121)&#xD;&#xA;&#x9;at okhttp3.RealCall.getResponseWithInterceptorChain(RealCall.java:200)&#xD;&#xA;&#x9;at okhttp3.RealCall.execute(RealCall.java:77)&#xD;&#xA;&#x9;at org.openqa.selenium.remote.internal.OkHttpClient.execute(OkHttpClient.java:103)&#xD;&#xA;&#x9;at org.openqa.selenium.remote.HttpCommandExecutor.execute(HttpCommandExecutor.java:155)&#xD;&#xA;&#x9;at org.openqa.selenium.remote.service.DriverCommandExecutor.execute(DriverCommandExecutor.java:83)&#xD;&#xA;&#x9;at org.openqa.selenium.remote.RemoteWebDriver.execute(RemoteWebDriver.java:552)&#xD;&#xA;&#x9;at com.kms.katalon.selenium.driver.CChromeDriver.execute(CChromeDriver.java:20)&#xD;&#xA;&#x9;at org.openqa.selenium.remote.RemoteWebDriver.findElements(RemoteWebDriver.java:353)&#xD;&#xA;&#x9;at org.openqa.selenium.remote.RemoteWebDriver.findElementsByXPath(RemoteWebDriver.java:432)&#xD;&#xA;&#x9;at org.openqa.selenium.By$ByXPath.findElements(By.java:348)&#xD;&#xA;&#x9;at org.openqa.selenium.remote.RemoteWebDriver.findElements(RemoteWebDriver.java:311)&#xD;&#xA;&#x9;at com.kms.katalon.core.webui.common.WebUiCommonHelper.findWebElements(WebUiCommonHelper.java:761)&#xD;&#xA;&#x9;at com.kms.katalon.core.webui.common.WebUiCommonHelper.findWebElement(WebUiCommonHelper.java:1093)&#xD;&#xA;&#x9;at com.kms.katalon.core.webui.common.WebUiCommonHelper$findWebElement.call(Unknown Source)&#xD;&#xA;&#x9;at platform.Method.clickOnElement(Method.groovy:32)&#xD;&#xA;&#x9;at platform.Method.invokeMethod(Method.groovy)&#xD;&#xA;&#x9;at com.kms.katalon.core.main.CustomKeywordDelegatingMetaClass.invokeStaticMethod(CustomKeywordDelegatingMetaClass.java:50)&#xD;&#xA;&#x9;at partialMatchResponseConfiguration_Test.run(partialMatchResponseConfiguration_Test:21)&#xD;&#xA;&#x9;... 13 more&#xD;&#xA;"/>
            <system-out>2020-11-02 18:36:17 - [TEST_CASE][ERROR] - Test Cases/TASK_SSO/partialMatchResponseConfiguration_Test: Test Cases/TASK_SSO/partialMatchResponseConfiguration_Test FAILED.
Reason:
org.openqa.selenium.WebDriverException: java.net.ConnectException: Failed to connect to localhost/0:0:0:0:0:0:0:1:48717
Build info: version: '3.141.59', revision: 'e82be7d358', time: '2018-11-14T08:25:53'
System info: host: 'WLPT580', ip: '192.168.29.195', os.name: 'Windows 8.1', os.arch: 'amd64', os.version: '6.3', java.version: '1.8.0_181'
Driver info: driver.version: RemoteWebDriver&#xD;
	at org.openqa.selenium.remote.service.DriverCommandExecutor.execute(DriverCommandExecutor.java:92)&#xD;
	at org.openqa.selenium.remote.RemoteWebDriver.execute(RemoteWebDriver.java:552)&#xD;
	at com.kms.katalon.selenium.driver.CChromeDriver.execute(CChromeDriver.java:20)&#xD;
	at org.openqa.selenium.remote.RemoteWebDriver.findElements(RemoteWebDriver.java:353)&#xD;
	at org.openqa.selenium.remote.RemoteWebDriver.findElementsByXPath(RemoteWebDriver.java:432)&#xD;
	at org.openqa.selenium.By$ByXPath.findElements(By.java:348)&#xD;
	at org.openqa.selenium.remote.RemoteWebDriver.findElements(RemoteWebDriver.java:311)&#xD;
	at com.kms.katalon.core.webui.common.WebUiCommonHelper.findWebElements(WebUiCommonHelper.java:761)&#xD;
	at com.kms.katalon.core.webui.common.WebUiCommonHelper.findWebElement(WebUiCommonHelper.java:1093)&#xD;
	at com.kms.katalon.core.webui.common.WebUiCommonHelper$findWebElement.call(Unknown Source)&#xD;
	at platform.Method.clickOnElement(Method.groovy:32)&#xD;
	at platform.Method.invokeMethod(Method.groovy)&#xD;
	at com.kms.katalon.core.main.CustomKeywordDelegatingMetaClass.invokeStaticMethod(CustomKeywordDelegatingMetaClass.java:50)&#xD;
	at partialMatchResponseConfiguration_Test.run(partialMatchResponseConfiguration_Test:21)&#xD;
	at com.kms.katalon.core.main.ScriptEngine.run(ScriptEngine.java:194)&#xD;
	at com.kms.katalon.core.main.ScriptEngine.runScriptAsRawText(ScriptEngine.java:119)&#xD;
	at com.kms.katalon.core.main.TestCaseExecutor.runScript(TestCaseExecutor.java:337)&#xD;
	at com.kms.katalon.core.main.TestCaseExecutor.doExecute(TestCaseExecutor.java:328)&#xD;
	at com.kms.katalon.core.main.TestCaseExecutor.processExecutionPhase(TestCaseExecutor.java:307)&#xD;
	at com.kms.katalon.core.main.TestCaseExecutor.accessMainPhase(TestCaseExecutor.java:299)&#xD;
	at com.kms.katalon.core.main.TestCaseExecutor.execute(TestCaseExecutor.java:233)&#xD;
	at com.kms.katalon.core.main.TestSuiteExecutor.accessTestCaseMainPhase(TestSuiteExecutor.java:169)&#xD;
	at com.kms.katalon.core.main.TestSuiteExecutor.accessTestSuiteMainPhase(TestSuiteExecutor.java:142)&#xD;
	at com.kms.katalon.core.main.TestSuiteExecutor.execute(TestSuiteExecutor.java:91)&#xD;
	at com.kms.katalon.core.main.TestCaseMain.startTestSuite(TestCaseMain.java:157)&#xD;
	at com.kms.katalon.core.main.TestCaseMain$startTestSuite$0.call(Unknown Source)&#xD;
	at TempTestSuite1604321309179.run(TempTestSuite1604321309179.groovy:35)&#xD;
Caused by: java.net.ConnectException: Failed to connect to localhost/0:0:0:0:0:0:0:1:48717&#xD;
	at okhttp3.internal.connection.RealConnection.connectSocket(RealConnection.java:247)&#xD;
	at okhttp3.internal.connection.RealConnection.connect(RealConnection.java:165)&#xD;
	at okhttp3.internal.connection.StreamAllocation.findConnection(StreamAllocation.java:257)&#xD;
	at okhttp3.internal.connection.StreamAllocation.findHealthyConnection(StreamAllocation.java:135)&#xD;
	at okhttp3.internal.connection.StreamAllocation.newStream(StreamAllocation.java:114)&#xD;
	at okhttp3.internal.connection.ConnectInterceptor.intercept(ConnectInterceptor.java:42)&#xD;
	at okhttp3.internal.http.RealInterceptorChain.proceed(RealInterceptorChain.java:147)&#xD;
	at okhttp3.internal.http.RealInterceptorChain.proceed(RealInterceptorChain.java:121)&#xD;
	at okhttp3.internal.cache.CacheInterceptor.intercept(CacheInterceptor.java:93)&#xD;
	at okhttp3.internal.http.RealInterceptorChain.proceed(RealInterceptorChain.java:147)&#xD;
	at okhttp3.internal.http.RealInterceptorChain.proceed(RealInterceptorChain.java:121)&#xD;
	at okhttp3.internal.http.BridgeInterceptor.intercept(BridgeInterceptor.java:93)&#xD;
	at okhttp3.internal.http.RealInterceptorChain.proceed(RealInterceptorChain.java:147)&#xD;
	at okhttp3.internal.http.RetryAndFollowUpInterceptor.intercept(RetryAndFollowUpInterceptor.java:126)&#xD;
	at okhttp3.internal.http.RealInterceptorChain.proceed(RealInterceptorChain.java:147)&#xD;
	at okhttp3.internal.http.RealInterceptorChain.proceed(RealInterceptorChain.java:121)&#xD;
	at okhttp3.RealCall.getResponseWithInterceptorChain(RealCall.java:200)&#xD;
	at okhttp3.RealCall.execute(RealCall.java:77)&#xD;
	at org.openqa.selenium.remote.internal.OkHttpClient.execute(OkHttpClient.java:103)&#xD;
	at org.openqa.selenium.remote.HttpCommandExecutor.execute(HttpCommandExecutor.java:155)&#xD;
	at org.openqa.selenium.remote.service.DriverCommandExecutor.execute(DriverCommandExecutor.java:83)&#xD;
	at org.openqa.selenium.remote.RemoteWebDriver.execute(RemoteWebDriver.java:552)&#xD;
	at com.kms.katalon.selenium.driver.CChromeDriver.execute(CChromeDriver.java:20)&#xD;
	at org.openqa.selenium.remote.RemoteWebDriver.findElements(RemoteWebDriver.java:353)&#xD;
	at org.openqa.selenium.remote.RemoteWebDriver.findElementsByXPath(RemoteWebDriver.java:432)&#xD;
	at org.openqa.selenium.By$ByXPath.findElements(By.java:348)&#xD;
	at org.openqa.selenium.remote.RemoteWebDriver.findElements(RemoteWebDriver.java:311)&#xD;
	at com.kms.katalon.core.webui.common.WebUiCommonHelper.findWebElements(WebUiCommonHelper.java:761)&#xD;
	at com.kms.katalon.core.webui.common.WebUiCommonHelper.findWebElement(WebUiCommonHelper.java:1093)&#xD;
	at com.kms.katalon.core.webui.common.WebUiCommonHelper$findWebElement.call(Unknown Source)&#xD;
	at platform.Method.clickOnElement(Method.groovy:32)&#xD;
	at platform.Method.invokeMethod(Method.groovy)&#xD;
	at com.kms.katalon.core.main.CustomKeywordDelegatingMetaClass.invokeStaticMethod(CustomKeywordDelegatingMetaClass.java:50)&#xD;
	at Script1598969067752.run(Script1598969067752.groovy:21)&#xD;
	... 13 more&#xD;
Caused by: java.net.ConnectException: Connection refused: connect&#xD;
	at okhttp3.internal.platform.Platform.connectSocket(Platform.java:129)&#xD;
	at okhttp3.internal.connection.RealConnection.connectSocket(RealConnection.java:245)&#xD;
	at okhttp3.internal.connection.RealConnection.connect(RealConnection.java:165)&#xD;
	at okhttp3.internal.connection.StreamAllocation.findConnection(StreamAllocation.java:257)&#xD;
	at okhttp3.internal.connection.StreamAllocation.findHealthyConnection(StreamAllocation.java:135)&#xD;
	at okhttp3.internal.connection.StreamAllocation.newStream(StreamAllocation.java:114)&#xD;
	at okhttp3.internal.connection.ConnectInterceptor.intercept(ConnectInterceptor.java:42)&#xD;
	at okhttp3.internal.http.RealInterceptorChain.proceed(RealInterceptorChain.java:147)&#xD;
	at okhttp3.internal.http.RealInterceptorChain.proceed(RealInterceptorChain.java:121)&#xD;
	at okhttp3.internal.cache.CacheInterceptor.intercept(CacheInterceptor.java:93)&#xD;
	at okhttp3.internal.http.RealInterceptorChain.proceed(RealInterceptorChain.java:147)&#xD;
	at okhttp3.internal.http.RealInterceptorChain.proceed(RealInterceptorChain.java:121)&#xD;
	at okhttp3.internal.http.BridgeInterceptor.intercept(BridgeInterceptor.java:93)&#xD;
	at okhttp3.internal.http.RealInterceptorChain.proceed(RealInterceptorChain.java:147)&#xD;
	at okhttp3.internal.http.RetryAndFollowUpInterceptor.intercept(RetryAndFollowUpInterceptor.java:126)&#xD;
	at okhttp3.internal.http.RealInterceptorChain.proceed(RealInterceptorChain.java:147)&#xD;
	at okhttp3.internal.http.RealInterceptorChain.proceed(RealInterceptorChain.java:121)&#xD;
	at okhttp3.RealCall.getResponseWithInterceptorChain(RealCall.java:200)&#xD;
	at okhttp3.RealCall.execute(RealCall.java:77)&#xD;
	at org.openqa.selenium.remote.internal.OkHttpClient.execute(OkHttpClient.java:103)&#xD;
	at org.openqa.selenium.remote.HttpCommandExecutor.execute(HttpCommandExecutor.java:155)&#xD;
	at org.openqa.selenium.remote.service.DriverCommandExecutor.execute(DriverCommandExecutor.java:83)&#xD;
	at org.openqa.selenium.remote.RemoteWebDriver.execute(RemoteWebDriver.java:552)&#xD;
	at com.kms.katalon.selenium.driver.CChromeDriver.execute(CChromeDriver.java:20)&#xD;
	at org.openqa.selenium.remote.RemoteWebDriver.findElements(RemoteWebDriver.java:353)&#xD;
	at org.openqa.selenium.remote.RemoteWebDriver.findElementsByXPath(RemoteWebDriver.java:432)&#xD;
	at org.openqa.selenium.By$ByXPath.findElements(By.java:348)&#xD;
	at org.openqa.selenium.remote.RemoteWebDriver.findElements(RemoteWebDriver.java:311)&#xD;
	at com.kms.katalon.core.webui.common.WebUiCommonHelper.findWebElements(WebUiCommonHelper.java:761)&#xD;
	at com.kms.katalon.core.webui.common.WebUiCommonHelper.findWebElement(WebUiCommonHelper.java:1093)&#xD;
	at com.kms.katalon.core.webui.common.WebUiCommonHelper$findWebElement.call(Unknown Source)&#xD;
	at platform.Method.clickOnElement(Method.groovy:32)&#xD;
	at platform.Method.invokeMethod(Method.groovy)&#xD;
	at com.kms.katalon.core.main.CustomKeywordDelegatingMetaClass.invokeStaticMethod(CustomKeywordDelegatingMetaClass.java:50)&#xD;
	at partialMatchResponseConfiguration_Test.run(partialMatchResponseConfiguration_Test:21)&#xD;
	... 13 more&#xD;
&#xD;
&#xD;
2020-11-02 18:36:18 - [TEST_STEP][ERROR] - platform.Method.clickOnElement(findTestObject("Generic/response")): java.net.ConnectException: Failed to connect to localhost/0:0:0:0:0:0:0:1:48717
Build info: version: '3.141.59', revision: 'e82be7d358', time: '2018-11-14T08:25:53'
System info: host: 'WLPT580', ip: '192.168.29.195', os.name: 'Windows 8.1', os.arch: 'amd64', os.version: '6.3', java.version: '1.8.0_181'
Driver info: driver.version: RemoteWebDriver&#xD;
&#xD;
2020-11-02 18:36:22 - [MESSAGE][ERROR] - java.net.ConnectException: Failed to connect to localhost/0:0:0:0:0:0:0:1:48717
Build info: version: '3.141.59', revision: 'e82be7d358', time: '2018-11-14T08:25:53'
System info: host: 'WLPT580', ip: '192.168.29.195', os.name: 'Windows 8.1', os.arch: 'amd64', os.version: '6.3', java.version: '1.8.0_181'
Driver info: driver.version: RemoteWebDriver</system-out>
            <system-err>2020-11-02 18:36:17 - [TEST_CASE][ERROR] - Test Cases/TASK_SSO/partialMatchResponseConfiguration_Test: Test Cases/TASK_SSO/partialMatchResponseConfiguration_Test FAILED.
Reason:
org.openqa.selenium.WebDriverException: java.net.ConnectException: Failed to connect to localhost/0:0:0:0:0:0:0:1:48717
Build info: version: '3.141.59', revision: 'e82be7d358', time: '2018-11-14T08:25:53'
System info: host: 'WLPT580', ip: '192.168.29.195', os.name: 'Windows 8.1', os.arch: 'amd64', os.version: '6.3', java.version: '1.8.0_181'
Driver info: driver.version: RemoteWebDriver&#xD;
	at org.openqa.selenium.remote.service.DriverCommandExecutor.execute(DriverCommandExecutor.java:92)&#xD;
	at org.openqa.selenium.remote.RemoteWebDriver.execute(RemoteWebDriver.java:552)&#xD;
	at com.kms.katalon.selenium.driver.CChromeDriver.execute(CChromeDriver.java:20)&#xD;
	at org.openqa.selenium.remote.RemoteWebDriver.findElements(RemoteWebDriver.java:353)&#xD;
	at org.openqa.selenium.remote.RemoteWebDriver.findElementsByXPath(RemoteWebDriver.java:432)&#xD;
	at org.openqa.selenium.By$ByXPath.findElements(By.java:348)&#xD;
	at org.openqa.selenium.remote.RemoteWebDriver.findElements(RemoteWebDriver.java:311)&#xD;
	at com.kms.katalon.core.webui.common.WebUiCommonHelper.findWebElements(WebUiCommonHelper.java:761)&#xD;
	at com.kms.katalon.core.webui.common.WebUiCommonHelper.findWebElement(WebUiCommonHelper.java:1093)&#xD;
	at com.kms.katalon.core.webui.common.WebUiCommonHelper$findWebElement.call(Unknown Source)&#xD;
	at platform.Method.clickOnElement(Method.groovy:32)&#xD;
	at platform.Method.invokeMethod(Method.groovy)&#xD;
	at com.kms.katalon.core.main.CustomKeywordDelegatingMetaClass.invokeStaticMethod(CustomKeywordDelegatingMetaClass.java:50)&#xD;
	at partialMatchResponseConfiguration_Test.run(partialMatchResponseConfiguration_Test:21)&#xD;
	at com.kms.katalon.core.main.ScriptEngine.run(ScriptEngine.java:194)&#xD;
	at com.kms.katalon.core.main.ScriptEngine.runScriptAsRawText(ScriptEngine.java:119)&#xD;
	at com.kms.katalon.core.main.TestCaseExecutor.runScript(TestCaseExecutor.java:337)&#xD;
	at com.kms.katalon.core.main.TestCaseExecutor.doExecute(TestCaseExecutor.java:328)&#xD;
	at com.kms.katalon.core.main.TestCaseExecutor.processExecutionPhase(TestCaseExecutor.java:307)&#xD;
	at com.kms.katalon.core.main.TestCaseExecutor.accessMainPhase(TestCaseExecutor.java:299)&#xD;
	at com.kms.katalon.core.main.TestCaseExecutor.execute(TestCaseExecutor.java:233)&#xD;
	at com.kms.katalon.core.main.TestSuiteExecutor.accessTestCaseMainPhase(TestSuiteExecutor.java:169)&#xD;
	at com.kms.katalon.core.main.TestSuiteExecutor.accessTestSuiteMainPhase(TestSuiteExecutor.java:142)&#xD;
	at com.kms.katalon.core.main.TestSuiteExecutor.execute(TestSuiteExecutor.java:91)&#xD;
	at com.kms.katalon.core.main.TestCaseMain.startTestSuite(TestCaseMain.java:157)&#xD;
	at com.kms.katalon.core.main.TestCaseMain$startTestSuite$0.call(Unknown Source)&#xD;
	at TempTestSuite1604321309179.run(TempTestSuite1604321309179.groovy:35)&#xD;
Caused by: java.net.ConnectException: Failed to connect to localhost/0:0:0:0:0:0:0:1:48717&#xD;
	at okhttp3.internal.connection.RealConnection.connectSocket(RealConnection.java:247)&#xD;
	at okhttp3.internal.connection.RealConnection.connect(RealConnection.java:165)&#xD;
	at okhttp3.internal.connection.StreamAllocation.findConnection(StreamAllocation.java:257)&#xD;
	at okhttp3.internal.connection.StreamAllocation.findHealthyConnection(StreamAllocation.java:135)&#xD;
	at okhttp3.internal.connection.StreamAllocation.newStream(StreamAllocation.java:114)&#xD;
	at okhttp3.internal.connection.ConnectInterceptor.intercept(ConnectInterceptor.java:42)&#xD;
	at okhttp3.internal.http.RealInterceptorChain.proceed(RealInterceptorChain.java:147)&#xD;
	at okhttp3.internal.http.RealInterceptorChain.proceed(RealInterceptorChain.java:121)&#xD;
	at okhttp3.internal.cache.CacheInterceptor.intercept(CacheInterceptor.java:93)&#xD;
	at okhttp3.internal.http.RealInterceptorChain.proceed(RealInterceptorChain.java:147)&#xD;
	at okhttp3.internal.http.RealInterceptorChain.proceed(RealInterceptorChain.java:121)&#xD;
	at okhttp3.internal.http.BridgeInterceptor.intercept(BridgeInterceptor.java:93)&#xD;
	at okhttp3.internal.http.RealInterceptorChain.proceed(RealInterceptorChain.java:147)&#xD;
	at okhttp3.internal.http.RetryAndFollowUpInterceptor.intercept(RetryAndFollowUpInterceptor.java:126)&#xD;
	at okhttp3.internal.http.RealInterceptorChain.proceed(RealInterceptorChain.java:147)&#xD;
	at okhttp3.internal.http.RealInterceptorChain.proceed(RealInterceptorChain.java:121)&#xD;
	at okhttp3.RealCall.getResponseWithInterceptorChain(RealCall.java:200)&#xD;
	at okhttp3.RealCall.execute(RealCall.java:77)&#xD;
	at org.openqa.selenium.remote.internal.OkHttpClient.execute(OkHttpClient.java:103)&#xD;
	at org.openqa.selenium.remote.HttpCommandExecutor.execute(HttpCommandExecutor.java:155)&#xD;
	at org.openqa.selenium.remote.service.DriverCommandExecutor.execute(DriverCommandExecutor.java:83)&#xD;
	at org.openqa.selenium.remote.RemoteWebDriver.execute(RemoteWebDriver.java:552)&#xD;
	at com.kms.katalon.selenium.driver.CChromeDriver.execute(CChromeDriver.java:20)&#xD;
	at org.openqa.selenium.remote.RemoteWebDriver.findElements(RemoteWebDriver.java:353)&#xD;
	at org.openqa.selenium.remote.RemoteWebDriver.findElementsByXPath(RemoteWebDriver.java:432)&#xD;
	at org.openqa.selenium.By$ByXPath.findElements(By.java:348)&#xD;
	at org.openqa.selenium.remote.RemoteWebDriver.findElements(RemoteWebDriver.java:311)&#xD;
	at com.kms.katalon.core.webui.common.WebUiCommonHelper.findWebElements(WebUiCommonHelper.java:761)&#xD;
	at com.kms.katalon.core.webui.common.WebUiCommonHelper.findWebElement(WebUiCommonHelper.java:1093)&#xD;
	at com.kms.katalon.core.webui.common.WebUiCommonHelper$findWebElement.call(Unknown Source)&#xD;
	at platform.Method.clickOnElement(Method.groovy:32)&#xD;
	at platform.Method.invokeMethod(Method.groovy)&#xD;
	at com.kms.katalon.core.main.CustomKeywordDelegatingMetaClass.invokeStaticMethod(CustomKeywordDelegatingMetaClass.java:50)&#xD;
	at Script1598969067752.run(Script1598969067752.groovy:21)&#xD;
	... 13 more&#xD;
Caused by: java.net.ConnectException: Connection refused: connect&#xD;
	at okhttp3.internal.platform.Platform.connectSocket(Platform.java:129)&#xD;
	at okhttp3.internal.connection.RealConnection.connectSocket(RealConnection.java:245)&#xD;
	at okhttp3.internal.connection.RealConnection.connect(RealConnection.java:165)&#xD;
	at okhttp3.internal.connection.StreamAllocation.findConnection(StreamAllocation.java:257)&#xD;
	at okhttp3.internal.connection.StreamAllocation.findHealthyConnection(StreamAllocation.java:135)&#xD;
	at okhttp3.internal.connection.StreamAllocation.newStream(StreamAllocation.java:114)&#xD;
	at okhttp3.internal.connection.ConnectInterceptor.intercept(ConnectInterceptor.java:42)&#xD;
	at okhttp3.internal.http.RealInterceptorChain.proceed(RealInterceptorChain.java:147)&#xD;
	at okhttp3.internal.http.RealInterceptorChain.proceed(RealInterceptorChain.java:121)&#xD;
	at okhttp3.internal.cache.CacheInterceptor.intercept(CacheInterceptor.java:93)&#xD;
	at okhttp3.internal.http.RealInterceptorChain.proceed(RealInterceptorChain.java:147)&#xD;
	at okhttp3.internal.http.RealInterceptorChain.proceed(RealInterceptorChain.java:121)&#xD;
	at okhttp3.internal.http.BridgeInterceptor.intercept(BridgeInterceptor.java:93)&#xD;
	at okhttp3.internal.http.RealInterceptorChain.proceed(RealInterceptorChain.java:147)&#xD;
	at okhttp3.internal.http.RetryAndFollowUpInterceptor.intercept(RetryAndFollowUpInterceptor.java:126)&#xD;
	at okhttp3.internal.http.RealInterceptorChain.proceed(RealInterceptorChain.java:147)&#xD;
	at okhttp3.internal.http.RealInterceptorChain.proceed(RealInterceptorChain.java:121)&#xD;
	at okhttp3.RealCall.getResponseWithInterceptorChain(RealCall.java:200)&#xD;
	at okhttp3.RealCall.execute(RealCall.java:77)&#xD;
	at org.openqa.selenium.remote.internal.OkHttpClient.execute(OkHttpClient.java:103)&#xD;
	at org.openqa.selenium.remote.HttpCommandExecutor.execute(HttpCommandExecutor.java:155)&#xD;
	at org.openqa.selenium.remote.service.DriverCommandExecutor.execute(DriverCommandExecutor.java:83)&#xD;
	at org.openqa.selenium.remote.RemoteWebDriver.execute(RemoteWebDriver.java:552)&#xD;
	at com.kms.katalon.selenium.driver.CChromeDriver.execute(CChromeDriver.java:20)&#xD;
	at org.openqa.selenium.remote.RemoteWebDriver.findElements(RemoteWebDriver.java:353)&#xD;
	at org.openqa.selenium.remote.RemoteWebDriver.findElementsByXPath(RemoteWebDriver.java:432)&#xD;
	at org.openqa.selenium.By$ByXPath.findElements(By.java:348)&#xD;
	at org.openqa.selenium.remote.RemoteWebDriver.findElements(RemoteWebDriver.java:311)&#xD;
	at com.kms.katalon.core.webui.common.WebUiCommonHelper.findWebElements(WebUiCommonHelper.java:761)&#xD;
	at com.kms.katalon.core.webui.common.WebUiCommonHelper.findWebElement(WebUiCommonHelper.java:1093)&#xD;
	at com.kms.katalon.core.webui.common.WebUiCommonHelper$findWebElement.call(Unknown Source)&#xD;
	at platform.Method.clickOnElement(Method.groovy:32)&#xD;
	at platform.Method.invokeMethod(Method.groovy)&#xD;
	at com.kms.katalon.core.main.CustomKeywordDelegatingMetaClass.invokeStaticMethod(CustomKeywordDelegatingMetaClass.java:50)&#xD;
	at partialMatchResponseConfiguration_Test.run(partialMatchResponseConfiguration_Test:21)&#xD;
	... 13 more</system-err>
        </testcase>
        <testcase name="Test Cases/TASK_SSO/encryptionOnCurationAndSessions_Test" classname="Test Cases/TASK_SSO/encryptionOnCurationAndSessions_Test" status="ERROR">
            <error type="ERROR" message="Test Cases/TASK_SSO/encryptionOnCurationAndSessions_Test FAILED.&#xA;Reason:&#xA;org.openqa.selenium.WebDriverException: java.net.ConnectException: Failed to connect to localhost/0:0:0:0:0:0:0:1:48717&#xA;Build info: version: '3.141.59', revision: 'e82be7d358', time: '2018-11-14T08:25:53'&#xA;System info: host: 'WLPT580', ip: '192.168.29.195', os.name: 'Windows 8.1', os.arch: 'amd64', os.version: '6.3', java.version: '1.8.0_181'&#xA;Driver info: driver.version: RemoteWebDriver&#xD;&#xA;&#x9;at org.openqa.selenium.remote.service.DriverCommandExecutor.execute(DriverCommandExecutor.java:92)&#xD;&#xA;&#x9;at org.openqa.selenium.remote.RemoteWebDriver.execute(RemoteWebDriver.java:552)&#xD;&#xA;&#x9;at com.kms.katalon.selenium.driver.CChromeDriver.execute(CChromeDriver.java:20)&#xD;&#xA;&#x9;at org.openqa.selenium.remote.RemoteWebDriver.findElements(RemoteWebDriver.java:353)&#xD;&#xA;&#x9;at org.openqa.selenium.remote.RemoteWebDriver.findElementsByXPath(RemoteWebDriver.java:432)&#xD;&#xA;&#x9;at org.openqa.selenium.By$ByXPath.findElements(By.java:348)&#xD;&#xA;&#x9;at org.openqa.selenium.remote.RemoteWebDriver.findElements(RemoteWebDriver.java:311)&#xD;&#xA;&#x9;at com.kms.katalon.core.webui.common.WebUiCommonHelper.findWebElements(WebUiCommonHelper.java:761)&#xD;&#xA;&#x9;at com.kms.katalon.core.webui.common.WebUiCommonHelper.findWebElement(WebUiCommonHelper.java:1093)&#xD;&#xA;&#x9;at com.kms.katalon.core.webui.common.WebUiCommonHelper$findWebElement.call(Unknown Source)&#xD;&#xA;&#x9;at platform.Method.clickOnElement(Method.groovy:32)&#xD;&#xA;&#x9;at platform.Method.invokeMethod(Method.groovy)&#xD;&#xA;&#x9;at com.kms.katalon.core.main.CustomKeywordDelegatingMetaClass.invokeStaticMethod(CustomKeywordDelegatingMetaClass.java:50)&#xD;&#xA;&#x9;at encryptionOnCurationAndSessions_Test.run(encryptionOnCurationAndSessions_Test:20)&#xD;&#xA;&#x9;at com.kms.katalon.core.main.ScriptEngine.run(ScriptEngine.java:194)&#xD;&#xA;&#x9;at com.kms.katalon.core.main.ScriptEngine.runScriptAsRawText(ScriptEngine.java:119)&#xD;&#xA;&#x9;at com.kms.katalon.core.main.TestCaseExecutor.runScript(TestCaseExecutor.java:337)&#xD;&#xA;&#x9;at com.kms.katalon.core.main.TestCaseExecutor.doExecute(TestCaseExecutor.java:328)&#xD;&#xA;&#x9;at com.kms.katalon.core.main.TestCaseExecutor.processExecutionPhase(TestCaseExecutor.java:307)&#xD;&#xA;&#x9;at com.kms.katalon.core.main.TestCaseExecutor.accessMainPhase(TestCaseExecutor.java:299)&#xD;&#xA;&#x9;at com.kms.katalon.core.main.TestCaseExecutor.execute(TestCaseExecutor.java:233)&#xD;&#xA;&#x9;at com.kms.katalon.core.main.TestSuiteExecutor.accessTestCaseMainPhase(TestSuiteExecutor.java:169)&#xD;&#xA;&#x9;at com.kms.katalon.core.main.TestSuiteExecutor.accessTestSuiteMainPhase(TestSuiteExecutor.java:142)&#xD;&#xA;&#x9;at com.kms.katalon.core.main.TestSuiteExecutor.execute(TestSuiteExecutor.java:91)&#xD;&#xA;&#x9;at com.kms.katalon.core.main.TestCaseMain.startTestSuite(TestCaseMain.java:157)&#xD;&#xA;&#x9;at com.kms.katalon.core.main.TestCaseMain$startTestSuite$0.call(Unknown Source)&#xD;&#xA;&#x9;at TempTestSuite1604321309179.run(TempTestSuite1604321309179.groovy:35)&#xD;&#xA;Caused by: java.net.ConnectException: Failed to connect to localhost/0:0:0:0:0:0:0:1:48717&#xD;&#xA;&#x9;at okhttp3.internal.connection.RealConnection.connectSocket(RealConnection.java:247)&#xD;&#xA;&#x9;at okhttp3.internal.connection.RealConnection.connect(RealConnection.java:165)&#xD;&#xA;&#x9;at okhttp3.internal.connection.StreamAllocation.findConnection(StreamAllocation.java:257)&#xD;&#xA;&#x9;at okhttp3.internal.connection.StreamAllocation.findHealthyConnection(StreamAllocation.java:135)&#xD;&#xA;&#x9;at okhttp3.internal.connection.StreamAllocation.newStream(StreamAllocation.java:114)&#xD;&#xA;&#x9;at okhttp3.internal.connection.ConnectInterceptor.intercept(ConnectInterceptor.java:42)&#xD;&#xA;&#x9;at okhttp3.internal.http.RealInterceptorChain.proceed(RealInterceptorChain.java:147)&#xD;&#xA;&#x9;at okhttp3.internal.http.RealInterceptorChain.proceed(RealInterceptorChain.java:121)&#xD;&#xA;&#x9;at okhttp3.internal.cache.CacheInterceptor.intercept(CacheInterceptor.java:93)&#xD;&#xA;&#x9;at okhttp3.internal.http.RealInterceptorChain.proceed(RealInterceptorChain.java:147)&#xD;&#xA;&#x9;at okhttp3.internal.http.RealInterceptorChain.proceed(RealInterceptorChain.java:121)&#xD;&#xA;&#x9;at okhttp3.internal.http.BridgeInterceptor.intercept(BridgeInterceptor.java:93)&#xD;&#xA;&#x9;at okhttp3.internal.http.RealInterceptorChain.proceed(RealInterceptorChain.java:147)&#xD;&#xA;&#x9;at okhttp3.internal.http.RetryAndFollowUpInterceptor.intercept(RetryAndFollowUpInterceptor.java:126)&#xD;&#xA;&#x9;at okhttp3.internal.http.RealInterceptorChain.proceed(RealInterceptorChain.java:147)&#xD;&#xA;&#x9;at okhttp3.internal.http.RealInterceptorChain.proceed(RealInterceptorChain.java:121)&#xD;&#xA;&#x9;at okhttp3.RealCall.getResponseWithInterceptorChain(RealCall.java:200)&#xD;&#xA;&#x9;at okhttp3.RealCall.execute(RealCall.java:77)&#xD;&#xA;&#x9;at org.openqa.selenium.remote.internal.OkHttpClient.execute(OkHttpClient.java:103)&#xD;&#xA;&#x9;at org.openqa.selenium.remote.HttpCommandExecutor.execute(HttpCommandExecutor.java:155)&#xD;&#xA;&#x9;at org.openqa.selenium.remote.service.DriverCommandExecutor.execute(DriverCommandExecutor.java:83)&#xD;&#xA;&#x9;at org.openqa.selenium.remote.RemoteWebDriver.execute(RemoteWebDriver.java:552)&#xD;&#xA;&#x9;at com.kms.katalon.selenium.driver.CChromeDriver.execute(CChromeDriver.java:20)&#xD;&#xA;&#x9;at org.openqa.selenium.remote.RemoteWebDriver.findElements(RemoteWebDriver.java:353)&#xD;&#xA;&#x9;at org.openqa.selenium.remote.RemoteWebDriver.findElementsByXPath(RemoteWebDriver.java:432)&#xD;&#xA;&#x9;at org.openqa.selenium.By$ByXPath.findElements(By.java:348)&#xD;&#xA;&#x9;at org.openqa.selenium.remote.RemoteWebDriver.findElements(RemoteWebDriver.java:311)&#xD;&#xA;&#x9;at com.kms.katalon.core.webui.common.WebUiCommonHelper.findWebElements(WebUiCommonHelper.java:761)&#xD;&#xA;&#x9;at com.kms.katalon.core.webui.common.WebUiCommonHelper.findWebElement(WebUiCommonHelper.java:1093)&#xD;&#xA;&#x9;at com.kms.katalon.core.webui.common.WebUiCommonHelper$findWebElement.call(Unknown Source)&#xD;&#xA;&#x9;at platform.Method.clickOnElement(Method.groovy:32)&#xD;&#xA;&#x9;at platform.Method.invokeMethod(Method.groovy)&#xD;&#xA;&#x9;at com.kms.katalon.core.main.CustomKeywordDelegatingMetaClass.invokeStaticMethod(CustomKeywordDelegatingMetaClass.java:50)&#xD;&#xA;&#x9;at Script1598969047537.run(Script1598969047537.groovy:20)&#xD;&#xA;&#x9;... 13 more&#xD;&#xA;Caused by: java.net.ConnectException: Connection refused: connect&#xD;&#xA;&#x9;at okhttp3.internal.platform.Platform.connectSocket(Platform.java:129)&#xD;&#xA;&#x9;at okhttp3.internal.connection.RealConnection.connectSocket(RealConnection.java:245)&#xD;&#xA;&#x9;at okhttp3.internal.connection.RealConnection.connect(RealConnection.java:165)&#xD;&#xA;&#x9;at okhttp3.internal.connection.StreamAllocation.findConnection(StreamAllocation.java:257)&#xD;&#xA;&#x9;at okhttp3.internal.connection.StreamAllocation.findHealthyConnection(StreamAllocation.java:135)&#xD;&#xA;&#x9;at okhttp3.internal.connection.StreamAllocation.newStream(StreamAllocation.java:114)&#xD;&#xA;&#x9;at okhttp3.internal.connection.ConnectInterceptor.intercept(ConnectInterceptor.java:42)&#xD;&#xA;&#x9;at okhttp3.internal.http.RealInterceptorChain.proceed(RealInterceptorChain.java:147)&#xD;&#xA;&#x9;at okhttp3.internal.http.RealInterceptorChain.proceed(RealInterceptorChain.java:121)&#xD;&#xA;&#x9;at okhttp3.internal.cache.CacheInterceptor.intercept(CacheInterceptor.java:93)&#xD;&#xA;&#x9;at okhttp3.internal.http.RealInterceptorChain.proceed(RealInterceptorChain.java:147)&#xD;&#xA;&#x9;at okhttp3.internal.http.RealInterceptorChain.proceed(RealInterceptorChain.java:121)&#xD;&#xA;&#x9;at okhttp3.internal.http.BridgeInterceptor.intercept(BridgeInterceptor.java:93)&#xD;&#xA;&#x9;at okhttp3.internal.http.RealInterceptorChain.proceed(RealInterceptorChain.java:147)&#xD;&#xA;&#x9;at okhttp3.internal.http.RetryAndFollowUpInterceptor.intercept(RetryAndFollowUpInterceptor.java:126)&#xD;&#xA;&#x9;at okhttp3.internal.http.RealInterceptorChain.proceed(RealInterceptorChain.java:147)&#xD;&#xA;&#x9;at okhttp3.internal.http.RealInterceptorChain.proceed(RealInterceptorChain.java:121)&#xD;&#xA;&#x9;at okhttp3.RealCall.getResponseWithInterceptorChain(RealCall.java:200)&#xD;&#xA;&#x9;at okhttp3.RealCall.execute(RealCall.java:77)&#xD;&#xA;&#x9;at org.openqa.selenium.remote.internal.OkHttpClient.execute(OkHttpClient.java:103)&#xD;&#xA;&#x9;at org.openqa.selenium.remote.HttpCommandExecutor.execute(HttpCommandExecutor.java:155)&#xD;&#xA;&#x9;at org.openqa.selenium.remote.service.DriverCommandExecutor.execute(DriverCommandExecutor.java:83)&#xD;&#xA;&#x9;at org.openqa.selenium.remote.RemoteWebDriver.execute(RemoteWebDriver.java:552)&#xD;&#xA;&#x9;at com.kms.katalon.selenium.driver.CChromeDriver.execute(CChromeDriver.java:20)&#xD;&#xA;&#x9;at org.openqa.selenium.remote.RemoteWebDriver.findElements(RemoteWebDriver.java:353)&#xD;&#xA;&#x9;at org.openqa.selenium.remote.RemoteWebDriver.findElementsByXPath(RemoteWebDriver.java:432)&#xD;&#xA;&#x9;at org.openqa.selenium.By$ByXPath.findElements(By.java:348)&#xD;&#xA;&#x9;at org.openqa.selenium.remote.RemoteWebDriver.findElements(RemoteWebDriver.java:311)&#xD;&#xA;&#x9;at com.kms.katalon.core.webui.common.WebUiCommonHelper.findWebElements(WebUiCommonHelper.java:761)&#xD;&#xA;&#x9;at com.kms.katalon.core.webui.common.WebUiCommonHelper.findWebElement(WebUiCommonHelper.java:1093)&#xD;&#xA;&#x9;at com.kms.katalon.core.webui.common.WebUiCommonHelper$findWebElement.call(Unknown Source)&#xD;&#xA;&#x9;at platform.Method.clickOnElement(Method.groovy:32)&#xD;&#xA;&#x9;at platform.Method.invokeMethod(Method.groovy)&#xD;&#xA;&#x9;at com.kms.katalon.core.main.CustomKeywordDelegatingMetaClass.invokeStaticMethod(CustomKeywordDelegatingMetaClass.java:50)&#xD;&#xA;&#x9;at encryptionOnCurationAndSessions_Test.run(encryptionOnCurationAndSessions_Test:20)&#xD;&#xA;&#x9;... 13 more&#xD;&#xA;"/>
            <system-out>2020-11-02 18:36:22 - [TEST_CASE][ERROR] - Test Cases/TASK_SSO/encryptionOnCurationAndSessions_Test: Test Cases/TASK_SSO/encryptionOnCurationAndSessions_Test FAILED.
Reason:
org.openqa.selenium.WebDriverException: java.net.ConnectException: Failed to connect to localhost/0:0:0:0:0:0:0:1:48717
Build info: version: '3.141.59', revision: 'e82be7d358', time: '2018-11-14T08:25:53'
System info: host: 'WLPT580', ip: '192.168.29.195', os.name: 'Windows 8.1', os.arch: 'amd64', os.version: '6.3', java.version: '1.8.0_181'
Driver info: driver.version: RemoteWebDriver&#xD;
	at org.openqa.selenium.remote.service.DriverCommandExecutor.execute(DriverCommandExecutor.java:92)&#xD;
	at org.openqa.selenium.remote.RemoteWebDriver.execute(RemoteWebDriver.java:552)&#xD;
	at com.kms.katalon.selenium.driver.CChromeDriver.execute(CChromeDriver.java:20)&#xD;
	at org.openqa.selenium.remote.RemoteWebDriver.findElements(RemoteWebDriver.java:353)&#xD;
	at org.openqa.selenium.remote.RemoteWebDriver.findElementsByXPath(RemoteWebDriver.java:432)&#xD;
	at org.openqa.selenium.By$ByXPath.findElements(By.java:348)&#xD;
	at org.openqa.selenium.remote.RemoteWebDriver.findElements(RemoteWebDriver.java:311)&#xD;
	at com.kms.katalon.core.webui.common.WebUiCommonHelper.findWebElements(WebUiCommonHelper.java:761)&#xD;
	at com.kms.katalon.core.webui.common.WebUiCommonHelper.findWebElement(WebUiCommonHelper.java:1093)&#xD;
	at com.kms.katalon.core.webui.common.WebUiCommonHelper$findWebElement.call(Unknown Source)&#xD;
	at platform.Method.clickOnElement(Method.groovy:32)&#xD;
	at platform.Method.invokeMethod(Method.groovy)&#xD;
	at com.kms.katalon.core.main.CustomKeywordDelegatingMetaClass.invokeStaticMethod(CustomKeywordDelegatingMetaClass.java:50)&#xD;
	at encryptionOnCurationAndSessions_Test.run(encryptionOnCurationAndSessions_Test:20)&#xD;
	at com.kms.katalon.core.main.ScriptEngine.run(ScriptEngine.java:194)&#xD;
	at com.kms.katalon.core.main.ScriptEngine.runScriptAsRawText(ScriptEngine.java:119)&#xD;
	at com.kms.katalon.core.main.TestCaseExecutor.runScript(TestCaseExecutor.java:337)&#xD;
	at com.kms.katalon.core.main.TestCaseExecutor.doExecute(TestCaseExecutor.java:328)&#xD;
	at com.kms.katalon.core.main.TestCaseExecutor.processExecutionPhase(TestCaseExecutor.java:307)&#xD;
	at com.kms.katalon.core.main.TestCaseExecutor.accessMainPhase(TestCaseExecutor.java:299)&#xD;
	at com.kms.katalon.core.main.TestCaseExecutor.execute(TestCaseExecutor.java:233)&#xD;
	at com.kms.katalon.core.main.TestSuiteExecutor.accessTestCaseMainPhase(TestSuiteExecutor.java:169)&#xD;
	at com.kms.katalon.core.main.TestSuiteExecutor.accessTestSuiteMainPhase(TestSuiteExecutor.java:142)&#xD;
	at com.kms.katalon.core.main.TestSuiteExecutor.execute(TestSuiteExecutor.java:91)&#xD;
	at com.kms.katalon.core.main.TestCaseMain.startTestSuite(TestCaseMain.java:157)&#xD;
	at com.kms.katalon.core.main.TestCaseMain$startTestSuite$0.call(Unknown Source)&#xD;
	at TempTestSuite1604321309179.run(TempTestSuite1604321309179.groovy:35)&#xD;
Caused by: java.net.ConnectException: Failed to connect to localhost/0:0:0:0:0:0:0:1:48717&#xD;
	at okhttp3.internal.connection.RealConnection.connectSocket(RealConnection.java:247)&#xD;
	at okhttp3.internal.connection.RealConnection.connect(RealConnection.java:165)&#xD;
	at okhttp3.internal.connection.StreamAllocation.findConnection(StreamAllocation.java:257)&#xD;
	at okhttp3.internal.connection.StreamAllocation.findHealthyConnection(StreamAllocation.java:135)&#xD;
	at okhttp3.internal.connection.StreamAllocation.newStream(StreamAllocation.java:114)&#xD;
	at okhttp3.internal.connection.ConnectInterceptor.intercept(ConnectInterceptor.java:42)&#xD;
	at okhttp3.internal.http.RealInterceptorChain.proceed(RealInterceptorChain.java:147)&#xD;
	at okhttp3.internal.http.RealInterceptorChain.proceed(RealInterceptorChain.java:121)&#xD;
	at okhttp3.internal.cache.CacheInterceptor.intercept(CacheInterceptor.java:93)&#xD;
	at okhttp3.internal.http.RealInterceptorChain.proceed(RealInterceptorChain.java:147)&#xD;
	at okhttp3.internal.http.RealInterceptorChain.proceed(RealInterceptorChain.java:121)&#xD;
	at okhttp3.internal.http.BridgeInterceptor.intercept(BridgeInterceptor.java:93)&#xD;
	at okhttp3.internal.http.RealInterceptorChain.proceed(RealInterceptorChain.java:147)&#xD;
	at okhttp3.internal.http.RetryAndFollowUpInterceptor.intercept(RetryAndFollowUpInterceptor.java:126)&#xD;
	at okhttp3.internal.http.RealInterceptorChain.proceed(RealInterceptorChain.java:147)&#xD;
	at okhttp3.internal.http.RealInterceptorChain.proceed(RealInterceptorChain.java:121)&#xD;
	at okhttp3.RealCall.getResponseWithInterceptorChain(RealCall.java:200)&#xD;
	at okhttp3.RealCall.execute(RealCall.java:77)&#xD;
	at org.openqa.selenium.remote.internal.OkHttpClient.execute(OkHttpClient.java:103)&#xD;
	at org.openqa.selenium.remote.HttpCommandExecutor.execute(HttpCommandExecutor.java:155)&#xD;
	at org.openqa.selenium.remote.service.DriverCommandExecutor.execute(DriverCommandExecutor.java:83)&#xD;
	at org.openqa.selenium.remote.RemoteWebDriver.execute(RemoteWebDriver.java:552)&#xD;
	at com.kms.katalon.selenium.driver.CChromeDriver.execute(CChromeDriver.java:20)&#xD;
	at org.openqa.selenium.remote.RemoteWebDriver.findElements(RemoteWebDriver.java:353)&#xD;
	at org.openqa.selenium.remote.RemoteWebDriver.findElementsByXPath(RemoteWebDriver.java:432)&#xD;
	at org.openqa.selenium.By$ByXPath.findElements(By.java:348)&#xD;
	at org.openqa.selenium.remote.RemoteWebDriver.findElements(RemoteWebDriver.java:311)&#xD;
	at com.kms.katalon.core.webui.common.WebUiCommonHelper.findWebElements(WebUiCommonHelper.java:761)&#xD;
	at com.kms.katalon.core.webui.common.WebUiCommonHelper.findWebElement(WebUiCommonHelper.java:1093)&#xD;
	at com.kms.katalon.core.webui.common.WebUiCommonHelper$findWebElement.call(Unknown Source)&#xD;
	at platform.Method.clickOnElement(Method.groovy:32)&#xD;
	at platform.Method.invokeMethod(Method.groovy)&#xD;
	at com.kms.katalon.core.main.CustomKeywordDelegatingMetaClass.invokeStaticMethod(CustomKeywordDelegatingMetaClass.java:50)&#xD;
	at Script1598969047537.run(Script1598969047537.groovy:20)&#xD;
	... 13 more&#xD;
Caused by: java.net.ConnectException: Connection refused: connect&#xD;
	at okhttp3.internal.platform.Platform.connectSocket(Platform.java:129)&#xD;
	at okhttp3.internal.connection.RealConnection.connectSocket(RealConnection.java:245)&#xD;
	at okhttp3.internal.connection.RealConnection.connect(RealConnection.java:165)&#xD;
	at okhttp3.internal.connection.StreamAllocation.findConnection(StreamAllocation.java:257)&#xD;
	at okhttp3.internal.connection.StreamAllocation.findHealthyConnection(StreamAllocation.java:135)&#xD;
	at okhttp3.internal.connection.StreamAllocation.newStream(StreamAllocation.java:114)&#xD;
	at okhttp3.internal.connection.ConnectInterceptor.intercept(ConnectInterceptor.java:42)&#xD;
	at okhttp3.internal.http.RealInterceptorChain.proceed(RealInterceptorChain.java:147)&#xD;
	at okhttp3.internal.http.RealInterceptorChain.proceed(RealInterceptorChain.java:121)&#xD;
	at okhttp3.internal.cache.CacheInterceptor.intercept(CacheInterceptor.java:93)&#xD;
	at okhttp3.internal.http.RealInterceptorChain.proceed(RealInterceptorChain.java:147)&#xD;
	at okhttp3.internal.http.RealInterceptorChain.proceed(RealInterceptorChain.java:121)&#xD;
	at okhttp3.internal.http.BridgeInterceptor.intercept(BridgeInterceptor.java:93)&#xD;
	at okhttp3.internal.http.RealInterceptorChain.proceed(RealInterceptorChain.java:147)&#xD;
	at okhttp3.internal.http.RetryAndFollowUpInterceptor.intercept(RetryAndFollowUpInterceptor.java:126)&#xD;
	at okhttp3.internal.http.RealInterceptorChain.proceed(RealInterceptorChain.java:147)&#xD;
	at okhttp3.internal.http.RealInterceptorChain.proceed(RealInterceptorChain.java:121)&#xD;
	at okhttp3.RealCall.getResponseWithInterceptorChain(RealCall.java:200)&#xD;
	at okhttp3.RealCall.execute(RealCall.java:77)&#xD;
	at org.openqa.selenium.remote.internal.OkHttpClient.execute(OkHttpClient.java:103)&#xD;
	at org.openqa.selenium.remote.HttpCommandExecutor.execute(HttpCommandExecutor.java:155)&#xD;
	at org.openqa.selenium.remote.service.DriverCommandExecutor.execute(DriverCommandExecutor.java:83)&#xD;
	at org.openqa.selenium.remote.RemoteWebDriver.execute(RemoteWebDriver.java:552)&#xD;
	at com.kms.katalon.selenium.driver.CChromeDriver.execute(CChromeDriver.java:20)&#xD;
	at org.openqa.selenium.remote.RemoteWebDriver.findElements(RemoteWebDriver.java:353)&#xD;
	at org.openqa.selenium.remote.RemoteWebDriver.findElementsByXPath(RemoteWebDriver.java:432)&#xD;
	at org.openqa.selenium.By$ByXPath.findElements(By.java:348)&#xD;
	at org.openqa.selenium.remote.RemoteWebDriver.findElements(RemoteWebDriver.java:311)&#xD;
	at com.kms.katalon.core.webui.common.WebUiCommonHelper.findWebElements(WebUiCommonHelper.java:761)&#xD;
	at com.kms.katalon.core.webui.common.WebUiCommonHelper.findWebElement(WebUiCommonHelper.java:1093)&#xD;
	at com.kms.katalon.core.webui.common.WebUiCommonHelper$findWebElement.call(Unknown Source)&#xD;
	at platform.Method.clickOnElement(Method.groovy:32)&#xD;
	at platform.Method.invokeMethod(Method.groovy)&#xD;
	at com.kms.katalon.core.main.CustomKeywordDelegatingMetaClass.invokeStaticMethod(CustomKeywordDelegatingMetaClass.java:50)&#xD;
	at encryptionOnCurationAndSessions_Test.run(encryptionOnCurationAndSessions_Test:20)&#xD;
	... 13 more&#xD;
&#xD;
&#xD;
2020-11-02 18:36:23 - [TEST_STEP][ERROR] - platform.Method.clickOnElement(findTestObject("ICONS/sidebarSettings")): java.net.ConnectException: Failed to connect to localhost/0:0:0:0:0:0:0:1:48717
Build info: version: '3.141.59', revision: 'e82be7d358', time: '2018-11-14T08:25:53'
System info: host: 'WLPT580', ip: '192.168.29.195', os.name: 'Windows 8.1', os.arch: 'amd64', os.version: '6.3', java.version: '1.8.0_181'
Driver info: driver.version: RemoteWebDriver&#xD;
&#xD;
2020-11-02 18:36:26 - [MESSAGE][ERROR] - java.net.ConnectException: Failed to connect to localhost/0:0:0:0:0:0:0:1:48717
Build info: version: '3.141.59', revision: 'e82be7d358', time: '2018-11-14T08:25:53'
System info: host: 'WLPT580', ip: '192.168.29.195', os.name: 'Windows 8.1', os.arch: 'amd64', os.version: '6.3', java.version: '1.8.0_181'
Driver info: driver.version: RemoteWebDriver</system-out>
            <system-err>2020-11-02 18:36:22 - [TEST_CASE][ERROR] - Test Cases/TASK_SSO/encryptionOnCurationAndSessions_Test: Test Cases/TASK_SSO/encryptionOnCurationAndSessions_Test FAILED.
Reason:
org.openqa.selenium.WebDriverException: java.net.ConnectException: Failed to connect to localhost/0:0:0:0:0:0:0:1:48717
Build info: version: '3.141.59', revision: 'e82be7d358', time: '2018-11-14T08:25:53'
System info: host: 'WLPT580', ip: '192.168.29.195', os.name: 'Windows 8.1', os.arch: 'amd64', os.version: '6.3', java.version: '1.8.0_181'
Driver info: driver.version: RemoteWebDriver&#xD;
	at org.openqa.selenium.remote.service.DriverCommandExecutor.execute(DriverCommandExecutor.java:92)&#xD;
	at org.openqa.selenium.remote.RemoteWebDriver.execute(RemoteWebDriver.java:552)&#xD;
	at com.kms.katalon.selenium.driver.CChromeDriver.execute(CChromeDriver.java:20)&#xD;
	at org.openqa.selenium.remote.RemoteWebDriver.findElements(RemoteWebDriver.java:353)&#xD;
	at org.openqa.selenium.remote.RemoteWebDriver.findElementsByXPath(RemoteWebDriver.java:432)&#xD;
	at org.openqa.selenium.By$ByXPath.findElements(By.java:348)&#xD;
	at org.openqa.selenium.remote.RemoteWebDriver.findElements(RemoteWebDriver.java:311)&#xD;
	at com.kms.katalon.core.webui.common.WebUiCommonHelper.findWebElements(WebUiCommonHelper.java:761)&#xD;
	at com.kms.katalon.core.webui.common.WebUiCommonHelper.findWebElement(WebUiCommonHelper.java:1093)&#xD;
	at com.kms.katalon.core.webui.common.WebUiCommonHelper$findWebElement.call(Unknown Source)&#xD;
	at platform.Method.clickOnElement(Method.groovy:32)&#xD;
	at platform.Method.invokeMethod(Method.groovy)&#xD;
	at com.kms.katalon.core.main.CustomKeywordDelegatingMetaClass.invokeStaticMethod(CustomKeywordDelegatingMetaClass.java:50)&#xD;
	at encryptionOnCurationAndSessions_Test.run(encryptionOnCurationAndSessions_Test:20)&#xD;
	at com.kms.katalon.core.main.ScriptEngine.run(ScriptEngine.java:194)&#xD;
	at com.kms.katalon.core.main.ScriptEngine.runScriptAsRawText(ScriptEngine.java:119)&#xD;
	at com.kms.katalon.core.main.TestCaseExecutor.runScript(TestCaseExecutor.java:337)&#xD;
	at com.kms.katalon.core.main.TestCaseExecutor.doExecute(TestCaseExecutor.java:328)&#xD;
	at com.kms.katalon.core.main.TestCaseExecutor.processExecutionPhase(TestCaseExecutor.java:307)&#xD;
	at com.kms.katalon.core.main.TestCaseExecutor.accessMainPhase(TestCaseExecutor.java:299)&#xD;
	at com.kms.katalon.core.main.TestCaseExecutor.execute(TestCaseExecutor.java:233)&#xD;
	at com.kms.katalon.core.main.TestSuiteExecutor.accessTestCaseMainPhase(TestSuiteExecutor.java:169)&#xD;
	at com.kms.katalon.core.main.TestSuiteExecutor.accessTestSuiteMainPhase(TestSuiteExecutor.java:142)&#xD;
	at com.kms.katalon.core.main.TestSuiteExecutor.execute(TestSuiteExecutor.java:91)&#xD;
	at com.kms.katalon.core.main.TestCaseMain.startTestSuite(TestCaseMain.java:157)&#xD;
	at com.kms.katalon.core.main.TestCaseMain$startTestSuite$0.call(Unknown Source)&#xD;
	at TempTestSuite1604321309179.run(TempTestSuite1604321309179.groovy:35)&#xD;
Caused by: java.net.ConnectException: Failed to connect to localhost/0:0:0:0:0:0:0:1:48717&#xD;
	at okhttp3.internal.connection.RealConnection.connectSocket(RealConnection.java:247)&#xD;
	at okhttp3.internal.connection.RealConnection.connect(RealConnection.java:165)&#xD;
	at okhttp3.internal.connection.StreamAllocation.findConnection(StreamAllocation.java:257)&#xD;
	at okhttp3.internal.connection.StreamAllocation.findHealthyConnection(StreamAllocation.java:135)&#xD;
	at okhttp3.internal.connection.StreamAllocation.newStream(StreamAllocation.java:114)&#xD;
	at okhttp3.internal.connection.ConnectInterceptor.intercept(ConnectInterceptor.java:42)&#xD;
	at okhttp3.internal.http.RealInterceptorChain.proceed(RealInterceptorChain.java:147)&#xD;
	at okhttp3.internal.http.RealInterceptorChain.proceed(RealInterceptorChain.java:121)&#xD;
	at okhttp3.internal.cache.CacheInterceptor.intercept(CacheInterceptor.java:93)&#xD;
	at okhttp3.internal.http.RealInterceptorChain.proceed(RealInterceptorChain.java:147)&#xD;
	at okhttp3.internal.http.RealInterceptorChain.proceed(RealInterceptorChain.java:121)&#xD;
	at okhttp3.internal.http.BridgeInterceptor.intercept(BridgeInterceptor.java:93)&#xD;
	at okhttp3.internal.http.RealInterceptorChain.proceed(RealInterceptorChain.java:147)&#xD;
	at okhttp3.internal.http.RetryAndFollowUpInterceptor.intercept(RetryAndFollowUpInterceptor.java:126)&#xD;
	at okhttp3.internal.http.RealInterceptorChain.proceed(RealInterceptorChain.java:147)&#xD;
	at okhttp3.internal.http.RealInterceptorChain.proceed(RealInterceptorChain.java:121)&#xD;
	at okhttp3.RealCall.getResponseWithInterceptorChain(RealCall.java:200)&#xD;
	at okhttp3.RealCall.execute(RealCall.java:77)&#xD;
	at org.openqa.selenium.remote.internal.OkHttpClient.execute(OkHttpClient.java:103)&#xD;
	at org.openqa.selenium.remote.HttpCommandExecutor.execute(HttpCommandExecutor.java:155)&#xD;
	at org.openqa.selenium.remote.service.DriverCommandExecutor.execute(DriverCommandExecutor.java:83)&#xD;
	at org.openqa.selenium.remote.RemoteWebDriver.execute(RemoteWebDriver.java:552)&#xD;
	at com.kms.katalon.selenium.driver.CChromeDriver.execute(CChromeDriver.java:20)&#xD;
	at org.openqa.selenium.remote.RemoteWebDriver.findElements(RemoteWebDriver.java:353)&#xD;
	at org.openqa.selenium.remote.RemoteWebDriver.findElementsByXPath(RemoteWebDriver.java:432)&#xD;
	at org.openqa.selenium.By$ByXPath.findElements(By.java:348)&#xD;
	at org.openqa.selenium.remote.RemoteWebDriver.findElements(RemoteWebDriver.java:311)&#xD;
	at com.kms.katalon.core.webui.common.WebUiCommonHelper.findWebElements(WebUiCommonHelper.java:761)&#xD;
	at com.kms.katalon.core.webui.common.WebUiCommonHelper.findWebElement(WebUiCommonHelper.java:1093)&#xD;
	at com.kms.katalon.core.webui.common.WebUiCommonHelper$findWebElement.call(Unknown Source)&#xD;
	at platform.Method.clickOnElement(Method.groovy:32)&#xD;
	at platform.Method.invokeMethod(Method.groovy)&#xD;
	at com.kms.katalon.core.main.CustomKeywordDelegatingMetaClass.invokeStaticMethod(CustomKeywordDelegatingMetaClass.java:50)&#xD;
	at Script1598969047537.run(Script1598969047537.groovy:20)&#xD;
	... 13 more&#xD;
Caused by: java.net.ConnectException: Connection refused: connect&#xD;
	at okhttp3.internal.platform.Platform.connectSocket(Platform.java:129)&#xD;
	at okhttp3.internal.connection.RealConnection.connectSocket(RealConnection.java:245)&#xD;
	at okhttp3.internal.connection.RealConnection.connect(RealConnection.java:165)&#xD;
	at okhttp3.internal.connection.StreamAllocation.findConnection(StreamAllocation.java:257)&#xD;
	at okhttp3.internal.connection.StreamAllocation.findHealthyConnection(StreamAllocation.java:135)&#xD;
	at okhttp3.internal.connection.StreamAllocation.newStream(StreamAllocation.java:114)&#xD;
	at okhttp3.internal.connection.ConnectInterceptor.intercept(ConnectInterceptor.java:42)&#xD;
	at okhttp3.internal.http.RealInterceptorChain.proceed(RealInterceptorChain.java:147)&#xD;
	at okhttp3.internal.http.RealInterceptorChain.proceed(RealInterceptorChain.java:121)&#xD;
	at okhttp3.internal.cache.CacheInterceptor.intercept(CacheInterceptor.java:93)&#xD;
	at okhttp3.internal.http.RealInterceptorChain.proceed(RealInterceptorChain.java:147)&#xD;
	at okhttp3.internal.http.RealInterceptorChain.proceed(RealInterceptorChain.java:121)&#xD;
	at okhttp3.internal.http.BridgeInterceptor.intercept(BridgeInterceptor.java:93)&#xD;
	at okhttp3.internal.http.RealInterceptorChain.proceed(RealInterceptorChain.java:147)&#xD;
	at okhttp3.internal.http.RetryAndFollowUpInterceptor.intercept(RetryAndFollowUpInterceptor.java:126)&#xD;
	at okhttp3.internal.http.RealInterceptorChain.proceed(RealInterceptorChain.java:147)&#xD;
	at okhttp3.internal.http.RealInterceptorChain.proceed(RealInterceptorChain.java:121)&#xD;
	at okhttp3.RealCall.getResponseWithInterceptorChain(RealCall.java:200)&#xD;
	at okhttp3.RealCall.execute(RealCall.java:77)&#xD;
	at org.openqa.selenium.remote.internal.OkHttpClient.execute(OkHttpClient.java:103)&#xD;
	at org.openqa.selenium.remote.HttpCommandExecutor.execute(HttpCommandExecutor.java:155)&#xD;
	at org.openqa.selenium.remote.service.DriverCommandExecutor.execute(DriverCommandExecutor.java:83)&#xD;
	at org.openqa.selenium.remote.RemoteWebDriver.execute(RemoteWebDriver.java:552)&#xD;
	at com.kms.katalon.selenium.driver.CChromeDriver.execute(CChromeDriver.java:20)&#xD;
	at org.openqa.selenium.remote.RemoteWebDriver.findElements(RemoteWebDriver.java:353)&#xD;
	at org.openqa.selenium.remote.RemoteWebDriver.findElementsByXPath(RemoteWebDriver.java:432)&#xD;
	at org.openqa.selenium.By$ByXPath.findElements(By.java:348)&#xD;
	at org.openqa.selenium.remote.RemoteWebDriver.findElements(RemoteWebDriver.java:311)&#xD;
	at com.kms.katalon.core.webui.common.WebUiCommonHelper.findWebElements(WebUiCommonHelper.java:761)&#xD;
	at com.kms.katalon.core.webui.common.WebUiCommonHelper.findWebElement(WebUiCommonHelper.java:1093)&#xD;
	at com.kms.katalon.core.webui.common.WebUiCommonHelper$findWebElement.call(Unknown Source)&#xD;
	at platform.Method.clickOnElement(Method.groovy:32)&#xD;
	at platform.Method.invokeMethod(Method.groovy)&#xD;
	at com.kms.katalon.core.main.CustomKeywordDelegatingMetaClass.invokeStaticMethod(CustomKeywordDelegatingMetaClass.java:50)&#xD;
	at encryptionOnCurationAndSessions_Test.run(encryptionOnCurationAndSessions_Test:20)&#xD;
	... 13 more</system-err>
        </testcase>
        <testcase name="Test Cases/TASK_SSO/noneIntentE2E_Test" classname="Test Cases/TASK_SSO/noneIntentE2E_Test" status="ERROR">
            <error type="ERROR" message="Test Cases/TASK_SSO/noneIntentE2E_Test FAILED.&#xA;Reason:&#xA;org.openqa.selenium.WebDriverException: java.net.ConnectException: Failed to connect to localhost/0:0:0:0:0:0:0:1:48717&#xA;Build info: version: '3.141.59', revision: 'e82be7d358', time: '2018-11-14T08:25:53'&#xA;System info: host: 'WLPT580', ip: '192.168.29.195', os.name: 'Windows 8.1', os.arch: 'amd64', os.version: '6.3', java.version: '1.8.0_181'&#xA;Driver info: driver.version: RemoteWebDriver&#xD;&#xA;&#x9;at org.openqa.selenium.remote.service.DriverCommandExecutor.execute(DriverCommandExecutor.java:92)&#xD;&#xA;&#x9;at org.openqa.selenium.remote.RemoteWebDriver.execute(RemoteWebDriver.java:552)&#xD;&#xA;&#x9;at com.kms.katalon.selenium.driver.CChromeDriver.execute(CChromeDriver.java:20)&#xD;&#xA;&#x9;at org.openqa.selenium.remote.RemoteWebDriver.findElements(RemoteWebDriver.java:353)&#xD;&#xA;&#x9;at org.openqa.selenium.remote.RemoteWebDriver.findElementsByXPath(RemoteWebDriver.java:432)&#xD;&#xA;&#x9;at org.openqa.selenium.By$ByXPath.findElements(By.java:348)&#xD;&#xA;&#x9;at org.openqa.selenium.remote.RemoteWebDriver.findElements(RemoteWebDriver.java:311)&#xD;&#xA;&#x9;at com.kms.katalon.core.webui.common.WebUiCommonHelper.findWebElements(WebUiCommonHelper.java:761)&#xD;&#xA;&#x9;at com.kms.katalon.core.webui.common.WebUiCommonHelper.findWebElement(WebUiCommonHelper.java:1093)&#xD;&#xA;&#x9;at com.kms.katalon.core.webui.common.WebUiCommonHelper$findWebElement.call(Unknown Source)&#xD;&#xA;&#x9;at platform.Method.clickOnElement(Method.groovy:32)&#xD;&#xA;&#x9;at platform.Method.invokeMethod(Method.groovy)&#xD;&#xA;&#x9;at com.kms.katalon.core.main.CustomKeywordDelegatingMetaClass.invokeStaticMethod(CustomKeywordDelegatingMetaClass.java:50)&#xD;&#xA;&#x9;at noneIntentE2E_Test.run(noneIntentE2E_Test:12)&#xD;&#xA;&#x9;at com.kms.katalon.core.main.ScriptEngine.run(ScriptEngine.java:194)&#xD;&#xA;&#x9;at com.kms.katalon.core.main.ScriptEngine.runScriptAsRawText(ScriptEngine.java:119)&#xD;&#xA;&#x9;at com.kms.katalon.core.main.TestCaseExecutor.runScript(TestCaseExecutor.java:337)&#xD;&#xA;&#x9;at com.kms.katalon.core.main.TestCaseExecutor.doExecute(TestCaseExecutor.java:328)&#xD;&#xA;&#x9;at com.kms.katalon.core.main.TestCaseExecutor.processExecutionPhase(TestCaseExecutor.java:307)&#xD;&#xA;&#x9;at com.kms.katalon.core.main.TestCaseExecutor.accessMainPhase(TestCaseExecutor.java:299)&#xD;&#xA;&#x9;at com.kms.katalon.core.main.TestCaseExecutor.execute(TestCaseExecutor.java:233)&#xD;&#xA;&#x9;at com.kms.katalon.core.main.TestSuiteExecutor.accessTestCaseMainPhase(TestSuiteExecutor.java:169)&#xD;&#xA;&#x9;at com.kms.katalon.core.main.TestSuiteExecutor.accessTestSuiteMainPhase(TestSuiteExecutor.java:142)&#xD;&#xA;&#x9;at com.kms.katalon.core.main.TestSuiteExecutor.execute(TestSuiteExecutor.java:91)&#xD;&#xA;&#x9;at com.kms.katalon.core.main.TestCaseMain.startTestSuite(TestCaseMain.java:157)&#xD;&#xA;&#x9;at com.kms.katalon.core.main.TestCaseMain$startTestSuite$0.call(Unknown Source)&#xD;&#xA;&#x9;at TempTestSuite1604321309179.run(TempTestSuite1604321309179.groovy:35)&#xD;&#xA;Caused by: java.net.ConnectException: Failed to connect to localhost/0:0:0:0:0:0:0:1:48717&#xD;&#xA;&#x9;at okhttp3.internal.connection.RealConnection.connectSocket(RealConnection.java:247)&#xD;&#xA;&#x9;at okhttp3.internal.connection.RealConnection.connect(RealConnection.java:165)&#xD;&#xA;&#x9;at okhttp3.internal.connection.StreamAllocation.findConnection(StreamAllocation.java:257)&#xD;&#xA;&#x9;at okhttp3.internal.connection.StreamAllocation.findHealthyConnection(StreamAllocation.java:135)&#xD;&#xA;&#x9;at okhttp3.internal.connection.StreamAllocation.newStream(StreamAllocation.java:114)&#xD;&#xA;&#x9;at okhttp3.internal.connection.ConnectInterceptor.intercept(ConnectInterceptor.java:42)&#xD;&#xA;&#x9;at okhttp3.internal.http.RealInterceptorChain.proceed(RealInterceptorChain.java:147)&#xD;&#xA;&#x9;at okhttp3.internal.http.RealInterceptorChain.proceed(RealInterceptorChain.java:121)&#xD;&#xA;&#x9;at okhttp3.internal.cache.CacheInterceptor.intercept(CacheInterceptor.java:93)&#xD;&#xA;&#x9;at okhttp3.internal.http.RealInterceptorChain.proceed(RealInterceptorChain.java:147)&#xD;&#xA;&#x9;at okhttp3.internal.http.RealInterceptorChain.proceed(RealInterceptorChain.java:121)&#xD;&#xA;&#x9;at okhttp3.internal.http.BridgeInterceptor.intercept(BridgeInterceptor.java:93)&#xD;&#xA;&#x9;at okhttp3.internal.http.RealInterceptorChain.proceed(RealInterceptorChain.java:147)&#xD;&#xA;&#x9;at okhttp3.internal.http.RetryAndFollowUpInterceptor.intercept(RetryAndFollowUpInterceptor.java:126)&#xD;&#xA;&#x9;at okhttp3.internal.http.RealInterceptorChain.proceed(RealInterceptorChain.java:147)&#xD;&#xA;&#x9;at okhttp3.internal.http.RealInterceptorChain.proceed(RealInterceptorChain.java:121)&#xD;&#xA;&#x9;at okhttp3.RealCall.getResponseWithInterceptorChain(RealCall.java:200)&#xD;&#xA;&#x9;at okhttp3.RealCall.execute(RealCall.java:77)&#xD;&#xA;&#x9;at org.openqa.selenium.remote.internal.OkHttpClient.execute(OkHttpClient.java:103)&#xD;&#xA;&#x9;at org.openqa.selenium.remote.HttpCommandExecutor.execute(HttpCommandExecutor.java:155)&#xD;&#xA;&#x9;at org.openqa.selenium.remote.service.DriverCommandExecutor.execute(DriverCommandExecutor.java:83)&#xD;&#xA;&#x9;at org.openqa.selenium.remote.RemoteWebDriver.execute(RemoteWebDriver.java:552)&#xD;&#xA;&#x9;at com.kms.katalon.selenium.driver.CChromeDriver.execute(CChromeDriver.java:20)&#xD;&#xA;&#x9;at org.openqa.selenium.remote.RemoteWebDriver.findElements(RemoteWebDriver.java:353)&#xD;&#xA;&#x9;at org.openqa.selenium.remote.RemoteWebDriver.findElementsByXPath(RemoteWebDriver.java:432)&#xD;&#xA;&#x9;at org.openqa.selenium.By$ByXPath.findElements(By.java:348)&#xD;&#xA;&#x9;at org.openqa.selenium.remote.RemoteWebDriver.findElements(RemoteWebDriver.java:311)&#xD;&#xA;&#x9;at com.kms.katalon.core.webui.common.WebUiCommonHelper.findWebElements(WebUiCommonHelper.java:761)&#xD;&#xA;&#x9;at com.kms.katalon.core.webui.common.WebUiCommonHelper.findWebElement(WebUiCommonHelper.java:1093)&#xD;&#xA;&#x9;at com.kms.katalon.core.webui.common.WebUiCommonHelper$findWebElement.call(Unknown Source)&#xD;&#xA;&#x9;at platform.Method.clickOnElement(Method.groovy:32)&#xD;&#xA;&#x9;at platform.Method.invokeMethod(Method.groovy)&#xD;&#xA;&#x9;at com.kms.katalon.core.main.CustomKeywordDelegatingMetaClass.invokeStaticMethod(CustomKeywordDelegatingMetaClass.java:50)&#xD;&#xA;&#x9;at Script1598969061934.run(Script1598969061934.groovy:12)&#xD;&#xA;&#x9;... 13 more&#xD;&#xA;Caused by: java.net.ConnectException: Connection refused: connect&#xD;&#xA;&#x9;at okhttp3.internal.platform.Platform.connectSocket(Platform.java:129)&#xD;&#xA;&#x9;at okhttp3.internal.connection.RealConnection.connectSocket(RealConnection.java:245)&#xD;&#xA;&#x9;at okhttp3.internal.connection.RealConnection.connect(RealConnection.java:165)&#xD;&#xA;&#x9;at okhttp3.internal.connection.StreamAllocation.findConnection(StreamAllocation.java:257)&#xD;&#xA;&#x9;at okhttp3.internal.connection.StreamAllocation.findHealthyConnection(StreamAllocation.java:135)&#xD;&#xA;&#x9;at okhttp3.internal.connection.StreamAllocation.newStream(StreamAllocation.java:114)&#xD;&#xA;&#x9;at okhttp3.internal.connection.ConnectInterceptor.intercept(ConnectInterceptor.java:42)&#xD;&#xA;&#x9;at okhttp3.internal.http.RealInterceptorChain.proceed(RealInterceptorChain.java:147)&#xD;&#xA;&#x9;at okhttp3.internal.http.RealInterceptorChain.proceed(RealInterceptorChain.java:121)&#xD;&#xA;&#x9;at okhttp3.internal.cache.CacheInterceptor.intercept(CacheInterceptor.java:93)&#xD;&#xA;&#x9;at okhttp3.internal.http.RealInterceptorChain.proceed(RealInterceptorChain.java:147)&#xD;&#xA;&#x9;at okhttp3.internal.http.RealInterceptorChain.proceed(RealInterceptorChain.java:121)&#xD;&#xA;&#x9;at okhttp3.internal.http.BridgeInterceptor.intercept(BridgeInterceptor.java:93)&#xD;&#xA;&#x9;at okhttp3.internal.http.RealInterceptorChain.proceed(RealInterceptorChain.java:147)&#xD;&#xA;&#x9;at okhttp3.internal.http.RetryAndFollowUpInterceptor.intercept(RetryAndFollowUpInterceptor.java:126)&#xD;&#xA;&#x9;at okhttp3.internal.http.RealInterceptorChain.proceed(RealInterceptorChain.java:147)&#xD;&#xA;&#x9;at okhttp3.internal.http.RealInterceptorChain.proceed(RealInterceptorChain.java:121)&#xD;&#xA;&#x9;at okhttp3.RealCall.getResponseWithInterceptorChain(RealCall.java:200)&#xD;&#xA;&#x9;at okhttp3.RealCall.execute(RealCall.java:77)&#xD;&#xA;&#x9;at org.openqa.selenium.remote.internal.OkHttpClient.execute(OkHttpClient.java:103)&#xD;&#xA;&#x9;at org.openqa.selenium.remote.HttpCommandExecutor.execute(HttpCommandExecutor.java:155)&#xD;&#xA;&#x9;at org.openqa.selenium.remote.service.DriverCommandExecutor.execute(DriverCommandExecutor.java:83)&#xD;&#xA;&#x9;at org.openqa.selenium.remote.RemoteWebDriver.execute(RemoteWebDriver.java:552)&#xD;&#xA;&#x9;at com.kms.katalon.selenium.driver.CChromeDriver.execute(CChromeDriver.java:20)&#xD;&#xA;&#x9;at org.openqa.selenium.remote.RemoteWebDriver.findElements(RemoteWebDriver.java:353)&#xD;&#xA;&#x9;at org.openqa.selenium.remote.RemoteWebDriver.findElementsByXPath(RemoteWebDriver.java:432)&#xD;&#xA;&#x9;at org.openqa.selenium.By$ByXPath.findElements(By.java:348)&#xD;&#xA;&#x9;at org.openqa.selenium.remote.RemoteWebDriver.findElements(RemoteWebDriver.java:311)&#xD;&#xA;&#x9;at com.kms.katalon.core.webui.common.WebUiCommonHelper.findWebElements(WebUiCommonHelper.java:761)&#xD;&#xA;&#x9;at com.kms.katalon.core.webui.common.WebUiCommonHelper.findWebElement(WebUiCommonHelper.java:1093)&#xD;&#xA;&#x9;at com.kms.katalon.core.webui.common.WebUiCommonHelper$findWebElement.call(Unknown Source)&#xD;&#xA;&#x9;at platform.Method.clickOnElement(Method.groovy:32)&#xD;&#xA;&#x9;at platform.Method.invokeMethod(Method.groovy)&#xD;&#xA;&#x9;at com.kms.katalon.core.main.CustomKeywordDelegatingMetaClass.invokeStaticMethod(CustomKeywordDelegatingMetaClass.java:50)&#xD;&#xA;&#x9;at noneIntentE2E_Test.run(noneIntentE2E_Test:12)&#xD;&#xA;&#x9;... 13 more&#xD;&#xA;"/>
            <system-out>2020-11-02 18:36:26 - [TEST_CASE][ERROR] - Test Cases/TASK_SSO/noneIntentE2E_Test: Test Cases/TASK_SSO/noneIntentE2E_Test FAILED.
Reason:
org.openqa.selenium.WebDriverException: java.net.ConnectException: Failed to connect to localhost/0:0:0:0:0:0:0:1:48717
Build info: version: '3.141.59', revision: 'e82be7d358', time: '2018-11-14T08:25:53'
System info: host: 'WLPT580', ip: '192.168.29.195', os.name: 'Windows 8.1', os.arch: 'amd64', os.version: '6.3', java.version: '1.8.0_181'
Driver info: driver.version: RemoteWebDriver&#xD;
	at org.openqa.selenium.remote.service.DriverCommandExecutor.execute(DriverCommandExecutor.java:92)&#xD;
	at org.openqa.selenium.remote.RemoteWebDriver.execute(RemoteWebDriver.java:552)&#xD;
	at com.kms.katalon.selenium.driver.CChromeDriver.execute(CChromeDriver.java:20)&#xD;
	at org.openqa.selenium.remote.RemoteWebDriver.findElements(RemoteWebDriver.java:353)&#xD;
	at org.openqa.selenium.remote.RemoteWebDriver.findElementsByXPath(RemoteWebDriver.java:432)&#xD;
	at org.openqa.selenium.By$ByXPath.findElements(By.java:348)&#xD;
	at org.openqa.selenium.remote.RemoteWebDriver.findElements(RemoteWebDriver.java:311)&#xD;
	at com.kms.katalon.core.webui.common.WebUiCommonHelper.findWebElements(WebUiCommonHelper.java:761)&#xD;
	at com.kms.katalon.core.webui.common.WebUiCommonHelper.findWebElement(WebUiCommonHelper.java:1093)&#xD;
	at com.kms.katalon.core.webui.common.WebUiCommonHelper$findWebElement.call(Unknown Source)&#xD;
	at platform.Method.clickOnElement(Method.groovy:32)&#xD;
	at platform.Method.invokeMethod(Method.groovy)&#xD;
	at com.kms.katalon.core.main.CustomKeywordDelegatingMetaClass.invokeStaticMethod(CustomKeywordDelegatingMetaClass.java:50)&#xD;
	at noneIntentE2E_Test.run(noneIntentE2E_Test:12)&#xD;
	at com.kms.katalon.core.main.ScriptEngine.run(ScriptEngine.java:194)&#xD;
	at com.kms.katalon.core.main.ScriptEngine.runScriptAsRawText(ScriptEngine.java:119)&#xD;
	at com.kms.katalon.core.main.TestCaseExecutor.runScript(TestCaseExecutor.java:337)&#xD;
	at com.kms.katalon.core.main.TestCaseExecutor.doExecute(TestCaseExecutor.java:328)&#xD;
	at com.kms.katalon.core.main.TestCaseExecutor.processExecutionPhase(TestCaseExecutor.java:307)&#xD;
	at com.kms.katalon.core.main.TestCaseExecutor.accessMainPhase(TestCaseExecutor.java:299)&#xD;
	at com.kms.katalon.core.main.TestCaseExecutor.execute(TestCaseExecutor.java:233)&#xD;
	at com.kms.katalon.core.main.TestSuiteExecutor.accessTestCaseMainPhase(TestSuiteExecutor.java:169)&#xD;
	at com.kms.katalon.core.main.TestSuiteExecutor.accessTestSuiteMainPhase(TestSuiteExecutor.java:142)&#xD;
	at com.kms.katalon.core.main.TestSuiteExecutor.execute(TestSuiteExecutor.java:91)&#xD;
	at com.kms.katalon.core.main.TestCaseMain.startTestSuite(TestCaseMain.java:157)&#xD;
	at com.kms.katalon.core.main.TestCaseMain$startTestSuite$0.call(Unknown Source)&#xD;
	at TempTestSuite1604321309179.run(TempTestSuite1604321309179.groovy:35)&#xD;
Caused by: java.net.ConnectException: Failed to connect to localhost/0:0:0:0:0:0:0:1:48717&#xD;
	at okhttp3.internal.connection.RealConnection.connectSocket(RealConnection.java:247)&#xD;
	at okhttp3.internal.connection.RealConnection.connect(RealConnection.java:165)&#xD;
	at okhttp3.internal.connection.StreamAllocation.findConnection(StreamAllocation.java:257)&#xD;
	at okhttp3.internal.connection.StreamAllocation.findHealthyConnection(StreamAllocation.java:135)&#xD;
	at okhttp3.internal.connection.StreamAllocation.newStream(StreamAllocation.java:114)&#xD;
	at okhttp3.internal.connection.ConnectInterceptor.intercept(ConnectInterceptor.java:42)&#xD;
	at okhttp3.internal.http.RealInterceptorChain.proceed(RealInterceptorChain.java:147)&#xD;
	at okhttp3.internal.http.RealInterceptorChain.proceed(RealInterceptorChain.java:121)&#xD;
	at okhttp3.internal.cache.CacheInterceptor.intercept(CacheInterceptor.java:93)&#xD;
	at okhttp3.internal.http.RealInterceptorChain.proceed(RealInterceptorChain.java:147)&#xD;
	at okhttp3.internal.http.RealInterceptorChain.proceed(RealInterceptorChain.java:121)&#xD;
	at okhttp3.internal.http.BridgeInterceptor.intercept(BridgeInterceptor.java:93)&#xD;
	at okhttp3.internal.http.RealInterceptorChain.proceed(RealInterceptorChain.java:147)&#xD;
	at okhttp3.internal.http.RetryAndFollowUpInterceptor.intercept(RetryAndFollowUpInterceptor.java:126)&#xD;
	at okhttp3.internal.http.RealInterceptorChain.proceed(RealInterceptorChain.java:147)&#xD;
	at okhttp3.internal.http.RealInterceptorChain.proceed(RealInterceptorChain.java:121)&#xD;
	at okhttp3.RealCall.getResponseWithInterceptorChain(RealCall.java:200)&#xD;
	at okhttp3.RealCall.execute(RealCall.java:77)&#xD;
	at org.openqa.selenium.remote.internal.OkHttpClient.execute(OkHttpClient.java:103)&#xD;
	at org.openqa.selenium.remote.HttpCommandExecutor.execute(HttpCommandExecutor.java:155)&#xD;
	at org.openqa.selenium.remote.service.DriverCommandExecutor.execute(DriverCommandExecutor.java:83)&#xD;
	at org.openqa.selenium.remote.RemoteWebDriver.execute(RemoteWebDriver.java:552)&#xD;
	at com.kms.katalon.selenium.driver.CChromeDriver.execute(CChromeDriver.java:20)&#xD;
	at org.openqa.selenium.remote.RemoteWebDriver.findElements(RemoteWebDriver.java:353)&#xD;
	at org.openqa.selenium.remote.RemoteWebDriver.findElementsByXPath(RemoteWebDriver.java:432)&#xD;
	at org.openqa.selenium.By$ByXPath.findElements(By.java:348)&#xD;
	at org.openqa.selenium.remote.RemoteWebDriver.findElements(RemoteWebDriver.java:311)&#xD;
	at com.kms.katalon.core.webui.common.WebUiCommonHelper.findWebElements(WebUiCommonHelper.java:761)&#xD;
	at com.kms.katalon.core.webui.common.WebUiCommonHelper.findWebElement(WebUiCommonHelper.java:1093)&#xD;
	at com.kms.katalon.core.webui.common.WebUiCommonHelper$findWebElement.call(Unknown Source)&#xD;
	at platform.Method.clickOnElement(Method.groovy:32)&#xD;
	at platform.Method.invokeMethod(Method.groovy)&#xD;
	at com.kms.katalon.core.main.CustomKeywordDelegatingMetaClass.invokeStaticMethod(CustomKeywordDelegatingMetaClass.java:50)&#xD;
	at Script1598969061934.run(Script1598969061934.groovy:12)&#xD;
	... 13 more&#xD;
Caused by: java.net.ConnectException: Connection refused: connect&#xD;
	at okhttp3.internal.platform.Platform.connectSocket(Platform.java:129)&#xD;
	at okhttp3.internal.connection.RealConnection.connectSocket(RealConnection.java:245)&#xD;
	at okhttp3.internal.connection.RealConnection.connect(RealConnection.java:165)&#xD;
	at okhttp3.internal.connection.StreamAllocation.findConnection(StreamAllocation.java:257)&#xD;
	at okhttp3.internal.connection.StreamAllocation.findHealthyConnection(StreamAllocation.java:135)&#xD;
	at okhttp3.internal.connection.StreamAllocation.newStream(StreamAllocation.java:114)&#xD;
	at okhttp3.internal.connection.ConnectInterceptor.intercept(ConnectInterceptor.java:42)&#xD;
	at okhttp3.internal.http.RealInterceptorChain.proceed(RealInterceptorChain.java:147)&#xD;
	at okhttp3.internal.http.RealInterceptorChain.proceed(RealInterceptorChain.java:121)&#xD;
	at okhttp3.internal.cache.CacheInterceptor.intercept(CacheInterceptor.java:93)&#xD;
	at okhttp3.internal.http.RealInterceptorChain.proceed(RealInterceptorChain.java:147)&#xD;
	at okhttp3.internal.http.RealInterceptorChain.proceed(RealInterceptorChain.java:121)&#xD;
	at okhttp3.internal.http.BridgeInterceptor.intercept(BridgeInterceptor.java:93)&#xD;
	at okhttp3.internal.http.RealInterceptorChain.proceed(RealInterceptorChain.java:147)&#xD;
	at okhttp3.internal.http.RetryAndFollowUpInterceptor.intercept(RetryAndFollowUpInterceptor.java:126)&#xD;
	at okhttp3.internal.http.RealInterceptorChain.proceed(RealInterceptorChain.java:147)&#xD;
	at okhttp3.internal.http.RealInterceptorChain.proceed(RealInterceptorChain.java:121)&#xD;
	at okhttp3.RealCall.getResponseWithInterceptorChain(RealCall.java:200)&#xD;
	at okhttp3.RealCall.execute(RealCall.java:77)&#xD;
	at org.openqa.selenium.remote.internal.OkHttpClient.execute(OkHttpClient.java:103)&#xD;
	at org.openqa.selenium.remote.HttpCommandExecutor.execute(HttpCommandExecutor.java:155)&#xD;
	at org.openqa.selenium.remote.service.DriverCommandExecutor.execute(DriverCommandExecutor.java:83)&#xD;
	at org.openqa.selenium.remote.RemoteWebDriver.execute(RemoteWebDriver.java:552)&#xD;
	at com.kms.katalon.selenium.driver.CChromeDriver.execute(CChromeDriver.java:20)&#xD;
	at org.openqa.selenium.remote.RemoteWebDriver.findElements(RemoteWebDriver.java:353)&#xD;
	at org.openqa.selenium.remote.RemoteWebDriver.findElementsByXPath(RemoteWebDriver.java:432)&#xD;
	at org.openqa.selenium.By$ByXPath.findElements(By.java:348)&#xD;
	at org.openqa.selenium.remote.RemoteWebDriver.findElements(RemoteWebDriver.java:311)&#xD;
	at com.kms.katalon.core.webui.common.WebUiCommonHelper.findWebElements(WebUiCommonHelper.java:761)&#xD;
	at com.kms.katalon.core.webui.common.WebUiCommonHelper.findWebElement(WebUiCommonHelper.java:1093)&#xD;
	at com.kms.katalon.core.webui.common.WebUiCommonHelper$findWebElement.call(Unknown Source)&#xD;
	at platform.Method.clickOnElement(Method.groovy:32)&#xD;
	at platform.Method.invokeMethod(Method.groovy)&#xD;
	at com.kms.katalon.core.main.CustomKeywordDelegatingMetaClass.invokeStaticMethod(CustomKeywordDelegatingMetaClass.java:50)&#xD;
	at noneIntentE2E_Test.run(noneIntentE2E_Test:12)&#xD;
	... 13 more&#xD;
&#xD;
&#xD;
2020-11-02 18:36:27 - [TEST_STEP][ERROR] - platform.Method.clickOnElement(findTestObject("Generic/imiLogo")): java.net.ConnectException: Failed to connect to localhost/0:0:0:0:0:0:0:1:48717
Build info: version: '3.141.59', revision: 'e82be7d358', time: '2018-11-14T08:25:53'
System info: host: 'WLPT580', ip: '192.168.29.195', os.name: 'Windows 8.1', os.arch: 'amd64', os.version: '6.3', java.version: '1.8.0_181'
Driver info: driver.version: RemoteWebDriver&#xD;
&#xD;
2020-11-02 18:36:30 - [MESSAGE][ERROR] - java.net.ConnectException: Failed to connect to localhost/0:0:0:0:0:0:0:1:48717
Build info: version: '3.141.59', revision: 'e82be7d358', time: '2018-11-14T08:25:53'
System info: host: 'WLPT580', ip: '192.168.29.195', os.name: 'Windows 8.1', os.arch: 'amd64', os.version: '6.3', java.version: '1.8.0_181'
Driver info: driver.version: RemoteWebDriver</system-out>
            <system-err>2020-11-02 18:36:26 - [TEST_CASE][ERROR] - Test Cases/TASK_SSO/noneIntentE2E_Test: Test Cases/TASK_SSO/noneIntentE2E_Test FAILED.
Reason:
org.openqa.selenium.WebDriverException: java.net.ConnectException: Failed to connect to localhost/0:0:0:0:0:0:0:1:48717
Build info: version: '3.141.59', revision: 'e82be7d358', time: '2018-11-14T08:25:53'
System info: host: 'WLPT580', ip: '192.168.29.195', os.name: 'Windows 8.1', os.arch: 'amd64', os.version: '6.3', java.version: '1.8.0_181'
Driver info: driver.version: RemoteWebDriver&#xD;
	at org.openqa.selenium.remote.service.DriverCommandExecutor.execute(DriverCommandExecutor.java:92)&#xD;
	at org.openqa.selenium.remote.RemoteWebDriver.execute(RemoteWebDriver.java:552)&#xD;
	at com.kms.katalon.selenium.driver.CChromeDriver.execute(CChromeDriver.java:20)&#xD;
	at org.openqa.selenium.remote.RemoteWebDriver.findElements(RemoteWebDriver.java:353)&#xD;
	at org.openqa.selenium.remote.RemoteWebDriver.findElementsByXPath(RemoteWebDriver.java:432)&#xD;
	at org.openqa.selenium.By$ByXPath.findElements(By.java:348)&#xD;
	at org.openqa.selenium.remote.RemoteWebDriver.findElements(RemoteWebDriver.java:311)&#xD;
	at com.kms.katalon.core.webui.common.WebUiCommonHelper.findWebElements(WebUiCommonHelper.java:761)&#xD;
	at com.kms.katalon.core.webui.common.WebUiCommonHelper.findWebElement(WebUiCommonHelper.java:1093)&#xD;
	at com.kms.katalon.core.webui.common.WebUiCommonHelper$findWebElement.call(Unknown Source)&#xD;
	at platform.Method.clickOnElement(Method.groovy:32)&#xD;
	at platform.Method.invokeMethod(Method.groovy)&#xD;
	at com.kms.katalon.core.main.CustomKeywordDelegatingMetaClass.invokeStaticMethod(CustomKeywordDelegatingMetaClass.java:50)&#xD;
	at noneIntentE2E_Test.run(noneIntentE2E_Test:12)&#xD;
	at com.kms.katalon.core.main.ScriptEngine.run(ScriptEngine.java:194)&#xD;
	at com.kms.katalon.core.main.ScriptEngine.runScriptAsRawText(ScriptEngine.java:119)&#xD;
	at com.kms.katalon.core.main.TestCaseExecutor.runScript(TestCaseExecutor.java:337)&#xD;
	at com.kms.katalon.core.main.TestCaseExecutor.doExecute(TestCaseExecutor.java:328)&#xD;
	at com.kms.katalon.core.main.TestCaseExecutor.processExecutionPhase(TestCaseExecutor.java:307)&#xD;
	at com.kms.katalon.core.main.TestCaseExecutor.accessMainPhase(TestCaseExecutor.java:299)&#xD;
	at com.kms.katalon.core.main.TestCaseExecutor.execute(TestCaseExecutor.java:233)&#xD;
	at com.kms.katalon.core.main.TestSuiteExecutor.accessTestCaseMainPhase(TestSuiteExecutor.java:169)&#xD;
	at com.kms.katalon.core.main.TestSuiteExecutor.accessTestSuiteMainPhase(TestSuiteExecutor.java:142)&#xD;
	at com.kms.katalon.core.main.TestSuiteExecutor.execute(TestSuiteExecutor.java:91)&#xD;
	at com.kms.katalon.core.main.TestCaseMain.startTestSuite(TestCaseMain.java:157)&#xD;
	at com.kms.katalon.core.main.TestCaseMain$startTestSuite$0.call(Unknown Source)&#xD;
	at TempTestSuite1604321309179.run(TempTestSuite1604321309179.groovy:35)&#xD;
Caused by: java.net.ConnectException: Failed to connect to localhost/0:0:0:0:0:0:0:1:48717&#xD;
	at okhttp3.internal.connection.RealConnection.connectSocket(RealConnection.java:247)&#xD;
	at okhttp3.internal.connection.RealConnection.connect(RealConnection.java:165)&#xD;
	at okhttp3.internal.connection.StreamAllocation.findConnection(StreamAllocation.java:257)&#xD;
	at okhttp3.internal.connection.StreamAllocation.findHealthyConnection(StreamAllocation.java:135)&#xD;
	at okhttp3.internal.connection.StreamAllocation.newStream(StreamAllocation.java:114)&#xD;
	at okhttp3.internal.connection.ConnectInterceptor.intercept(ConnectInterceptor.java:42)&#xD;
	at okhttp3.internal.http.RealInterceptorChain.proceed(RealInterceptorChain.java:147)&#xD;
	at okhttp3.internal.http.RealInterceptorChain.proceed(RealInterceptorChain.java:121)&#xD;
	at okhttp3.internal.cache.CacheInterceptor.intercept(CacheInterceptor.java:93)&#xD;
	at okhttp3.internal.http.RealInterceptorChain.proceed(RealInterceptorChain.java:147)&#xD;
	at okhttp3.internal.http.RealInterceptorChain.proceed(RealInterceptorChain.java:121)&#xD;
	at okhttp3.internal.http.BridgeInterceptor.intercept(BridgeInterceptor.java:93)&#xD;
	at okhttp3.internal.http.RealInterceptorChain.proceed(RealInterceptorChain.java:147)&#xD;
	at okhttp3.internal.http.RetryAndFollowUpInterceptor.intercept(RetryAndFollowUpInterceptor.java:126)&#xD;
	at okhttp3.internal.http.RealInterceptorChain.proceed(RealInterceptorChain.java:147)&#xD;
	at okhttp3.internal.http.RealInterceptorChain.proceed(RealInterceptorChain.java:121)&#xD;
	at okhttp3.RealCall.getResponseWithInterceptorChain(RealCall.java:200)&#xD;
	at okhttp3.RealCall.execute(RealCall.java:77)&#xD;
	at org.openqa.selenium.remote.internal.OkHttpClient.execute(OkHttpClient.java:103)&#xD;
	at org.openqa.selenium.remote.HttpCommandExecutor.execute(HttpCommandExecutor.java:155)&#xD;
	at org.openqa.selenium.remote.service.DriverCommandExecutor.execute(DriverCommandExecutor.java:83)&#xD;
	at org.openqa.selenium.remote.RemoteWebDriver.execute(RemoteWebDriver.java:552)&#xD;
	at com.kms.katalon.selenium.driver.CChromeDriver.execute(CChromeDriver.java:20)&#xD;
	at org.openqa.selenium.remote.RemoteWebDriver.findElements(RemoteWebDriver.java:353)&#xD;
	at org.openqa.selenium.remote.RemoteWebDriver.findElementsByXPath(RemoteWebDriver.java:432)&#xD;
	at org.openqa.selenium.By$ByXPath.findElements(By.java:348)&#xD;
	at org.openqa.selenium.remote.RemoteWebDriver.findElements(RemoteWebDriver.java:311)&#xD;
	at com.kms.katalon.core.webui.common.WebUiCommonHelper.findWebElements(WebUiCommonHelper.java:761)&#xD;
	at com.kms.katalon.core.webui.common.WebUiCommonHelper.findWebElement(WebUiCommonHelper.java:1093)&#xD;
	at com.kms.katalon.core.webui.common.WebUiCommonHelper$findWebElement.call(Unknown Source)&#xD;
	at platform.Method.clickOnElement(Method.groovy:32)&#xD;
	at platform.Method.invokeMethod(Method.groovy)&#xD;
	at com.kms.katalon.core.main.CustomKeywordDelegatingMetaClass.invokeStaticMethod(CustomKeywordDelegatingMetaClass.java:50)&#xD;
	at Script1598969061934.run(Script1598969061934.groovy:12)&#xD;
	... 13 more&#xD;
Caused by: java.net.ConnectException: Connection refused: connect&#xD;
	at okhttp3.internal.platform.Platform.connectSocket(Platform.java:129)&#xD;
	at okhttp3.internal.connection.RealConnection.connectSocket(RealConnection.java:245)&#xD;
	at okhttp3.internal.connection.RealConnection.connect(RealConnection.java:165)&#xD;
	at okhttp3.internal.connection.StreamAllocation.findConnection(StreamAllocation.java:257)&#xD;
	at okhttp3.internal.connection.StreamAllocation.findHealthyConnection(StreamAllocation.java:135)&#xD;
	at okhttp3.internal.connection.StreamAllocation.newStream(StreamAllocation.java:114)&#xD;
	at okhttp3.internal.connection.ConnectInterceptor.intercept(ConnectInterceptor.java:42)&#xD;
	at okhttp3.internal.http.RealInterceptorChain.proceed(RealInterceptorChain.java:147)&#xD;
	at okhttp3.internal.http.RealInterceptorChain.proceed(RealInterceptorChain.java:121)&#xD;
	at okhttp3.internal.cache.CacheInterceptor.intercept(CacheInterceptor.java:93)&#xD;
	at okhttp3.internal.http.RealInterceptorChain.proceed(RealInterceptorChain.java:147)&#xD;
	at okhttp3.internal.http.RealInterceptorChain.proceed(RealInterceptorChain.java:121)&#xD;
	at okhttp3.internal.http.BridgeInterceptor.intercept(BridgeInterceptor.java:93)&#xD;
	at okhttp3.internal.http.RealInterceptorChain.proceed(RealInterceptorChain.java:147)&#xD;
	at okhttp3.internal.http.RetryAndFollowUpInterceptor.intercept(RetryAndFollowUpInterceptor.java:126)&#xD;
	at okhttp3.internal.http.RealInterceptorChain.proceed(RealInterceptorChain.java:147)&#xD;
	at okhttp3.internal.http.RealInterceptorChain.proceed(RealInterceptorChain.java:121)&#xD;
	at okhttp3.RealCall.getResponseWithInterceptorChain(RealCall.java:200)&#xD;
	at okhttp3.RealCall.execute(RealCall.java:77)&#xD;
	at org.openqa.selenium.remote.internal.OkHttpClient.execute(OkHttpClient.java:103)&#xD;
	at org.openqa.selenium.remote.HttpCommandExecutor.execute(HttpCommandExecutor.java:155)&#xD;
	at org.openqa.selenium.remote.service.DriverCommandExecutor.execute(DriverCommandExecutor.java:83)&#xD;
	at org.openqa.selenium.remote.RemoteWebDriver.execute(RemoteWebDriver.java:552)&#xD;
	at com.kms.katalon.selenium.driver.CChromeDriver.execute(CChromeDriver.java:20)&#xD;
	at org.openqa.selenium.remote.RemoteWebDriver.findElements(RemoteWebDriver.java:353)&#xD;
	at org.openqa.selenium.remote.RemoteWebDriver.findElementsByXPath(RemoteWebDriver.java:432)&#xD;
	at org.openqa.selenium.By$ByXPath.findElements(By.java:348)&#xD;
	at org.openqa.selenium.remote.RemoteWebDriver.findElements(RemoteWebDriver.java:311)&#xD;
	at com.kms.katalon.core.webui.common.WebUiCommonHelper.findWebElements(WebUiCommonHelper.java:761)&#xD;
	at com.kms.katalon.core.webui.common.WebUiCommonHelper.findWebElement(WebUiCommonHelper.java:1093)&#xD;
	at com.kms.katalon.core.webui.common.WebUiCommonHelper$findWebElement.call(Unknown Source)&#xD;
	at platform.Method.clickOnElement(Method.groovy:32)&#xD;
	at platform.Method.invokeMethod(Method.groovy)&#xD;
	at com.kms.katalon.core.main.CustomKeywordDelegatingMetaClass.invokeStaticMethod(CustomKeywordDelegatingMetaClass.java:50)&#xD;
	at noneIntentE2E_Test.run(noneIntentE2E_Test:12)&#xD;
	... 13 more</system-err>
        </testcase>
        <testcase name="Test Cases/Sprint/v4.3/alertTestOnResponseDesignerTemplateTask" classname="Test Cases/Sprint/v4.3/alertTestOnResponseDesignerTemplateTask" status="ERROR">
            <error type="ERROR" message="Test Cases/Sprint/v4.3/alertTestOnResponseDesignerTemplateTask FAILED.&#xA;Reason:&#xA;org.openqa.selenium.WebDriverException: java.net.ConnectException: Failed to connect to localhost/0:0:0:0:0:0:0:1:48717&#xA;Build info: version: '3.141.59', revision: 'e82be7d358', time: '2018-11-14T08:25:53'&#xA;System info: host: 'WLPT580', ip: '192.168.29.195', os.name: 'Windows 8.1', os.arch: 'amd64', os.version: '6.3', java.version: '1.8.0_181'&#xA;Driver info: driver.version: RemoteWebDriver&#xD;&#xA;&#x9;at org.openqa.selenium.remote.service.DriverCommandExecutor.execute(DriverCommandExecutor.java:92)&#xD;&#xA;&#x9;at org.openqa.selenium.remote.RemoteWebDriver.execute(RemoteWebDriver.java:552)&#xD;&#xA;&#x9;at com.kms.katalon.selenium.driver.CChromeDriver.execute(CChromeDriver.java:20)&#xD;&#xA;&#x9;at org.openqa.selenium.remote.RemoteWebDriver.findElements(RemoteWebDriver.java:353)&#xD;&#xA;&#x9;at org.openqa.selenium.remote.RemoteWebDriver.findElementsByXPath(RemoteWebDriver.java:432)&#xD;&#xA;&#x9;at org.openqa.selenium.By$ByXPath.findElements(By.java:348)&#xD;&#xA;&#x9;at org.openqa.selenium.remote.RemoteWebDriver.findElements(RemoteWebDriver.java:311)&#xD;&#xA;&#x9;at com.kms.katalon.core.webui.common.WebUiCommonHelper.findWebElements(WebUiCommonHelper.java:761)&#xD;&#xA;&#x9;at com.kms.katalon.core.webui.common.WebUiCommonHelper.findWebElement(WebUiCommonHelper.java:1093)&#xD;&#xA;&#x9;at com.kms.katalon.core.webui.common.WebUiCommonHelper$findWebElement.call(Unknown Source)&#xD;&#xA;&#x9;at platform.Method.clickOnElement(Method.groovy:32)&#xD;&#xA;&#x9;at platform.Method.invokeMethod(Method.groovy)&#xD;&#xA;&#x9;at com.kms.katalon.core.main.CustomKeywordDelegatingMetaClass.invokeStaticMethod(CustomKeywordDelegatingMetaClass.java:50)&#xD;&#xA;&#x9;at alertTestOnResponseDesignerTemplateTask.run(alertTestOnResponseDesignerTemplateTask:24)&#xD;&#xA;&#x9;at com.kms.katalon.core.main.ScriptEngine.run(ScriptEngine.java:194)&#xD;&#xA;&#x9;at com.kms.katalon.core.main.ScriptEngine.runScriptAsRawText(ScriptEngine.java:119)&#xD;&#xA;&#x9;at com.kms.katalon.core.main.TestCaseExecutor.runScript(TestCaseExecutor.java:337)&#xD;&#xA;&#x9;at com.kms.katalon.core.main.TestCaseExecutor.doExecute(TestCaseExecutor.java:328)&#xD;&#xA;&#x9;at com.kms.katalon.core.main.TestCaseExecutor.processExecutionPhase(TestCaseExecutor.java:307)&#xD;&#xA;&#x9;at com.kms.katalon.core.main.TestCaseExecutor.accessMainPhase(TestCaseExecutor.java:299)&#xD;&#xA;&#x9;at com.kms.katalon.core.main.TestCaseExecutor.execute(TestCaseExecutor.java:233)&#xD;&#xA;&#x9;at com.kms.katalon.core.main.TestSuiteExecutor.accessTestCaseMainPhase(TestSuiteExecutor.java:169)&#xD;&#xA;&#x9;at com.kms.katalon.core.main.TestSuiteExecutor.accessTestSuiteMainPhase(TestSuiteExecutor.java:142)&#xD;&#xA;&#x9;at com.kms.katalon.core.main.TestSuiteExecutor.execute(TestSuiteExecutor.java:91)&#xD;&#xA;&#x9;at com.kms.katalon.core.main.TestCaseMain.startTestSuite(TestCaseMain.java:157)&#xD;&#xA;&#x9;at com.kms.katalon.core.main.TestCaseMain$startTestSuite$0.call(Unknown Source)&#xD;&#xA;&#x9;at TempTestSuite1604321309179.run(TempTestSuite1604321309179.groovy:35)&#xD;&#xA;Caused by: java.net.ConnectException: Failed to connect to localhost/0:0:0:0:0:0:0:1:48717&#xD;&#xA;&#x9;at okhttp3.internal.connection.RealConnection.connectSocket(RealConnection.java:247)&#xD;&#xA;&#x9;at okhttp3.internal.connection.RealConnection.connect(RealConnection.java:165)&#xD;&#xA;&#x9;at okhttp3.internal.connection.StreamAllocation.findConnection(StreamAllocation.java:257)&#xD;&#xA;&#x9;at okhttp3.internal.connection.StreamAllocation.findHealthyConnection(StreamAllocation.java:135)&#xD;&#xA;&#x9;at okhttp3.internal.connection.StreamAllocation.newStream(StreamAllocation.java:114)&#xD;&#xA;&#x9;at okhttp3.internal.connection.ConnectInterceptor.intercept(ConnectInterceptor.java:42)&#xD;&#xA;&#x9;at okhttp3.internal.http.RealInterceptorChain.proceed(RealInterceptorChain.java:147)&#xD;&#xA;&#x9;at okhttp3.internal.http.RealInterceptorChain.proceed(RealInterceptorChain.java:121)&#xD;&#xA;&#x9;at okhttp3.internal.cache.CacheInterceptor.intercept(CacheInterceptor.java:93)&#xD;&#xA;&#x9;at okhttp3.internal.http.RealInterceptorChain.proceed(RealInterceptorChain.java:147)&#xD;&#xA;&#x9;at okhttp3.internal.http.RealInterceptorChain.proceed(RealInterceptorChain.java:121)&#xD;&#xA;&#x9;at okhttp3.internal.http.BridgeInterceptor.intercept(BridgeInterceptor.java:93)&#xD;&#xA;&#x9;at okhttp3.internal.http.RealInterceptorChain.proceed(RealInterceptorChain.java:147)&#xD;&#xA;&#x9;at okhttp3.internal.http.RetryAndFollowUpInterceptor.intercept(RetryAndFollowUpInterceptor.java:126)&#xD;&#xA;&#x9;at okhttp3.internal.http.RealInterceptorChain.proceed(RealInterceptorChain.java:147)&#xD;&#xA;&#x9;at okhttp3.internal.http.RealInterceptorChain.proceed(RealInterceptorChain.java:121)&#xD;&#xA;&#x9;at okhttp3.RealCall.getResponseWithInterceptorChain(RealCall.java:200)&#xD;&#xA;&#x9;at okhttp3.RealCall.execute(RealCall.java:77)&#xD;&#xA;&#x9;at org.openqa.selenium.remote.internal.OkHttpClient.execute(OkHttpClient.java:103)&#xD;&#xA;&#x9;at org.openqa.selenium.remote.HttpCommandExecutor.execute(HttpCommandExecutor.java:155)&#xD;&#xA;&#x9;at org.openqa.selenium.remote.service.DriverCommandExecutor.execute(DriverCommandExecutor.java:83)&#xD;&#xA;&#x9;at org.openqa.selenium.remote.RemoteWebDriver.execute(RemoteWebDriver.java:552)&#xD;&#xA;&#x9;at com.kms.katalon.selenium.driver.CChromeDriver.execute(CChromeDriver.java:20)&#xD;&#xA;&#x9;at org.openqa.selenium.remote.RemoteWebDriver.findElements(RemoteWebDriver.java:353)&#xD;&#xA;&#x9;at org.openqa.selenium.remote.RemoteWebDriver.findElementsByXPath(RemoteWebDriver.java:432)&#xD;&#xA;&#x9;at org.openqa.selenium.By$ByXPath.findElements(By.java:348)&#xD;&#xA;&#x9;at org.openqa.selenium.remote.RemoteWebDriver.findElements(RemoteWebDriver.java:311)&#xD;&#xA;&#x9;at com.kms.katalon.core.webui.common.WebUiCommonHelper.findWebElements(WebUiCommonHelper.java:761)&#xD;&#xA;&#x9;at com.kms.katalon.core.webui.common.WebUiCommonHelper.findWebElement(WebUiCommonHelper.java:1093)&#xD;&#xA;&#x9;at com.kms.katalon.core.webui.common.WebUiCommonHelper$findWebElement.call(Unknown Source)&#xD;&#xA;&#x9;at platform.Method.clickOnElement(Method.groovy:32)&#xD;&#xA;&#x9;at platform.Method.invokeMethod(Method.groovy)&#xD;&#xA;&#x9;at com.kms.katalon.core.main.CustomKeywordDelegatingMetaClass.invokeStaticMethod(CustomKeywordDelegatingMetaClass.java:50)&#xD;&#xA;&#x9;at Script1598506068031.run(Script1598506068031.groovy:24)&#xD;&#xA;&#x9;... 13 more&#xD;&#xA;Caused by: java.net.ConnectException: Connection refused: connect&#xD;&#xA;&#x9;at okhttp3.internal.platform.Platform.connectSocket(Platform.java:129)&#xD;&#xA;&#x9;at okhttp3.internal.connection.RealConnection.connectSocket(RealConnection.java:245)&#xD;&#xA;&#x9;at okhttp3.internal.connection.RealConnection.connect(RealConnection.java:165)&#xD;&#xA;&#x9;at okhttp3.internal.connection.StreamAllocation.findConnection(StreamAllocation.java:257)&#xD;&#xA;&#x9;at okhttp3.internal.connection.StreamAllocation.findHealthyConnection(StreamAllocation.java:135)&#xD;&#xA;&#x9;at okhttp3.internal.connection.StreamAllocation.newStream(StreamAllocation.java:114)&#xD;&#xA;&#x9;at okhttp3.internal.connection.ConnectInterceptor.intercept(ConnectInterceptor.java:42)&#xD;&#xA;&#x9;at okhttp3.internal.http.RealInterceptorChain.proceed(RealInterceptorChain.java:147)&#xD;&#xA;&#x9;at okhttp3.internal.http.RealInterceptorChain.proceed(RealInterceptorChain.java:121)&#xD;&#xA;&#x9;at okhttp3.internal.cache.CacheInterceptor.intercept(CacheInterceptor.java:93)&#xD;&#xA;&#x9;at okhttp3.internal.http.RealInterceptorChain.proceed(RealInterceptorChain.java:147)&#xD;&#xA;&#x9;at okhttp3.internal.http.RealInterceptorChain.proceed(RealInterceptorChain.java:121)&#xD;&#xA;&#x9;at okhttp3.internal.http.BridgeInterceptor.intercept(BridgeInterceptor.java:93)&#xD;&#xA;&#x9;at okhttp3.internal.http.RealInterceptorChain.proceed(RealInterceptorChain.java:147)&#xD;&#xA;&#x9;at okhttp3.internal.http.RetryAndFollowUpInterceptor.intercept(RetryAndFollowUpInterceptor.java:126)&#xD;&#xA;&#x9;at okhttp3.internal.http.RealInterceptorChain.proceed(RealInterceptorChain.java:147)&#xD;&#xA;&#x9;at okhttp3.internal.http.RealInterceptorChain.proceed(RealInterceptorChain.java:121)&#xD;&#xA;&#x9;at okhttp3.RealCall.getResponseWithInterceptorChain(RealCall.java:200)&#xD;&#xA;&#x9;at okhttp3.RealCall.execute(RealCall.java:77)&#xD;&#xA;&#x9;at org.openqa.selenium.remote.internal.OkHttpClient.execute(OkHttpClient.java:103)&#xD;&#xA;&#x9;at org.openqa.selenium.remote.HttpCommandExecutor.execute(HttpCommandExecutor.java:155)&#xD;&#xA;&#x9;at org.openqa.selenium.remote.service.DriverCommandExecutor.execute(DriverCommandExecutor.java:83)&#xD;&#xA;&#x9;at org.openqa.selenium.remote.RemoteWebDriver.execute(RemoteWebDriver.java:552)&#xD;&#xA;&#x9;at com.kms.katalon.selenium.driver.CChromeDriver.execute(CChromeDriver.java:20)&#xD;&#xA;&#x9;at org.openqa.selenium.remote.RemoteWebDriver.findElements(RemoteWebDriver.java:353)&#xD;&#xA;&#x9;at org.openqa.selenium.remote.RemoteWebDriver.findElementsByXPath(RemoteWebDriver.java:432)&#xD;&#xA;&#x9;at org.openqa.selenium.By$ByXPath.findElements(By.java:348)&#xD;&#xA;&#x9;at org.openqa.selenium.remote.RemoteWebDriver.findElements(RemoteWebDriver.java:311)&#xD;&#xA;&#x9;at com.kms.katalon.core.webui.common.WebUiCommonHelper.findWebElements(WebUiCommonHelper.java:761)&#xD;&#xA;&#x9;at com.kms.katalon.core.webui.common.WebUiCommonHelper.findWebElement(WebUiCommonHelper.java:1093)&#xD;&#xA;&#x9;at com.kms.katalon.core.webui.common.WebUiCommonHelper$findWebElement.call(Unknown Source)&#xD;&#xA;&#x9;at platform.Method.clickOnElement(Method.groovy:32)&#xD;&#xA;&#x9;at platform.Method.invokeMethod(Method.groovy)&#xD;&#xA;&#x9;at com.kms.katalon.core.main.CustomKeywordDelegatingMetaClass.invokeStaticMethod(CustomKeywordDelegatingMetaClass.java:50)&#xD;&#xA;&#x9;at alertTestOnResponseDesignerTemplateTask.run(alertTestOnResponseDesignerTemplateTask:24)&#xD;&#xA;&#x9;... 13 more&#xD;&#xA;"/>
            <system-out>2020-11-02 18:36:30 - [TEST_CASE][ERROR] - Test Cases/Sprint/v4.3/alertTestOnResponseDesignerTemplateTask: Test Cases/Sprint/v4.3/alertTestOnResponseDesignerTemplateTask FAILED.
Reason:
org.openqa.selenium.WebDriverException: java.net.ConnectException: Failed to connect to localhost/0:0:0:0:0:0:0:1:48717
Build info: version: '3.141.59', revision: 'e82be7d358', time: '2018-11-14T08:25:53'
System info: host: 'WLPT580', ip: '192.168.29.195', os.name: 'Windows 8.1', os.arch: 'amd64', os.version: '6.3', java.version: '1.8.0_181'
Driver info: driver.version: RemoteWebDriver&#xD;
	at org.openqa.selenium.remote.service.DriverCommandExecutor.execute(DriverCommandExecutor.java:92)&#xD;
	at org.openqa.selenium.remote.RemoteWebDriver.execute(RemoteWebDriver.java:552)&#xD;
	at com.kms.katalon.selenium.driver.CChromeDriver.execute(CChromeDriver.java:20)&#xD;
	at org.openqa.selenium.remote.RemoteWebDriver.findElements(RemoteWebDriver.java:353)&#xD;
	at org.openqa.selenium.remote.RemoteWebDriver.findElementsByXPath(RemoteWebDriver.java:432)&#xD;
	at org.openqa.selenium.By$ByXPath.findElements(By.java:348)&#xD;
	at org.openqa.selenium.remote.RemoteWebDriver.findElements(RemoteWebDriver.java:311)&#xD;
	at com.kms.katalon.core.webui.common.WebUiCommonHelper.findWebElements(WebUiCommonHelper.java:761)&#xD;
	at com.kms.katalon.core.webui.common.WebUiCommonHelper.findWebElement(WebUiCommonHelper.java:1093)&#xD;
	at com.kms.katalon.core.webui.common.WebUiCommonHelper$findWebElement.call(Unknown Source)&#xD;
	at platform.Method.clickOnElement(Method.groovy:32)&#xD;
	at platform.Method.invokeMethod(Method.groovy)&#xD;
	at com.kms.katalon.core.main.CustomKeywordDelegatingMetaClass.invokeStaticMethod(CustomKeywordDelegatingMetaClass.java:50)&#xD;
	at alertTestOnResponseDesignerTemplateTask.run(alertTestOnResponseDesignerTemplateTask:24)&#xD;
	at com.kms.katalon.core.main.ScriptEngine.run(ScriptEngine.java:194)&#xD;
	at com.kms.katalon.core.main.ScriptEngine.runScriptAsRawText(ScriptEngine.java:119)&#xD;
	at com.kms.katalon.core.main.TestCaseExecutor.runScript(TestCaseExecutor.java:337)&#xD;
	at com.kms.katalon.core.main.TestCaseExecutor.doExecute(TestCaseExecutor.java:328)&#xD;
	at com.kms.katalon.core.main.TestCaseExecutor.processExecutionPhase(TestCaseExecutor.java:307)&#xD;
	at com.kms.katalon.core.main.TestCaseExecutor.accessMainPhase(TestCaseExecutor.java:299)&#xD;
	at com.kms.katalon.core.main.TestCaseExecutor.execute(TestCaseExecutor.java:233)&#xD;
	at com.kms.katalon.core.main.TestSuiteExecutor.accessTestCaseMainPhase(TestSuiteExecutor.java:169)&#xD;
	at com.kms.katalon.core.main.TestSuiteExecutor.accessTestSuiteMainPhase(TestSuiteExecutor.java:142)&#xD;
	at com.kms.katalon.core.main.TestSuiteExecutor.execute(TestSuiteExecutor.java:91)&#xD;
	at com.kms.katalon.core.main.TestCaseMain.startTestSuite(TestCaseMain.java:157)&#xD;
	at com.kms.katalon.core.main.TestCaseMain$startTestSuite$0.call(Unknown Source)&#xD;
	at TempTestSuite1604321309179.run(TempTestSuite1604321309179.groovy:35)&#xD;
Caused by: java.net.ConnectException: Failed to connect to localhost/0:0:0:0:0:0:0:1:48717&#xD;
	at okhttp3.internal.connection.RealConnection.connectSocket(RealConnection.java:247)&#xD;
	at okhttp3.internal.connection.RealConnection.connect(RealConnection.java:165)&#xD;
	at okhttp3.internal.connection.StreamAllocation.findConnection(StreamAllocation.java:257)&#xD;
	at okhttp3.internal.connection.StreamAllocation.findHealthyConnection(StreamAllocation.java:135)&#xD;
	at okhttp3.internal.connection.StreamAllocation.newStream(StreamAllocation.java:114)&#xD;
	at okhttp3.internal.connection.ConnectInterceptor.intercept(ConnectInterceptor.java:42)&#xD;
	at okhttp3.internal.http.RealInterceptorChain.proceed(RealInterceptorChain.java:147)&#xD;
	at okhttp3.internal.http.RealInterceptorChain.proceed(RealInterceptorChain.java:121)&#xD;
	at okhttp3.internal.cache.CacheInterceptor.intercept(CacheInterceptor.java:93)&#xD;
	at okhttp3.internal.http.RealInterceptorChain.proceed(RealInterceptorChain.java:147)&#xD;
	at okhttp3.internal.http.RealInterceptorChain.proceed(RealInterceptorChain.java:121)&#xD;
	at okhttp3.internal.http.BridgeInterceptor.intercept(BridgeInterceptor.java:93)&#xD;
	at okhttp3.internal.http.RealInterceptorChain.proceed(RealInterceptorChain.java:147)&#xD;
	at okhttp3.internal.http.RetryAndFollowUpInterceptor.intercept(RetryAndFollowUpInterceptor.java:126)&#xD;
	at okhttp3.internal.http.RealInterceptorChain.proceed(RealInterceptorChain.java:147)&#xD;
	at okhttp3.internal.http.RealInterceptorChain.proceed(RealInterceptorChain.java:121)&#xD;
	at okhttp3.RealCall.getResponseWithInterceptorChain(RealCall.java:200)&#xD;
	at okhttp3.RealCall.execute(RealCall.java:77)&#xD;
	at org.openqa.selenium.remote.internal.OkHttpClient.execute(OkHttpClient.java:103)&#xD;
	at org.openqa.selenium.remote.HttpCommandExecutor.execute(HttpCommandExecutor.java:155)&#xD;
	at org.openqa.selenium.remote.service.DriverCommandExecutor.execute(DriverCommandExecutor.java:83)&#xD;
	at org.openqa.selenium.remote.RemoteWebDriver.execute(RemoteWebDriver.java:552)&#xD;
	at com.kms.katalon.selenium.driver.CChromeDriver.execute(CChromeDriver.java:20)&#xD;
	at org.openqa.selenium.remote.RemoteWebDriver.findElements(RemoteWebDriver.java:353)&#xD;
	at org.openqa.selenium.remote.RemoteWebDriver.findElementsByXPath(RemoteWebDriver.java:432)&#xD;
	at org.openqa.selenium.By$ByXPath.findElements(By.java:348)&#xD;
	at org.openqa.selenium.remote.RemoteWebDriver.findElements(RemoteWebDriver.java:311)&#xD;
	at com.kms.katalon.core.webui.common.WebUiCommonHelper.findWebElements(WebUiCommonHelper.java:761)&#xD;
	at com.kms.katalon.core.webui.common.WebUiCommonHelper.findWebElement(WebUiCommonHelper.java:1093)&#xD;
	at com.kms.katalon.core.webui.common.WebUiCommonHelper$findWebElement.call(Unknown Source)&#xD;
	at platform.Method.clickOnElement(Method.groovy:32)&#xD;
	at platform.Method.invokeMethod(Method.groovy)&#xD;
	at com.kms.katalon.core.main.CustomKeywordDelegatingMetaClass.invokeStaticMethod(CustomKeywordDelegatingMetaClass.java:50)&#xD;
	at Script1598506068031.run(Script1598506068031.groovy:24)&#xD;
	... 13 more&#xD;
Caused by: java.net.ConnectException: Connection refused: connect&#xD;
	at okhttp3.internal.platform.Platform.connectSocket(Platform.java:129)&#xD;
	at okhttp3.internal.connection.RealConnection.connectSocket(RealConnection.java:245)&#xD;
	at okhttp3.internal.connection.RealConnection.connect(RealConnection.java:165)&#xD;
	at okhttp3.internal.connection.StreamAllocation.findConnection(StreamAllocation.java:257)&#xD;
	at okhttp3.internal.connection.StreamAllocation.findHealthyConnection(StreamAllocation.java:135)&#xD;
	at okhttp3.internal.connection.StreamAllocation.newStream(StreamAllocation.java:114)&#xD;
	at okhttp3.internal.connection.ConnectInterceptor.intercept(ConnectInterceptor.java:42)&#xD;
	at okhttp3.internal.http.RealInterceptorChain.proceed(RealInterceptorChain.java:147)&#xD;
	at okhttp3.internal.http.RealInterceptorChain.proceed(RealInterceptorChain.java:121)&#xD;
	at okhttp3.internal.cache.CacheInterceptor.intercept(CacheInterceptor.java:93)&#xD;
	at okhttp3.internal.http.RealInterceptorChain.proceed(RealInterceptorChain.java:147)&#xD;
	at okhttp3.internal.http.RealInterceptorChain.proceed(RealInterceptorChain.java:121)&#xD;
	at okhttp3.internal.http.BridgeInterceptor.intercept(BridgeInterceptor.java:93)&#xD;
	at okhttp3.internal.http.RealInterceptorChain.proceed(RealInterceptorChain.java:147)&#xD;
	at okhttp3.internal.http.RetryAndFollowUpInterceptor.intercept(RetryAndFollowUpInterceptor.java:126)&#xD;
	at okhttp3.internal.http.RealInterceptorChain.proceed(RealInterceptorChain.java:147)&#xD;
	at okhttp3.internal.http.RealInterceptorChain.proceed(RealInterceptorChain.java:121)&#xD;
	at okhttp3.RealCall.getResponseWithInterceptorChain(RealCall.java:200)&#xD;
	at okhttp3.RealCall.execute(RealCall.java:77)&#xD;
	at org.openqa.selenium.remote.internal.OkHttpClient.execute(OkHttpClient.java:103)&#xD;
	at org.openqa.selenium.remote.HttpCommandExecutor.execute(HttpCommandExecutor.java:155)&#xD;
	at org.openqa.selenium.remote.service.DriverCommandExecutor.execute(DriverCommandExecutor.java:83)&#xD;
	at org.openqa.selenium.remote.RemoteWebDriver.execute(RemoteWebDriver.java:552)&#xD;
	at com.kms.katalon.selenium.driver.CChromeDriver.execute(CChromeDriver.java:20)&#xD;
	at org.openqa.selenium.remote.RemoteWebDriver.findElements(RemoteWebDriver.java:353)&#xD;
	at org.openqa.selenium.remote.RemoteWebDriver.findElementsByXPath(RemoteWebDriver.java:432)&#xD;
	at org.openqa.selenium.By$ByXPath.findElements(By.java:348)&#xD;
	at org.openqa.selenium.remote.RemoteWebDriver.findElements(RemoteWebDriver.java:311)&#xD;
	at com.kms.katalon.core.webui.common.WebUiCommonHelper.findWebElements(WebUiCommonHelper.java:761)&#xD;
	at com.kms.katalon.core.webui.common.WebUiCommonHelper.findWebElement(WebUiCommonHelper.java:1093)&#xD;
	at com.kms.katalon.core.webui.common.WebUiCommonHelper$findWebElement.call(Unknown Source)&#xD;
	at platform.Method.clickOnElement(Method.groovy:32)&#xD;
	at platform.Method.invokeMethod(Method.groovy)&#xD;
	at com.kms.katalon.core.main.CustomKeywordDelegatingMetaClass.invokeStaticMethod(CustomKeywordDelegatingMetaClass.java:50)&#xD;
	at alertTestOnResponseDesignerTemplateTask.run(alertTestOnResponseDesignerTemplateTask:24)&#xD;
	... 13 more&#xD;
&#xD;
&#xD;
2020-11-02 18:36:31 - [TEST_STEP][ERROR] - platform.Method.clickOnElement(findTestObject("Generic/response")): java.net.ConnectException: Failed to connect to localhost/0:0:0:0:0:0:0:1:48717
Build info: version: '3.141.59', revision: 'e82be7d358', time: '2018-11-14T08:25:53'
System info: host: 'WLPT580', ip: '192.168.29.195', os.name: 'Windows 8.1', os.arch: 'amd64', os.version: '6.3', java.version: '1.8.0_181'
Driver info: driver.version: RemoteWebDriver&#xD;
&#xD;
2020-11-02 18:36:34 - [MESSAGE][ERROR] - java.net.ConnectException: Failed to connect to localhost/0:0:0:0:0:0:0:1:48717
Build info: version: '3.141.59', revision: 'e82be7d358', time: '2018-11-14T08:25:53'
System info: host: 'WLPT580', ip: '192.168.29.195', os.name: 'Windows 8.1', os.arch: 'amd64', os.version: '6.3', java.version: '1.8.0_181'
Driver info: driver.version: RemoteWebDriver</system-out>
            <system-err>2020-11-02 18:36:30 - [TEST_CASE][ERROR] - Test Cases/Sprint/v4.3/alertTestOnResponseDesignerTemplateTask: Test Cases/Sprint/v4.3/alertTestOnResponseDesignerTemplateTask FAILED.
Reason:
org.openqa.selenium.WebDriverException: java.net.ConnectException: Failed to connect to localhost/0:0:0:0:0:0:0:1:48717
Build info: version: '3.141.59', revision: 'e82be7d358', time: '2018-11-14T08:25:53'
System info: host: 'WLPT580', ip: '192.168.29.195', os.name: 'Windows 8.1', os.arch: 'amd64', os.version: '6.3', java.version: '1.8.0_181'
Driver info: driver.version: RemoteWebDriver&#xD;
	at org.openqa.selenium.remote.service.DriverCommandExecutor.execute(DriverCommandExecutor.java:92)&#xD;
	at org.openqa.selenium.remote.RemoteWebDriver.execute(RemoteWebDriver.java:552)&#xD;
	at com.kms.katalon.selenium.driver.CChromeDriver.execute(CChromeDriver.java:20)&#xD;
	at org.openqa.selenium.remote.RemoteWebDriver.findElements(RemoteWebDriver.java:353)&#xD;
	at org.openqa.selenium.remote.RemoteWebDriver.findElementsByXPath(RemoteWebDriver.java:432)&#xD;
	at org.openqa.selenium.By$ByXPath.findElements(By.java:348)&#xD;
	at org.openqa.selenium.remote.RemoteWebDriver.findElements(RemoteWebDriver.java:311)&#xD;
	at com.kms.katalon.core.webui.common.WebUiCommonHelper.findWebElements(WebUiCommonHelper.java:761)&#xD;
	at com.kms.katalon.core.webui.common.WebUiCommonHelper.findWebElement(WebUiCommonHelper.java:1093)&#xD;
	at com.kms.katalon.core.webui.common.WebUiCommonHelper$findWebElement.call(Unknown Source)&#xD;
	at platform.Method.clickOnElement(Method.groovy:32)&#xD;
	at platform.Method.invokeMethod(Method.groovy)&#xD;
	at com.kms.katalon.core.main.CustomKeywordDelegatingMetaClass.invokeStaticMethod(CustomKeywordDelegatingMetaClass.java:50)&#xD;
	at alertTestOnResponseDesignerTemplateTask.run(alertTestOnResponseDesignerTemplateTask:24)&#xD;
	at com.kms.katalon.core.main.ScriptEngine.run(ScriptEngine.java:194)&#xD;
	at com.kms.katalon.core.main.ScriptEngine.runScriptAsRawText(ScriptEngine.java:119)&#xD;
	at com.kms.katalon.core.main.TestCaseExecutor.runScript(TestCaseExecutor.java:337)&#xD;
	at com.kms.katalon.core.main.TestCaseExecutor.doExecute(TestCaseExecutor.java:328)&#xD;
	at com.kms.katalon.core.main.TestCaseExecutor.processExecutionPhase(TestCaseExecutor.java:307)&#xD;
	at com.kms.katalon.core.main.TestCaseExecutor.accessMainPhase(TestCaseExecutor.java:299)&#xD;
	at com.kms.katalon.core.main.TestCaseExecutor.execute(TestCaseExecutor.java:233)&#xD;
	at com.kms.katalon.core.main.TestSuiteExecutor.accessTestCaseMainPhase(TestSuiteExecutor.java:169)&#xD;
	at com.kms.katalon.core.main.TestSuiteExecutor.accessTestSuiteMainPhase(TestSuiteExecutor.java:142)&#xD;
	at com.kms.katalon.core.main.TestSuiteExecutor.execute(TestSuiteExecutor.java:91)&#xD;
	at com.kms.katalon.core.main.TestCaseMain.startTestSuite(TestCaseMain.java:157)&#xD;
	at com.kms.katalon.core.main.TestCaseMain$startTestSuite$0.call(Unknown Source)&#xD;
	at TempTestSuite1604321309179.run(TempTestSuite1604321309179.groovy:35)&#xD;
Caused by: java.net.ConnectException: Failed to connect to localhost/0:0:0:0:0:0:0:1:48717&#xD;
	at okhttp3.internal.connection.RealConnection.connectSocket(RealConnection.java:247)&#xD;
	at okhttp3.internal.connection.RealConnection.connect(RealConnection.java:165)&#xD;
	at okhttp3.internal.connection.StreamAllocation.findConnection(StreamAllocation.java:257)&#xD;
	at okhttp3.internal.connection.StreamAllocation.findHealthyConnection(StreamAllocation.java:135)&#xD;
	at okhttp3.internal.connection.StreamAllocation.newStream(StreamAllocation.java:114)&#xD;
	at okhttp3.internal.connection.ConnectInterceptor.intercept(ConnectInterceptor.java:42)&#xD;
	at okhttp3.internal.http.RealInterceptorChain.proceed(RealInterceptorChain.java:147)&#xD;
	at okhttp3.internal.http.RealInterceptorChain.proceed(RealInterceptorChain.java:121)&#xD;
	at okhttp3.internal.cache.CacheInterceptor.intercept(CacheInterceptor.java:93)&#xD;
	at okhttp3.internal.http.RealInterceptorChain.proceed(RealInterceptorChain.java:147)&#xD;
	at okhttp3.internal.http.RealInterceptorChain.proceed(RealInterceptorChain.java:121)&#xD;
	at okhttp3.internal.http.BridgeInterceptor.intercept(BridgeInterceptor.java:93)&#xD;
	at okhttp3.internal.http.RealInterceptorChain.proceed(RealInterceptorChain.java:147)&#xD;
	at okhttp3.internal.http.RetryAndFollowUpInterceptor.intercept(RetryAndFollowUpInterceptor.java:126)&#xD;
	at okhttp3.internal.http.RealInterceptorChain.proceed(RealInterceptorChain.java:147)&#xD;
	at okhttp3.internal.http.RealInterceptorChain.proceed(RealInterceptorChain.java:121)&#xD;
	at okhttp3.RealCall.getResponseWithInterceptorChain(RealCall.java:200)&#xD;
	at okhttp3.RealCall.execute(RealCall.java:77)&#xD;
	at org.openqa.selenium.remote.internal.OkHttpClient.execute(OkHttpClient.java:103)&#xD;
	at org.openqa.selenium.remote.HttpCommandExecutor.execute(HttpCommandExecutor.java:155)&#xD;
	at org.openqa.selenium.remote.service.DriverCommandExecutor.execute(DriverCommandExecutor.java:83)&#xD;
	at org.openqa.selenium.remote.RemoteWebDriver.execute(RemoteWebDriver.java:552)&#xD;
	at com.kms.katalon.selenium.driver.CChromeDriver.execute(CChromeDriver.java:20)&#xD;
	at org.openqa.selenium.remote.RemoteWebDriver.findElements(RemoteWebDriver.java:353)&#xD;
	at org.openqa.selenium.remote.RemoteWebDriver.findElementsByXPath(RemoteWebDriver.java:432)&#xD;
	at org.openqa.selenium.By$ByXPath.findElements(By.java:348)&#xD;
	at org.openqa.selenium.remote.RemoteWebDriver.findElements(RemoteWebDriver.java:311)&#xD;
	at com.kms.katalon.core.webui.common.WebUiCommonHelper.findWebElements(WebUiCommonHelper.java:761)&#xD;
	at com.kms.katalon.core.webui.common.WebUiCommonHelper.findWebElement(WebUiCommonHelper.java:1093)&#xD;
	at com.kms.katalon.core.webui.common.WebUiCommonHelper$findWebElement.call(Unknown Source)&#xD;
	at platform.Method.clickOnElement(Method.groovy:32)&#xD;
	at platform.Method.invokeMethod(Method.groovy)&#xD;
	at com.kms.katalon.core.main.CustomKeywordDelegatingMetaClass.invokeStaticMethod(CustomKeywordDelegatingMetaClass.java:50)&#xD;
	at Script1598506068031.run(Script1598506068031.groovy:24)&#xD;
	... 13 more&#xD;
Caused by: java.net.ConnectException: Connection refused: connect&#xD;
	at okhttp3.internal.platform.Platform.connectSocket(Platform.java:129)&#xD;
	at okhttp3.internal.connection.RealConnection.connectSocket(RealConnection.java:245)&#xD;
	at okhttp3.internal.connection.RealConnection.connect(RealConnection.java:165)&#xD;
	at okhttp3.internal.connection.StreamAllocation.findConnection(StreamAllocation.java:257)&#xD;
	at okhttp3.internal.connection.StreamAllocation.findHealthyConnection(StreamAllocation.java:135)&#xD;
	at okhttp3.internal.connection.StreamAllocation.newStream(StreamAllocation.java:114)&#xD;
	at okhttp3.internal.connection.ConnectInterceptor.intercept(ConnectInterceptor.java:42)&#xD;
	at okhttp3.internal.http.RealInterceptorChain.proceed(RealInterceptorChain.java:147)&#xD;
	at okhttp3.internal.http.RealInterceptorChain.proceed(RealInterceptorChain.java:121)&#xD;
	at okhttp3.internal.cache.CacheInterceptor.intercept(CacheInterceptor.java:93)&#xD;
	at okhttp3.internal.http.RealInterceptorChain.proceed(RealInterceptorChain.java:147)&#xD;
	at okhttp3.internal.http.RealInterceptorChain.proceed(RealInterceptorChain.java:121)&#xD;
	at okhttp3.internal.http.BridgeInterceptor.intercept(BridgeInterceptor.java:93)&#xD;
	at okhttp3.internal.http.RealInterceptorChain.proceed(RealInterceptorChain.java:147)&#xD;
	at okhttp3.internal.http.RetryAndFollowUpInterceptor.intercept(RetryAndFollowUpInterceptor.java:126)&#xD;
	at okhttp3.internal.http.RealInterceptorChain.proceed(RealInterceptorChain.java:147)&#xD;
	at okhttp3.internal.http.RealInterceptorChain.proceed(RealInterceptorChain.java:121)&#xD;
	at okhttp3.RealCall.getResponseWithInterceptorChain(RealCall.java:200)&#xD;
	at okhttp3.RealCall.execute(RealCall.java:77)&#xD;
	at org.openqa.selenium.remote.internal.OkHttpClient.execute(OkHttpClient.java:103)&#xD;
	at org.openqa.selenium.remote.HttpCommandExecutor.execute(HttpCommandExecutor.java:155)&#xD;
	at org.openqa.selenium.remote.service.DriverCommandExecutor.execute(DriverCommandExecutor.java:83)&#xD;
	at org.openqa.selenium.remote.RemoteWebDriver.execute(RemoteWebDriver.java:552)&#xD;
	at com.kms.katalon.selenium.driver.CChromeDriver.execute(CChromeDriver.java:20)&#xD;
	at org.openqa.selenium.remote.RemoteWebDriver.findElements(RemoteWebDriver.java:353)&#xD;
	at org.openqa.selenium.remote.RemoteWebDriver.findElementsByXPath(RemoteWebDriver.java:432)&#xD;
	at org.openqa.selenium.By$ByXPath.findElements(By.java:348)&#xD;
	at org.openqa.selenium.remote.RemoteWebDriver.findElements(RemoteWebDriver.java:311)&#xD;
	at com.kms.katalon.core.webui.common.WebUiCommonHelper.findWebElements(WebUiCommonHelper.java:761)&#xD;
	at com.kms.katalon.core.webui.common.WebUiCommonHelper.findWebElement(WebUiCommonHelper.java:1093)&#xD;
	at com.kms.katalon.core.webui.common.WebUiCommonHelper$findWebElement.call(Unknown Source)&#xD;
	at platform.Method.clickOnElement(Method.groovy:32)&#xD;
	at platform.Method.invokeMethod(Method.groovy)&#xD;
	at com.kms.katalon.core.main.CustomKeywordDelegatingMetaClass.invokeStaticMethod(CustomKeywordDelegatingMetaClass.java:50)&#xD;
	at alertTestOnResponseDesignerTemplateTask.run(alertTestOnResponseDesignerTemplateTask:24)&#xD;
	... 13 more</system-err>
        </testcase>
        <testcase name="Test Cases/Sprint/v4.3/appleBusinessChatFieldTestForTaskbot" classname="Test Cases/Sprint/v4.3/appleBusinessChatFieldTestForTaskbot" status="ERROR">
            <error type="ERROR" message="Test Cases/Sprint/v4.3/appleBusinessChatFieldTestForTaskbot FAILED.&#xA;Reason:&#xA;org.openqa.selenium.WebDriverException: java.net.ConnectException: Failed to connect to localhost/0:0:0:0:0:0:0:1:48717&#xA;Build info: version: '3.141.59', revision: 'e82be7d358', time: '2018-11-14T08:25:53'&#xA;System info: host: 'WLPT580', ip: '192.168.29.195', os.name: 'Windows 8.1', os.arch: 'amd64', os.version: '6.3', java.version: '1.8.0_181'&#xA;Driver info: driver.version: RemoteWebDriver&#xD;&#xA;&#x9;at org.openqa.selenium.remote.service.DriverCommandExecutor.execute(DriverCommandExecutor.java:92)&#xD;&#xA;&#x9;at org.openqa.selenium.remote.RemoteWebDriver.execute(RemoteWebDriver.java:552)&#xD;&#xA;&#x9;at com.kms.katalon.selenium.driver.CChromeDriver.execute(CChromeDriver.java:20)&#xD;&#xA;&#x9;at org.openqa.selenium.remote.RemoteWebDriver.findElements(RemoteWebDriver.java:353)&#xD;&#xA;&#x9;at org.openqa.selenium.remote.RemoteWebDriver.findElementsByXPath(RemoteWebDriver.java:432)&#xD;&#xA;&#x9;at org.openqa.selenium.By$ByXPath.findElements(By.java:348)&#xD;&#xA;&#x9;at org.openqa.selenium.remote.RemoteWebDriver.findElements(RemoteWebDriver.java:311)&#xD;&#xA;&#x9;at com.kms.katalon.core.webui.common.WebUiCommonHelper.findWebElements(WebUiCommonHelper.java:761)&#xD;&#xA;&#x9;at com.kms.katalon.core.webui.common.WebUiCommonHelper.findWebElement(WebUiCommonHelper.java:1093)&#xD;&#xA;&#x9;at com.kms.katalon.core.webui.common.WebUiCommonHelper$findWebElement.call(Unknown Source)&#xD;&#xA;&#x9;at platform.Method.clickOnElement(Method.groovy:32)&#xD;&#xA;&#x9;at platform.ResponseDesigner.addChannelToResponse(ResponseDesigner.groovy:170)&#xD;&#xA;&#x9;at platform.Method.invokeMethod(Method.groovy)&#xD;&#xA;&#x9;at com.kms.katalon.core.main.CustomKeywordDelegatingMetaClass.invokeStaticMethod(CustomKeywordDelegatingMetaClass.java:50)&#xD;&#xA;&#x9;at appleBusinessChatFieldTestForTaskbot.run(appleBusinessChatFieldTestForTaskbot:27)&#xD;&#xA;&#x9;at com.kms.katalon.core.main.ScriptEngine.run(ScriptEngine.java:194)&#xD;&#xA;&#x9;at com.kms.katalon.core.main.ScriptEngine.runScriptAsRawText(ScriptEngine.java:119)&#xD;&#xA;&#x9;at com.kms.katalon.core.main.TestCaseExecutor.runScript(TestCaseExecutor.java:337)&#xD;&#xA;&#x9;at com.kms.katalon.core.main.TestCaseExecutor.doExecute(TestCaseExecutor.java:328)&#xD;&#xA;&#x9;at com.kms.katalon.core.main.TestCaseExecutor.processExecutionPhase(TestCaseExecutor.java:307)&#xD;&#xA;&#x9;at com.kms.katalon.core.main.TestCaseExecutor.accessMainPhase(TestCaseExecutor.java:299)&#xD;&#xA;&#x9;at com.kms.katalon.core.main.TestCaseExecutor.execute(TestCaseExecutor.java:233)&#xD;&#xA;&#x9;at com.kms.katalon.core.main.TestSuiteExecutor.accessTestCaseMainPhase(TestSuiteExecutor.java:169)&#xD;&#xA;&#x9;at com.kms.katalon.core.main.TestSuiteExecutor.accessTestSuiteMainPhase(TestSuiteExecutor.java:142)&#xD;&#xA;&#x9;at com.kms.katalon.core.main.TestSuiteExecutor.execute(TestSuiteExecutor.java:91)&#xD;&#xA;&#x9;at com.kms.katalon.core.main.TestCaseMain.startTestSuite(TestCaseMain.java:157)&#xD;&#xA;&#x9;at com.kms.katalon.core.main.TestCaseMain$startTestSuite$0.call(Unknown Source)&#xD;&#xA;&#x9;at TempTestSuite1604321309179.run(TempTestSuite1604321309179.groovy:35)&#xD;&#xA;Caused by: java.net.ConnectException: Failed to connect to localhost/0:0:0:0:0:0:0:1:48717&#xD;&#xA;&#x9;at okhttp3.internal.connection.RealConnection.connectSocket(RealConnection.java:247)&#xD;&#xA;&#x9;at okhttp3.internal.connection.RealConnection.connect(RealConnection.java:165)&#xD;&#xA;&#x9;at okhttp3.internal.connection.StreamAllocation.findConnection(StreamAllocation.java:257)&#xD;&#xA;&#x9;at okhttp3.internal.connection.StreamAllocation.findHealthyConnection(StreamAllocation.java:135)&#xD;&#xA;&#x9;at okhttp3.internal.connection.StreamAllocation.newStream(StreamAllocation.java:114)&#xD;&#xA;&#x9;at okhttp3.internal.connection.ConnectInterceptor.intercept(ConnectInterceptor.java:42)&#xD;&#xA;&#x9;at okhttp3.internal.http.RealInterceptorChain.proceed(RealInterceptorChain.java:147)&#xD;&#xA;&#x9;at okhttp3.internal.http.RealInterceptorChain.proceed(RealInterceptorChain.java:121)&#xD;&#xA;&#x9;at okhttp3.internal.cache.CacheInterceptor.intercept(CacheInterceptor.java:93)&#xD;&#xA;&#x9;at okhttp3.internal.http.RealInterceptorChain.proceed(RealInterceptorChain.java:147)&#xD;&#xA;&#x9;at okhttp3.internal.http.RealInterceptorChain.proceed(RealInterceptorChain.java:121)&#xD;&#xA;&#x9;at okhttp3.internal.http.BridgeInterceptor.intercept(BridgeInterceptor.java:93)&#xD;&#xA;&#x9;at okhttp3.internal.http.RealInterceptorChain.proceed(RealInterceptorChain.java:147)&#xD;&#xA;&#x9;at okhttp3.internal.http.RetryAndFollowUpInterceptor.intercept(RetryAndFollowUpInterceptor.java:126)&#xD;&#xA;&#x9;at okhttp3.internal.http.RealInterceptorChain.proceed(RealInterceptorChain.java:147)&#xD;&#xA;&#x9;at okhttp3.internal.http.RealInterceptorChain.proceed(RealInterceptorChain.java:121)&#xD;&#xA;&#x9;at okhttp3.RealCall.getResponseWithInterceptorChain(RealCall.java:200)&#xD;&#xA;&#x9;at okhttp3.RealCall.execute(RealCall.java:77)&#xD;&#xA;&#x9;at org.openqa.selenium.remote.internal.OkHttpClient.execute(OkHttpClient.java:103)&#xD;&#xA;&#x9;at org.openqa.selenium.remote.HttpCommandExecutor.execute(HttpCommandExecutor.java:155)&#xD;&#xA;&#x9;at org.openqa.selenium.remote.service.DriverCommandExecutor.execute(DriverCommandExecutor.java:83)&#xD;&#xA;&#x9;at org.openqa.selenium.remote.RemoteWebDriver.execute(RemoteWebDriver.java:552)&#xD;&#xA;&#x9;at com.kms.katalon.selenium.driver.CChromeDriver.execute(CChromeDriver.java:20)&#xD;&#xA;&#x9;at org.openqa.selenium.remote.RemoteWebDriver.findElements(RemoteWebDriver.java:353)&#xD;&#xA;&#x9;at org.openqa.selenium.remote.RemoteWebDriver.findElementsByXPath(RemoteWebDriver.java:432)&#xD;&#xA;&#x9;at org.openqa.selenium.By$ByXPath.findElements(By.java:348)&#xD;&#xA;&#x9;at org.openqa.selenium.remote.RemoteWebDriver.findElements(RemoteWebDriver.java:311)&#xD;&#xA;&#x9;at com.kms.katalon.core.webui.common.WebUiCommonHelper.findWebElements(WebUiCommonHelper.java:761)&#xD;&#xA;&#x9;at com.kms.katalon.core.webui.common.WebUiCommonHelper.findWebElement(WebUiCommonHelper.java:1093)&#xD;&#xA;&#x9;at com.kms.katalon.core.webui.common.WebUiCommonHelper$findWebElement.call(Unknown Source)&#xD;&#xA;&#x9;at platform.Method.clickOnElement(Method.groovy:32)&#xD;&#xA;&#x9;at platform.ResponseDesigner.addChannelToResponse(ResponseDesigner.groovy:170)&#xD;&#xA;&#x9;at platform.Method.invokeMethod(Method.groovy)&#xD;&#xA;&#x9;at com.kms.katalon.core.main.CustomKeywordDelegatingMetaClass.invokeStaticMethod(CustomKeywordDelegatingMetaClass.java:50)&#xD;&#xA;&#x9;at Script1597252650544.run(Script1597252650544.groovy:27)&#xD;&#xA;&#x9;... 13 more&#xD;&#xA;Caused by: java.net.ConnectException: Connection refused: connect&#xD;&#xA;&#x9;at okhttp3.internal.platform.Platform.connectSocket(Platform.java:129)&#xD;&#xA;&#x9;at okhttp3.internal.connection.RealConnection.connectSocket(RealConnection.java:245)&#xD;&#xA;&#x9;at okhttp3.internal.connection.RealConnection.connect(RealConnection.java:165)&#xD;&#xA;&#x9;at okhttp3.internal.connection.StreamAllocation.findConnection(StreamAllocation.java:257)&#xD;&#xA;&#x9;at okhttp3.internal.connection.StreamAllocation.findHealthyConnection(StreamAllocation.java:135)&#xD;&#xA;&#x9;at okhttp3.internal.connection.StreamAllocation.newStream(StreamAllocation.java:114)&#xD;&#xA;&#x9;at okhttp3.internal.connection.ConnectInterceptor.intercept(ConnectInterceptor.java:42)&#xD;&#xA;&#x9;at okhttp3.internal.http.RealInterceptorChain.proceed(RealInterceptorChain.java:147)&#xD;&#xA;&#x9;at okhttp3.internal.http.RealInterceptorChain.proceed(RealInterceptorChain.java:121)&#xD;&#xA;&#x9;at okhttp3.internal.cache.CacheInterceptor.intercept(CacheInterceptor.java:93)&#xD;&#xA;&#x9;at okhttp3.internal.http.RealInterceptorChain.proceed(RealInterceptorChain.java:147)&#xD;&#xA;&#x9;at okhttp3.internal.http.RealInterceptorChain.proceed(RealInterceptorChain.java:121)&#xD;&#xA;&#x9;at okhttp3.internal.http.BridgeInterceptor.intercept(BridgeInterceptor.java:93)&#xD;&#xA;&#x9;at okhttp3.internal.http.RealInterceptorChain.proceed(RealInterceptorChain.java:147)&#xD;&#xA;&#x9;at okhttp3.internal.http.RetryAndFollowUpInterceptor.intercept(RetryAndFollowUpInterceptor.java:126)&#xD;&#xA;&#x9;at okhttp3.internal.http.RealInterceptorChain.proceed(RealInterceptorChain.java:147)&#xD;&#xA;&#x9;at okhttp3.internal.http.RealInterceptorChain.proceed(RealInterceptorChain.java:121)&#xD;&#xA;&#x9;at okhttp3.RealCall.getResponseWithInterceptorChain(RealCall.java:200)&#xD;&#xA;&#x9;at okhttp3.RealCall.execute(RealCall.java:77)&#xD;&#xA;&#x9;at org.openqa.selenium.remote.internal.OkHttpClient.execute(OkHttpClient.java:103)&#xD;&#xA;&#x9;at org.openqa.selenium.remote.HttpCommandExecutor.execute(HttpCommandExecutor.java:155)&#xD;&#xA;&#x9;at org.openqa.selenium.remote.service.DriverCommandExecutor.execute(DriverCommandExecutor.java:83)&#xD;&#xA;&#x9;at org.openqa.selenium.remote.RemoteWebDriver.execute(RemoteWebDriver.java:552)&#xD;&#xA;&#x9;at com.kms.katalon.selenium.driver.CChromeDriver.execute(CChromeDriver.java:20)&#xD;&#xA;&#x9;at org.openqa.selenium.remote.RemoteWebDriver.findElements(RemoteWebDriver.java:353)&#xD;&#xA;&#x9;at org.openqa.selenium.remote.RemoteWebDriver.findElementsByXPath(RemoteWebDriver.java:432)&#xD;&#xA;&#x9;at org.openqa.selenium.By$ByXPath.findElements(By.java:348)&#xD;&#xA;&#x9;at org.openqa.selenium.remote.RemoteWebDriver.findElements(RemoteWebDriver.java:311)&#xD;&#xA;&#x9;at com.kms.katalon.core.webui.common.WebUiCommonHelper.findWebElements(WebUiCommonHelper.java:761)&#xD;&#xA;&#x9;at com.kms.katalon.core.webui.common.WebUiCommonHelper.findWebElement(WebUiCommonHelper.java:1093)&#xD;&#xA;&#x9;at com.kms.katalon.core.webui.common.WebUiCommonHelper$findWebElement.call(Unknown Source)&#xD;&#xA;&#x9;at platform.Method.clickOnElement(Method.groovy:32)&#xD;&#xA;&#x9;at platform.ResponseDesigner.addChannelToResponse(ResponseDesigner.groovy:170)&#xD;&#xA;&#x9;at platform.Method.invokeMethod(Method.groovy)&#xD;&#xA;&#x9;at com.kms.katalon.core.main.CustomKeywordDelegatingMetaClass.invokeStaticMethod(CustomKeywordDelegatingMetaClass.java:50)&#xD;&#xA;&#x9;at appleBusinessChatFieldTestForTaskbot.run(appleBusinessChatFieldTestForTaskbot:27)&#xD;&#xA;&#x9;... 13 more&#xD;&#xA;"/>
            <system-out>2020-11-02 18:36:35 - [TEST_CASE][ERROR] - Test Cases/Sprint/v4.3/appleBusinessChatFieldTestForTaskbot: Test Cases/Sprint/v4.3/appleBusinessChatFieldTestForTaskbot FAILED.
Reason:
org.openqa.selenium.WebDriverException: java.net.ConnectException: Failed to connect to localhost/0:0:0:0:0:0:0:1:48717
Build info: version: '3.141.59', revision: 'e82be7d358', time: '2018-11-14T08:25:53'
System info: host: 'WLPT580', ip: '192.168.29.195', os.name: 'Windows 8.1', os.arch: 'amd64', os.version: '6.3', java.version: '1.8.0_181'
Driver info: driver.version: RemoteWebDriver&#xD;
	at org.openqa.selenium.remote.service.DriverCommandExecutor.execute(DriverCommandExecutor.java:92)&#xD;
	at org.openqa.selenium.remote.RemoteWebDriver.execute(RemoteWebDriver.java:552)&#xD;
	at com.kms.katalon.selenium.driver.CChromeDriver.execute(CChromeDriver.java:20)&#xD;
	at org.openqa.selenium.remote.RemoteWebDriver.findElements(RemoteWebDriver.java:353)&#xD;
	at org.openqa.selenium.remote.RemoteWebDriver.findElementsByXPath(RemoteWebDriver.java:432)&#xD;
	at org.openqa.selenium.By$ByXPath.findElements(By.java:348)&#xD;
	at org.openqa.selenium.remote.RemoteWebDriver.findElements(RemoteWebDriver.java:311)&#xD;
	at com.kms.katalon.core.webui.common.WebUiCommonHelper.findWebElements(WebUiCommonHelper.java:761)&#xD;
	at com.kms.katalon.core.webui.common.WebUiCommonHelper.findWebElement(WebUiCommonHelper.java:1093)&#xD;
	at com.kms.katalon.core.webui.common.WebUiCommonHelper$findWebElement.call(Unknown Source)&#xD;
	at platform.Method.clickOnElement(Method.groovy:32)&#xD;
	at platform.ResponseDesigner.addChannelToResponse(ResponseDesigner.groovy:170)&#xD;
	at platform.Method.invokeMethod(Method.groovy)&#xD;
	at com.kms.katalon.core.main.CustomKeywordDelegatingMetaClass.invokeStaticMethod(CustomKeywordDelegatingMetaClass.java:50)&#xD;
	at appleBusinessChatFieldTestForTaskbot.run(appleBusinessChatFieldTestForTaskbot:27)&#xD;
	at com.kms.katalon.core.main.ScriptEngine.run(ScriptEngine.java:194)&#xD;
	at com.kms.katalon.core.main.ScriptEngine.runScriptAsRawText(ScriptEngine.java:119)&#xD;
	at com.kms.katalon.core.main.TestCaseExecutor.runScript(TestCaseExecutor.java:337)&#xD;
	at com.kms.katalon.core.main.TestCaseExecutor.doExecute(TestCaseExecutor.java:328)&#xD;
	at com.kms.katalon.core.main.TestCaseExecutor.processExecutionPhase(TestCaseExecutor.java:307)&#xD;
	at com.kms.katalon.core.main.TestCaseExecutor.accessMainPhase(TestCaseExecutor.java:299)&#xD;
	at com.kms.katalon.core.main.TestCaseExecutor.execute(TestCaseExecutor.java:233)&#xD;
	at com.kms.katalon.core.main.TestSuiteExecutor.accessTestCaseMainPhase(TestSuiteExecutor.java:169)&#xD;
	at com.kms.katalon.core.main.TestSuiteExecutor.accessTestSuiteMainPhase(TestSuiteExecutor.java:142)&#xD;
	at com.kms.katalon.core.main.TestSuiteExecutor.execute(TestSuiteExecutor.java:91)&#xD;
	at com.kms.katalon.core.main.TestCaseMain.startTestSuite(TestCaseMain.java:157)&#xD;
	at com.kms.katalon.core.main.TestCaseMain$startTestSuite$0.call(Unknown Source)&#xD;
	at TempTestSuite1604321309179.run(TempTestSuite1604321309179.groovy:35)&#xD;
Caused by: java.net.ConnectException: Failed to connect to localhost/0:0:0:0:0:0:0:1:48717&#xD;
	at okhttp3.internal.connection.RealConnection.connectSocket(RealConnection.java:247)&#xD;
	at okhttp3.internal.connection.RealConnection.connect(RealConnection.java:165)&#xD;
	at okhttp3.internal.connection.StreamAllocation.findConnection(StreamAllocation.java:257)&#xD;
	at okhttp3.internal.connection.StreamAllocation.findHealthyConnection(StreamAllocation.java:135)&#xD;
	at okhttp3.internal.connection.StreamAllocation.newStream(StreamAllocation.java:114)&#xD;
	at okhttp3.internal.connection.ConnectInterceptor.intercept(ConnectInterceptor.java:42)&#xD;
	at okhttp3.internal.http.RealInterceptorChain.proceed(RealInterceptorChain.java:147)&#xD;
	at okhttp3.internal.http.RealInterceptorChain.proceed(RealInterceptorChain.java:121)&#xD;
	at okhttp3.internal.cache.CacheInterceptor.intercept(CacheInterceptor.java:93)&#xD;
	at okhttp3.internal.http.RealInterceptorChain.proceed(RealInterceptorChain.java:147)&#xD;
	at okhttp3.internal.http.RealInterceptorChain.proceed(RealInterceptorChain.java:121)&#xD;
	at okhttp3.internal.http.BridgeInterceptor.intercept(BridgeInterceptor.java:93)&#xD;
	at okhttp3.internal.http.RealInterceptorChain.proceed(RealInterceptorChain.java:147)&#xD;
	at okhttp3.internal.http.RetryAndFollowUpInterceptor.intercept(RetryAndFollowUpInterceptor.java:126)&#xD;
	at okhttp3.internal.http.RealInterceptorChain.proceed(RealInterceptorChain.java:147)&#xD;
	at okhttp3.internal.http.RealInterceptorChain.proceed(RealInterceptorChain.java:121)&#xD;
	at okhttp3.RealCall.getResponseWithInterceptorChain(RealCall.java:200)&#xD;
	at okhttp3.RealCall.execute(RealCall.java:77)&#xD;
	at org.openqa.selenium.remote.internal.OkHttpClient.execute(OkHttpClient.java:103)&#xD;
	at org.openqa.selenium.remote.HttpCommandExecutor.execute(HttpCommandExecutor.java:155)&#xD;
	at org.openqa.selenium.remote.service.DriverCommandExecutor.execute(DriverCommandExecutor.java:83)&#xD;
	at org.openqa.selenium.remote.RemoteWebDriver.execute(RemoteWebDriver.java:552)&#xD;
	at com.kms.katalon.selenium.driver.CChromeDriver.execute(CChromeDriver.java:20)&#xD;
	at org.openqa.selenium.remote.RemoteWebDriver.findElements(RemoteWebDriver.java:353)&#xD;
	at org.openqa.selenium.remote.RemoteWebDriver.findElementsByXPath(RemoteWebDriver.java:432)&#xD;
	at org.openqa.selenium.By$ByXPath.findElements(By.java:348)&#xD;
	at org.openqa.selenium.remote.RemoteWebDriver.findElements(RemoteWebDriver.java:311)&#xD;
	at com.kms.katalon.core.webui.common.WebUiCommonHelper.findWebElements(WebUiCommonHelper.java:761)&#xD;
	at com.kms.katalon.core.webui.common.WebUiCommonHelper.findWebElement(WebUiCommonHelper.java:1093)&#xD;
	at com.kms.katalon.core.webui.common.WebUiCommonHelper$findWebElement.call(Unknown Source)&#xD;
	at platform.Method.clickOnElement(Method.groovy:32)&#xD;
	at platform.ResponseDesigner.addChannelToResponse(ResponseDesigner.groovy:170)&#xD;
	at platform.Method.invokeMethod(Method.groovy)&#xD;
	at com.kms.katalon.core.main.CustomKeywordDelegatingMetaClass.invokeStaticMethod(CustomKeywordDelegatingMetaClass.java:50)&#xD;
	at Script1597252650544.run(Script1597252650544.groovy:27)&#xD;
	... 13 more&#xD;
Caused by: java.net.ConnectException: Connection refused: connect&#xD;
	at okhttp3.internal.platform.Platform.connectSocket(Platform.java:129)&#xD;
	at okhttp3.internal.connection.RealConnection.connectSocket(RealConnection.java:245)&#xD;
	at okhttp3.internal.connection.RealConnection.connect(RealConnection.java:165)&#xD;
	at okhttp3.internal.connection.StreamAllocation.findConnection(StreamAllocation.java:257)&#xD;
	at okhttp3.internal.connection.StreamAllocation.findHealthyConnection(StreamAllocation.java:135)&#xD;
	at okhttp3.internal.connection.StreamAllocation.newStream(StreamAllocation.java:114)&#xD;
	at okhttp3.internal.connection.ConnectInterceptor.intercept(ConnectInterceptor.java:42)&#xD;
	at okhttp3.internal.http.RealInterceptorChain.proceed(RealInterceptorChain.java:147)&#xD;
	at okhttp3.internal.http.RealInterceptorChain.proceed(RealInterceptorChain.java:121)&#xD;
	at okhttp3.internal.cache.CacheInterceptor.intercept(CacheInterceptor.java:93)&#xD;
	at okhttp3.internal.http.RealInterceptorChain.proceed(RealInterceptorChain.java:147)&#xD;
	at okhttp3.internal.http.RealInterceptorChain.proceed(RealInterceptorChain.java:121)&#xD;
	at okhttp3.internal.http.BridgeInterceptor.intercept(BridgeInterceptor.java:93)&#xD;
	at okhttp3.internal.http.RealInterceptorChain.proceed(RealInterceptorChain.java:147)&#xD;
	at okhttp3.internal.http.RetryAndFollowUpInterceptor.intercept(RetryAndFollowUpInterceptor.java:126)&#xD;
	at okhttp3.internal.http.RealInterceptorChain.proceed(RealInterceptorChain.java:147)&#xD;
	at okhttp3.internal.http.RealInterceptorChain.proceed(RealInterceptorChain.java:121)&#xD;
	at okhttp3.RealCall.getResponseWithInterceptorChain(RealCall.java:200)&#xD;
	at okhttp3.RealCall.execute(RealCall.java:77)&#xD;
	at org.openqa.selenium.remote.internal.OkHttpClient.execute(OkHttpClient.java:103)&#xD;
	at org.openqa.selenium.remote.HttpCommandExecutor.execute(HttpCommandExecutor.java:155)&#xD;
	at org.openqa.selenium.remote.service.DriverCommandExecutor.execute(DriverCommandExecutor.java:83)&#xD;
	at org.openqa.selenium.remote.RemoteWebDriver.execute(RemoteWebDriver.java:552)&#xD;
	at com.kms.katalon.selenium.driver.CChromeDriver.execute(CChromeDriver.java:20)&#xD;
	at org.openqa.selenium.remote.RemoteWebDriver.findElements(RemoteWebDriver.java:353)&#xD;
	at org.openqa.selenium.remote.RemoteWebDriver.findElementsByXPath(RemoteWebDriver.java:432)&#xD;
	at org.openqa.selenium.By$ByXPath.findElements(By.java:348)&#xD;
	at org.openqa.selenium.remote.RemoteWebDriver.findElements(RemoteWebDriver.java:311)&#xD;
	at com.kms.katalon.core.webui.common.WebUiCommonHelper.findWebElements(WebUiCommonHelper.java:761)&#xD;
	at com.kms.katalon.core.webui.common.WebUiCommonHelper.findWebElement(WebUiCommonHelper.java:1093)&#xD;
	at com.kms.katalon.core.webui.common.WebUiCommonHelper$findWebElement.call(Unknown Source)&#xD;
	at platform.Method.clickOnElement(Method.groovy:32)&#xD;
	at platform.ResponseDesigner.addChannelToResponse(ResponseDesigner.groovy:170)&#xD;
	at platform.Method.invokeMethod(Method.groovy)&#xD;
	at com.kms.katalon.core.main.CustomKeywordDelegatingMetaClass.invokeStaticMethod(CustomKeywordDelegatingMetaClass.java:50)&#xD;
	at appleBusinessChatFieldTestForTaskbot.run(appleBusinessChatFieldTestForTaskbot:27)&#xD;
	... 13 more&#xD;
&#xD;
&#xD;
2020-11-02 18:36:37 - [TEST_STEP][ERROR] - platform.ResponseDesigner.addChannelToResponse(" Apple Business Chat"): java.net.ConnectException: Failed to connect to localhost/0:0:0:0:0:0:0:1:48717
Build info: version: '3.141.59', revision: 'e82be7d358', time: '2018-11-14T08:25:53'
System info: host: 'WLPT580', ip: '192.168.29.195', os.name: 'Windows 8.1', os.arch: 'amd64', os.version: '6.3', java.version: '1.8.0_181'
Driver info: driver.version: RemoteWebDriver&#xD;
&#xD;
2020-11-02 18:36:40 - [MESSAGE][ERROR] - java.net.ConnectException: Failed to connect to localhost/0:0:0:0:0:0:0:1:48717
Build info: version: '3.141.59', revision: 'e82be7d358', time: '2018-11-14T08:25:53'
System info: host: 'WLPT580', ip: '192.168.29.195', os.name: 'Windows 8.1', os.arch: 'amd64', os.version: '6.3', java.version: '1.8.0_181'
Driver info: driver.version: RemoteWebDriver</system-out>
            <system-err>2020-11-02 18:36:35 - [TEST_CASE][ERROR] - Test Cases/Sprint/v4.3/appleBusinessChatFieldTestForTaskbot: Test Cases/Sprint/v4.3/appleBusinessChatFieldTestForTaskbot FAILED.
Reason:
org.openqa.selenium.WebDriverException: java.net.ConnectException: Failed to connect to localhost/0:0:0:0:0:0:0:1:48717
Build info: version: '3.141.59', revision: 'e82be7d358', time: '2018-11-14T08:25:53'
System info: host: 'WLPT580', ip: '192.168.29.195', os.name: 'Windows 8.1', os.arch: 'amd64', os.version: '6.3', java.version: '1.8.0_181'
Driver info: driver.version: RemoteWebDriver&#xD;
	at org.openqa.selenium.remote.service.DriverCommandExecutor.execute(DriverCommandExecutor.java:92)&#xD;
	at org.openqa.selenium.remote.RemoteWebDriver.execute(RemoteWebDriver.java:552)&#xD;
	at com.kms.katalon.selenium.driver.CChromeDriver.execute(CChromeDriver.java:20)&#xD;
	at org.openqa.selenium.remote.RemoteWebDriver.findElements(RemoteWebDriver.java:353)&#xD;
	at org.openqa.selenium.remote.RemoteWebDriver.findElementsByXPath(RemoteWebDriver.java:432)&#xD;
	at org.openqa.selenium.By$ByXPath.findElements(By.java:348)&#xD;
	at org.openqa.selenium.remote.RemoteWebDriver.findElements(RemoteWebDriver.java:311)&#xD;
	at com.kms.katalon.core.webui.common.WebUiCommonHelper.findWebElements(WebUiCommonHelper.java:761)&#xD;
	at com.kms.katalon.core.webui.common.WebUiCommonHelper.findWebElement(WebUiCommonHelper.java:1093)&#xD;
	at com.kms.katalon.core.webui.common.WebUiCommonHelper$findWebElement.call(Unknown Source)&#xD;
	at platform.Method.clickOnElement(Method.groovy:32)&#xD;
	at platform.ResponseDesigner.addChannelToResponse(ResponseDesigner.groovy:170)&#xD;
	at platform.Method.invokeMethod(Method.groovy)&#xD;
	at com.kms.katalon.core.main.CustomKeywordDelegatingMetaClass.invokeStaticMethod(CustomKeywordDelegatingMetaClass.java:50)&#xD;
	at appleBusinessChatFieldTestForTaskbot.run(appleBusinessChatFieldTestForTaskbot:27)&#xD;
	at com.kms.katalon.core.main.ScriptEngine.run(ScriptEngine.java:194)&#xD;
	at com.kms.katalon.core.main.ScriptEngine.runScriptAsRawText(ScriptEngine.java:119)&#xD;
	at com.kms.katalon.core.main.TestCaseExecutor.runScript(TestCaseExecutor.java:337)&#xD;
	at com.kms.katalon.core.main.TestCaseExecutor.doExecute(TestCaseExecutor.java:328)&#xD;
	at com.kms.katalon.core.main.TestCaseExecutor.processExecutionPhase(TestCaseExecutor.java:307)&#xD;
	at com.kms.katalon.core.main.TestCaseExecutor.accessMainPhase(TestCaseExecutor.java:299)&#xD;
	at com.kms.katalon.core.main.TestCaseExecutor.execute(TestCaseExecutor.java:233)&#xD;
	at com.kms.katalon.core.main.TestSuiteExecutor.accessTestCaseMainPhase(TestSuiteExecutor.java:169)&#xD;
	at com.kms.katalon.core.main.TestSuiteExecutor.accessTestSuiteMainPhase(TestSuiteExecutor.java:142)&#xD;
	at com.kms.katalon.core.main.TestSuiteExecutor.execute(TestSuiteExecutor.java:91)&#xD;
	at com.kms.katalon.core.main.TestCaseMain.startTestSuite(TestCaseMain.java:157)&#xD;
	at com.kms.katalon.core.main.TestCaseMain$startTestSuite$0.call(Unknown Source)&#xD;
	at TempTestSuite1604321309179.run(TempTestSuite1604321309179.groovy:35)&#xD;
Caused by: java.net.ConnectException: Failed to connect to localhost/0:0:0:0:0:0:0:1:48717&#xD;
	at okhttp3.internal.connection.RealConnection.connectSocket(RealConnection.java:247)&#xD;
	at okhttp3.internal.connection.RealConnection.connect(RealConnection.java:165)&#xD;
	at okhttp3.internal.connection.StreamAllocation.findConnection(StreamAllocation.java:257)&#xD;
	at okhttp3.internal.connection.StreamAllocation.findHealthyConnection(StreamAllocation.java:135)&#xD;
	at okhttp3.internal.connection.StreamAllocation.newStream(StreamAllocation.java:114)&#xD;
	at okhttp3.internal.connection.ConnectInterceptor.intercept(ConnectInterceptor.java:42)&#xD;
	at okhttp3.internal.http.RealInterceptorChain.proceed(RealInterceptorChain.java:147)&#xD;
	at okhttp3.internal.http.RealInterceptorChain.proceed(RealInterceptorChain.java:121)&#xD;
	at okhttp3.internal.cache.CacheInterceptor.intercept(CacheInterceptor.java:93)&#xD;
	at okhttp3.internal.http.RealInterceptorChain.proceed(RealInterceptorChain.java:147)&#xD;
	at okhttp3.internal.http.RealInterceptorChain.proceed(RealInterceptorChain.java:121)&#xD;
	at okhttp3.internal.http.BridgeInterceptor.intercept(BridgeInterceptor.java:93)&#xD;
	at okhttp3.internal.http.RealInterceptorChain.proceed(RealInterceptorChain.java:147)&#xD;
	at okhttp3.internal.http.RetryAndFollowUpInterceptor.intercept(RetryAndFollowUpInterceptor.java:126)&#xD;
	at okhttp3.internal.http.RealInterceptorChain.proceed(RealInterceptorChain.java:147)&#xD;
	at okhttp3.internal.http.RealInterceptorChain.proceed(RealInterceptorChain.java:121)&#xD;
	at okhttp3.RealCall.getResponseWithInterceptorChain(RealCall.java:200)&#xD;
	at okhttp3.RealCall.execute(RealCall.java:77)&#xD;
	at org.openqa.selenium.remote.internal.OkHttpClient.execute(OkHttpClient.java:103)&#xD;
	at org.openqa.selenium.remote.HttpCommandExecutor.execute(HttpCommandExecutor.java:155)&#xD;
	at org.openqa.selenium.remote.service.DriverCommandExecutor.execute(DriverCommandExecutor.java:83)&#xD;
	at org.openqa.selenium.remote.RemoteWebDriver.execute(RemoteWebDriver.java:552)&#xD;
	at com.kms.katalon.selenium.driver.CChromeDriver.execute(CChromeDriver.java:20)&#xD;
	at org.openqa.selenium.remote.RemoteWebDriver.findElements(RemoteWebDriver.java:353)&#xD;
	at org.openqa.selenium.remote.RemoteWebDriver.findElementsByXPath(RemoteWebDriver.java:432)&#xD;
	at org.openqa.selenium.By$ByXPath.findElements(By.java:348)&#xD;
	at org.openqa.selenium.remote.RemoteWebDriver.findElements(RemoteWebDriver.java:311)&#xD;
	at com.kms.katalon.core.webui.common.WebUiCommonHelper.findWebElements(WebUiCommonHelper.java:761)&#xD;
	at com.kms.katalon.core.webui.common.WebUiCommonHelper.findWebElement(WebUiCommonHelper.java:1093)&#xD;
	at com.kms.katalon.core.webui.common.WebUiCommonHelper$findWebElement.call(Unknown Source)&#xD;
	at platform.Method.clickOnElement(Method.groovy:32)&#xD;
	at platform.ResponseDesigner.addChannelToResponse(ResponseDesigner.groovy:170)&#xD;
	at platform.Method.invokeMethod(Method.groovy)&#xD;
	at com.kms.katalon.core.main.CustomKeywordDelegatingMetaClass.invokeStaticMethod(CustomKeywordDelegatingMetaClass.java:50)&#xD;
	at Script1597252650544.run(Script1597252650544.groovy:27)&#xD;
	... 13 more&#xD;
Caused by: java.net.ConnectException: Connection refused: connect&#xD;
	at okhttp3.internal.platform.Platform.connectSocket(Platform.java:129)&#xD;
	at okhttp3.internal.connection.RealConnection.connectSocket(RealConnection.java:245)&#xD;
	at okhttp3.internal.connection.RealConnection.connect(RealConnection.java:165)&#xD;
	at okhttp3.internal.connection.StreamAllocation.findConnection(StreamAllocation.java:257)&#xD;
	at okhttp3.internal.connection.StreamAllocation.findHealthyConnection(StreamAllocation.java:135)&#xD;
	at okhttp3.internal.connection.StreamAllocation.newStream(StreamAllocation.java:114)&#xD;
	at okhttp3.internal.connection.ConnectInterceptor.intercept(ConnectInterceptor.java:42)&#xD;
	at okhttp3.internal.http.RealInterceptorChain.proceed(RealInterceptorChain.java:147)&#xD;
	at okhttp3.internal.http.RealInterceptorChain.proceed(RealInterceptorChain.java:121)&#xD;
	at okhttp3.internal.cache.CacheInterceptor.intercept(CacheInterceptor.java:93)&#xD;
	at okhttp3.internal.http.RealInterceptorChain.proceed(RealInterceptorChain.java:147)&#xD;
	at okhttp3.internal.http.RealInterceptorChain.proceed(RealInterceptorChain.java:121)&#xD;
	at okhttp3.internal.http.BridgeInterceptor.intercept(BridgeInterceptor.java:93)&#xD;
	at okhttp3.internal.http.RealInterceptorChain.proceed(RealInterceptorChain.java:147)&#xD;
	at okhttp3.internal.http.RetryAndFollowUpInterceptor.intercept(RetryAndFollowUpInterceptor.java:126)&#xD;
	at okhttp3.internal.http.RealInterceptorChain.proceed(RealInterceptorChain.java:147)&#xD;
	at okhttp3.internal.http.RealInterceptorChain.proceed(RealInterceptorChain.java:121)&#xD;
	at okhttp3.RealCall.getResponseWithInterceptorChain(RealCall.java:200)&#xD;
	at okhttp3.RealCall.execute(RealCall.java:77)&#xD;
	at org.openqa.selenium.remote.internal.OkHttpClient.execute(OkHttpClient.java:103)&#xD;
	at org.openqa.selenium.remote.HttpCommandExecutor.execute(HttpCommandExecutor.java:155)&#xD;
	at org.openqa.selenium.remote.service.DriverCommandExecutor.execute(DriverCommandExecutor.java:83)&#xD;
	at org.openqa.selenium.remote.RemoteWebDriver.execute(RemoteWebDriver.java:552)&#xD;
	at com.kms.katalon.selenium.driver.CChromeDriver.execute(CChromeDriver.java:20)&#xD;
	at org.openqa.selenium.remote.RemoteWebDriver.findElements(RemoteWebDriver.java:353)&#xD;
	at org.openqa.selenium.remote.RemoteWebDriver.findElementsByXPath(RemoteWebDriver.java:432)&#xD;
	at org.openqa.selenium.By$ByXPath.findElements(By.java:348)&#xD;
	at org.openqa.selenium.remote.RemoteWebDriver.findElements(RemoteWebDriver.java:311)&#xD;
	at com.kms.katalon.core.webui.common.WebUiCommonHelper.findWebElements(WebUiCommonHelper.java:761)&#xD;
	at com.kms.katalon.core.webui.common.WebUiCommonHelper.findWebElement(WebUiCommonHelper.java:1093)&#xD;
	at com.kms.katalon.core.webui.common.WebUiCommonHelper$findWebElement.call(Unknown Source)&#xD;
	at platform.Method.clickOnElement(Method.groovy:32)&#xD;
	at platform.ResponseDesigner.addChannelToResponse(ResponseDesigner.groovy:170)&#xD;
	at platform.Method.invokeMethod(Method.groovy)&#xD;
	at com.kms.katalon.core.main.CustomKeywordDelegatingMetaClass.invokeStaticMethod(CustomKeywordDelegatingMetaClass.java:50)&#xD;
	at appleBusinessChatFieldTestForTaskbot.run(appleBusinessChatFieldTestForTaskbot:27)&#xD;
	... 13 more</system-err>
        </testcase>
        <system-out>2020-11-02 18:19:08 - [TEST_SUITE][INCOMPLETE] - TASK_SSO: null</system-out>
        <system-err>2020-11-02 18:19:08 - [TEST_SUITE][INCOMPLETE] - TASK_SSO: null</system-err>
    </testsuite>
</testsuites>
