<?xml version="1.0" encoding="UTF-8" standalone="yes"?>
<testsuites name="routerSuiteE2E" time="972" tests="8" failures="0" errors="0">
    <testsuite name="routerSuiteE2E" tests="8" failures="0" errors="0" time="972" timestamp="2020-07-26 11:28:38" hostname="narendra.n - WLPT580.imidomain.com" id="Test Suites/routerSuiteE2E">
        <properties>
            <property name="deviceName" value=""/>
            <property name="devicePlatform" value=""/>
            <property name="logFolder" value="D:\\IMIbot.ai-Project\\Reports\\20200726_112818\\routerSuiteE2E\\20200726_112822"/>
            <property name="logFiles" value="D:\\IMIbot.ai-Project\\Reports\\20200726_112818\\routerSuiteE2E\\20200726_112822\\execution0.log"/>
            <property name="attachments" value=""/>
            <property name="hostName" value="narendra.n - WLPT580.imidomain.com"/>
            <property name="os" value="Windows 8.1 64bit"/>
            <property name="katalonVersion" value="6.3.3.11"/>
            <property name="browser" value="Chrome 84.0.4147.89"/>
            <property name="hostAddress" value="192.168.1.6"/>
            <property name="sessionId" value="4f726cd39cb38f4d0e047918d30d42b6"/>
            <property name="seleniumVersion" value="3.141.59"/>
            <property name="proxyInformation" value="ProxyInformation{proxyOption=NO_PROXY, proxyServerType=HTTP, password=, proxyServerAddress=, proxyServerPort=0}"/>
            <property name="platform" value="Windows 8.1"/>
        </properties>
        <testcase name="Test Cases/Routerbot/botCreation_Test" classname="Test Cases/Routerbot/botCreation_Test" status="PASSED">
            <system-out>2020-07-26 11:28:41 - [TEST_CASE][PASSED] - Test Cases/Routerbot/botCreation_Test: Test Cases/Routerbot/botCreation_Test&#xD;
&#xD;
2020-07-26 11:28:47 - [TEST_STEP][PASSED] - Start listener action : setUp: Current window maximized&#xD;
&#xD;
2020-07-26 11:28:47 - [TEST_STEP][PASSED] - openBrowser(URL): Browser is opened with url: 'preprod.imibot.ai'&#xD;
&#xD;
2020-07-26 11:28:48 - [MESSAGE][INFO] - Starting 'Chrome' driver&#xD;
&#xD;
2020-07-26 11:28:49 - [MESSAGE][INFO] - User set preference: ['args', '[--start-maximized]']&#xD;
&#xD;
2020-07-26 11:28:49 - [MESSAGE][INFO] - Action delay is set to 1 seconds&#xD;
&#xD;
2020-07-26 11:29:06 - [MESSAGE][PASSED] - Browser is opened with url: 'preprod.imibot.ai'&#xD;
&#xD;
2020-07-26 11:29:07 - [TEST_STEP][PASSED] - maximizeWindow(): Current window maximized&#xD;
&#xD;
2020-07-26 11:29:09 - [MESSAGE][PASSED] - Current window maximized&#xD;
&#xD;
2020-07-26 11:29:10 - [TEST_STEP][PASSED] - callTestCase(findTestCase("Generic/successfulLogin_Test"), [:], STOP_ON_FAILURE): Call Test Case 'Test Cases/Generic/successfulLogin_Test' successfully&#xD;
&#xD;
2020-07-26 11:29:10 - [TEST_CASE][PASSED] - Test Cases/Generic/successfulLogin_Test: Test Cases/Generic/successfulLogin_Test&#xD;
&#xD;
2020-07-26 11:29:11 - [TEST_STEP][PASSED] - sendKeys(findTestObject("Input/username"), username): Keys 'narendra.n@imimobile.com' sent to object: 'Object Repository/Input/username'&#xD;
&#xD;
2020-07-26 11:29:14 - [MESSAGE][PASSED] - Keys 'narendra.n@imimobile.com' sent to object: 'Object Repository/Input/username'&#xD;
&#xD;
2020-07-26 11:29:14 - [TEST_STEP][PASSED] - sendKeys(findTestObject("Input/password"), password): Keys 'Test@2020' sent to object: 'Object Repository/Input/password'&#xD;
&#xD;
2020-07-26 11:29:17 - [MESSAGE][PASSED] - Keys 'Test@2020' sent to object: 'Object Repository/Input/password'&#xD;
&#xD;
2020-07-26 11:29:17 - [TEST_STEP][PASSED] - click(findTestObject("Button/signIn")): Object: 'Object Repository/Button/signIn' is clicked on&#xD;
&#xD;
2020-07-26 11:29:20 - [MESSAGE][PASSED] - Object: 'Object Repository/Button/signIn' is clicked on&#xD;
&#xD;
2020-07-26 11:29:20 - [TEST_STEP][PASSED] - if (!(waitForElementPresent(findTestObject("Button/createBot"), 30, OPTIONAL))): Object 'Object Repository/Button/createBot' is present&#xD;
&#xD;
2020-07-26 11:29:34 - [MESSAGE][PASSED] - Object 'Object Repository/Button/createBot' is present&#xD;
&#xD;
2020-07-26 11:29:34 - [MESSAGE][PASSED] - Call Test Case 'Test Cases/Generic/successfulLogin_Test' successfully&#xD;
&#xD;
2020-07-26 11:29:34 - [TEST_STEP][PASSED] - platform.Method.clickOnElement(findTestObject("Generic/webObjectWithText", ["textValue":"Router bots"])): platform.Method.clickOnElement is PASSED&#xD;
&#xD;
2020-07-26 11:29:42 - [MESSAGE][PASSED] - platform.Method.clickOnElement is PASSED&#xD;
&#xD;
2020-07-26 11:29:42 - [TEST_STEP][PASSED] - platform.Method.clickOnElement(findTestObject("Button/createBot")): platform.Method.clickOnElement is PASSED&#xD;
&#xD;
2020-07-26 11:29:46 - [MESSAGE][PASSED] - platform.Method.clickOnElement is PASSED&#xD;
&#xD;
2020-07-26 11:29:46 - [TEST_STEP][PASSED] - sendKeys(findTestObject("Input/botName"), nameOfTheBot): Keys '2020 LINGUALBOT_ROUTER' sent to object: 'Object Repository/Input/botName'&#xD;
&#xD;
2020-07-26 11:29:51 - [MESSAGE][PASSED] - Keys '2020 LINGUALBOT_ROUTER' sent to object: 'Object Repository/Input/botName'&#xD;
&#xD;
2020-07-26 11:29:51 - [TEST_STEP][PASSED] - platform.Method.clickOnElement(findTestObject("GenericII/smartContinueBtn")): platform.Method.clickOnElement is PASSED&#xD;
&#xD;
2020-07-26 11:29:54 - [MESSAGE][PASSED] - platform.Method.clickOnElement is PASSED&#xD;
&#xD;
2020-07-26 11:29:54 - [TEST_STEP][PASSED] - platform.Method.clickOnElement(findTestObject("NewRepo/labelForChildBot")): platform.Method.clickOnElement is PASSED&#xD;
&#xD;
2020-07-26 11:29:57 - [MESSAGE][PASSED] - platform.Method.clickOnElement is PASSED&#xD;
&#xD;
2020-07-26 11:29:57 - [TEST_STEP][PASSED] - index = platform.Method.getIndexFromTheList(findTestObject("NewRepo/listOfChildBots"), childBotName): platform.Method.getIndexFromTheList is PASSED&#xD;
&#xD;
2020-07-26 11:30:16 - [MESSAGE][PASSED] - platform.Method.getIndexFromTheList is PASSED&#xD;
&#xD;
2020-07-26 11:30:16 - [TEST_STEP][PASSED] - platform.Method.clickOnElement(findTestObject("NewRepo/childBotCheckbox", ["index":index])): platform.Method.clickOnElement is PASSED&#xD;
&#xD;
2020-07-26 11:30:18 - [MESSAGE][PASSED] - platform.Method.clickOnElement is PASSED&#xD;
&#xD;
2020-07-26 11:30:18 - [TEST_STEP][PASSED] - newIndex = platform.Method.getIndexFromTheList(findTestObject("NewRepo/listOfChildBots"), childBotName2): platform.Method.getIndexFromTheList is PASSED&#xD;
&#xD;
2020-07-26 11:31:02 - [MESSAGE][PASSED] - platform.Method.getIndexFromTheList is PASSED&#xD;
&#xD;
2020-07-26 11:31:02 - [TEST_STEP][PASSED] - platform.Method.clickOnElement(findTestObject("NewRepo/childBotCheckbox", ["index":newIndex])): platform.Method.clickOnElement is PASSED&#xD;
&#xD;
2020-07-26 11:31:04 - [MESSAGE][PASSED] - platform.Method.clickOnElement is PASSED&#xD;
&#xD;
2020-07-26 11:31:04 - [TEST_STEP][PASSED] - platform.Method.clickOnElement(findTestObject("Toggle/feedback")): platform.Method.clickOnElement is PASSED&#xD;
&#xD;
2020-07-26 11:31:07 - [MESSAGE][PASSED] - platform.Method.clickOnElement is PASSED&#xD;
&#xD;
2020-07-26 11:31:07 - [TEST_STEP][PASSED] - platform.Method.clickOnElement(findTestObject("GenericII/smartContinueBtn")): platform.Method.clickOnElement is PASSED&#xD;
&#xD;
2020-07-26 11:31:09 - [MESSAGE][PASSED] - platform.Method.clickOnElement is PASSED&#xD;
&#xD;
2020-07-26 11:31:09 - [TEST_STEP][PASSED] - platform.Method.clickOnElement(findTestObject("Button/done")): platform.Method.clickOnElement is PASSED&#xD;
&#xD;
2020-07-26 11:31:12 - [MESSAGE][PASSED] - platform.Method.clickOnElement is PASSED</system-out>
            <system-err></system-err>
        </testcase>
        <testcase name="Test Cases/Routerbot/sideOptionsNavigation_Test" classname="Test Cases/Routerbot/sideOptionsNavigation_Test" status="PASSED">
            <system-out>2020-07-26 11:31:12 - [TEST_CASE][PASSED] - Test Cases/Routerbot/sideOptionsNavigation_Test: Test Cases/Routerbot/sideOptionsNavigation_Test&#xD;
&#xD;
2020-07-26 11:31:12 - [TEST_STEP][PASSED] - Start listener action : setUp: Current window maximized&#xD;
&#xD;
2020-07-26 11:31:12 - [TEST_STEP][PASSED] - openBrowser(URL): Browser is opened with url: 'preprod.imibot.ai'&#xD;
&#xD;
2020-07-26 11:31:12 - [MESSAGE][WARNING] - A browser is already opened. Closing browser and opening a new one&#xD;
&#xD;
2020-07-26 11:31:40 - [MESSAGE][INFO] - Starting 'Chrome' driver&#xD;
&#xD;
2020-07-26 11:31:40 - [MESSAGE][INFO] - User set preference: ['args', '[--start-maximized]']&#xD;
&#xD;
2020-07-26 11:31:55 - [MESSAGE][PASSED] - Browser is opened with url: 'preprod.imibot.ai'&#xD;
&#xD;
2020-07-26 11:31:55 - [TEST_STEP][PASSED] - maximizeWindow(): Current window maximized&#xD;
&#xD;
2020-07-26 11:31:58 - [MESSAGE][PASSED] - Current window maximized&#xD;
&#xD;
2020-07-26 11:31:59 - [TEST_STEP][PASSED] - callTestCase(findTestCase("Generic/successfulLogin_Test"), [:], STOP_ON_FAILURE): Call Test Case 'Test Cases/Generic/successfulLogin_Test' successfully&#xD;
&#xD;
2020-07-26 11:31:59 - [TEST_CASE][PASSED] - Test Cases/Generic/successfulLogin_Test: Test Cases/Generic/successfulLogin_Test&#xD;
&#xD;
2020-07-26 11:31:59 - [TEST_STEP][PASSED] - sendKeys(findTestObject("Input/username"), username): Keys 'narendra.n@imimobile.com' sent to object: 'Object Repository/Input/username'&#xD;
&#xD;
2020-07-26 11:32:02 - [MESSAGE][PASSED] - Keys 'narendra.n@imimobile.com' sent to object: 'Object Repository/Input/username'&#xD;
&#xD;
2020-07-26 11:32:02 - [TEST_STEP][PASSED] - sendKeys(findTestObject("Input/password"), password): Keys 'Test@2020' sent to object: 'Object Repository/Input/password'&#xD;
&#xD;
2020-07-26 11:32:05 - [MESSAGE][PASSED] - Keys 'Test@2020' sent to object: 'Object Repository/Input/password'&#xD;
&#xD;
2020-07-26 11:32:05 - [TEST_STEP][PASSED] - click(findTestObject("Button/signIn")): Object: 'Object Repository/Button/signIn' is clicked on&#xD;
&#xD;
2020-07-26 11:32:08 - [MESSAGE][PASSED] - Object: 'Object Repository/Button/signIn' is clicked on&#xD;
&#xD;
2020-07-26 11:32:08 - [TEST_STEP][PASSED] - if (!(waitForElementPresent(findTestObject("Button/createBot"), 30, OPTIONAL))): Object 'Object Repository/Button/createBot' is present&#xD;
&#xD;
2020-07-26 11:32:26 - [MESSAGE][PASSED] - Object 'Object Repository/Button/createBot' is present&#xD;
&#xD;
2020-07-26 11:32:26 - [MESSAGE][PASSED] - Call Test Case 'Test Cases/Generic/successfulLogin_Test' successfully&#xD;
&#xD;
2020-07-26 11:32:26 - [TEST_STEP][PASSED] - platform.Method.navigateToBot("Router bots", ROUTER_BOT): platform.Method.navigateToBot is PASSED&#xD;
&#xD;
2020-07-26 11:32:27 - [MESSAGE][PASSED] - Object 'Object Repository/Button/createBot' is present&#xD;
&#xD;
2020-07-26 11:32:31 - [MESSAGE][INFO] - Performing click action on bot&#xD;
&#xD;
2020-07-26 11:32:34 - [MESSAGE][PASSED] - platform.Method.navigateToBot is PASSED&#xD;
&#xD;
2020-07-26 11:32:34 - [TEST_STEP][PASSED] - delay(1): Delayed 1 second(s)&#xD;
&#xD;
2020-07-26 11:32:35 - [MESSAGE][PASSED] - Delayed 1 second(s)&#xD;
&#xD;
2020-07-26 11:32:35 - [TEST_STEP][PASSED] - verifyTextPresent("Bot configuration", false, STOP_ON_FAILURE): Text 'Bot configuration' is present on page &#xD;
&#xD;
2020-07-26 11:32:43 - [MESSAGE][PASSED] - Text 'Bot configuration' is present on page &#xD;
&#xD;
2020-07-26 11:32:43 - [TEST_STEP][PASSED] - platform.Method.toClickOnWebElement(findTestObject("Generic/nlp")): platform.Method.toClickOnWebElement is PASSED&#xD;
&#xD;
2020-07-26 11:32:46 - [MESSAGE][PASSED] - Object: 'Object Repository/Generic/nlp' is clicked on&#xD;
&#xD;
2020-07-26 11:32:46 - [MESSAGE][PASSED] - platform.Method.toClickOnWebElement is PASSED&#xD;
&#xD;
2020-07-26 11:32:46 - [TEST_STEP][PASSED] - delay(1): Delayed 1 second(s)&#xD;
&#xD;
2020-07-26 11:32:47 - [MESSAGE][PASSED] - Delayed 1 second(s)&#xD;
&#xD;
2020-07-26 11:32:47 - [TEST_STEP][PASSED] - verifyTextPresent("Input recognition", false, STOP_ON_FAILURE): Text 'Input recognition' is present on page &#xD;
&#xD;
2020-07-26 11:32:52 - [MESSAGE][PASSED] - Text 'Input recognition' is present on page &#xD;
&#xD;
2020-07-26 11:32:52 - [TEST_STEP][PASSED] - platform.Method.toClickOnWebElement(findTestObject("Generic/logic")): platform.Method.toClickOnWebElement is PASSED&#xD;
&#xD;
2020-07-26 11:32:55 - [MESSAGE][PASSED] - Object: 'Object Repository/Generic/logic' is clicked on&#xD;
&#xD;
2020-07-26 11:32:55 - [MESSAGE][PASSED] - platform.Method.toClickOnWebElement is PASSED&#xD;
&#xD;
2020-07-26 11:32:55 - [TEST_STEP][PASSED] - delay(1): Delayed 1 second(s)&#xD;
&#xD;
2020-07-26 11:32:56 - [MESSAGE][PASSED] - Delayed 1 second(s)&#xD;
&#xD;
2020-07-26 11:32:56 - [TEST_STEP][PASSED] - verifyTextPresent("Logic", false, STOP_ON_FAILURE): Text 'Logic' is present on page &#xD;
&#xD;
2020-07-26 11:32:59 - [MESSAGE][PASSED] - Text 'Logic' is present on page &#xD;
&#xD;
2020-07-26 11:32:59 - [TEST_STEP][PASSED] - platform.Method.toClickOnWebElement(findTestObject("Generic/session")): platform.Method.toClickOnWebElement is PASSED&#xD;
&#xD;
2020-07-26 11:33:03 - [MESSAGE][PASSED] - Object: 'Object Repository/Generic/session' is clicked on&#xD;
&#xD;
2020-07-26 11:33:03 - [MESSAGE][PASSED] - platform.Method.toClickOnWebElement is PASSED&#xD;
&#xD;
2020-07-26 11:33:03 - [TEST_STEP][PASSED] - delay(1): Delayed 1 second(s)&#xD;
&#xD;
2020-07-26 11:33:04 - [MESSAGE][PASSED] - Delayed 1 second(s)&#xD;
&#xD;
2020-07-26 11:33:04 - [TEST_STEP][PASSED] - verifyTextPresent("Conversations", false, STOP_ON_FAILURE): Text 'Conversations' is present on page &#xD;
&#xD;
2020-07-26 11:33:09 - [MESSAGE][PASSED] - Text 'Conversations' is present on page</system-out>
            <system-err></system-err>
        </testcase>
        <testcase name="Test Cases/Routerbot/nlpConceptCreation_Test" classname="Test Cases/Routerbot/nlpConceptCreation_Test" status="PASSED">
            <system-out>2020-07-26 11:33:09 - [TEST_CASE][PASSED] - Test Cases/Routerbot/nlpConceptCreation_Test: Test Cases/Routerbot/nlpConceptCreation_Test&#xD;
&#xD;
2020-07-26 11:33:13 - [TEST_STEP][PASSED] - Start listener action : setUp: Current window maximized&#xD;
&#xD;
2020-07-26 11:33:13 - [TEST_STEP][PASSED] - openBrowser(URL): Browser is opened with url: 'preprod.imibot.ai'&#xD;
&#xD;
2020-07-26 11:33:13 - [MESSAGE][WARNING] - A browser is already opened. Closing browser and opening a new one&#xD;
&#xD;
2020-07-26 11:33:18 - [MESSAGE][INFO] - Starting 'Chrome' driver&#xD;
&#xD;
2020-07-26 11:33:18 - [MESSAGE][INFO] - User set preference: ['args', '[--start-maximized]']&#xD;
&#xD;
2020-07-26 11:33:30 - [MESSAGE][PASSED] - Browser is opened with url: 'preprod.imibot.ai'&#xD;
&#xD;
2020-07-26 11:33:30 - [TEST_STEP][PASSED] - maximizeWindow(): Current window maximized&#xD;
&#xD;
2020-07-26 11:33:32 - [MESSAGE][PASSED] - Current window maximized&#xD;
&#xD;
2020-07-26 11:33:33 - [TEST_STEP][PASSED] - callTestCase(findTestCase("Generic/successfulLogin_Test"), [:], STOP_ON_FAILURE): Call Test Case 'Test Cases/Generic/successfulLogin_Test' successfully&#xD;
&#xD;
2020-07-26 11:33:33 - [TEST_CASE][PASSED] - Test Cases/Generic/successfulLogin_Test: Test Cases/Generic/successfulLogin_Test&#xD;
&#xD;
2020-07-26 11:33:33 - [TEST_STEP][PASSED] - sendKeys(findTestObject("Input/username"), username): Keys 'narendra.n@imimobile.com' sent to object: 'Object Repository/Input/username'&#xD;
&#xD;
2020-07-26 11:33:36 - [MESSAGE][PASSED] - Keys 'narendra.n@imimobile.com' sent to object: 'Object Repository/Input/username'&#xD;
&#xD;
2020-07-26 11:33:36 - [TEST_STEP][PASSED] - sendKeys(findTestObject("Input/password"), password): Keys 'Test@2020' sent to object: 'Object Repository/Input/password'&#xD;
&#xD;
2020-07-26 11:33:39 - [MESSAGE][PASSED] - Keys 'Test@2020' sent to object: 'Object Repository/Input/password'&#xD;
&#xD;
2020-07-26 11:33:39 - [TEST_STEP][PASSED] - click(findTestObject("Button/signIn")): Object: 'Object Repository/Button/signIn' is clicked on&#xD;
&#xD;
2020-07-26 11:33:41 - [MESSAGE][PASSED] - Object: 'Object Repository/Button/signIn' is clicked on&#xD;
&#xD;
2020-07-26 11:33:41 - [TEST_STEP][PASSED] - if (!(waitForElementPresent(findTestObject("Button/createBot"), 30, OPTIONAL))): Object 'Object Repository/Button/createBot' is present&#xD;
&#xD;
2020-07-26 11:33:57 - [MESSAGE][PASSED] - Object 'Object Repository/Button/createBot' is present&#xD;
&#xD;
2020-07-26 11:33:57 - [MESSAGE][PASSED] - Call Test Case 'Test Cases/Generic/successfulLogin_Test' successfully&#xD;
&#xD;
2020-07-26 11:33:57 - [TEST_STEP][PASSED] - platform.Method.navigateToBot("Router bots", ROUTER_BOT): platform.Method.navigateToBot is PASSED&#xD;
&#xD;
2020-07-26 11:33:58 - [MESSAGE][PASSED] - Object 'Object Repository/Button/createBot' is present&#xD;
&#xD;
2020-07-26 11:34:01 - [MESSAGE][INFO] - Performing click action on bot&#xD;
&#xD;
2020-07-26 11:34:03 - [MESSAGE][PASSED] - platform.Method.navigateToBot is PASSED&#xD;
&#xD;
2020-07-26 11:34:03 - [TEST_STEP][PASSED] - platform.Method.clickOnElement(findTestObject("Generic/nlp")): platform.Method.clickOnElement is PASSED&#xD;
&#xD;
2020-07-26 11:34:08 - [MESSAGE][PASSED] - platform.Method.clickOnElement is PASSED&#xD;
&#xD;
2020-07-26 11:34:08 - [TEST_STEP][PASSED] - platform.NLP.addCustom_NER(): platform.NLP.addCustom_NER is PASSED&#xD;
&#xD;
2020-07-26 11:34:12 - [MESSAGE][PASSED] - Keys 'custom' sent to object: 'Object Repository/Input/librariesAndModules'&#xD;
&#xD;
2020-07-26 11:34:23 - [MESSAGE][PASSED] - Object 'Object Repository/ICONS/toastMsg' is present&#xD;
&#xD;
2020-07-26 11:34:23 - [MESSAGE][PASSED] - platform.NLP.addCustom_NER is PASSED&#xD;
&#xD;
2020-07-26 11:34:23 - [TEST_STEP][PASSED] - platform.NLP.createConcept(conceptName, fileName): platform.NLP.createConcept is PASSED&#xD;
&#xD;
2020-07-26 11:34:25 - [MESSAGE][PASSED] - Object 'Object Repository/Generic/webObjectWithText' is present&#xD;
&#xD;
2020-07-26 11:34:34 - [MESSAGE][PASSED] - Keys 'banking_faq' sent to object: 'Object Repository/Input/conceptName'&#xD;
&#xD;
2020-07-26 11:34:36 - [MESSAGE][PASSED] - File 'D:/IMIbot.ai-Project/Collection/bankConcept.txt' sent to object: 'Object Repository/Input/uploadFile'&#xD;
&#xD;
2020-07-26 11:34:39 - [MESSAGE][PASSED] - Object: 'Object Repository/NewRepo/createtBtn' is clicked on&#xD;
&#xD;
2020-07-26 11:34:39 - [MESSAGE][PASSED] - platform.NLP.createConcept is PASSED&#xD;
&#xD;
2020-07-26 11:34:39 - [TEST_STEP][PASSED] - platform.Method.clickOnElement(findTestObject("NewRepo/conceptBackBtn")): platform.Method.clickOnElement is PASSED&#xD;
&#xD;
2020-07-26 11:34:41 - [MESSAGE][PASSED] - platform.Method.clickOnElement is PASSED&#xD;
&#xD;
2020-07-26 11:34:41 - [TEST_STEP][PASSED] - verifyTextPresent(conceptName, false, STOP_ON_FAILURE): Text 'banking_faq' is present on page &#xD;
&#xD;
2020-07-26 11:34:45 - [MESSAGE][PASSED] - Text 'banking_faq' is present on page &#xD;
&#xD;
2020-07-26 11:34:45 - [TEST_STEP][PASSED] - platform.NLP.createConcept(conceptName2, fileName2): platform.NLP.createConcept is PASSED&#xD;
&#xD;
2020-07-26 11:34:46 - [MESSAGE][PASSED] - Object 'Object Repository/Generic/webObjectWithText' is present&#xD;
&#xD;
2020-07-26 11:34:54 - [MESSAGE][PASSED] - Keys 'dhan_yojna' sent to object: 'Object Repository/Input/conceptName'&#xD;
&#xD;
2020-07-26 11:34:57 - [MESSAGE][PASSED] - File 'D:/IMIbot.ai-Project/Collection/pmjdy.py' sent to object: 'Object Repository/Input/uploadFile'&#xD;
&#xD;
2020-07-26 11:34:59 - [MESSAGE][PASSED] - Object: 'Object Repository/NewRepo/createtBtn' is clicked on&#xD;
&#xD;
2020-07-26 11:34:59 - [MESSAGE][PASSED] - platform.NLP.createConcept is PASSED&#xD;
&#xD;
2020-07-26 11:34:59 - [TEST_STEP][PASSED] - platform.Method.clickOnElement(findTestObject("NewRepo/conceptBackBtn")): platform.Method.clickOnElement is PASSED&#xD;
&#xD;
2020-07-26 11:35:02 - [MESSAGE][PASSED] - platform.Method.clickOnElement is PASSED&#xD;
&#xD;
2020-07-26 11:35:02 - [TEST_STEP][PASSED] - verifyTextPresent(conceptName2, false, STOP_ON_FAILURE): Text 'dhan_yojna' is present on page &#xD;
&#xD;
2020-07-26 11:35:05 - [MESSAGE][PASSED] - Text 'dhan_yojna' is present on page</system-out>
            <system-err></system-err>
        </testcase>
        <testcase name="Test Cases/Routerbot/ruleConfiguration_Test" classname="Test Cases/Routerbot/ruleConfiguration_Test" status="PASSED">
            <system-out>2020-07-26 11:35:05 - [TEST_CASE][PASSED] - Test Cases/Routerbot/ruleConfiguration_Test: Test Cases/Routerbot/ruleConfiguration_Test&#xD;
&#xD;
2020-07-26 11:35:05 - [TEST_STEP][PASSED] - Start listener action : setUp: Current window maximized&#xD;
&#xD;
2020-07-26 11:35:05 - [TEST_STEP][PASSED] - openBrowser(URL): Browser is opened with url: 'preprod.imibot.ai'&#xD;
&#xD;
2020-07-26 11:35:05 - [MESSAGE][WARNING] - A browser is already opened. Closing browser and opening a new one&#xD;
&#xD;
2020-07-26 11:35:14 - [MESSAGE][INFO] - Starting 'Chrome' driver&#xD;
&#xD;
2020-07-26 11:35:14 - [MESSAGE][INFO] - User set preference: ['args', '[--start-maximized]']&#xD;
&#xD;
2020-07-26 11:35:28 - [MESSAGE][PASSED] - Browser is opened with url: 'preprod.imibot.ai'&#xD;
&#xD;
2020-07-26 11:35:28 - [TEST_STEP][PASSED] - maximizeWindow(): Current window maximized&#xD;
&#xD;
2020-07-26 11:35:30 - [MESSAGE][PASSED] - Current window maximized&#xD;
&#xD;
2020-07-26 11:35:32 - [TEST_STEP][PASSED] - callTestCase(findTestCase("Generic/successfulLogin_Test"), [:], STOP_ON_FAILURE): Call Test Case 'Test Cases/Generic/successfulLogin_Test' successfully&#xD;
&#xD;
2020-07-26 11:35:32 - [TEST_CASE][PASSED] - Test Cases/Generic/successfulLogin_Test: Test Cases/Generic/successfulLogin_Test&#xD;
&#xD;
2020-07-26 11:35:33 - [TEST_STEP][PASSED] - sendKeys(findTestObject("Input/username"), username): Keys 'narendra.n@imimobile.com' sent to object: 'Object Repository/Input/username'&#xD;
&#xD;
2020-07-26 11:35:36 - [MESSAGE][PASSED] - Keys 'narendra.n@imimobile.com' sent to object: 'Object Repository/Input/username'&#xD;
&#xD;
2020-07-26 11:35:36 - [TEST_STEP][PASSED] - sendKeys(findTestObject("Input/password"), password): Keys 'Test@2020' sent to object: 'Object Repository/Input/password'&#xD;
&#xD;
2020-07-26 11:35:39 - [MESSAGE][PASSED] - Keys 'Test@2020' sent to object: 'Object Repository/Input/password'&#xD;
&#xD;
2020-07-26 11:35:39 - [TEST_STEP][PASSED] - click(findTestObject("Button/signIn")): Object: 'Object Repository/Button/signIn' is clicked on&#xD;
&#xD;
2020-07-26 11:35:41 - [MESSAGE][PASSED] - Object: 'Object Repository/Button/signIn' is clicked on&#xD;
&#xD;
2020-07-26 11:35:41 - [TEST_STEP][PASSED] - if (!(waitForElementPresent(findTestObject("Button/createBot"), 30, OPTIONAL))): Object 'Object Repository/Button/createBot' is present&#xD;
&#xD;
2020-07-26 11:35:59 - [MESSAGE][PASSED] - Object 'Object Repository/Button/createBot' is present&#xD;
&#xD;
2020-07-26 11:35:59 - [MESSAGE][PASSED] - Call Test Case 'Test Cases/Generic/successfulLogin_Test' successfully&#xD;
&#xD;
2020-07-26 11:35:59 - [TEST_STEP][PASSED] - platform.Method.navigateToBot("Router bots", ROUTER_BOT): platform.Method.navigateToBot is PASSED&#xD;
&#xD;
2020-07-26 11:36:00 - [MESSAGE][PASSED] - Object 'Object Repository/Button/createBot' is present&#xD;
&#xD;
2020-07-26 11:36:03 - [MESSAGE][INFO] - Performing click action on bot&#xD;
&#xD;
2020-07-26 11:36:06 - [MESSAGE][PASSED] - platform.Method.navigateToBot is PASSED&#xD;
&#xD;
2020-07-26 11:36:06 - [TEST_STEP][PASSED] - platform.Method.clickOnElement(findTestObject("Generic/logic")): platform.Method.clickOnElement is PASSED&#xD;
&#xD;
2020-07-26 11:36:14 - [MESSAGE][PASSED] - platform.Method.clickOnElement is PASSED&#xD;
&#xD;
2020-07-26 11:36:14 - [TEST_STEP][PASSED] - testData = findTestData("Data Files/testData_Router"): null&#xD;
&#xD;
2020-07-26 11:36:14 - [TEST_STEP][PASSED] - setText(findTestObject("NewRepo/leftVariable", ["index":1]), testData.getValue("left_variable", 1)): Text 'nlp.custom_ners.banking_faq' is set on object 'Object Repository/NewRepo/leftVariable'&#xD;
&#xD;
2020-07-26 11:36:20 - [MESSAGE][PASSED] - Text 'nlp.custom_ners.banking_faq' is set on object 'Object Repository/NewRepo/leftVariable'&#xD;
&#xD;
2020-07-26 11:36:20 - [TEST_STEP][PASSED] - platform.Method.clickOnElement(findTestObject("Generic/webObjectWithText", ["textValue":"Exists"])): platform.Method.clickOnElement is PASSED&#xD;
&#xD;
2020-07-26 11:36:22 - [MESSAGE][PASSED] - platform.Method.clickOnElement is PASSED&#xD;
&#xD;
2020-07-26 11:36:22 - [TEST_STEP][PASSED] - platform.Method.clickOnElement(findTestObject("Generic/webObjectWithText", ["textValue":"Equals to"])): platform.Method.clickOnElement is PASSED&#xD;
&#xD;
2020-07-26 11:36:25 - [MESSAGE][PASSED] - platform.Method.clickOnElement is PASSED&#xD;
&#xD;
2020-07-26 11:36:25 - [TEST_STEP][PASSED] - platform.Method.clickOnElement(findTestObject("Generic/webObjectWithText", ["textValue":"Reply with message"])): platform.Method.clickOnElement is PASSED&#xD;
&#xD;
2020-07-26 11:36:27 - [MESSAGE][PASSED] - platform.Method.clickOnElement is PASSED&#xD;
&#xD;
2020-07-26 11:36:27 - [TEST_STEP][PASSED] - platform.Method.clickOnElement(findTestObject("Generic/webObjectWithText", ["textValue":"Route to child bot"])): platform.Method.clickOnElement is PASSED&#xD;
&#xD;
2020-07-26 11:36:30 - [MESSAGE][PASSED] - platform.Method.clickOnElement is PASSED&#xD;
&#xD;
2020-07-26 11:36:30 - [TEST_STEP][PASSED] - platform.Method.clickOnElement(findTestObject("NewRepo/destinationBot", ["index":1])): platform.Method.clickOnElement is PASSED&#xD;
&#xD;
2020-07-26 11:36:32 - [MESSAGE][PASSED] - platform.Method.clickOnElement is PASSED&#xD;
&#xD;
2020-07-26 11:36:32 - [TEST_STEP][PASSED] - platform.Method.clickOnElement(findTestObject("Generic/webObjectWithText", ["textValue":"BankBot 2020"])): platform.Method.clickOnElement is PASSED&#xD;
&#xD;
2020-07-26 11:36:35 - [MESSAGE][PASSED] - platform.Method.clickOnElement is PASSED&#xD;
&#xD;
2020-07-26 11:36:35 - [TEST_STEP][PASSED] - platform.Method.clickOnElement(findTestObject("Button/updateRules")): platform.Method.clickOnElement is PASSED&#xD;
&#xD;
2020-07-26 11:36:37 - [MESSAGE][PASSED] - platform.Method.clickOnElement is PASSED&#xD;
&#xD;
2020-07-26 11:36:37 - [TEST_STEP][PASSED] - platform.Method.clickOnElement(findTestObject("Button/preview")): platform.Method.clickOnElement is PASSED&#xD;
&#xD;
2020-07-26 11:36:40 - [MESSAGE][PASSED] - platform.Method.clickOnElement is PASSED&#xD;
&#xD;
2020-07-26 11:36:40 - [TEST_STEP][PASSED] - sendKeys(findTestObject("Input/chatInput"), Keys.chord("How do I report a suspected fraud?", ENTER)): Keys 'ENTER + How do I report a suspected fraud?' sent to object: 'Object Repository/Input/chatInput'&#xD;
&#xD;
2020-07-26 11:36:45 - [MESSAGE][PASSED] - Keys 'ENTER + How do I report a suspected fraud?' sent to object: 'Object Repository/Input/chatInput'&#xD;
&#xD;
2020-07-26 11:36:45 - [TEST_STEP][PASSED] - delay(3): Delayed 3 second(s)&#xD;
&#xD;
2020-07-26 11:36:48 - [MESSAGE][PASSED] - Delayed 3 second(s)&#xD;
&#xD;
2020-07-26 11:36:48 - [TEST_STEP][PASSED] - verifyElementText(findTestObject("GenericII/getBotResponse", ["index":1]), testData.getValue("bankbot_answer", 1), STOP_ON_FAILURE): Actual text and expected text of test object 'Object Repository/GenericII/getBotResponse' are matched.&#xD;
&#xD;
2020-07-26 11:36:50 - [MESSAGE][PASSED] - Actual text and expected text of test object 'Object Repository/GenericII/getBotResponse' are matched.</system-out>
            <system-err></system-err>
        </testcase>
        <testcase name="Test Cases/Routerbot/ruleAddition_Test" classname="Test Cases/Routerbot/ruleAddition_Test" status="PASSED">
            <system-out>2020-07-26 11:36:51 - [TEST_CASE][PASSED] - Test Cases/Routerbot/ruleAddition_Test: Test Cases/Routerbot/ruleAddition_Test&#xD;
&#xD;
2020-07-26 11:36:52 - [TEST_STEP][PASSED] - Start listener action : setUp: Current window maximized&#xD;
&#xD;
2020-07-26 11:36:52 - [TEST_STEP][PASSED] - openBrowser(URL): Browser is opened with url: 'preprod.imibot.ai'&#xD;
&#xD;
2020-07-26 11:36:52 - [MESSAGE][WARNING] - A browser is already opened. Closing browser and opening a new one&#xD;
&#xD;
2020-07-26 11:36:56 - [MESSAGE][INFO] - Starting 'Chrome' driver&#xD;
&#xD;
2020-07-26 11:36:56 - [MESSAGE][INFO] - User set preference: ['args', '[--start-maximized]']&#xD;
&#xD;
2020-07-26 11:37:07 - [MESSAGE][PASSED] - Browser is opened with url: 'preprod.imibot.ai'&#xD;
&#xD;
2020-07-26 11:37:07 - [TEST_STEP][PASSED] - maximizeWindow(): Current window maximized&#xD;
&#xD;
2020-07-26 11:37:09 - [MESSAGE][PASSED] - Current window maximized&#xD;
&#xD;
2020-07-26 11:37:09 - [TEST_STEP][PASSED] - callTestCase(findTestCase("Generic/successfulLogin_Test"), [:], STOP_ON_FAILURE): Call Test Case 'Test Cases/Generic/successfulLogin_Test' successfully&#xD;
&#xD;
2020-07-26 11:37:10 - [TEST_CASE][PASSED] - Test Cases/Generic/successfulLogin_Test: Test Cases/Generic/successfulLogin_Test&#xD;
&#xD;
2020-07-26 11:37:10 - [TEST_STEP][PASSED] - sendKeys(findTestObject("Input/username"), username): Keys 'narendra.n@imimobile.com' sent to object: 'Object Repository/Input/username'&#xD;
&#xD;
2020-07-26 11:37:14 - [MESSAGE][PASSED] - Keys 'narendra.n@imimobile.com' sent to object: 'Object Repository/Input/username'&#xD;
&#xD;
2020-07-26 11:37:14 - [TEST_STEP][PASSED] - sendKeys(findTestObject("Input/password"), password): Keys 'Test@2020' sent to object: 'Object Repository/Input/password'&#xD;
&#xD;
2020-07-26 11:37:16 - [MESSAGE][PASSED] - Keys 'Test@2020' sent to object: 'Object Repository/Input/password'&#xD;
&#xD;
2020-07-26 11:37:16 - [TEST_STEP][PASSED] - click(findTestObject("Button/signIn")): Object: 'Object Repository/Button/signIn' is clicked on&#xD;
&#xD;
2020-07-26 11:37:21 - [MESSAGE][PASSED] - Object: 'Object Repository/Button/signIn' is clicked on&#xD;
&#xD;
2020-07-26 11:37:21 - [TEST_STEP][PASSED] - if (!(waitForElementPresent(findTestObject("Button/createBot"), 30, OPTIONAL))): Object 'Object Repository/Button/createBot' is present&#xD;
&#xD;
2020-07-26 11:37:46 - [MESSAGE][PASSED] - Object 'Object Repository/Button/createBot' is present&#xD;
&#xD;
2020-07-26 11:37:46 - [MESSAGE][PASSED] - Call Test Case 'Test Cases/Generic/successfulLogin_Test' successfully&#xD;
&#xD;
2020-07-26 11:37:46 - [TEST_STEP][PASSED] - platform.Method.navigateToBot("Router bots", ROUTER_BOT): platform.Method.navigateToBot is PASSED&#xD;
&#xD;
2020-07-26 11:37:47 - [MESSAGE][PASSED] - Object 'Object Repository/Button/createBot' is present&#xD;
&#xD;
2020-07-26 11:37:51 - [MESSAGE][INFO] - Performing click action on bot&#xD;
&#xD;
2020-07-26 11:37:53 - [MESSAGE][PASSED] - platform.Method.navigateToBot is PASSED&#xD;
&#xD;
2020-07-26 11:37:53 - [TEST_STEP][PASSED] - platform.Method.clickOnElement(findTestObject("Generic/logic")): platform.Method.clickOnElement is PASSED&#xD;
&#xD;
2020-07-26 11:38:02 - [MESSAGE][PASSED] - platform.Method.clickOnElement is PASSED&#xD;
&#xD;
2020-07-26 11:38:02 - [TEST_STEP][PASSED] - platform.Method.clickOnElement(findTestObject("NewRepo/addRule")): platform.Method.clickOnElement is PASSED&#xD;
&#xD;
2020-07-26 11:38:05 - [MESSAGE][PASSED] - platform.Method.clickOnElement is PASSED&#xD;
&#xD;
2020-07-26 11:38:05 - [TEST_STEP][PASSED] - setText(findTestObject("NewRepo/leftVariable", ["index":2]), leftVariable): Text 'nlp.custom_ners.dhan_yojna' is set on object 'Object Repository/NewRepo/leftVariable'&#xD;
&#xD;
2020-07-26 11:38:10 - [MESSAGE][PASSED] - Text 'nlp.custom_ners.dhan_yojna' is set on object 'Object Repository/NewRepo/leftVariable'&#xD;
&#xD;
2020-07-26 11:38:10 - [TEST_STEP][PASSED] - platform.Method.clickOnElement(findTestObject("Generic/webObjectWithText", ["textValue":"string"])): platform.Method.clickOnElement is PASSED&#xD;
&#xD;
2020-07-26 11:38:12 - [MESSAGE][PASSED] - platform.Method.clickOnElement is PASSED&#xD;
&#xD;
2020-07-26 11:38:12 - [TEST_STEP][PASSED] - platform.Method.clickOnElement(findTestObject("Generic/webObjectWithText", ["textValue":" boolean "])): platform.Method.clickOnElement is PASSED&#xD;
&#xD;
2020-07-26 11:38:15 - [MESSAGE][PASSED] - platform.Method.clickOnElement is PASSED&#xD;
&#xD;
2020-07-26 11:38:15 - [TEST_STEP][PASSED] - setText(findTestObject("NewRepo/rightVariable", ["index":2]), rightVariable): Text 'true' is set on object 'Object Repository/NewRepo/rightVariable'&#xD;
&#xD;
2020-07-26 11:38:20 - [MESSAGE][PASSED] - Text 'true' is set on object 'Object Repository/NewRepo/rightVariable'&#xD;
&#xD;
2020-07-26 11:38:20 - [TEST_STEP][PASSED] - platform.Method.clickOnElement(findTestObject("NewRepo/destinationBot", ["index":2])): platform.Method.clickOnElement is PASSED&#xD;
&#xD;
2020-07-26 11:38:23 - [MESSAGE][PASSED] - platform.Method.clickOnElement is PASSED&#xD;
&#xD;
2020-07-26 11:38:23 - [TEST_STEP][PASSED] - platform.Method.clickOnElement(findTestObject("Generic/webObjectWithText", ["textValue":childBotName])): platform.Method.clickOnElement is PASSED&#xD;
&#xD;
2020-07-26 11:38:25 - [MESSAGE][PASSED] - platform.Method.clickOnElement is PASSED&#xD;
&#xD;
2020-07-26 11:38:25 - [TEST_STEP][PASSED] - platform.Method.clickOnElement(findTestObject("Button/updateRules")): platform.Method.clickOnElement is PASSED&#xD;
&#xD;
2020-07-26 11:38:28 - [MESSAGE][PASSED] - platform.Method.clickOnElement is PASSED&#xD;
&#xD;
2020-07-26 11:38:28 - [TEST_STEP][PASSED] - platform.Method.clickOnElement(findTestObject("Button/preview")): platform.Method.clickOnElement is PASSED&#xD;
&#xD;
2020-07-26 11:38:30 - [MESSAGE][PASSED] - platform.Method.clickOnElement is PASSED&#xD;
&#xD;
2020-07-26 11:38:30 - [TEST_STEP][PASSED] - sendKeys(findTestObject("Input/chatInput"), Keys.chord(userQuery, ENTER)): Keys 'ENTER + पीएमजेडीवाई खाते कहां खोले जा सकते हैं?' sent to object: 'Object Repository/Input/chatInput'&#xD;
&#xD;
2020-07-26 11:38:36 - [MESSAGE][PASSED] - Keys 'ENTER + पीएमजेडीवाई खाते कहां खोले जा सकते हैं?' sent to object: 'Object Repository/Input/chatInput'&#xD;
&#xD;
2020-07-26 11:38:36 - [TEST_STEP][PASSED] - delay(3): Delayed 3 second(s)&#xD;
&#xD;
2020-07-26 11:38:39 - [MESSAGE][PASSED] - Delayed 3 second(s)&#xD;
&#xD;
2020-07-26 11:38:39 - [TEST_STEP][PASSED] - verifyElementText(findTestObject("GenericII/getBotResponse", ["index":1]), botResponse, STOP_ON_FAILURE): Actual text and expected text of test object 'Object Repository/GenericII/getBotResponse' are matched.&#xD;
&#xD;
2020-07-26 11:38:41 - [MESSAGE][PASSED] - Actual text and expected text of test object 'Object Repository/GenericII/getBotResponse' are matched.&#xD;
&#xD;
2020-07-26 11:38:41 - [TEST_STEP][PASSED] - sendKeys(findTestObject("Input/chatInput"), Keys.chord(userQuery2, ENTER)): Keys 'ENTER + पीएमजेडीवाई खाताधारकों के सामने आने वाली समस्या के मामले में वे किससे संपर्क कर सकते हैं?' sent to object: 'Object Repository/Input/chatInput'&#xD;
&#xD;
2020-07-26 11:38:47 - [MESSAGE][PASSED] - Keys 'ENTER + पीएमजेडीवाई खाताधारकों के सामने आने वाली समस्या के मामले में वे किससे संपर्क कर सकते हैं?' sent to object: 'Object Repository/Input/chatInput'&#xD;
&#xD;
2020-07-26 11:38:47 - [TEST_STEP][PASSED] - delay(3): Delayed 3 second(s)&#xD;
&#xD;
2020-07-26 11:38:50 - [MESSAGE][PASSED] - Delayed 3 second(s)&#xD;
&#xD;
2020-07-26 11:38:50 - [TEST_STEP][PASSED] - verifyElementText(findTestObject("GenericII/getBotResponse", ["index":2]), botResponse2, STOP_ON_FAILURE): Actual text and expected text of test object 'Object Repository/GenericII/getBotResponse' are matched.&#xD;
&#xD;
2020-07-26 11:38:53 - [MESSAGE][PASSED] - Actual text and expected text of test object 'Object Repository/GenericII/getBotResponse' are matched.</system-out>
            <system-err></system-err>
        </testcase>
        <testcase name="Test Cases/Routerbot/feedbackFunctionality_Test" classname="Test Cases/Routerbot/feedbackFunctionality_Test" status="PASSED">
            <system-out>2020-07-26 11:38:53 - [TEST_CASE][PASSED] - Test Cases/Routerbot/feedbackFunctionality_Test: Test Cases/Routerbot/feedbackFunctionality_Test&#xD;
&#xD;
2020-07-26 11:38:53 - [TEST_STEP][PASSED] - Start listener action : setUp: Current window maximized&#xD;
&#xD;
2020-07-26 11:38:53 - [TEST_STEP][PASSED] - openBrowser(URL): Browser is opened with url: 'preprod.imibot.ai'&#xD;
&#xD;
2020-07-26 11:38:53 - [MESSAGE][WARNING] - A browser is already opened. Closing browser and opening a new one&#xD;
&#xD;
2020-07-26 11:39:05 - [MESSAGE][INFO] - Starting 'Chrome' driver&#xD;
&#xD;
2020-07-26 11:39:05 - [MESSAGE][INFO] - User set preference: ['args', '[--start-maximized]']&#xD;
&#xD;
2020-07-26 11:39:15 - [MESSAGE][PASSED] - Browser is opened with url: 'preprod.imibot.ai'&#xD;
&#xD;
2020-07-26 11:39:15 - [TEST_STEP][PASSED] - maximizeWindow(): Current window maximized&#xD;
&#xD;
2020-07-26 11:39:18 - [MESSAGE][PASSED] - Current window maximized&#xD;
&#xD;
2020-07-26 11:39:19 - [TEST_STEP][PASSED] - callTestCase(findTestCase("Generic/successfulLogin_Test"), [:], STOP_ON_FAILURE): Call Test Case 'Test Cases/Generic/successfulLogin_Test' successfully&#xD;
&#xD;
2020-07-26 11:39:19 - [TEST_CASE][PASSED] - Test Cases/Generic/successfulLogin_Test: Test Cases/Generic/successfulLogin_Test&#xD;
&#xD;
2020-07-26 11:39:20 - [TEST_STEP][PASSED] - sendKeys(findTestObject("Input/username"), username): Keys 'narendra.n@imimobile.com' sent to object: 'Object Repository/Input/username'&#xD;
&#xD;
2020-07-26 11:39:24 - [MESSAGE][PASSED] - Keys 'narendra.n@imimobile.com' sent to object: 'Object Repository/Input/username'&#xD;
&#xD;
2020-07-26 11:39:24 - [TEST_STEP][PASSED] - sendKeys(findTestObject("Input/password"), password): Keys 'Test@2020' sent to object: 'Object Repository/Input/password'&#xD;
&#xD;
2020-07-26 11:39:27 - [MESSAGE][PASSED] - Keys 'Test@2020' sent to object: 'Object Repository/Input/password'&#xD;
&#xD;
2020-07-26 11:39:27 - [TEST_STEP][PASSED] - click(findTestObject("Button/signIn")): Object: 'Object Repository/Button/signIn' is clicked on&#xD;
&#xD;
2020-07-26 11:39:30 - [MESSAGE][PASSED] - Object: 'Object Repository/Button/signIn' is clicked on&#xD;
&#xD;
2020-07-26 11:39:30 - [TEST_STEP][PASSED] - if (!(waitForElementPresent(findTestObject("Button/createBot"), 30, OPTIONAL))): Object 'Object Repository/Button/createBot' is present&#xD;
&#xD;
2020-07-26 11:39:48 - [MESSAGE][PASSED] - Object 'Object Repository/Button/createBot' is present&#xD;
&#xD;
2020-07-26 11:39:48 - [MESSAGE][PASSED] - Call Test Case 'Test Cases/Generic/successfulLogin_Test' successfully&#xD;
&#xD;
2020-07-26 11:39:48 - [TEST_STEP][PASSED] - platform.Method.navigateToBot("Router bots", ROUTER_BOT): platform.Method.navigateToBot is PASSED&#xD;
&#xD;
2020-07-26 11:39:49 - [MESSAGE][PASSED] - Object 'Object Repository/Button/createBot' is present&#xD;
&#xD;
2020-07-26 11:39:53 - [MESSAGE][INFO] - Performing click action on bot&#xD;
&#xD;
2020-07-26 11:39:56 - [MESSAGE][PASSED] - platform.Method.navigateToBot is PASSED&#xD;
&#xD;
2020-07-26 11:39:56 - [TEST_STEP][PASSED] - platform.Method.clickOnElement(findTestObject("Button/preview")): platform.Method.clickOnElement is PASSED&#xD;
&#xD;
2020-07-26 11:40:00 - [MESSAGE][PASSED] - platform.Method.clickOnElement is PASSED&#xD;
&#xD;
2020-07-26 11:40:00 - [TEST_STEP][PASSED] - sendKeys(findTestObject("Input/chatInput"), Keys.chord(userQuery1, ENTER)): Keys 'ENTER + प्रधानमंत्री जन-धन योजना क्या है?' sent to object: 'Object Repository/Input/chatInput'&#xD;
&#xD;
2020-07-26 11:40:05 - [MESSAGE][PASSED] - Keys 'ENTER + प्रधानमंत्री जन-धन योजना क्या है?' sent to object: 'Object Repository/Input/chatInput'&#xD;
&#xD;
2020-07-26 11:40:05 - [TEST_STEP][PASSED] - delay(2): Delayed 2 second(s)&#xD;
&#xD;
2020-07-26 11:40:07 - [MESSAGE][PASSED] - Delayed 2 second(s)&#xD;
&#xD;
2020-07-26 11:40:07 - [TEST_STEP][PASSED] - platform.Preview.downvoteResponseWithComment(comment): platform.Preview.downvoteResponseWithComment is PASSED&#xD;
&#xD;
2020-07-26 11:40:10 - [MESSAGE][PASSED] - Object: 'Object Repository/Button/downvote' is clicked on&#xD;
&#xD;
2020-07-26 11:40:14 - [MESSAGE][PASSED] - Keys 'feedback testing' sent to object: 'Object Repository/Input/downvoteComment'&#xD;
&#xD;
2020-07-26 11:40:16 - [MESSAGE][PASSED] - platform.Preview.downvoteResponseWithComment is PASSED&#xD;
&#xD;
2020-07-26 11:40:16 - [TEST_STEP][PASSED] - sendKeys(findTestObject("Input/chatInput"), Keys.chord(userQuery2, ENTER)): Keys 'ENTER + how to report suspected fraud?' sent to object: 'Object Repository/Input/chatInput'&#xD;
&#xD;
2020-07-26 11:40:21 - [MESSAGE][PASSED] - Keys 'ENTER + how to report suspected fraud?' sent to object: 'Object Repository/Input/chatInput'&#xD;
&#xD;
2020-07-26 11:40:21 - [TEST_STEP][PASSED] - delay(2): Delayed 2 second(s)&#xD;
&#xD;
2020-07-26 11:40:23 - [MESSAGE][PASSED] - Delayed 2 second(s)&#xD;
&#xD;
2020-07-26 11:40:23 - [TEST_STEP][PASSED] - platform.Method.clickOnElement(findTestObject("Button/upvote")): platform.Method.clickOnElement is PASSED&#xD;
&#xD;
2020-07-26 11:40:26 - [MESSAGE][PASSED] - platform.Method.clickOnElement is PASSED&#xD;
&#xD;
2020-07-26 11:40:26 - [TEST_STEP][PASSED] - getSession = platform.Utility.getRoomID(): platform.Utility.getRoomID is PASSED&#xD;
&#xD;
2020-07-26 11:40:32 - [MESSAGE][PASSED] - platform.Utility.getRoomID is PASSED&#xD;
&#xD;
2020-07-26 11:40:32 - [TEST_STEP][PASSED] - roomID = get(0).toString(): null&#xD;
&#xD;
2020-07-26 11:40:32 - [TEST_STEP][PASSED] - platform.Method.clickOnElement(findTestObject("GenericII/minimize")): platform.Method.clickOnElement is PASSED&#xD;
&#xD;
2020-07-26 11:40:35 - [MESSAGE][PASSED] - platform.Method.clickOnElement is PASSED&#xD;
&#xD;
2020-07-26 11:40:35 - [TEST_STEP][PASSED] - platform.Method.clickOnElement(findTestObject("Generic/session")): platform.Method.clickOnElement is PASSED&#xD;
&#xD;
2020-07-26 11:40:39 - [MESSAGE][PASSED] - platform.Method.clickOnElement is PASSED&#xD;
&#xD;
2020-07-26 11:40:39 - [TEST_STEP][PASSED] - platform.Session.searchByRoomMetaData("Downvoted"): platform.Session.searchByRoomMetaData is PASSED&#xD;
&#xD;
2020-07-26 11:40:45 - [MESSAGE][PASSED] - platform.Session.searchByRoomMetaData is PASSED&#xD;
&#xD;
2020-07-26 11:40:45 - [TEST_STEP][PASSED] - setText(findTestObject("Input/roomID", ["value":"id"]), roomID): Text '1983194' is set on object 'Object Repository/Input/roomID'&#xD;
&#xD;
2020-07-26 11:40:50 - [MESSAGE][PASSED] - Text '1983194' is set on object 'Object Repository/Input/roomID'&#xD;
&#xD;
2020-07-26 11:40:50 - [TEST_STEP][PASSED] - platform.Utility.overWriteTestData("Router bot", 1, 1, roomID): platform.Utility.overWriteTestData is PASSED&#xD;
&#xD;
2020-07-26 11:40:52 - [MESSAGE][PASSED] - platform.Utility.overWriteTestData is PASSED&#xD;
&#xD;
2020-07-26 11:40:52 - [TEST_STEP][PASSED] - platform.Method.clickOnElement(findTestObject("Button/submitSession")): platform.Method.clickOnElement is PASSED&#xD;
&#xD;
2020-07-26 11:40:54 - [MESSAGE][PASSED] - platform.Method.clickOnElement is PASSED&#xD;
&#xD;
2020-07-26 11:40:54 - [TEST_STEP][PASSED] - waitForElementVisible(findTestObject("Generic/webObjectWithText", ["textValue":roomID]), 20, OPTIONAL): Object 'Object Repository/Generic/webObjectWithText' is visible&#xD;
&#xD;
2020-07-26 11:40:57 - [MESSAGE][PASSED] - Object 'Object Repository/Generic/webObjectWithText' is visible&#xD;
&#xD;
2020-07-26 11:40:57 - [TEST_STEP][PASSED] - platform.Method.clickOnElement(findTestObject("Generic/webObjectWithText", ["textValue":roomID])): platform.Method.clickOnElement is PASSED&#xD;
&#xD;
2020-07-26 11:41:00 - [MESSAGE][PASSED] - platform.Method.clickOnElement is PASSED&#xD;
&#xD;
2020-07-26 11:41:00 - [TEST_STEP][PASSED] - verifyTextPresent("Downvoted with comment", false, STOP_ON_FAILURE): Text 'Downvoted with comment' is present on page &#xD;
&#xD;
2020-07-26 11:41:06 - [MESSAGE][PASSED] - Text 'Downvoted with comment' is present on page &#xD;
&#xD;
2020-07-26 11:41:06 - [TEST_STEP][PASSED] - mouseOver(findTestObject("Generic/webObjectWithText", ["textValue":"Upvoted"]), STOP_ON_FAILURE): Object: 'Object Repository/Generic/webObjectWithText' is hovered&#xD;
&#xD;
2020-07-26 11:41:09 - [MESSAGE][PASSED] - Object: 'Object Repository/Generic/webObjectWithText' is hovered&#xD;
&#xD;
2020-07-26 11:41:09 - [TEST_STEP][PASSED] - verifyTextPresent("Upvoted", false, STOP_ON_FAILURE): Text 'Upvoted' is present on page &#xD;
&#xD;
2020-07-26 11:41:14 - [MESSAGE][PASSED] - Text 'Upvoted' is present on page &#xD;
&#xD;
2020-07-26 11:41:14 - [TEST_STEP][PASSED] - platform.Method.clickOnElement(findTestObject("GenericII/closePopup")): platform.Method.clickOnElement is PASSED&#xD;
&#xD;
2020-07-26 11:41:16 - [MESSAGE][PASSED] - platform.Method.clickOnElement is PASSED&#xD;
&#xD;
2020-07-26 11:41:16 - [TEST_STEP][PASSED] - platform.Utility.overWriteTestData("Router bot", 1, 2, getText(findTestObject("NewRepo2/extractConsumerID"))): platform.Utility.overWriteTestData is PASSED&#xD;
&#xD;
2020-07-26 11:41:18 - [MESSAGE][PASSED] - Text of object 'Object Repository/NewRepo2/extractConsumerID' is: '672806'&#xD;
&#xD;
2020-07-26 11:41:19 - [MESSAGE][PASSED] - platform.Utility.overWriteTestData is PASSED</system-out>
            <system-err></system-err>
        </testcase>
        <testcase name="Test Cases/Routerbot/consumerIDVerificationInChildbots_Test" classname="Test Cases/Routerbot/consumerIDVerificationInChildbots_Test" status="PASSED">
            <system-out>2020-07-26 11:41:19 - [TEST_CASE][PASSED] - Test Cases/Routerbot/consumerIDVerificationInChildbots_Test: Test Cases/Routerbot/consumerIDVerificationInChildbots_Test&#xD;
&#xD;
2020-07-26 11:41:20 - [TEST_STEP][PASSED] - Start listener action : setUp: Current window maximized&#xD;
&#xD;
2020-07-26 11:41:20 - [TEST_STEP][PASSED] - openBrowser(URL): Browser is opened with url: 'preprod.imibot.ai'&#xD;
&#xD;
2020-07-26 11:41:20 - [MESSAGE][WARNING] - A browser is already opened. Closing browser and opening a new one&#xD;
&#xD;
2020-07-26 11:41:33 - [MESSAGE][INFO] - Starting 'Chrome' driver&#xD;
&#xD;
2020-07-26 11:41:33 - [MESSAGE][INFO] - User set preference: ['args', '[--start-maximized]']&#xD;
&#xD;
2020-07-26 11:41:44 - [MESSAGE][PASSED] - Browser is opened with url: 'preprod.imibot.ai'&#xD;
&#xD;
2020-07-26 11:41:44 - [TEST_STEP][PASSED] - maximizeWindow(): Current window maximized&#xD;
&#xD;
2020-07-26 11:41:46 - [MESSAGE][PASSED] - Current window maximized&#xD;
&#xD;
2020-07-26 11:41:49 - [TEST_STEP][PASSED] - callTestCase(findTestCase("Generic/successfulLogin_Test"), [:], STOP_ON_FAILURE): Call Test Case 'Test Cases/Generic/successfulLogin_Test' successfully&#xD;
&#xD;
2020-07-26 11:41:49 - [TEST_CASE][PASSED] - Test Cases/Generic/successfulLogin_Test: Test Cases/Generic/successfulLogin_Test&#xD;
&#xD;
2020-07-26 11:41:49 - [TEST_STEP][PASSED] - sendKeys(findTestObject("Input/username"), username): Keys 'narendra.n@imimobile.com' sent to object: 'Object Repository/Input/username'&#xD;
&#xD;
2020-07-26 11:41:52 - [MESSAGE][PASSED] - Keys 'narendra.n@imimobile.com' sent to object: 'Object Repository/Input/username'&#xD;
&#xD;
2020-07-26 11:41:52 - [TEST_STEP][PASSED] - sendKeys(findTestObject("Input/password"), password): Keys 'Test@2020' sent to object: 'Object Repository/Input/password'&#xD;
&#xD;
2020-07-26 11:41:56 - [MESSAGE][PASSED] - Keys 'Test@2020' sent to object: 'Object Repository/Input/password'&#xD;
&#xD;
2020-07-26 11:41:56 - [TEST_STEP][PASSED] - click(findTestObject("Button/signIn")): Object: 'Object Repository/Button/signIn' is clicked on&#xD;
&#xD;
2020-07-26 11:41:59 - [MESSAGE][PASSED] - Object: 'Object Repository/Button/signIn' is clicked on&#xD;
&#xD;
2020-07-26 11:41:59 - [TEST_STEP][PASSED] - if (!(waitForElementPresent(findTestObject("Button/createBot"), 30, OPTIONAL))): Object 'Object Repository/Button/createBot' is present&#xD;
&#xD;
2020-07-26 11:42:22 - [MESSAGE][PASSED] - Object 'Object Repository/Button/createBot' is present&#xD;
&#xD;
2020-07-26 11:42:22 - [MESSAGE][PASSED] - Call Test Case 'Test Cases/Generic/successfulLogin_Test' successfully&#xD;
&#xD;
2020-07-26 11:42:22 - [TEST_STEP][PASSED] - platform.Method.navigateToBot("Q&amp;A bots", CHILD_BOT): platform.Method.navigateToBot is PASSED&#xD;
&#xD;
2020-07-26 11:42:23 - [MESSAGE][PASSED] - Object 'Object Repository/Button/createBot' is present&#xD;
&#xD;
2020-07-26 11:42:25 - [MESSAGE][INFO] - Performing click action on bot&#xD;
&#xD;
2020-07-26 11:42:28 - [MESSAGE][PASSED] - platform.Method.navigateToBot is PASSED&#xD;
&#xD;
2020-07-26 11:42:28 - [TEST_STEP][PASSED] - platform.Method.clickOnElement(findTestObject("Generic/session")): platform.Method.clickOnElement is PASSED&#xD;
&#xD;
2020-07-26 11:42:37 - [MESSAGE][PASSED] - platform.Method.clickOnElement is PASSED&#xD;
&#xD;
2020-07-26 11:42:37 - [TEST_STEP][PASSED] - platform.Session.searchByConsumerID(consumerID): platform.Session.searchByConsumerID is PASSED&#xD;
&#xD;
2020-07-26 11:42:41 - [MESSAGE][PASSED] - Text '672806' is set on object 'Object Repository/Input/consumerID'&#xD;
&#xD;
2020-07-26 11:42:44 - [MESSAGE][PASSED] - platform.Session.searchByConsumerID is PASSED&#xD;
&#xD;
2020-07-26 11:42:44 - [TEST_STEP][PASSED] - platform.Method.clickOnElement(findTestObject("Generic/webObjectWithText", ["textValue":consumerID])): platform.Method.clickOnElement is PASSED&#xD;
&#xD;
2020-07-26 11:42:47 - [MESSAGE][PASSED] - platform.Method.clickOnElement is PASSED&#xD;
&#xD;
2020-07-26 11:42:47 - [TEST_STEP][PASSED] - verifyTextPresent(mgrRoomID, false, STOP_ON_FAILURE): Text '1983194' is present on page &#xD;
&#xD;
2020-07-26 11:42:53 - [MESSAGE][PASSED] - Text '1983194' is present on page &#xD;
&#xD;
2020-07-26 11:42:53 - [TEST_STEP][PASSED] - platform.Method.clickOnElement(findTestObject("GenericII/closePopup")): platform.Method.clickOnElement is PASSED&#xD;
&#xD;
2020-07-26 11:42:56 - [MESSAGE][PASSED] - platform.Method.clickOnElement is PASSED&#xD;
&#xD;
2020-07-26 11:42:56 - [TEST_STEP][PASSED] - platform.Method.clickOnElement(findTestObject("Button/dashboard")): platform.Method.clickOnElement is PASSED&#xD;
&#xD;
2020-07-26 11:43:02 - [MESSAGE][PASSED] - platform.Method.clickOnElement is PASSED&#xD;
&#xD;
2020-07-26 11:43:02 - [TEST_STEP][PASSED] - delay(5): Delayed 5 second(s)&#xD;
&#xD;
2020-07-26 11:43:07 - [MESSAGE][PASSED] - Delayed 5 second(s)&#xD;
&#xD;
2020-07-26 11:43:07 - [TEST_STEP][PASSED] - platform.Method.navigateToBot("Q&amp;A bots", "BankBot 2020"): platform.Method.navigateToBot is PASSED&#xD;
&#xD;
2020-07-26 11:43:08 - [MESSAGE][PASSED] - Object 'Object Repository/Button/createBot' is present&#xD;
&#xD;
2020-07-26 11:43:11 - [MESSAGE][INFO] - Performing click action on bot&#xD;
&#xD;
2020-07-26 11:43:14 - [MESSAGE][PASSED] - platform.Method.navigateToBot is PASSED&#xD;
&#xD;
2020-07-26 11:43:14 - [TEST_STEP][PASSED] - platform.Method.clickOnElement(findTestObject("Generic/session")): platform.Method.clickOnElement is PASSED&#xD;
&#xD;
2020-07-26 11:43:19 - [MESSAGE][PASSED] - platform.Method.clickOnElement is PASSED&#xD;
&#xD;
2020-07-26 11:43:19 - [TEST_STEP][PASSED] - platform.Session.searchByConsumerID(consumerID): platform.Session.searchByConsumerID is PASSED&#xD;
&#xD;
2020-07-26 11:43:24 - [MESSAGE][PASSED] - Text '672806' is set on object 'Object Repository/Input/consumerID'&#xD;
&#xD;
2020-07-26 11:43:26 - [MESSAGE][PASSED] - platform.Session.searchByConsumerID is PASSED&#xD;
&#xD;
2020-07-26 11:43:26 - [TEST_STEP][PASSED] - platform.Method.clickOnElement(findTestObject("Generic/webObjectWithText", ["textValue":consumerID])): platform.Method.clickOnElement is PASSED&#xD;
&#xD;
2020-07-26 11:43:29 - [MESSAGE][PASSED] - platform.Method.clickOnElement is PASSED&#xD;
&#xD;
2020-07-26 11:43:29 - [TEST_STEP][PASSED] - verifyTextPresent(mgrRoomID, false, STOP_ON_FAILURE): Text '1983194' is present on page &#xD;
&#xD;
2020-07-26 11:43:35 - [MESSAGE][PASSED] - Text '1983194' is present on page</system-out>
            <system-err></system-err>
        </testcase>
        <testcase name="Test Cases/Pipelinebot/verify_pipeline_bot_creation" classname="Test Cases/Pipelinebot/verify_pipeline_bot_creation" status="PASSED">
            <system-out>2020-07-26 11:43:35 - [TEST_CASE][PASSED] - Test Cases/Pipelinebot/verify_pipeline_bot_creation: Test Cases/Pipelinebot/verify_pipeline_bot_creation&#xD;
&#xD;
2020-07-26 11:43:35 - [TEST_STEP][PASSED] - Start listener action : setUp: Current window maximized&#xD;
&#xD;
2020-07-26 11:43:35 - [TEST_STEP][PASSED] - openBrowser(URL): Browser is opened with url: 'preprod.imibot.ai'&#xD;
&#xD;
2020-07-26 11:43:35 - [MESSAGE][WARNING] - A browser is already opened. Closing browser and opening a new one&#xD;
&#xD;
2020-07-26 11:44:01 - [MESSAGE][INFO] - Starting 'Chrome' driver&#xD;
&#xD;
2020-07-26 11:44:01 - [MESSAGE][INFO] - User set preference: ['args', '[--start-maximized]']&#xD;
&#xD;
2020-07-26 11:44:12 - [MESSAGE][PASSED] - Browser is opened with url: 'preprod.imibot.ai'&#xD;
&#xD;
2020-07-26 11:44:12 - [TEST_STEP][PASSED] - maximizeWindow(): Current window maximized&#xD;
&#xD;
2020-07-26 11:44:14 - [MESSAGE][PASSED] - Current window maximized&#xD;
&#xD;
2020-07-26 11:44:15 - [TEST_STEP][PASSED] - callTestCase(findTestCase("Generic/successfulLogin_Test"), [:], STOP_ON_FAILURE): Call Test Case 'Test Cases/Generic/successfulLogin_Test' successfully&#xD;
&#xD;
2020-07-26 11:44:15 - [TEST_CASE][PASSED] - Test Cases/Generic/successfulLogin_Test: Test Cases/Generic/successfulLogin_Test&#xD;
&#xD;
2020-07-26 11:44:15 - [TEST_STEP][PASSED] - sendKeys(findTestObject("Input/username"), username): Keys 'narendra.n@imimobile.com' sent to object: 'Object Repository/Input/username'&#xD;
&#xD;
2020-07-26 11:44:18 - [MESSAGE][PASSED] - Keys 'narendra.n@imimobile.com' sent to object: 'Object Repository/Input/username'&#xD;
&#xD;
2020-07-26 11:44:18 - [TEST_STEP][PASSED] - sendKeys(findTestObject("Input/password"), password): Keys 'Test@2020' sent to object: 'Object Repository/Input/password'&#xD;
&#xD;
2020-07-26 11:44:21 - [MESSAGE][PASSED] - Keys 'Test@2020' sent to object: 'Object Repository/Input/password'&#xD;
&#xD;
2020-07-26 11:44:21 - [TEST_STEP][PASSED] - click(findTestObject("Button/signIn")): Object: 'Object Repository/Button/signIn' is clicked on&#xD;
&#xD;
2020-07-26 11:44:24 - [MESSAGE][PASSED] - Object: 'Object Repository/Button/signIn' is clicked on&#xD;
&#xD;
2020-07-26 11:44:24 - [TEST_STEP][PASSED] - if (!(waitForElementPresent(findTestObject("Button/createBot"), 30, OPTIONAL))): Object 'Object Repository/Button/createBot' is present&#xD;
&#xD;
2020-07-26 11:44:39 - [MESSAGE][PASSED] - Object 'Object Repository/Button/createBot' is present&#xD;
&#xD;
2020-07-26 11:44:39 - [MESSAGE][PASSED] - Call Test Case 'Test Cases/Generic/successfulLogin_Test' successfully&#xD;
&#xD;
2020-07-26 11:44:39 - [TEST_STEP][PASSED] - platform.Method.clickOnElement(findTestObject("Generic/webObjectWithText", ["textValue":"Pipeline bots"])): platform.Method.clickOnElement is PASSED&#xD;
&#xD;
2020-07-26 11:44:42 - [MESSAGE][PASSED] - platform.Method.clickOnElement is PASSED&#xD;
&#xD;
2020-07-26 11:44:42 - [TEST_STEP][PASSED] - platform.Method.clickOnElement(findTestObject("Button/createBot")): platform.Method.clickOnElement is PASSED&#xD;
&#xD;
2020-07-26 11:44:45 - [MESSAGE][PASSED] - platform.Method.clickOnElement is PASSED&#xD;
&#xD;
2020-07-26 11:44:45 - [TEST_STEP][PASSED] - sendKeys(findTestObject("Input/botName"), nameOfTheBot): Keys '2020 PIPELINEBOT' sent to object: 'Object Repository/Input/botName'&#xD;
&#xD;
2020-07-26 11:44:49 - [MESSAGE][PASSED] - Keys '2020 PIPELINEBOT' sent to object: 'Object Repository/Input/botName'&#xD;
&#xD;
2020-07-26 11:44:49 - [TEST_STEP][PASSED] - platform.Method.clickOnElement(findTestObject("Button/done")): platform.Method.clickOnElement is PASSED&#xD;
&#xD;
2020-07-26 11:44:51 - [MESSAGE][PASSED] - platform.Method.clickOnElement is PASSED</system-out>
            <system-err></system-err>
        </testcase>
        <system-out>2020-07-26 11:28:38 - [TEST_SUITE][INCOMPLETE] - routerSuiteE2E: null</system-out>
        <system-err>2020-07-26 11:28:38 - [TEST_SUITE][INCOMPLETE] - routerSuiteE2E: null</system-err>
    </testsuite>
</testsuites>
