<?xml version="1.0" encoding="UTF-8" standalone="yes"?>
<testsuites name="generic" time="2759" tests="5" failures="1" errors="2">
    <testsuite name="generic" tests="5" failures="1" errors="2" time="2759" timestamp="2020-07-07 16:21:20" hostname="narendra.n - WLPT580.imidomain.com" id="Test Suites/generic">
        <properties>
            <property name="deviceName" value=""/>
            <property name="devicePlatform" value=""/>
            <property name="logFolder" value="D:\\IMIbot.ai-Project\\Reports\\20200707_162050\\generic\\20200707_162054"/>
            <property name="logFiles" value="D:\\IMIbot.ai-Project\\Reports\\20200707_162050\\generic\\20200707_162054\\execution0.log"/>
            <property name="attachments" value="D:\\IMIbot.ai-Project\\Reports\\20200707_162050\\generic\\20200707_162054\\1594119206222.png"/>
            <property name="hostName" value="narendra.n - WLPT580.imidomain.com"/>
            <property name="os" value="Windows 8.1 64bit"/>
            <property name="katalonVersion" value="6.3.3.11"/>
            <property name="browser" value="Chrome 83.0.4103.116"/>
            <property name="hostAddress" value="192.168.1.102"/>
            <property name="sessionId" value="ed31343e6067ac94049708fd976b45db"/>
            <property name="seleniumVersion" value="3.141.59"/>
            <property name="proxyInformation" value="ProxyInformation{proxyOption=NO_PROXY, proxyServerType=HTTP, password=, proxyServerAddress=, proxyServerPort=0}"/>
            <property name="platform" value="Windows 8.1"/>
        </properties>
        <testcase name="Test Cases/Generic/forgotPasswordLink_Test" classname="Test Cases/Generic/forgotPasswordLink_Test" status="PASSED">
            <system-out>2020-07-07 16:21:20 - [TEST_CASE][PASSED] - Test Cases/Generic/forgotPasswordLink_Test: Test Cases/Generic/forgotPasswordLink_Test&#xD;
&#xD;
2020-07-07 16:21:21 - [TEST_STEP][PASSED] - Start listener action : setUp: Current window maximized&#xD;
&#xD;
2020-07-07 16:21:21 - [TEST_STEP][PASSED] - openBrowser(URL): Browser is opened with url: 'preprod.imibot.ai'&#xD;
&#xD;
2020-07-07 16:21:22 - [MESSAGE][INFO] - Starting 'Chrome' driver&#xD;
&#xD;
2020-07-07 16:21:22 - [MESSAGE][INFO] - User set preference: ['args', '[--start-maximized]']&#xD;
&#xD;
2020-07-07 16:21:22 - [MESSAGE][INFO] - Action delay is set to 1 seconds&#xD;
&#xD;
2020-07-07 16:21:44 - [MESSAGE][PASSED] - Browser is opened with url: 'preprod.imibot.ai'&#xD;
&#xD;
2020-07-07 16:21:44 - [TEST_STEP][PASSED] - maximizeWindow(): Current window maximized&#xD;
&#xD;
2020-07-07 16:21:49 - [MESSAGE][PASSED] - Current window maximized&#xD;
&#xD;
2020-07-07 16:21:50 - [TEST_STEP][PASSED] - platform.Method.toClickOnWebElement(findTestObject("GenericII/changePasswordLink")): platform.Method.toClickOnWebElement is PASSED&#xD;
&#xD;
2020-07-07 16:21:53 - [MESSAGE][PASSED] - Object: 'Object Repository/GenericII/changePasswordLink' is clicked on&#xD;
&#xD;
2020-07-07 16:21:53 - [MESSAGE][PASSED] - platform.Method.toClickOnWebElement is PASSED&#xD;
&#xD;
2020-07-07 16:21:53 - [TEST_STEP][PASSED] - verifyElementText(findTestObject("GenericII/forgetHeader"), "Forgot password?", STOP_ON_FAILURE): Actual text and expected text of test object 'Object Repository/GenericII/forgetHeader' are matched.&#xD;
&#xD;
2020-07-07 16:21:56 - [MESSAGE][PASSED] - Actual text and expected text of test object 'Object Repository/GenericII/forgetHeader' are matched.&#xD;
&#xD;
2020-07-07 16:21:56 - [TEST_STEP][PASSED] - sendKeys(findTestObject("Input/email"), USERNAME): Keys 'narendra.n@imimobile.com' sent to object: 'Object Repository/Input/email'&#xD;
&#xD;
2020-07-07 16:22:00 - [MESSAGE][PASSED] - Keys 'narendra.n@imimobile.com' sent to object: 'Object Repository/Input/email'&#xD;
&#xD;
2020-07-07 16:22:00 - [TEST_STEP][PASSED] - verifyElementClickable(findTestObject("GenericII/resetEmailBtn"), STOP_ON_FAILURE): Object 'Object Repository/GenericII/resetEmailBtn' is clickable&#xD;
&#xD;
2020-07-07 16:22:03 - [MESSAGE][PASSED] - Object 'Object Repository/GenericII/resetEmailBtn' is clickable&#xD;
&#xD;
2020-07-07 16:22:03 - [TEST_STEP][PASSED] - platform.Method.toClickOnWebElement(findTestObject("GenericII/resetEmailBtn")): platform.Method.toClickOnWebElement is PASSED&#xD;
&#xD;
2020-07-07 16:22:06 - [MESSAGE][PASSED] - Object: 'Object Repository/GenericII/resetEmailBtn' is clicked on&#xD;
&#xD;
2020-07-07 16:22:06 - [MESSAGE][PASSED] - platform.Method.toClickOnWebElement is PASSED&#xD;
&#xD;
2020-07-07 16:22:06 - [TEST_STEP][PASSED] - waitForElementPresent(findTestObject("ICONS/toastMsg"), 20, OPTIONAL): Object 'Object Repository/ICONS/toastMsg' is not present after 20 second(s)&#xD;
&#xD;
2020-07-07 16:22:29 - [MESSAGE][INFO] - Unable to find the element located by 'By.xpath: //simple-snack-bar'. Please recheck the objects properties to make sure the desired element is located. &#xD;
&#xD;
2020-07-07 16:22:29 - [MESSAGE][WARNING] - Object 'Object Repository/ICONS/toastMsg' is not present after 20 second(s)&#xD;
&#xD;
2020-07-07 16:22:29 - [TEST_STEP][PASSED] - verifyElementPresent(findTestObject("GenericII/emailSentIcon"), 5, OPTIONAL): Object 'Object Repository/GenericII/emailSentIcon' is present&#xD;
&#xD;
2020-07-07 16:22:31 - [MESSAGE][PASSED] - Object 'Object Repository/GenericII/emailSentIcon' is present&#xD;
&#xD;
2020-07-07 16:22:31 - [TEST_STEP][PASSED] - verifyElementClickable(findTestObject("GenericII/continueToSignInBtn"), STOP_ON_FAILURE): Object 'Object Repository/GenericII/continueToSignInBtn' is clickable&#xD;
&#xD;
2020-07-07 16:22:33 - [MESSAGE][PASSED] - Object 'Object Repository/GenericII/continueToSignInBtn' is clickable&#xD;
&#xD;
2020-07-07 16:22:33 - [TEST_STEP][PASSED] - platform.Method.toClickOnWebElement(findTestObject("GenericII/continueToSignInBtn")): platform.Method.toClickOnWebElement is PASSED&#xD;
&#xD;
2020-07-07 16:22:37 - [MESSAGE][PASSED] - Object: 'Object Repository/GenericII/continueToSignInBtn' is clicked on&#xD;
&#xD;
2020-07-07 16:22:37 - [MESSAGE][PASSED] - platform.Method.toClickOnWebElement is PASSED</system-out>
            <system-err></system-err>
        </testcase>
        <testcase name="Test Cases/Generic/botPageAndHeaderAccess_Test" classname="Test Cases/Generic/botPageAndHeaderAccess_Test" status="FAILED">
            <failure type="FAILED" message="Test Cases/Generic/botPageAndHeaderAccess_Test FAILED.&#xA;Reason:&#xA;com.kms.katalon.core.exception.StepFailedException: Call Test Case 'Test Cases/Generic/successfulLogin_Test' failed&#xD;&#xA;&#x9;at com.kms.katalon.core.keyword.builtin.CallTestCaseKeyword$_callTestCase_closure1.doCall(CallTestCaseKeyword.groovy:63)&#xD;&#xA;&#x9;at com.kms.katalon.core.keyword.builtin.CallTestCaseKeyword$_callTestCase_closure1.call(CallTestCaseKeyword.groovy)&#xD;&#xA;&#x9;at com.kms.katalon.core.keyword.internal.KeywordMain.runKeyword(KeywordMain.groovy:68)&#xD;&#xA;&#x9;at com.kms.katalon.core.keyword.builtin.CallTestCaseKeyword.callTestCase(CallTestCaseKeyword.groovy:81)&#xD;&#xA;&#x9;at com.kms.katalon.core.keyword.builtin.CallTestCaseKeyword.execute(CallTestCaseKeyword.groovy:44)&#xD;&#xA;&#x9;at com.kms.katalon.core.keyword.internal.KeywordExecutor.executeKeywordForPlatform(KeywordExecutor.groovy:56)&#xD;&#xA;&#x9;at com.kms.katalon.core.keyword.BuiltinKeywords.callTestCase(BuiltinKeywords.groovy:334)&#xD;&#xA;&#x9;at botPageAndHeaderAccess_Test.run(botPageAndHeaderAccess_Test:16)&#xD;&#xA;&#x9;at com.kms.katalon.core.main.ScriptEngine.run(ScriptEngine.java:194)&#xD;&#xA;&#x9;at com.kms.katalon.core.main.ScriptEngine.runScriptAsRawText(ScriptEngine.java:119)&#xD;&#xA;&#x9;at com.kms.katalon.core.main.TestCaseExecutor.runScript(TestCaseExecutor.java:337)&#xD;&#xA;&#x9;at com.kms.katalon.core.main.TestCaseExecutor.doExecute(TestCaseExecutor.java:328)&#xD;&#xA;&#x9;at com.kms.katalon.core.main.TestCaseExecutor.processExecutionPhase(TestCaseExecutor.java:307)&#xD;&#xA;&#x9;at com.kms.katalon.core.main.TestCaseExecutor.accessMainPhase(TestCaseExecutor.java:299)&#xD;&#xA;&#x9;at com.kms.katalon.core.main.TestCaseExecutor.execute(TestCaseExecutor.java:233)&#xD;&#xA;&#x9;at com.kms.katalon.core.main.TestSuiteExecutor.accessTestCaseMainPhase(TestSuiteExecutor.java:169)&#xD;&#xA;&#x9;at com.kms.katalon.core.main.TestSuiteExecutor.accessTestSuiteMainPhase(TestSuiteExecutor.java:142)&#xD;&#xA;&#x9;at com.kms.katalon.core.main.TestSuiteExecutor.execute(TestSuiteExecutor.java:91)&#xD;&#xA;&#x9;at com.kms.katalon.core.main.TestCaseMain.startTestSuite(TestCaseMain.java:157)&#xD;&#xA;&#x9;at com.kms.katalon.core.main.TestCaseMain$startTestSuite$0.call(Unknown Source)&#xD;&#xA;&#x9;at TempTestSuite1594119054245.run(TempTestSuite1594119054245.groovy:35)&#xD;&#xA;Caused by: com.kms.katalon.core.exception.StepFailedException: Unable to send keys 'narendra.n@imimobile.com' to object 'Object Repository/Input/username'&#xD;&#xA;&#x9;at com.kms.katalon.core.webui.keyword.internal.WebUIKeywordMain.stepFailed(WebUIKeywordMain.groovy:64)&#xD;&#xA;&#x9;at com.kms.katalon.core.webui.keyword.internal.WebUIKeywordMain.runKeyword(WebUIKeywordMain.groovy:26)&#xD;&#xA;&#x9;at com.kms.katalon.core.webui.keyword.builtin.SendKeysKeyword.sendKeys(SendKeysKeyword.groovy:60)&#xD;&#xA;&#x9;at com.kms.katalon.core.webui.keyword.builtin.SendKeysKeyword.execute(SendKeysKeyword.groovy:38)&#xD;&#xA;&#x9;at com.kms.katalon.core.keyword.internal.KeywordExecutor.executeKeywordForPlatform(KeywordExecutor.groovy:56)&#xD;&#xA;&#x9;at com.kms.katalon.core.webui.keyword.WebUiBuiltInKeywords.sendKeys(WebUiBuiltInKeywords.groovy:834)&#xD;&#xA;&#x9;at com.kms.katalon.core.webui.keyword.WebUiBuiltInKeywords$sendKeys$3.call(Unknown Source)&#xD;&#xA;&#x9;at successfulLogin_Test.run(successfulLogin_Test:16)&#xD;&#xA;&#x9;at com.kms.katalon.core.main.ScriptEngine.run(ScriptEngine.java:194)&#xD;&#xA;&#x9;at com.kms.katalon.core.main.ScriptEngine.runScriptAsRawText(ScriptEngine.java:119)&#xD;&#xA;&#x9;at com.kms.katalon.core.main.TestCaseExecutor.runScript(TestCaseExecutor.java:337)&#xD;&#xA;&#x9;at com.kms.katalon.core.main.TestCaseExecutor.doExecute(TestCaseExecutor.java:328)&#xD;&#xA;&#x9;at com.kms.katalon.core.main.TestCaseExecutor.processExecutionPhase(TestCaseExecutor.java:307)&#xD;&#xA;&#x9;at com.kms.katalon.core.main.TestCaseExecutor.accessMainPhase(TestCaseExecutor.java:299)&#xD;&#xA;&#x9;at com.kms.katalon.core.main.TestCaseExecutor.execute(TestCaseExecutor.java:233)&#xD;&#xA;&#x9;at com.kms.katalon.core.main.TestCaseMain.runTestCase(TestCaseMain.java:114)&#xD;&#xA;&#x9;at com.kms.katalon.core.keyword.builtin.CallTestCaseKeyword$_callTestCase_closure1.doCall(CallTestCaseKeyword.groovy:59)&#xD;&#xA;&#x9;... 20 more&#xD;&#xA;Caused by: com.kms.katalon.core.webui.exception.WebElementNotFoundException: Web element with id: 'Object Repository/Input/username' located by 'By.xpath: //*[@data-cy = 'login-email']' not found&#xD;&#xA;&#x9;at com.kms.katalon.core.webui.common.WebUiCommonHelper.findWebElement(WebUiCommonHelper.java:1097)&#xD;&#xA;&#x9;at com.kms.katalon.core.webui.keyword.internal.WebUIAbstractKeyword.findWebElement(WebUIAbstractKeyword.groovy:27)&#xD;&#xA;&#x9;at com.kms.katalon.core.webui.keyword.internal.WebUIAbstractKeyword.findWebElement(WebUIAbstractKeyword.groovy:26)&#xD;&#xA;&#x9;at com.kms.katalon.core.webui.keyword.builtin.SendKeysKeyword$_sendKeys_closure1.doCall(SendKeysKeyword.groovy:52)&#xD;&#xA;&#x9;at com.kms.katalon.core.webui.keyword.builtin.SendKeysKeyword$_sendKeys_closure1.call(SendKeysKeyword.groovy)&#xD;&#xA;&#x9;at com.kms.katalon.core.webui.keyword.internal.WebUIKeywordMain.runKeyword(WebUIKeywordMain.groovy:20)&#xD;&#xA;&#x9;... 35 more&#xD;&#xA;"/>
            <system-out>2020-07-07 16:22:37 - [TEST_CASE][FAILED] - Test Cases/Generic/botPageAndHeaderAccess_Test: Test Cases/Generic/botPageAndHeaderAccess_Test FAILED.
Reason:
com.kms.katalon.core.exception.StepFailedException: Call Test Case 'Test Cases/Generic/successfulLogin_Test' failed&#xD;
	at com.kms.katalon.core.keyword.builtin.CallTestCaseKeyword$_callTestCase_closure1.doCall(CallTestCaseKeyword.groovy:63)&#xD;
	at com.kms.katalon.core.keyword.builtin.CallTestCaseKeyword$_callTestCase_closure1.call(CallTestCaseKeyword.groovy)&#xD;
	at com.kms.katalon.core.keyword.internal.KeywordMain.runKeyword(KeywordMain.groovy:68)&#xD;
	at com.kms.katalon.core.keyword.builtin.CallTestCaseKeyword.callTestCase(CallTestCaseKeyword.groovy:81)&#xD;
	at com.kms.katalon.core.keyword.builtin.CallTestCaseKeyword.execute(CallTestCaseKeyword.groovy:44)&#xD;
	at com.kms.katalon.core.keyword.internal.KeywordExecutor.executeKeywordForPlatform(KeywordExecutor.groovy:56)&#xD;
	at com.kms.katalon.core.keyword.BuiltinKeywords.callTestCase(BuiltinKeywords.groovy:334)&#xD;
	at botPageAndHeaderAccess_Test.run(botPageAndHeaderAccess_Test:16)&#xD;
	at com.kms.katalon.core.main.ScriptEngine.run(ScriptEngine.java:194)&#xD;
	at com.kms.katalon.core.main.ScriptEngine.runScriptAsRawText(ScriptEngine.java:119)&#xD;
	at com.kms.katalon.core.main.TestCaseExecutor.runScript(TestCaseExecutor.java:337)&#xD;
	at com.kms.katalon.core.main.TestCaseExecutor.doExecute(TestCaseExecutor.java:328)&#xD;
	at com.kms.katalon.core.main.TestCaseExecutor.processExecutionPhase(TestCaseExecutor.java:307)&#xD;
	at com.kms.katalon.core.main.TestCaseExecutor.accessMainPhase(TestCaseExecutor.java:299)&#xD;
	at com.kms.katalon.core.main.TestCaseExecutor.execute(TestCaseExecutor.java:233)&#xD;
	at com.kms.katalon.core.main.TestSuiteExecutor.accessTestCaseMainPhase(TestSuiteExecutor.java:169)&#xD;
	at com.kms.katalon.core.main.TestSuiteExecutor.accessTestSuiteMainPhase(TestSuiteExecutor.java:142)&#xD;
	at com.kms.katalon.core.main.TestSuiteExecutor.execute(TestSuiteExecutor.java:91)&#xD;
	at com.kms.katalon.core.main.TestCaseMain.startTestSuite(TestCaseMain.java:157)&#xD;
	at com.kms.katalon.core.main.TestCaseMain$startTestSuite$0.call(Unknown Source)&#xD;
	at TempTestSuite1594119054245.run(TempTestSuite1594119054245.groovy:35)&#xD;
Caused by: com.kms.katalon.core.exception.StepFailedException: Unable to send keys 'narendra.n@imimobile.com' to object 'Object Repository/Input/username'&#xD;
	at com.kms.katalon.core.webui.keyword.internal.WebUIKeywordMain.stepFailed(WebUIKeywordMain.groovy:64)&#xD;
	at com.kms.katalon.core.webui.keyword.internal.WebUIKeywordMain.runKeyword(WebUIKeywordMain.groovy:26)&#xD;
	at com.kms.katalon.core.webui.keyword.builtin.SendKeysKeyword.sendKeys(SendKeysKeyword.groovy:60)&#xD;
	at com.kms.katalon.core.webui.keyword.builtin.SendKeysKeyword.execute(SendKeysKeyword.groovy:38)&#xD;
	at com.kms.katalon.core.keyword.internal.KeywordExecutor.executeKeywordForPlatform(KeywordExecutor.groovy:56)&#xD;
	at com.kms.katalon.core.webui.keyword.WebUiBuiltInKeywords.sendKeys(WebUiBuiltInKeywords.groovy:834)&#xD;
	at com.kms.katalon.core.webui.keyword.WebUiBuiltInKeywords$sendKeys$3.call(Unknown Source)&#xD;
	at successfulLogin_Test.run(successfulLogin_Test:16)&#xD;
	at com.kms.katalon.core.main.ScriptEngine.run(ScriptEngine.java:194)&#xD;
	at com.kms.katalon.core.main.ScriptEngine.runScriptAsRawText(ScriptEngine.java:119)&#xD;
	at com.kms.katalon.core.main.TestCaseExecutor.runScript(TestCaseExecutor.java:337)&#xD;
	at com.kms.katalon.core.main.TestCaseExecutor.doExecute(TestCaseExecutor.java:328)&#xD;
	at com.kms.katalon.core.main.TestCaseExecutor.processExecutionPhase(TestCaseExecutor.java:307)&#xD;
	at com.kms.katalon.core.main.TestCaseExecutor.accessMainPhase(TestCaseExecutor.java:299)&#xD;
	at com.kms.katalon.core.main.TestCaseExecutor.execute(TestCaseExecutor.java:233)&#xD;
	at com.kms.katalon.core.main.TestCaseMain.runTestCase(TestCaseMain.java:114)&#xD;
	at com.kms.katalon.core.keyword.builtin.CallTestCaseKeyword$_callTestCase_closure1.doCall(CallTestCaseKeyword.groovy:59)&#xD;
	... 20 more&#xD;
Caused by: com.kms.katalon.core.webui.exception.WebElementNotFoundException: Web element with id: 'Object Repository/Input/username' located by 'By.xpath: //*[@data-cy = 'login-email']' not found&#xD;
	at com.kms.katalon.core.webui.common.WebUiCommonHelper.findWebElement(WebUiCommonHelper.java:1097)&#xD;
	at com.kms.katalon.core.webui.keyword.internal.WebUIAbstractKeyword.findWebElement(WebUIAbstractKeyword.groovy:27)&#xD;
	at com.kms.katalon.core.webui.keyword.internal.WebUIAbstractKeyword.findWebElement(WebUIAbstractKeyword.groovy:26)&#xD;
	at com.kms.katalon.core.webui.keyword.builtin.SendKeysKeyword$_sendKeys_closure1.doCall(SendKeysKeyword.groovy:52)&#xD;
	at com.kms.katalon.core.webui.keyword.builtin.SendKeysKeyword$_sendKeys_closure1.call(SendKeysKeyword.groovy)&#xD;
	at com.kms.katalon.core.webui.keyword.internal.WebUIKeywordMain.runKeyword(WebUIKeywordMain.groovy:20)&#xD;
	... 35 more&#xD;
&#xD;
&#xD;
2020-07-07 16:22:37 - [TEST_STEP][PASSED] - Start listener action : setUp: Current window maximized&#xD;
&#xD;
2020-07-07 16:22:37 - [TEST_STEP][PASSED] - openBrowser(URL): Browser is opened with url: 'preprod.imibot.ai'&#xD;
&#xD;
2020-07-07 16:22:37 - [MESSAGE][WARNING] - A browser is already opened. Closing browser and opening a new one&#xD;
&#xD;
2020-07-07 16:22:39 - [MESSAGE][INFO] - Starting 'Chrome' driver&#xD;
&#xD;
2020-07-07 16:22:39 - [MESSAGE][INFO] - User set preference: ['args', '[--start-maximized]']&#xD;
&#xD;
2020-07-07 16:23:11 - [MESSAGE][PASSED] - Browser is opened with url: 'preprod.imibot.ai'&#xD;
&#xD;
2020-07-07 16:23:11 - [TEST_STEP][PASSED] - maximizeWindow(): Current window maximized&#xD;
&#xD;
2020-07-07 16:23:13 - [MESSAGE][PASSED] - Current window maximized&#xD;
&#xD;
2020-07-07 16:23:14 - [TEST_STEP][FAILED] - callTestCase(findTestCase("Generic/successfulLogin_Test"), [:], STOP_ON_FAILURE): Unable to call Test Case 'Test Cases/Generic/successfulLogin_Test' (Root cause: com.kms.katalon.core.exception.StepFailedException: Call Test Case 'Test Cases/Generic/successfulLogin_Test' failed&#xD;
	at com.kms.katalon.core.keyword.builtin.CallTestCaseKeyword$_callTestCase_closure1.doCall(CallTestCaseKeyword.groovy:63)&#xD;
	at com.kms.katalon.core.keyword.builtin.CallTestCaseKeyword$_callTestCase_closure1.call(CallTestCaseKeyword.groovy)&#xD;
	at com.kms.katalon.core.keyword.internal.KeywordMain.runKeyword(KeywordMain.groovy:68)&#xD;
	at com.kms.katalon.core.keyword.builtin.CallTestCaseKeyword.callTestCase(CallTestCaseKeyword.groovy:81)&#xD;
	at com.kms.katalon.core.keyword.builtin.CallTestCaseKeyword.execute(CallTestCaseKeyword.groovy:44)&#xD;
	at com.kms.katalon.core.keyword.internal.KeywordExecutor.executeKeywordForPlatform(KeywordExecutor.groovy:56)&#xD;
	at com.kms.katalon.core.keyword.BuiltinKeywords.callTestCase(BuiltinKeywords.groovy:334)&#xD;
	at botPageAndHeaderAccess_Test.run(botPageAndHeaderAccess_Test:16)&#xD;
	at com.kms.katalon.core.main.ScriptEngine.run(ScriptEngine.java:194)&#xD;
	at com.kms.katalon.core.main.ScriptEngine.runScriptAsRawText(ScriptEngine.java:119)&#xD;
	at com.kms.katalon.core.main.TestCaseExecutor.runScript(TestCaseExecutor.java:337)&#xD;
	at com.kms.katalon.core.main.TestCaseExecutor.doExecute(TestCaseExecutor.java:328)&#xD;
	at com.kms.katalon.core.main.TestCaseExecutor.processExecutionPhase(TestCaseExecutor.java:307)&#xD;
	at com.kms.katalon.core.main.TestCaseExecutor.accessMainPhase(TestCaseExecutor.java:299)&#xD;
	at com.kms.katalon.core.main.TestCaseExecutor.execute(TestCaseExecutor.java:233)&#xD;
	at com.kms.katalon.core.main.TestSuiteExecutor.accessTestCaseMainPhase(TestSuiteExecutor.java:169)&#xD;
	at com.kms.katalon.core.main.TestSuiteExecutor.accessTestSuiteMainPhase(TestSuiteExecutor.java:142)&#xD;
	at com.kms.katalon.core.main.TestSuiteExecutor.execute(TestSuiteExecutor.java:91)&#xD;
	at com.kms.katalon.core.main.TestCaseMain.startTestSuite(TestCaseMain.java:157)&#xD;
	at com.kms.katalon.core.main.TestCaseMain$startTestSuite$0.call(Unknown Source)&#xD;
	at TempTestSuite1594119054245.run(TempTestSuite1594119054245.groovy:35)&#xD;
Caused by: com.kms.katalon.core.exception.StepFailedException: Unable to send keys 'narendra.n@imimobile.com' to object 'Object Repository/Input/username'&#xD;
	at com.kms.katalon.core.webui.keyword.internal.WebUIKeywordMain.stepFailed(WebUIKeywordMain.groovy:64)&#xD;
	at com.kms.katalon.core.webui.keyword.internal.WebUIKeywordMain.runKeyword(WebUIKeywordMain.groovy:26)&#xD;
	at com.kms.katalon.core.webui.keyword.builtin.SendKeysKeyword.sendKeys(SendKeysKeyword.groovy:60)&#xD;
	at com.kms.katalon.core.webui.keyword.builtin.SendKeysKeyword.execute(SendKeysKeyword.groovy:38)&#xD;
	at com.kms.katalon.core.keyword.internal.KeywordExecutor.executeKeywordForPlatform(KeywordExecutor.groovy:56)&#xD;
	at com.kms.katalon.core.webui.keyword.WebUiBuiltInKeywords.sendKeys(WebUiBuiltInKeywords.groovy:834)&#xD;
	at com.kms.katalon.core.webui.keyword.WebUiBuiltInKeywords$sendKeys$3.call(Unknown Source)&#xD;
	at successfulLogin_Test.run(successfulLogin_Test:16)&#xD;
	at com.kms.katalon.core.main.ScriptEngine.run(ScriptEngine.java:194)&#xD;
	at com.kms.katalon.core.main.ScriptEngine.runScriptAsRawText(ScriptEngine.java:119)&#xD;
	at com.kms.katalon.core.main.TestCaseExecutor.runScript(TestCaseExecutor.java:337)&#xD;
	at com.kms.katalon.core.main.TestCaseExecutor.doExecute(TestCaseExecutor.java:328)&#xD;
	at com.kms.katalon.core.main.TestCaseExecutor.processExecutionPhase(TestCaseExecutor.java:307)&#xD;
	at com.kms.katalon.core.main.TestCaseExecutor.accessMainPhase(TestCaseExecutor.java:299)&#xD;
	at com.kms.katalon.core.main.TestCaseExecutor.execute(TestCaseExecutor.java:233)&#xD;
	at com.kms.katalon.core.main.TestCaseMain.runTestCase(TestCaseMain.java:114)&#xD;
	at com.kms.katalon.core.keyword.builtin.CallTestCaseKeyword$_callTestCase_closure1.doCall(CallTestCaseKeyword.groovy:59)&#xD;
	... 20 more&#xD;
Caused by: com.kms.katalon.core.webui.exception.WebElementNotFoundException: Web element with id: 'Object Repository/Input/username' located by 'By.xpath: //*[@data-cy = 'login-email']' not found&#xD;
	at com.kms.katalon.core.webui.common.WebUiCommonHelper.findWebElement(WebUiCommonHelper.java:1097)&#xD;
	at com.kms.katalon.core.webui.keyword.internal.WebUIAbstractKeyword.findWebElement(WebUIAbstractKeyword.groovy:27)&#xD;
	at com.kms.katalon.core.webui.keyword.internal.WebUIAbstractKeyword.findWebElement(WebUIAbstractKeyword.groovy:26)&#xD;
	at com.kms.katalon.core.webui.keyword.builtin.SendKeysKeyword$_sendKeys_closure1.doCall(SendKeysKeyword.groovy:52)&#xD;
	at com.kms.katalon.core.webui.keyword.builtin.SendKeysKeyword$_sendKeys_closure1.call(SendKeysKeyword.groovy)&#xD;
	at com.kms.katalon.core.webui.keyword.internal.WebUIKeywordMain.runKeyword(WebUIKeywordMain.groovy:20)&#xD;
	... 35 more&#xD;
)&#xD;
&#xD;
2020-07-07 16:23:14 - [TEST_CASE][FAILED] - Test Cases/Generic/successfulLogin_Test: Test Cases/Generic/successfulLogin_Test FAILED.
Reason:
com.kms.katalon.core.exception.StepFailedException: Unable to send keys 'narendra.n@imimobile.com' to object 'Object Repository/Input/username'&#xD;
	at com.kms.katalon.core.webui.keyword.internal.WebUIKeywordMain.stepFailed(WebUIKeywordMain.groovy:64)&#xD;
	at com.kms.katalon.core.webui.keyword.internal.WebUIKeywordMain.runKeyword(WebUIKeywordMain.groovy:26)&#xD;
	at com.kms.katalon.core.webui.keyword.builtin.SendKeysKeyword.sendKeys(SendKeysKeyword.groovy:60)&#xD;
	at com.kms.katalon.core.webui.keyword.builtin.SendKeysKeyword.execute(SendKeysKeyword.groovy:38)&#xD;
	at com.kms.katalon.core.keyword.internal.KeywordExecutor.executeKeywordForPlatform(KeywordExecutor.groovy:56)&#xD;
	at com.kms.katalon.core.webui.keyword.WebUiBuiltInKeywords.sendKeys(WebUiBuiltInKeywords.groovy:834)&#xD;
	at com.kms.katalon.core.webui.keyword.WebUiBuiltInKeywords$sendKeys$3.call(Unknown Source)&#xD;
	at successfulLogin_Test.run(successfulLogin_Test:16)&#xD;
	at com.kms.katalon.core.main.ScriptEngine.run(ScriptEngine.java:194)&#xD;
	at com.kms.katalon.core.main.ScriptEngine.runScriptAsRawText(ScriptEngine.java:119)&#xD;
	at com.kms.katalon.core.main.TestCaseExecutor.runScript(TestCaseExecutor.java:337)&#xD;
	at com.kms.katalon.core.main.TestCaseExecutor.doExecute(TestCaseExecutor.java:328)&#xD;
	at com.kms.katalon.core.main.TestCaseExecutor.processExecutionPhase(TestCaseExecutor.java:307)&#xD;
	at com.kms.katalon.core.main.TestCaseExecutor.accessMainPhase(TestCaseExecutor.java:299)&#xD;
	at com.kms.katalon.core.main.TestCaseExecutor.execute(TestCaseExecutor.java:233)&#xD;
	at com.kms.katalon.core.main.TestCaseMain.runTestCase(TestCaseMain.java:114)&#xD;
	at com.kms.katalon.core.keyword.builtin.CallTestCaseKeyword$_callTestCase_closure1.doCall(CallTestCaseKeyword.groovy:59)&#xD;
	at com.kms.katalon.core.keyword.builtin.CallTestCaseKeyword$_callTestCase_closure1.call(CallTestCaseKeyword.groovy)&#xD;
	at com.kms.katalon.core.keyword.internal.KeywordMain.runKeyword(KeywordMain.groovy:68)&#xD;
	at com.kms.katalon.core.keyword.builtin.CallTestCaseKeyword.callTestCase(CallTestCaseKeyword.groovy:81)&#xD;
	at com.kms.katalon.core.keyword.builtin.CallTestCaseKeyword.execute(CallTestCaseKeyword.groovy:44)&#xD;
	at com.kms.katalon.core.keyword.internal.KeywordExecutor.executeKeywordForPlatform(KeywordExecutor.groovy:56)&#xD;
	at com.kms.katalon.core.keyword.BuiltinKeywords.callTestCase(BuiltinKeywords.groovy:334)&#xD;
	at botPageAndHeaderAccess_Test.run(botPageAndHeaderAccess_Test:16)&#xD;
	at com.kms.katalon.core.main.ScriptEngine.run(ScriptEngine.java:194)&#xD;
	at com.kms.katalon.core.main.ScriptEngine.runScriptAsRawText(ScriptEngine.java:119)&#xD;
	at com.kms.katalon.core.main.TestCaseExecutor.runScript(TestCaseExecutor.java:337)&#xD;
	at com.kms.katalon.core.main.TestCaseExecutor.doExecute(TestCaseExecutor.java:328)&#xD;
	at com.kms.katalon.core.main.TestCaseExecutor.processExecutionPhase(TestCaseExecutor.java:307)&#xD;
	at com.kms.katalon.core.main.TestCaseExecutor.accessMainPhase(TestCaseExecutor.java:299)&#xD;
	at com.kms.katalon.core.main.TestCaseExecutor.execute(TestCaseExecutor.java:233)&#xD;
	at com.kms.katalon.core.main.TestSuiteExecutor.accessTestCaseMainPhase(TestSuiteExecutor.java:169)&#xD;
	at com.kms.katalon.core.main.TestSuiteExecutor.accessTestSuiteMainPhase(TestSuiteExecutor.java:142)&#xD;
	at com.kms.katalon.core.main.TestSuiteExecutor.execute(TestSuiteExecutor.java:91)&#xD;
	at com.kms.katalon.core.main.TestCaseMain.startTestSuite(TestCaseMain.java:157)&#xD;
	at com.kms.katalon.core.main.TestCaseMain$startTestSuite$0.call(Unknown Source)&#xD;
	at TempTestSuite1594119054245.run(TempTestSuite1594119054245.groovy:35)&#xD;
Caused by: com.kms.katalon.core.webui.exception.WebElementNotFoundException: Web element with id: 'Object Repository/Input/username' located by 'By.xpath: //*[@data-cy = 'login-email']' not found&#xD;
	at com.kms.katalon.core.webui.common.WebUiCommonHelper.findWebElement(WebUiCommonHelper.java:1097)&#xD;
	at com.kms.katalon.core.webui.keyword.internal.WebUIAbstractKeyword.findWebElement(WebUIAbstractKeyword.groovy:27)&#xD;
	at com.kms.katalon.core.webui.keyword.internal.WebUIAbstractKeyword.findWebElement(WebUIAbstractKeyword.groovy:26)&#xD;
	at com.kms.katalon.core.webui.keyword.builtin.SendKeysKeyword$_sendKeys_closure1.doCall(SendKeysKeyword.groovy:52)&#xD;
	at com.kms.katalon.core.webui.keyword.builtin.SendKeysKeyword$_sendKeys_closure1.call(SendKeysKeyword.groovy)&#xD;
	at com.kms.katalon.core.webui.keyword.internal.WebUIKeywordMain.runKeyword(WebUIKeywordMain.groovy:20)&#xD;
	... 35 more&#xD;
&#xD;
&#xD;
2020-07-07 16:23:14 - [TEST_STEP][FAILED] - sendKeys(findTestObject("Input/username"), username): Unable to send keys 'narendra.n@imimobile.com' to object 'Object Repository/Input/username' (Root cause: com.kms.katalon.core.exception.StepFailedException: Unable to send keys 'narendra.n@imimobile.com' to object 'Object Repository/Input/username'&#xD;
	at com.kms.katalon.core.webui.keyword.internal.WebUIKeywordMain.stepFailed(WebUIKeywordMain.groovy:64)&#xD;
	at com.kms.katalon.core.webui.keyword.internal.WebUIKeywordMain.runKeyword(WebUIKeywordMain.groovy:26)&#xD;
	at com.kms.katalon.core.webui.keyword.builtin.SendKeysKeyword.sendKeys(SendKeysKeyword.groovy:60)&#xD;
	at com.kms.katalon.core.webui.keyword.builtin.SendKeysKeyword.execute(SendKeysKeyword.groovy:38)&#xD;
	at com.kms.katalon.core.keyword.internal.KeywordExecutor.executeKeywordForPlatform(KeywordExecutor.groovy:56)&#xD;
	at com.kms.katalon.core.webui.keyword.WebUiBuiltInKeywords.sendKeys(WebUiBuiltInKeywords.groovy:834)&#xD;
	at com.kms.katalon.core.webui.keyword.WebUiBuiltInKeywords$sendKeys$3.call(Unknown Source)&#xD;
	at successfulLogin_Test.run(successfulLogin_Test:16)&#xD;
	at com.kms.katalon.core.main.ScriptEngine.run(ScriptEngine.java:194)&#xD;
	at com.kms.katalon.core.main.ScriptEngine.runScriptAsRawText(ScriptEngine.java:119)&#xD;
	at com.kms.katalon.core.main.TestCaseExecutor.runScript(TestCaseExecutor.java:337)&#xD;
	at com.kms.katalon.core.main.TestCaseExecutor.doExecute(TestCaseExecutor.java:328)&#xD;
	at com.kms.katalon.core.main.TestCaseExecutor.processExecutionPhase(TestCaseExecutor.java:307)&#xD;
	at com.kms.katalon.core.main.TestCaseExecutor.accessMainPhase(TestCaseExecutor.java:299)&#xD;
	at com.kms.katalon.core.main.TestCaseExecutor.execute(TestCaseExecutor.java:233)&#xD;
	at com.kms.katalon.core.main.TestCaseMain.runTestCase(TestCaseMain.java:114)&#xD;
	at com.kms.katalon.core.keyword.builtin.CallTestCaseKeyword$_callTestCase_closure1.doCall(CallTestCaseKeyword.groovy:59)&#xD;
	at com.kms.katalon.core.keyword.builtin.CallTestCaseKeyword$_callTestCase_closure1.call(CallTestCaseKeyword.groovy)&#xD;
	at com.kms.katalon.core.keyword.internal.KeywordMain.runKeyword(KeywordMain.groovy:68)&#xD;
	at com.kms.katalon.core.keyword.builtin.CallTestCaseKeyword.callTestCase(CallTestCaseKeyword.groovy:81)&#xD;
	at com.kms.katalon.core.keyword.builtin.CallTestCaseKeyword.execute(CallTestCaseKeyword.groovy:44)&#xD;
	at com.kms.katalon.core.keyword.internal.KeywordExecutor.executeKeywordForPlatform(KeywordExecutor.groovy:56)&#xD;
	at com.kms.katalon.core.keyword.BuiltinKeywords.callTestCase(BuiltinKeywords.groovy:334)&#xD;
	at botPageAndHeaderAccess_Test.run(botPageAndHeaderAccess_Test:16)&#xD;
	at com.kms.katalon.core.main.ScriptEngine.run(ScriptEngine.java:194)&#xD;
	at com.kms.katalon.core.main.ScriptEngine.runScriptAsRawText(ScriptEngine.java:119)&#xD;
	at com.kms.katalon.core.main.TestCaseExecutor.runScript(TestCaseExecutor.java:337)&#xD;
	at com.kms.katalon.core.main.TestCaseExecutor.doExecute(TestCaseExecutor.java:328)&#xD;
	at com.kms.katalon.core.main.TestCaseExecutor.processExecutionPhase(TestCaseExecutor.java:307)&#xD;
	at com.kms.katalon.core.main.TestCaseExecutor.accessMainPhase(TestCaseExecutor.java:299)&#xD;
	at com.kms.katalon.core.main.TestCaseExecutor.execute(TestCaseExecutor.java:233)&#xD;
	at com.kms.katalon.core.main.TestSuiteExecutor.accessTestCaseMainPhase(TestSuiteExecutor.java:169)&#xD;
	at com.kms.katalon.core.main.TestSuiteExecutor.accessTestSuiteMainPhase(TestSuiteExecutor.java:142)&#xD;
	at com.kms.katalon.core.main.TestSuiteExecutor.execute(TestSuiteExecutor.java:91)&#xD;
	at com.kms.katalon.core.main.TestCaseMain.startTestSuite(TestCaseMain.java:157)&#xD;
	at com.kms.katalon.core.main.TestCaseMain$startTestSuite$0.call(Unknown Source)&#xD;
	at TempTestSuite1594119054245.run(TempTestSuite1594119054245.groovy:35)&#xD;
Caused by: com.kms.katalon.core.webui.exception.WebElementNotFoundException: Web element with id: 'Object Repository/Input/username' located by 'By.xpath: //*[@data-cy = 'login-email']' not found&#xD;
	at com.kms.katalon.core.webui.common.WebUiCommonHelper.findWebElement(WebUiCommonHelper.java:1097)&#xD;
	at com.kms.katalon.core.webui.keyword.internal.WebUIAbstractKeyword.findWebElement(WebUIAbstractKeyword.groovy:27)&#xD;
	at com.kms.katalon.core.webui.keyword.internal.WebUIAbstractKeyword.findWebElement(WebUIAbstractKeyword.groovy:26)&#xD;
	at com.kms.katalon.core.webui.keyword.builtin.SendKeysKeyword$_sendKeys_closure1.doCall(SendKeysKeyword.groovy:52)&#xD;
	at com.kms.katalon.core.webui.keyword.builtin.SendKeysKeyword$_sendKeys_closure1.call(SendKeysKeyword.groovy)&#xD;
	at com.kms.katalon.core.webui.keyword.internal.WebUIKeywordMain.runKeyword(WebUIKeywordMain.groovy:20)&#xD;
	at com.kms.katalon.core.webui.keyword.builtin.SendKeysKeyword.sendKeys(SendKeysKeyword.groovy:60)&#xD;
	at com.kms.katalon.core.webui.keyword.builtin.SendKeysKeyword.execute(SendKeysKeyword.groovy:38)&#xD;
	at com.kms.katalon.core.keyword.internal.KeywordExecutor.executeKeywordForPlatform(KeywordExecutor.groovy:56)&#xD;
	at com.kms.katalon.core.webui.keyword.WebUiBuiltInKeywords.sendKeys(WebUiBuiltInKeywords.groovy:834)&#xD;
	at com.kms.katalon.core.webui.keyword.WebUiBuiltInKeywords$sendKeys$3.call(Unknown Source)&#xD;
	at Script1588401831350.run(Script1588401831350.groovy:16)&#xD;
	at com.kms.katalon.core.main.ScriptEngine.run(ScriptEngine.java:194)&#xD;
	at com.kms.katalon.core.main.ScriptEngine.runScriptAsRawText(ScriptEngine.java:119)&#xD;
	at com.kms.katalon.core.main.TestCaseExecutor.runScript(TestCaseExecutor.java:337)&#xD;
	at com.kms.katalon.core.main.TestCaseExecutor.doExecute(TestCaseExecutor.java:328)&#xD;
	at com.kms.katalon.core.main.TestCaseExecutor.processExecutionPhase(TestCaseExecutor.java:307)&#xD;
	at com.kms.katalon.core.main.TestCaseExecutor.accessMainPhase(TestCaseExecutor.java:299)&#xD;
	at com.kms.katalon.core.main.TestCaseExecutor.execute(TestCaseExecutor.java:233)&#xD;
	at com.kms.katalon.core.main.TestCaseMain.runTestCase(TestCaseMain.java:114)&#xD;
	at com.kms.katalon.core.keyword.builtin.CallTestCaseKeyword$_callTestCase_closure1.doCall(CallTestCaseKeyword.groovy:59)&#xD;
	at com.kms.katalon.core.keyword.builtin.CallTestCaseKeyword$_callTestCase_closure1.call(CallTestCaseKeyword.groovy)&#xD;
	at com.kms.katalon.core.keyword.internal.KeywordMain.runKeyword(KeywordMain.groovy:68)&#xD;
	at com.kms.katalon.core.keyword.builtin.CallTestCaseKeyword.callTestCase(CallTestCaseKeyword.groovy:81)&#xD;
	at com.kms.katalon.core.keyword.builtin.CallTestCaseKeyword.execute(CallTestCaseKeyword.groovy:44)&#xD;
	at com.kms.katalon.core.keyword.internal.KeywordExecutor.executeKeywordForPlatform(KeywordExecutor.groovy:56)&#xD;
	at com.kms.katalon.core.keyword.BuiltinKeywords.callTestCase(BuiltinKeywords.groovy:334)&#xD;
	at Script1592219619308.run(Script1592219619308.groovy:16)&#xD;
	... 13 more&#xD;
)&#xD;
&#xD;
2020-07-07 16:23:26 - [MESSAGE][INFO] - Unable to find the element located by 'By.xpath: //*[@data-cy = 'login-email']'. Please recheck the objects properties to make sure the desired element is located. &#xD;
&#xD;
2020-07-07 16:23:29 - [MESSAGE][FAILED] - Unable to send keys 'narendra.n@imimobile.com' to object 'Object Repository/Input/username' (Root cause: com.kms.katalon.core.exception.StepFailedException: Unable to send keys 'narendra.n@imimobile.com' to object 'Object Repository/Input/username'&#xD;
	at com.kms.katalon.core.webui.keyword.internal.WebUIKeywordMain.stepFailed(WebUIKeywordMain.groovy:64)&#xD;
	at com.kms.katalon.core.webui.keyword.internal.WebUIKeywordMain.runKeyword(WebUIKeywordMain.groovy:26)&#xD;
	at com.kms.katalon.core.webui.keyword.builtin.SendKeysKeyword.sendKeys(SendKeysKeyword.groovy:60)&#xD;
	at com.kms.katalon.core.webui.keyword.builtin.SendKeysKeyword.execute(SendKeysKeyword.groovy:38)&#xD;
	at com.kms.katalon.core.keyword.internal.KeywordExecutor.executeKeywordForPlatform(KeywordExecutor.groovy:56)&#xD;
	at com.kms.katalon.core.webui.keyword.WebUiBuiltInKeywords.sendKeys(WebUiBuiltInKeywords.groovy:834)&#xD;
	at com.kms.katalon.core.webui.keyword.WebUiBuiltInKeywords$sendKeys$3.call(Unknown Source)&#xD;
	at successfulLogin_Test.run(successfulLogin_Test:16)&#xD;
	at com.kms.katalon.core.main.ScriptEngine.run(ScriptEngine.java:194)&#xD;
	at com.kms.katalon.core.main.ScriptEngine.runScriptAsRawText(ScriptEngine.java:119)&#xD;
	at com.kms.katalon.core.main.TestCaseExecutor.runScript(TestCaseExecutor.java:337)&#xD;
	at com.kms.katalon.core.main.TestCaseExecutor.doExecute(TestCaseExecutor.java:328)&#xD;
	at com.kms.katalon.core.main.TestCaseExecutor.processExecutionPhase(TestCaseExecutor.java:307)&#xD;
	at com.kms.katalon.core.main.TestCaseExecutor.accessMainPhase(TestCaseExecutor.java:299)&#xD;
	at com.kms.katalon.core.main.TestCaseExecutor.execute(TestCaseExecutor.java:233)&#xD;
	at com.kms.katalon.core.main.TestCaseMain.runTestCase(TestCaseMain.java:114)&#xD;
	at com.kms.katalon.core.keyword.builtin.CallTestCaseKeyword$_callTestCase_closure1.doCall(CallTestCaseKeyword.groovy:59)&#xD;
	at com.kms.katalon.core.keyword.builtin.CallTestCaseKeyword$_callTestCase_closure1.call(CallTestCaseKeyword.groovy)&#xD;
	at com.kms.katalon.core.keyword.internal.KeywordMain.runKeyword(KeywordMain.groovy:68)&#xD;
	at com.kms.katalon.core.keyword.builtin.CallTestCaseKeyword.callTestCase(CallTestCaseKeyword.groovy:81)&#xD;
	at com.kms.katalon.core.keyword.builtin.CallTestCaseKeyword.execute(CallTestCaseKeyword.groovy:44)&#xD;
	at com.kms.katalon.core.keyword.internal.KeywordExecutor.executeKeywordForPlatform(KeywordExecutor.groovy:56)&#xD;
	at com.kms.katalon.core.keyword.BuiltinKeywords.callTestCase(BuiltinKeywords.groovy:334)&#xD;
	at botPageAndHeaderAccess_Test.run(botPageAndHeaderAccess_Test:16)&#xD;
	at com.kms.katalon.core.main.ScriptEngine.run(ScriptEngine.java:194)&#xD;
	at com.kms.katalon.core.main.ScriptEngine.runScriptAsRawText(ScriptEngine.java:119)&#xD;
	at com.kms.katalon.core.main.TestCaseExecutor.runScript(TestCaseExecutor.java:337)&#xD;
	at com.kms.katalon.core.main.TestCaseExecutor.doExecute(TestCaseExecutor.java:328)&#xD;
	at com.kms.katalon.core.main.TestCaseExecutor.processExecutionPhase(TestCaseExecutor.java:307)&#xD;
	at com.kms.katalon.core.main.TestCaseExecutor.accessMainPhase(TestCaseExecutor.java:299)&#xD;
	at com.kms.katalon.core.main.TestCaseExecutor.execute(TestCaseExecutor.java:233)&#xD;
	at com.kms.katalon.core.main.TestSuiteExecutor.accessTestCaseMainPhase(TestSuiteExecutor.java:169)&#xD;
	at com.kms.katalon.core.main.TestSuiteExecutor.accessTestSuiteMainPhase(TestSuiteExecutor.java:142)&#xD;
	at com.kms.katalon.core.main.TestSuiteExecutor.execute(TestSuiteExecutor.java:91)&#xD;
	at com.kms.katalon.core.main.TestCaseMain.startTestSuite(TestCaseMain.java:157)&#xD;
	at com.kms.katalon.core.main.TestCaseMain$startTestSuite$0.call(Unknown Source)&#xD;
	at TempTestSuite1594119054245.run(TempTestSuite1594119054245.groovy:35)&#xD;
Caused by: com.kms.katalon.core.webui.exception.WebElementNotFoundException: Web element with id: 'Object Repository/Input/username' located by 'By.xpath: //*[@data-cy = 'login-email']' not found&#xD;
	at com.kms.katalon.core.webui.common.WebUiCommonHelper.findWebElement(WebUiCommonHelper.java:1097)&#xD;
	at com.kms.katalon.core.webui.keyword.internal.WebUIAbstractKeyword.findWebElement(WebUIAbstractKeyword.groovy:27)&#xD;
	at com.kms.katalon.core.webui.keyword.internal.WebUIAbstractKeyword.findWebElement(WebUIAbstractKeyword.groovy:26)&#xD;
	at com.kms.katalon.core.webui.keyword.builtin.SendKeysKeyword$_sendKeys_closure1.doCall(SendKeysKeyword.groovy:52)&#xD;
	at com.kms.katalon.core.webui.keyword.builtin.SendKeysKeyword$_sendKeys_closure1.call(SendKeysKeyword.groovy)&#xD;
	at com.kms.katalon.core.webui.keyword.internal.WebUIKeywordMain.runKeyword(WebUIKeywordMain.groovy:20)&#xD;
	at com.kms.katalon.core.webui.keyword.builtin.SendKeysKeyword.sendKeys(SendKeysKeyword.groovy:60)&#xD;
	at com.kms.katalon.core.webui.keyword.builtin.SendKeysKeyword.execute(SendKeysKeyword.groovy:38)&#xD;
	at com.kms.katalon.core.keyword.internal.KeywordExecutor.executeKeywordForPlatform(KeywordExecutor.groovy:56)&#xD;
	at com.kms.katalon.core.webui.keyword.WebUiBuiltInKeywords.sendKeys(WebUiBuiltInKeywords.groovy:834)&#xD;
	at com.kms.katalon.core.webui.keyword.WebUiBuiltInKeywords$sendKeys$3.call(Unknown Source)&#xD;
	at Script1588401831350.run(Script1588401831350.groovy:16)&#xD;
	at com.kms.katalon.core.main.ScriptEngine.run(ScriptEngine.java:194)&#xD;
	at com.kms.katalon.core.main.ScriptEngine.runScriptAsRawText(ScriptEngine.java:119)&#xD;
	at com.kms.katalon.core.main.TestCaseExecutor.runScript(TestCaseExecutor.java:337)&#xD;
	at com.kms.katalon.core.main.TestCaseExecutor.doExecute(TestCaseExecutor.java:328)&#xD;
	at com.kms.katalon.core.main.TestCaseExecutor.processExecutionPhase(TestCaseExecutor.java:307)&#xD;
	at com.kms.katalon.core.main.TestCaseExecutor.accessMainPhase(TestCaseExecutor.java:299)&#xD;
	at com.kms.katalon.core.main.TestCaseExecutor.execute(TestCaseExecutor.java:233)&#xD;
	at com.kms.katalon.core.main.TestCaseMain.runTestCase(TestCaseMain.java:114)&#xD;
	at com.kms.katalon.core.keyword.builtin.CallTestCaseKeyword$_callTestCase_closure1.doCall(CallTestCaseKeyword.groovy:59)&#xD;
	at com.kms.katalon.core.keyword.builtin.CallTestCaseKeyword$_callTestCase_closure1.call(CallTestCaseKeyword.groovy)&#xD;
	at com.kms.katalon.core.keyword.internal.KeywordMain.runKeyword(KeywordMain.groovy:68)&#xD;
	at com.kms.katalon.core.keyword.builtin.CallTestCaseKeyword.callTestCase(CallTestCaseKeyword.groovy:81)&#xD;
	at com.kms.katalon.core.keyword.builtin.CallTestCaseKeyword.execute(CallTestCaseKeyword.groovy:44)&#xD;
	at com.kms.katalon.core.keyword.internal.KeywordExecutor.executeKeywordForPlatform(KeywordExecutor.groovy:56)&#xD;
	at com.kms.katalon.core.keyword.BuiltinKeywords.callTestCase(BuiltinKeywords.groovy:334)&#xD;
	at Script1592219619308.run(Script1592219619308.groovy:16)&#xD;
	... 13 more&#xD;
)&#xD;
[[ATTACHMENT|D:\\IMIbot.ai-Project\\Reports\\20200707_162050\\generic\\20200707_162054\\1594119206222.png]]&#xD;
&#xD;
2020-07-07 16:23:29 - [MESSAGE][FAILED] - Unable to call Test Case 'Test Cases/Generic/successfulLogin_Test' (Root cause: com.kms.katalon.core.exception.StepFailedException: Call Test Case 'Test Cases/Generic/successfulLogin_Test' failed&#xD;
	at com.kms.katalon.core.keyword.builtin.CallTestCaseKeyword$_callTestCase_closure1.doCall(CallTestCaseKeyword.groovy:63)&#xD;
	at com.kms.katalon.core.keyword.builtin.CallTestCaseKeyword$_callTestCase_closure1.call(CallTestCaseKeyword.groovy)&#xD;
	at com.kms.katalon.core.keyword.internal.KeywordMain.runKeyword(KeywordMain.groovy:68)&#xD;
	at com.kms.katalon.core.keyword.builtin.CallTestCaseKeyword.callTestCase(CallTestCaseKeyword.groovy:81)&#xD;
	at com.kms.katalon.core.keyword.builtin.CallTestCaseKeyword.execute(CallTestCaseKeyword.groovy:44)&#xD;
	at com.kms.katalon.core.keyword.internal.KeywordExecutor.executeKeywordForPlatform(KeywordExecutor.groovy:56)&#xD;
	at com.kms.katalon.core.keyword.BuiltinKeywords.callTestCase(BuiltinKeywords.groovy:334)&#xD;
	at botPageAndHeaderAccess_Test.run(botPageAndHeaderAccess_Test:16)&#xD;
	at com.kms.katalon.core.main.ScriptEngine.run(ScriptEngine.java:194)&#xD;
	at com.kms.katalon.core.main.ScriptEngine.runScriptAsRawText(ScriptEngine.java:119)&#xD;
	at com.kms.katalon.core.main.TestCaseExecutor.runScript(TestCaseExecutor.java:337)&#xD;
	at com.kms.katalon.core.main.TestCaseExecutor.doExecute(TestCaseExecutor.java:328)&#xD;
	at com.kms.katalon.core.main.TestCaseExecutor.processExecutionPhase(TestCaseExecutor.java:307)&#xD;
	at com.kms.katalon.core.main.TestCaseExecutor.accessMainPhase(TestCaseExecutor.java:299)&#xD;
	at com.kms.katalon.core.main.TestCaseExecutor.execute(TestCaseExecutor.java:233)&#xD;
	at com.kms.katalon.core.main.TestSuiteExecutor.accessTestCaseMainPhase(TestSuiteExecutor.java:169)&#xD;
	at com.kms.katalon.core.main.TestSuiteExecutor.accessTestSuiteMainPhase(TestSuiteExecutor.java:142)&#xD;
	at com.kms.katalon.core.main.TestSuiteExecutor.execute(TestSuiteExecutor.java:91)&#xD;
	at com.kms.katalon.core.main.TestCaseMain.startTestSuite(TestCaseMain.java:157)&#xD;
	at com.kms.katalon.core.main.TestCaseMain$startTestSuite$0.call(Unknown Source)&#xD;
	at TempTestSuite1594119054245.run(TempTestSuite1594119054245.groovy:35)&#xD;
Caused by: com.kms.katalon.core.exception.StepFailedException: Unable to send keys 'narendra.n@imimobile.com' to object 'Object Repository/Input/username'&#xD;
	at com.kms.katalon.core.webui.keyword.internal.WebUIKeywordMain.stepFailed(WebUIKeywordMain.groovy:64)&#xD;
	at com.kms.katalon.core.webui.keyword.internal.WebUIKeywordMain.runKeyword(WebUIKeywordMain.groovy:26)&#xD;
	at com.kms.katalon.core.webui.keyword.builtin.SendKeysKeyword.sendKeys(SendKeysKeyword.groovy:60)&#xD;
	at com.kms.katalon.core.webui.keyword.builtin.SendKeysKeyword.execute(SendKeysKeyword.groovy:38)&#xD;
	at com.kms.katalon.core.keyword.internal.KeywordExecutor.executeKeywordForPlatform(KeywordExecutor.groovy:56)&#xD;
	at com.kms.katalon.core.webui.keyword.WebUiBuiltInKeywords.sendKeys(WebUiBuiltInKeywords.groovy:834)&#xD;
	at com.kms.katalon.core.webui.keyword.WebUiBuiltInKeywords$sendKeys$3.call(Unknown Source)&#xD;
	at successfulLogin_Test.run(successfulLogin_Test:16)&#xD;
	at com.kms.katalon.core.main.ScriptEngine.run(ScriptEngine.java:194)&#xD;
	at com.kms.katalon.core.main.ScriptEngine.runScriptAsRawText(ScriptEngine.java:119)&#xD;
	at com.kms.katalon.core.main.TestCaseExecutor.runScript(TestCaseExecutor.java:337)&#xD;
	at com.kms.katalon.core.main.TestCaseExecutor.doExecute(TestCaseExecutor.java:328)&#xD;
	at com.kms.katalon.core.main.TestCaseExecutor.processExecutionPhase(TestCaseExecutor.java:307)&#xD;
	at com.kms.katalon.core.main.TestCaseExecutor.accessMainPhase(TestCaseExecutor.java:299)&#xD;
	at com.kms.katalon.core.main.TestCaseExecutor.execute(TestCaseExecutor.java:233)&#xD;
	at com.kms.katalon.core.main.TestCaseMain.runTestCase(TestCaseMain.java:114)&#xD;
	at com.kms.katalon.core.keyword.builtin.CallTestCaseKeyword$_callTestCase_closure1.doCall(CallTestCaseKeyword.groovy:59)&#xD;
	... 20 more&#xD;
Caused by: com.kms.katalon.core.webui.exception.WebElementNotFoundException: Web element with id: 'Object Repository/Input/username' located by 'By.xpath: //*[@data-cy = 'login-email']' not found&#xD;
	at com.kms.katalon.core.webui.common.WebUiCommonHelper.findWebElement(WebUiCommonHelper.java:1097)&#xD;
	at com.kms.katalon.core.webui.keyword.internal.WebUIAbstractKeyword.findWebElement(WebUIAbstractKeyword.groovy:27)&#xD;
	at com.kms.katalon.core.webui.keyword.internal.WebUIAbstractKeyword.findWebElement(WebUIAbstractKeyword.groovy:26)&#xD;
	at com.kms.katalon.core.webui.keyword.builtin.SendKeysKeyword$_sendKeys_closure1.doCall(SendKeysKeyword.groovy:52)&#xD;
	at com.kms.katalon.core.webui.keyword.builtin.SendKeysKeyword$_sendKeys_closure1.call(SendKeysKeyword.groovy)&#xD;
	at com.kms.katalon.core.webui.keyword.internal.WebUIKeywordMain.runKeyword(WebUIKeywordMain.groovy:20)&#xD;
	... 35 more&#xD;
)</system-out>
            <system-err>2020-07-07 16:22:37 - [TEST_CASE][FAILED] - Test Cases/Generic/botPageAndHeaderAccess_Test: Test Cases/Generic/botPageAndHeaderAccess_Test FAILED.
Reason:
com.kms.katalon.core.exception.StepFailedException: Call Test Case 'Test Cases/Generic/successfulLogin_Test' failed&#xD;
	at com.kms.katalon.core.keyword.builtin.CallTestCaseKeyword$_callTestCase_closure1.doCall(CallTestCaseKeyword.groovy:63)&#xD;
	at com.kms.katalon.core.keyword.builtin.CallTestCaseKeyword$_callTestCase_closure1.call(CallTestCaseKeyword.groovy)&#xD;
	at com.kms.katalon.core.keyword.internal.KeywordMain.runKeyword(KeywordMain.groovy:68)&#xD;
	at com.kms.katalon.core.keyword.builtin.CallTestCaseKeyword.callTestCase(CallTestCaseKeyword.groovy:81)&#xD;
	at com.kms.katalon.core.keyword.builtin.CallTestCaseKeyword.execute(CallTestCaseKeyword.groovy:44)&#xD;
	at com.kms.katalon.core.keyword.internal.KeywordExecutor.executeKeywordForPlatform(KeywordExecutor.groovy:56)&#xD;
	at com.kms.katalon.core.keyword.BuiltinKeywords.callTestCase(BuiltinKeywords.groovy:334)&#xD;
	at botPageAndHeaderAccess_Test.run(botPageAndHeaderAccess_Test:16)&#xD;
	at com.kms.katalon.core.main.ScriptEngine.run(ScriptEngine.java:194)&#xD;
	at com.kms.katalon.core.main.ScriptEngine.runScriptAsRawText(ScriptEngine.java:119)&#xD;
	at com.kms.katalon.core.main.TestCaseExecutor.runScript(TestCaseExecutor.java:337)&#xD;
	at com.kms.katalon.core.main.TestCaseExecutor.doExecute(TestCaseExecutor.java:328)&#xD;
	at com.kms.katalon.core.main.TestCaseExecutor.processExecutionPhase(TestCaseExecutor.java:307)&#xD;
	at com.kms.katalon.core.main.TestCaseExecutor.accessMainPhase(TestCaseExecutor.java:299)&#xD;
	at com.kms.katalon.core.main.TestCaseExecutor.execute(TestCaseExecutor.java:233)&#xD;
	at com.kms.katalon.core.main.TestSuiteExecutor.accessTestCaseMainPhase(TestSuiteExecutor.java:169)&#xD;
	at com.kms.katalon.core.main.TestSuiteExecutor.accessTestSuiteMainPhase(TestSuiteExecutor.java:142)&#xD;
	at com.kms.katalon.core.main.TestSuiteExecutor.execute(TestSuiteExecutor.java:91)&#xD;
	at com.kms.katalon.core.main.TestCaseMain.startTestSuite(TestCaseMain.java:157)&#xD;
	at com.kms.katalon.core.main.TestCaseMain$startTestSuite$0.call(Unknown Source)&#xD;
	at TempTestSuite1594119054245.run(TempTestSuite1594119054245.groovy:35)&#xD;
Caused by: com.kms.katalon.core.exception.StepFailedException: Unable to send keys 'narendra.n@imimobile.com' to object 'Object Repository/Input/username'&#xD;
	at com.kms.katalon.core.webui.keyword.internal.WebUIKeywordMain.stepFailed(WebUIKeywordMain.groovy:64)&#xD;
	at com.kms.katalon.core.webui.keyword.internal.WebUIKeywordMain.runKeyword(WebUIKeywordMain.groovy:26)&#xD;
	at com.kms.katalon.core.webui.keyword.builtin.SendKeysKeyword.sendKeys(SendKeysKeyword.groovy:60)&#xD;
	at com.kms.katalon.core.webui.keyword.builtin.SendKeysKeyword.execute(SendKeysKeyword.groovy:38)&#xD;
	at com.kms.katalon.core.keyword.internal.KeywordExecutor.executeKeywordForPlatform(KeywordExecutor.groovy:56)&#xD;
	at com.kms.katalon.core.webui.keyword.WebUiBuiltInKeywords.sendKeys(WebUiBuiltInKeywords.groovy:834)&#xD;
	at com.kms.katalon.core.webui.keyword.WebUiBuiltInKeywords$sendKeys$3.call(Unknown Source)&#xD;
	at successfulLogin_Test.run(successfulLogin_Test:16)&#xD;
	at com.kms.katalon.core.main.ScriptEngine.run(ScriptEngine.java:194)&#xD;
	at com.kms.katalon.core.main.ScriptEngine.runScriptAsRawText(ScriptEngine.java:119)&#xD;
	at com.kms.katalon.core.main.TestCaseExecutor.runScript(TestCaseExecutor.java:337)&#xD;
	at com.kms.katalon.core.main.TestCaseExecutor.doExecute(TestCaseExecutor.java:328)&#xD;
	at com.kms.katalon.core.main.TestCaseExecutor.processExecutionPhase(TestCaseExecutor.java:307)&#xD;
	at com.kms.katalon.core.main.TestCaseExecutor.accessMainPhase(TestCaseExecutor.java:299)&#xD;
	at com.kms.katalon.core.main.TestCaseExecutor.execute(TestCaseExecutor.java:233)&#xD;
	at com.kms.katalon.core.main.TestCaseMain.runTestCase(TestCaseMain.java:114)&#xD;
	at com.kms.katalon.core.keyword.builtin.CallTestCaseKeyword$_callTestCase_closure1.doCall(CallTestCaseKeyword.groovy:59)&#xD;
	... 20 more&#xD;
Caused by: com.kms.katalon.core.webui.exception.WebElementNotFoundException: Web element with id: 'Object Repository/Input/username' located by 'By.xpath: //*[@data-cy = 'login-email']' not found&#xD;
	at com.kms.katalon.core.webui.common.WebUiCommonHelper.findWebElement(WebUiCommonHelper.java:1097)&#xD;
	at com.kms.katalon.core.webui.keyword.internal.WebUIAbstractKeyword.findWebElement(WebUIAbstractKeyword.groovy:27)&#xD;
	at com.kms.katalon.core.webui.keyword.internal.WebUIAbstractKeyword.findWebElement(WebUIAbstractKeyword.groovy:26)&#xD;
	at com.kms.katalon.core.webui.keyword.builtin.SendKeysKeyword$_sendKeys_closure1.doCall(SendKeysKeyword.groovy:52)&#xD;
	at com.kms.katalon.core.webui.keyword.builtin.SendKeysKeyword$_sendKeys_closure1.call(SendKeysKeyword.groovy)&#xD;
	at com.kms.katalon.core.webui.keyword.internal.WebUIKeywordMain.runKeyword(WebUIKeywordMain.groovy:20)&#xD;
	... 35 more</system-err>
        </testcase>
        <testcase name="Test Cases/Generic/adminUserDetailsAndEnterpriseOption_Test" classname="Test Cases/Generic/adminUserDetailsAndEnterpriseOption_Test" status="PASSED">
            <system-out>2020-07-07 16:23:29 - [TEST_CASE][PASSED] - Test Cases/Generic/adminUserDetailsAndEnterpriseOption_Test: Test Cases/Generic/adminUserDetailsAndEnterpriseOption_Test&#xD;
&#xD;
2020-07-07 16:23:29 - [TEST_STEP][PASSED] - Start listener action : setUp: Current window maximized&#xD;
&#xD;
2020-07-07 16:23:29 - [TEST_STEP][PASSED] - openBrowser(URL): Browser is opened with url: 'preprod.imibot.ai'&#xD;
&#xD;
2020-07-07 16:23:29 - [MESSAGE][WARNING] - A browser is already opened. Closing browser and opening a new one&#xD;
&#xD;
2020-07-07 16:23:31 - [MESSAGE][INFO] - Starting 'Chrome' driver&#xD;
&#xD;
2020-07-07 16:23:31 - [MESSAGE][INFO] - User set preference: ['args', '[--start-maximized]']&#xD;
&#xD;
2020-07-07 16:23:48 - [MESSAGE][PASSED] - Browser is opened with url: 'preprod.imibot.ai'&#xD;
&#xD;
2020-07-07 16:23:48 - [TEST_STEP][PASSED] - maximizeWindow(): Current window maximized&#xD;
&#xD;
2020-07-07 16:23:51 - [MESSAGE][PASSED] - Current window maximized&#xD;
&#xD;
2020-07-07 16:23:51 - [TEST_STEP][PASSED] - callTestCase(findTestCase("Generic/successfulLogin_Test"), [:], STOP_ON_FAILURE): Call Test Case 'Test Cases/Generic/successfulLogin_Test' successfully&#xD;
&#xD;
2020-07-07 16:23:51 - [TEST_CASE][PASSED] - Test Cases/Generic/successfulLogin_Test: Test Cases/Generic/successfulLogin_Test&#xD;
&#xD;
2020-07-07 16:23:51 - [TEST_STEP][PASSED] - sendKeys(findTestObject("Input/username"), username): Keys 'narendra.n@imimobile.com' sent to object: 'Object Repository/Input/username'&#xD;
&#xD;
2020-07-07 16:23:57 - [MESSAGE][PASSED] - Keys 'narendra.n@imimobile.com' sent to object: 'Object Repository/Input/username'&#xD;
&#xD;
2020-07-07 16:23:57 - [TEST_STEP][PASSED] - sendKeys(findTestObject("Input/password"), password): Keys 'Test@2020' sent to object: 'Object Repository/Input/password'&#xD;
&#xD;
2020-07-07 16:24:00 - [MESSAGE][PASSED] - Keys 'Test@2020' sent to object: 'Object Repository/Input/password'&#xD;
&#xD;
2020-07-07 16:24:00 - [TEST_STEP][PASSED] - click(findTestObject("Button/signIn")): Object: 'Object Repository/Button/signIn' is clicked on&#xD;
&#xD;
2020-07-07 16:24:02 - [MESSAGE][PASSED] - Object: 'Object Repository/Button/signIn' is clicked on&#xD;
&#xD;
2020-07-07 16:24:02 - [TEST_STEP][PASSED] - if (!(waitForElementPresent(findTestObject("Button/createBot"), 30, OPTIONAL))): Object 'Object Repository/Button/createBot' is present&#xD;
&#xD;
2020-07-07 16:24:26 - [MESSAGE][PASSED] - Object 'Object Repository/Button/createBot' is present&#xD;
&#xD;
2020-07-07 16:24:26 - [MESSAGE][PASSED] - Call Test Case 'Test Cases/Generic/successfulLogin_Test' successfully&#xD;
&#xD;
2020-07-07 16:24:26 - [TEST_STEP][PASSED] - verifyElementText(findTestObject("Generic/enterpriseName"), ENTERPRISE_NAME, OPTIONAL): Actual text and expected text of test object 'Object Repository/Generic/enterpriseName' are matched.&#xD;
&#xD;
2020-07-07 16:24:28 - [MESSAGE][PASSED] - Actual text and expected text of test object 'Object Repository/Generic/enterpriseName' are matched.&#xD;
&#xD;
2020-07-07 16:24:28 - [TEST_STEP][PASSED] - verifyElementText(findTestObject("Generic/userDesgination"), USER_DESIGNATION, OPTIONAL): Actual text and expected text of test object 'Object Repository/Generic/userDesgination' are matched.&#xD;
&#xD;
2020-07-07 16:24:30 - [MESSAGE][PASSED] - Actual text and expected text of test object 'Object Repository/Generic/userDesgination' are matched.&#xD;
&#xD;
2020-07-07 16:24:30 - [TEST_STEP][PASSED] - verifyElementPresent(findTestObject("Generic/enterpriseIcon"), 5, STOP_ON_FAILURE): Object 'Object Repository/Generic/enterpriseIcon' is present&#xD;
&#xD;
2020-07-07 16:24:31 - [MESSAGE][PASSED] - Object 'Object Repository/Generic/enterpriseIcon' is present&#xD;
&#xD;
2020-07-07 16:24:31 - [TEST_STEP][PASSED] - verifyElementText(findTestObject("Generic/userInitials"), USER_INITIALS, STOP_ON_FAILURE): Actual text and expected text of test object 'Object Repository/Generic/userInitials' are matched.&#xD;
&#xD;
2020-07-07 16:24:35 - [MESSAGE][PASSED] - Actual text and expected text of test object 'Object Repository/Generic/userInitials' are matched.&#xD;
&#xD;
2020-07-07 16:24:35 - [TEST_STEP][PASSED] - platform.Method.clickOnElement(findTestObject("Button/enterpriseDropdown")): platform.Method.clickOnElement is PASSED&#xD;
&#xD;
2020-07-07 16:24:39 - [MESSAGE][PASSED] - platform.Method.clickOnElement is PASSED&#xD;
&#xD;
2020-07-07 16:24:39 - [TEST_STEP][PASSED] - platform.Method.clickOnElement(findTestObject("Button/eProfile")): platform.Method.clickOnElement is PASSED&#xD;
&#xD;
2020-07-07 16:24:45 - [MESSAGE][PASSED] - platform.Method.clickOnElement is PASSED&#xD;
&#xD;
2020-07-07 16:24:45 - [TEST_STEP][PASSED] - verifyElementPresent(findTestObject("Generic/updateBtn"), 15, STOP_ON_FAILURE): Object 'Object Repository/Generic/updateBtn' is present&#xD;
&#xD;
2020-07-07 16:24:46 - [MESSAGE][PASSED] - Object 'Object Repository/Generic/updateBtn' is present&#xD;
&#xD;
2020-07-07 16:24:46 - [TEST_STEP][PASSED] - platform.Method.clickOnElement(findTestObject("Button/enterpriseDropdown")): platform.Method.clickOnElement is PASSED&#xD;
&#xD;
2020-07-07 16:24:49 - [MESSAGE][PASSED] - platform.Method.clickOnElement is PASSED&#xD;
&#xD;
2020-07-07 16:24:49 - [TEST_STEP][PASSED] - platform.Method.clickOnElement(findTestObject("Button/signOut")): platform.Method.clickOnElement is PASSED&#xD;
&#xD;
2020-07-07 16:24:55 - [MESSAGE][PASSED] - platform.Method.clickOnElement is PASSED&#xD;
&#xD;
2020-07-07 16:24:55 - [TEST_STEP][PASSED] - verifyElementText(findTestObject("Generic/textOnLoginPage"), testValue, STOP_ON_FAILURE): Actual text and expected text of test object 'Object Repository/Generic/textOnLoginPage' are matched.&#xD;
&#xD;
2020-07-07 16:24:58 - [MESSAGE][PASSED] - Actual text and expected text of test object 'Object Repository/Generic/textOnLoginPage' are matched.</system-out>
            <system-err></system-err>
        </testcase>
        <testcase name="Test Cases/Generic/adminServiceKeyFunctionality_Test" classname="Test Cases/Generic/adminServiceKeyFunctionality_Test" status="PASSED">
            <system-out>2020-07-07 16:24:58 - [TEST_CASE][PASSED] - Test Cases/Generic/adminServiceKeyFunctionality_Test: Test Cases/Generic/adminServiceKeyFunctionality_Test&#xD;
&#xD;
2020-07-07 16:24:58 - [TEST_STEP][PASSED] - Start listener action : setUp: Current window maximized&#xD;
&#xD;
2020-07-07 16:24:58 - [TEST_STEP][PASSED] - openBrowser(URL): Browser is opened with url: 'preprod.imibot.ai'&#xD;
&#xD;
2020-07-07 16:24:58 - [MESSAGE][WARNING] - A browser is already opened. Closing browser and opening a new one&#xD;
&#xD;
2020-07-07 16:25:03 - [MESSAGE][INFO] - Starting 'Chrome' driver&#xD;
&#xD;
2020-07-07 16:25:03 - [MESSAGE][INFO] - User set preference: ['args', '[--start-maximized]']&#xD;
&#xD;
2020-07-07 16:25:18 - [MESSAGE][PASSED] - Browser is opened with url: 'preprod.imibot.ai'&#xD;
&#xD;
2020-07-07 16:25:18 - [TEST_STEP][PASSED] - maximizeWindow(): Current window maximized&#xD;
&#xD;
2020-07-07 16:25:21 - [MESSAGE][PASSED] - Current window maximized&#xD;
&#xD;
2020-07-07 16:25:22 - [TEST_STEP][PASSED] - callTestCase(findTestCase("Generic/successfulLogin_Test"), [:], STOP_ON_FAILURE): Call Test Case 'Test Cases/Generic/successfulLogin_Test' successfully&#xD;
&#xD;
2020-07-07 16:25:22 - [TEST_CASE][PASSED] - Test Cases/Generic/successfulLogin_Test: Test Cases/Generic/successfulLogin_Test&#xD;
&#xD;
2020-07-07 16:25:23 - [TEST_STEP][PASSED] - sendKeys(findTestObject("Input/username"), username): Keys 'narendra.n@imimobile.com' sent to object: 'Object Repository/Input/username'&#xD;
&#xD;
2020-07-07 16:25:26 - [MESSAGE][PASSED] - Keys 'narendra.n@imimobile.com' sent to object: 'Object Repository/Input/username'&#xD;
&#xD;
2020-07-07 16:25:26 - [TEST_STEP][PASSED] - sendKeys(findTestObject("Input/password"), password): Keys 'Test@2020' sent to object: 'Object Repository/Input/password'&#xD;
&#xD;
2020-07-07 16:25:30 - [MESSAGE][PASSED] - Keys 'Test@2020' sent to object: 'Object Repository/Input/password'&#xD;
&#xD;
2020-07-07 16:25:30 - [TEST_STEP][PASSED] - click(findTestObject("Button/signIn")): Object: 'Object Repository/Button/signIn' is clicked on&#xD;
&#xD;
2020-07-07 16:25:33 - [MESSAGE][PASSED] - Object: 'Object Repository/Button/signIn' is clicked on&#xD;
&#xD;
2020-07-07 16:25:33 - [TEST_STEP][PASSED] - if (!(waitForElementPresent(findTestObject("Button/createBot"), 30, OPTIONAL))): Object 'Object Repository/Button/createBot' is present&#xD;
&#xD;
2020-07-07 16:26:06 - [MESSAGE][PASSED] - Object 'Object Repository/Button/createBot' is present&#xD;
&#xD;
2020-07-07 16:26:06 - [MESSAGE][PASSED] - Call Test Case 'Test Cases/Generic/successfulLogin_Test' successfully&#xD;
&#xD;
2020-07-07 16:26:06 - [TEST_STEP][PASSED] - platform.Method.clickOnElement(findTestObject("Button/enterpriseDropdown")): platform.Method.clickOnElement is PASSED&#xD;
&#xD;
2020-07-07 16:26:08 - [MESSAGE][PASSED] - platform.Method.clickOnElement is PASSED&#xD;
&#xD;
2020-07-07 16:26:08 - [TEST_STEP][PASSED] - platform.Method.clickOnElement(findTestObject("Generic/webObjectWithText", ["textValue":"Enterprise profile"])): platform.Method.clickOnElement is PASSED&#xD;
&#xD;
2020-07-07 16:26:13 - [MESSAGE][PASSED] - platform.Method.clickOnElement is PASSED&#xD;
&#xD;
2020-07-07 16:26:13 - [TEST_STEP][PASSED] - platform.Method.clickOnElement(findTestObject("Button/newToken")): platform.Method.clickOnElement is PASSED&#xD;
&#xD;
2020-07-07 16:26:17 - [MESSAGE][PASSED] - platform.Method.clickOnElement is PASSED&#xD;
&#xD;
2020-07-07 16:26:17 - [TEST_STEP][PASSED] - description = now().toString(): null&#xD;
&#xD;
2020-07-07 16:26:18 - [TEST_STEP][PASSED] - sendKeys(findTestObject("Input/newTokenDescription"), description): Keys '2020-07-07' sent to object: 'Object Repository/Input/newTokenDescription'&#xD;
&#xD;
2020-07-07 16:26:21 - [MESSAGE][PASSED] - Keys '2020-07-07' sent to object: 'Object Repository/Input/newTokenDescription'&#xD;
&#xD;
2020-07-07 16:26:21 - [TEST_STEP][PASSED] - platform.Method.clickOnElement(findTestObject("Button/create")): platform.Method.clickOnElement is PASSED&#xD;
&#xD;
2020-07-07 16:26:24 - [MESSAGE][PASSED] - platform.Method.clickOnElement is PASSED&#xD;
&#xD;
2020-07-07 16:26:24 - [TEST_STEP][PASSED] - listOfServiceKeys = findWebElements(findTestObject("GenericII/serviceKeyList"), 5): null&#xD;
&#xD;
2020-07-07 16:26:27 - [TEST_STEP][PASSED] - assert getText().contentEquals(description) == true: null&#xD;
&#xD;
2020-07-07 16:26:29 - [TEST_STEP][PASSED] - platform.Method.clickOnElement(findTestObject("GenericII/deleteServiceKey", ["index":1])): platform.Method.clickOnElement is PASSED&#xD;
&#xD;
2020-07-07 16:26:31 - [MESSAGE][PASSED] - platform.Method.clickOnElement is PASSED&#xD;
&#xD;
2020-07-07 16:26:31 - [TEST_STEP][PASSED] - platform.Method.clickOnElement(findTestObject("Button/expire")): platform.Method.clickOnElement is PASSED&#xD;
&#xD;
2020-07-07 16:26:34 - [MESSAGE][PASSED] - platform.Method.clickOnElement is PASSED&#xD;
&#xD;
2020-07-07 16:26:34 - [TEST_STEP][PASSED] - platform.Method.toClickOnWebElement(findTestObject("Generic/webObjectWithText", ["textValue":"Expired"])): platform.Method.toClickOnWebElement is PASSED&#xD;
&#xD;
2020-07-07 16:26:39 - [MESSAGE][PASSED] - Object: 'Object Repository/Generic/webObjectWithText' is clicked on&#xD;
&#xD;
2020-07-07 16:26:39 - [MESSAGE][PASSED] - platform.Method.toClickOnWebElement is PASSED&#xD;
&#xD;
2020-07-07 16:26:39 - [TEST_STEP][PASSED] - listOfExpiredServiceKeys = findWebElements(findTestObject("GenericII/serviceKeyList"), 5): null&#xD;
&#xD;
2020-07-07 16:26:41 - [TEST_STEP][PASSED] - assert getText().contentEquals(description) == true: null</system-out>
            <system-err></system-err>
        </testcase>
        <testcase name="Test Cases/Generic/adminUserManagement_Test" classname="Test Cases/Generic/adminUserManagement_Test" status="ERROR">
            <error type="ERROR" message="Test Cases/Generic/adminUserManagement_Test FAILED.&#xA;Reason:&#xA;org.codehaus.groovy.runtime.InvokerInvocationException: com.kms.katalon.core.webui.exception.WebElementNotFoundException: Web element with id: 'Object Repository/Button/enterpriseDropdown' located by 'By.xpath: //*[@data-cy = 'header-dropdown-toggle']' not found&#xD;&#xA;&#x9;at platform.Method.invokeMethod(Method.groovy)&#xD;&#xA;&#x9;at com.kms.katalon.core.main.CustomKeywordDelegatingMetaClass.invokeStaticMethod(CustomKeywordDelegatingMetaClass.java:50)&#xD;&#xA;&#x9;at adminUserManagement_Test.run(adminUserManagement_Test:18)&#xD;&#xA;&#x9;at com.kms.katalon.core.main.ScriptEngine.run(ScriptEngine.java:194)&#xD;&#xA;&#x9;at com.kms.katalon.core.main.ScriptEngine.runScriptAsRawText(ScriptEngine.java:119)&#xD;&#xA;&#x9;at com.kms.katalon.core.main.TestCaseExecutor.runScript(TestCaseExecutor.java:337)&#xD;&#xA;&#x9;at com.kms.katalon.core.main.TestCaseExecutor.doExecute(TestCaseExecutor.java:328)&#xD;&#xA;&#x9;at com.kms.katalon.core.main.TestCaseExecutor.processExecutionPhase(TestCaseExecutor.java:307)&#xD;&#xA;&#x9;at com.kms.katalon.core.main.TestCaseExecutor.accessMainPhase(TestCaseExecutor.java:299)&#xD;&#xA;&#x9;at com.kms.katalon.core.main.TestCaseExecutor.execute(TestCaseExecutor.java:233)&#xD;&#xA;&#x9;at com.kms.katalon.core.main.TestSuiteExecutor.accessTestCaseMainPhase(TestSuiteExecutor.java:169)&#xD;&#xA;&#x9;at com.kms.katalon.core.main.TestSuiteExecutor.accessTestSuiteMainPhase(TestSuiteExecutor.java:142)&#xD;&#xA;&#x9;at com.kms.katalon.core.main.TestSuiteExecutor.execute(TestSuiteExecutor.java:91)&#xD;&#xA;&#x9;at com.kms.katalon.core.main.TestCaseMain.startTestSuite(TestCaseMain.java:157)&#xD;&#xA;&#x9;at com.kms.katalon.core.main.TestCaseMain$startTestSuite$0.call(Unknown Source)&#xD;&#xA;&#x9;at TempTestSuite1594119054245.run(TempTestSuite1594119054245.groovy:35)&#xD;&#xA;Caused by: com.kms.katalon.core.webui.exception.WebElementNotFoundException: Web element with id: 'Object Repository/Button/enterpriseDropdown' located by 'By.xpath: //*[@data-cy = 'header-dropdown-toggle']' not found&#xD;&#xA;&#x9;at com.kms.katalon.core.webui.common.WebUiCommonHelper.findWebElement(WebUiCommonHelper.java:1097)&#xD;&#xA;&#x9;at com.kms.katalon.core.webui.common.WebUiCommonHelper$findWebElement.call(Unknown Source)&#xD;&#xA;&#x9;at platform.Method.clickOnElement(Method.groovy:31)&#xD;&#xA;&#x9;... 16 more&#xD;&#xA;"/>
            <system-out>2020-07-07 16:26:42 - [TEST_CASE][ERROR] - Test Cases/Generic/adminUserManagement_Test: Test Cases/Generic/adminUserManagement_Test FAILED.
Reason:
org.codehaus.groovy.runtime.InvokerInvocationException: com.kms.katalon.core.webui.exception.WebElementNotFoundException: Web element with id: 'Object Repository/Button/enterpriseDropdown' located by 'By.xpath: //*[@data-cy = 'header-dropdown-toggle']' not found&#xD;
	at platform.Method.invokeMethod(Method.groovy)&#xD;
	at com.kms.katalon.core.main.CustomKeywordDelegatingMetaClass.invokeStaticMethod(CustomKeywordDelegatingMetaClass.java:50)&#xD;
	at adminUserManagement_Test.run(adminUserManagement_Test:18)&#xD;
	at com.kms.katalon.core.main.ScriptEngine.run(ScriptEngine.java:194)&#xD;
	at com.kms.katalon.core.main.ScriptEngine.runScriptAsRawText(ScriptEngine.java:119)&#xD;
	at com.kms.katalon.core.main.TestCaseExecutor.runScript(TestCaseExecutor.java:337)&#xD;
	at com.kms.katalon.core.main.TestCaseExecutor.doExecute(TestCaseExecutor.java:328)&#xD;
	at com.kms.katalon.core.main.TestCaseExecutor.processExecutionPhase(TestCaseExecutor.java:307)&#xD;
	at com.kms.katalon.core.main.TestCaseExecutor.accessMainPhase(TestCaseExecutor.java:299)&#xD;
	at com.kms.katalon.core.main.TestCaseExecutor.execute(TestCaseExecutor.java:233)&#xD;
	at com.kms.katalon.core.main.TestSuiteExecutor.accessTestCaseMainPhase(TestSuiteExecutor.java:169)&#xD;
	at com.kms.katalon.core.main.TestSuiteExecutor.accessTestSuiteMainPhase(TestSuiteExecutor.java:142)&#xD;
	at com.kms.katalon.core.main.TestSuiteExecutor.execute(TestSuiteExecutor.java:91)&#xD;
	at com.kms.katalon.core.main.TestCaseMain.startTestSuite(TestCaseMain.java:157)&#xD;
	at com.kms.katalon.core.main.TestCaseMain$startTestSuite$0.call(Unknown Source)&#xD;
	at TempTestSuite1594119054245.run(TempTestSuite1594119054245.groovy:35)&#xD;
Caused by: com.kms.katalon.core.webui.exception.WebElementNotFoundException: Web element with id: 'Object Repository/Button/enterpriseDropdown' located by 'By.xpath: //*[@data-cy = 'header-dropdown-toggle']' not found&#xD;
	at com.kms.katalon.core.webui.common.WebUiCommonHelper.findWebElement(WebUiCommonHelper.java:1097)&#xD;
	at com.kms.katalon.core.webui.common.WebUiCommonHelper$findWebElement.call(Unknown Source)&#xD;
	at platform.Method.clickOnElement(Method.groovy:31)&#xD;
	... 16 more&#xD;
&#xD;
&#xD;
2020-07-07 16:26:42 - [TEST_STEP][PASSED] - Start listener action : setUp: Current window maximized&#xD;
&#xD;
2020-07-07 16:26:42 - [TEST_STEP][PASSED] - openBrowser(URL): Browser is opened with url: 'preprod.imibot.ai'&#xD;
&#xD;
2020-07-07 16:26:42 - [MESSAGE][WARNING] - A browser is already opened. Closing browser and opening a new one&#xD;
&#xD;
2020-07-07 16:26:48 - [MESSAGE][INFO] - Starting 'Chrome' driver&#xD;
&#xD;
2020-07-07 16:26:48 - [MESSAGE][INFO] - User set preference: ['args', '[--start-maximized]']&#xD;
&#xD;
2020-07-07 16:27:03 - [MESSAGE][PASSED] - Browser is opened with url: 'preprod.imibot.ai'&#xD;
&#xD;
2020-07-07 16:27:03 - [TEST_STEP][PASSED] - maximizeWindow(): Current window maximized&#xD;
&#xD;
2020-07-07 16:27:05 - [MESSAGE][PASSED] - Current window maximized&#xD;
&#xD;
2020-07-07 16:27:05 - [TEST_STEP][PASSED] - callTestCase(findTestCase("Generic/successfulLogin_Test"), [:], STOP_ON_FAILURE): Call Test Case 'Test Cases/Generic/successfulLogin_Test' successfully&#xD;
&#xD;
2020-07-07 16:27:05 - [TEST_CASE][PASSED] - Test Cases/Generic/successfulLogin_Test: Test Cases/Generic/successfulLogin_Test&#xD;
&#xD;
2020-07-07 16:27:05 - [TEST_STEP][PASSED] - sendKeys(findTestObject("Input/username"), username): Keys 'narendra.n@imimobile.com' sent to object: 'Object Repository/Input/username'&#xD;
&#xD;
2020-07-07 16:27:08 - [MESSAGE][PASSED] - Keys 'narendra.n@imimobile.com' sent to object: 'Object Repository/Input/username'&#xD;
&#xD;
2020-07-07 16:27:08 - [TEST_STEP][PASSED] - sendKeys(findTestObject("Input/password"), password): Keys 'Test@2020' sent to object: 'Object Repository/Input/password'&#xD;
&#xD;
2020-07-07 16:27:12 - [MESSAGE][PASSED] - Keys 'Test@2020' sent to object: 'Object Repository/Input/password'&#xD;
&#xD;
2020-07-07 16:27:12 - [TEST_STEP][PASSED] - click(findTestObject("Button/signIn")): Object: 'Object Repository/Button/signIn' is clicked on&#xD;
&#xD;
2020-07-07 16:27:16 - [MESSAGE][PASSED] - Object: 'Object Repository/Button/signIn' is clicked on&#xD;
&#xD;
2020-07-07 16:27:16 - [TEST_STEP][PASSED] - if (!(waitForElementPresent(findTestObject("Button/createBot"), 30, OPTIONAL))): Wait for page load successfully&#xD;
&#xD;
2020-07-07 16:27:50 - [MESSAGE][INFO] - Unable to find the element located by 'By.xpath: //app-button-wrapper//button'. Please recheck the objects properties to make sure the desired element is located. &#xD;
&#xD;
2020-07-07 16:27:50 - [MESSAGE][WARNING] - Object 'Object Repository/Button/createBot' is not present after 30 second(s)&#xD;
&#xD;
2020-07-07 16:27:50 - [TEST_STEP][PASSED] - waitForPageLoad(10): Wait for page load successfully&#xD;
&#xD;
2020-07-07 16:27:52 - [MESSAGE][PASSED] - Wait for page load successfully&#xD;
&#xD;
2020-07-07 16:27:52 - [MESSAGE][PASSED] - Call Test Case 'Test Cases/Generic/successfulLogin_Test' successfully&#xD;
&#xD;
2020-07-07 16:27:52 - [TEST_STEP][ERROR] - platform.Method.clickOnElement(findTestObject("Button/enterpriseDropdown")): com.kms.katalon.core.webui.exception.WebElementNotFoundException: Web element with id: 'Object Repository/Button/enterpriseDropdown' located by 'By.xpath: //*[@data-cy = 'header-dropdown-toggle']' not found&#xD;
&#xD;
2020-07-07 16:27:59 - [MESSAGE][INFO] - Unable to find the element located by 'By.xpath: //*[@data-cy = 'header-dropdown-toggle']'. Please recheck the objects properties to make sure the desired element is located. &#xD;
&#xD;
2020-07-07 16:27:59 - [MESSAGE][ERROR] - com.kms.katalon.core.webui.exception.WebElementNotFoundException: Web element with id: 'Object Repository/Button/enterpriseDropdown' located by 'By.xpath: //*[@data-cy = 'header-dropdown-toggle']' not found</system-out>
            <system-err>2020-07-07 16:26:42 - [TEST_CASE][ERROR] - Test Cases/Generic/adminUserManagement_Test: Test Cases/Generic/adminUserManagement_Test FAILED.
Reason:
org.codehaus.groovy.runtime.InvokerInvocationException: com.kms.katalon.core.webui.exception.WebElementNotFoundException: Web element with id: 'Object Repository/Button/enterpriseDropdown' located by 'By.xpath: //*[@data-cy = 'header-dropdown-toggle']' not found&#xD;
	at platform.Method.invokeMethod(Method.groovy)&#xD;
	at com.kms.katalon.core.main.CustomKeywordDelegatingMetaClass.invokeStaticMethod(CustomKeywordDelegatingMetaClass.java:50)&#xD;
	at adminUserManagement_Test.run(adminUserManagement_Test:18)&#xD;
	at com.kms.katalon.core.main.ScriptEngine.run(ScriptEngine.java:194)&#xD;
	at com.kms.katalon.core.main.ScriptEngine.runScriptAsRawText(ScriptEngine.java:119)&#xD;
	at com.kms.katalon.core.main.TestCaseExecutor.runScript(TestCaseExecutor.java:337)&#xD;
	at com.kms.katalon.core.main.TestCaseExecutor.doExecute(TestCaseExecutor.java:328)&#xD;
	at com.kms.katalon.core.main.TestCaseExecutor.processExecutionPhase(TestCaseExecutor.java:307)&#xD;
	at com.kms.katalon.core.main.TestCaseExecutor.accessMainPhase(TestCaseExecutor.java:299)&#xD;
	at com.kms.katalon.core.main.TestCaseExecutor.execute(TestCaseExecutor.java:233)&#xD;
	at com.kms.katalon.core.main.TestSuiteExecutor.accessTestCaseMainPhase(TestSuiteExecutor.java:169)&#xD;
	at com.kms.katalon.core.main.TestSuiteExecutor.accessTestSuiteMainPhase(TestSuiteExecutor.java:142)&#xD;
	at com.kms.katalon.core.main.TestSuiteExecutor.execute(TestSuiteExecutor.java:91)&#xD;
	at com.kms.katalon.core.main.TestCaseMain.startTestSuite(TestCaseMain.java:157)&#xD;
	at com.kms.katalon.core.main.TestCaseMain$startTestSuite$0.call(Unknown Source)&#xD;
	at TempTestSuite1594119054245.run(TempTestSuite1594119054245.groovy:35)&#xD;
Caused by: com.kms.katalon.core.webui.exception.WebElementNotFoundException: Web element with id: 'Object Repository/Button/enterpriseDropdown' located by 'By.xpath: //*[@data-cy = 'header-dropdown-toggle']' not found&#xD;
	at com.kms.katalon.core.webui.common.WebUiCommonHelper.findWebElement(WebUiCommonHelper.java:1097)&#xD;
	at com.kms.katalon.core.webui.common.WebUiCommonHelper$findWebElement.call(Unknown Source)&#xD;
	at platform.Method.clickOnElement(Method.groovy:31)&#xD;
	... 16 more</system-err>
        </testcase>
        <testcase name="Test Cases/Generic/adminUserDeletion_Test" classname="Test Cases/Generic/adminUserDeletion_Test" status="ERROR">
            <error type="ERROR" message="Test Cases/Generic/adminUserDeletion_Test FAILED.&#xA;Reason:&#xA;org.openqa.selenium.WebDriverException: chrome not reachable&#xA;  (Session info: chrome=83.0.4103.116)&#xA;Build info: version: '3.141.59', revision: 'e82be7d358', time: '2018-11-14T08:25:53'&#xA;System info: host: 'WLPT580', ip: '192.168.1.102', os.name: 'Windows 8.1', os.arch: 'amd64', os.version: '6.3', java.version: '1.8.0_181'&#xA;Driver info: com.kms.katalon.selenium.driver.CChromeDriver&#xA;Capabilities {acceptInsecureCerts: false, browserName: chrome, browserVersion: 83.0.4103.116, chrome: {chromedriverVersion: 83.0.4103.39 (ccbf011cb2d2b..., userDataDir: C:\Users\narendra.n\AppData...}, goog:chromeOptions: {debuggerAddress: localhost:49301}, javascriptEnabled: true, networkConnectionEnabled: false, pageLoadStrategy: normal, platform: WINDOWS, platformName: WINDOWS, proxy: Proxy(), setWindowRect: true, strictFileInteractability: false, timeouts: {implicit: 0, pageLoad: 300000, script: 30000}, unhandledPromptBehavior: dismiss and notify, webauthn:virtualAuthenticators: true}&#xA;Session ID: e91c9c214f0d8b60d4aae2592bb23e81&#xD;&#xA;&#x9;at org.openqa.selenium.remote.http.W3CHttpResponseCodec.createException(W3CHttpResponseCodec.java:187)&#xD;&#xA;&#x9;at org.openqa.selenium.remote.http.W3CHttpResponseCodec.decode(W3CHttpResponseCodec.java:122)&#xD;&#xA;&#x9;at org.openqa.selenium.remote.http.W3CHttpResponseCodec.decode(W3CHttpResponseCodec.java:49)&#xD;&#xA;&#x9;at org.openqa.selenium.remote.HttpCommandExecutor.execute(HttpCommandExecutor.java:158)&#xD;&#xA;&#x9;at org.openqa.selenium.remote.service.DriverCommandExecutor.execute(DriverCommandExecutor.java:83)&#xD;&#xA;&#x9;at org.openqa.selenium.remote.RemoteWebDriver.execute(RemoteWebDriver.java:552)&#xD;&#xA;&#x9;at com.kms.katalon.selenium.driver.CChromeDriver.execute(CChromeDriver.java:20)&#xD;&#xA;&#x9;at org.openqa.selenium.remote.RemoteWebDriver.executeScript(RemoteWebDriver.java:489)&#xD;&#xA;&#x9;at platform.Method.clickOnElement(Method.groovy:32)&#xD;&#xA;&#x9;at platform.Method.invokeMethod(Method.groovy)&#xD;&#xA;&#x9;at com.kms.katalon.core.main.CustomKeywordDelegatingMetaClass.invokeStaticMethod(CustomKeywordDelegatingMetaClass.java:50)&#xD;&#xA;&#x9;at adminUserDeletion_Test.run(adminUserDeletion_Test:35)&#xD;&#xA;&#x9;at com.kms.katalon.core.main.ScriptEngine.run(ScriptEngine.java:194)&#xD;&#xA;&#x9;at com.kms.katalon.core.main.ScriptEngine.runScriptAsRawText(ScriptEngine.java:119)&#xD;&#xA;&#x9;at com.kms.katalon.core.main.TestCaseExecutor.runScript(TestCaseExecutor.java:337)&#xD;&#xA;&#x9;at com.kms.katalon.core.main.TestCaseExecutor.doExecute(TestCaseExecutor.java:328)&#xD;&#xA;&#x9;at com.kms.katalon.core.main.TestCaseExecutor.processExecutionPhase(TestCaseExecutor.java:307)&#xD;&#xA;&#x9;at com.kms.katalon.core.main.TestCaseExecutor.accessMainPhase(TestCaseExecutor.java:299)&#xD;&#xA;&#x9;at com.kms.katalon.core.main.TestCaseExecutor.execute(TestCaseExecutor.java:233)&#xD;&#xA;&#x9;at com.kms.katalon.core.main.TestSuiteExecutor.accessTestCaseMainPhase(TestSuiteExecutor.java:169)&#xD;&#xA;&#x9;at com.kms.katalon.core.main.TestSuiteExecutor.accessTestSuiteMainPhase(TestSuiteExecutor.java:142)&#xD;&#xA;&#x9;at com.kms.katalon.core.main.TestSuiteExecutor.execute(TestSuiteExecutor.java:91)&#xD;&#xA;&#x9;at com.kms.katalon.core.main.TestCaseMain.startTestSuite(TestCaseMain.java:157)&#xD;&#xA;&#x9;at com.kms.katalon.core.main.TestCaseMain$startTestSuite$0.call(Unknown Source)&#xD;&#xA;&#x9;at TempTestSuite1594119054245.run(TempTestSuite1594119054245.groovy:35)&#xD;&#xA;"/>
            <system-out>2020-07-07 16:27:59 - [TEST_CASE][ERROR] - Test Cases/Generic/adminUserDeletion_Test: Test Cases/Generic/adminUserDeletion_Test FAILED.
Reason:
org.openqa.selenium.WebDriverException: chrome not reachable
  (Session info: chrome=83.0.4103.116)
Build info: version: '3.141.59', revision: 'e82be7d358', time: '2018-11-14T08:25:53'
System info: host: 'WLPT580', ip: '192.168.1.102', os.name: 'Windows 8.1', os.arch: 'amd64', os.version: '6.3', java.version: '1.8.0_181'
Driver info: com.kms.katalon.selenium.driver.CChromeDriver
Capabilities {acceptInsecureCerts: false, browserName: chrome, browserVersion: 83.0.4103.116, chrome: {chromedriverVersion: 83.0.4103.39 (ccbf011cb2d2b..., userDataDir: C:\Users\narendra.n\AppData...}, goog:chromeOptions: {debuggerAddress: localhost:49301}, javascriptEnabled: true, networkConnectionEnabled: false, pageLoadStrategy: normal, platform: WINDOWS, platformName: WINDOWS, proxy: Proxy(), setWindowRect: true, strictFileInteractability: false, timeouts: {implicit: 0, pageLoad: 300000, script: 30000}, unhandledPromptBehavior: dismiss and notify, webauthn:virtualAuthenticators: true}
Session ID: e91c9c214f0d8b60d4aae2592bb23e81&#xD;
	at org.openqa.selenium.remote.http.W3CHttpResponseCodec.createException(W3CHttpResponseCodec.java:187)&#xD;
	at org.openqa.selenium.remote.http.W3CHttpResponseCodec.decode(W3CHttpResponseCodec.java:122)&#xD;
	at org.openqa.selenium.remote.http.W3CHttpResponseCodec.decode(W3CHttpResponseCodec.java:49)&#xD;
	at org.openqa.selenium.remote.HttpCommandExecutor.execute(HttpCommandExecutor.java:158)&#xD;
	at org.openqa.selenium.remote.service.DriverCommandExecutor.execute(DriverCommandExecutor.java:83)&#xD;
	at org.openqa.selenium.remote.RemoteWebDriver.execute(RemoteWebDriver.java:552)&#xD;
	at com.kms.katalon.selenium.driver.CChromeDriver.execute(CChromeDriver.java:20)&#xD;
	at org.openqa.selenium.remote.RemoteWebDriver.executeScript(RemoteWebDriver.java:489)&#xD;
	at platform.Method.clickOnElement(Method.groovy:32)&#xD;
	at platform.Method.invokeMethod(Method.groovy)&#xD;
	at com.kms.katalon.core.main.CustomKeywordDelegatingMetaClass.invokeStaticMethod(CustomKeywordDelegatingMetaClass.java:50)&#xD;
	at adminUserDeletion_Test.run(adminUserDeletion_Test:35)&#xD;
	at com.kms.katalon.core.main.ScriptEngine.run(ScriptEngine.java:194)&#xD;
	at com.kms.katalon.core.main.ScriptEngine.runScriptAsRawText(ScriptEngine.java:119)&#xD;
	at com.kms.katalon.core.main.TestCaseExecutor.runScript(TestCaseExecutor.java:337)&#xD;
	at com.kms.katalon.core.main.TestCaseExecutor.doExecute(TestCaseExecutor.java:328)&#xD;
	at com.kms.katalon.core.main.TestCaseExecutor.processExecutionPhase(TestCaseExecutor.java:307)&#xD;
	at com.kms.katalon.core.main.TestCaseExecutor.accessMainPhase(TestCaseExecutor.java:299)&#xD;
	at com.kms.katalon.core.main.TestCaseExecutor.execute(TestCaseExecutor.java:233)&#xD;
	at com.kms.katalon.core.main.TestSuiteExecutor.accessTestCaseMainPhase(TestSuiteExecutor.java:169)&#xD;
	at com.kms.katalon.core.main.TestSuiteExecutor.accessTestSuiteMainPhase(TestSuiteExecutor.java:142)&#xD;
	at com.kms.katalon.core.main.TestSuiteExecutor.execute(TestSuiteExecutor.java:91)&#xD;
	at com.kms.katalon.core.main.TestCaseMain.startTestSuite(TestCaseMain.java:157)&#xD;
	at com.kms.katalon.core.main.TestCaseMain$startTestSuite$0.call(Unknown Source)&#xD;
	at TempTestSuite1594119054245.run(TempTestSuite1594119054245.groovy:35)&#xD;
&#xD;
&#xD;
2020-07-07 16:28:00 - [TEST_STEP][PASSED] - Start listener action : setUp: Current window maximized&#xD;
&#xD;
2020-07-07 16:28:00 - [TEST_STEP][PASSED] - openBrowser(URL): Browser is opened with url: 'preprod.imibot.ai'&#xD;
&#xD;
2020-07-07 16:28:00 - [MESSAGE][WARNING] - A browser is already opened. Closing browser and opening a new one&#xD;
&#xD;
2020-07-07 16:28:02 - [MESSAGE][INFO] - Starting 'Chrome' driver&#xD;
&#xD;
2020-07-07 16:28:02 - [MESSAGE][INFO] - User set preference: ['args', '[--start-maximized]']&#xD;
&#xD;
2020-07-07 16:28:15 - [MESSAGE][PASSED] - Browser is opened with url: 'preprod.imibot.ai'&#xD;
&#xD;
2020-07-07 16:28:15 - [TEST_STEP][PASSED] - maximizeWindow(): Current window maximized&#xD;
&#xD;
2020-07-07 16:28:17 - [MESSAGE][PASSED] - Current window maximized&#xD;
&#xD;
2020-07-07 16:28:18 - [TEST_STEP][PASSED] - callTestCase(findTestCase("Generic/successfulLogin_Test"), [:], STOP_ON_FAILURE): Call Test Case 'Test Cases/Generic/successfulLogin_Test' successfully&#xD;
&#xD;
2020-07-07 16:28:18 - [TEST_CASE][PASSED] - Test Cases/Generic/successfulLogin_Test: Test Cases/Generic/successfulLogin_Test&#xD;
&#xD;
2020-07-07 16:28:18 - [TEST_STEP][PASSED] - sendKeys(findTestObject("Input/username"), username): Keys 'narendra.n@imimobile.com' sent to object: 'Object Repository/Input/username'&#xD;
&#xD;
2020-07-07 16:28:21 - [MESSAGE][PASSED] - Keys 'narendra.n@imimobile.com' sent to object: 'Object Repository/Input/username'&#xD;
&#xD;
2020-07-07 16:28:21 - [TEST_STEP][PASSED] - sendKeys(findTestObject("Input/password"), password): Keys 'Test@2020' sent to object: 'Object Repository/Input/password'&#xD;
&#xD;
2020-07-07 16:28:24 - [MESSAGE][PASSED] - Keys 'Test@2020' sent to object: 'Object Repository/Input/password'&#xD;
&#xD;
2020-07-07 16:28:24 - [TEST_STEP][PASSED] - click(findTestObject("Button/signIn")): Object: 'Object Repository/Button/signIn' is clicked on&#xD;
&#xD;
2020-07-07 16:28:27 - [MESSAGE][PASSED] - Object: 'Object Repository/Button/signIn' is clicked on&#xD;
&#xD;
2020-07-07 16:28:27 - [TEST_STEP][PASSED] - if (!(waitForElementPresent(findTestObject("Button/createBot"), 30, OPTIONAL))): Object 'Object Repository/Button/createBot' is present&#xD;
&#xD;
2020-07-07 16:29:00 - [MESSAGE][PASSED] - Object 'Object Repository/Button/createBot' is present&#xD;
&#xD;
2020-07-07 16:29:00 - [MESSAGE][PASSED] - Call Test Case 'Test Cases/Generic/successfulLogin_Test' successfully&#xD;
&#xD;
2020-07-07 16:29:00 - [TEST_STEP][PASSED] - platform.Method.clickOnElement(findTestObject("Button/enterpriseDropdown")): platform.Method.clickOnElement is PASSED&#xD;
&#xD;
2020-07-07 16:29:03 - [MESSAGE][PASSED] - platform.Method.clickOnElement is PASSED&#xD;
&#xD;
2020-07-07 16:29:03 - [TEST_STEP][PASSED] - platform.Method.clickOnElement(findTestObject("Generic/webObjectWithText", ["textValue":"Enterprise profile"])): platform.Method.clickOnElement is PASSED&#xD;
&#xD;
2020-07-07 16:29:11 - [MESSAGE][PASSED] - platform.Method.clickOnElement is PASSED&#xD;
&#xD;
2020-07-07 16:29:11 - [TEST_STEP][PASSED] - platform.Method.clickOnElement(findTestObject("Generic/webObjectWithText", ["textValue":"Users"])): platform.Method.clickOnElement is PASSED&#xD;
&#xD;
2020-07-07 16:29:13 - [MESSAGE][PASSED] - platform.Method.clickOnElement is PASSED&#xD;
&#xD;
2020-07-07 16:29:13 - [TEST_STEP][PASSED] - flag = false: null&#xD;
&#xD;
2020-07-07 16:29:13 - [TEST_STEP][PASSED] - index = &lt;not implemented yet for class: org.codehaus.groovy.ast.expr.EmptyExpression&gt;: null&#xD;
&#xD;
2020-07-07 16:29:13 - [TEST_STEP][ERROR] - while (flag != true): chrome not reachable
  (Session info: chrome=83.0.4103.116)
Build info: version: '3.141.59', revision: 'e82be7d358', time: '2018-11-14T08:25:53'
System info: host: 'WLPT580', ip: '192.168.1.102', os.name: 'Windows 8.1', os.arch: 'amd64', os.version: '6.3', java.version: '1.8.0_181'
Driver info: com.kms.katalon.selenium.driver.CChromeDriver
Capabilities {acceptInsecureCerts: false, browserName: chrome, browserVersion: 83.0.4103.116, chrome: {chromedriverVersion: 83.0.4103.39 (ccbf011cb2d2b..., userDataDir: C:\Users\narendra.n\AppData...}, goog:chromeOptions: {debuggerAddress: localhost:49301}, javascriptEnabled: true, networkConnectionEnabled: false, pageLoadStrategy: normal, platform: WINDOWS, platformName: WINDOWS, proxy: Proxy(), setWindowRect: true, strictFileInteractability: false, timeouts: {implicit: 0, pageLoad: 300000, script: 30000}, unhandledPromptBehavior: dismiss and notify, webauthn:virtualAuthenticators: true}
Session ID: e91c9c214f0d8b60d4aae2592bb23e81&#xD;
&#xD;
2020-07-07 16:29:13 - [TEST_STEP][PASSED] - listElement = findWebElements(findTestObject("GenericII/listOfUserName"), 10): null&#xD;
&#xD;
2020-07-07 16:29:18 - [TEST_STEP][PASSED] - for ([index = 0, index &lt; listElement.size(), (index++)]): null&#xD;
&#xD;
2020-07-07 16:29:18 - [TEST_STEP][PASSED] - if (getText().contentEquals(username)): null&#xD;
&#xD;
2020-07-07 16:29:19 - [TEST_STEP][PASSED] - if (getText().contentEquals(username)): null&#xD;
&#xD;
2020-07-07 16:29:20 - [TEST_STEP][PASSED] - if (getText().contentEquals(username)): null&#xD;
&#xD;
2020-07-07 16:29:22 - [TEST_STEP][PASSED] - if (getText().contentEquals(username)): null&#xD;
&#xD;
2020-07-07 16:29:23 - [TEST_STEP][PASSED] - if (getText().contentEquals(username)): null&#xD;
&#xD;
2020-07-07 16:29:25 - [TEST_STEP][PASSED] - if (getText().contentEquals(username)): null&#xD;
&#xD;
2020-07-07 16:29:26 - [TEST_STEP][PASSED] - if (getText().contentEquals(username)): null&#xD;
&#xD;
2020-07-07 16:29:27 - [TEST_STEP][PASSED] - if (getText().contentEquals(username)): null&#xD;
&#xD;
2020-07-07 16:29:28 - [TEST_STEP][PASSED] - if (getText().contentEquals(username)): null&#xD;
&#xD;
2020-07-07 16:29:29 - [TEST_STEP][PASSED] - if (getText().contentEquals(username)): null&#xD;
&#xD;
2020-07-07 16:29:30 - [TEST_STEP][PASSED] - waitForElementPresent(findTestObject("Generic/nextPage"), 15): Object 'Object Repository/Generic/nextPage' is present&#xD;
&#xD;
2020-07-07 16:29:32 - [MESSAGE][PASSED] - Object 'Object Repository/Generic/nextPage' is present&#xD;
&#xD;
2020-07-07 16:29:32 - [TEST_STEP][PASSED] - platform.Method.clickOnElement(findTestObject("Generic/nextPage")): platform.Method.clickOnElement is PASSED&#xD;
&#xD;
2020-07-07 16:29:35 - [MESSAGE][PASSED] - platform.Method.clickOnElement is PASSED&#xD;
&#xD;
2020-07-07 16:29:35 - [TEST_STEP][PASSED] - listElement = findWebElements(findTestObject("GenericII/listOfUserName"), 10): null&#xD;
&#xD;
2020-07-07 16:29:36 - [TEST_STEP][PASSED] - for ([index = 0, index &lt; listElement.size(), (index++)]): null&#xD;
&#xD;
2020-07-07 16:29:36 - [TEST_STEP][PASSED] - if (getText().contentEquals(username)): null&#xD;
&#xD;
2020-07-07 16:29:37 - [TEST_STEP][PASSED] - if (getText().contentEquals(username)): null&#xD;
&#xD;
2020-07-07 16:29:39 - [TEST_STEP][PASSED] - if (getText().contentEquals(username)): null&#xD;
&#xD;
2020-07-07 16:29:40 - [TEST_STEP][PASSED] - if (getText().contentEquals(username)): null&#xD;
&#xD;
2020-07-07 16:29:42 - [TEST_STEP][PASSED] - if (getText().contentEquals(username)): null&#xD;
&#xD;
2020-07-07 16:29:43 - [TEST_STEP][PASSED] - if (getText().contentEquals(username)): null&#xD;
&#xD;
2020-07-07 16:29:44 - [TEST_STEP][PASSED] - if (getText().contentEquals(username)): null&#xD;
&#xD;
2020-07-07 16:29:45 - [TEST_STEP][PASSED] - if (getText().contentEquals(username)): null&#xD;
&#xD;
2020-07-07 16:29:46 - [TEST_STEP][PASSED] - if (getText().contentEquals(username)): null&#xD;
&#xD;
2020-07-07 16:29:47 - [TEST_STEP][PASSED] - if (getText().contentEquals(username)): null&#xD;
&#xD;
2020-07-07 16:29:48 - [TEST_STEP][PASSED] - waitForElementPresent(findTestObject("Generic/nextPage"), 15): Object 'Object Repository/Generic/nextPage' is present&#xD;
&#xD;
2020-07-07 16:29:49 - [MESSAGE][PASSED] - Object 'Object Repository/Generic/nextPage' is present&#xD;
&#xD;
2020-07-07 16:29:49 - [TEST_STEP][PASSED] - platform.Method.clickOnElement(findTestObject("Generic/nextPage")): platform.Method.clickOnElement is PASSED&#xD;
&#xD;
2020-07-07 16:29:53 - [MESSAGE][PASSED] - platform.Method.clickOnElement is PASSED&#xD;
&#xD;
2020-07-07 16:29:53 - [TEST_STEP][PASSED] - listElement = findWebElements(findTestObject("GenericII/listOfUserName"), 10): null&#xD;
&#xD;
2020-07-07 16:29:54 - [TEST_STEP][PASSED] - for ([index = 0, index &lt; listElement.size(), (index++)]): null&#xD;
&#xD;
2020-07-07 16:29:54 - [TEST_STEP][PASSED] - if (getText().contentEquals(username)): null&#xD;
&#xD;
2020-07-07 16:29:55 - [TEST_STEP][PASSED] - if (getText().contentEquals(username)): null&#xD;
&#xD;
2020-07-07 16:29:56 - [TEST_STEP][PASSED] - if (getText().contentEquals(username)): null&#xD;
&#xD;
2020-07-07 16:29:57 - [TEST_STEP][PASSED] - if (getText().contentEquals(username)): null&#xD;
&#xD;
2020-07-07 16:29:59 - [TEST_STEP][PASSED] - if (getText().contentEquals(username)): null&#xD;
&#xD;
2020-07-07 16:30:00 - [TEST_STEP][PASSED] - if (getText().contentEquals(username)): null&#xD;
&#xD;
2020-07-07 16:30:01 - [TEST_STEP][PASSED] - if (getText().contentEquals(username)): null&#xD;
&#xD;
2020-07-07 16:30:02 - [TEST_STEP][PASSED] - if (getText().contentEquals(username)): null&#xD;
&#xD;
2020-07-07 16:30:04 - [TEST_STEP][PASSED] - if (getText().contentEquals(username)): null&#xD;
&#xD;
2020-07-07 16:30:05 - [TEST_STEP][PASSED] - if (getText().contentEquals(username)): null&#xD;
&#xD;
2020-07-07 16:30:06 - [TEST_STEP][PASSED] - waitForElementPresent(findTestObject("Generic/nextPage"), 15): Object 'Object Repository/Generic/nextPage' is present&#xD;
&#xD;
2020-07-07 16:30:07 - [MESSAGE][PASSED] - Object 'Object Repository/Generic/nextPage' is present&#xD;
&#xD;
2020-07-07 16:30:07 - [TEST_STEP][PASSED] - platform.Method.clickOnElement(findTestObject("Generic/nextPage")): platform.Method.clickOnElement is PASSED&#xD;
&#xD;
2020-07-07 16:30:10 - [MESSAGE][PASSED] - platform.Method.clickOnElement is PASSED&#xD;
&#xD;
2020-07-07 16:30:10 - [TEST_STEP][PASSED] - listElement = findWebElements(findTestObject("GenericII/listOfUserName"), 10): null&#xD;
&#xD;
2020-07-07 16:30:11 - [TEST_STEP][PASSED] - for ([index = 0, index &lt; listElement.size(), (index++)]): null&#xD;
&#xD;
2020-07-07 16:30:11 - [TEST_STEP][PASSED] - if (getText().contentEquals(username)): null&#xD;
&#xD;
2020-07-07 16:30:13 - [TEST_STEP][PASSED] - if (getText().contentEquals(username)): null&#xD;
&#xD;
2020-07-07 16:30:14 - [TEST_STEP][PASSED] - if (getText().contentEquals(username)): null&#xD;
&#xD;
2020-07-07 16:30:15 - [TEST_STEP][PASSED] - if (getText().contentEquals(username)): null&#xD;
&#xD;
2020-07-07 16:30:16 - [TEST_STEP][PASSED] - if (getText().contentEquals(username)): null&#xD;
&#xD;
2020-07-07 16:30:18 - [TEST_STEP][PASSED] - if (getText().contentEquals(username)): null&#xD;
&#xD;
2020-07-07 16:30:19 - [TEST_STEP][PASSED] - if (getText().contentEquals(username)): null&#xD;
&#xD;
2020-07-07 16:30:20 - [TEST_STEP][PASSED] - if (getText().contentEquals(username)): null&#xD;
&#xD;
2020-07-07 16:30:21 - [TEST_STEP][PASSED] - if (getText().contentEquals(username)): null&#xD;
&#xD;
2020-07-07 16:30:22 - [TEST_STEP][PASSED] - if (getText().contentEquals(username)): null&#xD;
&#xD;
2020-07-07 16:30:24 - [TEST_STEP][PASSED] - waitForElementPresent(findTestObject("Generic/nextPage"), 15): Object 'Object Repository/Generic/nextPage' is present&#xD;
&#xD;
2020-07-07 16:30:25 - [MESSAGE][PASSED] - Object 'Object Repository/Generic/nextPage' is present&#xD;
&#xD;
2020-07-07 16:30:25 - [TEST_STEP][PASSED] - platform.Method.clickOnElement(findTestObject("Generic/nextPage")): platform.Method.clickOnElement is PASSED&#xD;
&#xD;
2020-07-07 16:30:27 - [MESSAGE][PASSED] - platform.Method.clickOnElement is PASSED&#xD;
&#xD;
2020-07-07 16:30:27 - [TEST_STEP][PASSED] - listElement = findWebElements(findTestObject("GenericII/listOfUserName"), 10): null&#xD;
&#xD;
2020-07-07 16:30:28 - [TEST_STEP][PASSED] - for ([index = 0, index &lt; listElement.size(), (index++)]): null&#xD;
&#xD;
2020-07-07 16:30:28 - [TEST_STEP][PASSED] - if (getText().contentEquals(username)): null&#xD;
&#xD;
2020-07-07 16:30:30 - [TEST_STEP][PASSED] - if (getText().contentEquals(username)): null&#xD;
&#xD;
2020-07-07 16:30:31 - [TEST_STEP][PASSED] - if (getText().contentEquals(username)): null&#xD;
&#xD;
2020-07-07 16:30:32 - [TEST_STEP][PASSED] - if (getText().contentEquals(username)): null&#xD;
&#xD;
2020-07-07 16:30:33 - [TEST_STEP][PASSED] - if (getText().contentEquals(username)): null&#xD;
&#xD;
2020-07-07 16:30:35 - [TEST_STEP][PASSED] - if (getText().contentEquals(username)): null&#xD;
&#xD;
2020-07-07 16:30:36 - [TEST_STEP][PASSED] - waitForElementPresent(findTestObject("Generic/nextPage"), 15): Object 'Object Repository/Generic/nextPage' is present&#xD;
&#xD;
2020-07-07 16:30:37 - [MESSAGE][PASSED] - Object 'Object Repository/Generic/nextPage' is present&#xD;
&#xD;
2020-07-07 16:30:37 - [TEST_STEP][PASSED] - platform.Method.clickOnElement(findTestObject("Generic/nextPage")): platform.Method.clickOnElement is PASSED&#xD;
&#xD;
2020-07-07 16:30:41 - [MESSAGE][PASSED] - platform.Method.clickOnElement is PASSED&#xD;
&#xD;
2020-07-07 16:30:41 - [TEST_STEP][PASSED] - listElement = findWebElements(findTestObject("GenericII/listOfUserName"), 10): null&#xD;
&#xD;
2020-07-07 16:30:43 - [TEST_STEP][PASSED] - for ([index = 0, index &lt; listElement.size(), (index++)]): null&#xD;
&#xD;
2020-07-07 16:30:43 - [TEST_STEP][PASSED] - if (getText().contentEquals(username)): null&#xD;
&#xD;
2020-07-07 16:30:44 - [TEST_STEP][PASSED] - if (getText().contentEquals(username)): null&#xD;
&#xD;
2020-07-07 16:30:46 - [TEST_STEP][PASSED] - if (getText().contentEquals(username)): null&#xD;
&#xD;
2020-07-07 16:30:47 - [TEST_STEP][PASSED] - if (getText().contentEquals(username)): null&#xD;
&#xD;
2020-07-07 16:30:48 - [TEST_STEP][PASSED] - if (getText().contentEquals(username)): null&#xD;
&#xD;
2020-07-07 16:30:49 - [TEST_STEP][PASSED] - if (getText().contentEquals(username)): null&#xD;
&#xD;
2020-07-07 16:30:50 - [TEST_STEP][PASSED] - waitForElementPresent(findTestObject("Generic/nextPage"), 15): Object 'Object Repository/Generic/nextPage' is present&#xD;
&#xD;
2020-07-07 16:30:52 - [MESSAGE][PASSED] - Object 'Object Repository/Generic/nextPage' is present&#xD;
&#xD;
2020-07-07 16:30:52 - [TEST_STEP][PASSED] - platform.Method.clickOnElement(findTestObject("Generic/nextPage")): platform.Method.clickOnElement is PASSED&#xD;
&#xD;
2020-07-07 16:30:55 - [MESSAGE][PASSED] - platform.Method.clickOnElement is PASSED&#xD;
&#xD;
2020-07-07 16:30:55 - [TEST_STEP][PASSED] - listElement = findWebElements(findTestObject("GenericII/listOfUserName"), 10): null&#xD;
&#xD;
2020-07-07 16:30:56 - [TEST_STEP][PASSED] - for ([index = 0, index &lt; listElement.size(), (index++)]): null&#xD;
&#xD;
2020-07-07 16:30:56 - [TEST_STEP][PASSED] - if (getText().contentEquals(username)): null&#xD;
&#xD;
2020-07-07 16:30:57 - [TEST_STEP][PASSED] - if (getText().contentEquals(username)): null&#xD;
&#xD;
2020-07-07 16:30:58 - [TEST_STEP][PASSED] - if (getText().contentEquals(username)): null&#xD;
&#xD;
2020-07-07 16:30:59 - [TEST_STEP][PASSED] - if (getText().contentEquals(username)): null&#xD;
&#xD;
2020-07-07 16:31:00 - [TEST_STEP][PASSED] - if (getText().contentEquals(username)): null&#xD;
&#xD;
2020-07-07 16:31:01 - [TEST_STEP][PASSED] - if (getText().contentEquals(username)): null&#xD;
&#xD;
2020-07-07 16:31:03 - [TEST_STEP][PASSED] - waitForElementPresent(findTestObject("Generic/nextPage"), 15): Object 'Object Repository/Generic/nextPage' is present&#xD;
&#xD;
2020-07-07 16:31:04 - [MESSAGE][PASSED] - Object 'Object Repository/Generic/nextPage' is present&#xD;
&#xD;
2020-07-07 16:31:04 - [TEST_STEP][PASSED] - platform.Method.clickOnElement(findTestObject("Generic/nextPage")): platform.Method.clickOnElement is PASSED&#xD;
&#xD;
2020-07-07 16:31:06 - [MESSAGE][PASSED] - platform.Method.clickOnElement is PASSED&#xD;
&#xD;
2020-07-07 16:31:06 - [TEST_STEP][PASSED] - listElement = findWebElements(findTestObject("GenericII/listOfUserName"), 10): null&#xD;
&#xD;
2020-07-07 16:31:07 - [TEST_STEP][PASSED] - for ([index = 0, index &lt; listElement.size(), (index++)]): null&#xD;
&#xD;
2020-07-07 16:31:07 - [TEST_STEP][PASSED] - if (getText().contentEquals(username)): null&#xD;
&#xD;
2020-07-07 16:31:09 - [TEST_STEP][PASSED] - if (getText().contentEquals(username)): null&#xD;
&#xD;
2020-07-07 16:31:10 - [TEST_STEP][PASSED] - if (getText().contentEquals(username)): null&#xD;
&#xD;
2020-07-07 16:31:11 - [TEST_STEP][PASSED] - if (getText().contentEquals(username)): null&#xD;
&#xD;
2020-07-07 16:31:12 - [TEST_STEP][PASSED] - if (getText().contentEquals(username)): null&#xD;
&#xD;
2020-07-07 16:31:13 - [TEST_STEP][PASSED] - if (getText().contentEquals(username)): null&#xD;
&#xD;
2020-07-07 16:31:15 - [TEST_STEP][PASSED] - waitForElementPresent(findTestObject("Generic/nextPage"), 15): Object 'Object Repository/Generic/nextPage' is present&#xD;
&#xD;
2020-07-07 16:31:16 - [MESSAGE][PASSED] - Object 'Object Repository/Generic/nextPage' is present&#xD;
&#xD;
2020-07-07 16:31:16 - [TEST_STEP][PASSED] - platform.Method.clickOnElement(findTestObject("Generic/nextPage")): platform.Method.clickOnElement is PASSED&#xD;
&#xD;
2020-07-07 16:31:18 - [MESSAGE][PASSED] - platform.Method.clickOnElement is PASSED&#xD;
&#xD;
2020-07-07 16:31:18 - [TEST_STEP][PASSED] - listElement = findWebElements(findTestObject("GenericII/listOfUserName"), 10): null&#xD;
&#xD;
2020-07-07 16:31:19 - [TEST_STEP][PASSED] - for ([index = 0, index &lt; listElement.size(), (index++)]): null&#xD;
&#xD;
2020-07-07 16:31:19 - [TEST_STEP][PASSED] - if (getText().contentEquals(username)): null&#xD;
&#xD;
2020-07-07 16:31:21 - [TEST_STEP][PASSED] - if (getText().contentEquals(username)): null&#xD;
&#xD;
2020-07-07 16:31:22 - [TEST_STEP][PASSED] - if (getText().contentEquals(username)): null&#xD;
&#xD;
2020-07-07 16:31:23 - [TEST_STEP][PASSED] - if (getText().contentEquals(username)): null&#xD;
&#xD;
2020-07-07 16:31:24 - [TEST_STEP][PASSED] - if (getText().contentEquals(username)): null&#xD;
&#xD;
2020-07-07 16:31:25 - [TEST_STEP][PASSED] - if (getText().contentEquals(username)): null&#xD;
&#xD;
2020-07-07 16:31:26 - [TEST_STEP][PASSED] - waitForElementPresent(findTestObject("Generic/nextPage"), 15): Object 'Object Repository/Generic/nextPage' is present&#xD;
&#xD;
2020-07-07 16:31:28 - [MESSAGE][PASSED] - Object 'Object Repository/Generic/nextPage' is present&#xD;
&#xD;
2020-07-07 16:31:28 - [TEST_STEP][PASSED] - platform.Method.clickOnElement(findTestObject("Generic/nextPage")): platform.Method.clickOnElement is PASSED&#xD;
&#xD;
2020-07-07 16:31:30 - [MESSAGE][PASSED] - platform.Method.clickOnElement is PASSED&#xD;
&#xD;
2020-07-07 16:31:30 - [TEST_STEP][PASSED] - listElement = findWebElements(findTestObject("GenericII/listOfUserName"), 10): null&#xD;
&#xD;
2020-07-07 16:31:32 - [TEST_STEP][PASSED] - for ([index = 0, index &lt; listElement.size(), (index++)]): null&#xD;
&#xD;
2020-07-07 16:31:32 - [TEST_STEP][PASSED] - if (getText().contentEquals(username)): null&#xD;
&#xD;
2020-07-07 16:31:33 - [TEST_STEP][PASSED] - if (getText().contentEquals(username)): null&#xD;
&#xD;
2020-07-07 16:31:34 - [TEST_STEP][PASSED] - if (getText().contentEquals(username)): null&#xD;
&#xD;
2020-07-07 16:31:35 - [TEST_STEP][PASSED] - if (getText().contentEquals(username)): null&#xD;
&#xD;
2020-07-07 16:31:36 - [TEST_STEP][PASSED] - if (getText().contentEquals(username)): null&#xD;
&#xD;
2020-07-07 16:31:37 - [TEST_STEP][PASSED] - if (getText().contentEquals(username)): null&#xD;
&#xD;
2020-07-07 16:31:38 - [TEST_STEP][PASSED] - waitForElementPresent(findTestObject("Generic/nextPage"), 15): Object 'Object Repository/Generic/nextPage' is present&#xD;
&#xD;
2020-07-07 16:31:40 - [MESSAGE][PASSED] - Object 'Object Repository/Generic/nextPage' is present&#xD;
&#xD;
2020-07-07 16:31:40 - [TEST_STEP][PASSED] - platform.Method.clickOnElement(findTestObject("Generic/nextPage")): platform.Method.clickOnElement is PASSED&#xD;
&#xD;
2020-07-07 16:31:42 - [MESSAGE][PASSED] - platform.Method.clickOnElement is PASSED&#xD;
&#xD;
2020-07-07 16:31:42 - [TEST_STEP][PASSED] - listElement = findWebElements(findTestObject("GenericII/listOfUserName"), 10): null&#xD;
&#xD;
2020-07-07 16:31:43 - [TEST_STEP][PASSED] - for ([index = 0, index &lt; listElement.size(), (index++)]): null&#xD;
&#xD;
2020-07-07 16:31:43 - [TEST_STEP][PASSED] - if (getText().contentEquals(username)): null&#xD;
&#xD;
2020-07-07 16:31:44 - [TEST_STEP][PASSED] - if (getText().contentEquals(username)): null&#xD;
&#xD;
2020-07-07 16:31:45 - [TEST_STEP][PASSED] - if (getText().contentEquals(username)): null&#xD;
&#xD;
2020-07-07 16:31:46 - [TEST_STEP][PASSED] - if (getText().contentEquals(username)): null&#xD;
&#xD;
2020-07-07 16:31:48 - [TEST_STEP][PASSED] - if (getText().contentEquals(username)): null&#xD;
&#xD;
2020-07-07 16:31:49 - [TEST_STEP][PASSED] - if (getText().contentEquals(username)): null&#xD;
&#xD;
2020-07-07 16:31:50 - [TEST_STEP][PASSED] - waitForElementPresent(findTestObject("Generic/nextPage"), 15): Object 'Object Repository/Generic/nextPage' is present&#xD;
&#xD;
2020-07-07 16:31:51 - [MESSAGE][PASSED] - Object 'Object Repository/Generic/nextPage' is present&#xD;
&#xD;
2020-07-07 16:31:51 - [TEST_STEP][PASSED] - platform.Method.clickOnElement(findTestObject("Generic/nextPage")): platform.Method.clickOnElement is PASSED&#xD;
&#xD;
2020-07-07 16:31:54 - [MESSAGE][PASSED] - platform.Method.clickOnElement is PASSED&#xD;
&#xD;
2020-07-07 16:31:54 - [TEST_STEP][PASSED] - listElement = findWebElements(findTestObject("GenericII/listOfUserName"), 10): null&#xD;
&#xD;
2020-07-07 16:31:56 - [TEST_STEP][PASSED] - for ([index = 0, index &lt; listElement.size(), (index++)]): null&#xD;
&#xD;
2020-07-07 16:31:56 - [TEST_STEP][PASSED] - if (getText().contentEquals(username)): null&#xD;
&#xD;
2020-07-07 16:31:57 - [TEST_STEP][PASSED] - if (getText().contentEquals(username)): null&#xD;
&#xD;
2020-07-07 16:31:59 - [TEST_STEP][PASSED] - if (getText().contentEquals(username)): null&#xD;
&#xD;
2020-07-07 16:32:00 - [TEST_STEP][PASSED] - if (getText().contentEquals(username)): null&#xD;
&#xD;
2020-07-07 16:32:01 - [TEST_STEP][PASSED] - if (getText().contentEquals(username)): null&#xD;
&#xD;
2020-07-07 16:32:02 - [TEST_STEP][PASSED] - if (getText().contentEquals(username)): null&#xD;
&#xD;
2020-07-07 16:32:04 - [TEST_STEP][PASSED] - waitForElementPresent(findTestObject("Generic/nextPage"), 15): Object 'Object Repository/Generic/nextPage' is present&#xD;
&#xD;
2020-07-07 16:32:06 - [MESSAGE][PASSED] - Object 'Object Repository/Generic/nextPage' is present&#xD;
&#xD;
2020-07-07 16:32:06 - [TEST_STEP][PASSED] - platform.Method.clickOnElement(findTestObject("Generic/nextPage")): platform.Method.clickOnElement is PASSED&#xD;
&#xD;
2020-07-07 16:32:08 - [MESSAGE][PASSED] - platform.Method.clickOnElement is PASSED&#xD;
&#xD;
2020-07-07 16:32:08 - [TEST_STEP][PASSED] - listElement = findWebElements(findTestObject("GenericII/listOfUserName"), 10): null&#xD;
&#xD;
2020-07-07 16:32:09 - [TEST_STEP][PASSED] - for ([index = 0, index &lt; listElement.size(), (index++)]): null&#xD;
&#xD;
2020-07-07 16:32:09 - [TEST_STEP][PASSED] - if (getText().contentEquals(username)): null&#xD;
&#xD;
2020-07-07 16:32:11 - [TEST_STEP][PASSED] - if (getText().contentEquals(username)): null&#xD;
&#xD;
2020-07-07 16:32:12 - [TEST_STEP][PASSED] - if (getText().contentEquals(username)): null&#xD;
&#xD;
2020-07-07 16:32:13 - [TEST_STEP][PASSED] - if (getText().contentEquals(username)): null&#xD;
&#xD;
2020-07-07 16:32:14 - [TEST_STEP][PASSED] - if (getText().contentEquals(username)): null&#xD;
&#xD;
2020-07-07 16:32:15 - [TEST_STEP][PASSED] - if (getText().contentEquals(username)): null&#xD;
&#xD;
2020-07-07 16:32:17 - [TEST_STEP][PASSED] - waitForElementPresent(findTestObject("Generic/nextPage"), 15): Object 'Object Repository/Generic/nextPage' is present&#xD;
&#xD;
2020-07-07 16:32:18 - [MESSAGE][PASSED] - Object 'Object Repository/Generic/nextPage' is present&#xD;
&#xD;
2020-07-07 16:32:18 - [TEST_STEP][PASSED] - platform.Method.clickOnElement(findTestObject("Generic/nextPage")): platform.Method.clickOnElement is PASSED&#xD;
&#xD;
2020-07-07 16:32:21 - [MESSAGE][PASSED] - platform.Method.clickOnElement is PASSED&#xD;
&#xD;
2020-07-07 16:32:21 - [TEST_STEP][PASSED] - listElement = findWebElements(findTestObject("GenericII/listOfUserName"), 10): null&#xD;
&#xD;
2020-07-07 16:32:23 - [TEST_STEP][PASSED] - for ([index = 0, index &lt; listElement.size(), (index++)]): null&#xD;
&#xD;
2020-07-07 16:32:23 - [TEST_STEP][PASSED] - if (getText().contentEquals(username)): null&#xD;
&#xD;
2020-07-07 16:32:24 - [TEST_STEP][PASSED] - if (getText().contentEquals(username)): null&#xD;
&#xD;
2020-07-07 16:32:26 - [TEST_STEP][PASSED] - if (getText().contentEquals(username)): null&#xD;
&#xD;
2020-07-07 16:32:27 - [TEST_STEP][PASSED] - if (getText().contentEquals(username)): null&#xD;
&#xD;
2020-07-07 16:32:28 - [TEST_STEP][PASSED] - if (getText().contentEquals(username)): null&#xD;
&#xD;
2020-07-07 16:32:29 - [TEST_STEP][PASSED] - if (getText().contentEquals(username)): null&#xD;
&#xD;
2020-07-07 16:32:30 - [TEST_STEP][PASSED] - waitForElementPresent(findTestObject("Generic/nextPage"), 15): Object 'Object Repository/Generic/nextPage' is present&#xD;
&#xD;
2020-07-07 16:32:31 - [MESSAGE][PASSED] - Object 'Object Repository/Generic/nextPage' is present&#xD;
&#xD;
2020-07-07 16:32:31 - [TEST_STEP][PASSED] - platform.Method.clickOnElement(findTestObject("Generic/nextPage")): platform.Method.clickOnElement is PASSED&#xD;
&#xD;
2020-07-07 16:32:34 - [MESSAGE][PASSED] - platform.Method.clickOnElement is PASSED&#xD;
&#xD;
2020-07-07 16:32:34 - [TEST_STEP][PASSED] - listElement = findWebElements(findTestObject("GenericII/listOfUserName"), 10): null&#xD;
&#xD;
2020-07-07 16:32:36 - [TEST_STEP][PASSED] - for ([index = 0, index &lt; listElement.size(), (index++)]): null&#xD;
&#xD;
2020-07-07 16:32:36 - [TEST_STEP][PASSED] - if (getText().contentEquals(username)): null&#xD;
&#xD;
2020-07-07 16:32:37 - [TEST_STEP][PASSED] - if (getText().contentEquals(username)): null&#xD;
&#xD;
2020-07-07 16:32:38 - [TEST_STEP][PASSED] - if (getText().contentEquals(username)): null&#xD;
&#xD;
2020-07-07 16:32:39 - [TEST_STEP][PASSED] - if (getText().contentEquals(username)): null&#xD;
&#xD;
2020-07-07 16:32:40 - [TEST_STEP][PASSED] - if (getText().contentEquals(username)): null&#xD;
&#xD;
2020-07-07 16:32:41 - [TEST_STEP][PASSED] - if (getText().contentEquals(username)): null&#xD;
&#xD;
2020-07-07 16:32:42 - [TEST_STEP][PASSED] - waitForElementPresent(findTestObject("Generic/nextPage"), 15): Object 'Object Repository/Generic/nextPage' is present&#xD;
&#xD;
2020-07-07 16:32:44 - [MESSAGE][PASSED] - Object 'Object Repository/Generic/nextPage' is present&#xD;
&#xD;
2020-07-07 16:32:44 - [TEST_STEP][PASSED] - platform.Method.clickOnElement(findTestObject("Generic/nextPage")): platform.Method.clickOnElement is PASSED&#xD;
&#xD;
2020-07-07 16:32:46 - [MESSAGE][PASSED] - platform.Method.clickOnElement is PASSED&#xD;
&#xD;
2020-07-07 16:32:46 - [TEST_STEP][PASSED] - listElement = findWebElements(findTestObject("GenericII/listOfUserName"), 10): null&#xD;
&#xD;
2020-07-07 16:32:48 - [TEST_STEP][PASSED] - for ([index = 0, index &lt; listElement.size(), (index++)]): null&#xD;
&#xD;
2020-07-07 16:32:48 - [TEST_STEP][PASSED] - if (getText().contentEquals(username)): null&#xD;
&#xD;
2020-07-07 16:32:49 - [TEST_STEP][PASSED] - if (getText().contentEquals(username)): null&#xD;
&#xD;
2020-07-07 16:32:50 - [TEST_STEP][PASSED] - if (getText().contentEquals(username)): null&#xD;
&#xD;
2020-07-07 16:32:51 - [TEST_STEP][PASSED] - if (getText().contentEquals(username)): null&#xD;
&#xD;
2020-07-07 16:32:52 - [TEST_STEP][PASSED] - if (getText().contentEquals(username)): null&#xD;
&#xD;
2020-07-07 16:32:53 - [TEST_STEP][PASSED] - if (getText().contentEquals(username)): null&#xD;
&#xD;
2020-07-07 16:32:54 - [TEST_STEP][PASSED] - waitForElementPresent(findTestObject("Generic/nextPage"), 15): Object 'Object Repository/Generic/nextPage' is present&#xD;
&#xD;
2020-07-07 16:32:55 - [MESSAGE][PASSED] - Object 'Object Repository/Generic/nextPage' is present&#xD;
&#xD;
2020-07-07 16:32:55 - [TEST_STEP][PASSED] - platform.Method.clickOnElement(findTestObject("Generic/nextPage")): platform.Method.clickOnElement is PASSED&#xD;
&#xD;
2020-07-07 16:32:57 - [MESSAGE][PASSED] - platform.Method.clickOnElement is PASSED&#xD;
&#xD;
2020-07-07 16:32:57 - [TEST_STEP][PASSED] - listElement = findWebElements(findTestObject("GenericII/listOfUserName"), 10): null&#xD;
&#xD;
2020-07-07 16:32:58 - [TEST_STEP][PASSED] - for ([index = 0, index &lt; listElement.size(), (index++)]): null&#xD;
&#xD;
2020-07-07 16:32:58 - [TEST_STEP][PASSED] - if (getText().contentEquals(username)): null&#xD;
&#xD;
2020-07-07 16:33:00 - [TEST_STEP][PASSED] - if (getText().contentEquals(username)): null&#xD;
&#xD;
2020-07-07 16:33:01 - [TEST_STEP][PASSED] - if (getText().contentEquals(username)): null&#xD;
&#xD;
2020-07-07 16:33:02 - [TEST_STEP][PASSED] - if (getText().contentEquals(username)): null&#xD;
&#xD;
2020-07-07 16:33:03 - [TEST_STEP][PASSED] - if (getText().contentEquals(username)): null&#xD;
&#xD;
2020-07-07 16:33:04 - [TEST_STEP][PASSED] - if (getText().contentEquals(username)): null&#xD;
&#xD;
2020-07-07 16:33:05 - [TEST_STEP][PASSED] - waitForElementPresent(findTestObject("Generic/nextPage"), 15): Object 'Object Repository/Generic/nextPage' is present&#xD;
&#xD;
2020-07-07 16:33:06 - [MESSAGE][PASSED] - Object 'Object Repository/Generic/nextPage' is present&#xD;
&#xD;
2020-07-07 16:33:06 - [TEST_STEP][PASSED] - platform.Method.clickOnElement(findTestObject("Generic/nextPage")): platform.Method.clickOnElement is PASSED&#xD;
&#xD;
2020-07-07 16:33:09 - [MESSAGE][PASSED] - platform.Method.clickOnElement is PASSED&#xD;
&#xD;
2020-07-07 16:33:09 - [TEST_STEP][PASSED] - listElement = findWebElements(findTestObject("GenericII/listOfUserName"), 10): null&#xD;
&#xD;
2020-07-07 16:33:10 - [TEST_STEP][PASSED] - for ([index = 0, index &lt; listElement.size(), (index++)]): null&#xD;
&#xD;
2020-07-07 16:33:10 - [TEST_STEP][PASSED] - if (getText().contentEquals(username)): null&#xD;
&#xD;
2020-07-07 16:33:11 - [TEST_STEP][PASSED] - if (getText().contentEquals(username)): null&#xD;
&#xD;
2020-07-07 16:33:12 - [TEST_STEP][PASSED] - if (getText().contentEquals(username)): null&#xD;
&#xD;
2020-07-07 16:33:13 - [TEST_STEP][PASSED] - if (getText().contentEquals(username)): null&#xD;
&#xD;
2020-07-07 16:33:14 - [TEST_STEP][PASSED] - if (getText().contentEquals(username)): null&#xD;
&#xD;
2020-07-07 16:33:15 - [TEST_STEP][PASSED] - if (getText().contentEquals(username)): null&#xD;
&#xD;
2020-07-07 16:33:16 - [TEST_STEP][PASSED] - waitForElementPresent(findTestObject("Generic/nextPage"), 15): Object 'Object Repository/Generic/nextPage' is present&#xD;
&#xD;
2020-07-07 16:33:17 - [MESSAGE][PASSED] - Object 'Object Repository/Generic/nextPage' is present&#xD;
&#xD;
2020-07-07 16:33:17 - [TEST_STEP][PASSED] - platform.Method.clickOnElement(findTestObject("Generic/nextPage")): platform.Method.clickOnElement is PASSED&#xD;
&#xD;
2020-07-07 16:33:20 - [MESSAGE][PASSED] - platform.Method.clickOnElement is PASSED&#xD;
&#xD;
2020-07-07 16:33:20 - [TEST_STEP][PASSED] - listElement = findWebElements(findTestObject("GenericII/listOfUserName"), 10): null&#xD;
&#xD;
2020-07-07 16:33:21 - [TEST_STEP][PASSED] - for ([index = 0, index &lt; listElement.size(), (index++)]): null&#xD;
&#xD;
2020-07-07 16:33:21 - [TEST_STEP][PASSED] - if (getText().contentEquals(username)): null&#xD;
&#xD;
2020-07-07 16:33:22 - [TEST_STEP][PASSED] - if (getText().contentEquals(username)): null&#xD;
&#xD;
2020-07-07 16:33:23 - [TEST_STEP][PASSED] - if (getText().contentEquals(username)): null&#xD;
&#xD;
2020-07-07 16:33:24 - [TEST_STEP][PASSED] - if (getText().contentEquals(username)): null&#xD;
&#xD;
2020-07-07 16:33:26 - [TEST_STEP][PASSED] - if (getText().contentEquals(username)): null&#xD;
&#xD;
2020-07-07 16:33:27 - [TEST_STEP][PASSED] - if (getText().contentEquals(username)): null&#xD;
&#xD;
2020-07-07 16:33:28 - [TEST_STEP][PASSED] - waitForElementPresent(findTestObject("Generic/nextPage"), 15): Object 'Object Repository/Generic/nextPage' is present&#xD;
&#xD;
2020-07-07 16:33:29 - [MESSAGE][PASSED] - Object 'Object Repository/Generic/nextPage' is present&#xD;
&#xD;
2020-07-07 16:33:29 - [TEST_STEP][PASSED] - platform.Method.clickOnElement(findTestObject("Generic/nextPage")): platform.Method.clickOnElement is PASSED&#xD;
&#xD;
2020-07-07 16:33:32 - [MESSAGE][PASSED] - platform.Method.clickOnElement is PASSED&#xD;
&#xD;
2020-07-07 16:33:32 - [TEST_STEP][PASSED] - listElement = findWebElements(findTestObject("GenericII/listOfUserName"), 10): null&#xD;
&#xD;
2020-07-07 16:33:33 - [TEST_STEP][PASSED] - for ([index = 0, index &lt; listElement.size(), (index++)]): null&#xD;
&#xD;
2020-07-07 16:33:33 - [TEST_STEP][PASSED] - if (getText().contentEquals(username)): null&#xD;
&#xD;
2020-07-07 16:33:34 - [TEST_STEP][PASSED] - if (getText().contentEquals(username)): null&#xD;
&#xD;
2020-07-07 16:33:35 - [TEST_STEP][PASSED] - if (getText().contentEquals(username)): null&#xD;
&#xD;
2020-07-07 16:33:36 - [TEST_STEP][PASSED] - if (getText().contentEquals(username)): null&#xD;
&#xD;
2020-07-07 16:33:37 - [TEST_STEP][PASSED] - if (getText().contentEquals(username)): null&#xD;
&#xD;
2020-07-07 16:33:38 - [TEST_STEP][PASSED] - if (getText().contentEquals(username)): null&#xD;
&#xD;
2020-07-07 16:33:39 - [TEST_STEP][PASSED] - waitForElementPresent(findTestObject("Generic/nextPage"), 15): Object 'Object Repository/Generic/nextPage' is present&#xD;
&#xD;
2020-07-07 16:33:41 - [MESSAGE][PASSED] - Object 'Object Repository/Generic/nextPage' is present&#xD;
&#xD;
2020-07-07 16:33:41 - [TEST_STEP][PASSED] - platform.Method.clickOnElement(findTestObject("Generic/nextPage")): platform.Method.clickOnElement is PASSED&#xD;
&#xD;
2020-07-07 16:33:43 - [MESSAGE][PASSED] - platform.Method.clickOnElement is PASSED&#xD;
&#xD;
2020-07-07 16:33:43 - [TEST_STEP][PASSED] - listElement = findWebElements(findTestObject("GenericII/listOfUserName"), 10): null&#xD;
&#xD;
2020-07-07 16:33:45 - [TEST_STEP][PASSED] - for ([index = 0, index &lt; listElement.size(), (index++)]): null&#xD;
&#xD;
2020-07-07 16:33:45 - [TEST_STEP][PASSED] - if (getText().contentEquals(username)): null&#xD;
&#xD;
2020-07-07 16:33:46 - [TEST_STEP][PASSED] - if (getText().contentEquals(username)): null&#xD;
&#xD;
2020-07-07 16:33:47 - [TEST_STEP][PASSED] - if (getText().contentEquals(username)): null&#xD;
&#xD;
2020-07-07 16:33:48 - [TEST_STEP][PASSED] - if (getText().contentEquals(username)): null&#xD;
&#xD;
2020-07-07 16:33:49 - [TEST_STEP][PASSED] - if (getText().contentEquals(username)): null&#xD;
&#xD;
2020-07-07 16:33:50 - [TEST_STEP][PASSED] - if (getText().contentEquals(username)): null&#xD;
&#xD;
2020-07-07 16:33:51 - [TEST_STEP][PASSED] - waitForElementPresent(findTestObject("Generic/nextPage"), 15): Object 'Object Repository/Generic/nextPage' is present&#xD;
&#xD;
2020-07-07 16:33:52 - [MESSAGE][PASSED] - Object 'Object Repository/Generic/nextPage' is present&#xD;
&#xD;
2020-07-07 16:33:52 - [TEST_STEP][PASSED] - platform.Method.clickOnElement(findTestObject("Generic/nextPage")): platform.Method.clickOnElement is PASSED&#xD;
&#xD;
2020-07-07 16:33:55 - [MESSAGE][PASSED] - platform.Method.clickOnElement is PASSED&#xD;
&#xD;
2020-07-07 16:33:55 - [TEST_STEP][PASSED] - listElement = findWebElements(findTestObject("GenericII/listOfUserName"), 10): null&#xD;
&#xD;
2020-07-07 16:33:56 - [TEST_STEP][PASSED] - for ([index = 0, index &lt; listElement.size(), (index++)]): null&#xD;
&#xD;
2020-07-07 16:33:56 - [TEST_STEP][PASSED] - if (getText().contentEquals(username)): null&#xD;
&#xD;
2020-07-07 16:33:57 - [TEST_STEP][PASSED] - if (getText().contentEquals(username)): null&#xD;
&#xD;
2020-07-07 16:33:58 - [TEST_STEP][PASSED] - if (getText().contentEquals(username)): null&#xD;
&#xD;
2020-07-07 16:33:59 - [TEST_STEP][PASSED] - if (getText().contentEquals(username)): null&#xD;
&#xD;
2020-07-07 16:34:01 - [TEST_STEP][PASSED] - if (getText().contentEquals(username)): null&#xD;
&#xD;
2020-07-07 16:34:02 - [TEST_STEP][PASSED] - if (getText().contentEquals(username)): null&#xD;
&#xD;
2020-07-07 16:34:03 - [TEST_STEP][PASSED] - waitForElementPresent(findTestObject("Generic/nextPage"), 15): Object 'Object Repository/Generic/nextPage' is present&#xD;
&#xD;
2020-07-07 16:34:04 - [MESSAGE][PASSED] - Object 'Object Repository/Generic/nextPage' is present&#xD;
&#xD;
2020-07-07 16:34:04 - [TEST_STEP][PASSED] - platform.Method.clickOnElement(findTestObject("Generic/nextPage")): platform.Method.clickOnElement is PASSED&#xD;
&#xD;
2020-07-07 16:34:06 - [MESSAGE][PASSED] - platform.Method.clickOnElement is PASSED&#xD;
&#xD;
2020-07-07 16:34:06 - [TEST_STEP][PASSED] - listElement = findWebElements(findTestObject("GenericII/listOfUserName"), 10): null&#xD;
&#xD;
2020-07-07 16:34:07 - [TEST_STEP][PASSED] - for ([index = 0, index &lt; listElement.size(), (index++)]): null&#xD;
&#xD;
2020-07-07 16:34:07 - [TEST_STEP][PASSED] - if (getText().contentEquals(username)): null&#xD;
&#xD;
2020-07-07 16:34:09 - [TEST_STEP][PASSED] - if (getText().contentEquals(username)): null&#xD;
&#xD;
2020-07-07 16:34:10 - [TEST_STEP][PASSED] - if (getText().contentEquals(username)): null&#xD;
&#xD;
2020-07-07 16:34:11 - [TEST_STEP][PASSED] - if (getText().contentEquals(username)): null&#xD;
&#xD;
2020-07-07 16:34:12 - [TEST_STEP][PASSED] - if (getText().contentEquals(username)): null&#xD;
&#xD;
2020-07-07 16:34:13 - [TEST_STEP][PASSED] - if (getText().contentEquals(username)): null&#xD;
&#xD;
2020-07-07 16:34:14 - [TEST_STEP][PASSED] - waitForElementPresent(findTestObject("Generic/nextPage"), 15): Object 'Object Repository/Generic/nextPage' is present&#xD;
&#xD;
2020-07-07 16:34:16 - [MESSAGE][PASSED] - Object 'Object Repository/Generic/nextPage' is present&#xD;
&#xD;
2020-07-07 16:34:16 - [TEST_STEP][PASSED] - platform.Method.clickOnElement(findTestObject("Generic/nextPage")): platform.Method.clickOnElement is PASSED&#xD;
&#xD;
2020-07-07 16:34:18 - [MESSAGE][PASSED] - platform.Method.clickOnElement is PASSED&#xD;
&#xD;
2020-07-07 16:34:18 - [TEST_STEP][PASSED] - listElement = findWebElements(findTestObject("GenericII/listOfUserName"), 10): null&#xD;
&#xD;
2020-07-07 16:34:20 - [TEST_STEP][PASSED] - for ([index = 0, index &lt; listElement.size(), (index++)]): null&#xD;
&#xD;
2020-07-07 16:34:20 - [TEST_STEP][PASSED] - if (getText().contentEquals(username)): null&#xD;
&#xD;
2020-07-07 16:34:21 - [TEST_STEP][PASSED] - if (getText().contentEquals(username)): null&#xD;
&#xD;
2020-07-07 16:34:22 - [TEST_STEP][PASSED] - if (getText().contentEquals(username)): null&#xD;
&#xD;
2020-07-07 16:34:23 - [TEST_STEP][PASSED] - if (getText().contentEquals(username)): null&#xD;
&#xD;
2020-07-07 16:34:24 - [TEST_STEP][PASSED] - if (getText().contentEquals(username)): null&#xD;
&#xD;
2020-07-07 16:34:25 - [TEST_STEP][PASSED] - if (getText().contentEquals(username)): null&#xD;
&#xD;
2020-07-07 16:34:27 - [TEST_STEP][PASSED] - waitForElementPresent(findTestObject("Generic/nextPage"), 15): Object 'Object Repository/Generic/nextPage' is present&#xD;
&#xD;
2020-07-07 16:34:28 - [MESSAGE][PASSED] - Object 'Object Repository/Generic/nextPage' is present&#xD;
&#xD;
2020-07-07 16:34:28 - [TEST_STEP][PASSED] - platform.Method.clickOnElement(findTestObject("Generic/nextPage")): platform.Method.clickOnElement is PASSED&#xD;
&#xD;
2020-07-07 16:34:30 - [MESSAGE][PASSED] - platform.Method.clickOnElement is PASSED&#xD;
&#xD;
2020-07-07 16:34:30 - [TEST_STEP][PASSED] - listElement = findWebElements(findTestObject("GenericII/listOfUserName"), 10): null&#xD;
&#xD;
2020-07-07 16:34:32 - [TEST_STEP][PASSED] - for ([index = 0, index &lt; listElement.size(), (index++)]): null&#xD;
&#xD;
2020-07-07 16:34:32 - [TEST_STEP][PASSED] - if (getText().contentEquals(username)): null&#xD;
&#xD;
2020-07-07 16:34:33 - [TEST_STEP][PASSED] - if (getText().contentEquals(username)): null&#xD;
&#xD;
2020-07-07 16:34:34 - [TEST_STEP][PASSED] - if (getText().contentEquals(username)): null&#xD;
&#xD;
2020-07-07 16:34:35 - [TEST_STEP][PASSED] - if (getText().contentEquals(username)): null&#xD;
&#xD;
2020-07-07 16:34:36 - [TEST_STEP][PASSED] - if (getText().contentEquals(username)): null&#xD;
&#xD;
2020-07-07 16:34:37 - [TEST_STEP][PASSED] - if (getText().contentEquals(username)): null&#xD;
&#xD;
2020-07-07 16:34:38 - [TEST_STEP][PASSED] - waitForElementPresent(findTestObject("Generic/nextPage"), 15): Object 'Object Repository/Generic/nextPage' is present&#xD;
&#xD;
2020-07-07 16:34:39 - [MESSAGE][PASSED] - Object 'Object Repository/Generic/nextPage' is present&#xD;
&#xD;
2020-07-07 16:34:39 - [TEST_STEP][PASSED] - platform.Method.clickOnElement(findTestObject("Generic/nextPage")): platform.Method.clickOnElement is PASSED&#xD;
&#xD;
2020-07-07 16:34:42 - [MESSAGE][PASSED] - platform.Method.clickOnElement is PASSED&#xD;
&#xD;
2020-07-07 16:34:42 - [TEST_STEP][PASSED] - listElement = findWebElements(findTestObject("GenericII/listOfUserName"), 10): null&#xD;
&#xD;
2020-07-07 16:34:43 - [TEST_STEP][PASSED] - for ([index = 0, index &lt; listElement.size(), (index++)]): null&#xD;
&#xD;
2020-07-07 16:34:43 - [TEST_STEP][PASSED] - if (getText().contentEquals(username)): null&#xD;
&#xD;
2020-07-07 16:34:44 - [TEST_STEP][PASSED] - if (getText().contentEquals(username)): null&#xD;
&#xD;
2020-07-07 16:34:45 - [TEST_STEP][PASSED] - if (getText().contentEquals(username)): null&#xD;
&#xD;
2020-07-07 16:34:46 - [TEST_STEP][PASSED] - if (getText().contentEquals(username)): null&#xD;
&#xD;
2020-07-07 16:34:47 - [TEST_STEP][PASSED] - if (getText().contentEquals(username)): null&#xD;
&#xD;
2020-07-07 16:34:48 - [TEST_STEP][PASSED] - if (getText().contentEquals(username)): null&#xD;
&#xD;
2020-07-07 16:34:49 - [TEST_STEP][PASSED] - waitForElementPresent(findTestObject("Generic/nextPage"), 15): Object 'Object Repository/Generic/nextPage' is present&#xD;
&#xD;
2020-07-07 16:34:51 - [MESSAGE][PASSED] - Object 'Object Repository/Generic/nextPage' is present&#xD;
&#xD;
2020-07-07 16:34:51 - [TEST_STEP][PASSED] - platform.Method.clickOnElement(findTestObject("Generic/nextPage")): platform.Method.clickOnElement is PASSED&#xD;
&#xD;
2020-07-07 16:34:53 - [MESSAGE][PASSED] - platform.Method.clickOnElement is PASSED&#xD;
&#xD;
2020-07-07 16:34:53 - [TEST_STEP][PASSED] - listElement = findWebElements(findTestObject("GenericII/listOfUserName"), 10): null&#xD;
&#xD;
2020-07-07 16:34:54 - [TEST_STEP][PASSED] - for ([index = 0, index &lt; listElement.size(), (index++)]): null&#xD;
&#xD;
2020-07-07 16:34:54 - [TEST_STEP][PASSED] - if (getText().contentEquals(username)): null&#xD;
&#xD;
2020-07-07 16:34:55 - [TEST_STEP][PASSED] - if (getText().contentEquals(username)): null&#xD;
&#xD;
2020-07-07 16:34:56 - [TEST_STEP][PASSED] - if (getText().contentEquals(username)): null&#xD;
&#xD;
2020-07-07 16:34:57 - [TEST_STEP][PASSED] - if (getText().contentEquals(username)): null&#xD;
&#xD;
2020-07-07 16:34:58 - [TEST_STEP][PASSED] - if (getText().contentEquals(username)): null&#xD;
&#xD;
2020-07-07 16:34:59 - [TEST_STEP][PASSED] - if (getText().contentEquals(username)): null&#xD;
&#xD;
2020-07-07 16:35:00 - [TEST_STEP][PASSED] - waitForElementPresent(findTestObject("Generic/nextPage"), 15): Object 'Object Repository/Generic/nextPage' is present&#xD;
&#xD;
2020-07-07 16:35:01 - [MESSAGE][PASSED] - Object 'Object Repository/Generic/nextPage' is present&#xD;
&#xD;
2020-07-07 16:35:01 - [TEST_STEP][PASSED] - platform.Method.clickOnElement(findTestObject("Generic/nextPage")): platform.Method.clickOnElement is PASSED&#xD;
&#xD;
2020-07-07 16:35:04 - [MESSAGE][PASSED] - platform.Method.clickOnElement is PASSED&#xD;
&#xD;
2020-07-07 16:35:04 - [TEST_STEP][PASSED] - listElement = findWebElements(findTestObject("GenericII/listOfUserName"), 10): null&#xD;
&#xD;
2020-07-07 16:35:05 - [TEST_STEP][PASSED] - for ([index = 0, index &lt; listElement.size(), (index++)]): null&#xD;
&#xD;
2020-07-07 16:35:05 - [TEST_STEP][PASSED] - if (getText().contentEquals(username)): null&#xD;
&#xD;
2020-07-07 16:35:06 - [TEST_STEP][PASSED] - if (getText().contentEquals(username)): null&#xD;
&#xD;
2020-07-07 16:35:07 - [TEST_STEP][PASSED] - if (getText().contentEquals(username)): null&#xD;
&#xD;
2020-07-07 16:35:08 - [TEST_STEP][PASSED] - if (getText().contentEquals(username)): null&#xD;
&#xD;
2020-07-07 16:35:09 - [TEST_STEP][PASSED] - if (getText().contentEquals(username)): null&#xD;
&#xD;
2020-07-07 16:35:10 - [TEST_STEP][PASSED] - if (getText().contentEquals(username)): null&#xD;
&#xD;
2020-07-07 16:35:11 - [TEST_STEP][PASSED] - waitForElementPresent(findTestObject("Generic/nextPage"), 15): Object 'Object Repository/Generic/nextPage' is present&#xD;
&#xD;
2020-07-07 16:35:12 - [MESSAGE][PASSED] - Object 'Object Repository/Generic/nextPage' is present&#xD;
&#xD;
2020-07-07 16:35:12 - [TEST_STEP][PASSED] - platform.Method.clickOnElement(findTestObject("Generic/nextPage")): platform.Method.clickOnElement is PASSED&#xD;
&#xD;
2020-07-07 16:35:14 - [MESSAGE][PASSED] - platform.Method.clickOnElement is PASSED&#xD;
&#xD;
2020-07-07 16:35:14 - [TEST_STEP][PASSED] - listElement = findWebElements(findTestObject("GenericII/listOfUserName"), 10): null&#xD;
&#xD;
2020-07-07 16:35:16 - [TEST_STEP][PASSED] - for ([index = 0, index &lt; listElement.size(), (index++)]): null&#xD;
&#xD;
2020-07-07 16:35:16 - [TEST_STEP][PASSED] - if (getText().contentEquals(username)): null&#xD;
&#xD;
2020-07-07 16:35:17 - [TEST_STEP][PASSED] - if (getText().contentEquals(username)): null&#xD;
&#xD;
2020-07-07 16:35:18 - [TEST_STEP][PASSED] - if (getText().contentEquals(username)): null&#xD;
&#xD;
2020-07-07 16:35:19 - [TEST_STEP][PASSED] - if (getText().contentEquals(username)): null&#xD;
&#xD;
2020-07-07 16:35:20 - [TEST_STEP][PASSED] - if (getText().contentEquals(username)): null&#xD;
&#xD;
2020-07-07 16:35:21 - [TEST_STEP][PASSED] - if (getText().contentEquals(username)): null&#xD;
&#xD;
2020-07-07 16:35:22 - [TEST_STEP][PASSED] - waitForElementPresent(findTestObject("Generic/nextPage"), 15): Object 'Object Repository/Generic/nextPage' is present&#xD;
&#xD;
2020-07-07 16:35:23 - [MESSAGE][PASSED] - Object 'Object Repository/Generic/nextPage' is present&#xD;
&#xD;
2020-07-07 16:35:23 - [TEST_STEP][PASSED] - platform.Method.clickOnElement(findTestObject("Generic/nextPage")): platform.Method.clickOnElement is PASSED&#xD;
&#xD;
2020-07-07 16:35:25 - [MESSAGE][PASSED] - platform.Method.clickOnElement is PASSED&#xD;
&#xD;
2020-07-07 16:35:25 - [TEST_STEP][PASSED] - listElement = findWebElements(findTestObject("GenericII/listOfUserName"), 10): null&#xD;
&#xD;
2020-07-07 16:35:27 - [TEST_STEP][PASSED] - for ([index = 0, index &lt; listElement.size(), (index++)]): null&#xD;
&#xD;
2020-07-07 16:35:27 - [TEST_STEP][PASSED] - if (getText().contentEquals(username)): null&#xD;
&#xD;
2020-07-07 16:35:28 - [TEST_STEP][PASSED] - if (getText().contentEquals(username)): null&#xD;
&#xD;
2020-07-07 16:35:29 - [TEST_STEP][PASSED] - if (getText().contentEquals(username)): null&#xD;
&#xD;
2020-07-07 16:35:30 - [TEST_STEP][PASSED] - if (getText().contentEquals(username)): null&#xD;
&#xD;
2020-07-07 16:35:31 - [TEST_STEP][PASSED] - if (getText().contentEquals(username)): null&#xD;
&#xD;
2020-07-07 16:35:32 - [TEST_STEP][PASSED] - if (getText().contentEquals(username)): null&#xD;
&#xD;
2020-07-07 16:35:33 - [TEST_STEP][PASSED] - waitForElementPresent(findTestObject("Generic/nextPage"), 15): Object 'Object Repository/Generic/nextPage' is present&#xD;
&#xD;
2020-07-07 16:35:34 - [MESSAGE][PASSED] - Object 'Object Repository/Generic/nextPage' is present&#xD;
&#xD;
2020-07-07 16:35:34 - [TEST_STEP][PASSED] - platform.Method.clickOnElement(findTestObject("Generic/nextPage")): platform.Method.clickOnElement is PASSED&#xD;
&#xD;
2020-07-07 16:35:36 - [MESSAGE][PASSED] - platform.Method.clickOnElement is PASSED&#xD;
&#xD;
2020-07-07 16:35:36 - [TEST_STEP][PASSED] - listElement = findWebElements(findTestObject("GenericII/listOfUserName"), 10): null&#xD;
&#xD;
2020-07-07 16:35:38 - [TEST_STEP][PASSED] - for ([index = 0, index &lt; listElement.size(), (index++)]): null&#xD;
&#xD;
2020-07-07 16:35:38 - [TEST_STEP][PASSED] - if (getText().contentEquals(username)): null&#xD;
&#xD;
2020-07-07 16:35:39 - [TEST_STEP][PASSED] - if (getText().contentEquals(username)): null&#xD;
&#xD;
2020-07-07 16:35:40 - [TEST_STEP][PASSED] - if (getText().contentEquals(username)): null&#xD;
&#xD;
2020-07-07 16:35:41 - [TEST_STEP][PASSED] - if (getText().contentEquals(username)): null&#xD;
&#xD;
2020-07-07 16:35:42 - [TEST_STEP][PASSED] - if (getText().contentEquals(username)): null&#xD;
&#xD;
2020-07-07 16:35:43 - [TEST_STEP][PASSED] - if (getText().contentEquals(username)): null&#xD;
&#xD;
2020-07-07 16:35:44 - [TEST_STEP][PASSED] - waitForElementPresent(findTestObject("Generic/nextPage"), 15): Object 'Object Repository/Generic/nextPage' is present&#xD;
&#xD;
2020-07-07 16:35:45 - [MESSAGE][PASSED] - Object 'Object Repository/Generic/nextPage' is present&#xD;
&#xD;
2020-07-07 16:35:45 - [TEST_STEP][PASSED] - platform.Method.clickOnElement(findTestObject("Generic/nextPage")): platform.Method.clickOnElement is PASSED&#xD;
&#xD;
2020-07-07 16:35:47 - [MESSAGE][PASSED] - platform.Method.clickOnElement is PASSED&#xD;
&#xD;
2020-07-07 16:35:47 - [TEST_STEP][PASSED] - listElement = findWebElements(findTestObject("GenericII/listOfUserName"), 10): null&#xD;
&#xD;
2020-07-07 16:35:49 - [TEST_STEP][PASSED] - for ([index = 0, index &lt; listElement.size(), (index++)]): null&#xD;
&#xD;
2020-07-07 16:35:49 - [TEST_STEP][PASSED] - if (getText().contentEquals(username)): null&#xD;
&#xD;
2020-07-07 16:35:50 - [TEST_STEP][PASSED] - if (getText().contentEquals(username)): null&#xD;
&#xD;
2020-07-07 16:35:51 - [TEST_STEP][PASSED] - if (getText().contentEquals(username)): null&#xD;
&#xD;
2020-07-07 16:35:52 - [TEST_STEP][PASSED] - if (getText().contentEquals(username)): null&#xD;
&#xD;
2020-07-07 16:35:53 - [TEST_STEP][PASSED] - if (getText().contentEquals(username)): null&#xD;
&#xD;
2020-07-07 16:35:54 - [TEST_STEP][PASSED] - if (getText().contentEquals(username)): null&#xD;
&#xD;
2020-07-07 16:35:55 - [TEST_STEP][PASSED] - waitForElementPresent(findTestObject("Generic/nextPage"), 15): Object 'Object Repository/Generic/nextPage' is present&#xD;
&#xD;
2020-07-07 16:35:57 - [MESSAGE][PASSED] - Object 'Object Repository/Generic/nextPage' is present&#xD;
&#xD;
2020-07-07 16:35:57 - [TEST_STEP][PASSED] - platform.Method.clickOnElement(findTestObject("Generic/nextPage")): platform.Method.clickOnElement is PASSED&#xD;
&#xD;
2020-07-07 16:35:59 - [MESSAGE][PASSED] - platform.Method.clickOnElement is PASSED&#xD;
&#xD;
2020-07-07 16:35:59 - [TEST_STEP][PASSED] - listElement = findWebElements(findTestObject("GenericII/listOfUserName"), 10): null&#xD;
&#xD;
2020-07-07 16:36:00 - [TEST_STEP][PASSED] - for ([index = 0, index &lt; listElement.size(), (index++)]): null&#xD;
&#xD;
2020-07-07 16:36:00 - [TEST_STEP][PASSED] - if (getText().contentEquals(username)): null&#xD;
&#xD;
2020-07-07 16:36:01 - [TEST_STEP][PASSED] - if (getText().contentEquals(username)): null&#xD;
&#xD;
2020-07-07 16:36:02 - [TEST_STEP][PASSED] - if (getText().contentEquals(username)): null&#xD;
&#xD;
2020-07-07 16:36:04 - [TEST_STEP][PASSED] - if (getText().contentEquals(username)): null&#xD;
&#xD;
2020-07-07 16:36:05 - [TEST_STEP][PASSED] - if (getText().contentEquals(username)): null&#xD;
&#xD;
2020-07-07 16:36:06 - [TEST_STEP][PASSED] - if (getText().contentEquals(username)): null&#xD;
&#xD;
2020-07-07 16:36:07 - [TEST_STEP][PASSED] - waitForElementPresent(findTestObject("Generic/nextPage"), 15): Object 'Object Repository/Generic/nextPage' is present&#xD;
&#xD;
2020-07-07 16:36:09 - [MESSAGE][PASSED] - Object 'Object Repository/Generic/nextPage' is present&#xD;
&#xD;
2020-07-07 16:36:09 - [TEST_STEP][PASSED] - platform.Method.clickOnElement(findTestObject("Generic/nextPage")): platform.Method.clickOnElement is PASSED&#xD;
&#xD;
2020-07-07 16:36:11 - [MESSAGE][PASSED] - platform.Method.clickOnElement is PASSED&#xD;
&#xD;
2020-07-07 16:36:11 - [TEST_STEP][PASSED] - listElement = findWebElements(findTestObject("GenericII/listOfUserName"), 10): null&#xD;
&#xD;
2020-07-07 16:36:12 - [TEST_STEP][PASSED] - for ([index = 0, index &lt; listElement.size(), (index++)]): null&#xD;
&#xD;
2020-07-07 16:36:12 - [TEST_STEP][PASSED] - if (getText().contentEquals(username)): null&#xD;
&#xD;
2020-07-07 16:36:14 - [TEST_STEP][PASSED] - if (getText().contentEquals(username)): null&#xD;
&#xD;
2020-07-07 16:36:15 - [TEST_STEP][PASSED] - if (getText().contentEquals(username)): null&#xD;
&#xD;
2020-07-07 16:36:16 - [TEST_STEP][PASSED] - if (getText().contentEquals(username)): null&#xD;
&#xD;
2020-07-07 16:36:17 - [TEST_STEP][PASSED] - if (getText().contentEquals(username)): null&#xD;
&#xD;
2020-07-07 16:36:18 - [TEST_STEP][PASSED] - if (getText().contentEquals(username)): null&#xD;
&#xD;
2020-07-07 16:36:19 - [TEST_STEP][PASSED] - waitForElementPresent(findTestObject("Generic/nextPage"), 15): Object 'Object Repository/Generic/nextPage' is present&#xD;
&#xD;
2020-07-07 16:36:20 - [MESSAGE][PASSED] - Object 'Object Repository/Generic/nextPage' is present&#xD;
&#xD;
2020-07-07 16:36:20 - [TEST_STEP][PASSED] - platform.Method.clickOnElement(findTestObject("Generic/nextPage")): platform.Method.clickOnElement is PASSED&#xD;
&#xD;
2020-07-07 16:36:23 - [MESSAGE][PASSED] - platform.Method.clickOnElement is PASSED&#xD;
&#xD;
2020-07-07 16:36:23 - [TEST_STEP][PASSED] - listElement = findWebElements(findTestObject("GenericII/listOfUserName"), 10): null&#xD;
&#xD;
2020-07-07 16:36:24 - [TEST_STEP][PASSED] - for ([index = 0, index &lt; listElement.size(), (index++)]): null&#xD;
&#xD;
2020-07-07 16:36:24 - [TEST_STEP][PASSED] - if (getText().contentEquals(username)): null&#xD;
&#xD;
2020-07-07 16:36:25 - [TEST_STEP][PASSED] - if (getText().contentEquals(username)): null&#xD;
&#xD;
2020-07-07 16:36:26 - [TEST_STEP][PASSED] - if (getText().contentEquals(username)): null&#xD;
&#xD;
2020-07-07 16:36:27 - [TEST_STEP][PASSED] - if (getText().contentEquals(username)): null&#xD;
&#xD;
2020-07-07 16:36:28 - [TEST_STEP][PASSED] - if (getText().contentEquals(username)): null&#xD;
&#xD;
2020-07-07 16:36:29 - [TEST_STEP][PASSED] - if (getText().contentEquals(username)): null&#xD;
&#xD;
2020-07-07 16:36:30 - [TEST_STEP][PASSED] - waitForElementPresent(findTestObject("Generic/nextPage"), 15): Object 'Object Repository/Generic/nextPage' is present&#xD;
&#xD;
2020-07-07 16:36:31 - [MESSAGE][PASSED] - Object 'Object Repository/Generic/nextPage' is present&#xD;
&#xD;
2020-07-07 16:36:31 - [TEST_STEP][PASSED] - platform.Method.clickOnElement(findTestObject("Generic/nextPage")): platform.Method.clickOnElement is PASSED&#xD;
&#xD;
2020-07-07 16:36:34 - [MESSAGE][PASSED] - platform.Method.clickOnElement is PASSED&#xD;
&#xD;
2020-07-07 16:36:34 - [TEST_STEP][PASSED] - listElement = findWebElements(findTestObject("GenericII/listOfUserName"), 10): null&#xD;
&#xD;
2020-07-07 16:36:35 - [TEST_STEP][PASSED] - for ([index = 0, index &lt; listElement.size(), (index++)]): null&#xD;
&#xD;
2020-07-07 16:36:35 - [TEST_STEP][PASSED] - if (getText().contentEquals(username)): null&#xD;
&#xD;
2020-07-07 16:36:36 - [TEST_STEP][PASSED] - if (getText().contentEquals(username)): null&#xD;
&#xD;
2020-07-07 16:36:37 - [TEST_STEP][PASSED] - if (getText().contentEquals(username)): null&#xD;
&#xD;
2020-07-07 16:36:38 - [TEST_STEP][PASSED] - if (getText().contentEquals(username)): null&#xD;
&#xD;
2020-07-07 16:36:40 - [TEST_STEP][PASSED] - if (getText().contentEquals(username)): null&#xD;
&#xD;
2020-07-07 16:36:41 - [TEST_STEP][PASSED] - if (getText().contentEquals(username)): null&#xD;
&#xD;
2020-07-07 16:36:42 - [TEST_STEP][PASSED] - waitForElementPresent(findTestObject("Generic/nextPage"), 15): Object 'Object Repository/Generic/nextPage' is present&#xD;
&#xD;
2020-07-07 16:36:43 - [MESSAGE][PASSED] - Object 'Object Repository/Generic/nextPage' is present&#xD;
&#xD;
2020-07-07 16:36:43 - [TEST_STEP][PASSED] - platform.Method.clickOnElement(findTestObject("Generic/nextPage")): platform.Method.clickOnElement is PASSED&#xD;
&#xD;
2020-07-07 16:36:46 - [MESSAGE][PASSED] - platform.Method.clickOnElement is PASSED&#xD;
&#xD;
2020-07-07 16:36:46 - [TEST_STEP][PASSED] - listElement = findWebElements(findTestObject("GenericII/listOfUserName"), 10): null&#xD;
&#xD;
2020-07-07 16:36:47 - [TEST_STEP][PASSED] - for ([index = 0, index &lt; listElement.size(), (index++)]): null&#xD;
&#xD;
2020-07-07 16:36:47 - [TEST_STEP][PASSED] - if (getText().contentEquals(username)): null&#xD;
&#xD;
2020-07-07 16:36:48 - [TEST_STEP][PASSED] - if (getText().contentEquals(username)): null&#xD;
&#xD;
2020-07-07 16:36:49 - [TEST_STEP][PASSED] - if (getText().contentEquals(username)): null&#xD;
&#xD;
2020-07-07 16:36:51 - [TEST_STEP][PASSED] - if (getText().contentEquals(username)): null&#xD;
&#xD;
2020-07-07 16:36:52 - [TEST_STEP][PASSED] - if (getText().contentEquals(username)): null&#xD;
&#xD;
2020-07-07 16:36:53 - [TEST_STEP][PASSED] - if (getText().contentEquals(username)): null&#xD;
&#xD;
2020-07-07 16:36:54 - [TEST_STEP][PASSED] - waitForElementPresent(findTestObject("Generic/nextPage"), 15): Object 'Object Repository/Generic/nextPage' is present&#xD;
&#xD;
2020-07-07 16:36:55 - [MESSAGE][PASSED] - Object 'Object Repository/Generic/nextPage' is present&#xD;
&#xD;
2020-07-07 16:36:55 - [TEST_STEP][PASSED] - platform.Method.clickOnElement(findTestObject("Generic/nextPage")): platform.Method.clickOnElement is PASSED&#xD;
&#xD;
2020-07-07 16:36:58 - [MESSAGE][PASSED] - platform.Method.clickOnElement is PASSED&#xD;
&#xD;
2020-07-07 16:36:58 - [TEST_STEP][PASSED] - listElement = findWebElements(findTestObject("GenericII/listOfUserName"), 10): null&#xD;
&#xD;
2020-07-07 16:36:59 - [TEST_STEP][PASSED] - for ([index = 0, index &lt; listElement.size(), (index++)]): null&#xD;
&#xD;
2020-07-07 16:36:59 - [TEST_STEP][PASSED] - if (getText().contentEquals(username)): null&#xD;
&#xD;
2020-07-07 16:37:00 - [TEST_STEP][PASSED] - if (getText().contentEquals(username)): null&#xD;
&#xD;
2020-07-07 16:37:01 - [TEST_STEP][PASSED] - if (getText().contentEquals(username)): null&#xD;
&#xD;
2020-07-07 16:37:02 - [TEST_STEP][PASSED] - if (getText().contentEquals(username)): null&#xD;
&#xD;
2020-07-07 16:37:03 - [TEST_STEP][PASSED] - if (getText().contentEquals(username)): null&#xD;
&#xD;
2020-07-07 16:37:04 - [TEST_STEP][PASSED] - if (getText().contentEquals(username)): null&#xD;
&#xD;
2020-07-07 16:37:05 - [TEST_STEP][PASSED] - waitForElementPresent(findTestObject("Generic/nextPage"), 15): Object 'Object Repository/Generic/nextPage' is present&#xD;
&#xD;
2020-07-07 16:37:06 - [MESSAGE][PASSED] - Object 'Object Repository/Generic/nextPage' is present&#xD;
&#xD;
2020-07-07 16:37:06 - [TEST_STEP][PASSED] - platform.Method.clickOnElement(findTestObject("Generic/nextPage")): platform.Method.clickOnElement is PASSED&#xD;
&#xD;
2020-07-07 16:37:09 - [MESSAGE][PASSED] - platform.Method.clickOnElement is PASSED&#xD;
&#xD;
2020-07-07 16:37:09 - [TEST_STEP][PASSED] - listElement = findWebElements(findTestObject("GenericII/listOfUserName"), 10): null&#xD;
&#xD;
2020-07-07 16:37:10 - [TEST_STEP][PASSED] - for ([index = 0, index &lt; listElement.size(), (index++)]): null&#xD;
&#xD;
2020-07-07 16:37:10 - [TEST_STEP][PASSED] - if (getText().contentEquals(username)): null&#xD;
&#xD;
2020-07-07 16:37:11 - [TEST_STEP][PASSED] - if (getText().contentEquals(username)): null&#xD;
&#xD;
2020-07-07 16:37:13 - [TEST_STEP][PASSED] - if (getText().contentEquals(username)): null&#xD;
&#xD;
2020-07-07 16:37:14 - [TEST_STEP][PASSED] - if (getText().contentEquals(username)): null&#xD;
&#xD;
2020-07-07 16:37:15 - [TEST_STEP][PASSED] - if (getText().contentEquals(username)): null&#xD;
&#xD;
2020-07-07 16:37:16 - [TEST_STEP][PASSED] - if (getText().contentEquals(username)): null&#xD;
&#xD;
2020-07-07 16:37:17 - [TEST_STEP][PASSED] - waitForElementPresent(findTestObject("Generic/nextPage"), 15): Object 'Object Repository/Generic/nextPage' is present&#xD;
&#xD;
2020-07-07 16:37:18 - [MESSAGE][PASSED] - Object 'Object Repository/Generic/nextPage' is present&#xD;
&#xD;
2020-07-07 16:37:18 - [TEST_STEP][PASSED] - platform.Method.clickOnElement(findTestObject("Generic/nextPage")): platform.Method.clickOnElement is PASSED&#xD;
&#xD;
2020-07-07 16:37:20 - [MESSAGE][PASSED] - platform.Method.clickOnElement is PASSED&#xD;
&#xD;
2020-07-07 16:37:20 - [TEST_STEP][PASSED] - listElement = findWebElements(findTestObject("GenericII/listOfUserName"), 10): null&#xD;
&#xD;
2020-07-07 16:37:22 - [TEST_STEP][PASSED] - for ([index = 0, index &lt; listElement.size(), (index++)]): null&#xD;
&#xD;
2020-07-07 16:37:22 - [TEST_STEP][PASSED] - if (getText().contentEquals(username)): null&#xD;
&#xD;
2020-07-07 16:37:23 - [TEST_STEP][PASSED] - if (getText().contentEquals(username)): null&#xD;
&#xD;
2020-07-07 16:37:24 - [TEST_STEP][PASSED] - if (getText().contentEquals(username)): null&#xD;
&#xD;
2020-07-07 16:37:25 - [TEST_STEP][PASSED] - if (getText().contentEquals(username)): null&#xD;
&#xD;
2020-07-07 16:37:26 - [TEST_STEP][PASSED] - if (getText().contentEquals(username)): null&#xD;
&#xD;
2020-07-07 16:37:27 - [TEST_STEP][PASSED] - if (getText().contentEquals(username)): null&#xD;
&#xD;
2020-07-07 16:37:28 - [TEST_STEP][PASSED] - waitForElementPresent(findTestObject("Generic/nextPage"), 15): Object 'Object Repository/Generic/nextPage' is present&#xD;
&#xD;
2020-07-07 16:37:29 - [MESSAGE][PASSED] - Object 'Object Repository/Generic/nextPage' is present&#xD;
&#xD;
2020-07-07 16:37:29 - [TEST_STEP][PASSED] - platform.Method.clickOnElement(findTestObject("Generic/nextPage")): platform.Method.clickOnElement is PASSED&#xD;
&#xD;
2020-07-07 16:37:31 - [MESSAGE][PASSED] - platform.Method.clickOnElement is PASSED&#xD;
&#xD;
2020-07-07 16:37:31 - [TEST_STEP][PASSED] - listElement = findWebElements(findTestObject("GenericII/listOfUserName"), 10): null&#xD;
&#xD;
2020-07-07 16:37:33 - [TEST_STEP][PASSED] - for ([index = 0, index &lt; listElement.size(), (index++)]): null&#xD;
&#xD;
2020-07-07 16:37:33 - [TEST_STEP][PASSED] - if (getText().contentEquals(username)): null&#xD;
&#xD;
2020-07-07 16:37:34 - [TEST_STEP][PASSED] - if (getText().contentEquals(username)): null&#xD;
&#xD;
2020-07-07 16:37:35 - [TEST_STEP][PASSED] - if (getText().contentEquals(username)): null&#xD;
&#xD;
2020-07-07 16:37:36 - [TEST_STEP][PASSED] - if (getText().contentEquals(username)): null&#xD;
&#xD;
2020-07-07 16:37:37 - [TEST_STEP][PASSED] - if (getText().contentEquals(username)): null&#xD;
&#xD;
2020-07-07 16:37:38 - [TEST_STEP][PASSED] - if (getText().contentEquals(username)): null&#xD;
&#xD;
2020-07-07 16:37:39 - [TEST_STEP][PASSED] - waitForElementPresent(findTestObject("Generic/nextPage"), 15): Object 'Object Repository/Generic/nextPage' is present&#xD;
&#xD;
2020-07-07 16:37:41 - [MESSAGE][PASSED] - Object 'Object Repository/Generic/nextPage' is present&#xD;
&#xD;
2020-07-07 16:37:41 - [TEST_STEP][PASSED] - platform.Method.clickOnElement(findTestObject("Generic/nextPage")): platform.Method.clickOnElement is PASSED&#xD;
&#xD;
2020-07-07 16:37:44 - [MESSAGE][PASSED] - platform.Method.clickOnElement is PASSED&#xD;
&#xD;
2020-07-07 16:37:44 - [TEST_STEP][PASSED] - listElement = findWebElements(findTestObject("GenericII/listOfUserName"), 10): null&#xD;
&#xD;
2020-07-07 16:37:45 - [TEST_STEP][PASSED] - for ([index = 0, index &lt; listElement.size(), (index++)]): null&#xD;
&#xD;
2020-07-07 16:37:45 - [TEST_STEP][PASSED] - if (getText().contentEquals(username)): null&#xD;
&#xD;
2020-07-07 16:37:46 - [TEST_STEP][PASSED] - if (getText().contentEquals(username)): null&#xD;
&#xD;
2020-07-07 16:37:47 - [TEST_STEP][PASSED] - if (getText().contentEquals(username)): null&#xD;
&#xD;
2020-07-07 16:37:48 - [TEST_STEP][PASSED] - if (getText().contentEquals(username)): null&#xD;
&#xD;
2020-07-07 16:37:49 - [TEST_STEP][PASSED] - if (getText().contentEquals(username)): null&#xD;
&#xD;
2020-07-07 16:37:50 - [TEST_STEP][PASSED] - if (getText().contentEquals(username)): null&#xD;
&#xD;
2020-07-07 16:37:51 - [TEST_STEP][PASSED] - waitForElementPresent(findTestObject("Generic/nextPage"), 15): Object 'Object Repository/Generic/nextPage' is present&#xD;
&#xD;
2020-07-07 16:37:53 - [MESSAGE][PASSED] - Object 'Object Repository/Generic/nextPage' is present&#xD;
&#xD;
2020-07-07 16:37:53 - [TEST_STEP][PASSED] - platform.Method.clickOnElement(findTestObject("Generic/nextPage")): platform.Method.clickOnElement is PASSED&#xD;
&#xD;
2020-07-07 16:37:55 - [MESSAGE][PASSED] - platform.Method.clickOnElement is PASSED&#xD;
&#xD;
2020-07-07 16:37:55 - [TEST_STEP][PASSED] - listElement = findWebElements(findTestObject("GenericII/listOfUserName"), 10): null&#xD;
&#xD;
2020-07-07 16:37:56 - [TEST_STEP][PASSED] - for ([index = 0, index &lt; listElement.size(), (index++)]): null&#xD;
&#xD;
2020-07-07 16:37:56 - [TEST_STEP][PASSED] - if (getText().contentEquals(username)): null&#xD;
&#xD;
2020-07-07 16:37:57 - [TEST_STEP][PASSED] - if (getText().contentEquals(username)): null&#xD;
&#xD;
2020-07-07 16:37:58 - [TEST_STEP][PASSED] - if (getText().contentEquals(username)): null&#xD;
&#xD;
2020-07-07 16:37:59 - [TEST_STEP][PASSED] - if (getText().contentEquals(username)): null&#xD;
&#xD;
2020-07-07 16:38:00 - [TEST_STEP][PASSED] - if (getText().contentEquals(username)): null&#xD;
&#xD;
2020-07-07 16:38:01 - [TEST_STEP][PASSED] - if (getText().contentEquals(username)): null&#xD;
&#xD;
2020-07-07 16:38:02 - [TEST_STEP][PASSED] - waitForElementPresent(findTestObject("Generic/nextPage"), 15): Object 'Object Repository/Generic/nextPage' is present&#xD;
&#xD;
2020-07-07 16:38:04 - [MESSAGE][PASSED] - Object 'Object Repository/Generic/nextPage' is present&#xD;
&#xD;
2020-07-07 16:38:04 - [TEST_STEP][PASSED] - platform.Method.clickOnElement(findTestObject("Generic/nextPage")): platform.Method.clickOnElement is PASSED&#xD;
&#xD;
2020-07-07 16:38:06 - [MESSAGE][PASSED] - platform.Method.clickOnElement is PASSED&#xD;
&#xD;
2020-07-07 16:38:06 - [TEST_STEP][PASSED] - listElement = findWebElements(findTestObject("GenericII/listOfUserName"), 10): null&#xD;
&#xD;
2020-07-07 16:38:07 - [TEST_STEP][PASSED] - for ([index = 0, index &lt; listElement.size(), (index++)]): null&#xD;
&#xD;
2020-07-07 16:38:07 - [TEST_STEP][PASSED] - if (getText().contentEquals(username)): null&#xD;
&#xD;
2020-07-07 16:38:08 - [TEST_STEP][PASSED] - if (getText().contentEquals(username)): null&#xD;
&#xD;
2020-07-07 16:38:09 - [TEST_STEP][PASSED] - if (getText().contentEquals(username)): null&#xD;
&#xD;
2020-07-07 16:38:10 - [TEST_STEP][PASSED] - if (getText().contentEquals(username)): null&#xD;
&#xD;
2020-07-07 16:38:11 - [TEST_STEP][PASSED] - if (getText().contentEquals(username)): null&#xD;
&#xD;
2020-07-07 16:38:12 - [TEST_STEP][PASSED] - if (getText().contentEquals(username)): null&#xD;
&#xD;
2020-07-07 16:38:13 - [TEST_STEP][PASSED] - waitForElementPresent(findTestObject("Generic/nextPage"), 15): Object 'Object Repository/Generic/nextPage' is present&#xD;
&#xD;
2020-07-07 16:38:15 - [MESSAGE][PASSED] - Object 'Object Repository/Generic/nextPage' is present&#xD;
&#xD;
2020-07-07 16:38:15 - [TEST_STEP][PASSED] - platform.Method.clickOnElement(findTestObject("Generic/nextPage")): platform.Method.clickOnElement is PASSED&#xD;
&#xD;
2020-07-07 16:38:17 - [MESSAGE][PASSED] - platform.Method.clickOnElement is PASSED&#xD;
&#xD;
2020-07-07 16:38:17 - [TEST_STEP][PASSED] - listElement = findWebElements(findTestObject("GenericII/listOfUserName"), 10): null&#xD;
&#xD;
2020-07-07 16:38:18 - [TEST_STEP][PASSED] - for ([index = 0, index &lt; listElement.size(), (index++)]): null&#xD;
&#xD;
2020-07-07 16:38:18 - [TEST_STEP][PASSED] - if (getText().contentEquals(username)): null&#xD;
&#xD;
2020-07-07 16:38:19 - [TEST_STEP][PASSED] - if (getText().contentEquals(username)): null&#xD;
&#xD;
2020-07-07 16:38:20 - [TEST_STEP][PASSED] - if (getText().contentEquals(username)): null&#xD;
&#xD;
2020-07-07 16:38:21 - [TEST_STEP][PASSED] - if (getText().contentEquals(username)): null&#xD;
&#xD;
2020-07-07 16:38:22 - [TEST_STEP][PASSED] - if (getText().contentEquals(username)): null&#xD;
&#xD;
2020-07-07 16:38:23 - [TEST_STEP][PASSED] - if (getText().contentEquals(username)): null&#xD;
&#xD;
2020-07-07 16:38:24 - [TEST_STEP][PASSED] - waitForElementPresent(findTestObject("Generic/nextPage"), 15): Object 'Object Repository/Generic/nextPage' is present&#xD;
&#xD;
2020-07-07 16:38:26 - [MESSAGE][PASSED] - Object 'Object Repository/Generic/nextPage' is present&#xD;
&#xD;
2020-07-07 16:38:26 - [TEST_STEP][PASSED] - platform.Method.clickOnElement(findTestObject("Generic/nextPage")): platform.Method.clickOnElement is PASSED&#xD;
&#xD;
2020-07-07 16:38:28 - [MESSAGE][PASSED] - platform.Method.clickOnElement is PASSED&#xD;
&#xD;
2020-07-07 16:38:28 - [TEST_STEP][PASSED] - listElement = findWebElements(findTestObject("GenericII/listOfUserName"), 10): null&#xD;
&#xD;
2020-07-07 16:38:29 - [TEST_STEP][PASSED] - for ([index = 0, index &lt; listElement.size(), (index++)]): null&#xD;
&#xD;
2020-07-07 16:38:29 - [TEST_STEP][PASSED] - if (getText().contentEquals(username)): null&#xD;
&#xD;
2020-07-07 16:38:30 - [TEST_STEP][PASSED] - if (getText().contentEquals(username)): null&#xD;
&#xD;
2020-07-07 16:38:31 - [TEST_STEP][PASSED] - if (getText().contentEquals(username)): null&#xD;
&#xD;
2020-07-07 16:38:33 - [TEST_STEP][PASSED] - if (getText().contentEquals(username)): null&#xD;
&#xD;
2020-07-07 16:38:34 - [TEST_STEP][PASSED] - if (getText().contentEquals(username)): null&#xD;
&#xD;
2020-07-07 16:38:35 - [TEST_STEP][PASSED] - if (getText().contentEquals(username)): null&#xD;
&#xD;
2020-07-07 16:38:36 - [TEST_STEP][PASSED] - waitForElementPresent(findTestObject("Generic/nextPage"), 15): Object 'Object Repository/Generic/nextPage' is present&#xD;
&#xD;
2020-07-07 16:38:37 - [MESSAGE][PASSED] - Object 'Object Repository/Generic/nextPage' is present&#xD;
&#xD;
2020-07-07 16:38:37 - [TEST_STEP][PASSED] - platform.Method.clickOnElement(findTestObject("Generic/nextPage")): platform.Method.clickOnElement is PASSED&#xD;
&#xD;
2020-07-07 16:38:39 - [MESSAGE][PASSED] - platform.Method.clickOnElement is PASSED&#xD;
&#xD;
2020-07-07 16:38:39 - [TEST_STEP][PASSED] - listElement = findWebElements(findTestObject("GenericII/listOfUserName"), 10): null&#xD;
&#xD;
2020-07-07 16:38:40 - [TEST_STEP][PASSED] - for ([index = 0, index &lt; listElement.size(), (index++)]): null&#xD;
&#xD;
2020-07-07 16:38:40 - [TEST_STEP][PASSED] - if (getText().contentEquals(username)): null&#xD;
&#xD;
2020-07-07 16:38:42 - [TEST_STEP][PASSED] - if (getText().contentEquals(username)): null&#xD;
&#xD;
2020-07-07 16:38:43 - [TEST_STEP][PASSED] - if (getText().contentEquals(username)): null&#xD;
&#xD;
2020-07-07 16:38:44 - [TEST_STEP][PASSED] - if (getText().contentEquals(username)): null&#xD;
&#xD;
2020-07-07 16:38:45 - [TEST_STEP][PASSED] - if (getText().contentEquals(username)): null&#xD;
&#xD;
2020-07-07 16:38:46 - [TEST_STEP][PASSED] - if (getText().contentEquals(username)): null&#xD;
&#xD;
2020-07-07 16:38:48 - [TEST_STEP][PASSED] - waitForElementPresent(findTestObject("Generic/nextPage"), 15): Object 'Object Repository/Generic/nextPage' is present&#xD;
&#xD;
2020-07-07 16:38:49 - [MESSAGE][PASSED] - Object 'Object Repository/Generic/nextPage' is present&#xD;
&#xD;
2020-07-07 16:38:49 - [TEST_STEP][PASSED] - platform.Method.clickOnElement(findTestObject("Generic/nextPage")): platform.Method.clickOnElement is PASSED&#xD;
&#xD;
2020-07-07 16:38:51 - [MESSAGE][PASSED] - platform.Method.clickOnElement is PASSED&#xD;
&#xD;
2020-07-07 16:38:51 - [TEST_STEP][PASSED] - listElement = findWebElements(findTestObject("GenericII/listOfUserName"), 10): null&#xD;
&#xD;
2020-07-07 16:38:53 - [TEST_STEP][PASSED] - for ([index = 0, index &lt; listElement.size(), (index++)]): null&#xD;
&#xD;
2020-07-07 16:38:53 - [TEST_STEP][PASSED] - if (getText().contentEquals(username)): null&#xD;
&#xD;
2020-07-07 16:38:54 - [TEST_STEP][PASSED] - if (getText().contentEquals(username)): null&#xD;
&#xD;
2020-07-07 16:38:55 - [TEST_STEP][PASSED] - if (getText().contentEquals(username)): null&#xD;
&#xD;
2020-07-07 16:38:56 - [TEST_STEP][PASSED] - if (getText().contentEquals(username)): null&#xD;
&#xD;
2020-07-07 16:38:57 - [TEST_STEP][PASSED] - if (getText().contentEquals(username)): null&#xD;
&#xD;
2020-07-07 16:38:58 - [TEST_STEP][PASSED] - if (getText().contentEquals(username)): null&#xD;
&#xD;
2020-07-07 16:38:59 - [TEST_STEP][PASSED] - waitForElementPresent(findTestObject("Generic/nextPage"), 15): Object 'Object Repository/Generic/nextPage' is present&#xD;
&#xD;
2020-07-07 16:39:00 - [MESSAGE][PASSED] - Object 'Object Repository/Generic/nextPage' is present&#xD;
&#xD;
2020-07-07 16:39:00 - [TEST_STEP][PASSED] - platform.Method.clickOnElement(findTestObject("Generic/nextPage")): platform.Method.clickOnElement is PASSED&#xD;
&#xD;
2020-07-07 16:39:03 - [MESSAGE][PASSED] - platform.Method.clickOnElement is PASSED&#xD;
&#xD;
2020-07-07 16:39:03 - [TEST_STEP][PASSED] - listElement = findWebElements(findTestObject("GenericII/listOfUserName"), 10): null&#xD;
&#xD;
2020-07-07 16:39:04 - [TEST_STEP][PASSED] - for ([index = 0, index &lt; listElement.size(), (index++)]): null&#xD;
&#xD;
2020-07-07 16:39:04 - [TEST_STEP][PASSED] - if (getText().contentEquals(username)): null&#xD;
&#xD;
2020-07-07 16:39:05 - [TEST_STEP][PASSED] - if (getText().contentEquals(username)): null&#xD;
&#xD;
2020-07-07 16:39:07 - [TEST_STEP][PASSED] - if (getText().contentEquals(username)): null&#xD;
&#xD;
2020-07-07 16:39:08 - [TEST_STEP][PASSED] - if (getText().contentEquals(username)): null&#xD;
&#xD;
2020-07-07 16:39:09 - [TEST_STEP][PASSED] - if (getText().contentEquals(username)): null&#xD;
&#xD;
2020-07-07 16:39:10 - [TEST_STEP][PASSED] - if (getText().contentEquals(username)): null&#xD;
&#xD;
2020-07-07 16:39:11 - [TEST_STEP][PASSED] - waitForElementPresent(findTestObject("Generic/nextPage"), 15): Object 'Object Repository/Generic/nextPage' is present&#xD;
&#xD;
2020-07-07 16:39:12 - [MESSAGE][PASSED] - Object 'Object Repository/Generic/nextPage' is present&#xD;
&#xD;
2020-07-07 16:39:12 - [TEST_STEP][PASSED] - platform.Method.clickOnElement(findTestObject("Generic/nextPage")): platform.Method.clickOnElement is PASSED&#xD;
&#xD;
2020-07-07 16:39:14 - [MESSAGE][PASSED] - platform.Method.clickOnElement is PASSED&#xD;
&#xD;
2020-07-07 16:39:14 - [TEST_STEP][PASSED] - listElement = findWebElements(findTestObject("GenericII/listOfUserName"), 10): null&#xD;
&#xD;
2020-07-07 16:39:16 - [TEST_STEP][PASSED] - for ([index = 0, index &lt; listElement.size(), (index++)]): null&#xD;
&#xD;
2020-07-07 16:39:16 - [TEST_STEP][PASSED] - if (getText().contentEquals(username)): null&#xD;
&#xD;
2020-07-07 16:39:17 - [TEST_STEP][PASSED] - if (getText().contentEquals(username)): null&#xD;
&#xD;
2020-07-07 16:39:18 - [TEST_STEP][PASSED] - if (getText().contentEquals(username)): null&#xD;
&#xD;
2020-07-07 16:39:19 - [TEST_STEP][PASSED] - if (getText().contentEquals(username)): null&#xD;
&#xD;
2020-07-07 16:39:20 - [TEST_STEP][PASSED] - if (getText().contentEquals(username)): null&#xD;
&#xD;
2020-07-07 16:39:21 - [TEST_STEP][PASSED] - if (getText().contentEquals(username)): null&#xD;
&#xD;
2020-07-07 16:39:22 - [TEST_STEP][PASSED] - waitForElementPresent(findTestObject("Generic/nextPage"), 15): Object 'Object Repository/Generic/nextPage' is present&#xD;
&#xD;
2020-07-07 16:39:23 - [MESSAGE][PASSED] - Object 'Object Repository/Generic/nextPage' is present&#xD;
&#xD;
2020-07-07 16:39:23 - [TEST_STEP][PASSED] - platform.Method.clickOnElement(findTestObject("Generic/nextPage")): platform.Method.clickOnElement is PASSED&#xD;
&#xD;
2020-07-07 16:39:26 - [MESSAGE][PASSED] - platform.Method.clickOnElement is PASSED&#xD;
&#xD;
2020-07-07 16:39:26 - [TEST_STEP][PASSED] - listElement = findWebElements(findTestObject("GenericII/listOfUserName"), 10): null&#xD;
&#xD;
2020-07-07 16:39:27 - [TEST_STEP][PASSED] - for ([index = 0, index &lt; listElement.size(), (index++)]): null&#xD;
&#xD;
2020-07-07 16:39:27 - [TEST_STEP][PASSED] - if (getText().contentEquals(username)): null&#xD;
&#xD;
2020-07-07 16:39:28 - [TEST_STEP][PASSED] - if (getText().contentEquals(username)): null&#xD;
&#xD;
2020-07-07 16:39:29 - [TEST_STEP][PASSED] - if (getText().contentEquals(username)): null&#xD;
&#xD;
2020-07-07 16:39:30 - [TEST_STEP][PASSED] - if (getText().contentEquals(username)): null&#xD;
&#xD;
2020-07-07 16:39:31 - [TEST_STEP][PASSED] - if (getText().contentEquals(username)): null&#xD;
&#xD;
2020-07-07 16:39:32 - [TEST_STEP][PASSED] - if (getText().contentEquals(username)): null&#xD;
&#xD;
2020-07-07 16:39:33 - [TEST_STEP][PASSED] - waitForElementPresent(findTestObject("Generic/nextPage"), 15): Object 'Object Repository/Generic/nextPage' is present&#xD;
&#xD;
2020-07-07 16:39:35 - [MESSAGE][PASSED] - Object 'Object Repository/Generic/nextPage' is present&#xD;
&#xD;
2020-07-07 16:39:35 - [TEST_STEP][PASSED] - platform.Method.clickOnElement(findTestObject("Generic/nextPage")): platform.Method.clickOnElement is PASSED&#xD;
&#xD;
2020-07-07 16:39:37 - [MESSAGE][PASSED] - platform.Method.clickOnElement is PASSED&#xD;
&#xD;
2020-07-07 16:39:37 - [TEST_STEP][PASSED] - listElement = findWebElements(findTestObject("GenericII/listOfUserName"), 10): null&#xD;
&#xD;
2020-07-07 16:39:39 - [TEST_STEP][PASSED] - for ([index = 0, index &lt; listElement.size(), (index++)]): null&#xD;
&#xD;
2020-07-07 16:39:39 - [TEST_STEP][PASSED] - if (getText().contentEquals(username)): null&#xD;
&#xD;
2020-07-07 16:39:40 - [TEST_STEP][PASSED] - if (getText().contentEquals(username)): null&#xD;
&#xD;
2020-07-07 16:39:41 - [TEST_STEP][PASSED] - if (getText().contentEquals(username)): null&#xD;
&#xD;
2020-07-07 16:39:42 - [TEST_STEP][PASSED] - if (getText().contentEquals(username)): null&#xD;
&#xD;
2020-07-07 16:39:43 - [TEST_STEP][PASSED] - if (getText().contentEquals(username)): null&#xD;
&#xD;
2020-07-07 16:39:44 - [TEST_STEP][PASSED] - if (getText().contentEquals(username)): null&#xD;
&#xD;
2020-07-07 16:39:45 - [TEST_STEP][PASSED] - waitForElementPresent(findTestObject("Generic/nextPage"), 15): Object 'Object Repository/Generic/nextPage' is present&#xD;
&#xD;
2020-07-07 16:39:46 - [MESSAGE][PASSED] - Object 'Object Repository/Generic/nextPage' is present&#xD;
&#xD;
2020-07-07 16:39:46 - [TEST_STEP][PASSED] - platform.Method.clickOnElement(findTestObject("Generic/nextPage")): platform.Method.clickOnElement is PASSED&#xD;
&#xD;
2020-07-07 16:39:48 - [MESSAGE][PASSED] - platform.Method.clickOnElement is PASSED&#xD;
&#xD;
2020-07-07 16:39:49 - [TEST_STEP][PASSED] - listElement = findWebElements(findTestObject("GenericII/listOfUserName"), 10): null&#xD;
&#xD;
2020-07-07 16:39:50 - [TEST_STEP][PASSED] - for ([index = 0, index &lt; listElement.size(), (index++)]): null&#xD;
&#xD;
2020-07-07 16:39:50 - [TEST_STEP][PASSED] - if (getText().contentEquals(username)): null&#xD;
&#xD;
2020-07-07 16:39:51 - [TEST_STEP][PASSED] - if (getText().contentEquals(username)): null&#xD;
&#xD;
2020-07-07 16:39:52 - [TEST_STEP][PASSED] - if (getText().contentEquals(username)): null&#xD;
&#xD;
2020-07-07 16:39:53 - [TEST_STEP][PASSED] - if (getText().contentEquals(username)): null&#xD;
&#xD;
2020-07-07 16:39:54 - [TEST_STEP][PASSED] - if (getText().contentEquals(username)): null&#xD;
&#xD;
2020-07-07 16:39:56 - [TEST_STEP][PASSED] - if (getText().contentEquals(username)): null&#xD;
&#xD;
2020-07-07 16:39:57 - [TEST_STEP][PASSED] - waitForElementPresent(findTestObject("Generic/nextPage"), 15): Object 'Object Repository/Generic/nextPage' is present&#xD;
&#xD;
2020-07-07 16:39:58 - [MESSAGE][PASSED] - Object 'Object Repository/Generic/nextPage' is present&#xD;
&#xD;
2020-07-07 16:39:58 - [TEST_STEP][PASSED] - platform.Method.clickOnElement(findTestObject("Generic/nextPage")): platform.Method.clickOnElement is PASSED&#xD;
&#xD;
2020-07-07 16:40:00 - [MESSAGE][PASSED] - platform.Method.clickOnElement is PASSED&#xD;
&#xD;
2020-07-07 16:40:00 - [TEST_STEP][PASSED] - listElement = findWebElements(findTestObject("GenericII/listOfUserName"), 10): null&#xD;
&#xD;
2020-07-07 16:40:02 - [TEST_STEP][PASSED] - for ([index = 0, index &lt; listElement.size(), (index++)]): null&#xD;
&#xD;
2020-07-07 16:40:02 - [TEST_STEP][PASSED] - if (getText().contentEquals(username)): null&#xD;
&#xD;
2020-07-07 16:40:03 - [TEST_STEP][PASSED] - if (getText().contentEquals(username)): null&#xD;
&#xD;
2020-07-07 16:40:04 - [TEST_STEP][PASSED] - if (getText().contentEquals(username)): null&#xD;
&#xD;
2020-07-07 16:40:05 - [TEST_STEP][PASSED] - if (getText().contentEquals(username)): null&#xD;
&#xD;
2020-07-07 16:40:06 - [TEST_STEP][PASSED] - if (getText().contentEquals(username)): null&#xD;
&#xD;
2020-07-07 16:40:07 - [TEST_STEP][PASSED] - if (getText().contentEquals(username)): null&#xD;
&#xD;
2020-07-07 16:40:08 - [TEST_STEP][PASSED] - waitForElementPresent(findTestObject("Generic/nextPage"), 15): Object 'Object Repository/Generic/nextPage' is present&#xD;
&#xD;
2020-07-07 16:40:09 - [MESSAGE][PASSED] - Object 'Object Repository/Generic/nextPage' is present&#xD;
&#xD;
2020-07-07 16:40:09 - [TEST_STEP][PASSED] - platform.Method.clickOnElement(findTestObject("Generic/nextPage")): platform.Method.clickOnElement is PASSED&#xD;
&#xD;
2020-07-07 16:40:12 - [MESSAGE][PASSED] - platform.Method.clickOnElement is PASSED&#xD;
&#xD;
2020-07-07 16:40:12 - [TEST_STEP][PASSED] - listElement = findWebElements(findTestObject("GenericII/listOfUserName"), 10): null&#xD;
&#xD;
2020-07-07 16:40:13 - [TEST_STEP][PASSED] - for ([index = 0, index &lt; listElement.size(), (index++)]): null&#xD;
&#xD;
2020-07-07 16:40:13 - [TEST_STEP][PASSED] - if (getText().contentEquals(username)): null&#xD;
&#xD;
2020-07-07 16:40:14 - [TEST_STEP][PASSED] - if (getText().contentEquals(username)): null&#xD;
&#xD;
2020-07-07 16:40:15 - [TEST_STEP][PASSED] - if (getText().contentEquals(username)): null&#xD;
&#xD;
2020-07-07 16:40:16 - [TEST_STEP][PASSED] - if (getText().contentEquals(username)): null&#xD;
&#xD;
2020-07-07 16:40:17 - [TEST_STEP][PASSED] - if (getText().contentEquals(username)): null&#xD;
&#xD;
2020-07-07 16:40:19 - [TEST_STEP][PASSED] - if (getText().contentEquals(username)): null&#xD;
&#xD;
2020-07-07 16:40:20 - [TEST_STEP][PASSED] - waitForElementPresent(findTestObject("Generic/nextPage"), 15): Object 'Object Repository/Generic/nextPage' is present&#xD;
&#xD;
2020-07-07 16:40:21 - [MESSAGE][PASSED] - Object 'Object Repository/Generic/nextPage' is present&#xD;
&#xD;
2020-07-07 16:40:21 - [TEST_STEP][PASSED] - platform.Method.clickOnElement(findTestObject("Generic/nextPage")): platform.Method.clickOnElement is PASSED&#xD;
&#xD;
2020-07-07 16:40:23 - [MESSAGE][PASSED] - platform.Method.clickOnElement is PASSED&#xD;
&#xD;
2020-07-07 16:40:23 - [TEST_STEP][PASSED] - listElement = findWebElements(findTestObject("GenericII/listOfUserName"), 10): null&#xD;
&#xD;
2020-07-07 16:40:25 - [TEST_STEP][PASSED] - for ([index = 0, index &lt; listElement.size(), (index++)]): null&#xD;
&#xD;
2020-07-07 16:40:25 - [TEST_STEP][PASSED] - if (getText().contentEquals(username)): null&#xD;
&#xD;
2020-07-07 16:40:26 - [TEST_STEP][PASSED] - if (getText().contentEquals(username)): null&#xD;
&#xD;
2020-07-07 16:40:27 - [TEST_STEP][PASSED] - if (getText().contentEquals(username)): null&#xD;
&#xD;
2020-07-07 16:40:28 - [TEST_STEP][PASSED] - if (getText().contentEquals(username)): null&#xD;
&#xD;
2020-07-07 16:40:29 - [TEST_STEP][PASSED] - if (getText().contentEquals(username)): null&#xD;
&#xD;
2020-07-07 16:40:30 - [TEST_STEP][PASSED] - if (getText().contentEquals(username)): null&#xD;
&#xD;
2020-07-07 16:40:31 - [TEST_STEP][PASSED] - waitForElementPresent(findTestObject("Generic/nextPage"), 15): Object 'Object Repository/Generic/nextPage' is present&#xD;
&#xD;
2020-07-07 16:40:32 - [MESSAGE][PASSED] - Object 'Object Repository/Generic/nextPage' is present&#xD;
&#xD;
2020-07-07 16:40:32 - [TEST_STEP][PASSED] - platform.Method.clickOnElement(findTestObject("Generic/nextPage")): platform.Method.clickOnElement is PASSED&#xD;
&#xD;
2020-07-07 16:40:35 - [MESSAGE][PASSED] - platform.Method.clickOnElement is PASSED&#xD;
&#xD;
2020-07-07 16:40:35 - [TEST_STEP][PASSED] - listElement = findWebElements(findTestObject("GenericII/listOfUserName"), 10): null&#xD;
&#xD;
2020-07-07 16:40:36 - [TEST_STEP][PASSED] - for ([index = 0, index &lt; listElement.size(), (index++)]): null&#xD;
&#xD;
2020-07-07 16:40:36 - [TEST_STEP][PASSED] - if (getText().contentEquals(username)): null&#xD;
&#xD;
2020-07-07 16:40:37 - [TEST_STEP][PASSED] - if (getText().contentEquals(username)): null&#xD;
&#xD;
2020-07-07 16:40:38 - [TEST_STEP][PASSED] - if (getText().contentEquals(username)): null&#xD;
&#xD;
2020-07-07 16:40:39 - [TEST_STEP][PASSED] - if (getText().contentEquals(username)): null&#xD;
&#xD;
2020-07-07 16:40:40 - [TEST_STEP][PASSED] - if (getText().contentEquals(username)): null&#xD;
&#xD;
2020-07-07 16:40:41 - [TEST_STEP][PASSED] - if (getText().contentEquals(username)): null&#xD;
&#xD;
2020-07-07 16:40:42 - [TEST_STEP][PASSED] - waitForElementPresent(findTestObject("Generic/nextPage"), 15): Object 'Object Repository/Generic/nextPage' is present&#xD;
&#xD;
2020-07-07 16:40:43 - [MESSAGE][PASSED] - Object 'Object Repository/Generic/nextPage' is present&#xD;
&#xD;
2020-07-07 16:40:43 - [TEST_STEP][PASSED] - platform.Method.clickOnElement(findTestObject("Generic/nextPage")): platform.Method.clickOnElement is PASSED&#xD;
&#xD;
2020-07-07 16:40:46 - [MESSAGE][PASSED] - platform.Method.clickOnElement is PASSED&#xD;
&#xD;
2020-07-07 16:40:46 - [TEST_STEP][PASSED] - listElement = findWebElements(findTestObject("GenericII/listOfUserName"), 10): null&#xD;
&#xD;
2020-07-07 16:40:47 - [TEST_STEP][PASSED] - for ([index = 0, index &lt; listElement.size(), (index++)]): null&#xD;
&#xD;
2020-07-07 16:40:47 - [TEST_STEP][PASSED] - if (getText().contentEquals(username)): null&#xD;
&#xD;
2020-07-07 16:40:48 - [TEST_STEP][PASSED] - if (getText().contentEquals(username)): null&#xD;
&#xD;
2020-07-07 16:40:49 - [TEST_STEP][PASSED] - if (getText().contentEquals(username)): null&#xD;
&#xD;
2020-07-07 16:40:50 - [TEST_STEP][PASSED] - if (getText().contentEquals(username)): null&#xD;
&#xD;
2020-07-07 16:40:51 - [TEST_STEP][PASSED] - if (getText().contentEquals(username)): null&#xD;
&#xD;
2020-07-07 16:40:52 - [TEST_STEP][PASSED] - if (getText().contentEquals(username)): null&#xD;
&#xD;
2020-07-07 16:40:53 - [TEST_STEP][PASSED] - waitForElementPresent(findTestObject("Generic/nextPage"), 15): Object 'Object Repository/Generic/nextPage' is present&#xD;
&#xD;
2020-07-07 16:40:55 - [MESSAGE][PASSED] - Object 'Object Repository/Generic/nextPage' is present&#xD;
&#xD;
2020-07-07 16:40:55 - [TEST_STEP][PASSED] - platform.Method.clickOnElement(findTestObject("Generic/nextPage")): platform.Method.clickOnElement is PASSED&#xD;
&#xD;
2020-07-07 16:40:57 - [MESSAGE][PASSED] - platform.Method.clickOnElement is PASSED&#xD;
&#xD;
2020-07-07 16:40:57 - [TEST_STEP][PASSED] - listElement = findWebElements(findTestObject("GenericII/listOfUserName"), 10): null&#xD;
&#xD;
2020-07-07 16:40:58 - [TEST_STEP][PASSED] - for ([index = 0, index &lt; listElement.size(), (index++)]): null&#xD;
&#xD;
2020-07-07 16:40:58 - [TEST_STEP][PASSED] - if (getText().contentEquals(username)): null&#xD;
&#xD;
2020-07-07 16:41:00 - [TEST_STEP][PASSED] - if (getText().contentEquals(username)): null&#xD;
&#xD;
2020-07-07 16:41:01 - [TEST_STEP][PASSED] - if (getText().contentEquals(username)): null&#xD;
&#xD;
2020-07-07 16:41:02 - [TEST_STEP][PASSED] - if (getText().contentEquals(username)): null&#xD;
&#xD;
2020-07-07 16:41:03 - [TEST_STEP][PASSED] - if (getText().contentEquals(username)): null&#xD;
&#xD;
2020-07-07 16:41:04 - [TEST_STEP][PASSED] - if (getText().contentEquals(username)): null&#xD;
&#xD;
2020-07-07 16:41:05 - [TEST_STEP][PASSED] - waitForElementPresent(findTestObject("Generic/nextPage"), 15): Object 'Object Repository/Generic/nextPage' is present&#xD;
&#xD;
2020-07-07 16:41:06 - [MESSAGE][PASSED] - Object 'Object Repository/Generic/nextPage' is present&#xD;
&#xD;
2020-07-07 16:41:06 - [TEST_STEP][PASSED] - platform.Method.clickOnElement(findTestObject("Generic/nextPage")): platform.Method.clickOnElement is PASSED&#xD;
&#xD;
2020-07-07 16:41:08 - [MESSAGE][PASSED] - platform.Method.clickOnElement is PASSED&#xD;
&#xD;
2020-07-07 16:41:08 - [TEST_STEP][PASSED] - listElement = findWebElements(findTestObject("GenericII/listOfUserName"), 10): null&#xD;
&#xD;
2020-07-07 16:41:10 - [TEST_STEP][PASSED] - for ([index = 0, index &lt; listElement.size(), (index++)]): null&#xD;
&#xD;
2020-07-07 16:41:10 - [TEST_STEP][PASSED] - if (getText().contentEquals(username)): null&#xD;
&#xD;
2020-07-07 16:41:11 - [TEST_STEP][PASSED] - if (getText().contentEquals(username)): null&#xD;
&#xD;
2020-07-07 16:41:12 - [TEST_STEP][PASSED] - if (getText().contentEquals(username)): null&#xD;
&#xD;
2020-07-07 16:41:13 - [TEST_STEP][PASSED] - if (getText().contentEquals(username)): null&#xD;
&#xD;
2020-07-07 16:41:14 - [TEST_STEP][PASSED] - if (getText().contentEquals(username)): null&#xD;
&#xD;
2020-07-07 16:41:15 - [TEST_STEP][PASSED] - if (getText().contentEquals(username)): null&#xD;
&#xD;
2020-07-07 16:41:16 - [TEST_STEP][PASSED] - waitForElementPresent(findTestObject("Generic/nextPage"), 15): Object 'Object Repository/Generic/nextPage' is present&#xD;
&#xD;
2020-07-07 16:41:17 - [MESSAGE][PASSED] - Object 'Object Repository/Generic/nextPage' is present&#xD;
&#xD;
2020-07-07 16:41:17 - [TEST_STEP][PASSED] - platform.Method.clickOnElement(findTestObject("Generic/nextPage")): platform.Method.clickOnElement is PASSED&#xD;
&#xD;
2020-07-07 16:41:19 - [MESSAGE][PASSED] - platform.Method.clickOnElement is PASSED&#xD;
&#xD;
2020-07-07 16:41:19 - [TEST_STEP][PASSED] - listElement = findWebElements(findTestObject("GenericII/listOfUserName"), 10): null&#xD;
&#xD;
2020-07-07 16:41:21 - [TEST_STEP][PASSED] - for ([index = 0, index &lt; listElement.size(), (index++)]): null&#xD;
&#xD;
2020-07-07 16:41:21 - [TEST_STEP][PASSED] - if (getText().contentEquals(username)): null&#xD;
&#xD;
2020-07-07 16:41:22 - [TEST_STEP][PASSED] - if (getText().contentEquals(username)): null&#xD;
&#xD;
2020-07-07 16:41:23 - [TEST_STEP][PASSED] - if (getText().contentEquals(username)): null&#xD;
&#xD;
2020-07-07 16:41:24 - [TEST_STEP][PASSED] - if (getText().contentEquals(username)): null&#xD;
&#xD;
2020-07-07 16:41:25 - [TEST_STEP][PASSED] - if (getText().contentEquals(username)): null&#xD;
&#xD;
2020-07-07 16:41:26 - [TEST_STEP][PASSED] - if (getText().contentEquals(username)): null&#xD;
&#xD;
2020-07-07 16:41:27 - [TEST_STEP][PASSED] - waitForElementPresent(findTestObject("Generic/nextPage"), 15): Object 'Object Repository/Generic/nextPage' is present&#xD;
&#xD;
2020-07-07 16:41:29 - [MESSAGE][PASSED] - Object 'Object Repository/Generic/nextPage' is present&#xD;
&#xD;
2020-07-07 16:41:29 - [TEST_STEP][PASSED] - platform.Method.clickOnElement(findTestObject("Generic/nextPage")): platform.Method.clickOnElement is PASSED&#xD;
&#xD;
2020-07-07 16:41:31 - [MESSAGE][PASSED] - platform.Method.clickOnElement is PASSED&#xD;
&#xD;
2020-07-07 16:41:31 - [TEST_STEP][PASSED] - listElement = findWebElements(findTestObject("GenericII/listOfUserName"), 10): null&#xD;
&#xD;
2020-07-07 16:41:32 - [TEST_STEP][PASSED] - for ([index = 0, index &lt; listElement.size(), (index++)]): null&#xD;
&#xD;
2020-07-07 16:41:32 - [TEST_STEP][PASSED] - if (getText().contentEquals(username)): null&#xD;
&#xD;
2020-07-07 16:41:33 - [TEST_STEP][PASSED] - if (getText().contentEquals(username)): null&#xD;
&#xD;
2020-07-07 16:41:35 - [TEST_STEP][PASSED] - if (getText().contentEquals(username)): null&#xD;
&#xD;
2020-07-07 16:41:36 - [TEST_STEP][PASSED] - if (getText().contentEquals(username)): null&#xD;
&#xD;
2020-07-07 16:41:37 - [TEST_STEP][PASSED] - if (getText().contentEquals(username)): null&#xD;
&#xD;
2020-07-07 16:41:38 - [TEST_STEP][PASSED] - if (getText().contentEquals(username)): null&#xD;
&#xD;
2020-07-07 16:41:39 - [TEST_STEP][PASSED] - waitForElementPresent(findTestObject("Generic/nextPage"), 15): Object 'Object Repository/Generic/nextPage' is present&#xD;
&#xD;
2020-07-07 16:41:40 - [MESSAGE][PASSED] - Object 'Object Repository/Generic/nextPage' is present&#xD;
&#xD;
2020-07-07 16:41:40 - [TEST_STEP][PASSED] - platform.Method.clickOnElement(findTestObject("Generic/nextPage")): platform.Method.clickOnElement is PASSED&#xD;
&#xD;
2020-07-07 16:41:42 - [MESSAGE][PASSED] - platform.Method.clickOnElement is PASSED&#xD;
&#xD;
2020-07-07 16:41:42 - [TEST_STEP][PASSED] - listElement = findWebElements(findTestObject("GenericII/listOfUserName"), 10): null&#xD;
&#xD;
2020-07-07 16:41:44 - [TEST_STEP][PASSED] - for ([index = 0, index &lt; listElement.size(), (index++)]): null&#xD;
&#xD;
2020-07-07 16:41:44 - [TEST_STEP][PASSED] - if (getText().contentEquals(username)): null&#xD;
&#xD;
2020-07-07 16:41:45 - [TEST_STEP][PASSED] - if (getText().contentEquals(username)): null&#xD;
&#xD;
2020-07-07 16:41:46 - [TEST_STEP][PASSED] - if (getText().contentEquals(username)): null&#xD;
&#xD;
2020-07-07 16:41:47 - [TEST_STEP][PASSED] - if (getText().contentEquals(username)): null&#xD;
&#xD;
2020-07-07 16:41:48 - [TEST_STEP][PASSED] - if (getText().contentEquals(username)): null&#xD;
&#xD;
2020-07-07 16:41:49 - [TEST_STEP][PASSED] - if (getText().contentEquals(username)): null&#xD;
&#xD;
2020-07-07 16:41:50 - [TEST_STEP][PASSED] - waitForElementPresent(findTestObject("Generic/nextPage"), 15): Object 'Object Repository/Generic/nextPage' is present&#xD;
&#xD;
2020-07-07 16:41:52 - [MESSAGE][PASSED] - Object 'Object Repository/Generic/nextPage' is present&#xD;
&#xD;
2020-07-07 16:41:52 - [TEST_STEP][PASSED] - platform.Method.clickOnElement(findTestObject("Generic/nextPage")): platform.Method.clickOnElement is PASSED&#xD;
&#xD;
2020-07-07 16:41:54 - [MESSAGE][PASSED] - platform.Method.clickOnElement is PASSED&#xD;
&#xD;
2020-07-07 16:41:54 - [TEST_STEP][PASSED] - listElement = findWebElements(findTestObject("GenericII/listOfUserName"), 10): null&#xD;
&#xD;
2020-07-07 16:41:55 - [TEST_STEP][PASSED] - for ([index = 0, index &lt; listElement.size(), (index++)]): null&#xD;
&#xD;
2020-07-07 16:41:55 - [TEST_STEP][PASSED] - if (getText().contentEquals(username)): null&#xD;
&#xD;
2020-07-07 16:41:57 - [TEST_STEP][PASSED] - if (getText().contentEquals(username)): null&#xD;
&#xD;
2020-07-07 16:41:58 - [TEST_STEP][PASSED] - if (getText().contentEquals(username)): null&#xD;
&#xD;
2020-07-07 16:41:59 - [TEST_STEP][PASSED] - if (getText().contentEquals(username)): null&#xD;
&#xD;
2020-07-07 16:42:00 - [TEST_STEP][PASSED] - if (getText().contentEquals(username)): null&#xD;
&#xD;
2020-07-07 16:42:01 - [TEST_STEP][PASSED] - if (getText().contentEquals(username)): null&#xD;
&#xD;
2020-07-07 16:42:02 - [TEST_STEP][PASSED] - waitForElementPresent(findTestObject("Generic/nextPage"), 15): Object 'Object Repository/Generic/nextPage' is present&#xD;
&#xD;
2020-07-07 16:42:03 - [MESSAGE][PASSED] - Object 'Object Repository/Generic/nextPage' is present&#xD;
&#xD;
2020-07-07 16:42:03 - [TEST_STEP][PASSED] - platform.Method.clickOnElement(findTestObject("Generic/nextPage")): platform.Method.clickOnElement is PASSED&#xD;
&#xD;
2020-07-07 16:42:05 - [MESSAGE][PASSED] - platform.Method.clickOnElement is PASSED&#xD;
&#xD;
2020-07-07 16:42:05 - [TEST_STEP][PASSED] - listElement = findWebElements(findTestObject("GenericII/listOfUserName"), 10): null&#xD;
&#xD;
2020-07-07 16:42:07 - [TEST_STEP][PASSED] - for ([index = 0, index &lt; listElement.size(), (index++)]): null&#xD;
&#xD;
2020-07-07 16:42:07 - [TEST_STEP][PASSED] - if (getText().contentEquals(username)): null&#xD;
&#xD;
2020-07-07 16:42:08 - [TEST_STEP][PASSED] - if (getText().contentEquals(username)): null&#xD;
&#xD;
2020-07-07 16:42:09 - [TEST_STEP][PASSED] - if (getText().contentEquals(username)): null&#xD;
&#xD;
2020-07-07 16:42:10 - [TEST_STEP][PASSED] - if (getText().contentEquals(username)): null&#xD;
&#xD;
2020-07-07 16:42:11 - [TEST_STEP][PASSED] - if (getText().contentEquals(username)): null&#xD;
&#xD;
2020-07-07 16:42:12 - [TEST_STEP][PASSED] - if (getText().contentEquals(username)): null&#xD;
&#xD;
2020-07-07 16:42:13 - [TEST_STEP][PASSED] - waitForElementPresent(findTestObject("Generic/nextPage"), 15): Object 'Object Repository/Generic/nextPage' is present&#xD;
&#xD;
2020-07-07 16:42:14 - [MESSAGE][PASSED] - Object 'Object Repository/Generic/nextPage' is present&#xD;
&#xD;
2020-07-07 16:42:14 - [TEST_STEP][PASSED] - platform.Method.clickOnElement(findTestObject("Generic/nextPage")): platform.Method.clickOnElement is PASSED&#xD;
&#xD;
2020-07-07 16:42:17 - [MESSAGE][PASSED] - platform.Method.clickOnElement is PASSED&#xD;
&#xD;
2020-07-07 16:42:17 - [TEST_STEP][PASSED] - listElement = findWebElements(findTestObject("GenericII/listOfUserName"), 10): null&#xD;
&#xD;
2020-07-07 16:42:18 - [TEST_STEP][PASSED] - for ([index = 0, index &lt; listElement.size(), (index++)]): null&#xD;
&#xD;
2020-07-07 16:42:18 - [TEST_STEP][PASSED] - if (getText().contentEquals(username)): null&#xD;
&#xD;
2020-07-07 16:42:19 - [TEST_STEP][PASSED] - if (getText().contentEquals(username)): null&#xD;
&#xD;
2020-07-07 16:42:20 - [TEST_STEP][PASSED] - if (getText().contentEquals(username)): null&#xD;
&#xD;
2020-07-07 16:42:21 - [TEST_STEP][PASSED] - if (getText().contentEquals(username)): null&#xD;
&#xD;
2020-07-07 16:42:22 - [TEST_STEP][PASSED] - if (getText().contentEquals(username)): null&#xD;
&#xD;
2020-07-07 16:42:23 - [TEST_STEP][PASSED] - if (getText().contentEquals(username)): null&#xD;
&#xD;
2020-07-07 16:42:24 - [TEST_STEP][PASSED] - waitForElementPresent(findTestObject("Generic/nextPage"), 15): Object 'Object Repository/Generic/nextPage' is present&#xD;
&#xD;
2020-07-07 16:42:26 - [MESSAGE][PASSED] - Object 'Object Repository/Generic/nextPage' is present&#xD;
&#xD;
2020-07-07 16:42:26 - [TEST_STEP][PASSED] - platform.Method.clickOnElement(findTestObject("Generic/nextPage")): platform.Method.clickOnElement is PASSED&#xD;
&#xD;
2020-07-07 16:42:28 - [MESSAGE][PASSED] - platform.Method.clickOnElement is PASSED&#xD;
&#xD;
2020-07-07 16:42:28 - [TEST_STEP][PASSED] - listElement = findWebElements(findTestObject("GenericII/listOfUserName"), 10): null&#xD;
&#xD;
2020-07-07 16:42:29 - [TEST_STEP][PASSED] - for ([index = 0, index &lt; listElement.size(), (index++)]): null&#xD;
&#xD;
2020-07-07 16:42:29 - [TEST_STEP][PASSED] - if (getText().contentEquals(username)): null&#xD;
&#xD;
2020-07-07 16:42:30 - [TEST_STEP][PASSED] - if (getText().contentEquals(username)): null&#xD;
&#xD;
2020-07-07 16:42:32 - [TEST_STEP][PASSED] - if (getText().contentEquals(username)): null&#xD;
&#xD;
2020-07-07 16:42:33 - [TEST_STEP][PASSED] - if (getText().contentEquals(username)): null&#xD;
&#xD;
2020-07-07 16:42:34 - [TEST_STEP][PASSED] - if (getText().contentEquals(username)): null&#xD;
&#xD;
2020-07-07 16:42:35 - [TEST_STEP][PASSED] - if (getText().contentEquals(username)): null&#xD;
&#xD;
2020-07-07 16:42:36 - [TEST_STEP][PASSED] - waitForElementPresent(findTestObject("Generic/nextPage"), 15): Object 'Object Repository/Generic/nextPage' is present&#xD;
&#xD;
2020-07-07 16:42:37 - [MESSAGE][PASSED] - Object 'Object Repository/Generic/nextPage' is present&#xD;
&#xD;
2020-07-07 16:42:37 - [TEST_STEP][PASSED] - platform.Method.clickOnElement(findTestObject("Generic/nextPage")): platform.Method.clickOnElement is PASSED&#xD;
&#xD;
2020-07-07 16:42:40 - [MESSAGE][PASSED] - platform.Method.clickOnElement is PASSED&#xD;
&#xD;
2020-07-07 16:42:40 - [TEST_STEP][PASSED] - listElement = findWebElements(findTestObject("GenericII/listOfUserName"), 10): null&#xD;
&#xD;
2020-07-07 16:42:41 - [TEST_STEP][PASSED] - for ([index = 0, index &lt; listElement.size(), (index++)]): null&#xD;
&#xD;
2020-07-07 16:42:41 - [TEST_STEP][PASSED] - if (getText().contentEquals(username)): null&#xD;
&#xD;
2020-07-07 16:42:42 - [TEST_STEP][PASSED] - if (getText().contentEquals(username)): null&#xD;
&#xD;
2020-07-07 16:42:43 - [TEST_STEP][PASSED] - if (getText().contentEquals(username)): null&#xD;
&#xD;
2020-07-07 16:42:44 - [TEST_STEP][PASSED] - if (getText().contentEquals(username)): null&#xD;
&#xD;
2020-07-07 16:42:45 - [TEST_STEP][PASSED] - if (getText().contentEquals(username)): null&#xD;
&#xD;
2020-07-07 16:42:46 - [TEST_STEP][PASSED] - if (getText().contentEquals(username)): null&#xD;
&#xD;
2020-07-07 16:42:47 - [TEST_STEP][PASSED] - waitForElementPresent(findTestObject("Generic/nextPage"), 15): Object 'Object Repository/Generic/nextPage' is present&#xD;
&#xD;
2020-07-07 16:42:48 - [MESSAGE][PASSED] - Object 'Object Repository/Generic/nextPage' is present&#xD;
&#xD;
2020-07-07 16:42:48 - [TEST_STEP][PASSED] - platform.Method.clickOnElement(findTestObject("Generic/nextPage")): platform.Method.clickOnElement is PASSED&#xD;
&#xD;
2020-07-07 16:42:51 - [MESSAGE][PASSED] - platform.Method.clickOnElement is PASSED&#xD;
&#xD;
2020-07-07 16:42:51 - [TEST_STEP][PASSED] - listElement = findWebElements(findTestObject("GenericII/listOfUserName"), 10): null&#xD;
&#xD;
2020-07-07 16:42:52 - [TEST_STEP][PASSED] - for ([index = 0, index &lt; listElement.size(), (index++)]): null&#xD;
&#xD;
2020-07-07 16:42:52 - [TEST_STEP][PASSED] - if (getText().contentEquals(username)): null&#xD;
&#xD;
2020-07-07 16:42:53 - [TEST_STEP][PASSED] - if (getText().contentEquals(username)): null&#xD;
&#xD;
2020-07-07 16:42:54 - [TEST_STEP][PASSED] - if (getText().contentEquals(username)): null&#xD;
&#xD;
2020-07-07 16:42:55 - [TEST_STEP][PASSED] - if (getText().contentEquals(username)): null&#xD;
&#xD;
2020-07-07 16:42:56 - [TEST_STEP][PASSED] - if (getText().contentEquals(username)): null&#xD;
&#xD;
2020-07-07 16:42:57 - [TEST_STEP][PASSED] - if (getText().contentEquals(username)): null&#xD;
&#xD;
2020-07-07 16:42:58 - [TEST_STEP][PASSED] - waitForElementPresent(findTestObject("Generic/nextPage"), 15): Object 'Object Repository/Generic/nextPage' is present&#xD;
&#xD;
2020-07-07 16:42:59 - [MESSAGE][PASSED] - Object 'Object Repository/Generic/nextPage' is present&#xD;
&#xD;
2020-07-07 16:42:59 - [TEST_STEP][PASSED] - platform.Method.clickOnElement(findTestObject("Generic/nextPage")): platform.Method.clickOnElement is PASSED&#xD;
&#xD;
2020-07-07 16:43:02 - [MESSAGE][PASSED] - platform.Method.clickOnElement is PASSED&#xD;
&#xD;
2020-07-07 16:43:02 - [TEST_STEP][PASSED] - listElement = findWebElements(findTestObject("GenericII/listOfUserName"), 10): null&#xD;
&#xD;
2020-07-07 16:43:03 - [TEST_STEP][PASSED] - for ([index = 0, index &lt; listElement.size(), (index++)]): null&#xD;
&#xD;
2020-07-07 16:43:03 - [TEST_STEP][PASSED] - if (getText().contentEquals(username)): null&#xD;
&#xD;
2020-07-07 16:43:04 - [TEST_STEP][PASSED] - if (getText().contentEquals(username)): null&#xD;
&#xD;
2020-07-07 16:43:05 - [TEST_STEP][PASSED] - if (getText().contentEquals(username)): null&#xD;
&#xD;
2020-07-07 16:43:06 - [TEST_STEP][PASSED] - if (getText().contentEquals(username)): null&#xD;
&#xD;
2020-07-07 16:43:07 - [TEST_STEP][PASSED] - if (getText().contentEquals(username)): null&#xD;
&#xD;
2020-07-07 16:43:08 - [TEST_STEP][PASSED] - if (getText().contentEquals(username)): null&#xD;
&#xD;
2020-07-07 16:43:09 - [TEST_STEP][PASSED] - waitForElementPresent(findTestObject("Generic/nextPage"), 15): Object 'Object Repository/Generic/nextPage' is present&#xD;
&#xD;
2020-07-07 16:43:11 - [MESSAGE][PASSED] - Object 'Object Repository/Generic/nextPage' is present&#xD;
&#xD;
2020-07-07 16:43:11 - [TEST_STEP][PASSED] - platform.Method.clickOnElement(findTestObject("Generic/nextPage")): platform.Method.clickOnElement is PASSED&#xD;
&#xD;
2020-07-07 16:43:13 - [MESSAGE][PASSED] - platform.Method.clickOnElement is PASSED&#xD;
&#xD;
2020-07-07 16:43:13 - [TEST_STEP][PASSED] - listElement = findWebElements(findTestObject("GenericII/listOfUserName"), 10): null&#xD;
&#xD;
2020-07-07 16:43:15 - [TEST_STEP][PASSED] - for ([index = 0, index &lt; listElement.size(), (index++)]): null&#xD;
&#xD;
2020-07-07 16:43:15 - [TEST_STEP][PASSED] - if (getText().contentEquals(username)): null&#xD;
&#xD;
2020-07-07 16:43:16 - [TEST_STEP][PASSED] - if (getText().contentEquals(username)): null&#xD;
&#xD;
2020-07-07 16:43:17 - [TEST_STEP][PASSED] - if (getText().contentEquals(username)): null&#xD;
&#xD;
2020-07-07 16:43:18 - [TEST_STEP][PASSED] - if (getText().contentEquals(username)): null&#xD;
&#xD;
2020-07-07 16:43:19 - [TEST_STEP][PASSED] - if (getText().contentEquals(username)): null&#xD;
&#xD;
2020-07-07 16:43:20 - [TEST_STEP][PASSED] - if (getText().contentEquals(username)): null&#xD;
&#xD;
2020-07-07 16:43:21 - [TEST_STEP][PASSED] - waitForElementPresent(findTestObject("Generic/nextPage"), 15): Object 'Object Repository/Generic/nextPage' is present&#xD;
&#xD;
2020-07-07 16:43:22 - [MESSAGE][PASSED] - Object 'Object Repository/Generic/nextPage' is present&#xD;
&#xD;
2020-07-07 16:43:22 - [TEST_STEP][PASSED] - platform.Method.clickOnElement(findTestObject("Generic/nextPage")): platform.Method.clickOnElement is PASSED&#xD;
&#xD;
2020-07-07 16:43:25 - [MESSAGE][PASSED] - platform.Method.clickOnElement is PASSED&#xD;
&#xD;
2020-07-07 16:43:25 - [TEST_STEP][PASSED] - listElement = findWebElements(findTestObject("GenericII/listOfUserName"), 10): null&#xD;
&#xD;
2020-07-07 16:43:26 - [TEST_STEP][PASSED] - for ([index = 0, index &lt; listElement.size(), (index++)]): null&#xD;
&#xD;
2020-07-07 16:43:26 - [TEST_STEP][PASSED] - if (getText().contentEquals(username)): null&#xD;
&#xD;
2020-07-07 16:43:27 - [TEST_STEP][PASSED] - if (getText().contentEquals(username)): null&#xD;
&#xD;
2020-07-07 16:43:28 - [TEST_STEP][PASSED] - if (getText().contentEquals(username)): null&#xD;
&#xD;
2020-07-07 16:43:29 - [TEST_STEP][PASSED] - if (getText().contentEquals(username)): null&#xD;
&#xD;
2020-07-07 16:43:30 - [TEST_STEP][PASSED] - if (getText().contentEquals(username)): null&#xD;
&#xD;
2020-07-07 16:43:31 - [TEST_STEP][PASSED] - if (getText().contentEquals(username)): null&#xD;
&#xD;
2020-07-07 16:43:32 - [TEST_STEP][PASSED] - waitForElementPresent(findTestObject("Generic/nextPage"), 15): Object 'Object Repository/Generic/nextPage' is present&#xD;
&#xD;
2020-07-07 16:43:34 - [MESSAGE][PASSED] - Object 'Object Repository/Generic/nextPage' is present&#xD;
&#xD;
2020-07-07 16:43:34 - [TEST_STEP][PASSED] - platform.Method.clickOnElement(findTestObject("Generic/nextPage")): platform.Method.clickOnElement is PASSED&#xD;
&#xD;
2020-07-07 16:43:36 - [MESSAGE][PASSED] - platform.Method.clickOnElement is PASSED&#xD;
&#xD;
2020-07-07 16:43:36 - [TEST_STEP][PASSED] - listElement = findWebElements(findTestObject("GenericII/listOfUserName"), 10): null&#xD;
&#xD;
2020-07-07 16:43:37 - [TEST_STEP][PASSED] - for ([index = 0, index &lt; listElement.size(), (index++)]): null&#xD;
&#xD;
2020-07-07 16:43:37 - [TEST_STEP][PASSED] - if (getText().contentEquals(username)): null&#xD;
&#xD;
2020-07-07 16:43:38 - [TEST_STEP][PASSED] - if (getText().contentEquals(username)): null&#xD;
&#xD;
2020-07-07 16:43:39 - [TEST_STEP][PASSED] - if (getText().contentEquals(username)): null&#xD;
&#xD;
2020-07-07 16:43:40 - [TEST_STEP][PASSED] - if (getText().contentEquals(username)): null&#xD;
&#xD;
2020-07-07 16:43:41 - [TEST_STEP][PASSED] - if (getText().contentEquals(username)): null&#xD;
&#xD;
2020-07-07 16:43:42 - [TEST_STEP][PASSED] - if (getText().contentEquals(username)): null&#xD;
&#xD;
2020-07-07 16:43:43 - [TEST_STEP][PASSED] - waitForElementPresent(findTestObject("Generic/nextPage"), 15): Object 'Object Repository/Generic/nextPage' is present&#xD;
&#xD;
2020-07-07 16:43:45 - [MESSAGE][PASSED] - Object 'Object Repository/Generic/nextPage' is present&#xD;
&#xD;
2020-07-07 16:43:45 - [TEST_STEP][PASSED] - platform.Method.clickOnElement(findTestObject("Generic/nextPage")): platform.Method.clickOnElement is PASSED&#xD;
&#xD;
2020-07-07 16:43:47 - [MESSAGE][PASSED] - platform.Method.clickOnElement is PASSED&#xD;
&#xD;
2020-07-07 16:43:47 - [TEST_STEP][PASSED] - listElement = findWebElements(findTestObject("GenericII/listOfUserName"), 10): null&#xD;
&#xD;
2020-07-07 16:43:49 - [TEST_STEP][PASSED] - for ([index = 0, index &lt; listElement.size(), (index++)]): null&#xD;
&#xD;
2020-07-07 16:43:49 - [TEST_STEP][PASSED] - if (getText().contentEquals(username)): null&#xD;
&#xD;
2020-07-07 16:43:50 - [TEST_STEP][PASSED] - if (getText().contentEquals(username)): null&#xD;
&#xD;
2020-07-07 16:43:51 - [TEST_STEP][PASSED] - if (getText().contentEquals(username)): null&#xD;
&#xD;
2020-07-07 16:43:52 - [TEST_STEP][PASSED] - if (getText().contentEquals(username)): null&#xD;
&#xD;
2020-07-07 16:43:53 - [TEST_STEP][PASSED] - if (getText().contentEquals(username)): null&#xD;
&#xD;
2020-07-07 16:43:54 - [TEST_STEP][PASSED] - if (getText().contentEquals(username)): null&#xD;
&#xD;
2020-07-07 16:43:55 - [TEST_STEP][PASSED] - waitForElementPresent(findTestObject("Generic/nextPage"), 15): Object 'Object Repository/Generic/nextPage' is present&#xD;
&#xD;
2020-07-07 16:43:56 - [MESSAGE][PASSED] - Object 'Object Repository/Generic/nextPage' is present&#xD;
&#xD;
2020-07-07 16:43:56 - [TEST_STEP][PASSED] - platform.Method.clickOnElement(findTestObject("Generic/nextPage")): platform.Method.clickOnElement is PASSED&#xD;
&#xD;
2020-07-07 16:43:59 - [MESSAGE][PASSED] - platform.Method.clickOnElement is PASSED&#xD;
&#xD;
2020-07-07 16:43:59 - [TEST_STEP][PASSED] - listElement = findWebElements(findTestObject("GenericII/listOfUserName"), 10): null&#xD;
&#xD;
2020-07-07 16:44:00 - [TEST_STEP][PASSED] - for ([index = 0, index &lt; listElement.size(), (index++)]): null&#xD;
&#xD;
2020-07-07 16:44:00 - [TEST_STEP][PASSED] - if (getText().contentEquals(username)): null&#xD;
&#xD;
2020-07-07 16:44:01 - [TEST_STEP][PASSED] - if (getText().contentEquals(username)): null&#xD;
&#xD;
2020-07-07 16:44:02 - [TEST_STEP][PASSED] - if (getText().contentEquals(username)): null&#xD;
&#xD;
2020-07-07 16:44:03 - [TEST_STEP][PASSED] - if (getText().contentEquals(username)): null&#xD;
&#xD;
2020-07-07 16:44:04 - [TEST_STEP][PASSED] - if (getText().contentEquals(username)): null&#xD;
&#xD;
2020-07-07 16:44:05 - [TEST_STEP][PASSED] - if (getText().contentEquals(username)): null&#xD;
&#xD;
2020-07-07 16:44:06 - [TEST_STEP][PASSED] - waitForElementPresent(findTestObject("Generic/nextPage"), 15): Object 'Object Repository/Generic/nextPage' is present&#xD;
&#xD;
2020-07-07 16:44:08 - [MESSAGE][PASSED] - Object 'Object Repository/Generic/nextPage' is present&#xD;
&#xD;
2020-07-07 16:44:08 - [TEST_STEP][PASSED] - platform.Method.clickOnElement(findTestObject("Generic/nextPage")): platform.Method.clickOnElement is PASSED&#xD;
&#xD;
2020-07-07 16:44:10 - [MESSAGE][PASSED] - platform.Method.clickOnElement is PASSED&#xD;
&#xD;
2020-07-07 16:44:10 - [TEST_STEP][PASSED] - listElement = findWebElements(findTestObject("GenericII/listOfUserName"), 10): null&#xD;
&#xD;
2020-07-07 16:44:11 - [TEST_STEP][PASSED] - for ([index = 0, index &lt; listElement.size(), (index++)]): null&#xD;
&#xD;
2020-07-07 16:44:11 - [TEST_STEP][PASSED] - if (getText().contentEquals(username)): null&#xD;
&#xD;
2020-07-07 16:44:12 - [TEST_STEP][PASSED] - if (getText().contentEquals(username)): null&#xD;
&#xD;
2020-07-07 16:44:13 - [TEST_STEP][PASSED] - if (getText().contentEquals(username)): null&#xD;
&#xD;
2020-07-07 16:44:14 - [TEST_STEP][PASSED] - if (getText().contentEquals(username)): null&#xD;
&#xD;
2020-07-07 16:44:15 - [TEST_STEP][PASSED] - if (getText().contentEquals(username)): null&#xD;
&#xD;
2020-07-07 16:44:16 - [TEST_STEP][PASSED] - if (getText().contentEquals(username)): null&#xD;
&#xD;
2020-07-07 16:44:17 - [TEST_STEP][PASSED] - waitForElementPresent(findTestObject("Generic/nextPage"), 15): Object 'Object Repository/Generic/nextPage' is present&#xD;
&#xD;
2020-07-07 16:44:19 - [MESSAGE][PASSED] - Object 'Object Repository/Generic/nextPage' is present&#xD;
&#xD;
2020-07-07 16:44:19 - [TEST_STEP][PASSED] - platform.Method.clickOnElement(findTestObject("Generic/nextPage")): platform.Method.clickOnElement is PASSED&#xD;
&#xD;
2020-07-07 16:44:21 - [MESSAGE][PASSED] - platform.Method.clickOnElement is PASSED&#xD;
&#xD;
2020-07-07 16:44:21 - [TEST_STEP][PASSED] - listElement = findWebElements(findTestObject("GenericII/listOfUserName"), 10): null&#xD;
&#xD;
2020-07-07 16:44:22 - [TEST_STEP][PASSED] - for ([index = 0, index &lt; listElement.size(), (index++)]): null&#xD;
&#xD;
2020-07-07 16:44:22 - [TEST_STEP][PASSED] - if (getText().contentEquals(username)): null&#xD;
&#xD;
2020-07-07 16:44:23 - [TEST_STEP][PASSED] - if (getText().contentEquals(username)): null&#xD;
&#xD;
2020-07-07 16:44:24 - [TEST_STEP][PASSED] - if (getText().contentEquals(username)): null&#xD;
&#xD;
2020-07-07 16:44:26 - [TEST_STEP][PASSED] - if (getText().contentEquals(username)): null&#xD;
&#xD;
2020-07-07 16:44:27 - [TEST_STEP][PASSED] - if (getText().contentEquals(username)): null&#xD;
&#xD;
2020-07-07 16:44:28 - [TEST_STEP][PASSED] - if (getText().contentEquals(username)): null&#xD;
&#xD;
2020-07-07 16:44:29 - [TEST_STEP][PASSED] - waitForElementPresent(findTestObject("Generic/nextPage"), 15): Object 'Object Repository/Generic/nextPage' is present&#xD;
&#xD;
2020-07-07 16:44:30 - [MESSAGE][PASSED] - Object 'Object Repository/Generic/nextPage' is present&#xD;
&#xD;
2020-07-07 16:44:30 - [TEST_STEP][PASSED] - platform.Method.clickOnElement(findTestObject("Generic/nextPage")): platform.Method.clickOnElement is PASSED&#xD;
&#xD;
2020-07-07 16:44:32 - [MESSAGE][PASSED] - platform.Method.clickOnElement is PASSED&#xD;
&#xD;
2020-07-07 16:44:32 - [TEST_STEP][PASSED] - listElement = findWebElements(findTestObject("GenericII/listOfUserName"), 10): null&#xD;
&#xD;
2020-07-07 16:44:33 - [TEST_STEP][PASSED] - for ([index = 0, index &lt; listElement.size(), (index++)]): null&#xD;
&#xD;
2020-07-07 16:44:33 - [TEST_STEP][PASSED] - if (getText().contentEquals(username)): null&#xD;
&#xD;
2020-07-07 16:44:34 - [TEST_STEP][PASSED] - if (getText().contentEquals(username)): null&#xD;
&#xD;
2020-07-07 16:44:36 - [TEST_STEP][PASSED] - if (getText().contentEquals(username)): null&#xD;
&#xD;
2020-07-07 16:44:37 - [TEST_STEP][PASSED] - if (getText().contentEquals(username)): null&#xD;
&#xD;
2020-07-07 16:44:38 - [TEST_STEP][PASSED] - if (getText().contentEquals(username)): null&#xD;
&#xD;
2020-07-07 16:44:39 - [TEST_STEP][PASSED] - if (getText().contentEquals(username)): null&#xD;
&#xD;
2020-07-07 16:44:40 - [TEST_STEP][PASSED] - waitForElementPresent(findTestObject("Generic/nextPage"), 15): Object 'Object Repository/Generic/nextPage' is present&#xD;
&#xD;
2020-07-07 16:44:41 - [MESSAGE][PASSED] - Object 'Object Repository/Generic/nextPage' is present&#xD;
&#xD;
2020-07-07 16:44:41 - [TEST_STEP][PASSED] - platform.Method.clickOnElement(findTestObject("Generic/nextPage")): platform.Method.clickOnElement is PASSED&#xD;
&#xD;
2020-07-07 16:44:43 - [MESSAGE][PASSED] - platform.Method.clickOnElement is PASSED&#xD;
&#xD;
2020-07-07 16:44:43 - [TEST_STEP][PASSED] - listElement = findWebElements(findTestObject("GenericII/listOfUserName"), 10): null&#xD;
&#xD;
2020-07-07 16:44:45 - [TEST_STEP][PASSED] - for ([index = 0, index &lt; listElement.size(), (index++)]): null&#xD;
&#xD;
2020-07-07 16:44:45 - [TEST_STEP][PASSED] - if (getText().contentEquals(username)): null&#xD;
&#xD;
2020-07-07 16:44:46 - [TEST_STEP][PASSED] - if (getText().contentEquals(username)): null&#xD;
&#xD;
2020-07-07 16:44:47 - [TEST_STEP][PASSED] - if (getText().contentEquals(username)): null&#xD;
&#xD;
2020-07-07 16:44:48 - [TEST_STEP][PASSED] - if (getText().contentEquals(username)): null&#xD;
&#xD;
2020-07-07 16:44:49 - [TEST_STEP][PASSED] - if (getText().contentEquals(username)): null&#xD;
&#xD;
2020-07-07 16:44:50 - [TEST_STEP][PASSED] - if (getText().contentEquals(username)): null&#xD;
&#xD;
2020-07-07 16:44:51 - [TEST_STEP][PASSED] - waitForElementPresent(findTestObject("Generic/nextPage"), 15): Object 'Object Repository/Generic/nextPage' is present&#xD;
&#xD;
2020-07-07 16:44:52 - [MESSAGE][PASSED] - Object 'Object Repository/Generic/nextPage' is present&#xD;
&#xD;
2020-07-07 16:44:52 - [TEST_STEP][PASSED] - platform.Method.clickOnElement(findTestObject("Generic/nextPage")): platform.Method.clickOnElement is PASSED&#xD;
&#xD;
2020-07-07 16:44:54 - [MESSAGE][PASSED] - platform.Method.clickOnElement is PASSED&#xD;
&#xD;
2020-07-07 16:44:54 - [TEST_STEP][PASSED] - listElement = findWebElements(findTestObject("GenericII/listOfUserName"), 10): null&#xD;
&#xD;
2020-07-07 16:44:56 - [TEST_STEP][PASSED] - for ([index = 0, index &lt; listElement.size(), (index++)]): null&#xD;
&#xD;
2020-07-07 16:44:56 - [TEST_STEP][PASSED] - if (getText().contentEquals(username)): null&#xD;
&#xD;
2020-07-07 16:44:57 - [TEST_STEP][PASSED] - if (getText().contentEquals(username)): null&#xD;
&#xD;
2020-07-07 16:44:58 - [TEST_STEP][PASSED] - if (getText().contentEquals(username)): null&#xD;
&#xD;
2020-07-07 16:44:59 - [TEST_STEP][PASSED] - if (getText().contentEquals(username)): null&#xD;
&#xD;
2020-07-07 16:45:00 - [TEST_STEP][PASSED] - if (getText().contentEquals(username)): null&#xD;
&#xD;
2020-07-07 16:45:01 - [TEST_STEP][PASSED] - if (getText().contentEquals(username)): null&#xD;
&#xD;
2020-07-07 16:45:02 - [TEST_STEP][PASSED] - waitForElementPresent(findTestObject("Generic/nextPage"), 15): Object 'Object Repository/Generic/nextPage' is present&#xD;
&#xD;
2020-07-07 16:45:03 - [MESSAGE][PASSED] - Object 'Object Repository/Generic/nextPage' is present&#xD;
&#xD;
2020-07-07 16:45:03 - [TEST_STEP][PASSED] - platform.Method.clickOnElement(findTestObject("Generic/nextPage")): platform.Method.clickOnElement is PASSED&#xD;
&#xD;
2020-07-07 16:45:06 - [MESSAGE][PASSED] - platform.Method.clickOnElement is PASSED&#xD;
&#xD;
2020-07-07 16:45:06 - [TEST_STEP][PASSED] - listElement = findWebElements(findTestObject("GenericII/listOfUserName"), 10): null&#xD;
&#xD;
2020-07-07 16:45:07 - [TEST_STEP][PASSED] - for ([index = 0, index &lt; listElement.size(), (index++)]): null&#xD;
&#xD;
2020-07-07 16:45:07 - [TEST_STEP][PASSED] - if (getText().contentEquals(username)): null&#xD;
&#xD;
2020-07-07 16:45:08 - [TEST_STEP][PASSED] - if (getText().contentEquals(username)): null&#xD;
&#xD;
2020-07-07 16:45:09 - [TEST_STEP][PASSED] - if (getText().contentEquals(username)): null&#xD;
&#xD;
2020-07-07 16:45:10 - [TEST_STEP][PASSED] - if (getText().contentEquals(username)): null&#xD;
&#xD;
2020-07-07 16:45:11 - [TEST_STEP][PASSED] - if (getText().contentEquals(username)): null&#xD;
&#xD;
2020-07-07 16:45:12 - [TEST_STEP][PASSED] - if (getText().contentEquals(username)): null&#xD;
&#xD;
2020-07-07 16:45:13 - [TEST_STEP][PASSED] - waitForElementPresent(findTestObject("Generic/nextPage"), 15): Object 'Object Repository/Generic/nextPage' is present&#xD;
&#xD;
2020-07-07 16:45:15 - [MESSAGE][PASSED] - Object 'Object Repository/Generic/nextPage' is present&#xD;
&#xD;
2020-07-07 16:45:15 - [TEST_STEP][PASSED] - platform.Method.clickOnElement(findTestObject("Generic/nextPage")): platform.Method.clickOnElement is PASSED&#xD;
&#xD;
2020-07-07 16:45:17 - [MESSAGE][PASSED] - platform.Method.clickOnElement is PASSED&#xD;
&#xD;
2020-07-07 16:45:17 - [TEST_STEP][PASSED] - listElement = findWebElements(findTestObject("GenericII/listOfUserName"), 10): null&#xD;
&#xD;
2020-07-07 16:45:18 - [TEST_STEP][PASSED] - for ([index = 0, index &lt; listElement.size(), (index++)]): null&#xD;
&#xD;
2020-07-07 16:45:18 - [TEST_STEP][PASSED] - if (getText().contentEquals(username)): null&#xD;
&#xD;
2020-07-07 16:45:19 - [TEST_STEP][PASSED] - if (getText().contentEquals(username)): null&#xD;
&#xD;
2020-07-07 16:45:20 - [TEST_STEP][PASSED] - if (getText().contentEquals(username)): null&#xD;
&#xD;
2020-07-07 16:45:21 - [TEST_STEP][PASSED] - if (getText().contentEquals(username)): null&#xD;
&#xD;
2020-07-07 16:45:22 - [TEST_STEP][PASSED] - if (getText().contentEquals(username)): null&#xD;
&#xD;
2020-07-07 16:45:23 - [TEST_STEP][PASSED] - if (getText().contentEquals(username)): null&#xD;
&#xD;
2020-07-07 16:45:24 - [TEST_STEP][PASSED] - waitForElementPresent(findTestObject("Generic/nextPage"), 15): Object 'Object Repository/Generic/nextPage' is present&#xD;
&#xD;
2020-07-07 16:45:26 - [MESSAGE][PASSED] - Object 'Object Repository/Generic/nextPage' is present&#xD;
&#xD;
2020-07-07 16:45:26 - [TEST_STEP][PASSED] - platform.Method.clickOnElement(findTestObject("Generic/nextPage")): platform.Method.clickOnElement is PASSED&#xD;
&#xD;
2020-07-07 16:45:28 - [MESSAGE][PASSED] - platform.Method.clickOnElement is PASSED&#xD;
&#xD;
2020-07-07 16:45:28 - [TEST_STEP][PASSED] - listElement = findWebElements(findTestObject("GenericII/listOfUserName"), 10): null&#xD;
&#xD;
2020-07-07 16:45:29 - [TEST_STEP][PASSED] - for ([index = 0, index &lt; listElement.size(), (index++)]): null&#xD;
&#xD;
2020-07-07 16:45:29 - [TEST_STEP][PASSED] - if (getText().contentEquals(username)): null&#xD;
&#xD;
2020-07-07 16:45:30 - [TEST_STEP][PASSED] - if (getText().contentEquals(username)): null&#xD;
&#xD;
2020-07-07 16:45:31 - [TEST_STEP][PASSED] - if (getText().contentEquals(username)): null&#xD;
&#xD;
2020-07-07 16:45:32 - [TEST_STEP][PASSED] - if (getText().contentEquals(username)): null&#xD;
&#xD;
2020-07-07 16:45:33 - [TEST_STEP][PASSED] - if (getText().contentEquals(username)): null&#xD;
&#xD;
2020-07-07 16:45:34 - [TEST_STEP][PASSED] - if (getText().contentEquals(username)): null&#xD;
&#xD;
2020-07-07 16:45:35 - [TEST_STEP][PASSED] - waitForElementPresent(findTestObject("Generic/nextPage"), 15): Object 'Object Repository/Generic/nextPage' is present&#xD;
&#xD;
2020-07-07 16:45:36 - [MESSAGE][PASSED] - Object 'Object Repository/Generic/nextPage' is present&#xD;
&#xD;
2020-07-07 16:45:36 - [TEST_STEP][PASSED] - platform.Method.clickOnElement(findTestObject("Generic/nextPage")): platform.Method.clickOnElement is PASSED&#xD;
&#xD;
2020-07-07 16:45:39 - [MESSAGE][PASSED] - platform.Method.clickOnElement is PASSED&#xD;
&#xD;
2020-07-07 16:45:39 - [TEST_STEP][PASSED] - listElement = findWebElements(findTestObject("GenericII/listOfUserName"), 10): null&#xD;
&#xD;
2020-07-07 16:45:40 - [TEST_STEP][PASSED] - for ([index = 0, index &lt; listElement.size(), (index++)]): null&#xD;
&#xD;
2020-07-07 16:45:40 - [TEST_STEP][PASSED] - if (getText().contentEquals(username)): null&#xD;
&#xD;
2020-07-07 16:45:41 - [TEST_STEP][PASSED] - if (getText().contentEquals(username)): null&#xD;
&#xD;
2020-07-07 16:45:42 - [TEST_STEP][PASSED] - if (getText().contentEquals(username)): null&#xD;
&#xD;
2020-07-07 16:45:44 - [TEST_STEP][PASSED] - if (getText().contentEquals(username)): null&#xD;
&#xD;
2020-07-07 16:45:45 - [TEST_STEP][PASSED] - if (getText().contentEquals(username)): null&#xD;
&#xD;
2020-07-07 16:45:46 - [TEST_STEP][PASSED] - if (getText().contentEquals(username)): null&#xD;
&#xD;
2020-07-07 16:45:47 - [TEST_STEP][PASSED] - waitForElementPresent(findTestObject("Generic/nextPage"), 15): Object 'Object Repository/Generic/nextPage' is present&#xD;
&#xD;
2020-07-07 16:45:48 - [MESSAGE][PASSED] - Object 'Object Repository/Generic/nextPage' is present&#xD;
&#xD;
2020-07-07 16:45:48 - [TEST_STEP][PASSED] - platform.Method.clickOnElement(findTestObject("Generic/nextPage")): platform.Method.clickOnElement is PASSED&#xD;
&#xD;
2020-07-07 16:45:50 - [MESSAGE][PASSED] - platform.Method.clickOnElement is PASSED&#xD;
&#xD;
2020-07-07 16:45:50 - [TEST_STEP][PASSED] - listElement = findWebElements(findTestObject("GenericII/listOfUserName"), 10): null&#xD;
&#xD;
2020-07-07 16:45:51 - [TEST_STEP][PASSED] - for ([index = 0, index &lt; listElement.size(), (index++)]): null&#xD;
&#xD;
2020-07-07 16:45:51 - [TEST_STEP][PASSED] - if (getText().contentEquals(username)): null&#xD;
&#xD;
2020-07-07 16:45:52 - [TEST_STEP][PASSED] - if (getText().contentEquals(username)): null&#xD;
&#xD;
2020-07-07 16:45:53 - [TEST_STEP][PASSED] - if (getText().contentEquals(username)): null&#xD;
&#xD;
2020-07-07 16:45:54 - [TEST_STEP][PASSED] - if (getText().contentEquals(username)): null&#xD;
&#xD;
2020-07-07 16:45:55 - [TEST_STEP][PASSED] - if (getText().contentEquals(username)): null&#xD;
&#xD;
2020-07-07 16:45:56 - [TEST_STEP][PASSED] - if (getText().contentEquals(username)): null&#xD;
&#xD;
2020-07-07 16:45:57 - [TEST_STEP][PASSED] - waitForElementPresent(findTestObject("Generic/nextPage"), 15): Object 'Object Repository/Generic/nextPage' is present&#xD;
&#xD;
2020-07-07 16:45:59 - [MESSAGE][PASSED] - Object 'Object Repository/Generic/nextPage' is present&#xD;
&#xD;
2020-07-07 16:45:59 - [TEST_STEP][PASSED] - platform.Method.clickOnElement(findTestObject("Generic/nextPage")): platform.Method.clickOnElement is PASSED&#xD;
&#xD;
2020-07-07 16:46:01 - [MESSAGE][PASSED] - platform.Method.clickOnElement is PASSED&#xD;
&#xD;
2020-07-07 16:46:01 - [TEST_STEP][PASSED] - listElement = findWebElements(findTestObject("GenericII/listOfUserName"), 10): null&#xD;
&#xD;
2020-07-07 16:46:02 - [TEST_STEP][PASSED] - for ([index = 0, index &lt; listElement.size(), (index++)]): null&#xD;
&#xD;
2020-07-07 16:46:02 - [TEST_STEP][PASSED] - if (getText().contentEquals(username)): null&#xD;
&#xD;
2020-07-07 16:46:03 - [TEST_STEP][PASSED] - if (getText().contentEquals(username)): null&#xD;
&#xD;
2020-07-07 16:46:04 - [TEST_STEP][PASSED] - if (getText().contentEquals(username)): null&#xD;
&#xD;
2020-07-07 16:46:05 - [TEST_STEP][PASSED] - if (getText().contentEquals(username)): null&#xD;
&#xD;
2020-07-07 16:46:06 - [TEST_STEP][PASSED] - if (getText().contentEquals(username)): null&#xD;
&#xD;
2020-07-07 16:46:08 - [TEST_STEP][PASSED] - if (getText().contentEquals(username)): null&#xD;
&#xD;
2020-07-07 16:46:09 - [TEST_STEP][PASSED] - waitForElementPresent(findTestObject("Generic/nextPage"), 15): Object 'Object Repository/Generic/nextPage' is present&#xD;
&#xD;
2020-07-07 16:46:10 - [MESSAGE][PASSED] - Object 'Object Repository/Generic/nextPage' is present&#xD;
&#xD;
2020-07-07 16:46:10 - [TEST_STEP][PASSED] - platform.Method.clickOnElement(findTestObject("Generic/nextPage")): platform.Method.clickOnElement is PASSED&#xD;
&#xD;
2020-07-07 16:46:12 - [MESSAGE][PASSED] - platform.Method.clickOnElement is PASSED&#xD;
&#xD;
2020-07-07 16:46:12 - [TEST_STEP][PASSED] - listElement = findWebElements(findTestObject("GenericII/listOfUserName"), 10): null&#xD;
&#xD;
2020-07-07 16:46:13 - [TEST_STEP][PASSED] - for ([index = 0, index &lt; listElement.size(), (index++)]): null&#xD;
&#xD;
2020-07-07 16:46:13 - [TEST_STEP][PASSED] - if (getText().contentEquals(username)): null&#xD;
&#xD;
2020-07-07 16:46:15 - [TEST_STEP][PASSED] - if (getText().contentEquals(username)): null&#xD;
&#xD;
2020-07-07 16:46:16 - [TEST_STEP][PASSED] - if (getText().contentEquals(username)): null&#xD;
&#xD;
2020-07-07 16:46:17 - [TEST_STEP][PASSED] - if (getText().contentEquals(username)): null&#xD;
&#xD;
2020-07-07 16:46:18 - [TEST_STEP][PASSED] - if (getText().contentEquals(username)): null&#xD;
&#xD;
2020-07-07 16:46:19 - [TEST_STEP][PASSED] - if (getText().contentEquals(username)): null&#xD;
&#xD;
2020-07-07 16:46:21 - [TEST_STEP][PASSED] - waitForElementPresent(findTestObject("Generic/nextPage"), 15): Object 'Object Repository/Generic/nextPage' is present&#xD;
&#xD;
2020-07-07 16:46:22 - [MESSAGE][PASSED] - Object 'Object Repository/Generic/nextPage' is present&#xD;
&#xD;
2020-07-07 16:46:22 - [TEST_STEP][PASSED] - platform.Method.clickOnElement(findTestObject("Generic/nextPage")): platform.Method.clickOnElement is PASSED&#xD;
&#xD;
2020-07-07 16:46:24 - [MESSAGE][PASSED] - platform.Method.clickOnElement is PASSED&#xD;
&#xD;
2020-07-07 16:46:24 - [TEST_STEP][PASSED] - listElement = findWebElements(findTestObject("GenericII/listOfUserName"), 10): null&#xD;
&#xD;
2020-07-07 16:46:25 - [TEST_STEP][PASSED] - for ([index = 0, index &lt; listElement.size(), (index++)]): null&#xD;
&#xD;
2020-07-07 16:46:25 - [TEST_STEP][PASSED] - if (getText().contentEquals(username)): null&#xD;
&#xD;
2020-07-07 16:46:26 - [TEST_STEP][PASSED] - if (getText().contentEquals(username)): null&#xD;
&#xD;
2020-07-07 16:46:28 - [TEST_STEP][PASSED] - if (getText().contentEquals(username)): null&#xD;
&#xD;
2020-07-07 16:46:29 - [TEST_STEP][PASSED] - if (getText().contentEquals(username)): null&#xD;
&#xD;
2020-07-07 16:46:30 - [TEST_STEP][PASSED] - if (getText().contentEquals(username)): null&#xD;
&#xD;
2020-07-07 16:46:31 - [TEST_STEP][PASSED] - if (getText().contentEquals(username)): null&#xD;
&#xD;
2020-07-07 16:46:32 - [TEST_STEP][PASSED] - waitForElementPresent(findTestObject("Generic/nextPage"), 15): Object 'Object Repository/Generic/nextPage' is present&#xD;
&#xD;
2020-07-07 16:46:33 - [MESSAGE][PASSED] - Object 'Object Repository/Generic/nextPage' is present&#xD;
&#xD;
2020-07-07 16:46:33 - [TEST_STEP][PASSED] - platform.Method.clickOnElement(findTestObject("Generic/nextPage")): platform.Method.clickOnElement is PASSED&#xD;
&#xD;
2020-07-07 16:46:35 - [MESSAGE][PASSED] - platform.Method.clickOnElement is PASSED&#xD;
&#xD;
2020-07-07 16:46:35 - [TEST_STEP][PASSED] - listElement = findWebElements(findTestObject("GenericII/listOfUserName"), 10): null&#xD;
&#xD;
2020-07-07 16:46:37 - [TEST_STEP][PASSED] - for ([index = 0, index &lt; listElement.size(), (index++)]): null&#xD;
&#xD;
2020-07-07 16:46:37 - [TEST_STEP][PASSED] - if (getText().contentEquals(username)): null&#xD;
&#xD;
2020-07-07 16:46:38 - [TEST_STEP][PASSED] - if (getText().contentEquals(username)): null&#xD;
&#xD;
2020-07-07 16:46:39 - [TEST_STEP][PASSED] - if (getText().contentEquals(username)): null&#xD;
&#xD;
2020-07-07 16:46:40 - [TEST_STEP][PASSED] - if (getText().contentEquals(username)): null&#xD;
&#xD;
2020-07-07 16:46:41 - [TEST_STEP][PASSED] - if (getText().contentEquals(username)): null&#xD;
&#xD;
2020-07-07 16:46:42 - [TEST_STEP][PASSED] - if (getText().contentEquals(username)): null&#xD;
&#xD;
2020-07-07 16:46:43 - [TEST_STEP][PASSED] - waitForElementPresent(findTestObject("Generic/nextPage"), 15): Object 'Object Repository/Generic/nextPage' is present&#xD;
&#xD;
2020-07-07 16:46:44 - [MESSAGE][PASSED] - Object 'Object Repository/Generic/nextPage' is present&#xD;
&#xD;
2020-07-07 16:46:44 - [TEST_STEP][PASSED] - platform.Method.clickOnElement(findTestObject("Generic/nextPage")): platform.Method.clickOnElement is PASSED&#xD;
&#xD;
2020-07-07 16:46:46 - [MESSAGE][PASSED] - platform.Method.clickOnElement is PASSED&#xD;
&#xD;
2020-07-07 16:46:46 - [TEST_STEP][PASSED] - listElement = findWebElements(findTestObject("GenericII/listOfUserName"), 10): null&#xD;
&#xD;
2020-07-07 16:46:47 - [TEST_STEP][PASSED] - for ([index = 0, index &lt; listElement.size(), (index++)]): null&#xD;
&#xD;
2020-07-07 16:46:47 - [TEST_STEP][PASSED] - if (getText().contentEquals(username)): null&#xD;
&#xD;
2020-07-07 16:46:49 - [TEST_STEP][PASSED] - if (getText().contentEquals(username)): null&#xD;
&#xD;
2020-07-07 16:46:50 - [TEST_STEP][PASSED] - if (getText().contentEquals(username)): null&#xD;
&#xD;
2020-07-07 16:46:51 - [TEST_STEP][PASSED] - if (getText().contentEquals(username)): null&#xD;
&#xD;
2020-07-07 16:46:52 - [TEST_STEP][PASSED] - if (getText().contentEquals(username)): null&#xD;
&#xD;
2020-07-07 16:46:53 - [TEST_STEP][PASSED] - if (getText().contentEquals(username)): null&#xD;
&#xD;
2020-07-07 16:46:54 - [TEST_STEP][PASSED] - waitForElementPresent(findTestObject("Generic/nextPage"), 15): Object 'Object Repository/Generic/nextPage' is present&#xD;
&#xD;
2020-07-07 16:46:55 - [MESSAGE][PASSED] - Object 'Object Repository/Generic/nextPage' is present&#xD;
&#xD;
2020-07-07 16:46:55 - [TEST_STEP][PASSED] - platform.Method.clickOnElement(findTestObject("Generic/nextPage")): platform.Method.clickOnElement is PASSED&#xD;
&#xD;
2020-07-07 16:46:57 - [MESSAGE][PASSED] - platform.Method.clickOnElement is PASSED&#xD;
&#xD;
2020-07-07 16:46:57 - [TEST_STEP][PASSED] - listElement = findWebElements(findTestObject("GenericII/listOfUserName"), 10): null&#xD;
&#xD;
2020-07-07 16:46:58 - [TEST_STEP][PASSED] - for ([index = 0, index &lt; listElement.size(), (index++)]): null&#xD;
&#xD;
2020-07-07 16:46:58 - [TEST_STEP][PASSED] - if (getText().contentEquals(username)): null&#xD;
&#xD;
2020-07-07 16:46:59 - [TEST_STEP][PASSED] - if (getText().contentEquals(username)): null&#xD;
&#xD;
2020-07-07 16:47:00 - [TEST_STEP][PASSED] - if (getText().contentEquals(username)): null&#xD;
&#xD;
2020-07-07 16:47:02 - [TEST_STEP][PASSED] - if (getText().contentEquals(username)): null&#xD;
&#xD;
2020-07-07 16:47:03 - [TEST_STEP][PASSED] - if (getText().contentEquals(username)): null&#xD;
&#xD;
2020-07-07 16:47:04 - [TEST_STEP][PASSED] - if (getText().contentEquals(username)): null&#xD;
&#xD;
2020-07-07 16:47:05 - [TEST_STEP][PASSED] - waitForElementPresent(findTestObject("Generic/nextPage"), 15): Object 'Object Repository/Generic/nextPage' is present&#xD;
&#xD;
2020-07-07 16:47:06 - [MESSAGE][PASSED] - Object 'Object Repository/Generic/nextPage' is present&#xD;
&#xD;
2020-07-07 16:47:06 - [TEST_STEP][PASSED] - platform.Method.clickOnElement(findTestObject("Generic/nextPage")): platform.Method.clickOnElement is PASSED&#xD;
&#xD;
2020-07-07 16:47:08 - [MESSAGE][PASSED] - platform.Method.clickOnElement is PASSED&#xD;
&#xD;
2020-07-07 16:47:08 - [TEST_STEP][PASSED] - listElement = findWebElements(findTestObject("GenericII/listOfUserName"), 10): null&#xD;
&#xD;
2020-07-07 16:47:10 - [TEST_STEP][PASSED] - for ([index = 0, index &lt; listElement.size(), (index++)]): null&#xD;
&#xD;
2020-07-07 16:47:10 - [TEST_STEP][PASSED] - if (getText().contentEquals(username)): null&#xD;
&#xD;
2020-07-07 16:47:11 - [TEST_STEP][PASSED] - if (getText().contentEquals(username)): null&#xD;
&#xD;
2020-07-07 16:47:12 - [TEST_STEP][PASSED] - if (getText().contentEquals(username)): null&#xD;
&#xD;
2020-07-07 16:47:13 - [TEST_STEP][PASSED] - if (getText().contentEquals(username)): null&#xD;
&#xD;
2020-07-07 16:47:14 - [TEST_STEP][PASSED] - if (getText().contentEquals(username)): null&#xD;
&#xD;
2020-07-07 16:47:16 - [TEST_STEP][PASSED] - if (getText().contentEquals(username)): null&#xD;
&#xD;
2020-07-07 16:47:17 - [TEST_STEP][PASSED] - waitForElementPresent(findTestObject("Generic/nextPage"), 15): Object 'Object Repository/Generic/nextPage' is present&#xD;
&#xD;
2020-07-07 16:47:18 - [MESSAGE][PASSED] - Object 'Object Repository/Generic/nextPage' is present&#xD;
&#xD;
2020-07-07 16:47:18 - [TEST_STEP][PASSED] - platform.Method.clickOnElement(findTestObject("Generic/nextPage")): platform.Method.clickOnElement is PASSED&#xD;
&#xD;
2020-07-07 16:47:20 - [MESSAGE][PASSED] - platform.Method.clickOnElement is PASSED&#xD;
&#xD;
2020-07-07 16:47:20 - [TEST_STEP][PASSED] - listElement = findWebElements(findTestObject("GenericII/listOfUserName"), 10): null&#xD;
&#xD;
2020-07-07 16:47:22 - [TEST_STEP][PASSED] - for ([index = 0, index &lt; listElement.size(), (index++)]): null&#xD;
&#xD;
2020-07-07 16:47:22 - [TEST_STEP][PASSED] - if (getText().contentEquals(username)): null&#xD;
&#xD;
2020-07-07 16:47:23 - [TEST_STEP][PASSED] - if (getText().contentEquals(username)): null&#xD;
&#xD;
2020-07-07 16:47:24 - [TEST_STEP][PASSED] - if (getText().contentEquals(username)): null&#xD;
&#xD;
2020-07-07 16:47:25 - [TEST_STEP][PASSED] - if (getText().contentEquals(username)): null&#xD;
&#xD;
2020-07-07 16:47:26 - [TEST_STEP][PASSED] - if (getText().contentEquals(username)): null&#xD;
&#xD;
2020-07-07 16:47:27 - [TEST_STEP][PASSED] - if (getText().contentEquals(username)): null&#xD;
&#xD;
2020-07-07 16:47:28 - [TEST_STEP][PASSED] - waitForElementPresent(findTestObject("Generic/nextPage"), 15): Object 'Object Repository/Generic/nextPage' is present&#xD;
&#xD;
2020-07-07 16:47:29 - [MESSAGE][PASSED] - Object 'Object Repository/Generic/nextPage' is present&#xD;
&#xD;
2020-07-07 16:47:29 - [TEST_STEP][PASSED] - platform.Method.clickOnElement(findTestObject("Generic/nextPage")): platform.Method.clickOnElement is PASSED&#xD;
&#xD;
2020-07-07 16:47:32 - [MESSAGE][PASSED] - platform.Method.clickOnElement is PASSED&#xD;
&#xD;
2020-07-07 16:47:32 - [TEST_STEP][PASSED] - listElement = findWebElements(findTestObject("GenericII/listOfUserName"), 10): null&#xD;
&#xD;
2020-07-07 16:47:33 - [TEST_STEP][PASSED] - for ([index = 0, index &lt; listElement.size(), (index++)]): null&#xD;
&#xD;
2020-07-07 16:47:33 - [TEST_STEP][PASSED] - if (getText().contentEquals(username)): null&#xD;
&#xD;
2020-07-07 16:47:34 - [TEST_STEP][PASSED] - if (getText().contentEquals(username)): null&#xD;
&#xD;
2020-07-07 16:47:35 - [TEST_STEP][PASSED] - if (getText().contentEquals(username)): null&#xD;
&#xD;
2020-07-07 16:47:36 - [TEST_STEP][PASSED] - if (getText().contentEquals(username)): null&#xD;
&#xD;
2020-07-07 16:47:37 - [TEST_STEP][PASSED] - if (getText().contentEquals(username)): null&#xD;
&#xD;
2020-07-07 16:47:38 - [TEST_STEP][PASSED] - if (getText().contentEquals(username)): null&#xD;
&#xD;
2020-07-07 16:47:39 - [TEST_STEP][PASSED] - waitForElementPresent(findTestObject("Generic/nextPage"), 15): Object 'Object Repository/Generic/nextPage' is present&#xD;
&#xD;
2020-07-07 16:47:41 - [MESSAGE][PASSED] - Object 'Object Repository/Generic/nextPage' is present&#xD;
&#xD;
2020-07-07 16:47:41 - [TEST_STEP][PASSED] - platform.Method.clickOnElement(findTestObject("Generic/nextPage")): platform.Method.clickOnElement is PASSED&#xD;
&#xD;
2020-07-07 16:47:44 - [MESSAGE][PASSED] - platform.Method.clickOnElement is PASSED&#xD;
&#xD;
2020-07-07 16:47:44 - [TEST_STEP][PASSED] - listElement = findWebElements(findTestObject("GenericII/listOfUserName"), 10): null&#xD;
&#xD;
2020-07-07 16:47:45 - [TEST_STEP][PASSED] - for ([index = 0, index &lt; listElement.size(), (index++)]): null&#xD;
&#xD;
2020-07-07 16:47:45 - [TEST_STEP][PASSED] - if (getText().contentEquals(username)): null&#xD;
&#xD;
2020-07-07 16:47:47 - [TEST_STEP][PASSED] - if (getText().contentEquals(username)): null&#xD;
&#xD;
2020-07-07 16:47:48 - [TEST_STEP][PASSED] - if (getText().contentEquals(username)): null&#xD;
&#xD;
2020-07-07 16:47:49 - [TEST_STEP][PASSED] - if (getText().contentEquals(username)): null&#xD;
&#xD;
2020-07-07 16:47:50 - [TEST_STEP][PASSED] - if (getText().contentEquals(username)): null&#xD;
&#xD;
2020-07-07 16:47:51 - [TEST_STEP][PASSED] - if (getText().contentEquals(username)): null&#xD;
&#xD;
2020-07-07 16:47:52 - [TEST_STEP][PASSED] - waitForElementPresent(findTestObject("Generic/nextPage"), 15): Object 'Object Repository/Generic/nextPage' is present&#xD;
&#xD;
2020-07-07 16:47:53 - [MESSAGE][PASSED] - Object 'Object Repository/Generic/nextPage' is present&#xD;
&#xD;
2020-07-07 16:47:53 - [TEST_STEP][PASSED] - platform.Method.clickOnElement(findTestObject("Generic/nextPage")): platform.Method.clickOnElement is PASSED&#xD;
&#xD;
2020-07-07 16:47:55 - [MESSAGE][PASSED] - platform.Method.clickOnElement is PASSED&#xD;
&#xD;
2020-07-07 16:47:55 - [TEST_STEP][PASSED] - listElement = findWebElements(findTestObject("GenericII/listOfUserName"), 10): null&#xD;
&#xD;
2020-07-07 16:47:57 - [TEST_STEP][PASSED] - for ([index = 0, index &lt; listElement.size(), (index++)]): null&#xD;
&#xD;
2020-07-07 16:47:57 - [TEST_STEP][PASSED] - if (getText().contentEquals(username)): null&#xD;
&#xD;
2020-07-07 16:47:58 - [TEST_STEP][PASSED] - if (getText().contentEquals(username)): null&#xD;
&#xD;
2020-07-07 16:47:59 - [TEST_STEP][PASSED] - if (getText().contentEquals(username)): null&#xD;
&#xD;
2020-07-07 16:48:00 - [TEST_STEP][PASSED] - if (getText().contentEquals(username)): null&#xD;
&#xD;
2020-07-07 16:48:01 - [TEST_STEP][PASSED] - if (getText().contentEquals(username)): null&#xD;
&#xD;
2020-07-07 16:48:02 - [TEST_STEP][PASSED] - if (getText().contentEquals(username)): null&#xD;
&#xD;
2020-07-07 16:48:04 - [TEST_STEP][PASSED] - waitForElementPresent(findTestObject("Generic/nextPage"), 15): Object 'Object Repository/Generic/nextPage' is present&#xD;
&#xD;
2020-07-07 16:48:05 - [MESSAGE][PASSED] - Object 'Object Repository/Generic/nextPage' is present&#xD;
&#xD;
2020-07-07 16:48:05 - [TEST_STEP][PASSED] - platform.Method.clickOnElement(findTestObject("Generic/nextPage")): platform.Method.clickOnElement is PASSED&#xD;
&#xD;
2020-07-07 16:48:07 - [MESSAGE][PASSED] - platform.Method.clickOnElement is PASSED&#xD;
&#xD;
2020-07-07 16:48:07 - [TEST_STEP][PASSED] - listElement = findWebElements(findTestObject("GenericII/listOfUserName"), 10): null&#xD;
&#xD;
2020-07-07 16:48:09 - [TEST_STEP][PASSED] - for ([index = 0, index &lt; listElement.size(), (index++)]): null&#xD;
&#xD;
2020-07-07 16:48:09 - [TEST_STEP][PASSED] - if (getText().contentEquals(username)): null&#xD;
&#xD;
2020-07-07 16:48:10 - [TEST_STEP][PASSED] - if (getText().contentEquals(username)): null&#xD;
&#xD;
2020-07-07 16:48:11 - [TEST_STEP][PASSED] - if (getText().contentEquals(username)): null&#xD;
&#xD;
2020-07-07 16:48:12 - [TEST_STEP][PASSED] - if (getText().contentEquals(username)): null&#xD;
&#xD;
2020-07-07 16:48:13 - [TEST_STEP][PASSED] - if (getText().contentEquals(username)): null&#xD;
&#xD;
2020-07-07 16:48:14 - [TEST_STEP][PASSED] - if (getText().contentEquals(username)): null&#xD;
&#xD;
2020-07-07 16:48:15 - [TEST_STEP][PASSED] - waitForElementPresent(findTestObject("Generic/nextPage"), 15): Object 'Object Repository/Generic/nextPage' is present&#xD;
&#xD;
2020-07-07 16:48:16 - [MESSAGE][PASSED] - Object 'Object Repository/Generic/nextPage' is present&#xD;
&#xD;
2020-07-07 16:48:16 - [TEST_STEP][PASSED] - platform.Method.clickOnElement(findTestObject("Generic/nextPage")): platform.Method.clickOnElement is PASSED&#xD;
&#xD;
2020-07-07 16:48:19 - [MESSAGE][PASSED] - platform.Method.clickOnElement is PASSED&#xD;
&#xD;
2020-07-07 16:48:19 - [TEST_STEP][PASSED] - listElement = findWebElements(findTestObject("GenericII/listOfUserName"), 10): null&#xD;
&#xD;
2020-07-07 16:48:20 - [TEST_STEP][PASSED] - for ([index = 0, index &lt; listElement.size(), (index++)]): null&#xD;
&#xD;
2020-07-07 16:48:20 - [TEST_STEP][PASSED] - if (getText().contentEquals(username)): null&#xD;
&#xD;
2020-07-07 16:48:21 - [TEST_STEP][PASSED] - if (getText().contentEquals(username)): null&#xD;
&#xD;
2020-07-07 16:48:23 - [TEST_STEP][PASSED] - if (getText().contentEquals(username)): null&#xD;
&#xD;
2020-07-07 16:48:24 - [TEST_STEP][PASSED] - if (getText().contentEquals(username)): null&#xD;
&#xD;
2020-07-07 16:48:25 - [TEST_STEP][PASSED] - if (getText().contentEquals(username)): null&#xD;
&#xD;
2020-07-07 16:48:26 - [TEST_STEP][PASSED] - if (getText().contentEquals(username)): null&#xD;
&#xD;
2020-07-07 16:48:27 - [TEST_STEP][PASSED] - waitForElementPresent(findTestObject("Generic/nextPage"), 15): Object 'Object Repository/Generic/nextPage' is present&#xD;
&#xD;
2020-07-07 16:48:28 - [MESSAGE][PASSED] - Object 'Object Repository/Generic/nextPage' is present&#xD;
&#xD;
2020-07-07 16:48:28 - [TEST_STEP][PASSED] - platform.Method.clickOnElement(findTestObject("Generic/nextPage")): platform.Method.clickOnElement is PASSED&#xD;
&#xD;
2020-07-07 16:48:30 - [MESSAGE][PASSED] - platform.Method.clickOnElement is PASSED&#xD;
&#xD;
2020-07-07 16:48:30 - [TEST_STEP][PASSED] - listElement = findWebElements(findTestObject("GenericII/listOfUserName"), 10): null&#xD;
&#xD;
2020-07-07 16:48:32 - [TEST_STEP][PASSED] - for ([index = 0, index &lt; listElement.size(), (index++)]): null&#xD;
&#xD;
2020-07-07 16:48:32 - [TEST_STEP][PASSED] - if (getText().contentEquals(username)): null&#xD;
&#xD;
2020-07-07 16:48:33 - [TEST_STEP][PASSED] - if (getText().contentEquals(username)): null&#xD;
&#xD;
2020-07-07 16:48:34 - [TEST_STEP][PASSED] - if (getText().contentEquals(username)): null&#xD;
&#xD;
2020-07-07 16:48:35 - [TEST_STEP][PASSED] - if (getText().contentEquals(username)): null&#xD;
&#xD;
2020-07-07 16:48:36 - [TEST_STEP][PASSED] - if (getText().contentEquals(username)): null&#xD;
&#xD;
2020-07-07 16:48:37 - [TEST_STEP][PASSED] - if (getText().contentEquals(username)): null&#xD;
&#xD;
2020-07-07 16:48:38 - [TEST_STEP][PASSED] - waitForElementPresent(findTestObject("Generic/nextPage"), 15): Object 'Object Repository/Generic/nextPage' is present&#xD;
&#xD;
2020-07-07 16:48:39 - [MESSAGE][PASSED] - Object 'Object Repository/Generic/nextPage' is present&#xD;
&#xD;
2020-07-07 16:48:39 - [TEST_STEP][PASSED] - platform.Method.clickOnElement(findTestObject("Generic/nextPage")): platform.Method.clickOnElement is PASSED&#xD;
&#xD;
2020-07-07 16:48:42 - [MESSAGE][PASSED] - platform.Method.clickOnElement is PASSED&#xD;
&#xD;
2020-07-07 16:48:42 - [TEST_STEP][PASSED] - listElement = findWebElements(findTestObject("GenericII/listOfUserName"), 10): null&#xD;
&#xD;
2020-07-07 16:48:43 - [TEST_STEP][PASSED] - for ([index = 0, index &lt; listElement.size(), (index++)]): null&#xD;
&#xD;
2020-07-07 16:48:43 - [TEST_STEP][PASSED] - if (getText().contentEquals(username)): null&#xD;
&#xD;
2020-07-07 16:48:44 - [TEST_STEP][PASSED] - if (getText().contentEquals(username)): null&#xD;
&#xD;
2020-07-07 16:48:45 - [TEST_STEP][PASSED] - if (getText().contentEquals(username)): null&#xD;
&#xD;
2020-07-07 16:48:46 - [TEST_STEP][PASSED] - if (getText().contentEquals(username)): null&#xD;
&#xD;
2020-07-07 16:48:47 - [TEST_STEP][PASSED] - if (getText().contentEquals(username)): null&#xD;
&#xD;
2020-07-07 16:48:48 - [TEST_STEP][PASSED] - if (getText().contentEquals(username)): null&#xD;
&#xD;
2020-07-07 16:48:49 - [TEST_STEP][PASSED] - waitForElementPresent(findTestObject("Generic/nextPage"), 15): Object 'Object Repository/Generic/nextPage' is present&#xD;
&#xD;
2020-07-07 16:48:50 - [MESSAGE][PASSED] - Object 'Object Repository/Generic/nextPage' is present&#xD;
&#xD;
2020-07-07 16:48:50 - [TEST_STEP][PASSED] - platform.Method.clickOnElement(findTestObject("Generic/nextPage")): platform.Method.clickOnElement is PASSED&#xD;
&#xD;
2020-07-07 16:48:53 - [MESSAGE][PASSED] - platform.Method.clickOnElement is PASSED&#xD;
&#xD;
2020-07-07 16:48:53 - [TEST_STEP][PASSED] - listElement = findWebElements(findTestObject("GenericII/listOfUserName"), 10): null&#xD;
&#xD;
2020-07-07 16:48:54 - [TEST_STEP][PASSED] - for ([index = 0, index &lt; listElement.size(), (index++)]): null&#xD;
&#xD;
2020-07-07 16:48:54 - [TEST_STEP][PASSED] - if (getText().contentEquals(username)): null&#xD;
&#xD;
2020-07-07 16:48:55 - [TEST_STEP][PASSED] - if (getText().contentEquals(username)): null&#xD;
&#xD;
2020-07-07 16:48:56 - [TEST_STEP][PASSED] - if (getText().contentEquals(username)): null&#xD;
&#xD;
2020-07-07 16:48:57 - [TEST_STEP][PASSED] - if (getText().contentEquals(username)): null&#xD;
&#xD;
2020-07-07 16:48:58 - [TEST_STEP][PASSED] - if (getText().contentEquals(username)): null&#xD;
&#xD;
2020-07-07 16:48:59 - [TEST_STEP][PASSED] - if (getText().contentEquals(username)): null&#xD;
&#xD;
2020-07-07 16:49:00 - [TEST_STEP][PASSED] - waitForElementPresent(findTestObject("Generic/nextPage"), 15): Object 'Object Repository/Generic/nextPage' is present&#xD;
&#xD;
2020-07-07 16:49:02 - [MESSAGE][PASSED] - Object 'Object Repository/Generic/nextPage' is present&#xD;
&#xD;
2020-07-07 16:49:02 - [TEST_STEP][PASSED] - platform.Method.clickOnElement(findTestObject("Generic/nextPage")): platform.Method.clickOnElement is PASSED&#xD;
&#xD;
2020-07-07 16:49:04 - [MESSAGE][PASSED] - platform.Method.clickOnElement is PASSED&#xD;
&#xD;
2020-07-07 16:49:04 - [TEST_STEP][PASSED] - listElement = findWebElements(findTestObject("GenericII/listOfUserName"), 10): null&#xD;
&#xD;
2020-07-07 16:49:06 - [TEST_STEP][PASSED] - for ([index = 0, index &lt; listElement.size(), (index++)]): null&#xD;
&#xD;
2020-07-07 16:49:06 - [TEST_STEP][PASSED] - if (getText().contentEquals(username)): null&#xD;
&#xD;
2020-07-07 16:49:07 - [TEST_STEP][PASSED] - if (getText().contentEquals(username)): null&#xD;
&#xD;
2020-07-07 16:49:08 - [TEST_STEP][PASSED] - if (getText().contentEquals(username)): null&#xD;
&#xD;
2020-07-07 16:49:09 - [TEST_STEP][PASSED] - if (getText().contentEquals(username)): null&#xD;
&#xD;
2020-07-07 16:49:10 - [TEST_STEP][PASSED] - if (getText().contentEquals(username)): null&#xD;
&#xD;
2020-07-07 16:49:11 - [TEST_STEP][PASSED] - if (getText().contentEquals(username)): null&#xD;
&#xD;
2020-07-07 16:49:12 - [TEST_STEP][PASSED] - waitForElementPresent(findTestObject("Generic/nextPage"), 15): Object 'Object Repository/Generic/nextPage' is present&#xD;
&#xD;
2020-07-07 16:49:13 - [MESSAGE][PASSED] - Object 'Object Repository/Generic/nextPage' is present&#xD;
&#xD;
2020-07-07 16:49:13 - [TEST_STEP][PASSED] - platform.Method.clickOnElement(findTestObject("Generic/nextPage")): platform.Method.clickOnElement is PASSED&#xD;
&#xD;
2020-07-07 16:49:16 - [MESSAGE][PASSED] - platform.Method.clickOnElement is PASSED&#xD;
&#xD;
2020-07-07 16:49:16 - [TEST_STEP][PASSED] - listElement = findWebElements(findTestObject("GenericII/listOfUserName"), 10): null&#xD;
&#xD;
2020-07-07 16:49:17 - [TEST_STEP][PASSED] - for ([index = 0, index &lt; listElement.size(), (index++)]): null&#xD;
&#xD;
2020-07-07 16:49:17 - [TEST_STEP][PASSED] - if (getText().contentEquals(username)): null&#xD;
&#xD;
2020-07-07 16:49:18 - [TEST_STEP][PASSED] - if (getText().contentEquals(username)): null&#xD;
&#xD;
2020-07-07 16:49:19 - [TEST_STEP][PASSED] - if (getText().contentEquals(username)): null&#xD;
&#xD;
2020-07-07 16:49:20 - [TEST_STEP][PASSED] - if (getText().contentEquals(username)): null&#xD;
&#xD;
2020-07-07 16:49:21 - [TEST_STEP][PASSED] - if (getText().contentEquals(username)): null&#xD;
&#xD;
2020-07-07 16:49:22 - [TEST_STEP][PASSED] - if (getText().contentEquals(username)): null&#xD;
&#xD;
2020-07-07 16:49:23 - [TEST_STEP][PASSED] - waitForElementPresent(findTestObject("Generic/nextPage"), 15): Object 'Object Repository/Generic/nextPage' is present&#xD;
&#xD;
2020-07-07 16:49:25 - [MESSAGE][PASSED] - Object 'Object Repository/Generic/nextPage' is present&#xD;
&#xD;
2020-07-07 16:49:25 - [TEST_STEP][PASSED] - platform.Method.clickOnElement(findTestObject("Generic/nextPage")): platform.Method.clickOnElement is PASSED&#xD;
&#xD;
2020-07-07 16:49:27 - [MESSAGE][PASSED] - platform.Method.clickOnElement is PASSED&#xD;
&#xD;
2020-07-07 16:49:27 - [TEST_STEP][PASSED] - listElement = findWebElements(findTestObject("GenericII/listOfUserName"), 10): null&#xD;
&#xD;
2020-07-07 16:49:28 - [TEST_STEP][PASSED] - for ([index = 0, index &lt; listElement.size(), (index++)]): null&#xD;
&#xD;
2020-07-07 16:49:28 - [TEST_STEP][PASSED] - if (getText().contentEquals(username)): null&#xD;
&#xD;
2020-07-07 16:49:29 - [TEST_STEP][PASSED] - if (getText().contentEquals(username)): null&#xD;
&#xD;
2020-07-07 16:49:30 - [TEST_STEP][PASSED] - if (getText().contentEquals(username)): null&#xD;
&#xD;
2020-07-07 16:49:31 - [TEST_STEP][PASSED] - if (getText().contentEquals(username)): null&#xD;
&#xD;
2020-07-07 16:49:32 - [TEST_STEP][PASSED] - if (getText().contentEquals(username)): null&#xD;
&#xD;
2020-07-07 16:49:33 - [TEST_STEP][PASSED] - if (getText().contentEquals(username)): null&#xD;
&#xD;
2020-07-07 16:49:35 - [TEST_STEP][PASSED] - waitForElementPresent(findTestObject("Generic/nextPage"), 15): Object 'Object Repository/Generic/nextPage' is present&#xD;
&#xD;
2020-07-07 16:49:36 - [MESSAGE][PASSED] - Object 'Object Repository/Generic/nextPage' is present&#xD;
&#xD;
2020-07-07 16:49:36 - [TEST_STEP][PASSED] - platform.Method.clickOnElement(findTestObject("Generic/nextPage")): platform.Method.clickOnElement is PASSED&#xD;
&#xD;
2020-07-07 16:49:38 - [MESSAGE][PASSED] - platform.Method.clickOnElement is PASSED&#xD;
&#xD;
2020-07-07 16:49:38 - [TEST_STEP][PASSED] - listElement = findWebElements(findTestObject("GenericII/listOfUserName"), 10): null&#xD;
&#xD;
2020-07-07 16:49:39 - [TEST_STEP][PASSED] - for ([index = 0, index &lt; listElement.size(), (index++)]): null&#xD;
&#xD;
2020-07-07 16:49:39 - [TEST_STEP][PASSED] - if (getText().contentEquals(username)): null&#xD;
&#xD;
2020-07-07 16:49:41 - [TEST_STEP][PASSED] - if (getText().contentEquals(username)): null&#xD;
&#xD;
2020-07-07 16:49:42 - [TEST_STEP][PASSED] - if (getText().contentEquals(username)): null&#xD;
&#xD;
2020-07-07 16:49:43 - [TEST_STEP][PASSED] - if (getText().contentEquals(username)): null&#xD;
&#xD;
2020-07-07 16:49:44 - [TEST_STEP][PASSED] - if (getText().contentEquals(username)): null&#xD;
&#xD;
2020-07-07 16:49:45 - [TEST_STEP][PASSED] - if (getText().contentEquals(username)): null&#xD;
&#xD;
2020-07-07 16:49:46 - [TEST_STEP][PASSED] - waitForElementPresent(findTestObject("Generic/nextPage"), 15): Object 'Object Repository/Generic/nextPage' is present&#xD;
&#xD;
2020-07-07 16:49:47 - [MESSAGE][PASSED] - Object 'Object Repository/Generic/nextPage' is present&#xD;
&#xD;
2020-07-07 16:49:47 - [TEST_STEP][PASSED] - platform.Method.clickOnElement(findTestObject("Generic/nextPage")): platform.Method.clickOnElement is PASSED&#xD;
&#xD;
2020-07-07 16:49:49 - [MESSAGE][PASSED] - platform.Method.clickOnElement is PASSED&#xD;
&#xD;
2020-07-07 16:49:49 - [TEST_STEP][PASSED] - listElement = findWebElements(findTestObject("GenericII/listOfUserName"), 10): null&#xD;
&#xD;
2020-07-07 16:49:50 - [TEST_STEP][PASSED] - for ([index = 0, index &lt; listElement.size(), (index++)]): null&#xD;
&#xD;
2020-07-07 16:49:50 - [TEST_STEP][PASSED] - if (getText().contentEquals(username)): null&#xD;
&#xD;
2020-07-07 16:49:51 - [TEST_STEP][PASSED] - if (getText().contentEquals(username)): null&#xD;
&#xD;
2020-07-07 16:49:52 - [TEST_STEP][PASSED] - if (getText().contentEquals(username)): null&#xD;
&#xD;
2020-07-07 16:49:53 - [TEST_STEP][PASSED] - if (getText().contentEquals(username)): null&#xD;
&#xD;
2020-07-07 16:49:55 - [TEST_STEP][PASSED] - if (getText().contentEquals(username)): null&#xD;
&#xD;
2020-07-07 16:49:56 - [TEST_STEP][PASSED] - if (getText().contentEquals(username)): null&#xD;
&#xD;
2020-07-07 16:49:57 - [TEST_STEP][PASSED] - waitForElementPresent(findTestObject("Generic/nextPage"), 15): Object 'Object Repository/Generic/nextPage' is present&#xD;
&#xD;
2020-07-07 16:49:58 - [MESSAGE][PASSED] - Object 'Object Repository/Generic/nextPage' is present&#xD;
&#xD;
2020-07-07 16:49:58 - [TEST_STEP][PASSED] - platform.Method.clickOnElement(findTestObject("Generic/nextPage")): platform.Method.clickOnElement is PASSED&#xD;
&#xD;
2020-07-07 16:50:00 - [MESSAGE][PASSED] - platform.Method.clickOnElement is PASSED&#xD;
&#xD;
2020-07-07 16:50:00 - [TEST_STEP][PASSED] - listElement = findWebElements(findTestObject("GenericII/listOfUserName"), 10): null&#xD;
&#xD;
2020-07-07 16:50:02 - [TEST_STEP][PASSED] - for ([index = 0, index &lt; listElement.size(), (index++)]): null&#xD;
&#xD;
2020-07-07 16:50:02 - [TEST_STEP][PASSED] - if (getText().contentEquals(username)): null&#xD;
&#xD;
2020-07-07 16:50:03 - [TEST_STEP][PASSED] - if (getText().contentEquals(username)): null&#xD;
&#xD;
2020-07-07 16:50:04 - [TEST_STEP][PASSED] - if (getText().contentEquals(username)): null&#xD;
&#xD;
2020-07-07 16:50:05 - [TEST_STEP][PASSED] - if (getText().contentEquals(username)): null&#xD;
&#xD;
2020-07-07 16:50:06 - [TEST_STEP][PASSED] - if (getText().contentEquals(username)): null&#xD;
&#xD;
2020-07-07 16:50:07 - [TEST_STEP][PASSED] - if (getText().contentEquals(username)): null&#xD;
&#xD;
2020-07-07 16:50:08 - [TEST_STEP][PASSED] - waitForElementPresent(findTestObject("Generic/nextPage"), 15): Object 'Object Repository/Generic/nextPage' is present&#xD;
&#xD;
2020-07-07 16:50:10 - [MESSAGE][PASSED] - Object 'Object Repository/Generic/nextPage' is present&#xD;
&#xD;
2020-07-07 16:50:10 - [TEST_STEP][PASSED] - platform.Method.clickOnElement(findTestObject("Generic/nextPage")): platform.Method.clickOnElement is PASSED&#xD;
&#xD;
2020-07-07 16:50:13 - [MESSAGE][PASSED] - platform.Method.clickOnElement is PASSED&#xD;
&#xD;
2020-07-07 16:50:13 - [TEST_STEP][PASSED] - listElement = findWebElements(findTestObject("GenericII/listOfUserName"), 10): null&#xD;
&#xD;
2020-07-07 16:50:15 - [TEST_STEP][PASSED] - for ([index = 0, index &lt; listElement.size(), (index++)]): null&#xD;
&#xD;
2020-07-07 16:50:15 - [TEST_STEP][PASSED] - if (getText().contentEquals(username)): null&#xD;
&#xD;
2020-07-07 16:50:16 - [TEST_STEP][PASSED] - if (getText().contentEquals(username)): null&#xD;
&#xD;
2020-07-07 16:50:17 - [TEST_STEP][PASSED] - if (getText().contentEquals(username)): null&#xD;
&#xD;
2020-07-07 16:50:18 - [TEST_STEP][PASSED] - if (getText().contentEquals(username)): null&#xD;
&#xD;
2020-07-07 16:50:19 - [TEST_STEP][PASSED] - if (getText().contentEquals(username)): null&#xD;
&#xD;
2020-07-07 16:50:20 - [TEST_STEP][PASSED] - if (getText().contentEquals(username)): null&#xD;
&#xD;
2020-07-07 16:50:21 - [TEST_STEP][PASSED] - waitForElementPresent(findTestObject("Generic/nextPage"), 15): Object 'Object Repository/Generic/nextPage' is present&#xD;
&#xD;
2020-07-07 16:50:23 - [MESSAGE][PASSED] - Object 'Object Repository/Generic/nextPage' is present&#xD;
&#xD;
2020-07-07 16:50:23 - [TEST_STEP][PASSED] - platform.Method.clickOnElement(findTestObject("Generic/nextPage")): platform.Method.clickOnElement is PASSED&#xD;
&#xD;
2020-07-07 16:50:25 - [MESSAGE][PASSED] - platform.Method.clickOnElement is PASSED&#xD;
&#xD;
2020-07-07 16:50:25 - [TEST_STEP][PASSED] - listElement = findWebElements(findTestObject("GenericII/listOfUserName"), 10): null&#xD;
&#xD;
2020-07-07 16:50:26 - [TEST_STEP][PASSED] - for ([index = 0, index &lt; listElement.size(), (index++)]): null&#xD;
&#xD;
2020-07-07 16:50:26 - [TEST_STEP][PASSED] - if (getText().contentEquals(username)): null&#xD;
&#xD;
2020-07-07 16:50:28 - [TEST_STEP][PASSED] - if (getText().contentEquals(username)): null&#xD;
&#xD;
2020-07-07 16:50:29 - [TEST_STEP][PASSED] - if (getText().contentEquals(username)): null&#xD;
&#xD;
2020-07-07 16:50:30 - [TEST_STEP][PASSED] - if (getText().contentEquals(username)): null&#xD;
&#xD;
2020-07-07 16:50:31 - [TEST_STEP][PASSED] - if (getText().contentEquals(username)): null&#xD;
&#xD;
2020-07-07 16:50:32 - [TEST_STEP][PASSED] - if (getText().contentEquals(username)): null&#xD;
&#xD;
2020-07-07 16:50:33 - [TEST_STEP][PASSED] - waitForElementPresent(findTestObject("Generic/nextPage"), 15): Object 'Object Repository/Generic/nextPage' is present&#xD;
&#xD;
2020-07-07 16:50:34 - [MESSAGE][PASSED] - Object 'Object Repository/Generic/nextPage' is present&#xD;
&#xD;
2020-07-07 16:50:34 - [TEST_STEP][PASSED] - platform.Method.clickOnElement(findTestObject("Generic/nextPage")): platform.Method.clickOnElement is PASSED&#xD;
&#xD;
2020-07-07 16:50:37 - [MESSAGE][PASSED] - platform.Method.clickOnElement is PASSED&#xD;
&#xD;
2020-07-07 16:50:37 - [TEST_STEP][PASSED] - listElement = findWebElements(findTestObject("GenericII/listOfUserName"), 10): null&#xD;
&#xD;
2020-07-07 16:50:38 - [TEST_STEP][PASSED] - for ([index = 0, index &lt; listElement.size(), (index++)]): null&#xD;
&#xD;
2020-07-07 16:50:38 - [TEST_STEP][PASSED] - if (getText().contentEquals(username)): null&#xD;
&#xD;
2020-07-07 16:50:39 - [TEST_STEP][PASSED] - if (getText().contentEquals(username)): null&#xD;
&#xD;
2020-07-07 16:50:40 - [TEST_STEP][PASSED] - if (getText().contentEquals(username)): null&#xD;
&#xD;
2020-07-07 16:50:41 - [TEST_STEP][PASSED] - if (getText().contentEquals(username)): null&#xD;
&#xD;
2020-07-07 16:50:42 - [TEST_STEP][PASSED] - if (getText().contentEquals(username)): null&#xD;
&#xD;
2020-07-07 16:50:43 - [TEST_STEP][PASSED] - if (getText().contentEquals(username)): null&#xD;
&#xD;
2020-07-07 16:50:44 - [TEST_STEP][PASSED] - waitForElementPresent(findTestObject("Generic/nextPage"), 15): Object 'Object Repository/Generic/nextPage' is present&#xD;
&#xD;
2020-07-07 16:50:46 - [MESSAGE][PASSED] - Object 'Object Repository/Generic/nextPage' is present&#xD;
&#xD;
2020-07-07 16:50:46 - [TEST_STEP][PASSED] - platform.Method.clickOnElement(findTestObject("Generic/nextPage")): platform.Method.clickOnElement is PASSED&#xD;
&#xD;
2020-07-07 16:50:48 - [MESSAGE][PASSED] - platform.Method.clickOnElement is PASSED&#xD;
&#xD;
2020-07-07 16:50:48 - [TEST_STEP][PASSED] - listElement = findWebElements(findTestObject("GenericII/listOfUserName"), 10): null&#xD;
&#xD;
2020-07-07 16:50:50 - [TEST_STEP][PASSED] - for ([index = 0, index &lt; listElement.size(), (index++)]): null&#xD;
&#xD;
2020-07-07 16:50:50 - [TEST_STEP][PASSED] - if (getText().contentEquals(username)): null&#xD;
&#xD;
2020-07-07 16:50:51 - [TEST_STEP][PASSED] - if (getText().contentEquals(username)): null&#xD;
&#xD;
2020-07-07 16:50:52 - [TEST_STEP][PASSED] - if (getText().contentEquals(username)): null&#xD;
&#xD;
2020-07-07 16:50:53 - [TEST_STEP][PASSED] - if (getText().contentEquals(username)): null&#xD;
&#xD;
2020-07-07 16:50:54 - [TEST_STEP][PASSED] - if (getText().contentEquals(username)): null&#xD;
&#xD;
2020-07-07 16:50:55 - [TEST_STEP][PASSED] - if (getText().contentEquals(username)): null&#xD;
&#xD;
2020-07-07 16:50:56 - [TEST_STEP][PASSED] - waitForElementPresent(findTestObject("Generic/nextPage"), 15): Object 'Object Repository/Generic/nextPage' is present&#xD;
&#xD;
2020-07-07 16:50:57 - [MESSAGE][PASSED] - Object 'Object Repository/Generic/nextPage' is present&#xD;
&#xD;
2020-07-07 16:50:57 - [TEST_STEP][PASSED] - platform.Method.clickOnElement(findTestObject("Generic/nextPage")): platform.Method.clickOnElement is PASSED&#xD;
&#xD;
2020-07-07 16:51:00 - [MESSAGE][PASSED] - platform.Method.clickOnElement is PASSED&#xD;
&#xD;
2020-07-07 16:51:00 - [TEST_STEP][PASSED] - listElement = findWebElements(findTestObject("GenericII/listOfUserName"), 10): null&#xD;
&#xD;
2020-07-07 16:51:01 - [TEST_STEP][PASSED] - for ([index = 0, index &lt; listElement.size(), (index++)]): null&#xD;
&#xD;
2020-07-07 16:51:01 - [TEST_STEP][PASSED] - if (getText().contentEquals(username)): null&#xD;
&#xD;
2020-07-07 16:51:02 - [TEST_STEP][PASSED] - if (getText().contentEquals(username)): null&#xD;
&#xD;
2020-07-07 16:51:03 - [TEST_STEP][PASSED] - if (getText().contentEquals(username)): null&#xD;
&#xD;
2020-07-07 16:51:04 - [TEST_STEP][PASSED] - if (getText().contentEquals(username)): null&#xD;
&#xD;
2020-07-07 16:51:05 - [TEST_STEP][PASSED] - if (getText().contentEquals(username)): null&#xD;
&#xD;
2020-07-07 16:51:06 - [TEST_STEP][PASSED] - if (getText().contentEquals(username)): null&#xD;
&#xD;
2020-07-07 16:51:07 - [TEST_STEP][PASSED] - waitForElementPresent(findTestObject("Generic/nextPage"), 15): Object 'Object Repository/Generic/nextPage' is present&#xD;
&#xD;
2020-07-07 16:51:09 - [MESSAGE][PASSED] - Object 'Object Repository/Generic/nextPage' is present&#xD;
&#xD;
2020-07-07 16:51:09 - [TEST_STEP][PASSED] - platform.Method.clickOnElement(findTestObject("Generic/nextPage")): platform.Method.clickOnElement is PASSED&#xD;
&#xD;
2020-07-07 16:51:11 - [MESSAGE][PASSED] - platform.Method.clickOnElement is PASSED&#xD;
&#xD;
2020-07-07 16:51:11 - [TEST_STEP][PASSED] - listElement = findWebElements(findTestObject("GenericII/listOfUserName"), 10): null&#xD;
&#xD;
2020-07-07 16:51:13 - [TEST_STEP][PASSED] - for ([index = 0, index &lt; listElement.size(), (index++)]): null&#xD;
&#xD;
2020-07-07 16:51:13 - [TEST_STEP][PASSED] - if (getText().contentEquals(username)): null&#xD;
&#xD;
2020-07-07 16:51:14 - [TEST_STEP][PASSED] - if (getText().contentEquals(username)): null&#xD;
&#xD;
2020-07-07 16:51:15 - [TEST_STEP][PASSED] - if (getText().contentEquals(username)): null&#xD;
&#xD;
2020-07-07 16:51:16 - [TEST_STEP][PASSED] - if (getText().contentEquals(username)): null&#xD;
&#xD;
2020-07-07 16:51:17 - [TEST_STEP][PASSED] - if (getText().contentEquals(username)): null&#xD;
&#xD;
2020-07-07 16:51:18 - [TEST_STEP][PASSED] - if (getText().contentEquals(username)): null&#xD;
&#xD;
2020-07-07 16:51:19 - [TEST_STEP][PASSED] - waitForElementPresent(findTestObject("Generic/nextPage"), 15): Object 'Object Repository/Generic/nextPage' is present&#xD;
&#xD;
2020-07-07 16:51:20 - [MESSAGE][PASSED] - Object 'Object Repository/Generic/nextPage' is present&#xD;
&#xD;
2020-07-07 16:51:20 - [TEST_STEP][PASSED] - platform.Method.clickOnElement(findTestObject("Generic/nextPage")): platform.Method.clickOnElement is PASSED&#xD;
&#xD;
2020-07-07 16:51:22 - [MESSAGE][PASSED] - platform.Method.clickOnElement is PASSED&#xD;
&#xD;
2020-07-07 16:51:22 - [TEST_STEP][PASSED] - listElement = findWebElements(findTestObject("GenericII/listOfUserName"), 10): null&#xD;
&#xD;
2020-07-07 16:51:24 - [TEST_STEP][PASSED] - for ([index = 0, index &lt; listElement.size(), (index++)]): null&#xD;
&#xD;
2020-07-07 16:51:24 - [TEST_STEP][PASSED] - if (getText().contentEquals(username)): null&#xD;
&#xD;
2020-07-07 16:51:25 - [TEST_STEP][PASSED] - if (getText().contentEquals(username)): null&#xD;
&#xD;
2020-07-07 16:51:26 - [TEST_STEP][PASSED] - if (getText().contentEquals(username)): null&#xD;
&#xD;
2020-07-07 16:51:27 - [TEST_STEP][PASSED] - if (getText().contentEquals(username)): null&#xD;
&#xD;
2020-07-07 16:51:28 - [TEST_STEP][PASSED] - if (getText().contentEquals(username)): null&#xD;
&#xD;
2020-07-07 16:51:29 - [TEST_STEP][PASSED] - if (getText().contentEquals(username)): null&#xD;
&#xD;
2020-07-07 16:51:30 - [TEST_STEP][PASSED] - waitForElementPresent(findTestObject("Generic/nextPage"), 15): Object 'Object Repository/Generic/nextPage' is present&#xD;
&#xD;
2020-07-07 16:51:31 - [MESSAGE][PASSED] - Object 'Object Repository/Generic/nextPage' is present&#xD;
&#xD;
2020-07-07 16:51:31 - [TEST_STEP][PASSED] - platform.Method.clickOnElement(findTestObject("Generic/nextPage")): platform.Method.clickOnElement is PASSED&#xD;
&#xD;
2020-07-07 16:51:34 - [MESSAGE][PASSED] - platform.Method.clickOnElement is PASSED&#xD;
&#xD;
2020-07-07 16:51:34 - [TEST_STEP][PASSED] - listElement = findWebElements(findTestObject("GenericII/listOfUserName"), 10): null&#xD;
&#xD;
2020-07-07 16:51:35 - [TEST_STEP][PASSED] - for ([index = 0, index &lt; listElement.size(), (index++)]): null&#xD;
&#xD;
2020-07-07 16:51:35 - [TEST_STEP][PASSED] - if (getText().contentEquals(username)): null&#xD;
&#xD;
2020-07-07 16:51:36 - [TEST_STEP][PASSED] - if (getText().contentEquals(username)): null&#xD;
&#xD;
2020-07-07 16:51:37 - [TEST_STEP][PASSED] - if (getText().contentEquals(username)): null&#xD;
&#xD;
2020-07-07 16:51:38 - [TEST_STEP][PASSED] - if (getText().contentEquals(username)): null&#xD;
&#xD;
2020-07-07 16:51:39 - [TEST_STEP][PASSED] - if (getText().contentEquals(username)): null&#xD;
&#xD;
2020-07-07 16:51:41 - [TEST_STEP][PASSED] - if (getText().contentEquals(username)): null&#xD;
&#xD;
2020-07-07 16:51:42 - [TEST_STEP][PASSED] - waitForElementPresent(findTestObject("Generic/nextPage"), 15): Object 'Object Repository/Generic/nextPage' is present&#xD;
&#xD;
2020-07-07 16:51:43 - [MESSAGE][PASSED] - Object 'Object Repository/Generic/nextPage' is present&#xD;
&#xD;
2020-07-07 16:51:43 - [TEST_STEP][PASSED] - platform.Method.clickOnElement(findTestObject("Generic/nextPage")): platform.Method.clickOnElement is PASSED&#xD;
&#xD;
2020-07-07 16:51:45 - [MESSAGE][PASSED] - platform.Method.clickOnElement is PASSED&#xD;
&#xD;
2020-07-07 16:51:45 - [TEST_STEP][PASSED] - listElement = findWebElements(findTestObject("GenericII/listOfUserName"), 10): null&#xD;
&#xD;
2020-07-07 16:51:47 - [TEST_STEP][PASSED] - for ([index = 0, index &lt; listElement.size(), (index++)]): null&#xD;
&#xD;
2020-07-07 16:51:47 - [TEST_STEP][PASSED] - if (getText().contentEquals(username)): null&#xD;
&#xD;
2020-07-07 16:51:48 - [TEST_STEP][PASSED] - if (getText().contentEquals(username)): null&#xD;
&#xD;
2020-07-07 16:51:49 - [TEST_STEP][PASSED] - if (getText().contentEquals(username)): null&#xD;
&#xD;
2020-07-07 16:51:50 - [TEST_STEP][PASSED] - if (getText().contentEquals(username)): null&#xD;
&#xD;
2020-07-07 16:51:51 - [TEST_STEP][PASSED] - if (getText().contentEquals(username)): null&#xD;
&#xD;
2020-07-07 16:51:52 - [TEST_STEP][PASSED] - if (getText().contentEquals(username)): null&#xD;
&#xD;
2020-07-07 16:51:53 - [TEST_STEP][PASSED] - waitForElementPresent(findTestObject("Generic/nextPage"), 15): Object 'Object Repository/Generic/nextPage' is present&#xD;
&#xD;
2020-07-07 16:51:54 - [MESSAGE][PASSED] - Object 'Object Repository/Generic/nextPage' is present&#xD;
&#xD;
2020-07-07 16:51:54 - [TEST_STEP][PASSED] - platform.Method.clickOnElement(findTestObject("Generic/nextPage")): platform.Method.clickOnElement is PASSED&#xD;
&#xD;
2020-07-07 16:51:57 - [MESSAGE][PASSED] - platform.Method.clickOnElement is PASSED&#xD;
&#xD;
2020-07-07 16:51:57 - [TEST_STEP][PASSED] - listElement = findWebElements(findTestObject("GenericII/listOfUserName"), 10): null&#xD;
&#xD;
2020-07-07 16:51:58 - [TEST_STEP][PASSED] - for ([index = 0, index &lt; listElement.size(), (index++)]): null&#xD;
&#xD;
2020-07-07 16:51:58 - [TEST_STEP][PASSED] - if (getText().contentEquals(username)): null&#xD;
&#xD;
2020-07-07 16:51:59 - [TEST_STEP][PASSED] - if (getText().contentEquals(username)): null&#xD;
&#xD;
2020-07-07 16:52:00 - [TEST_STEP][PASSED] - if (getText().contentEquals(username)): null&#xD;
&#xD;
2020-07-07 16:52:01 - [TEST_STEP][PASSED] - if (getText().contentEquals(username)): null&#xD;
&#xD;
2020-07-07 16:52:02 - [TEST_STEP][PASSED] - if (getText().contentEquals(username)): null&#xD;
&#xD;
2020-07-07 16:52:03 - [TEST_STEP][PASSED] - if (getText().contentEquals(username)): null&#xD;
&#xD;
2020-07-07 16:52:05 - [TEST_STEP][PASSED] - waitForElementPresent(findTestObject("Generic/nextPage"), 15): Object 'Object Repository/Generic/nextPage' is present&#xD;
&#xD;
2020-07-07 16:52:06 - [MESSAGE][PASSED] - Object 'Object Repository/Generic/nextPage' is present&#xD;
&#xD;
2020-07-07 16:52:06 - [TEST_STEP][PASSED] - platform.Method.clickOnElement(findTestObject("Generic/nextPage")): platform.Method.clickOnElement is PASSED&#xD;
&#xD;
2020-07-07 16:52:08 - [MESSAGE][PASSED] - platform.Method.clickOnElement is PASSED&#xD;
&#xD;
2020-07-07 16:52:08 - [TEST_STEP][PASSED] - listElement = findWebElements(findTestObject("GenericII/listOfUserName"), 10): null&#xD;
&#xD;
2020-07-07 16:52:10 - [TEST_STEP][PASSED] - for ([index = 0, index &lt; listElement.size(), (index++)]): null&#xD;
&#xD;
2020-07-07 16:52:10 - [TEST_STEP][PASSED] - if (getText().contentEquals(username)): null&#xD;
&#xD;
2020-07-07 16:52:11 - [TEST_STEP][PASSED] - if (getText().contentEquals(username)): null&#xD;
&#xD;
2020-07-07 16:52:12 - [TEST_STEP][PASSED] - if (getText().contentEquals(username)): null&#xD;
&#xD;
2020-07-07 16:52:13 - [TEST_STEP][PASSED] - if (getText().contentEquals(username)): null&#xD;
&#xD;
2020-07-07 16:52:14 - [TEST_STEP][PASSED] - if (getText().contentEquals(username)): null&#xD;
&#xD;
2020-07-07 16:52:15 - [TEST_STEP][PASSED] - if (getText().contentEquals(username)): null&#xD;
&#xD;
2020-07-07 16:52:16 - [TEST_STEP][PASSED] - waitForElementPresent(findTestObject("Generic/nextPage"), 15): Object 'Object Repository/Generic/nextPage' is present&#xD;
&#xD;
2020-07-07 16:52:17 - [MESSAGE][PASSED] - Object 'Object Repository/Generic/nextPage' is present&#xD;
&#xD;
2020-07-07 16:52:17 - [TEST_STEP][PASSED] - platform.Method.clickOnElement(findTestObject("Generic/nextPage")): platform.Method.clickOnElement is PASSED&#xD;
&#xD;
2020-07-07 16:52:20 - [MESSAGE][PASSED] - platform.Method.clickOnElement is PASSED&#xD;
&#xD;
2020-07-07 16:52:20 - [TEST_STEP][PASSED] - listElement = findWebElements(findTestObject("GenericII/listOfUserName"), 10): null&#xD;
&#xD;
2020-07-07 16:52:21 - [TEST_STEP][PASSED] - for ([index = 0, index &lt; listElement.size(), (index++)]): null&#xD;
&#xD;
2020-07-07 16:52:21 - [TEST_STEP][PASSED] - if (getText().contentEquals(username)): null&#xD;
&#xD;
2020-07-07 16:52:22 - [TEST_STEP][PASSED] - if (getText().contentEquals(username)): null&#xD;
&#xD;
2020-07-07 16:52:23 - [TEST_STEP][PASSED] - if (getText().contentEquals(username)): null&#xD;
&#xD;
2020-07-07 16:52:24 - [TEST_STEP][PASSED] - if (getText().contentEquals(username)): null&#xD;
&#xD;
2020-07-07 16:52:25 - [TEST_STEP][PASSED] - if (getText().contentEquals(username)): null&#xD;
&#xD;
2020-07-07 16:52:26 - [TEST_STEP][PASSED] - if (getText().contentEquals(username)): null&#xD;
&#xD;
2020-07-07 16:52:27 - [TEST_STEP][PASSED] - waitForElementPresent(findTestObject("Generic/nextPage"), 15): Object 'Object Repository/Generic/nextPage' is present&#xD;
&#xD;
2020-07-07 16:52:29 - [MESSAGE][PASSED] - Object 'Object Repository/Generic/nextPage' is present&#xD;
&#xD;
2020-07-07 16:52:29 - [TEST_STEP][PASSED] - platform.Method.clickOnElement(findTestObject("Generic/nextPage")): platform.Method.clickOnElement is PASSED&#xD;
&#xD;
2020-07-07 16:52:31 - [MESSAGE][PASSED] - platform.Method.clickOnElement is PASSED&#xD;
&#xD;
2020-07-07 16:52:31 - [TEST_STEP][PASSED] - listElement = findWebElements(findTestObject("GenericII/listOfUserName"), 10): null&#xD;
&#xD;
2020-07-07 16:52:32 - [TEST_STEP][PASSED] - for ([index = 0, index &lt; listElement.size(), (index++)]): null&#xD;
&#xD;
2020-07-07 16:52:32 - [TEST_STEP][PASSED] - if (getText().contentEquals(username)): null&#xD;
&#xD;
2020-07-07 16:52:33 - [TEST_STEP][PASSED] - if (getText().contentEquals(username)): null&#xD;
&#xD;
2020-07-07 16:52:34 - [TEST_STEP][PASSED] - if (getText().contentEquals(username)): null&#xD;
&#xD;
2020-07-07 16:52:35 - [TEST_STEP][PASSED] - if (getText().contentEquals(username)): null&#xD;
&#xD;
2020-07-07 16:52:36 - [TEST_STEP][PASSED] - if (getText().contentEquals(username)): null&#xD;
&#xD;
2020-07-07 16:52:37 - [TEST_STEP][PASSED] - if (getText().contentEquals(username)): null&#xD;
&#xD;
2020-07-07 16:52:38 - [TEST_STEP][PASSED] - waitForElementPresent(findTestObject("Generic/nextPage"), 15): Object 'Object Repository/Generic/nextPage' is present&#xD;
&#xD;
2020-07-07 16:52:40 - [MESSAGE][PASSED] - Object 'Object Repository/Generic/nextPage' is present&#xD;
&#xD;
2020-07-07 16:52:40 - [TEST_STEP][PASSED] - platform.Method.clickOnElement(findTestObject("Generic/nextPage")): platform.Method.clickOnElement is PASSED&#xD;
&#xD;
2020-07-07 16:52:42 - [MESSAGE][PASSED] - platform.Method.clickOnElement is PASSED&#xD;
&#xD;
2020-07-07 16:52:42 - [TEST_STEP][PASSED] - listElement = findWebElements(findTestObject("GenericII/listOfUserName"), 10): null&#xD;
&#xD;
2020-07-07 16:52:43 - [TEST_STEP][PASSED] - for ([index = 0, index &lt; listElement.size(), (index++)]): null&#xD;
&#xD;
2020-07-07 16:52:43 - [TEST_STEP][PASSED] - if (getText().contentEquals(username)): null&#xD;
&#xD;
2020-07-07 16:52:44 - [TEST_STEP][PASSED] - if (getText().contentEquals(username)): null&#xD;
&#xD;
2020-07-07 16:52:45 - [TEST_STEP][PASSED] - if (getText().contentEquals(username)): null&#xD;
&#xD;
2020-07-07 16:52:47 - [TEST_STEP][PASSED] - if (getText().contentEquals(username)): null&#xD;
&#xD;
2020-07-07 16:52:48 - [TEST_STEP][PASSED] - if (getText().contentEquals(username)): null&#xD;
&#xD;
2020-07-07 16:52:49 - [TEST_STEP][PASSED] - if (getText().contentEquals(username)): null&#xD;
&#xD;
2020-07-07 16:52:50 - [TEST_STEP][PASSED] - waitForElementPresent(findTestObject("Generic/nextPage"), 15): Object 'Object Repository/Generic/nextPage' is present&#xD;
&#xD;
2020-07-07 16:52:51 - [MESSAGE][PASSED] - Object 'Object Repository/Generic/nextPage' is present&#xD;
&#xD;
2020-07-07 16:52:51 - [TEST_STEP][PASSED] - platform.Method.clickOnElement(findTestObject("Generic/nextPage")): platform.Method.clickOnElement is PASSED&#xD;
&#xD;
2020-07-07 16:52:53 - [MESSAGE][PASSED] - platform.Method.clickOnElement is PASSED&#xD;
&#xD;
2020-07-07 16:52:53 - [TEST_STEP][PASSED] - listElement = findWebElements(findTestObject("GenericII/listOfUserName"), 10): null&#xD;
&#xD;
2020-07-07 16:52:54 - [TEST_STEP][PASSED] - for ([index = 0, index &lt; listElement.size(), (index++)]): null&#xD;
&#xD;
2020-07-07 16:52:54 - [TEST_STEP][PASSED] - if (getText().contentEquals(username)): null&#xD;
&#xD;
2020-07-07 16:52:56 - [TEST_STEP][PASSED] - if (getText().contentEquals(username)): null&#xD;
&#xD;
2020-07-07 16:52:57 - [TEST_STEP][PASSED] - if (getText().contentEquals(username)): null&#xD;
&#xD;
2020-07-07 16:52:58 - [TEST_STEP][PASSED] - if (getText().contentEquals(username)): null&#xD;
&#xD;
2020-07-07 16:52:59 - [TEST_STEP][PASSED] - if (getText().contentEquals(username)): null&#xD;
&#xD;
2020-07-07 16:53:00 - [TEST_STEP][PASSED] - if (getText().contentEquals(username)): null&#xD;
&#xD;
2020-07-07 16:53:01 - [TEST_STEP][PASSED] - waitForElementPresent(findTestObject("Generic/nextPage"), 15): Object 'Object Repository/Generic/nextPage' is present&#xD;
&#xD;
2020-07-07 16:53:02 - [MESSAGE][PASSED] - Object 'Object Repository/Generic/nextPage' is present&#xD;
&#xD;
2020-07-07 16:53:02 - [TEST_STEP][PASSED] - platform.Method.clickOnElement(findTestObject("Generic/nextPage")): platform.Method.clickOnElement is PASSED&#xD;
&#xD;
2020-07-07 16:53:05 - [MESSAGE][PASSED] - platform.Method.clickOnElement is PASSED&#xD;
&#xD;
2020-07-07 16:53:05 - [TEST_STEP][PASSED] - listElement = findWebElements(findTestObject("GenericII/listOfUserName"), 10): null&#xD;
&#xD;
2020-07-07 16:53:06 - [TEST_STEP][PASSED] - for ([index = 0, index &lt; listElement.size(), (index++)]): null&#xD;
&#xD;
2020-07-07 16:53:06 - [TEST_STEP][PASSED] - if (getText().contentEquals(username)): null&#xD;
&#xD;
2020-07-07 16:53:07 - [TEST_STEP][PASSED] - if (getText().contentEquals(username)): null&#xD;
&#xD;
2020-07-07 16:53:08 - [TEST_STEP][PASSED] - if (getText().contentEquals(username)): null&#xD;
&#xD;
2020-07-07 16:53:09 - [TEST_STEP][PASSED] - if (getText().contentEquals(username)): null&#xD;
&#xD;
2020-07-07 16:53:10 - [TEST_STEP][PASSED] - if (getText().contentEquals(username)): null&#xD;
&#xD;
2020-07-07 16:53:11 - [TEST_STEP][PASSED] - if (getText().contentEquals(username)): null&#xD;
&#xD;
2020-07-07 16:53:12 - [TEST_STEP][PASSED] - waitForElementPresent(findTestObject("Generic/nextPage"), 15): Object 'Object Repository/Generic/nextPage' is present&#xD;
&#xD;
2020-07-07 16:53:14 - [MESSAGE][PASSED] - Object 'Object Repository/Generic/nextPage' is present&#xD;
&#xD;
2020-07-07 16:53:14 - [TEST_STEP][PASSED] - platform.Method.clickOnElement(findTestObject("Generic/nextPage")): platform.Method.clickOnElement is PASSED&#xD;
&#xD;
2020-07-07 16:53:16 - [MESSAGE][PASSED] - platform.Method.clickOnElement is PASSED&#xD;
&#xD;
2020-07-07 16:53:16 - [TEST_STEP][PASSED] - listElement = findWebElements(findTestObject("GenericII/listOfUserName"), 10): null&#xD;
&#xD;
2020-07-07 16:53:18 - [TEST_STEP][PASSED] - for ([index = 0, index &lt; listElement.size(), (index++)]): null&#xD;
&#xD;
2020-07-07 16:53:18 - [TEST_STEP][PASSED] - if (getText().contentEquals(username)): null&#xD;
&#xD;
2020-07-07 16:53:19 - [TEST_STEP][PASSED] - if (getText().contentEquals(username)): null&#xD;
&#xD;
2020-07-07 16:53:20 - [TEST_STEP][PASSED] - if (getText().contentEquals(username)): null&#xD;
&#xD;
2020-07-07 16:53:21 - [TEST_STEP][PASSED] - if (getText().contentEquals(username)): null&#xD;
&#xD;
2020-07-07 16:53:22 - [TEST_STEP][PASSED] - if (getText().contentEquals(username)): null&#xD;
&#xD;
2020-07-07 16:53:23 - [TEST_STEP][PASSED] - if (getText().contentEquals(username)): null&#xD;
&#xD;
2020-07-07 16:53:24 - [TEST_STEP][PASSED] - waitForElementPresent(findTestObject("Generic/nextPage"), 15): Object 'Object Repository/Generic/nextPage' is present&#xD;
&#xD;
2020-07-07 16:53:26 - [MESSAGE][PASSED] - Object 'Object Repository/Generic/nextPage' is present&#xD;
&#xD;
2020-07-07 16:53:26 - [TEST_STEP][PASSED] - platform.Method.clickOnElement(findTestObject("Generic/nextPage")): platform.Method.clickOnElement is PASSED&#xD;
&#xD;
2020-07-07 16:53:28 - [MESSAGE][PASSED] - platform.Method.clickOnElement is PASSED&#xD;
&#xD;
2020-07-07 16:53:28 - [TEST_STEP][PASSED] - listElement = findWebElements(findTestObject("GenericII/listOfUserName"), 10): null&#xD;
&#xD;
2020-07-07 16:53:29 - [TEST_STEP][PASSED] - for ([index = 0, index &lt; listElement.size(), (index++)]): null&#xD;
&#xD;
2020-07-07 16:53:29 - [TEST_STEP][PASSED] - if (getText().contentEquals(username)): null&#xD;
&#xD;
2020-07-07 16:53:30 - [TEST_STEP][PASSED] - if (getText().contentEquals(username)): null&#xD;
&#xD;
2020-07-07 16:53:31 - [TEST_STEP][PASSED] - if (getText().contentEquals(username)): null&#xD;
&#xD;
2020-07-07 16:53:32 - [TEST_STEP][PASSED] - if (getText().contentEquals(username)): null&#xD;
&#xD;
2020-07-07 16:53:33 - [TEST_STEP][PASSED] - if (getText().contentEquals(username)): null&#xD;
&#xD;
2020-07-07 16:53:34 - [TEST_STEP][PASSED] - if (getText().contentEquals(username)): null&#xD;
&#xD;
2020-07-07 16:53:35 - [TEST_STEP][PASSED] - waitForElementPresent(findTestObject("Generic/nextPage"), 15): Object 'Object Repository/Generic/nextPage' is present&#xD;
&#xD;
2020-07-07 16:53:37 - [MESSAGE][PASSED] - Object 'Object Repository/Generic/nextPage' is present&#xD;
&#xD;
2020-07-07 16:53:37 - [TEST_STEP][PASSED] - platform.Method.clickOnElement(findTestObject("Generic/nextPage")): platform.Method.clickOnElement is PASSED&#xD;
&#xD;
2020-07-07 16:53:39 - [MESSAGE][PASSED] - platform.Method.clickOnElement is PASSED&#xD;
&#xD;
2020-07-07 16:53:39 - [TEST_STEP][PASSED] - listElement = findWebElements(findTestObject("GenericII/listOfUserName"), 10): null&#xD;
&#xD;
2020-07-07 16:53:40 - [TEST_STEP][PASSED] - for ([index = 0, index &lt; listElement.size(), (index++)]): null&#xD;
&#xD;
2020-07-07 16:53:40 - [TEST_STEP][PASSED] - if (getText().contentEquals(username)): null&#xD;
&#xD;
2020-07-07 16:53:41 - [TEST_STEP][PASSED] - if (getText().contentEquals(username)): null&#xD;
&#xD;
2020-07-07 16:53:42 - [TEST_STEP][PASSED] - if (getText().contentEquals(username)): null&#xD;
&#xD;
2020-07-07 16:53:43 - [TEST_STEP][PASSED] - if (getText().contentEquals(username)): null&#xD;
&#xD;
2020-07-07 16:53:44 - [TEST_STEP][PASSED] - if (getText().contentEquals(username)): null&#xD;
&#xD;
2020-07-07 16:53:45 - [TEST_STEP][PASSED] - if (getText().contentEquals(username)): null&#xD;
&#xD;
2020-07-07 16:53:46 - [TEST_STEP][PASSED] - waitForElementPresent(findTestObject("Generic/nextPage"), 15): Object 'Object Repository/Generic/nextPage' is present&#xD;
&#xD;
2020-07-07 16:53:48 - [MESSAGE][PASSED] - Object 'Object Repository/Generic/nextPage' is present&#xD;
&#xD;
2020-07-07 16:53:48 - [TEST_STEP][PASSED] - platform.Method.clickOnElement(findTestObject("Generic/nextPage")): platform.Method.clickOnElement is PASSED&#xD;
&#xD;
2020-07-07 16:53:50 - [MESSAGE][PASSED] - platform.Method.clickOnElement is PASSED&#xD;
&#xD;
2020-07-07 16:53:50 - [TEST_STEP][PASSED] - listElement = findWebElements(findTestObject("GenericII/listOfUserName"), 10): null&#xD;
&#xD;
2020-07-07 16:53:51 - [TEST_STEP][PASSED] - for ([index = 0, index &lt; listElement.size(), (index++)]): null&#xD;
&#xD;
2020-07-07 16:53:51 - [TEST_STEP][PASSED] - if (getText().contentEquals(username)): null&#xD;
&#xD;
2020-07-07 16:53:52 - [TEST_STEP][PASSED] - if (getText().contentEquals(username)): null&#xD;
&#xD;
2020-07-07 16:53:54 - [TEST_STEP][PASSED] - if (getText().contentEquals(username)): null&#xD;
&#xD;
2020-07-07 16:53:55 - [TEST_STEP][PASSED] - if (getText().contentEquals(username)): null&#xD;
&#xD;
2020-07-07 16:53:56 - [TEST_STEP][PASSED] - if (getText().contentEquals(username)): null&#xD;
&#xD;
2020-07-07 16:53:57 - [TEST_STEP][PASSED] - if (getText().contentEquals(username)): null&#xD;
&#xD;
2020-07-07 16:53:58 - [TEST_STEP][PASSED] - waitForElementPresent(findTestObject("Generic/nextPage"), 15): Object 'Object Repository/Generic/nextPage' is present&#xD;
&#xD;
2020-07-07 16:53:59 - [MESSAGE][PASSED] - Object 'Object Repository/Generic/nextPage' is present&#xD;
&#xD;
2020-07-07 16:53:59 - [TEST_STEP][PASSED] - platform.Method.clickOnElement(findTestObject("Generic/nextPage")): platform.Method.clickOnElement is PASSED&#xD;
&#xD;
2020-07-07 16:54:02 - [MESSAGE][PASSED] - platform.Method.clickOnElement is PASSED&#xD;
&#xD;
2020-07-07 16:54:02 - [TEST_STEP][PASSED] - listElement = findWebElements(findTestObject("GenericII/listOfUserName"), 10): null&#xD;
&#xD;
2020-07-07 16:54:04 - [TEST_STEP][PASSED] - for ([index = 0, index &lt; listElement.size(), (index++)]): null&#xD;
&#xD;
2020-07-07 16:54:04 - [TEST_STEP][PASSED] - if (getText().contentEquals(username)): null&#xD;
&#xD;
2020-07-07 16:54:05 - [TEST_STEP][PASSED] - if (getText().contentEquals(username)): null&#xD;
&#xD;
2020-07-07 16:54:06 - [TEST_STEP][PASSED] - if (getText().contentEquals(username)): null&#xD;
&#xD;
2020-07-07 16:54:07 - [TEST_STEP][PASSED] - if (getText().contentEquals(username)): null&#xD;
&#xD;
2020-07-07 16:54:08 - [TEST_STEP][PASSED] - if (getText().contentEquals(username)): null&#xD;
&#xD;
2020-07-07 16:54:09 - [TEST_STEP][PASSED] - if (getText().contentEquals(username)): null&#xD;
&#xD;
2020-07-07 16:54:10 - [TEST_STEP][PASSED] - waitForElementPresent(findTestObject("Generic/nextPage"), 15): Object 'Object Repository/Generic/nextPage' is present&#xD;
&#xD;
2020-07-07 16:54:11 - [MESSAGE][PASSED] - Object 'Object Repository/Generic/nextPage' is present&#xD;
&#xD;
2020-07-07 16:54:11 - [TEST_STEP][PASSED] - platform.Method.clickOnElement(findTestObject("Generic/nextPage")): platform.Method.clickOnElement is PASSED&#xD;
&#xD;
2020-07-07 16:54:13 - [MESSAGE][PASSED] - platform.Method.clickOnElement is PASSED&#xD;
&#xD;
2020-07-07 16:54:13 - [TEST_STEP][PASSED] - listElement = findWebElements(findTestObject("GenericII/listOfUserName"), 10): null&#xD;
&#xD;
2020-07-07 16:54:15 - [TEST_STEP][PASSED] - for ([index = 0, index &lt; listElement.size(), (index++)]): null&#xD;
&#xD;
2020-07-07 16:54:15 - [TEST_STEP][PASSED] - if (getText().contentEquals(username)): null&#xD;
&#xD;
2020-07-07 16:54:16 - [TEST_STEP][PASSED] - if (getText().contentEquals(username)): null&#xD;
&#xD;
2020-07-07 16:54:17 - [TEST_STEP][PASSED] - if (getText().contentEquals(username)): null&#xD;
&#xD;
2020-07-07 16:54:18 - [TEST_STEP][PASSED] - if (getText().contentEquals(username)): null&#xD;
&#xD;
2020-07-07 16:54:19 - [TEST_STEP][PASSED] - if (getText().contentEquals(username)): null&#xD;
&#xD;
2020-07-07 16:54:20 - [TEST_STEP][PASSED] - if (getText().contentEquals(username)): null&#xD;
&#xD;
2020-07-07 16:54:21 - [TEST_STEP][PASSED] - waitForElementPresent(findTestObject("Generic/nextPage"), 15): Object 'Object Repository/Generic/nextPage' is present&#xD;
&#xD;
2020-07-07 16:54:23 - [MESSAGE][PASSED] - Object 'Object Repository/Generic/nextPage' is present&#xD;
&#xD;
2020-07-07 16:54:23 - [TEST_STEP][PASSED] - platform.Method.clickOnElement(findTestObject("Generic/nextPage")): platform.Method.clickOnElement is PASSED&#xD;
&#xD;
2020-07-07 16:54:25 - [MESSAGE][PASSED] - platform.Method.clickOnElement is PASSED&#xD;
&#xD;
2020-07-07 16:54:25 - [TEST_STEP][PASSED] - listElement = findWebElements(findTestObject("GenericII/listOfUserName"), 10): null&#xD;
&#xD;
2020-07-07 16:54:26 - [TEST_STEP][PASSED] - for ([index = 0, index &lt; listElement.size(), (index++)]): null&#xD;
&#xD;
2020-07-07 16:54:26 - [TEST_STEP][PASSED] - if (getText().contentEquals(username)): null&#xD;
&#xD;
2020-07-07 16:54:27 - [TEST_STEP][PASSED] - if (getText().contentEquals(username)): null&#xD;
&#xD;
2020-07-07 16:54:28 - [TEST_STEP][PASSED] - if (getText().contentEquals(username)): null&#xD;
&#xD;
2020-07-07 16:54:29 - [TEST_STEP][PASSED] - if (getText().contentEquals(username)): null&#xD;
&#xD;
2020-07-07 16:54:30 - [TEST_STEP][PASSED] - if (getText().contentEquals(username)): null&#xD;
&#xD;
2020-07-07 16:54:31 - [TEST_STEP][PASSED] - if (getText().contentEquals(username)): null&#xD;
&#xD;
2020-07-07 16:54:32 - [TEST_STEP][PASSED] - waitForElementPresent(findTestObject("Generic/nextPage"), 15): Object 'Object Repository/Generic/nextPage' is present&#xD;
&#xD;
2020-07-07 16:54:34 - [MESSAGE][PASSED] - Object 'Object Repository/Generic/nextPage' is present&#xD;
&#xD;
2020-07-07 16:54:34 - [TEST_STEP][PASSED] - platform.Method.clickOnElement(findTestObject("Generic/nextPage")): platform.Method.clickOnElement is PASSED&#xD;
&#xD;
2020-07-07 16:54:36 - [MESSAGE][PASSED] - platform.Method.clickOnElement is PASSED&#xD;
&#xD;
2020-07-07 16:54:36 - [TEST_STEP][PASSED] - listElement = findWebElements(findTestObject("GenericII/listOfUserName"), 10): null&#xD;
&#xD;
2020-07-07 16:54:37 - [TEST_STEP][PASSED] - for ([index = 0, index &lt; listElement.size(), (index++)]): null&#xD;
&#xD;
2020-07-07 16:54:37 - [TEST_STEP][PASSED] - if (getText().contentEquals(username)): null&#xD;
&#xD;
2020-07-07 16:54:38 - [TEST_STEP][PASSED] - if (getText().contentEquals(username)): null&#xD;
&#xD;
2020-07-07 16:54:40 - [TEST_STEP][PASSED] - if (getText().contentEquals(username)): null&#xD;
&#xD;
2020-07-07 16:54:41 - [TEST_STEP][PASSED] - if (getText().contentEquals(username)): null&#xD;
&#xD;
2020-07-07 16:54:42 - [TEST_STEP][PASSED] - if (getText().contentEquals(username)): null&#xD;
&#xD;
2020-07-07 16:54:43 - [TEST_STEP][PASSED] - if (getText().contentEquals(username)): null&#xD;
&#xD;
2020-07-07 16:54:44 - [TEST_STEP][PASSED] - waitForElementPresent(findTestObject("Generic/nextPage"), 15): Object 'Object Repository/Generic/nextPage' is present&#xD;
&#xD;
2020-07-07 16:54:45 - [MESSAGE][PASSED] - Object 'Object Repository/Generic/nextPage' is present&#xD;
&#xD;
2020-07-07 16:54:45 - [TEST_STEP][PASSED] - platform.Method.clickOnElement(findTestObject("Generic/nextPage")): platform.Method.clickOnElement is PASSED&#xD;
&#xD;
2020-07-07 16:54:47 - [MESSAGE][PASSED] - platform.Method.clickOnElement is PASSED&#xD;
&#xD;
2020-07-07 16:54:47 - [TEST_STEP][PASSED] - listElement = findWebElements(findTestObject("GenericII/listOfUserName"), 10): null&#xD;
&#xD;
2020-07-07 16:54:48 - [TEST_STEP][PASSED] - for ([index = 0, index &lt; listElement.size(), (index++)]): null&#xD;
&#xD;
2020-07-07 16:54:48 - [TEST_STEP][PASSED] - if (getText().contentEquals(username)): null&#xD;
&#xD;
2020-07-07 16:54:49 - [TEST_STEP][PASSED] - if (getText().contentEquals(username)): null&#xD;
&#xD;
2020-07-07 16:54:50 - [TEST_STEP][PASSED] - if (getText().contentEquals(username)): null&#xD;
&#xD;
2020-07-07 16:54:52 - [TEST_STEP][PASSED] - if (getText().contentEquals(username)): null&#xD;
&#xD;
2020-07-07 16:54:53 - [TEST_STEP][PASSED] - if (getText().contentEquals(username)): null&#xD;
&#xD;
2020-07-07 16:54:54 - [TEST_STEP][PASSED] - if (getText().contentEquals(username)): null&#xD;
&#xD;
2020-07-07 16:54:55 - [TEST_STEP][PASSED] - waitForElementPresent(findTestObject("Generic/nextPage"), 15): Object 'Object Repository/Generic/nextPage' is present&#xD;
&#xD;
2020-07-07 16:54:56 - [MESSAGE][PASSED] - Object 'Object Repository/Generic/nextPage' is present&#xD;
&#xD;
2020-07-07 16:54:56 - [TEST_STEP][PASSED] - platform.Method.clickOnElement(findTestObject("Generic/nextPage")): platform.Method.clickOnElement is PASSED&#xD;
&#xD;
2020-07-07 16:54:58 - [MESSAGE][PASSED] - platform.Method.clickOnElement is PASSED&#xD;
&#xD;
2020-07-07 16:54:58 - [TEST_STEP][PASSED] - listElement = findWebElements(findTestObject("GenericII/listOfUserName"), 10): null&#xD;
&#xD;
2020-07-07 16:54:59 - [TEST_STEP][PASSED] - for ([index = 0, index &lt; listElement.size(), (index++)]): null&#xD;
&#xD;
2020-07-07 16:54:59 - [TEST_STEP][PASSED] - if (getText().contentEquals(username)): null&#xD;
&#xD;
2020-07-07 16:55:01 - [TEST_STEP][PASSED] - if (getText().contentEquals(username)): null&#xD;
&#xD;
2020-07-07 16:55:02 - [TEST_STEP][PASSED] - if (getText().contentEquals(username)): null&#xD;
&#xD;
2020-07-07 16:55:03 - [TEST_STEP][PASSED] - if (getText().contentEquals(username)): null&#xD;
&#xD;
2020-07-07 16:55:04 - [TEST_STEP][PASSED] - if (getText().contentEquals(username)): null&#xD;
&#xD;
2020-07-07 16:55:05 - [TEST_STEP][PASSED] - if (getText().contentEquals(username)): null&#xD;
&#xD;
2020-07-07 16:55:06 - [TEST_STEP][PASSED] - waitForElementPresent(findTestObject("Generic/nextPage"), 15): Object 'Object Repository/Generic/nextPage' is present&#xD;
&#xD;
2020-07-07 16:55:07 - [MESSAGE][PASSED] - Object 'Object Repository/Generic/nextPage' is present&#xD;
&#xD;
2020-07-07 16:55:07 - [TEST_STEP][PASSED] - platform.Method.clickOnElement(findTestObject("Generic/nextPage")): platform.Method.clickOnElement is PASSED&#xD;
&#xD;
2020-07-07 16:55:09 - [MESSAGE][PASSED] - platform.Method.clickOnElement is PASSED&#xD;
&#xD;
2020-07-07 16:55:09 - [TEST_STEP][PASSED] - listElement = findWebElements(findTestObject("GenericII/listOfUserName"), 10): null&#xD;
&#xD;
2020-07-07 16:55:10 - [TEST_STEP][PASSED] - for ([index = 0, index &lt; listElement.size(), (index++)]): null&#xD;
&#xD;
2020-07-07 16:55:10 - [TEST_STEP][PASSED] - if (getText().contentEquals(username)): null&#xD;
&#xD;
2020-07-07 16:55:12 - [TEST_STEP][PASSED] - if (getText().contentEquals(username)): null&#xD;
&#xD;
2020-07-07 16:55:13 - [TEST_STEP][PASSED] - if (getText().contentEquals(username)): null&#xD;
&#xD;
2020-07-07 16:55:14 - [TEST_STEP][PASSED] - if (getText().contentEquals(username)): null&#xD;
&#xD;
2020-07-07 16:55:15 - [TEST_STEP][PASSED] - if (getText().contentEquals(username)): null&#xD;
&#xD;
2020-07-07 16:55:16 - [TEST_STEP][PASSED] - if (getText().contentEquals(username)): null&#xD;
&#xD;
2020-07-07 16:55:17 - [TEST_STEP][PASSED] - waitForElementPresent(findTestObject("Generic/nextPage"), 15): Object 'Object Repository/Generic/nextPage' is present&#xD;
&#xD;
2020-07-07 16:55:18 - [MESSAGE][PASSED] - Object 'Object Repository/Generic/nextPage' is present&#xD;
&#xD;
2020-07-07 16:55:18 - [TEST_STEP][PASSED] - platform.Method.clickOnElement(findTestObject("Generic/nextPage")): platform.Method.clickOnElement is PASSED&#xD;
&#xD;
2020-07-07 16:55:20 - [MESSAGE][PASSED] - platform.Method.clickOnElement is PASSED&#xD;
&#xD;
2020-07-07 16:55:20 - [TEST_STEP][PASSED] - listElement = findWebElements(findTestObject("GenericII/listOfUserName"), 10): null&#xD;
&#xD;
2020-07-07 16:55:21 - [TEST_STEP][PASSED] - for ([index = 0, index &lt; listElement.size(), (index++)]): null&#xD;
&#xD;
2020-07-07 16:55:21 - [TEST_STEP][PASSED] - if (getText().contentEquals(username)): null&#xD;
&#xD;
2020-07-07 16:55:22 - [TEST_STEP][PASSED] - if (getText().contentEquals(username)): null&#xD;
&#xD;
2020-07-07 16:55:23 - [TEST_STEP][PASSED] - if (getText().contentEquals(username)): null&#xD;
&#xD;
2020-07-07 16:55:24 - [TEST_STEP][PASSED] - if (getText().contentEquals(username)): null&#xD;
&#xD;
2020-07-07 16:55:26 - [TEST_STEP][PASSED] - if (getText().contentEquals(username)): null&#xD;
&#xD;
2020-07-07 16:55:27 - [TEST_STEP][PASSED] - if (getText().contentEquals(username)): null&#xD;
&#xD;
2020-07-07 16:55:28 - [TEST_STEP][PASSED] - waitForElementPresent(findTestObject("Generic/nextPage"), 15): Object 'Object Repository/Generic/nextPage' is present&#xD;
&#xD;
2020-07-07 16:55:29 - [MESSAGE][PASSED] - Object 'Object Repository/Generic/nextPage' is present&#xD;
&#xD;
2020-07-07 16:55:29 - [TEST_STEP][PASSED] - platform.Method.clickOnElement(findTestObject("Generic/nextPage")): platform.Method.clickOnElement is PASSED&#xD;
&#xD;
2020-07-07 16:55:31 - [MESSAGE][PASSED] - platform.Method.clickOnElement is PASSED&#xD;
&#xD;
2020-07-07 16:55:31 - [TEST_STEP][PASSED] - listElement = findWebElements(findTestObject("GenericII/listOfUserName"), 10): null&#xD;
&#xD;
2020-07-07 16:55:32 - [TEST_STEP][PASSED] - for ([index = 0, index &lt; listElement.size(), (index++)]): null&#xD;
&#xD;
2020-07-07 16:55:32 - [TEST_STEP][PASSED] - if (getText().contentEquals(username)): null&#xD;
&#xD;
2020-07-07 16:55:34 - [TEST_STEP][PASSED] - if (getText().contentEquals(username)): null&#xD;
&#xD;
2020-07-07 16:55:35 - [TEST_STEP][PASSED] - if (getText().contentEquals(username)): null&#xD;
&#xD;
2020-07-07 16:55:36 - [TEST_STEP][PASSED] - if (getText().contentEquals(username)): null&#xD;
&#xD;
2020-07-07 16:55:37 - [TEST_STEP][PASSED] - if (getText().contentEquals(username)): null&#xD;
&#xD;
2020-07-07 16:55:38 - [TEST_STEP][PASSED] - if (getText().contentEquals(username)): null&#xD;
&#xD;
2020-07-07 16:55:39 - [TEST_STEP][PASSED] - waitForElementPresent(findTestObject("Generic/nextPage"), 15): Object 'Object Repository/Generic/nextPage' is present&#xD;
&#xD;
2020-07-07 16:55:41 - [MESSAGE][PASSED] - Object 'Object Repository/Generic/nextPage' is present&#xD;
&#xD;
2020-07-07 16:55:41 - [TEST_STEP][PASSED] - platform.Method.clickOnElement(findTestObject("Generic/nextPage")): platform.Method.clickOnElement is PASSED&#xD;
&#xD;
2020-07-07 16:55:43 - [MESSAGE][PASSED] - platform.Method.clickOnElement is PASSED&#xD;
&#xD;
2020-07-07 16:55:43 - [TEST_STEP][PASSED] - listElement = findWebElements(findTestObject("GenericII/listOfUserName"), 10): null&#xD;
&#xD;
2020-07-07 16:55:44 - [TEST_STEP][PASSED] - for ([index = 0, index &lt; listElement.size(), (index++)]): null&#xD;
&#xD;
2020-07-07 16:55:44 - [TEST_STEP][PASSED] - if (getText().contentEquals(username)): null&#xD;
&#xD;
2020-07-07 16:55:45 - [TEST_STEP][PASSED] - if (getText().contentEquals(username)): null&#xD;
&#xD;
2020-07-07 16:55:46 - [TEST_STEP][PASSED] - if (getText().contentEquals(username)): null&#xD;
&#xD;
2020-07-07 16:55:47 - [TEST_STEP][PASSED] - if (getText().contentEquals(username)): null&#xD;
&#xD;
2020-07-07 16:55:49 - [TEST_STEP][PASSED] - if (getText().contentEquals(username)): null&#xD;
&#xD;
2020-07-07 16:55:50 - [TEST_STEP][PASSED] - if (getText().contentEquals(username)): null&#xD;
&#xD;
2020-07-07 16:55:51 - [TEST_STEP][PASSED] - waitForElementPresent(findTestObject("Generic/nextPage"), 15): Object 'Object Repository/Generic/nextPage' is present&#xD;
&#xD;
2020-07-07 16:55:52 - [MESSAGE][PASSED] - Object 'Object Repository/Generic/nextPage' is present&#xD;
&#xD;
2020-07-07 16:55:52 - [TEST_STEP][PASSED] - platform.Method.clickOnElement(findTestObject("Generic/nextPage")): platform.Method.clickOnElement is PASSED&#xD;
&#xD;
2020-07-07 16:55:54 - [MESSAGE][PASSED] - platform.Method.clickOnElement is PASSED&#xD;
&#xD;
2020-07-07 16:55:54 - [TEST_STEP][PASSED] - listElement = findWebElements(findTestObject("GenericII/listOfUserName"), 10): null&#xD;
&#xD;
2020-07-07 16:55:56 - [TEST_STEP][PASSED] - for ([index = 0, index &lt; listElement.size(), (index++)]): null&#xD;
&#xD;
2020-07-07 16:55:56 - [TEST_STEP][PASSED] - if (getText().contentEquals(username)): null&#xD;
&#xD;
2020-07-07 16:55:57 - [TEST_STEP][PASSED] - if (getText().contentEquals(username)): null&#xD;
&#xD;
2020-07-07 16:55:58 - [TEST_STEP][PASSED] - if (getText().contentEquals(username)): null&#xD;
&#xD;
2020-07-07 16:55:59 - [TEST_STEP][PASSED] - if (getText().contentEquals(username)): null&#xD;
&#xD;
2020-07-07 16:56:00 - [TEST_STEP][PASSED] - if (getText().contentEquals(username)): null&#xD;
&#xD;
2020-07-07 16:56:01 - [TEST_STEP][PASSED] - if (getText().contentEquals(username)): null&#xD;
&#xD;
2020-07-07 16:56:02 - [TEST_STEP][PASSED] - waitForElementPresent(findTestObject("Generic/nextPage"), 15): Object 'Object Repository/Generic/nextPage' is present&#xD;
&#xD;
2020-07-07 16:56:03 - [MESSAGE][PASSED] - Object 'Object Repository/Generic/nextPage' is present&#xD;
&#xD;
2020-07-07 16:56:03 - [TEST_STEP][PASSED] - platform.Method.clickOnElement(findTestObject("Generic/nextPage")): platform.Method.clickOnElement is PASSED&#xD;
&#xD;
2020-07-07 16:56:05 - [MESSAGE][PASSED] - platform.Method.clickOnElement is PASSED&#xD;
&#xD;
2020-07-07 16:56:05 - [TEST_STEP][PASSED] - listElement = findWebElements(findTestObject("GenericII/listOfUserName"), 10): null&#xD;
&#xD;
2020-07-07 16:56:07 - [TEST_STEP][PASSED] - for ([index = 0, index &lt; listElement.size(), (index++)]): null&#xD;
&#xD;
2020-07-07 16:56:07 - [TEST_STEP][PASSED] - if (getText().contentEquals(username)): null&#xD;
&#xD;
2020-07-07 16:56:08 - [TEST_STEP][PASSED] - if (getText().contentEquals(username)): null&#xD;
&#xD;
2020-07-07 16:56:09 - [TEST_STEP][PASSED] - if (getText().contentEquals(username)): null&#xD;
&#xD;
2020-07-07 16:56:10 - [TEST_STEP][PASSED] - if (getText().contentEquals(username)): null&#xD;
&#xD;
2020-07-07 16:56:11 - [TEST_STEP][PASSED] - if (getText().contentEquals(username)): null&#xD;
&#xD;
2020-07-07 16:56:12 - [TEST_STEP][PASSED] - if (getText().contentEquals(username)): null&#xD;
&#xD;
2020-07-07 16:56:13 - [TEST_STEP][PASSED] - waitForElementPresent(findTestObject("Generic/nextPage"), 15): Object 'Object Repository/Generic/nextPage' is present&#xD;
&#xD;
2020-07-07 16:56:14 - [MESSAGE][PASSED] - Object 'Object Repository/Generic/nextPage' is present&#xD;
&#xD;
2020-07-07 16:56:14 - [TEST_STEP][PASSED] - platform.Method.clickOnElement(findTestObject("Generic/nextPage")): platform.Method.clickOnElement is PASSED&#xD;
&#xD;
2020-07-07 16:56:16 - [MESSAGE][PASSED] - platform.Method.clickOnElement is PASSED&#xD;
&#xD;
2020-07-07 16:56:16 - [TEST_STEP][PASSED] - listElement = findWebElements(findTestObject("GenericII/listOfUserName"), 10): null&#xD;
&#xD;
2020-07-07 16:56:18 - [TEST_STEP][PASSED] - for ([index = 0, index &lt; listElement.size(), (index++)]): null&#xD;
&#xD;
2020-07-07 16:56:18 - [TEST_STEP][PASSED] - if (getText().contentEquals(username)): null&#xD;
&#xD;
2020-07-07 16:56:19 - [TEST_STEP][PASSED] - if (getText().contentEquals(username)): null&#xD;
&#xD;
2020-07-07 16:56:20 - [TEST_STEP][PASSED] - if (getText().contentEquals(username)): null&#xD;
&#xD;
2020-07-07 16:56:21 - [TEST_STEP][PASSED] - if (getText().contentEquals(username)): null&#xD;
&#xD;
2020-07-07 16:56:22 - [TEST_STEP][PASSED] - if (getText().contentEquals(username)): null&#xD;
&#xD;
2020-07-07 16:56:23 - [TEST_STEP][PASSED] - if (getText().contentEquals(username)): null&#xD;
&#xD;
2020-07-07 16:56:24 - [TEST_STEP][PASSED] - waitForElementPresent(findTestObject("Generic/nextPage"), 15): Object 'Object Repository/Generic/nextPage' is present&#xD;
&#xD;
2020-07-07 16:56:25 - [MESSAGE][PASSED] - Object 'Object Repository/Generic/nextPage' is present&#xD;
&#xD;
2020-07-07 16:56:25 - [TEST_STEP][PASSED] - platform.Method.clickOnElement(findTestObject("Generic/nextPage")): platform.Method.clickOnElement is PASSED&#xD;
&#xD;
2020-07-07 16:56:28 - [MESSAGE][PASSED] - platform.Method.clickOnElement is PASSED&#xD;
&#xD;
2020-07-07 16:56:28 - [TEST_STEP][PASSED] - listElement = findWebElements(findTestObject("GenericII/listOfUserName"), 10): null&#xD;
&#xD;
2020-07-07 16:56:29 - [TEST_STEP][PASSED] - for ([index = 0, index &lt; listElement.size(), (index++)]): null&#xD;
&#xD;
2020-07-07 16:56:29 - [TEST_STEP][PASSED] - if (getText().contentEquals(username)): null&#xD;
&#xD;
2020-07-07 16:56:30 - [TEST_STEP][PASSED] - if (getText().contentEquals(username)): null&#xD;
&#xD;
2020-07-07 16:56:31 - [TEST_STEP][PASSED] - if (getText().contentEquals(username)): null&#xD;
&#xD;
2020-07-07 16:56:32 - [TEST_STEP][PASSED] - if (getText().contentEquals(username)): null&#xD;
&#xD;
2020-07-07 16:56:33 - [TEST_STEP][PASSED] - if (getText().contentEquals(username)): null&#xD;
&#xD;
2020-07-07 16:56:34 - [TEST_STEP][PASSED] - if (getText().contentEquals(username)): null&#xD;
&#xD;
2020-07-07 16:56:36 - [TEST_STEP][PASSED] - waitForElementPresent(findTestObject("Generic/nextPage"), 15): Object 'Object Repository/Generic/nextPage' is present&#xD;
&#xD;
2020-07-07 16:56:37 - [MESSAGE][PASSED] - Object 'Object Repository/Generic/nextPage' is present&#xD;
&#xD;
2020-07-07 16:56:37 - [TEST_STEP][PASSED] - platform.Method.clickOnElement(findTestObject("Generic/nextPage")): platform.Method.clickOnElement is PASSED&#xD;
&#xD;
2020-07-07 16:56:39 - [MESSAGE][PASSED] - platform.Method.clickOnElement is PASSED&#xD;
&#xD;
2020-07-07 16:56:39 - [TEST_STEP][PASSED] - listElement = findWebElements(findTestObject("GenericII/listOfUserName"), 10): null&#xD;
&#xD;
2020-07-07 16:56:41 - [TEST_STEP][PASSED] - for ([index = 0, index &lt; listElement.size(), (index++)]): null&#xD;
&#xD;
2020-07-07 16:56:41 - [TEST_STEP][PASSED] - if (getText().contentEquals(username)): null&#xD;
&#xD;
2020-07-07 16:56:42 - [TEST_STEP][PASSED] - if (getText().contentEquals(username)): null&#xD;
&#xD;
2020-07-07 16:56:43 - [TEST_STEP][PASSED] - if (getText().contentEquals(username)): null&#xD;
&#xD;
2020-07-07 16:56:44 - [TEST_STEP][PASSED] - if (getText().contentEquals(username)): null&#xD;
&#xD;
2020-07-07 16:56:45 - [TEST_STEP][PASSED] - if (getText().contentEquals(username)): null&#xD;
&#xD;
2020-07-07 16:56:46 - [TEST_STEP][PASSED] - if (getText().contentEquals(username)): null&#xD;
&#xD;
2020-07-07 16:56:47 - [TEST_STEP][PASSED] - waitForElementPresent(findTestObject("Generic/nextPage"), 15): Object 'Object Repository/Generic/nextPage' is present&#xD;
&#xD;
2020-07-07 16:56:49 - [MESSAGE][PASSED] - Object 'Object Repository/Generic/nextPage' is present&#xD;
&#xD;
2020-07-07 16:56:49 - [TEST_STEP][PASSED] - platform.Method.clickOnElement(findTestObject("Generic/nextPage")): platform.Method.clickOnElement is PASSED&#xD;
&#xD;
2020-07-07 16:56:51 - [MESSAGE][PASSED] - platform.Method.clickOnElement is PASSED&#xD;
&#xD;
2020-07-07 16:56:51 - [TEST_STEP][PASSED] - listElement = findWebElements(findTestObject("GenericII/listOfUserName"), 10): null&#xD;
&#xD;
2020-07-07 16:56:52 - [TEST_STEP][PASSED] - for ([index = 0, index &lt; listElement.size(), (index++)]): null&#xD;
&#xD;
2020-07-07 16:56:52 - [TEST_STEP][PASSED] - if (getText().contentEquals(username)): null&#xD;
&#xD;
2020-07-07 16:56:53 - [TEST_STEP][PASSED] - if (getText().contentEquals(username)): null&#xD;
&#xD;
2020-07-07 16:56:54 - [TEST_STEP][PASSED] - if (getText().contentEquals(username)): null&#xD;
&#xD;
2020-07-07 16:56:55 - [TEST_STEP][PASSED] - if (getText().contentEquals(username)): null&#xD;
&#xD;
2020-07-07 16:56:56 - [TEST_STEP][PASSED] - if (getText().contentEquals(username)): null&#xD;
&#xD;
2020-07-07 16:56:58 - [TEST_STEP][PASSED] - if (getText().contentEquals(username)): null&#xD;
&#xD;
2020-07-07 16:56:59 - [TEST_STEP][PASSED] - waitForElementPresent(findTestObject("Generic/nextPage"), 15): Object 'Object Repository/Generic/nextPage' is present&#xD;
&#xD;
2020-07-07 16:57:00 - [MESSAGE][PASSED] - Object 'Object Repository/Generic/nextPage' is present&#xD;
&#xD;
2020-07-07 16:57:00 - [TEST_STEP][PASSED] - platform.Method.clickOnElement(findTestObject("Generic/nextPage")): platform.Method.clickOnElement is PASSED&#xD;
&#xD;
2020-07-07 16:57:02 - [MESSAGE][PASSED] - platform.Method.clickOnElement is PASSED&#xD;
&#xD;
2020-07-07 16:57:02 - [TEST_STEP][PASSED] - listElement = findWebElements(findTestObject("GenericII/listOfUserName"), 10): null&#xD;
&#xD;
2020-07-07 16:57:04 - [TEST_STEP][PASSED] - for ([index = 0, index &lt; listElement.size(), (index++)]): null&#xD;
&#xD;
2020-07-07 16:57:04 - [TEST_STEP][PASSED] - if (getText().contentEquals(username)): null&#xD;
&#xD;
2020-07-07 16:57:05 - [TEST_STEP][PASSED] - if (getText().contentEquals(username)): null&#xD;
&#xD;
2020-07-07 16:57:07 - [TEST_STEP][PASSED] - if (getText().contentEquals(username)): null&#xD;
&#xD;
2020-07-07 16:57:08 - [TEST_STEP][PASSED] - if (getText().contentEquals(username)): null&#xD;
&#xD;
2020-07-07 16:57:09 - [TEST_STEP][PASSED] - if (getText().contentEquals(username)): null&#xD;
&#xD;
2020-07-07 16:57:10 - [TEST_STEP][PASSED] - if (getText().contentEquals(username)): null&#xD;
&#xD;
2020-07-07 16:57:12 - [TEST_STEP][PASSED] - waitForElementPresent(findTestObject("Generic/nextPage"), 15): Object 'Object Repository/Generic/nextPage' is present&#xD;
&#xD;
2020-07-07 16:57:13 - [MESSAGE][PASSED] - Object 'Object Repository/Generic/nextPage' is present&#xD;
&#xD;
2020-07-07 16:57:13 - [TEST_STEP][PASSED] - platform.Method.clickOnElement(findTestObject("Generic/nextPage")): platform.Method.clickOnElement is PASSED&#xD;
&#xD;
2020-07-07 16:57:15 - [MESSAGE][PASSED] - platform.Method.clickOnElement is PASSED&#xD;
&#xD;
2020-07-07 16:57:15 - [TEST_STEP][PASSED] - listElement = findWebElements(findTestObject("GenericII/listOfUserName"), 10): null&#xD;
&#xD;
2020-07-07 16:57:17 - [TEST_STEP][PASSED] - for ([index = 0, index &lt; listElement.size(), (index++)]): null&#xD;
&#xD;
2020-07-07 16:57:17 - [TEST_STEP][PASSED] - if (getText().contentEquals(username)): null&#xD;
&#xD;
2020-07-07 16:57:18 - [TEST_STEP][PASSED] - if (getText().contentEquals(username)): null&#xD;
&#xD;
2020-07-07 16:57:19 - [TEST_STEP][PASSED] - if (getText().contentEquals(username)): null&#xD;
&#xD;
2020-07-07 16:57:20 - [TEST_STEP][PASSED] - if (getText().contentEquals(username)): null&#xD;
&#xD;
2020-07-07 16:57:21 - [TEST_STEP][PASSED] - if (getText().contentEquals(username)): null&#xD;
&#xD;
2020-07-07 16:57:22 - [TEST_STEP][PASSED] - if (getText().contentEquals(username)): null&#xD;
&#xD;
2020-07-07 16:57:23 - [TEST_STEP][PASSED] - waitForElementPresent(findTestObject("Generic/nextPage"), 15): Object 'Object Repository/Generic/nextPage' is present&#xD;
&#xD;
2020-07-07 16:57:24 - [MESSAGE][PASSED] - Object 'Object Repository/Generic/nextPage' is present&#xD;
&#xD;
2020-07-07 16:57:24 - [TEST_STEP][PASSED] - platform.Method.clickOnElement(findTestObject("Generic/nextPage")): platform.Method.clickOnElement is PASSED&#xD;
&#xD;
2020-07-07 16:57:26 - [MESSAGE][PASSED] - platform.Method.clickOnElement is PASSED&#xD;
&#xD;
2020-07-07 16:57:26 - [TEST_STEP][PASSED] - listElement = findWebElements(findTestObject("GenericII/listOfUserName"), 10): null&#xD;
&#xD;
2020-07-07 16:57:28 - [TEST_STEP][PASSED] - for ([index = 0, index &lt; listElement.size(), (index++)]): null&#xD;
&#xD;
2020-07-07 16:57:28 - [TEST_STEP][PASSED] - if (getText().contentEquals(username)): null&#xD;
&#xD;
2020-07-07 16:57:29 - [TEST_STEP][PASSED] - if (getText().contentEquals(username)): null&#xD;
&#xD;
2020-07-07 16:57:30 - [TEST_STEP][PASSED] - if (getText().contentEquals(username)): null&#xD;
&#xD;
2020-07-07 16:57:31 - [TEST_STEP][PASSED] - if (getText().contentEquals(username)): null&#xD;
&#xD;
2020-07-07 16:57:32 - [TEST_STEP][PASSED] - if (getText().contentEquals(username)): null&#xD;
&#xD;
2020-07-07 16:57:33 - [TEST_STEP][PASSED] - if (getText().contentEquals(username)): null&#xD;
&#xD;
2020-07-07 16:57:34 - [TEST_STEP][PASSED] - waitForElementPresent(findTestObject("Generic/nextPage"), 15): Object 'Object Repository/Generic/nextPage' is present&#xD;
&#xD;
2020-07-07 16:57:35 - [MESSAGE][PASSED] - Object 'Object Repository/Generic/nextPage' is present&#xD;
&#xD;
2020-07-07 16:57:35 - [TEST_STEP][PASSED] - platform.Method.clickOnElement(findTestObject("Generic/nextPage")): platform.Method.clickOnElement is PASSED&#xD;
&#xD;
2020-07-07 16:57:38 - [MESSAGE][PASSED] - platform.Method.clickOnElement is PASSED&#xD;
&#xD;
2020-07-07 16:57:38 - [TEST_STEP][PASSED] - listElement = findWebElements(findTestObject("GenericII/listOfUserName"), 10): null&#xD;
&#xD;
2020-07-07 16:57:39 - [TEST_STEP][PASSED] - for ([index = 0, index &lt; listElement.size(), (index++)]): null&#xD;
&#xD;
2020-07-07 16:57:39 - [TEST_STEP][PASSED] - if (getText().contentEquals(username)): null&#xD;
&#xD;
2020-07-07 16:57:40 - [TEST_STEP][PASSED] - if (getText().contentEquals(username)): null&#xD;
&#xD;
2020-07-07 16:57:41 - [TEST_STEP][PASSED] - if (getText().contentEquals(username)): null&#xD;
&#xD;
2020-07-07 16:57:42 - [TEST_STEP][PASSED] - if (getText().contentEquals(username)): null&#xD;
&#xD;
2020-07-07 16:57:43 - [TEST_STEP][PASSED] - if (getText().contentEquals(username)): null&#xD;
&#xD;
2020-07-07 16:57:44 - [TEST_STEP][PASSED] - if (getText().contentEquals(username)): null&#xD;
&#xD;
2020-07-07 16:57:45 - [TEST_STEP][PASSED] - waitForElementPresent(findTestObject("Generic/nextPage"), 15): Object 'Object Repository/Generic/nextPage' is present&#xD;
&#xD;
2020-07-07 16:57:46 - [MESSAGE][PASSED] - Object 'Object Repository/Generic/nextPage' is present&#xD;
&#xD;
2020-07-07 16:57:46 - [TEST_STEP][PASSED] - platform.Method.clickOnElement(findTestObject("Generic/nextPage")): platform.Method.clickOnElement is PASSED&#xD;
&#xD;
2020-07-07 16:57:49 - [MESSAGE][PASSED] - platform.Method.clickOnElement is PASSED&#xD;
&#xD;
2020-07-07 16:57:49 - [TEST_STEP][PASSED] - listElement = findWebElements(findTestObject("GenericII/listOfUserName"), 10): null&#xD;
&#xD;
2020-07-07 16:57:50 - [TEST_STEP][PASSED] - for ([index = 0, index &lt; listElement.size(), (index++)]): null&#xD;
&#xD;
2020-07-07 16:57:50 - [TEST_STEP][PASSED] - if (getText().contentEquals(username)): null&#xD;
&#xD;
2020-07-07 16:57:51 - [TEST_STEP][PASSED] - if (getText().contentEquals(username)): null&#xD;
&#xD;
2020-07-07 16:57:52 - [TEST_STEP][PASSED] - if (getText().contentEquals(username)): null&#xD;
&#xD;
2020-07-07 16:57:53 - [TEST_STEP][PASSED] - if (getText().contentEquals(username)): null&#xD;
&#xD;
2020-07-07 16:57:54 - [TEST_STEP][PASSED] - if (getText().contentEquals(username)): null&#xD;
&#xD;
2020-07-07 16:57:55 - [TEST_STEP][PASSED] - if (getText().contentEquals(username)): null&#xD;
&#xD;
2020-07-07 16:57:56 - [TEST_STEP][PASSED] - waitForElementPresent(findTestObject("Generic/nextPage"), 15): Object 'Object Repository/Generic/nextPage' is present&#xD;
&#xD;
2020-07-07 16:57:58 - [MESSAGE][PASSED] - Object 'Object Repository/Generic/nextPage' is present&#xD;
&#xD;
2020-07-07 16:57:58 - [TEST_STEP][PASSED] - platform.Method.clickOnElement(findTestObject("Generic/nextPage")): platform.Method.clickOnElement is PASSED&#xD;
&#xD;
2020-07-07 16:58:00 - [MESSAGE][PASSED] - platform.Method.clickOnElement is PASSED&#xD;
&#xD;
2020-07-07 16:58:00 - [TEST_STEP][PASSED] - listElement = findWebElements(findTestObject("GenericII/listOfUserName"), 10): null&#xD;
&#xD;
2020-07-07 16:58:01 - [TEST_STEP][PASSED] - for ([index = 0, index &lt; listElement.size(), (index++)]): null&#xD;
&#xD;
2020-07-07 16:58:01 - [TEST_STEP][PASSED] - if (getText().contentEquals(username)): null&#xD;
&#xD;
2020-07-07 16:58:02 - [TEST_STEP][PASSED] - if (getText().contentEquals(username)): null&#xD;
&#xD;
2020-07-07 16:58:03 - [TEST_STEP][PASSED] - if (getText().contentEquals(username)): null&#xD;
&#xD;
2020-07-07 16:58:04 - [TEST_STEP][PASSED] - if (getText().contentEquals(username)): null&#xD;
&#xD;
2020-07-07 16:58:05 - [TEST_STEP][PASSED] - if (getText().contentEquals(username)): null&#xD;
&#xD;
2020-07-07 16:58:06 - [TEST_STEP][PASSED] - if (getText().contentEquals(username)): null&#xD;
&#xD;
2020-07-07 16:58:07 - [TEST_STEP][PASSED] - waitForElementPresent(findTestObject("Generic/nextPage"), 15): Object 'Object Repository/Generic/nextPage' is present&#xD;
&#xD;
2020-07-07 16:58:09 - [MESSAGE][PASSED] - Object 'Object Repository/Generic/nextPage' is present&#xD;
&#xD;
2020-07-07 16:58:09 - [TEST_STEP][PASSED] - platform.Method.clickOnElement(findTestObject("Generic/nextPage")): platform.Method.clickOnElement is PASSED&#xD;
&#xD;
2020-07-07 16:58:11 - [MESSAGE][PASSED] - platform.Method.clickOnElement is PASSED&#xD;
&#xD;
2020-07-07 16:58:11 - [TEST_STEP][PASSED] - listElement = findWebElements(findTestObject("GenericII/listOfUserName"), 10): null&#xD;
&#xD;
2020-07-07 16:58:12 - [TEST_STEP][PASSED] - for ([index = 0, index &lt; listElement.size(), (index++)]): null&#xD;
&#xD;
2020-07-07 16:58:12 - [TEST_STEP][PASSED] - if (getText().contentEquals(username)): null&#xD;
&#xD;
2020-07-07 16:58:13 - [TEST_STEP][PASSED] - if (getText().contentEquals(username)): null&#xD;
&#xD;
2020-07-07 16:58:14 - [TEST_STEP][PASSED] - if (getText().contentEquals(username)): null&#xD;
&#xD;
2020-07-07 16:58:15 - [TEST_STEP][PASSED] - if (getText().contentEquals(username)): null&#xD;
&#xD;
2020-07-07 16:58:16 - [TEST_STEP][PASSED] - if (getText().contentEquals(username)): null&#xD;
&#xD;
2020-07-07 16:58:17 - [TEST_STEP][PASSED] - if (getText().contentEquals(username)): null&#xD;
&#xD;
2020-07-07 16:58:18 - [TEST_STEP][PASSED] - waitForElementPresent(findTestObject("Generic/nextPage"), 15): Object 'Object Repository/Generic/nextPage' is present&#xD;
&#xD;
2020-07-07 16:58:19 - [MESSAGE][PASSED] - Object 'Object Repository/Generic/nextPage' is present&#xD;
&#xD;
2020-07-07 16:58:19 - [TEST_STEP][PASSED] - platform.Method.clickOnElement(findTestObject("Generic/nextPage")): platform.Method.clickOnElement is PASSED&#xD;
&#xD;
2020-07-07 16:58:22 - [MESSAGE][PASSED] - platform.Method.clickOnElement is PASSED&#xD;
&#xD;
2020-07-07 16:58:22 - [TEST_STEP][PASSED] - listElement = findWebElements(findTestObject("GenericII/listOfUserName"), 10): null&#xD;
&#xD;
2020-07-07 16:58:23 - [TEST_STEP][PASSED] - for ([index = 0, index &lt; listElement.size(), (index++)]): null&#xD;
&#xD;
2020-07-07 16:58:23 - [TEST_STEP][PASSED] - if (getText().contentEquals(username)): null&#xD;
&#xD;
2020-07-07 16:58:24 - [TEST_STEP][PASSED] - if (getText().contentEquals(username)): null&#xD;
&#xD;
2020-07-07 16:58:25 - [TEST_STEP][PASSED] - if (getText().contentEquals(username)): null&#xD;
&#xD;
2020-07-07 16:58:26 - [TEST_STEP][PASSED] - if (getText().contentEquals(username)): null&#xD;
&#xD;
2020-07-07 16:58:27 - [TEST_STEP][PASSED] - if (getText().contentEquals(username)): null&#xD;
&#xD;
2020-07-07 16:58:28 - [TEST_STEP][PASSED] - if (getText().contentEquals(username)): null&#xD;
&#xD;
2020-07-07 16:58:29 - [TEST_STEP][PASSED] - waitForElementPresent(findTestObject("Generic/nextPage"), 15): Object 'Object Repository/Generic/nextPage' is present&#xD;
&#xD;
2020-07-07 16:58:31 - [MESSAGE][PASSED] - Object 'Object Repository/Generic/nextPage' is present&#xD;
&#xD;
2020-07-07 16:58:31 - [TEST_STEP][PASSED] - platform.Method.clickOnElement(findTestObject("Generic/nextPage")): platform.Method.clickOnElement is PASSED&#xD;
&#xD;
2020-07-07 16:58:33 - [MESSAGE][PASSED] - platform.Method.clickOnElement is PASSED&#xD;
&#xD;
2020-07-07 16:58:33 - [TEST_STEP][PASSED] - listElement = findWebElements(findTestObject("GenericII/listOfUserName"), 10): null&#xD;
&#xD;
2020-07-07 16:58:34 - [TEST_STEP][PASSED] - for ([index = 0, index &lt; listElement.size(), (index++)]): null&#xD;
&#xD;
2020-07-07 16:58:34 - [TEST_STEP][PASSED] - if (getText().contentEquals(username)): null&#xD;
&#xD;
2020-07-07 16:58:35 - [TEST_STEP][PASSED] - if (getText().contentEquals(username)): null&#xD;
&#xD;
2020-07-07 16:58:36 - [TEST_STEP][PASSED] - if (getText().contentEquals(username)): null&#xD;
&#xD;
2020-07-07 16:58:37 - [TEST_STEP][PASSED] - if (getText().contentEquals(username)): null&#xD;
&#xD;
2020-07-07 16:58:39 - [TEST_STEP][PASSED] - if (getText().contentEquals(username)): null&#xD;
&#xD;
2020-07-07 16:58:40 - [TEST_STEP][PASSED] - if (getText().contentEquals(username)): null&#xD;
&#xD;
2020-07-07 16:58:41 - [TEST_STEP][PASSED] - waitForElementPresent(findTestObject("Generic/nextPage"), 15): Object 'Object Repository/Generic/nextPage' is present&#xD;
&#xD;
2020-07-07 16:58:42 - [MESSAGE][PASSED] - Object 'Object Repository/Generic/nextPage' is present&#xD;
&#xD;
2020-07-07 16:58:42 - [TEST_STEP][PASSED] - platform.Method.clickOnElement(findTestObject("Generic/nextPage")): platform.Method.clickOnElement is PASSED&#xD;
&#xD;
2020-07-07 16:58:44 - [MESSAGE][PASSED] - platform.Method.clickOnElement is PASSED&#xD;
&#xD;
2020-07-07 16:58:44 - [TEST_STEP][PASSED] - listElement = findWebElements(findTestObject("GenericII/listOfUserName"), 10): null&#xD;
&#xD;
2020-07-07 16:58:45 - [TEST_STEP][PASSED] - for ([index = 0, index &lt; listElement.size(), (index++)]): null&#xD;
&#xD;
2020-07-07 16:58:45 - [TEST_STEP][PASSED] - if (getText().contentEquals(username)): null&#xD;
&#xD;
2020-07-07 16:58:46 - [TEST_STEP][PASSED] - if (getText().contentEquals(username)): null&#xD;
&#xD;
2020-07-07 16:58:48 - [TEST_STEP][PASSED] - if (getText().contentEquals(username)): null&#xD;
&#xD;
2020-07-07 16:58:49 - [TEST_STEP][PASSED] - if (getText().contentEquals(username)): null&#xD;
&#xD;
2020-07-07 16:58:50 - [TEST_STEP][PASSED] - if (getText().contentEquals(username)): null&#xD;
&#xD;
2020-07-07 16:58:51 - [TEST_STEP][PASSED] - if (getText().contentEquals(username)): null&#xD;
&#xD;
2020-07-07 16:58:52 - [TEST_STEP][PASSED] - waitForElementPresent(findTestObject("Generic/nextPage"), 15): Object 'Object Repository/Generic/nextPage' is present&#xD;
&#xD;
2020-07-07 16:58:53 - [MESSAGE][PASSED] - Object 'Object Repository/Generic/nextPage' is present&#xD;
&#xD;
2020-07-07 16:58:53 - [TEST_STEP][PASSED] - platform.Method.clickOnElement(findTestObject("Generic/nextPage")): platform.Method.clickOnElement is PASSED&#xD;
&#xD;
2020-07-07 16:58:55 - [MESSAGE][PASSED] - platform.Method.clickOnElement is PASSED&#xD;
&#xD;
2020-07-07 16:58:55 - [TEST_STEP][PASSED] - listElement = findWebElements(findTestObject("GenericII/listOfUserName"), 10): null&#xD;
&#xD;
2020-07-07 16:58:57 - [TEST_STEP][PASSED] - for ([index = 0, index &lt; listElement.size(), (index++)]): null&#xD;
&#xD;
2020-07-07 16:58:57 - [TEST_STEP][PASSED] - if (getText().contentEquals(username)): null&#xD;
&#xD;
2020-07-07 16:58:58 - [TEST_STEP][PASSED] - if (getText().contentEquals(username)): null&#xD;
&#xD;
2020-07-07 16:58:59 - [TEST_STEP][PASSED] - if (getText().contentEquals(username)): null&#xD;
&#xD;
2020-07-07 16:59:00 - [TEST_STEP][PASSED] - if (getText().contentEquals(username)): null&#xD;
&#xD;
2020-07-07 16:59:01 - [TEST_STEP][PASSED] - if (getText().contentEquals(username)): null&#xD;
&#xD;
2020-07-07 16:59:02 - [TEST_STEP][PASSED] - if (getText().contentEquals(username)): null&#xD;
&#xD;
2020-07-07 16:59:03 - [TEST_STEP][PASSED] - waitForElementPresent(findTestObject("Generic/nextPage"), 15): Object 'Object Repository/Generic/nextPage' is present&#xD;
&#xD;
2020-07-07 16:59:04 - [MESSAGE][PASSED] - Object 'Object Repository/Generic/nextPage' is present&#xD;
&#xD;
2020-07-07 16:59:04 - [TEST_STEP][PASSED] - platform.Method.clickOnElement(findTestObject("Generic/nextPage")): platform.Method.clickOnElement is PASSED&#xD;
&#xD;
2020-07-07 16:59:06 - [MESSAGE][PASSED] - platform.Method.clickOnElement is PASSED&#xD;
&#xD;
2020-07-07 16:59:06 - [TEST_STEP][PASSED] - listElement = findWebElements(findTestObject("GenericII/listOfUserName"), 10): null&#xD;
&#xD;
2020-07-07 16:59:08 - [TEST_STEP][PASSED] - for ([index = 0, index &lt; listElement.size(), (index++)]): null&#xD;
&#xD;
2020-07-07 16:59:08 - [TEST_STEP][PASSED] - if (getText().contentEquals(username)): null&#xD;
&#xD;
2020-07-07 16:59:09 - [TEST_STEP][PASSED] - if (getText().contentEquals(username)): null&#xD;
&#xD;
2020-07-07 16:59:10 - [TEST_STEP][PASSED] - if (getText().contentEquals(username)): null&#xD;
&#xD;
2020-07-07 16:59:11 - [TEST_STEP][PASSED] - if (getText().contentEquals(username)): null&#xD;
&#xD;
2020-07-07 16:59:12 - [TEST_STEP][PASSED] - if (getText().contentEquals(username)): null&#xD;
&#xD;
2020-07-07 16:59:13 - [TEST_STEP][PASSED] - if (getText().contentEquals(username)): null&#xD;
&#xD;
2020-07-07 16:59:14 - [TEST_STEP][PASSED] - waitForElementPresent(findTestObject("Generic/nextPage"), 15): Object 'Object Repository/Generic/nextPage' is present&#xD;
&#xD;
2020-07-07 16:59:15 - [MESSAGE][PASSED] - Object 'Object Repository/Generic/nextPage' is present&#xD;
&#xD;
2020-07-07 16:59:15 - [TEST_STEP][PASSED] - platform.Method.clickOnElement(findTestObject("Generic/nextPage")): platform.Method.clickOnElement is PASSED&#xD;
&#xD;
2020-07-07 16:59:17 - [MESSAGE][PASSED] - platform.Method.clickOnElement is PASSED&#xD;
&#xD;
2020-07-07 16:59:17 - [TEST_STEP][PASSED] - listElement = findWebElements(findTestObject("GenericII/listOfUserName"), 10): null&#xD;
&#xD;
2020-07-07 16:59:19 - [TEST_STEP][PASSED] - for ([index = 0, index &lt; listElement.size(), (index++)]): null&#xD;
&#xD;
2020-07-07 16:59:19 - [TEST_STEP][PASSED] - if (getText().contentEquals(username)): null&#xD;
&#xD;
2020-07-07 16:59:20 - [TEST_STEP][PASSED] - if (getText().contentEquals(username)): null&#xD;
&#xD;
2020-07-07 16:59:21 - [TEST_STEP][PASSED] - if (getText().contentEquals(username)): null&#xD;
&#xD;
2020-07-07 16:59:22 - [TEST_STEP][PASSED] - if (getText().contentEquals(username)): null&#xD;
&#xD;
2020-07-07 16:59:23 - [TEST_STEP][PASSED] - if (getText().contentEquals(username)): null&#xD;
&#xD;
2020-07-07 16:59:24 - [TEST_STEP][PASSED] - if (getText().contentEquals(username)): null&#xD;
&#xD;
2020-07-07 16:59:25 - [TEST_STEP][PASSED] - waitForElementPresent(findTestObject("Generic/nextPage"), 15): Object 'Object Repository/Generic/nextPage' is present&#xD;
&#xD;
2020-07-07 16:59:26 - [MESSAGE][PASSED] - Object 'Object Repository/Generic/nextPage' is present&#xD;
&#xD;
2020-07-07 16:59:26 - [TEST_STEP][PASSED] - platform.Method.clickOnElement(findTestObject("Generic/nextPage")): platform.Method.clickOnElement is PASSED&#xD;
&#xD;
2020-07-07 16:59:28 - [MESSAGE][PASSED] - platform.Method.clickOnElement is PASSED&#xD;
&#xD;
2020-07-07 16:59:28 - [TEST_STEP][PASSED] - listElement = findWebElements(findTestObject("GenericII/listOfUserName"), 10): null&#xD;
&#xD;
2020-07-07 16:59:30 - [TEST_STEP][PASSED] - for ([index = 0, index &lt; listElement.size(), (index++)]): null&#xD;
&#xD;
2020-07-07 16:59:30 - [TEST_STEP][PASSED] - if (getText().contentEquals(username)): null&#xD;
&#xD;
2020-07-07 16:59:31 - [TEST_STEP][PASSED] - if (getText().contentEquals(username)): null&#xD;
&#xD;
2020-07-07 16:59:32 - [TEST_STEP][PASSED] - if (getText().contentEquals(username)): null&#xD;
&#xD;
2020-07-07 16:59:33 - [TEST_STEP][PASSED] - if (getText().contentEquals(username)): null&#xD;
&#xD;
2020-07-07 16:59:34 - [TEST_STEP][PASSED] - if (getText().contentEquals(username)): null&#xD;
&#xD;
2020-07-07 16:59:35 - [TEST_STEP][PASSED] - if (getText().contentEquals(username)): null&#xD;
&#xD;
2020-07-07 16:59:36 - [TEST_STEP][PASSED] - waitForElementPresent(findTestObject("Generic/nextPage"), 15): Object 'Object Repository/Generic/nextPage' is present&#xD;
&#xD;
2020-07-07 16:59:37 - [MESSAGE][PASSED] - Object 'Object Repository/Generic/nextPage' is present&#xD;
&#xD;
2020-07-07 16:59:37 - [TEST_STEP][PASSED] - platform.Method.clickOnElement(findTestObject("Generic/nextPage")): platform.Method.clickOnElement is PASSED&#xD;
&#xD;
2020-07-07 16:59:39 - [MESSAGE][PASSED] - platform.Method.clickOnElement is PASSED&#xD;
&#xD;
2020-07-07 16:59:39 - [TEST_STEP][PASSED] - listElement = findWebElements(findTestObject("GenericII/listOfUserName"), 10): null&#xD;
&#xD;
2020-07-07 16:59:41 - [TEST_STEP][PASSED] - for ([index = 0, index &lt; listElement.size(), (index++)]): null&#xD;
&#xD;
2020-07-07 16:59:41 - [TEST_STEP][PASSED] - if (getText().contentEquals(username)): null&#xD;
&#xD;
2020-07-07 16:59:42 - [TEST_STEP][PASSED] - if (getText().contentEquals(username)): null&#xD;
&#xD;
2020-07-07 16:59:43 - [TEST_STEP][PASSED] - if (getText().contentEquals(username)): null&#xD;
&#xD;
2020-07-07 16:59:44 - [TEST_STEP][PASSED] - if (getText().contentEquals(username)): null&#xD;
&#xD;
2020-07-07 16:59:45 - [TEST_STEP][PASSED] - if (getText().contentEquals(username)): null&#xD;
&#xD;
2020-07-07 16:59:46 - [TEST_STEP][PASSED] - if (getText().contentEquals(username)): null&#xD;
&#xD;
2020-07-07 16:59:47 - [TEST_STEP][PASSED] - waitForElementPresent(findTestObject("Generic/nextPage"), 15): Object 'Object Repository/Generic/nextPage' is present&#xD;
&#xD;
2020-07-07 16:59:48 - [MESSAGE][PASSED] - Object 'Object Repository/Generic/nextPage' is present&#xD;
&#xD;
2020-07-07 16:59:48 - [TEST_STEP][PASSED] - platform.Method.clickOnElement(findTestObject("Generic/nextPage")): platform.Method.clickOnElement is PASSED&#xD;
&#xD;
2020-07-07 16:59:51 - [MESSAGE][PASSED] - platform.Method.clickOnElement is PASSED&#xD;
&#xD;
2020-07-07 16:59:51 - [TEST_STEP][PASSED] - listElement = findWebElements(findTestObject("GenericII/listOfUserName"), 10): null&#xD;
&#xD;
2020-07-07 16:59:52 - [TEST_STEP][PASSED] - for ([index = 0, index &lt; listElement.size(), (index++)]): null&#xD;
&#xD;
2020-07-07 16:59:52 - [TEST_STEP][PASSED] - if (getText().contentEquals(username)): null&#xD;
&#xD;
2020-07-07 16:59:53 - [TEST_STEP][PASSED] - if (getText().contentEquals(username)): null&#xD;
&#xD;
2020-07-07 16:59:54 - [TEST_STEP][PASSED] - if (getText().contentEquals(username)): null&#xD;
&#xD;
2020-07-07 16:59:55 - [TEST_STEP][PASSED] - if (getText().contentEquals(username)): null&#xD;
&#xD;
2020-07-07 16:59:56 - [TEST_STEP][PASSED] - if (getText().contentEquals(username)): null&#xD;
&#xD;
2020-07-07 16:59:57 - [TEST_STEP][PASSED] - if (getText().contentEquals(username)): null&#xD;
&#xD;
2020-07-07 16:59:58 - [TEST_STEP][PASSED] - waitForElementPresent(findTestObject("Generic/nextPage"), 15): Object 'Object Repository/Generic/nextPage' is present&#xD;
&#xD;
2020-07-07 17:00:00 - [MESSAGE][PASSED] - Object 'Object Repository/Generic/nextPage' is present&#xD;
&#xD;
2020-07-07 17:00:00 - [TEST_STEP][PASSED] - platform.Method.clickOnElement(findTestObject("Generic/nextPage")): platform.Method.clickOnElement is PASSED&#xD;
&#xD;
2020-07-07 17:00:02 - [MESSAGE][PASSED] - platform.Method.clickOnElement is PASSED&#xD;
&#xD;
2020-07-07 17:00:02 - [TEST_STEP][PASSED] - listElement = findWebElements(findTestObject("GenericII/listOfUserName"), 10): null&#xD;
&#xD;
2020-07-07 17:00:03 - [TEST_STEP][PASSED] - for ([index = 0, index &lt; listElement.size(), (index++)]): null&#xD;
&#xD;
2020-07-07 17:00:03 - [TEST_STEP][PASSED] - if (getText().contentEquals(username)): null&#xD;
&#xD;
2020-07-07 17:00:04 - [TEST_STEP][PASSED] - if (getText().contentEquals(username)): null&#xD;
&#xD;
2020-07-07 17:00:05 - [TEST_STEP][PASSED] - if (getText().contentEquals(username)): null&#xD;
&#xD;
2020-07-07 17:00:06 - [TEST_STEP][PASSED] - if (getText().contentEquals(username)): null&#xD;
&#xD;
2020-07-07 17:00:07 - [TEST_STEP][PASSED] - if (getText().contentEquals(username)): null&#xD;
&#xD;
2020-07-07 17:00:08 - [TEST_STEP][PASSED] - if (getText().contentEquals(username)): null&#xD;
&#xD;
2020-07-07 17:00:09 - [TEST_STEP][PASSED] - waitForElementPresent(findTestObject("Generic/nextPage"), 15): Object 'Object Repository/Generic/nextPage' is present&#xD;
&#xD;
2020-07-07 17:00:11 - [MESSAGE][PASSED] - Object 'Object Repository/Generic/nextPage' is present&#xD;
&#xD;
2020-07-07 17:00:11 - [TEST_STEP][PASSED] - platform.Method.clickOnElement(findTestObject("Generic/nextPage")): platform.Method.clickOnElement is PASSED&#xD;
&#xD;
2020-07-07 17:00:13 - [MESSAGE][PASSED] - platform.Method.clickOnElement is PASSED&#xD;
&#xD;
2020-07-07 17:00:13 - [TEST_STEP][PASSED] - listElement = findWebElements(findTestObject("GenericII/listOfUserName"), 10): null&#xD;
&#xD;
2020-07-07 17:00:14 - [TEST_STEP][PASSED] - for ([index = 0, index &lt; listElement.size(), (index++)]): null&#xD;
&#xD;
2020-07-07 17:00:14 - [TEST_STEP][PASSED] - if (getText().contentEquals(username)): null&#xD;
&#xD;
2020-07-07 17:00:15 - [TEST_STEP][PASSED] - if (getText().contentEquals(username)): null&#xD;
&#xD;
2020-07-07 17:00:16 - [TEST_STEP][PASSED] - if (getText().contentEquals(username)): null&#xD;
&#xD;
2020-07-07 17:00:17 - [TEST_STEP][PASSED] - if (getText().contentEquals(username)): null&#xD;
&#xD;
2020-07-07 17:00:18 - [TEST_STEP][PASSED] - if (getText().contentEquals(username)): null&#xD;
&#xD;
2020-07-07 17:00:19 - [TEST_STEP][PASSED] - if (getText().contentEquals(username)): null&#xD;
&#xD;
2020-07-07 17:00:21 - [TEST_STEP][PASSED] - waitForElementPresent(findTestObject("Generic/nextPage"), 15): Object 'Object Repository/Generic/nextPage' is present&#xD;
&#xD;
2020-07-07 17:00:22 - [MESSAGE][PASSED] - Object 'Object Repository/Generic/nextPage' is present&#xD;
&#xD;
2020-07-07 17:00:22 - [TEST_STEP][PASSED] - platform.Method.clickOnElement(findTestObject("Generic/nextPage")): platform.Method.clickOnElement is PASSED&#xD;
&#xD;
2020-07-07 17:00:24 - [MESSAGE][PASSED] - platform.Method.clickOnElement is PASSED&#xD;
&#xD;
2020-07-07 17:00:24 - [TEST_STEP][PASSED] - listElement = findWebElements(findTestObject("GenericII/listOfUserName"), 10): null&#xD;
&#xD;
2020-07-07 17:00:25 - [TEST_STEP][PASSED] - for ([index = 0, index &lt; listElement.size(), (index++)]): null&#xD;
&#xD;
2020-07-07 17:00:25 - [TEST_STEP][PASSED] - if (getText().contentEquals(username)): null&#xD;
&#xD;
2020-07-07 17:00:26 - [TEST_STEP][PASSED] - if (getText().contentEquals(username)): null&#xD;
&#xD;
2020-07-07 17:00:27 - [TEST_STEP][PASSED] - if (getText().contentEquals(username)): null&#xD;
&#xD;
2020-07-07 17:00:28 - [TEST_STEP][PASSED] - if (getText().contentEquals(username)): null&#xD;
&#xD;
2020-07-07 17:00:29 - [TEST_STEP][PASSED] - if (getText().contentEquals(username)): null&#xD;
&#xD;
2020-07-07 17:00:31 - [TEST_STEP][PASSED] - if (getText().contentEquals(username)): null&#xD;
&#xD;
2020-07-07 17:00:32 - [TEST_STEP][PASSED] - waitForElementPresent(findTestObject("Generic/nextPage"), 15): Object 'Object Repository/Generic/nextPage' is present&#xD;
&#xD;
2020-07-07 17:00:33 - [MESSAGE][PASSED] - Object 'Object Repository/Generic/nextPage' is present&#xD;
&#xD;
2020-07-07 17:00:33 - [TEST_STEP][PASSED] - platform.Method.clickOnElement(findTestObject("Generic/nextPage")): platform.Method.clickOnElement is PASSED&#xD;
&#xD;
2020-07-07 17:00:35 - [MESSAGE][PASSED] - platform.Method.clickOnElement is PASSED&#xD;
&#xD;
2020-07-07 17:00:35 - [TEST_STEP][PASSED] - listElement = findWebElements(findTestObject("GenericII/listOfUserName"), 10): null&#xD;
&#xD;
2020-07-07 17:00:36 - [TEST_STEP][PASSED] - for ([index = 0, index &lt; listElement.size(), (index++)]): null&#xD;
&#xD;
2020-07-07 17:00:36 - [TEST_STEP][PASSED] - if (getText().contentEquals(username)): null&#xD;
&#xD;
2020-07-07 17:00:37 - [TEST_STEP][PASSED] - if (getText().contentEquals(username)): null&#xD;
&#xD;
2020-07-07 17:00:38 - [TEST_STEP][PASSED] - if (getText().contentEquals(username)): null&#xD;
&#xD;
2020-07-07 17:00:39 - [TEST_STEP][PASSED] - if (getText().contentEquals(username)): null&#xD;
&#xD;
2020-07-07 17:00:40 - [TEST_STEP][PASSED] - if (getText().contentEquals(username)): null&#xD;
&#xD;
2020-07-07 17:00:41 - [TEST_STEP][PASSED] - if (getText().contentEquals(username)): null&#xD;
&#xD;
2020-07-07 17:00:42 - [TEST_STEP][PASSED] - waitForElementPresent(findTestObject("Generic/nextPage"), 15): Object 'Object Repository/Generic/nextPage' is present&#xD;
&#xD;
2020-07-07 17:00:44 - [MESSAGE][PASSED] - Object 'Object Repository/Generic/nextPage' is present&#xD;
&#xD;
2020-07-07 17:00:44 - [TEST_STEP][PASSED] - platform.Method.clickOnElement(findTestObject("Generic/nextPage")): platform.Method.clickOnElement is PASSED&#xD;
&#xD;
2020-07-07 17:00:46 - [MESSAGE][PASSED] - platform.Method.clickOnElement is PASSED&#xD;
&#xD;
2020-07-07 17:00:46 - [TEST_STEP][PASSED] - listElement = findWebElements(findTestObject("GenericII/listOfUserName"), 10): null&#xD;
&#xD;
2020-07-07 17:00:47 - [TEST_STEP][PASSED] - for ([index = 0, index &lt; listElement.size(), (index++)]): null&#xD;
&#xD;
2020-07-07 17:00:47 - [TEST_STEP][PASSED] - if (getText().contentEquals(username)): null&#xD;
&#xD;
2020-07-07 17:00:48 - [TEST_STEP][PASSED] - if (getText().contentEquals(username)): null&#xD;
&#xD;
2020-07-07 17:00:49 - [TEST_STEP][PASSED] - if (getText().contentEquals(username)): null&#xD;
&#xD;
2020-07-07 17:00:50 - [TEST_STEP][PASSED] - if (getText().contentEquals(username)): null&#xD;
&#xD;
2020-07-07 17:00:51 - [TEST_STEP][PASSED] - if (getText().contentEquals(username)): null&#xD;
&#xD;
2020-07-07 17:00:52 - [TEST_STEP][PASSED] - if (getText().contentEquals(username)): null&#xD;
&#xD;
2020-07-07 17:00:54 - [TEST_STEP][PASSED] - waitForElementPresent(findTestObject("Generic/nextPage"), 15): Object 'Object Repository/Generic/nextPage' is present&#xD;
&#xD;
2020-07-07 17:00:55 - [MESSAGE][PASSED] - Object 'Object Repository/Generic/nextPage' is present&#xD;
&#xD;
2020-07-07 17:00:55 - [TEST_STEP][PASSED] - platform.Method.clickOnElement(findTestObject("Generic/nextPage")): platform.Method.clickOnElement is PASSED&#xD;
&#xD;
2020-07-07 17:00:57 - [MESSAGE][PASSED] - platform.Method.clickOnElement is PASSED&#xD;
&#xD;
2020-07-07 17:00:57 - [TEST_STEP][PASSED] - listElement = findWebElements(findTestObject("GenericII/listOfUserName"), 10): null&#xD;
&#xD;
2020-07-07 17:00:58 - [TEST_STEP][PASSED] - for ([index = 0, index &lt; listElement.size(), (index++)]): null&#xD;
&#xD;
2020-07-07 17:00:58 - [TEST_STEP][PASSED] - if (getText().contentEquals(username)): null&#xD;
&#xD;
2020-07-07 17:00:59 - [TEST_STEP][PASSED] - if (getText().contentEquals(username)): null&#xD;
&#xD;
2020-07-07 17:01:00 - [TEST_STEP][PASSED] - if (getText().contentEquals(username)): null&#xD;
&#xD;
2020-07-07 17:01:01 - [TEST_STEP][PASSED] - if (getText().contentEquals(username)): null&#xD;
&#xD;
2020-07-07 17:01:02 - [TEST_STEP][PASSED] - if (getText().contentEquals(username)): null&#xD;
&#xD;
2020-07-07 17:01:03 - [TEST_STEP][PASSED] - if (getText().contentEquals(username)): null&#xD;
&#xD;
2020-07-07 17:01:04 - [TEST_STEP][PASSED] - waitForElementPresent(findTestObject("Generic/nextPage"), 15): Object 'Object Repository/Generic/nextPage' is present&#xD;
&#xD;
2020-07-07 17:01:06 - [MESSAGE][PASSED] - Object 'Object Repository/Generic/nextPage' is present&#xD;
&#xD;
2020-07-07 17:01:06 - [TEST_STEP][PASSED] - platform.Method.clickOnElement(findTestObject("Generic/nextPage")): platform.Method.clickOnElement is PASSED&#xD;
&#xD;
2020-07-07 17:01:08 - [MESSAGE][PASSED] - platform.Method.clickOnElement is PASSED&#xD;
&#xD;
2020-07-07 17:01:08 - [TEST_STEP][PASSED] - listElement = findWebElements(findTestObject("GenericII/listOfUserName"), 10): null&#xD;
&#xD;
2020-07-07 17:01:09 - [TEST_STEP][PASSED] - for ([index = 0, index &lt; listElement.size(), (index++)]): null&#xD;
&#xD;
2020-07-07 17:01:09 - [TEST_STEP][PASSED] - if (getText().contentEquals(username)): null&#xD;
&#xD;
2020-07-07 17:01:10 - [TEST_STEP][PASSED] - if (getText().contentEquals(username)): null&#xD;
&#xD;
2020-07-07 17:01:11 - [TEST_STEP][PASSED] - if (getText().contentEquals(username)): null&#xD;
&#xD;
2020-07-07 17:01:12 - [TEST_STEP][PASSED] - if (getText().contentEquals(username)): null&#xD;
&#xD;
2020-07-07 17:01:13 - [TEST_STEP][PASSED] - if (getText().contentEquals(username)): null&#xD;
&#xD;
2020-07-07 17:01:14 - [TEST_STEP][PASSED] - if (getText().contentEquals(username)): null&#xD;
&#xD;
2020-07-07 17:01:15 - [TEST_STEP][PASSED] - waitForElementPresent(findTestObject("Generic/nextPage"), 15): Object 'Object Repository/Generic/nextPage' is present&#xD;
&#xD;
2020-07-07 17:01:17 - [MESSAGE][PASSED] - Object 'Object Repository/Generic/nextPage' is present&#xD;
&#xD;
2020-07-07 17:01:17 - [TEST_STEP][PASSED] - platform.Method.clickOnElement(findTestObject("Generic/nextPage")): platform.Method.clickOnElement is PASSED&#xD;
&#xD;
2020-07-07 17:01:19 - [MESSAGE][PASSED] - platform.Method.clickOnElement is PASSED&#xD;
&#xD;
2020-07-07 17:01:19 - [TEST_STEP][PASSED] - listElement = findWebElements(findTestObject("GenericII/listOfUserName"), 10): null&#xD;
&#xD;
2020-07-07 17:01:20 - [TEST_STEP][PASSED] - for ([index = 0, index &lt; listElement.size(), (index++)]): null&#xD;
&#xD;
2020-07-07 17:01:20 - [TEST_STEP][PASSED] - if (getText().contentEquals(username)): null&#xD;
&#xD;
2020-07-07 17:01:21 - [TEST_STEP][PASSED] - if (getText().contentEquals(username)): null&#xD;
&#xD;
2020-07-07 17:01:22 - [TEST_STEP][PASSED] - if (getText().contentEquals(username)): null&#xD;
&#xD;
2020-07-07 17:01:23 - [TEST_STEP][PASSED] - if (getText().contentEquals(username)): null&#xD;
&#xD;
2020-07-07 17:01:24 - [TEST_STEP][PASSED] - if (getText().contentEquals(username)): null&#xD;
&#xD;
2020-07-07 17:01:25 - [TEST_STEP][PASSED] - if (getText().contentEquals(username)): null&#xD;
&#xD;
2020-07-07 17:01:26 - [TEST_STEP][PASSED] - waitForElementPresent(findTestObject("Generic/nextPage"), 15): Object 'Object Repository/Generic/nextPage' is present&#xD;
&#xD;
2020-07-07 17:01:27 - [MESSAGE][PASSED] - Object 'Object Repository/Generic/nextPage' is present&#xD;
&#xD;
2020-07-07 17:01:27 - [TEST_STEP][PASSED] - platform.Method.clickOnElement(findTestObject("Generic/nextPage")): platform.Method.clickOnElement is PASSED&#xD;
&#xD;
2020-07-07 17:01:30 - [MESSAGE][PASSED] - platform.Method.clickOnElement is PASSED&#xD;
&#xD;
2020-07-07 17:01:30 - [TEST_STEP][PASSED] - listElement = findWebElements(findTestObject("GenericII/listOfUserName"), 10): null&#xD;
&#xD;
2020-07-07 17:01:31 - [TEST_STEP][PASSED] - for ([index = 0, index &lt; listElement.size(), (index++)]): null&#xD;
&#xD;
2020-07-07 17:01:31 - [TEST_STEP][PASSED] - if (getText().contentEquals(username)): null&#xD;
&#xD;
2020-07-07 17:01:32 - [TEST_STEP][PASSED] - if (getText().contentEquals(username)): null&#xD;
&#xD;
2020-07-07 17:01:33 - [TEST_STEP][PASSED] - if (getText().contentEquals(username)): null&#xD;
&#xD;
2020-07-07 17:01:34 - [TEST_STEP][PASSED] - if (getText().contentEquals(username)): null&#xD;
&#xD;
2020-07-07 17:01:35 - [TEST_STEP][PASSED] - if (getText().contentEquals(username)): null&#xD;
&#xD;
2020-07-07 17:01:36 - [TEST_STEP][PASSED] - if (getText().contentEquals(username)): null&#xD;
&#xD;
2020-07-07 17:01:37 - [TEST_STEP][PASSED] - waitForElementPresent(findTestObject("Generic/nextPage"), 15): Object 'Object Repository/Generic/nextPage' is present&#xD;
&#xD;
2020-07-07 17:01:38 - [MESSAGE][PASSED] - Object 'Object Repository/Generic/nextPage' is present&#xD;
&#xD;
2020-07-07 17:01:38 - [TEST_STEP][PASSED] - platform.Method.clickOnElement(findTestObject("Generic/nextPage")): platform.Method.clickOnElement is PASSED&#xD;
&#xD;
2020-07-07 17:01:41 - [MESSAGE][PASSED] - platform.Method.clickOnElement is PASSED&#xD;
&#xD;
2020-07-07 17:01:41 - [TEST_STEP][PASSED] - listElement = findWebElements(findTestObject("GenericII/listOfUserName"), 10): null&#xD;
&#xD;
2020-07-07 17:01:42 - [TEST_STEP][PASSED] - for ([index = 0, index &lt; listElement.size(), (index++)]): null&#xD;
&#xD;
2020-07-07 17:01:42 - [TEST_STEP][PASSED] - if (getText().contentEquals(username)): null&#xD;
&#xD;
2020-07-07 17:01:43 - [TEST_STEP][PASSED] - if (getText().contentEquals(username)): null&#xD;
&#xD;
2020-07-07 17:01:44 - [TEST_STEP][PASSED] - if (getText().contentEquals(username)): null&#xD;
&#xD;
2020-07-07 17:01:45 - [TEST_STEP][PASSED] - if (getText().contentEquals(username)): null&#xD;
&#xD;
2020-07-07 17:01:46 - [TEST_STEP][PASSED] - if (getText().contentEquals(username)): null&#xD;
&#xD;
2020-07-07 17:01:47 - [TEST_STEP][PASSED] - if (getText().contentEquals(username)): null&#xD;
&#xD;
2020-07-07 17:01:49 - [TEST_STEP][PASSED] - waitForElementPresent(findTestObject("Generic/nextPage"), 15): Object 'Object Repository/Generic/nextPage' is present&#xD;
&#xD;
2020-07-07 17:01:50 - [MESSAGE][PASSED] - Object 'Object Repository/Generic/nextPage' is present&#xD;
&#xD;
2020-07-07 17:01:50 - [TEST_STEP][PASSED] - platform.Method.clickOnElement(findTestObject("Generic/nextPage")): platform.Method.clickOnElement is PASSED&#xD;
&#xD;
2020-07-07 17:01:52 - [MESSAGE][PASSED] - platform.Method.clickOnElement is PASSED&#xD;
&#xD;
2020-07-07 17:01:52 - [TEST_STEP][PASSED] - listElement = findWebElements(findTestObject("GenericII/listOfUserName"), 10): null&#xD;
&#xD;
2020-07-07 17:01:53 - [TEST_STEP][PASSED] - for ([index = 0, index &lt; listElement.size(), (index++)]): null&#xD;
&#xD;
2020-07-07 17:01:53 - [TEST_STEP][PASSED] - if (getText().contentEquals(username)): null&#xD;
&#xD;
2020-07-07 17:01:54 - [TEST_STEP][PASSED] - if (getText().contentEquals(username)): null&#xD;
&#xD;
2020-07-07 17:01:55 - [TEST_STEP][PASSED] - if (getText().contentEquals(username)): null&#xD;
&#xD;
2020-07-07 17:01:56 - [TEST_STEP][PASSED] - if (getText().contentEquals(username)): null&#xD;
&#xD;
2020-07-07 17:01:57 - [TEST_STEP][PASSED] - if (getText().contentEquals(username)): null&#xD;
&#xD;
2020-07-07 17:01:58 - [TEST_STEP][PASSED] - if (getText().contentEquals(username)): null&#xD;
&#xD;
2020-07-07 17:01:59 - [TEST_STEP][PASSED] - waitForElementPresent(findTestObject("Generic/nextPage"), 15): Object 'Object Repository/Generic/nextPage' is present&#xD;
&#xD;
2020-07-07 17:02:00 - [MESSAGE][PASSED] - Object 'Object Repository/Generic/nextPage' is present&#xD;
&#xD;
2020-07-07 17:02:00 - [TEST_STEP][PASSED] - platform.Method.clickOnElement(findTestObject("Generic/nextPage")): platform.Method.clickOnElement is PASSED&#xD;
&#xD;
2020-07-07 17:02:03 - [MESSAGE][PASSED] - platform.Method.clickOnElement is PASSED&#xD;
&#xD;
2020-07-07 17:02:03 - [TEST_STEP][PASSED] - listElement = findWebElements(findTestObject("GenericII/listOfUserName"), 10): null&#xD;
&#xD;
2020-07-07 17:02:04 - [TEST_STEP][PASSED] - for ([index = 0, index &lt; listElement.size(), (index++)]): null&#xD;
&#xD;
2020-07-07 17:02:04 - [TEST_STEP][PASSED] - if (getText().contentEquals(username)): null&#xD;
&#xD;
2020-07-07 17:02:05 - [TEST_STEP][PASSED] - if (getText().contentEquals(username)): null&#xD;
&#xD;
2020-07-07 17:02:06 - [TEST_STEP][PASSED] - if (getText().contentEquals(username)): null&#xD;
&#xD;
2020-07-07 17:02:07 - [TEST_STEP][PASSED] - if (getText().contentEquals(username)): null&#xD;
&#xD;
2020-07-07 17:02:08 - [TEST_STEP][PASSED] - if (getText().contentEquals(username)): null&#xD;
&#xD;
2020-07-07 17:02:09 - [TEST_STEP][PASSED] - if (getText().contentEquals(username)): null&#xD;
&#xD;
2020-07-07 17:02:10 - [TEST_STEP][PASSED] - waitForElementPresent(findTestObject("Generic/nextPage"), 15): Object 'Object Repository/Generic/nextPage' is present&#xD;
&#xD;
2020-07-07 17:02:11 - [MESSAGE][PASSED] - Object 'Object Repository/Generic/nextPage' is present&#xD;
&#xD;
2020-07-07 17:02:11 - [TEST_STEP][PASSED] - platform.Method.clickOnElement(findTestObject("Generic/nextPage")): platform.Method.clickOnElement is PASSED&#xD;
&#xD;
2020-07-07 17:02:13 - [MESSAGE][PASSED] - platform.Method.clickOnElement is PASSED&#xD;
&#xD;
2020-07-07 17:02:13 - [TEST_STEP][PASSED] - listElement = findWebElements(findTestObject("GenericII/listOfUserName"), 10): null&#xD;
&#xD;
2020-07-07 17:02:15 - [TEST_STEP][PASSED] - for ([index = 0, index &lt; listElement.size(), (index++)]): null&#xD;
&#xD;
2020-07-07 17:02:15 - [TEST_STEP][PASSED] - if (getText().contentEquals(username)): null&#xD;
&#xD;
2020-07-07 17:02:16 - [TEST_STEP][PASSED] - if (getText().contentEquals(username)): null&#xD;
&#xD;
2020-07-07 17:02:17 - [TEST_STEP][PASSED] - if (getText().contentEquals(username)): null&#xD;
&#xD;
2020-07-07 17:02:18 - [TEST_STEP][PASSED] - if (getText().contentEquals(username)): null&#xD;
&#xD;
2020-07-07 17:02:19 - [TEST_STEP][PASSED] - if (getText().contentEquals(username)): null&#xD;
&#xD;
2020-07-07 17:02:20 - [TEST_STEP][PASSED] - if (getText().contentEquals(username)): null&#xD;
&#xD;
2020-07-07 17:02:21 - [TEST_STEP][PASSED] - waitForElementPresent(findTestObject("Generic/nextPage"), 15): Object 'Object Repository/Generic/nextPage' is present&#xD;
&#xD;
2020-07-07 17:02:22 - [MESSAGE][PASSED] - Object 'Object Repository/Generic/nextPage' is present&#xD;
&#xD;
2020-07-07 17:02:22 - [TEST_STEP][PASSED] - platform.Method.clickOnElement(findTestObject("Generic/nextPage")): platform.Method.clickOnElement is PASSED&#xD;
&#xD;
2020-07-07 17:02:24 - [MESSAGE][PASSED] - platform.Method.clickOnElement is PASSED&#xD;
&#xD;
2020-07-07 17:02:24 - [TEST_STEP][PASSED] - listElement = findWebElements(findTestObject("GenericII/listOfUserName"), 10): null&#xD;
&#xD;
2020-07-07 17:02:26 - [TEST_STEP][PASSED] - for ([index = 0, index &lt; listElement.size(), (index++)]): null&#xD;
&#xD;
2020-07-07 17:02:26 - [TEST_STEP][PASSED] - if (getText().contentEquals(username)): null&#xD;
&#xD;
2020-07-07 17:02:27 - [TEST_STEP][PASSED] - if (getText().contentEquals(username)): null&#xD;
&#xD;
2020-07-07 17:02:28 - [TEST_STEP][PASSED] - if (getText().contentEquals(username)): null&#xD;
&#xD;
2020-07-07 17:02:29 - [TEST_STEP][PASSED] - if (getText().contentEquals(username)): null&#xD;
&#xD;
2020-07-07 17:02:30 - [TEST_STEP][PASSED] - if (getText().contentEquals(username)): null&#xD;
&#xD;
2020-07-07 17:02:31 - [TEST_STEP][PASSED] - if (getText().contentEquals(username)): null&#xD;
&#xD;
2020-07-07 17:02:32 - [TEST_STEP][PASSED] - waitForElementPresent(findTestObject("Generic/nextPage"), 15): Object 'Object Repository/Generic/nextPage' is present&#xD;
&#xD;
2020-07-07 17:02:33 - [MESSAGE][PASSED] - Object 'Object Repository/Generic/nextPage' is present&#xD;
&#xD;
2020-07-07 17:02:33 - [TEST_STEP][PASSED] - platform.Method.clickOnElement(findTestObject("Generic/nextPage")): platform.Method.clickOnElement is PASSED&#xD;
&#xD;
2020-07-07 17:02:35 - [MESSAGE][PASSED] - platform.Method.clickOnElement is PASSED&#xD;
&#xD;
2020-07-07 17:02:35 - [TEST_STEP][PASSED] - listElement = findWebElements(findTestObject("GenericII/listOfUserName"), 10): null&#xD;
&#xD;
2020-07-07 17:02:36 - [TEST_STEP][PASSED] - for ([index = 0, index &lt; listElement.size(), (index++)]): null&#xD;
&#xD;
2020-07-07 17:02:36 - [TEST_STEP][PASSED] - if (getText().contentEquals(username)): null&#xD;
&#xD;
2020-07-07 17:02:37 - [TEST_STEP][PASSED] - if (getText().contentEquals(username)): null&#xD;
&#xD;
2020-07-07 17:02:38 - [TEST_STEP][PASSED] - if (getText().contentEquals(username)): null&#xD;
&#xD;
2020-07-07 17:02:39 - [TEST_STEP][PASSED] - if (getText().contentEquals(username)): null&#xD;
&#xD;
2020-07-07 17:02:40 - [TEST_STEP][PASSED] - if (getText().contentEquals(username)): null&#xD;
&#xD;
2020-07-07 17:02:41 - [TEST_STEP][PASSED] - if (getText().contentEquals(username)): null&#xD;
&#xD;
2020-07-07 17:02:42 - [TEST_STEP][PASSED] - waitForElementPresent(findTestObject("Generic/nextPage"), 15): Object 'Object Repository/Generic/nextPage' is present&#xD;
&#xD;
2020-07-07 17:02:44 - [MESSAGE][PASSED] - Object 'Object Repository/Generic/nextPage' is present&#xD;
&#xD;
2020-07-07 17:02:44 - [TEST_STEP][PASSED] - platform.Method.clickOnElement(findTestObject("Generic/nextPage")): platform.Method.clickOnElement is PASSED&#xD;
&#xD;
2020-07-07 17:02:46 - [MESSAGE][PASSED] - platform.Method.clickOnElement is PASSED&#xD;
&#xD;
2020-07-07 17:02:46 - [TEST_STEP][PASSED] - listElement = findWebElements(findTestObject("GenericII/listOfUserName"), 10): null&#xD;
&#xD;
2020-07-07 17:02:47 - [TEST_STEP][PASSED] - for ([index = 0, index &lt; listElement.size(), (index++)]): null&#xD;
&#xD;
2020-07-07 17:02:47 - [TEST_STEP][PASSED] - if (getText().contentEquals(username)): null&#xD;
&#xD;
2020-07-07 17:02:48 - [TEST_STEP][PASSED] - if (getText().contentEquals(username)): null&#xD;
&#xD;
2020-07-07 17:02:49 - [TEST_STEP][PASSED] - if (getText().contentEquals(username)): null&#xD;
&#xD;
2020-07-07 17:02:50 - [TEST_STEP][PASSED] - if (getText().contentEquals(username)): null&#xD;
&#xD;
2020-07-07 17:02:51 - [TEST_STEP][PASSED] - if (getText().contentEquals(username)): null&#xD;
&#xD;
2020-07-07 17:02:52 - [TEST_STEP][PASSED] - if (getText().contentEquals(username)): null&#xD;
&#xD;
2020-07-07 17:02:53 - [TEST_STEP][PASSED] - waitForElementPresent(findTestObject("Generic/nextPage"), 15): Object 'Object Repository/Generic/nextPage' is present&#xD;
&#xD;
2020-07-07 17:02:54 - [MESSAGE][PASSED] - Object 'Object Repository/Generic/nextPage' is present&#xD;
&#xD;
2020-07-07 17:02:54 - [TEST_STEP][PASSED] - platform.Method.clickOnElement(findTestObject("Generic/nextPage")): platform.Method.clickOnElement is PASSED&#xD;
&#xD;
2020-07-07 17:02:57 - [MESSAGE][PASSED] - platform.Method.clickOnElement is PASSED&#xD;
&#xD;
2020-07-07 17:02:57 - [TEST_STEP][PASSED] - listElement = findWebElements(findTestObject("GenericII/listOfUserName"), 10): null&#xD;
&#xD;
2020-07-07 17:02:58 - [TEST_STEP][PASSED] - for ([index = 0, index &lt; listElement.size(), (index++)]): null&#xD;
&#xD;
2020-07-07 17:02:58 - [TEST_STEP][PASSED] - if (getText().contentEquals(username)): null&#xD;
&#xD;
2020-07-07 17:02:59 - [TEST_STEP][PASSED] - if (getText().contentEquals(username)): null&#xD;
&#xD;
2020-07-07 17:03:00 - [TEST_STEP][PASSED] - if (getText().contentEquals(username)): null&#xD;
&#xD;
2020-07-07 17:03:01 - [TEST_STEP][PASSED] - if (getText().contentEquals(username)): null&#xD;
&#xD;
2020-07-07 17:03:02 - [TEST_STEP][PASSED] - if (getText().contentEquals(username)): null&#xD;
&#xD;
2020-07-07 17:03:03 - [TEST_STEP][PASSED] - if (getText().contentEquals(username)): null&#xD;
&#xD;
2020-07-07 17:03:04 - [TEST_STEP][PASSED] - waitForElementPresent(findTestObject("Generic/nextPage"), 15): Object 'Object Repository/Generic/nextPage' is present&#xD;
&#xD;
2020-07-07 17:03:05 - [MESSAGE][PASSED] - Object 'Object Repository/Generic/nextPage' is present&#xD;
&#xD;
2020-07-07 17:03:05 - [TEST_STEP][PASSED] - platform.Method.clickOnElement(findTestObject("Generic/nextPage")): platform.Method.clickOnElement is PASSED&#xD;
&#xD;
2020-07-07 17:03:08 - [MESSAGE][PASSED] - platform.Method.clickOnElement is PASSED&#xD;
&#xD;
2020-07-07 17:03:08 - [TEST_STEP][PASSED] - listElement = findWebElements(findTestObject("GenericII/listOfUserName"), 10): null&#xD;
&#xD;
2020-07-07 17:03:09 - [TEST_STEP][PASSED] - for ([index = 0, index &lt; listElement.size(), (index++)]): null&#xD;
&#xD;
2020-07-07 17:03:09 - [TEST_STEP][PASSED] - if (getText().contentEquals(username)): null&#xD;
&#xD;
2020-07-07 17:03:10 - [TEST_STEP][PASSED] - if (getText().contentEquals(username)): null&#xD;
&#xD;
2020-07-07 17:03:11 - [TEST_STEP][PASSED] - if (getText().contentEquals(username)): null&#xD;
&#xD;
2020-07-07 17:03:12 - [TEST_STEP][PASSED] - if (getText().contentEquals(username)): null&#xD;
&#xD;
2020-07-07 17:03:13 - [TEST_STEP][PASSED] - if (getText().contentEquals(username)): null&#xD;
&#xD;
2020-07-07 17:03:14 - [TEST_STEP][PASSED] - if (getText().contentEquals(username)): null&#xD;
&#xD;
2020-07-07 17:03:15 - [TEST_STEP][PASSED] - waitForElementPresent(findTestObject("Generic/nextPage"), 15): Object 'Object Repository/Generic/nextPage' is present&#xD;
&#xD;
2020-07-07 17:03:16 - [MESSAGE][PASSED] - Object 'Object Repository/Generic/nextPage' is present&#xD;
&#xD;
2020-07-07 17:03:16 - [TEST_STEP][PASSED] - platform.Method.clickOnElement(findTestObject("Generic/nextPage")): platform.Method.clickOnElement is PASSED&#xD;
&#xD;
2020-07-07 17:03:18 - [MESSAGE][PASSED] - platform.Method.clickOnElement is PASSED&#xD;
&#xD;
2020-07-07 17:03:18 - [TEST_STEP][PASSED] - listElement = findWebElements(findTestObject("GenericII/listOfUserName"), 10): null&#xD;
&#xD;
2020-07-07 17:03:19 - [TEST_STEP][PASSED] - for ([index = 0, index &lt; listElement.size(), (index++)]): null&#xD;
&#xD;
2020-07-07 17:03:19 - [TEST_STEP][PASSED] - if (getText().contentEquals(username)): null&#xD;
&#xD;
2020-07-07 17:03:20 - [TEST_STEP][PASSED] - if (getText().contentEquals(username)): null&#xD;
&#xD;
2020-07-07 17:03:21 - [TEST_STEP][PASSED] - if (getText().contentEquals(username)): null&#xD;
&#xD;
2020-07-07 17:03:22 - [TEST_STEP][PASSED] - if (getText().contentEquals(username)): null&#xD;
&#xD;
2020-07-07 17:03:23 - [TEST_STEP][PASSED] - if (getText().contentEquals(username)): null&#xD;
&#xD;
2020-07-07 17:03:24 - [TEST_STEP][PASSED] - if (getText().contentEquals(username)): null&#xD;
&#xD;
2020-07-07 17:03:26 - [TEST_STEP][PASSED] - waitForElementPresent(findTestObject("Generic/nextPage"), 15): Object 'Object Repository/Generic/nextPage' is present&#xD;
&#xD;
2020-07-07 17:03:27 - [MESSAGE][PASSED] - Object 'Object Repository/Generic/nextPage' is present&#xD;
&#xD;
2020-07-07 17:03:27 - [TEST_STEP][PASSED] - platform.Method.clickOnElement(findTestObject("Generic/nextPage")): platform.Method.clickOnElement is PASSED&#xD;
&#xD;
2020-07-07 17:03:29 - [MESSAGE][PASSED] - platform.Method.clickOnElement is PASSED&#xD;
&#xD;
2020-07-07 17:03:29 - [TEST_STEP][PASSED] - listElement = findWebElements(findTestObject("GenericII/listOfUserName"), 10): null&#xD;
&#xD;
2020-07-07 17:03:30 - [TEST_STEP][PASSED] - for ([index = 0, index &lt; listElement.size(), (index++)]): null&#xD;
&#xD;
2020-07-07 17:03:30 - [TEST_STEP][PASSED] - if (getText().contentEquals(username)): null&#xD;
&#xD;
2020-07-07 17:03:31 - [TEST_STEP][PASSED] - if (getText().contentEquals(username)): null&#xD;
&#xD;
2020-07-07 17:03:32 - [TEST_STEP][PASSED] - if (getText().contentEquals(username)): null&#xD;
&#xD;
2020-07-07 17:03:33 - [TEST_STEP][PASSED] - if (getText().contentEquals(username)): null&#xD;
&#xD;
2020-07-07 17:03:34 - [TEST_STEP][PASSED] - if (getText().contentEquals(username)): null&#xD;
&#xD;
2020-07-07 17:03:35 - [TEST_STEP][PASSED] - if (getText().contentEquals(username)): null&#xD;
&#xD;
2020-07-07 17:03:36 - [TEST_STEP][PASSED] - waitForElementPresent(findTestObject("Generic/nextPage"), 15): Object 'Object Repository/Generic/nextPage' is present&#xD;
&#xD;
2020-07-07 17:03:38 - [MESSAGE][PASSED] - Object 'Object Repository/Generic/nextPage' is present&#xD;
&#xD;
2020-07-07 17:03:38 - [TEST_STEP][PASSED] - platform.Method.clickOnElement(findTestObject("Generic/nextPage")): platform.Method.clickOnElement is PASSED&#xD;
&#xD;
2020-07-07 17:03:40 - [MESSAGE][PASSED] - platform.Method.clickOnElement is PASSED&#xD;
&#xD;
2020-07-07 17:03:40 - [TEST_STEP][PASSED] - listElement = findWebElements(findTestObject("GenericII/listOfUserName"), 10): null&#xD;
&#xD;
2020-07-07 17:03:41 - [TEST_STEP][PASSED] - for ([index = 0, index &lt; listElement.size(), (index++)]): null&#xD;
&#xD;
2020-07-07 17:03:41 - [TEST_STEP][PASSED] - if (getText().contentEquals(username)): null&#xD;
&#xD;
2020-07-07 17:03:42 - [TEST_STEP][PASSED] - if (getText().contentEquals(username)): null&#xD;
&#xD;
2020-07-07 17:03:43 - [TEST_STEP][PASSED] - if (getText().contentEquals(username)): null&#xD;
&#xD;
2020-07-07 17:03:44 - [TEST_STEP][PASSED] - if (getText().contentEquals(username)): null&#xD;
&#xD;
2020-07-07 17:03:45 - [TEST_STEP][PASSED] - if (getText().contentEquals(username)): null&#xD;
&#xD;
2020-07-07 17:03:46 - [TEST_STEP][PASSED] - if (getText().contentEquals(username)): null&#xD;
&#xD;
2020-07-07 17:03:47 - [TEST_STEP][PASSED] - waitForElementPresent(findTestObject("Generic/nextPage"), 15): Object 'Object Repository/Generic/nextPage' is present&#xD;
&#xD;
2020-07-07 17:03:49 - [MESSAGE][PASSED] - Object 'Object Repository/Generic/nextPage' is present&#xD;
&#xD;
2020-07-07 17:03:49 - [TEST_STEP][PASSED] - platform.Method.clickOnElement(findTestObject("Generic/nextPage")): platform.Method.clickOnElement is PASSED&#xD;
&#xD;
2020-07-07 17:03:51 - [MESSAGE][PASSED] - platform.Method.clickOnElement is PASSED&#xD;
&#xD;
2020-07-07 17:03:51 - [TEST_STEP][PASSED] - listElement = findWebElements(findTestObject("GenericII/listOfUserName"), 10): null&#xD;
&#xD;
2020-07-07 17:03:52 - [TEST_STEP][PASSED] - for ([index = 0, index &lt; listElement.size(), (index++)]): null&#xD;
&#xD;
2020-07-07 17:03:52 - [TEST_STEP][PASSED] - if (getText().contentEquals(username)): null&#xD;
&#xD;
2020-07-07 17:03:53 - [TEST_STEP][PASSED] - if (getText().contentEquals(username)): null&#xD;
&#xD;
2020-07-07 17:03:54 - [TEST_STEP][PASSED] - if (getText().contentEquals(username)): null&#xD;
&#xD;
2020-07-07 17:03:55 - [TEST_STEP][PASSED] - if (getText().contentEquals(username)): null&#xD;
&#xD;
2020-07-07 17:03:56 - [TEST_STEP][PASSED] - if (getText().contentEquals(username)): null&#xD;
&#xD;
2020-07-07 17:03:57 - [TEST_STEP][PASSED] - if (getText().contentEquals(username)): null&#xD;
&#xD;
2020-07-07 17:03:58 - [TEST_STEP][PASSED] - waitForElementPresent(findTestObject("Generic/nextPage"), 15): Object 'Object Repository/Generic/nextPage' is present&#xD;
&#xD;
2020-07-07 17:03:59 - [MESSAGE][PASSED] - Object 'Object Repository/Generic/nextPage' is present&#xD;
&#xD;
2020-07-07 17:03:59 - [TEST_STEP][PASSED] - platform.Method.clickOnElement(findTestObject("Generic/nextPage")): platform.Method.clickOnElement is PASSED&#xD;
&#xD;
2020-07-07 17:04:01 - [MESSAGE][PASSED] - platform.Method.clickOnElement is PASSED&#xD;
&#xD;
2020-07-07 17:04:01 - [TEST_STEP][PASSED] - listElement = findWebElements(findTestObject("GenericII/listOfUserName"), 10): null&#xD;
&#xD;
2020-07-07 17:04:03 - [TEST_STEP][PASSED] - for ([index = 0, index &lt; listElement.size(), (index++)]): null&#xD;
&#xD;
2020-07-07 17:04:03 - [TEST_STEP][PASSED] - if (getText().contentEquals(username)): null&#xD;
&#xD;
2020-07-07 17:04:04 - [TEST_STEP][PASSED] - if (getText().contentEquals(username)): null&#xD;
&#xD;
2020-07-07 17:04:05 - [TEST_STEP][PASSED] - if (getText().contentEquals(username)): null&#xD;
&#xD;
2020-07-07 17:04:06 - [TEST_STEP][PASSED] - if (getText().contentEquals(username)): null&#xD;
&#xD;
2020-07-07 17:04:07 - [TEST_STEP][PASSED] - if (getText().contentEquals(username)): null&#xD;
&#xD;
2020-07-07 17:04:08 - [TEST_STEP][PASSED] - if (getText().contentEquals(username)): null&#xD;
&#xD;
2020-07-07 17:04:09 - [TEST_STEP][PASSED] - waitForElementPresent(findTestObject("Generic/nextPage"), 15): Object 'Object Repository/Generic/nextPage' is present&#xD;
&#xD;
2020-07-07 17:04:10 - [MESSAGE][PASSED] - Object 'Object Repository/Generic/nextPage' is present&#xD;
&#xD;
2020-07-07 17:04:10 - [TEST_STEP][PASSED] - platform.Method.clickOnElement(findTestObject("Generic/nextPage")): platform.Method.clickOnElement is PASSED&#xD;
&#xD;
2020-07-07 17:04:12 - [MESSAGE][PASSED] - platform.Method.clickOnElement is PASSED&#xD;
&#xD;
2020-07-07 17:04:12 - [TEST_STEP][PASSED] - listElement = findWebElements(findTestObject("GenericII/listOfUserName"), 10): null&#xD;
&#xD;
2020-07-07 17:04:13 - [TEST_STEP][PASSED] - for ([index = 0, index &lt; listElement.size(), (index++)]): null&#xD;
&#xD;
2020-07-07 17:04:13 - [TEST_STEP][PASSED] - if (getText().contentEquals(username)): null&#xD;
&#xD;
2020-07-07 17:04:14 - [TEST_STEP][PASSED] - if (getText().contentEquals(username)): null&#xD;
&#xD;
2020-07-07 17:04:16 - [TEST_STEP][PASSED] - if (getText().contentEquals(username)): null&#xD;
&#xD;
2020-07-07 17:04:17 - [TEST_STEP][PASSED] - if (getText().contentEquals(username)): null&#xD;
&#xD;
2020-07-07 17:04:18 - [TEST_STEP][PASSED] - if (getText().contentEquals(username)): null&#xD;
&#xD;
2020-07-07 17:04:19 - [TEST_STEP][PASSED] - if (getText().contentEquals(username)): null&#xD;
&#xD;
2020-07-07 17:04:20 - [TEST_STEP][PASSED] - waitForElementPresent(findTestObject("Generic/nextPage"), 15): Object 'Object Repository/Generic/nextPage' is present&#xD;
&#xD;
2020-07-07 17:04:21 - [MESSAGE][PASSED] - Object 'Object Repository/Generic/nextPage' is present&#xD;
&#xD;
2020-07-07 17:04:21 - [TEST_STEP][PASSED] - platform.Method.clickOnElement(findTestObject("Generic/nextPage")): platform.Method.clickOnElement is PASSED&#xD;
&#xD;
2020-07-07 17:04:23 - [MESSAGE][PASSED] - platform.Method.clickOnElement is PASSED&#xD;
&#xD;
2020-07-07 17:04:23 - [TEST_STEP][PASSED] - listElement = findWebElements(findTestObject("GenericII/listOfUserName"), 10): null&#xD;
&#xD;
2020-07-07 17:04:24 - [TEST_STEP][PASSED] - for ([index = 0, index &lt; listElement.size(), (index++)]): null&#xD;
&#xD;
2020-07-07 17:04:24 - [TEST_STEP][PASSED] - if (getText().contentEquals(username)): null&#xD;
&#xD;
2020-07-07 17:04:26 - [TEST_STEP][PASSED] - if (getText().contentEquals(username)): null&#xD;
&#xD;
2020-07-07 17:04:27 - [TEST_STEP][PASSED] - if (getText().contentEquals(username)): null&#xD;
&#xD;
2020-07-07 17:04:28 - [TEST_STEP][PASSED] - if (getText().contentEquals(username)): null&#xD;
&#xD;
2020-07-07 17:04:29 - [TEST_STEP][PASSED] - if (getText().contentEquals(username)): null&#xD;
&#xD;
2020-07-07 17:04:30 - [TEST_STEP][PASSED] - if (getText().contentEquals(username)): null&#xD;
&#xD;
2020-07-07 17:04:31 - [TEST_STEP][PASSED] - waitForElementPresent(findTestObject("Generic/nextPage"), 15): Object 'Object Repository/Generic/nextPage' is present&#xD;
&#xD;
2020-07-07 17:04:32 - [MESSAGE][PASSED] - Object 'Object Repository/Generic/nextPage' is present&#xD;
&#xD;
2020-07-07 17:04:32 - [TEST_STEP][PASSED] - platform.Method.clickOnElement(findTestObject("Generic/nextPage")): platform.Method.clickOnElement is PASSED&#xD;
&#xD;
2020-07-07 17:04:34 - [MESSAGE][PASSED] - platform.Method.clickOnElement is PASSED&#xD;
&#xD;
2020-07-07 17:04:34 - [TEST_STEP][PASSED] - listElement = findWebElements(findTestObject("GenericII/listOfUserName"), 10): null&#xD;
&#xD;
2020-07-07 17:04:35 - [TEST_STEP][PASSED] - for ([index = 0, index &lt; listElement.size(), (index++)]): null&#xD;
&#xD;
2020-07-07 17:04:35 - [TEST_STEP][PASSED] - if (getText().contentEquals(username)): null&#xD;
&#xD;
2020-07-07 17:04:36 - [TEST_STEP][PASSED] - if (getText().contentEquals(username)): null&#xD;
&#xD;
2020-07-07 17:04:37 - [TEST_STEP][PASSED] - if (getText().contentEquals(username)): null&#xD;
&#xD;
2020-07-07 17:04:39 - [TEST_STEP][PASSED] - if (getText().contentEquals(username)): null&#xD;
&#xD;
2020-07-07 17:04:40 - [TEST_STEP][PASSED] - if (getText().contentEquals(username)): null&#xD;
&#xD;
2020-07-07 17:04:41 - [TEST_STEP][PASSED] - if (getText().contentEquals(username)): null&#xD;
&#xD;
2020-07-07 17:04:42 - [TEST_STEP][PASSED] - waitForElementPresent(findTestObject("Generic/nextPage"), 15): Object 'Object Repository/Generic/nextPage' is present&#xD;
&#xD;
2020-07-07 17:04:43 - [MESSAGE][PASSED] - Object 'Object Repository/Generic/nextPage' is present&#xD;
&#xD;
2020-07-07 17:04:43 - [TEST_STEP][ERROR] - platform.Method.clickOnElement(findTestObject("Generic/nextPage")): chrome not reachable
  (Session info: chrome=83.0.4103.116)
Build info: version: '3.141.59', revision: 'e82be7d358', time: '2018-11-14T08:25:53'
System info: host: 'WLPT580', ip: '192.168.1.102', os.name: 'Windows 8.1', os.arch: 'amd64', os.version: '6.3', java.version: '1.8.0_181'
Driver info: com.kms.katalon.selenium.driver.CChromeDriver
Capabilities {acceptInsecureCerts: false, browserName: chrome, browserVersion: 83.0.4103.116, chrome: {chromedriverVersion: 83.0.4103.39 (ccbf011cb2d2b..., userDataDir: C:\Users\narendra.n\AppData...}, goog:chromeOptions: {debuggerAddress: localhost:49301}, javascriptEnabled: true, networkConnectionEnabled: false, pageLoadStrategy: normal, platform: WINDOWS, platformName: WINDOWS, proxy: Proxy(), setWindowRect: true, strictFileInteractability: false, timeouts: {implicit: 0, pageLoad: 300000, script: 30000}, unhandledPromptBehavior: dismiss and notify, webauthn:virtualAuthenticators: true}
Session ID: e91c9c214f0d8b60d4aae2592bb23e81&#xD;
&#xD;
2020-07-07 17:04:49 - [MESSAGE][ERROR] - chrome not reachable
  (Session info: chrome=83.0.4103.116)
Build info: version: '3.141.59', revision: 'e82be7d358', time: '2018-11-14T08:25:53'
System info: host: 'WLPT580', ip: '192.168.1.102', os.name: 'Windows 8.1', os.arch: 'amd64', os.version: '6.3', java.version: '1.8.0_181'
Driver info: com.kms.katalon.selenium.driver.CChromeDriver
Capabilities {acceptInsecureCerts: false, browserName: chrome, browserVersion: 83.0.4103.116, chrome: {chromedriverVersion: 83.0.4103.39 (ccbf011cb2d2b..., userDataDir: C:\Users\narendra.n\AppData...}, goog:chromeOptions: {debuggerAddress: localhost:49301}, javascriptEnabled: true, networkConnectionEnabled: false, pageLoadStrategy: normal, platform: WINDOWS, platformName: WINDOWS, proxy: Proxy(), setWindowRect: true, strictFileInteractability: false, timeouts: {implicit: 0, pageLoad: 300000, script: 30000}, unhandledPromptBehavior: dismiss and notify, webauthn:virtualAuthenticators: true}
Session ID: e91c9c214f0d8b60d4aae2592bb23e81</system-out>
            <system-err>2020-07-07 16:27:59 - [TEST_CASE][ERROR] - Test Cases/Generic/adminUserDeletion_Test: Test Cases/Generic/adminUserDeletion_Test FAILED.
Reason:
org.openqa.selenium.WebDriverException: chrome not reachable
  (Session info: chrome=83.0.4103.116)
Build info: version: '3.141.59', revision: 'e82be7d358', time: '2018-11-14T08:25:53'
System info: host: 'WLPT580', ip: '192.168.1.102', os.name: 'Windows 8.1', os.arch: 'amd64', os.version: '6.3', java.version: '1.8.0_181'
Driver info: com.kms.katalon.selenium.driver.CChromeDriver
Capabilities {acceptInsecureCerts: false, browserName: chrome, browserVersion: 83.0.4103.116, chrome: {chromedriverVersion: 83.0.4103.39 (ccbf011cb2d2b..., userDataDir: C:\Users\narendra.n\AppData...}, goog:chromeOptions: {debuggerAddress: localhost:49301}, javascriptEnabled: true, networkConnectionEnabled: false, pageLoadStrategy: normal, platform: WINDOWS, platformName: WINDOWS, proxy: Proxy(), setWindowRect: true, strictFileInteractability: false, timeouts: {implicit: 0, pageLoad: 300000, script: 30000}, unhandledPromptBehavior: dismiss and notify, webauthn:virtualAuthenticators: true}
Session ID: e91c9c214f0d8b60d4aae2592bb23e81&#xD;
	at org.openqa.selenium.remote.http.W3CHttpResponseCodec.createException(W3CHttpResponseCodec.java:187)&#xD;
	at org.openqa.selenium.remote.http.W3CHttpResponseCodec.decode(W3CHttpResponseCodec.java:122)&#xD;
	at org.openqa.selenium.remote.http.W3CHttpResponseCodec.decode(W3CHttpResponseCodec.java:49)&#xD;
	at org.openqa.selenium.remote.HttpCommandExecutor.execute(HttpCommandExecutor.java:158)&#xD;
	at org.openqa.selenium.remote.service.DriverCommandExecutor.execute(DriverCommandExecutor.java:83)&#xD;
	at org.openqa.selenium.remote.RemoteWebDriver.execute(RemoteWebDriver.java:552)&#xD;
	at com.kms.katalon.selenium.driver.CChromeDriver.execute(CChromeDriver.java:20)&#xD;
	at org.openqa.selenium.remote.RemoteWebDriver.executeScript(RemoteWebDriver.java:489)&#xD;
	at platform.Method.clickOnElement(Method.groovy:32)&#xD;
	at platform.Method.invokeMethod(Method.groovy)&#xD;
	at com.kms.katalon.core.main.CustomKeywordDelegatingMetaClass.invokeStaticMethod(CustomKeywordDelegatingMetaClass.java:50)&#xD;
	at adminUserDeletion_Test.run(adminUserDeletion_Test:35)&#xD;
	at com.kms.katalon.core.main.ScriptEngine.run(ScriptEngine.java:194)&#xD;
	at com.kms.katalon.core.main.ScriptEngine.runScriptAsRawText(ScriptEngine.java:119)&#xD;
	at com.kms.katalon.core.main.TestCaseExecutor.runScript(TestCaseExecutor.java:337)&#xD;
	at com.kms.katalon.core.main.TestCaseExecutor.doExecute(TestCaseExecutor.java:328)&#xD;
	at com.kms.katalon.core.main.TestCaseExecutor.processExecutionPhase(TestCaseExecutor.java:307)&#xD;
	at com.kms.katalon.core.main.TestCaseExecutor.accessMainPhase(TestCaseExecutor.java:299)&#xD;
	at com.kms.katalon.core.main.TestCaseExecutor.execute(TestCaseExecutor.java:233)&#xD;
	at com.kms.katalon.core.main.TestSuiteExecutor.accessTestCaseMainPhase(TestSuiteExecutor.java:169)&#xD;
	at com.kms.katalon.core.main.TestSuiteExecutor.accessTestSuiteMainPhase(TestSuiteExecutor.java:142)&#xD;
	at com.kms.katalon.core.main.TestSuiteExecutor.execute(TestSuiteExecutor.java:91)&#xD;
	at com.kms.katalon.core.main.TestCaseMain.startTestSuite(TestCaseMain.java:157)&#xD;
	at com.kms.katalon.core.main.TestCaseMain$startTestSuite$0.call(Unknown Source)&#xD;
	at TempTestSuite1594119054245.run(TempTestSuite1594119054245.groovy:35)</system-err>
        </testcase>
        <testcase name="Test Cases/Generic/adminRoleManagement_Test" classname="Test Cases/Generic/adminRoleManagement_Test" status="PASSED">
            <system-out>2020-07-07 17:04:49 - [TEST_CASE][PASSED] - Test Cases/Generic/adminRoleManagement_Test: Test Cases/Generic/adminRoleManagement_Test&#xD;
&#xD;
2020-07-07 17:04:49 - [TEST_STEP][PASSED] - Start listener action : setUp: Current window maximized&#xD;
&#xD;
2020-07-07 17:04:49 - [TEST_STEP][PASSED] - openBrowser(URL): Browser is opened with url: 'preprod.imibot.ai'&#xD;
&#xD;
2020-07-07 17:04:50 - [MESSAGE][WARNING] - A browser is already opened. Closing browser and opening a new one&#xD;
&#xD;
2020-07-07 17:04:51 - [MESSAGE][INFO] - Starting 'Chrome' driver&#xD;
&#xD;
2020-07-07 17:04:51 - [MESSAGE][INFO] - User set preference: ['args', '[--start-maximized]']&#xD;
&#xD;
2020-07-07 17:05:02 - [MESSAGE][PASSED] - Browser is opened with url: 'preprod.imibot.ai'&#xD;
&#xD;
2020-07-07 17:05:02 - [TEST_STEP][PASSED] - maximizeWindow(): Current window maximized&#xD;
&#xD;
2020-07-07 17:05:04 - [MESSAGE][PASSED] - Current window maximized&#xD;
&#xD;
2020-07-07 17:05:04 - [TEST_STEP][PASSED] - callTestCase(findTestCase("Generic/successfulLogin_Test"), [:], STOP_ON_FAILURE): Call Test Case 'Test Cases/Generic/successfulLogin_Test' successfully&#xD;
&#xD;
2020-07-07 17:05:04 - [TEST_CASE][PASSED] - Test Cases/Generic/successfulLogin_Test: Test Cases/Generic/successfulLogin_Test&#xD;
&#xD;
2020-07-07 17:05:05 - [TEST_STEP][PASSED] - sendKeys(findTestObject("Input/username"), username): Keys 'narendra.n@imimobile.com' sent to object: 'Object Repository/Input/username'&#xD;
&#xD;
2020-07-07 17:05:09 - [MESSAGE][PASSED] - Keys 'narendra.n@imimobile.com' sent to object: 'Object Repository/Input/username'&#xD;
&#xD;
2020-07-07 17:05:09 - [TEST_STEP][PASSED] - sendKeys(findTestObject("Input/password"), password): Keys 'Test@2020' sent to object: 'Object Repository/Input/password'&#xD;
&#xD;
2020-07-07 17:05:11 - [MESSAGE][PASSED] - Keys 'Test@2020' sent to object: 'Object Repository/Input/password'&#xD;
&#xD;
2020-07-07 17:05:11 - [TEST_STEP][PASSED] - click(findTestObject("Button/signIn")): Object: 'Object Repository/Button/signIn' is clicked on&#xD;
&#xD;
2020-07-07 17:05:14 - [MESSAGE][PASSED] - Object: 'Object Repository/Button/signIn' is clicked on&#xD;
&#xD;
2020-07-07 17:05:14 - [TEST_STEP][PASSED] - if (!(waitForElementPresent(findTestObject("Button/createBot"), 30, OPTIONAL))): Object 'Object Repository/Button/createBot' is present&#xD;
&#xD;
2020-07-07 17:05:28 - [MESSAGE][PASSED] - Object 'Object Repository/Button/createBot' is present&#xD;
&#xD;
2020-07-07 17:05:28 - [MESSAGE][PASSED] - Call Test Case 'Test Cases/Generic/successfulLogin_Test' successfully&#xD;
&#xD;
2020-07-07 17:05:28 - [TEST_STEP][PASSED] - platform.Method.clickOnElement(findTestObject("Button/enterpriseDropdown")): platform.Method.clickOnElement is PASSED&#xD;
&#xD;
2020-07-07 17:05:31 - [MESSAGE][PASSED] - platform.Method.clickOnElement is PASSED&#xD;
&#xD;
2020-07-07 17:05:31 - [TEST_STEP][PASSED] - platform.Method.clickOnElement(findTestObject("Generic/webObjectWithText", ["textValue":"Enterprise profile"])): platform.Method.clickOnElement is PASSED&#xD;
&#xD;
2020-07-07 17:05:36 - [MESSAGE][PASSED] - platform.Method.clickOnElement is PASSED&#xD;
&#xD;
2020-07-07 17:05:36 - [TEST_STEP][PASSED] - platform.Method.clickOnElement(findTestObject("Generic/webObjectWithText", ["textValue":"Roles"])): platform.Method.clickOnElement is PASSED&#xD;
&#xD;
2020-07-07 17:05:39 - [MESSAGE][PASSED] - platform.Method.clickOnElement is PASSED&#xD;
&#xD;
2020-07-07 17:05:39 - [TEST_STEP][PASSED] - verifyElementClickable(findTestObject("Button/newRole"), STOP_ON_FAILURE): Object 'Object Repository/Button/newRole' is clickable&#xD;
&#xD;
2020-07-07 17:05:41 - [MESSAGE][PASSED] - Object 'Object Repository/Button/newRole' is clickable&#xD;
&#xD;
2020-07-07 17:05:41 - [TEST_STEP][PASSED] - platform.Method.clickOnElement(findTestObject("Button/newRole")): platform.Method.clickOnElement is PASSED&#xD;
&#xD;
2020-07-07 17:05:43 - [MESSAGE][PASSED] - platform.Method.clickOnElement is PASSED&#xD;
&#xD;
2020-07-07 17:05:43 - [TEST_STEP][PASSED] - sendKeys(findTestObject("Input/newRoleName"), ROLE_NAME): Keys 'Custom Role' sent to object: 'Object Repository/Input/newRoleName'&#xD;
&#xD;
2020-07-07 17:05:46 - [MESSAGE][PASSED] - Keys 'Custom Role' sent to object: 'Object Repository/Input/newRoleName'&#xD;
&#xD;
2020-07-07 17:05:46 - [TEST_STEP][PASSED] - platform.Method.clickOnElement(findTestObject("Generic/webObjectWithText", ["textValue":"Base role"])): platform.Method.clickOnElement is PASSED&#xD;
&#xD;
2020-07-07 17:05:48 - [MESSAGE][PASSED] - platform.Method.clickOnElement is PASSED&#xD;
&#xD;
2020-07-07 17:05:48 - [TEST_STEP][PASSED] - platform.Method.clickOnElement(findTestObject("Generic/webObjectWithText", ["textValue":typeOfUser])): platform.Method.clickOnElement is PASSED&#xD;
&#xD;
2020-07-07 17:05:51 - [MESSAGE][PASSED] - platform.Method.clickOnElement is PASSED&#xD;
&#xD;
2020-07-07 17:05:51 - [TEST_STEP][PASSED] - platform.Method.clickOnElement(findTestObject("Generic/webObjectWithText", ["textValue":permissionToUser])): platform.Method.clickOnElement is PASSED&#xD;
&#xD;
2020-07-07 17:05:53 - [MESSAGE][PASSED] - platform.Method.clickOnElement is PASSED&#xD;
&#xD;
2020-07-07 17:05:53 - [TEST_STEP][PASSED] - listOfPermissions = findWebElements(findTestObject("GenericII/listOfPermissions"), 5): null&#xD;
&#xD;
2020-07-07 17:05:54 - [TEST_STEP][PASSED] - index = &lt;not implemented yet for class: org.codehaus.groovy.ast.expr.EmptyExpression&gt;: null&#xD;
&#xD;
2020-07-07 17:05:54 - [TEST_STEP][PASSED] - for ([index = 0, index &lt; listOfPermissions.size(), (index++)]): null&#xD;
&#xD;
2020-07-07 17:05:54 - [TEST_STEP][PASSED] - getText().contains(nameOfThePermission): null&#xD;
&#xD;
2020-07-07 17:05:55 - [TEST_STEP][PASSED] - (index++): null&#xD;
&#xD;
2020-07-07 17:05:55 - [TEST_STEP][PASSED] - break: null&#xD;
&#xD;
2020-07-07 17:05:55 - [TEST_STEP][PASSED] - platform.Method.clickOnElement(findTestObject("GenericII/addPermissionBtn", ["index":index])): platform.Method.clickOnElement is PASSED&#xD;
&#xD;
2020-07-07 17:05:58 - [MESSAGE][PASSED] - platform.Method.clickOnElement is PASSED&#xD;
&#xD;
2020-07-07 17:05:58 - [TEST_STEP][PASSED] - verifyElementClickable(findTestObject("Button/createRole"), STOP_ON_FAILURE): Object 'Object Repository/Button/createRole' is clickable&#xD;
&#xD;
2020-07-07 17:06:00 - [MESSAGE][PASSED] - Object 'Object Repository/Button/createRole' is clickable&#xD;
&#xD;
2020-07-07 17:06:00 - [TEST_STEP][PASSED] - platform.Method.clickOnElement(findTestObject("Button/createRole")): platform.Method.clickOnElement is PASSED&#xD;
&#xD;
2020-07-07 17:06:02 - [MESSAGE][PASSED] - platform.Method.clickOnElement is PASSED&#xD;
&#xD;
2020-07-07 17:06:02 - [TEST_STEP][PASSED] - waitForElementPresent(findTestObject("Generic/webObjectWithText", ["textValue":ROLE_NAME]), 20, OPTIONAL): Object 'Object Repository/Generic/webObjectWithText' is present&#xD;
&#xD;
2020-07-07 17:06:05 - [MESSAGE][PASSED] - Object 'Object Repository/Generic/webObjectWithText' is present&#xD;
&#xD;
2020-07-07 17:06:05 - [TEST_STEP][PASSED] - verifyTextPresent(ROLE_NAME, false): Text 'Custom Role' is present on page &#xD;
&#xD;
2020-07-07 17:06:07 - [MESSAGE][PASSED] - Text 'Custom Role' is present on page</system-out>
            <system-err></system-err>
        </testcase>
        <testcase name="Test Cases/Generic/adminRoleDeletion_Test" classname="Test Cases/Generic/adminRoleDeletion_Test" status="PASSED">
            <system-out>2020-07-07 17:06:07 - [TEST_CASE][PASSED] - Test Cases/Generic/adminRoleDeletion_Test: Test Cases/Generic/adminRoleDeletion_Test&#xD;
&#xD;
2020-07-07 17:06:07 - [TEST_STEP][PASSED] - Start listener action : setUp: Current window maximized&#xD;
&#xD;
2020-07-07 17:06:07 - [TEST_STEP][PASSED] - openBrowser(URL): Browser is opened with url: 'preprod.imibot.ai'&#xD;
&#xD;
2020-07-07 17:06:07 - [MESSAGE][WARNING] - A browser is already opened. Closing browser and opening a new one&#xD;
&#xD;
2020-07-07 17:06:09 - [MESSAGE][INFO] - Starting 'Chrome' driver&#xD;
&#xD;
2020-07-07 17:06:09 - [MESSAGE][INFO] - User set preference: ['args', '[--start-maximized]']&#xD;
&#xD;
2020-07-07 17:06:25 - [MESSAGE][PASSED] - Browser is opened with url: 'preprod.imibot.ai'&#xD;
&#xD;
2020-07-07 17:06:25 - [TEST_STEP][PASSED] - maximizeWindow(): Current window maximized&#xD;
&#xD;
2020-07-07 17:06:27 - [MESSAGE][PASSED] - Current window maximized&#xD;
&#xD;
2020-07-07 17:06:27 - [TEST_STEP][PASSED] - callTestCase(findTestCase("Generic/successfulLogin_Test"), [:], STOP_ON_FAILURE): Call Test Case 'Test Cases/Generic/successfulLogin_Test' successfully&#xD;
&#xD;
2020-07-07 17:06:27 - [TEST_CASE][PASSED] - Test Cases/Generic/successfulLogin_Test: Test Cases/Generic/successfulLogin_Test&#xD;
&#xD;
2020-07-07 17:06:27 - [TEST_STEP][PASSED] - sendKeys(findTestObject("Input/username"), username): Keys 'narendra.n@imimobile.com' sent to object: 'Object Repository/Input/username'&#xD;
&#xD;
2020-07-07 17:06:30 - [MESSAGE][PASSED] - Keys 'narendra.n@imimobile.com' sent to object: 'Object Repository/Input/username'&#xD;
&#xD;
2020-07-07 17:06:30 - [TEST_STEP][PASSED] - sendKeys(findTestObject("Input/password"), password): Keys 'Test@2020' sent to object: 'Object Repository/Input/password'&#xD;
&#xD;
2020-07-07 17:06:33 - [MESSAGE][PASSED] - Keys 'Test@2020' sent to object: 'Object Repository/Input/password'&#xD;
&#xD;
2020-07-07 17:06:33 - [TEST_STEP][PASSED] - click(findTestObject("Button/signIn")): Object: 'Object Repository/Button/signIn' is clicked on&#xD;
&#xD;
2020-07-07 17:06:35 - [MESSAGE][PASSED] - Object: 'Object Repository/Button/signIn' is clicked on&#xD;
&#xD;
2020-07-07 17:06:35 - [TEST_STEP][PASSED] - if (!(waitForElementPresent(findTestObject("Button/createBot"), 30, OPTIONAL))): Object 'Object Repository/Button/createBot' is present&#xD;
&#xD;
2020-07-07 17:06:50 - [MESSAGE][PASSED] - Object 'Object Repository/Button/createBot' is present&#xD;
&#xD;
2020-07-07 17:06:50 - [MESSAGE][PASSED] - Call Test Case 'Test Cases/Generic/successfulLogin_Test' successfully&#xD;
&#xD;
2020-07-07 17:06:50 - [TEST_STEP][PASSED] - platform.Method.clickOnElement(findTestObject("Button/enterpriseDropdown")): platform.Method.clickOnElement is PASSED&#xD;
&#xD;
2020-07-07 17:06:53 - [MESSAGE][PASSED] - platform.Method.clickOnElement is PASSED&#xD;
&#xD;
2020-07-07 17:06:53 - [TEST_STEP][PASSED] - platform.Method.clickOnElement(findTestObject("Generic/webObjectWithText", ["textValue":"Enterprise profile"])): platform.Method.clickOnElement is PASSED&#xD;
&#xD;
2020-07-07 17:06:58 - [MESSAGE][PASSED] - platform.Method.clickOnElement is PASSED&#xD;
&#xD;
2020-07-07 17:06:58 - [TEST_STEP][PASSED] - platform.Method.clickOnElement(findTestObject("Generic/webObjectWithText", ["textValue":"Roles"])): platform.Method.clickOnElement is PASSED&#xD;
&#xD;
2020-07-07 17:07:00 - [MESSAGE][PASSED] - platform.Method.clickOnElement is PASSED&#xD;
&#xD;
2020-07-07 17:07:00 - [TEST_STEP][PASSED] - role = findWebElements(findTestObject("GenericII/listOfAllRoleName"), 5): null&#xD;
&#xD;
2020-07-07 17:07:01 - [TEST_STEP][PASSED] - count = &lt;not implemented yet for class: org.codehaus.groovy.ast.expr.EmptyExpression&gt;: null&#xD;
&#xD;
2020-07-07 17:07:01 - [TEST_STEP][PASSED] - for ([count = 0, count &lt; role.size(), (count++)]): null&#xD;
&#xD;
2020-07-07 17:07:01 - [TEST_STEP][PASSED] - if (getText().contentEquals(ROLE_NAME)): null&#xD;
&#xD;
2020-07-07 17:07:02 - [TEST_STEP][PASSED] - if (getText().contentEquals(ROLE_NAME)): null&#xD;
&#xD;
2020-07-07 17:07:03 - [TEST_STEP][PASSED] - if (getText().contentEquals(ROLE_NAME)): null&#xD;
&#xD;
2020-07-07 17:07:05 - [TEST_STEP][PASSED] - if (getText().contentEquals(ROLE_NAME)): null&#xD;
&#xD;
2020-07-07 17:07:06 - [TEST_STEP][PASSED] - if (getText().contentEquals(ROLE_NAME)): null&#xD;
&#xD;
2020-07-07 17:07:07 - [TEST_STEP][PASSED] - if (getText().contentEquals(ROLE_NAME)): null&#xD;
&#xD;
2020-07-07 17:07:08 - [TEST_STEP][PASSED] - (count++): null&#xD;
&#xD;
2020-07-07 17:07:08 - [TEST_STEP][PASSED] - markPassed("ROLE FOUND IN THE LIST"): ROLE FOUND IN THE LIST&#xD;
&#xD;
2020-07-07 17:07:08 - [MESSAGE][PASSED] - ROLE FOUND IN THE LIST&#xD;
&#xD;
2020-07-07 17:07:08 - [TEST_STEP][PASSED] - break: null&#xD;
&#xD;
2020-07-07 17:07:08 - [TEST_STEP][PASSED] - platform.Method.clickOnElement(findTestObject("GenericII/modifyRole", ["index":count])): platform.Method.clickOnElement is PASSED&#xD;
&#xD;
2020-07-07 17:07:10 - [MESSAGE][PASSED] - platform.Method.clickOnElement is PASSED&#xD;
&#xD;
2020-07-07 17:07:10 - [TEST_STEP][PASSED] - verifyTextPresent("Edit role", false, STOP_ON_FAILURE): Text 'Edit role' is present on page &#xD;
&#xD;
2020-07-07 17:07:13 - [MESSAGE][PASSED] - Text 'Edit role' is present on page &#xD;
&#xD;
2020-07-07 17:07:13 - [TEST_STEP][PASSED] - platform.Method.clickOnElement(findTestObject("Button/delete")): platform.Method.clickOnElement is PASSED&#xD;
&#xD;
2020-07-07 17:07:15 - [MESSAGE][PASSED] - platform.Method.clickOnElement is PASSED&#xD;
&#xD;
2020-07-07 17:07:15 - [TEST_STEP][PASSED] - platform.Method.clickOnElement(findTestObject("Button/remove")): platform.Method.clickOnElement is PASSED&#xD;
&#xD;
2020-07-07 17:07:17 - [MESSAGE][PASSED] - platform.Method.clickOnElement is PASSED&#xD;
&#xD;
2020-07-07 17:07:17 - [TEST_STEP][PASSED] - verifyTextNotPresent(ROLE_NAME, false, STOP_ON_FAILURE): Text 'Custom Role' is not present on page&#xD;
&#xD;
2020-07-07 17:07:20 - [MESSAGE][PASSED] - Text 'Custom Role' is not present on page</system-out>
            <system-err></system-err>
        </testcase>
        <system-out>2020-07-07 16:21:20 - [TEST_SUITE][INCOMPLETE] - generic: null</system-out>
        <system-err>2020-07-07 16:21:20 - [TEST_SUITE][INCOMPLETE] - generic: null</system-err>
    </testsuite>
</testsuites>
