<?xml version="1.0" encoding="UTF-8" standalone="yes"?>
<testsuites name="Regression" time="6694" tests="51" failures="5" errors="3">
    <testsuite name="Regression" tests="51" failures="5" errors="3" time="6694" timestamp="2020-06-23 11:02:02" hostname="narendra.n - WLPT580.imidomain.com" id="Test Suites/Regression">
        <properties>
            <property name="deviceName" value=""/>
            <property name="devicePlatform" value=""/>
            <property name="logFolder" value="D:\\IMIbot.ai-Project\\Reports\\20200623_110141\\Regression\\20200623_110141"/>
            <property name="logFiles" value="D:\\IMIbot.ai-Project\\Reports\\20200623_110141\\Regression\\20200623_110141\\execution0.log"/>
            <property name="attachments" value="D:\\IMIbot.ai-Project\\Reports\\20200623_110141\\Regression\\20200623_110141\\1592890563427.png, D:\\IMIbot.ai-Project\\Reports\\20200623_110141\\Regression\\20200623_110141\\1592891149540.png, D:\\IMIbot.ai-Project\\Reports\\20200623_110141\\Regression\\20200623_110141\\1592893925573.png, D:\\IMIbot.ai-Project\\Reports\\20200623_110141\\Regression\\20200623_110141\\1592894647687.png, D:\\IMIbot.ai-Project\\Reports\\20200623_110141\\Regression\\20200623_110141\\1592894649325.png, D:\\IMIbot.ai-Project\\Reports\\20200623_110141\\Regression\\20200623_110141\\1592895149489.png, D:\\IMIbot.ai-Project\\Reports\\20200623_110141\\Regression\\20200623_110141\\1592895166150.png, D:\\IMIbot.ai-Project\\Reports\\20200623_110141\\Regression\\20200623_110141\\1592895182491.png, D:\\IMIbot.ai-Project\\Reports\\20200623_110141\\Regression\\20200623_110141\\1592895199071.png, D:\\IMIbot.ai-Project\\Reports\\20200623_110141\\Regression\\20200623_110141\\1592895215420.png, D:\\IMIbot.ai-Project\\Reports\\20200623_110141\\Regression\\20200623_110141\\1592895231741.png, D:\\IMIbot.ai-Project\\Reports\\20200623_110141\\Regression\\20200623_110141\\1592895248201.png, D:\\IMIbot.ai-Project\\Reports\\20200623_110141\\Regression\\20200623_110141\\1592895264606.png, D:\\IMIbot.ai-Project\\Reports\\20200623_110141\\Regression\\20200623_110141\\1592895280825.png, D:\\IMIbot.ai-Project\\Reports\\20200623_110141\\Regression\\20200623_110141\\1592895297189.png, D:\\IMIbot.ai-Project\\Reports\\20200623_110141\\Regression\\20200623_110141\\1592895313668.png, D:\\IMIbot.ai-Project\\Reports\\20200623_110141\\Regression\\20200623_110141\\1592895329975.png, D:\\IMIbot.ai-Project\\Reports\\20200623_110141\\Regression\\20200623_110141\\1592895346448.png, D:\\IMIbot.ai-Project\\Reports\\20200623_110141\\Regression\\20200623_110141\\1592896525663.png, D:\\IMIbot.ai-Project\\Reports\\20200623_110141\\Regression\\20200623_110141\\1592896852127.png, D:\\IMIbot.ai-Project\\Reports\\20200623_110141\\Regression\\20200623_110141\\1592896945999.png, D:\\IMIbot.ai-Project\\Reports\\20200623_110141\\Regression\\20200623_110141\\1592896991336.png, D:\\IMIbot.ai-Project\\Reports\\20200623_110141\\Regression\\20200623_110141\\1592897015758.png"/>
            <property name="hostName" value="narendra.n - WLPT580.imidomain.com"/>
            <property name="os" value="Windows 8.1 64bit"/>
            <property name="katalonVersion" value="6.3.3.11"/>
            <property name="browser" value="Chrome 83.0.4103.106"/>
            <property name="hostAddress" value="192.168.43.195"/>
            <property name="sessionId" value="2460400585049209b1f97b96132149b8"/>
            <property name="seleniumVersion" value="3.141.59"/>
            <property name="proxyInformation" value="ProxyInformation{proxyOption=NO_PROXY, proxyServerType=HTTP, password=, proxyServerAddress=, proxyServerPort=0}"/>
            <property name="platform" value="Windows 8.1"/>
        </properties>
        <testcase name="Test Cases/Generic/loginPage_Test" classname="Test Cases/Generic/loginPage_Test" status="PASSED">
            <system-out>2020-06-23 11:02:03 - [TEST_CASE][PASSED] - Test Cases/Generic/loginPage_Test: Test Cases/Generic/loginPage_Test&#xD;
&#xD;
2020-06-23 11:02:04 - [TEST_STEP][PASSED] - Start listener action : setUp: Current window maximized&#xD;
&#xD;
2020-06-23 11:02:04 - [TEST_STEP][PASSED] - openBrowser(URL): Browser is opened with url: 'preprod.imibot.ai'&#xD;
&#xD;
2020-06-23 11:02:05 - [MESSAGE][INFO] - Starting 'Chrome' driver&#xD;
&#xD;
2020-06-23 11:02:05 - [MESSAGE][INFO] - User set preference: ['args', '[--start-maximized]']&#xD;
&#xD;
2020-06-23 11:02:05 - [MESSAGE][INFO] - Action delay is set to 1 seconds&#xD;
&#xD;
2020-06-23 11:02:19 - [MESSAGE][PASSED] - Browser is opened with url: 'preprod.imibot.ai'&#xD;
&#xD;
2020-06-23 11:02:19 - [TEST_STEP][PASSED] - maximizeWindow(): Current window maximized&#xD;
&#xD;
2020-06-23 11:02:22 - [MESSAGE][PASSED] - Current window maximized&#xD;
&#xD;
2020-06-23 11:02:22 - [TEST_STEP][PASSED] - windowTitle = getWindowTitle(): Current window's title is: 'IMIbot.ai'&#xD;
&#xD;
2020-06-23 11:02:23 - [MESSAGE][PASSED] - Current window's title is: 'IMIbot.ai'&#xD;
&#xD;
2020-06-23 11:02:23 - [TEST_STEP][PASSED] - assert windowTitle == testValue: null</system-out>
            <system-err></system-err>
        </testcase>
        <testcase name="Test Cases/Faqbot/botCreation_Test" classname="Test Cases/Faqbot/botCreation_Test" status="PASSED">
            <system-out>2020-06-23 11:02:23 - [TEST_CASE][PASSED] - Test Cases/Faqbot/botCreation_Test: Test Cases/Faqbot/botCreation_Test&#xD;
&#xD;
2020-06-23 11:02:24 - [TEST_STEP][PASSED] - Start listener action : setUp: Current window maximized&#xD;
&#xD;
2020-06-23 11:02:24 - [TEST_STEP][PASSED] - openBrowser(URL): Browser is opened with url: 'preprod.imibot.ai'&#xD;
&#xD;
2020-06-23 11:02:24 - [MESSAGE][WARNING] - A browser is already opened. Closing browser and opening a new one&#xD;
&#xD;
2020-06-23 11:02:27 - [MESSAGE][INFO] - Starting 'Chrome' driver&#xD;
&#xD;
2020-06-23 11:02:27 - [MESSAGE][INFO] - User set preference: ['args', '[--start-maximized]']&#xD;
&#xD;
2020-06-23 11:02:37 - [MESSAGE][PASSED] - Browser is opened with url: 'preprod.imibot.ai'&#xD;
&#xD;
2020-06-23 11:02:37 - [TEST_STEP][PASSED] - maximizeWindow(): Current window maximized&#xD;
&#xD;
2020-06-23 11:02:40 - [MESSAGE][PASSED] - Current window maximized&#xD;
&#xD;
2020-06-23 11:02:40 - [TEST_STEP][PASSED] - callTestCase(findTestCase("Generic/successfulLogin_Test"), [:], STOP_ON_FAILURE): Call Test Case 'Test Cases/Generic/successfulLogin_Test' successfully&#xD;
&#xD;
2020-06-23 11:02:41 - [TEST_CASE][PASSED] - Test Cases/Generic/successfulLogin_Test: Test Cases/Generic/successfulLogin_Test&#xD;
&#xD;
2020-06-23 11:02:41 - [TEST_STEP][PASSED] - sendKeys(findTestObject("Input/username"), USERNAME): Keys 'narendra.n@imimobile.com' sent to object: 'Object Repository/Input/username'&#xD;
&#xD;
2020-06-23 11:02:45 - [MESSAGE][PASSED] - Keys 'narendra.n@imimobile.com' sent to object: 'Object Repository/Input/username'&#xD;
&#xD;
2020-06-23 11:02:45 - [TEST_STEP][PASSED] - sendKeys(findTestObject("Input/password"), PASSWORD): Keys 'Test@2020' sent to object: 'Object Repository/Input/password'&#xD;
&#xD;
2020-06-23 11:02:47 - [MESSAGE][PASSED] - Keys 'Test@2020' sent to object: 'Object Repository/Input/password'&#xD;
&#xD;
2020-06-23 11:02:47 - [TEST_STEP][PASSED] - click(findTestObject("Button/signIn")): Object: 'Object Repository/Button/signIn' is clicked on&#xD;
&#xD;
2020-06-23 11:02:50 - [MESSAGE][PASSED] - Object: 'Object Repository/Button/signIn' is clicked on&#xD;
&#xD;
2020-06-23 11:02:50 - [TEST_STEP][PASSED] - if (!(waitForElementPresent(findTestObject("Button/createBot"), 30, OPTIONAL))): Object 'Object Repository/Button/createBot' is present&#xD;
&#xD;
2020-06-23 11:03:05 - [MESSAGE][PASSED] - Object 'Object Repository/Button/createBot' is present&#xD;
&#xD;
2020-06-23 11:03:05 - [MESSAGE][PASSED] - Call Test Case 'Test Cases/Generic/successfulLogin_Test' successfully&#xD;
&#xD;
2020-06-23 11:03:05 - [TEST_STEP][PASSED] - platform.Method.clickOnElement(findTestObject("Button/createBot")): platform.Method.clickOnElement is PASSED&#xD;
&#xD;
2020-06-23 11:03:09 - [MESSAGE][PASSED] - platform.Method.clickOnElement is PASSED&#xD;
&#xD;
2020-06-23 11:03:09 - [TEST_STEP][PASSED] - sendKeys(findTestObject("Input/botName"), nameOfTheBot): Keys 'New BankBot 2020' sent to object: 'Object Repository/Input/botName'&#xD;
&#xD;
2020-06-23 11:03:12 - [MESSAGE][PASSED] - Keys 'New BankBot 2020' sent to object: 'Object Repository/Input/botName'&#xD;
&#xD;
2020-06-23 11:03:12 - [TEST_STEP][PASSED] - platform.Method.clickOnElement(findTestObject("Toggle/feedback")): platform.Method.clickOnElement is PASSED&#xD;
&#xD;
2020-06-23 11:03:14 - [MESSAGE][PASSED] - platform.Method.clickOnElement is PASSED&#xD;
&#xD;
2020-06-23 11:03:14 - [TEST_STEP][PASSED] - platform.Method.clickOnElement(findTestObject("Button/done")): platform.Method.clickOnElement is PASSED&#xD;
&#xD;
2020-06-23 11:03:17 - [MESSAGE][PASSED] - platform.Method.clickOnElement is PASSED&#xD;
&#xD;
2020-06-23 11:03:17 - [TEST_STEP][PASSED] - waitForElementVisible(findTestObject("Generic/articleState"), 45, OPTIONAL): Object 'Object Repository/Generic/articleState' is visible&#xD;
&#xD;
2020-06-23 11:03:34 - [MESSAGE][PASSED] - Object 'Object Repository/Generic/articleState' is visible&#xD;
&#xD;
2020-06-23 11:03:34 - [TEST_STEP][PASSED] - verifyElementText(findTestObject("Generic/articleState"), "Trained", STOP_ON_FAILURE): Actual text and expected text of test object 'Object Repository/Generic/articleState' are matched.&#xD;
&#xD;
2020-06-23 11:03:36 - [MESSAGE][PASSED] - Actual text and expected text of test object 'Object Repository/Generic/articleState' are matched.</system-out>
            <system-err></system-err>
        </testcase>
        <testcase name="Test Cases/Faqbot/updateBotConfig_Test" classname="Test Cases/Faqbot/updateBotConfig_Test" status="PASSED">
            <system-out>2020-06-23 11:03:36 - [TEST_CASE][PASSED] - Test Cases/Faqbot/updateBotConfig_Test: Test Cases/Faqbot/updateBotConfig_Test&#xD;
&#xD;
2020-06-23 11:03:40 - [TEST_STEP][PASSED] - Start listener action : setUp: Current window maximized&#xD;
&#xD;
2020-06-23 11:03:40 - [TEST_STEP][PASSED] - openBrowser(URL): Browser is opened with url: 'preprod.imibot.ai'&#xD;
&#xD;
2020-06-23 11:03:40 - [MESSAGE][WARNING] - A browser is already opened. Closing browser and opening a new one&#xD;
&#xD;
2020-06-23 11:03:42 - [MESSAGE][INFO] - Starting 'Chrome' driver&#xD;
&#xD;
2020-06-23 11:03:42 - [MESSAGE][INFO] - User set preference: ['args', '[--start-maximized]']&#xD;
&#xD;
2020-06-23 11:03:54 - [MESSAGE][PASSED] - Browser is opened with url: 'preprod.imibot.ai'&#xD;
&#xD;
2020-06-23 11:03:54 - [TEST_STEP][PASSED] - maximizeWindow(): Current window maximized&#xD;
&#xD;
2020-06-23 11:03:57 - [MESSAGE][PASSED] - Current window maximized&#xD;
&#xD;
2020-06-23 11:03:57 - [TEST_STEP][PASSED] - callTestCase(findTestCase("Generic/successfulLogin_Test"), [:], STOP_ON_FAILURE): Call Test Case 'Test Cases/Generic/successfulLogin_Test' successfully&#xD;
&#xD;
2020-06-23 11:03:57 - [TEST_CASE][PASSED] - Test Cases/Generic/successfulLogin_Test: Test Cases/Generic/successfulLogin_Test&#xD;
&#xD;
2020-06-23 11:03:57 - [TEST_STEP][PASSED] - sendKeys(findTestObject("Input/username"), USERNAME): Keys 'narendra.n@imimobile.com' sent to object: 'Object Repository/Input/username'&#xD;
&#xD;
2020-06-23 11:04:00 - [MESSAGE][PASSED] - Keys 'narendra.n@imimobile.com' sent to object: 'Object Repository/Input/username'&#xD;
&#xD;
2020-06-23 11:04:00 - [TEST_STEP][PASSED] - sendKeys(findTestObject("Input/password"), PASSWORD): Keys 'Test@2020' sent to object: 'Object Repository/Input/password'&#xD;
&#xD;
2020-06-23 11:04:03 - [MESSAGE][PASSED] - Keys 'Test@2020' sent to object: 'Object Repository/Input/password'&#xD;
&#xD;
2020-06-23 11:04:03 - [TEST_STEP][PASSED] - click(findTestObject("Button/signIn")): Object: 'Object Repository/Button/signIn' is clicked on&#xD;
&#xD;
2020-06-23 11:04:06 - [MESSAGE][PASSED] - Object: 'Object Repository/Button/signIn' is clicked on&#xD;
&#xD;
2020-06-23 11:04:06 - [TEST_STEP][PASSED] - if (!(waitForElementPresent(findTestObject("Button/createBot"), 30, OPTIONAL))): Object 'Object Repository/Button/createBot' is present&#xD;
&#xD;
2020-06-23 11:04:22 - [MESSAGE][PASSED] - Object 'Object Repository/Button/createBot' is present&#xD;
&#xD;
2020-06-23 11:04:22 - [MESSAGE][PASSED] - Call Test Case 'Test Cases/Generic/successfulLogin_Test' successfully&#xD;
&#xD;
2020-06-23 11:04:22 - [TEST_STEP][PASSED] - platform.Method.navigateToBot("Q&amp;A bots", FAQ_BOT): platform.Method.navigateToBot is PASSED&#xD;
&#xD;
2020-06-23 11:04:24 - [MESSAGE][PASSED] - Object 'Object Repository/Button/createBot' is present&#xD;
&#xD;
2020-06-23 11:04:26 - [MESSAGE][INFO] - Performing click action on bot&#xD;
&#xD;
2020-06-23 11:04:29 - [MESSAGE][PASSED] - platform.Method.navigateToBot is PASSED&#xD;
&#xD;
2020-06-23 11:04:29 - [TEST_STEP][PASSED] - setText(findTestObject("Input/botLogo"), botLogo): Text 'https://avaamo.ai/wp-content/uploads/2017/01/chatbotsfuterpswm-300x225.jpg' is set on object 'Object Repository/Input/botLogo'&#xD;
&#xD;
2020-06-23 11:04:37 - [MESSAGE][PASSED] - Text 'https://avaamo.ai/wp-content/uploads/2017/01/chatbotsfuterpswm-300x225.jpg' is set on object 'Object Repository/Input/botLogo'&#xD;
&#xD;
2020-06-23 11:04:37 - [TEST_STEP][PASSED] - platform.Method.clickOnElement(findTestObject("Button/updateBot")): platform.Method.clickOnElement is PASSED&#xD;
&#xD;
2020-06-23 11:04:39 - [MESSAGE][PASSED] - platform.Method.clickOnElement is PASSED&#xD;
&#xD;
2020-06-23 11:04:39 - [TEST_STEP][PASSED] - verifyElementPresent(findTestObject("ICONS/toastMsg"), 15, STOP_ON_FAILURE): Object 'Object Repository/ICONS/toastMsg' is present&#xD;
&#xD;
2020-06-23 11:04:44 - [MESSAGE][PASSED] - Object 'Object Repository/ICONS/toastMsg' is present&#xD;
&#xD;
2020-06-23 11:04:44 - [TEST_STEP][PASSED] - platform.Method.clickOnElement(findTestObject("Generic/articles")): platform.Method.clickOnElement is PASSED&#xD;
&#xD;
2020-06-23 11:04:46 - [MESSAGE][PASSED] - platform.Method.clickOnElement is PASSED&#xD;
&#xD;
2020-06-23 11:04:46 - [TEST_STEP][PASSED] - platform.Method.clickOnElement(findTestObject("Generic/webObjectWithText", ["textValue":"Welcome Message"])): platform.Method.clickOnElement is PASSED&#xD;
&#xD;
2020-06-23 11:04:49 - [MESSAGE][PASSED] - platform.Method.clickOnElement is PASSED&#xD;
&#xD;
2020-06-23 11:04:49 - [TEST_STEP][PASSED] - setText(findTestObject("Input/textResponse"), welcomeMessage): Text 'Hi! I'm your bank bot designed to help you with your basic queries on bank related areas.' is set on object 'Object Repository/Input/textResponse'&#xD;
&#xD;
2020-06-23 11:04:54 - [MESSAGE][PASSED] - Text 'Hi! I'm your bank bot designed to help you with your basic queries on bank related areas.' is set on object 'Object Repository/Input/textResponse'&#xD;
&#xD;
2020-06-23 11:04:54 - [TEST_STEP][PASSED] - platform.Method.clickOnElement(findTestObject("Button/save", ["value":" Save "])): platform.Method.clickOnElement is PASSED&#xD;
&#xD;
2020-06-23 11:04:57 - [MESSAGE][PASSED] - platform.Method.clickOnElement is PASSED&#xD;
&#xD;
2020-06-23 11:04:57 - [TEST_STEP][PASSED] - platform.Method.trainAndComment(comment): platform.Method.trainAndComment is PASSED&#xD;
&#xD;
2020-06-23 11:05:03 - [MESSAGE][INFO] - Unable to find the element located by 'By.xpath: //button[contains(text(),'Train')]'. Please recheck the objects properties to make sure the desired element is located. &#xD;
&#xD;
2020-06-23 11:05:03 - [MESSAGE][INFO] - BOT STATE IS TRAINED&#xD;
&#xD;
2020-06-23 11:05:03 - [MESSAGE][PASSED] - platform.Method.trainAndComment is PASSED&#xD;
&#xD;
2020-06-23 11:05:03 - [TEST_STEP][PASSED] - platform.Method.clickOnElement(findTestObject("Button/preview")): platform.Method.clickOnElement is PASSED&#xD;
&#xD;
2020-06-23 11:05:05 - [MESSAGE][PASSED] - platform.Method.clickOnElement is PASSED&#xD;
&#xD;
2020-06-23 11:05:05 - [TEST_STEP][PASSED] - verifyElementText(findTestObject("Generic/botReponse", ["index":1]), welcomeMessage, STOP_ON_FAILURE): Actual text and expected text of test object 'Object Repository/Generic/botReponse' are matched.&#xD;
&#xD;
2020-06-23 11:05:08 - [MESSAGE][PASSED] - Actual text and expected text of test object 'Object Repository/Generic/botReponse' are matched.</system-out>
            <system-err></system-err>
        </testcase>
        <testcase name="Test Cases/Faqbot/updatePartialMatch_Test" classname="Test Cases/Faqbot/updatePartialMatch_Test" status="PASSED">
            <system-out>2020-06-23 11:05:08 - [TEST_CASE][PASSED] - Test Cases/Faqbot/updatePartialMatch_Test: Test Cases/Faqbot/updatePartialMatch_Test&#xD;
&#xD;
2020-06-23 11:05:08 - [TEST_STEP][PASSED] - Start listener action : setUp: Current window maximized&#xD;
&#xD;
2020-06-23 11:05:08 - [TEST_STEP][PASSED] - openBrowser(URL): Browser is opened with url: 'preprod.imibot.ai'&#xD;
&#xD;
2020-06-23 11:05:08 - [MESSAGE][WARNING] - A browser is already opened. Closing browser and opening a new one&#xD;
&#xD;
2020-06-23 11:05:10 - [MESSAGE][INFO] - Starting 'Chrome' driver&#xD;
&#xD;
2020-06-23 11:05:10 - [MESSAGE][INFO] - User set preference: ['args', '[--start-maximized]']&#xD;
&#xD;
2020-06-23 11:05:22 - [MESSAGE][PASSED] - Browser is opened with url: 'preprod.imibot.ai'&#xD;
&#xD;
2020-06-23 11:05:22 - [TEST_STEP][PASSED] - maximizeWindow(): Current window maximized&#xD;
&#xD;
2020-06-23 11:05:24 - [MESSAGE][PASSED] - Current window maximized&#xD;
&#xD;
2020-06-23 11:05:24 - [TEST_STEP][PASSED] - callTestCase(findTestCase("Generic/successfulLogin_Test"), [:], STOP_ON_FAILURE): Call Test Case 'Test Cases/Generic/successfulLogin_Test' successfully&#xD;
&#xD;
2020-06-23 11:05:24 - [TEST_CASE][PASSED] - Test Cases/Generic/successfulLogin_Test: Test Cases/Generic/successfulLogin_Test&#xD;
&#xD;
2020-06-23 11:05:24 - [TEST_STEP][PASSED] - sendKeys(findTestObject("Input/username"), USERNAME): Keys 'narendra.n@imimobile.com' sent to object: 'Object Repository/Input/username'&#xD;
&#xD;
2020-06-23 11:05:27 - [MESSAGE][PASSED] - Keys 'narendra.n@imimobile.com' sent to object: 'Object Repository/Input/username'&#xD;
&#xD;
2020-06-23 11:05:27 - [TEST_STEP][PASSED] - sendKeys(findTestObject("Input/password"), PASSWORD): Keys 'Test@2020' sent to object: 'Object Repository/Input/password'&#xD;
&#xD;
2020-06-23 11:05:30 - [MESSAGE][PASSED] - Keys 'Test@2020' sent to object: 'Object Repository/Input/password'&#xD;
&#xD;
2020-06-23 11:05:30 - [TEST_STEP][PASSED] - click(findTestObject("Button/signIn")): Object: 'Object Repository/Button/signIn' is clicked on&#xD;
&#xD;
2020-06-23 11:05:32 - [MESSAGE][PASSED] - Object: 'Object Repository/Button/signIn' is clicked on&#xD;
&#xD;
2020-06-23 11:05:32 - [TEST_STEP][PASSED] - if (!(waitForElementPresent(findTestObject("Button/createBot"), 30, OPTIONAL))): Object 'Object Repository/Button/createBot' is present&#xD;
&#xD;
2020-06-23 11:05:47 - [MESSAGE][PASSED] - Object 'Object Repository/Button/createBot' is present&#xD;
&#xD;
2020-06-23 11:05:47 - [MESSAGE][PASSED] - Call Test Case 'Test Cases/Generic/successfulLogin_Test' successfully&#xD;
&#xD;
2020-06-23 11:05:47 - [TEST_STEP][PASSED] - platform.Method.navigateToBot("Q&amp;A bots", FAQ_BOT): platform.Method.navigateToBot is PASSED&#xD;
&#xD;
2020-06-23 11:05:49 - [MESSAGE][PASSED] - Object 'Object Repository/Button/createBot' is present&#xD;
&#xD;
2020-06-23 11:05:51 - [MESSAGE][INFO] - Performing click action on bot&#xD;
&#xD;
2020-06-23 11:05:53 - [MESSAGE][PASSED] - platform.Method.navigateToBot is PASSED&#xD;
&#xD;
2020-06-23 11:05:53 - [TEST_STEP][PASSED] - platform.Method.clickOnElement(findTestObject("Generic/articles")): platform.Method.clickOnElement is PASSED&#xD;
&#xD;
2020-06-23 11:05:57 - [MESSAGE][PASSED] - platform.Method.clickOnElement is PASSED&#xD;
&#xD;
2020-06-23 11:05:57 - [TEST_STEP][PASSED] - if (verifyElementPresent(findTestObject("Generic/nextPage"), 5, OPTIONAL)): com.kms.katalon.core.webui.exception.WebElementNotFoundException: Web element with id: 'Object Repository/Generic/nextPage' located by 'By.xpath: //button[@aria-label='Next page']' not found (Root cause: com.kms.katalon.core.exception.StepFailedException: com.kms.katalon.core.webui.exception.WebElementNotFoundException: Web element with id: 'Object Repository/Generic/nextPage' located by 'By.xpath: //button[@aria-label='Next page']' not found&#xD;
	at com.kms.katalon.core.webui.keyword.internal.WebUIKeywordMain.stepFailed(WebUIKeywordMain.groovy:64)&#xD;
	at com.kms.katalon.core.webui.keyword.builtin.VerifyElementPresentKeyword$_verifyElementPresent_closure1.doCall(VerifyElementPresentKeyword.groovy:85)&#xD;
	at com.kms.katalon.core.webui.keyword.builtin.VerifyElementPresentKeyword$_verifyElementPresent_closure1.call(VerifyElementPresentKeyword.groovy)&#xD;
	at com.kms.katalon.core.webui.keyword.internal.WebUIKeywordMain.runKeyword(WebUIKeywordMain.groovy:20)&#xD;
	at com.kms.katalon.core.webui.keyword.builtin.VerifyElementPresentKeyword.verifyElementPresent(VerifyElementPresentKeyword.groovy:92)&#xD;
	at com.kms.katalon.core.webui.keyword.builtin.VerifyElementPresentKeyword.execute(VerifyElementPresentKeyword.groovy:68)&#xD;
	at com.kms.katalon.core.keyword.internal.KeywordExecutor.executeKeywordForPlatform(KeywordExecutor.groovy:56)&#xD;
	at com.kms.katalon.core.webui.keyword.WebUiBuiltInKeywords.verifyElementPresent(WebUiBuiltInKeywords.groovy:1418)&#xD;
	at com.kms.katalon.core.webui.keyword.WebUiBuiltInKeywords$verifyElementPresent$7.call(Unknown Source)&#xD;
	at updatePartialMatch_Test.run(updatePartialMatch_Test:24)&#xD;
	at com.kms.katalon.core.main.ScriptEngine.run(ScriptEngine.java:194)&#xD;
	at com.kms.katalon.core.main.ScriptEngine.runScriptAsRawText(ScriptEngine.java:119)&#xD;
	at com.kms.katalon.core.main.TestCaseExecutor.runScript(TestCaseExecutor.java:337)&#xD;
	at com.kms.katalon.core.main.TestCaseExecutor.doExecute(TestCaseExecutor.java:328)&#xD;
	at com.kms.katalon.core.main.TestCaseExecutor.processExecutionPhase(TestCaseExecutor.java:307)&#xD;
	at com.kms.katalon.core.main.TestCaseExecutor.accessMainPhase(TestCaseExecutor.java:299)&#xD;
	at com.kms.katalon.core.main.TestCaseExecutor.execute(TestCaseExecutor.java:233)&#xD;
	at com.kms.katalon.core.main.TestSuiteExecutor.accessTestCaseMainPhase(TestSuiteExecutor.java:169)&#xD;
	at com.kms.katalon.core.main.TestSuiteExecutor.accessTestSuiteMainPhase(TestSuiteExecutor.java:142)&#xD;
	at com.kms.katalon.core.main.TestSuiteExecutor.execute(TestSuiteExecutor.java:91)&#xD;
	at com.kms.katalon.core.main.TestCaseMain.startTestSuite(TestCaseMain.java:157)&#xD;
	at com.kms.katalon.core.main.TestCaseMain$startTestSuite$0.call(Unknown Source)&#xD;
	at TempTestSuite1592890301834.run(TempTestSuite1592890301834.groovy:35)&#xD;
)&#xD;
&#xD;
2020-06-23 11:06:03 - [MESSAGE][INFO] - Unable to find the element located by 'By.xpath: //button[@aria-label='Next page']'. Please recheck the objects properties to make sure the desired element is located. &#xD;
&#xD;
2020-06-23 11:06:05 - [MESSAGE][WARNING] - com.kms.katalon.core.webui.exception.WebElementNotFoundException: Web element with id: 'Object Repository/Generic/nextPage' located by 'By.xpath: //button[@aria-label='Next page']' not found (Root cause: com.kms.katalon.core.exception.StepFailedException: com.kms.katalon.core.webui.exception.WebElementNotFoundException: Web element with id: 'Object Repository/Generic/nextPage' located by 'By.xpath: //button[@aria-label='Next page']' not found&#xD;
	at com.kms.katalon.core.webui.keyword.internal.WebUIKeywordMain.stepFailed(WebUIKeywordMain.groovy:64)&#xD;
	at com.kms.katalon.core.webui.keyword.builtin.VerifyElementPresentKeyword$_verifyElementPresent_closure1.doCall(VerifyElementPresentKeyword.groovy:85)&#xD;
	at com.kms.katalon.core.webui.keyword.builtin.VerifyElementPresentKeyword$_verifyElementPresent_closure1.call(VerifyElementPresentKeyword.groovy)&#xD;
	at com.kms.katalon.core.webui.keyword.internal.WebUIKeywordMain.runKeyword(WebUIKeywordMain.groovy:20)&#xD;
	at com.kms.katalon.core.webui.keyword.builtin.VerifyElementPresentKeyword.verifyElementPresent(VerifyElementPresentKeyword.groovy:92)&#xD;
	at com.kms.katalon.core.webui.keyword.builtin.VerifyElementPresentKeyword.execute(VerifyElementPresentKeyword.groovy:68)&#xD;
	at com.kms.katalon.core.keyword.internal.KeywordExecutor.executeKeywordForPlatform(KeywordExecutor.groovy:56)&#xD;
	at com.kms.katalon.core.webui.keyword.WebUiBuiltInKeywords.verifyElementPresent(WebUiBuiltInKeywords.groovy:1418)&#xD;
	at com.kms.katalon.core.webui.keyword.WebUiBuiltInKeywords$verifyElementPresent$7.call(Unknown Source)&#xD;
	at updatePartialMatch_Test.run(updatePartialMatch_Test:24)&#xD;
	at com.kms.katalon.core.main.ScriptEngine.run(ScriptEngine.java:194)&#xD;
	at com.kms.katalon.core.main.ScriptEngine.runScriptAsRawText(ScriptEngine.java:119)&#xD;
	at com.kms.katalon.core.main.TestCaseExecutor.runScript(TestCaseExecutor.java:337)&#xD;
	at com.kms.katalon.core.main.TestCaseExecutor.doExecute(TestCaseExecutor.java:328)&#xD;
	at com.kms.katalon.core.main.TestCaseExecutor.processExecutionPhase(TestCaseExecutor.java:307)&#xD;
	at com.kms.katalon.core.main.TestCaseExecutor.accessMainPhase(TestCaseExecutor.java:299)&#xD;
	at com.kms.katalon.core.main.TestCaseExecutor.execute(TestCaseExecutor.java:233)&#xD;
	at com.kms.katalon.core.main.TestSuiteExecutor.accessTestCaseMainPhase(TestSuiteExecutor.java:169)&#xD;
	at com.kms.katalon.core.main.TestSuiteExecutor.accessTestSuiteMainPhase(TestSuiteExecutor.java:142)&#xD;
	at com.kms.katalon.core.main.TestSuiteExecutor.execute(TestSuiteExecutor.java:91)&#xD;
	at com.kms.katalon.core.main.TestCaseMain.startTestSuite(TestCaseMain.java:157)&#xD;
	at com.kms.katalon.core.main.TestCaseMain$startTestSuite$0.call(Unknown Source)&#xD;
	at TempTestSuite1592890301834.run(TempTestSuite1592890301834.groovy:35)&#xD;
)&#xD;
[[ATTACHMENT|D:\\IMIbot.ai-Project\\Reports\\20200623_110141\\Regression\\20200623_110141\\1592890563427.png]]&#xD;
&#xD;
2020-06-23 11:06:05 - [TEST_STEP][PASSED] - platform.Method.clickOnElement(findTestObject("Generic/webObjectWithText", ["textValue":"Partial match"])): platform.Method.clickOnElement is PASSED&#xD;
&#xD;
2020-06-23 11:06:07 - [MESSAGE][PASSED] - platform.Method.clickOnElement is PASSED&#xD;
&#xD;
2020-06-23 11:06:07 - [TEST_STEP][PASSED] - setText(findTestObject("Input/partialMatchMsgInput"), customMessage): Text 'Sorry, I was unable to comprehend your intentions. I've displayed suggestion that might to relatable to your query' is set on object 'Object Repository/Input/partialMatchMsgInput'&#xD;
&#xD;
2020-06-23 11:06:13 - [MESSAGE][PASSED] - Text 'Sorry, I was unable to comprehend your intentions. I've displayed suggestion that might to relatable to your query' is set on object 'Object Repository/Input/partialMatchMsgInput'&#xD;
&#xD;
2020-06-23 11:06:13 - [TEST_STEP][PASSED] - platform.Method.clickOnElement(findTestObject("Button/save", ["value":" Save "])): platform.Method.clickOnElement is PASSED&#xD;
&#xD;
2020-06-23 11:06:15 - [MESSAGE][PASSED] - platform.Method.clickOnElement is PASSED&#xD;
&#xD;
2020-06-23 11:06:15 - [TEST_STEP][PASSED] - verifyElementNotPresent(findTestObject("Button/train"), 5, STOP_ON_FAILURE): Web element with id: 'Object Repository/Button/train' located by 'By.xpath: //button[contains(text(),'Train')]' is not present after '5' second(s)&#xD;
&#xD;
2020-06-23 11:06:17 - [MESSAGE][PASSED] - Web element with id: 'Object Repository/Button/train' located by 'By.xpath: //button[contains(text(),'Train')]' is not present after '5' second(s)</system-out>
            <system-err></system-err>
        </testcase>
        <testcase name="Test Cases/Faqbot/botCardMenuWithFallbackMessage_Test" classname="Test Cases/Faqbot/botCardMenuWithFallbackMessage_Test" status="PASSED">
            <system-out>2020-06-23 11:06:17 - [TEST_CASE][PASSED] - Test Cases/Faqbot/botCardMenuWithFallbackMessage_Test: Test Cases/Faqbot/botCardMenuWithFallbackMessage_Test&#xD;
&#xD;
2020-06-23 11:06:18 - [TEST_STEP][PASSED] - Start listener action : setUp: Current window maximized&#xD;
&#xD;
2020-06-23 11:06:18 - [TEST_STEP][PASSED] - openBrowser(URL): Browser is opened with url: 'preprod.imibot.ai'&#xD;
&#xD;
2020-06-23 11:06:18 - [MESSAGE][WARNING] - A browser is already opened. Closing browser and opening a new one&#xD;
&#xD;
2020-06-23 11:06:20 - [MESSAGE][INFO] - Starting 'Chrome' driver&#xD;
&#xD;
2020-06-23 11:06:20 - [MESSAGE][INFO] - User set preference: ['args', '[--start-maximized]']&#xD;
&#xD;
2020-06-23 11:06:31 - [MESSAGE][PASSED] - Browser is opened with url: 'preprod.imibot.ai'&#xD;
&#xD;
2020-06-23 11:06:31 - [TEST_STEP][PASSED] - maximizeWindow(): Current window maximized&#xD;
&#xD;
2020-06-23 11:06:34 - [MESSAGE][PASSED] - Current window maximized&#xD;
&#xD;
2020-06-23 11:06:34 - [TEST_STEP][PASSED] - callTestCase(findTestCase("Generic/successfulLogin_Test"), [:], STOP_ON_FAILURE): Call Test Case 'Test Cases/Generic/successfulLogin_Test' successfully&#xD;
&#xD;
2020-06-23 11:06:34 - [TEST_CASE][PASSED] - Test Cases/Generic/successfulLogin_Test: Test Cases/Generic/successfulLogin_Test&#xD;
&#xD;
2020-06-23 11:06:34 - [TEST_STEP][PASSED] - sendKeys(findTestObject("Input/username"), USERNAME): Keys 'narendra.n@imimobile.com' sent to object: 'Object Repository/Input/username'&#xD;
&#xD;
2020-06-23 11:06:37 - [MESSAGE][PASSED] - Keys 'narendra.n@imimobile.com' sent to object: 'Object Repository/Input/username'&#xD;
&#xD;
2020-06-23 11:06:37 - [TEST_STEP][PASSED] - sendKeys(findTestObject("Input/password"), PASSWORD): Keys 'Test@2020' sent to object: 'Object Repository/Input/password'&#xD;
&#xD;
2020-06-23 11:06:39 - [MESSAGE][PASSED] - Keys 'Test@2020' sent to object: 'Object Repository/Input/password'&#xD;
&#xD;
2020-06-23 11:06:39 - [TEST_STEP][PASSED] - click(findTestObject("Button/signIn")): Object: 'Object Repository/Button/signIn' is clicked on&#xD;
&#xD;
2020-06-23 11:06:42 - [MESSAGE][PASSED] - Object: 'Object Repository/Button/signIn' is clicked on&#xD;
&#xD;
2020-06-23 11:06:42 - [TEST_STEP][PASSED] - if (!(waitForElementPresent(findTestObject("Button/createBot"), 30, OPTIONAL))): Object 'Object Repository/Button/createBot' is present&#xD;
&#xD;
2020-06-23 11:06:57 - [MESSAGE][PASSED] - Object 'Object Repository/Button/createBot' is present&#xD;
&#xD;
2020-06-23 11:06:57 - [MESSAGE][PASSED] - Call Test Case 'Test Cases/Generic/successfulLogin_Test' successfully&#xD;
&#xD;
2020-06-23 11:06:57 - [TEST_STEP][PASSED] - botCardOptions = platform.Method.verifyBotCardMenu("Q&amp;A bots", FAQ_BOT): platform.Method.verifyBotCardMenu is PASSED&#xD;
&#xD;
2020-06-23 11:07:04 - [MESSAGE][PASSED] - Object 'Object Repository/Button/botCardPreview' is present&#xD;
&#xD;
2020-06-23 11:07:06 - [MESSAGE][PASSED] - Object: 'Object Repository/Button/botCardMenu' is hovered&#xD;
&#xD;
2020-06-23 11:07:14 - [MESSAGE][PASSED] - platform.Method.verifyBotCardMenu is PASSED&#xD;
&#xD;
2020-06-23 11:07:14 - [TEST_STEP][PASSED] - verifyElementPresent(findTestObject("Generic/webObjectWithText", ["textValue":"Copy Preview Link"]), 5, STOP_ON_FAILURE): Object 'Object Repository/Generic/webObjectWithText' is present&#xD;
&#xD;
2020-06-23 11:07:15 - [MESSAGE][PASSED] - Object 'Object Repository/Generic/webObjectWithText' is present&#xD;
&#xD;
2020-06-23 11:07:15 - [TEST_STEP][PASSED] - assert botCardOptions.containsAll(BOT_CARD_OPTION) == true: null&#xD;
&#xD;
2020-06-23 11:07:15 - [TEST_STEP][PASSED] - platform.Response.clickOnElement(findTestObject("Generic/webObjectWithText", ["textValue":FAQ_BOT])): platform.Response.clickOnElement is PASSED&#xD;
&#xD;
2020-06-23 11:07:18 - [MESSAGE][PASSED] - platform.Response.clickOnElement is PASSED&#xD;
&#xD;
2020-06-23 11:07:18 - [TEST_STEP][PASSED] - platform.Response.clickOnElement(findTestObject("Button/preview")): platform.Response.clickOnElement is PASSED&#xD;
&#xD;
2020-06-23 11:07:21 - [MESSAGE][PASSED] - platform.Response.clickOnElement is PASSED&#xD;
&#xD;
2020-06-23 11:07:21 - [TEST_STEP][PASSED] - sendKeys(findTestObject("Input/chatInput"), Keys.chord(userQuery, ENTER)): Keys 'ENTER + show last transaction receipt' sent to object: 'Object Repository/Input/chatInput'&#xD;
&#xD;
2020-06-23 11:07:25 - [MESSAGE][PASSED] - Keys 'ENTER + show last transaction receipt' sent to object: 'Object Repository/Input/chatInput'&#xD;
&#xD;
2020-06-23 11:07:25 - [TEST_STEP][PASSED] - delay(3): Delayed 3 second(s)&#xD;
&#xD;
2020-06-23 11:07:28 - [MESSAGE][PASSED] - Delayed 3 second(s)&#xD;
&#xD;
2020-06-23 11:07:28 - [TEST_STEP][PASSED] - verifyElementText(findTestObject("Generic/botReponse", ["index":2]), botResponse, OPTIONAL): Actual text and expected text of test object 'Object Repository/Generic/botReponse' are matched.&#xD;
&#xD;
2020-06-23 11:07:30 - [MESSAGE][PASSED] - Actual text and expected text of test object 'Object Repository/Generic/botReponse' are matched.&#xD;
&#xD;
2020-06-23 11:07:30 - [TEST_STEP][PASSED] - getRoomIdAt = platform.Utility.getRoomID(): platform.Utility.getRoomID is PASSED&#xD;
&#xD;
2020-06-23 11:07:35 - [MESSAGE][PASSED] - platform.Utility.getRoomID is PASSED&#xD;
&#xD;
2020-06-23 11:07:35 - [TEST_STEP][PASSED] - platform.Utility.overWriteTestData(sheetName, rowNumber, cellNumber, get(0).toString()): platform.Utility.overWriteTestData is PASSED&#xD;
&#xD;
2020-06-23 11:07:35 - [MESSAGE][PASSED] - platform.Utility.overWriteTestData is PASSED</system-out>
            <system-err></system-err>
        </testcase>
        <testcase name="Test Cases/Faqbot/importArticlesFromCsv_Test" classname="Test Cases/Faqbot/importArticlesFromCsv_Test" status="PASSED">
            <system-out>2020-06-23 11:07:35 - [TEST_CASE][PASSED] - Test Cases/Faqbot/importArticlesFromCsv_Test: Test Cases/Faqbot/importArticlesFromCsv_Test&#xD;
&#xD;
2020-06-23 11:07:36 - [TEST_STEP][PASSED] - Start listener action : setUp: Current window maximized&#xD;
&#xD;
2020-06-23 11:07:36 - [TEST_STEP][PASSED] - openBrowser(URL): Browser is opened with url: 'preprod.imibot.ai'&#xD;
&#xD;
2020-06-23 11:07:36 - [MESSAGE][WARNING] - A browser is already opened. Closing browser and opening a new one&#xD;
&#xD;
2020-06-23 11:07:38 - [MESSAGE][INFO] - Starting 'Chrome' driver&#xD;
&#xD;
2020-06-23 11:07:38 - [MESSAGE][INFO] - User set preference: ['args', '[--start-maximized]']&#xD;
&#xD;
2020-06-23 11:07:49 - [MESSAGE][PASSED] - Browser is opened with url: 'preprod.imibot.ai'&#xD;
&#xD;
2020-06-23 11:07:49 - [TEST_STEP][PASSED] - maximizeWindow(): Current window maximized&#xD;
&#xD;
2020-06-23 11:07:52 - [MESSAGE][PASSED] - Current window maximized&#xD;
&#xD;
2020-06-23 11:07:52 - [TEST_STEP][PASSED] - callTestCase(findTestCase("Generic/successfulLogin_Test"), [:], STOP_ON_FAILURE): Call Test Case 'Test Cases/Generic/successfulLogin_Test' successfully&#xD;
&#xD;
2020-06-23 11:07:52 - [TEST_CASE][PASSED] - Test Cases/Generic/successfulLogin_Test: Test Cases/Generic/successfulLogin_Test&#xD;
&#xD;
2020-06-23 11:07:52 - [TEST_STEP][PASSED] - sendKeys(findTestObject("Input/username"), USERNAME): Keys 'narendra.n@imimobile.com' sent to object: 'Object Repository/Input/username'&#xD;
&#xD;
2020-06-23 11:07:55 - [MESSAGE][PASSED] - Keys 'narendra.n@imimobile.com' sent to object: 'Object Repository/Input/username'&#xD;
&#xD;
2020-06-23 11:07:55 - [TEST_STEP][PASSED] - sendKeys(findTestObject("Input/password"), PASSWORD): Keys 'Test@2020' sent to object: 'Object Repository/Input/password'&#xD;
&#xD;
2020-06-23 11:07:57 - [MESSAGE][PASSED] - Keys 'Test@2020' sent to object: 'Object Repository/Input/password'&#xD;
&#xD;
2020-06-23 11:07:57 - [TEST_STEP][PASSED] - click(findTestObject("Button/signIn")): Object: 'Object Repository/Button/signIn' is clicked on&#xD;
&#xD;
2020-06-23 11:08:00 - [MESSAGE][PASSED] - Object: 'Object Repository/Button/signIn' is clicked on&#xD;
&#xD;
2020-06-23 11:08:00 - [TEST_STEP][PASSED] - if (!(waitForElementPresent(findTestObject("Button/createBot"), 30, OPTIONAL))): Object 'Object Repository/Button/createBot' is present&#xD;
&#xD;
2020-06-23 11:08:16 - [MESSAGE][PASSED] - Object 'Object Repository/Button/createBot' is present&#xD;
&#xD;
2020-06-23 11:08:16 - [MESSAGE][PASSED] - Call Test Case 'Test Cases/Generic/successfulLogin_Test' successfully&#xD;
&#xD;
2020-06-23 11:08:16 - [TEST_STEP][PASSED] - platform.Method.navigateToBot("Q&amp;A bots", FAQ_BOT): platform.Method.navigateToBot is PASSED&#xD;
&#xD;
2020-06-23 11:08:18 - [MESSAGE][PASSED] - Object 'Object Repository/Button/createBot' is present&#xD;
&#xD;
2020-06-23 11:08:20 - [MESSAGE][INFO] - Performing click action on bot&#xD;
&#xD;
2020-06-23 11:08:22 - [MESSAGE][PASSED] - platform.Method.navigateToBot is PASSED&#xD;
&#xD;
2020-06-23 11:08:22 - [TEST_STEP][PASSED] - platform.Method.toClickOnWebElement(findTestObject("Generic/articles")): platform.Method.toClickOnWebElement is PASSED&#xD;
&#xD;
2020-06-23 11:08:26 - [MESSAGE][PASSED] - Object: 'Object Repository/Generic/articles' is clicked on&#xD;
&#xD;
2020-06-23 11:08:26 - [MESSAGE][PASSED] - platform.Method.toClickOnWebElement is PASSED&#xD;
&#xD;
2020-06-23 11:08:26 - [TEST_STEP][PASSED] - platform.Articles.selectFromKebabMenu(findTestObject("Button/importIcon"), "Import From CSV"): platform.Articles.selectFromKebabMenu is PASSED&#xD;
&#xD;
2020-06-23 11:08:29 - [MESSAGE][INFO] - Selected value: Import From CSV&#xD;
&#xD;
2020-06-23 11:08:31 - [MESSAGE][PASSED] - platform.Articles.selectFromKebabMenu is PASSED&#xD;
&#xD;
2020-06-23 11:08:31 - [TEST_STEP][PASSED] - platform.Method.uploadCsvFile(false, fileName): platform.Method.uploadCsvFile is PASSED&#xD;
&#xD;
2020-06-23 11:08:31 - [MESSAGE][INFO] - PREVIOUS DATA NOT BE OVERRIDDEN&#xD;
&#xD;
2020-06-23 11:08:33 - [MESSAGE][PASSED] - File 'D:/IMIbot.ai-Project/Collection/DefaultBankFAQ.csv' sent to object: 'Object Repository/Input/uploadFile'&#xD;
&#xD;
2020-06-23 11:08:36 - [MESSAGE][PASSED] - platform.Method.uploadCsvFile is PASSED&#xD;
&#xD;
2020-06-23 11:08:36 - [TEST_STEP][PASSED] - platform.Method.trainAndComment(comment): platform.Method.trainAndComment is PASSED&#xD;
&#xD;
2020-06-23 11:08:43 - [MESSAGE][PASSED] - Keys 'Post upload train' sent to object: 'Object Repository/Input/comment'&#xD;
&#xD;
2020-06-23 11:08:45 - [MESSAGE][PASSED] - platform.Method.trainAndComment is PASSED&#xD;
&#xD;
2020-06-23 11:08:45 - [TEST_STEP][PASSED] - waitForElementPresent(findTestObject("ICONS/toastMsg"), 20, STOP_ON_FAILURE): Object 'Object Repository/ICONS/toastMsg' is present&#xD;
&#xD;
2020-06-23 11:08:53 - [MESSAGE][PASSED] - Object 'Object Repository/ICONS/toastMsg' is present&#xD;
&#xD;
2020-06-23 11:08:53 - [TEST_STEP][PASSED] - platform.Response.clickOnElement(findTestObject("Button/preview")): platform.Response.clickOnElement is PASSED&#xD;
&#xD;
2020-06-23 11:08:55 - [MESSAGE][PASSED] - platform.Response.clickOnElement is PASSED&#xD;
&#xD;
2020-06-23 11:08:55 - [TEST_STEP][PASSED] - waitForElementPresent(findTestObject("Input/chatInput"), 5, OPTIONAL): Object 'Object Repository/Input/chatInput' is present&#xD;
&#xD;
2020-06-23 11:08:57 - [MESSAGE][PASSED] - Object 'Object Repository/Input/chatInput' is present&#xD;
&#xD;
2020-06-23 11:08:57 - [TEST_STEP][PASSED] - sendKeys(findTestObject("Input/chatInput"), Keys.chord(userQuery, ENTER)): Keys 'ENTER + How do I report fraud?' sent to object: 'Object Repository/Input/chatInput'&#xD;
&#xD;
2020-06-23 11:09:00 - [MESSAGE][PASSED] - Keys 'ENTER + How do I report fraud?' sent to object: 'Object Repository/Input/chatInput'&#xD;
&#xD;
2020-06-23 11:09:00 - [TEST_STEP][PASSED] - delay(1): Delayed 1 second(s)&#xD;
&#xD;
2020-06-23 11:09:01 - [MESSAGE][PASSED] - Delayed 1 second(s)&#xD;
&#xD;
2020-06-23 11:09:01 - [TEST_STEP][PASSED] - platform.Preview.verifyBotResponse(stringToCheck): YOUR TEXT HAS A MATCH&#xD;
&#xD;
2020-06-23 11:09:04 - [MESSAGE][PASSED] - Delayed 3 second(s)&#xD;
&#xD;
2020-06-23 11:09:07 - [MESSAGE][PASSED] - YOUR TEXT HAS A MATCH</system-out>
            <system-err></system-err>
        </testcase>
        <testcase name="Test Cases/Faqbot/extractArticleFromExternalLink_Test" classname="Test Cases/Faqbot/extractArticleFromExternalLink_Test" status="PASSED">
            <system-out>2020-06-23 11:09:07 - [TEST_CASE][PASSED] - Test Cases/Faqbot/extractArticleFromExternalLink_Test: Test Cases/Faqbot/extractArticleFromExternalLink_Test&#xD;
&#xD;
2020-06-23 11:09:07 - [TEST_STEP][PASSED] - Start listener action : setUp: Current window maximized&#xD;
&#xD;
2020-06-23 11:09:07 - [TEST_STEP][PASSED] - openBrowser(URL): Browser is opened with url: 'preprod.imibot.ai'&#xD;
&#xD;
2020-06-23 11:09:07 - [MESSAGE][WARNING] - A browser is already opened. Closing browser and opening a new one&#xD;
&#xD;
2020-06-23 11:09:09 - [MESSAGE][INFO] - Starting 'Chrome' driver&#xD;
&#xD;
2020-06-23 11:09:09 - [MESSAGE][INFO] - User set preference: ['args', '[--start-maximized]']&#xD;
&#xD;
2020-06-23 11:09:21 - [MESSAGE][PASSED] - Browser is opened with url: 'preprod.imibot.ai'&#xD;
&#xD;
2020-06-23 11:09:21 - [TEST_STEP][PASSED] - maximizeWindow(): Current window maximized&#xD;
&#xD;
2020-06-23 11:09:23 - [MESSAGE][PASSED] - Current window maximized&#xD;
&#xD;
2020-06-23 11:09:24 - [TEST_STEP][PASSED] - callTestCase(findTestCase("Generic/successfulLogin_Test"), [:], STOP_ON_FAILURE): Call Test Case 'Test Cases/Generic/successfulLogin_Test' successfully&#xD;
&#xD;
2020-06-23 11:09:24 - [TEST_CASE][PASSED] - Test Cases/Generic/successfulLogin_Test: Test Cases/Generic/successfulLogin_Test&#xD;
&#xD;
2020-06-23 11:09:24 - [TEST_STEP][PASSED] - sendKeys(findTestObject("Input/username"), USERNAME): Keys 'narendra.n@imimobile.com' sent to object: 'Object Repository/Input/username'&#xD;
&#xD;
2020-06-23 11:09:26 - [MESSAGE][PASSED] - Keys 'narendra.n@imimobile.com' sent to object: 'Object Repository/Input/username'&#xD;
&#xD;
2020-06-23 11:09:26 - [TEST_STEP][PASSED] - sendKeys(findTestObject("Input/password"), PASSWORD): Keys 'Test@2020' sent to object: 'Object Repository/Input/password'&#xD;
&#xD;
2020-06-23 11:09:29 - [MESSAGE][PASSED] - Keys 'Test@2020' sent to object: 'Object Repository/Input/password'&#xD;
&#xD;
2020-06-23 11:09:29 - [TEST_STEP][PASSED] - click(findTestObject("Button/signIn")): Object: 'Object Repository/Button/signIn' is clicked on&#xD;
&#xD;
2020-06-23 11:09:31 - [MESSAGE][PASSED] - Object: 'Object Repository/Button/signIn' is clicked on&#xD;
&#xD;
2020-06-23 11:09:31 - [TEST_STEP][PASSED] - if (!(waitForElementPresent(findTestObject("Button/createBot"), 30, OPTIONAL))): Object 'Object Repository/Button/createBot' is present&#xD;
&#xD;
2020-06-23 11:09:47 - [MESSAGE][PASSED] - Object 'Object Repository/Button/createBot' is present&#xD;
&#xD;
2020-06-23 11:09:47 - [MESSAGE][PASSED] - Call Test Case 'Test Cases/Generic/successfulLogin_Test' successfully&#xD;
&#xD;
2020-06-23 11:09:47 - [TEST_STEP][PASSED] - platform.Method.navigateToBot("Q&amp;A bots", FAQ_BOT): platform.Method.navigateToBot is PASSED&#xD;
&#xD;
2020-06-23 11:09:48 - [MESSAGE][PASSED] - Object 'Object Repository/Button/createBot' is present&#xD;
&#xD;
2020-06-23 11:09:51 - [MESSAGE][INFO] - Performing click action on bot&#xD;
&#xD;
2020-06-23 11:09:53 - [MESSAGE][PASSED] - platform.Method.navigateToBot is PASSED&#xD;
&#xD;
2020-06-23 11:09:53 - [TEST_STEP][PASSED] - platform.Method.clickOnElement(findTestObject("Generic/articles")): platform.Method.clickOnElement is PASSED&#xD;
&#xD;
2020-06-23 11:09:57 - [MESSAGE][PASSED] - platform.Method.clickOnElement is PASSED&#xD;
&#xD;
2020-06-23 11:09:57 - [TEST_STEP][PASSED] - platform.Articles.selectFromKebabMenu(findTestObject("Button/extractExtLink"), "Extract from external link"): platform.Articles.selectFromKebabMenu is PASSED&#xD;
&#xD;
2020-06-23 11:09:59 - [MESSAGE][INFO] - Selected value: Extract from external link&#xD;
&#xD;
2020-06-23 11:10:01 - [MESSAGE][PASSED] - platform.Articles.selectFromKebabMenu is PASSED&#xD;
&#xD;
2020-06-23 11:10:01 - [TEST_STEP][PASSED] - verifyElementHasAttribute(findTestObject("Button/extract"), "disabled", 10, STOP_ON_FAILURE): Object 'Object Repository/Button/extract' has attribute 'disabled'&#xD;
&#xD;
2020-06-23 11:10:04 - [MESSAGE][PASSED] - Object 'Object Repository/Button/extract' has attribute 'disabled'&#xD;
&#xD;
2020-06-23 11:10:04 - [TEST_STEP][PASSED] - sendKeys(findTestObject("Input/extractLink"), EXTERNAL_LINK): Keys 'https://experience.imiconnect.io/faqs/' sent to object: 'Object Repository/Input/extractLink'&#xD;
&#xD;
2020-06-23 11:10:07 - [MESSAGE][PASSED] - Keys 'https://experience.imiconnect.io/faqs/' sent to object: 'Object Repository/Input/extractLink'&#xD;
&#xD;
2020-06-23 11:10:07 - [TEST_STEP][PASSED] - platform.Method.toClickOnWebElement(findTestObject("Button/extract")): platform.Method.toClickOnWebElement is PASSED&#xD;
&#xD;
2020-06-23 11:10:09 - [MESSAGE][PASSED] - Object: 'Object Repository/Button/extract' is clicked on&#xD;
&#xD;
2020-06-23 11:10:09 - [MESSAGE][PASSED] - platform.Method.toClickOnWebElement is PASSED&#xD;
&#xD;
2020-06-23 11:10:09 - [TEST_STEP][PASSED] - check(findTestObject("Generic/articleCheckbox", ["index":1])): Object 'Object Repository/Generic/articleCheckbox' is checked&#xD;
&#xD;
2020-06-23 11:10:16 - [MESSAGE][PASSED] - Object 'Object Repository/Generic/articleCheckbox' is checked&#xD;
&#xD;
2020-06-23 11:10:16 - [TEST_STEP][PASSED] - check(findTestObject("Generic/articleCheckbox", ["index":3])): Object 'Object Repository/Generic/articleCheckbox' is checked&#xD;
&#xD;
2020-06-23 11:10:19 - [MESSAGE][PASSED] - Object 'Object Repository/Generic/articleCheckbox' is checked&#xD;
&#xD;
2020-06-23 11:10:19 - [TEST_STEP][PASSED] - check(findTestObject("Generic/articleCheckbox", ["index":5])): Object 'Object Repository/Generic/articleCheckbox' is checked&#xD;
&#xD;
2020-06-23 11:10:23 - [MESSAGE][PASSED] - Object 'Object Repository/Generic/articleCheckbox' is checked&#xD;
&#xD;
2020-06-23 11:10:23 - [TEST_STEP][PASSED] - testObject = modifyObjectProperty(findTestObject("Generic/header"), "class", "not equals", "heading", true): Modify property of object successfully&#xD;
&#xD;
2020-06-23 11:10:23 - [MESSAGE][PASSED] - Modify property of object successfully&#xD;
&#xD;
2020-06-23 11:10:23 - [TEST_STEP][PASSED] - getText().contains("3"): null&#xD;
&#xD;
2020-06-23 11:10:25 - [TEST_STEP][PASSED] - scrollToElement(findTestObject("Generic/webObjectWithText", ["textValue":"Import FAQs from link"]), 10): Scroll to object 'Object Repository/Generic/webObjectWithText' successfully&#xD;
&#xD;
2020-06-23 11:10:27 - [MESSAGE][PASSED] - Scroll to object 'Object Repository/Generic/webObjectWithText' successfully&#xD;
&#xD;
2020-06-23 11:10:27 - [TEST_STEP][PASSED] - check(findTestObject("Generic/allFaqCheckbox")): Object 'Object Repository/Generic/allFaqCheckbox' is checked&#xD;
&#xD;
2020-06-23 11:10:31 - [MESSAGE][PASSED] - Object 'Object Repository/Generic/allFaqCheckbox' is checked&#xD;
&#xD;
2020-06-23 11:10:31 - [TEST_STEP][PASSED] - getText().contains("10"): null&#xD;
&#xD;
2020-06-23 11:10:33 - [TEST_STEP][PASSED] - scrollToElement(findTestObject("Generic/faqImportBtn"), 10): Scroll to object 'Object Repository/Generic/faqImportBtn' successfully&#xD;
&#xD;
2020-06-23 11:10:35 - [MESSAGE][PASSED] - Scroll to object 'Object Repository/Generic/faqImportBtn' successfully&#xD;
&#xD;
2020-06-23 11:10:35 - [TEST_STEP][PASSED] - override = modifyObjectProperty(findTestObject("Toggle/override"), "xpath", "not equals", "//mat-slide-toggle[@formcontrolname='Override']//label/div", true, STOP_ON_FAILURE): Modify property of object successfully&#xD;
&#xD;
2020-06-23 11:10:35 - [MESSAGE][PASSED] - Modify property of object successfully&#xD;
&#xD;
2020-06-23 11:10:35 - [TEST_STEP][PASSED] - platform.Method.clickOnElement(override): platform.Method.clickOnElement is PASSED&#xD;
&#xD;
2020-06-23 11:10:37 - [MESSAGE][PASSED] - platform.Method.clickOnElement is PASSED&#xD;
&#xD;
2020-06-23 11:10:37 - [TEST_STEP][PASSED] - platform.Method.clickOnElement(findTestObject("Generic/faqImportBtn")): platform.Method.clickOnElement is PASSED&#xD;
&#xD;
2020-06-23 11:10:40 - [MESSAGE][PASSED] - platform.Method.clickOnElement is PASSED&#xD;
&#xD;
2020-06-23 11:10:40 - [TEST_STEP][PASSED] - verifyElementText(findTestObject("Generic/articleState"), "Saved", STOP_ON_FAILURE): Actual text and expected text of test object 'Object Repository/Generic/articleState' are matched.&#xD;
&#xD;
2020-06-23 11:10:42 - [MESSAGE][PASSED] - Actual text and expected text of test object 'Object Repository/Generic/articleState' are matched.&#xD;
&#xD;
2020-06-23 11:10:42 - [TEST_STEP][PASSED] - verifyElementPresent(findTestObject("Generic/nextPage"), 5, STOP_ON_FAILURE): Object 'Object Repository/Generic/nextPage' is present&#xD;
&#xD;
2020-06-23 11:10:43 - [MESSAGE][PASSED] - Object 'Object Repository/Generic/nextPage' is present&#xD;
&#xD;
2020-06-23 11:10:43 - [TEST_STEP][PASSED] - platform.Method.trainAndComment(comment): platform.Method.trainAndComment is PASSED&#xD;
&#xD;
2020-06-23 11:10:51 - [MESSAGE][PASSED] - Keys 'Post extraction train' sent to object: 'Object Repository/Input/comment'&#xD;
&#xD;
2020-06-23 11:10:53 - [MESSAGE][PASSED] - platform.Method.trainAndComment is PASSED&#xD;
&#xD;
2020-06-23 11:10:53 - [TEST_STEP][PASSED] - waitForElementPresent(findTestObject("ICONS/toastMsg"), 20, STOP_ON_FAILURE): Object 'Object Repository/ICONS/toastMsg' is present&#xD;
&#xD;
2020-06-23 11:11:00 - [MESSAGE][PASSED] - Object 'Object Repository/ICONS/toastMsg' is present&#xD;
&#xD;
2020-06-23 11:11:00 - [TEST_STEP][PASSED] - platform.Method.clickOnElement(findTestObject("Button/preview")): platform.Method.clickOnElement is PASSED&#xD;
&#xD;
2020-06-23 11:11:03 - [MESSAGE][PASSED] - platform.Method.clickOnElement is PASSED&#xD;
&#xD;
2020-06-23 11:11:03 - [TEST_STEP][PASSED] - waitForElementPresent(findTestObject("Input/chatInput"), 10, STOP_ON_FAILURE): Object 'Object Repository/Input/chatInput' is present&#xD;
&#xD;
2020-06-23 11:11:04 - [MESSAGE][PASSED] - Object 'Object Repository/Input/chatInput' is present&#xD;
&#xD;
2020-06-23 11:11:04 - [TEST_STEP][PASSED] - platform.Preview.verifyBotTextResponse(userQuery, 2, strCheck): platform.Preview.verifyBotTextResponse is PASSED&#xD;
&#xD;
2020-06-23 11:11:07 - [MESSAGE][PASSED] - Keys 'ENTER + How can I view my transactions?' sent to object: 'Object Repository/Input/chatInput'&#xD;
&#xD;
2020-06-23 11:11:08 - [MESSAGE][PASSED] - Object 'Object Repository/GenericII/getBotResponse' is present&#xD;
&#xD;
2020-06-23 11:11:10 - [MESSAGE][PASSED] - Actual text and expected text of test object 'Object Repository/GenericII/getBotResponse' are matched.&#xD;
&#xD;
2020-06-23 11:11:10 - [MESSAGE][PASSED] - platform.Preview.verifyBotTextResponse is PASSED</system-out>
            <system-err></system-err>
        </testcase>
        <testcase name="Test Cases/Faqbot/searchArticle_Test" classname="Test Cases/Faqbot/searchArticle_Test" status="PASSED">
            <system-out>2020-06-23 11:11:10 - [TEST_CASE][PASSED] - Test Cases/Faqbot/searchArticle_Test: Test Cases/Faqbot/searchArticle_Test&#xD;
&#xD;
2020-06-23 11:11:11 - [TEST_STEP][PASSED] - Start listener action : setUp: Current window maximized&#xD;
&#xD;
2020-06-23 11:11:11 - [TEST_STEP][PASSED] - openBrowser(URL): Browser is opened with url: 'preprod.imibot.ai'&#xD;
&#xD;
2020-06-23 11:11:11 - [MESSAGE][WARNING] - A browser is already opened. Closing browser and opening a new one&#xD;
&#xD;
2020-06-23 11:11:13 - [MESSAGE][INFO] - Starting 'Chrome' driver&#xD;
&#xD;
2020-06-23 11:11:13 - [MESSAGE][INFO] - User set preference: ['args', '[--start-maximized]']&#xD;
&#xD;
2020-06-23 11:11:23 - [MESSAGE][PASSED] - Browser is opened with url: 'preprod.imibot.ai'&#xD;
&#xD;
2020-06-23 11:11:23 - [TEST_STEP][PASSED] - maximizeWindow(): Current window maximized&#xD;
&#xD;
2020-06-23 11:11:25 - [MESSAGE][PASSED] - Current window maximized&#xD;
&#xD;
2020-06-23 11:11:26 - [TEST_STEP][PASSED] - callTestCase(findTestCase("Generic/successfulLogin_Test"), [:], STOP_ON_FAILURE): Call Test Case 'Test Cases/Generic/successfulLogin_Test' successfully&#xD;
&#xD;
2020-06-23 11:11:26 - [TEST_CASE][PASSED] - Test Cases/Generic/successfulLogin_Test: Test Cases/Generic/successfulLogin_Test&#xD;
&#xD;
2020-06-23 11:11:26 - [TEST_STEP][PASSED] - sendKeys(findTestObject("Input/username"), USERNAME): Keys 'narendra.n@imimobile.com' sent to object: 'Object Repository/Input/username'&#xD;
&#xD;
2020-06-23 11:11:29 - [MESSAGE][PASSED] - Keys 'narendra.n@imimobile.com' sent to object: 'Object Repository/Input/username'&#xD;
&#xD;
2020-06-23 11:11:29 - [TEST_STEP][PASSED] - sendKeys(findTestObject("Input/password"), PASSWORD): Keys 'Test@2020' sent to object: 'Object Repository/Input/password'&#xD;
&#xD;
2020-06-23 11:11:31 - [MESSAGE][PASSED] - Keys 'Test@2020' sent to object: 'Object Repository/Input/password'&#xD;
&#xD;
2020-06-23 11:11:31 - [TEST_STEP][PASSED] - click(findTestObject("Button/signIn")): Object: 'Object Repository/Button/signIn' is clicked on&#xD;
&#xD;
2020-06-23 11:11:34 - [MESSAGE][PASSED] - Object: 'Object Repository/Button/signIn' is clicked on&#xD;
&#xD;
2020-06-23 11:11:34 - [TEST_STEP][PASSED] - if (!(waitForElementPresent(findTestObject("Button/createBot"), 30, OPTIONAL))): Object 'Object Repository/Button/createBot' is present&#xD;
&#xD;
2020-06-23 11:11:49 - [MESSAGE][PASSED] - Object 'Object Repository/Button/createBot' is present&#xD;
&#xD;
2020-06-23 11:11:49 - [MESSAGE][PASSED] - Call Test Case 'Test Cases/Generic/successfulLogin_Test' successfully&#xD;
&#xD;
2020-06-23 11:11:49 - [TEST_STEP][PASSED] - platform.Method.navigateToBot("Q&amp;A bots", FAQ_BOT): platform.Method.navigateToBot is PASSED&#xD;
&#xD;
2020-06-23 11:11:50 - [MESSAGE][PASSED] - Object 'Object Repository/Button/createBot' is present&#xD;
&#xD;
2020-06-23 11:11:53 - [MESSAGE][INFO] - Performing click action on bot&#xD;
&#xD;
2020-06-23 11:11:55 - [MESSAGE][PASSED] - platform.Method.navigateToBot is PASSED&#xD;
&#xD;
2020-06-23 11:11:55 - [TEST_STEP][PASSED] - sendKeys(findTestObject("Input/searchForQuestion"), searchQuestion): Keys 'how can you help?' sent to object: 'Object Repository/Input/searchForQuestion'&#xD;
&#xD;
2020-06-23 11:12:00 - [MESSAGE][PASSED] - Keys 'how can you help?' sent to object: 'Object Repository/Input/searchForQuestion'&#xD;
&#xD;
2020-06-23 11:12:00 - [TEST_STEP][PASSED] - platform.Method.toClickOnWebElement(findTestObject("Generic/searchResult")): platform.Method.toClickOnWebElement is PASSED&#xD;
&#xD;
2020-06-23 11:12:02 - [MESSAGE][PASSED] - Object: 'Object Repository/Generic/searchResult' is clicked on&#xD;
&#xD;
2020-06-23 11:12:02 - [MESSAGE][PASSED] - platform.Method.toClickOnWebElement is PASSED&#xD;
&#xD;
2020-06-23 11:12:02 - [TEST_STEP][PASSED] - firstQuestion = findWebElement(findTestObject("Generic/header"), 10).getText(): null&#xD;
&#xD;
2020-06-23 11:12:05 - [TEST_STEP][PASSED] - setText(findTestObject("Input/searchForQuestion"), newSearchQuestion): Text 'suspected fraud' is set on object 'Object Repository/Input/searchForQuestion'&#xD;
&#xD;
2020-06-23 11:12:08 - [MESSAGE][PASSED] - Text 'suspected fraud' is set on object 'Object Repository/Input/searchForQuestion'&#xD;
&#xD;
2020-06-23 11:12:08 - [TEST_STEP][PASSED] - platform.Method.toClickOnWebElement(findTestObject("Generic/searchResult")): platform.Method.toClickOnWebElement is PASSED&#xD;
&#xD;
2020-06-23 11:12:11 - [MESSAGE][PASSED] - Object: 'Object Repository/Generic/searchResult' is clicked on&#xD;
&#xD;
2020-06-23 11:12:11 - [MESSAGE][PASSED] - platform.Method.toClickOnWebElement is PASSED&#xD;
&#xD;
2020-06-23 11:12:11 - [TEST_STEP][PASSED] - newFirstQuestion = findWebElement(findTestObject("Generic/header"), 10).getText(): null&#xD;
&#xD;
2020-06-23 11:12:13 - [TEST_STEP][PASSED] - assert firstQuestion.equalsIgnoreCase(newFirstQuestion) == false: null</system-out>
            <system-err></system-err>
        </testcase>
        <testcase name="Test Cases/Faqbot/downvoteWithComment_Test" classname="Test Cases/Faqbot/downvoteWithComment_Test" status="PASSED">
            <system-out>2020-06-23 11:12:13 - [TEST_CASE][PASSED] - Test Cases/Faqbot/downvoteWithComment_Test: Test Cases/Faqbot/downvoteWithComment_Test&#xD;
&#xD;
2020-06-23 11:12:14 - [TEST_STEP][PASSED] - Start listener action : setUp: Current window maximized&#xD;
&#xD;
2020-06-23 11:12:14 - [TEST_STEP][PASSED] - openBrowser(URL): Browser is opened with url: 'preprod.imibot.ai'&#xD;
&#xD;
2020-06-23 11:12:14 - [MESSAGE][WARNING] - A browser is already opened. Closing browser and opening a new one&#xD;
&#xD;
2020-06-23 11:12:16 - [MESSAGE][INFO] - Starting 'Chrome' driver&#xD;
&#xD;
2020-06-23 11:12:16 - [MESSAGE][INFO] - User set preference: ['args', '[--start-maximized]']&#xD;
&#xD;
2020-06-23 11:12:29 - [MESSAGE][PASSED] - Browser is opened with url: 'preprod.imibot.ai'&#xD;
&#xD;
2020-06-23 11:12:29 - [TEST_STEP][PASSED] - maximizeWindow(): Current window maximized&#xD;
&#xD;
2020-06-23 11:12:31 - [MESSAGE][PASSED] - Current window maximized&#xD;
&#xD;
2020-06-23 11:12:31 - [TEST_STEP][PASSED] - callTestCase(findTestCase("Generic/successfulLogin_Test"), [:], STOP_ON_FAILURE): Call Test Case 'Test Cases/Generic/successfulLogin_Test' successfully&#xD;
&#xD;
2020-06-23 11:12:31 - [TEST_CASE][PASSED] - Test Cases/Generic/successfulLogin_Test: Test Cases/Generic/successfulLogin_Test&#xD;
&#xD;
2020-06-23 11:12:31 - [TEST_STEP][PASSED] - sendKeys(findTestObject("Input/username"), USERNAME): Keys 'narendra.n@imimobile.com' sent to object: 'Object Repository/Input/username'&#xD;
&#xD;
2020-06-23 11:12:34 - [MESSAGE][PASSED] - Keys 'narendra.n@imimobile.com' sent to object: 'Object Repository/Input/username'&#xD;
&#xD;
2020-06-23 11:12:34 - [TEST_STEP][PASSED] - sendKeys(findTestObject("Input/password"), PASSWORD): Keys 'Test@2020' sent to object: 'Object Repository/Input/password'&#xD;
&#xD;
2020-06-23 11:12:36 - [MESSAGE][PASSED] - Keys 'Test@2020' sent to object: 'Object Repository/Input/password'&#xD;
&#xD;
2020-06-23 11:12:36 - [TEST_STEP][PASSED] - click(findTestObject("Button/signIn")): Object: 'Object Repository/Button/signIn' is clicked on&#xD;
&#xD;
2020-06-23 11:12:39 - [MESSAGE][PASSED] - Object: 'Object Repository/Button/signIn' is clicked on&#xD;
&#xD;
2020-06-23 11:12:39 - [TEST_STEP][PASSED] - if (!(waitForElementPresent(findTestObject("Button/createBot"), 30, OPTIONAL))): Object 'Object Repository/Button/createBot' is present&#xD;
&#xD;
2020-06-23 11:12:55 - [MESSAGE][PASSED] - Object 'Object Repository/Button/createBot' is present&#xD;
&#xD;
2020-06-23 11:12:55 - [MESSAGE][PASSED] - Call Test Case 'Test Cases/Generic/successfulLogin_Test' successfully&#xD;
&#xD;
2020-06-23 11:12:55 - [TEST_STEP][PASSED] - platform.Method.navigateToBot("Q&amp;A bots", FAQ_BOT): platform.Method.navigateToBot is PASSED&#xD;
&#xD;
2020-06-23 11:12:56 - [MESSAGE][PASSED] - Object 'Object Repository/Button/createBot' is present&#xD;
&#xD;
2020-06-23 11:12:59 - [MESSAGE][INFO] - Performing click action on bot&#xD;
&#xD;
2020-06-23 11:13:01 - [MESSAGE][PASSED] - platform.Method.navigateToBot is PASSED&#xD;
&#xD;
2020-06-23 11:13:01 - [TEST_STEP][PASSED] - platform.Method.clickOnElement(findTestObject("Generic/articles")): platform.Method.clickOnElement is PASSED&#xD;
&#xD;
2020-06-23 11:13:05 - [MESSAGE][PASSED] - platform.Method.clickOnElement is PASSED&#xD;
&#xD;
2020-06-23 11:13:05 - [TEST_STEP][PASSED] - platform.Method.trainAndComment(comment): platform.Method.trainAndComment is PASSED&#xD;
&#xD;
2020-06-23 11:13:11 - [MESSAGE][INFO] - Unable to find the element located by 'By.xpath: //button[contains(text(),'Train')]'. Please recheck the objects properties to make sure the desired element is located. &#xD;
&#xD;
2020-06-23 11:13:11 - [MESSAGE][INFO] - BOT STATE IS TRAINED&#xD;
&#xD;
2020-06-23 11:13:11 - [MESSAGE][PASSED] - platform.Method.trainAndComment is PASSED&#xD;
&#xD;
2020-06-23 11:13:11 - [TEST_STEP][PASSED] - try: Object 'Object Repository/ICONS/toastMsg' is not present after 10 second(s)&#xD;
&#xD;
2020-06-23 11:13:11 - [TEST_STEP][PASSED] - waitForElementPresent(findTestObject("ICONS/toastMsg"), 10): Object 'Object Repository/ICONS/toastMsg' is not present after 10 second(s)&#xD;
&#xD;
2020-06-23 11:13:22 - [MESSAGE][INFO] - Unable to find the element located by 'By.xpath: //simple-snack-bar'. Please recheck the objects properties to make sure the desired element is located. &#xD;
&#xD;
2020-06-23 11:13:22 - [MESSAGE][WARNING] - Object 'Object Repository/ICONS/toastMsg' is not present after 10 second(s)&#xD;
&#xD;
2020-06-23 11:13:22 - [TEST_STEP][PASSED] - platform.Method.clickOnElement(findTestObject("Button/preview")): platform.Method.clickOnElement is PASSED&#xD;
&#xD;
2020-06-23 11:13:24 - [MESSAGE][PASSED] - platform.Method.clickOnElement is PASSED&#xD;
&#xD;
2020-06-23 11:13:24 - [TEST_STEP][PASSED] - waitForElementPresent(findTestObject("Input/chatInput"), 20, STOP_ON_FAILURE): Object 'Object Repository/Input/chatInput' is present&#xD;
&#xD;
2020-06-23 11:13:25 - [MESSAGE][PASSED] - Object 'Object Repository/Input/chatInput' is present&#xD;
&#xD;
2020-06-23 11:13:25 - [TEST_STEP][PASSED] - sendKeys(findTestObject("Input/chatInput"), Keys.chord(userQuery, ENTER)): Keys 'ENTER + what is loyalty program?' sent to object: 'Object Repository/Input/chatInput'&#xD;
&#xD;
2020-06-23 11:13:28 - [MESSAGE][PASSED] - Keys 'ENTER + what is loyalty program?' sent to object: 'Object Repository/Input/chatInput'&#xD;
&#xD;
2020-06-23 11:13:28 - [TEST_STEP][PASSED] - verifyElementText(findTestObject("Generic/botReponse", ["index":2]), botResponse, OPTIONAL): Actual text and expected text of test object 'Object Repository/Generic/botReponse' are matched.&#xD;
&#xD;
2020-06-23 11:13:31 - [MESSAGE][PASSED] - Actual text and expected text of test object 'Object Repository/Generic/botReponse' are matched.&#xD;
&#xD;
2020-06-23 11:13:31 - [TEST_STEP][PASSED] - platform.Preview.downvoteResponseWithComment(downvoteComment): platform.Preview.downvoteResponseWithComment is PASSED&#xD;
&#xD;
2020-06-23 11:13:33 - [MESSAGE][PASSED] - Object: 'Object Repository/Button/downvote' is clicked on&#xD;
&#xD;
2020-06-23 11:13:36 - [MESSAGE][PASSED] - Keys 'Bot response doesn't answer my query' sent to object: 'Object Repository/Input/downvoteComment'&#xD;
&#xD;
2020-06-23 11:13:39 - [MESSAGE][PASSED] - platform.Preview.downvoteResponseWithComment is PASSED&#xD;
&#xD;
2020-06-23 11:13:39 - [TEST_STEP][PASSED] - getRoomIdAt = new java.util.ArrayList(): null&#xD;
&#xD;
2020-06-23 11:13:39 - [TEST_STEP][PASSED] - getRoomIdAt = platform.Utility.getRoomID(): platform.Utility.getRoomID is PASSED&#xD;
&#xD;
2020-06-23 11:13:43 - [MESSAGE][PASSED] - platform.Utility.getRoomID is PASSED&#xD;
&#xD;
2020-06-23 11:13:43 - [TEST_STEP][PASSED] - roomID = get(0).toString(): null&#xD;
&#xD;
2020-06-23 11:13:43 - [TEST_STEP][PASSED] - platform.Utility.overWriteTestData(sheetName, rowNumber, cellNumber, roomID): platform.Utility.overWriteTestData is PASSED&#xD;
&#xD;
2020-06-23 11:13:43 - [MESSAGE][PASSED] - platform.Utility.overWriteTestData is PASSED&#xD;
&#xD;
2020-06-23 11:13:43 - [TEST_STEP][PASSED] - platform.Method.clickOnElement(findTestObject("Generic/session")): platform.Method.clickOnElement is PASSED&#xD;
&#xD;
2020-06-23 11:13:46 - [MESSAGE][PASSED] - platform.Method.clickOnElement is PASSED&#xD;
&#xD;
2020-06-23 11:13:46 - [TEST_STEP][PASSED] - platform.Method.clickOnElement(findTestObject("GenericII/minimize")): platform.Method.clickOnElement is PASSED&#xD;
&#xD;
2020-06-23 11:13:49 - [MESSAGE][PASSED] - platform.Method.clickOnElement is PASSED&#xD;
&#xD;
2020-06-23 11:13:49 - [TEST_STEP][PASSED] - setText(findTestObject("Input/roomID", ["value":"id"]), roomID): Text '1980282' is set on object 'Object Repository/Input/roomID'&#xD;
&#xD;
2020-06-23 11:13:52 - [MESSAGE][PASSED] - Text '1980282' is set on object 'Object Repository/Input/roomID'&#xD;
&#xD;
2020-06-23 11:13:52 - [TEST_STEP][PASSED] - platform.Method.clickOnElement(findTestObject("Button/submitSession")): platform.Method.clickOnElement is PASSED&#xD;
&#xD;
2020-06-23 11:13:55 - [MESSAGE][PASSED] - platform.Method.clickOnElement is PASSED&#xD;
&#xD;
2020-06-23 11:13:55 - [TEST_STEP][PASSED] - waitForElementPresent(findTestObject("Generic/webObjectWithText", ["textValue":roomID]), 10): Object 'Object Repository/Generic/webObjectWithText' is present&#xD;
&#xD;
2020-06-23 11:13:56 - [MESSAGE][PASSED] - Object 'Object Repository/Generic/webObjectWithText' is present&#xD;
&#xD;
2020-06-23 11:13:56 - [TEST_STEP][PASSED] - platform.Method.clickOnElement(findTestObject("Generic/webObjectWithText", ["textValue":roomID])): platform.Method.clickOnElement is PASSED&#xD;
&#xD;
2020-06-23 11:13:58 - [MESSAGE][PASSED] - platform.Method.clickOnElement is PASSED&#xD;
&#xD;
2020-06-23 11:13:58 - [TEST_STEP][PASSED] - mouseOver(findTestObject("Generic/webObjectWithText", ["textValue":"Downvoted with comment"])): Object: 'Object Repository/Generic/webObjectWithText' is hovered&#xD;
&#xD;
2020-06-23 11:14:02 - [MESSAGE][PASSED] - Object: 'Object Repository/Generic/webObjectWithText' is hovered&#xD;
&#xD;
2020-06-23 11:14:02 - [TEST_STEP][PASSED] - platform.Method.clickOnElement(findTestObject("Generic/webObjectWithText", ["textValue":"Downvoted with comment"])): platform.Method.clickOnElement is PASSED&#xD;
&#xD;
2020-06-23 11:14:05 - [MESSAGE][PASSED] - platform.Method.clickOnElement is PASSED</system-out>
            <system-err></system-err>
        </testcase>
        <testcase name="Test Cases/Faqbot/addToCurationFromSessions_Test" classname="Test Cases/Faqbot/addToCurationFromSessions_Test" status="FAILED">
            <failure type="FAILED" message="Test Cases/Faqbot/addToCurationFromSessions_Test FAILED.&#xA;Reason:&#xA;com.kms.katalon.core.exception.StepFailedException: Unable to send keys '1980283' to object 'Object Repository/Input/roomID'&#xD;&#xA;&#x9;at com.kms.katalon.core.webui.keyword.internal.WebUIKeywordMain.stepFailed(WebUIKeywordMain.groovy:64)&#xD;&#xA;&#x9;at com.kms.katalon.core.webui.keyword.internal.WebUIKeywordMain.runKeyword(WebUIKeywordMain.groovy:26)&#xD;&#xA;&#x9;at com.kms.katalon.core.webui.keyword.builtin.SendKeysKeyword.sendKeys(SendKeysKeyword.groovy:60)&#xD;&#xA;&#x9;at com.kms.katalon.core.webui.keyword.builtin.SendKeysKeyword.execute(SendKeysKeyword.groovy:38)&#xD;&#xA;&#x9;at com.kms.katalon.core.keyword.internal.KeywordExecutor.executeKeywordForPlatform(KeywordExecutor.groovy:56)&#xD;&#xA;&#x9;at com.kms.katalon.core.webui.keyword.WebUiBuiltInKeywords.sendKeys(WebUiBuiltInKeywords.groovy:834)&#xD;&#xA;&#x9;at com.kms.katalon.core.webui.keyword.WebUiBuiltInKeywords$sendKeys$2.call(Unknown Source)&#xD;&#xA;&#x9;at addToCurationFromSessions_Test.run(addToCurationFromSessions_Test:49)&#xD;&#xA;&#x9;at com.kms.katalon.core.main.ScriptEngine.run(ScriptEngine.java:194)&#xD;&#xA;&#x9;at com.kms.katalon.core.main.ScriptEngine.runScriptAsRawText(ScriptEngine.java:119)&#xD;&#xA;&#x9;at com.kms.katalon.core.main.TestCaseExecutor.runScript(TestCaseExecutor.java:337)&#xD;&#xA;&#x9;at com.kms.katalon.core.main.TestCaseExecutor.doExecute(TestCaseExecutor.java:328)&#xD;&#xA;&#x9;at com.kms.katalon.core.main.TestCaseExecutor.processExecutionPhase(TestCaseExecutor.java:307)&#xD;&#xA;&#x9;at com.kms.katalon.core.main.TestCaseExecutor.accessMainPhase(TestCaseExecutor.java:299)&#xD;&#xA;&#x9;at com.kms.katalon.core.main.TestCaseExecutor.execute(TestCaseExecutor.java:233)&#xD;&#xA;&#x9;at com.kms.katalon.core.main.TestSuiteExecutor.accessTestCaseMainPhase(TestSuiteExecutor.java:169)&#xD;&#xA;&#x9;at com.kms.katalon.core.main.TestSuiteExecutor.accessTestSuiteMainPhase(TestSuiteExecutor.java:142)&#xD;&#xA;&#x9;at com.kms.katalon.core.main.TestSuiteExecutor.execute(TestSuiteExecutor.java:91)&#xD;&#xA;&#x9;at com.kms.katalon.core.main.TestCaseMain.startTestSuite(TestCaseMain.java:157)&#xD;&#xA;&#x9;at com.kms.katalon.core.main.TestCaseMain$startTestSuite$0.call(Unknown Source)&#xD;&#xA;&#x9;at TempTestSuite1592890301834.run(TempTestSuite1592890301834.groovy:35)&#xD;&#xA;Caused by: com.kms.katalon.core.webui.exception.WebElementNotFoundException: Web element with id: 'Object Repository/Input/roomID' located by 'By.xpath: //*[@formcontrolname='room_id']' not found&#xD;&#xA;&#x9;at com.kms.katalon.core.webui.common.WebUiCommonHelper.findWebElement(WebUiCommonHelper.java:1097)&#xD;&#xA;&#x9;at com.kms.katalon.core.webui.keyword.internal.WebUIAbstractKeyword.findWebElement(WebUIAbstractKeyword.groovy:27)&#xD;&#xA;&#x9;at com.kms.katalon.core.webui.keyword.internal.WebUIAbstractKeyword.findWebElement(WebUIAbstractKeyword.groovy:26)&#xD;&#xA;&#x9;at com.kms.katalon.core.webui.keyword.builtin.SendKeysKeyword$_sendKeys_closure1.doCall(SendKeysKeyword.groovy:52)&#xD;&#xA;&#x9;at com.kms.katalon.core.webui.keyword.builtin.SendKeysKeyword$_sendKeys_closure1.call(SendKeysKeyword.groovy)&#xD;&#xA;&#x9;at com.kms.katalon.core.webui.keyword.internal.WebUIKeywordMain.runKeyword(WebUIKeywordMain.groovy:20)&#xD;&#xA;&#x9;... 19 more&#xD;&#xA;"/>
            <system-out>2020-06-23 11:14:05 - [TEST_CASE][FAILED] - Test Cases/Faqbot/addToCurationFromSessions_Test: Test Cases/Faqbot/addToCurationFromSessions_Test FAILED.
Reason:
com.kms.katalon.core.exception.StepFailedException: Unable to send keys '1980283' to object 'Object Repository/Input/roomID'&#xD;
	at com.kms.katalon.core.webui.keyword.internal.WebUIKeywordMain.stepFailed(WebUIKeywordMain.groovy:64)&#xD;
	at com.kms.katalon.core.webui.keyword.internal.WebUIKeywordMain.runKeyword(WebUIKeywordMain.groovy:26)&#xD;
	at com.kms.katalon.core.webui.keyword.builtin.SendKeysKeyword.sendKeys(SendKeysKeyword.groovy:60)&#xD;
	at com.kms.katalon.core.webui.keyword.builtin.SendKeysKeyword.execute(SendKeysKeyword.groovy:38)&#xD;
	at com.kms.katalon.core.keyword.internal.KeywordExecutor.executeKeywordForPlatform(KeywordExecutor.groovy:56)&#xD;
	at com.kms.katalon.core.webui.keyword.WebUiBuiltInKeywords.sendKeys(WebUiBuiltInKeywords.groovy:834)&#xD;
	at com.kms.katalon.core.webui.keyword.WebUiBuiltInKeywords$sendKeys$2.call(Unknown Source)&#xD;
	at addToCurationFromSessions_Test.run(addToCurationFromSessions_Test:49)&#xD;
	at com.kms.katalon.core.main.ScriptEngine.run(ScriptEngine.java:194)&#xD;
	at com.kms.katalon.core.main.ScriptEngine.runScriptAsRawText(ScriptEngine.java:119)&#xD;
	at com.kms.katalon.core.main.TestCaseExecutor.runScript(TestCaseExecutor.java:337)&#xD;
	at com.kms.katalon.core.main.TestCaseExecutor.doExecute(TestCaseExecutor.java:328)&#xD;
	at com.kms.katalon.core.main.TestCaseExecutor.processExecutionPhase(TestCaseExecutor.java:307)&#xD;
	at com.kms.katalon.core.main.TestCaseExecutor.accessMainPhase(TestCaseExecutor.java:299)&#xD;
	at com.kms.katalon.core.main.TestCaseExecutor.execute(TestCaseExecutor.java:233)&#xD;
	at com.kms.katalon.core.main.TestSuiteExecutor.accessTestCaseMainPhase(TestSuiteExecutor.java:169)&#xD;
	at com.kms.katalon.core.main.TestSuiteExecutor.accessTestSuiteMainPhase(TestSuiteExecutor.java:142)&#xD;
	at com.kms.katalon.core.main.TestSuiteExecutor.execute(TestSuiteExecutor.java:91)&#xD;
	at com.kms.katalon.core.main.TestCaseMain.startTestSuite(TestCaseMain.java:157)&#xD;
	at com.kms.katalon.core.main.TestCaseMain$startTestSuite$0.call(Unknown Source)&#xD;
	at TempTestSuite1592890301834.run(TempTestSuite1592890301834.groovy:35)&#xD;
Caused by: com.kms.katalon.core.webui.exception.WebElementNotFoundException: Web element with id: 'Object Repository/Input/roomID' located by 'By.xpath: //*[@formcontrolname='room_id']' not found&#xD;
	at com.kms.katalon.core.webui.common.WebUiCommonHelper.findWebElement(WebUiCommonHelper.java:1097)&#xD;
	at com.kms.katalon.core.webui.keyword.internal.WebUIAbstractKeyword.findWebElement(WebUIAbstractKeyword.groovy:27)&#xD;
	at com.kms.katalon.core.webui.keyword.internal.WebUIAbstractKeyword.findWebElement(WebUIAbstractKeyword.groovy:26)&#xD;
	at com.kms.katalon.core.webui.keyword.builtin.SendKeysKeyword$_sendKeys_closure1.doCall(SendKeysKeyword.groovy:52)&#xD;
	at com.kms.katalon.core.webui.keyword.builtin.SendKeysKeyword$_sendKeys_closure1.call(SendKeysKeyword.groovy)&#xD;
	at com.kms.katalon.core.webui.keyword.internal.WebUIKeywordMain.runKeyword(WebUIKeywordMain.groovy:20)&#xD;
	... 19 more&#xD;
&#xD;
&#xD;
2020-06-23 11:14:05 - [TEST_STEP][PASSED] - Start listener action : setUp: Current window maximized&#xD;
&#xD;
2020-06-23 11:14:05 - [TEST_STEP][PASSED] - openBrowser(URL): Browser is opened with url: 'preprod.imibot.ai'&#xD;
&#xD;
2020-06-23 11:14:05 - [MESSAGE][WARNING] - A browser is already opened. Closing browser and opening a new one&#xD;
&#xD;
2020-06-23 11:14:07 - [MESSAGE][INFO] - Starting 'Chrome' driver&#xD;
&#xD;
2020-06-23 11:14:07 - [MESSAGE][INFO] - User set preference: ['args', '[--start-maximized]']&#xD;
&#xD;
2020-06-23 11:14:19 - [MESSAGE][PASSED] - Browser is opened with url: 'preprod.imibot.ai'&#xD;
&#xD;
2020-06-23 11:14:19 - [TEST_STEP][PASSED] - maximizeWindow(): Current window maximized&#xD;
&#xD;
2020-06-23 11:14:21 - [MESSAGE][PASSED] - Current window maximized&#xD;
&#xD;
2020-06-23 11:14:21 - [TEST_STEP][PASSED] - callTestCase(findTestCase("Generic/successfulLogin_Test"), [:], STOP_ON_FAILURE): Call Test Case 'Test Cases/Generic/successfulLogin_Test' successfully&#xD;
&#xD;
2020-06-23 11:14:21 - [TEST_CASE][PASSED] - Test Cases/Generic/successfulLogin_Test: Test Cases/Generic/successfulLogin_Test&#xD;
&#xD;
2020-06-23 11:14:21 - [TEST_STEP][PASSED] - sendKeys(findTestObject("Input/username"), USERNAME): Keys 'narendra.n@imimobile.com' sent to object: 'Object Repository/Input/username'&#xD;
&#xD;
2020-06-23 11:14:24 - [MESSAGE][PASSED] - Keys 'narendra.n@imimobile.com' sent to object: 'Object Repository/Input/username'&#xD;
&#xD;
2020-06-23 11:14:24 - [TEST_STEP][PASSED] - sendKeys(findTestObject("Input/password"), PASSWORD): Keys 'Test@2020' sent to object: 'Object Repository/Input/password'&#xD;
&#xD;
2020-06-23 11:14:27 - [MESSAGE][PASSED] - Keys 'Test@2020' sent to object: 'Object Repository/Input/password'&#xD;
&#xD;
2020-06-23 11:14:27 - [TEST_STEP][PASSED] - click(findTestObject("Button/signIn")): Object: 'Object Repository/Button/signIn' is clicked on&#xD;
&#xD;
2020-06-23 11:14:29 - [MESSAGE][PASSED] - Object: 'Object Repository/Button/signIn' is clicked on&#xD;
&#xD;
2020-06-23 11:14:29 - [TEST_STEP][PASSED] - if (!(waitForElementPresent(findTestObject("Button/createBot"), 30, OPTIONAL))): Object 'Object Repository/Button/createBot' is present&#xD;
&#xD;
2020-06-23 11:14:45 - [MESSAGE][PASSED] - Object 'Object Repository/Button/createBot' is present&#xD;
&#xD;
2020-06-23 11:14:45 - [MESSAGE][PASSED] - Call Test Case 'Test Cases/Generic/successfulLogin_Test' successfully&#xD;
&#xD;
2020-06-23 11:14:45 - [TEST_STEP][PASSED] - platform.Method.navigateToBot("Q&amp;A bots", FAQ_BOT): platform.Method.navigateToBot is PASSED&#xD;
&#xD;
2020-06-23 11:14:46 - [MESSAGE][PASSED] - Object 'Object Repository/Button/createBot' is present&#xD;
&#xD;
2020-06-23 11:14:49 - [MESSAGE][INFO] - Performing click action on bot&#xD;
&#xD;
2020-06-23 11:14:51 - [MESSAGE][PASSED] - platform.Method.navigateToBot is PASSED&#xD;
&#xD;
2020-06-23 11:14:51 - [TEST_STEP][PASSED] - platform.Method.clickOnElement(findTestObject("Generic/articles")): platform.Method.clickOnElement is PASSED&#xD;
&#xD;
2020-06-23 11:14:55 - [MESSAGE][PASSED] - platform.Method.clickOnElement is PASSED&#xD;
&#xD;
2020-06-23 11:14:55 - [TEST_STEP][PASSED] - platform.Method.trainAndComment(comment): platform.Method.trainAndComment is PASSED&#xD;
&#xD;
2020-06-23 11:15:01 - [MESSAGE][INFO] - Unable to find the element located by 'By.xpath: //button[contains(text(),'Train')]'. Please recheck the objects properties to make sure the desired element is located. &#xD;
&#xD;
2020-06-23 11:15:01 - [MESSAGE][INFO] - BOT STATE IS TRAINED&#xD;
&#xD;
2020-06-23 11:15:01 - [MESSAGE][PASSED] - platform.Method.trainAndComment is PASSED&#xD;
&#xD;
2020-06-23 11:15:01 - [TEST_STEP][PASSED] - platform.Method.clickOnElement(findTestObject("Generic/session")): platform.Method.clickOnElement is PASSED&#xD;
&#xD;
2020-06-23 11:15:04 - [MESSAGE][PASSED] - platform.Method.clickOnElement is PASSED&#xD;
&#xD;
2020-06-23 11:15:04 - [TEST_STEP][PASSED] - platform.Method.clickOnElement(findTestObject("Button/preview")): platform.Method.clickOnElement is PASSED&#xD;
&#xD;
2020-06-23 11:15:06 - [MESSAGE][PASSED] - platform.Method.clickOnElement is PASSED&#xD;
&#xD;
2020-06-23 11:15:06 - [TEST_STEP][PASSED] - sendKeys(findTestObject("Input/chatInput"), Keys.chord(userQuery, ENTER)): Keys 'ENTER + How balance transfer works in credit card?' sent to object: 'Object Repository/Input/chatInput'&#xD;
&#xD;
2020-06-23 11:15:10 - [MESSAGE][PASSED] - Keys 'ENTER + How balance transfer works in credit card?' sent to object: 'Object Repository/Input/chatInput'&#xD;
&#xD;
2020-06-23 11:15:10 - [TEST_STEP][PASSED] - getRoomIdAt = new java.util.ArrayList(): null&#xD;
&#xD;
2020-06-23 11:15:10 - [TEST_STEP][PASSED] - getRoomIdAt = platform.Utility.getRoomID(): platform.Utility.getRoomID is PASSED&#xD;
&#xD;
2020-06-23 11:15:14 - [MESSAGE][PASSED] - platform.Utility.getRoomID is PASSED&#xD;
&#xD;
2020-06-23 11:15:14 - [TEST_STEP][PASSED] - platform.Method.clickOnElement(findTestObject("GenericII/minimize")): platform.Method.clickOnElement is PASSED&#xD;
&#xD;
2020-06-23 11:15:16 - [MESSAGE][PASSED] - platform.Method.clickOnElement is PASSED&#xD;
&#xD;
2020-06-23 11:15:17 - [TEST_STEP][PASSED] - roomID = get(0).toString(): null&#xD;
&#xD;
2020-06-23 11:15:17 - [TEST_STEP][PASSED] - platform.Utility.overWriteTestData(sheetName, rowNumber, cellNumber, roomID): platform.Utility.overWriteTestData is PASSED&#xD;
&#xD;
2020-06-23 11:15:17 - [MESSAGE][PASSED] - platform.Utility.overWriteTestData is PASSED&#xD;
&#xD;
2020-06-23 11:15:17 - [TEST_STEP][PASSED] - setText(findTestObject("Input/roomID", ["value":"id"]), roomID): Text '1980283' is set on object 'Object Repository/Input/roomID'&#xD;
&#xD;
2020-06-23 11:15:21 - [MESSAGE][PASSED] - Text '1980283' is set on object 'Object Repository/Input/roomID'&#xD;
&#xD;
2020-06-23 11:15:21 - [TEST_STEP][PASSED] - platform.Method.clickOnElement(findTestObject("Button/submitSession")): platform.Method.clickOnElement is PASSED&#xD;
&#xD;
2020-06-23 11:15:23 - [MESSAGE][PASSED] - platform.Method.clickOnElement is PASSED&#xD;
&#xD;
2020-06-23 11:15:23 - [TEST_STEP][PASSED] - platform.Method.clickOnElement(findTestObject("Generic/webObjectWithText", ["textValue":roomID])): platform.Method.clickOnElement is PASSED&#xD;
&#xD;
2020-06-23 11:15:25 - [MESSAGE][PASSED] - platform.Method.clickOnElement is PASSED&#xD;
&#xD;
2020-06-23 11:15:25 - [TEST_STEP][PASSED] - platform.Method.clickOnElement(findTestObject("NewRepo/addToCurationFlag", ["index":1])): platform.Method.clickOnElement is PASSED&#xD;
&#xD;
2020-06-23 11:15:30 - [MESSAGE][PASSED] - platform.Method.clickOnElement is PASSED&#xD;
&#xD;
2020-06-23 11:15:30 - [TEST_STEP][PASSED] - verifyElementPresent(findTestObject("NewRepo/messageInCuration"), 10, STOP_ON_FAILURE): Object 'Object Repository/NewRepo/messageInCuration' is present&#xD;
&#xD;
2020-06-23 11:15:31 - [MESSAGE][PASSED] - Object 'Object Repository/NewRepo/messageInCuration' is present&#xD;
&#xD;
2020-06-23 11:15:31 - [TEST_STEP][PASSED] - platform.Method.toClickOnWebElement(findTestObject("GenericII/closePopup")): platform.Method.toClickOnWebElement is PASSED&#xD;
&#xD;
2020-06-23 11:15:33 - [MESSAGE][PASSED] - Object: 'Object Repository/GenericII/closePopup' is clicked on&#xD;
&#xD;
2020-06-23 11:15:33 - [MESSAGE][PASSED] - platform.Method.toClickOnWebElement is PASSED&#xD;
&#xD;
2020-06-23 11:15:33 - [TEST_STEP][PASSED] - platform.Method.clickOnElement(findTestObject("Generic/curation")): platform.Method.clickOnElement is PASSED&#xD;
&#xD;
2020-06-23 11:15:36 - [MESSAGE][PASSED] - platform.Method.clickOnElement is PASSED&#xD;
&#xD;
2020-06-23 11:15:36 - [TEST_STEP][PASSED] - platform.Method.clickOnElement(findTestObject("Generic/webObjectWithText", ["textValue":" From sessions "])): platform.Method.clickOnElement is PASSED&#xD;
&#xD;
2020-06-23 11:15:38 - [MESSAGE][PASSED] - platform.Method.clickOnElement is PASSED&#xD;
&#xD;
2020-06-23 11:15:38 - [TEST_STEP][FAILED] - sendKeys(findTestObject("Input/roomID", ["value":"room_id"]), roomID): Unable to send keys '1980283' to object 'Object Repository/Input/roomID' (Root cause: com.kms.katalon.core.exception.StepFailedException: Unable to send keys '1980283' to object 'Object Repository/Input/roomID'&#xD;
	at com.kms.katalon.core.webui.keyword.internal.WebUIKeywordMain.stepFailed(WebUIKeywordMain.groovy:64)&#xD;
	at com.kms.katalon.core.webui.keyword.internal.WebUIKeywordMain.runKeyword(WebUIKeywordMain.groovy:26)&#xD;
	at com.kms.katalon.core.webui.keyword.builtin.SendKeysKeyword.sendKeys(SendKeysKeyword.groovy:60)&#xD;
	at com.kms.katalon.core.webui.keyword.builtin.SendKeysKeyword.execute(SendKeysKeyword.groovy:38)&#xD;
	at com.kms.katalon.core.keyword.internal.KeywordExecutor.executeKeywordForPlatform(KeywordExecutor.groovy:56)&#xD;
	at com.kms.katalon.core.webui.keyword.WebUiBuiltInKeywords.sendKeys(WebUiBuiltInKeywords.groovy:834)&#xD;
	at com.kms.katalon.core.webui.keyword.WebUiBuiltInKeywords$sendKeys$2.call(Unknown Source)&#xD;
	at addToCurationFromSessions_Test.run(addToCurationFromSessions_Test:49)&#xD;
	at com.kms.katalon.core.main.ScriptEngine.run(ScriptEngine.java:194)&#xD;
	at com.kms.katalon.core.main.ScriptEngine.runScriptAsRawText(ScriptEngine.java:119)&#xD;
	at com.kms.katalon.core.main.TestCaseExecutor.runScript(TestCaseExecutor.java:337)&#xD;
	at com.kms.katalon.core.main.TestCaseExecutor.doExecute(TestCaseExecutor.java:328)&#xD;
	at com.kms.katalon.core.main.TestCaseExecutor.processExecutionPhase(TestCaseExecutor.java:307)&#xD;
	at com.kms.katalon.core.main.TestCaseExecutor.accessMainPhase(TestCaseExecutor.java:299)&#xD;
	at com.kms.katalon.core.main.TestCaseExecutor.execute(TestCaseExecutor.java:233)&#xD;
	at com.kms.katalon.core.main.TestSuiteExecutor.accessTestCaseMainPhase(TestSuiteExecutor.java:169)&#xD;
	at com.kms.katalon.core.main.TestSuiteExecutor.accessTestSuiteMainPhase(TestSuiteExecutor.java:142)&#xD;
	at com.kms.katalon.core.main.TestSuiteExecutor.execute(TestSuiteExecutor.java:91)&#xD;
	at com.kms.katalon.core.main.TestCaseMain.startTestSuite(TestCaseMain.java:157)&#xD;
	at com.kms.katalon.core.main.TestCaseMain$startTestSuite$0.call(Unknown Source)&#xD;
	at TempTestSuite1592890301834.run(TempTestSuite1592890301834.groovy:35)&#xD;
Caused by: com.kms.katalon.core.webui.exception.WebElementNotFoundException: Web element with id: 'Object Repository/Input/roomID' located by 'By.xpath: //*[@formcontrolname='room_id']' not found&#xD;
	at com.kms.katalon.core.webui.common.WebUiCommonHelper.findWebElement(WebUiCommonHelper.java:1097)&#xD;
	at com.kms.katalon.core.webui.keyword.internal.WebUIAbstractKeyword.findWebElement(WebUIAbstractKeyword.groovy:27)&#xD;
	at com.kms.katalon.core.webui.keyword.internal.WebUIAbstractKeyword.findWebElement(WebUIAbstractKeyword.groovy:26)&#xD;
	at com.kms.katalon.core.webui.keyword.builtin.SendKeysKeyword$_sendKeys_closure1.doCall(SendKeysKeyword.groovy:52)&#xD;
	at com.kms.katalon.core.webui.keyword.builtin.SendKeysKeyword$_sendKeys_closure1.call(SendKeysKeyword.groovy)&#xD;
	at com.kms.katalon.core.webui.keyword.internal.WebUIKeywordMain.runKeyword(WebUIKeywordMain.groovy:20)&#xD;
	at com.kms.katalon.core.webui.keyword.builtin.SendKeysKeyword.sendKeys(SendKeysKeyword.groovy:60)&#xD;
	at com.kms.katalon.core.webui.keyword.builtin.SendKeysKeyword.execute(SendKeysKeyword.groovy:38)&#xD;
	at com.kms.katalon.core.keyword.internal.KeywordExecutor.executeKeywordForPlatform(KeywordExecutor.groovy:56)&#xD;
	at com.kms.katalon.core.webui.keyword.WebUiBuiltInKeywords.sendKeys(WebUiBuiltInKeywords.groovy:834)&#xD;
	at com.kms.katalon.core.webui.keyword.WebUiBuiltInKeywords$sendKeys$2.call(Unknown Source)&#xD;
	at Script1591252606190.run(Script1591252606190.groovy:49)&#xD;
	... 13 more&#xD;
)&#xD;
&#xD;
2020-06-23 11:15:49 - [MESSAGE][INFO] - Unable to find the element located by 'By.xpath: //*[@formcontrolname='room_id']'. Please recheck the objects properties to make sure the desired element is located. &#xD;
&#xD;
2020-06-23 11:15:51 - [MESSAGE][FAILED] - Unable to send keys '1980283' to object 'Object Repository/Input/roomID' (Root cause: com.kms.katalon.core.exception.StepFailedException: Unable to send keys '1980283' to object 'Object Repository/Input/roomID'&#xD;
	at com.kms.katalon.core.webui.keyword.internal.WebUIKeywordMain.stepFailed(WebUIKeywordMain.groovy:64)&#xD;
	at com.kms.katalon.core.webui.keyword.internal.WebUIKeywordMain.runKeyword(WebUIKeywordMain.groovy:26)&#xD;
	at com.kms.katalon.core.webui.keyword.builtin.SendKeysKeyword.sendKeys(SendKeysKeyword.groovy:60)&#xD;
	at com.kms.katalon.core.webui.keyword.builtin.SendKeysKeyword.execute(SendKeysKeyword.groovy:38)&#xD;
	at com.kms.katalon.core.keyword.internal.KeywordExecutor.executeKeywordForPlatform(KeywordExecutor.groovy:56)&#xD;
	at com.kms.katalon.core.webui.keyword.WebUiBuiltInKeywords.sendKeys(WebUiBuiltInKeywords.groovy:834)&#xD;
	at com.kms.katalon.core.webui.keyword.WebUiBuiltInKeywords$sendKeys$2.call(Unknown Source)&#xD;
	at addToCurationFromSessions_Test.run(addToCurationFromSessions_Test:49)&#xD;
	at com.kms.katalon.core.main.ScriptEngine.run(ScriptEngine.java:194)&#xD;
	at com.kms.katalon.core.main.ScriptEngine.runScriptAsRawText(ScriptEngine.java:119)&#xD;
	at com.kms.katalon.core.main.TestCaseExecutor.runScript(TestCaseExecutor.java:337)&#xD;
	at com.kms.katalon.core.main.TestCaseExecutor.doExecute(TestCaseExecutor.java:328)&#xD;
	at com.kms.katalon.core.main.TestCaseExecutor.processExecutionPhase(TestCaseExecutor.java:307)&#xD;
	at com.kms.katalon.core.main.TestCaseExecutor.accessMainPhase(TestCaseExecutor.java:299)&#xD;
	at com.kms.katalon.core.main.TestCaseExecutor.execute(TestCaseExecutor.java:233)&#xD;
	at com.kms.katalon.core.main.TestSuiteExecutor.accessTestCaseMainPhase(TestSuiteExecutor.java:169)&#xD;
	at com.kms.katalon.core.main.TestSuiteExecutor.accessTestSuiteMainPhase(TestSuiteExecutor.java:142)&#xD;
	at com.kms.katalon.core.main.TestSuiteExecutor.execute(TestSuiteExecutor.java:91)&#xD;
	at com.kms.katalon.core.main.TestCaseMain.startTestSuite(TestCaseMain.java:157)&#xD;
	at com.kms.katalon.core.main.TestCaseMain$startTestSuite$0.call(Unknown Source)&#xD;
	at TempTestSuite1592890301834.run(TempTestSuite1592890301834.groovy:35)&#xD;
Caused by: com.kms.katalon.core.webui.exception.WebElementNotFoundException: Web element with id: 'Object Repository/Input/roomID' located by 'By.xpath: //*[@formcontrolname='room_id']' not found&#xD;
	at com.kms.katalon.core.webui.common.WebUiCommonHelper.findWebElement(WebUiCommonHelper.java:1097)&#xD;
	at com.kms.katalon.core.webui.keyword.internal.WebUIAbstractKeyword.findWebElement(WebUIAbstractKeyword.groovy:27)&#xD;
	at com.kms.katalon.core.webui.keyword.internal.WebUIAbstractKeyword.findWebElement(WebUIAbstractKeyword.groovy:26)&#xD;
	at com.kms.katalon.core.webui.keyword.builtin.SendKeysKeyword$_sendKeys_closure1.doCall(SendKeysKeyword.groovy:52)&#xD;
	at com.kms.katalon.core.webui.keyword.builtin.SendKeysKeyword$_sendKeys_closure1.call(SendKeysKeyword.groovy)&#xD;
	at com.kms.katalon.core.webui.keyword.internal.WebUIKeywordMain.runKeyword(WebUIKeywordMain.groovy:20)&#xD;
	at com.kms.katalon.core.webui.keyword.builtin.SendKeysKeyword.sendKeys(SendKeysKeyword.groovy:60)&#xD;
	at com.kms.katalon.core.webui.keyword.builtin.SendKeysKeyword.execute(SendKeysKeyword.groovy:38)&#xD;
	at com.kms.katalon.core.keyword.internal.KeywordExecutor.executeKeywordForPlatform(KeywordExecutor.groovy:56)&#xD;
	at com.kms.katalon.core.webui.keyword.WebUiBuiltInKeywords.sendKeys(WebUiBuiltInKeywords.groovy:834)&#xD;
	at com.kms.katalon.core.webui.keyword.WebUiBuiltInKeywords$sendKeys$2.call(Unknown Source)&#xD;
	at Script1591252606190.run(Script1591252606190.groovy:49)&#xD;
	... 13 more&#xD;
)&#xD;
[[ATTACHMENT|D:\\IMIbot.ai-Project\\Reports\\20200623_110141\\Regression\\20200623_110141\\1592891149540.png]]</system-out>
            <system-err>2020-06-23 11:14:05 - [TEST_CASE][FAILED] - Test Cases/Faqbot/addToCurationFromSessions_Test: Test Cases/Faqbot/addToCurationFromSessions_Test FAILED.
Reason:
com.kms.katalon.core.exception.StepFailedException: Unable to send keys '1980283' to object 'Object Repository/Input/roomID'&#xD;
	at com.kms.katalon.core.webui.keyword.internal.WebUIKeywordMain.stepFailed(WebUIKeywordMain.groovy:64)&#xD;
	at com.kms.katalon.core.webui.keyword.internal.WebUIKeywordMain.runKeyword(WebUIKeywordMain.groovy:26)&#xD;
	at com.kms.katalon.core.webui.keyword.builtin.SendKeysKeyword.sendKeys(SendKeysKeyword.groovy:60)&#xD;
	at com.kms.katalon.core.webui.keyword.builtin.SendKeysKeyword.execute(SendKeysKeyword.groovy:38)&#xD;
	at com.kms.katalon.core.keyword.internal.KeywordExecutor.executeKeywordForPlatform(KeywordExecutor.groovy:56)&#xD;
	at com.kms.katalon.core.webui.keyword.WebUiBuiltInKeywords.sendKeys(WebUiBuiltInKeywords.groovy:834)&#xD;
	at com.kms.katalon.core.webui.keyword.WebUiBuiltInKeywords$sendKeys$2.call(Unknown Source)&#xD;
	at addToCurationFromSessions_Test.run(addToCurationFromSessions_Test:49)&#xD;
	at com.kms.katalon.core.main.ScriptEngine.run(ScriptEngine.java:194)&#xD;
	at com.kms.katalon.core.main.ScriptEngine.runScriptAsRawText(ScriptEngine.java:119)&#xD;
	at com.kms.katalon.core.main.TestCaseExecutor.runScript(TestCaseExecutor.java:337)&#xD;
	at com.kms.katalon.core.main.TestCaseExecutor.doExecute(TestCaseExecutor.java:328)&#xD;
	at com.kms.katalon.core.main.TestCaseExecutor.processExecutionPhase(TestCaseExecutor.java:307)&#xD;
	at com.kms.katalon.core.main.TestCaseExecutor.accessMainPhase(TestCaseExecutor.java:299)&#xD;
	at com.kms.katalon.core.main.TestCaseExecutor.execute(TestCaseExecutor.java:233)&#xD;
	at com.kms.katalon.core.main.TestSuiteExecutor.accessTestCaseMainPhase(TestSuiteExecutor.java:169)&#xD;
	at com.kms.katalon.core.main.TestSuiteExecutor.accessTestSuiteMainPhase(TestSuiteExecutor.java:142)&#xD;
	at com.kms.katalon.core.main.TestSuiteExecutor.execute(TestSuiteExecutor.java:91)&#xD;
	at com.kms.katalon.core.main.TestCaseMain.startTestSuite(TestCaseMain.java:157)&#xD;
	at com.kms.katalon.core.main.TestCaseMain$startTestSuite$0.call(Unknown Source)&#xD;
	at TempTestSuite1592890301834.run(TempTestSuite1592890301834.groovy:35)&#xD;
Caused by: com.kms.katalon.core.webui.exception.WebElementNotFoundException: Web element with id: 'Object Repository/Input/roomID' located by 'By.xpath: //*[@formcontrolname='room_id']' not found&#xD;
	at com.kms.katalon.core.webui.common.WebUiCommonHelper.findWebElement(WebUiCommonHelper.java:1097)&#xD;
	at com.kms.katalon.core.webui.keyword.internal.WebUIAbstractKeyword.findWebElement(WebUIAbstractKeyword.groovy:27)&#xD;
	at com.kms.katalon.core.webui.keyword.internal.WebUIAbstractKeyword.findWebElement(WebUIAbstractKeyword.groovy:26)&#xD;
	at com.kms.katalon.core.webui.keyword.builtin.SendKeysKeyword$_sendKeys_closure1.doCall(SendKeysKeyword.groovy:52)&#xD;
	at com.kms.katalon.core.webui.keyword.builtin.SendKeysKeyword$_sendKeys_closure1.call(SendKeysKeyword.groovy)&#xD;
	at com.kms.katalon.core.webui.keyword.internal.WebUIKeywordMain.runKeyword(WebUIKeywordMain.groovy:20)&#xD;
	... 19 more</system-err>
        </testcase>
        <testcase name="Test Cases/Faqbot/createArticleWithRichResponseInCategory_Test" classname="Test Cases/Faqbot/createArticleWithRichResponseInCategory_Test" status="PASSED">
            <system-out>2020-06-23 11:15:51 - [TEST_CASE][PASSED] - Test Cases/Faqbot/createArticleWithRichResponseInCategory_Test: Test Cases/Faqbot/createArticleWithRichResponseInCategory_Test&#xD;
&#xD;
2020-06-23 11:15:52 - [TEST_STEP][PASSED] - Start listener action : setUp: Current window maximized&#xD;
&#xD;
2020-06-23 11:15:52 - [TEST_STEP][PASSED] - openBrowser(URL): Browser is opened with url: 'preprod.imibot.ai'&#xD;
&#xD;
2020-06-23 11:15:52 - [MESSAGE][WARNING] - A browser is already opened. Closing browser and opening a new one&#xD;
&#xD;
2020-06-23 11:15:54 - [MESSAGE][INFO] - Starting 'Chrome' driver&#xD;
&#xD;
2020-06-23 11:15:54 - [MESSAGE][INFO] - User set preference: ['args', '[--start-maximized]']&#xD;
&#xD;
2020-06-23 11:16:05 - [MESSAGE][PASSED] - Browser is opened with url: 'preprod.imibot.ai'&#xD;
&#xD;
2020-06-23 11:16:05 - [TEST_STEP][PASSED] - maximizeWindow(): Current window maximized&#xD;
&#xD;
2020-06-23 11:16:07 - [MESSAGE][PASSED] - Current window maximized&#xD;
&#xD;
2020-06-23 11:16:07 - [TEST_STEP][PASSED] - callTestCase(findTestCase("Generic/successfulLogin_Test"), [:], STOP_ON_FAILURE): Call Test Case 'Test Cases/Generic/successfulLogin_Test' successfully&#xD;
&#xD;
2020-06-23 11:16:07 - [TEST_CASE][PASSED] - Test Cases/Generic/successfulLogin_Test: Test Cases/Generic/successfulLogin_Test&#xD;
&#xD;
2020-06-23 11:16:07 - [TEST_STEP][PASSED] - sendKeys(findTestObject("Input/username"), USERNAME): Keys 'narendra.n@imimobile.com' sent to object: 'Object Repository/Input/username'&#xD;
&#xD;
2020-06-23 11:16:11 - [MESSAGE][PASSED] - Keys 'narendra.n@imimobile.com' sent to object: 'Object Repository/Input/username'&#xD;
&#xD;
2020-06-23 11:16:11 - [TEST_STEP][PASSED] - sendKeys(findTestObject("Input/password"), PASSWORD): Keys 'Test@2020' sent to object: 'Object Repository/Input/password'&#xD;
&#xD;
2020-06-23 11:16:14 - [MESSAGE][PASSED] - Keys 'Test@2020' sent to object: 'Object Repository/Input/password'&#xD;
&#xD;
2020-06-23 11:16:14 - [TEST_STEP][PASSED] - click(findTestObject("Button/signIn")): Object: 'Object Repository/Button/signIn' is clicked on&#xD;
&#xD;
2020-06-23 11:16:16 - [MESSAGE][PASSED] - Object: 'Object Repository/Button/signIn' is clicked on&#xD;
&#xD;
2020-06-23 11:16:16 - [TEST_STEP][PASSED] - if (!(waitForElementPresent(findTestObject("Button/createBot"), 30, OPTIONAL))): Object 'Object Repository/Button/createBot' is present&#xD;
&#xD;
2020-06-23 11:16:32 - [MESSAGE][PASSED] - Object 'Object Repository/Button/createBot' is present&#xD;
&#xD;
2020-06-23 11:16:32 - [MESSAGE][PASSED] - Call Test Case 'Test Cases/Generic/successfulLogin_Test' successfully&#xD;
&#xD;
2020-06-23 11:16:32 - [TEST_STEP][PASSED] - platform.Method.navigateToBot("Q&amp;A bots", FAQ_BOT): platform.Method.navigateToBot is PASSED&#xD;
&#xD;
2020-06-23 11:16:33 - [MESSAGE][PASSED] - Object 'Object Repository/Button/createBot' is present&#xD;
&#xD;
2020-06-23 11:16:35 - [MESSAGE][INFO] - Performing click action on bot&#xD;
&#xD;
2020-06-23 11:16:37 - [MESSAGE][PASSED] - platform.Method.navigateToBot is PASSED&#xD;
&#xD;
2020-06-23 11:16:37 - [TEST_STEP][PASSED] - platform.Method.toClickOnWebElement(findTestObject("Generic/articles")): platform.Method.toClickOnWebElement is PASSED&#xD;
&#xD;
2020-06-23 11:16:46 - [MESSAGE][PASSED] - Object: 'Object Repository/Generic/articles' is clicked on&#xD;
&#xD;
2020-06-23 11:16:46 - [MESSAGE][PASSED] - platform.Method.toClickOnWebElement is PASSED&#xD;
&#xD;
2020-06-23 11:16:46 - [TEST_STEP][PASSED] - testData = findTestData("Data Files/testData_FAQ"): null&#xD;
&#xD;
2020-06-23 11:16:46 - [TEST_STEP][PASSED] - platform.Articles.createNewArticle(testData, testData.getValue("default_question", 1)): platform.Articles.createNewArticle is PASSED&#xD;
&#xD;
2020-06-23 11:16:53 - [MESSAGE][PASSED] - Keys 'What are the benefits of MyBank credit card?' sent to object: 'Object Repository/Input/defaultQuestion'&#xD;
&#xD;
2020-06-23 11:16:53 - [MESSAGE][PASSED] - platform.Articles.createNewArticle is PASSED&#xD;
&#xD;
2020-06-23 11:16:53 - [TEST_STEP][PASSED] - platform.Response.addCarousel(true, testData, variable_1, variable_2): platform.Response.addCarousel is PASSED&#xD;
&#xD;
2020-06-23 11:16:58 - [MESSAGE][PASSED] - Object: 'Object Repository/NewRepo/carousel' is clicked on&#xD;
&#xD;
2020-06-23 11:17:02 - [MESSAGE][PASSED] - Text 'Balance Transfer' is set on object 'Object Repository/NewRepo/carouselLabel'&#xD;
&#xD;
2020-06-23 11:17:08 - [MESSAGE][PASSED] - Text 'https://www.pinclipart.com/picdir/middle/59-595896_balance-transfer-credit-cards-icon-credit-card-icon.png' is set on object 'Object Repository/NewRepo/carouselURL'&#xD;
&#xD;
2020-06-23 11:17:10 - [MESSAGE][PASSED] - Object: 'Object Repository/NewRepo/renewBtn' is clicked on&#xD;
&#xD;
2020-06-23 11:17:13 - [MESSAGE][PASSED] - Object: 'Object Repository/Generic/webObjectWithText' is clicked on&#xD;
&#xD;
2020-06-23 11:17:13 - [MESSAGE][PASSED] - platform.Response.addCarousel is PASSED&#xD;
&#xD;
2020-06-23 11:17:13 - [TEST_STEP][PASSED] - platform.Articles.saveAndTrainArticleToNewCategory(categoryName): platform.Articles.saveAndTrainArticleToNewCategory is PASSED&#xD;
&#xD;
2020-06-23 11:17:20 - [MESSAGE][PASSED] - Keys 'Benefits' sent to object: 'Object Repository/Input/newCategoryName'&#xD;
&#xD;
2020-06-23 11:17:22 - [MESSAGE][PASSED] - platform.Articles.saveAndTrainArticleToNewCategory is PASSED&#xD;
&#xD;
2020-06-23 11:17:22 - [TEST_STEP][PASSED] - verifyElementPresent(findTestObject("ICONS/toastMsg"), 15, STOP_ON_FAILURE): Object 'Object Repository/ICONS/toastMsg' is present&#xD;
&#xD;
2020-06-23 11:17:29 - [MESSAGE][PASSED] - Object 'Object Repository/ICONS/toastMsg' is present&#xD;
&#xD;
2020-06-23 11:17:29 - [TEST_STEP][PASSED] - platform.Response.clickOnElement(findTestObject("Button/preview")): platform.Response.clickOnElement is PASSED&#xD;
&#xD;
2020-06-23 11:17:32 - [MESSAGE][PASSED] - platform.Response.clickOnElement is PASSED&#xD;
&#xD;
2020-06-23 11:17:32 - [TEST_STEP][PASSED] - sendKeys(findTestObject("Input/chatInput"), Keys.chord(userQuery, ENTER)): Keys 'ENTER + benefits of credit card?' sent to object: 'Object Repository/Input/chatInput'&#xD;
&#xD;
2020-06-23 11:17:35 - [MESSAGE][PASSED] - Keys 'ENTER + benefits of credit card?' sent to object: 'Object Repository/Input/chatInput'&#xD;
&#xD;
2020-06-23 11:17:35 - [TEST_STEP][PASSED] - delay(1): Delayed 1 second(s)&#xD;
&#xD;
2020-06-23 11:17:36 - [MESSAGE][PASSED] - Delayed 1 second(s)&#xD;
&#xD;
2020-06-23 11:17:36 - [TEST_STEP][PASSED] - verifyElementText(findTestObject("NewRepo/bannerTitle", ["index":1]), expectedValue, STOP_ON_FAILURE): Actual text and expected text of test object 'Object Repository/NewRepo/bannerTitle' are matched.&#xD;
&#xD;
2020-06-23 11:17:38 - [MESSAGE][PASSED] - Actual text and expected text of test object 'Object Repository/NewRepo/bannerTitle' are matched.</system-out>
            <system-err></system-err>
        </testcase>
        <testcase name="Test Cases/Faqbot/modifyCategory_Test" classname="Test Cases/Faqbot/modifyCategory_Test" status="PASSED">
            <system-out>2020-06-23 11:17:38 - [TEST_CASE][PASSED] - Test Cases/Faqbot/modifyCategory_Test: Test Cases/Faqbot/modifyCategory_Test&#xD;
&#xD;
2020-06-23 11:17:38 - [TEST_STEP][PASSED] - Start listener action : setUp: Current window maximized&#xD;
&#xD;
2020-06-23 11:17:38 - [TEST_STEP][PASSED] - openBrowser(URL): Browser is opened with url: 'preprod.imibot.ai'&#xD;
&#xD;
2020-06-23 11:17:38 - [MESSAGE][WARNING] - A browser is already opened. Closing browser and opening a new one&#xD;
&#xD;
2020-06-23 11:17:40 - [MESSAGE][INFO] - Starting 'Chrome' driver&#xD;
&#xD;
2020-06-23 11:17:40 - [MESSAGE][INFO] - User set preference: ['args', '[--start-maximized]']&#xD;
&#xD;
2020-06-23 11:17:51 - [MESSAGE][PASSED] - Browser is opened with url: 'preprod.imibot.ai'&#xD;
&#xD;
2020-06-23 11:17:51 - [TEST_STEP][PASSED] - maximizeWindow(): Current window maximized&#xD;
&#xD;
2020-06-23 11:17:53 - [MESSAGE][PASSED] - Current window maximized&#xD;
&#xD;
2020-06-23 11:17:53 - [TEST_STEP][PASSED] - callTestCase(findTestCase("Generic/successfulLogin_Test"), [:], STOP_ON_FAILURE): Call Test Case 'Test Cases/Generic/successfulLogin_Test' successfully&#xD;
&#xD;
2020-06-23 11:17:54 - [TEST_CASE][PASSED] - Test Cases/Generic/successfulLogin_Test: Test Cases/Generic/successfulLogin_Test&#xD;
&#xD;
2020-06-23 11:17:54 - [TEST_STEP][PASSED] - sendKeys(findTestObject("Input/username"), USERNAME): Keys 'narendra.n@imimobile.com' sent to object: 'Object Repository/Input/username'&#xD;
&#xD;
2020-06-23 11:17:56 - [MESSAGE][PASSED] - Keys 'narendra.n@imimobile.com' sent to object: 'Object Repository/Input/username'&#xD;
&#xD;
2020-06-23 11:17:56 - [TEST_STEP][PASSED] - sendKeys(findTestObject("Input/password"), PASSWORD): Keys 'Test@2020' sent to object: 'Object Repository/Input/password'&#xD;
&#xD;
2020-06-23 11:17:59 - [MESSAGE][PASSED] - Keys 'Test@2020' sent to object: 'Object Repository/Input/password'&#xD;
&#xD;
2020-06-23 11:17:59 - [TEST_STEP][PASSED] - click(findTestObject("Button/signIn")): Object: 'Object Repository/Button/signIn' is clicked on&#xD;
&#xD;
2020-06-23 11:18:01 - [MESSAGE][PASSED] - Object: 'Object Repository/Button/signIn' is clicked on&#xD;
&#xD;
2020-06-23 11:18:01 - [TEST_STEP][PASSED] - if (!(waitForElementPresent(findTestObject("Button/createBot"), 30, OPTIONAL))): Object 'Object Repository/Button/createBot' is present&#xD;
&#xD;
2020-06-23 11:18:17 - [MESSAGE][PASSED] - Object 'Object Repository/Button/createBot' is present&#xD;
&#xD;
2020-06-23 11:18:17 - [MESSAGE][PASSED] - Call Test Case 'Test Cases/Generic/successfulLogin_Test' successfully&#xD;
&#xD;
2020-06-23 11:18:17 - [TEST_STEP][PASSED] - platform.Method.navigateToBot("Q&amp;A bots", FAQ_BOT): platform.Method.navigateToBot is PASSED&#xD;
&#xD;
2020-06-23 11:18:19 - [MESSAGE][PASSED] - Object 'Object Repository/Button/createBot' is present&#xD;
&#xD;
2020-06-23 11:18:21 - [MESSAGE][INFO] - Performing click action on bot&#xD;
&#xD;
2020-06-23 11:18:23 - [MESSAGE][PASSED] - platform.Method.navigateToBot is PASSED&#xD;
&#xD;
2020-06-23 11:18:23 - [TEST_STEP][PASSED] - platform.Method.clickOnElement(findTestObject("Generic/articles")): platform.Method.clickOnElement is PASSED&#xD;
&#xD;
2020-06-23 11:18:27 - [MESSAGE][PASSED] - platform.Method.clickOnElement is PASSED&#xD;
&#xD;
2020-06-23 11:18:27 - [TEST_STEP][PASSED] - platform.Method.clickOnElement(findTestObject("Generic/webObjectWithText", ["textValue":"Modify"])): platform.Method.clickOnElement is PASSED&#xD;
&#xD;
2020-06-23 11:18:29 - [MESSAGE][PASSED] - platform.Method.clickOnElement is PASSED&#xD;
&#xD;
2020-06-23 11:18:29 - [TEST_STEP][PASSED] - categories = findWebElements(findTestObject("GenericII/listOfCategory"), 10): null&#xD;
&#xD;
2020-06-23 11:18:31 - [TEST_STEP][PASSED] - index = &lt;not implemented yet for class: org.codehaus.groovy.ast.expr.EmptyExpression&gt;: null&#xD;
&#xD;
2020-06-23 11:18:31 - [TEST_STEP][PASSED] - for ([i = 2, i &lt; categories.size(), (i++)]): null&#xD;
&#xD;
2020-06-23 11:18:31 - [TEST_STEP][PASSED] - if (getAttribute("value").contains("Benefits")): null&#xD;
&#xD;
2020-06-23 11:18:32 - [TEST_STEP][PASSED] - index = i - 1: null&#xD;
&#xD;
2020-06-23 11:18:32 - [TEST_STEP][PASSED] - break: null&#xD;
&#xD;
2020-06-23 11:18:32 - [TEST_STEP][PASSED] - platform.Method.clickOnElement(findTestObject("GenericII/editCategory", ["index":index])): platform.Method.clickOnElement is PASSED&#xD;
&#xD;
2020-06-23 11:18:34 - [MESSAGE][PASSED] - platform.Method.clickOnElement is PASSED&#xD;
&#xD;
2020-06-23 11:18:34 - [TEST_STEP][PASSED] - setText(findTestObject("Input/nameOfTheCategory"), newCategoryName, STOP_ON_FAILURE): Text 'Product Info' is set on object 'Object Repository/Input/nameOfTheCategory'&#xD;
&#xD;
2020-06-23 11:18:38 - [MESSAGE][PASSED] - Text 'Product Info' is set on object 'Object Repository/Input/nameOfTheCategory'&#xD;
&#xD;
2020-06-23 11:18:38 - [TEST_STEP][PASSED] - platform.Method.clickOnElement(findTestObject("Button/save", ["value":" Save "])): platform.Method.clickOnElement is PASSED&#xD;
&#xD;
2020-06-23 11:18:40 - [MESSAGE][PASSED] - platform.Method.clickOnElement is PASSED&#xD;
&#xD;
2020-06-23 11:18:40 - [TEST_STEP][PASSED] - delay(1): Delayed 1 second(s)&#xD;
&#xD;
2020-06-23 11:18:41 - [MESSAGE][PASSED] - Delayed 1 second(s)&#xD;
&#xD;
2020-06-23 11:18:41 - [TEST_STEP][PASSED] - verifyTextPresent(newCategoryName, false, STOP_ON_FAILURE): Text 'Product Info' is present on page &#xD;
&#xD;
2020-06-23 11:18:44 - [MESSAGE][PASSED] - Text 'Product Info' is present on page</system-out>
            <system-err></system-err>
        </testcase>
        <testcase name="Test Cases/Faqbot/fallbackCurationByAddToExistingArticle_Test" classname="Test Cases/Faqbot/fallbackCurationByAddToExistingArticle_Test" status="PASSED">
            <system-out>2020-06-23 11:18:44 - [TEST_CASE][PASSED] - Test Cases/Faqbot/fallbackCurationByAddToExistingArticle_Test: Test Cases/Faqbot/fallbackCurationByAddToExistingArticle_Test&#xD;
&#xD;
2020-06-23 11:18:45 - [TEST_STEP][PASSED] - Start listener action : setUp: Current window maximized&#xD;
&#xD;
2020-06-23 11:18:45 - [TEST_STEP][PASSED] - openBrowser(URL): Browser is opened with url: 'preprod.imibot.ai'&#xD;
&#xD;
2020-06-23 11:18:45 - [MESSAGE][WARNING] - A browser is already opened. Closing browser and opening a new one&#xD;
&#xD;
2020-06-23 11:18:47 - [MESSAGE][INFO] - Starting 'Chrome' driver&#xD;
&#xD;
2020-06-23 11:18:47 - [MESSAGE][INFO] - User set preference: ['args', '[--start-maximized]']&#xD;
&#xD;
2020-06-23 11:18:57 - [MESSAGE][PASSED] - Browser is opened with url: 'preprod.imibot.ai'&#xD;
&#xD;
2020-06-23 11:18:57 - [TEST_STEP][PASSED] - maximizeWindow(): Current window maximized&#xD;
&#xD;
2020-06-23 11:19:00 - [MESSAGE][PASSED] - Current window maximized&#xD;
&#xD;
2020-06-23 11:19:00 - [TEST_STEP][PASSED] - callTestCase(findTestCase("Generic/successfulLogin_Test"), [:], STOP_ON_FAILURE): Call Test Case 'Test Cases/Generic/successfulLogin_Test' successfully&#xD;
&#xD;
2020-06-23 11:19:00 - [TEST_CASE][PASSED] - Test Cases/Generic/successfulLogin_Test: Test Cases/Generic/successfulLogin_Test&#xD;
&#xD;
2020-06-23 11:19:00 - [TEST_STEP][PASSED] - sendKeys(findTestObject("Input/username"), USERNAME): Keys 'narendra.n@imimobile.com' sent to object: 'Object Repository/Input/username'&#xD;
&#xD;
2020-06-23 11:19:03 - [MESSAGE][PASSED] - Keys 'narendra.n@imimobile.com' sent to object: 'Object Repository/Input/username'&#xD;
&#xD;
2020-06-23 11:19:03 - [TEST_STEP][PASSED] - sendKeys(findTestObject("Input/password"), PASSWORD): Keys 'Test@2020' sent to object: 'Object Repository/Input/password'&#xD;
&#xD;
2020-06-23 11:19:05 - [MESSAGE][PASSED] - Keys 'Test@2020' sent to object: 'Object Repository/Input/password'&#xD;
&#xD;
2020-06-23 11:19:05 - [TEST_STEP][PASSED] - click(findTestObject("Button/signIn")): Object: 'Object Repository/Button/signIn' is clicked on&#xD;
&#xD;
2020-06-23 11:19:07 - [MESSAGE][PASSED] - Object: 'Object Repository/Button/signIn' is clicked on&#xD;
&#xD;
2020-06-23 11:19:07 - [TEST_STEP][PASSED] - if (!(waitForElementPresent(findTestObject("Button/createBot"), 30, OPTIONAL))): Object 'Object Repository/Button/createBot' is present&#xD;
&#xD;
2020-06-23 11:19:23 - [MESSAGE][PASSED] - Object 'Object Repository/Button/createBot' is present&#xD;
&#xD;
2020-06-23 11:19:23 - [MESSAGE][PASSED] - Call Test Case 'Test Cases/Generic/successfulLogin_Test' successfully&#xD;
&#xD;
2020-06-23 11:19:23 - [TEST_STEP][PASSED] - platform.Method.navigateToBot("Q&amp;A bots", FAQ_BOT): platform.Method.navigateToBot is PASSED&#xD;
&#xD;
2020-06-23 11:19:25 - [MESSAGE][PASSED] - Object 'Object Repository/Button/createBot' is present&#xD;
&#xD;
2020-06-23 11:19:27 - [MESSAGE][INFO] - Performing click action on bot&#xD;
&#xD;
2020-06-23 11:19:29 - [MESSAGE][PASSED] - platform.Method.navigateToBot is PASSED&#xD;
&#xD;
2020-06-23 11:19:29 - [TEST_STEP][PASSED] - platform.Method.clickOnElement(findTestObject("Generic/curation")): platform.Method.clickOnElement is PASSED&#xD;
&#xD;
2020-06-23 11:19:33 - [MESSAGE][PASSED] - platform.Method.clickOnElement is PASSED&#xD;
&#xD;
2020-06-23 11:19:33 - [TEST_STEP][PASSED] - platform.Method.clickOnElement(findTestObject("Generic/webObjectWithText", ["textValue":" Fallback "])): platform.Method.clickOnElement is PASSED&#xD;
&#xD;
2020-06-23 11:19:36 - [MESSAGE][PASSED] - platform.Method.clickOnElement is PASSED&#xD;
&#xD;
2020-06-23 11:19:36 - [TEST_STEP][PASSED] - sendKeys(findTestObject("Input/roomID", ["value":"room_id"]), roomID): Keys '1980279' sent to object: 'Object Repository/Input/roomID'&#xD;
&#xD;
2020-06-23 11:19:39 - [MESSAGE][PASSED] - Keys '1980279' sent to object: 'Object Repository/Input/roomID'&#xD;
&#xD;
2020-06-23 11:19:39 - [TEST_STEP][PASSED] - platform.Method.clickOnElement(findTestObject("Button/filter")): platform.Method.clickOnElement is PASSED&#xD;
&#xD;
2020-06-23 11:19:41 - [MESSAGE][PASSED] - platform.Method.clickOnElement is PASSED&#xD;
&#xD;
2020-06-23 11:19:41 - [TEST_STEP][PASSED] - try: platform.Method.clickOnElement is PASSED&#xD;
&#xD;
2020-06-23 11:19:41 - [TEST_STEP][PASSED] - verifyElementPresent(findTestObject("Button/addToExistingArticle"), 20, STOP_ON_FAILURE): Object 'Object Repository/Button/addToExistingArticle' is present&#xD;
&#xD;
2020-06-23 11:19:42 - [MESSAGE][PASSED] - Object 'Object Repository/Button/addToExistingArticle' is present&#xD;
&#xD;
2020-06-23 11:19:42 - [TEST_STEP][PASSED] - platform.Method.clickOnElement(findTestObject("Button/addToExistingArticle")): platform.Method.clickOnElement is PASSED&#xD;
&#xD;
2020-06-23 11:19:44 - [MESSAGE][PASSED] - platform.Method.clickOnElement is PASSED&#xD;
&#xD;
2020-06-23 11:19:44 - [TEST_STEP][PASSED] - sendKeys(findTestObject("Input/searchQuestion"), searchQuestion): Keys 'How can I view my transactions?' sent to object: 'Object Repository/Input/searchQuestion'&#xD;
&#xD;
2020-06-23 11:19:48 - [MESSAGE][PASSED] - Keys 'How can I view my transactions?' sent to object: 'Object Repository/Input/searchQuestion'&#xD;
&#xD;
2020-06-23 11:19:48 - [TEST_STEP][PASSED] - platform.Method.clickOnElement(findTestObject("Generic/searchResult")): platform.Method.clickOnElement is PASSED&#xD;
&#xD;
2020-06-23 11:19:50 - [MESSAGE][PASSED] - platform.Method.clickOnElement is PASSED&#xD;
&#xD;
2020-06-23 11:19:50 - [TEST_STEP][PASSED] - platform.Method.clickOnElement(findTestObject("Button/linkAndSave")): platform.Method.clickOnElement is PASSED&#xD;
&#xD;
2020-06-23 11:19:52 - [MESSAGE][PASSED] - platform.Method.clickOnElement is PASSED&#xD;
&#xD;
2020-06-23 11:19:52 - [TEST_STEP][PASSED] - platform.Method.clickOnElement(findTestObject("NewRepo/refresh")): platform.Method.clickOnElement is PASSED&#xD;
&#xD;
2020-06-23 11:19:54 - [MESSAGE][PASSED] - platform.Method.clickOnElement is PASSED&#xD;
&#xD;
2020-06-23 11:19:54 - [TEST_STEP][PASSED] - platform.Method.clickOnElement(findTestObject("Button/trainCuration")): platform.Method.clickOnElement is PASSED&#xD;
&#xD;
2020-06-23 11:19:57 - [MESSAGE][PASSED] - platform.Method.clickOnElement is PASSED&#xD;
&#xD;
2020-06-23 11:19:57 - [TEST_STEP][PASSED] - sendKeys(findTestObject("Input/comment"), comment): Keys 'link to curation test' sent to object: 'Object Repository/Input/comment'&#xD;
&#xD;
2020-06-23 11:20:00 - [MESSAGE][PASSED] - Keys 'link to curation test' sent to object: 'Object Repository/Input/comment'&#xD;
&#xD;
2020-06-23 11:20:00 - [TEST_STEP][PASSED] - platform.Method.clickOnElement(findTestObject("Button/continue")): platform.Method.clickOnElement is PASSED&#xD;
&#xD;
2020-06-23 11:20:02 - [MESSAGE][PASSED] - platform.Method.clickOnElement is PASSED&#xD;
&#xD;
2020-06-23 11:20:02 - [TEST_STEP][PASSED] - waitForElementVisible(findTestObject("Generic/webObjectWithText", ["textValue":"Trained corpus"]), 20, STOP_ON_FAILURE): Web element with id: 'Object Repository/Generic/webObjectWithText' located by 'By.xpath: //*[contains(text(),'Trained corpus')]' not found&#xD;
&#xD;
2020-06-23 11:20:23 - [MESSAGE][INFO] - Unable to find the element located by 'By.xpath: //*[contains(text(),'Trained corpus')]'. Please recheck the objects properties to make sure the desired element is located. &#xD;
&#xD;
2020-06-23 11:20:23 - [MESSAGE][WARNING] - Web element with id: 'Object Repository/Generic/webObjectWithText' located by 'By.xpath: //*[contains(text(),'Trained corpus')]' not found&#xD;
&#xD;
2020-06-23 11:20:23 - [TEST_STEP][PASSED] - platform.Method.clickOnElement(findTestObject("NewRepo/refresh")): platform.Method.clickOnElement is PASSED&#xD;
&#xD;
2020-06-23 11:20:26 - [MESSAGE][PASSED] - platform.Method.clickOnElement is PASSED&#xD;
&#xD;
2020-06-23 11:20:26 - [TEST_STEP][PASSED] - verifyTextPresent("Trained corpus", false, OPTIONAL): Text 'Trained corpus' is present on page &#xD;
&#xD;
2020-06-23 11:20:29 - [MESSAGE][PASSED] - Text 'Trained corpus' is present on page &#xD;
&#xD;
2020-06-23 11:20:29 - [TEST_STEP][PASSED] - platform.Method.clickOnElement(findTestObject("Button/preview")): platform.Method.clickOnElement is PASSED&#xD;
&#xD;
2020-06-23 11:20:31 - [MESSAGE][PASSED] - platform.Method.clickOnElement is PASSED&#xD;
&#xD;
2020-06-23 11:20:31 - [TEST_STEP][PASSED] - sendKeys(findTestObject("Input/chatInput"), Keys.chord(userQuery, ENTER)): Keys 'ENTER + show last transaction receipt' sent to object: 'Object Repository/Input/chatInput'&#xD;
&#xD;
2020-06-23 11:20:34 - [MESSAGE][PASSED] - Keys 'ENTER + show last transaction receipt' sent to object: 'Object Repository/Input/chatInput'&#xD;
&#xD;
2020-06-23 11:20:34 - [TEST_STEP][PASSED] - delay(1): Delayed 1 second(s)&#xD;
&#xD;
2020-06-23 11:20:35 - [MESSAGE][PASSED] - Delayed 1 second(s)&#xD;
&#xD;
2020-06-23 11:20:35 - [TEST_STEP][PASSED] - platform.Preview.verifyBotResponse(botResponse): YOUR TEXT HAS A MATCH&#xD;
&#xD;
2020-06-23 11:20:38 - [MESSAGE][PASSED] - Delayed 3 second(s)&#xD;
&#xD;
2020-06-23 11:20:41 - [MESSAGE][PASSED] - YOUR TEXT HAS A MATCH&#xD;
&#xD;
2020-06-23 11:20:41 - [TEST_STEP][PASSED] - platform.Method.clickOnElement(findTestObject("Generic/curation")): platform.Method.clickOnElement is PASSED&#xD;
&#xD;
2020-06-23 11:20:43 - [MESSAGE][PASSED] - platform.Method.clickOnElement is PASSED&#xD;
&#xD;
2020-06-23 11:20:43 - [TEST_STEP][PASSED] - waitForElementVisible(findTestObject("Generic/webObjectWithText", ["textValue":"Resolved"]), 20, OPTIONAL): Object 'Object Repository/Generic/webObjectWithText' is visible&#xD;
&#xD;
2020-06-23 11:20:46 - [MESSAGE][PASSED] - Object 'Object Repository/Generic/webObjectWithText' is visible&#xD;
&#xD;
2020-06-23 11:20:46 - [TEST_STEP][PASSED] - platform.Method.clickOnElement(findTestObject("Generic/webObjectWithText", ["textValue":"Resolved"])): platform.Method.clickOnElement is PASSED&#xD;
&#xD;
2020-06-23 11:20:48 - [MESSAGE][PASSED] - platform.Method.clickOnElement is PASSED&#xD;
&#xD;
2020-06-23 11:20:48 - [TEST_STEP][PASSED] - sendKeys(findTestObject("Input/roomID", ["value":"room_id"]), roomID): Keys '1980279' sent to object: 'Object Repository/Input/roomID'&#xD;
&#xD;
2020-06-23 11:20:51 - [MESSAGE][PASSED] - Keys '1980279' sent to object: 'Object Repository/Input/roomID'&#xD;
&#xD;
2020-06-23 11:20:51 - [TEST_STEP][PASSED] - platform.Method.clickOnElement(findTestObject("Button/filter")): platform.Method.clickOnElement is PASSED&#xD;
&#xD;
2020-06-23 11:20:53 - [MESSAGE][PASSED] - platform.Method.clickOnElement is PASSED&#xD;
&#xD;
2020-06-23 11:20:53 - [TEST_STEP][PASSED] - verifyTextPresent(roomID, false, STOP_ON_FAILURE): Text '1980279' is present on page &#xD;
&#xD;
2020-06-23 11:20:56 - [MESSAGE][PASSED] - Text '1980279' is present on page</system-out>
            <system-err></system-err>
        </testcase>
        <testcase name="Test Cases/Faqbot/partialMatchCurationByCreateNewArticle_Test" classname="Test Cases/Faqbot/partialMatchCurationByCreateNewArticle_Test" status="PASSED">
            <system-out>2020-06-23 11:20:56 - [TEST_CASE][PASSED] - Test Cases/Faqbot/partialMatchCurationByCreateNewArticle_Test: Test Cases/Faqbot/partialMatchCurationByCreateNewArticle_Test&#xD;
&#xD;
2020-06-23 11:20:57 - [TEST_STEP][PASSED] - Start listener action : setUp: Current window maximized&#xD;
&#xD;
2020-06-23 11:20:57 - [TEST_STEP][PASSED] - openBrowser(URL): Browser is opened with url: 'preprod.imibot.ai'&#xD;
&#xD;
2020-06-23 11:20:57 - [MESSAGE][WARNING] - A browser is already opened. Closing browser and opening a new one&#xD;
&#xD;
2020-06-23 11:20:59 - [MESSAGE][INFO] - Starting 'Chrome' driver&#xD;
&#xD;
2020-06-23 11:20:59 - [MESSAGE][INFO] - User set preference: ['args', '[--start-maximized]']&#xD;
&#xD;
2020-06-23 11:21:12 - [MESSAGE][PASSED] - Browser is opened with url: 'preprod.imibot.ai'&#xD;
&#xD;
2020-06-23 11:21:12 - [TEST_STEP][PASSED] - maximizeWindow(): Current window maximized&#xD;
&#xD;
2020-06-23 11:21:14 - [MESSAGE][PASSED] - Current window maximized&#xD;
&#xD;
2020-06-23 11:21:15 - [TEST_STEP][PASSED] - callTestCase(findTestCase("Generic/successfulLogin_Test"), [:], STOP_ON_FAILURE): Call Test Case 'Test Cases/Generic/successfulLogin_Test' successfully&#xD;
&#xD;
2020-06-23 11:21:15 - [TEST_CASE][PASSED] - Test Cases/Generic/successfulLogin_Test: Test Cases/Generic/successfulLogin_Test&#xD;
&#xD;
2020-06-23 11:21:15 - [TEST_STEP][PASSED] - sendKeys(findTestObject("Input/username"), USERNAME): Keys 'narendra.n@imimobile.com' sent to object: 'Object Repository/Input/username'&#xD;
&#xD;
2020-06-23 11:21:18 - [MESSAGE][PASSED] - Keys 'narendra.n@imimobile.com' sent to object: 'Object Repository/Input/username'&#xD;
&#xD;
2020-06-23 11:21:18 - [TEST_STEP][PASSED] - sendKeys(findTestObject("Input/password"), PASSWORD): Keys 'Test@2020' sent to object: 'Object Repository/Input/password'&#xD;
&#xD;
2020-06-23 11:21:20 - [MESSAGE][PASSED] - Keys 'Test@2020' sent to object: 'Object Repository/Input/password'&#xD;
&#xD;
2020-06-23 11:21:20 - [TEST_STEP][PASSED] - click(findTestObject("Button/signIn")): Object: 'Object Repository/Button/signIn' is clicked on&#xD;
&#xD;
2020-06-23 11:21:22 - [MESSAGE][PASSED] - Object: 'Object Repository/Button/signIn' is clicked on&#xD;
&#xD;
2020-06-23 11:21:22 - [TEST_STEP][PASSED] - if (!(waitForElementPresent(findTestObject("Button/createBot"), 30, OPTIONAL))): Object 'Object Repository/Button/createBot' is present&#xD;
&#xD;
2020-06-23 11:21:40 - [MESSAGE][PASSED] - Object 'Object Repository/Button/createBot' is present&#xD;
&#xD;
2020-06-23 11:21:40 - [MESSAGE][PASSED] - Call Test Case 'Test Cases/Generic/successfulLogin_Test' successfully&#xD;
&#xD;
2020-06-23 11:21:40 - [TEST_STEP][PASSED] - platform.Method.navigateToBot("Q&amp;A bots", FAQ_BOT): platform.Method.navigateToBot is PASSED&#xD;
&#xD;
2020-06-23 11:21:41 - [MESSAGE][PASSED] - Object 'Object Repository/Button/createBot' is present&#xD;
&#xD;
2020-06-23 11:21:43 - [MESSAGE][INFO] - Performing click action on bot&#xD;
&#xD;
2020-06-23 11:21:46 - [MESSAGE][PASSED] - platform.Method.navigateToBot is PASSED&#xD;
&#xD;
2020-06-23 11:21:46 - [TEST_STEP][PASSED] - platform.Method.clickOnElement(findTestObject("Generic/articles")): platform.Method.clickOnElement is PASSED&#xD;
&#xD;
2020-06-23 11:21:50 - [MESSAGE][PASSED] - platform.Method.clickOnElement is PASSED&#xD;
&#xD;
2020-06-23 11:21:50 - [TEST_STEP][PASSED] - platform.Method.trainAndComment(comment): platform.Method.trainAndComment is PASSED&#xD;
&#xD;
2020-06-23 11:21:57 - [MESSAGE][INFO] - Unable to find the element located by 'By.xpath: //button[contains(text(),'Train')]'. Please recheck the objects properties to make sure the desired element is located. &#xD;
&#xD;
2020-06-23 11:21:57 - [MESSAGE][INFO] - BOT STATE IS TRAINED&#xD;
&#xD;
2020-06-23 11:21:57 - [MESSAGE][PASSED] - platform.Method.trainAndComment is PASSED&#xD;
&#xD;
2020-06-23 11:21:57 - [TEST_STEP][PASSED] - platform.Method.clickOnElement(findTestObject("Generic/curation")): platform.Method.clickOnElement is PASSED&#xD;
&#xD;
2020-06-23 11:21:59 - [MESSAGE][PASSED] - platform.Method.clickOnElement is PASSED&#xD;
&#xD;
2020-06-23 11:21:59 - [TEST_STEP][PASSED] - platform.Method.clickOnElement(findTestObject("Button/preview")): platform.Method.clickOnElement is PASSED&#xD;
&#xD;
2020-06-23 11:22:02 - [MESSAGE][PASSED] - platform.Method.clickOnElement is PASSED&#xD;
&#xD;
2020-06-23 11:22:02 - [TEST_STEP][PASSED] - sendKeys(findTestObject("Input/chatInput"), Keys.chord(userQuery, ENTER)): Keys 'ENTER + How can I know my credit card billing date?' sent to object: 'Object Repository/Input/chatInput'&#xD;
&#xD;
2020-06-23 11:22:05 - [MESSAGE][PASSED] - Keys 'ENTER + How can I know my credit card billing date?' sent to object: 'Object Repository/Input/chatInput'&#xD;
&#xD;
2020-06-23 11:22:05 - [TEST_STEP][PASSED] - waitForElementPresent(findTestObject("GenericII/getBotResponse", ["index":2]), 10, STOP_ON_FAILURE): Object 'Object Repository/GenericII/getBotResponse' is present&#xD;
&#xD;
2020-06-23 11:22:07 - [MESSAGE][PASSED] - Object 'Object Repository/GenericII/getBotResponse' is present&#xD;
&#xD;
2020-06-23 11:22:07 - [TEST_STEP][PASSED] - verifyElementText(findTestObject("GenericII/getBotResponse", ["index":2]), stringToCheck, OPTIONAL): Actual text and expected text of test object 'Object Repository/GenericII/getBotResponse' are matched.&#xD;
&#xD;
2020-06-23 11:22:09 - [MESSAGE][PASSED] - Actual text and expected text of test object 'Object Repository/GenericII/getBotResponse' are matched.&#xD;
&#xD;
2020-06-23 11:22:09 - [TEST_STEP][PASSED] - getRoomIdAt = new java.util.ArrayList(): null&#xD;
&#xD;
2020-06-23 11:22:09 - [TEST_STEP][PASSED] - getRoomIdAt = platform.Utility.getRoomID(): platform.Utility.getRoomID is PASSED&#xD;
&#xD;
2020-06-23 11:22:13 - [MESSAGE][PASSED] - platform.Utility.getRoomID is PASSED&#xD;
&#xD;
2020-06-23 11:22:13 - [TEST_STEP][PASSED] - platform.Method.clickOnElement(findTestObject("GenericII/minimize")): platform.Method.clickOnElement is PASSED&#xD;
&#xD;
2020-06-23 11:22:16 - [MESSAGE][PASSED] - platform.Method.clickOnElement is PASSED&#xD;
&#xD;
2020-06-23 11:22:16 - [TEST_STEP][PASSED] - platform.Method.clickOnElement(findTestObject("Generic/webObjectWithText", ["textValue":" Partial match "])): platform.Method.clickOnElement is PASSED&#xD;
&#xD;
2020-06-23 11:22:18 - [MESSAGE][PASSED] - platform.Method.clickOnElement is PASSED&#xD;
&#xD;
2020-06-23 11:22:18 - [TEST_STEP][PASSED] - verifyTextPresent("Partial match", false, STOP_ON_FAILURE): Text 'Partial match' is present on page &#xD;
&#xD;
2020-06-23 11:22:21 - [MESSAGE][PASSED] - Text 'Partial match' is present on page &#xD;
&#xD;
2020-06-23 11:22:21 - [TEST_STEP][PASSED] - roomID = get(0).toString(): null&#xD;
&#xD;
2020-06-23 11:22:21 - [TEST_STEP][PASSED] - sendKeys(findTestObject("Input/roomID", ["value":"room_id"]), roomID): Keys '1980286' sent to object: 'Object Repository/Input/roomID'&#xD;
&#xD;
2020-06-23 11:22:24 - [MESSAGE][PASSED] - Keys '1980286' sent to object: 'Object Repository/Input/roomID'&#xD;
&#xD;
2020-06-23 11:22:24 - [TEST_STEP][PASSED] - platform.Method.clickOnElement(findTestObject("Button/filter")): platform.Method.clickOnElement is PASSED&#xD;
&#xD;
2020-06-23 11:22:26 - [MESSAGE][PASSED] - platform.Method.clickOnElement is PASSED&#xD;
&#xD;
2020-06-23 11:22:26 - [TEST_STEP][PASSED] - try: platform.Method.clickOnElement is PASSED&#xD;
&#xD;
2020-06-23 11:22:26 - [TEST_STEP][PASSED] - waitForElementPresent(findTestObject("Button/addToNewArticle"), 20, OPTIONAL): Object 'Object Repository/Button/addToNewArticle' is present&#xD;
&#xD;
2020-06-23 11:22:27 - [MESSAGE][PASSED] - Object 'Object Repository/Button/addToNewArticle' is present&#xD;
&#xD;
2020-06-23 11:22:27 - [TEST_STEP][PASSED] - platform.Method.clickOnElement(findTestObject("Button/addToNewArticle")): platform.Method.clickOnElement is PASSED&#xD;
&#xD;
2020-06-23 11:22:29 - [MESSAGE][PASSED] - platform.Method.clickOnElement is PASSED&#xD;
&#xD;
2020-06-23 11:22:29 - [TEST_STEP][PASSED] - sendKeys(findTestObject("Input/textResponse"), newArticleResponse): Keys 'It’s all there in the credit card statement to see. Besides the transactions, you can also check the bill date and payment date on the statement. For example, YDFC Bank credit card statement shows the bill date and payment date at the top. The payment date, however, can also be seen below the transaction details. Bill date and payment date would actually be represented as Statement Date and Payment Due Date, respectively, on the statement.' sent to object: 'Object Repository/Input/textResponse'&#xD;
&#xD;
2020-06-23 11:22:42 - [MESSAGE][PASSED] - Keys 'It’s all there in the credit card statement to see. Besides the transactions, you can also check the bill date and payment date on the statement. For example, YDFC Bank credit card statement shows the bill date and payment date at the top. The payment date, however, can also be seen below the transaction details. Bill date and payment date would actually be represented as Statement Date and Payment Due Date, respectively, on the statement.' sent to object: 'Object Repository/Input/textResponse'&#xD;
&#xD;
2020-06-23 11:22:42 - [TEST_STEP][PASSED] - platform.Articles.saveAndTrainArticleToExistingCategory(" " + saveArticleTo + " "): platform.Articles.saveAndTrainArticleToExistingCategory is PASSED&#xD;
&#xD;
2020-06-23 11:22:51 - [MESSAGE][PASSED] - platform.Articles.saveAndTrainArticleToExistingCategory is PASSED&#xD;
&#xD;
2020-06-23 11:22:51 - [TEST_STEP][PASSED] - try: Object 'Object Repository/ICONS/toastMsg' is present&#xD;
&#xD;
2020-06-23 11:22:51 - [TEST_STEP][PASSED] - waitForElementPresent(findTestObject("ICONS/toastMsg"), 20, STOP_ON_FAILURE): Object 'Object Repository/ICONS/toastMsg' is present&#xD;
&#xD;
2020-06-23 11:22:59 - [MESSAGE][PASSED] - Object 'Object Repository/ICONS/toastMsg' is present&#xD;
&#xD;
2020-06-23 11:22:59 - [TEST_STEP][PASSED] - platform.Method.clickOnElement(findTestObject("Button/preview")): platform.Method.clickOnElement is PASSED&#xD;
&#xD;
2020-06-23 11:23:01 - [MESSAGE][PASSED] - platform.Method.clickOnElement is PASSED&#xD;
&#xD;
2020-06-23 11:23:01 - [TEST_STEP][PASSED] - sendKeys(findTestObject("Input/chatInput"), Keys.chord(userQuery, ENTER)): Keys 'ENTER + How can I know my credit card billing date?' sent to object: 'Object Repository/Input/chatInput'&#xD;
&#xD;
2020-06-23 11:23:04 - [MESSAGE][PASSED] - Keys 'ENTER + How can I know my credit card billing date?' sent to object: 'Object Repository/Input/chatInput'&#xD;
&#xD;
2020-06-23 11:23:04 - [TEST_STEP][PASSED] - waitForElementPresent(findTestObject("GenericII/getBotResponse", ["index":2]), 10): Object 'Object Repository/GenericII/getBotResponse' is present&#xD;
&#xD;
2020-06-23 11:23:05 - [MESSAGE][PASSED] - Object 'Object Repository/GenericII/getBotResponse' is present&#xD;
&#xD;
2020-06-23 11:23:05 - [TEST_STEP][PASSED] - verifyElementText(findTestObject("GenericII/getBotResponse", ["index":2]), newArticleResponse, STOP_ON_FAILURE): Actual text and expected text of test object 'Object Repository/GenericII/getBotResponse' are matched.&#xD;
&#xD;
2020-06-23 11:23:08 - [MESSAGE][PASSED] - Actual text and expected text of test object 'Object Repository/GenericII/getBotResponse' are matched.&#xD;
&#xD;
2020-06-23 11:23:08 - [TEST_STEP][PASSED] - platform.Method.clickOnElement(findTestObject("GenericII/minimize")): platform.Method.clickOnElement is PASSED&#xD;
&#xD;
2020-06-23 11:23:10 - [MESSAGE][PASSED] - platform.Method.clickOnElement is PASSED&#xD;
&#xD;
2020-06-23 11:23:10 - [TEST_STEP][PASSED] - platform.Method.clickOnElement(findTestObject("Generic/curation")): platform.Method.clickOnElement is PASSED&#xD;
&#xD;
2020-06-23 11:23:12 - [MESSAGE][PASSED] - platform.Method.clickOnElement is PASSED&#xD;
&#xD;
2020-06-23 11:23:12 - [TEST_STEP][PASSED] - waitForElementPresent(findTestObject("Generic/webObjectWithText", ["textValue":"Resolved"]), 20, OPTIONAL): Object 'Object Repository/Generic/webObjectWithText' is present&#xD;
&#xD;
2020-06-23 11:23:13 - [MESSAGE][PASSED] - Object 'Object Repository/Generic/webObjectWithText' is present&#xD;
&#xD;
2020-06-23 11:23:13 - [TEST_STEP][PASSED] - platform.Method.clickOnElement(findTestObject("Generic/webObjectWithText", ["textValue":"Resolved"])): platform.Method.clickOnElement is PASSED&#xD;
&#xD;
2020-06-23 11:23:16 - [MESSAGE][PASSED] - platform.Method.clickOnElement is PASSED&#xD;
&#xD;
2020-06-23 11:23:16 - [TEST_STEP][PASSED] - sendKeys(findTestObject("Input/roomID", ["value":"room_id"]), roomID): Keys '1980286' sent to object: 'Object Repository/Input/roomID'&#xD;
&#xD;
2020-06-23 11:23:19 - [MESSAGE][PASSED] - Keys '1980286' sent to object: 'Object Repository/Input/roomID'&#xD;
&#xD;
2020-06-23 11:23:19 - [TEST_STEP][PASSED] - platform.Method.clickOnElement(findTestObject("Button/filter")): platform.Method.clickOnElement is PASSED&#xD;
&#xD;
2020-06-23 11:23:21 - [MESSAGE][PASSED] - platform.Method.clickOnElement is PASSED&#xD;
&#xD;
2020-06-23 11:23:21 - [TEST_STEP][PASSED] - verifyTextPresent(roomID, false, STOP_ON_FAILURE): Text '1980286' is present on page &#xD;
&#xD;
2020-06-23 11:23:24 - [MESSAGE][PASSED] - Text '1980286' is present on page</system-out>
            <system-err></system-err>
        </testcase>
        <testcase name="Test Cases/Faqbot/filterSessionsBy_Test" classname="Test Cases/Faqbot/filterSessionsBy_Test" status="PASSED">
            <system-out>2020-06-23 11:23:24 - [TEST_CASE][PASSED] - Test Cases/Faqbot/filterSessionsBy_Test: Test Cases/Faqbot/filterSessionsBy_Test&#xD;
&#xD;
2020-06-23 11:23:24 - [TEST_STEP][PASSED] - Start listener action : setUp: Current window maximized&#xD;
&#xD;
2020-06-23 11:23:24 - [TEST_STEP][PASSED] - openBrowser(URL): Browser is opened with url: 'preprod.imibot.ai'&#xD;
&#xD;
2020-06-23 11:23:24 - [MESSAGE][WARNING] - A browser is already opened. Closing browser and opening a new one&#xD;
&#xD;
2020-06-23 11:23:26 - [MESSAGE][INFO] - Starting 'Chrome' driver&#xD;
&#xD;
2020-06-23 11:23:26 - [MESSAGE][INFO] - User set preference: ['args', '[--start-maximized]']&#xD;
&#xD;
2020-06-23 11:23:37 - [MESSAGE][PASSED] - Browser is opened with url: 'preprod.imibot.ai'&#xD;
&#xD;
2020-06-23 11:23:37 - [TEST_STEP][PASSED] - maximizeWindow(): Current window maximized&#xD;
&#xD;
2020-06-23 11:23:39 - [MESSAGE][PASSED] - Current window maximized&#xD;
&#xD;
2020-06-23 11:23:39 - [TEST_STEP][PASSED] - callTestCase(findTestCase("Generic/successfulLogin_Test"), [:], STOP_ON_FAILURE): Call Test Case 'Test Cases/Generic/successfulLogin_Test' successfully&#xD;
&#xD;
2020-06-23 11:23:39 - [TEST_CASE][PASSED] - Test Cases/Generic/successfulLogin_Test: Test Cases/Generic/successfulLogin_Test&#xD;
&#xD;
2020-06-23 11:23:39 - [TEST_STEP][PASSED] - sendKeys(findTestObject("Input/username"), USERNAME): Keys 'narendra.n@imimobile.com' sent to object: 'Object Repository/Input/username'&#xD;
&#xD;
2020-06-23 11:23:42 - [MESSAGE][PASSED] - Keys 'narendra.n@imimobile.com' sent to object: 'Object Repository/Input/username'&#xD;
&#xD;
2020-06-23 11:23:42 - [TEST_STEP][PASSED] - sendKeys(findTestObject("Input/password"), PASSWORD): Keys 'Test@2020' sent to object: 'Object Repository/Input/password'&#xD;
&#xD;
2020-06-23 11:23:45 - [MESSAGE][PASSED] - Keys 'Test@2020' sent to object: 'Object Repository/Input/password'&#xD;
&#xD;
2020-06-23 11:23:45 - [TEST_STEP][PASSED] - click(findTestObject("Button/signIn")): Object: 'Object Repository/Button/signIn' is clicked on&#xD;
&#xD;
2020-06-23 11:23:47 - [MESSAGE][PASSED] - Object: 'Object Repository/Button/signIn' is clicked on&#xD;
&#xD;
2020-06-23 11:23:47 - [TEST_STEP][PASSED] - if (!(waitForElementPresent(findTestObject("Button/createBot"), 30, OPTIONAL))): Object 'Object Repository/Button/createBot' is present&#xD;
&#xD;
2020-06-23 11:24:03 - [MESSAGE][PASSED] - Object 'Object Repository/Button/createBot' is present&#xD;
&#xD;
2020-06-23 11:24:03 - [MESSAGE][PASSED] - Call Test Case 'Test Cases/Generic/successfulLogin_Test' successfully&#xD;
&#xD;
2020-06-23 11:24:03 - [TEST_STEP][PASSED] - platform.Method.navigateToBot("Q&amp;A bots", FAQ_BOT): platform.Method.navigateToBot is PASSED&#xD;
&#xD;
2020-06-23 11:24:04 - [MESSAGE][PASSED] - Object 'Object Repository/Button/createBot' is present&#xD;
&#xD;
2020-06-23 11:24:06 - [MESSAGE][INFO] - Performing click action on bot&#xD;
&#xD;
2020-06-23 11:24:08 - [MESSAGE][PASSED] - platform.Method.navigateToBot is PASSED&#xD;
&#xD;
2020-06-23 11:24:08 - [TEST_STEP][PASSED] - platform.Method.clickOnElement(findTestObject("Generic/session")): platform.Method.clickOnElement is PASSED&#xD;
&#xD;
2020-06-23 11:24:12 - [MESSAGE][PASSED] - platform.Method.clickOnElement is PASSED&#xD;
&#xD;
2020-06-23 11:24:12 - [TEST_STEP][PASSED] - platform.Session.searchByRoomMetaData("Downvoted"): platform.Session.searchByRoomMetaData is PASSED&#xD;
&#xD;
2020-06-23 11:24:17 - [MESSAGE][PASSED] - platform.Session.searchByRoomMetaData is PASSED&#xD;
&#xD;
2020-06-23 11:24:17 - [TEST_STEP][PASSED] - verifyTextPresent(roomID, false, OPTIONAL): Text '1980282' is present on page &#xD;
&#xD;
2020-06-23 11:24:20 - [MESSAGE][PASSED] - Text '1980282' is present on page &#xD;
&#xD;
2020-06-23 11:24:20 - [TEST_STEP][PASSED] - platform.Method.clickOnElement(findTestObject("Generic/webObjectWithText", ["textValue":roomID])): platform.Method.clickOnElement is PASSED&#xD;
&#xD;
2020-06-23 11:24:22 - [MESSAGE][PASSED] - platform.Method.clickOnElement is PASSED&#xD;
&#xD;
2020-06-23 11:24:22 - [TEST_STEP][PASSED] - platform.Method.clickOnElement(findTestObject("GenericII/closePopup")): platform.Method.clickOnElement is PASSED&#xD;
&#xD;
2020-06-23 11:24:25 - [MESSAGE][PASSED] - platform.Method.clickOnElement is PASSED&#xD;
&#xD;
2020-06-23 11:24:25 - [TEST_STEP][PASSED] - platform.Method.clickOnElement(findTestObject("Button/clear")): platform.Method.clickOnElement is PASSED&#xD;
&#xD;
2020-06-23 11:24:27 - [MESSAGE][PASSED] - platform.Method.clickOnElement is PASSED&#xD;
&#xD;
2020-06-23 11:24:27 - [TEST_STEP][PASSED] - platform.Session.searchByRoomID(newRoomID): platform.Session.searchByRoomID is PASSED&#xD;
&#xD;
2020-06-23 11:24:31 - [MESSAGE][PASSED] - Text '1980283' is set on object 'Object Repository/Input/roomID'&#xD;
&#xD;
2020-06-23 11:24:33 - [MESSAGE][PASSED] - platform.Session.searchByRoomID is PASSED&#xD;
&#xD;
2020-06-23 11:24:33 - [TEST_STEP][PASSED] - verifyTextPresent(newRoomID, false, OPTIONAL): Text '1980283' is present on page &#xD;
&#xD;
2020-06-23 11:24:37 - [MESSAGE][PASSED] - Text '1980283' is present on page</system-out>
            <system-err></system-err>
        </testcase>
        <testcase name="Test Cases/Faqbot/agentHandoverE2E_Test" classname="Test Cases/Faqbot/agentHandoverE2E_Test" status="PASSED">
            <system-out>2020-06-23 11:24:37 - [TEST_CASE][PASSED] - Test Cases/Faqbot/agentHandoverE2E_Test: Test Cases/Faqbot/agentHandoverE2E_Test&#xD;
&#xD;
2020-06-23 11:24:37 - [TEST_STEP][PASSED] - Start listener action : setUp: Current window maximized&#xD;
&#xD;
2020-06-23 11:24:37 - [TEST_STEP][PASSED] - openBrowser(URL): Browser is opened with url: 'preprod.imibot.ai'&#xD;
&#xD;
2020-06-23 11:24:37 - [MESSAGE][WARNING] - A browser is already opened. Closing browser and opening a new one&#xD;
&#xD;
2020-06-23 11:24:39 - [MESSAGE][INFO] - Starting 'Chrome' driver&#xD;
&#xD;
2020-06-23 11:24:39 - [MESSAGE][INFO] - User set preference: ['args', '[--start-maximized]']&#xD;
&#xD;
2020-06-23 11:24:49 - [MESSAGE][PASSED] - Browser is opened with url: 'preprod.imibot.ai'&#xD;
&#xD;
2020-06-23 11:24:49 - [TEST_STEP][PASSED] - maximizeWindow(): Current window maximized&#xD;
&#xD;
2020-06-23 11:24:51 - [MESSAGE][PASSED] - Current window maximized&#xD;
&#xD;
2020-06-23 11:24:52 - [TEST_STEP][PASSED] - callTestCase(findTestCase("Generic/successfulLogin_Test"), [:], STOP_ON_FAILURE): Call Test Case 'Test Cases/Generic/successfulLogin_Test' successfully&#xD;
&#xD;
2020-06-23 11:24:52 - [TEST_CASE][PASSED] - Test Cases/Generic/successfulLogin_Test: Test Cases/Generic/successfulLogin_Test&#xD;
&#xD;
2020-06-23 11:24:52 - [TEST_STEP][PASSED] - sendKeys(findTestObject("Input/username"), USERNAME): Keys 'narendra.n@imimobile.com' sent to object: 'Object Repository/Input/username'&#xD;
&#xD;
2020-06-23 11:24:55 - [MESSAGE][PASSED] - Keys 'narendra.n@imimobile.com' sent to object: 'Object Repository/Input/username'&#xD;
&#xD;
2020-06-23 11:24:55 - [TEST_STEP][PASSED] - sendKeys(findTestObject("Input/password"), PASSWORD): Keys 'Test@2020' sent to object: 'Object Repository/Input/password'&#xD;
&#xD;
2020-06-23 11:24:58 - [MESSAGE][PASSED] - Keys 'Test@2020' sent to object: 'Object Repository/Input/password'&#xD;
&#xD;
2020-06-23 11:24:58 - [TEST_STEP][PASSED] - click(findTestObject("Button/signIn")): Object: 'Object Repository/Button/signIn' is clicked on&#xD;
&#xD;
2020-06-23 11:25:00 - [MESSAGE][PASSED] - Object: 'Object Repository/Button/signIn' is clicked on&#xD;
&#xD;
2020-06-23 11:25:00 - [TEST_STEP][PASSED] - if (!(waitForElementPresent(findTestObject("Button/createBot"), 30, OPTIONAL))): Object 'Object Repository/Button/createBot' is present&#xD;
&#xD;
2020-06-23 11:25:17 - [MESSAGE][PASSED] - Object 'Object Repository/Button/createBot' is present&#xD;
&#xD;
2020-06-23 11:25:17 - [MESSAGE][PASSED] - Call Test Case 'Test Cases/Generic/successfulLogin_Test' successfully&#xD;
&#xD;
2020-06-23 11:25:17 - [TEST_STEP][PASSED] - platform.Method.navigateToBot("Q&amp;A bots", FAQ_BOT): platform.Method.navigateToBot is PASSED&#xD;
&#xD;
2020-06-23 11:25:19 - [MESSAGE][PASSED] - Object 'Object Repository/Button/createBot' is present&#xD;
&#xD;
2020-06-23 11:25:21 - [MESSAGE][INFO] - Performing click action on bot&#xD;
&#xD;
2020-06-23 11:25:23 - [MESSAGE][PASSED] - platform.Method.navigateToBot is PASSED&#xD;
&#xD;
2020-06-23 11:25:23 - [TEST_STEP][PASSED] - platform.Method.enableAgentHandover(true, 3): platform.Method.enableAgentHandover is PASSED&#xD;
&#xD;
2020-06-23 11:25:41 - [MESSAGE][PASSED] - Text '2' is set on object 'Object Repository/Input/consecutiveMessage'&#xD;
&#xD;
2020-06-23 11:25:46 - [MESSAGE][PASSED] - Object 'Object Repository/ICONS/toastMsg' is present&#xD;
&#xD;
2020-06-23 11:25:46 - [MESSAGE][PASSED] - platform.Method.enableAgentHandover is PASSED&#xD;
&#xD;
2020-06-23 11:25:46 - [TEST_STEP][PASSED] - platform.Method.clickOnElement(findTestObject("Generic/articles")): platform.Method.clickOnElement is PASSED&#xD;
&#xD;
2020-06-23 11:25:48 - [MESSAGE][PASSED] - platform.Method.clickOnElement is PASSED&#xD;
&#xD;
2020-06-23 11:25:48 - [TEST_STEP][PASSED] - platform.Method.trainAndComment(comment): platform.Method.trainAndComment is PASSED&#xD;
&#xD;
2020-06-23 11:25:56 - [MESSAGE][PASSED] - Keys 'enabled agent handover' sent to object: 'Object Repository/Input/comment'&#xD;
&#xD;
2020-06-23 11:25:58 - [MESSAGE][PASSED] - platform.Method.trainAndComment is PASSED&#xD;
&#xD;
2020-06-23 11:25:58 - [TEST_STEP][PASSED] - try: Object 'Object Repository/ICONS/toastMsg' is present&#xD;
&#xD;
2020-06-23 11:25:58 - [TEST_STEP][PASSED] - waitForElementPresent(findTestObject("ICONS/toastMsg"), 20, OPTIONAL): Object 'Object Repository/ICONS/toastMsg' is present&#xD;
&#xD;
2020-06-23 11:26:05 - [MESSAGE][PASSED] - Object 'Object Repository/ICONS/toastMsg' is present&#xD;
&#xD;
2020-06-23 11:26:05 - [TEST_STEP][PASSED] - platform.Method.clickOnElement(findTestObject("Button/preview")): platform.Method.clickOnElement is PASSED&#xD;
&#xD;
2020-06-23 11:26:08 - [MESSAGE][PASSED] - platform.Method.clickOnElement is PASSED&#xD;
&#xD;
2020-06-23 11:26:08 - [TEST_STEP][PASSED] - for ([count = 1, count &lt;= 3, (count++)]): Delayed 1 second(s)&#xD;
&#xD;
2020-06-23 11:26:08 - [TEST_STEP][PASSED] - sendKeys(findTestObject("Input/chatInput"), Keys.chord(userQuery, ENTER)): Keys 'ENTER + verify transactions' sent to object: 'Object Repository/Input/chatInput'&#xD;
&#xD;
2020-06-23 11:26:11 - [MESSAGE][PASSED] - Keys 'ENTER + verify transactions' sent to object: 'Object Repository/Input/chatInput'&#xD;
&#xD;
2020-06-23 11:26:11 - [TEST_STEP][PASSED] - delay(1): Delayed 1 second(s)&#xD;
&#xD;
2020-06-23 11:26:12 - [MESSAGE][PASSED] - Delayed 1 second(s)&#xD;
&#xD;
2020-06-23 11:26:12 - [TEST_STEP][PASSED] - sendKeys(findTestObject("Input/chatInput"), Keys.chord(userQuery, ENTER)): Keys 'ENTER + verify transactions' sent to object: 'Object Repository/Input/chatInput'&#xD;
&#xD;
2020-06-23 11:26:14 - [MESSAGE][PASSED] - Keys 'ENTER + verify transactions' sent to object: 'Object Repository/Input/chatInput'&#xD;
&#xD;
2020-06-23 11:26:14 - [TEST_STEP][PASSED] - delay(1): Delayed 1 second(s)&#xD;
&#xD;
2020-06-23 11:26:15 - [MESSAGE][PASSED] - Delayed 1 second(s)&#xD;
&#xD;
2020-06-23 11:26:15 - [TEST_STEP][PASSED] - sendKeys(findTestObject("Input/chatInput"), Keys.chord(userQuery, ENTER)): Keys 'ENTER + verify transactions' sent to object: 'Object Repository/Input/chatInput'&#xD;
&#xD;
2020-06-23 11:26:18 - [MESSAGE][PASSED] - Keys 'ENTER + verify transactions' sent to object: 'Object Repository/Input/chatInput'&#xD;
&#xD;
2020-06-23 11:26:18 - [TEST_STEP][PASSED] - delay(1): Delayed 1 second(s)&#xD;
&#xD;
2020-06-23 11:26:19 - [MESSAGE][PASSED] - Delayed 1 second(s)&#xD;
&#xD;
2020-06-23 11:26:19 - [TEST_STEP][PASSED] - verifyElementText(findTestObject("GenericII/getBotResponse", ["index":5]), agentHandover, STOP_ON_FAILURE): Actual text and expected text of test object 'Object Repository/GenericII/getBotResponse' are matched.&#xD;
&#xD;
2020-06-23 11:26:21 - [MESSAGE][PASSED] - Actual text and expected text of test object 'Object Repository/GenericII/getBotResponse' are matched.&#xD;
&#xD;
2020-06-23 11:26:21 - [TEST_STEP][PASSED] - handOverRoomID = new java.util.ArrayList(): null&#xD;
&#xD;
2020-06-23 11:26:21 - [TEST_STEP][PASSED] - handOverRoomID = platform.Utility.getRoomID(): platform.Utility.getRoomID is PASSED&#xD;
&#xD;
2020-06-23 11:26:26 - [MESSAGE][PASSED] - platform.Utility.getRoomID is PASSED&#xD;
&#xD;
2020-06-23 11:26:26 - [TEST_STEP][PASSED] - getHandOverID = get(0).toString(): null&#xD;
&#xD;
2020-06-23 11:26:26 - [TEST_STEP][PASSED] - platform.Utility.overWriteTestData(sheetName, rowNumber, cellNumber, getHandOverID): platform.Utility.overWriteTestData is PASSED&#xD;
&#xD;
2020-06-23 11:26:26 - [MESSAGE][PASSED] - platform.Utility.overWriteTestData is PASSED&#xD;
&#xD;
2020-06-23 11:26:26 - [TEST_STEP][PASSED] - platform.Method.clickOnElement(findTestObject("GenericII/minimize")): platform.Method.clickOnElement is PASSED&#xD;
&#xD;
2020-06-23 11:26:28 - [MESSAGE][PASSED] - platform.Method.clickOnElement is PASSED&#xD;
&#xD;
2020-06-23 11:26:28 - [TEST_STEP][PASSED] - platform.Method.clickOnElement(findTestObject("Generic/curation")): platform.Method.clickOnElement is PASSED&#xD;
&#xD;
2020-06-23 11:26:31 - [MESSAGE][PASSED] - platform.Method.clickOnElement is PASSED&#xD;
&#xD;
2020-06-23 11:26:31 - [TEST_STEP][PASSED] - platform.Method.clickOnElement(findTestObject("NewRepo2/settingsOnCuration")): platform.Method.clickOnElement is PASSED&#xD;
&#xD;
2020-06-23 11:26:33 - [MESSAGE][PASSED] - platform.Method.clickOnElement is PASSED&#xD;
&#xD;
2020-06-23 11:26:33 - [TEST_STEP][PASSED] - platform.CurationSettings.disableAgentHandover(true): platform.CurationSettings.disableAgentHandover is PASSED&#xD;
&#xD;
2020-06-23 11:26:36 - [MESSAGE][PASSED] - Object: 'Object Repository/Toggle/agentHandover' is clicked on&#xD;
&#xD;
2020-06-23 11:26:36 - [MESSAGE][PASSED] - platform.CurationSettings.disableAgentHandover is PASSED&#xD;
&#xD;
2020-06-23 11:26:36 - [TEST_STEP][PASSED] - platform.Method.clickOnElement(findTestObject("Button/updateSettings")): platform.Method.clickOnElement is PASSED&#xD;
&#xD;
2020-06-23 11:26:38 - [MESSAGE][PASSED] - platform.Method.clickOnElement is PASSED&#xD;
&#xD;
2020-06-23 11:26:38 - [TEST_STEP][PASSED] - platform.Method.clickOnElement(findTestObject("Generic/webObjectWithText", ["textValue":"Issues"])): platform.Method.clickOnElement is PASSED&#xD;
&#xD;
2020-06-23 11:26:40 - [MESSAGE][PASSED] - platform.Method.clickOnElement is PASSED&#xD;
&#xD;
2020-06-23 11:26:40 - [TEST_STEP][PASSED] - platform.Method.clickOnElement(findTestObject("Button/preview")): platform.Method.clickOnElement is PASSED&#xD;
&#xD;
2020-06-23 11:26:43 - [MESSAGE][PASSED] - platform.Method.clickOnElement is PASSED&#xD;
&#xD;
2020-06-23 11:26:43 - [TEST_STEP][PASSED] - for ([count = 1, count &lt;= 3, (count++)]): Delayed 1 second(s)&#xD;
&#xD;
2020-06-23 11:26:43 - [TEST_STEP][PASSED] - sendKeys(findTestObject("Input/chatInput"), Keys.chord(userQuery, ENTER)): Keys 'ENTER + verify transactions' sent to object: 'Object Repository/Input/chatInput'&#xD;
&#xD;
2020-06-23 11:26:46 - [MESSAGE][PASSED] - Keys 'ENTER + verify transactions' sent to object: 'Object Repository/Input/chatInput'&#xD;
&#xD;
2020-06-23 11:26:46 - [TEST_STEP][PASSED] - delay(1): Delayed 1 second(s)&#xD;
&#xD;
2020-06-23 11:26:47 - [MESSAGE][PASSED] - Delayed 1 second(s)&#xD;
&#xD;
2020-06-23 11:26:47 - [TEST_STEP][PASSED] - sendKeys(findTestObject("Input/chatInput"), Keys.chord(userQuery, ENTER)): Keys 'ENTER + verify transactions' sent to object: 'Object Repository/Input/chatInput'&#xD;
&#xD;
2020-06-23 11:26:50 - [MESSAGE][PASSED] - Keys 'ENTER + verify transactions' sent to object: 'Object Repository/Input/chatInput'&#xD;
&#xD;
2020-06-23 11:26:50 - [TEST_STEP][PASSED] - delay(1): Delayed 1 second(s)&#xD;
&#xD;
2020-06-23 11:26:51 - [MESSAGE][PASSED] - Delayed 1 second(s)&#xD;
&#xD;
2020-06-23 11:26:51 - [TEST_STEP][PASSED] - sendKeys(findTestObject("Input/chatInput"), Keys.chord(userQuery, ENTER)): Keys 'ENTER + verify transactions' sent to object: 'Object Repository/Input/chatInput'&#xD;
&#xD;
2020-06-23 11:26:53 - [MESSAGE][PASSED] - Keys 'ENTER + verify transactions' sent to object: 'Object Repository/Input/chatInput'&#xD;
&#xD;
2020-06-23 11:26:53 - [TEST_STEP][PASSED] - delay(1): Delayed 1 second(s)&#xD;
&#xD;
2020-06-23 11:26:54 - [MESSAGE][PASSED] - Delayed 1 second(s)&#xD;
&#xD;
2020-06-23 11:26:54 - [TEST_STEP][PASSED] - newRoomID = new java.util.ArrayList(): null&#xD;
&#xD;
2020-06-23 11:26:54 - [TEST_STEP][PASSED] - newRoomID = platform.Utility.getRoomID(): platform.Utility.getRoomID is PASSED&#xD;
&#xD;
2020-06-23 11:27:00 - [MESSAGE][PASSED] - platform.Utility.getRoomID is PASSED&#xD;
&#xD;
2020-06-23 11:27:00 - [TEST_STEP][PASSED] - roomID = get(0).toString(): null&#xD;
&#xD;
2020-06-23 11:27:00 - [TEST_STEP][PASSED] - platform.Method.clickOnElement(findTestObject("GenericII/minimize")): platform.Method.clickOnElement is PASSED&#xD;
&#xD;
2020-06-23 11:27:02 - [MESSAGE][PASSED] - platform.Method.clickOnElement is PASSED&#xD;
&#xD;
2020-06-23 11:27:02 - [TEST_STEP][PASSED] - platform.Method.clickOnElement(findTestObject("NewRepo/refresh")): platform.Method.clickOnElement is PASSED&#xD;
&#xD;
2020-06-23 11:27:04 - [MESSAGE][PASSED] - platform.Method.clickOnElement is PASSED&#xD;
&#xD;
2020-06-23 11:27:04 - [TEST_STEP][PASSED] - sendKeys(findTestObject("Input/roomID", ["value":"room_id"]), roomID): Keys '1980289' sent to object: 'Object Repository/Input/roomID'&#xD;
&#xD;
2020-06-23 11:27:07 - [MESSAGE][PASSED] - Keys '1980289' sent to object: 'Object Repository/Input/roomID'&#xD;
&#xD;
2020-06-23 11:27:07 - [TEST_STEP][PASSED] - platform.Method.clickOnElement(findTestObject("Button/filter")): platform.Method.clickOnElement is PASSED&#xD;
&#xD;
2020-06-23 11:27:09 - [MESSAGE][PASSED] - platform.Method.clickOnElement is PASSED&#xD;
&#xD;
2020-06-23 11:27:09 - [TEST_STEP][PASSED] - verifyElementNotPresent(findTestObject("Generic/webObjectWithText", ["textValue":roomID]), 20, STOP_ON_FAILURE): Web element with id: 'Object Repository/Generic/webObjectWithText' located by 'By.xpath: //*[contains(text(),'1980289')]' is not present after '20' second(s)&#xD;
&#xD;
2020-06-23 11:27:10 - [MESSAGE][PASSED] - Web element with id: 'Object Repository/Generic/webObjectWithText' located by 'By.xpath: //*[contains(text(),'1980289')]' is not present after '20' second(s)</system-out>
            <system-err></system-err>
        </testcase>
        <testcase name="Test Cases/Faqbot/disabledLowConfidenceAndDownvote_Test" classname="Test Cases/Faqbot/disabledLowConfidenceAndDownvote_Test" status="PASSED">
            <system-out>2020-06-23 11:27:10 - [TEST_CASE][PASSED] - Test Cases/Faqbot/disabledLowConfidenceAndDownvote_Test: Test Cases/Faqbot/disabledLowConfidenceAndDownvote_Test&#xD;
&#xD;
2020-06-23 11:27:11 - [TEST_STEP][PASSED] - Start listener action : setUp: Current window maximized&#xD;
&#xD;
2020-06-23 11:27:11 - [TEST_STEP][PASSED] - openBrowser(URL): Browser is opened with url: 'preprod.imibot.ai'&#xD;
&#xD;
2020-06-23 11:27:11 - [MESSAGE][WARNING] - A browser is already opened. Closing browser and opening a new one&#xD;
&#xD;
2020-06-23 11:27:13 - [MESSAGE][INFO] - Starting 'Chrome' driver&#xD;
&#xD;
2020-06-23 11:27:13 - [MESSAGE][INFO] - User set preference: ['args', '[--start-maximized]']&#xD;
&#xD;
2020-06-23 11:27:23 - [MESSAGE][PASSED] - Browser is opened with url: 'preprod.imibot.ai'&#xD;
&#xD;
2020-06-23 11:27:23 - [TEST_STEP][PASSED] - maximizeWindow(): Current window maximized&#xD;
&#xD;
2020-06-23 11:27:25 - [MESSAGE][PASSED] - Current window maximized&#xD;
&#xD;
2020-06-23 11:27:26 - [TEST_STEP][PASSED] - callTestCase(findTestCase("Generic/successfulLogin_Test"), [:], STOP_ON_FAILURE): Call Test Case 'Test Cases/Generic/successfulLogin_Test' successfully&#xD;
&#xD;
2020-06-23 11:27:26 - [TEST_CASE][PASSED] - Test Cases/Generic/successfulLogin_Test: Test Cases/Generic/successfulLogin_Test&#xD;
&#xD;
2020-06-23 11:27:26 - [TEST_STEP][PASSED] - sendKeys(findTestObject("Input/username"), USERNAME): Keys 'narendra.n@imimobile.com' sent to object: 'Object Repository/Input/username'&#xD;
&#xD;
2020-06-23 11:27:28 - [MESSAGE][PASSED] - Keys 'narendra.n@imimobile.com' sent to object: 'Object Repository/Input/username'&#xD;
&#xD;
2020-06-23 11:27:28 - [TEST_STEP][PASSED] - sendKeys(findTestObject("Input/password"), PASSWORD): Keys 'Test@2020' sent to object: 'Object Repository/Input/password'&#xD;
&#xD;
2020-06-23 11:27:31 - [MESSAGE][PASSED] - Keys 'Test@2020' sent to object: 'Object Repository/Input/password'&#xD;
&#xD;
2020-06-23 11:27:31 - [TEST_STEP][PASSED] - click(findTestObject("Button/signIn")): Object: 'Object Repository/Button/signIn' is clicked on&#xD;
&#xD;
2020-06-23 11:27:34 - [MESSAGE][PASSED] - Object: 'Object Repository/Button/signIn' is clicked on&#xD;
&#xD;
2020-06-23 11:27:34 - [TEST_STEP][PASSED] - if (!(waitForElementPresent(findTestObject("Button/createBot"), 30, OPTIONAL))): Object 'Object Repository/Button/createBot' is present&#xD;
&#xD;
2020-06-23 11:27:49 - [MESSAGE][PASSED] - Object 'Object Repository/Button/createBot' is present&#xD;
&#xD;
2020-06-23 11:27:49 - [MESSAGE][PASSED] - Call Test Case 'Test Cases/Generic/successfulLogin_Test' successfully&#xD;
&#xD;
2020-06-23 11:27:49 - [TEST_STEP][PASSED] - platform.Method.navigateToBot("Q&amp;A bots", FAQ_BOT): platform.Method.navigateToBot is PASSED&#xD;
&#xD;
2020-06-23 11:27:50 - [MESSAGE][PASSED] - Object 'Object Repository/Button/createBot' is present&#xD;
&#xD;
2020-06-23 11:27:52 - [MESSAGE][INFO] - Performing click action on bot&#xD;
&#xD;
2020-06-23 11:27:54 - [MESSAGE][PASSED] - platform.Method.navigateToBot is PASSED&#xD;
&#xD;
2020-06-23 11:27:54 - [TEST_STEP][PASSED] - platform.Method.clickOnElement(findTestObject("Generic/articles")): platform.Method.clickOnElement is PASSED&#xD;
&#xD;
2020-06-23 11:27:59 - [MESSAGE][PASSED] - platform.Method.clickOnElement is PASSED&#xD;
&#xD;
2020-06-23 11:27:59 - [TEST_STEP][PASSED] - platform.Method.trainAndComment(comment): platform.Method.trainAndComment is PASSED&#xD;
&#xD;
2020-06-23 11:28:05 - [MESSAGE][INFO] - Unable to find the element located by 'By.xpath: //button[contains(text(),'Train')]'. Please recheck the objects properties to make sure the desired element is located. &#xD;
&#xD;
2020-06-23 11:28:05 - [MESSAGE][INFO] - BOT STATE IS TRAINED&#xD;
&#xD;
2020-06-23 11:28:05 - [MESSAGE][PASSED] - platform.Method.trainAndComment is PASSED&#xD;
&#xD;
2020-06-23 11:28:05 - [TEST_STEP][PASSED] - platform.Method.clickOnElement(findTestObject("Button/preview")): platform.Method.clickOnElement is PASSED&#xD;
&#xD;
2020-06-23 11:28:07 - [MESSAGE][PASSED] - platform.Method.clickOnElement is PASSED&#xD;
&#xD;
2020-06-23 11:28:07 - [TEST_STEP][PASSED] - sendKeys(findTestObject("Input/chatInput"), Keys.chord(userQuery, ENTER)): Keys 'ENTER + Is Gangadhar is Saktiman?' sent to object: 'Object Repository/Input/chatInput'&#xD;
&#xD;
2020-06-23 11:28:10 - [MESSAGE][PASSED] - Keys 'ENTER + Is Gangadhar is Saktiman?' sent to object: 'Object Repository/Input/chatInput'&#xD;
&#xD;
2020-06-23 11:28:10 - [TEST_STEP][PASSED] - oldRoomIdList = platform.Utility.getRoomID(): platform.Utility.getRoomID is PASSED&#xD;
&#xD;
2020-06-23 11:28:15 - [MESSAGE][PASSED] - platform.Utility.getRoomID is PASSED&#xD;
&#xD;
2020-06-23 11:28:15 - [TEST_STEP][PASSED] - oldRoomID = get(0).toString(): null&#xD;
&#xD;
2020-06-23 11:28:15 - [TEST_STEP][PASSED] - platform.Method.clickOnElement(findTestObject("GenericII/minimize")): platform.Method.clickOnElement is PASSED&#xD;
&#xD;
2020-06-23 11:28:17 - [MESSAGE][PASSED] - platform.Method.clickOnElement is PASSED&#xD;
&#xD;
2020-06-23 11:28:17 - [TEST_STEP][PASSED] - platform.Method.clickOnElement(findTestObject("Generic/curation")): platform.Method.clickOnElement is PASSED&#xD;
&#xD;
2020-06-23 11:28:20 - [MESSAGE][PASSED] - platform.Method.clickOnElement is PASSED&#xD;
&#xD;
2020-06-23 11:28:20 - [TEST_STEP][PASSED] - platform.Method.clickOnElement(findTestObject("Generic/webObjectWithText", ["textValue":"Issues"])): platform.Method.clickOnElement is PASSED&#xD;
&#xD;
2020-06-23 11:28:23 - [MESSAGE][PASSED] - platform.Method.clickOnElement is PASSED&#xD;
&#xD;
2020-06-23 11:28:23 - [TEST_STEP][PASSED] - platform.CurationSettings.filterRuleTriggered("Low confidence"): platform.CurationSettings.filterRuleTriggered is PASSED&#xD;
&#xD;
2020-06-23 11:28:26 - [MESSAGE][PASSED] - Object: 'Object Repository/Generic/webObjectWithText' is clicked on&#xD;
&#xD;
2020-06-23 11:28:28 - [MESSAGE][PASSED] - Object: 'Object Repository/Generic/webObjectWithText' is clicked on&#xD;
&#xD;
2020-06-23 11:28:30 - [MESSAGE][PASSED] - Object: 'Object Repository/Button/filter' is clicked on&#xD;
&#xD;
2020-06-23 11:28:30 - [MESSAGE][PASSED] - platform.CurationSettings.filterRuleTriggered is PASSED&#xD;
&#xD;
2020-06-23 11:28:30 - [TEST_STEP][PASSED] - verifyTextPresent(oldRoomID, false, STOP_ON_FAILURE): Text '1980290' is present on page &#xD;
&#xD;
2020-06-23 11:28:33 - [MESSAGE][PASSED] - Text '1980290' is present on page &#xD;
&#xD;
2020-06-23 11:28:33 - [TEST_STEP][PASSED] - clearBtn = modifyObjectProperty(findTestObject("Button/clear"), "xpath", "not equals", "//button[text()='Clear']", true, STOP_ON_FAILURE): Modify property of object successfully&#xD;
&#xD;
2020-06-23 11:28:33 - [MESSAGE][PASSED] - Modify property of object successfully&#xD;
&#xD;
2020-06-23 11:28:33 - [TEST_STEP][PASSED] - platform.Method.clickOnElement(clearBtn): platform.Method.clickOnElement is PASSED&#xD;
&#xD;
2020-06-23 11:28:36 - [MESSAGE][PASSED] - platform.Method.clickOnElement is PASSED&#xD;
&#xD;
2020-06-23 11:28:36 - [TEST_STEP][PASSED] - platform.Method.clickOnElement(findTestObject("NewRepo2/settingsOnCuration")): platform.Method.clickOnElement is PASSED&#xD;
&#xD;
2020-06-23 11:28:38 - [MESSAGE][PASSED] - platform.Method.clickOnElement is PASSED&#xD;
&#xD;
2020-06-23 11:28:38 - [TEST_STEP][PASSED] - platform.CurationSettings.disableDownvoted(true): platform.CurationSettings.disableDownvoted is PASSED&#xD;
&#xD;
2020-06-23 11:28:41 - [MESSAGE][PASSED] - Object: 'Object Repository/Toggle/downvoted' is clicked on&#xD;
&#xD;
2020-06-23 11:28:41 - [MESSAGE][PASSED] - platform.CurationSettings.disableDownvoted is PASSED&#xD;
&#xD;
2020-06-23 11:28:41 - [TEST_STEP][PASSED] - platform.CurationSettings.disableLowConfidence(true): platform.CurationSettings.disableLowConfidence is PASSED&#xD;
&#xD;
2020-06-23 11:28:43 - [MESSAGE][PASSED] - Object: 'Object Repository/Toggle/lowConfidence' is clicked on&#xD;
&#xD;
2020-06-23 11:28:43 - [MESSAGE][PASSED] - platform.CurationSettings.disableLowConfidence is PASSED&#xD;
&#xD;
2020-06-23 11:28:43 - [TEST_STEP][PASSED] - platform.Method.clickOnElement(findTestObject("Button/updateSettings")): platform.Method.clickOnElement is PASSED&#xD;
&#xD;
2020-06-23 11:28:45 - [MESSAGE][PASSED] - platform.Method.clickOnElement is PASSED&#xD;
&#xD;
2020-06-23 11:28:45 - [TEST_STEP][PASSED] - platform.Method.clickOnElement(findTestObject("Generic/webObjectWithText", ["textValue":"Issues"])): platform.Method.clickOnElement is PASSED&#xD;
&#xD;
2020-06-23 11:28:48 - [MESSAGE][PASSED] - platform.Method.clickOnElement is PASSED&#xD;
&#xD;
2020-06-23 11:28:48 - [TEST_STEP][PASSED] - platform.Method.clickOnElement(findTestObject("Button/preview")): platform.Method.clickOnElement is PASSED&#xD;
&#xD;
2020-06-23 11:28:50 - [MESSAGE][PASSED] - platform.Method.clickOnElement is PASSED&#xD;
&#xD;
2020-06-23 11:28:50 - [TEST_STEP][PASSED] - sendKeys(findTestObject("Input/chatInput"), Keys.chord(userQuery, ENTER)): Keys 'ENTER + Is Gangadhar is Saktiman?' sent to object: 'Object Repository/Input/chatInput'&#xD;
&#xD;
2020-06-23 11:28:53 - [MESSAGE][PASSED] - Keys 'ENTER + Is Gangadhar is Saktiman?' sent to object: 'Object Repository/Input/chatInput'&#xD;
&#xD;
2020-06-23 11:28:53 - [TEST_STEP][PASSED] - delay(1): Delayed 1 second(s)&#xD;
&#xD;
2020-06-23 11:28:54 - [MESSAGE][PASSED] - Delayed 1 second(s)&#xD;
&#xD;
2020-06-23 11:28:54 - [TEST_STEP][PASSED] - platform.Preview.downvoteResponseWithoutComment(): platform.Preview.downvoteResponseWithoutComment is PASSED&#xD;
&#xD;
2020-06-23 11:28:57 - [MESSAGE][PASSED] - Object: 'Object Repository/Button/downvote' is clicked on&#xD;
&#xD;
2020-06-23 11:28:59 - [MESSAGE][PASSED] - platform.Preview.downvoteResponseWithoutComment is PASSED&#xD;
&#xD;
2020-06-23 11:28:59 - [TEST_STEP][PASSED] - newRoomIdList = platform.Utility.getRoomID(): platform.Utility.getRoomID is PASSED&#xD;
&#xD;
2020-06-23 11:29:04 - [MESSAGE][PASSED] - platform.Utility.getRoomID is PASSED&#xD;
&#xD;
2020-06-23 11:29:04 - [TEST_STEP][PASSED] - platform.Method.clickOnElement(findTestObject("GenericII/minimize")): platform.Method.clickOnElement is PASSED&#xD;
&#xD;
2020-06-23 11:29:07 - [MESSAGE][PASSED] - platform.Method.clickOnElement is PASSED&#xD;
&#xD;
2020-06-23 11:29:07 - [TEST_STEP][PASSED] - platform.Method.clickOnElement(findTestObject("NewRepo/refresh")): platform.Method.clickOnElement is PASSED&#xD;
&#xD;
2020-06-23 11:29:09 - [MESSAGE][PASSED] - platform.Method.clickOnElement is PASSED&#xD;
&#xD;
2020-06-23 11:29:09 - [TEST_STEP][PASSED] - newRoomID = get(0).toString(): null&#xD;
&#xD;
2020-06-23 11:29:09 - [TEST_STEP][PASSED] - sendKeys(findTestObject("Input/roomID", ["value":"room_id"]), newRoomID): Keys '1980291' sent to object: 'Object Repository/Input/roomID'&#xD;
&#xD;
2020-06-23 11:29:12 - [MESSAGE][PASSED] - Keys '1980291' sent to object: 'Object Repository/Input/roomID'&#xD;
&#xD;
2020-06-23 11:29:12 - [TEST_STEP][PASSED] - platform.Method.clickOnElement(findTestObject("Button/filter")): platform.Method.clickOnElement is PASSED&#xD;
&#xD;
2020-06-23 11:29:14 - [MESSAGE][PASSED] - platform.Method.clickOnElement is PASSED&#xD;
&#xD;
2020-06-23 11:29:14 - [TEST_STEP][PASSED] - verifyTextNotPresent(newRoomID, false, STOP_ON_FAILURE): Text '1980291' is not present on page&#xD;
&#xD;
2020-06-23 11:29:17 - [MESSAGE][PASSED] - Text '1980291' is not present on page</system-out>
            <system-err></system-err>
        </testcase>
        <testcase name="Test Cases/Faqbot/disabledPartialMatch_Test" classname="Test Cases/Faqbot/disabledPartialMatch_Test" status="PASSED">
            <system-out>2020-06-23 11:29:17 - [TEST_CASE][PASSED] - Test Cases/Faqbot/disabledPartialMatch_Test: Test Cases/Faqbot/disabledPartialMatch_Test&#xD;
&#xD;
2020-06-23 11:29:17 - [TEST_STEP][PASSED] - Start listener action : setUp: Current window maximized&#xD;
&#xD;
2020-06-23 11:29:17 - [TEST_STEP][PASSED] - openBrowser(URL): Browser is opened with url: 'preprod.imibot.ai'&#xD;
&#xD;
2020-06-23 11:29:17 - [MESSAGE][WARNING] - A browser is already opened. Closing browser and opening a new one&#xD;
&#xD;
2020-06-23 11:29:19 - [MESSAGE][INFO] - Starting 'Chrome' driver&#xD;
&#xD;
2020-06-23 11:29:19 - [MESSAGE][INFO] - User set preference: ['args', '[--start-maximized]']&#xD;
&#xD;
2020-06-23 11:29:31 - [MESSAGE][PASSED] - Browser is opened with url: 'preprod.imibot.ai'&#xD;
&#xD;
2020-06-23 11:29:31 - [TEST_STEP][PASSED] - maximizeWindow(): Current window maximized&#xD;
&#xD;
2020-06-23 11:29:33 - [MESSAGE][PASSED] - Current window maximized&#xD;
&#xD;
2020-06-23 11:29:33 - [TEST_STEP][PASSED] - callTestCase(findTestCase("Generic/successfulLogin_Test"), [:], STOP_ON_FAILURE): Call Test Case 'Test Cases/Generic/successfulLogin_Test' successfully&#xD;
&#xD;
2020-06-23 11:29:33 - [TEST_CASE][PASSED] - Test Cases/Generic/successfulLogin_Test: Test Cases/Generic/successfulLogin_Test&#xD;
&#xD;
2020-06-23 11:29:34 - [TEST_STEP][PASSED] - sendKeys(findTestObject("Input/username"), USERNAME): Keys 'narendra.n@imimobile.com' sent to object: 'Object Repository/Input/username'&#xD;
&#xD;
2020-06-23 11:29:36 - [MESSAGE][PASSED] - Keys 'narendra.n@imimobile.com' sent to object: 'Object Repository/Input/username'&#xD;
&#xD;
2020-06-23 11:29:36 - [TEST_STEP][PASSED] - sendKeys(findTestObject("Input/password"), PASSWORD): Keys 'Test@2020' sent to object: 'Object Repository/Input/password'&#xD;
&#xD;
2020-06-23 11:29:39 - [MESSAGE][PASSED] - Keys 'Test@2020' sent to object: 'Object Repository/Input/password'&#xD;
&#xD;
2020-06-23 11:29:39 - [TEST_STEP][PASSED] - click(findTestObject("Button/signIn")): Object: 'Object Repository/Button/signIn' is clicked on&#xD;
&#xD;
2020-06-23 11:29:42 - [MESSAGE][PASSED] - Object: 'Object Repository/Button/signIn' is clicked on&#xD;
&#xD;
2020-06-23 11:29:42 - [TEST_STEP][PASSED] - if (!(waitForElementPresent(findTestObject("Button/createBot"), 30, OPTIONAL))): Object 'Object Repository/Button/createBot' is present&#xD;
&#xD;
2020-06-23 11:29:54 - [MESSAGE][PASSED] - Object 'Object Repository/Button/createBot' is present&#xD;
&#xD;
2020-06-23 11:29:54 - [MESSAGE][PASSED] - Call Test Case 'Test Cases/Generic/successfulLogin_Test' successfully&#xD;
&#xD;
2020-06-23 11:29:54 - [TEST_STEP][PASSED] - platform.Method.navigateToBot("Q&amp;A bots", FAQ_BOT): platform.Method.navigateToBot is PASSED&#xD;
&#xD;
2020-06-23 11:29:55 - [MESSAGE][PASSED] - Object 'Object Repository/Button/createBot' is present&#xD;
&#xD;
2020-06-23 11:29:57 - [MESSAGE][INFO] - Performing click action on bot&#xD;
&#xD;
2020-06-23 11:30:00 - [MESSAGE][PASSED] - platform.Method.navigateToBot is PASSED&#xD;
&#xD;
2020-06-23 11:30:00 - [TEST_STEP][PASSED] - platform.Method.toClickOnWebElement(findTestObject("Generic/articles")): platform.Method.toClickOnWebElement is PASSED&#xD;
&#xD;
2020-06-23 11:30:04 - [MESSAGE][PASSED] - Object: 'Object Repository/Generic/articles' is clicked on&#xD;
&#xD;
2020-06-23 11:30:04 - [MESSAGE][PASSED] - platform.Method.toClickOnWebElement is PASSED&#xD;
&#xD;
2020-06-23 11:30:04 - [TEST_STEP][PASSED] - platform.Method.trainAndComment(comment): platform.Method.trainAndComment is PASSED&#xD;
&#xD;
2020-06-23 11:30:10 - [MESSAGE][INFO] - Unable to find the element located by 'By.xpath: //button[contains(text(),'Train')]'. Please recheck the objects properties to make sure the desired element is located. &#xD;
&#xD;
2020-06-23 11:30:10 - [MESSAGE][INFO] - BOT STATE IS TRAINED&#xD;
&#xD;
2020-06-23 11:30:10 - [MESSAGE][PASSED] - platform.Method.trainAndComment is PASSED&#xD;
&#xD;
2020-06-23 11:30:10 - [TEST_STEP][PASSED] - platform.Method.toClickOnWebElement(findTestObject("Generic/curation")): platform.Method.toClickOnWebElement is PASSED&#xD;
&#xD;
2020-06-23 11:30:13 - [MESSAGE][PASSED] - Object: 'Object Repository/Generic/curation' is clicked on&#xD;
&#xD;
2020-06-23 11:30:13 - [MESSAGE][PASSED] - platform.Method.toClickOnWebElement is PASSED&#xD;
&#xD;
2020-06-23 11:30:13 - [TEST_STEP][PASSED] - platform.Method.toClickOnWebElement(findTestObject("NewRepo2/settingsOnCuration")): platform.Method.toClickOnWebElement is PASSED&#xD;
&#xD;
2020-06-23 11:30:16 - [MESSAGE][PASSED] - Object: 'Object Repository/NewRepo2/settingsOnCuration' is clicked on&#xD;
&#xD;
2020-06-23 11:30:16 - [MESSAGE][PASSED] - platform.Method.toClickOnWebElement is PASSED&#xD;
&#xD;
2020-06-23 11:30:16 - [TEST_STEP][PASSED] - platform.CurationSettings.disablePartialMatch(true): platform.CurationSettings.disablePartialMatch is PASSED&#xD;
&#xD;
2020-06-23 11:30:18 - [MESSAGE][PASSED] - Object: 'Object Repository/Toggle/partialMatch' is clicked on&#xD;
&#xD;
2020-06-23 11:30:18 - [MESSAGE][PASSED] - platform.CurationSettings.disablePartialMatch is PASSED&#xD;
&#xD;
2020-06-23 11:30:18 - [TEST_STEP][PASSED] - platform.Method.toClickOnWebElement(findTestObject("Button/updateSettings")): platform.Method.toClickOnWebElement is PASSED&#xD;
&#xD;
2020-06-23 11:30:21 - [MESSAGE][PASSED] - Object: 'Object Repository/Button/updateSettings' is clicked on&#xD;
&#xD;
2020-06-23 11:30:21 - [MESSAGE][PASSED] - platform.Method.toClickOnWebElement is PASSED&#xD;
&#xD;
2020-06-23 11:30:21 - [TEST_STEP][PASSED] - platform.Method.toClickOnWebElement(findTestObject("Generic/webObjectWithText", ["textValue":"Issues"])): platform.Method.toClickOnWebElement is PASSED&#xD;
&#xD;
2020-06-23 11:30:25 - [MESSAGE][PASSED] - Object: 'Object Repository/Generic/webObjectWithText' is clicked on&#xD;
&#xD;
2020-06-23 11:30:25 - [MESSAGE][PASSED] - platform.Method.toClickOnWebElement is PASSED&#xD;
&#xD;
2020-06-23 11:30:25 - [TEST_STEP][PASSED] - platform.Method.clickOnElement(findTestObject("Button/preview")): platform.Method.clickOnElement is PASSED&#xD;
&#xD;
2020-06-23 11:30:27 - [MESSAGE][PASSED] - platform.Method.clickOnElement is PASSED&#xD;
&#xD;
2020-06-23 11:30:27 - [TEST_STEP][PASSED] - platform.Preview.verifyBotTextResponse(userQuery, 2, partialMatch): platform.Preview.verifyBotTextResponse is PASSED&#xD;
&#xD;
2020-06-23 11:30:30 - [MESSAGE][PASSED] - Keys 'ENTER + Mybank credit card' sent to object: 'Object Repository/Input/chatInput'&#xD;
&#xD;
2020-06-23 11:30:31 - [MESSAGE][PASSED] - Object 'Object Repository/GenericII/getBotResponse' is present&#xD;
&#xD;
2020-06-23 11:30:34 - [MESSAGE][PASSED] - Actual text and expected text of test object 'Object Repository/GenericII/getBotResponse' are matched.&#xD;
&#xD;
2020-06-23 11:30:34 - [MESSAGE][PASSED] - platform.Preview.verifyBotTextResponse is PASSED&#xD;
&#xD;
2020-06-23 11:30:34 - [TEST_STEP][PASSED] - getRoomIdAt = new java.util.ArrayList(): null&#xD;
&#xD;
2020-06-23 11:30:34 - [TEST_STEP][PASSED] - getRoomIdAt = platform.Utility.getRoomID(): platform.Utility.getRoomID is PASSED&#xD;
&#xD;
2020-06-23 11:30:38 - [MESSAGE][PASSED] - platform.Utility.getRoomID is PASSED&#xD;
&#xD;
2020-06-23 11:30:38 - [TEST_STEP][PASSED] - platform.Method.toClickOnWebElement(findTestObject("GenericII/minimize")): platform.Method.toClickOnWebElement is PASSED&#xD;
&#xD;
2020-06-23 11:30:40 - [MESSAGE][PASSED] - Object: 'Object Repository/GenericII/minimize' is clicked on&#xD;
&#xD;
2020-06-23 11:30:40 - [MESSAGE][PASSED] - platform.Method.toClickOnWebElement is PASSED&#xD;
&#xD;
2020-06-23 11:30:40 - [TEST_STEP][PASSED] - platform.Method.toClickOnWebElement(findTestObject("NewRepo/refresh")): platform.Method.toClickOnWebElement is PASSED&#xD;
&#xD;
2020-06-23 11:30:43 - [MESSAGE][PASSED] - Object: 'Object Repository/NewRepo/refresh' is clicked on&#xD;
&#xD;
2020-06-23 11:30:43 - [MESSAGE][PASSED] - platform.Method.toClickOnWebElement is PASSED&#xD;
&#xD;
2020-06-23 11:30:43 - [TEST_STEP][PASSED] - roomID = get(0).toString(): null&#xD;
&#xD;
2020-06-23 11:30:43 - [TEST_STEP][PASSED] - sendKeys(findTestObject("Input/roomID", ["value":"room_id"]), roomID): Keys '1980293' sent to object: 'Object Repository/Input/roomID'&#xD;
&#xD;
2020-06-23 11:30:46 - [MESSAGE][PASSED] - Keys '1980293' sent to object: 'Object Repository/Input/roomID'&#xD;
&#xD;
2020-06-23 11:30:46 - [TEST_STEP][PASSED] - platform.Method.toClickOnWebElement(findTestObject("Button/filter")): platform.Method.toClickOnWebElement is PASSED&#xD;
&#xD;
2020-06-23 11:30:48 - [MESSAGE][PASSED] - Object: 'Object Repository/Button/filter' is clicked on&#xD;
&#xD;
2020-06-23 11:30:48 - [MESSAGE][PASSED] - platform.Method.toClickOnWebElement is PASSED&#xD;
&#xD;
2020-06-23 11:30:48 - [TEST_STEP][PASSED] - verifyTextNotPresent(roomID, false, STOP_ON_FAILURE): Text '1980293' is not present on page&#xD;
&#xD;
2020-06-23 11:30:51 - [MESSAGE][PASSED] - Text '1980293' is not present on page</system-out>
            <system-err></system-err>
        </testcase>
        <testcase name="Test Cases/Faqbot/disabledFallback_Test" classname="Test Cases/Faqbot/disabledFallback_Test" status="PASSED">
            <system-out>2020-06-23 11:30:51 - [TEST_CASE][PASSED] - Test Cases/Faqbot/disabledFallback_Test: Test Cases/Faqbot/disabledFallback_Test&#xD;
&#xD;
2020-06-23 11:30:51 - [TEST_STEP][PASSED] - Start listener action : setUp: Current window maximized&#xD;
&#xD;
2020-06-23 11:30:51 - [TEST_STEP][PASSED] - openBrowser(URL): Browser is opened with url: 'preprod.imibot.ai'&#xD;
&#xD;
2020-06-23 11:30:51 - [MESSAGE][WARNING] - A browser is already opened. Closing browser and opening a new one&#xD;
&#xD;
2020-06-23 11:30:53 - [MESSAGE][INFO] - Starting 'Chrome' driver&#xD;
&#xD;
2020-06-23 11:30:53 - [MESSAGE][INFO] - User set preference: ['args', '[--start-maximized]']&#xD;
&#xD;
2020-06-23 11:31:03 - [MESSAGE][PASSED] - Browser is opened with url: 'preprod.imibot.ai'&#xD;
&#xD;
2020-06-23 11:31:03 - [TEST_STEP][PASSED] - maximizeWindow(): Current window maximized&#xD;
&#xD;
2020-06-23 11:31:05 - [MESSAGE][PASSED] - Current window maximized&#xD;
&#xD;
2020-06-23 11:31:06 - [TEST_STEP][PASSED] - callTestCase(findTestCase("Generic/successfulLogin_Test"), [:], STOP_ON_FAILURE): Call Test Case 'Test Cases/Generic/successfulLogin_Test' successfully&#xD;
&#xD;
2020-06-23 11:31:06 - [TEST_CASE][PASSED] - Test Cases/Generic/successfulLogin_Test: Test Cases/Generic/successfulLogin_Test&#xD;
&#xD;
2020-06-23 11:31:06 - [TEST_STEP][PASSED] - sendKeys(findTestObject("Input/username"), USERNAME): Keys 'narendra.n@imimobile.com' sent to object: 'Object Repository/Input/username'&#xD;
&#xD;
2020-06-23 11:31:09 - [MESSAGE][PASSED] - Keys 'narendra.n@imimobile.com' sent to object: 'Object Repository/Input/username'&#xD;
&#xD;
2020-06-23 11:31:09 - [TEST_STEP][PASSED] - sendKeys(findTestObject("Input/password"), PASSWORD): Keys 'Test@2020' sent to object: 'Object Repository/Input/password'&#xD;
&#xD;
2020-06-23 11:31:12 - [MESSAGE][PASSED] - Keys 'Test@2020' sent to object: 'Object Repository/Input/password'&#xD;
&#xD;
2020-06-23 11:31:12 - [TEST_STEP][PASSED] - click(findTestObject("Button/signIn")): Object: 'Object Repository/Button/signIn' is clicked on&#xD;
&#xD;
2020-06-23 11:31:14 - [MESSAGE][PASSED] - Object: 'Object Repository/Button/signIn' is clicked on&#xD;
&#xD;
2020-06-23 11:31:14 - [TEST_STEP][PASSED] - if (!(waitForElementPresent(findTestObject("Button/createBot"), 30, OPTIONAL))): Object 'Object Repository/Button/createBot' is present&#xD;
&#xD;
2020-06-23 11:31:30 - [MESSAGE][PASSED] - Object 'Object Repository/Button/createBot' is present&#xD;
&#xD;
2020-06-23 11:31:30 - [MESSAGE][PASSED] - Call Test Case 'Test Cases/Generic/successfulLogin_Test' successfully&#xD;
&#xD;
2020-06-23 11:31:30 - [TEST_STEP][PASSED] - platform.Method.navigateToBot("Q&amp;A bots", FAQ_BOT): platform.Method.navigateToBot is PASSED&#xD;
&#xD;
2020-06-23 11:31:31 - [MESSAGE][PASSED] - Object 'Object Repository/Button/createBot' is present&#xD;
&#xD;
2020-06-23 11:31:33 - [MESSAGE][INFO] - Performing click action on bot&#xD;
&#xD;
2020-06-23 11:31:35 - [MESSAGE][PASSED] - platform.Method.navigateToBot is PASSED&#xD;
&#xD;
2020-06-23 11:31:35 - [TEST_STEP][PASSED] - platform.Method.toClickOnWebElement(findTestObject("Generic/articles")): platform.Method.toClickOnWebElement is PASSED&#xD;
&#xD;
2020-06-23 11:31:39 - [MESSAGE][PASSED] - Object: 'Object Repository/Generic/articles' is clicked on&#xD;
&#xD;
2020-06-23 11:31:39 - [MESSAGE][PASSED] - platform.Method.toClickOnWebElement is PASSED&#xD;
&#xD;
2020-06-23 11:31:39 - [TEST_STEP][PASSED] - platform.Method.trainAndComment(comment): platform.Method.trainAndComment is PASSED&#xD;
&#xD;
2020-06-23 11:31:46 - [MESSAGE][INFO] - Unable to find the element located by 'By.xpath: //button[contains(text(),'Train')]'. Please recheck the objects properties to make sure the desired element is located. &#xD;
&#xD;
2020-06-23 11:31:46 - [MESSAGE][INFO] - BOT STATE IS TRAINED&#xD;
&#xD;
2020-06-23 11:31:46 - [MESSAGE][PASSED] - platform.Method.trainAndComment is PASSED&#xD;
&#xD;
2020-06-23 11:31:46 - [TEST_STEP][PASSED] - platform.Method.toClickOnWebElement(findTestObject("Generic/curation")): platform.Method.toClickOnWebElement is PASSED&#xD;
&#xD;
2020-06-23 11:31:48 - [MESSAGE][PASSED] - Object: 'Object Repository/Generic/curation' is clicked on&#xD;
&#xD;
2020-06-23 11:31:48 - [MESSAGE][PASSED] - platform.Method.toClickOnWebElement is PASSED&#xD;
&#xD;
2020-06-23 11:31:48 - [TEST_STEP][PASSED] - platform.Method.toClickOnWebElement(findTestObject("NewRepo2/settingsOnCuration")): platform.Method.toClickOnWebElement is PASSED&#xD;
&#xD;
2020-06-23 11:31:52 - [MESSAGE][PASSED] - Object: 'Object Repository/NewRepo2/settingsOnCuration' is clicked on&#xD;
&#xD;
2020-06-23 11:31:52 - [MESSAGE][PASSED] - platform.Method.toClickOnWebElement is PASSED&#xD;
&#xD;
2020-06-23 11:31:52 - [TEST_STEP][PASSED] - platform.CurationSettings.disableFallback(true): platform.CurationSettings.disableFallback is PASSED&#xD;
&#xD;
2020-06-23 11:31:54 - [MESSAGE][PASSED] - Object: 'Object Repository/Toggle/fallback' is clicked on&#xD;
&#xD;
2020-06-23 11:31:54 - [MESSAGE][PASSED] - platform.CurationSettings.disableFallback is PASSED&#xD;
&#xD;
2020-06-23 11:31:54 - [TEST_STEP][PASSED] - platform.Method.toClickOnWebElement(findTestObject("Button/updateSettings")): platform.Method.toClickOnWebElement is PASSED&#xD;
&#xD;
2020-06-23 11:31:57 - [MESSAGE][PASSED] - Object: 'Object Repository/Button/updateSettings' is clicked on&#xD;
&#xD;
2020-06-23 11:31:57 - [MESSAGE][PASSED] - platform.Method.toClickOnWebElement is PASSED&#xD;
&#xD;
2020-06-23 11:31:57 - [TEST_STEP][PASSED] - platform.Method.toClickOnWebElement(findTestObject("Generic/webObjectWithText", ["textValue":"Issues"])): platform.Method.toClickOnWebElement is PASSED&#xD;
&#xD;
2020-06-23 11:31:59 - [MESSAGE][PASSED] - Object: 'Object Repository/Generic/webObjectWithText' is clicked on&#xD;
&#xD;
2020-06-23 11:31:59 - [MESSAGE][PASSED] - platform.Method.toClickOnWebElement is PASSED&#xD;
&#xD;
2020-06-23 11:31:59 - [TEST_STEP][PASSED] - platform.Method.clickOnElement(findTestObject("Button/preview")): platform.Method.clickOnElement is PASSED&#xD;
&#xD;
2020-06-23 11:32:02 - [MESSAGE][PASSED] - platform.Method.clickOnElement is PASSED&#xD;
&#xD;
2020-06-23 11:32:02 - [TEST_STEP][PASSED] - sendKeys(findTestObject("Input/chatInput"), Keys.chord(userQuery, ENTER)): Keys 'ENTER + qwerty asdfg zxcvb' sent to object: 'Object Repository/Input/chatInput'&#xD;
&#xD;
2020-06-23 11:32:05 - [MESSAGE][PASSED] - Keys 'ENTER + qwerty asdfg zxcvb' sent to object: 'Object Repository/Input/chatInput'&#xD;
&#xD;
2020-06-23 11:32:05 - [TEST_STEP][PASSED] - waitForElementPresent(findTestObject("GenericII/getBotResponse", ["index":2]), 20): Object 'Object Repository/GenericII/getBotResponse' is present&#xD;
&#xD;
2020-06-23 11:32:06 - [MESSAGE][PASSED] - Object 'Object Repository/GenericII/getBotResponse' is present&#xD;
&#xD;
2020-06-23 11:32:06 - [TEST_STEP][PASSED] - verifyElementText(findTestObject("GenericII/getBotResponse", ["index":2]), fallbackMessage, STOP_ON_FAILURE): Actual text and expected text of test object 'Object Repository/GenericII/getBotResponse' are matched.&#xD;
&#xD;
2020-06-23 11:32:08 - [MESSAGE][PASSED] - Actual text and expected text of test object 'Object Repository/GenericII/getBotResponse' are matched.&#xD;
&#xD;
2020-06-23 11:32:08 - [TEST_STEP][PASSED] - getRoomIdAt = new java.util.ArrayList(): null&#xD;
&#xD;
2020-06-23 11:32:08 - [TEST_STEP][PASSED] - getRoomIdAt = platform.Utility.getRoomID(): platform.Utility.getRoomID is PASSED&#xD;
&#xD;
2020-06-23 11:32:13 - [MESSAGE][PASSED] - platform.Utility.getRoomID is PASSED&#xD;
&#xD;
2020-06-23 11:32:13 - [TEST_STEP][PASSED] - platform.Method.toClickOnWebElement(findTestObject("GenericII/minimize")): platform.Method.toClickOnWebElement is PASSED&#xD;
&#xD;
2020-06-23 11:32:15 - [MESSAGE][PASSED] - Object: 'Object Repository/GenericII/minimize' is clicked on&#xD;
&#xD;
2020-06-23 11:32:15 - [MESSAGE][PASSED] - platform.Method.toClickOnWebElement is PASSED&#xD;
&#xD;
2020-06-23 11:32:15 - [TEST_STEP][PASSED] - platform.Method.toClickOnWebElement(findTestObject("NewRepo/refresh")): platform.Method.toClickOnWebElement is PASSED&#xD;
&#xD;
2020-06-23 11:32:17 - [MESSAGE][PASSED] - Object: 'Object Repository/NewRepo/refresh' is clicked on&#xD;
&#xD;
2020-06-23 11:32:17 - [MESSAGE][PASSED] - platform.Method.toClickOnWebElement is PASSED&#xD;
&#xD;
2020-06-23 11:32:17 - [TEST_STEP][PASSED] - roomID = get(0).toString(): null&#xD;
&#xD;
2020-06-23 11:32:17 - [TEST_STEP][PASSED] - sendKeys(findTestObject("Input/roomID", ["value":"room_id"]), roomID): Keys '1980294' sent to object: 'Object Repository/Input/roomID'&#xD;
&#xD;
2020-06-23 11:32:20 - [MESSAGE][PASSED] - Keys '1980294' sent to object: 'Object Repository/Input/roomID'&#xD;
&#xD;
2020-06-23 11:32:20 - [TEST_STEP][PASSED] - platform.Method.toClickOnWebElement(findTestObject("Button/filter")): platform.Method.toClickOnWebElement is PASSED&#xD;
&#xD;
2020-06-23 11:32:23 - [MESSAGE][PASSED] - Object: 'Object Repository/Button/filter' is clicked on&#xD;
&#xD;
2020-06-23 11:32:23 - [MESSAGE][PASSED] - platform.Method.toClickOnWebElement is PASSED&#xD;
&#xD;
2020-06-23 11:32:23 - [TEST_STEP][PASSED] - verifyTextNotPresent(roomID, false, STOP_ON_FAILURE): Text '1980294' is not present on page&#xD;
&#xD;
2020-06-23 11:32:26 - [MESSAGE][PASSED] - Text '1980294' is not present on page</system-out>
            <system-err></system-err>
        </testcase>
        <testcase name="Test Cases/Faqbot/defaultQuestionInArticle_Test" classname="Test Cases/Faqbot/defaultQuestionInArticle_Test" status="PASSED">
            <system-out>2020-06-23 11:32:26 - [TEST_CASE][PASSED] - Test Cases/Faqbot/defaultQuestionInArticle_Test: Test Cases/Faqbot/defaultQuestionInArticle_Test&#xD;
&#xD;
2020-06-23 11:32:26 - [TEST_STEP][PASSED] - Start listener action : setUp: Current window maximized&#xD;
&#xD;
2020-06-23 11:32:26 - [TEST_STEP][PASSED] - openBrowser(URL): Browser is opened with url: 'preprod.imibot.ai'&#xD;
&#xD;
2020-06-23 11:32:26 - [MESSAGE][WARNING] - A browser is already opened. Closing browser and opening a new one&#xD;
&#xD;
2020-06-23 11:32:28 - [MESSAGE][INFO] - Starting 'Chrome' driver&#xD;
&#xD;
2020-06-23 11:32:28 - [MESSAGE][INFO] - User set preference: ['args', '[--start-maximized]']&#xD;
&#xD;
2020-06-23 11:32:39 - [MESSAGE][PASSED] - Browser is opened with url: 'preprod.imibot.ai'&#xD;
&#xD;
2020-06-23 11:32:39 - [TEST_STEP][PASSED] - maximizeWindow(): Current window maximized&#xD;
&#xD;
2020-06-23 11:32:41 - [MESSAGE][PASSED] - Current window maximized&#xD;
&#xD;
2020-06-23 11:32:42 - [TEST_STEP][PASSED] - callTestCase(findTestCase("Generic/successfulLogin_Test"), [:], STOP_ON_FAILURE): Call Test Case 'Test Cases/Generic/successfulLogin_Test' successfully&#xD;
&#xD;
2020-06-23 11:32:42 - [TEST_CASE][PASSED] - Test Cases/Generic/successfulLogin_Test: Test Cases/Generic/successfulLogin_Test&#xD;
&#xD;
2020-06-23 11:32:42 - [TEST_STEP][PASSED] - sendKeys(findTestObject("Input/username"), USERNAME): Keys 'narendra.n@imimobile.com' sent to object: 'Object Repository/Input/username'&#xD;
&#xD;
2020-06-23 11:32:45 - [MESSAGE][PASSED] - Keys 'narendra.n@imimobile.com' sent to object: 'Object Repository/Input/username'&#xD;
&#xD;
2020-06-23 11:32:45 - [TEST_STEP][PASSED] - sendKeys(findTestObject("Input/password"), PASSWORD): Keys 'Test@2020' sent to object: 'Object Repository/Input/password'&#xD;
&#xD;
2020-06-23 11:32:47 - [MESSAGE][PASSED] - Keys 'Test@2020' sent to object: 'Object Repository/Input/password'&#xD;
&#xD;
2020-06-23 11:32:47 - [TEST_STEP][PASSED] - click(findTestObject("Button/signIn")): Object: 'Object Repository/Button/signIn' is clicked on&#xD;
&#xD;
2020-06-23 11:32:50 - [MESSAGE][PASSED] - Object: 'Object Repository/Button/signIn' is clicked on&#xD;
&#xD;
2020-06-23 11:32:50 - [TEST_STEP][PASSED] - if (!(waitForElementPresent(findTestObject("Button/createBot"), 30, OPTIONAL))): Object 'Object Repository/Button/createBot' is present&#xD;
&#xD;
2020-06-23 11:33:06 - [MESSAGE][PASSED] - Object 'Object Repository/Button/createBot' is present&#xD;
&#xD;
2020-06-23 11:33:06 - [MESSAGE][PASSED] - Call Test Case 'Test Cases/Generic/successfulLogin_Test' successfully&#xD;
&#xD;
2020-06-23 11:33:06 - [TEST_STEP][PASSED] - platform.Method.navigateToBot("Q&amp;A bots", FAQ_BOT): platform.Method.navigateToBot is PASSED&#xD;
&#xD;
2020-06-23 11:33:07 - [MESSAGE][PASSED] - Object 'Object Repository/Button/createBot' is present&#xD;
&#xD;
2020-06-23 11:33:09 - [MESSAGE][INFO] - Performing click action on bot&#xD;
&#xD;
2020-06-23 11:33:11 - [MESSAGE][PASSED] - platform.Method.navigateToBot is PASSED&#xD;
&#xD;
2020-06-23 11:33:11 - [TEST_STEP][PASSED] - platform.Method.clickOnElement(findTestObject("Generic/articles")): platform.Method.clickOnElement is PASSED&#xD;
&#xD;
2020-06-23 11:33:17 - [MESSAGE][PASSED] - platform.Method.clickOnElement is PASSED&#xD;
&#xD;
2020-06-23 11:33:17 - [TEST_STEP][PASSED] - testData = findTestData("Data Files/testData_FAQ"): null&#xD;
&#xD;
2020-06-23 11:33:17 - [TEST_STEP][PASSED] - platform.Method.clickOnElement(findTestObject("Generic/webObjectWithText", ["textValue":testData.getValue("first_question", 1)])): platform.Method.clickOnElement is PASSED&#xD;
&#xD;
2020-06-23 11:33:20 - [MESSAGE][PASSED] - platform.Method.clickOnElement is PASSED&#xD;
&#xD;
2020-06-23 11:33:20 - [TEST_STEP][PASSED] - defaultQuestionField = findWebElement(findTestObject("Input/defaultQuestion"), 10): null&#xD;
&#xD;
2020-06-23 11:33:21 - [TEST_STEP][PASSED] - defaultQuestionField.sendKeys(Keys.chord(CONTROL, "a")): null&#xD;
&#xD;
2020-06-23 11:33:22 - [TEST_STEP][PASSED] - defaultQuestionField.sendKeys(Keys.chord(DELETE)): null&#xD;
&#xD;
2020-06-23 11:33:23 - [TEST_STEP][PASSED] - platform.Method.clickOnElement(findTestObject("Button/addVariant")): platform.Method.clickOnElement is PASSED&#xD;
&#xD;
2020-06-23 11:33:26 - [MESSAGE][PASSED] - platform.Method.clickOnElement is PASSED&#xD;
&#xD;
2020-06-23 11:33:26 - [TEST_STEP][PASSED] - get(1).sendKeys("view my card statement"): null&#xD;
&#xD;
2020-06-23 11:33:29 - [TEST_STEP][PASSED] - platform.Method.clickOnElement(findTestObject("Button/save", ["value":" Save "])): platform.Method.clickOnElement is PASSED&#xD;
&#xD;
2020-06-23 11:33:31 - [MESSAGE][PASSED] - platform.Method.clickOnElement is PASSED&#xD;
&#xD;
2020-06-23 11:33:31 - [TEST_STEP][PASSED] - verifyElementPresent(findTestObject("NewRepo2/alert"), 20, STOP_ON_FAILURE): Object 'Object Repository/NewRepo2/alert' is present&#xD;
&#xD;
2020-06-23 11:33:32 - [MESSAGE][PASSED] - Object 'Object Repository/NewRepo2/alert' is present&#xD;
&#xD;
2020-06-23 11:33:32 - [TEST_STEP][PASSED] - setText(findTestObject("Input/defaultQuestion"), testData.getValue("new_default_question", 1), STOP_ON_FAILURE): Text 'How to view my card transaction?' is set on object 'Object Repository/Input/defaultQuestion'&#xD;
&#xD;
2020-06-23 11:33:37 - [MESSAGE][PASSED] - Text 'How to view my card transaction?' is set on object 'Object Repository/Input/defaultQuestion'&#xD;
&#xD;
2020-06-23 11:33:37 - [TEST_STEP][PASSED] - platform.Method.clickOnElement(findTestObject("Button/saveAndTrain")): platform.Method.clickOnElement is PASSED&#xD;
&#xD;
2020-06-23 11:33:39 - [MESSAGE][PASSED] - platform.Method.clickOnElement is PASSED&#xD;
&#xD;
2020-06-23 11:33:39 - [TEST_STEP][PASSED] - waitForElementPresent(findTestObject("ICONS/toastMsg"), 20, OPTIONAL): Object 'Object Repository/ICONS/toastMsg' is present&#xD;
&#xD;
2020-06-23 11:33:46 - [MESSAGE][PASSED] - Object 'Object Repository/ICONS/toastMsg' is present&#xD;
&#xD;
2020-06-23 11:33:46 - [TEST_STEP][PASSED] - sendKeys(findTestObject("Input/searchForQuestion"), searchQuestion): Keys 'view my card statement' sent to object: 'Object Repository/Input/searchForQuestion'&#xD;
&#xD;
2020-06-23 11:33:49 - [MESSAGE][PASSED] - Keys 'view my card statement' sent to object: 'Object Repository/Input/searchForQuestion'&#xD;
&#xD;
2020-06-23 11:33:49 - [TEST_STEP][PASSED] - platform.Method.toClickOnWebElement(findTestObject("Generic/searchResult")): platform.Method.toClickOnWebElement is PASSED&#xD;
&#xD;
2020-06-23 11:33:52 - [MESSAGE][PASSED] - Object: 'Object Repository/Generic/searchResult' is clicked on&#xD;
&#xD;
2020-06-23 11:33:52 - [MESSAGE][PASSED] - platform.Method.toClickOnWebElement is PASSED&#xD;
&#xD;
2020-06-23 11:33:52 - [TEST_STEP][PASSED] - assert true == getText().contentEquals(testValue): null</system-out>
            <system-err></system-err>
        </testcase>
        <testcase name="Test Cases/Faqbot/encryptionOnSessions_Test" classname="Test Cases/Faqbot/encryptionOnSessions_Test" status="PASSED">
            <system-out>2020-06-23 11:33:54 - [TEST_CASE][PASSED] - Test Cases/Faqbot/encryptionOnSessions_Test: Test Cases/Faqbot/encryptionOnSessions_Test&#xD;
&#xD;
2020-06-23 11:33:55 - [TEST_STEP][PASSED] - Start listener action : setUp: Current window maximized&#xD;
&#xD;
2020-06-23 11:33:55 - [TEST_STEP][PASSED] - openBrowser(URL): Browser is opened with url: 'preprod.imibot.ai'&#xD;
&#xD;
2020-06-23 11:33:55 - [MESSAGE][WARNING] - A browser is already opened. Closing browser and opening a new one&#xD;
&#xD;
2020-06-23 11:33:57 - [MESSAGE][INFO] - Starting 'Chrome' driver&#xD;
&#xD;
2020-06-23 11:33:57 - [MESSAGE][INFO] - User set preference: ['args', '[--start-maximized]']&#xD;
&#xD;
2020-06-23 11:34:08 - [MESSAGE][PASSED] - Browser is opened with url: 'preprod.imibot.ai'&#xD;
&#xD;
2020-06-23 11:34:08 - [TEST_STEP][PASSED] - maximizeWindow(): Current window maximized&#xD;
&#xD;
2020-06-23 11:34:10 - [MESSAGE][PASSED] - Current window maximized&#xD;
&#xD;
2020-06-23 11:34:11 - [TEST_STEP][PASSED] - callTestCase(findTestCase("Generic/successfulLogin_Test"), [:], STOP_ON_FAILURE): Call Test Case 'Test Cases/Generic/successfulLogin_Test' successfully&#xD;
&#xD;
2020-06-23 11:34:11 - [TEST_CASE][PASSED] - Test Cases/Generic/successfulLogin_Test: Test Cases/Generic/successfulLogin_Test&#xD;
&#xD;
2020-06-23 11:34:11 - [TEST_STEP][PASSED] - sendKeys(findTestObject("Input/username"), USERNAME): Keys 'narendra.n@imimobile.com' sent to object: 'Object Repository/Input/username'&#xD;
&#xD;
2020-06-23 11:34:13 - [MESSAGE][PASSED] - Keys 'narendra.n@imimobile.com' sent to object: 'Object Repository/Input/username'&#xD;
&#xD;
2020-06-23 11:34:13 - [TEST_STEP][PASSED] - sendKeys(findTestObject("Input/password"), PASSWORD): Keys 'Test@2020' sent to object: 'Object Repository/Input/password'&#xD;
&#xD;
2020-06-23 11:34:16 - [MESSAGE][PASSED] - Keys 'Test@2020' sent to object: 'Object Repository/Input/password'&#xD;
&#xD;
2020-06-23 11:34:16 - [TEST_STEP][PASSED] - click(findTestObject("Button/signIn")): Object: 'Object Repository/Button/signIn' is clicked on&#xD;
&#xD;
2020-06-23 11:34:18 - [MESSAGE][PASSED] - Object: 'Object Repository/Button/signIn' is clicked on&#xD;
&#xD;
2020-06-23 11:34:18 - [TEST_STEP][PASSED] - if (!(waitForElementPresent(findTestObject("Button/createBot"), 30, OPTIONAL))): Object 'Object Repository/Button/createBot' is present&#xD;
&#xD;
2020-06-23 11:34:33 - [MESSAGE][PASSED] - Object 'Object Repository/Button/createBot' is present&#xD;
&#xD;
2020-06-23 11:34:33 - [MESSAGE][PASSED] - Call Test Case 'Test Cases/Generic/successfulLogin_Test' successfully&#xD;
&#xD;
2020-06-23 11:34:33 - [TEST_STEP][PASSED] - platform.Method.navigateToBot("Q&amp;A bots", FAQ_BOT): platform.Method.navigateToBot is PASSED&#xD;
&#xD;
2020-06-23 11:34:35 - [MESSAGE][PASSED] - Object 'Object Repository/Button/createBot' is present&#xD;
&#xD;
2020-06-23 11:34:37 - [MESSAGE][INFO] - Performing click action on bot&#xD;
&#xD;
2020-06-23 11:34:39 - [MESSAGE][PASSED] - platform.Method.navigateToBot is PASSED&#xD;
&#xD;
2020-06-23 11:34:39 - [TEST_STEP][PASSED] - delay(2): Delayed 2 second(s)&#xD;
&#xD;
2020-06-23 11:34:41 - [MESSAGE][PASSED] - Delayed 2 second(s)&#xD;
&#xD;
2020-06-23 11:34:41 - [TEST_STEP][PASSED] - platform.Method.enableADP(true): platform.Method.enableADP is PASSED&#xD;
&#xD;
2020-06-23 11:34:53 - [MESSAGE][PASSED] - Object 'Object Repository/ICONS/toastMsg' is present&#xD;
&#xD;
2020-06-23 11:34:53 - [MESSAGE][PASSED] - platform.Method.enableADP is PASSED&#xD;
&#xD;
2020-06-23 11:34:53 - [TEST_STEP][PASSED] - platform.Method.toClickOnWebElement(findTestObject("Generic/session")): platform.Method.toClickOnWebElement is PASSED&#xD;
&#xD;
2020-06-23 11:34:55 - [MESSAGE][PASSED] - Object: 'Object Repository/Generic/session' is clicked on&#xD;
&#xD;
2020-06-23 11:34:55 - [MESSAGE][PASSED] - platform.Method.toClickOnWebElement is PASSED&#xD;
&#xD;
2020-06-23 11:34:55 - [TEST_STEP][PASSED] - verifyElementPresent(findTestObject("NewRepo2/adpLock"), 20, STOP_ON_FAILURE): Object 'Object Repository/NewRepo2/adpLock' is present&#xD;
&#xD;
2020-06-23 11:34:57 - [MESSAGE][PASSED] - Object 'Object Repository/NewRepo2/adpLock' is present&#xD;
&#xD;
2020-06-23 11:34:57 - [TEST_STEP][PASSED] - verifyTextPresent(ADP_TEXT_VALUE, false, STOP_ON_FAILURE): Text 'All the sessions are encrypted, use the decryption key to view individual session of interest' is present on page &#xD;
&#xD;
2020-06-23 11:35:01 - [MESSAGE][PASSED] - Text 'All the sessions are encrypted, use the decryption key to view individual session of interest' is present on page &#xD;
&#xD;
2020-06-23 11:35:01 - [TEST_STEP][PASSED] - platform.Session.decryptSession(roomID): platform.Session.decryptSession is PASSED&#xD;
&#xD;
2020-06-23 11:35:05 - [MESSAGE][PASSED] - Text '1980282' is set on object 'Object Repository/Input/roomID'&#xD;
&#xD;
2020-06-23 11:35:12 - [MESSAGE][PASSED] - Keys 'TEST' sent to object: 'Object Repository/Input/key'&#xD;
&#xD;
2020-06-23 11:35:14 - [MESSAGE][PASSED] - platform.Session.decryptSession is PASSED&#xD;
&#xD;
2020-06-23 11:35:14 - [TEST_STEP][PASSED] - verifyElementPresent(findTestObject("Generic/webObjectWithText", ["textValue":"Downvoted with comment"]), 10, STOP_ON_FAILURE): Object 'Object Repository/Generic/webObjectWithText' is present&#xD;
&#xD;
2020-06-23 11:35:17 - [MESSAGE][PASSED] - Object 'Object Repository/Generic/webObjectWithText' is present&#xD;
&#xD;
2020-06-23 11:35:17 - [TEST_STEP][PASSED] - platform.Method.toClickOnWebElement(findTestObject("GenericII/closePopup")): platform.Method.toClickOnWebElement is PASSED&#xD;
&#xD;
2020-06-23 11:35:19 - [MESSAGE][PASSED] - Object: 'Object Repository/GenericII/closePopup' is clicked on&#xD;
&#xD;
2020-06-23 11:35:19 - [MESSAGE][PASSED] - platform.Method.toClickOnWebElement is PASSED&#xD;
&#xD;
2020-06-23 11:35:19 - [TEST_STEP][PASSED] - verifyElementPresent(findTestObject("NewRepo2/unlockIcon"), 10, STOP_ON_FAILURE): Object 'Object Repository/NewRepo2/unlockIcon' is present&#xD;
&#xD;
2020-06-23 11:35:21 - [MESSAGE][PASSED] - Object 'Object Repository/NewRepo2/unlockIcon' is present&#xD;
&#xD;
2020-06-23 11:35:21 - [TEST_STEP][PASSED] - platform.Method.toClickOnWebElement(findTestObject("Button/dashboard")): platform.Method.toClickOnWebElement is PASSED&#xD;
&#xD;
2020-06-23 11:35:26 - [MESSAGE][PASSED] - Object: 'Object Repository/Button/dashboard' is clicked on&#xD;
&#xD;
2020-06-23 11:35:26 - [MESSAGE][PASSED] - platform.Method.toClickOnWebElement is PASSED&#xD;
&#xD;
2020-06-23 11:35:26 - [TEST_STEP][PASSED] - platform.Method.toClickOnWebElement(findTestObject("Button/enterpriseDropdown")): platform.Method.toClickOnWebElement is PASSED&#xD;
&#xD;
2020-06-23 11:35:31 - [MESSAGE][PASSED] - Object: 'Object Repository/Button/enterpriseDropdown' is clicked on&#xD;
&#xD;
2020-06-23 11:35:31 - [MESSAGE][PASSED] - platform.Method.toClickOnWebElement is PASSED&#xD;
&#xD;
2020-06-23 11:35:31 - [TEST_STEP][PASSED] - platform.Method.toClickOnWebElement(findTestObject("Button/signOut")): platform.Method.toClickOnWebElement is PASSED&#xD;
&#xD;
2020-06-23 11:35:33 - [MESSAGE][PASSED] - Object: 'Object Repository/Button/signOut' is clicked on&#xD;
&#xD;
2020-06-23 11:35:33 - [MESSAGE][PASSED] - platform.Method.toClickOnWebElement is PASSED&#xD;
&#xD;
2020-06-23 11:35:33 - [TEST_STEP][PASSED] - callTestCase(findTestCase("Generic/successfulLogin_Test"), [:], STOP_ON_FAILURE): Call Test Case 'Test Cases/Generic/successfulLogin_Test' successfully&#xD;
&#xD;
2020-06-23 11:35:33 - [TEST_CASE][PASSED] - Test Cases/Generic/successfulLogin_Test: Test Cases/Generic/successfulLogin_Test&#xD;
&#xD;
2020-06-23 11:35:33 - [TEST_STEP][PASSED] - sendKeys(findTestObject("Input/username"), USERNAME): Keys 'narendra.n@imimobile.com' sent to object: 'Object Repository/Input/username'&#xD;
&#xD;
2020-06-23 11:35:36 - [MESSAGE][PASSED] - Keys 'narendra.n@imimobile.com' sent to object: 'Object Repository/Input/username'&#xD;
&#xD;
2020-06-23 11:35:36 - [TEST_STEP][PASSED] - sendKeys(findTestObject("Input/password"), PASSWORD): Keys 'Test@2020' sent to object: 'Object Repository/Input/password'&#xD;
&#xD;
2020-06-23 11:35:38 - [MESSAGE][PASSED] - Keys 'Test@2020' sent to object: 'Object Repository/Input/password'&#xD;
&#xD;
2020-06-23 11:35:38 - [TEST_STEP][PASSED] - click(findTestObject("Button/signIn")): Object: 'Object Repository/Button/signIn' is clicked on&#xD;
&#xD;
2020-06-23 11:35:41 - [MESSAGE][PASSED] - Object: 'Object Repository/Button/signIn' is clicked on&#xD;
&#xD;
2020-06-23 11:35:41 - [TEST_STEP][PASSED] - if (!(waitForElementPresent(findTestObject("Button/createBot"), 30, OPTIONAL))): Object 'Object Repository/Button/createBot' is present&#xD;
&#xD;
2020-06-23 11:35:53 - [MESSAGE][PASSED] - Object 'Object Repository/Button/createBot' is present&#xD;
&#xD;
2020-06-23 11:35:53 - [MESSAGE][PASSED] - Call Test Case 'Test Cases/Generic/successfulLogin_Test' successfully&#xD;
&#xD;
2020-06-23 11:35:53 - [TEST_STEP][PASSED] - platform.Method.navigateToBot("Q&amp;A bots", FAQ_BOT): platform.Method.navigateToBot is PASSED&#xD;
&#xD;
2020-06-23 11:35:54 - [MESSAGE][PASSED] - Object 'Object Repository/Button/createBot' is present&#xD;
&#xD;
2020-06-23 11:35:56 - [MESSAGE][INFO] - Performing click action on bot&#xD;
&#xD;
2020-06-23 11:35:59 - [MESSAGE][PASSED] - platform.Method.navigateToBot is PASSED&#xD;
&#xD;
2020-06-23 11:35:59 - [TEST_STEP][PASSED] - platform.Method.toClickOnWebElement(findTestObject("Generic/session")): platform.Method.toClickOnWebElement is PASSED&#xD;
&#xD;
2020-06-23 11:36:01 - [MESSAGE][PASSED] - Object: 'Object Repository/Generic/session' is clicked on&#xD;
&#xD;
2020-06-23 11:36:01 - [MESSAGE][PASSED] - platform.Method.toClickOnWebElement is PASSED&#xD;
&#xD;
2020-06-23 11:36:01 - [TEST_STEP][PASSED] - platform.Session.searchByRoomID(roomID): platform.Session.searchByRoomID is PASSED&#xD;
&#xD;
2020-06-23 11:36:05 - [MESSAGE][PASSED] - Text '1980282' is set on object 'Object Repository/Input/roomID'&#xD;
&#xD;
2020-06-23 11:36:07 - [MESSAGE][PASSED] - platform.Session.searchByRoomID is PASSED&#xD;
&#xD;
2020-06-23 11:36:07 - [TEST_STEP][PASSED] - verifyElementNotPresent(findTestObject("NewRepo2/unlockIcon"), 10, STOP_ON_FAILURE): Web element with id: 'Object Repository/NewRepo2/unlockIcon' located by 'By.xpath: //mat-icon[@name='lock_open']' is not present after '10' second(s)&#xD;
&#xD;
2020-06-23 11:36:09 - [MESSAGE][PASSED] - Web element with id: 'Object Repository/NewRepo2/unlockIcon' located by 'By.xpath: //mat-icon[@name='lock_open']' is not present after '10' second(s)&#xD;
&#xD;
2020-06-23 11:36:09 - [TEST_STEP][PASSED] - platform.Method.clickOnElement(findTestObject("Generic/curation")): platform.Method.clickOnElement is PASSED&#xD;
&#xD;
2020-06-23 11:36:11 - [MESSAGE][PASSED] - platform.Method.clickOnElement is PASSED&#xD;
&#xD;
2020-06-23 11:36:11 - [TEST_STEP][PASSED] - platform.Method.clickOnElement(findTestObject("Generic/webObjectWithText", ["textValue":"Issues"])): platform.Method.clickOnElement is PASSED&#xD;
&#xD;
2020-06-23 11:36:13 - [MESSAGE][PASSED] - platform.Method.clickOnElement is PASSED&#xD;
&#xD;
2020-06-23 11:36:13 - [TEST_STEP][PASSED] - inputKey = modifyObjectProperty(findTestObject("Input/key"), "xpath", "not equals", "//input[@name='qtext']", true): Modify property of object successfully&#xD;
&#xD;
2020-06-23 11:36:13 - [MESSAGE][PASSED] - Modify property of object successfully&#xD;
&#xD;
2020-06-23 11:36:13 - [TEST_STEP][PASSED] - setText(inputKey, "test"): Text 'test' is set on object 'Object Repository/Input/key'&#xD;
&#xD;
2020-06-23 11:36:17 - [MESSAGE][PASSED] - Text 'test' is set on object 'Object Repository/Input/key'&#xD;
&#xD;
2020-06-23 11:36:17 - [TEST_STEP][PASSED] - platform.Method.clickOnElement(findTestObject("ICONS/unlock")): platform.Method.clickOnElement is PASSED&#xD;
&#xD;
2020-06-23 11:36:19 - [MESSAGE][PASSED] - platform.Method.clickOnElement is PASSED&#xD;
&#xD;
2020-06-23 11:36:19 - [TEST_STEP][PASSED] - trainBtn = modifyObjectProperty(findTestObject("Button/train"), "xpath", "not equals", "//span[text()=' Train ']", true): Modify property of object successfully&#xD;
&#xD;
2020-06-23 11:36:19 - [MESSAGE][PASSED] - Modify property of object successfully&#xD;
&#xD;
2020-06-23 11:36:19 - [TEST_STEP][PASSED] - if (verifyTextPresent("Saved corpus", false, OPTIONAL)): Text 'Saved corpus' is not present on page  (Root cause: com.kms.katalon.core.exception.StepFailedException: Text 'Saved corpus' is not present on page &#xD;
	at com.kms.katalon.core.webui.keyword.internal.WebUIKeywordMain.stepFailed(WebUIKeywordMain.groovy:64)&#xD;
	at com.kms.katalon.core.webui.keyword.builtin.VerifyTextPresentKeyword$_verifyTextPresent_closure1.doCall(VerifyTextPresentKeyword.groovy:79)&#xD;
	at com.kms.katalon.core.webui.keyword.builtin.VerifyTextPresentKeyword$_verifyTextPresent_closure1.call(VerifyTextPresentKeyword.groovy)&#xD;
	at com.kms.katalon.core.webui.keyword.internal.WebUIKeywordMain.runKeyword(WebUIKeywordMain.groovy:20)&#xD;
	at com.kms.katalon.core.webui.keyword.builtin.VerifyTextPresentKeyword.verifyTextPresent(VerifyTextPresentKeyword.groovy:83)&#xD;
	at com.kms.katalon.core.webui.keyword.builtin.VerifyTextPresentKeyword.execute(VerifyTextPresentKeyword.groovy:68)&#xD;
	at com.kms.katalon.core.keyword.internal.KeywordExecutor.executeKeywordForPlatform(KeywordExecutor.groovy:56)&#xD;
	at com.kms.katalon.core.webui.keyword.WebUiBuiltInKeywords.verifyTextPresent(WebUiBuiltInKeywords.groovy:1677)&#xD;
	at com.kms.katalon.core.webui.keyword.WebUiBuiltInKeywords$verifyTextPresent$19.call(Unknown Source)&#xD;
	at encryptionOnSessions_Test.run(encryptionOnSessions_Test:69)&#xD;
	at com.kms.katalon.core.main.ScriptEngine.run(ScriptEngine.java:194)&#xD;
	at com.kms.katalon.core.main.ScriptEngine.runScriptAsRawText(ScriptEngine.java:119)&#xD;
	at com.kms.katalon.core.main.TestCaseExecutor.runScript(TestCaseExecutor.java:337)&#xD;
	at com.kms.katalon.core.main.TestCaseExecutor.doExecute(TestCaseExecutor.java:328)&#xD;
	at com.kms.katalon.core.main.TestCaseExecutor.processExecutionPhase(TestCaseExecutor.java:307)&#xD;
	at com.kms.katalon.core.main.TestCaseExecutor.accessMainPhase(TestCaseExecutor.java:299)&#xD;
	at com.kms.katalon.core.main.TestCaseExecutor.execute(TestCaseExecutor.java:233)&#xD;
	at com.kms.katalon.core.main.TestSuiteExecutor.accessTestCaseMainPhase(TestSuiteExecutor.java:169)&#xD;
	at com.kms.katalon.core.main.TestSuiteExecutor.accessTestSuiteMainPhase(TestSuiteExecutor.java:142)&#xD;
	at com.kms.katalon.core.main.TestSuiteExecutor.execute(TestSuiteExecutor.java:91)&#xD;
	at com.kms.katalon.core.main.TestCaseMain.startTestSuite(TestCaseMain.java:157)&#xD;
	at com.kms.katalon.core.main.TestCaseMain$startTestSuite$0.call(Unknown Source)&#xD;
	at TempTestSuite1592890301834.run(TempTestSuite1592890301834.groovy:35)&#xD;
)&#xD;
&#xD;
2020-06-23 11:36:22 - [MESSAGE][WARNING] - Text 'Saved corpus' is not present on page  (Root cause: com.kms.katalon.core.exception.StepFailedException: Text 'Saved corpus' is not present on page &#xD;
	at com.kms.katalon.core.webui.keyword.internal.WebUIKeywordMain.stepFailed(WebUIKeywordMain.groovy:64)&#xD;
	at com.kms.katalon.core.webui.keyword.builtin.VerifyTextPresentKeyword$_verifyTextPresent_closure1.doCall(VerifyTextPresentKeyword.groovy:79)&#xD;
	at com.kms.katalon.core.webui.keyword.builtin.VerifyTextPresentKeyword$_verifyTextPresent_closure1.call(VerifyTextPresentKeyword.groovy)&#xD;
	at com.kms.katalon.core.webui.keyword.internal.WebUIKeywordMain.runKeyword(WebUIKeywordMain.groovy:20)&#xD;
	at com.kms.katalon.core.webui.keyword.builtin.VerifyTextPresentKeyword.verifyTextPresent(VerifyTextPresentKeyword.groovy:83)&#xD;
	at com.kms.katalon.core.webui.keyword.builtin.VerifyTextPresentKeyword.execute(VerifyTextPresentKeyword.groovy:68)&#xD;
	at com.kms.katalon.core.keyword.internal.KeywordExecutor.executeKeywordForPlatform(KeywordExecutor.groovy:56)&#xD;
	at com.kms.katalon.core.webui.keyword.WebUiBuiltInKeywords.verifyTextPresent(WebUiBuiltInKeywords.groovy:1677)&#xD;
	at com.kms.katalon.core.webui.keyword.WebUiBuiltInKeywords$verifyTextPresent$19.call(Unknown Source)&#xD;
	at encryptionOnSessions_Test.run(encryptionOnSessions_Test:69)&#xD;
	at com.kms.katalon.core.main.ScriptEngine.run(ScriptEngine.java:194)&#xD;
	at com.kms.katalon.core.main.ScriptEngine.runScriptAsRawText(ScriptEngine.java:119)&#xD;
	at com.kms.katalon.core.main.TestCaseExecutor.runScript(TestCaseExecutor.java:337)&#xD;
	at com.kms.katalon.core.main.TestCaseExecutor.doExecute(TestCaseExecutor.java:328)&#xD;
	at com.kms.katalon.core.main.TestCaseExecutor.processExecutionPhase(TestCaseExecutor.java:307)&#xD;
	at com.kms.katalon.core.main.TestCaseExecutor.accessMainPhase(TestCaseExecutor.java:299)&#xD;
	at com.kms.katalon.core.main.TestCaseExecutor.execute(TestCaseExecutor.java:233)&#xD;
	at com.kms.katalon.core.main.TestSuiteExecutor.accessTestCaseMainPhase(TestSuiteExecutor.java:169)&#xD;
	at com.kms.katalon.core.main.TestSuiteExecutor.accessTestSuiteMainPhase(TestSuiteExecutor.java:142)&#xD;
	at com.kms.katalon.core.main.TestSuiteExecutor.execute(TestSuiteExecutor.java:91)&#xD;
	at com.kms.katalon.core.main.TestCaseMain.startTestSuite(TestCaseMain.java:157)&#xD;
	at com.kms.katalon.core.main.TestCaseMain$startTestSuite$0.call(Unknown Source)&#xD;
	at TempTestSuite1592890301834.run(TempTestSuite1592890301834.groovy:35)&#xD;
)&#xD;
&#xD;
2020-06-23 11:36:22 - [TEST_STEP][PASSED] - else: Text 'Trained corpus' is present on page &#xD;
&#xD;
2020-06-23 11:36:22 - [TEST_STEP][PASSED] - verifyTextPresent("Trained corpus", false, STOP_ON_FAILURE): Text 'Trained corpus' is present on page &#xD;
&#xD;
2020-06-23 11:36:25 - [MESSAGE][PASSED] - Text 'Trained corpus' is present on page</system-out>
            <system-err></system-err>
        </testcase>
        <testcase name="Test Cases/Smartbot/botCreation_Test" classname="Test Cases/Smartbot/botCreation_Test" status="PASSED">
            <system-out>2020-06-23 11:36:25 - [TEST_CASE][PASSED] - Test Cases/Smartbot/botCreation_Test: Test Cases/Smartbot/botCreation_Test&#xD;
&#xD;
2020-06-23 11:36:25 - [TEST_STEP][PASSED] - Start listener action : setUp: Current window maximized&#xD;
&#xD;
2020-06-23 11:36:25 - [TEST_STEP][PASSED] - openBrowser(URL): Browser is opened with url: 'preprod.imibot.ai'&#xD;
&#xD;
2020-06-23 11:36:25 - [MESSAGE][WARNING] - A browser is already opened. Closing browser and opening a new one&#xD;
&#xD;
2020-06-23 11:36:27 - [MESSAGE][INFO] - Starting 'Chrome' driver&#xD;
&#xD;
2020-06-23 11:36:27 - [MESSAGE][INFO] - User set preference: ['args', '[--start-maximized]']&#xD;
&#xD;
2020-06-23 11:36:42 - [MESSAGE][PASSED] - Browser is opened with url: 'preprod.imibot.ai'&#xD;
&#xD;
2020-06-23 11:36:42 - [TEST_STEP][PASSED] - maximizeWindow(): Current window maximized&#xD;
&#xD;
2020-06-23 11:36:44 - [MESSAGE][PASSED] - Current window maximized&#xD;
&#xD;
2020-06-23 11:36:45 - [TEST_STEP][PASSED] - callTestCase(findTestCase("Generic/successfulLogin_Test"), [:], STOP_ON_FAILURE): Call Test Case 'Test Cases/Generic/successfulLogin_Test' successfully&#xD;
&#xD;
2020-06-23 11:36:45 - [TEST_CASE][PASSED] - Test Cases/Generic/successfulLogin_Test: Test Cases/Generic/successfulLogin_Test&#xD;
&#xD;
2020-06-23 11:36:45 - [TEST_STEP][PASSED] - sendKeys(findTestObject("Input/username"), USERNAME): Keys 'narendra.n@imimobile.com' sent to object: 'Object Repository/Input/username'&#xD;
&#xD;
2020-06-23 11:36:48 - [MESSAGE][PASSED] - Keys 'narendra.n@imimobile.com' sent to object: 'Object Repository/Input/username'&#xD;
&#xD;
2020-06-23 11:36:48 - [TEST_STEP][PASSED] - sendKeys(findTestObject("Input/password"), PASSWORD): Keys 'Test@2020' sent to object: 'Object Repository/Input/password'&#xD;
&#xD;
2020-06-23 11:36:50 - [MESSAGE][PASSED] - Keys 'Test@2020' sent to object: 'Object Repository/Input/password'&#xD;
&#xD;
2020-06-23 11:36:50 - [TEST_STEP][PASSED] - click(findTestObject("Button/signIn")): Object: 'Object Repository/Button/signIn' is clicked on&#xD;
&#xD;
2020-06-23 11:36:53 - [MESSAGE][PASSED] - Object: 'Object Repository/Button/signIn' is clicked on&#xD;
&#xD;
2020-06-23 11:36:53 - [TEST_STEP][PASSED] - if (!(waitForElementPresent(findTestObject("Button/createBot"), 30, OPTIONAL))): Object 'Object Repository/Button/createBot' is present&#xD;
&#xD;
2020-06-23 11:37:08 - [MESSAGE][PASSED] - Object 'Object Repository/Button/createBot' is present&#xD;
&#xD;
2020-06-23 11:37:08 - [MESSAGE][PASSED] - Call Test Case 'Test Cases/Generic/successfulLogin_Test' successfully&#xD;
&#xD;
2020-06-23 11:37:08 - [TEST_STEP][PASSED] - platform.Method.toClickOnWebElement(findTestObject("Generic/webObjectWithText", ["textValue":"Smart bots"])): platform.Method.toClickOnWebElement is PASSED&#xD;
&#xD;
2020-06-23 11:37:11 - [MESSAGE][PASSED] - Object: 'Object Repository/Generic/webObjectWithText' is clicked on&#xD;
&#xD;
2020-06-23 11:37:11 - [MESSAGE][PASSED] - platform.Method.toClickOnWebElement is PASSED&#xD;
&#xD;
2020-06-23 11:37:11 - [TEST_STEP][PASSED] - platform.Method.toClickOnWebElement(findTestObject("Button/createBot")): platform.Method.toClickOnWebElement is PASSED&#xD;
&#xD;
2020-06-23 11:37:14 - [MESSAGE][PASSED] - Object: 'Object Repository/Button/createBot' is clicked on&#xD;
&#xD;
2020-06-23 11:37:14 - [MESSAGE][PASSED] - platform.Method.toClickOnWebElement is PASSED&#xD;
&#xD;
2020-06-23 11:37:14 - [TEST_STEP][PASSED] - sendKeys(findTestObject("Input/botName"), nameOfTheBot): Keys 'New Weather Bot 2020' sent to object: 'Object Repository/Input/botName'&#xD;
&#xD;
2020-06-23 11:37:18 - [MESSAGE][PASSED] - Keys 'New Weather Bot 2020' sent to object: 'Object Repository/Input/botName'&#xD;
&#xD;
2020-06-23 11:37:18 - [TEST_STEP][PASSED] - platform.Method.toClickOnWebElement(findTestObject("GenericII/smartContinueBtn")): platform.Method.toClickOnWebElement is PASSED&#xD;
&#xD;
2020-06-23 11:37:20 - [MESSAGE][PASSED] - Object: 'Object Repository/GenericII/smartContinueBtn' is clicked on&#xD;
&#xD;
2020-06-23 11:37:20 - [MESSAGE][PASSED] - platform.Method.toClickOnWebElement is PASSED&#xD;
&#xD;
2020-06-23 11:37:20 - [TEST_STEP][PASSED] - platform.Method.toClickOnWebElement(findTestObject("Toggle/feedback")): platform.Method.toClickOnWebElement is PASSED&#xD;
&#xD;
2020-06-23 11:37:22 - [MESSAGE][PASSED] - Object: 'Object Repository/Toggle/feedback' is clicked on&#xD;
&#xD;
2020-06-23 11:37:22 - [MESSAGE][PASSED] - platform.Method.toClickOnWebElement is PASSED&#xD;
&#xD;
2020-06-23 11:37:22 - [TEST_STEP][PASSED] - platform.Method.toClickOnWebElement(findTestObject("GenericII/smartContinueBtn")): platform.Method.toClickOnWebElement is PASSED&#xD;
&#xD;
2020-06-23 11:37:25 - [MESSAGE][PASSED] - Object: 'Object Repository/GenericII/smartContinueBtn' is clicked on&#xD;
&#xD;
2020-06-23 11:37:25 - [MESSAGE][PASSED] - platform.Method.toClickOnWebElement is PASSED&#xD;
&#xD;
2020-06-23 11:37:25 - [TEST_STEP][PASSED] - platform.Method.toClickOnWebElement(findTestObject("Button/done")): platform.Method.toClickOnWebElement is PASSED&#xD;
&#xD;
2020-06-23 11:37:27 - [MESSAGE][PASSED] - Object: 'Object Repository/Button/done' is clicked on&#xD;
&#xD;
2020-06-23 11:37:27 - [MESSAGE][PASSED] - platform.Method.toClickOnWebElement is PASSED&#xD;
&#xD;
2020-06-23 11:37:27 - [TEST_STEP][PASSED] - waitForElementPresent(findTestObject("Button/updateBot"), 30, OPTIONAL): Object 'Object Repository/Button/updateBot' is present&#xD;
&#xD;
2020-06-23 11:37:36 - [MESSAGE][PASSED] - Object 'Object Repository/Button/updateBot' is present</system-out>
            <system-err></system-err>
        </testcase>
        <testcase name="Test Cases/Smartbot/nlpConceptCreation_Test" classname="Test Cases/Smartbot/nlpConceptCreation_Test" status="PASSED">
            <system-out>2020-06-23 11:37:36 - [TEST_CASE][PASSED] - Test Cases/Smartbot/nlpConceptCreation_Test: Test Cases/Smartbot/nlpConceptCreation_Test&#xD;
&#xD;
2020-06-23 11:37:37 - [TEST_STEP][PASSED] - Start listener action : setUp: Current window maximized&#xD;
&#xD;
2020-06-23 11:37:37 - [TEST_STEP][PASSED] - openBrowser(URL): Browser is opened with url: 'preprod.imibot.ai'&#xD;
&#xD;
2020-06-23 11:37:37 - [MESSAGE][WARNING] - A browser is already opened. Closing browser and opening a new one&#xD;
&#xD;
2020-06-23 11:37:39 - [MESSAGE][INFO] - Starting 'Chrome' driver&#xD;
&#xD;
2020-06-23 11:37:39 - [MESSAGE][INFO] - User set preference: ['args', '[--start-maximized]']&#xD;
&#xD;
2020-06-23 11:37:51 - [MESSAGE][PASSED] - Browser is opened with url: 'preprod.imibot.ai'&#xD;
&#xD;
2020-06-23 11:37:51 - [TEST_STEP][PASSED] - maximizeWindow(): Current window maximized&#xD;
&#xD;
2020-06-23 11:37:53 - [MESSAGE][PASSED] - Current window maximized&#xD;
&#xD;
2020-06-23 11:37:54 - [TEST_STEP][PASSED] - callTestCase(findTestCase("Generic/successfulLogin_Test"), [:], STOP_ON_FAILURE): Call Test Case 'Test Cases/Generic/successfulLogin_Test' successfully&#xD;
&#xD;
2020-06-23 11:37:54 - [TEST_CASE][PASSED] - Test Cases/Generic/successfulLogin_Test: Test Cases/Generic/successfulLogin_Test&#xD;
&#xD;
2020-06-23 11:37:54 - [TEST_STEP][PASSED] - sendKeys(findTestObject("Input/username"), USERNAME): Keys 'narendra.n@imimobile.com' sent to object: 'Object Repository/Input/username'&#xD;
&#xD;
2020-06-23 11:37:57 - [MESSAGE][PASSED] - Keys 'narendra.n@imimobile.com' sent to object: 'Object Repository/Input/username'&#xD;
&#xD;
2020-06-23 11:37:57 - [TEST_STEP][PASSED] - sendKeys(findTestObject("Input/password"), PASSWORD): Keys 'Test@2020' sent to object: 'Object Repository/Input/password'&#xD;
&#xD;
2020-06-23 11:37:59 - [MESSAGE][PASSED] - Keys 'Test@2020' sent to object: 'Object Repository/Input/password'&#xD;
&#xD;
2020-06-23 11:37:59 - [TEST_STEP][PASSED] - click(findTestObject("Button/signIn")): Object: 'Object Repository/Button/signIn' is clicked on&#xD;
&#xD;
2020-06-23 11:38:02 - [MESSAGE][PASSED] - Object: 'Object Repository/Button/signIn' is clicked on&#xD;
&#xD;
2020-06-23 11:38:02 - [TEST_STEP][PASSED] - if (!(waitForElementPresent(findTestObject("Button/createBot"), 30, OPTIONAL))): Object 'Object Repository/Button/createBot' is present&#xD;
&#xD;
2020-06-23 11:38:17 - [MESSAGE][PASSED] - Object 'Object Repository/Button/createBot' is present&#xD;
&#xD;
2020-06-23 11:38:17 - [MESSAGE][PASSED] - Call Test Case 'Test Cases/Generic/successfulLogin_Test' successfully&#xD;
&#xD;
2020-06-23 11:38:17 - [TEST_STEP][PASSED] - platform.Method.clickOnElement(findTestObject("Generic/imiLogo")): platform.Method.clickOnElement is PASSED&#xD;
&#xD;
2020-06-23 11:38:20 - [MESSAGE][PASSED] - platform.Method.clickOnElement is PASSED&#xD;
&#xD;
2020-06-23 11:38:20 - [TEST_STEP][PASSED] - platform.Method.navigateToBot("Smart bots", SMART_BOT): platform.Method.navigateToBot is PASSED&#xD;
&#xD;
2020-06-23 11:38:21 - [MESSAGE][PASSED] - Object 'Object Repository/Button/createBot' is present&#xD;
&#xD;
2020-06-23 11:38:24 - [MESSAGE][INFO] - Performing click action on bot&#xD;
&#xD;
2020-06-23 11:38:26 - [MESSAGE][PASSED] - platform.Method.navigateToBot is PASSED&#xD;
&#xD;
2020-06-23 11:38:26 - [TEST_STEP][PASSED] - testData = findTestData("testData_Smart"): null&#xD;
&#xD;
2020-06-23 11:38:26 - [TEST_STEP][PASSED] - platform.Method.clickOnElement(findTestObject("Generic/nlp")): platform.Method.clickOnElement is PASSED&#xD;
&#xD;
2020-06-23 11:38:30 - [MESSAGE][PASSED] - platform.Method.clickOnElement is PASSED&#xD;
&#xD;
2020-06-23 11:38:30 - [TEST_STEP][PASSED] - platform.NLP.addCustom_NER(): platform.NLP.addCustom_NER is PASSED&#xD;
&#xD;
2020-06-23 11:38:33 - [MESSAGE][PASSED] - Keys 'custom' sent to object: 'Object Repository/Input/librariesAndModules'&#xD;
&#xD;
2020-06-23 11:38:43 - [MESSAGE][PASSED] - Object 'Object Repository/ICONS/toastMsg' is present&#xD;
&#xD;
2020-06-23 11:38:43 - [MESSAGE][PASSED] - platform.NLP.addCustom_NER is PASSED&#xD;
&#xD;
2020-06-23 11:38:44 - [TEST_STEP][PASSED] - platform.NLP.createConceptType("Double Match", false, testData.getValue("concept_name", 1), testData.getValue("file_name", 1)): platform.NLP.createConceptType is PASSED&#xD;
&#xD;
2020-06-23 11:38:45 - [MESSAGE][PASSED] - Object 'Object Repository/Generic/webObjectWithText' is present&#xD;
&#xD;
2020-06-23 11:38:50 - [MESSAGE][INFO] - ****&#xD;
&#xD;
2020-06-23 11:38:52 - [MESSAGE][PASSED] - Keys 'city' sent to object: 'Object Repository/Input/conceptName'&#xD;
&#xD;
2020-06-23 11:38:54 - [MESSAGE][PASSED] - File 'D:/IMIbot.ai-Project/Collection/citynames.txt' sent to object: 'Object Repository/Input/uploadFile'&#xD;
&#xD;
2020-06-23 11:38:57 - [MESSAGE][PASSED] - platform.NLP.createConceptType is PASSED&#xD;
&#xD;
2020-06-23 11:38:57 - [TEST_STEP][PASSED] - platform.Method.clickOnElement(findTestObject("NewRepo/conceptBackBtn")): platform.Method.clickOnElement is PASSED&#xD;
&#xD;
2020-06-23 11:38:59 - [MESSAGE][PASSED] - platform.Method.clickOnElement is PASSED&#xD;
&#xD;
2020-06-23 11:38:59 - [TEST_STEP][PASSED] - verifyTextPresent("city", false, STOP_ON_FAILURE): Text 'city' is present on page &#xD;
&#xD;
2020-06-23 11:39:01 - [MESSAGE][PASSED] - Text 'city' is present on page</system-out>
            <system-err></system-err>
        </testcase>
        <testcase name="Test Cases/Smartbot/setUpLogicAndBotPreviewTest" classname="Test Cases/Smartbot/setUpLogicAndBotPreviewTest" status="PASSED">
            <system-out>2020-06-23 11:39:01 - [TEST_CASE][PASSED] - Test Cases/Smartbot/setUpLogicAndBotPreviewTest: Test Cases/Smartbot/setUpLogicAndBotPreviewTest&#xD;
&#xD;
2020-06-23 11:39:01 - [TEST_STEP][PASSED] - Start listener action : setUp: Current window maximized&#xD;
&#xD;
2020-06-23 11:39:01 - [TEST_STEP][PASSED] - openBrowser(URL): Browser is opened with url: 'preprod.imibot.ai'&#xD;
&#xD;
2020-06-23 11:39:01 - [MESSAGE][WARNING] - A browser is already opened. Closing browser and opening a new one&#xD;
&#xD;
2020-06-23 11:39:03 - [MESSAGE][INFO] - Starting 'Chrome' driver&#xD;
&#xD;
2020-06-23 11:39:03 - [MESSAGE][INFO] - User set preference: ['args', '[--start-maximized]']&#xD;
&#xD;
2020-06-23 11:39:15 - [MESSAGE][PASSED] - Browser is opened with url: 'preprod.imibot.ai'&#xD;
&#xD;
2020-06-23 11:39:15 - [TEST_STEP][PASSED] - maximizeWindow(): Current window maximized&#xD;
&#xD;
2020-06-23 11:39:18 - [MESSAGE][PASSED] - Current window maximized&#xD;
&#xD;
2020-06-23 11:39:18 - [TEST_STEP][PASSED] - callTestCase(findTestCase("Generic/successfulLogin_Test"), [:], STOP_ON_FAILURE): Call Test Case 'Test Cases/Generic/successfulLogin_Test' successfully&#xD;
&#xD;
2020-06-23 11:39:18 - [TEST_CASE][PASSED] - Test Cases/Generic/successfulLogin_Test: Test Cases/Generic/successfulLogin_Test&#xD;
&#xD;
2020-06-23 11:39:18 - [TEST_STEP][PASSED] - sendKeys(findTestObject("Input/username"), USERNAME): Keys 'narendra.n@imimobile.com' sent to object: 'Object Repository/Input/username'&#xD;
&#xD;
2020-06-23 11:39:21 - [MESSAGE][PASSED] - Keys 'narendra.n@imimobile.com' sent to object: 'Object Repository/Input/username'&#xD;
&#xD;
2020-06-23 11:39:21 - [TEST_STEP][PASSED] - sendKeys(findTestObject("Input/password"), PASSWORD): Keys 'Test@2020' sent to object: 'Object Repository/Input/password'&#xD;
&#xD;
2020-06-23 11:39:23 - [MESSAGE][PASSED] - Keys 'Test@2020' sent to object: 'Object Repository/Input/password'&#xD;
&#xD;
2020-06-23 11:39:23 - [TEST_STEP][PASSED] - click(findTestObject("Button/signIn")): Object: 'Object Repository/Button/signIn' is clicked on&#xD;
&#xD;
2020-06-23 11:39:26 - [MESSAGE][PASSED] - Object: 'Object Repository/Button/signIn' is clicked on&#xD;
&#xD;
2020-06-23 11:39:26 - [TEST_STEP][PASSED] - if (!(waitForElementPresent(findTestObject("Button/createBot"), 30, OPTIONAL))): Object 'Object Repository/Button/createBot' is present&#xD;
&#xD;
2020-06-23 11:39:42 - [MESSAGE][PASSED] - Object 'Object Repository/Button/createBot' is present&#xD;
&#xD;
2020-06-23 11:39:42 - [MESSAGE][PASSED] - Call Test Case 'Test Cases/Generic/successfulLogin_Test' successfully&#xD;
&#xD;
2020-06-23 11:39:42 - [TEST_STEP][PASSED] - platform.Method.navigateToBot("Smart bots", SMART_BOT): platform.Method.navigateToBot is PASSED&#xD;
&#xD;
2020-06-23 11:39:43 - [MESSAGE][PASSED] - Object 'Object Repository/Button/createBot' is present&#xD;
&#xD;
2020-06-23 11:39:46 - [MESSAGE][INFO] - Performing click action on bot&#xD;
&#xD;
2020-06-23 11:39:48 - [MESSAGE][PASSED] - platform.Method.navigateToBot is PASSED&#xD;
&#xD;
2020-06-23 11:39:48 - [TEST_STEP][PASSED] - platform.Method.clickOnElement(findTestObject("Generic/logic")): platform.Method.clickOnElement is PASSED&#xD;
&#xD;
2020-06-23 11:39:52 - [MESSAGE][PASSED] - platform.Method.clickOnElement is PASSED&#xD;
&#xD;
2020-06-23 11:39:52 - [TEST_STEP][PASSED] - PATH = getProjectDir() + "/Collection/": null&#xD;
&#xD;
2020-06-23 11:39:52 - [TEST_STEP][PASSED] - platform.Method.clickOnElement(findTestObject("Generic/webObjectWithText", ["textValue":"Generation Template"])): platform.Method.clickOnElement is PASSED&#xD;
&#xD;
2020-06-23 11:39:54 - [MESSAGE][PASSED] - platform.Method.clickOnElement is PASSED&#xD;
&#xD;
2020-06-23 11:39:54 - [TEST_STEP][PASSED] - platform.Method.clickOnElement(findTestObject("Toggle/code")): platform.Method.clickOnElement is PASSED&#xD;
&#xD;
2020-06-23 11:39:57 - [MESSAGE][PASSED] - platform.Method.clickOnElement is PASSED&#xD;
&#xD;
2020-06-23 11:39:57 - [TEST_STEP][PASSED] - platform.Method.clickOnElement(findTestObject("NewRepo/editCodeBtn")): platform.Method.clickOnElement is PASSED&#xD;
&#xD;
2020-06-23 11:39:59 - [MESSAGE][PASSED] - platform.Method.clickOnElement is PASSED&#xD;
&#xD;
2020-06-23 11:39:59 - [TEST_STEP][PASSED] - platform.Method.clickOnElement(findTestObject("Button/save", ["value":"Confirm "])): platform.Method.clickOnElement is PASSED&#xD;
&#xD;
2020-06-23 11:40:02 - [MESSAGE][PASSED] - platform.Method.clickOnElement is PASSED&#xD;
&#xD;
2020-06-23 11:40:02 - [TEST_STEP][PASSED] - waitForElementClickable(findTestObject("Button/save", ["value":"Save"]), 15, OPTIONAL): Object 'Object Repository/Button/save' is clickable&#xD;
&#xD;
2020-06-23 11:40:13 - [MESSAGE][PASSED] - Object 'Object Repository/Button/save' is clickable&#xD;
&#xD;
2020-06-23 11:40:13 - [TEST_STEP][PASSED] - for ([count = 1, count &lt;= findTestData("testData_Smart").getRowNumbers(), (count++)]): null&#xD;
&#xD;
2020-06-23 11:40:13 - [TEST_STEP][PASSED] - if (count == 1): platform.Method.clickOnElement is PASSED&#xD;
&#xD;
2020-06-23 11:40:13 - [TEST_STEP][PASSED] - uploadFile(findTestObject("Input/uploadFile"), PATH + findTestData("testData_Smart").getValue(fileColumn, count)): File 'D:/IMIbot.ai-Project/Collection/df_template.py' sent to object: 'Object Repository/Input/uploadFile'&#xD;
&#xD;
2020-06-23 11:40:16 - [MESSAGE][PASSED] - File 'D:/IMIbot.ai-Project/Collection/df_template.py' sent to object: 'Object Repository/Input/uploadFile'&#xD;
&#xD;
2020-06-23 11:40:16 - [TEST_STEP][PASSED] - platform.Method.clickOnElement(findTestObject("Button/save", ["value":"Save"])): platform.Method.clickOnElement is PASSED&#xD;
&#xD;
2020-06-23 11:40:18 - [MESSAGE][PASSED] - platform.Method.clickOnElement is PASSED&#xD;
&#xD;
2020-06-23 11:40:18 - [TEST_STEP][PASSED] - if (count == 4): null&#xD;
&#xD;
2020-06-23 11:40:18 - [TEST_STEP][PASSED] - if (count == 1): null&#xD;
&#xD;
2020-06-23 11:40:18 - [TEST_STEP][PASSED] - else: platform.Method.clickOnElement is PASSED&#xD;
&#xD;
2020-06-23 11:40:18 - [TEST_STEP][PASSED] - platform.Method.clickOnElement(findTestObject("Generic/webObjectWithText", ["textValue":findTestData("testData_Smart").getValue(section, count)])): platform.Method.clickOnElement is PASSED&#xD;
&#xD;
2020-06-23 11:40:21 - [MESSAGE][PASSED] - platform.Method.clickOnElement is PASSED&#xD;
&#xD;
2020-06-23 11:40:21 - [TEST_STEP][PASSED] - uploadFile(findTestObject("Input/uploadFile"), PATH + findTestData("testData_Smart").getValue(fileColumn, count)): File 'D:/IMIbot.ai-Project/Collection/df_rules.py' sent to object: 'Object Repository/Input/uploadFile'&#xD;
&#xD;
2020-06-23 11:40:23 - [MESSAGE][PASSED] - File 'D:/IMIbot.ai-Project/Collection/df_rules.py' sent to object: 'Object Repository/Input/uploadFile'&#xD;
&#xD;
2020-06-23 11:40:23 - [TEST_STEP][PASSED] - platform.Method.clickOnElement(findTestObject("Button/save", ["value":"Save"])): platform.Method.clickOnElement is PASSED&#xD;
&#xD;
2020-06-23 11:40:25 - [MESSAGE][PASSED] - platform.Method.clickOnElement is PASSED&#xD;
&#xD;
2020-06-23 11:40:25 - [TEST_STEP][PASSED] - if (count == 4): null&#xD;
&#xD;
2020-06-23 11:40:25 - [TEST_STEP][PASSED] - if (count == 1): null&#xD;
&#xD;
2020-06-23 11:40:25 - [TEST_STEP][PASSED] - else: platform.Method.clickOnElement is PASSED&#xD;
&#xD;
2020-06-23 11:40:25 - [TEST_STEP][PASSED] - platform.Method.clickOnElement(findTestObject("Generic/webObjectWithText", ["textValue":findTestData("testData_Smart").getValue(section, count)])): platform.Method.clickOnElement is PASSED&#xD;
&#xD;
2020-06-23 11:40:28 - [MESSAGE][PASSED] - platform.Method.clickOnElement is PASSED&#xD;
&#xD;
2020-06-23 11:40:28 - [TEST_STEP][PASSED] - uploadFile(findTestObject("Input/uploadFile"), PATH + findTestData("testData_Smart").getValue(fileColumn, count)): File 'D:/IMIbot.ai-Project/Collection/generation_rules.py' sent to object: 'Object Repository/Input/uploadFile'&#xD;
&#xD;
2020-06-23 11:40:30 - [MESSAGE][PASSED] - File 'D:/IMIbot.ai-Project/Collection/generation_rules.py' sent to object: 'Object Repository/Input/uploadFile'&#xD;
&#xD;
2020-06-23 11:40:30 - [TEST_STEP][PASSED] - platform.Method.clickOnElement(findTestObject("Button/save", ["value":"Save"])): platform.Method.clickOnElement is PASSED&#xD;
&#xD;
2020-06-23 11:40:33 - [MESSAGE][PASSED] - platform.Method.clickOnElement is PASSED&#xD;
&#xD;
2020-06-23 11:40:33 - [TEST_STEP][PASSED] - if (count == 4): null&#xD;
&#xD;
2020-06-23 11:40:33 - [TEST_STEP][PASSED] - if (count == 1): null&#xD;
&#xD;
2020-06-23 11:40:33 - [TEST_STEP][PASSED] - else: platform.Method.clickOnElement is PASSED&#xD;
&#xD;
2020-06-23 11:40:33 - [TEST_STEP][PASSED] - platform.Method.clickOnElement(findTestObject("Generic/webObjectWithText", ["textValue":findTestData("testData_Smart").getValue(section, count)])): platform.Method.clickOnElement is PASSED&#xD;
&#xD;
2020-06-23 11:40:35 - [MESSAGE][PASSED] - platform.Method.clickOnElement is PASSED&#xD;
&#xD;
2020-06-23 11:40:35 - [TEST_STEP][PASSED] - uploadFile(findTestObject("Input/uploadFile"), PATH + findTestData("testData_Smart").getValue(fileColumn, count)): File 'D:/IMIbot.ai-Project/Collection/generation_templates.py' sent to object: 'Object Repository/Input/uploadFile'&#xD;
&#xD;
2020-06-23 11:40:38 - [MESSAGE][PASSED] - File 'D:/IMIbot.ai-Project/Collection/generation_templates.py' sent to object: 'Object Repository/Input/uploadFile'&#xD;
&#xD;
2020-06-23 11:40:38 - [TEST_STEP][PASSED] - platform.Method.clickOnElement(findTestObject("Button/save", ["value":"Save"])): platform.Method.clickOnElement is PASSED&#xD;
&#xD;
2020-06-23 11:40:40 - [MESSAGE][PASSED] - platform.Method.clickOnElement is PASSED&#xD;
&#xD;
2020-06-23 11:40:40 - [TEST_STEP][PASSED] - if (count == 4): null&#xD;
&#xD;
2020-06-23 11:40:40 - [TEST_STEP][PASSED] - break: null&#xD;
&#xD;
2020-06-23 11:40:40 - [TEST_STEP][PASSED] - platform.Method.clickOnElement(findTestObject("Button/preview")): platform.Method.clickOnElement is PASSED&#xD;
&#xD;
2020-06-23 11:40:42 - [MESSAGE][PASSED] - platform.Method.clickOnElement is PASSED&#xD;
&#xD;
2020-06-23 11:40:42 - [TEST_STEP][PASSED] - sendKeys(findTestObject("Input/chatInput"), Keys.chord(userQuery, ENTER), STOP_ON_FAILURE): Keys 'ENTER + How is the weather of hyderabad today?' sent to object: 'Object Repository/Input/chatInput'&#xD;
&#xD;
2020-06-23 11:40:45 - [MESSAGE][PASSED] - Keys 'ENTER + How is the weather of hyderabad today?' sent to object: 'Object Repository/Input/chatInput'&#xD;
&#xD;
2020-06-23 11:40:45 - [TEST_STEP][PASSED] - delay(1): Delayed 1 second(s)&#xD;
&#xD;
2020-06-23 11:40:46 - [MESSAGE][PASSED] - Delayed 1 second(s)&#xD;
&#xD;
2020-06-23 11:40:46 - [TEST_STEP][PASSED] - platform.Preview.verifyBotResponse(now().toString()): YOUR TEXT HAS A MATCH&#xD;
&#xD;
2020-06-23 11:40:49 - [MESSAGE][PASSED] - Delayed 3 second(s)&#xD;
&#xD;
2020-06-23 11:40:52 - [MESSAGE][PASSED] - YOUR TEXT HAS A MATCH&#xD;
&#xD;
2020-06-23 11:40:52 - [TEST_STEP][PASSED] - platform.Method.clickOnElement(findTestObject("Button/upvote")): platform.Method.clickOnElement is PASSED&#xD;
&#xD;
2020-06-23 11:40:54 - [MESSAGE][PASSED] - platform.Method.clickOnElement is PASSED</system-out>
            <system-err></system-err>
        </testcase>
        <testcase name="Test Cases/Smartbot/maskingConcept_Test" classname="Test Cases/Smartbot/maskingConcept_Test" status="PASSED">
            <system-out>2020-06-23 11:40:54 - [TEST_CASE][PASSED] - Test Cases/Smartbot/maskingConcept_Test: Test Cases/Smartbot/maskingConcept_Test&#xD;
&#xD;
2020-06-23 11:40:54 - [TEST_STEP][PASSED] - Start listener action : setUp: Current window maximized&#xD;
&#xD;
2020-06-23 11:40:54 - [TEST_STEP][PASSED] - openBrowser(URL): Browser is opened with url: 'preprod.imibot.ai'&#xD;
&#xD;
2020-06-23 11:40:54 - [MESSAGE][WARNING] - A browser is already opened. Closing browser and opening a new one&#xD;
&#xD;
2020-06-23 11:40:56 - [MESSAGE][INFO] - Starting 'Chrome' driver&#xD;
&#xD;
2020-06-23 11:40:56 - [MESSAGE][INFO] - User set preference: ['args', '[--start-maximized]']&#xD;
&#xD;
2020-06-23 11:41:07 - [MESSAGE][PASSED] - Browser is opened with url: 'preprod.imibot.ai'&#xD;
&#xD;
2020-06-23 11:41:07 - [TEST_STEP][PASSED] - maximizeWindow(): Current window maximized&#xD;
&#xD;
2020-06-23 11:41:09 - [MESSAGE][PASSED] - Current window maximized&#xD;
&#xD;
2020-06-23 11:41:10 - [TEST_STEP][PASSED] - callTestCase(findTestCase("Generic/successfulLogin_Test"), [:], STOP_ON_FAILURE): Call Test Case 'Test Cases/Generic/successfulLogin_Test' successfully&#xD;
&#xD;
2020-06-23 11:41:10 - [TEST_CASE][PASSED] - Test Cases/Generic/successfulLogin_Test: Test Cases/Generic/successfulLogin_Test&#xD;
&#xD;
2020-06-23 11:41:10 - [TEST_STEP][PASSED] - sendKeys(findTestObject("Input/username"), USERNAME): Keys 'narendra.n@imimobile.com' sent to object: 'Object Repository/Input/username'&#xD;
&#xD;
2020-06-23 11:41:13 - [MESSAGE][PASSED] - Keys 'narendra.n@imimobile.com' sent to object: 'Object Repository/Input/username'&#xD;
&#xD;
2020-06-23 11:41:13 - [TEST_STEP][PASSED] - sendKeys(findTestObject("Input/password"), PASSWORD): Keys 'Test@2020' sent to object: 'Object Repository/Input/password'&#xD;
&#xD;
2020-06-23 11:41:15 - [MESSAGE][PASSED] - Keys 'Test@2020' sent to object: 'Object Repository/Input/password'&#xD;
&#xD;
2020-06-23 11:41:15 - [TEST_STEP][PASSED] - click(findTestObject("Button/signIn")): Object: 'Object Repository/Button/signIn' is clicked on&#xD;
&#xD;
2020-06-23 11:41:18 - [MESSAGE][PASSED] - Object: 'Object Repository/Button/signIn' is clicked on&#xD;
&#xD;
2020-06-23 11:41:18 - [TEST_STEP][PASSED] - if (!(waitForElementPresent(findTestObject("Button/createBot"), 30, OPTIONAL))): Object 'Object Repository/Button/createBot' is present&#xD;
&#xD;
2020-06-23 11:41:34 - [MESSAGE][PASSED] - Object 'Object Repository/Button/createBot' is present&#xD;
&#xD;
2020-06-23 11:41:34 - [MESSAGE][PASSED] - Call Test Case 'Test Cases/Generic/successfulLogin_Test' successfully&#xD;
&#xD;
2020-06-23 11:41:34 - [TEST_STEP][PASSED] - platform.Method.navigateToBot("Smart bots", SMART_BOT): platform.Method.navigateToBot is PASSED&#xD;
&#xD;
2020-06-23 11:41:35 - [MESSAGE][PASSED] - Object 'Object Repository/Button/createBot' is present&#xD;
&#xD;
2020-06-23 11:41:38 - [MESSAGE][INFO] - Performing click action on bot&#xD;
&#xD;
2020-06-23 11:41:40 - [MESSAGE][PASSED] - platform.Method.navigateToBot is PASSED&#xD;
&#xD;
2020-06-23 11:41:40 - [TEST_STEP][PASSED] - platform.Method.clickOnElement(findTestObject("Generic/nlp")): platform.Method.clickOnElement is PASSED&#xD;
&#xD;
2020-06-23 11:41:44 - [MESSAGE][PASSED] - platform.Method.clickOnElement is PASSED&#xD;
&#xD;
2020-06-23 11:41:44 - [TEST_STEP][PASSED] - PATH = getProjectDir() + "/Collection/": null&#xD;
&#xD;
2020-06-23 11:41:44 - [TEST_STEP][PASSED] - testData = findTestData("testData_Smart"): null&#xD;
&#xD;
2020-06-23 11:41:44 - [TEST_STEP][PASSED] - platform.NLP.createConceptType("Regex", true, testData.getValue("concept_name", 2), testData.getValue("file_name", 2)): platform.NLP.createConceptType is PASSED&#xD;
&#xD;
2020-06-23 11:41:45 - [MESSAGE][PASSED] - Object 'Object Repository/Generic/webObjectWithText' is present&#xD;
&#xD;
2020-06-23 11:42:00 - [MESSAGE][PASSED] - Keys 'creditcard_regex' sent to object: 'Object Repository/Input/conceptName'&#xD;
&#xD;
2020-06-23 11:42:03 - [MESSAGE][PASSED] - File 'D:/IMIbot.ai-Project/Collection/regex.py' sent to object: 'Object Repository/Input/uploadFile'&#xD;
&#xD;
2020-06-23 11:42:05 - [MESSAGE][PASSED] - platform.NLP.createConceptType is PASSED&#xD;
&#xD;
2020-06-23 11:42:05 - [TEST_STEP][PASSED] - platform.Method.clickOnElement(findTestObject("NewRepo/conceptBackBtn")): platform.Method.clickOnElement is PASSED&#xD;
&#xD;
2020-06-23 11:42:07 - [MESSAGE][PASSED] - platform.Method.clickOnElement is PASSED&#xD;
&#xD;
2020-06-23 11:42:07 - [TEST_STEP][PASSED] - platform.NLP.createConceptType("Single Match", true, testData.getValue("concept_name", 3), testData.getValue("file_name", 3)): platform.NLP.createConceptType is PASSED&#xD;
&#xD;
2020-06-23 11:42:08 - [MESSAGE][PASSED] - Object 'Object Repository/Generic/webObjectWithText' is present&#xD;
&#xD;
2020-06-23 11:42:22 - [MESSAGE][PASSED] - Keys 'single_match' sent to object: 'Object Repository/Input/conceptName'&#xD;
&#xD;
2020-06-23 11:42:25 - [MESSAGE][PASSED] - File 'D:/IMIbot.ai-Project/Collection/single_match.py' sent to object: 'Object Repository/Input/uploadFile'&#xD;
&#xD;
2020-06-23 11:42:27 - [MESSAGE][PASSED] - platform.NLP.createConceptType is PASSED&#xD;
&#xD;
2020-06-23 11:42:27 - [TEST_STEP][PASSED] - platform.Method.clickOnElement(findTestObject("Generic/logic")): platform.Method.clickOnElement is PASSED&#xD;
&#xD;
2020-06-23 11:42:29 - [MESSAGE][PASSED] - platform.Method.clickOnElement is PASSED&#xD;
&#xD;
2020-06-23 11:42:29 - [TEST_STEP][PASSED] - platform.Method.clickOnElement(findTestObject("Button/fork")): platform.Method.clickOnElement is PASSED&#xD;
&#xD;
2020-06-23 11:42:32 - [MESSAGE][PASSED] - platform.Method.clickOnElement is PASSED&#xD;
&#xD;
2020-06-23 11:42:32 - [TEST_STEP][PASSED] - sendKeys(findTestObject("Input/forkComment"), "Masked concept V2 created"): Keys 'Masked concept V2 created' sent to object: 'Object Repository/Input/forkComment'&#xD;
&#xD;
2020-06-23 11:42:34 - [MESSAGE][PASSED] - Keys 'Masked concept V2 created' sent to object: 'Object Repository/Input/forkComment'&#xD;
&#xD;
2020-06-23 11:42:34 - [TEST_STEP][PASSED] - platform.Method.clickOnElement(findTestObject("Button/createNewFork")): platform.Method.clickOnElement is PASSED&#xD;
&#xD;
2020-06-23 11:42:37 - [MESSAGE][PASSED] - platform.Method.clickOnElement is PASSED&#xD;
&#xD;
2020-06-23 11:42:37 - [TEST_STEP][PASSED] - for ([count = 1, count &lt;= findTestData("testData_Smart").getRowNumbers(), (count++)]): null&#xD;
&#xD;
2020-06-23 11:42:37 - [TEST_STEP][PASSED] - if (count == 1): platform.Method.clickOnElement is PASSED&#xD;
&#xD;
2020-06-23 11:42:37 - [TEST_STEP][PASSED] - uploadFile(findTestObject("Input/uploadFile"), PATH + testData.getValue("masked_logic_file", count)): File 'D:/IMIbot.ai-Project/Collection/df_template_masked.py' sent to object: 'Object Repository/Input/uploadFile'&#xD;
&#xD;
2020-06-23 11:42:39 - [MESSAGE][PASSED] - File 'D:/IMIbot.ai-Project/Collection/df_template_masked.py' sent to object: 'Object Repository/Input/uploadFile'&#xD;
&#xD;
2020-06-23 11:42:39 - [TEST_STEP][PASSED] - platform.Method.clickOnElement(findTestObject("Button/save", ["value":"Save"])): platform.Method.clickOnElement is PASSED&#xD;
&#xD;
2020-06-23 11:42:41 - [MESSAGE][PASSED] - platform.Method.clickOnElement is PASSED&#xD;
&#xD;
2020-06-23 11:42:41 - [TEST_STEP][PASSED] - if (count == 1): null&#xD;
&#xD;
2020-06-23 11:42:41 - [TEST_STEP][PASSED] - else: null&#xD;
&#xD;
2020-06-23 11:42:41 - [TEST_STEP][PASSED] - platform.Method.clickOnElement(findTestObject("Generic/webObjectWithText", ["textValue":testData.getValue("logic_section", count)])): platform.Method.clickOnElement is PASSED&#xD;
&#xD;
2020-06-23 11:42:44 - [MESSAGE][PASSED] - platform.Method.clickOnElement is PASSED&#xD;
&#xD;
2020-06-23 11:42:44 - [TEST_STEP][PASSED] - uploadFile(findTestObject("Input/uploadFile"), PATH + findTestData("testData_Smart").getValue("masked_logic_file", count)): File 'D:/IMIbot.ai-Project/Collection/df_rules_masked.py' sent to object: 'Object Repository/Input/uploadFile'&#xD;
&#xD;
2020-06-23 11:42:46 - [MESSAGE][PASSED] - File 'D:/IMIbot.ai-Project/Collection/df_rules_masked.py' sent to object: 'Object Repository/Input/uploadFile'&#xD;
&#xD;
2020-06-23 11:42:46 - [TEST_STEP][PASSED] - platform.Method.clickOnElement(findTestObject("Button/save", ["value":"Save"])): platform.Method.clickOnElement is PASSED&#xD;
&#xD;
2020-06-23 11:42:48 - [MESSAGE][PASSED] - platform.Method.clickOnElement is PASSED&#xD;
&#xD;
2020-06-23 11:42:48 - [TEST_STEP][PASSED] - if (count == 4): null&#xD;
&#xD;
2020-06-23 11:42:48 - [TEST_STEP][PASSED] - if (count == 1): null&#xD;
&#xD;
2020-06-23 11:42:48 - [TEST_STEP][PASSED] - else: null&#xD;
&#xD;
2020-06-23 11:42:48 - [TEST_STEP][PASSED] - platform.Method.clickOnElement(findTestObject("Generic/webObjectWithText", ["textValue":testData.getValue("logic_section", count)])): platform.Method.clickOnElement is PASSED&#xD;
&#xD;
2020-06-23 11:42:51 - [MESSAGE][PASSED] - platform.Method.clickOnElement is PASSED&#xD;
&#xD;
2020-06-23 11:42:51 - [TEST_STEP][PASSED] - uploadFile(findTestObject("Input/uploadFile"), PATH + findTestData("testData_Smart").getValue("masked_logic_file", count)): File 'D:/IMIbot.ai-Project/Collection/generation_rules_masked.py' sent to object: 'Object Repository/Input/uploadFile'&#xD;
&#xD;
2020-06-23 11:42:53 - [MESSAGE][PASSED] - File 'D:/IMIbot.ai-Project/Collection/generation_rules_masked.py' sent to object: 'Object Repository/Input/uploadFile'&#xD;
&#xD;
2020-06-23 11:42:53 - [TEST_STEP][PASSED] - platform.Method.clickOnElement(findTestObject("Button/save", ["value":"Save"])): platform.Method.clickOnElement is PASSED&#xD;
&#xD;
2020-06-23 11:42:55 - [MESSAGE][PASSED] - platform.Method.clickOnElement is PASSED&#xD;
&#xD;
2020-06-23 11:42:55 - [TEST_STEP][PASSED] - if (count == 4): null&#xD;
&#xD;
2020-06-23 11:42:56 - [TEST_STEP][PASSED] - if (count == 1): null&#xD;
&#xD;
2020-06-23 11:42:56 - [TEST_STEP][PASSED] - else: null&#xD;
&#xD;
2020-06-23 11:42:56 - [TEST_STEP][PASSED] - platform.Method.clickOnElement(findTestObject("Generic/webObjectWithText", ["textValue":testData.getValue("logic_section", count)])): platform.Method.clickOnElement is PASSED&#xD;
&#xD;
2020-06-23 11:42:58 - [MESSAGE][PASSED] - platform.Method.clickOnElement is PASSED&#xD;
&#xD;
2020-06-23 11:42:58 - [TEST_STEP][PASSED] - uploadFile(findTestObject("Input/uploadFile"), PATH + findTestData("testData_Smart").getValue("masked_logic_file", count)): File 'D:/IMIbot.ai-Project/Collection/generation_templates_masked.py' sent to object: 'Object Repository/Input/uploadFile'&#xD;
&#xD;
2020-06-23 11:43:00 - [MESSAGE][PASSED] - File 'D:/IMIbot.ai-Project/Collection/generation_templates_masked.py' sent to object: 'Object Repository/Input/uploadFile'&#xD;
&#xD;
2020-06-23 11:43:00 - [TEST_STEP][PASSED] - platform.Method.clickOnElement(findTestObject("Button/save", ["value":"Save"])): platform.Method.clickOnElement is PASSED&#xD;
&#xD;
2020-06-23 11:43:03 - [MESSAGE][PASSED] - platform.Method.clickOnElement is PASSED&#xD;
&#xD;
2020-06-23 11:43:03 - [TEST_STEP][PASSED] - if (count == 4): null&#xD;
&#xD;
2020-06-23 11:43:03 - [TEST_STEP][PASSED] - break: null&#xD;
&#xD;
2020-06-23 11:43:03 - [TEST_STEP][PASSED] - if (verifyElementText(findTestObject("Generic/versionStatus"), "Inactive", OPTIONAL)): platform.Method.clickOnElement is PASSED&#xD;
&#xD;
2020-06-23 11:43:05 - [MESSAGE][PASSED] - Actual text and expected text of test object 'Object Repository/Generic/versionStatus' are matched.&#xD;
&#xD;
2020-06-23 11:43:05 - [TEST_STEP][PASSED] - platform.Method.clickOnElement(findTestObject("Button/activate")): platform.Method.clickOnElement is PASSED&#xD;
&#xD;
2020-06-23 11:43:07 - [MESSAGE][PASSED] - platform.Method.clickOnElement is PASSED&#xD;
&#xD;
2020-06-23 11:43:07 - [TEST_STEP][PASSED] - platform.Method.clickOnElement(findTestObject("Button/preview")): platform.Method.clickOnElement is PASSED&#xD;
&#xD;
2020-06-23 11:43:10 - [MESSAGE][PASSED] - platform.Method.clickOnElement is PASSED&#xD;
&#xD;
2020-06-23 11:43:10 - [TEST_STEP][PASSED] - for ([count = 1, count &lt; testData.getRowNumbers(), (count++)]): null&#xD;
&#xD;
2020-06-23 11:43:10 - [TEST_STEP][PASSED] - sendKeys(findTestObject("Input/chatInput"), Keys.chord(testData.getValue("userQuery", count), ENTER), STOP_ON_FAILURE): Keys 'ENTER + 4162000000001234' sent to object: 'Object Repository/Input/chatInput'&#xD;
&#xD;
2020-06-23 11:43:12 - [MESSAGE][PASSED] - Keys 'ENTER + 4162000000001234' sent to object: 'Object Repository/Input/chatInput'&#xD;
&#xD;
2020-06-23 11:43:12 - [TEST_STEP][PASSED] - delay(2): Delayed 2 second(s)&#xD;
&#xD;
2020-06-23 11:43:14 - [MESSAGE][PASSED] - Delayed 2 second(s)&#xD;
&#xD;
2020-06-23 11:43:14 - [TEST_STEP][PASSED] - verifyElementText(findTestObject("GenericII/getBotResponse", ["index":count]), testData.getValue("botResponse", count), STOP_ON_FAILURE): Actual text and expected text of test object 'Object Repository/GenericII/getBotResponse' are matched.&#xD;
&#xD;
2020-06-23 11:43:17 - [MESSAGE][PASSED] - Actual text and expected text of test object 'Object Repository/GenericII/getBotResponse' are matched.&#xD;
&#xD;
2020-06-23 11:43:17 - [TEST_STEP][PASSED] - if (testData.getValue("userQuery", count + 1) == ""): null&#xD;
&#xD;
2020-06-23 11:43:17 - [TEST_STEP][PASSED] - sendKeys(findTestObject("Input/chatInput"), Keys.chord(testData.getValue("userQuery", count), ENTER), STOP_ON_FAILURE): Keys 'ENTER + one' sent to object: 'Object Repository/Input/chatInput'&#xD;
&#xD;
2020-06-23 11:43:19 - [MESSAGE][PASSED] - Keys 'ENTER + one' sent to object: 'Object Repository/Input/chatInput'&#xD;
&#xD;
2020-06-23 11:43:19 - [TEST_STEP][PASSED] - delay(2): Delayed 2 second(s)&#xD;
&#xD;
2020-06-23 11:43:21 - [MESSAGE][PASSED] - Delayed 2 second(s)&#xD;
&#xD;
2020-06-23 11:43:21 - [TEST_STEP][PASSED] - verifyElementText(findTestObject("GenericII/getBotResponse", ["index":count]), testData.getValue("botResponse", count), STOP_ON_FAILURE): Actual text and expected text of test object 'Object Repository/GenericII/getBotResponse' are matched.&#xD;
&#xD;
2020-06-23 11:43:23 - [MESSAGE][PASSED] - Actual text and expected text of test object 'Object Repository/GenericII/getBotResponse' are matched.&#xD;
&#xD;
2020-06-23 11:43:23 - [TEST_STEP][PASSED] - if (testData.getValue("userQuery", count + 1) == ""): null&#xD;
&#xD;
2020-06-23 11:43:23 - [TEST_STEP][PASSED] - sendKeys(findTestObject("Input/chatInput"), Keys.chord(testData.getValue("userQuery", count), ENTER), STOP_ON_FAILURE): Keys 'ENTER + four' sent to object: 'Object Repository/Input/chatInput'&#xD;
&#xD;
2020-06-23 11:43:26 - [MESSAGE][PASSED] - Keys 'ENTER + four' sent to object: 'Object Repository/Input/chatInput'&#xD;
&#xD;
2020-06-23 11:43:26 - [TEST_STEP][PASSED] - delay(2): Delayed 2 second(s)&#xD;
&#xD;
2020-06-23 11:43:28 - [MESSAGE][PASSED] - Delayed 2 second(s)&#xD;
&#xD;
2020-06-23 11:43:28 - [TEST_STEP][PASSED] - verifyElementText(findTestObject("GenericII/getBotResponse", ["index":count]), testData.getValue("botResponse", count), STOP_ON_FAILURE): Actual text and expected text of test object 'Object Repository/GenericII/getBotResponse' are matched.&#xD;
&#xD;
2020-06-23 11:43:30 - [MESSAGE][PASSED] - Actual text and expected text of test object 'Object Repository/GenericII/getBotResponse' are matched.&#xD;
&#xD;
2020-06-23 11:43:30 - [TEST_STEP][PASSED] - if (testData.getValue("userQuery", count + 1) == ""): null&#xD;
&#xD;
2020-06-23 11:43:30 - [TEST_STEP][PASSED] - break: null&#xD;
&#xD;
2020-06-23 11:43:30 - [TEST_STEP][PASSED] - getRoomIdAt = new java.util.ArrayList(): null&#xD;
&#xD;
2020-06-23 11:43:30 - [TEST_STEP][PASSED] - getRoomIdAt = platform.Utility.getRoomID(): platform.Utility.getRoomID is PASSED&#xD;
&#xD;
2020-06-23 11:43:34 - [MESSAGE][PASSED] - platform.Utility.getRoomID is PASSED&#xD;
&#xD;
2020-06-23 11:43:34 - [TEST_STEP][PASSED] - roomID = get(0).toString(): null&#xD;
&#xD;
2020-06-23 11:43:34 - [TEST_STEP][PASSED] - platform.Method.clickOnElement(findTestObject("GenericII/minimize")): platform.Method.clickOnElement is PASSED&#xD;
&#xD;
2020-06-23 11:43:36 - [MESSAGE][PASSED] - platform.Method.clickOnElement is PASSED&#xD;
&#xD;
2020-06-23 11:43:36 - [TEST_STEP][PASSED] - platform.Method.clickOnElement(findTestObject("Generic/session")): platform.Method.clickOnElement is PASSED&#xD;
&#xD;
2020-06-23 11:43:39 - [MESSAGE][PASSED] - platform.Method.clickOnElement is PASSED&#xD;
&#xD;
2020-06-23 11:43:39 - [TEST_STEP][PASSED] - platform.Session.searchByRoomID(roomID): platform.Session.searchByRoomID is PASSED&#xD;
&#xD;
2020-06-23 11:43:43 - [MESSAGE][PASSED] - Text '1980299' is set on object 'Object Repository/Input/roomID'&#xD;
&#xD;
2020-06-23 11:43:45 - [MESSAGE][PASSED] - platform.Session.searchByRoomID is PASSED&#xD;
&#xD;
2020-06-23 11:43:45 - [TEST_STEP][PASSED] - waitForElementPresent(findTestObject("Generic/webObjectWithText", ["textValue":roomID]), 20, OPTIONAL): Object 'Object Repository/Generic/webObjectWithText' is present&#xD;
&#xD;
2020-06-23 11:43:46 - [MESSAGE][PASSED] - Object 'Object Repository/Generic/webObjectWithText' is present&#xD;
&#xD;
2020-06-23 11:43:46 - [TEST_STEP][PASSED] - platform.Method.clickOnElement(findTestObject("Generic/webObjectWithText", ["textValue":roomID])): platform.Method.clickOnElement is PASSED&#xD;
&#xD;
2020-06-23 11:43:49 - [MESSAGE][PASSED] - platform.Method.clickOnElement is PASSED&#xD;
&#xD;
2020-06-23 11:43:49 - [TEST_STEP][PASSED] - verifyElementText(findTestObject("NewRepo2/messageInSession", ["index":1]), "4**************4", STOP_ON_FAILURE): Actual text and expected text of test object 'Object Repository/NewRepo2/messageInSession' are matched.&#xD;
&#xD;
2020-06-23 11:43:51 - [MESSAGE][PASSED] - Actual text and expected text of test object 'Object Repository/NewRepo2/messageInSession' are matched.&#xD;
&#xD;
2020-06-23 11:43:51 - [TEST_STEP][PASSED] - verifyElementText(findTestObject("NewRepo2/messageInSession", ["index":3]), "o*e", STOP_ON_FAILURE): Actual text and expected text of test object 'Object Repository/NewRepo2/messageInSession' are matched.&#xD;
&#xD;
2020-06-23 11:43:53 - [MESSAGE][PASSED] - Actual text and expected text of test object 'Object Repository/NewRepo2/messageInSession' are matched.&#xD;
&#xD;
2020-06-23 11:43:53 - [TEST_STEP][PASSED] - platform.Method.clickOnElement(findTestObject("GenericII/closePopup")): platform.Method.clickOnElement is PASSED&#xD;
&#xD;
2020-06-23 11:43:55 - [MESSAGE][PASSED] - platform.Method.clickOnElement is PASSED</system-out>
            <system-err></system-err>
        </testcase>
        <testcase name="Test Cases/Smartbot/roomCloseCallback_Test" classname="Test Cases/Smartbot/roomCloseCallback_Test" status="PASSED">
            <system-out>2020-06-23 11:43:56 - [TEST_CASE][PASSED] - Test Cases/Smartbot/roomCloseCallback_Test: Test Cases/Smartbot/roomCloseCallback_Test&#xD;
&#xD;
2020-06-23 11:43:56 - [TEST_STEP][PASSED] - Start listener action : setUp: Current window maximized&#xD;
&#xD;
2020-06-23 11:43:56 - [TEST_STEP][PASSED] - openBrowser(URL): Browser is opened with url: 'preprod.imibot.ai'&#xD;
&#xD;
2020-06-23 11:43:56 - [MESSAGE][WARNING] - A browser is already opened. Closing browser and opening a new one&#xD;
&#xD;
2020-06-23 11:43:58 - [MESSAGE][INFO] - Starting 'Chrome' driver&#xD;
&#xD;
2020-06-23 11:43:58 - [MESSAGE][INFO] - User set preference: ['args', '[--start-maximized]']&#xD;
&#xD;
2020-06-23 11:44:09 - [MESSAGE][PASSED] - Browser is opened with url: 'preprod.imibot.ai'&#xD;
&#xD;
2020-06-23 11:44:09 - [TEST_STEP][PASSED] - maximizeWindow(): Current window maximized&#xD;
&#xD;
2020-06-23 11:44:12 - [MESSAGE][PASSED] - Current window maximized&#xD;
&#xD;
2020-06-23 11:44:12 - [TEST_STEP][PASSED] - callTestCase(findTestCase("Generic/successfulLogin_Test"), [:], STOP_ON_FAILURE): Call Test Case 'Test Cases/Generic/successfulLogin_Test' successfully&#xD;
&#xD;
2020-06-23 11:44:12 - [TEST_CASE][PASSED] - Test Cases/Generic/successfulLogin_Test: Test Cases/Generic/successfulLogin_Test&#xD;
&#xD;
2020-06-23 11:44:12 - [TEST_STEP][PASSED] - sendKeys(findTestObject("Input/username"), USERNAME): Keys 'narendra.n@imimobile.com' sent to object: 'Object Repository/Input/username'&#xD;
&#xD;
2020-06-23 11:44:15 - [MESSAGE][PASSED] - Keys 'narendra.n@imimobile.com' sent to object: 'Object Repository/Input/username'&#xD;
&#xD;
2020-06-23 11:44:15 - [TEST_STEP][PASSED] - sendKeys(findTestObject("Input/password"), PASSWORD): Keys 'Test@2020' sent to object: 'Object Repository/Input/password'&#xD;
&#xD;
2020-06-23 11:44:18 - [MESSAGE][PASSED] - Keys 'Test@2020' sent to object: 'Object Repository/Input/password'&#xD;
&#xD;
2020-06-23 11:44:18 - [TEST_STEP][PASSED] - click(findTestObject("Button/signIn")): Object: 'Object Repository/Button/signIn' is clicked on&#xD;
&#xD;
2020-06-23 11:44:20 - [MESSAGE][PASSED] - Object: 'Object Repository/Button/signIn' is clicked on&#xD;
&#xD;
2020-06-23 11:44:20 - [TEST_STEP][PASSED] - if (!(waitForElementPresent(findTestObject("Button/createBot"), 30, OPTIONAL))): Object 'Object Repository/Button/createBot' is present&#xD;
&#xD;
2020-06-23 11:44:36 - [MESSAGE][PASSED] - Object 'Object Repository/Button/createBot' is present&#xD;
&#xD;
2020-06-23 11:44:36 - [MESSAGE][PASSED] - Call Test Case 'Test Cases/Generic/successfulLogin_Test' successfully&#xD;
&#xD;
2020-06-23 11:44:36 - [TEST_STEP][PASSED] - platform.Method.navigateToBot("Smart bots", SMART_BOT): platform.Method.navigateToBot is PASSED&#xD;
&#xD;
2020-06-23 11:44:37 - [MESSAGE][PASSED] - Object 'Object Repository/Button/createBot' is present&#xD;
&#xD;
2020-06-23 11:44:40 - [MESSAGE][INFO] - Performing click action on bot&#xD;
&#xD;
2020-06-23 11:44:43 - [MESSAGE][PASSED] - platform.Method.navigateToBot is PASSED&#xD;
&#xD;
2020-06-23 11:44:43 - [TEST_STEP][PASSED] - platform.Method.enableCloseCallback(true): platform.Method.enableCloseCallback is PASSED&#xD;
&#xD;
2020-06-23 11:44:53 - [MESSAGE][PASSED] - Text '1' is set on object 'Object Repository/Input/sessionCloseTime'&#xD;
&#xD;
2020-06-23 11:44:56 - [MESSAGE][PASSED] - platform.Method.enableCloseCallback is PASSED&#xD;
&#xD;
2020-06-23 11:44:56 - [TEST_STEP][PASSED] - platform.Method.clickOnElement(findTestObject("Button/preview")): platform.Method.clickOnElement is PASSED&#xD;
&#xD;
2020-06-23 11:44:58 - [MESSAGE][PASSED] - platform.Method.clickOnElement is PASSED&#xD;
&#xD;
2020-06-23 11:44:58 - [TEST_STEP][PASSED] - sendKeys(findTestObject("Input/chatInput"), Keys.chord(userQuery, ENTER), STOP_ON_FAILURE): Keys 'ENTER + test callback after session close time' sent to object: 'Object Repository/Input/chatInput'&#xD;
&#xD;
2020-06-23 11:45:02 - [MESSAGE][PASSED] - Keys 'ENTER + test callback after session close time' sent to object: 'Object Repository/Input/chatInput'&#xD;
&#xD;
2020-06-23 11:45:02 - [TEST_STEP][PASSED] - delay(70): Delayed 70 second(s)&#xD;
&#xD;
2020-06-23 11:46:12 - [MESSAGE][PASSED] - Delayed 70 second(s)&#xD;
&#xD;
2020-06-23 11:46:12 - [TEST_STEP][PASSED] - verifyElementText(findTestObject("GenericII/getBotResponse", ["index":2]), botResponse, STOP_ON_FAILURE): Actual text and expected text of test object 'Object Repository/GenericII/getBotResponse' are matched.&#xD;
&#xD;
2020-06-23 11:46:14 - [MESSAGE][PASSED] - Actual text and expected text of test object 'Object Repository/GenericII/getBotResponse' are matched.&#xD;
&#xD;
2020-06-23 11:46:14 - [TEST_STEP][PASSED] - getRoomIdAt = new java.util.ArrayList(): null&#xD;
&#xD;
2020-06-23 11:46:14 - [TEST_STEP][PASSED] - getRoomIdAt = platform.Utility.getRoomID(): platform.Utility.getRoomID is PASSED&#xD;
&#xD;
2020-06-23 11:46:18 - [MESSAGE][PASSED] - platform.Utility.getRoomID is PASSED&#xD;
&#xD;
2020-06-23 11:46:18 - [TEST_STEP][PASSED] - roomID = get(0).toString(): null&#xD;
&#xD;
2020-06-23 11:46:18 - [TEST_STEP][PASSED] - platform.Method.toClickOnWebElement(findTestObject("GenericII/minimize")): platform.Method.toClickOnWebElement is PASSED&#xD;
&#xD;
2020-06-23 11:46:21 - [MESSAGE][PASSED] - Object: 'Object Repository/GenericII/minimize' is clicked on&#xD;
&#xD;
2020-06-23 11:46:21 - [MESSAGE][PASSED] - platform.Method.toClickOnWebElement is PASSED&#xD;
&#xD;
2020-06-23 11:46:21 - [TEST_STEP][PASSED] - platform.Method.toClickOnWebElement(findTestObject("Generic/session")): platform.Method.toClickOnWebElement is PASSED&#xD;
&#xD;
2020-06-23 11:46:23 - [MESSAGE][PASSED] - Object: 'Object Repository/Generic/session' is clicked on&#xD;
&#xD;
2020-06-23 11:46:23 - [MESSAGE][PASSED] - platform.Method.toClickOnWebElement is PASSED&#xD;
&#xD;
2020-06-23 11:46:23 - [TEST_STEP][PASSED] - platform.Session.searchByRoomID(roomID): platform.Session.searchByRoomID is PASSED&#xD;
&#xD;
2020-06-23 11:46:27 - [MESSAGE][PASSED] - Text '1980300' is set on object 'Object Repository/Input/roomID'&#xD;
&#xD;
2020-06-23 11:46:30 - [MESSAGE][PASSED] - platform.Session.searchByRoomID is PASSED&#xD;
&#xD;
2020-06-23 11:46:30 - [TEST_STEP][PASSED] - verifyElementPresent(findTestObject("NewRepo2/errorIcon"), 20, STOP_ON_FAILURE): Object 'Object Repository/NewRepo2/errorIcon' is present&#xD;
&#xD;
2020-06-23 11:46:31 - [MESSAGE][PASSED] - Object 'Object Repository/NewRepo2/errorIcon' is present&#xD;
&#xD;
2020-06-23 11:46:31 - [TEST_STEP][PASSED] - platform.Method.toClickOnWebElement(findTestObject("Generic/webObjectWithText", ["textValue":roomID])): platform.Method.toClickOnWebElement is PASSED&#xD;
&#xD;
2020-06-23 11:46:33 - [MESSAGE][PASSED] - Object: 'Object Repository/Generic/webObjectWithText' is clicked on&#xD;
&#xD;
2020-06-23 11:46:33 - [MESSAGE][PASSED] - platform.Method.toClickOnWebElement is PASSED&#xD;
&#xD;
2020-06-23 11:46:33 - [TEST_STEP][PASSED] - verifyTextPresent("error_outline", false, OPTIONAL): Text 'error_outline' is present on page &#xD;
&#xD;
2020-06-23 11:46:37 - [MESSAGE][PASSED] - Text 'error_outline' is present on page &#xD;
&#xD;
2020-06-23 11:46:37 - [TEST_STEP][PASSED] - sendKeys(findTestObject("NewRepo2/inputSessionSearch"), searchText): Keys 'Workflows file' sent to object: 'Object Repository/NewRepo2/inputSessionSearch'&#xD;
&#xD;
2020-06-23 11:46:40 - [MESSAGE][PASSED] - Keys 'Workflows file' sent to object: 'Object Repository/NewRepo2/inputSessionSearch'&#xD;
&#xD;
2020-06-23 11:46:40 - [TEST_STEP][PASSED] - verifyElementText(findTestObject("NewRepo2/textHighlight"), searchText, STOP_ON_FAILURE): Actual text and expected text of test object 'Object Repository/NewRepo2/textHighlight' are matched.&#xD;
&#xD;
2020-06-23 11:46:42 - [MESSAGE][PASSED] - Actual text and expected text of test object 'Object Repository/NewRepo2/textHighlight' are matched.</system-out>
            <system-err></system-err>
        </testcase>
        <testcase name="Test Cases/Taskbot/botCreation_Test" classname="Test Cases/Taskbot/botCreation_Test" status="PASSED">
            <system-out>2020-06-23 11:46:42 - [TEST_CASE][PASSED] - Test Cases/Taskbot/botCreation_Test: Test Cases/Taskbot/botCreation_Test&#xD;
&#xD;
2020-06-23 11:46:42 - [TEST_STEP][PASSED] - Start listener action : setUp: Current window maximized&#xD;
&#xD;
2020-06-23 11:46:42 - [TEST_STEP][PASSED] - openBrowser(URL): Browser is opened with url: 'preprod.imibot.ai'&#xD;
&#xD;
2020-06-23 11:46:42 - [MESSAGE][WARNING] - A browser is already opened. Closing browser and opening a new one&#xD;
&#xD;
2020-06-23 11:46:44 - [MESSAGE][INFO] - Starting 'Chrome' driver&#xD;
&#xD;
2020-06-23 11:46:44 - [MESSAGE][INFO] - User set preference: ['args', '[--start-maximized]']&#xD;
&#xD;
2020-06-23 11:46:55 - [MESSAGE][PASSED] - Browser is opened with url: 'preprod.imibot.ai'&#xD;
&#xD;
2020-06-23 11:46:55 - [TEST_STEP][PASSED] - maximizeWindow(): Current window maximized&#xD;
&#xD;
2020-06-23 11:46:57 - [MESSAGE][PASSED] - Current window maximized&#xD;
&#xD;
2020-06-23 11:46:58 - [TEST_STEP][PASSED] - callTestCase(findTestCase("Generic/successfulLogin_Test"), [:], STOP_ON_FAILURE): Call Test Case 'Test Cases/Generic/successfulLogin_Test' successfully&#xD;
&#xD;
2020-06-23 11:46:58 - [TEST_CASE][PASSED] - Test Cases/Generic/successfulLogin_Test: Test Cases/Generic/successfulLogin_Test&#xD;
&#xD;
2020-06-23 11:46:58 - [TEST_STEP][PASSED] - sendKeys(findTestObject("Input/username"), USERNAME): Keys 'narendra.n@imimobile.com' sent to object: 'Object Repository/Input/username'&#xD;
&#xD;
2020-06-23 11:47:01 - [MESSAGE][PASSED] - Keys 'narendra.n@imimobile.com' sent to object: 'Object Repository/Input/username'&#xD;
&#xD;
2020-06-23 11:47:01 - [TEST_STEP][PASSED] - sendKeys(findTestObject("Input/password"), PASSWORD): Keys 'Test@2020' sent to object: 'Object Repository/Input/password'&#xD;
&#xD;
2020-06-23 11:47:04 - [MESSAGE][PASSED] - Keys 'Test@2020' sent to object: 'Object Repository/Input/password'&#xD;
&#xD;
2020-06-23 11:47:04 - [TEST_STEP][PASSED] - click(findTestObject("Button/signIn")): Object: 'Object Repository/Button/signIn' is clicked on&#xD;
&#xD;
2020-06-23 11:47:06 - [MESSAGE][PASSED] - Object: 'Object Repository/Button/signIn' is clicked on&#xD;
&#xD;
2020-06-23 11:47:06 - [TEST_STEP][PASSED] - if (!(waitForElementPresent(findTestObject("Button/createBot"), 30, OPTIONAL))): Object 'Object Repository/Button/createBot' is present&#xD;
&#xD;
2020-06-23 11:47:22 - [MESSAGE][PASSED] - Object 'Object Repository/Button/createBot' is present&#xD;
&#xD;
2020-06-23 11:47:22 - [MESSAGE][PASSED] - Call Test Case 'Test Cases/Generic/successfulLogin_Test' successfully&#xD;
&#xD;
2020-06-23 11:47:22 - [TEST_STEP][PASSED] - platform.Method.toClickOnWebElement(findTestObject("Generic/webObjectWithText", ["textValue":"Task bots"])): platform.Method.toClickOnWebElement is PASSED&#xD;
&#xD;
2020-06-23 11:47:25 - [MESSAGE][PASSED] - Object: 'Object Repository/Generic/webObjectWithText' is clicked on&#xD;
&#xD;
2020-06-23 11:47:25 - [MESSAGE][PASSED] - platform.Method.toClickOnWebElement is PASSED&#xD;
&#xD;
2020-06-23 11:47:25 - [TEST_STEP][PASSED] - platform.Method.toClickOnWebElement(findTestObject("Button/createBot")): platform.Method.toClickOnWebElement is PASSED&#xD;
&#xD;
2020-06-23 11:47:28 - [MESSAGE][PASSED] - Object: 'Object Repository/Button/createBot' is clicked on&#xD;
&#xD;
2020-06-23 11:47:28 - [MESSAGE][PASSED] - platform.Method.toClickOnWebElement is PASSED&#xD;
&#xD;
2020-06-23 11:47:28 - [TEST_STEP][PASSED] - sendKeys(findTestObject("Input/botName"), nameOfTheBot): Keys 'New Qa_EnquiryBot 2020' sent to object: 'Object Repository/Input/botName'&#xD;
&#xD;
2020-06-23 11:47:31 - [MESSAGE][PASSED] - Keys 'New Qa_EnquiryBot 2020' sent to object: 'Object Repository/Input/botName'&#xD;
&#xD;
2020-06-23 11:47:31 - [TEST_STEP][PASSED] - platform.Method.toClickOnWebElement(findTestObject("Toggle/feedback")): platform.Method.toClickOnWebElement is PASSED&#xD;
&#xD;
2020-06-23 11:47:33 - [MESSAGE][PASSED] - Object: 'Object Repository/Toggle/feedback' is clicked on&#xD;
&#xD;
2020-06-23 11:47:33 - [MESSAGE][PASSED] - platform.Method.toClickOnWebElement is PASSED&#xD;
&#xD;
2020-06-23 11:47:33 - [TEST_STEP][PASSED] - platform.Method.toClickOnWebElement(findTestObject("Button/done")): platform.Method.toClickOnWebElement is PASSED&#xD;
&#xD;
2020-06-23 11:47:36 - [MESSAGE][PASSED] - Object: 'Object Repository/Button/done' is clicked on&#xD;
&#xD;
2020-06-23 11:47:36 - [MESSAGE][PASSED] - platform.Method.toClickOnWebElement is PASSED&#xD;
&#xD;
2020-06-23 11:47:36 - [TEST_STEP][PASSED] - waitForElementVisible(findTestObject("Generic/modelState"), 60, OPTIONAL): Object 'Object Repository/Generic/modelState' is visible&#xD;
&#xD;
2020-06-23 11:47:46 - [MESSAGE][PASSED] - Object 'Object Repository/Generic/modelState' is visible&#xD;
&#xD;
2020-06-23 11:47:46 - [TEST_STEP][PASSED] - verifyElementText(findTestObject("Generic/modelState"), "Trained", STOP_ON_FAILURE): Actual text and expected text of test object 'Object Repository/Generic/modelState' are matched.&#xD;
&#xD;
2020-06-23 11:47:48 - [MESSAGE][PASSED] - Actual text and expected text of test object 'Object Repository/Generic/modelState' are matched.</system-out>
            <system-err></system-err>
        </testcase>
        <testcase name="Test Cases/Taskbot/botCardMenu_Test" classname="Test Cases/Taskbot/botCardMenu_Test" status="PASSED">
            <system-out>2020-06-23 11:47:48 - [TEST_CASE][PASSED] - Test Cases/Taskbot/botCardMenu_Test: Test Cases/Taskbot/botCardMenu_Test&#xD;
&#xD;
2020-06-23 11:47:48 - [TEST_STEP][PASSED] - Start listener action : setUp: Current window maximized&#xD;
&#xD;
2020-06-23 11:47:48 - [TEST_STEP][PASSED] - openBrowser(URL): Browser is opened with url: 'preprod.imibot.ai'&#xD;
&#xD;
2020-06-23 11:47:48 - [MESSAGE][WARNING] - A browser is already opened. Closing browser and opening a new one&#xD;
&#xD;
2020-06-23 11:47:50 - [MESSAGE][INFO] - Starting 'Chrome' driver&#xD;
&#xD;
2020-06-23 11:47:50 - [MESSAGE][INFO] - User set preference: ['args', '[--start-maximized]']&#xD;
&#xD;
2020-06-23 11:48:01 - [MESSAGE][PASSED] - Browser is opened with url: 'preprod.imibot.ai'&#xD;
&#xD;
2020-06-23 11:48:01 - [TEST_STEP][PASSED] - maximizeWindow(): Current window maximized&#xD;
&#xD;
2020-06-23 11:48:03 - [MESSAGE][PASSED] - Current window maximized&#xD;
&#xD;
2020-06-23 11:48:03 - [TEST_STEP][PASSED] - callTestCase(findTestCase("Generic/successfulLogin_Test"), [:], STOP_ON_FAILURE): Call Test Case 'Test Cases/Generic/successfulLogin_Test' successfully&#xD;
&#xD;
2020-06-23 11:48:03 - [TEST_CASE][PASSED] - Test Cases/Generic/successfulLogin_Test: Test Cases/Generic/successfulLogin_Test&#xD;
&#xD;
2020-06-23 11:48:03 - [TEST_STEP][PASSED] - sendKeys(findTestObject("Input/username"), USERNAME): Keys 'narendra.n@imimobile.com' sent to object: 'Object Repository/Input/username'&#xD;
&#xD;
2020-06-23 11:48:06 - [MESSAGE][PASSED] - Keys 'narendra.n@imimobile.com' sent to object: 'Object Repository/Input/username'&#xD;
&#xD;
2020-06-23 11:48:06 - [TEST_STEP][PASSED] - sendKeys(findTestObject("Input/password"), PASSWORD): Keys 'Test@2020' sent to object: 'Object Repository/Input/password'&#xD;
&#xD;
2020-06-23 11:48:09 - [MESSAGE][PASSED] - Keys 'Test@2020' sent to object: 'Object Repository/Input/password'&#xD;
&#xD;
2020-06-23 11:48:09 - [TEST_STEP][PASSED] - click(findTestObject("Button/signIn")): Object: 'Object Repository/Button/signIn' is clicked on&#xD;
&#xD;
2020-06-23 11:48:11 - [MESSAGE][PASSED] - Object: 'Object Repository/Button/signIn' is clicked on&#xD;
&#xD;
2020-06-23 11:48:11 - [TEST_STEP][PASSED] - if (!(waitForElementPresent(findTestObject("Button/createBot"), 30, OPTIONAL))): Object 'Object Repository/Button/createBot' is present&#xD;
&#xD;
2020-06-23 11:48:27 - [MESSAGE][PASSED] - Object 'Object Repository/Button/createBot' is present&#xD;
&#xD;
2020-06-23 11:48:27 - [MESSAGE][PASSED] - Call Test Case 'Test Cases/Generic/successfulLogin_Test' successfully&#xD;
&#xD;
2020-06-23 11:48:27 - [TEST_STEP][PASSED] - botCardOptions = platform.Method.verifyBotCardMenu("Task bots", TASK_BOT): platform.Method.verifyBotCardMenu is PASSED&#xD;
&#xD;
2020-06-23 11:48:33 - [MESSAGE][PASSED] - Object 'Object Repository/Button/botCardPreview' is present&#xD;
&#xD;
2020-06-23 11:48:35 - [MESSAGE][PASSED] - Object: 'Object Repository/Button/botCardMenu' is hovered&#xD;
&#xD;
2020-06-23 11:48:43 - [MESSAGE][PASSED] - platform.Method.verifyBotCardMenu is PASSED&#xD;
&#xD;
2020-06-23 11:48:43 - [TEST_STEP][PASSED] - verifyElementPresent(findTestObject("Generic/webObjectWithText", ["textValue":"Copy Preview Link"]), 5, STOP_ON_FAILURE): Object 'Object Repository/Generic/webObjectWithText' is present&#xD;
&#xD;
2020-06-23 11:48:44 - [MESSAGE][PASSED] - Object 'Object Repository/Generic/webObjectWithText' is present&#xD;
&#xD;
2020-06-23 11:48:44 - [TEST_STEP][PASSED] - assert botCardOptions.containsAll(BOT_CARD_OPTION) == true: null&#xD;
&#xD;
2020-06-23 11:48:44 - [TEST_STEP][PASSED] - platform.Method.clickOnElement(findTestObject("Generic/webObjectWithText", ["textValue":TASK_BOT])): platform.Method.clickOnElement is PASSED&#xD;
&#xD;
2020-06-23 11:48:47 - [MESSAGE][PASSED] - platform.Method.clickOnElement is PASSED&#xD;
&#xD;
2020-06-23 11:48:47 - [TEST_STEP][PASSED] - waitForElementPresent(findTestObject("Generic/webObjectWithText", ["textValue":"Bot configuration"]), 10, STOP_ON_FAILURE): Object 'Object Repository/Generic/webObjectWithText' is present&#xD;
&#xD;
2020-06-23 11:48:50 - [MESSAGE][PASSED] - Object 'Object Repository/Generic/webObjectWithText' is present&#xD;
&#xD;
2020-06-23 11:48:50 - [TEST_STEP][PASSED] - platform.Method.clickOnElement(findTestObject("Generic/nlp")): platform.Method.clickOnElement is PASSED&#xD;
&#xD;
2020-06-23 11:48:53 - [MESSAGE][PASSED] - platform.Method.clickOnElement is PASSED&#xD;
&#xD;
2020-06-23 11:48:53 - [TEST_STEP][PASSED] - waitForElementPresent(findTestObject("Generic/webObjectWithText", ["textValue":"Input recognition"]), 10, STOP_ON_FAILURE): Object 'Object Repository/Generic/webObjectWithText' is present&#xD;
&#xD;
2020-06-23 11:48:54 - [MESSAGE][PASSED] - Object 'Object Repository/Generic/webObjectWithText' is present&#xD;
&#xD;
2020-06-23 11:48:54 - [TEST_STEP][PASSED] - platform.Method.clickOnElement(findTestObject("Generic/training")): platform.Method.clickOnElement is PASSED&#xD;
&#xD;
2020-06-23 11:48:56 - [MESSAGE][PASSED] - platform.Method.clickOnElement is PASSED&#xD;
&#xD;
2020-06-23 11:48:56 - [TEST_STEP][PASSED] - waitForElementPresent(findTestObject("Generic/webObjectWithText", ["textValue":"Training data"]), 10, STOP_ON_FAILURE): Object 'Object Repository/Generic/webObjectWithText' is present&#xD;
&#xD;
2020-06-23 11:48:58 - [MESSAGE][PASSED] - Object 'Object Repository/Generic/webObjectWithText' is present&#xD;
&#xD;
2020-06-23 11:48:58 - [TEST_STEP][PASSED] - platform.Method.clickOnElement(findTestObject("Generic/response")): platform.Method.clickOnElement is PASSED&#xD;
&#xD;
2020-06-23 11:49:00 - [MESSAGE][PASSED] - platform.Method.clickOnElement is PASSED&#xD;
&#xD;
2020-06-23 11:49:00 - [TEST_STEP][PASSED] - waitForElementPresent(findTestObject("Generic/webObjectWithText", ["textValue":"Responses"]), 10, STOP_ON_FAILURE): Object 'Object Repository/Generic/webObjectWithText' is present&#xD;
&#xD;
2020-06-23 11:49:01 - [MESSAGE][PASSED] - Object 'Object Repository/Generic/webObjectWithText' is present&#xD;
&#xD;
2020-06-23 11:49:01 - [TEST_STEP][PASSED] - platform.Method.clickOnElement(findTestObject("Generic/curation")): platform.Method.clickOnElement is PASSED&#xD;
&#xD;
2020-06-23 11:49:04 - [MESSAGE][PASSED] - platform.Method.clickOnElement is PASSED&#xD;
&#xD;
2020-06-23 11:49:04 - [TEST_STEP][PASSED] - waitForElementPresent(findTestObject("Generic/webObjectWithText", ["textValue":"Unresolved issues"]), 10, STOP_ON_FAILURE): Object 'Object Repository/Generic/webObjectWithText' is present&#xD;
&#xD;
2020-06-23 11:49:06 - [MESSAGE][PASSED] - Object 'Object Repository/Generic/webObjectWithText' is present&#xD;
&#xD;
2020-06-23 11:49:06 - [TEST_STEP][PASSED] - platform.Method.clickOnElement(findTestObject("Generic/session")): platform.Method.clickOnElement is PASSED&#xD;
&#xD;
2020-06-23 11:49:08 - [MESSAGE][PASSED] - platform.Method.clickOnElement is PASSED&#xD;
&#xD;
2020-06-23 11:49:08 - [TEST_STEP][PASSED] - waitForElementPresent(findTestObject("Generic/webObjectWithText", ["textValue":"Conversations"]), 10, STOP_ON_FAILURE): Object 'Object Repository/Generic/webObjectWithText' is present&#xD;
&#xD;
2020-06-23 11:49:09 - [MESSAGE][PASSED] - Object 'Object Repository/Generic/webObjectWithText' is present&#xD;
&#xD;
2020-06-23 11:49:09 - [TEST_STEP][PASSED] - platform.Method.clickOnElement(findTestObject("Generic/webObjectWithText", ["textValue":"History"])): platform.Method.clickOnElement is PASSED&#xD;
&#xD;
2020-06-23 11:49:12 - [MESSAGE][PASSED] - platform.Method.clickOnElement is PASSED&#xD;
&#xD;
2020-06-23 11:49:12 - [TEST_STEP][PASSED] - waitForElementPresent(findTestObject("Generic/webObjectWithText", ["textValue":"History"]), 10, STOP_ON_FAILURE): Object 'Object Repository/Generic/webObjectWithText' is present&#xD;
&#xD;
2020-06-23 11:49:13 - [MESSAGE][PASSED] - Object 'Object Repository/Generic/webObjectWithText' is present</system-out>
            <system-err></system-err>
        </testcase>
        <testcase name="Test Cases/Taskbot/createRichDynamicResponse_Test" classname="Test Cases/Taskbot/createRichDynamicResponse_Test" status="PASSED">
            <system-out>2020-06-23 11:49:13 - [TEST_CASE][PASSED] - Test Cases/Taskbot/createRichDynamicResponse_Test: Test Cases/Taskbot/createRichDynamicResponse_Test&#xD;
&#xD;
2020-06-23 11:49:13 - [TEST_STEP][PASSED] - Start listener action : setUp: Current window maximized&#xD;
&#xD;
2020-06-23 11:49:13 - [TEST_STEP][PASSED] - openBrowser(URL): Browser is opened with url: 'preprod.imibot.ai'&#xD;
&#xD;
2020-06-23 11:49:13 - [MESSAGE][WARNING] - A browser is already opened. Closing browser and opening a new one&#xD;
&#xD;
2020-06-23 11:49:15 - [MESSAGE][INFO] - Starting 'Chrome' driver&#xD;
&#xD;
2020-06-23 11:49:15 - [MESSAGE][INFO] - User set preference: ['args', '[--start-maximized]']&#xD;
&#xD;
2020-06-23 11:49:26 - [MESSAGE][PASSED] - Browser is opened with url: 'preprod.imibot.ai'&#xD;
&#xD;
2020-06-23 11:49:26 - [TEST_STEP][PASSED] - maximizeWindow(): Current window maximized&#xD;
&#xD;
2020-06-23 11:49:28 - [MESSAGE][PASSED] - Current window maximized&#xD;
&#xD;
2020-06-23 11:49:28 - [TEST_STEP][PASSED] - callTestCase(findTestCase("Generic/successfulLogin_Test"), [:], STOP_ON_FAILURE): Call Test Case 'Test Cases/Generic/successfulLogin_Test' successfully&#xD;
&#xD;
2020-06-23 11:49:28 - [TEST_CASE][PASSED] - Test Cases/Generic/successfulLogin_Test: Test Cases/Generic/successfulLogin_Test&#xD;
&#xD;
2020-06-23 11:49:28 - [TEST_STEP][PASSED] - sendKeys(findTestObject("Input/username"), USERNAME): Keys 'narendra.n@imimobile.com' sent to object: 'Object Repository/Input/username'&#xD;
&#xD;
2020-06-23 11:49:31 - [MESSAGE][PASSED] - Keys 'narendra.n@imimobile.com' sent to object: 'Object Repository/Input/username'&#xD;
&#xD;
2020-06-23 11:49:31 - [TEST_STEP][PASSED] - sendKeys(findTestObject("Input/password"), PASSWORD): Keys 'Test@2020' sent to object: 'Object Repository/Input/password'&#xD;
&#xD;
2020-06-23 11:49:33 - [MESSAGE][PASSED] - Keys 'Test@2020' sent to object: 'Object Repository/Input/password'&#xD;
&#xD;
2020-06-23 11:49:33 - [TEST_STEP][PASSED] - click(findTestObject("Button/signIn")): Object: 'Object Repository/Button/signIn' is clicked on&#xD;
&#xD;
2020-06-23 11:49:36 - [MESSAGE][PASSED] - Object: 'Object Repository/Button/signIn' is clicked on&#xD;
&#xD;
2020-06-23 11:49:36 - [TEST_STEP][PASSED] - if (!(waitForElementPresent(findTestObject("Button/createBot"), 30, OPTIONAL))): Object 'Object Repository/Button/createBot' is present&#xD;
&#xD;
2020-06-23 11:49:51 - [MESSAGE][PASSED] - Object 'Object Repository/Button/createBot' is present&#xD;
&#xD;
2020-06-23 11:49:51 - [MESSAGE][PASSED] - Call Test Case 'Test Cases/Generic/successfulLogin_Test' successfully&#xD;
&#xD;
2020-06-23 11:49:51 - [TEST_STEP][PASSED] - platform.Method.navigateToBot("Task bots", TASK_BOT): platform.Method.navigateToBot is PASSED&#xD;
&#xD;
2020-06-23 11:49:53 - [MESSAGE][PASSED] - Object 'Object Repository/Button/createBot' is present&#xD;
&#xD;
2020-06-23 11:49:55 - [MESSAGE][INFO] - Performing click action on bot&#xD;
&#xD;
2020-06-23 11:49:58 - [MESSAGE][PASSED] - platform.Method.navigateToBot is PASSED&#xD;
&#xD;
2020-06-23 11:49:58 - [TEST_STEP][PASSED] - platform.Method.clickOnElement(findTestObject("Generic/response")): platform.Method.clickOnElement is PASSED&#xD;
&#xD;
2020-06-23 11:50:01 - [MESSAGE][PASSED] - platform.Method.clickOnElement is PASSED&#xD;
&#xD;
2020-06-23 11:50:01 - [TEST_STEP][PASSED] - testData = findTestData("Data Files/testData_Task"): null&#xD;
&#xD;
2020-06-23 11:50:01 - [TEST_STEP][PASSED] - platform.Response.createRichResponse(testData.getValue("rich_template", 1), testData.getValue("rich_template_value", 1)): platform.Response.createRichResponse is PASSED&#xD;
&#xD;
2020-06-23 11:50:04 - [MESSAGE][PASSED] - Object: 'Object Repository/NewRepo2/addNewResponse' is clicked on&#xD;
&#xD;
2020-06-23 11:50:08 - [MESSAGE][PASSED] - Text 'incorrect_order' is set on object 'Object Repository/NewRepo2/templateKeyName'&#xD;
&#xD;
2020-06-23 11:50:10 - [MESSAGE][PASSED] - Object: 'Object Repository/Button/create' is clicked on&#xD;
&#xD;
2020-06-23 11:50:12 - [MESSAGE][PASSED] - Delayed 2 second(s)&#xD;
&#xD;
2020-06-23 11:50:18 - [MESSAGE][PASSED] - Keys 'You have requested with an incorrect order number. Please request a correct order number' sent to object: 'Object Repository/Input/textResponse'&#xD;
&#xD;
2020-06-23 11:50:20 - [MESSAGE][PASSED] - Object: 'Object Repository/NewRepo/refresh' is clicked on&#xD;
&#xD;
2020-06-23 11:50:20 - [MESSAGE][PASSED] - platform.Response.createRichResponse is PASSED&#xD;
&#xD;
2020-06-23 11:50:20 - [TEST_STEP][PASSED] - platform.Response.createRichResponse(testData.getValue("rich_template", 2), testData.getValue("rich_template_value", 2)): platform.Response.createRichResponse is PASSED&#xD;
&#xD;
2020-06-23 11:50:22 - [MESSAGE][PASSED] - Object: 'Object Repository/NewRepo2/addNewResponse' is clicked on&#xD;
&#xD;
2020-06-23 11:50:26 - [MESSAGE][PASSED] - Text 'product_not_found' is set on object 'Object Repository/NewRepo2/templateKeyName'&#xD;
&#xD;
2020-06-23 11:50:29 - [MESSAGE][PASSED] - Object: 'Object Repository/Button/create' is clicked on&#xD;
&#xD;
2020-06-23 11:50:31 - [MESSAGE][PASSED] - Delayed 2 second(s)&#xD;
&#xD;
2020-06-23 11:50:35 - [MESSAGE][PASSED] - Keys 'Oops!! Sorry, Requested product is not available' sent to object: 'Object Repository/Input/textResponse'&#xD;
&#xD;
2020-06-23 11:50:37 - [MESSAGE][PASSED] - Object: 'Object Repository/NewRepo/refresh' is clicked on&#xD;
&#xD;
2020-06-23 11:50:37 - [MESSAGE][PASSED] - platform.Response.createRichResponse is PASSED&#xD;
&#xD;
2020-06-23 11:50:37 - [TEST_STEP][PASSED] - platform.Response.createRichResponse(testData.getValue("rich_template", 3), testData.getValue("rich_template_value", 3)): platform.Response.createRichResponse is PASSED&#xD;
&#xD;
2020-06-23 11:50:40 - [MESSAGE][PASSED] - Object: 'Object Repository/NewRepo2/addNewResponse' is clicked on&#xD;
&#xD;
2020-06-23 11:50:43 - [MESSAGE][PASSED] - Text 'success_message' is set on object 'Object Repository/NewRepo2/templateKeyName'&#xD;
&#xD;
2020-06-23 11:50:46 - [MESSAGE][PASSED] - Object: 'Object Repository/Button/create' is clicked on&#xD;
&#xD;
2020-06-23 11:50:48 - [MESSAGE][PASSED] - Delayed 2 second(s)&#xD;
&#xD;
2020-06-23 11:50:51 - [MESSAGE][PASSED] - Keys 'Your Query is successfully Answered' sent to object: 'Object Repository/Input/textResponse'&#xD;
&#xD;
2020-06-23 11:50:54 - [MESSAGE][PASSED] - Object: 'Object Repository/NewRepo/refresh' is clicked on&#xD;
&#xD;
2020-06-23 11:50:54 - [MESSAGE][PASSED] - platform.Response.createRichResponse is PASSED&#xD;
&#xD;
2020-06-23 11:50:54 - [TEST_STEP][PASSED] - platform.Response.createDynamicResponse(testData.getValue("dynamic_template", 1), testData.getValue("dynamic_template_file", 1)): platform.Response.createDynamicResponse is PASSED&#xD;
&#xD;
2020-06-23 11:50:56 - [MESSAGE][PASSED] - Object: 'Object Repository/NewRepo2/addNewResponse' is clicked on&#xD;
&#xD;
2020-06-23 11:51:00 - [MESSAGE][PASSED] - Text 'delivery_template' is set on object 'Object Repository/NewRepo2/templateKeyName'&#xD;
&#xD;
2020-06-23 11:51:02 - [MESSAGE][PASSED] - Object: 'Object Repository/Button/create' is clicked on&#xD;
&#xD;
2020-06-23 11:51:04 - [MESSAGE][PASSED] - Delayed 2 second(s)&#xD;
&#xD;
2020-06-23 11:51:07 - [MESSAGE][PASSED] - Object: 'Object Repository/Generic/webObjectWithText' is clicked on&#xD;
&#xD;
2020-06-23 11:51:09 - [MESSAGE][PASSED] - Object: 'Object Repository/NewRepo2/dynamic' is clicked on&#xD;
&#xD;
2020-06-23 11:51:12 - [MESSAGE][PASSED] - File 'D:/IMIbot.ai-Project/Collection/delivery_template.py' sent to object: 'Object Repository/Input/uploadFile'&#xD;
&#xD;
2020-06-23 11:51:14 - [MESSAGE][PASSED] - Object: 'Object Repository/NewRepo/refresh' is clicked on&#xD;
&#xD;
2020-06-23 11:51:14 - [MESSAGE][PASSED] - platform.Response.createDynamicResponse is PASSED&#xD;
&#xD;
2020-06-23 11:51:14 - [TEST_STEP][PASSED] - waitForElementPresent(findTestObject("Generic/webObjectWithText", ["textValue":"Welcome message "]), 20, OPTIONAL): Object 'Object Repository/Generic/webObjectWithText' is present&#xD;
&#xD;
2020-06-23 11:51:15 - [MESSAGE][PASSED] - Object 'Object Repository/Generic/webObjectWithText' is present&#xD;
&#xD;
2020-06-23 11:51:15 - [TEST_STEP][PASSED] - platform.Method.clickOnElement(findTestObject("Generic/webObjectWithText", ["textValue":"Welcome message "])): platform.Method.clickOnElement is PASSED&#xD;
&#xD;
2020-06-23 11:51:18 - [MESSAGE][PASSED] - platform.Method.clickOnElement is PASSED&#xD;
&#xD;
2020-06-23 11:51:18 - [TEST_STEP][PASSED] - platform.Response.createDynamicResponse(testData.getValue("dynamic_template", 2), testData.getValue("dynamic_template_file", 2)): platform.Response.createDynamicResponse is PASSED&#xD;
&#xD;
2020-06-23 11:51:20 - [MESSAGE][PASSED] - Object: 'Object Repository/NewRepo2/addNewResponse' is clicked on&#xD;
&#xD;
2020-06-23 11:51:24 - [MESSAGE][PASSED] - Text 'order_status_template' is set on object 'Object Repository/NewRepo2/templateKeyName'&#xD;
&#xD;
2020-06-23 11:51:26 - [MESSAGE][PASSED] - Object: 'Object Repository/Button/create' is clicked on&#xD;
&#xD;
2020-06-23 11:51:28 - [MESSAGE][PASSED] - Delayed 2 second(s)&#xD;
&#xD;
2020-06-23 11:51:30 - [MESSAGE][PASSED] - Object: 'Object Repository/Generic/webObjectWithText' is clicked on&#xD;
&#xD;
2020-06-23 11:51:33 - [MESSAGE][PASSED] - Object: 'Object Repository/NewRepo2/dynamic' is clicked on&#xD;
&#xD;
2020-06-23 11:51:35 - [MESSAGE][PASSED] - File 'D:/IMIbot.ai-Project/Collection/order_status_template.py' sent to object: 'Object Repository/Input/uploadFile'&#xD;
&#xD;
2020-06-23 11:51:37 - [MESSAGE][PASSED] - Object: 'Object Repository/NewRepo/refresh' is clicked on&#xD;
&#xD;
2020-06-23 11:51:37 - [MESSAGE][PASSED] - platform.Response.createDynamicResponse is PASSED</system-out>
            <system-err></system-err>
        </testcase>
        <testcase name="Test Cases/Taskbot/entitiesCreationAndUpdate_Test" classname="Test Cases/Taskbot/entitiesCreationAndUpdate_Test" status="PASSED">
            <system-out>2020-06-23 11:51:38 - [TEST_CASE][PASSED] - Test Cases/Taskbot/entitiesCreationAndUpdate_Test: Test Cases/Taskbot/entitiesCreationAndUpdate_Test&#xD;
&#xD;
2020-06-23 11:51:38 - [TEST_STEP][PASSED] - Start listener action : setUp: Current window maximized&#xD;
&#xD;
2020-06-23 11:51:38 - [TEST_STEP][PASSED] - openBrowser(URL): Browser is opened with url: 'preprod.imibot.ai'&#xD;
&#xD;
2020-06-23 11:51:38 - [MESSAGE][WARNING] - A browser is already opened. Closing browser and opening a new one&#xD;
&#xD;
2020-06-23 11:51:40 - [MESSAGE][INFO] - Starting 'Chrome' driver&#xD;
&#xD;
2020-06-23 11:51:40 - [MESSAGE][INFO] - User set preference: ['args', '[--start-maximized]']&#xD;
&#xD;
2020-06-23 11:51:50 - [MESSAGE][PASSED] - Browser is opened with url: 'preprod.imibot.ai'&#xD;
&#xD;
2020-06-23 11:51:50 - [TEST_STEP][PASSED] - maximizeWindow(): Current window maximized&#xD;
&#xD;
2020-06-23 11:51:52 - [MESSAGE][PASSED] - Current window maximized&#xD;
&#xD;
2020-06-23 11:51:53 - [TEST_STEP][PASSED] - callTestCase(findTestCase("Generic/successfulLogin_Test"), [:], STOP_ON_FAILURE): Call Test Case 'Test Cases/Generic/successfulLogin_Test' successfully&#xD;
&#xD;
2020-06-23 11:51:53 - [TEST_CASE][PASSED] - Test Cases/Generic/successfulLogin_Test: Test Cases/Generic/successfulLogin_Test&#xD;
&#xD;
2020-06-23 11:51:53 - [TEST_STEP][PASSED] - sendKeys(findTestObject("Input/username"), USERNAME): Keys 'narendra.n@imimobile.com' sent to object: 'Object Repository/Input/username'&#xD;
&#xD;
2020-06-23 11:51:56 - [MESSAGE][PASSED] - Keys 'narendra.n@imimobile.com' sent to object: 'Object Repository/Input/username'&#xD;
&#xD;
2020-06-23 11:51:56 - [TEST_STEP][PASSED] - sendKeys(findTestObject("Input/password"), PASSWORD): Keys 'Test@2020' sent to object: 'Object Repository/Input/password'&#xD;
&#xD;
2020-06-23 11:51:59 - [MESSAGE][PASSED] - Keys 'Test@2020' sent to object: 'Object Repository/Input/password'&#xD;
&#xD;
2020-06-23 11:51:59 - [TEST_STEP][PASSED] - click(findTestObject("Button/signIn")): Object: 'Object Repository/Button/signIn' is clicked on&#xD;
&#xD;
2020-06-23 11:52:01 - [MESSAGE][PASSED] - Object: 'Object Repository/Button/signIn' is clicked on&#xD;
&#xD;
2020-06-23 11:52:01 - [TEST_STEP][PASSED] - if (!(waitForElementPresent(findTestObject("Button/createBot"), 30, OPTIONAL))): Object 'Object Repository/Button/createBot' is present&#xD;
&#xD;
2020-06-23 11:52:17 - [MESSAGE][PASSED] - Object 'Object Repository/Button/createBot' is present&#xD;
&#xD;
2020-06-23 11:52:17 - [MESSAGE][PASSED] - Call Test Case 'Test Cases/Generic/successfulLogin_Test' successfully&#xD;
&#xD;
2020-06-23 11:52:17 - [TEST_STEP][PASSED] - platform.Method.navigateToBot("Task bots", TASK_BOT): platform.Method.navigateToBot is PASSED&#xD;
&#xD;
2020-06-23 11:52:19 - [MESSAGE][PASSED] - Object 'Object Repository/Button/createBot' is present&#xD;
&#xD;
2020-06-23 11:52:25 - [MESSAGE][INFO] - Performing click action on bot&#xD;
&#xD;
2020-06-23 11:52:28 - [MESSAGE][PASSED] - platform.Method.navigateToBot is PASSED&#xD;
&#xD;
2020-06-23 11:52:28 - [TEST_STEP][PASSED] - platform.Method.toClickOnWebElement(findTestObject("Generic/training")): platform.Method.toClickOnWebElement is PASSED&#xD;
&#xD;
2020-06-23 11:52:31 - [MESSAGE][PASSED] - Object: 'Object Repository/Generic/training' is clicked on&#xD;
&#xD;
2020-06-23 11:52:31 - [MESSAGE][PASSED] - platform.Method.toClickOnWebElement is PASSED&#xD;
&#xD;
2020-06-23 11:52:31 - [TEST_STEP][PASSED] - platform.Method.toClickOnWebElement(findTestObject("Generic/webObjectWithText", ["textValue":"Entities"])): platform.Method.toClickOnWebElement is PASSED&#xD;
&#xD;
2020-06-23 11:52:34 - [MESSAGE][PASSED] - Object: 'Object Repository/Generic/webObjectWithText' is clicked on&#xD;
&#xD;
2020-06-23 11:52:34 - [MESSAGE][PASSED] - platform.Method.toClickOnWebElement is PASSED&#xD;
&#xD;
2020-06-23 11:52:34 - [TEST_STEP][PASSED] - testData = findTestData("Data Files/testData_Task"): null&#xD;
&#xD;
2020-06-23 11:52:34 - [TEST_STEP][PASSED] - platform.Method.toClickOnWebElement(findTestObject("Button/createEntity")): platform.Method.toClickOnWebElement is PASSED&#xD;
&#xD;
2020-06-23 11:52:36 - [MESSAGE][PASSED] - Object: 'Object Repository/Button/createEntity' is clicked on&#xD;
&#xD;
2020-06-23 11:52:36 - [MESSAGE][PASSED] - platform.Method.toClickOnWebElement is PASSED&#xD;
&#xD;
2020-06-23 11:52:36 - [TEST_STEP][PASSED] - platform.Training.createEntity("city name", "Custom", "mumbai"): platform.Training.createEntity is PASSED&#xD;
&#xD;
2020-06-23 11:52:39 - [MESSAGE][PASSED] - Keys 'city name' sent to object: 'Object Repository/Input/entityName'&#xD;
&#xD;
2020-06-23 11:52:41 - [MESSAGE][PASSED] - Object: 'Object Repository/Generic/listOfEntity' is clicked on&#xD;
&#xD;
2020-06-23 11:52:41 - [MESSAGE][INFO] - Entity Type: Custom&#xD;
&#xD;
2020-06-23 11:52:44 - [MESSAGE][PASSED] - Object: 'Object Repository/Generic/webObjectWithText' is clicked on&#xD;
&#xD;
2020-06-23 11:52:46 - [MESSAGE][PASSED] - Keys 'mumbai' sent to object: 'Object Repository/Input/defValueOfEntity'&#xD;
&#xD;
2020-06-23 11:52:49 - [MESSAGE][PASSED] - Object: 'Object Repository/Button/entityPageSaveButton' is clicked on&#xD;
&#xD;
2020-06-23 11:52:49 - [MESSAGE][PASSED] - platform.Training.createEntity is PASSED&#xD;
&#xD;
2020-06-23 11:52:49 - [TEST_STEP][PASSED] - platform.Method.toClickOnWebElement(findTestObject("Button/createEntity")): platform.Method.toClickOnWebElement is PASSED&#xD;
&#xD;
2020-06-23 11:52:51 - [MESSAGE][PASSED] - Object: 'Object Repository/Button/createEntity' is clicked on&#xD;
&#xD;
2020-06-23 11:52:51 - [MESSAGE][PASSED] - platform.Method.toClickOnWebElement is PASSED&#xD;
&#xD;
2020-06-23 11:52:51 - [TEST_STEP][PASSED] - platform.Training.createEntity("date", " Date ", null): platform.Training.createEntity is PASSED&#xD;
&#xD;
2020-06-23 11:52:54 - [MESSAGE][PASSED] - Keys 'date' sent to object: 'Object Repository/Input/entityName'&#xD;
&#xD;
2020-06-23 11:52:56 - [MESSAGE][PASSED] - Object: 'Object Repository/Generic/listOfEntity' is clicked on&#xD;
&#xD;
2020-06-23 11:52:56 - [MESSAGE][INFO] - Entity Type:  Date &#xD;
&#xD;
2020-06-23 11:52:58 - [MESSAGE][PASSED] - Object: 'Object Repository/Generic/webObjectWithText' is clicked on&#xD;
&#xD;
2020-06-23 11:53:01 - [MESSAGE][PASSED] - Object: 'Object Repository/Button/entityPageSaveButton' is clicked on&#xD;
&#xD;
2020-06-23 11:53:01 - [MESSAGE][PASSED] - platform.Training.createEntity is PASSED&#xD;
&#xD;
2020-06-23 11:53:01 - [TEST_STEP][PASSED] - for ([count = 2, count &lt;= testData.getRowNumbers(), (count++)]): null&#xD;
&#xD;
2020-06-23 11:53:01 - [TEST_STEP][PASSED] - if (testData.getValue("entity_name", count) != ""): platform.Training.createEntity is PASSED&#xD;
&#xD;
2020-06-23 11:53:01 - [TEST_STEP][PASSED] - platform.Method.toClickOnWebElement(findTestObject("Button/createEntity")): platform.Method.toClickOnWebElement is PASSED&#xD;
&#xD;
2020-06-23 11:53:03 - [MESSAGE][PASSED] - Object: 'Object Repository/Button/createEntity' is clicked on&#xD;
&#xD;
2020-06-23 11:53:03 - [MESSAGE][PASSED] - platform.Method.toClickOnWebElement is PASSED&#xD;
&#xD;
2020-06-23 11:53:03 - [TEST_STEP][PASSED] - platform.Training.createEntity(testData.getValue("entity_name", count), testData.getValue("entity_type", count), testData.getValue("entity_value", count)): platform.Training.createEntity is PASSED&#xD;
&#xD;
2020-06-23 11:53:06 - [MESSAGE][PASSED] - Keys 'product_names' sent to object: 'Object Repository/Input/entityName'&#xD;
&#xD;
2020-06-23 11:53:09 - [MESSAGE][PASSED] - Object: 'Object Repository/Generic/listOfEntity' is clicked on&#xD;
&#xD;
2020-06-23 11:53:09 - [MESSAGE][INFO] - Entity Type: Custom&#xD;
&#xD;
2020-06-23 11:53:11 - [MESSAGE][PASSED] - Object: 'Object Repository/Generic/webObjectWithText' is clicked on&#xD;
&#xD;
2020-06-23 11:53:14 - [MESSAGE][PASSED] - Keys 'chair' sent to object: 'Object Repository/Input/defValueOfEntity'&#xD;
&#xD;
2020-06-23 11:53:16 - [MESSAGE][PASSED] - Object: 'Object Repository/Button/entityPageSaveButton' is clicked on&#xD;
&#xD;
2020-06-23 11:53:16 - [MESSAGE][PASSED] - platform.Training.createEntity is PASSED&#xD;
&#xD;
2020-06-23 11:53:16 - [TEST_STEP][PASSED] - if (testData.getValue("entity_name", count) != ""): platform.Training.createEntity is PASSED&#xD;
&#xD;
2020-06-23 11:53:16 - [TEST_STEP][PASSED] - platform.Method.toClickOnWebElement(findTestObject("Button/createEntity")): platform.Method.toClickOnWebElement is PASSED&#xD;
&#xD;
2020-06-23 11:53:18 - [MESSAGE][PASSED] - Object: 'Object Repository/Button/createEntity' is clicked on&#xD;
&#xD;
2020-06-23 11:53:18 - [MESSAGE][PASSED] - platform.Method.toClickOnWebElement is PASSED&#xD;
&#xD;
2020-06-23 11:53:18 - [TEST_STEP][PASSED] - platform.Training.createEntity(testData.getValue("entity_name", count), testData.getValue("entity_type", count), testData.getValue("entity_value", count)): platform.Training.createEntity is PASSED&#xD;
&#xD;
2020-06-23 11:53:21 - [MESSAGE][PASSED] - Keys 'order_id' sent to object: 'Object Repository/Input/entityName'&#xD;
&#xD;
2020-06-23 11:53:23 - [MESSAGE][PASSED] - Object: 'Object Repository/Generic/listOfEntity' is clicked on&#xD;
&#xD;
2020-06-23 11:53:23 - [MESSAGE][INFO] - Entity Type: Regex&#xD;
&#xD;
2020-06-23 11:53:26 - [MESSAGE][PASSED] - Object: 'Object Repository/Generic/webObjectWithText' is clicked on&#xD;
&#xD;
2020-06-23 11:53:28 - [MESSAGE][PASSED] - Keys '\b\d{8}\b' sent to object: 'Object Repository/Input/defValueOfEntity'&#xD;
&#xD;
2020-06-23 11:53:31 - [MESSAGE][PASSED] - Object: 'Object Repository/Button/entityPageSaveButton' is clicked on&#xD;
&#xD;
2020-06-23 11:53:31 - [MESSAGE][PASSED] - platform.Training.createEntity is PASSED&#xD;
&#xD;
2020-06-23 11:53:31 - [TEST_STEP][PASSED] - if (testData.getValue("entity_name", count) != ""): platform.Training.createEntity is PASSED&#xD;
&#xD;
2020-06-23 11:53:31 - [TEST_STEP][PASSED] - platform.Method.toClickOnWebElement(findTestObject("Button/createEntity")): platform.Method.toClickOnWebElement is PASSED&#xD;
&#xD;
2020-06-23 11:53:34 - [MESSAGE][PASSED] - Object: 'Object Repository/Button/createEntity' is clicked on&#xD;
&#xD;
2020-06-23 11:53:34 - [MESSAGE][PASSED] - platform.Method.toClickOnWebElement is PASSED&#xD;
&#xD;
2020-06-23 11:53:34 - [TEST_STEP][PASSED] - platform.Training.createEntity(testData.getValue("entity_name", count), testData.getValue("entity_type", count), testData.getValue("entity_value", count)): platform.Training.createEntity is PASSED&#xD;
&#xD;
2020-06-23 11:53:36 - [MESSAGE][PASSED] - Keys 'zipcode' sent to object: 'Object Repository/Input/entityName'&#xD;
&#xD;
2020-06-23 11:53:39 - [MESSAGE][PASSED] - Object: 'Object Repository/Generic/listOfEntity' is clicked on&#xD;
&#xD;
2020-06-23 11:53:39 - [MESSAGE][INFO] - Entity Type: Custom&#xD;
&#xD;
2020-06-23 11:53:41 - [MESSAGE][PASSED] - Object: 'Object Repository/Generic/webObjectWithText' is clicked on&#xD;
&#xD;
2020-06-23 11:53:44 - [MESSAGE][PASSED] - Keys '\b\^[0-9]{6}\b' sent to object: 'Object Repository/Input/defValueOfEntity'&#xD;
&#xD;
2020-06-23 11:53:46 - [MESSAGE][PASSED] - Object: 'Object Repository/Button/entityPageSaveButton' is clicked on&#xD;
&#xD;
2020-06-23 11:53:46 - [MESSAGE][PASSED] - platform.Training.createEntity is PASSED&#xD;
&#xD;
2020-06-23 11:53:46 - [TEST_STEP][PASSED] - if (testData.getValue("entity_name", count) != ""): null&#xD;
&#xD;
2020-06-23 11:53:46 - [TEST_STEP][PASSED] - else: null&#xD;
&#xD;
2020-06-23 11:53:46 - [TEST_STEP][PASSED] - logInfo("No more entity present!!"): No more entity present!!&#xD;
&#xD;
2020-06-23 11:53:46 - [MESSAGE][INFO] - No more entity present!!&#xD;
&#xD;
2020-06-23 11:53:46 - [TEST_STEP][PASSED] - break: null&#xD;
&#xD;
2020-06-23 11:53:46 - [TEST_STEP][PASSED] - waitForElementPresent(findTestObject("Generic/webObjectWithText", ["textValue":"city name"]), 15, STOP_ON_FAILURE): Object 'Object Repository/Generic/webObjectWithText' is present&#xD;
&#xD;
2020-06-23 11:53:47 - [MESSAGE][PASSED] - Object 'Object Repository/Generic/webObjectWithText' is present&#xD;
&#xD;
2020-06-23 11:53:47 - [TEST_STEP][PASSED] - platform.Training.editEntity("city name"): platform.Training.editEntity is PASSED&#xD;
&#xD;
2020-06-23 11:53:56 - [MESSAGE][PASSED] - platform.Training.editEntity is PASSED&#xD;
&#xD;
2020-06-23 11:53:56 - [TEST_STEP][PASSED] - testObject = modifyObjectProperty(findTestObject("Input/entityName"), "formcontrolname", "equals", "name", true, STOP_ON_FAILURE): Modify property of object successfully&#xD;
&#xD;
2020-06-23 11:53:56 - [MESSAGE][PASSED] - Modify property of object successfully&#xD;
&#xD;
2020-06-23 11:53:56 - [TEST_STEP][PASSED] - setText(testObject, testData.getValue("entity_name", 1)): Text 'store_name' is set on object 'Object Repository/Input/entityName'&#xD;
&#xD;
2020-06-23 11:54:00 - [MESSAGE][PASSED] - Text 'store_name' is set on object 'Object Repository/Input/entityName'&#xD;
&#xD;
2020-06-23 11:54:00 - [TEST_STEP][PASSED] - platform.Method.clickOnElement(findTestObject("Button/importIcon")): platform.Method.clickOnElement is PASSED&#xD;
&#xD;
2020-06-23 11:54:02 - [MESSAGE][PASSED] - platform.Method.clickOnElement is PASSED&#xD;
&#xD;
2020-06-23 11:54:02 - [TEST_STEP][PASSED] - platform.Method.uploadCsvFile(true, testData.getValue("custom_entity_file", 1)): platform.Method.uploadCsvFile is PASSED&#xD;
&#xD;
2020-06-23 11:54:07 - [MESSAGE][PASSED] - File 'D:/IMIbot.ai-Project/Collection/cityName.csv' sent to object: 'Object Repository/Input/uploadFile'&#xD;
&#xD;
2020-06-23 11:54:09 - [MESSAGE][PASSED] - platform.Method.uploadCsvFile is PASSED&#xD;
&#xD;
2020-06-23 11:54:09 - [TEST_STEP][PASSED] - platform.Method.clickOnElement(findTestObject("Button/save", ["value":" Save "])): platform.Method.clickOnElement is PASSED&#xD;
&#xD;
2020-06-23 11:54:11 - [MESSAGE][PASSED] - platform.Method.clickOnElement is PASSED&#xD;
&#xD;
2020-06-23 11:54:11 - [TEST_STEP][PASSED] - waitForElementPresent(findTestObject("ICONS/toastMsg"), 15, STOP_ON_FAILURE): Object 'Object Repository/ICONS/toastMsg' is present&#xD;
&#xD;
2020-06-23 11:54:13 - [MESSAGE][PASSED] - Object 'Object Repository/ICONS/toastMsg' is present&#xD;
&#xD;
2020-06-23 11:54:13 - [TEST_STEP][PASSED] - assert getText().contentEquals("store_name") == true: null&#xD;
&#xD;
2020-06-23 11:54:15 - [TEST_STEP][PASSED] - platform.Method.trainAndComment(testData.getValue("comment", 2)): platform.Method.trainAndComment is PASSED&#xD;
&#xD;
2020-06-23 11:54:22 - [MESSAGE][PASSED] - Keys 'response added &amp; updated' sent to object: 'Object Repository/Input/comment'&#xD;
&#xD;
2020-06-23 11:54:24 - [MESSAGE][PASSED] - platform.Method.trainAndComment is PASSED&#xD;
&#xD;
2020-06-23 11:54:24 - [TEST_STEP][PASSED] - waitForElementPresent(findTestObject("ICONS/toastMsg"), 15, OPTIONAL): Object 'Object Repository/ICONS/toastMsg' is present&#xD;
&#xD;
2020-06-23 11:54:26 - [MESSAGE][PASSED] - Object 'Object Repository/ICONS/toastMsg' is present</system-out>
            <system-err></system-err>
        </testcase>
        <testcase name="Test Cases/Taskbot/createIntentAndEditEntity_Test" classname="Test Cases/Taskbot/createIntentAndEditEntity_Test" status="PASSED">
            <system-out>2020-06-23 11:54:26 - [TEST_CASE][PASSED] - Test Cases/Taskbot/createIntentAndEditEntity_Test: Test Cases/Taskbot/createIntentAndEditEntity_Test&#xD;
&#xD;
2020-06-23 11:54:26 - [TEST_STEP][PASSED] - Start listener action : setUp: Current window maximized&#xD;
&#xD;
2020-06-23 11:54:26 - [TEST_STEP][PASSED] - openBrowser(URL): Browser is opened with url: 'preprod.imibot.ai'&#xD;
&#xD;
2020-06-23 11:54:26 - [MESSAGE][WARNING] - A browser is already opened. Closing browser and opening a new one&#xD;
&#xD;
2020-06-23 11:54:28 - [MESSAGE][INFO] - Starting 'Chrome' driver&#xD;
&#xD;
2020-06-23 11:54:28 - [MESSAGE][INFO] - User set preference: ['args', '[--start-maximized]']&#xD;
&#xD;
2020-06-23 11:54:38 - [MESSAGE][PASSED] - Browser is opened with url: 'preprod.imibot.ai'&#xD;
&#xD;
2020-06-23 11:54:38 - [TEST_STEP][PASSED] - maximizeWindow(): Current window maximized&#xD;
&#xD;
2020-06-23 11:54:40 - [MESSAGE][PASSED] - Current window maximized&#xD;
&#xD;
2020-06-23 11:54:40 - [TEST_STEP][PASSED] - callTestCase(findTestCase("Generic/successfulLogin_Test"), [:], STOP_ON_FAILURE): Call Test Case 'Test Cases/Generic/successfulLogin_Test' successfully&#xD;
&#xD;
2020-06-23 11:54:41 - [TEST_CASE][PASSED] - Test Cases/Generic/successfulLogin_Test: Test Cases/Generic/successfulLogin_Test&#xD;
&#xD;
2020-06-23 11:54:41 - [TEST_STEP][PASSED] - sendKeys(findTestObject("Input/username"), USERNAME): Keys 'narendra.n@imimobile.com' sent to object: 'Object Repository/Input/username'&#xD;
&#xD;
2020-06-23 11:54:43 - [MESSAGE][PASSED] - Keys 'narendra.n@imimobile.com' sent to object: 'Object Repository/Input/username'&#xD;
&#xD;
2020-06-23 11:54:43 - [TEST_STEP][PASSED] - sendKeys(findTestObject("Input/password"), PASSWORD): Keys 'Test@2020' sent to object: 'Object Repository/Input/password'&#xD;
&#xD;
2020-06-23 11:54:46 - [MESSAGE][PASSED] - Keys 'Test@2020' sent to object: 'Object Repository/Input/password'&#xD;
&#xD;
2020-06-23 11:54:46 - [TEST_STEP][PASSED] - click(findTestObject("Button/signIn")): Object: 'Object Repository/Button/signIn' is clicked on&#xD;
&#xD;
2020-06-23 11:54:48 - [MESSAGE][PASSED] - Object: 'Object Repository/Button/signIn' is clicked on&#xD;
&#xD;
2020-06-23 11:54:48 - [TEST_STEP][PASSED] - if (!(waitForElementPresent(findTestObject("Button/createBot"), 30, OPTIONAL))): Object 'Object Repository/Button/createBot' is present&#xD;
&#xD;
2020-06-23 11:55:04 - [MESSAGE][PASSED] - Object 'Object Repository/Button/createBot' is present&#xD;
&#xD;
2020-06-23 11:55:04 - [MESSAGE][PASSED] - Call Test Case 'Test Cases/Generic/successfulLogin_Test' successfully&#xD;
&#xD;
2020-06-23 11:55:04 - [TEST_STEP][PASSED] - platform.Method.navigateToBot("Task bots", TASK_BOT): platform.Method.navigateToBot is PASSED&#xD;
&#xD;
2020-06-23 11:55:05 - [MESSAGE][PASSED] - Object 'Object Repository/Button/createBot' is present&#xD;
&#xD;
2020-06-23 11:55:08 - [MESSAGE][INFO] - Performing click action on bot&#xD;
&#xD;
2020-06-23 11:55:10 - [MESSAGE][PASSED] - platform.Method.navigateToBot is PASSED&#xD;
&#xD;
2020-06-23 11:55:10 - [TEST_STEP][PASSED] - platform.Method.clickOnElement(findTestObject("Generic/training")): platform.Method.clickOnElement is PASSED&#xD;
&#xD;
2020-06-23 11:55:14 - [MESSAGE][PASSED] - platform.Method.clickOnElement is PASSED&#xD;
&#xD;
2020-06-23 11:55:14 - [TEST_STEP][PASSED] - testData = findTestData("Data Files/testData_Task"): null&#xD;
&#xD;
2020-06-23 11:55:14 - [TEST_STEP][PASSED] - platform.Training.addMultipleUtterance(testData, "track_order_utterance"): platform.Training.addMultipleUtterance is PASSED&#xD;
&#xD;
2020-06-23 11:55:17 - [MESSAGE][PASSED] - Object: 'Object Repository/Button/createIntent' is clicked on&#xD;
&#xD;
2020-06-23 11:55:20 - [MESSAGE][PASSED] - Keys 'When will I receive my order?' sent to object: 'Object Repository/Input/utterance'&#xD;
&#xD;
2020-06-23 11:55:22 - [MESSAGE][PASSED] - Object: 'Object Repository/Button/addUtterance' is clicked on&#xD;
&#xD;
2020-06-23 11:55:27 - [MESSAGE][PASSED] - Delayed 5 second(s)&#xD;
&#xD;
2020-06-23 11:55:30 - [MESSAGE][PASSED] - Keys 'Track status of order number 00001234' sent to object: 'Object Repository/Input/utterance'&#xD;
&#xD;
2020-06-23 11:55:32 - [MESSAGE][PASSED] - Object: 'Object Repository/Button/addUtterance' is clicked on&#xD;
&#xD;
2020-06-23 11:55:37 - [MESSAGE][PASSED] - Delayed 5 second(s)&#xD;
&#xD;
2020-06-23 11:55:40 - [MESSAGE][PASSED] - Keys 'Status of my order' sent to object: 'Object Repository/Input/utterance'&#xD;
&#xD;
2020-06-23 11:55:42 - [MESSAGE][PASSED] - Object: 'Object Repository/Button/addUtterance' is clicked on&#xD;
&#xD;
2020-06-23 11:55:47 - [MESSAGE][PASSED] - Delayed 5 second(s)&#xD;
&#xD;
2020-06-23 11:55:47 - [MESSAGE][PASSED] - platform.Training.addMultipleUtterance is PASSED&#xD;
&#xD;
2020-06-23 11:55:47 - [TEST_STEP][PASSED] - sendKeys(findTestObject("Input/intentName"), testData.getValue("intent_name", 3)): Keys 'track_order' sent to object: 'Object Repository/Input/intentName'&#xD;
&#xD;
2020-06-23 11:55:50 - [MESSAGE][PASSED] - Keys 'track_order' sent to object: 'Object Repository/Input/intentName'&#xD;
&#xD;
2020-06-23 11:55:50 - [TEST_STEP][PASSED] - verifyElementText(findTestObject("Slots/entityValue", ["rowValue":1]), "order_id", STOP_ON_FAILURE): Actual text and expected text of test object 'Object Repository/Slots/entityValue' are matched.&#xD;
&#xD;
2020-06-23 11:55:52 - [MESSAGE][PASSED] - Actual text and expected text of test object 'Object Repository/Slots/entityValue' are matched.&#xD;
&#xD;
2020-06-23 11:55:52 - [TEST_STEP][PASSED] - sendKeys(findTestObject("Input/finalTempKey"), "order_status_template"): Keys 'order_status_template' sent to object: 'Object Repository/Input/finalTempKey'&#xD;
&#xD;
2020-06-23 11:55:55 - [MESSAGE][PASSED] - Keys 'order_status_template' sent to object: 'Object Repository/Input/finalTempKey'&#xD;
&#xD;
2020-06-23 11:55:55 - [TEST_STEP][PASSED] - platform.Method.clickOnElement(findTestObject("Button/save", ["value":" Save "])): platform.Method.clickOnElement is PASSED&#xD;
&#xD;
2020-06-23 11:55:58 - [MESSAGE][PASSED] - platform.Method.clickOnElement is PASSED&#xD;
&#xD;
2020-06-23 11:55:58 - [TEST_STEP][PASSED] - verifyElementText(findTestObject("Generic/header"), "track_order", STOP_ON_FAILURE): Actual text and expected text of test object 'Object Repository/Generic/header' are matched.&#xD;
&#xD;
2020-06-23 11:56:00 - [MESSAGE][PASSED] - Actual text and expected text of test object 'Object Repository/Generic/header' are matched.&#xD;
&#xD;
2020-06-23 11:56:00 - [TEST_STEP][PASSED] - platform.Method.clickOnElement(findTestObject("NewRepo/intentGoBack")): platform.Method.clickOnElement is PASSED&#xD;
&#xD;
2020-06-23 11:56:02 - [MESSAGE][PASSED] - platform.Method.clickOnElement is PASSED&#xD;
&#xD;
2020-06-23 11:56:02 - [TEST_STEP][PASSED] - platform.Method.clickOnElement(findTestObject("Generic/webObjectWithText", ["textValue":"Entities"])): platform.Method.clickOnElement is PASSED&#xD;
&#xD;
2020-06-23 11:56:05 - [MESSAGE][PASSED] - platform.Method.clickOnElement is PASSED&#xD;
&#xD;
2020-06-23 11:56:05 - [TEST_STEP][PASSED] - platform.Training.editEntity("product_names"): platform.Training.editEntity is PASSED&#xD;
&#xD;
2020-06-23 11:56:12 - [MESSAGE][PASSED] - platform.Training.editEntity is PASSED&#xD;
&#xD;
2020-06-23 11:56:12 - [TEST_STEP][PASSED] - sendKeys(findTestObject("Input/synonyms", ["index":1]), Keys.chord("wooden chair", ENTER)): Keys 'ENTER + wooden chair' sent to object: 'Object Repository/Input/synonyms'&#xD;
&#xD;
2020-06-23 11:56:15 - [MESSAGE][PASSED] - Keys 'ENTER + wooden chair' sent to object: 'Object Repository/Input/synonyms'&#xD;
&#xD;
2020-06-23 11:56:15 - [TEST_STEP][PASSED] - sendKeys(findTestObject("Input/synonyms", ["index":1]), Keys.chord("plastic chair", ENTER)): Keys 'ENTER + plastic chair' sent to object: 'Object Repository/Input/synonyms'&#xD;
&#xD;
2020-06-23 11:56:18 - [MESSAGE][PASSED] - Keys 'ENTER + plastic chair' sent to object: 'Object Repository/Input/synonyms'&#xD;
&#xD;
2020-06-23 11:56:18 - [TEST_STEP][PASSED] - platform.Method.clickOnElement(findTestObject("Button/importIcon")): platform.Method.clickOnElement is PASSED&#xD;
&#xD;
2020-06-23 11:56:20 - [MESSAGE][PASSED] - platform.Method.clickOnElement is PASSED&#xD;
&#xD;
2020-06-23 11:56:20 - [TEST_STEP][PASSED] - platform.Method.uploadCsvFile(false, testData.getValue("custom_entity_file", 2)): platform.Method.uploadCsvFile is PASSED&#xD;
&#xD;
2020-06-23 11:56:20 - [MESSAGE][INFO] - PREVIOUS DATA NOT BE OVERRIDDEN&#xD;
&#xD;
2020-06-23 11:56:23 - [MESSAGE][PASSED] - File 'D:/IMIbot.ai-Project/Collection/product.csv' sent to object: 'Object Repository/Input/uploadFile'&#xD;
&#xD;
2020-06-23 11:56:25 - [MESSAGE][PASSED] - platform.Method.uploadCsvFile is PASSED&#xD;
&#xD;
2020-06-23 11:56:25 - [TEST_STEP][PASSED] - platform.Method.clickOnElement(findTestObject("Button/btnDeleteChipOrRow", ["chipValue":" plastic chair ", "option":"cancel"])): platform.Method.clickOnElement is PASSED&#xD;
&#xD;
2020-06-23 11:56:27 - [MESSAGE][PASSED] - platform.Method.clickOnElement is PASSED&#xD;
&#xD;
2020-06-23 11:56:27 - [TEST_STEP][PASSED] - platform.Method.clickOnElement(findTestObject("Button/btnDeleteChipOrRow", ["chipValue":" wooden chair ", "option":"close "])): platform.Method.clickOnElement is PASSED&#xD;
&#xD;
2020-06-23 11:56:29 - [MESSAGE][PASSED] - platform.Method.clickOnElement is PASSED&#xD;
&#xD;
2020-06-23 11:56:29 - [TEST_STEP][PASSED] - platform.Method.clickOnElement(findTestObject("Button/save", ["value":" Save "])): platform.Method.clickOnElement is PASSED&#xD;
&#xD;
2020-06-23 11:56:31 - [MESSAGE][PASSED] - platform.Method.clickOnElement is PASSED</system-out>
            <system-err></system-err>
        </testcase>
        <testcase name="Test Cases/Taskbot/intentWithResponseCreation_Test" classname="Test Cases/Taskbot/intentWithResponseCreation_Test" status="PASSED">
            <system-out>2020-06-23 11:56:31 - [TEST_CASE][PASSED] - Test Cases/Taskbot/intentWithResponseCreation_Test: Test Cases/Taskbot/intentWithResponseCreation_Test&#xD;
&#xD;
2020-06-23 11:56:31 - [TEST_STEP][PASSED] - Start listener action : setUp: Current window maximized&#xD;
&#xD;
2020-06-23 11:56:31 - [TEST_STEP][PASSED] - openBrowser(URL): Browser is opened with url: 'preprod.imibot.ai'&#xD;
&#xD;
2020-06-23 11:56:31 - [MESSAGE][WARNING] - A browser is already opened. Closing browser and opening a new one&#xD;
&#xD;
2020-06-23 11:56:33 - [MESSAGE][INFO] - Starting 'Chrome' driver&#xD;
&#xD;
2020-06-23 11:56:33 - [MESSAGE][INFO] - User set preference: ['args', '[--start-maximized]']&#xD;
&#xD;
2020-06-23 11:56:45 - [MESSAGE][PASSED] - Browser is opened with url: 'preprod.imibot.ai'&#xD;
&#xD;
2020-06-23 11:56:45 - [TEST_STEP][PASSED] - maximizeWindow(): Current window maximized&#xD;
&#xD;
2020-06-23 11:56:47 - [MESSAGE][PASSED] - Current window maximized&#xD;
&#xD;
2020-06-23 11:56:47 - [TEST_STEP][PASSED] - callTestCase(findTestCase("Generic/successfulLogin_Test"), [:], STOP_ON_FAILURE): Call Test Case 'Test Cases/Generic/successfulLogin_Test' successfully&#xD;
&#xD;
2020-06-23 11:56:47 - [TEST_CASE][PASSED] - Test Cases/Generic/successfulLogin_Test: Test Cases/Generic/successfulLogin_Test&#xD;
&#xD;
2020-06-23 11:56:48 - [TEST_STEP][PASSED] - sendKeys(findTestObject("Input/username"), USERNAME): Keys 'narendra.n@imimobile.com' sent to object: 'Object Repository/Input/username'&#xD;
&#xD;
2020-06-23 11:56:50 - [MESSAGE][PASSED] - Keys 'narendra.n@imimobile.com' sent to object: 'Object Repository/Input/username'&#xD;
&#xD;
2020-06-23 11:56:50 - [TEST_STEP][PASSED] - sendKeys(findTestObject("Input/password"), PASSWORD): Keys 'Test@2020' sent to object: 'Object Repository/Input/password'&#xD;
&#xD;
2020-06-23 11:56:53 - [MESSAGE][PASSED] - Keys 'Test@2020' sent to object: 'Object Repository/Input/password'&#xD;
&#xD;
2020-06-23 11:56:53 - [TEST_STEP][PASSED] - click(findTestObject("Button/signIn")): Object: 'Object Repository/Button/signIn' is clicked on&#xD;
&#xD;
2020-06-23 11:56:57 - [MESSAGE][PASSED] - Object: 'Object Repository/Button/signIn' is clicked on&#xD;
&#xD;
2020-06-23 11:56:57 - [TEST_STEP][PASSED] - if (!(waitForElementPresent(findTestObject("Button/createBot"), 30, OPTIONAL))): Object 'Object Repository/Button/createBot' is present&#xD;
&#xD;
2020-06-23 11:57:13 - [MESSAGE][PASSED] - Object 'Object Repository/Button/createBot' is present&#xD;
&#xD;
2020-06-23 11:57:13 - [MESSAGE][PASSED] - Call Test Case 'Test Cases/Generic/successfulLogin_Test' successfully&#xD;
&#xD;
2020-06-23 11:57:13 - [TEST_STEP][PASSED] - platform.Method.navigateToBot("Task bots", TASK_BOT): platform.Method.navigateToBot is PASSED&#xD;
&#xD;
2020-06-23 11:57:14 - [MESSAGE][PASSED] - Object 'Object Repository/Button/createBot' is present&#xD;
&#xD;
2020-06-23 11:57:17 - [MESSAGE][INFO] - Performing click action on bot&#xD;
&#xD;
2020-06-23 11:57:19 - [MESSAGE][PASSED] - platform.Method.navigateToBot is PASSED&#xD;
&#xD;
2020-06-23 11:57:19 - [TEST_STEP][PASSED] - platform.Method.clickOnElement(findTestObject("Generic/training")): platform.Method.clickOnElement is PASSED&#xD;
&#xD;
2020-06-23 11:57:23 - [MESSAGE][PASSED] - platform.Method.clickOnElement is PASSED&#xD;
&#xD;
2020-06-23 11:57:23 - [TEST_STEP][PASSED] - platform.Training.addMultipleUtterance(findTestData("Data Files/testData_Task"), "first_intent_utterance"): platform.Training.addMultipleUtterance is PASSED&#xD;
&#xD;
2020-06-23 11:57:26 - [MESSAGE][PASSED] - Object: 'Object Repository/Button/createIntent' is clicked on&#xD;
&#xD;
2020-06-23 11:57:29 - [MESSAGE][PASSED] - Keys 'Do you deliver?' sent to object: 'Object Repository/Input/utterance'&#xD;
&#xD;
2020-06-23 11:57:31 - [MESSAGE][PASSED] - Object: 'Object Repository/Button/addUtterance' is clicked on&#xD;
&#xD;
2020-06-23 11:57:36 - [MESSAGE][PASSED] - Delayed 5 second(s)&#xD;
&#xD;
2020-06-23 11:57:39 - [MESSAGE][PASSED] - Keys 'Do you deliver in hyderabad?' sent to object: 'Object Repository/Input/utterance'&#xD;
&#xD;
2020-06-23 11:57:41 - [MESSAGE][PASSED] - Object: 'Object Repository/Button/addUtterance' is clicked on&#xD;
&#xD;
2020-06-23 11:57:46 - [MESSAGE][PASSED] - Delayed 5 second(s)&#xD;
&#xD;
2020-06-23 11:57:49 - [MESSAGE][PASSED] - Keys 'Is your service available in mumbai?' sent to object: 'Object Repository/Input/utterance'&#xD;
&#xD;
2020-06-23 11:57:51 - [MESSAGE][PASSED] - Object: 'Object Repository/Button/addUtterance' is clicked on&#xD;
&#xD;
2020-06-23 11:57:56 - [MESSAGE][PASSED] - Delayed 5 second(s)&#xD;
&#xD;
2020-06-23 11:57:56 - [MESSAGE][PASSED] - platform.Training.addMultipleUtterance is PASSED&#xD;
&#xD;
2020-06-23 11:57:56 - [TEST_STEP][PASSED] - sendKeys(findTestObject("Input/intentName"), findTestData("Data Files/testData_Task").getValue("intent_name", 1)): Keys 'delivery_info' sent to object: 'Object Repository/Input/intentName'&#xD;
&#xD;
2020-06-23 11:57:59 - [MESSAGE][PASSED] - Keys 'delivery_info' sent to object: 'Object Repository/Input/intentName'&#xD;
&#xD;
2020-06-23 11:57:59 - [TEST_STEP][PASSED] - check(findTestObject("Slots/checkbox", ["rowValue":1])): Object 'Object Repository/Slots/checkbox' is checked&#xD;
&#xD;
2020-06-23 11:58:03 - [MESSAGE][PASSED] - Object 'Object Repository/Slots/checkbox' is checked&#xD;
&#xD;
2020-06-23 11:58:03 - [TEST_STEP][PASSED] - setText(findTestObject("Slots/retries", ["rowValue":1]), "2"): Text '2' is set on object 'Object Repository/Slots/retries'&#xD;
&#xD;
2020-06-23 11:58:06 - [MESSAGE][PASSED] - Text '2' is set on object 'Object Repository/Slots/retries'&#xD;
&#xD;
2020-06-23 11:58:06 - [TEST_STEP][PASSED] - setText(findTestObject("Slots/templateKey", ["rowValue":1]), findTestData("Data Files/testData_Task").getValue("missing_entity", 1)): Text 'city_not_found' is set on object 'Object Repository/Slots/templateKey'&#xD;
&#xD;
2020-06-23 11:58:11 - [MESSAGE][PASSED] - Text 'city_not_found' is set on object 'Object Repository/Slots/templateKey'&#xD;
&#xD;
2020-06-23 11:58:11 - [TEST_STEP][PASSED] - platform.Training.createInstantResponse(findTestData("Data Files/testData_Task").getValue("missing_entity", 1), findTestData("Data Files/testData_Task").getValue("missing_entity_default_text", 1)): platform.Training.createInstantResponse is PASSED&#xD;
&#xD;
2020-06-23 11:58:16 - [MESSAGE][PASSED] - Keys 'city_not_found' sent to object: 'Object Repository/NewRepo2/templateKeyPopUp'&#xD;
&#xD;
2020-06-23 11:58:20 - [MESSAGE][PASSED] - Keys 'Oops! There is no delivery centre at your city. Please try again with a different city name.' sent to object: 'Object Repository/NewRepo2/templateResponsePopUp'&#xD;
&#xD;
2020-06-23 11:58:22 - [MESSAGE][PASSED] - platform.Training.createInstantResponse is PASSED&#xD;
&#xD;
2020-06-23 11:58:22 - [TEST_STEP][PASSED] - platform.Method.clickOnElement(findTestObject("Generic/webObjectWithText", ["textValue":"city_not_found"])): platform.Method.clickOnElement is PASSED&#xD;
&#xD;
2020-06-23 11:58:25 - [MESSAGE][PASSED] - platform.Method.clickOnElement is PASSED&#xD;
&#xD;
2020-06-23 11:58:25 - [TEST_STEP][PASSED] - sendKeys(findTestObject("Input/finalTempKey"), findTestData("Data Files/testData_Task").getValue("final_template", 1)): Keys 'delivery_template' sent to object: 'Object Repository/Input/finalTempKey'&#xD;
&#xD;
2020-06-23 11:58:28 - [MESSAGE][PASSED] - Keys 'delivery_template' sent to object: 'Object Repository/Input/finalTempKey'&#xD;
&#xD;
2020-06-23 11:58:28 - [TEST_STEP][PASSED] - platform.Method.clickOnElement(findTestObject("Button/save", ["value":" Save "])): platform.Method.clickOnElement is PASSED&#xD;
&#xD;
2020-06-23 11:58:30 - [MESSAGE][PASSED] - platform.Method.clickOnElement is PASSED&#xD;
&#xD;
2020-06-23 11:58:30 - [TEST_STEP][PASSED] - verifyElementText(findTestObject("Generic/header"), "delivery_info", STOP_ON_FAILURE): Actual text and expected text of test object 'Object Repository/Generic/header' are matched.&#xD;
&#xD;
2020-06-23 11:58:32 - [MESSAGE][PASSED] - Actual text and expected text of test object 'Object Repository/Generic/header' are matched.&#xD;
&#xD;
2020-06-23 11:58:32 - [TEST_STEP][PASSED] - platform.Method.clickOnElement(findTestObject("NewRepo/intentGoBack")): platform.Method.clickOnElement is PASSED&#xD;
&#xD;
2020-06-23 11:58:35 - [MESSAGE][PASSED] - platform.Method.clickOnElement is PASSED&#xD;
&#xD;
2020-06-23 11:58:35 - [TEST_STEP][PASSED] - platform.Method.trainAndComment(findTestData("Data Files/testData_Task").getValue("comment", 1)): platform.Method.trainAndComment is PASSED&#xD;
&#xD;
2020-06-23 11:58:42 - [MESSAGE][PASSED] - Keys 'delivery info intent added' sent to object: 'Object Repository/Input/comment'&#xD;
&#xD;
2020-06-23 11:58:44 - [MESSAGE][PASSED] - platform.Method.trainAndComment is PASSED&#xD;
&#xD;
2020-06-23 11:58:44 - [TEST_STEP][PASSED] - waitForElementPresent(findTestObject("ICONS/toastMsg"), 30, STOP_ON_FAILURE): Object 'Object Repository/ICONS/toastMsg' is present&#xD;
&#xD;
2020-06-23 11:58:46 - [MESSAGE][PASSED] - Object 'Object Repository/ICONS/toastMsg' is present&#xD;
&#xD;
2020-06-23 11:58:46 - [TEST_STEP][PASSED] - platform.Method.clickOnElement(findTestObject("Button/preview")): platform.Method.clickOnElement is PASSED&#xD;
&#xD;
2020-06-23 11:58:48 - [MESSAGE][PASSED] - platform.Method.clickOnElement is PASSED&#xD;
&#xD;
2020-06-23 11:58:48 - [TEST_STEP][PASSED] - count = &lt;not implemented yet for class: org.codehaus.groovy.ast.expr.EmptyExpression&gt;: null&#xD;
&#xD;
2020-06-23 11:58:48 - [TEST_STEP][PASSED] - for ([count = 1, count &lt;= 3, (count++)]): null&#xD;
&#xD;
2020-06-23 11:58:48 - [TEST_STEP][PASSED] - sendKeys(findTestObject("Input/chatInput"), Keys.chord(userQuery, ENTER)): Keys 'ENTER + Delivery service in chennai' sent to object: 'Object Repository/Input/chatInput'&#xD;
&#xD;
2020-06-23 11:58:51 - [MESSAGE][PASSED] - Keys 'ENTER + Delivery service in chennai' sent to object: 'Object Repository/Input/chatInput'&#xD;
&#xD;
2020-06-23 11:58:51 - [TEST_STEP][PASSED] - delay(1): Delayed 1 second(s)&#xD;
&#xD;
2020-06-23 11:58:52 - [MESSAGE][PASSED] - Delayed 1 second(s)&#xD;
&#xD;
2020-06-23 11:58:52 - [TEST_STEP][PASSED] - if (count == 3): null&#xD;
&#xD;
2020-06-23 11:58:52 - [TEST_STEP][PASSED] - verifyElementText(findTestObject("GenericII/getBotResponse", ["index":count + 1]), findTestData("Data Files/testData_Task").getValue("missing_entity_default_text", 1), STOP_ON_FAILURE): Actual text and expected text of test object 'Object Repository/GenericII/getBotResponse' are matched.&#xD;
&#xD;
2020-06-23 11:58:55 - [MESSAGE][PASSED] - Actual text and expected text of test object 'Object Repository/GenericII/getBotResponse' are matched.&#xD;
&#xD;
2020-06-23 11:58:55 - [TEST_STEP][PASSED] - sendKeys(findTestObject("Input/chatInput"), Keys.chord(userQuery, ENTER)): Keys 'ENTER + Delivery service in chennai' sent to object: 'Object Repository/Input/chatInput'&#xD;
&#xD;
2020-06-23 11:58:58 - [MESSAGE][PASSED] - Keys 'ENTER + Delivery service in chennai' sent to object: 'Object Repository/Input/chatInput'&#xD;
&#xD;
2020-06-23 11:58:58 - [TEST_STEP][PASSED] - delay(1): Delayed 1 second(s)&#xD;
&#xD;
2020-06-23 11:58:59 - [MESSAGE][PASSED] - Delayed 1 second(s)&#xD;
&#xD;
2020-06-23 11:58:59 - [TEST_STEP][PASSED] - if (count == 3): null&#xD;
&#xD;
2020-06-23 11:58:59 - [TEST_STEP][PASSED] - verifyElementText(findTestObject("GenericII/getBotResponse", ["index":count + 1]), findTestData("Data Files/testData_Task").getValue("missing_entity_default_text", 1), STOP_ON_FAILURE): Actual text and expected text of test object 'Object Repository/GenericII/getBotResponse' are matched.&#xD;
&#xD;
2020-06-23 11:59:01 - [MESSAGE][PASSED] - Actual text and expected text of test object 'Object Repository/GenericII/getBotResponse' are matched.&#xD;
&#xD;
2020-06-23 11:59:01 - [TEST_STEP][PASSED] - sendKeys(findTestObject("Input/chatInput"), Keys.chord(userQuery, ENTER)): Keys 'ENTER + Delivery service in chennai' sent to object: 'Object Repository/Input/chatInput'&#xD;
&#xD;
2020-06-23 11:59:04 - [MESSAGE][PASSED] - Keys 'ENTER + Delivery service in chennai' sent to object: 'Object Repository/Input/chatInput'&#xD;
&#xD;
2020-06-23 11:59:04 - [TEST_STEP][PASSED] - delay(1): Delayed 1 second(s)&#xD;
&#xD;
2020-06-23 11:59:05 - [MESSAGE][PASSED] - Delayed 1 second(s)&#xD;
&#xD;
2020-06-23 11:59:05 - [TEST_STEP][PASSED] - if (count == 3): null&#xD;
&#xD;
2020-06-23 11:59:05 - [TEST_STEP][PASSED] - break: null&#xD;
&#xD;
2020-06-23 11:59:05 - [TEST_STEP][PASSED] - platform.Method.clickOnElement(findTestObject("Button/upvote")): platform.Method.clickOnElement is PASSED&#xD;
&#xD;
2020-06-23 11:59:07 - [MESSAGE][PASSED] - platform.Method.clickOnElement is PASSED</system-out>
            <system-err></system-err>
        </testcase>
        <testcase name="Test Cases/Taskbot/updateResponse_Test" classname="Test Cases/Taskbot/updateResponse_Test" status="PASSED">
            <system-out>2020-06-23 11:59:07 - [TEST_CASE][PASSED] - Test Cases/Taskbot/updateResponse_Test: Test Cases/Taskbot/updateResponse_Test&#xD;
&#xD;
2020-06-23 11:59:07 - [TEST_STEP][PASSED] - Start listener action : setUp: Current window maximized&#xD;
&#xD;
2020-06-23 11:59:07 - [TEST_STEP][PASSED] - openBrowser(URL): Browser is opened with url: 'preprod.imibot.ai'&#xD;
&#xD;
2020-06-23 11:59:07 - [MESSAGE][WARNING] - A browser is already opened. Closing browser and opening a new one&#xD;
&#xD;
2020-06-23 11:59:09 - [MESSAGE][INFO] - Starting 'Chrome' driver&#xD;
&#xD;
2020-06-23 11:59:09 - [MESSAGE][INFO] - User set preference: ['args', '[--start-maximized]']&#xD;
&#xD;
2020-06-23 11:59:20 - [MESSAGE][PASSED] - Browser is opened with url: 'preprod.imibot.ai'&#xD;
&#xD;
2020-06-23 11:59:20 - [TEST_STEP][PASSED] - maximizeWindow(): Current window maximized&#xD;
&#xD;
2020-06-23 11:59:22 - [MESSAGE][PASSED] - Current window maximized&#xD;
&#xD;
2020-06-23 11:59:22 - [TEST_STEP][PASSED] - callTestCase(findTestCase("Generic/successfulLogin_Test"), [:], STOP_ON_FAILURE): Call Test Case 'Test Cases/Generic/successfulLogin_Test' successfully&#xD;
&#xD;
2020-06-23 11:59:22 - [TEST_CASE][PASSED] - Test Cases/Generic/successfulLogin_Test: Test Cases/Generic/successfulLogin_Test&#xD;
&#xD;
2020-06-23 11:59:22 - [TEST_STEP][PASSED] - sendKeys(findTestObject("Input/username"), USERNAME): Keys 'narendra.n@imimobile.com' sent to object: 'Object Repository/Input/username'&#xD;
&#xD;
2020-06-23 11:59:25 - [MESSAGE][PASSED] - Keys 'narendra.n@imimobile.com' sent to object: 'Object Repository/Input/username'&#xD;
&#xD;
2020-06-23 11:59:25 - [TEST_STEP][PASSED] - sendKeys(findTestObject("Input/password"), PASSWORD): Keys 'Test@2020' sent to object: 'Object Repository/Input/password'&#xD;
&#xD;
2020-06-23 11:59:27 - [MESSAGE][PASSED] - Keys 'Test@2020' sent to object: 'Object Repository/Input/password'&#xD;
&#xD;
2020-06-23 11:59:27 - [TEST_STEP][PASSED] - click(findTestObject("Button/signIn")): Object: 'Object Repository/Button/signIn' is clicked on&#xD;
&#xD;
2020-06-23 11:59:30 - [MESSAGE][PASSED] - Object: 'Object Repository/Button/signIn' is clicked on&#xD;
&#xD;
2020-06-23 11:59:30 - [TEST_STEP][PASSED] - if (!(waitForElementPresent(findTestObject("Button/createBot"), 30, OPTIONAL))): Object 'Object Repository/Button/createBot' is present&#xD;
&#xD;
2020-06-23 11:59:45 - [MESSAGE][PASSED] - Object 'Object Repository/Button/createBot' is present&#xD;
&#xD;
2020-06-23 11:59:45 - [MESSAGE][PASSED] - Call Test Case 'Test Cases/Generic/successfulLogin_Test' successfully&#xD;
&#xD;
2020-06-23 11:59:45 - [TEST_STEP][PASSED] - platform.Method.navigateToBot("Task bots", TASK_BOT): platform.Method.navigateToBot is PASSED&#xD;
&#xD;
2020-06-23 11:59:47 - [MESSAGE][PASSED] - Object 'Object Repository/Button/createBot' is present&#xD;
&#xD;
2020-06-23 11:59:49 - [MESSAGE][INFO] - Performing click action on bot&#xD;
&#xD;
2020-06-23 11:59:52 - [MESSAGE][PASSED] - platform.Method.navigateToBot is PASSED&#xD;
&#xD;
2020-06-23 11:59:52 - [TEST_STEP][PASSED] - platform.Method.clickOnElement(findTestObject("Generic/training")): platform.Method.clickOnElement is PASSED&#xD;
&#xD;
2020-06-23 11:59:55 - [MESSAGE][PASSED] - platform.Method.clickOnElement is PASSED&#xD;
&#xD;
2020-06-23 11:59:55 - [TEST_STEP][PASSED] - testData = findTestData("Data Files/testData_Task"): null&#xD;
&#xD;
2020-06-23 11:59:55 - [TEST_STEP][PASSED] - platform.Training.addMultipleUtterance(testData, "stock_check_utterance"): platform.Training.addMultipleUtterance is PASSED&#xD;
&#xD;
2020-06-23 11:59:58 - [MESSAGE][PASSED] - Object: 'Object Repository/Button/createIntent' is clicked on&#xD;
&#xD;
2020-06-23 12:00:01 - [MESSAGE][PASSED] - Keys 'Is chair available in Hyderbad store?' sent to object: 'Object Repository/Input/utterance'&#xD;
&#xD;
2020-06-23 12:00:03 - [MESSAGE][PASSED] - Object: 'Object Repository/Button/addUtterance' is clicked on&#xD;
&#xD;
2020-06-23 12:00:08 - [MESSAGE][PASSED] - Delayed 5 second(s)&#xD;
&#xD;
2020-06-23 12:00:12 - [MESSAGE][PASSED] - Keys 'I want to order a sofa, is it available in Mumbai store?' sent to object: 'Object Repository/Input/utterance'&#xD;
&#xD;
2020-06-23 12:00:14 - [MESSAGE][PASSED] - Object: 'Object Repository/Button/addUtterance' is clicked on&#xD;
&#xD;
2020-06-23 12:00:19 - [MESSAGE][PASSED] - Delayed 5 second(s)&#xD;
&#xD;
2020-06-23 12:00:19 - [MESSAGE][PASSED] - platform.Training.addMultipleUtterance is PASSED&#xD;
&#xD;
2020-06-23 12:00:19 - [TEST_STEP][PASSED] - sendKeys(findTestObject("Input/intentName"), testData.getValue("intent_name", 2)): Keys 'stock_check' sent to object: 'Object Repository/Input/intentName'&#xD;
&#xD;
2020-06-23 12:00:22 - [MESSAGE][PASSED] - Keys 'stock_check' sent to object: 'Object Repository/Input/intentName'&#xD;
&#xD;
2020-06-23 12:00:22 - [TEST_STEP][PASSED] - sendKeys(findTestObject("Input/finalTempKey"), testData.getValue("dynamic_template", 3)): Keys 'stock_check_template' sent to object: 'Object Repository/Input/finalTempKey'&#xD;
&#xD;
2020-06-23 12:00:25 - [MESSAGE][PASSED] - Keys 'stock_check_template' sent to object: 'Object Repository/Input/finalTempKey'&#xD;
&#xD;
2020-06-23 12:00:25 - [TEST_STEP][PASSED] - platform.Training.createInstantResponse(testData.getValue("dynamic_template", 3), "Setting default value. Will be converted to dynamic type"): platform.Training.createInstantResponse is PASSED&#xD;
&#xD;
2020-06-23 12:00:30 - [MESSAGE][PASSED] - Keys 'stock_check_template' sent to object: 'Object Repository/NewRepo2/templateKeyPopUp'&#xD;
&#xD;
2020-06-23 12:00:34 - [MESSAGE][PASSED] - Keys 'Setting default value. Will be converted to dynamic type' sent to object: 'Object Repository/NewRepo2/templateResponsePopUp'&#xD;
&#xD;
2020-06-23 12:00:36 - [MESSAGE][PASSED] - platform.Training.createInstantResponse is PASSED&#xD;
&#xD;
2020-06-23 12:00:36 - [TEST_STEP][PASSED] - platform.Method.clickOnElement(findTestObject("Button/save", ["value":" Save "])): platform.Method.clickOnElement is PASSED&#xD;
&#xD;
2020-06-23 12:00:38 - [MESSAGE][PASSED] - platform.Method.clickOnElement is PASSED&#xD;
&#xD;
2020-06-23 12:00:38 - [TEST_STEP][PASSED] - verifyElementText(findTestObject("Generic/header"), "stock_check", OPTIONAL): Actual text and expected text of test object 'Object Repository/Generic/header' are matched.&#xD;
&#xD;
2020-06-23 12:00:40 - [MESSAGE][PASSED] - Actual text and expected text of test object 'Object Repository/Generic/header' are matched.&#xD;
&#xD;
2020-06-23 12:00:41 - [TEST_STEP][PASSED] - platform.Method.clickOnElement(findTestObject("Generic/response")): platform.Method.clickOnElement is PASSED&#xD;
&#xD;
2020-06-23 12:00:43 - [MESSAGE][PASSED] - platform.Method.clickOnElement is PASSED&#xD;
&#xD;
2020-06-23 12:00:43 - [TEST_STEP][PASSED] - platform.Method.clickOnElement(findTestObject("Generic/webObjectWithText", ["textValue":"stock_check_template "])): platform.Method.clickOnElement is PASSED&#xD;
&#xD;
2020-06-23 12:00:45 - [MESSAGE][PASSED] - platform.Method.clickOnElement is PASSED&#xD;
&#xD;
2020-06-23 12:00:45 - [TEST_STEP][PASSED] - platform.Method.clickOnElement(findTestObject("Generic/webObjectWithText", ["textValue":"Rich"])): platform.Method.clickOnElement is PASSED&#xD;
&#xD;
2020-06-23 12:00:48 - [MESSAGE][PASSED] - platform.Method.clickOnElement is PASSED&#xD;
&#xD;
2020-06-23 12:00:48 - [TEST_STEP][PASSED] - platform.Method.clickOnElement(findTestObject("NewRepo2/dynamic")): platform.Method.clickOnElement is PASSED&#xD;
&#xD;
2020-06-23 12:00:50 - [MESSAGE][PASSED] - platform.Method.clickOnElement is PASSED&#xD;
&#xD;
2020-06-23 12:00:50 - [TEST_STEP][PASSED] - uploadFile(findTestObject("Input/uploadFile"), getProjectDir() + "/Collection/" + testData.getValue("dynamic_template_file", 3)): File 'D:/IMIbot.ai-Project/Collection/stock_check_template.py' sent to object: 'Object Repository/Input/uploadFile'&#xD;
&#xD;
2020-06-23 12:00:52 - [MESSAGE][PASSED] - File 'D:/IMIbot.ai-Project/Collection/stock_check_template.py' sent to object: 'Object Repository/Input/uploadFile'&#xD;
&#xD;
2020-06-23 12:00:52 - [TEST_STEP][PASSED] - platform.Method.clickOnElement(findTestObject("NewRepo/refresh")): platform.Method.clickOnElement is PASSED&#xD;
&#xD;
2020-06-23 12:00:54 - [MESSAGE][PASSED] - platform.Method.clickOnElement is PASSED</system-out>
            <system-err></system-err>
        </testcase>
        <testcase name="Test Cases/Taskbot/downvoteWithComment_Test" classname="Test Cases/Taskbot/downvoteWithComment_Test" status="PASSED">
            <system-out>2020-06-23 12:00:54 - [TEST_CASE][PASSED] - Test Cases/Taskbot/downvoteWithComment_Test: Test Cases/Taskbot/downvoteWithComment_Test&#xD;
&#xD;
2020-06-23 12:00:55 - [TEST_STEP][PASSED] - Start listener action : setUp: Current window maximized&#xD;
&#xD;
2020-06-23 12:00:55 - [TEST_STEP][PASSED] - openBrowser(URL): Browser is opened with url: 'preprod.imibot.ai'&#xD;
&#xD;
2020-06-23 12:00:55 - [MESSAGE][WARNING] - A browser is already opened. Closing browser and opening a new one&#xD;
&#xD;
2020-06-23 12:00:57 - [MESSAGE][INFO] - Starting 'Chrome' driver&#xD;
&#xD;
2020-06-23 12:00:57 - [MESSAGE][INFO] - User set preference: ['args', '[--start-maximized]']&#xD;
&#xD;
2020-06-23 12:01:08 - [MESSAGE][PASSED] - Browser is opened with url: 'preprod.imibot.ai'&#xD;
&#xD;
2020-06-23 12:01:08 - [TEST_STEP][PASSED] - maximizeWindow(): Current window maximized&#xD;
&#xD;
2020-06-23 12:01:10 - [MESSAGE][PASSED] - Current window maximized&#xD;
&#xD;
2020-06-23 12:01:10 - [TEST_STEP][PASSED] - callTestCase(findTestCase("Generic/successfulLogin_Test"), [:], STOP_ON_FAILURE): Call Test Case 'Test Cases/Generic/successfulLogin_Test' successfully&#xD;
&#xD;
2020-06-23 12:01:10 - [TEST_CASE][PASSED] - Test Cases/Generic/successfulLogin_Test: Test Cases/Generic/successfulLogin_Test&#xD;
&#xD;
2020-06-23 12:01:10 - [TEST_STEP][PASSED] - sendKeys(findTestObject("Input/username"), USERNAME): Keys 'narendra.n@imimobile.com' sent to object: 'Object Repository/Input/username'&#xD;
&#xD;
2020-06-23 12:01:13 - [MESSAGE][PASSED] - Keys 'narendra.n@imimobile.com' sent to object: 'Object Repository/Input/username'&#xD;
&#xD;
2020-06-23 12:01:13 - [TEST_STEP][PASSED] - sendKeys(findTestObject("Input/password"), PASSWORD): Keys 'Test@2020' sent to object: 'Object Repository/Input/password'&#xD;
&#xD;
2020-06-23 12:01:16 - [MESSAGE][PASSED] - Keys 'Test@2020' sent to object: 'Object Repository/Input/password'&#xD;
&#xD;
2020-06-23 12:01:16 - [TEST_STEP][PASSED] - click(findTestObject("Button/signIn")): Object: 'Object Repository/Button/signIn' is clicked on&#xD;
&#xD;
2020-06-23 12:01:18 - [MESSAGE][PASSED] - Object: 'Object Repository/Button/signIn' is clicked on&#xD;
&#xD;
2020-06-23 12:01:18 - [TEST_STEP][PASSED] - if (!(waitForElementPresent(findTestObject("Button/createBot"), 30, OPTIONAL))): Object 'Object Repository/Button/createBot' is present&#xD;
&#xD;
2020-06-23 12:01:34 - [MESSAGE][PASSED] - Object 'Object Repository/Button/createBot' is present&#xD;
&#xD;
2020-06-23 12:01:34 - [MESSAGE][PASSED] - Call Test Case 'Test Cases/Generic/successfulLogin_Test' successfully&#xD;
&#xD;
2020-06-23 12:01:34 - [TEST_STEP][PASSED] - platform.Method.navigateToBot("Task bots", TASK_BOT): platform.Method.navigateToBot is PASSED&#xD;
&#xD;
2020-06-23 12:01:35 - [MESSAGE][PASSED] - Object 'Object Repository/Button/createBot' is present&#xD;
&#xD;
2020-06-23 12:01:38 - [MESSAGE][INFO] - Performing click action on bot&#xD;
&#xD;
2020-06-23 12:01:40 - [MESSAGE][PASSED] - platform.Method.navigateToBot is PASSED&#xD;
&#xD;
2020-06-23 12:01:40 - [TEST_STEP][PASSED] - platform.Method.clickOnElement(findTestObject("Generic/training")): platform.Method.clickOnElement is PASSED&#xD;
&#xD;
2020-06-23 12:01:43 - [MESSAGE][PASSED] - platform.Method.clickOnElement is PASSED&#xD;
&#xD;
2020-06-23 12:01:43 - [TEST_STEP][PASSED] - platform.Method.trainAndComment(comment): platform.Method.trainAndComment is PASSED&#xD;
&#xD;
2020-06-23 12:01:51 - [MESSAGE][PASSED] - Keys 'downvote test' sent to object: 'Object Repository/Input/comment'&#xD;
&#xD;
2020-06-23 12:01:53 - [MESSAGE][PASSED] - platform.Method.trainAndComment is PASSED&#xD;
&#xD;
2020-06-23 12:01:53 - [TEST_STEP][PASSED] - try: Object 'Object Repository/ICONS/toastMsg' is present&#xD;
&#xD;
2020-06-23 12:01:53 - [TEST_STEP][PASSED] - verifyElementPresent(findTestObject("ICONS/toastMsg"), 20, STOP_ON_FAILURE): Object 'Object Repository/ICONS/toastMsg' is present&#xD;
&#xD;
2020-06-23 12:01:54 - [MESSAGE][PASSED] - Object 'Object Repository/ICONS/toastMsg' is present&#xD;
&#xD;
2020-06-23 12:01:54 - [TEST_STEP][PASSED] - platform.Method.clickOnElement(findTestObject("Button/preview")): platform.Method.clickOnElement is PASSED&#xD;
&#xD;
2020-06-23 12:01:56 - [MESSAGE][PASSED] - platform.Method.clickOnElement is PASSED&#xD;
&#xD;
2020-06-23 12:01:56 - [TEST_STEP][PASSED] - sendKeys(findTestObject("Input/chatInput"), Keys.chord(userQuery, ENTER)): Keys 'ENTER + I want to report for damaged product at delivery' sent to object: 'Object Repository/Input/chatInput'&#xD;
&#xD;
2020-06-23 12:02:00 - [MESSAGE][PASSED] - Keys 'ENTER + I want to report for damaged product at delivery' sent to object: 'Object Repository/Input/chatInput'&#xD;
&#xD;
2020-06-23 12:02:00 - [TEST_STEP][PASSED] - waitForElementPresent(findTestObject("Generic/botReponse", ["index":2]), 10, STOP_ON_FAILURE): Object 'Object Repository/Generic/botReponse' is present&#xD;
&#xD;
2020-06-23 12:02:03 - [MESSAGE][PASSED] - Object 'Object Repository/Generic/botReponse' is present&#xD;
&#xD;
2020-06-23 12:02:03 - [TEST_STEP][PASSED] - verifyElementText(findTestObject("Generic/botReponse", ["index":2]), botResponse, OPTIONAL): Actual text 'Please enter a product name' and expected text 'Sorry, I am unable to understand your message. Could you please rephrase it?' of test object 'Object Repository/Generic/botReponse' are NOT matched. (Root cause: com.kms.katalon.core.exception.StepFailedException: Actual text 'Please enter a product name' and expected text 'Sorry, I am unable to understand your message. Could you please rephrase it?' of test object 'Object Repository/Generic/botReponse' are NOT matched.&#xD;
	at com.kms.katalon.core.webui.keyword.internal.WebUIKeywordMain.stepFailed(WebUIKeywordMain.groovy:64)&#xD;
	at com.kms.katalon.core.webui.keyword.builtin.VerifyElementTextKeyword$_verifyElementText_closure1.doCall(VerifyElementTextKeyword.groovy:57)&#xD;
	at com.kms.katalon.core.webui.keyword.builtin.VerifyElementTextKeyword$_verifyElementText_closure1.call(VerifyElementTextKeyword.groovy)&#xD;
	at com.kms.katalon.core.webui.keyword.internal.WebUIKeywordMain.runKeyword(WebUIKeywordMain.groovy:20)&#xD;
	at com.kms.katalon.core.webui.keyword.builtin.VerifyElementTextKeyword.verifyElementText(VerifyElementTextKeyword.groovy:72)&#xD;
	at com.kms.katalon.core.webui.keyword.builtin.VerifyElementTextKeyword.execute(VerifyElementTextKeyword.groovy:40)&#xD;
	at com.kms.katalon.core.keyword.internal.KeywordExecutor.executeKeywordForPlatform(KeywordExecutor.groovy:56)&#xD;
	at com.kms.katalon.core.webui.keyword.WebUiBuiltInKeywords.verifyElementText(WebUiBuiltInKeywords.groovy:3647)&#xD;
	at com.kms.katalon.core.webui.keyword.WebUiBuiltInKeywords$verifyElementText$6.call(Unknown Source)&#xD;
	at downvoteWithComment_Test.run(downvoteWithComment_Test:39)&#xD;
	at com.kms.katalon.core.main.ScriptEngine.run(ScriptEngine.java:194)&#xD;
	at com.kms.katalon.core.main.ScriptEngine.runScriptAsRawText(ScriptEngine.java:119)&#xD;
	at com.kms.katalon.core.main.TestCaseExecutor.runScript(TestCaseExecutor.java:337)&#xD;
	at com.kms.katalon.core.main.TestCaseExecutor.doExecute(TestCaseExecutor.java:328)&#xD;
	at com.kms.katalon.core.main.TestCaseExecutor.processExecutionPhase(TestCaseExecutor.java:307)&#xD;
	at com.kms.katalon.core.main.TestCaseExecutor.accessMainPhase(TestCaseExecutor.java:299)&#xD;
	at com.kms.katalon.core.main.TestCaseExecutor.execute(TestCaseExecutor.java:233)&#xD;
	at com.kms.katalon.core.main.TestSuiteExecutor.accessTestCaseMainPhase(TestSuiteExecutor.java:169)&#xD;
	at com.kms.katalon.core.main.TestSuiteExecutor.accessTestSuiteMainPhase(TestSuiteExecutor.java:142)&#xD;
	at com.kms.katalon.core.main.TestSuiteExecutor.execute(TestSuiteExecutor.java:91)&#xD;
	at com.kms.katalon.core.main.TestCaseMain.startTestSuite(TestCaseMain.java:157)&#xD;
	at com.kms.katalon.core.main.TestCaseMain$startTestSuite$0.call(Unknown Source)&#xD;
	at TempTestSuite1592890301834.run(TempTestSuite1592890301834.groovy:35)&#xD;
)&#xD;
&#xD;
2020-06-23 12:02:07 - [MESSAGE][WARNING] - Actual text 'Please enter a product name' and expected text 'Sorry, I am unable to understand your message. Could you please rephrase it?' of test object 'Object Repository/Generic/botReponse' are NOT matched. (Root cause: com.kms.katalon.core.exception.StepFailedException: Actual text 'Please enter a product name' and expected text 'Sorry, I am unable to understand your message. Could you please rephrase it?' of test object 'Object Repository/Generic/botReponse' are NOT matched.&#xD;
	at com.kms.katalon.core.webui.keyword.internal.WebUIKeywordMain.stepFailed(WebUIKeywordMain.groovy:64)&#xD;
	at com.kms.katalon.core.webui.keyword.builtin.VerifyElementTextKeyword$_verifyElementText_closure1.doCall(VerifyElementTextKeyword.groovy:57)&#xD;
	at com.kms.katalon.core.webui.keyword.builtin.VerifyElementTextKeyword$_verifyElementText_closure1.call(VerifyElementTextKeyword.groovy)&#xD;
	at com.kms.katalon.core.webui.keyword.internal.WebUIKeywordMain.runKeyword(WebUIKeywordMain.groovy:20)&#xD;
	at com.kms.katalon.core.webui.keyword.builtin.VerifyElementTextKeyword.verifyElementText(VerifyElementTextKeyword.groovy:72)&#xD;
	at com.kms.katalon.core.webui.keyword.builtin.VerifyElementTextKeyword.execute(VerifyElementTextKeyword.groovy:40)&#xD;
	at com.kms.katalon.core.keyword.internal.KeywordExecutor.executeKeywordForPlatform(KeywordExecutor.groovy:56)&#xD;
	at com.kms.katalon.core.webui.keyword.WebUiBuiltInKeywords.verifyElementText(WebUiBuiltInKeywords.groovy:3647)&#xD;
	at com.kms.katalon.core.webui.keyword.WebUiBuiltInKeywords$verifyElementText$6.call(Unknown Source)&#xD;
	at downvoteWithComment_Test.run(downvoteWithComment_Test:39)&#xD;
	at com.kms.katalon.core.main.ScriptEngine.run(ScriptEngine.java:194)&#xD;
	at com.kms.katalon.core.main.ScriptEngine.runScriptAsRawText(ScriptEngine.java:119)&#xD;
	at com.kms.katalon.core.main.TestCaseExecutor.runScript(TestCaseExecutor.java:337)&#xD;
	at com.kms.katalon.core.main.TestCaseExecutor.doExecute(TestCaseExecutor.java:328)&#xD;
	at com.kms.katalon.core.main.TestCaseExecutor.processExecutionPhase(TestCaseExecutor.java:307)&#xD;
	at com.kms.katalon.core.main.TestCaseExecutor.accessMainPhase(TestCaseExecutor.java:299)&#xD;
	at com.kms.katalon.core.main.TestCaseExecutor.execute(TestCaseExecutor.java:233)&#xD;
	at com.kms.katalon.core.main.TestSuiteExecutor.accessTestCaseMainPhase(TestSuiteExecutor.java:169)&#xD;
	at com.kms.katalon.core.main.TestSuiteExecutor.accessTestSuiteMainPhase(TestSuiteExecutor.java:142)&#xD;
	at com.kms.katalon.core.main.TestSuiteExecutor.execute(TestSuiteExecutor.java:91)&#xD;
	at com.kms.katalon.core.main.TestCaseMain.startTestSuite(TestCaseMain.java:157)&#xD;
	at com.kms.katalon.core.main.TestCaseMain$startTestSuite$0.call(Unknown Source)&#xD;
	at TempTestSuite1592890301834.run(TempTestSuite1592890301834.groovy:35)&#xD;
)&#xD;
[[ATTACHMENT|D:\\IMIbot.ai-Project\\Reports\\20200623_110141\\Regression\\20200623_110141\\1592893925573.png]]&#xD;
&#xD;
2020-06-23 12:02:07 - [TEST_STEP][PASSED] - platform.Preview.downvoteResponseWithComment(findTestData("Data Files/testData_Task").getValue("comment", 3)): platform.Preview.downvoteResponseWithComment is PASSED&#xD;
&#xD;
2020-06-23 12:02:09 - [MESSAGE][PASSED] - Object: 'Object Repository/Button/downvote' is clicked on&#xD;
&#xD;
2020-06-23 12:02:12 - [MESSAGE][PASSED] - Keys 'Bot response is not relevant to my query' sent to object: 'Object Repository/Input/downvoteComment'&#xD;
&#xD;
2020-06-23 12:02:15 - [MESSAGE][PASSED] - platform.Preview.downvoteResponseWithComment is PASSED&#xD;
&#xD;
2020-06-23 12:02:15 - [TEST_STEP][PASSED] - getRoomIdAt = new java.util.ArrayList(): null&#xD;
&#xD;
2020-06-23 12:02:15 - [TEST_STEP][PASSED] - getRoomIdAt = platform.Utility.getRoomID(): platform.Utility.getRoomID is PASSED&#xD;
&#xD;
2020-06-23 12:02:19 - [MESSAGE][PASSED] - platform.Utility.getRoomID is PASSED&#xD;
&#xD;
2020-06-23 12:02:19 - [TEST_STEP][PASSED] - roomID = get(0).toString(): null&#xD;
&#xD;
2020-06-23 12:02:19 - [TEST_STEP][PASSED] - platform.Utility.overWriteTestData("Task bot", 1, 0, roomID): platform.Utility.overWriteTestData is PASSED&#xD;
&#xD;
2020-06-23 12:02:19 - [MESSAGE][PASSED] - platform.Utility.overWriteTestData is PASSED&#xD;
&#xD;
2020-06-23 12:02:19 - [TEST_STEP][PASSED] - platform.Method.clickOnElement(findTestObject("Generic/session")): platform.Method.clickOnElement is PASSED&#xD;
&#xD;
2020-06-23 12:02:22 - [MESSAGE][PASSED] - platform.Method.clickOnElement is PASSED&#xD;
&#xD;
2020-06-23 12:02:22 - [TEST_STEP][PASSED] - platform.Method.clickOnElement(findTestObject("GenericII/minimize")): platform.Method.clickOnElement is PASSED&#xD;
&#xD;
2020-06-23 12:02:24 - [MESSAGE][PASSED] - platform.Method.clickOnElement is PASSED&#xD;
&#xD;
2020-06-23 12:02:24 - [TEST_STEP][PASSED] - setText(findTestObject("Input/roomID", ["value":"id"]), roomID): Text '1980302' is set on object 'Object Repository/Input/roomID'&#xD;
&#xD;
2020-06-23 12:02:28 - [MESSAGE][PASSED] - Text '1980302' is set on object 'Object Repository/Input/roomID'&#xD;
&#xD;
2020-06-23 12:02:28 - [TEST_STEP][PASSED] - platform.Method.clickOnElement(findTestObject("Button/submitSession")): platform.Method.clickOnElement is PASSED&#xD;
&#xD;
2020-06-23 12:02:30 - [MESSAGE][PASSED] - platform.Method.clickOnElement is PASSED&#xD;
&#xD;
2020-06-23 12:02:30 - [TEST_STEP][PASSED] - platform.Method.clickOnElement(findTestObject("Generic/webObjectWithText", ["textValue":roomID])): platform.Method.clickOnElement is PASSED&#xD;
&#xD;
2020-06-23 12:02:32 - [MESSAGE][PASSED] - platform.Method.clickOnElement is PASSED&#xD;
&#xD;
2020-06-23 12:02:32 - [TEST_STEP][PASSED] - mouseOver(findTestObject("Generic/webObjectWithText", ["textValue":"Downvoted with comment"])): Object: 'Object Repository/Generic/webObjectWithText' is hovered&#xD;
&#xD;
2020-06-23 12:02:35 - [MESSAGE][PASSED] - Object: 'Object Repository/Generic/webObjectWithText' is hovered&#xD;
&#xD;
2020-06-23 12:02:35 - [TEST_STEP][PASSED] - verifyElementPresent(findTestObject("Generic/webObjectWithText", ["textValue":"Downvoted with comment"]), 10, STOP_ON_FAILURE): Object 'Object Repository/Generic/webObjectWithText' is present&#xD;
&#xD;
2020-06-23 12:02:36 - [MESSAGE][PASSED] - Object 'Object Repository/Generic/webObjectWithText' is present</system-out>
            <system-err></system-err>
        </testcase>
        <testcase name="Test Cases/Taskbot/oneClickTestingNoCallback_Test" classname="Test Cases/Taskbot/oneClickTestingNoCallback_Test" status="PASSED">
            <system-out>2020-06-23 12:02:36 - [TEST_CASE][PASSED] - Test Cases/Taskbot/oneClickTestingNoCallback_Test: Test Cases/Taskbot/oneClickTestingNoCallback_Test&#xD;
&#xD;
2020-06-23 12:02:36 - [TEST_STEP][PASSED] - Start listener action : setUp: Current window maximized&#xD;
&#xD;
2020-06-23 12:02:36 - [TEST_STEP][PASSED] - openBrowser(URL): Browser is opened with url: 'preprod.imibot.ai'&#xD;
&#xD;
2020-06-23 12:02:36 - [MESSAGE][WARNING] - A browser is already opened. Closing browser and opening a new one&#xD;
&#xD;
2020-06-23 12:02:38 - [MESSAGE][INFO] - Starting 'Chrome' driver&#xD;
&#xD;
2020-06-23 12:02:38 - [MESSAGE][INFO] - User set preference: ['args', '[--start-maximized]']&#xD;
&#xD;
2020-06-23 12:02:49 - [MESSAGE][PASSED] - Browser is opened with url: 'preprod.imibot.ai'&#xD;
&#xD;
2020-06-23 12:02:49 - [TEST_STEP][PASSED] - maximizeWindow(): Current window maximized&#xD;
&#xD;
2020-06-23 12:02:51 - [MESSAGE][PASSED] - Current window maximized&#xD;
&#xD;
2020-06-23 12:02:51 - [TEST_STEP][PASSED] - callTestCase(findTestCase("Generic/successfulLogin_Test"), [:], STOP_ON_FAILURE): Call Test Case 'Test Cases/Generic/successfulLogin_Test' successfully&#xD;
&#xD;
2020-06-23 12:02:52 - [TEST_CASE][PASSED] - Test Cases/Generic/successfulLogin_Test: Test Cases/Generic/successfulLogin_Test&#xD;
&#xD;
2020-06-23 12:02:52 - [TEST_STEP][PASSED] - sendKeys(findTestObject("Input/username"), USERNAME): Keys 'narendra.n@imimobile.com' sent to object: 'Object Repository/Input/username'&#xD;
&#xD;
2020-06-23 12:02:54 - [MESSAGE][PASSED] - Keys 'narendra.n@imimobile.com' sent to object: 'Object Repository/Input/username'&#xD;
&#xD;
2020-06-23 12:02:54 - [TEST_STEP][PASSED] - sendKeys(findTestObject("Input/password"), PASSWORD): Keys 'Test@2020' sent to object: 'Object Repository/Input/password'&#xD;
&#xD;
2020-06-23 12:02:57 - [MESSAGE][PASSED] - Keys 'Test@2020' sent to object: 'Object Repository/Input/password'&#xD;
&#xD;
2020-06-23 12:02:57 - [TEST_STEP][PASSED] - click(findTestObject("Button/signIn")): Object: 'Object Repository/Button/signIn' is clicked on&#xD;
&#xD;
2020-06-23 12:02:59 - [MESSAGE][PASSED] - Object: 'Object Repository/Button/signIn' is clicked on&#xD;
&#xD;
2020-06-23 12:02:59 - [TEST_STEP][PASSED] - if (!(waitForElementPresent(findTestObject("Button/createBot"), 30, OPTIONAL))): Object 'Object Repository/Button/createBot' is present&#xD;
&#xD;
2020-06-23 12:03:17 - [MESSAGE][PASSED] - Object 'Object Repository/Button/createBot' is present&#xD;
&#xD;
2020-06-23 12:03:17 - [MESSAGE][PASSED] - Call Test Case 'Test Cases/Generic/successfulLogin_Test' successfully&#xD;
&#xD;
2020-06-23 12:03:17 - [TEST_STEP][PASSED] - platform.Method.navigateToBot("Task bots", TASK_BOT): platform.Method.navigateToBot is PASSED&#xD;
&#xD;
2020-06-23 12:03:18 - [MESSAGE][PASSED] - Object 'Object Repository/Button/createBot' is present&#xD;
&#xD;
2020-06-23 12:03:20 - [MESSAGE][INFO] - Performing click action on bot&#xD;
&#xD;
2020-06-23 12:03:23 - [MESSAGE][PASSED] - platform.Method.navigateToBot is PASSED&#xD;
&#xD;
2020-06-23 12:03:23 - [TEST_STEP][PASSED] - waitForElementPresent(findTestObject("Generic/oneClickTest"), 30, OPTIONAL): Object 'Object Repository/Generic/oneClickTest' is present&#xD;
&#xD;
2020-06-23 12:03:25 - [MESSAGE][PASSED] - Object 'Object Repository/Generic/oneClickTest' is present&#xD;
&#xD;
2020-06-23 12:03:25 - [TEST_STEP][PASSED] - platform.Method.clickOnElement(findTestObject("Generic/oneClickTest")): platform.Method.clickOnElement is PASSED&#xD;
&#xD;
2020-06-23 12:03:28 - [MESSAGE][PASSED] - platform.Method.clickOnElement is PASSED&#xD;
&#xD;
2020-06-23 12:03:28 - [TEST_STEP][PASSED] - testData = findTestData("Data Files/testData_OneClickTesting"): null&#xD;
&#xD;
2020-06-23 12:03:28 - [TEST_STEP][PASSED] - verifyElementPresent(findTestObject("Toggle/oneClickCallback"), 20, STOP_ON_FAILURE): Object 'Object Repository/Toggle/oneClickCallback' is present&#xD;
&#xD;
2020-06-23 12:03:29 - [MESSAGE][PASSED] - Object 'Object Repository/Toggle/oneClickCallback' is present&#xD;
&#xD;
2020-06-23 12:03:29 - [TEST_STEP][PASSED] - verifyTextPresent("Message", false, STOP_ON_FAILURE): Text 'Message' is present on page &#xD;
&#xD;
2020-06-23 12:03:32 - [MESSAGE][PASSED] - Text 'Message' is present on page &#xD;
&#xD;
2020-06-23 12:03:32 - [TEST_STEP][PASSED] - verifyTextPresent("Expected template", false, STOP_ON_FAILURE): Text 'Expected template' is present on page &#xD;
&#xD;
2020-06-23 12:03:35 - [MESSAGE][PASSED] - Text 'Expected template' is present on page &#xD;
&#xD;
2020-06-23 12:03:35 - [TEST_STEP][PASSED] - verifyTextPresent("Reset previous context", false, STOP_ON_FAILURE): Text 'Reset previous context' is present on page &#xD;
&#xD;
2020-06-23 12:03:38 - [MESSAGE][PASSED] - Text 'Reset previous context' is present on page &#xD;
&#xD;
2020-06-23 12:03:38 - [TEST_STEP][PASSED] - platform.Method.clickOnElement(findTestObject("Button/importIcon")): platform.Method.clickOnElement is PASSED&#xD;
&#xD;
2020-06-23 12:03:40 - [MESSAGE][PASSED] - platform.Method.clickOnElement is PASSED&#xD;
&#xD;
2020-06-23 12:03:40 - [TEST_STEP][PASSED] - platform.Method.uploadCsvFile(false, uploadTaskTestCases): platform.Method.uploadCsvFile is PASSED&#xD;
&#xD;
2020-06-23 12:03:40 - [MESSAGE][INFO] - PREVIOUS DATA NOT BE OVERRIDDEN&#xD;
&#xD;
2020-06-23 12:03:42 - [MESSAGE][PASSED] - File 'D:/IMIbot.ai-Project/Collection/oneClickTaskNoCallback.csv' sent to object: 'Object Repository/Input/uploadFile'&#xD;
&#xD;
2020-06-23 12:03:45 - [MESSAGE][PASSED] - platform.Method.uploadCsvFile is PASSED&#xD;
&#xD;
2020-06-23 12:03:45 - [TEST_STEP][PASSED] - platform.Method.clickOnElement(findTestObject("Generic/updateBtn")): platform.Method.clickOnElement is PASSED&#xD;
&#xD;
2020-06-23 12:03:47 - [MESSAGE][PASSED] - platform.Method.clickOnElement is PASSED&#xD;
&#xD;
2020-06-23 12:03:47 - [TEST_STEP][PASSED] - verifyElementPresent(findTestObject("ICONS/toastMsg"), 30, STOP_ON_FAILURE): Object 'Object Repository/ICONS/toastMsg' is present&#xD;
&#xD;
2020-06-23 12:03:48 - [MESSAGE][PASSED] - Object 'Object Repository/ICONS/toastMsg' is present&#xD;
&#xD;
2020-06-23 12:03:48 - [TEST_STEP][PASSED] - platform.Method.clickOnElement(findTestObject("NewRepo2/execution")): platform.Method.clickOnElement is PASSED&#xD;
&#xD;
2020-06-23 12:03:50 - [MESSAGE][PASSED] - platform.Method.clickOnElement is PASSED&#xD;
&#xD;
2020-06-23 12:03:50 - [TEST_STEP][PASSED] - waitForElementPresent(findTestObject("Button/btnExecute"), 20, STOP_ON_FAILURE): Object 'Object Repository/Button/btnExecute' is present&#xD;
&#xD;
2020-06-23 12:03:52 - [MESSAGE][PASSED] - Object 'Object Repository/Button/btnExecute' is present&#xD;
&#xD;
2020-06-23 12:03:52 - [TEST_STEP][PASSED] - platform.Method.clickOnElement(findTestObject("Button/btnExecute")): platform.Method.clickOnElement is PASSED&#xD;
&#xD;
2020-06-23 12:03:54 - [MESSAGE][PASSED] - platform.Method.clickOnElement is PASSED&#xD;
&#xD;
2020-06-23 12:03:54 - [TEST_STEP][PASSED] - platform.Method.runOneClickTestOnLiveData(false): platform.Method.runOneClickTestOnLiveData is PASSED&#xD;
&#xD;
2020-06-23 12:03:55 - [MESSAGE][PASSED] - Object 'Object Repository/Button/btnExecute' is present&#xD;
&#xD;
2020-06-23 12:03:57 - [MESSAGE][INFO] - TEST ON TRAINED VERSION&#xD;
&#xD;
2020-06-23 12:04:00 - [MESSAGE][PASSED] - platform.Method.runOneClickTestOnLiveData is PASSED&#xD;
&#xD;
2020-06-23 12:04:00 - [TEST_STEP][PASSED] - waitForElementVisible(findTestObject("Generic/testSummary", ["status":"summery-status-completed"]), 90, STOP_ON_FAILURE): Object 'Object Repository/Generic/testSummary' is visible&#xD;
&#xD;
2020-06-23 12:04:10 - [MESSAGE][PASSED] - Object 'Object Repository/Generic/testSummary' is visible&#xD;
&#xD;
2020-06-23 12:04:10 - [TEST_STEP][PASSED] - testResults = platform.Utility.storeTestCaseStatus(): platform.Utility.storeTestCaseStatus is PASSED&#xD;
&#xD;
2020-06-23 12:04:27 - [MESSAGE][PASSED] - platform.Utility.storeTestCaseStatus is PASSED&#xD;
&#xD;
2020-06-23 12:04:27 - [TEST_STEP][PASSED] - for ([count = 0, count &lt; testResults.size(), (count++)]): **** PASSED ****&#xD;
&#xD;
2020-06-23 12:04:27 - [TEST_STEP][PASSED] - assert toString().contentEquals(testData.getValue(testDataColumn, count + 1)) == true: null&#xD;
&#xD;
2020-06-23 12:04:27 - [TEST_STEP][PASSED] - markPassed("**** PASSED ****"): **** PASSED ****&#xD;
&#xD;
2020-06-23 12:04:27 - [MESSAGE][PASSED] - **** PASSED ****&#xD;
&#xD;
2020-06-23 12:04:27 - [TEST_STEP][PASSED] - assert toString().contentEquals(testData.getValue(testDataColumn, count + 1)) == true: null&#xD;
&#xD;
2020-06-23 12:04:27 - [TEST_STEP][PASSED] - markPassed("**** PASSED ****"): **** PASSED ****&#xD;
&#xD;
2020-06-23 12:04:27 - [MESSAGE][PASSED] - **** PASSED ****&#xD;
&#xD;
2020-06-23 12:04:27 - [TEST_STEP][PASSED] - assert toString().contentEquals(testData.getValue(testDataColumn, count + 1)) == true: null&#xD;
&#xD;
2020-06-23 12:04:27 - [TEST_STEP][PASSED] - markPassed("**** PASSED ****"): **** PASSED ****&#xD;
&#xD;
2020-06-23 12:04:27 - [MESSAGE][PASSED] - **** PASSED ****&#xD;
&#xD;
2020-06-23 12:04:27 - [TEST_STEP][PASSED] - assert toString().contentEquals(testData.getValue(testDataColumn, count + 1)) == true: null&#xD;
&#xD;
2020-06-23 12:04:27 - [TEST_STEP][PASSED] - markPassed("**** PASSED ****"): **** PASSED ****&#xD;
&#xD;
2020-06-23 12:04:27 - [MESSAGE][PASSED] - **** PASSED ****&#xD;
&#xD;
2020-06-23 12:04:27 - [TEST_STEP][PASSED] - assert toString().contentEquals(testData.getValue(testDataColumn, count + 1)) == true: null&#xD;
&#xD;
2020-06-23 12:04:27 - [TEST_STEP][PASSED] - markPassed("**** PASSED ****"): **** PASSED ****&#xD;
&#xD;
2020-06-23 12:04:27 - [MESSAGE][PASSED] - **** PASSED ****&#xD;
&#xD;
2020-06-23 12:04:27 - [TEST_STEP][PASSED] - verifyTextPresent("Status", false, STOP_ON_FAILURE): Text 'Status' is present on page &#xD;
&#xD;
2020-06-23 12:04:30 - [MESSAGE][PASSED] - Text 'Status' is present on page &#xD;
&#xD;
2020-06-23 12:04:30 - [TEST_STEP][PASSED] - verifyTextPresent("Utterance", false, STOP_ON_FAILURE): Text 'Utterance' is present on page &#xD;
&#xD;
2020-06-23 12:04:32 - [MESSAGE][PASSED] - Text 'Utterance' is present on page &#xD;
&#xD;
2020-06-23 12:04:32 - [TEST_STEP][PASSED] - verifyTextPresent("Expected template", false, STOP_ON_FAILURE): Text 'Expected template' is present on page &#xD;
&#xD;
2020-06-23 12:04:35 - [MESSAGE][PASSED] - Text 'Expected template' is present on page &#xD;
&#xD;
2020-06-23 12:04:35 - [TEST_STEP][PASSED] - verifyTextPresent("Actual template", false, STOP_ON_FAILURE): Text 'Actual template' is present on page &#xD;
&#xD;
2020-06-23 12:04:37 - [MESSAGE][PASSED] - Text 'Actual template' is present on page &#xD;
&#xD;
2020-06-23 12:04:37 - [TEST_STEP][PASSED] - verifyTextPresent("Room ID", false, STOP_ON_FAILURE): Text 'Room ID' is present on page &#xD;
&#xD;
2020-06-23 12:04:40 - [MESSAGE][PASSED] - Text 'Room ID' is present on page &#xD;
&#xD;
2020-06-23 12:04:40 - [TEST_STEP][PASSED] - verifyTextPresent("Actions", false, STOP_ON_FAILURE): Text 'Actions' is present on page &#xD;
&#xD;
2020-06-23 12:04:42 - [MESSAGE][PASSED] - Text 'Actions' is present on page &#xD;
&#xD;
2020-06-23 12:04:42 - [TEST_STEP][PASSED] - platform.Method.clickOnElement(findTestObject("ICONS/action", ["index":3])): platform.Method.clickOnElement is PASSED&#xD;
&#xD;
2020-06-23 12:04:45 - [MESSAGE][PASSED] - platform.Method.clickOnElement is PASSED&#xD;
&#xD;
2020-06-23 12:04:45 - [TEST_STEP][PASSED] - platform.Method.clickOnElement(findTestObject("Button/btnOptionsInOneClickTesting", ["btnValue":"Transaction details"])): platform.Method.clickOnElement is PASSED&#xD;
&#xD;
2020-06-23 12:04:47 - [MESSAGE][PASSED] - platform.Method.clickOnElement is PASSED&#xD;
&#xD;
2020-06-23 12:04:47 - [TEST_STEP][PASSED] - verifyElementPresent(findTestObject("NewRepo2/sessionWindow"), 20, STOP_ON_FAILURE): Object 'Object Repository/NewRepo2/sessionWindow' is present&#xD;
&#xD;
2020-06-23 12:04:48 - [MESSAGE][PASSED] - Object 'Object Repository/NewRepo2/sessionWindow' is present&#xD;
&#xD;
2020-06-23 12:04:48 - [TEST_STEP][PASSED] - platform.Method.clickOnElement(findTestObject("GenericII/closePopup")): platform.Method.clickOnElement is PASSED&#xD;
&#xD;
2020-06-23 12:04:50 - [MESSAGE][PASSED] - platform.Method.clickOnElement is PASSED&#xD;
&#xD;
2020-06-23 12:04:50 - [TEST_STEP][PASSED] - waitForElementPresent(findTestObject("Generic/logic"), 20, OPTIONAL): Object 'Object Repository/Generic/logic' is not present after 20 second(s)&#xD;
&#xD;
2020-06-23 12:05:12 - [MESSAGE][INFO] - Unable to find the element located by 'By.xpath: //*[@data-cy = 'sidebar-logic']'. Please recheck the objects properties to make sure the desired element is located. &#xD;
&#xD;
2020-06-23 12:05:12 - [MESSAGE][WARNING] - Object 'Object Repository/Generic/logic' is not present after 20 second(s)</system-out>
            <system-err></system-err>
        </testcase>
        <testcase name="Test Cases/Taskbot/createNewIntentCuration_Test" classname="Test Cases/Taskbot/createNewIntentCuration_Test" status="PASSED">
            <system-out>2020-06-23 12:05:12 - [TEST_CASE][PASSED] - Test Cases/Taskbot/createNewIntentCuration_Test: Test Cases/Taskbot/createNewIntentCuration_Test&#xD;
&#xD;
2020-06-23 12:05:12 - [TEST_STEP][PASSED] - Start listener action : setUp: Current window maximized&#xD;
&#xD;
2020-06-23 12:05:12 - [TEST_STEP][PASSED] - openBrowser(URL): Browser is opened with url: 'preprod.imibot.ai'&#xD;
&#xD;
2020-06-23 12:05:12 - [MESSAGE][WARNING] - A browser is already opened. Closing browser and opening a new one&#xD;
&#xD;
2020-06-23 12:05:14 - [MESSAGE][INFO] - Starting 'Chrome' driver&#xD;
&#xD;
2020-06-23 12:05:14 - [MESSAGE][INFO] - User set preference: ['args', '[--start-maximized]']&#xD;
&#xD;
2020-06-23 12:05:25 - [MESSAGE][PASSED] - Browser is opened with url: 'preprod.imibot.ai'&#xD;
&#xD;
2020-06-23 12:05:25 - [TEST_STEP][PASSED] - maximizeWindow(): Current window maximized&#xD;
&#xD;
2020-06-23 12:05:27 - [MESSAGE][PASSED] - Current window maximized&#xD;
&#xD;
2020-06-23 12:05:27 - [TEST_STEP][PASSED] - callTestCase(findTestCase("Generic/successfulLogin_Test"), [:], STOP_ON_FAILURE): Call Test Case 'Test Cases/Generic/successfulLogin_Test' successfully&#xD;
&#xD;
2020-06-23 12:05:27 - [TEST_CASE][PASSED] - Test Cases/Generic/successfulLogin_Test: Test Cases/Generic/successfulLogin_Test&#xD;
&#xD;
2020-06-23 12:05:27 - [TEST_STEP][PASSED] - sendKeys(findTestObject("Input/username"), USERNAME): Keys 'narendra.n@imimobile.com' sent to object: 'Object Repository/Input/username'&#xD;
&#xD;
2020-06-23 12:05:30 - [MESSAGE][PASSED] - Keys 'narendra.n@imimobile.com' sent to object: 'Object Repository/Input/username'&#xD;
&#xD;
2020-06-23 12:05:30 - [TEST_STEP][PASSED] - sendKeys(findTestObject("Input/password"), PASSWORD): Keys 'Test@2020' sent to object: 'Object Repository/Input/password'&#xD;
&#xD;
2020-06-23 12:05:33 - [MESSAGE][PASSED] - Keys 'Test@2020' sent to object: 'Object Repository/Input/password'&#xD;
&#xD;
2020-06-23 12:05:33 - [TEST_STEP][PASSED] - click(findTestObject("Button/signIn")): Object: 'Object Repository/Button/signIn' is clicked on&#xD;
&#xD;
2020-06-23 12:05:35 - [MESSAGE][PASSED] - Object: 'Object Repository/Button/signIn' is clicked on&#xD;
&#xD;
2020-06-23 12:05:35 - [TEST_STEP][PASSED] - if (!(waitForElementPresent(findTestObject("Button/createBot"), 30, OPTIONAL))): Object 'Object Repository/Button/createBot' is present&#xD;
&#xD;
2020-06-23 12:05:53 - [MESSAGE][PASSED] - Object 'Object Repository/Button/createBot' is present&#xD;
&#xD;
2020-06-23 12:05:53 - [MESSAGE][PASSED] - Call Test Case 'Test Cases/Generic/successfulLogin_Test' successfully&#xD;
&#xD;
2020-06-23 12:05:53 - [TEST_STEP][PASSED] - platform.Method.navigateToBot("Task bots", TASK_BOT): platform.Method.navigateToBot is PASSED&#xD;
&#xD;
2020-06-23 12:05:54 - [MESSAGE][PASSED] - Object 'Object Repository/Button/createBot' is present&#xD;
&#xD;
2020-06-23 12:05:57 - [MESSAGE][INFO] - Performing click action on bot&#xD;
&#xD;
2020-06-23 12:05:59 - [MESSAGE][PASSED] - platform.Method.navigateToBot is PASSED&#xD;
&#xD;
2020-06-23 12:05:59 - [TEST_STEP][PASSED] - testData = findTestData("Data Files/testData_Task"): null&#xD;
&#xD;
2020-06-23 12:05:59 - [TEST_STEP][PASSED] - platform.Method.clickOnElement(findTestObject("Generic/curation")): platform.Method.clickOnElement is PASSED&#xD;
&#xD;
2020-06-23 12:06:03 - [MESSAGE][PASSED] - platform.Method.clickOnElement is PASSED&#xD;
&#xD;
2020-06-23 12:06:03 - [TEST_STEP][PASSED] - platform.Method.clickOnElement(findTestObject("Generic/webObjectWithText", ["textValue":"Issues"])): platform.Method.clickOnElement is PASSED&#xD;
&#xD;
2020-06-23 12:06:06 - [MESSAGE][PASSED] - platform.Method.clickOnElement is PASSED&#xD;
&#xD;
2020-06-23 12:06:06 - [TEST_STEP][PASSED] - sendKeys(findTestObject("Input/roomID", ["value":"room_id"]), testData.getValue("room_id", 1)): Keys '1980302' sent to object: 'Object Repository/Input/roomID'&#xD;
&#xD;
2020-06-23 12:06:09 - [MESSAGE][PASSED] - Keys '1980302' sent to object: 'Object Repository/Input/roomID'&#xD;
&#xD;
2020-06-23 12:06:09 - [TEST_STEP][PASSED] - platform.Method.toClickOnWebElement(findTestObject("Button/filter")): platform.Method.toClickOnWebElement is PASSED&#xD;
&#xD;
2020-06-23 12:06:11 - [MESSAGE][PASSED] - Object: 'Object Repository/Button/filter' is clicked on&#xD;
&#xD;
2020-06-23 12:06:11 - [MESSAGE][PASSED] - platform.Method.toClickOnWebElement is PASSED&#xD;
&#xD;
2020-06-23 12:06:11 - [TEST_STEP][PASSED] - verifyElementPresent(findTestObject("ICONS/downvote"), 10, STOP_ON_FAILURE): Object 'Object Repository/ICONS/downvote' is present&#xD;
&#xD;
2020-06-23 12:06:12 - [MESSAGE][PASSED] - Object 'Object Repository/ICONS/downvote' is present&#xD;
&#xD;
2020-06-23 12:06:12 - [TEST_STEP][PASSED] - platform.Method.toClickOnWebElement(findTestObject("Button/addToNewIntent")): platform.Method.toClickOnWebElement is PASSED&#xD;
&#xD;
2020-06-23 12:06:15 - [MESSAGE][PASSED] - Object: 'Object Repository/Button/addToNewIntent' is clicked on&#xD;
&#xD;
2020-06-23 12:06:15 - [MESSAGE][PASSED] - platform.Method.toClickOnWebElement is PASSED&#xD;
&#xD;
2020-06-23 12:06:15 - [TEST_STEP][PASSED] - verifyElementText(findTestObject("Generic/header"), "Create intent", STOP_ON_FAILURE): Actual text and expected text of test object 'Object Repository/Generic/header' are matched.&#xD;
&#xD;
2020-06-23 12:06:17 - [MESSAGE][PASSED] - Actual text and expected text of test object 'Object Repository/Generic/header' are matched.&#xD;
&#xD;
2020-06-23 12:06:17 - [TEST_STEP][PASSED] - sendKeys(findTestObject("Input/intentName"), testData.getValue("intent_name", 4)): Keys 'report_complain' sent to object: 'Object Repository/Input/intentName'&#xD;
&#xD;
2020-06-23 12:06:20 - [MESSAGE][PASSED] - Keys 'report_complain' sent to object: 'Object Repository/Input/intentName'&#xD;
&#xD;
2020-06-23 12:06:20 - [TEST_STEP][PASSED] - platform.Method.clickOnElement(findTestObject("Slots/linkEntity")): platform.Method.clickOnElement is PASSED&#xD;
&#xD;
2020-06-23 12:06:22 - [MESSAGE][PASSED] - platform.Method.clickOnElement is PASSED&#xD;
&#xD;
2020-06-23 12:06:22 - [TEST_STEP][PASSED] - platform.Method.clickOnElement(findTestObject("Generic/webObjectWithText", ["textValue":"order_id"])): platform.Method.clickOnElement is PASSED&#xD;
&#xD;
2020-06-23 12:06:24 - [MESSAGE][PASSED] - platform.Method.clickOnElement is PASSED&#xD;
&#xD;
2020-06-23 12:06:24 - [TEST_STEP][PASSED] - check(findTestObject("Slots/checkbox", ["rowValue":1])): Object 'Object Repository/Slots/checkbox' is checked&#xD;
&#xD;
2020-06-23 12:06:28 - [MESSAGE][PASSED] - Object 'Object Repository/Slots/checkbox' is checked&#xD;
&#xD;
2020-06-23 12:06:28 - [TEST_STEP][PASSED] - setText(findTestObject("Slots/retries", ["rowValue":1]), "2"): Text '2' is set on object 'Object Repository/Slots/retries'&#xD;
&#xD;
2020-06-23 12:06:31 - [MESSAGE][PASSED] - Text '2' is set on object 'Object Repository/Slots/retries'&#xD;
&#xD;
2020-06-23 12:06:31 - [TEST_STEP][PASSED] - setText(findTestObject("Slots/templateKey", ["rowValue":1]), testData.getValue("missing_entity", 2)): Text 'missing_order_id' is set on object 'Object Repository/Slots/templateKey'&#xD;
&#xD;
2020-06-23 12:06:35 - [MESSAGE][PASSED] - Text 'missing_order_id' is set on object 'Object Repository/Slots/templateKey'&#xD;
&#xD;
2020-06-23 12:06:35 - [TEST_STEP][PASSED] - platform.Training.createInstantResponse(findTestData("Data Files/testData_Task").getValue("missing_entity", 2), testData.getValue("missing_entity_default_text", 2)): platform.Training.createInstantResponse is PASSED&#xD;
&#xD;
2020-06-23 12:06:40 - [MESSAGE][PASSED] - Keys 'missing_order_id' sent to object: 'Object Repository/NewRepo2/templateKeyPopUp'&#xD;
&#xD;
2020-06-23 12:06:43 - [MESSAGE][PASSED] - Keys 'Please enter your order id' sent to object: 'Object Repository/NewRepo2/templateResponsePopUp'&#xD;
&#xD;
2020-06-23 12:06:46 - [MESSAGE][PASSED] - platform.Training.createInstantResponse is PASSED&#xD;
&#xD;
2020-06-23 12:06:46 - [TEST_STEP][PASSED] - platform.Method.clickOnElement(findTestObject("Generic/webObjectWithText", ["textValue":testData.getValue("missing_entity", 2)])): platform.Method.clickOnElement is PASSED&#xD;
&#xD;
2020-06-23 12:06:48 - [MESSAGE][PASSED] - platform.Method.clickOnElement is PASSED&#xD;
&#xD;
2020-06-23 12:06:48 - [TEST_STEP][PASSED] - sendKeys(findTestObject("Input/finalTempKey"), testData.getValue("final_template", 2)): Keys 'regret_message' sent to object: 'Object Repository/Input/finalTempKey'&#xD;
&#xD;
2020-06-23 12:06:51 - [MESSAGE][PASSED] - Keys 'regret_message' sent to object: 'Object Repository/Input/finalTempKey'&#xD;
&#xD;
2020-06-23 12:06:51 - [TEST_STEP][PASSED] - platform.Training.createInstantResponse(findTestData("Data Files/testData_Task").getValue("missing_entity", 3), testData.getValue("missing_entity_default_text", 3)): platform.Training.createInstantResponse is PASSED&#xD;
&#xD;
2020-06-23 12:06:56 - [MESSAGE][PASSED] - Keys 'regret_message' sent to object: 'Object Repository/NewRepo2/templateKeyPopUp'&#xD;
&#xD;
2020-06-23 12:07:00 - [MESSAGE][PASSED] - Keys 'Sorry for the inconvenience caused. We are escalating your request. An agent will be assigned to you shortly.' sent to object: 'Object Repository/NewRepo2/templateResponsePopUp'&#xD;
&#xD;
2020-06-23 12:07:03 - [MESSAGE][PASSED] - platform.Training.createInstantResponse is PASSED&#xD;
&#xD;
2020-06-23 12:07:03 - [TEST_STEP][PASSED] - platform.Method.clickOnElement(findTestObject("Button/save", ["value":" Save "])): platform.Method.clickOnElement is PASSED&#xD;
&#xD;
2020-06-23 12:07:05 - [MESSAGE][PASSED] - platform.Method.clickOnElement is PASSED&#xD;
&#xD;
2020-06-23 12:07:05 - [TEST_STEP][PASSED] - platform.Method.trainAndComment(testData.getValue("comment", 4)): platform.Method.trainAndComment is PASSED&#xD;
&#xD;
2020-06-23 12:07:14 - [MESSAGE][PASSED] - Keys 'complain intent created' sent to object: 'Object Repository/Input/comment'&#xD;
&#xD;
2020-06-23 12:07:16 - [MESSAGE][PASSED] - platform.Method.trainAndComment is PASSED&#xD;
&#xD;
2020-06-23 12:07:16 - [TEST_STEP][PASSED] - verifyElementPresent(findTestObject("ICONS/toastMsg"), 20, STOP_ON_FAILURE): Object 'Object Repository/ICONS/toastMsg' is present&#xD;
&#xD;
2020-06-23 12:07:17 - [MESSAGE][PASSED] - Object 'Object Repository/ICONS/toastMsg' is present&#xD;
&#xD;
2020-06-23 12:07:17 - [TEST_STEP][PASSED] - platform.Method.clickOnElement(findTestObject("Button/preview")): platform.Method.clickOnElement is PASSED&#xD;
&#xD;
2020-06-23 12:07:20 - [MESSAGE][PASSED] - platform.Method.clickOnElement is PASSED&#xD;
&#xD;
2020-06-23 12:07:20 - [TEST_STEP][PASSED] - sendKeys(findTestObject("Input/chatInput"), Keys.chord(userQuery, ENTER)): Keys 'ENTER + report for damaged product' sent to object: 'Object Repository/Input/chatInput'&#xD;
&#xD;
2020-06-23 12:07:23 - [MESSAGE][PASSED] - Keys 'ENTER + report for damaged product' sent to object: 'Object Repository/Input/chatInput'&#xD;
&#xD;
2020-06-23 12:07:23 - [TEST_STEP][PASSED] - delay(2): Delayed 2 second(s)&#xD;
&#xD;
2020-06-23 12:07:25 - [MESSAGE][PASSED] - Delayed 2 second(s)&#xD;
&#xD;
2020-06-23 12:07:25 - [TEST_STEP][PASSED] - verifyElementText(findTestObject("GenericII/getBotResponse", ["index":2]), testData.getValue("missing_entity_default_text", 2), STOP_ON_FAILURE): Actual text and expected text of test object 'Object Repository/GenericII/getBotResponse' are matched.&#xD;
&#xD;
2020-06-23 12:07:27 - [MESSAGE][PASSED] - Actual text and expected text of test object 'Object Repository/GenericII/getBotResponse' are matched.&#xD;
&#xD;
2020-06-23 12:07:27 - [TEST_STEP][PASSED] - sendKeys(findTestObject("Input/chatInput"), Keys.chord("00001234", ENTER)): Keys 'ENTER + 00001234' sent to object: 'Object Repository/Input/chatInput'&#xD;
&#xD;
2020-06-23 12:07:29 - [MESSAGE][PASSED] - Keys 'ENTER + 00001234' sent to object: 'Object Repository/Input/chatInput'&#xD;
&#xD;
2020-06-23 12:07:29 - [TEST_STEP][PASSED] - verifyElementText(findTestObject("GenericII/getBotResponse", ["index":3]), testData.getValue("missing_entity_default_text", 3), STOP_ON_FAILURE): Actual text and expected text of test object 'Object Repository/GenericII/getBotResponse' are matched.&#xD;
&#xD;
2020-06-23 12:07:32 - [MESSAGE][PASSED] - Actual text and expected text of test object 'Object Repository/GenericII/getBotResponse' are matched.&#xD;
&#xD;
2020-06-23 12:07:32 - [TEST_STEP][PASSED] - platform.Method.clickOnElement(findTestObject("Button/upvote")): platform.Method.clickOnElement is PASSED&#xD;
&#xD;
2020-06-23 12:07:34 - [MESSAGE][PASSED] - platform.Method.clickOnElement is PASSED</system-out>
            <system-err></system-err>
        </testcase>
        <testcase name="Test Cases/Taskbot/agentHandover_Test" classname="Test Cases/Taskbot/agentHandover_Test" status="PASSED">
            <system-out>2020-06-23 12:07:34 - [TEST_CASE][PASSED] - Test Cases/Taskbot/agentHandover_Test: Test Cases/Taskbot/agentHandover_Test&#xD;
&#xD;
2020-06-23 12:07:34 - [TEST_STEP][PASSED] - Start listener action : setUp: Current window maximized&#xD;
&#xD;
2020-06-23 12:07:34 - [TEST_STEP][PASSED] - openBrowser(URL): Browser is opened with url: 'preprod.imibot.ai'&#xD;
&#xD;
2020-06-23 12:07:34 - [MESSAGE][WARNING] - A browser is already opened. Closing browser and opening a new one&#xD;
&#xD;
2020-06-23 12:07:36 - [MESSAGE][INFO] - Starting 'Chrome' driver&#xD;
&#xD;
2020-06-23 12:07:36 - [MESSAGE][INFO] - User set preference: ['args', '[--start-maximized]']&#xD;
&#xD;
2020-06-23 12:07:47 - [MESSAGE][PASSED] - Browser is opened with url: 'preprod.imibot.ai'&#xD;
&#xD;
2020-06-23 12:07:47 - [TEST_STEP][PASSED] - maximizeWindow(): Current window maximized&#xD;
&#xD;
2020-06-23 12:07:49 - [MESSAGE][PASSED] - Current window maximized&#xD;
&#xD;
2020-06-23 12:07:50 - [TEST_STEP][PASSED] - callTestCase(findTestCase("Generic/successfulLogin_Test"), [:], STOP_ON_FAILURE): Call Test Case 'Test Cases/Generic/successfulLogin_Test' successfully&#xD;
&#xD;
2020-06-23 12:07:50 - [TEST_CASE][PASSED] - Test Cases/Generic/successfulLogin_Test: Test Cases/Generic/successfulLogin_Test&#xD;
&#xD;
2020-06-23 12:07:50 - [TEST_STEP][PASSED] - sendKeys(findTestObject("Input/username"), USERNAME): Keys 'narendra.n@imimobile.com' sent to object: 'Object Repository/Input/username'&#xD;
&#xD;
2020-06-23 12:07:53 - [MESSAGE][PASSED] - Keys 'narendra.n@imimobile.com' sent to object: 'Object Repository/Input/username'&#xD;
&#xD;
2020-06-23 12:07:53 - [TEST_STEP][PASSED] - sendKeys(findTestObject("Input/password"), PASSWORD): Keys 'Test@2020' sent to object: 'Object Repository/Input/password'&#xD;
&#xD;
2020-06-23 12:07:55 - [MESSAGE][PASSED] - Keys 'Test@2020' sent to object: 'Object Repository/Input/password'&#xD;
&#xD;
2020-06-23 12:07:55 - [TEST_STEP][PASSED] - click(findTestObject("Button/signIn")): Object: 'Object Repository/Button/signIn' is clicked on&#xD;
&#xD;
2020-06-23 12:07:57 - [MESSAGE][PASSED] - Object: 'Object Repository/Button/signIn' is clicked on&#xD;
&#xD;
2020-06-23 12:07:57 - [TEST_STEP][PASSED] - if (!(waitForElementPresent(findTestObject("Button/createBot"), 30, OPTIONAL))): Object 'Object Repository/Button/createBot' is present&#xD;
&#xD;
2020-06-23 12:08:13 - [MESSAGE][PASSED] - Object 'Object Repository/Button/createBot' is present&#xD;
&#xD;
2020-06-23 12:08:13 - [MESSAGE][PASSED] - Call Test Case 'Test Cases/Generic/successfulLogin_Test' successfully&#xD;
&#xD;
2020-06-23 12:08:13 - [TEST_STEP][PASSED] - platform.Method.navigateToBot("Task bots", TASK_BOT): platform.Method.navigateToBot is PASSED&#xD;
&#xD;
2020-06-23 12:08:15 - [MESSAGE][PASSED] - Object 'Object Repository/Button/createBot' is present&#xD;
&#xD;
2020-06-23 12:08:17 - [MESSAGE][INFO] - Performing click action on bot&#xD;
&#xD;
2020-06-23 12:08:19 - [MESSAGE][PASSED] - platform.Method.navigateToBot is PASSED&#xD;
&#xD;
2020-06-23 12:08:19 - [TEST_STEP][PASSED] - testData = findTestData("Data Files/testData_Task"): null&#xD;
&#xD;
2020-06-23 12:08:20 - [TEST_STEP][PASSED] - platform.Method.clickOnElement(findTestObject("Generic/webObjectWithText", ["textValue":"Handover and Inference"])): platform.Method.clickOnElement is PASSED&#xD;
&#xD;
2020-06-23 12:08:24 - [MESSAGE][PASSED] - platform.Method.clickOnElement is PASSED&#xD;
&#xD;
2020-06-23 12:08:24 - [TEST_STEP][PASSED] - platform.Method.clickOnElement(findTestObject("Toggle/enableFallback")): platform.Method.clickOnElement is PASSED&#xD;
&#xD;
2020-06-23 12:08:27 - [MESSAGE][PASSED] - platform.Method.clickOnElement is PASSED&#xD;
&#xD;
2020-06-23 12:08:27 - [TEST_STEP][PASSED] - setText(findTestObject("Input/fallback"), testData.getValue("handover_value", 1)): Text '2' is set on object 'Object Repository/Input/fallback'&#xD;
&#xD;
2020-06-23 12:08:30 - [MESSAGE][PASSED] - Text '2' is set on object 'Object Repository/Input/fallback'&#xD;
&#xD;
2020-06-23 12:08:30 - [TEST_STEP][PASSED] - platform.Method.clickOnElement(findTestObject("Toggle/enablePartialMatch")): platform.Method.clickOnElement is PASSED&#xD;
&#xD;
2020-06-23 12:08:33 - [MESSAGE][PASSED] - platform.Method.clickOnElement is PASSED&#xD;
&#xD;
2020-06-23 12:08:33 - [TEST_STEP][PASSED] - setText(findTestObject("Input/partialMatch"), testData.getValue("handover_value", 1)): Text '2' is set on object 'Object Repository/Input/partialMatch'&#xD;
&#xD;
2020-06-23 12:08:36 - [MESSAGE][PASSED] - Text '2' is set on object 'Object Repository/Input/partialMatch'&#xD;
&#xD;
2020-06-23 12:08:36 - [TEST_STEP][PASSED] - platform.Method.clickOnElement(findTestObject("Toggle/retries")): platform.Method.clickOnElement is PASSED&#xD;
&#xD;
2020-06-23 12:08:39 - [MESSAGE][PASSED] - platform.Method.clickOnElement is PASSED&#xD;
&#xD;
2020-06-23 12:08:39 - [TEST_STEP][PASSED] - platform.Method.clickOnElement(findTestObject("Button/updateBot")): platform.Method.clickOnElement is PASSED&#xD;
&#xD;
2020-06-23 12:08:41 - [MESSAGE][PASSED] - platform.Method.clickOnElement is PASSED&#xD;
&#xD;
2020-06-23 12:08:41 - [TEST_STEP][PASSED] - verifyElementPresent(findTestObject("ICONS/toastMsg"), 20, STOP_ON_FAILURE): Object 'Object Repository/ICONS/toastMsg' is present&#xD;
&#xD;
2020-06-23 12:08:45 - [MESSAGE][PASSED] - Object 'Object Repository/ICONS/toastMsg' is present&#xD;
&#xD;
2020-06-23 12:08:45 - [TEST_STEP][PASSED] - platform.Method.clickOnElement(findTestObject("Generic/session")): platform.Method.clickOnElement is PASSED&#xD;
&#xD;
2020-06-23 12:08:48 - [MESSAGE][PASSED] - platform.Method.clickOnElement is PASSED&#xD;
&#xD;
2020-06-23 12:08:48 - [TEST_STEP][PASSED] - platform.Method.clickOnElement(findTestObject("Button/preview")): platform.Method.clickOnElement is PASSED&#xD;
&#xD;
2020-06-23 12:08:50 - [MESSAGE][PASSED] - platform.Method.clickOnElement is PASSED&#xD;
&#xD;
2020-06-23 12:08:50 - [TEST_STEP][PASSED] - for ([count = 1, count &lt;= Integer.parseInt(testData.getValue("handover_value", 1)), (count++)]): Object 'Object Repository/GenericII/getBotResponse' is present&#xD;
&#xD;
2020-06-23 12:08:50 - [TEST_STEP][PASSED] - sendKeys(findTestObject("Input/chatInput"), Keys.chord(userQuery, ENTER)): Keys 'ENTER + IH-98/26, Katalon area' sent to object: 'Object Repository/Input/chatInput'&#xD;
&#xD;
2020-06-23 12:08:54 - [MESSAGE][PASSED] - Keys 'ENTER + IH-98/26, Katalon area' sent to object: 'Object Repository/Input/chatInput'&#xD;
&#xD;
2020-06-23 12:08:54 - [TEST_STEP][PASSED] - verifyElementPresent(findTestObject("GenericII/getBotResponse", ["index":count + 1]), 15, OPTIONAL): Object 'Object Repository/GenericII/getBotResponse' is present&#xD;
&#xD;
2020-06-23 12:08:55 - [MESSAGE][PASSED] - Object 'Object Repository/GenericII/getBotResponse' is present&#xD;
&#xD;
2020-06-23 12:08:55 - [TEST_STEP][PASSED] - sendKeys(findTestObject("Input/chatInput"), Keys.chord(userQuery, ENTER)): Keys 'ENTER + IH-98/26, Katalon area' sent to object: 'Object Repository/Input/chatInput'&#xD;
&#xD;
2020-06-23 12:08:58 - [MESSAGE][PASSED] - Keys 'ENTER + IH-98/26, Katalon area' sent to object: 'Object Repository/Input/chatInput'&#xD;
&#xD;
2020-06-23 12:08:58 - [TEST_STEP][PASSED] - verifyElementPresent(findTestObject("GenericII/getBotResponse", ["index":count + 1]), 15, OPTIONAL): Object 'Object Repository/GenericII/getBotResponse' is present&#xD;
&#xD;
2020-06-23 12:08:59 - [MESSAGE][PASSED] - Object 'Object Repository/GenericII/getBotResponse' is present&#xD;
&#xD;
2020-06-23 12:08:59 - [TEST_STEP][PASSED] - verifyElementText(findTestObject("GenericII/getBotResponse", ["index":4]), agentHandover, STOP_ON_FAILURE): Actual text and expected text of test object 'Object Repository/GenericII/getBotResponse' are matched.&#xD;
&#xD;
2020-06-23 12:09:01 - [MESSAGE][PASSED] - Actual text and expected text of test object 'Object Repository/GenericII/getBotResponse' are matched.&#xD;
&#xD;
2020-06-23 12:09:01 - [TEST_STEP][PASSED] - roomID = new java.util.ArrayList(): null&#xD;
&#xD;
2020-06-23 12:09:01 - [TEST_STEP][PASSED] - roomID = platform.Utility.getRoomID(): platform.Utility.getRoomID is PASSED&#xD;
&#xD;
2020-06-23 12:09:06 - [MESSAGE][PASSED] - platform.Utility.getRoomID is PASSED&#xD;
&#xD;
2020-06-23 12:09:06 - [TEST_STEP][PASSED] - platform.Method.clickOnElement(findTestObject("GenericII/minimize")): platform.Method.clickOnElement is PASSED&#xD;
&#xD;
2020-06-23 12:09:08 - [MESSAGE][PASSED] - platform.Method.clickOnElement is PASSED&#xD;
&#xD;
2020-06-23 12:09:08 - [TEST_STEP][PASSED] - platform.Session.searchByRoomMetaData("Agent handover happened"): platform.Session.searchByRoomMetaData is PASSED&#xD;
&#xD;
2020-06-23 12:09:12 - [MESSAGE][PASSED] - platform.Session.searchByRoomMetaData is PASSED&#xD;
&#xD;
2020-06-23 12:09:12 - [TEST_STEP][PASSED] - verifyTextPresent(get(0).toString(), false, STOP_ON_FAILURE): Text '1980306' is present on page &#xD;
&#xD;
2020-06-23 12:09:16 - [MESSAGE][PASSED] - Text '1980306' is present on page &#xD;
&#xD;
2020-06-23 12:09:16 - [TEST_STEP][PASSED] - platform.Method.clickOnElement(findTestObject("Button/clear")): platform.Method.clickOnElement is PASSED&#xD;
&#xD;
2020-06-23 12:09:18 - [MESSAGE][PASSED] - platform.Method.clickOnElement is PASSED&#xD;
&#xD;
2020-06-23 12:09:18 - [TEST_STEP][PASSED] - platform.Method.clickOnElement(findTestObject("Button/preview")): platform.Method.clickOnElement is PASSED&#xD;
&#xD;
2020-06-23 12:09:20 - [MESSAGE][PASSED] - platform.Method.clickOnElement is PASSED&#xD;
&#xD;
2020-06-23 12:09:20 - [TEST_STEP][PASSED] - for ([count = 1, count &lt;= Integer.parseInt(testData.getValue("handover_value", 1)) + 1, (count++)]): null&#xD;
&#xD;
2020-06-23 12:09:20 - [TEST_STEP][PASSED] - sendKeys(findTestObject("Input/chatInput"), Keys.chord(retry, ENTER)): Keys 'ENTER + Delivery service in chennai' sent to object: 'Object Repository/Input/chatInput'&#xD;
&#xD;
2020-06-23 12:09:24 - [MESSAGE][PASSED] - Keys 'ENTER + Delivery service in chennai' sent to object: 'Object Repository/Input/chatInput'&#xD;
&#xD;
2020-06-23 12:09:24 - [TEST_STEP][PASSED] - verifyElementPresent(findTestObject("GenericII/getBotResponse", ["index":count + 1]), 15, OPTIONAL): Object 'Object Repository/GenericII/getBotResponse' is present&#xD;
&#xD;
2020-06-23 12:09:25 - [MESSAGE][PASSED] - Object 'Object Repository/GenericII/getBotResponse' is present&#xD;
&#xD;
2020-06-23 12:09:25 - [TEST_STEP][PASSED] - if (count == 3): null&#xD;
&#xD;
2020-06-23 12:09:25 - [TEST_STEP][PASSED] - verifyElementText(findTestObject("GenericII/getBotResponse", ["index":count + 1]), testData.getValue("missing_entity_default_text", 1), STOP_ON_FAILURE): Actual text and expected text of test object 'Object Repository/GenericII/getBotResponse' are matched.&#xD;
&#xD;
2020-06-23 12:09:27 - [MESSAGE][PASSED] - Actual text and expected text of test object 'Object Repository/GenericII/getBotResponse' are matched.&#xD;
&#xD;
2020-06-23 12:09:27 - [TEST_STEP][PASSED] - sendKeys(findTestObject("Input/chatInput"), Keys.chord(retry, ENTER)): Keys 'ENTER + Delivery service in chennai' sent to object: 'Object Repository/Input/chatInput'&#xD;
&#xD;
2020-06-23 12:09:30 - [MESSAGE][PASSED] - Keys 'ENTER + Delivery service in chennai' sent to object: 'Object Repository/Input/chatInput'&#xD;
&#xD;
2020-06-23 12:09:30 - [TEST_STEP][PASSED] - verifyElementPresent(findTestObject("GenericII/getBotResponse", ["index":count + 1]), 15, OPTIONAL): Object 'Object Repository/GenericII/getBotResponse' is present&#xD;
&#xD;
2020-06-23 12:09:31 - [MESSAGE][PASSED] - Object 'Object Repository/GenericII/getBotResponse' is present&#xD;
&#xD;
2020-06-23 12:09:31 - [TEST_STEP][PASSED] - if (count == 3): null&#xD;
&#xD;
2020-06-23 12:09:31 - [TEST_STEP][PASSED] - verifyElementText(findTestObject("GenericII/getBotResponse", ["index":count + 1]), testData.getValue("missing_entity_default_text", 1), STOP_ON_FAILURE): Actual text and expected text of test object 'Object Repository/GenericII/getBotResponse' are matched.&#xD;
&#xD;
2020-06-23 12:09:33 - [MESSAGE][PASSED] - Actual text and expected text of test object 'Object Repository/GenericII/getBotResponse' are matched.&#xD;
&#xD;
2020-06-23 12:09:33 - [TEST_STEP][PASSED] - sendKeys(findTestObject("Input/chatInput"), Keys.chord(retry, ENTER)): Keys 'ENTER + Delivery service in chennai' sent to object: 'Object Repository/Input/chatInput'&#xD;
&#xD;
2020-06-23 12:09:36 - [MESSAGE][PASSED] - Keys 'ENTER + Delivery service in chennai' sent to object: 'Object Repository/Input/chatInput'&#xD;
&#xD;
2020-06-23 12:09:36 - [TEST_STEP][PASSED] - verifyElementPresent(findTestObject("GenericII/getBotResponse", ["index":count + 1]), 15, OPTIONAL): Object 'Object Repository/GenericII/getBotResponse' is present&#xD;
&#xD;
2020-06-23 12:09:38 - [MESSAGE][PASSED] - Object 'Object Repository/GenericII/getBotResponse' is present&#xD;
&#xD;
2020-06-23 12:09:38 - [TEST_STEP][PASSED] - if (count == 3): null&#xD;
&#xD;
2020-06-23 12:09:38 - [TEST_STEP][PASSED] - break: null&#xD;
&#xD;
2020-06-23 12:09:38 - [TEST_STEP][PASSED] - newRoomID = new java.util.ArrayList(): null&#xD;
&#xD;
2020-06-23 12:09:38 - [TEST_STEP][PASSED] - newRoomID = platform.Utility.getRoomID(): platform.Utility.getRoomID is PASSED&#xD;
&#xD;
2020-06-23 12:09:43 - [MESSAGE][PASSED] - platform.Utility.getRoomID is PASSED&#xD;
&#xD;
2020-06-23 12:09:43 - [TEST_STEP][PASSED] - platform.Method.clickOnElement(findTestObject("GenericII/minimize")): platform.Method.clickOnElement is PASSED&#xD;
&#xD;
2020-06-23 12:09:45 - [MESSAGE][PASSED] - platform.Method.clickOnElement is PASSED&#xD;
&#xD;
2020-06-23 12:09:45 - [TEST_STEP][PASSED] - platform.Session.searchByRoomID(get(0).toString()): platform.Session.searchByRoomID is PASSED&#xD;
&#xD;
2020-06-23 12:09:49 - [MESSAGE][PASSED] - Text '1980307' is set on object 'Object Repository/Input/roomID'&#xD;
&#xD;
2020-06-23 12:09:51 - [MESSAGE][PASSED] - platform.Session.searchByRoomID is PASSED&#xD;
&#xD;
2020-06-23 12:09:51 - [TEST_STEP][PASSED] - verifyElementPresent(findTestObject("ICONS/sendToAgent"), 10, STOP_ON_FAILURE): Object 'Object Repository/ICONS/sendToAgent' is present&#xD;
&#xD;
2020-06-23 12:09:53 - [MESSAGE][PASSED] - Object 'Object Repository/ICONS/sendToAgent' is present</system-out>
            <system-err></system-err>
        </testcase>
        <testcase name="Test Cases/Taskbot/explictAgentHandover_Test" classname="Test Cases/Taskbot/explictAgentHandover_Test" status="PASSED">
            <system-out>2020-06-23 12:09:53 - [TEST_CASE][PASSED] - Test Cases/Taskbot/explictAgentHandover_Test: Test Cases/Taskbot/explictAgentHandover_Test&#xD;
&#xD;
2020-06-23 12:09:53 - [TEST_STEP][PASSED] - Start listener action : setUp: Current window maximized&#xD;
&#xD;
2020-06-23 12:09:53 - [TEST_STEP][PASSED] - openBrowser(URL): Browser is opened with url: 'preprod.imibot.ai'&#xD;
&#xD;
2020-06-23 12:09:53 - [MESSAGE][WARNING] - A browser is already opened. Closing browser and opening a new one&#xD;
&#xD;
2020-06-23 12:09:55 - [MESSAGE][INFO] - Starting 'Chrome' driver&#xD;
&#xD;
2020-06-23 12:09:55 - [MESSAGE][INFO] - User set preference: ['args', '[--start-maximized]']&#xD;
&#xD;
2020-06-23 12:10:10 - [MESSAGE][PASSED] - Browser is opened with url: 'preprod.imibot.ai'&#xD;
&#xD;
2020-06-23 12:10:10 - [TEST_STEP][PASSED] - maximizeWindow(): Current window maximized&#xD;
&#xD;
2020-06-23 12:10:12 - [MESSAGE][PASSED] - Current window maximized&#xD;
&#xD;
2020-06-23 12:10:12 - [TEST_STEP][PASSED] - callTestCase(findTestCase("Generic/successfulLogin_Test"), [:], STOP_ON_FAILURE): Call Test Case 'Test Cases/Generic/successfulLogin_Test' successfully&#xD;
&#xD;
2020-06-23 12:10:12 - [TEST_CASE][PASSED] - Test Cases/Generic/successfulLogin_Test: Test Cases/Generic/successfulLogin_Test&#xD;
&#xD;
2020-06-23 12:10:12 - [TEST_STEP][PASSED] - sendKeys(findTestObject("Input/username"), USERNAME): Keys 'narendra.n@imimobile.com' sent to object: 'Object Repository/Input/username'&#xD;
&#xD;
2020-06-23 12:10:15 - [MESSAGE][PASSED] - Keys 'narendra.n@imimobile.com' sent to object: 'Object Repository/Input/username'&#xD;
&#xD;
2020-06-23 12:10:15 - [TEST_STEP][PASSED] - sendKeys(findTestObject("Input/password"), PASSWORD): Keys 'Test@2020' sent to object: 'Object Repository/Input/password'&#xD;
&#xD;
2020-06-23 12:10:18 - [MESSAGE][PASSED] - Keys 'Test@2020' sent to object: 'Object Repository/Input/password'&#xD;
&#xD;
2020-06-23 12:10:18 - [TEST_STEP][PASSED] - click(findTestObject("Button/signIn")): Object: 'Object Repository/Button/signIn' is clicked on&#xD;
&#xD;
2020-06-23 12:10:20 - [MESSAGE][PASSED] - Object: 'Object Repository/Button/signIn' is clicked on&#xD;
&#xD;
2020-06-23 12:10:20 - [TEST_STEP][PASSED] - if (!(waitForElementPresent(findTestObject("Button/createBot"), 30, OPTIONAL))): Object 'Object Repository/Button/createBot' is present&#xD;
&#xD;
2020-06-23 12:10:37 - [MESSAGE][PASSED] - Object 'Object Repository/Button/createBot' is present&#xD;
&#xD;
2020-06-23 12:10:37 - [MESSAGE][PASSED] - Call Test Case 'Test Cases/Generic/successfulLogin_Test' successfully&#xD;
&#xD;
2020-06-23 12:10:37 - [TEST_STEP][PASSED] - platform.Method.navigateToBot("Task bots", TASK_BOT): platform.Method.navigateToBot is PASSED&#xD;
&#xD;
2020-06-23 12:10:39 - [MESSAGE][PASSED] - Object 'Object Repository/Button/createBot' is present&#xD;
&#xD;
2020-06-23 12:10:41 - [MESSAGE][INFO] - Performing click action on bot&#xD;
&#xD;
2020-06-23 12:10:44 - [MESSAGE][PASSED] - platform.Method.navigateToBot is PASSED&#xD;
&#xD;
2020-06-23 12:10:44 - [TEST_STEP][PASSED] - platform.Method.clickOnElement(findTestObject("Generic/training")): platform.Method.clickOnElement is PASSED&#xD;
&#xD;
2020-06-23 12:10:49 - [MESSAGE][PASSED] - platform.Method.clickOnElement is PASSED&#xD;
&#xD;
2020-06-23 12:10:49 - [TEST_STEP][PASSED] - testData = findTestData("Data Files/testData_Task"): null&#xD;
&#xD;
2020-06-23 12:10:49 - [TEST_STEP][PASSED] - platform.Training.addMultipleUtterance(testData, "handover_utterance"): platform.Training.addMultipleUtterance is PASSED&#xD;
&#xD;
2020-06-23 12:10:52 - [MESSAGE][PASSED] - Object: 'Object Repository/Button/createIntent' is clicked on&#xD;
&#xD;
2020-06-23 12:10:55 - [MESSAGE][PASSED] - Keys 'talk to an agent' sent to object: 'Object Repository/Input/utterance'&#xD;
&#xD;
2020-06-23 12:10:57 - [MESSAGE][PASSED] - Object: 'Object Repository/Button/addUtterance' is clicked on&#xD;
&#xD;
2020-06-23 12:11:02 - [MESSAGE][PASSED] - Delayed 5 second(s)&#xD;
&#xD;
2020-06-23 12:11:05 - [MESSAGE][PASSED] - Keys 'connect me to human' sent to object: 'Object Repository/Input/utterance'&#xD;
&#xD;
2020-06-23 12:11:07 - [MESSAGE][PASSED] - Object: 'Object Repository/Button/addUtterance' is clicked on&#xD;
&#xD;
2020-06-23 12:11:12 - [MESSAGE][PASSED] - Delayed 5 second(s)&#xD;
&#xD;
2020-06-23 12:11:15 - [MESSAGE][PASSED] - Keys 'Could you please help me' sent to object: 'Object Repository/Input/utterance'&#xD;
&#xD;
2020-06-23 12:11:17 - [MESSAGE][PASSED] - Object: 'Object Repository/Button/addUtterance' is clicked on&#xD;
&#xD;
2020-06-23 12:11:22 - [MESSAGE][PASSED] - Delayed 5 second(s)&#xD;
&#xD;
2020-06-23 12:11:22 - [MESSAGE][PASSED] - platform.Training.addMultipleUtterance is PASSED&#xD;
&#xD;
2020-06-23 12:11:22 - [TEST_STEP][PASSED] - sendKeys(findTestObject("Input/intentName"), testData.getValue("intent_name", 5)): Keys 'agent_handover' sent to object: 'Object Repository/Input/intentName'&#xD;
&#xD;
2020-06-23 12:11:25 - [MESSAGE][PASSED] - Keys 'agent_handover' sent to object: 'Object Repository/Input/intentName'&#xD;
&#xD;
2020-06-23 12:11:25 - [TEST_STEP][PASSED] - sendKeys(findTestObject("Input/finalTempKey"), "Agent handover"): Keys 'Agent handover' sent to object: 'Object Repository/Input/finalTempKey'&#xD;
&#xD;
2020-06-23 12:11:27 - [MESSAGE][PASSED] - Keys 'Agent handover' sent to object: 'Object Repository/Input/finalTempKey'&#xD;
&#xD;
2020-06-23 12:11:27 - [TEST_STEP][PASSED] - platform.Method.clickOnElement(findTestObject("Generic/webObjectWithText", ["textValue":"Agent handover"])): platform.Method.clickOnElement is PASSED&#xD;
&#xD;
2020-06-23 12:11:30 - [MESSAGE][PASSED] - platform.Method.clickOnElement is PASSED&#xD;
&#xD;
2020-06-23 12:11:30 - [TEST_STEP][PASSED] - platform.Method.clickOnElement(findTestObject("Button/save", ["value":" Save "])): platform.Method.clickOnElement is PASSED&#xD;
&#xD;
2020-06-23 12:11:32 - [MESSAGE][PASSED] - platform.Method.clickOnElement is PASSED&#xD;
&#xD;
2020-06-23 12:11:32 - [TEST_STEP][PASSED] - verifyElementText(findTestObject("Generic/header"), "agent_handover", STOP_ON_FAILURE): Actual text and expected text of test object 'Object Repository/Generic/header' are matched.&#xD;
&#xD;
2020-06-23 12:11:34 - [MESSAGE][PASSED] - Actual text and expected text of test object 'Object Repository/Generic/header' are matched.&#xD;
&#xD;
2020-06-23 12:11:34 - [TEST_STEP][PASSED] - platform.Method.clickOnElement(findTestObject("NewRepo/intentGoBack")): platform.Method.clickOnElement is PASSED&#xD;
&#xD;
2020-06-23 12:11:37 - [MESSAGE][PASSED] - platform.Method.clickOnElement is PASSED&#xD;
&#xD;
2020-06-23 12:11:37 - [TEST_STEP][PASSED] - platform.Method.trainAndComment(testData.getValue("comment", 5)): platform.Method.trainAndComment is PASSED&#xD;
&#xD;
2020-06-23 12:11:44 - [MESSAGE][PASSED] - Keys 'explicit handover to agent intent created' sent to object: 'Object Repository/Input/comment'&#xD;
&#xD;
2020-06-23 12:11:46 - [MESSAGE][PASSED] - platform.Method.trainAndComment is PASSED&#xD;
&#xD;
2020-06-23 12:11:46 - [TEST_STEP][PASSED] - verifyElementPresent(findTestObject("ICONS/toastMsg"), 20, STOP_ON_FAILURE): Object 'Object Repository/ICONS/toastMsg' is present&#xD;
&#xD;
2020-06-23 12:11:48 - [MESSAGE][PASSED] - Object 'Object Repository/ICONS/toastMsg' is present&#xD;
&#xD;
2020-06-23 12:11:48 - [TEST_STEP][PASSED] - platform.Method.clickOnElement(findTestObject("Button/preview")): platform.Method.clickOnElement is PASSED&#xD;
&#xD;
2020-06-23 12:11:50 - [MESSAGE][PASSED] - platform.Method.clickOnElement is PASSED&#xD;
&#xD;
2020-06-23 12:11:50 - [TEST_STEP][PASSED] - sendKeys(findTestObject("Input/chatInput"), Keys.chord("connect me to agent", ENTER)): Keys 'ENTER + connect me to agent' sent to object: 'Object Repository/Input/chatInput'&#xD;
&#xD;
2020-06-23 12:11:53 - [MESSAGE][PASSED] - Keys 'ENTER + connect me to agent' sent to object: 'Object Repository/Input/chatInput'&#xD;
&#xD;
2020-06-23 12:11:53 - [TEST_STEP][PASSED] - verifyElementPresent(findTestObject("GenericII/getBotResponse", ["index":2]), 20, STOP_ON_FAILURE): Object 'Object Repository/GenericII/getBotResponse' is present&#xD;
&#xD;
2020-06-23 12:11:55 - [MESSAGE][PASSED] - Object 'Object Repository/GenericII/getBotResponse' is present&#xD;
&#xD;
2020-06-23 12:11:55 - [TEST_STEP][PASSED] - verifyElementText(findTestObject("GenericII/getBotResponse", ["index":2]), botResponse, STOP_ON_FAILURE): Actual text and expected text of test object 'Object Repository/GenericII/getBotResponse' are matched.&#xD;
&#xD;
2020-06-23 12:11:57 - [MESSAGE][PASSED] - Actual text and expected text of test object 'Object Repository/GenericII/getBotResponse' are matched.&#xD;
&#xD;
2020-06-23 12:11:57 - [TEST_STEP][PASSED] - platform.Method.clickOnElement(findTestObject("Button/preview")): platform.Method.clickOnElement is PASSED&#xD;
&#xD;
2020-06-23 12:11:59 - [MESSAGE][PASSED] - platform.Method.clickOnElement is PASSED&#xD;
&#xD;
2020-06-23 12:11:59 - [TEST_STEP][PASSED] - for ([count = 1, count &lt; 3, (count++)]): Object 'Object Repository/GenericII/getBotResponse' is present&#xD;
&#xD;
2020-06-23 12:11:59 - [TEST_STEP][PASSED] - sendKeys(findTestObject("Input/chatInput"), Keys.chord("Could you please help me", ENTER)): Keys 'ENTER + Could you please help me' sent to object: 'Object Repository/Input/chatInput'&#xD;
&#xD;
2020-06-23 12:12:02 - [MESSAGE][PASSED] - Keys 'ENTER + Could you please help me' sent to object: 'Object Repository/Input/chatInput'&#xD;
&#xD;
2020-06-23 12:12:02 - [TEST_STEP][PASSED] - verifyElementPresent(findTestObject("GenericII/getBotResponse", ["index":count + 1]), 20, OPTIONAL): Object 'Object Repository/GenericII/getBotResponse' is present&#xD;
&#xD;
2020-06-23 12:12:04 - [MESSAGE][PASSED] - Object 'Object Repository/GenericII/getBotResponse' is present&#xD;
&#xD;
2020-06-23 12:12:04 - [TEST_STEP][PASSED] - sendKeys(findTestObject("Input/chatInput"), Keys.chord("Could you please help me", ENTER)): Keys 'ENTER + Could you please help me' sent to object: 'Object Repository/Input/chatInput'&#xD;
&#xD;
2020-06-23 12:12:07 - [MESSAGE][PASSED] - Keys 'ENTER + Could you please help me' sent to object: 'Object Repository/Input/chatInput'&#xD;
&#xD;
2020-06-23 12:12:07 - [TEST_STEP][PASSED] - verifyElementPresent(findTestObject("GenericII/getBotResponse", ["index":count + 1]), 20, OPTIONAL): Object 'Object Repository/GenericII/getBotResponse' is present&#xD;
&#xD;
2020-06-23 12:12:08 - [MESSAGE][PASSED] - Object 'Object Repository/GenericII/getBotResponse' is present&#xD;
&#xD;
2020-06-23 12:12:08 - [TEST_STEP][PASSED] - verifyElementText(findTestObject("GenericII/getBotResponse", ["index":4]), botResponse, STOP_ON_FAILURE): Actual text and expected text of test object 'Object Repository/GenericII/getBotResponse' are matched.&#xD;
&#xD;
2020-06-23 12:12:11 - [MESSAGE][PASSED] - Actual text and expected text of test object 'Object Repository/GenericII/getBotResponse' are matched.&#xD;
&#xD;
2020-06-23 12:12:11 - [TEST_STEP][PASSED] - roomID = new java.util.ArrayList(): null&#xD;
&#xD;
2020-06-23 12:12:11 - [TEST_STEP][PASSED] - roomID = platform.Utility.getRoomID(): platform.Utility.getRoomID is PASSED&#xD;
&#xD;
2020-06-23 12:12:16 - [MESSAGE][PASSED] - platform.Utility.getRoomID is PASSED&#xD;
&#xD;
2020-06-23 12:12:16 - [TEST_STEP][PASSED] - platform.Method.clickOnElement(findTestObject("GenericII/minimize")): platform.Method.clickOnElement is PASSED&#xD;
&#xD;
2020-06-23 12:12:18 - [MESSAGE][PASSED] - platform.Method.clickOnElement is PASSED&#xD;
&#xD;
2020-06-23 12:12:18 - [TEST_STEP][PASSED] - platform.Method.clickOnElement(findTestObject("Generic/curation")): platform.Method.clickOnElement is PASSED&#xD;
&#xD;
2020-06-23 12:12:21 - [MESSAGE][PASSED] - platform.Method.clickOnElement is PASSED&#xD;
&#xD;
2020-06-23 12:12:21 - [TEST_STEP][PASSED] - platform.Method.clickOnElement(findTestObject("Generic/webObjectWithText", ["textValue":"Agent handover"])): platform.Method.clickOnElement is PASSED&#xD;
&#xD;
2020-06-23 12:12:25 - [MESSAGE][PASSED] - platform.Method.clickOnElement is PASSED&#xD;
&#xD;
2020-06-23 12:12:25 - [TEST_STEP][PASSED] - sendKeys(findTestObject("Input/roomID", ["value":"room_id"]), get(0).toString()): Keys '1980309' sent to object: 'Object Repository/Input/roomID'&#xD;
&#xD;
2020-06-23 12:12:28 - [MESSAGE][PASSED] - Keys '1980309' sent to object: 'Object Repository/Input/roomID'&#xD;
&#xD;
2020-06-23 12:12:28 - [TEST_STEP][PASSED] - platform.Method.toClickOnWebElement(findTestObject("Button/filter")): platform.Method.toClickOnWebElement is PASSED&#xD;
&#xD;
2020-06-23 12:12:30 - [MESSAGE][PASSED] - Object: 'Object Repository/Button/filter' is clicked on&#xD;
&#xD;
2020-06-23 12:12:30 - [MESSAGE][PASSED] - platform.Method.toClickOnWebElement is PASSED&#xD;
&#xD;
2020-06-23 12:12:30 - [TEST_STEP][PASSED] - verifyTextPresent(get(0).toString(), false, STOP_ON_FAILURE): Text '1980309' is present on page &#xD;
&#xD;
2020-06-23 12:12:33 - [MESSAGE][PASSED] - Text '1980309' is present on page</system-out>
            <system-err></system-err>
        </testcase>
        <testcase name="Test Cases/Taskbot/partialMatchResponseConfiguration_Test" classname="Test Cases/Taskbot/partialMatchResponseConfiguration_Test" status="FAILED">
            <failure type="FAILED" message="Test Cases/Taskbot/partialMatchResponseConfiguration_Test FAILED.&#xA;Reason:&#xA;com.kms.katalon.core.exception.StepFailedException: Verify element text of test object 'Object Repository/GenericII/getBotResponse' FAILED.&#xD;&#xA;&#x9;at com.kms.katalon.core.webui.keyword.internal.WebUIKeywordMain.stepFailed(WebUIKeywordMain.groovy:64)&#xD;&#xA;&#x9;at com.kms.katalon.core.webui.keyword.internal.WebUIKeywordMain.runKeyword(WebUIKeywordMain.groovy:26)&#xD;&#xA;&#x9;at com.kms.katalon.core.webui.keyword.builtin.VerifyElementTextKeyword.verifyElementText(VerifyElementTextKeyword.groovy:72)&#xD;&#xA;&#x9;at com.kms.katalon.core.webui.keyword.builtin.VerifyElementTextKeyword.execute(VerifyElementTextKeyword.groovy:40)&#xD;&#xA;&#x9;at com.kms.katalon.core.keyword.internal.KeywordExecutor.executeKeywordForPlatform(KeywordExecutor.groovy:56)&#xD;&#xA;&#x9;at com.kms.katalon.core.webui.keyword.WebUiBuiltInKeywords.verifyElementText(WebUiBuiltInKeywords.groovy:3647)&#xD;&#xA;&#x9;at com.kms.katalon.core.webui.keyword.WebUiBuiltInKeywords$verifyElementText$6.call(Unknown Source)&#xD;&#xA;&#x9;at partialMatchResponseConfiguration_Test.run(partialMatchResponseConfiguration_Test:55)&#xD;&#xA;&#x9;at com.kms.katalon.core.main.ScriptEngine.run(ScriptEngine.java:194)&#xD;&#xA;&#x9;at com.kms.katalon.core.main.ScriptEngine.runScriptAsRawText(ScriptEngine.java:119)&#xD;&#xA;&#x9;at com.kms.katalon.core.main.TestCaseExecutor.runScript(TestCaseExecutor.java:337)&#xD;&#xA;&#x9;at com.kms.katalon.core.main.TestCaseExecutor.doExecute(TestCaseExecutor.java:328)&#xD;&#xA;&#x9;at com.kms.katalon.core.main.TestCaseExecutor.processExecutionPhase(TestCaseExecutor.java:307)&#xD;&#xA;&#x9;at com.kms.katalon.core.main.TestCaseExecutor.accessMainPhase(TestCaseExecutor.java:299)&#xD;&#xA;&#x9;at com.kms.katalon.core.main.TestCaseExecutor.execute(TestCaseExecutor.java:233)&#xD;&#xA;&#x9;at com.kms.katalon.core.main.TestSuiteExecutor.accessTestCaseMainPhase(TestSuiteExecutor.java:169)&#xD;&#xA;&#x9;at com.kms.katalon.core.main.TestSuiteExecutor.accessTestSuiteMainPhase(TestSuiteExecutor.java:142)&#xD;&#xA;&#x9;at com.kms.katalon.core.main.TestSuiteExecutor.execute(TestSuiteExecutor.java:91)&#xD;&#xA;&#x9;at com.kms.katalon.core.main.TestCaseMain.startTestSuite(TestCaseMain.java:157)&#xD;&#xA;&#x9;at com.kms.katalon.core.main.TestCaseMain$startTestSuite$0.call(Unknown Source)&#xD;&#xA;&#x9;at TempTestSuite1592890301834.run(TempTestSuite1592890301834.groovy:35)&#xD;&#xA;Caused by: com.kms.katalon.core.exception.StepFailedException: Actual text 'Hey, this is one of the sample intents which can be recognised. Intents are the user scenarios or flows which the bot can complete, while entities are the parameter which are required to complete and intent. Go ahead and configure a new intent to get started.' and expected text 'Sorry but I'm unable to comprehend your intent. Following are the list of relevant intent to your query, please select one if you find it similar to what you are looking for.' of test object 'Object Repository/GenericII/getBotResponse' are NOT matched.&#xD;&#xA;&#x9;at com.kms.katalon.core.webui.keyword.internal.WebUIKeywordMain.stepFailed(WebUIKeywordMain.groovy:64)&#xD;&#xA;&#x9;at com.kms.katalon.core.webui.keyword.builtin.VerifyElementTextKeyword$_verifyElementText_closure1.doCall(VerifyElementTextKeyword.groovy:57)&#xD;&#xA;&#x9;at com.kms.katalon.core.webui.keyword.builtin.VerifyElementTextKeyword$_verifyElementText_closure1.call(VerifyElementTextKeyword.groovy)&#xD;&#xA;&#x9;at com.kms.katalon.core.webui.keyword.internal.WebUIKeywordMain.runKeyword(WebUIKeywordMain.groovy:20)&#xD;&#xA;&#x9;... 19 more&#xD;&#xA;"/>
            <system-out>2020-06-23 12:12:33 - [TEST_CASE][FAILED] - Test Cases/Taskbot/partialMatchResponseConfiguration_Test: Test Cases/Taskbot/partialMatchResponseConfiguration_Test FAILED.
Reason:
com.kms.katalon.core.exception.StepFailedException: Verify element text of test object 'Object Repository/GenericII/getBotResponse' FAILED.&#xD;
	at com.kms.katalon.core.webui.keyword.internal.WebUIKeywordMain.stepFailed(WebUIKeywordMain.groovy:64)&#xD;
	at com.kms.katalon.core.webui.keyword.internal.WebUIKeywordMain.runKeyword(WebUIKeywordMain.groovy:26)&#xD;
	at com.kms.katalon.core.webui.keyword.builtin.VerifyElementTextKeyword.verifyElementText(VerifyElementTextKeyword.groovy:72)&#xD;
	at com.kms.katalon.core.webui.keyword.builtin.VerifyElementTextKeyword.execute(VerifyElementTextKeyword.groovy:40)&#xD;
	at com.kms.katalon.core.keyword.internal.KeywordExecutor.executeKeywordForPlatform(KeywordExecutor.groovy:56)&#xD;
	at com.kms.katalon.core.webui.keyword.WebUiBuiltInKeywords.verifyElementText(WebUiBuiltInKeywords.groovy:3647)&#xD;
	at com.kms.katalon.core.webui.keyword.WebUiBuiltInKeywords$verifyElementText$6.call(Unknown Source)&#xD;
	at partialMatchResponseConfiguration_Test.run(partialMatchResponseConfiguration_Test:55)&#xD;
	at com.kms.katalon.core.main.ScriptEngine.run(ScriptEngine.java:194)&#xD;
	at com.kms.katalon.core.main.ScriptEngine.runScriptAsRawText(ScriptEngine.java:119)&#xD;
	at com.kms.katalon.core.main.TestCaseExecutor.runScript(TestCaseExecutor.java:337)&#xD;
	at com.kms.katalon.core.main.TestCaseExecutor.doExecute(TestCaseExecutor.java:328)&#xD;
	at com.kms.katalon.core.main.TestCaseExecutor.processExecutionPhase(TestCaseExecutor.java:307)&#xD;
	at com.kms.katalon.core.main.TestCaseExecutor.accessMainPhase(TestCaseExecutor.java:299)&#xD;
	at com.kms.katalon.core.main.TestCaseExecutor.execute(TestCaseExecutor.java:233)&#xD;
	at com.kms.katalon.core.main.TestSuiteExecutor.accessTestCaseMainPhase(TestSuiteExecutor.java:169)&#xD;
	at com.kms.katalon.core.main.TestSuiteExecutor.accessTestSuiteMainPhase(TestSuiteExecutor.java:142)&#xD;
	at com.kms.katalon.core.main.TestSuiteExecutor.execute(TestSuiteExecutor.java:91)&#xD;
	at com.kms.katalon.core.main.TestCaseMain.startTestSuite(TestCaseMain.java:157)&#xD;
	at com.kms.katalon.core.main.TestCaseMain$startTestSuite$0.call(Unknown Source)&#xD;
	at TempTestSuite1592890301834.run(TempTestSuite1592890301834.groovy:35)&#xD;
Caused by: com.kms.katalon.core.exception.StepFailedException: Actual text 'Hey, this is one of the sample intents which can be recognised. Intents are the user scenarios or flows which the bot can complete, while entities are the parameter which are required to complete and intent. Go ahead and configure a new intent to get started.' and expected text 'Sorry but I'm unable to comprehend your intent. Following are the list of relevant intent to your query, please select one if you find it similar to what you are looking for.' of test object 'Object Repository/GenericII/getBotResponse' are NOT matched.&#xD;
	at com.kms.katalon.core.webui.keyword.internal.WebUIKeywordMain.stepFailed(WebUIKeywordMain.groovy:64)&#xD;
	at com.kms.katalon.core.webui.keyword.builtin.VerifyElementTextKeyword$_verifyElementText_closure1.doCall(VerifyElementTextKeyword.groovy:57)&#xD;
	at com.kms.katalon.core.webui.keyword.builtin.VerifyElementTextKeyword$_verifyElementText_closure1.call(VerifyElementTextKeyword.groovy)&#xD;
	at com.kms.katalon.core.webui.keyword.internal.WebUIKeywordMain.runKeyword(WebUIKeywordMain.groovy:20)&#xD;
	... 19 more&#xD;
&#xD;
&#xD;
2020-06-23 12:12:33 - [TEST_STEP][PASSED] - Start listener action : setUp: Current window maximized&#xD;
&#xD;
2020-06-23 12:12:33 - [TEST_STEP][PASSED] - openBrowser(URL): Browser is opened with url: 'preprod.imibot.ai'&#xD;
&#xD;
2020-06-23 12:12:33 - [MESSAGE][WARNING] - A browser is already opened. Closing browser and opening a new one&#xD;
&#xD;
2020-06-23 12:12:35 - [MESSAGE][INFO] - Starting 'Chrome' driver&#xD;
&#xD;
2020-06-23 12:12:35 - [MESSAGE][INFO] - User set preference: ['args', '[--start-maximized]']&#xD;
&#xD;
2020-06-23 12:12:46 - [MESSAGE][PASSED] - Browser is opened with url: 'preprod.imibot.ai'&#xD;
&#xD;
2020-06-23 12:12:46 - [TEST_STEP][PASSED] - maximizeWindow(): Current window maximized&#xD;
&#xD;
2020-06-23 12:12:48 - [MESSAGE][PASSED] - Current window maximized&#xD;
&#xD;
2020-06-23 12:12:48 - [TEST_STEP][PASSED] - callTestCase(findTestCase("Generic/successfulLogin_Test"), [:], STOP_ON_FAILURE): Call Test Case 'Test Cases/Generic/successfulLogin_Test' successfully&#xD;
&#xD;
2020-06-23 12:12:48 - [TEST_CASE][PASSED] - Test Cases/Generic/successfulLogin_Test: Test Cases/Generic/successfulLogin_Test&#xD;
&#xD;
2020-06-23 12:12:48 - [TEST_STEP][PASSED] - sendKeys(findTestObject("Input/username"), USERNAME): Keys 'narendra.n@imimobile.com' sent to object: 'Object Repository/Input/username'&#xD;
&#xD;
2020-06-23 12:12:51 - [MESSAGE][PASSED] - Keys 'narendra.n@imimobile.com' sent to object: 'Object Repository/Input/username'&#xD;
&#xD;
2020-06-23 12:12:51 - [TEST_STEP][PASSED] - sendKeys(findTestObject("Input/password"), PASSWORD): Keys 'Test@2020' sent to object: 'Object Repository/Input/password'&#xD;
&#xD;
2020-06-23 12:12:54 - [MESSAGE][PASSED] - Keys 'Test@2020' sent to object: 'Object Repository/Input/password'&#xD;
&#xD;
2020-06-23 12:12:54 - [TEST_STEP][PASSED] - click(findTestObject("Button/signIn")): Object: 'Object Repository/Button/signIn' is clicked on&#xD;
&#xD;
2020-06-23 12:12:56 - [MESSAGE][PASSED] - Object: 'Object Repository/Button/signIn' is clicked on&#xD;
&#xD;
2020-06-23 12:12:56 - [TEST_STEP][PASSED] - if (!(waitForElementPresent(findTestObject("Button/createBot"), 30, OPTIONAL))): Object 'Object Repository/Button/createBot' is present&#xD;
&#xD;
2020-06-23 12:13:13 - [MESSAGE][PASSED] - Object 'Object Repository/Button/createBot' is present&#xD;
&#xD;
2020-06-23 12:13:13 - [MESSAGE][PASSED] - Call Test Case 'Test Cases/Generic/successfulLogin_Test' successfully&#xD;
&#xD;
2020-06-23 12:13:13 - [TEST_STEP][PASSED] - platform.Method.navigateToBot("Task bots", TASK_BOT): platform.Method.navigateToBot is PASSED&#xD;
&#xD;
2020-06-23 12:13:14 - [MESSAGE][PASSED] - Object 'Object Repository/Button/createBot' is present&#xD;
&#xD;
2020-06-23 12:13:17 - [MESSAGE][INFO] - Performing click action on bot&#xD;
&#xD;
2020-06-23 12:13:19 - [MESSAGE][PASSED] - platform.Method.navigateToBot is PASSED&#xD;
&#xD;
2020-06-23 12:13:19 - [TEST_STEP][PASSED] - testData = findTestData("Data Files/testData_Task"): null&#xD;
&#xD;
2020-06-23 12:13:19 - [TEST_STEP][PASSED] - platform.Method.clickOnElement(findTestObject("Generic/response")): platform.Method.clickOnElement is PASSED&#xD;
&#xD;
2020-06-23 12:13:24 - [MESSAGE][PASSED] - platform.Method.clickOnElement is PASSED&#xD;
&#xD;
2020-06-23 12:13:24 - [TEST_STEP][PASSED] - platform.Method.clickOnElement(findTestObject("Generic/webObjectWithText", ["textValue":"Partial match "])): platform.Method.clickOnElement is PASSED&#xD;
&#xD;
2020-06-23 12:13:26 - [MESSAGE][PASSED] - platform.Method.clickOnElement is PASSED&#xD;
&#xD;
2020-06-23 12:13:26 - [TEST_STEP][PASSED] - setText(findTestObject("Input/textResponse"), testData.getValue("partial_match_message", 1), STOP_ON_FAILURE): Text 'Sorry but I'm unable to comprehend your intent. Following are the list of relevant intent to your query, please select one if you find it similar to what you are looking for.' is set on object 'Object Repository/Input/textResponse'&#xD;
&#xD;
2020-06-23 12:13:33 - [MESSAGE][PASSED] - Text 'Sorry but I'm unable to comprehend your intent. Following are the list of relevant intent to your query, please select one if you find it similar to what you are looking for.' is set on object 'Object Repository/Input/textResponse'&#xD;
&#xD;
2020-06-23 12:13:33 - [TEST_STEP][PASSED] - platform.Method.clickOnElement(findTestObject("NewRepo/refresh")): platform.Method.clickOnElement is PASSED&#xD;
&#xD;
2020-06-23 12:13:36 - [MESSAGE][PASSED] - platform.Method.clickOnElement is PASSED&#xD;
&#xD;
2020-06-23 12:13:36 - [TEST_STEP][PASSED] - platform.Method.clickOnElement(findTestObject("Generic/training")): platform.Method.clickOnElement is PASSED&#xD;
&#xD;
2020-06-23 12:13:38 - [MESSAGE][PASSED] - platform.Method.clickOnElement is PASSED&#xD;
&#xD;
2020-06-23 12:13:38 - [TEST_STEP][PASSED] - platform.Method.clickOnElement(findTestObject("Generic/webObjectWithText", ["textValue":"report_complain"])): platform.Method.clickOnElement is PASSED&#xD;
&#xD;
2020-06-23 12:13:41 - [MESSAGE][PASSED] - platform.Method.clickOnElement is PASSED&#xD;
&#xD;
2020-06-23 12:13:41 - [TEST_STEP][PASSED] - sendKeys(findTestObject("Input/utterance"), "how can you help"): Keys 'how can you help' sent to object: 'Object Repository/Input/utterance'&#xD;
&#xD;
2020-06-23 12:13:43 - [MESSAGE][PASSED] - Keys 'how can you help' sent to object: 'Object Repository/Input/utterance'&#xD;
&#xD;
2020-06-23 12:13:43 - [TEST_STEP][PASSED] - platform.Method.clickOnElement(findTestObject("Button/addUtterance")): platform.Method.clickOnElement is PASSED&#xD;
&#xD;
2020-06-23 12:13:46 - [MESSAGE][PASSED] - platform.Method.clickOnElement is PASSED&#xD;
&#xD;
2020-06-23 12:13:46 - [TEST_STEP][PASSED] - platform.Method.clickOnElement(findTestObject("Button/save", ["value":" Save "])): platform.Method.clickOnElement is PASSED&#xD;
&#xD;
2020-06-23 12:13:48 - [MESSAGE][PASSED] - platform.Method.clickOnElement is PASSED&#xD;
&#xD;
2020-06-23 12:13:48 - [TEST_STEP][PASSED] - platform.Method.clickOnElement(findTestObject("NewRepo/intentGoBack")): platform.Method.clickOnElement is PASSED&#xD;
&#xD;
2020-06-23 12:13:50 - [MESSAGE][PASSED] - platform.Method.clickOnElement is PASSED&#xD;
&#xD;
2020-06-23 12:13:50 - [TEST_STEP][PASSED] - platform.Method.trainAndComment(findTestData("Data Files/testData_Task").getValue("comment", 7)): platform.Method.trainAndComment is PASSED&#xD;
&#xD;
2020-06-23 12:13:58 - [MESSAGE][PASSED] - Keys 'test for partial match' sent to object: 'Object Repository/Input/comment'&#xD;
&#xD;
2020-06-23 12:14:00 - [MESSAGE][PASSED] - platform.Method.trainAndComment is PASSED&#xD;
&#xD;
2020-06-23 12:14:00 - [TEST_STEP][PASSED] - platform.Method.clickOnElement(findTestObject("Button/preview")): platform.Method.clickOnElement is PASSED&#xD;
&#xD;
2020-06-23 12:14:02 - [MESSAGE][PASSED] - platform.Method.clickOnElement is PASSED&#xD;
&#xD;
2020-06-23 12:14:02 - [TEST_STEP][PASSED] - sendKeys(findTestObject("Input/chatInput"), Keys.chord(userQuery, ENTER)): Keys 'ENTER + how can you help' sent to object: 'Object Repository/Input/chatInput'&#xD;
&#xD;
2020-06-23 12:14:05 - [MESSAGE][PASSED] - Keys 'ENTER + how can you help' sent to object: 'Object Repository/Input/chatInput'&#xD;
&#xD;
2020-06-23 12:14:05 - [TEST_STEP][FAILED] - verifyElementText(findTestObject("GenericII/getBotResponse", ["index":2]), testData.getValue("partial_match_message", 1), STOP_ON_FAILURE): Verify element text of test object 'Object Repository/GenericII/getBotResponse' FAILED. (Root cause: com.kms.katalon.core.exception.StepFailedException: Verify element text of test object 'Object Repository/GenericII/getBotResponse' FAILED.&#xD;
	at com.kms.katalon.core.webui.keyword.internal.WebUIKeywordMain.stepFailed(WebUIKeywordMain.groovy:64)&#xD;
	at com.kms.katalon.core.webui.keyword.internal.WebUIKeywordMain.runKeyword(WebUIKeywordMain.groovy:26)&#xD;
	at com.kms.katalon.core.webui.keyword.builtin.VerifyElementTextKeyword.verifyElementText(VerifyElementTextKeyword.groovy:72)&#xD;
	at com.kms.katalon.core.webui.keyword.builtin.VerifyElementTextKeyword.execute(VerifyElementTextKeyword.groovy:40)&#xD;
	at com.kms.katalon.core.keyword.internal.KeywordExecutor.executeKeywordForPlatform(KeywordExecutor.groovy:56)&#xD;
	at com.kms.katalon.core.webui.keyword.WebUiBuiltInKeywords.verifyElementText(WebUiBuiltInKeywords.groovy:3647)&#xD;
	at com.kms.katalon.core.webui.keyword.WebUiBuiltInKeywords$verifyElementText$6.call(Unknown Source)&#xD;
	at partialMatchResponseConfiguration_Test.run(partialMatchResponseConfiguration_Test:55)&#xD;
	at com.kms.katalon.core.main.ScriptEngine.run(ScriptEngine.java:194)&#xD;
	at com.kms.katalon.core.main.ScriptEngine.runScriptAsRawText(ScriptEngine.java:119)&#xD;
	at com.kms.katalon.core.main.TestCaseExecutor.runScript(TestCaseExecutor.java:337)&#xD;
	at com.kms.katalon.core.main.TestCaseExecutor.doExecute(TestCaseExecutor.java:328)&#xD;
	at com.kms.katalon.core.main.TestCaseExecutor.processExecutionPhase(TestCaseExecutor.java:307)&#xD;
	at com.kms.katalon.core.main.TestCaseExecutor.accessMainPhase(TestCaseExecutor.java:299)&#xD;
	at com.kms.katalon.core.main.TestCaseExecutor.execute(TestCaseExecutor.java:233)&#xD;
	at com.kms.katalon.core.main.TestSuiteExecutor.accessTestCaseMainPhase(TestSuiteExecutor.java:169)&#xD;
	at com.kms.katalon.core.main.TestSuiteExecutor.accessTestSuiteMainPhase(TestSuiteExecutor.java:142)&#xD;
	at com.kms.katalon.core.main.TestSuiteExecutor.execute(TestSuiteExecutor.java:91)&#xD;
	at com.kms.katalon.core.main.TestCaseMain.startTestSuite(TestCaseMain.java:157)&#xD;
	at com.kms.katalon.core.main.TestCaseMain$startTestSuite$0.call(Unknown Source)&#xD;
	at TempTestSuite1592890301834.run(TempTestSuite1592890301834.groovy:35)&#xD;
Caused by: com.kms.katalon.core.exception.StepFailedException: Actual text 'Hey, this is one of the sample intents which can be recognised. Intents are the user scenarios or flows which the bot can complete, while entities are the parameter which are required to complete and intent. Go ahead and configure a new intent to get started.' and expected text 'Sorry but I'm unable to comprehend your intent. Following are the list of relevant intent to your query, please select one if you find it similar to what you are looking for.' of test object 'Object Repository/GenericII/getBotResponse' are NOT matched.&#xD;
	at com.kms.katalon.core.webui.keyword.internal.WebUIKeywordMain.stepFailed(WebUIKeywordMain.groovy:64)&#xD;
	at com.kms.katalon.core.webui.keyword.builtin.VerifyElementTextKeyword$_verifyElementText_closure1.doCall(VerifyElementTextKeyword.groovy:57)&#xD;
	at com.kms.katalon.core.webui.keyword.builtin.VerifyElementTextKeyword$_verifyElementText_closure1.call(VerifyElementTextKeyword.groovy)&#xD;
	at com.kms.katalon.core.webui.keyword.internal.WebUIKeywordMain.runKeyword(WebUIKeywordMain.groovy:20)&#xD;
	... 19 more&#xD;
)&#xD;
&#xD;
2020-06-23 12:14:09 - [MESSAGE][FAILED] - Actual text 'Hey, this is one of the sample intents which can be recognised. Intents are the user scenarios or flows which the bot can complete, while entities are the parameter which are required to complete and intent. Go ahead and configure a new intent to get started.' and expected text 'Sorry but I'm unable to comprehend your intent. Following are the list of relevant intent to your query, please select one if you find it similar to what you are looking for.' of test object 'Object Repository/GenericII/getBotResponse' are NOT matched. (Root cause: com.kms.katalon.core.exception.StepFailedException: Actual text 'Hey, this is one of the sample intents which can be recognised. Intents are the user scenarios or flows which the bot can complete, while entities are the parameter which are required to complete and intent. Go ahead and configure a new intent to get started.' and expected text 'Sorry but I'm unable to comprehend your intent. Following are the list of relevant intent to your query, please select one if you find it similar to what you are looking for.' of test object 'Object Repository/GenericII/getBotResponse' are NOT matched.&#xD;
	at com.kms.katalon.core.webui.keyword.internal.WebUIKeywordMain.stepFailed(WebUIKeywordMain.groovy:64)&#xD;
	at com.kms.katalon.core.webui.keyword.builtin.VerifyElementTextKeyword$_verifyElementText_closure1.doCall(VerifyElementTextKeyword.groovy:57)&#xD;
	at com.kms.katalon.core.webui.keyword.builtin.VerifyElementTextKeyword$_verifyElementText_closure1.call(VerifyElementTextKeyword.groovy)&#xD;
	at com.kms.katalon.core.webui.keyword.internal.WebUIKeywordMain.runKeyword(WebUIKeywordMain.groovy:20)&#xD;
	at com.kms.katalon.core.webui.keyword.builtin.VerifyElementTextKeyword.verifyElementText(VerifyElementTextKeyword.groovy:72)&#xD;
	at com.kms.katalon.core.webui.keyword.builtin.VerifyElementTextKeyword.execute(VerifyElementTextKeyword.groovy:40)&#xD;
	at com.kms.katalon.core.keyword.internal.KeywordExecutor.executeKeywordForPlatform(KeywordExecutor.groovy:56)&#xD;
	at com.kms.katalon.core.webui.keyword.WebUiBuiltInKeywords.verifyElementText(WebUiBuiltInKeywords.groovy:3647)&#xD;
	at com.kms.katalon.core.webui.keyword.WebUiBuiltInKeywords$verifyElementText$6.call(Unknown Source)&#xD;
	at partialMatchResponseConfiguration_Test.run(partialMatchResponseConfiguration_Test:55)&#xD;
	at com.kms.katalon.core.main.ScriptEngine.run(ScriptEngine.java:194)&#xD;
	at com.kms.katalon.core.main.ScriptEngine.runScriptAsRawText(ScriptEngine.java:119)&#xD;
	at com.kms.katalon.core.main.TestCaseExecutor.runScript(TestCaseExecutor.java:337)&#xD;
	at com.kms.katalon.core.main.TestCaseExecutor.doExecute(TestCaseExecutor.java:328)&#xD;
	at com.kms.katalon.core.main.TestCaseExecutor.processExecutionPhase(TestCaseExecutor.java:307)&#xD;
	at com.kms.katalon.core.main.TestCaseExecutor.accessMainPhase(TestCaseExecutor.java:299)&#xD;
	at com.kms.katalon.core.main.TestCaseExecutor.execute(TestCaseExecutor.java:233)&#xD;
	at com.kms.katalon.core.main.TestSuiteExecutor.accessTestCaseMainPhase(TestSuiteExecutor.java:169)&#xD;
	at com.kms.katalon.core.main.TestSuiteExecutor.accessTestSuiteMainPhase(TestSuiteExecutor.java:142)&#xD;
	at com.kms.katalon.core.main.TestSuiteExecutor.execute(TestSuiteExecutor.java:91)&#xD;
	at com.kms.katalon.core.main.TestCaseMain.startTestSuite(TestCaseMain.java:157)&#xD;
	at com.kms.katalon.core.main.TestCaseMain$startTestSuite$0.call(Unknown Source)&#xD;
	at TempTestSuite1592890301834.run(TempTestSuite1592890301834.groovy:35)&#xD;
)&#xD;
[[ATTACHMENT|D:\\IMIbot.ai-Project\\Reports\\20200623_110141\\Regression\\20200623_110141\\1592894647687.png]]&#xD;
&#xD;
2020-06-23 12:14:10 - [MESSAGE][FAILED] - Verify element text of test object 'Object Repository/GenericII/getBotResponse' FAILED. (Root cause: com.kms.katalon.core.exception.StepFailedException: Verify element text of test object 'Object Repository/GenericII/getBotResponse' FAILED.&#xD;
	at com.kms.katalon.core.webui.keyword.internal.WebUIKeywordMain.stepFailed(WebUIKeywordMain.groovy:64)&#xD;
	at com.kms.katalon.core.webui.keyword.internal.WebUIKeywordMain.runKeyword(WebUIKeywordMain.groovy:26)&#xD;
	at com.kms.katalon.core.webui.keyword.builtin.VerifyElementTextKeyword.verifyElementText(VerifyElementTextKeyword.groovy:72)&#xD;
	at com.kms.katalon.core.webui.keyword.builtin.VerifyElementTextKeyword.execute(VerifyElementTextKeyword.groovy:40)&#xD;
	at com.kms.katalon.core.keyword.internal.KeywordExecutor.executeKeywordForPlatform(KeywordExecutor.groovy:56)&#xD;
	at com.kms.katalon.core.webui.keyword.WebUiBuiltInKeywords.verifyElementText(WebUiBuiltInKeywords.groovy:3647)&#xD;
	at com.kms.katalon.core.webui.keyword.WebUiBuiltInKeywords$verifyElementText$6.call(Unknown Source)&#xD;
	at partialMatchResponseConfiguration_Test.run(partialMatchResponseConfiguration_Test:55)&#xD;
	at com.kms.katalon.core.main.ScriptEngine.run(ScriptEngine.java:194)&#xD;
	at com.kms.katalon.core.main.ScriptEngine.runScriptAsRawText(ScriptEngine.java:119)&#xD;
	at com.kms.katalon.core.main.TestCaseExecutor.runScript(TestCaseExecutor.java:337)&#xD;
	at com.kms.katalon.core.main.TestCaseExecutor.doExecute(TestCaseExecutor.java:328)&#xD;
	at com.kms.katalon.core.main.TestCaseExecutor.processExecutionPhase(TestCaseExecutor.java:307)&#xD;
	at com.kms.katalon.core.main.TestCaseExecutor.accessMainPhase(TestCaseExecutor.java:299)&#xD;
	at com.kms.katalon.core.main.TestCaseExecutor.execute(TestCaseExecutor.java:233)&#xD;
	at com.kms.katalon.core.main.TestSuiteExecutor.accessTestCaseMainPhase(TestSuiteExecutor.java:169)&#xD;
	at com.kms.katalon.core.main.TestSuiteExecutor.accessTestSuiteMainPhase(TestSuiteExecutor.java:142)&#xD;
	at com.kms.katalon.core.main.TestSuiteExecutor.execute(TestSuiteExecutor.java:91)&#xD;
	at com.kms.katalon.core.main.TestCaseMain.startTestSuite(TestCaseMain.java:157)&#xD;
	at com.kms.katalon.core.main.TestCaseMain$startTestSuite$0.call(Unknown Source)&#xD;
	at TempTestSuite1592890301834.run(TempTestSuite1592890301834.groovy:35)&#xD;
Caused by: com.kms.katalon.core.exception.StepFailedException: Actual text 'Hey, this is one of the sample intents which can be recognised. Intents are the user scenarios or flows which the bot can complete, while entities are the parameter which are required to complete and intent. Go ahead and configure a new intent to get started.' and expected text 'Sorry but I'm unable to comprehend your intent. Following are the list of relevant intent to your query, please select one if you find it similar to what you are looking for.' of test object 'Object Repository/GenericII/getBotResponse' are NOT matched.&#xD;
	at com.kms.katalon.core.webui.keyword.internal.WebUIKeywordMain.stepFailed(WebUIKeywordMain.groovy:64)&#xD;
	at com.kms.katalon.core.webui.keyword.builtin.VerifyElementTextKeyword$_verifyElementText_closure1.doCall(VerifyElementTextKeyword.groovy:57)&#xD;
	at com.kms.katalon.core.webui.keyword.builtin.VerifyElementTextKeyword$_verifyElementText_closure1.call(VerifyElementTextKeyword.groovy)&#xD;
	at com.kms.katalon.core.webui.keyword.internal.WebUIKeywordMain.runKeyword(WebUIKeywordMain.groovy:20)&#xD;
	... 19 more&#xD;
)&#xD;
[[ATTACHMENT|D:\\IMIbot.ai-Project\\Reports\\20200623_110141\\Regression\\20200623_110141\\1592894649325.png]]</system-out>
            <system-err>2020-06-23 12:12:33 - [TEST_CASE][FAILED] - Test Cases/Taskbot/partialMatchResponseConfiguration_Test: Test Cases/Taskbot/partialMatchResponseConfiguration_Test FAILED.
Reason:
com.kms.katalon.core.exception.StepFailedException: Verify element text of test object 'Object Repository/GenericII/getBotResponse' FAILED.&#xD;
	at com.kms.katalon.core.webui.keyword.internal.WebUIKeywordMain.stepFailed(WebUIKeywordMain.groovy:64)&#xD;
	at com.kms.katalon.core.webui.keyword.internal.WebUIKeywordMain.runKeyword(WebUIKeywordMain.groovy:26)&#xD;
	at com.kms.katalon.core.webui.keyword.builtin.VerifyElementTextKeyword.verifyElementText(VerifyElementTextKeyword.groovy:72)&#xD;
	at com.kms.katalon.core.webui.keyword.builtin.VerifyElementTextKeyword.execute(VerifyElementTextKeyword.groovy:40)&#xD;
	at com.kms.katalon.core.keyword.internal.KeywordExecutor.executeKeywordForPlatform(KeywordExecutor.groovy:56)&#xD;
	at com.kms.katalon.core.webui.keyword.WebUiBuiltInKeywords.verifyElementText(WebUiBuiltInKeywords.groovy:3647)&#xD;
	at com.kms.katalon.core.webui.keyword.WebUiBuiltInKeywords$verifyElementText$6.call(Unknown Source)&#xD;
	at partialMatchResponseConfiguration_Test.run(partialMatchResponseConfiguration_Test:55)&#xD;
	at com.kms.katalon.core.main.ScriptEngine.run(ScriptEngine.java:194)&#xD;
	at com.kms.katalon.core.main.ScriptEngine.runScriptAsRawText(ScriptEngine.java:119)&#xD;
	at com.kms.katalon.core.main.TestCaseExecutor.runScript(TestCaseExecutor.java:337)&#xD;
	at com.kms.katalon.core.main.TestCaseExecutor.doExecute(TestCaseExecutor.java:328)&#xD;
	at com.kms.katalon.core.main.TestCaseExecutor.processExecutionPhase(TestCaseExecutor.java:307)&#xD;
	at com.kms.katalon.core.main.TestCaseExecutor.accessMainPhase(TestCaseExecutor.java:299)&#xD;
	at com.kms.katalon.core.main.TestCaseExecutor.execute(TestCaseExecutor.java:233)&#xD;
	at com.kms.katalon.core.main.TestSuiteExecutor.accessTestCaseMainPhase(TestSuiteExecutor.java:169)&#xD;
	at com.kms.katalon.core.main.TestSuiteExecutor.accessTestSuiteMainPhase(TestSuiteExecutor.java:142)&#xD;
	at com.kms.katalon.core.main.TestSuiteExecutor.execute(TestSuiteExecutor.java:91)&#xD;
	at com.kms.katalon.core.main.TestCaseMain.startTestSuite(TestCaseMain.java:157)&#xD;
	at com.kms.katalon.core.main.TestCaseMain$startTestSuite$0.call(Unknown Source)&#xD;
	at TempTestSuite1592890301834.run(TempTestSuite1592890301834.groovy:35)&#xD;
Caused by: com.kms.katalon.core.exception.StepFailedException: Actual text 'Hey, this is one of the sample intents which can be recognised. Intents are the user scenarios or flows which the bot can complete, while entities are the parameter which are required to complete and intent. Go ahead and configure a new intent to get started.' and expected text 'Sorry but I'm unable to comprehend your intent. Following are the list of relevant intent to your query, please select one if you find it similar to what you are looking for.' of test object 'Object Repository/GenericII/getBotResponse' are NOT matched.&#xD;
	at com.kms.katalon.core.webui.keyword.internal.WebUIKeywordMain.stepFailed(WebUIKeywordMain.groovy:64)&#xD;
	at com.kms.katalon.core.webui.keyword.builtin.VerifyElementTextKeyword$_verifyElementText_closure1.doCall(VerifyElementTextKeyword.groovy:57)&#xD;
	at com.kms.katalon.core.webui.keyword.builtin.VerifyElementTextKeyword$_verifyElementText_closure1.call(VerifyElementTextKeyword.groovy)&#xD;
	at com.kms.katalon.core.webui.keyword.internal.WebUIKeywordMain.runKeyword(WebUIKeywordMain.groovy:20)&#xD;
	... 19 more</system-err>
        </testcase>
        <testcase name="Test Cases/Taskbot/encryptionOnCurationAndSessions_Test" classname="Test Cases/Taskbot/encryptionOnCurationAndSessions_Test" status="PASSED">
            <system-out>2020-06-23 12:14:10 - [TEST_CASE][PASSED] - Test Cases/Taskbot/encryptionOnCurationAndSessions_Test: Test Cases/Taskbot/encryptionOnCurationAndSessions_Test&#xD;
&#xD;
2020-06-23 12:14:10 - [TEST_STEP][PASSED] - Start listener action : setUp: Current window maximized&#xD;
&#xD;
2020-06-23 12:14:10 - [TEST_STEP][PASSED] - openBrowser(URL): Browser is opened with url: 'preprod.imibot.ai'&#xD;
&#xD;
2020-06-23 12:14:10 - [MESSAGE][WARNING] - A browser is already opened. Closing browser and opening a new one&#xD;
&#xD;
2020-06-23 12:14:12 - [MESSAGE][INFO] - Starting 'Chrome' driver&#xD;
&#xD;
2020-06-23 12:14:12 - [MESSAGE][INFO] - User set preference: ['args', '[--start-maximized]']&#xD;
&#xD;
2020-06-23 12:14:24 - [MESSAGE][PASSED] - Browser is opened with url: 'preprod.imibot.ai'&#xD;
&#xD;
2020-06-23 12:14:24 - [TEST_STEP][PASSED] - maximizeWindow(): Current window maximized&#xD;
&#xD;
2020-06-23 12:14:26 - [MESSAGE][PASSED] - Current window maximized&#xD;
&#xD;
2020-06-23 12:14:26 - [TEST_STEP][PASSED] - callTestCase(findTestCase("Generic/successfulLogin_Test"), [:], STOP_ON_FAILURE): Call Test Case 'Test Cases/Generic/successfulLogin_Test' successfully&#xD;
&#xD;
2020-06-23 12:14:26 - [TEST_CASE][PASSED] - Test Cases/Generic/successfulLogin_Test: Test Cases/Generic/successfulLogin_Test&#xD;
&#xD;
2020-06-23 12:14:26 - [TEST_STEP][PASSED] - sendKeys(findTestObject("Input/username"), USERNAME): Keys 'narendra.n@imimobile.com' sent to object: 'Object Repository/Input/username'&#xD;
&#xD;
2020-06-23 12:14:29 - [MESSAGE][PASSED] - Keys 'narendra.n@imimobile.com' sent to object: 'Object Repository/Input/username'&#xD;
&#xD;
2020-06-23 12:14:29 - [TEST_STEP][PASSED] - sendKeys(findTestObject("Input/password"), PASSWORD): Keys 'Test@2020' sent to object: 'Object Repository/Input/password'&#xD;
&#xD;
2020-06-23 12:14:32 - [MESSAGE][PASSED] - Keys 'Test@2020' sent to object: 'Object Repository/Input/password'&#xD;
&#xD;
2020-06-23 12:14:32 - [TEST_STEP][PASSED] - click(findTestObject("Button/signIn")): Object: 'Object Repository/Button/signIn' is clicked on&#xD;
&#xD;
2020-06-23 12:14:34 - [MESSAGE][PASSED] - Object: 'Object Repository/Button/signIn' is clicked on&#xD;
&#xD;
2020-06-23 12:14:34 - [TEST_STEP][PASSED] - if (!(waitForElementPresent(findTestObject("Button/createBot"), 30, OPTIONAL))): Object 'Object Repository/Button/createBot' is present&#xD;
&#xD;
2020-06-23 12:14:50 - [MESSAGE][PASSED] - Object 'Object Repository/Button/createBot' is present&#xD;
&#xD;
2020-06-23 12:14:50 - [MESSAGE][PASSED] - Call Test Case 'Test Cases/Generic/successfulLogin_Test' successfully&#xD;
&#xD;
2020-06-23 12:14:50 - [TEST_STEP][PASSED] - platform.Method.navigateToBot("Task bots", TASK_BOT): platform.Method.navigateToBot is PASSED&#xD;
&#xD;
2020-06-23 12:14:51 - [MESSAGE][PASSED] - Object 'Object Repository/Button/createBot' is present&#xD;
&#xD;
2020-06-23 12:14:54 - [MESSAGE][INFO] - Performing click action on bot&#xD;
&#xD;
2020-06-23 12:14:56 - [MESSAGE][PASSED] - platform.Method.navigateToBot is PASSED&#xD;
&#xD;
2020-06-23 12:14:56 - [TEST_STEP][PASSED] - waitForElementPresent(findTestObject("Button/updateBot"), 30, STOP_ON_FAILURE): Object 'Object Repository/Button/updateBot' is present&#xD;
&#xD;
2020-06-23 12:15:00 - [MESSAGE][PASSED] - Object 'Object Repository/Button/updateBot' is present&#xD;
&#xD;
2020-06-23 12:15:00 - [TEST_STEP][PASSED] - platform.Method.enableADP(true): platform.Method.enableADP is PASSED&#xD;
&#xD;
2020-06-23 12:15:11 - [MESSAGE][PASSED] - Object 'Object Repository/ICONS/toastMsg' is present&#xD;
&#xD;
2020-06-23 12:15:11 - [MESSAGE][PASSED] - platform.Method.enableADP is PASSED&#xD;
&#xD;
2020-06-23 12:15:11 - [TEST_STEP][PASSED] - testData = findTestData("Data Files/testData_Task"): null&#xD;
&#xD;
2020-06-23 12:15:11 - [TEST_STEP][PASSED] - platform.Method.toClickOnWebElement(findTestObject("Generic/session")): platform.Method.toClickOnWebElement is PASSED&#xD;
&#xD;
2020-06-23 12:15:14 - [MESSAGE][PASSED] - Object: 'Object Repository/Generic/session' is clicked on&#xD;
&#xD;
2020-06-23 12:15:14 - [MESSAGE][PASSED] - platform.Method.toClickOnWebElement is PASSED&#xD;
&#xD;
2020-06-23 12:15:14 - [TEST_STEP][PASSED] - verifyElementPresent(findTestObject("NewRepo2/adpLock"), 20, STOP_ON_FAILURE): Object 'Object Repository/NewRepo2/adpLock' is present&#xD;
&#xD;
2020-06-23 12:15:16 - [MESSAGE][PASSED] - Object 'Object Repository/NewRepo2/adpLock' is present&#xD;
&#xD;
2020-06-23 12:15:16 - [TEST_STEP][PASSED] - verifyTextPresent(ADP_TEXT_VALUE, false, STOP_ON_FAILURE): Text 'All the sessions are encrypted, use the decryption key to view individual session of interest' is present on page &#xD;
&#xD;
2020-06-23 12:15:21 - [MESSAGE][PASSED] - Text 'All the sessions are encrypted, use the decryption key to view individual session of interest' is present on page &#xD;
&#xD;
2020-06-23 12:15:21 - [TEST_STEP][PASSED] - verifyTextPresent(testData.getValue("room_id", 1), false, OPTIONAL): Text '1980302' is present on page &#xD;
&#xD;
2020-06-23 12:15:25 - [MESSAGE][PASSED] - Text '1980302' is present on page &#xD;
&#xD;
2020-06-23 12:15:25 - [TEST_STEP][PASSED] - platform.Session.decryptSession(testData.getValue("room_id", 1)): platform.Session.decryptSession is PASSED&#xD;
&#xD;
2020-06-23 12:15:28 - [MESSAGE][PASSED] - Text '1980302' is set on object 'Object Repository/Input/roomID'&#xD;
&#xD;
2020-06-23 12:15:36 - [MESSAGE][PASSED] - Keys 'TEST' sent to object: 'Object Repository/Input/key'&#xD;
&#xD;
2020-06-23 12:15:38 - [MESSAGE][PASSED] - platform.Session.decryptSession is PASSED&#xD;
&#xD;
2020-06-23 12:15:38 - [TEST_STEP][PASSED] - platform.Method.clickOnElement(findTestObject("GenericII/closePopup")): platform.Method.clickOnElement is PASSED&#xD;
&#xD;
2020-06-23 12:15:40 - [MESSAGE][PASSED] - platform.Method.clickOnElement is PASSED&#xD;
&#xD;
2020-06-23 12:15:40 - [TEST_STEP][PASSED] - platform.Method.clickOnElement(findTestObject("Generic/curation")): platform.Method.clickOnElement is PASSED&#xD;
&#xD;
2020-06-23 12:15:43 - [MESSAGE][PASSED] - platform.Method.clickOnElement is PASSED&#xD;
&#xD;
2020-06-23 12:15:43 - [TEST_STEP][PASSED] - platform.Method.clickOnElement(findTestObject("Generic/webObjectWithText", ["textValue":"Issues"])): platform.Method.clickOnElement is PASSED&#xD;
&#xD;
2020-06-23 12:15:45 - [MESSAGE][PASSED] - platform.Method.clickOnElement is PASSED&#xD;
&#xD;
2020-06-23 12:15:45 - [TEST_STEP][PASSED] - inputKey = modifyObjectProperty(findTestObject("Input/key"), "xpath", "not equals", "//input[@name='qtext']", true): Modify property of object successfully&#xD;
&#xD;
2020-06-23 12:15:46 - [MESSAGE][PASSED] - Modify property of object successfully&#xD;
&#xD;
2020-06-23 12:15:46 - [TEST_STEP][PASSED] - setText(inputKey, "test"): Text 'test' is set on object 'Object Repository/Input/key'&#xD;
&#xD;
2020-06-23 12:15:49 - [MESSAGE][PASSED] - Text 'test' is set on object 'Object Repository/Input/key'&#xD;
&#xD;
2020-06-23 12:15:49 - [TEST_STEP][PASSED] - platform.Method.clickOnElement(findTestObject("ICONS/unlock")): platform.Method.clickOnElement is PASSED&#xD;
&#xD;
2020-06-23 12:15:51 - [MESSAGE][PASSED] - platform.Method.clickOnElement is PASSED&#xD;
&#xD;
2020-06-23 12:15:51 - [TEST_STEP][PASSED] - trainBtn = modifyObjectProperty(findTestObject("Button/train"), "xpath", "not equals", "//span[text()=' Train ']", true): Modify property of object successfully&#xD;
&#xD;
2020-06-23 12:15:51 - [MESSAGE][PASSED] - Modify property of object successfully&#xD;
&#xD;
2020-06-23 12:15:51 - [TEST_STEP][PASSED] - if (verifyTextPresent("Saved corpus", false, OPTIONAL)): Text 'Saved corpus' is not present on page  (Root cause: com.kms.katalon.core.exception.StepFailedException: Text 'Saved corpus' is not present on page &#xD;
	at com.kms.katalon.core.webui.keyword.internal.WebUIKeywordMain.stepFailed(WebUIKeywordMain.groovy:64)&#xD;
	at com.kms.katalon.core.webui.keyword.builtin.VerifyTextPresentKeyword$_verifyTextPresent_closure1.doCall(VerifyTextPresentKeyword.groovy:79)&#xD;
	at com.kms.katalon.core.webui.keyword.builtin.VerifyTextPresentKeyword$_verifyTextPresent_closure1.call(VerifyTextPresentKeyword.groovy)&#xD;
	at com.kms.katalon.core.webui.keyword.internal.WebUIKeywordMain.runKeyword(WebUIKeywordMain.groovy:20)&#xD;
	at com.kms.katalon.core.webui.keyword.builtin.VerifyTextPresentKeyword.verifyTextPresent(VerifyTextPresentKeyword.groovy:83)&#xD;
	at com.kms.katalon.core.webui.keyword.builtin.VerifyTextPresentKeyword.execute(VerifyTextPresentKeyword.groovy:68)&#xD;
	at com.kms.katalon.core.keyword.internal.KeywordExecutor.executeKeywordForPlatform(KeywordExecutor.groovy:56)&#xD;
	at com.kms.katalon.core.webui.keyword.WebUiBuiltInKeywords.verifyTextPresent(WebUiBuiltInKeywords.groovy:1677)&#xD;
	at com.kms.katalon.core.webui.keyword.WebUiBuiltInKeywords$verifyTextPresent$19.call(Unknown Source)&#xD;
	at encryptionOnCurationAndSessions_Test.run(encryptionOnCurationAndSessions_Test:52)&#xD;
	at com.kms.katalon.core.main.ScriptEngine.run(ScriptEngine.java:194)&#xD;
	at com.kms.katalon.core.main.ScriptEngine.runScriptAsRawText(ScriptEngine.java:119)&#xD;
	at com.kms.katalon.core.main.TestCaseExecutor.runScript(TestCaseExecutor.java:337)&#xD;
	at com.kms.katalon.core.main.TestCaseExecutor.doExecute(TestCaseExecutor.java:328)&#xD;
	at com.kms.katalon.core.main.TestCaseExecutor.processExecutionPhase(TestCaseExecutor.java:307)&#xD;
	at com.kms.katalon.core.main.TestCaseExecutor.accessMainPhase(TestCaseExecutor.java:299)&#xD;
	at com.kms.katalon.core.main.TestCaseExecutor.execute(TestCaseExecutor.java:233)&#xD;
	at com.kms.katalon.core.main.TestSuiteExecutor.accessTestCaseMainPhase(TestSuiteExecutor.java:169)&#xD;
	at com.kms.katalon.core.main.TestSuiteExecutor.accessTestSuiteMainPhase(TestSuiteExecutor.java:142)&#xD;
	at com.kms.katalon.core.main.TestSuiteExecutor.execute(TestSuiteExecutor.java:91)&#xD;
	at com.kms.katalon.core.main.TestCaseMain.startTestSuite(TestCaseMain.java:157)&#xD;
	at com.kms.katalon.core.main.TestCaseMain$startTestSuite$0.call(Unknown Source)&#xD;
	at TempTestSuite1592890301834.run(TempTestSuite1592890301834.groovy:35)&#xD;
)&#xD;
&#xD;
2020-06-23 12:15:57 - [MESSAGE][WARNING] - Text 'Saved corpus' is not present on page  (Root cause: com.kms.katalon.core.exception.StepFailedException: Text 'Saved corpus' is not present on page &#xD;
	at com.kms.katalon.core.webui.keyword.internal.WebUIKeywordMain.stepFailed(WebUIKeywordMain.groovy:64)&#xD;
	at com.kms.katalon.core.webui.keyword.builtin.VerifyTextPresentKeyword$_verifyTextPresent_closure1.doCall(VerifyTextPresentKeyword.groovy:79)&#xD;
	at com.kms.katalon.core.webui.keyword.builtin.VerifyTextPresentKeyword$_verifyTextPresent_closure1.call(VerifyTextPresentKeyword.groovy)&#xD;
	at com.kms.katalon.core.webui.keyword.internal.WebUIKeywordMain.runKeyword(WebUIKeywordMain.groovy:20)&#xD;
	at com.kms.katalon.core.webui.keyword.builtin.VerifyTextPresentKeyword.verifyTextPresent(VerifyTextPresentKeyword.groovy:83)&#xD;
	at com.kms.katalon.core.webui.keyword.builtin.VerifyTextPresentKeyword.execute(VerifyTextPresentKeyword.groovy:68)&#xD;
	at com.kms.katalon.core.keyword.internal.KeywordExecutor.executeKeywordForPlatform(KeywordExecutor.groovy:56)&#xD;
	at com.kms.katalon.core.webui.keyword.WebUiBuiltInKeywords.verifyTextPresent(WebUiBuiltInKeywords.groovy:1677)&#xD;
	at com.kms.katalon.core.webui.keyword.WebUiBuiltInKeywords$verifyTextPresent$19.call(Unknown Source)&#xD;
	at encryptionOnCurationAndSessions_Test.run(encryptionOnCurationAndSessions_Test:52)&#xD;
	at com.kms.katalon.core.main.ScriptEngine.run(ScriptEngine.java:194)&#xD;
	at com.kms.katalon.core.main.ScriptEngine.runScriptAsRawText(ScriptEngine.java:119)&#xD;
	at com.kms.katalon.core.main.TestCaseExecutor.runScript(TestCaseExecutor.java:337)&#xD;
	at com.kms.katalon.core.main.TestCaseExecutor.doExecute(TestCaseExecutor.java:328)&#xD;
	at com.kms.katalon.core.main.TestCaseExecutor.processExecutionPhase(TestCaseExecutor.java:307)&#xD;
	at com.kms.katalon.core.main.TestCaseExecutor.accessMainPhase(TestCaseExecutor.java:299)&#xD;
	at com.kms.katalon.core.main.TestCaseExecutor.execute(TestCaseExecutor.java:233)&#xD;
	at com.kms.katalon.core.main.TestSuiteExecutor.accessTestCaseMainPhase(TestSuiteExecutor.java:169)&#xD;
	at com.kms.katalon.core.main.TestSuiteExecutor.accessTestSuiteMainPhase(TestSuiteExecutor.java:142)&#xD;
	at com.kms.katalon.core.main.TestSuiteExecutor.execute(TestSuiteExecutor.java:91)&#xD;
	at com.kms.katalon.core.main.TestCaseMain.startTestSuite(TestCaseMain.java:157)&#xD;
	at com.kms.katalon.core.main.TestCaseMain$startTestSuite$0.call(Unknown Source)&#xD;
	at TempTestSuite1592890301834.run(TempTestSuite1592890301834.groovy:35)&#xD;
)&#xD;
&#xD;
2020-06-23 12:15:57 - [TEST_STEP][PASSED] - else: Text 'Trained corpus' is present on page &#xD;
&#xD;
2020-06-23 12:15:57 - [TEST_STEP][PASSED] - verifyTextPresent("Trained corpus", false, STOP_ON_FAILURE): Text 'Trained corpus' is present on page &#xD;
&#xD;
2020-06-23 12:16:01 - [MESSAGE][PASSED] - Text 'Trained corpus' is present on page &#xD;
&#xD;
2020-06-23 12:16:01 - [TEST_STEP][PASSED] - platform.Method.toClickOnWebElement(findTestObject("Button/dashboard")): platform.Method.toClickOnWebElement is PASSED&#xD;
&#xD;
2020-06-23 12:16:06 - [MESSAGE][PASSED] - Object: 'Object Repository/Button/dashboard' is clicked on&#xD;
&#xD;
2020-06-23 12:16:06 - [MESSAGE][PASSED] - platform.Method.toClickOnWebElement is PASSED&#xD;
&#xD;
2020-06-23 12:16:06 - [TEST_STEP][PASSED] - platform.Method.toClickOnWebElement(findTestObject("Button/enterpriseDropdown")): platform.Method.toClickOnWebElement is PASSED&#xD;
&#xD;
2020-06-23 12:16:11 - [MESSAGE][PASSED] - Object: 'Object Repository/Button/enterpriseDropdown' is clicked on&#xD;
&#xD;
2020-06-23 12:16:11 - [MESSAGE][PASSED] - platform.Method.toClickOnWebElement is PASSED&#xD;
&#xD;
2020-06-23 12:16:11 - [TEST_STEP][PASSED] - platform.Method.toClickOnWebElement(findTestObject("Button/signOut")): platform.Method.toClickOnWebElement is PASSED&#xD;
&#xD;
2020-06-23 12:16:14 - [MESSAGE][PASSED] - Object: 'Object Repository/Button/signOut' is clicked on&#xD;
&#xD;
2020-06-23 12:16:14 - [MESSAGE][PASSED] - platform.Method.toClickOnWebElement is PASSED&#xD;
&#xD;
2020-06-23 12:16:14 - [TEST_STEP][PASSED] - callTestCase(findTestCase("Generic/successfulLogin_Test"), [:], STOP_ON_FAILURE): Call Test Case 'Test Cases/Generic/successfulLogin_Test' successfully&#xD;
&#xD;
2020-06-23 12:16:14 - [TEST_CASE][PASSED] - Test Cases/Generic/successfulLogin_Test: Test Cases/Generic/successfulLogin_Test&#xD;
&#xD;
2020-06-23 12:16:14 - [TEST_STEP][PASSED] - sendKeys(findTestObject("Input/username"), USERNAME): Keys 'narendra.n@imimobile.com' sent to object: 'Object Repository/Input/username'&#xD;
&#xD;
2020-06-23 12:16:17 - [MESSAGE][PASSED] - Keys 'narendra.n@imimobile.com' sent to object: 'Object Repository/Input/username'&#xD;
&#xD;
2020-06-23 12:16:17 - [TEST_STEP][PASSED] - sendKeys(findTestObject("Input/password"), PASSWORD): Keys 'Test@2020' sent to object: 'Object Repository/Input/password'&#xD;
&#xD;
2020-06-23 12:16:19 - [MESSAGE][PASSED] - Keys 'Test@2020' sent to object: 'Object Repository/Input/password'&#xD;
&#xD;
2020-06-23 12:16:19 - [TEST_STEP][PASSED] - click(findTestObject("Button/signIn")): Object: 'Object Repository/Button/signIn' is clicked on&#xD;
&#xD;
2020-06-23 12:16:21 - [MESSAGE][PASSED] - Object: 'Object Repository/Button/signIn' is clicked on&#xD;
&#xD;
2020-06-23 12:16:21 - [TEST_STEP][PASSED] - if (!(waitForElementPresent(findTestObject("Button/createBot"), 30, OPTIONAL))): Object 'Object Repository/Button/createBot' is present&#xD;
&#xD;
2020-06-23 12:16:34 - [MESSAGE][PASSED] - Object 'Object Repository/Button/createBot' is present&#xD;
&#xD;
2020-06-23 12:16:34 - [MESSAGE][PASSED] - Call Test Case 'Test Cases/Generic/successfulLogin_Test' successfully&#xD;
&#xD;
2020-06-23 12:16:34 - [TEST_STEP][PASSED] - platform.Method.navigateToBot("Q&amp;A bots", FAQ_BOT): platform.Method.navigateToBot is PASSED&#xD;
&#xD;
2020-06-23 12:16:35 - [MESSAGE][PASSED] - Object 'Object Repository/Button/createBot' is present&#xD;
&#xD;
2020-06-23 12:16:37 - [MESSAGE][INFO] - Performing click action on bot&#xD;
&#xD;
2020-06-23 12:16:40 - [MESSAGE][PASSED] - platform.Method.navigateToBot is PASSED&#xD;
&#xD;
2020-06-23 12:16:40 - [TEST_STEP][PASSED] - platform.Method.toClickOnWebElement(findTestObject("Generic/session")): platform.Method.toClickOnWebElement is PASSED&#xD;
&#xD;
2020-06-23 12:16:42 - [MESSAGE][PASSED] - Object: 'Object Repository/Generic/session' is clicked on&#xD;
&#xD;
2020-06-23 12:16:42 - [MESSAGE][PASSED] - platform.Method.toClickOnWebElement is PASSED&#xD;
&#xD;
2020-06-23 12:16:42 - [TEST_STEP][PASSED] - platform.Session.searchByRoomID(testData.getValue("room_id", 1)): platform.Session.searchByRoomID is PASSED&#xD;
&#xD;
2020-06-23 12:16:46 - [MESSAGE][PASSED] - Text '1980302' is set on object 'Object Repository/Input/roomID'&#xD;
&#xD;
2020-06-23 12:16:48 - [MESSAGE][PASSED] - platform.Session.searchByRoomID is PASSED&#xD;
&#xD;
2020-06-23 12:16:48 - [TEST_STEP][PASSED] - verifyElementNotPresent(findTestObject("NewRepo2/unlockIcon"), 10, STOP_ON_FAILURE): Web element with id: 'Object Repository/NewRepo2/unlockIcon' located by 'By.xpath: //mat-icon[@name='lock_open']' is not present after '10' second(s)&#xD;
&#xD;
2020-06-23 12:16:50 - [MESSAGE][PASSED] - Web element with id: 'Object Repository/NewRepo2/unlockIcon' located by 'By.xpath: //mat-icon[@name='lock_open']' is not present after '10' second(s)</system-out>
            <system-err></system-err>
        </testcase>
        <testcase name="Test Cases/Taskbot/noneIntentE2E_Test" classname="Test Cases/Taskbot/noneIntentE2E_Test" status="PASSED">
            <system-out>2020-06-23 12:16:50 - [TEST_CASE][PASSED] - Test Cases/Taskbot/noneIntentE2E_Test: Test Cases/Taskbot/noneIntentE2E_Test&#xD;
&#xD;
2020-06-23 12:16:50 - [TEST_STEP][PASSED] - Start listener action : setUp: Current window maximized&#xD;
&#xD;
2020-06-23 12:16:50 - [TEST_STEP][PASSED] - openBrowser(URL): Browser is opened with url: 'preprod.imibot.ai'&#xD;
&#xD;
2020-06-23 12:16:50 - [MESSAGE][WARNING] - A browser is already opened. Closing browser and opening a new one&#xD;
&#xD;
2020-06-23 12:16:52 - [MESSAGE][INFO] - Starting 'Chrome' driver&#xD;
&#xD;
2020-06-23 12:16:52 - [MESSAGE][INFO] - User set preference: ['args', '[--start-maximized]']&#xD;
&#xD;
2020-06-23 12:17:03 - [MESSAGE][PASSED] - Browser is opened with url: 'preprod.imibot.ai'&#xD;
&#xD;
2020-06-23 12:17:03 - [TEST_STEP][PASSED] - maximizeWindow(): Current window maximized&#xD;
&#xD;
2020-06-23 12:17:05 - [MESSAGE][PASSED] - Current window maximized&#xD;
&#xD;
2020-06-23 12:17:07 - [TEST_STEP][PASSED] - callTestCase(findTestCase("Taskbot/botCreation_Test"), ["nameOfTheBot":NONE_INTENT], STOP_ON_FAILURE): Call Test Case 'Test Cases/Taskbot/botCreation_Test' successfully&#xD;
&#xD;
2020-06-23 12:17:07 - [TEST_CASE][PASSED] - Test Cases/Taskbot/botCreation_Test: Test Cases/Taskbot/botCreation_Test&#xD;
&#xD;
2020-06-23 12:17:07 - [TEST_STEP][PASSED] - callTestCase(findTestCase("Generic/successfulLogin_Test"), [:], STOP_ON_FAILURE): Call Test Case 'Test Cases/Generic/successfulLogin_Test' successfully&#xD;
&#xD;
2020-06-23 12:17:07 - [TEST_CASE][PASSED] - Test Cases/Generic/successfulLogin_Test: Test Cases/Generic/successfulLogin_Test&#xD;
&#xD;
2020-06-23 12:17:07 - [TEST_STEP][PASSED] - sendKeys(findTestObject("Input/username"), USERNAME): Keys 'narendra.n@imimobile.com' sent to object: 'Object Repository/Input/username'&#xD;
&#xD;
2020-06-23 12:17:10 - [MESSAGE][PASSED] - Keys 'narendra.n@imimobile.com' sent to object: 'Object Repository/Input/username'&#xD;
&#xD;
2020-06-23 12:17:10 - [TEST_STEP][PASSED] - sendKeys(findTestObject("Input/password"), PASSWORD): Keys 'Test@2020' sent to object: 'Object Repository/Input/password'&#xD;
&#xD;
2020-06-23 12:17:12 - [MESSAGE][PASSED] - Keys 'Test@2020' sent to object: 'Object Repository/Input/password'&#xD;
&#xD;
2020-06-23 12:17:12 - [TEST_STEP][PASSED] - click(findTestObject("Button/signIn")): Object: 'Object Repository/Button/signIn' is clicked on&#xD;
&#xD;
2020-06-23 12:17:15 - [MESSAGE][PASSED] - Object: 'Object Repository/Button/signIn' is clicked on&#xD;
&#xD;
2020-06-23 12:17:15 - [TEST_STEP][PASSED] - if (!(waitForElementPresent(findTestObject("Button/createBot"), 30, OPTIONAL))): Object 'Object Repository/Button/createBot' is present&#xD;
&#xD;
2020-06-23 12:17:31 - [MESSAGE][PASSED] - Object 'Object Repository/Button/createBot' is present&#xD;
&#xD;
2020-06-23 12:17:31 - [MESSAGE][PASSED] - Call Test Case 'Test Cases/Generic/successfulLogin_Test' successfully&#xD;
&#xD;
2020-06-23 12:17:31 - [TEST_STEP][PASSED] - platform.Method.toClickOnWebElement(findTestObject("Generic/webObjectWithText", ["textValue":"Task bots"])): platform.Method.toClickOnWebElement is PASSED&#xD;
&#xD;
2020-06-23 12:17:34 - [MESSAGE][PASSED] - Object: 'Object Repository/Generic/webObjectWithText' is clicked on&#xD;
&#xD;
2020-06-23 12:17:34 - [MESSAGE][PASSED] - platform.Method.toClickOnWebElement is PASSED&#xD;
&#xD;
2020-06-23 12:17:34 - [TEST_STEP][PASSED] - platform.Method.toClickOnWebElement(findTestObject("Button/createBot")): platform.Method.toClickOnWebElement is PASSED&#xD;
&#xD;
2020-06-23 12:17:37 - [MESSAGE][PASSED] - Object: 'Object Repository/Button/createBot' is clicked on&#xD;
&#xD;
2020-06-23 12:17:37 - [MESSAGE][PASSED] - platform.Method.toClickOnWebElement is PASSED&#xD;
&#xD;
2020-06-23 12:17:37 - [TEST_STEP][PASSED] - sendKeys(findTestObject("Input/botName"), nameOfTheBot): Keys 'New Default Intent' sent to object: 'Object Repository/Input/botName'&#xD;
&#xD;
2020-06-23 12:17:40 - [MESSAGE][PASSED] - Keys 'New Default Intent' sent to object: 'Object Repository/Input/botName'&#xD;
&#xD;
2020-06-23 12:17:40 - [TEST_STEP][PASSED] - platform.Method.toClickOnWebElement(findTestObject("Toggle/feedback")): platform.Method.toClickOnWebElement is PASSED&#xD;
&#xD;
2020-06-23 12:17:42 - [MESSAGE][PASSED] - Object: 'Object Repository/Toggle/feedback' is clicked on&#xD;
&#xD;
2020-06-23 12:17:42 - [MESSAGE][PASSED] - platform.Method.toClickOnWebElement is PASSED&#xD;
&#xD;
2020-06-23 12:17:42 - [TEST_STEP][PASSED] - platform.Method.toClickOnWebElement(findTestObject("Button/done")): platform.Method.toClickOnWebElement is PASSED&#xD;
&#xD;
2020-06-23 12:17:45 - [MESSAGE][PASSED] - Object: 'Object Repository/Button/done' is clicked on&#xD;
&#xD;
2020-06-23 12:17:45 - [MESSAGE][PASSED] - platform.Method.toClickOnWebElement is PASSED&#xD;
&#xD;
2020-06-23 12:17:45 - [TEST_STEP][PASSED] - waitForElementVisible(findTestObject("Generic/modelState"), 60, OPTIONAL): Object 'Object Repository/Generic/modelState' is visible&#xD;
&#xD;
2020-06-23 12:17:55 - [MESSAGE][PASSED] - Object 'Object Repository/Generic/modelState' is visible&#xD;
&#xD;
2020-06-23 12:17:55 - [TEST_STEP][PASSED] - verifyElementText(findTestObject("Generic/modelState"), "Trained", STOP_ON_FAILURE): Actual text and expected text of test object 'Object Repository/Generic/modelState' are matched.&#xD;
&#xD;
2020-06-23 12:17:57 - [MESSAGE][PASSED] - Actual text and expected text of test object 'Object Repository/Generic/modelState' are matched.&#xD;
&#xD;
2020-06-23 12:17:57 - [MESSAGE][PASSED] - Call Test Case 'Test Cases/Taskbot/botCreation_Test' successfully&#xD;
&#xD;
2020-06-23 12:17:57 - [TEST_STEP][PASSED] - verifyElementPresent(findTestObject("Generic/webObjectWithText", ["textValue":"Default fallback intent"]), 10, STOP_ON_FAILURE): Object 'Object Repository/Generic/webObjectWithText' is present&#xD;
&#xD;
2020-06-23 12:17:58 - [MESSAGE][PASSED] - Object 'Object Repository/Generic/webObjectWithText' is present&#xD;
&#xD;
2020-06-23 12:17:58 - [TEST_STEP][PASSED] - platform.Method.clickOnElement(findTestObject("Generic/webObjectWithText", ["textValue":"Default fallback intent"])): platform.Method.clickOnElement is PASSED&#xD;
&#xD;
2020-06-23 12:18:01 - [MESSAGE][PASSED] - platform.Method.clickOnElement is PASSED&#xD;
&#xD;
2020-06-23 12:18:01 - [TEST_STEP][PASSED] - verifyElementText(findTestObject("Generic/header"), "Default fallback intent", STOP_ON_FAILURE): Actual text and expected text of test object 'Object Repository/Generic/header' are matched.&#xD;
&#xD;
2020-06-23 12:18:03 - [MESSAGE][PASSED] - Actual text and expected text of test object 'Object Repository/Generic/header' are matched.&#xD;
&#xD;
2020-06-23 12:18:03 - [TEST_STEP][PASSED] - verifyElementAttributeValue(findTestObject("Input/intentName"), "readonly", "true", 10, STOP_ON_FAILURE): Object 'Object Repository/Input/intentName' has attribute 'readonly' with value 'true'&#xD;
&#xD;
2020-06-23 12:18:06 - [MESSAGE][PASSED] - Object 'Object Repository/Input/intentName' has attribute 'readonly' with value 'true'&#xD;
&#xD;
2020-06-23 12:18:06 - [TEST_STEP][PASSED] - verifyElementAttributeValue(findTestObject("Input/finalTempKey"), "readonly", "true", 10, STOP_ON_FAILURE): Object 'Object Repository/Input/finalTempKey' has attribute 'readonly' with value 'true'&#xD;
&#xD;
2020-06-23 12:18:10 - [MESSAGE][PASSED] - Object 'Object Repository/Input/finalTempKey' has attribute 'readonly' with value 'true'&#xD;
&#xD;
2020-06-23 12:18:10 - [TEST_STEP][PASSED] - testData = findTestData("Data Files/testData_Task"): null&#xD;
&#xD;
2020-06-23 12:18:10 - [TEST_STEP][PASSED] - for ([count = 1, count &lt; testData.getRowNumbers(), (count++)]): null&#xD;
&#xD;
2020-06-23 12:18:10 - [TEST_STEP][PASSED] - if (testData.getValue("default_intent_utterance", count) == ""): null&#xD;
&#xD;
2020-06-23 12:18:10 - [TEST_STEP][PASSED] - else: Object 'Object Repository/Button/addUtterance' does not have attribute 'disabled'&#xD;
&#xD;
2020-06-23 12:18:10 - [TEST_STEP][PASSED] - sendKeys(findTestObject("Input/utterance"), testData.getValue("default_intent_utterance", count)): Keys 'Trigger fallback if I'm asked by user' sent to object: 'Object Repository/Input/utterance'&#xD;
&#xD;
2020-06-23 12:18:13 - [MESSAGE][PASSED] - Keys 'Trigger fallback if I'm asked by user' sent to object: 'Object Repository/Input/utterance'&#xD;
&#xD;
2020-06-23 12:18:13 - [TEST_STEP][PASSED] - platform.Method.clickOnElement(findTestObject("Button/addUtterance")): platform.Method.clickOnElement is PASSED&#xD;
&#xD;
2020-06-23 12:18:15 - [MESSAGE][PASSED] - platform.Method.clickOnElement is PASSED&#xD;
&#xD;
2020-06-23 12:18:15 - [TEST_STEP][PASSED] - waitForElementHasAttribute(findTestObject("Button/addUtterance"), "disabled", 20): Object 'Object Repository/Button/addUtterance' does not have attribute 'disabled'&#xD;
&#xD;
2020-06-23 12:18:37 - [MESSAGE][WARNING] - Object 'Object Repository/Button/addUtterance' does not have attribute 'disabled'&#xD;
&#xD;
2020-06-23 12:18:37 - [TEST_STEP][PASSED] - if (testData.getValue("default_intent_utterance", count) == ""): null&#xD;
&#xD;
2020-06-23 12:18:37 - [TEST_STEP][PASSED] - else: Object 'Object Repository/Button/addUtterance' does not have attribute 'disabled'&#xD;
&#xD;
2020-06-23 12:18:37 - [TEST_STEP][PASSED] - sendKeys(findTestObject("Input/utterance"), testData.getValue("default_intent_utterance", count)): Keys 'default utterance test' sent to object: 'Object Repository/Input/utterance'&#xD;
&#xD;
2020-06-23 12:18:40 - [MESSAGE][PASSED] - Keys 'default utterance test' sent to object: 'Object Repository/Input/utterance'&#xD;
&#xD;
2020-06-23 12:18:40 - [TEST_STEP][PASSED] - platform.Method.clickOnElement(findTestObject("Button/addUtterance")): platform.Method.clickOnElement is PASSED&#xD;
&#xD;
2020-06-23 12:18:42 - [MESSAGE][PASSED] - platform.Method.clickOnElement is PASSED&#xD;
&#xD;
2020-06-23 12:18:42 - [TEST_STEP][PASSED] - waitForElementHasAttribute(findTestObject("Button/addUtterance"), "disabled", 20): Object 'Object Repository/Button/addUtterance' does not have attribute 'disabled'&#xD;
&#xD;
2020-06-23 12:19:04 - [MESSAGE][WARNING] - Object 'Object Repository/Button/addUtterance' does not have attribute 'disabled'&#xD;
&#xD;
2020-06-23 12:19:04 - [TEST_STEP][PASSED] - if (testData.getValue("default_intent_utterance", count) == ""): null&#xD;
&#xD;
2020-06-23 12:19:04 - [TEST_STEP][PASSED] - else: Object 'Object Repository/Button/addUtterance' does not have attribute 'disabled'&#xD;
&#xD;
2020-06-23 12:19:04 - [TEST_STEP][PASSED] - sendKeys(findTestObject("Input/utterance"), testData.getValue("default_intent_utterance", count)): Keys 'test of none intent' sent to object: 'Object Repository/Input/utterance'&#xD;
&#xD;
2020-06-23 12:19:06 - [MESSAGE][PASSED] - Keys 'test of none intent' sent to object: 'Object Repository/Input/utterance'&#xD;
&#xD;
2020-06-23 12:19:06 - [TEST_STEP][PASSED] - platform.Method.clickOnElement(findTestObject("Button/addUtterance")): platform.Method.clickOnElement is PASSED&#xD;
&#xD;
2020-06-23 12:19:09 - [MESSAGE][PASSED] - platform.Method.clickOnElement is PASSED&#xD;
&#xD;
2020-06-23 12:19:09 - [TEST_STEP][PASSED] - waitForElementHasAttribute(findTestObject("Button/addUtterance"), "disabled", 20): Object 'Object Repository/Button/addUtterance' does not have attribute 'disabled'&#xD;
&#xD;
2020-06-23 12:19:31 - [MESSAGE][WARNING] - Object 'Object Repository/Button/addUtterance' does not have attribute 'disabled'&#xD;
&#xD;
2020-06-23 12:19:31 - [TEST_STEP][PASSED] - if (testData.getValue("default_intent_utterance", count) == ""): null&#xD;
&#xD;
2020-06-23 12:19:31 - [TEST_STEP][PASSED] - break: null&#xD;
&#xD;
2020-06-23 12:19:31 - [TEST_STEP][PASSED] - platform.Method.clickOnElement(findTestObject("Button/save", ["value":" Save "])): platform.Method.clickOnElement is PASSED&#xD;
&#xD;
2020-06-23 12:19:33 - [MESSAGE][PASSED] - platform.Method.clickOnElement is PASSED&#xD;
&#xD;
2020-06-23 12:19:33 - [TEST_STEP][PASSED] - platform.Method.clickOnElement(findTestObject("NewRepo/intentGoBack")): platform.Method.clickOnElement is PASSED&#xD;
&#xD;
2020-06-23 12:19:35 - [MESSAGE][PASSED] - platform.Method.clickOnElement is PASSED&#xD;
&#xD;
2020-06-23 12:19:35 - [TEST_STEP][PASSED] - platform.Method.trainAndComment(testData.getValue("comment", 6)): platform.Method.trainAndComment is PASSED&#xD;
&#xD;
2020-06-23 12:19:42 - [MESSAGE][PASSED] - Keys 'edited none intent' sent to object: 'Object Repository/Input/comment'&#xD;
&#xD;
2020-06-23 12:19:44 - [MESSAGE][PASSED] - platform.Method.trainAndComment is PASSED&#xD;
&#xD;
2020-06-23 12:19:44 - [TEST_STEP][PASSED] - verifyElementPresent(findTestObject("ICONS/toastMsg"), 30, STOP_ON_FAILURE): Object 'Object Repository/ICONS/toastMsg' is present&#xD;
&#xD;
2020-06-23 12:19:46 - [MESSAGE][PASSED] - Object 'Object Repository/ICONS/toastMsg' is present&#xD;
&#xD;
2020-06-23 12:19:46 - [TEST_STEP][PASSED] - platform.Method.clickOnElement(findTestObject("Button/preview")): platform.Method.clickOnElement is PASSED&#xD;
&#xD;
2020-06-23 12:19:48 - [MESSAGE][PASSED] - platform.Method.clickOnElement is PASSED&#xD;
&#xD;
2020-06-23 12:19:48 - [TEST_STEP][PASSED] - sendKeys(findTestObject("Input/chatInput"), Keys.chord("default test utterance", ENTER)): Keys 'ENTER + default test utterance' sent to object: 'Object Repository/Input/chatInput'&#xD;
&#xD;
2020-06-23 12:19:51 - [MESSAGE][PASSED] - Keys 'ENTER + default test utterance' sent to object: 'Object Repository/Input/chatInput'&#xD;
&#xD;
2020-06-23 12:19:51 - [TEST_STEP][PASSED] - delay(3): Delayed 3 second(s)&#xD;
&#xD;
2020-06-23 12:19:54 - [MESSAGE][PASSED] - Delayed 3 second(s)&#xD;
&#xD;
2020-06-23 12:19:54 - [TEST_STEP][PASSED] - verifyElementText(findTestObject("GenericII/getBotResponse", ["index":2]), botResponse, STOP_ON_FAILURE): Actual text and expected text of test object 'Object Repository/GenericII/getBotResponse' are matched.&#xD;
&#xD;
2020-06-23 12:19:56 - [MESSAGE][PASSED] - Actual text and expected text of test object 'Object Repository/GenericII/getBotResponse' are matched.&#xD;
&#xD;
2020-06-23 12:19:56 - [TEST_STEP][PASSED] - roomID = new java.util.ArrayList(): null&#xD;
&#xD;
2020-06-23 12:19:56 - [TEST_STEP][PASSED] - roomID = platform.Utility.getRoomID(): platform.Utility.getRoomID is PASSED&#xD;
&#xD;
2020-06-23 12:20:01 - [MESSAGE][PASSED] - platform.Utility.getRoomID is PASSED&#xD;
&#xD;
2020-06-23 12:20:01 - [TEST_STEP][PASSED] - platform.Method.clickOnElement(findTestObject("GenericII/minimize")): platform.Method.clickOnElement is PASSED&#xD;
&#xD;
2020-06-23 12:20:03 - [MESSAGE][PASSED] - platform.Method.clickOnElement is PASSED&#xD;
&#xD;
2020-06-23 12:20:03 - [TEST_STEP][PASSED] - platform.Method.clickOnElement(findTestObject("Generic/curation")): platform.Method.clickOnElement is PASSED&#xD;
&#xD;
2020-06-23 12:20:06 - [MESSAGE][PASSED] - platform.Method.clickOnElement is PASSED&#xD;
&#xD;
2020-06-23 12:20:06 - [TEST_STEP][PASSED] - platform.Method.clickOnElement(findTestObject("Generic/webObjectWithText", ["textValue":"Issues"])): platform.Method.clickOnElement is PASSED&#xD;
&#xD;
2020-06-23 12:20:08 - [MESSAGE][PASSED] - platform.Method.clickOnElement is PASSED&#xD;
&#xD;
2020-06-23 12:20:08 - [TEST_STEP][PASSED] - platform.Method.clickOnElement(findTestObject("GenericII/filterByIntentOnCuration")): platform.Method.clickOnElement is PASSED&#xD;
&#xD;
2020-06-23 12:20:11 - [MESSAGE][PASSED] - platform.Method.clickOnElement is PASSED&#xD;
&#xD;
2020-06-23 12:20:11 - [TEST_STEP][PASSED] - platform.Method.clickOnElement(findTestObject("Generic/webObjectWithText", ["textValue":"Default fallback intent"])): platform.Method.clickOnElement is PASSED&#xD;
&#xD;
2020-06-23 12:20:13 - [MESSAGE][PASSED] - platform.Method.clickOnElement is PASSED&#xD;
&#xD;
2020-06-23 12:20:13 - [TEST_STEP][PASSED] - platform.Method.clickOnElement(findTestObject("Button/filter")): platform.Method.clickOnElement is PASSED&#xD;
&#xD;
2020-06-23 12:20:15 - [MESSAGE][PASSED] - platform.Method.clickOnElement is PASSED&#xD;
&#xD;
2020-06-23 12:20:15 - [TEST_STEP][PASSED] - verifyTextNotPresent(get(0).toString(), false, STOP_ON_FAILURE): Text '1980311' is not present on page&#xD;
&#xD;
2020-06-23 12:20:18 - [MESSAGE][PASSED] - Text '1980311' is not present on page&#xD;
&#xD;
2020-06-23 12:20:18 - [TEST_STEP][PASSED] - platform.Method.clickOnElement(findTestObject("NewRepo2/settingsOnCuration")): platform.Method.clickOnElement is PASSED&#xD;
&#xD;
2020-06-23 12:20:20 - [MESSAGE][PASSED] - platform.Method.clickOnElement is PASSED&#xD;
&#xD;
2020-06-23 12:20:20 - [TEST_STEP][PASSED] - platform.Method.clickOnElement(findTestObject("Toggle/noneIntent")): platform.Method.clickOnElement is PASSED&#xD;
&#xD;
2020-06-23 12:20:23 - [MESSAGE][PASSED] - platform.Method.clickOnElement is PASSED&#xD;
&#xD;
2020-06-23 12:20:23 - [TEST_STEP][PASSED] - platform.Method.clickOnElement(findTestObject("Button/updateSettings")): platform.Method.clickOnElement is PASSED&#xD;
&#xD;
2020-06-23 12:20:25 - [MESSAGE][PASSED] - platform.Method.clickOnElement is PASSED&#xD;
&#xD;
2020-06-23 12:20:25 - [TEST_STEP][PASSED] - platform.Method.clickOnElement(findTestObject("Generic/webObjectWithText", ["textValue":"Issues"])): platform.Method.clickOnElement is PASSED&#xD;
&#xD;
2020-06-23 12:20:27 - [MESSAGE][PASSED] - platform.Method.clickOnElement is PASSED&#xD;
&#xD;
2020-06-23 12:20:27 - [TEST_STEP][PASSED] - platform.Method.clickOnElement(findTestObject("Button/preview")): platform.Method.clickOnElement is PASSED&#xD;
&#xD;
2020-06-23 12:20:30 - [MESSAGE][PASSED] - platform.Method.clickOnElement is PASSED&#xD;
&#xD;
2020-06-23 12:20:30 - [TEST_STEP][PASSED] - sendKeys(findTestObject("Input/chatInput"), Keys.chord(testData.getValue("default_intent_utterance", 1), ENTER)): Keys 'ENTER + Trigger fallback if I'm asked by user' sent to object: 'Object Repository/Input/chatInput'&#xD;
&#xD;
2020-06-23 12:20:33 - [MESSAGE][PASSED] - Keys 'ENTER + Trigger fallback if I'm asked by user' sent to object: 'Object Repository/Input/chatInput'&#xD;
&#xD;
2020-06-23 12:20:33 - [TEST_STEP][PASSED] - waitForElementPresent(findTestObject("GenericII/getBotResponse", ["index":2]), 15, OPTIONAL): Object 'Object Repository/GenericII/getBotResponse' is present&#xD;
&#xD;
2020-06-23 12:20:34 - [MESSAGE][PASSED] - Object 'Object Repository/GenericII/getBotResponse' is present&#xD;
&#xD;
2020-06-23 12:20:34 - [TEST_STEP][PASSED] - verifyElementText(findTestObject("GenericII/getBotResponse", ["index":2]), botResponse, STOP_ON_FAILURE): Actual text and expected text of test object 'Object Repository/GenericII/getBotResponse' are matched.&#xD;
&#xD;
2020-06-23 12:20:36 - [MESSAGE][PASSED] - Actual text and expected text of test object 'Object Repository/GenericII/getBotResponse' are matched.&#xD;
&#xD;
2020-06-23 12:20:36 - [TEST_STEP][PASSED] - newRoomID = new java.util.ArrayList(): null&#xD;
&#xD;
2020-06-23 12:20:36 - [TEST_STEP][PASSED] - newRoomID = platform.Utility.getRoomID(): platform.Utility.getRoomID is PASSED&#xD;
&#xD;
2020-06-23 12:20:42 - [MESSAGE][PASSED] - platform.Utility.getRoomID is PASSED&#xD;
&#xD;
2020-06-23 12:20:42 - [TEST_STEP][PASSED] - platform.Method.clickOnElement(findTestObject("GenericII/minimize")): platform.Method.clickOnElement is PASSED&#xD;
&#xD;
2020-06-23 12:20:44 - [MESSAGE][PASSED] - platform.Method.clickOnElement is PASSED&#xD;
&#xD;
2020-06-23 12:20:44 - [TEST_STEP][PASSED] - platform.Method.clickOnElement(findTestObject("NewRepo/refresh")): platform.Method.clickOnElement is PASSED&#xD;
&#xD;
2020-06-23 12:20:46 - [MESSAGE][PASSED] - platform.Method.clickOnElement is PASSED&#xD;
&#xD;
2020-06-23 12:20:46 - [TEST_STEP][PASSED] - verifyTextPresent(get(0).toString(), false, STOP_ON_FAILURE): Text '1980312' is present on page &#xD;
&#xD;
2020-06-23 12:20:49 - [MESSAGE][PASSED] - Text '1980312' is present on page &#xD;
&#xD;
2020-06-23 12:20:49 - [TEST_STEP][PASSED] - platform.Method.clickOnElement(findTestObject("Generic/training")): platform.Method.clickOnElement is PASSED&#xD;
&#xD;
2020-06-23 12:20:51 - [MESSAGE][PASSED] - platform.Method.clickOnElement is PASSED&#xD;
&#xD;
2020-06-23 12:20:51 - [TEST_STEP][PASSED] - platform.Method.clickOnElement(findTestObject("Generic/webObjectWithText", ["textValue":"Default fallback intent"])): platform.Method.clickOnElement is PASSED&#xD;
&#xD;
2020-06-23 12:20:54 - [MESSAGE][PASSED] - platform.Method.clickOnElement is PASSED&#xD;
&#xD;
2020-06-23 12:20:54 - [TEST_STEP][PASSED] - utterance = findWebElements(findTestObject("Slots/listOfUtterance"), 10): null&#xD;
&#xD;
2020-06-23 12:20:55 - [TEST_STEP][PASSED] - for ([count = 0, count &lt; utterance.size(), (count++)]): Delayed 1 second(s)&#xD;
&#xD;
2020-06-23 12:20:55 - [TEST_STEP][PASSED] - mouseOver(convertWebElementToTestObject(utterance.get(count))): Object: 'div' is hovered&#xD;
&#xD;
2020-06-23 12:20:59 - [MESSAGE][PASSED] - Object: 'div' is hovered&#xD;
&#xD;
2020-06-23 12:20:59 - [TEST_STEP][PASSED] - platform.Method.clickOnElement(findTestObject("NewRepo2/trashIconOnUtterance")): platform.Method.clickOnElement is PASSED&#xD;
&#xD;
2020-06-23 12:21:02 - [MESSAGE][PASSED] - platform.Method.clickOnElement is PASSED&#xD;
&#xD;
2020-06-23 12:21:02 - [TEST_STEP][PASSED] - delay(1): Delayed 1 second(s)&#xD;
&#xD;
2020-06-23 12:21:03 - [MESSAGE][PASSED] - Delayed 1 second(s)&#xD;
&#xD;
2020-06-23 12:21:03 - [TEST_STEP][PASSED] - mouseOver(convertWebElementToTestObject(utterance.get(count))): Object: 'div' is hovered&#xD;
&#xD;
2020-06-23 12:21:07 - [MESSAGE][PASSED] - Object: 'div' is hovered&#xD;
&#xD;
2020-06-23 12:21:07 - [TEST_STEP][PASSED] - platform.Method.clickOnElement(findTestObject("NewRepo2/trashIconOnUtterance")): platform.Method.clickOnElement is PASSED&#xD;
&#xD;
2020-06-23 12:21:09 - [MESSAGE][PASSED] - platform.Method.clickOnElement is PASSED&#xD;
&#xD;
2020-06-23 12:21:09 - [TEST_STEP][PASSED] - delay(1): Delayed 1 second(s)&#xD;
&#xD;
2020-06-23 12:21:10 - [MESSAGE][PASSED] - Delayed 1 second(s)&#xD;
&#xD;
2020-06-23 12:21:10 - [TEST_STEP][PASSED] - mouseOver(convertWebElementToTestObject(utterance.get(count))): Object: 'div' is hovered&#xD;
&#xD;
2020-06-23 12:21:14 - [MESSAGE][PASSED] - Object: 'div' is hovered&#xD;
&#xD;
2020-06-23 12:21:14 - [TEST_STEP][PASSED] - platform.Method.clickOnElement(findTestObject("NewRepo2/trashIconOnUtterance")): platform.Method.clickOnElement is PASSED&#xD;
&#xD;
2020-06-23 12:21:16 - [MESSAGE][PASSED] - platform.Method.clickOnElement is PASSED&#xD;
&#xD;
2020-06-23 12:21:16 - [TEST_STEP][PASSED] - delay(1): Delayed 1 second(s)&#xD;
&#xD;
2020-06-23 12:21:17 - [MESSAGE][PASSED] - Delayed 1 second(s)&#xD;
&#xD;
2020-06-23 12:21:17 - [TEST_STEP][PASSED] - platform.Method.clickOnElement(findTestObject("Button/save", ["value":" Save "])): platform.Method.clickOnElement is PASSED&#xD;
&#xD;
2020-06-23 12:21:20 - [MESSAGE][PASSED] - platform.Method.clickOnElement is PASSED&#xD;
&#xD;
2020-06-23 12:21:20 - [TEST_STEP][PASSED] - platform.Method.clickOnElement(findTestObject("NewRepo/intentGoBack")): platform.Method.clickOnElement is PASSED&#xD;
&#xD;
2020-06-23 12:21:22 - [MESSAGE][PASSED] - platform.Method.clickOnElement is PASSED&#xD;
&#xD;
2020-06-23 12:21:22 - [TEST_STEP][PASSED] - sendKeys(findTestObject("Input/searchUtterance"), "0"): Keys '0' sent to object: 'Object Repository/Input/searchUtterance'&#xD;
&#xD;
2020-06-23 12:21:24 - [MESSAGE][PASSED] - Keys '0' sent to object: 'Object Repository/Input/searchUtterance'&#xD;
&#xD;
2020-06-23 12:21:24 - [TEST_STEP][PASSED] - verifyElementText(findTestObject("Generic/listOfIntents"), "Default fallback intent", STOP_ON_FAILURE): Actual text and expected text of test object 'Object Repository/Generic/listOfIntents' are matched.&#xD;
&#xD;
2020-06-23 12:21:27 - [MESSAGE][PASSED] - Actual text and expected text of test object 'Object Repository/Generic/listOfIntents' are matched.</system-out>
            <system-err></system-err>
        </testcase>
        <testcase name="Test Cases/Taskbot/globalSearchOnTraining_Test" classname="Test Cases/Taskbot/globalSearchOnTraining_Test" status="PASSED">
            <system-out>2020-06-23 12:21:27 - [TEST_CASE][PASSED] - Test Cases/Taskbot/globalSearchOnTraining_Test: Test Cases/Taskbot/globalSearchOnTraining_Test&#xD;
&#xD;
2020-06-23 12:21:27 - [TEST_STEP][PASSED] - Start listener action : setUp: Current window maximized&#xD;
&#xD;
2020-06-23 12:21:27 - [TEST_STEP][PASSED] - openBrowser(URL): Browser is opened with url: 'preprod.imibot.ai'&#xD;
&#xD;
2020-06-23 12:21:27 - [MESSAGE][WARNING] - A browser is already opened. Closing browser and opening a new one&#xD;
&#xD;
2020-06-23 12:21:29 - [MESSAGE][INFO] - Starting 'Chrome' driver&#xD;
&#xD;
2020-06-23 12:21:29 - [MESSAGE][INFO] - User set preference: ['args', '[--start-maximized]']&#xD;
&#xD;
2020-06-23 12:21:40 - [MESSAGE][PASSED] - Browser is opened with url: 'preprod.imibot.ai'&#xD;
&#xD;
2020-06-23 12:21:40 - [TEST_STEP][PASSED] - maximizeWindow(): Current window maximized&#xD;
&#xD;
2020-06-23 12:21:42 - [MESSAGE][PASSED] - Current window maximized&#xD;
&#xD;
2020-06-23 12:21:42 - [TEST_STEP][PASSED] - callTestCase(findTestCase("Generic/successfulLogin_Test"), [:], STOP_ON_FAILURE): Call Test Case 'Test Cases/Generic/successfulLogin_Test' successfully&#xD;
&#xD;
2020-06-23 12:21:42 - [TEST_CASE][PASSED] - Test Cases/Generic/successfulLogin_Test: Test Cases/Generic/successfulLogin_Test&#xD;
&#xD;
2020-06-23 12:21:42 - [TEST_STEP][PASSED] - sendKeys(findTestObject("Input/username"), USERNAME): Keys 'narendra.n@imimobile.com' sent to object: 'Object Repository/Input/username'&#xD;
&#xD;
2020-06-23 12:21:45 - [MESSAGE][PASSED] - Keys 'narendra.n@imimobile.com' sent to object: 'Object Repository/Input/username'&#xD;
&#xD;
2020-06-23 12:21:45 - [TEST_STEP][PASSED] - sendKeys(findTestObject("Input/password"), PASSWORD): Keys 'Test@2020' sent to object: 'Object Repository/Input/password'&#xD;
&#xD;
2020-06-23 12:21:48 - [MESSAGE][PASSED] - Keys 'Test@2020' sent to object: 'Object Repository/Input/password'&#xD;
&#xD;
2020-06-23 12:21:48 - [TEST_STEP][PASSED] - click(findTestObject("Button/signIn")): Object: 'Object Repository/Button/signIn' is clicked on&#xD;
&#xD;
2020-06-23 12:21:50 - [MESSAGE][PASSED] - Object: 'Object Repository/Button/signIn' is clicked on&#xD;
&#xD;
2020-06-23 12:21:50 - [TEST_STEP][PASSED] - if (!(waitForElementPresent(findTestObject("Button/createBot"), 30, OPTIONAL))): Object 'Object Repository/Button/createBot' is present&#xD;
&#xD;
2020-06-23 12:22:06 - [MESSAGE][PASSED] - Object 'Object Repository/Button/createBot' is present&#xD;
&#xD;
2020-06-23 12:22:06 - [MESSAGE][PASSED] - Call Test Case 'Test Cases/Generic/successfulLogin_Test' successfully&#xD;
&#xD;
2020-06-23 12:22:06 - [TEST_STEP][PASSED] - platform.Method.navigateToBot("Task bots", NONE_INTENT): platform.Method.navigateToBot is PASSED&#xD;
&#xD;
2020-06-23 12:22:07 - [MESSAGE][PASSED] - Object 'Object Repository/Button/createBot' is present&#xD;
&#xD;
2020-06-23 12:22:10 - [MESSAGE][INFO] - Performing click action on bot&#xD;
&#xD;
2020-06-23 12:22:12 - [MESSAGE][PASSED] - platform.Method.navigateToBot is PASSED&#xD;
&#xD;
2020-06-23 12:22:12 - [TEST_STEP][PASSED] - platform.Method.clickOnElement(findTestObject("Generic/training")): platform.Method.clickOnElement is PASSED&#xD;
&#xD;
2020-06-23 12:22:17 - [MESSAGE][PASSED] - platform.Method.clickOnElement is PASSED&#xD;
&#xD;
2020-06-23 12:22:17 - [TEST_STEP][PASSED] - platform.Method.clickOnElement(findTestObject("Generic/webObjectWithText", ["textValue":"Entities"])): platform.Method.clickOnElement is PASSED&#xD;
&#xD;
2020-06-23 12:22:19 - [MESSAGE][PASSED] - platform.Method.clickOnElement is PASSED&#xD;
&#xD;
2020-06-23 12:22:19 - [TEST_STEP][PASSED] - testData = findTestData("Data Files/testData_Task"): null&#xD;
&#xD;
2020-06-23 12:22:20 - [TEST_STEP][PASSED] - for ([count = 1, count &lt;= testData.getRowNumbers(), (count++)]): null&#xD;
&#xD;
2020-06-23 12:22:20 - [TEST_STEP][PASSED] - if (testData.getValue("global_entity_name", count) != ""): Delayed 1 second(s)&#xD;
&#xD;
2020-06-23 12:22:20 - [TEST_STEP][PASSED] - platform.Method.clickOnElement(findTestObject("Button/createEntity")): platform.Method.clickOnElement is PASSED&#xD;
&#xD;
2020-06-23 12:22:22 - [MESSAGE][PASSED] - platform.Method.clickOnElement is PASSED&#xD;
&#xD;
2020-06-23 12:22:22 - [TEST_STEP][PASSED] - sendKeys(findTestObject("Input/entityName"), testData.getValue("global_entity_name", count)): Keys 'date' sent to object: 'Object Repository/Input/entityName'&#xD;
&#xD;
2020-06-23 12:22:24 - [MESSAGE][PASSED] - Keys 'date' sent to object: 'Object Repository/Input/entityName'&#xD;
&#xD;
2020-06-23 12:22:24 - [TEST_STEP][PASSED] - platform.Method.clickOnElement(findTestObject("Generic/listOfEntity")): platform.Method.clickOnElement is PASSED&#xD;
&#xD;
2020-06-23 12:22:27 - [MESSAGE][PASSED] - platform.Method.clickOnElement is PASSED&#xD;
&#xD;
2020-06-23 12:22:27 - [TEST_STEP][PASSED] - if (verifyElementNotVisible(findTestObject("Generic/webObjectWithText", ["textValue":testData.getValue("global_entity_type", count)]), OPTIONAL)): Object 'Object Repository/Generic/webObjectWithText' is visible (Root cause: com.kms.katalon.core.exception.StepFailedException: Object 'Object Repository/Generic/webObjectWithText' is visible&#xD;
	at com.kms.katalon.core.webui.keyword.internal.WebUIKeywordMain.stepFailed(WebUIKeywordMain.groovy:64)&#xD;
	at com.kms.katalon.core.webui.keyword.builtin.VerifyElementNotVisibleKeyword$_verifyElementNotVisible_closure1.doCall(VerifyElementNotVisibleKeyword.groovy:83)&#xD;
	at com.kms.katalon.core.webui.keyword.builtin.VerifyElementNotVisibleKeyword$_verifyElementNotVisible_closure1.call(VerifyElementNotVisibleKeyword.groovy)&#xD;
	at com.kms.katalon.core.webui.keyword.internal.WebUIKeywordMain.runKeyword(WebUIKeywordMain.groovy:20)&#xD;
	at com.kms.katalon.core.webui.keyword.builtin.VerifyElementNotVisibleKeyword.verifyElementNotVisible(VerifyElementNotVisibleKeyword.groovy:97)&#xD;
	at com.kms.katalon.core.webui.keyword.builtin.VerifyElementNotVisibleKeyword.execute(VerifyElementNotVisibleKeyword.groovy:67)&#xD;
	at com.kms.katalon.core.keyword.internal.KeywordExecutor.executeKeywordForPlatform(KeywordExecutor.groovy:56)&#xD;
	at com.kms.katalon.core.webui.keyword.WebUiBuiltInKeywords.verifyElementNotVisible(WebUiBuiltInKeywords.groovy:387)&#xD;
	at com.kms.katalon.core.webui.keyword.WebUiBuiltInKeywords$verifyElementNotVisible$26.call(Unknown Source)&#xD;
	at globalSearchOnTraining_Test.run(globalSearchOnTraining_Test:32)&#xD;
	at com.kms.katalon.core.main.ScriptEngine.run(ScriptEngine.java:194)&#xD;
	at com.kms.katalon.core.main.ScriptEngine.runScriptAsRawText(ScriptEngine.java:119)&#xD;
	at com.kms.katalon.core.main.TestCaseExecutor.runScript(TestCaseExecutor.java:337)&#xD;
	at com.kms.katalon.core.main.TestCaseExecutor.doExecute(TestCaseExecutor.java:328)&#xD;
	at com.kms.katalon.core.main.TestCaseExecutor.processExecutionPhase(TestCaseExecutor.java:307)&#xD;
	at com.kms.katalon.core.main.TestCaseExecutor.accessMainPhase(TestCaseExecutor.java:299)&#xD;
	at com.kms.katalon.core.main.TestCaseExecutor.execute(TestCaseExecutor.java:233)&#xD;
	at com.kms.katalon.core.main.TestSuiteExecutor.accessTestCaseMainPhase(TestSuiteExecutor.java:169)&#xD;
	at com.kms.katalon.core.main.TestSuiteExecutor.accessTestSuiteMainPhase(TestSuiteExecutor.java:142)&#xD;
	at com.kms.katalon.core.main.TestSuiteExecutor.execute(TestSuiteExecutor.java:91)&#xD;
	at com.kms.katalon.core.main.TestCaseMain.startTestSuite(TestCaseMain.java:157)&#xD;
	at com.kms.katalon.core.main.TestCaseMain$startTestSuite$0.call(Unknown Source)&#xD;
	at TempTestSuite1592890301834.run(TempTestSuite1592890301834.groovy:35)&#xD;
)&#xD;
&#xD;
2020-06-23 12:22:31 - [MESSAGE][WARNING] - Object 'Object Repository/Generic/webObjectWithText' is visible (Root cause: com.kms.katalon.core.exception.StepFailedException: Object 'Object Repository/Generic/webObjectWithText' is visible&#xD;
	at com.kms.katalon.core.webui.keyword.internal.WebUIKeywordMain.stepFailed(WebUIKeywordMain.groovy:64)&#xD;
	at com.kms.katalon.core.webui.keyword.builtin.VerifyElementNotVisibleKeyword$_verifyElementNotVisible_closure1.doCall(VerifyElementNotVisibleKeyword.groovy:83)&#xD;
	at com.kms.katalon.core.webui.keyword.builtin.VerifyElementNotVisibleKeyword$_verifyElementNotVisible_closure1.call(VerifyElementNotVisibleKeyword.groovy)&#xD;
	at com.kms.katalon.core.webui.keyword.internal.WebUIKeywordMain.runKeyword(WebUIKeywordMain.groovy:20)&#xD;
	at com.kms.katalon.core.webui.keyword.builtin.VerifyElementNotVisibleKeyword.verifyElementNotVisible(VerifyElementNotVisibleKeyword.groovy:97)&#xD;
	at com.kms.katalon.core.webui.keyword.builtin.VerifyElementNotVisibleKeyword.execute(VerifyElementNotVisibleKeyword.groovy:67)&#xD;
	at com.kms.katalon.core.keyword.internal.KeywordExecutor.executeKeywordForPlatform(KeywordExecutor.groovy:56)&#xD;
	at com.kms.katalon.core.webui.keyword.WebUiBuiltInKeywords.verifyElementNotVisible(WebUiBuiltInKeywords.groovy:387)&#xD;
	at com.kms.katalon.core.webui.keyword.WebUiBuiltInKeywords$verifyElementNotVisible$26.call(Unknown Source)&#xD;
	at globalSearchOnTraining_Test.run(globalSearchOnTraining_Test:32)&#xD;
	at com.kms.katalon.core.main.ScriptEngine.run(ScriptEngine.java:194)&#xD;
	at com.kms.katalon.core.main.ScriptEngine.runScriptAsRawText(ScriptEngine.java:119)&#xD;
	at com.kms.katalon.core.main.TestCaseExecutor.runScript(TestCaseExecutor.java:337)&#xD;
	at com.kms.katalon.core.main.TestCaseExecutor.doExecute(TestCaseExecutor.java:328)&#xD;
	at com.kms.katalon.core.main.TestCaseExecutor.processExecutionPhase(TestCaseExecutor.java:307)&#xD;
	at com.kms.katalon.core.main.TestCaseExecutor.accessMainPhase(TestCaseExecutor.java:299)&#xD;
	at com.kms.katalon.core.main.TestCaseExecutor.execute(TestCaseExecutor.java:233)&#xD;
	at com.kms.katalon.core.main.TestSuiteExecutor.accessTestCaseMainPhase(TestSuiteExecutor.java:169)&#xD;
	at com.kms.katalon.core.main.TestSuiteExecutor.accessTestSuiteMainPhase(TestSuiteExecutor.java:142)&#xD;
	at com.kms.katalon.core.main.TestSuiteExecutor.execute(TestSuiteExecutor.java:91)&#xD;
	at com.kms.katalon.core.main.TestCaseMain.startTestSuite(TestCaseMain.java:157)&#xD;
	at com.kms.katalon.core.main.TestCaseMain$startTestSuite$0.call(Unknown Source)&#xD;
	at TempTestSuite1592890301834.run(TempTestSuite1592890301834.groovy:35)&#xD;
)&#xD;
[[ATTACHMENT|D:\\IMIbot.ai-Project\\Reports\\20200623_110141\\Regression\\20200623_110141\\1592895149489.png]]&#xD;
&#xD;
2020-06-23 12:22:31 - [TEST_STEP][PASSED] - platform.Method.clickOnElement(findTestObject("Generic/webObjectWithText", ["textValue":testData.getValue("global_entity_type", count)])): platform.Method.clickOnElement is PASSED&#xD;
&#xD;
2020-06-23 12:22:33 - [MESSAGE][PASSED] - platform.Method.clickOnElement is PASSED&#xD;
&#xD;
2020-06-23 12:22:33 - [TEST_STEP][PASSED] - platform.Method.clickOnElement(findTestObject("Button/entityPageSaveButton")): platform.Method.clickOnElement is PASSED&#xD;
&#xD;
2020-06-23 12:22:35 - [MESSAGE][PASSED] - platform.Method.clickOnElement is PASSED&#xD;
&#xD;
2020-06-23 12:22:35 - [TEST_STEP][PASSED] - delay(1): Delayed 1 second(s)&#xD;
&#xD;
2020-06-23 12:22:36 - [MESSAGE][PASSED] - Delayed 1 second(s)&#xD;
&#xD;
2020-06-23 12:22:36 - [TEST_STEP][PASSED] - if (testData.getValue("global_entity_name", count) != ""): Delayed 1 second(s)&#xD;
&#xD;
2020-06-23 12:22:36 - [TEST_STEP][PASSED] - platform.Method.clickOnElement(findTestObject("Button/createEntity")): platform.Method.clickOnElement is PASSED&#xD;
&#xD;
2020-06-23 12:22:38 - [MESSAGE][PASSED] - platform.Method.clickOnElement is PASSED&#xD;
&#xD;
2020-06-23 12:22:38 - [TEST_STEP][PASSED] - sendKeys(findTestObject("Input/entityName"), testData.getValue("global_entity_name", count)): Keys 'time' sent to object: 'Object Repository/Input/entityName'&#xD;
&#xD;
2020-06-23 12:22:41 - [MESSAGE][PASSED] - Keys 'time' sent to object: 'Object Repository/Input/entityName'&#xD;
&#xD;
2020-06-23 12:22:41 - [TEST_STEP][PASSED] - platform.Method.clickOnElement(findTestObject("Generic/listOfEntity")): platform.Method.clickOnElement is PASSED&#xD;
&#xD;
2020-06-23 12:22:43 - [MESSAGE][PASSED] - platform.Method.clickOnElement is PASSED&#xD;
&#xD;
2020-06-23 12:22:43 - [TEST_STEP][PASSED] - if (verifyElementNotVisible(findTestObject("Generic/webObjectWithText", ["textValue":testData.getValue("global_entity_type", count)]), OPTIONAL)): Object 'Object Repository/Generic/webObjectWithText' is visible (Root cause: com.kms.katalon.core.exception.StepFailedException: Object 'Object Repository/Generic/webObjectWithText' is visible&#xD;
	at com.kms.katalon.core.webui.keyword.internal.WebUIKeywordMain.stepFailed(WebUIKeywordMain.groovy:64)&#xD;
	at com.kms.katalon.core.webui.keyword.builtin.VerifyElementNotVisibleKeyword$_verifyElementNotVisible_closure1.doCall(VerifyElementNotVisibleKeyword.groovy:83)&#xD;
	at com.kms.katalon.core.webui.keyword.builtin.VerifyElementNotVisibleKeyword$_verifyElementNotVisible_closure1.call(VerifyElementNotVisibleKeyword.groovy)&#xD;
	at com.kms.katalon.core.webui.keyword.internal.WebUIKeywordMain.runKeyword(WebUIKeywordMain.groovy:20)&#xD;
	at com.kms.katalon.core.webui.keyword.builtin.VerifyElementNotVisibleKeyword.verifyElementNotVisible(VerifyElementNotVisibleKeyword.groovy:97)&#xD;
	at com.kms.katalon.core.webui.keyword.builtin.VerifyElementNotVisibleKeyword.execute(VerifyElementNotVisibleKeyword.groovy:67)&#xD;
	at com.kms.katalon.core.keyword.internal.KeywordExecutor.executeKeywordForPlatform(KeywordExecutor.groovy:56)&#xD;
	at com.kms.katalon.core.webui.keyword.WebUiBuiltInKeywords.verifyElementNotVisible(WebUiBuiltInKeywords.groovy:387)&#xD;
	at com.kms.katalon.core.webui.keyword.WebUiBuiltInKeywords$verifyElementNotVisible$26.call(Unknown Source)&#xD;
	at globalSearchOnTraining_Test.run(globalSearchOnTraining_Test:32)&#xD;
	at com.kms.katalon.core.main.ScriptEngine.run(ScriptEngine.java:194)&#xD;
	at com.kms.katalon.core.main.ScriptEngine.runScriptAsRawText(ScriptEngine.java:119)&#xD;
	at com.kms.katalon.core.main.TestCaseExecutor.runScript(TestCaseExecutor.java:337)&#xD;
	at com.kms.katalon.core.main.TestCaseExecutor.doExecute(TestCaseExecutor.java:328)&#xD;
	at com.kms.katalon.core.main.TestCaseExecutor.processExecutionPhase(TestCaseExecutor.java:307)&#xD;
	at com.kms.katalon.core.main.TestCaseExecutor.accessMainPhase(TestCaseExecutor.java:299)&#xD;
	at com.kms.katalon.core.main.TestCaseExecutor.execute(TestCaseExecutor.java:233)&#xD;
	at com.kms.katalon.core.main.TestSuiteExecutor.accessTestCaseMainPhase(TestSuiteExecutor.java:169)&#xD;
	at com.kms.katalon.core.main.TestSuiteExecutor.accessTestSuiteMainPhase(TestSuiteExecutor.java:142)&#xD;
	at com.kms.katalon.core.main.TestSuiteExecutor.execute(TestSuiteExecutor.java:91)&#xD;
	at com.kms.katalon.core.main.TestCaseMain.startTestSuite(TestCaseMain.java:157)&#xD;
	at com.kms.katalon.core.main.TestCaseMain$startTestSuite$0.call(Unknown Source)&#xD;
	at TempTestSuite1592890301834.run(TempTestSuite1592890301834.groovy:35)&#xD;
)&#xD;
&#xD;
2020-06-23 12:22:47 - [MESSAGE][WARNING] - Object 'Object Repository/Generic/webObjectWithText' is visible (Root cause: com.kms.katalon.core.exception.StepFailedException: Object 'Object Repository/Generic/webObjectWithText' is visible&#xD;
	at com.kms.katalon.core.webui.keyword.internal.WebUIKeywordMain.stepFailed(WebUIKeywordMain.groovy:64)&#xD;
	at com.kms.katalon.core.webui.keyword.builtin.VerifyElementNotVisibleKeyword$_verifyElementNotVisible_closure1.doCall(VerifyElementNotVisibleKeyword.groovy:83)&#xD;
	at com.kms.katalon.core.webui.keyword.builtin.VerifyElementNotVisibleKeyword$_verifyElementNotVisible_closure1.call(VerifyElementNotVisibleKeyword.groovy)&#xD;
	at com.kms.katalon.core.webui.keyword.internal.WebUIKeywordMain.runKeyword(WebUIKeywordMain.groovy:20)&#xD;
	at com.kms.katalon.core.webui.keyword.builtin.VerifyElementNotVisibleKeyword.verifyElementNotVisible(VerifyElementNotVisibleKeyword.groovy:97)&#xD;
	at com.kms.katalon.core.webui.keyword.builtin.VerifyElementNotVisibleKeyword.execute(VerifyElementNotVisibleKeyword.groovy:67)&#xD;
	at com.kms.katalon.core.keyword.internal.KeywordExecutor.executeKeywordForPlatform(KeywordExecutor.groovy:56)&#xD;
	at com.kms.katalon.core.webui.keyword.WebUiBuiltInKeywords.verifyElementNotVisible(WebUiBuiltInKeywords.groovy:387)&#xD;
	at com.kms.katalon.core.webui.keyword.WebUiBuiltInKeywords$verifyElementNotVisible$26.call(Unknown Source)&#xD;
	at globalSearchOnTraining_Test.run(globalSearchOnTraining_Test:32)&#xD;
	at com.kms.katalon.core.main.ScriptEngine.run(ScriptEngine.java:194)&#xD;
	at com.kms.katalon.core.main.ScriptEngine.runScriptAsRawText(ScriptEngine.java:119)&#xD;
	at com.kms.katalon.core.main.TestCaseExecutor.runScript(TestCaseExecutor.java:337)&#xD;
	at com.kms.katalon.core.main.TestCaseExecutor.doExecute(TestCaseExecutor.java:328)&#xD;
	at com.kms.katalon.core.main.TestCaseExecutor.processExecutionPhase(TestCaseExecutor.java:307)&#xD;
	at com.kms.katalon.core.main.TestCaseExecutor.accessMainPhase(TestCaseExecutor.java:299)&#xD;
	at com.kms.katalon.core.main.TestCaseExecutor.execute(TestCaseExecutor.java:233)&#xD;
	at com.kms.katalon.core.main.TestSuiteExecutor.accessTestCaseMainPhase(TestSuiteExecutor.java:169)&#xD;
	at com.kms.katalon.core.main.TestSuiteExecutor.accessTestSuiteMainPhase(TestSuiteExecutor.java:142)&#xD;
	at com.kms.katalon.core.main.TestSuiteExecutor.execute(TestSuiteExecutor.java:91)&#xD;
	at com.kms.katalon.core.main.TestCaseMain.startTestSuite(TestCaseMain.java:157)&#xD;
	at com.kms.katalon.core.main.TestCaseMain$startTestSuite$0.call(Unknown Source)&#xD;
	at TempTestSuite1592890301834.run(TempTestSuite1592890301834.groovy:35)&#xD;
)&#xD;
[[ATTACHMENT|D:\\IMIbot.ai-Project\\Reports\\20200623_110141\\Regression\\20200623_110141\\1592895166150.png]]&#xD;
&#xD;
2020-06-23 12:22:47 - [TEST_STEP][PASSED] - platform.Method.clickOnElement(findTestObject("Generic/webObjectWithText", ["textValue":testData.getValue("global_entity_type", count)])): platform.Method.clickOnElement is PASSED&#xD;
&#xD;
2020-06-23 12:22:49 - [MESSAGE][PASSED] - platform.Method.clickOnElement is PASSED&#xD;
&#xD;
2020-06-23 12:22:49 - [TEST_STEP][PASSED] - platform.Method.clickOnElement(findTestObject("Button/entityPageSaveButton")): platform.Method.clickOnElement is PASSED&#xD;
&#xD;
2020-06-23 12:22:52 - [MESSAGE][PASSED] - platform.Method.clickOnElement is PASSED&#xD;
&#xD;
2020-06-23 12:22:52 - [TEST_STEP][PASSED] - delay(1): Delayed 1 second(s)&#xD;
&#xD;
2020-06-23 12:22:53 - [MESSAGE][PASSED] - Delayed 1 second(s)&#xD;
&#xD;
2020-06-23 12:22:53 - [TEST_STEP][PASSED] - if (testData.getValue("global_entity_name", count) != ""): Delayed 1 second(s)&#xD;
&#xD;
2020-06-23 12:22:53 - [TEST_STEP][PASSED] - platform.Method.clickOnElement(findTestObject("Button/createEntity")): platform.Method.clickOnElement is PASSED&#xD;
&#xD;
2020-06-23 12:22:55 - [MESSAGE][PASSED] - platform.Method.clickOnElement is PASSED&#xD;
&#xD;
2020-06-23 12:22:55 - [TEST_STEP][PASSED] - sendKeys(findTestObject("Input/entityName"), testData.getValue("global_entity_name", count)): Keys 'ordinal' sent to object: 'Object Repository/Input/entityName'&#xD;
&#xD;
2020-06-23 12:22:57 - [MESSAGE][PASSED] - Keys 'ordinal' sent to object: 'Object Repository/Input/entityName'&#xD;
&#xD;
2020-06-23 12:22:57 - [TEST_STEP][PASSED] - platform.Method.clickOnElement(findTestObject("Generic/listOfEntity")): platform.Method.clickOnElement is PASSED&#xD;
&#xD;
2020-06-23 12:23:00 - [MESSAGE][PASSED] - platform.Method.clickOnElement is PASSED&#xD;
&#xD;
2020-06-23 12:23:00 - [TEST_STEP][PASSED] - if (verifyElementNotVisible(findTestObject("Generic/webObjectWithText", ["textValue":testData.getValue("global_entity_type", count)]), OPTIONAL)): Object 'Object Repository/Generic/webObjectWithText' is visible (Root cause: com.kms.katalon.core.exception.StepFailedException: Object 'Object Repository/Generic/webObjectWithText' is visible&#xD;
	at com.kms.katalon.core.webui.keyword.internal.WebUIKeywordMain.stepFailed(WebUIKeywordMain.groovy:64)&#xD;
	at com.kms.katalon.core.webui.keyword.builtin.VerifyElementNotVisibleKeyword$_verifyElementNotVisible_closure1.doCall(VerifyElementNotVisibleKeyword.groovy:83)&#xD;
	at com.kms.katalon.core.webui.keyword.builtin.VerifyElementNotVisibleKeyword$_verifyElementNotVisible_closure1.call(VerifyElementNotVisibleKeyword.groovy)&#xD;
	at com.kms.katalon.core.webui.keyword.internal.WebUIKeywordMain.runKeyword(WebUIKeywordMain.groovy:20)&#xD;
	at com.kms.katalon.core.webui.keyword.builtin.VerifyElementNotVisibleKeyword.verifyElementNotVisible(VerifyElementNotVisibleKeyword.groovy:97)&#xD;
	at com.kms.katalon.core.webui.keyword.builtin.VerifyElementNotVisibleKeyword.execute(VerifyElementNotVisibleKeyword.groovy:67)&#xD;
	at com.kms.katalon.core.keyword.internal.KeywordExecutor.executeKeywordForPlatform(KeywordExecutor.groovy:56)&#xD;
	at com.kms.katalon.core.webui.keyword.WebUiBuiltInKeywords.verifyElementNotVisible(WebUiBuiltInKeywords.groovy:387)&#xD;
	at com.kms.katalon.core.webui.keyword.WebUiBuiltInKeywords$verifyElementNotVisible$26.call(Unknown Source)&#xD;
	at globalSearchOnTraining_Test.run(globalSearchOnTraining_Test:32)&#xD;
	at com.kms.katalon.core.main.ScriptEngine.run(ScriptEngine.java:194)&#xD;
	at com.kms.katalon.core.main.ScriptEngine.runScriptAsRawText(ScriptEngine.java:119)&#xD;
	at com.kms.katalon.core.main.TestCaseExecutor.runScript(TestCaseExecutor.java:337)&#xD;
	at com.kms.katalon.core.main.TestCaseExecutor.doExecute(TestCaseExecutor.java:328)&#xD;
	at com.kms.katalon.core.main.TestCaseExecutor.processExecutionPhase(TestCaseExecutor.java:307)&#xD;
	at com.kms.katalon.core.main.TestCaseExecutor.accessMainPhase(TestCaseExecutor.java:299)&#xD;
	at com.kms.katalon.core.main.TestCaseExecutor.execute(TestCaseExecutor.java:233)&#xD;
	at com.kms.katalon.core.main.TestSuiteExecutor.accessTestCaseMainPhase(TestSuiteExecutor.java:169)&#xD;
	at com.kms.katalon.core.main.TestSuiteExecutor.accessTestSuiteMainPhase(TestSuiteExecutor.java:142)&#xD;
	at com.kms.katalon.core.main.TestSuiteExecutor.execute(TestSuiteExecutor.java:91)&#xD;
	at com.kms.katalon.core.main.TestCaseMain.startTestSuite(TestCaseMain.java:157)&#xD;
	at com.kms.katalon.core.main.TestCaseMain$startTestSuite$0.call(Unknown Source)&#xD;
	at TempTestSuite1592890301834.run(TempTestSuite1592890301834.groovy:35)&#xD;
)&#xD;
&#xD;
2020-06-23 12:23:04 - [MESSAGE][WARNING] - Object 'Object Repository/Generic/webObjectWithText' is visible (Root cause: com.kms.katalon.core.exception.StepFailedException: Object 'Object Repository/Generic/webObjectWithText' is visible&#xD;
	at com.kms.katalon.core.webui.keyword.internal.WebUIKeywordMain.stepFailed(WebUIKeywordMain.groovy:64)&#xD;
	at com.kms.katalon.core.webui.keyword.builtin.VerifyElementNotVisibleKeyword$_verifyElementNotVisible_closure1.doCall(VerifyElementNotVisibleKeyword.groovy:83)&#xD;
	at com.kms.katalon.core.webui.keyword.builtin.VerifyElementNotVisibleKeyword$_verifyElementNotVisible_closure1.call(VerifyElementNotVisibleKeyword.groovy)&#xD;
	at com.kms.katalon.core.webui.keyword.internal.WebUIKeywordMain.runKeyword(WebUIKeywordMain.groovy:20)&#xD;
	at com.kms.katalon.core.webui.keyword.builtin.VerifyElementNotVisibleKeyword.verifyElementNotVisible(VerifyElementNotVisibleKeyword.groovy:97)&#xD;
	at com.kms.katalon.core.webui.keyword.builtin.VerifyElementNotVisibleKeyword.execute(VerifyElementNotVisibleKeyword.groovy:67)&#xD;
	at com.kms.katalon.core.keyword.internal.KeywordExecutor.executeKeywordForPlatform(KeywordExecutor.groovy:56)&#xD;
	at com.kms.katalon.core.webui.keyword.WebUiBuiltInKeywords.verifyElementNotVisible(WebUiBuiltInKeywords.groovy:387)&#xD;
	at com.kms.katalon.core.webui.keyword.WebUiBuiltInKeywords$verifyElementNotVisible$26.call(Unknown Source)&#xD;
	at globalSearchOnTraining_Test.run(globalSearchOnTraining_Test:32)&#xD;
	at com.kms.katalon.core.main.ScriptEngine.run(ScriptEngine.java:194)&#xD;
	at com.kms.katalon.core.main.ScriptEngine.runScriptAsRawText(ScriptEngine.java:119)&#xD;
	at com.kms.katalon.core.main.TestCaseExecutor.runScript(TestCaseExecutor.java:337)&#xD;
	at com.kms.katalon.core.main.TestCaseExecutor.doExecute(TestCaseExecutor.java:328)&#xD;
	at com.kms.katalon.core.main.TestCaseExecutor.processExecutionPhase(TestCaseExecutor.java:307)&#xD;
	at com.kms.katalon.core.main.TestCaseExecutor.accessMainPhase(TestCaseExecutor.java:299)&#xD;
	at com.kms.katalon.core.main.TestCaseExecutor.execute(TestCaseExecutor.java:233)&#xD;
	at com.kms.katalon.core.main.TestSuiteExecutor.accessTestCaseMainPhase(TestSuiteExecutor.java:169)&#xD;
	at com.kms.katalon.core.main.TestSuiteExecutor.accessTestSuiteMainPhase(TestSuiteExecutor.java:142)&#xD;
	at com.kms.katalon.core.main.TestSuiteExecutor.execute(TestSuiteExecutor.java:91)&#xD;
	at com.kms.katalon.core.main.TestCaseMain.startTestSuite(TestCaseMain.java:157)&#xD;
	at com.kms.katalon.core.main.TestCaseMain$startTestSuite$0.call(Unknown Source)&#xD;
	at TempTestSuite1592890301834.run(TempTestSuite1592890301834.groovy:35)&#xD;
)&#xD;
[[ATTACHMENT|D:\\IMIbot.ai-Project\\Reports\\20200623_110141\\Regression\\20200623_110141\\1592895182491.png]]&#xD;
&#xD;
2020-06-23 12:23:04 - [TEST_STEP][PASSED] - platform.Method.clickOnElement(findTestObject("Generic/webObjectWithText", ["textValue":testData.getValue("global_entity_type", count)])): platform.Method.clickOnElement is PASSED&#xD;
&#xD;
2020-06-23 12:23:06 - [MESSAGE][PASSED] - platform.Method.clickOnElement is PASSED&#xD;
&#xD;
2020-06-23 12:23:06 - [TEST_STEP][PASSED] - platform.Method.clickOnElement(findTestObject("Button/entityPageSaveButton")): platform.Method.clickOnElement is PASSED&#xD;
&#xD;
2020-06-23 12:23:08 - [MESSAGE][PASSED] - platform.Method.clickOnElement is PASSED&#xD;
&#xD;
2020-06-23 12:23:08 - [TEST_STEP][PASSED] - delay(1): Delayed 1 second(s)&#xD;
&#xD;
2020-06-23 12:23:09 - [MESSAGE][PASSED] - Delayed 1 second(s)&#xD;
&#xD;
2020-06-23 12:23:09 - [TEST_STEP][PASSED] - if (testData.getValue("global_entity_name", count) != ""): Delayed 1 second(s)&#xD;
&#xD;
2020-06-23 12:23:09 - [TEST_STEP][PASSED] - platform.Method.clickOnElement(findTestObject("Button/createEntity")): platform.Method.clickOnElement is PASSED&#xD;
&#xD;
2020-06-23 12:23:12 - [MESSAGE][PASSED] - platform.Method.clickOnElement is PASSED&#xD;
&#xD;
2020-06-23 12:23:12 - [TEST_STEP][PASSED] - sendKeys(findTestObject("Input/entityName"), testData.getValue("global_entity_name", count)): Keys 'money' sent to object: 'Object Repository/Input/entityName'&#xD;
&#xD;
2020-06-23 12:23:14 - [MESSAGE][PASSED] - Keys 'money' sent to object: 'Object Repository/Input/entityName'&#xD;
&#xD;
2020-06-23 12:23:14 - [TEST_STEP][PASSED] - platform.Method.clickOnElement(findTestObject("Generic/listOfEntity")): platform.Method.clickOnElement is PASSED&#xD;
&#xD;
2020-06-23 12:23:16 - [MESSAGE][PASSED] - platform.Method.clickOnElement is PASSED&#xD;
&#xD;
2020-06-23 12:23:16 - [TEST_STEP][PASSED] - if (verifyElementNotVisible(findTestObject("Generic/webObjectWithText", ["textValue":testData.getValue("global_entity_type", count)]), OPTIONAL)): Object 'Object Repository/Generic/webObjectWithText' is visible (Root cause: com.kms.katalon.core.exception.StepFailedException: Object 'Object Repository/Generic/webObjectWithText' is visible&#xD;
	at com.kms.katalon.core.webui.keyword.internal.WebUIKeywordMain.stepFailed(WebUIKeywordMain.groovy:64)&#xD;
	at com.kms.katalon.core.webui.keyword.builtin.VerifyElementNotVisibleKeyword$_verifyElementNotVisible_closure1.doCall(VerifyElementNotVisibleKeyword.groovy:83)&#xD;
	at com.kms.katalon.core.webui.keyword.builtin.VerifyElementNotVisibleKeyword$_verifyElementNotVisible_closure1.call(VerifyElementNotVisibleKeyword.groovy)&#xD;
	at com.kms.katalon.core.webui.keyword.internal.WebUIKeywordMain.runKeyword(WebUIKeywordMain.groovy:20)&#xD;
	at com.kms.katalon.core.webui.keyword.builtin.VerifyElementNotVisibleKeyword.verifyElementNotVisible(VerifyElementNotVisibleKeyword.groovy:97)&#xD;
	at com.kms.katalon.core.webui.keyword.builtin.VerifyElementNotVisibleKeyword.execute(VerifyElementNotVisibleKeyword.groovy:67)&#xD;
	at com.kms.katalon.core.keyword.internal.KeywordExecutor.executeKeywordForPlatform(KeywordExecutor.groovy:56)&#xD;
	at com.kms.katalon.core.webui.keyword.WebUiBuiltInKeywords.verifyElementNotVisible(WebUiBuiltInKeywords.groovy:387)&#xD;
	at com.kms.katalon.core.webui.keyword.WebUiBuiltInKeywords$verifyElementNotVisible$26.call(Unknown Source)&#xD;
	at globalSearchOnTraining_Test.run(globalSearchOnTraining_Test:32)&#xD;
	at com.kms.katalon.core.main.ScriptEngine.run(ScriptEngine.java:194)&#xD;
	at com.kms.katalon.core.main.ScriptEngine.runScriptAsRawText(ScriptEngine.java:119)&#xD;
	at com.kms.katalon.core.main.TestCaseExecutor.runScript(TestCaseExecutor.java:337)&#xD;
	at com.kms.katalon.core.main.TestCaseExecutor.doExecute(TestCaseExecutor.java:328)&#xD;
	at com.kms.katalon.core.main.TestCaseExecutor.processExecutionPhase(TestCaseExecutor.java:307)&#xD;
	at com.kms.katalon.core.main.TestCaseExecutor.accessMainPhase(TestCaseExecutor.java:299)&#xD;
	at com.kms.katalon.core.main.TestCaseExecutor.execute(TestCaseExecutor.java:233)&#xD;
	at com.kms.katalon.core.main.TestSuiteExecutor.accessTestCaseMainPhase(TestSuiteExecutor.java:169)&#xD;
	at com.kms.katalon.core.main.TestSuiteExecutor.accessTestSuiteMainPhase(TestSuiteExecutor.java:142)&#xD;
	at com.kms.katalon.core.main.TestSuiteExecutor.execute(TestSuiteExecutor.java:91)&#xD;
	at com.kms.katalon.core.main.TestCaseMain.startTestSuite(TestCaseMain.java:157)&#xD;
	at com.kms.katalon.core.main.TestCaseMain$startTestSuite$0.call(Unknown Source)&#xD;
	at TempTestSuite1592890301834.run(TempTestSuite1592890301834.groovy:35)&#xD;
)&#xD;
&#xD;
2020-06-23 12:23:20 - [MESSAGE][WARNING] - Object 'Object Repository/Generic/webObjectWithText' is visible (Root cause: com.kms.katalon.core.exception.StepFailedException: Object 'Object Repository/Generic/webObjectWithText' is visible&#xD;
	at com.kms.katalon.core.webui.keyword.internal.WebUIKeywordMain.stepFailed(WebUIKeywordMain.groovy:64)&#xD;
	at com.kms.katalon.core.webui.keyword.builtin.VerifyElementNotVisibleKeyword$_verifyElementNotVisible_closure1.doCall(VerifyElementNotVisibleKeyword.groovy:83)&#xD;
	at com.kms.katalon.core.webui.keyword.builtin.VerifyElementNotVisibleKeyword$_verifyElementNotVisible_closure1.call(VerifyElementNotVisibleKeyword.groovy)&#xD;
	at com.kms.katalon.core.webui.keyword.internal.WebUIKeywordMain.runKeyword(WebUIKeywordMain.groovy:20)&#xD;
	at com.kms.katalon.core.webui.keyword.builtin.VerifyElementNotVisibleKeyword.verifyElementNotVisible(VerifyElementNotVisibleKeyword.groovy:97)&#xD;
	at com.kms.katalon.core.webui.keyword.builtin.VerifyElementNotVisibleKeyword.execute(VerifyElementNotVisibleKeyword.groovy:67)&#xD;
	at com.kms.katalon.core.keyword.internal.KeywordExecutor.executeKeywordForPlatform(KeywordExecutor.groovy:56)&#xD;
	at com.kms.katalon.core.webui.keyword.WebUiBuiltInKeywords.verifyElementNotVisible(WebUiBuiltInKeywords.groovy:387)&#xD;
	at com.kms.katalon.core.webui.keyword.WebUiBuiltInKeywords$verifyElementNotVisible$26.call(Unknown Source)&#xD;
	at globalSearchOnTraining_Test.run(globalSearchOnTraining_Test:32)&#xD;
	at com.kms.katalon.core.main.ScriptEngine.run(ScriptEngine.java:194)&#xD;
	at com.kms.katalon.core.main.ScriptEngine.runScriptAsRawText(ScriptEngine.java:119)&#xD;
	at com.kms.katalon.core.main.TestCaseExecutor.runScript(TestCaseExecutor.java:337)&#xD;
	at com.kms.katalon.core.main.TestCaseExecutor.doExecute(TestCaseExecutor.java:328)&#xD;
	at com.kms.katalon.core.main.TestCaseExecutor.processExecutionPhase(TestCaseExecutor.java:307)&#xD;
	at com.kms.katalon.core.main.TestCaseExecutor.accessMainPhase(TestCaseExecutor.java:299)&#xD;
	at com.kms.katalon.core.main.TestCaseExecutor.execute(TestCaseExecutor.java:233)&#xD;
	at com.kms.katalon.core.main.TestSuiteExecutor.accessTestCaseMainPhase(TestSuiteExecutor.java:169)&#xD;
	at com.kms.katalon.core.main.TestSuiteExecutor.accessTestSuiteMainPhase(TestSuiteExecutor.java:142)&#xD;
	at com.kms.katalon.core.main.TestSuiteExecutor.execute(TestSuiteExecutor.java:91)&#xD;
	at com.kms.katalon.core.main.TestCaseMain.startTestSuite(TestCaseMain.java:157)&#xD;
	at com.kms.katalon.core.main.TestCaseMain$startTestSuite$0.call(Unknown Source)&#xD;
	at TempTestSuite1592890301834.run(TempTestSuite1592890301834.groovy:35)&#xD;
)&#xD;
[[ATTACHMENT|D:\\IMIbot.ai-Project\\Reports\\20200623_110141\\Regression\\20200623_110141\\1592895199071.png]]&#xD;
&#xD;
2020-06-23 12:23:20 - [TEST_STEP][PASSED] - platform.Method.clickOnElement(findTestObject("Generic/webObjectWithText", ["textValue":testData.getValue("global_entity_type", count)])): platform.Method.clickOnElement is PASSED&#xD;
&#xD;
2020-06-23 12:23:22 - [MESSAGE][PASSED] - platform.Method.clickOnElement is PASSED&#xD;
&#xD;
2020-06-23 12:23:22 - [TEST_STEP][PASSED] - platform.Method.clickOnElement(findTestObject("Button/entityPageSaveButton")): platform.Method.clickOnElement is PASSED&#xD;
&#xD;
2020-06-23 12:23:25 - [MESSAGE][PASSED] - platform.Method.clickOnElement is PASSED&#xD;
&#xD;
2020-06-23 12:23:25 - [TEST_STEP][PASSED] - delay(1): Delayed 1 second(s)&#xD;
&#xD;
2020-06-23 12:23:26 - [MESSAGE][PASSED] - Delayed 1 second(s)&#xD;
&#xD;
2020-06-23 12:23:26 - [TEST_STEP][PASSED] - if (testData.getValue("global_entity_name", count) != ""): Delayed 1 second(s)&#xD;
&#xD;
2020-06-23 12:23:26 - [TEST_STEP][PASSED] - platform.Method.clickOnElement(findTestObject("Button/createEntity")): platform.Method.clickOnElement is PASSED&#xD;
&#xD;
2020-06-23 12:23:28 - [MESSAGE][PASSED] - platform.Method.clickOnElement is PASSED&#xD;
&#xD;
2020-06-23 12:23:28 - [TEST_STEP][PASSED] - sendKeys(findTestObject("Input/entityName"), testData.getValue("global_entity_name", count)): Keys 'cardinal' sent to object: 'Object Repository/Input/entityName'&#xD;
&#xD;
2020-06-23 12:23:30 - [MESSAGE][PASSED] - Keys 'cardinal' sent to object: 'Object Repository/Input/entityName'&#xD;
&#xD;
2020-06-23 12:23:30 - [TEST_STEP][PASSED] - platform.Method.clickOnElement(findTestObject("Generic/listOfEntity")): platform.Method.clickOnElement is PASSED&#xD;
&#xD;
2020-06-23 12:23:33 - [MESSAGE][PASSED] - platform.Method.clickOnElement is PASSED&#xD;
&#xD;
2020-06-23 12:23:33 - [TEST_STEP][PASSED] - if (verifyElementNotVisible(findTestObject("Generic/webObjectWithText", ["textValue":testData.getValue("global_entity_type", count)]), OPTIONAL)): Object 'Object Repository/Generic/webObjectWithText' is visible (Root cause: com.kms.katalon.core.exception.StepFailedException: Object 'Object Repository/Generic/webObjectWithText' is visible&#xD;
	at com.kms.katalon.core.webui.keyword.internal.WebUIKeywordMain.stepFailed(WebUIKeywordMain.groovy:64)&#xD;
	at com.kms.katalon.core.webui.keyword.builtin.VerifyElementNotVisibleKeyword$_verifyElementNotVisible_closure1.doCall(VerifyElementNotVisibleKeyword.groovy:83)&#xD;
	at com.kms.katalon.core.webui.keyword.builtin.VerifyElementNotVisibleKeyword$_verifyElementNotVisible_closure1.call(VerifyElementNotVisibleKeyword.groovy)&#xD;
	at com.kms.katalon.core.webui.keyword.internal.WebUIKeywordMain.runKeyword(WebUIKeywordMain.groovy:20)&#xD;
	at com.kms.katalon.core.webui.keyword.builtin.VerifyElementNotVisibleKeyword.verifyElementNotVisible(VerifyElementNotVisibleKeyword.groovy:97)&#xD;
	at com.kms.katalon.core.webui.keyword.builtin.VerifyElementNotVisibleKeyword.execute(VerifyElementNotVisibleKeyword.groovy:67)&#xD;
	at com.kms.katalon.core.keyword.internal.KeywordExecutor.executeKeywordForPlatform(KeywordExecutor.groovy:56)&#xD;
	at com.kms.katalon.core.webui.keyword.WebUiBuiltInKeywords.verifyElementNotVisible(WebUiBuiltInKeywords.groovy:387)&#xD;
	at com.kms.katalon.core.webui.keyword.WebUiBuiltInKeywords$verifyElementNotVisible$26.call(Unknown Source)&#xD;
	at globalSearchOnTraining_Test.run(globalSearchOnTraining_Test:32)&#xD;
	at com.kms.katalon.core.main.ScriptEngine.run(ScriptEngine.java:194)&#xD;
	at com.kms.katalon.core.main.ScriptEngine.runScriptAsRawText(ScriptEngine.java:119)&#xD;
	at com.kms.katalon.core.main.TestCaseExecutor.runScript(TestCaseExecutor.java:337)&#xD;
	at com.kms.katalon.core.main.TestCaseExecutor.doExecute(TestCaseExecutor.java:328)&#xD;
	at com.kms.katalon.core.main.TestCaseExecutor.processExecutionPhase(TestCaseExecutor.java:307)&#xD;
	at com.kms.katalon.core.main.TestCaseExecutor.accessMainPhase(TestCaseExecutor.java:299)&#xD;
	at com.kms.katalon.core.main.TestCaseExecutor.execute(TestCaseExecutor.java:233)&#xD;
	at com.kms.katalon.core.main.TestSuiteExecutor.accessTestCaseMainPhase(TestSuiteExecutor.java:169)&#xD;
	at com.kms.katalon.core.main.TestSuiteExecutor.accessTestSuiteMainPhase(TestSuiteExecutor.java:142)&#xD;
	at com.kms.katalon.core.main.TestSuiteExecutor.execute(TestSuiteExecutor.java:91)&#xD;
	at com.kms.katalon.core.main.TestCaseMain.startTestSuite(TestCaseMain.java:157)&#xD;
	at com.kms.katalon.core.main.TestCaseMain$startTestSuite$0.call(Unknown Source)&#xD;
	at TempTestSuite1592890301834.run(TempTestSuite1592890301834.groovy:35)&#xD;
)&#xD;
&#xD;
2020-06-23 12:23:36 - [MESSAGE][WARNING] - Object 'Object Repository/Generic/webObjectWithText' is visible (Root cause: com.kms.katalon.core.exception.StepFailedException: Object 'Object Repository/Generic/webObjectWithText' is visible&#xD;
	at com.kms.katalon.core.webui.keyword.internal.WebUIKeywordMain.stepFailed(WebUIKeywordMain.groovy:64)&#xD;
	at com.kms.katalon.core.webui.keyword.builtin.VerifyElementNotVisibleKeyword$_verifyElementNotVisible_closure1.doCall(VerifyElementNotVisibleKeyword.groovy:83)&#xD;
	at com.kms.katalon.core.webui.keyword.builtin.VerifyElementNotVisibleKeyword$_verifyElementNotVisible_closure1.call(VerifyElementNotVisibleKeyword.groovy)&#xD;
	at com.kms.katalon.core.webui.keyword.internal.WebUIKeywordMain.runKeyword(WebUIKeywordMain.groovy:20)&#xD;
	at com.kms.katalon.core.webui.keyword.builtin.VerifyElementNotVisibleKeyword.verifyElementNotVisible(VerifyElementNotVisibleKeyword.groovy:97)&#xD;
	at com.kms.katalon.core.webui.keyword.builtin.VerifyElementNotVisibleKeyword.execute(VerifyElementNotVisibleKeyword.groovy:67)&#xD;
	at com.kms.katalon.core.keyword.internal.KeywordExecutor.executeKeywordForPlatform(KeywordExecutor.groovy:56)&#xD;
	at com.kms.katalon.core.webui.keyword.WebUiBuiltInKeywords.verifyElementNotVisible(WebUiBuiltInKeywords.groovy:387)&#xD;
	at com.kms.katalon.core.webui.keyword.WebUiBuiltInKeywords$verifyElementNotVisible$26.call(Unknown Source)&#xD;
	at globalSearchOnTraining_Test.run(globalSearchOnTraining_Test:32)&#xD;
	at com.kms.katalon.core.main.ScriptEngine.run(ScriptEngine.java:194)&#xD;
	at com.kms.katalon.core.main.ScriptEngine.runScriptAsRawText(ScriptEngine.java:119)&#xD;
	at com.kms.katalon.core.main.TestCaseExecutor.runScript(TestCaseExecutor.java:337)&#xD;
	at com.kms.katalon.core.main.TestCaseExecutor.doExecute(TestCaseExecutor.java:328)&#xD;
	at com.kms.katalon.core.main.TestCaseExecutor.processExecutionPhase(TestCaseExecutor.java:307)&#xD;
	at com.kms.katalon.core.main.TestCaseExecutor.accessMainPhase(TestCaseExecutor.java:299)&#xD;
	at com.kms.katalon.core.main.TestCaseExecutor.execute(TestCaseExecutor.java:233)&#xD;
	at com.kms.katalon.core.main.TestSuiteExecutor.accessTestCaseMainPhase(TestSuiteExecutor.java:169)&#xD;
	at com.kms.katalon.core.main.TestSuiteExecutor.accessTestSuiteMainPhase(TestSuiteExecutor.java:142)&#xD;
	at com.kms.katalon.core.main.TestSuiteExecutor.execute(TestSuiteExecutor.java:91)&#xD;
	at com.kms.katalon.core.main.TestCaseMain.startTestSuite(TestCaseMain.java:157)&#xD;
	at com.kms.katalon.core.main.TestCaseMain$startTestSuite$0.call(Unknown Source)&#xD;
	at TempTestSuite1592890301834.run(TempTestSuite1592890301834.groovy:35)&#xD;
)&#xD;
[[ATTACHMENT|D:\\IMIbot.ai-Project\\Reports\\20200623_110141\\Regression\\20200623_110141\\1592895215420.png]]&#xD;
&#xD;
2020-06-23 12:23:36 - [TEST_STEP][PASSED] - platform.Method.clickOnElement(findTestObject("Generic/webObjectWithText", ["textValue":testData.getValue("global_entity_type", count)])): platform.Method.clickOnElement is PASSED&#xD;
&#xD;
2020-06-23 12:23:39 - [MESSAGE][PASSED] - platform.Method.clickOnElement is PASSED&#xD;
&#xD;
2020-06-23 12:23:39 - [TEST_STEP][PASSED] - platform.Method.clickOnElement(findTestObject("Button/entityPageSaveButton")): platform.Method.clickOnElement is PASSED&#xD;
&#xD;
2020-06-23 12:23:41 - [MESSAGE][PASSED] - platform.Method.clickOnElement is PASSED&#xD;
&#xD;
2020-06-23 12:23:41 - [TEST_STEP][PASSED] - delay(1): Delayed 1 second(s)&#xD;
&#xD;
2020-06-23 12:23:42 - [MESSAGE][PASSED] - Delayed 1 second(s)&#xD;
&#xD;
2020-06-23 12:23:42 - [TEST_STEP][PASSED] - if (testData.getValue("global_entity_name", count) != ""): Delayed 1 second(s)&#xD;
&#xD;
2020-06-23 12:23:42 - [TEST_STEP][PASSED] - platform.Method.clickOnElement(findTestObject("Button/createEntity")): platform.Method.clickOnElement is PASSED&#xD;
&#xD;
2020-06-23 12:23:44 - [MESSAGE][PASSED] - platform.Method.clickOnElement is PASSED&#xD;
&#xD;
2020-06-23 12:23:44 - [TEST_STEP][PASSED] - sendKeys(findTestObject("Input/entityName"), testData.getValue("global_entity_name", count)): Keys 'geo_location' sent to object: 'Object Repository/Input/entityName'&#xD;
&#xD;
2020-06-23 12:23:47 - [MESSAGE][PASSED] - Keys 'geo_location' sent to object: 'Object Repository/Input/entityName'&#xD;
&#xD;
2020-06-23 12:23:47 - [TEST_STEP][PASSED] - platform.Method.clickOnElement(findTestObject("Generic/listOfEntity")): platform.Method.clickOnElement is PASSED&#xD;
&#xD;
2020-06-23 12:23:49 - [MESSAGE][PASSED] - platform.Method.clickOnElement is PASSED&#xD;
&#xD;
2020-06-23 12:23:49 - [TEST_STEP][PASSED] - if (verifyElementNotVisible(findTestObject("Generic/webObjectWithText", ["textValue":testData.getValue("global_entity_type", count)]), OPTIONAL)): Object 'Object Repository/Generic/webObjectWithText' is visible (Root cause: com.kms.katalon.core.exception.StepFailedException: Object 'Object Repository/Generic/webObjectWithText' is visible&#xD;
	at com.kms.katalon.core.webui.keyword.internal.WebUIKeywordMain.stepFailed(WebUIKeywordMain.groovy:64)&#xD;
	at com.kms.katalon.core.webui.keyword.builtin.VerifyElementNotVisibleKeyword$_verifyElementNotVisible_closure1.doCall(VerifyElementNotVisibleKeyword.groovy:83)&#xD;
	at com.kms.katalon.core.webui.keyword.builtin.VerifyElementNotVisibleKeyword$_verifyElementNotVisible_closure1.call(VerifyElementNotVisibleKeyword.groovy)&#xD;
	at com.kms.katalon.core.webui.keyword.internal.WebUIKeywordMain.runKeyword(WebUIKeywordMain.groovy:20)&#xD;
	at com.kms.katalon.core.webui.keyword.builtin.VerifyElementNotVisibleKeyword.verifyElementNotVisible(VerifyElementNotVisibleKeyword.groovy:97)&#xD;
	at com.kms.katalon.core.webui.keyword.builtin.VerifyElementNotVisibleKeyword.execute(VerifyElementNotVisibleKeyword.groovy:67)&#xD;
	at com.kms.katalon.core.keyword.internal.KeywordExecutor.executeKeywordForPlatform(KeywordExecutor.groovy:56)&#xD;
	at com.kms.katalon.core.webui.keyword.WebUiBuiltInKeywords.verifyElementNotVisible(WebUiBuiltInKeywords.groovy:387)&#xD;
	at com.kms.katalon.core.webui.keyword.WebUiBuiltInKeywords$verifyElementNotVisible$26.call(Unknown Source)&#xD;
	at globalSearchOnTraining_Test.run(globalSearchOnTraining_Test:32)&#xD;
	at com.kms.katalon.core.main.ScriptEngine.run(ScriptEngine.java:194)&#xD;
	at com.kms.katalon.core.main.ScriptEngine.runScriptAsRawText(ScriptEngine.java:119)&#xD;
	at com.kms.katalon.core.main.TestCaseExecutor.runScript(TestCaseExecutor.java:337)&#xD;
	at com.kms.katalon.core.main.TestCaseExecutor.doExecute(TestCaseExecutor.java:328)&#xD;
	at com.kms.katalon.core.main.TestCaseExecutor.processExecutionPhase(TestCaseExecutor.java:307)&#xD;
	at com.kms.katalon.core.main.TestCaseExecutor.accessMainPhase(TestCaseExecutor.java:299)&#xD;
	at com.kms.katalon.core.main.TestCaseExecutor.execute(TestCaseExecutor.java:233)&#xD;
	at com.kms.katalon.core.main.TestSuiteExecutor.accessTestCaseMainPhase(TestSuiteExecutor.java:169)&#xD;
	at com.kms.katalon.core.main.TestSuiteExecutor.accessTestSuiteMainPhase(TestSuiteExecutor.java:142)&#xD;
	at com.kms.katalon.core.main.TestSuiteExecutor.execute(TestSuiteExecutor.java:91)&#xD;
	at com.kms.katalon.core.main.TestCaseMain.startTestSuite(TestCaseMain.java:157)&#xD;
	at com.kms.katalon.core.main.TestCaseMain$startTestSuite$0.call(Unknown Source)&#xD;
	at TempTestSuite1592890301834.run(TempTestSuite1592890301834.groovy:35)&#xD;
)&#xD;
&#xD;
2020-06-23 12:23:53 - [MESSAGE][WARNING] - Object 'Object Repository/Generic/webObjectWithText' is visible (Root cause: com.kms.katalon.core.exception.StepFailedException: Object 'Object Repository/Generic/webObjectWithText' is visible&#xD;
	at com.kms.katalon.core.webui.keyword.internal.WebUIKeywordMain.stepFailed(WebUIKeywordMain.groovy:64)&#xD;
	at com.kms.katalon.core.webui.keyword.builtin.VerifyElementNotVisibleKeyword$_verifyElementNotVisible_closure1.doCall(VerifyElementNotVisibleKeyword.groovy:83)&#xD;
	at com.kms.katalon.core.webui.keyword.builtin.VerifyElementNotVisibleKeyword$_verifyElementNotVisible_closure1.call(VerifyElementNotVisibleKeyword.groovy)&#xD;
	at com.kms.katalon.core.webui.keyword.internal.WebUIKeywordMain.runKeyword(WebUIKeywordMain.groovy:20)&#xD;
	at com.kms.katalon.core.webui.keyword.builtin.VerifyElementNotVisibleKeyword.verifyElementNotVisible(VerifyElementNotVisibleKeyword.groovy:97)&#xD;
	at com.kms.katalon.core.webui.keyword.builtin.VerifyElementNotVisibleKeyword.execute(VerifyElementNotVisibleKeyword.groovy:67)&#xD;
	at com.kms.katalon.core.keyword.internal.KeywordExecutor.executeKeywordForPlatform(KeywordExecutor.groovy:56)&#xD;
	at com.kms.katalon.core.webui.keyword.WebUiBuiltInKeywords.verifyElementNotVisible(WebUiBuiltInKeywords.groovy:387)&#xD;
	at com.kms.katalon.core.webui.keyword.WebUiBuiltInKeywords$verifyElementNotVisible$26.call(Unknown Source)&#xD;
	at globalSearchOnTraining_Test.run(globalSearchOnTraining_Test:32)&#xD;
	at com.kms.katalon.core.main.ScriptEngine.run(ScriptEngine.java:194)&#xD;
	at com.kms.katalon.core.main.ScriptEngine.runScriptAsRawText(ScriptEngine.java:119)&#xD;
	at com.kms.katalon.core.main.TestCaseExecutor.runScript(TestCaseExecutor.java:337)&#xD;
	at com.kms.katalon.core.main.TestCaseExecutor.doExecute(TestCaseExecutor.java:328)&#xD;
	at com.kms.katalon.core.main.TestCaseExecutor.processExecutionPhase(TestCaseExecutor.java:307)&#xD;
	at com.kms.katalon.core.main.TestCaseExecutor.accessMainPhase(TestCaseExecutor.java:299)&#xD;
	at com.kms.katalon.core.main.TestCaseExecutor.execute(TestCaseExecutor.java:233)&#xD;
	at com.kms.katalon.core.main.TestSuiteExecutor.accessTestCaseMainPhase(TestSuiteExecutor.java:169)&#xD;
	at com.kms.katalon.core.main.TestSuiteExecutor.accessTestSuiteMainPhase(TestSuiteExecutor.java:142)&#xD;
	at com.kms.katalon.core.main.TestSuiteExecutor.execute(TestSuiteExecutor.java:91)&#xD;
	at com.kms.katalon.core.main.TestCaseMain.startTestSuite(TestCaseMain.java:157)&#xD;
	at com.kms.katalon.core.main.TestCaseMain$startTestSuite$0.call(Unknown Source)&#xD;
	at TempTestSuite1592890301834.run(TempTestSuite1592890301834.groovy:35)&#xD;
)&#xD;
[[ATTACHMENT|D:\\IMIbot.ai-Project\\Reports\\20200623_110141\\Regression\\20200623_110141\\1592895231741.png]]&#xD;
&#xD;
2020-06-23 12:23:53 - [TEST_STEP][PASSED] - platform.Method.clickOnElement(findTestObject("Generic/webObjectWithText", ["textValue":testData.getValue("global_entity_type", count)])): platform.Method.clickOnElement is PASSED&#xD;
&#xD;
2020-06-23 12:23:55 - [MESSAGE][PASSED] - platform.Method.clickOnElement is PASSED&#xD;
&#xD;
2020-06-23 12:23:55 - [TEST_STEP][PASSED] - platform.Method.clickOnElement(findTestObject("Button/entityPageSaveButton")): platform.Method.clickOnElement is PASSED&#xD;
&#xD;
2020-06-23 12:23:57 - [MESSAGE][PASSED] - platform.Method.clickOnElement is PASSED&#xD;
&#xD;
2020-06-23 12:23:57 - [TEST_STEP][PASSED] - delay(1): Delayed 1 second(s)&#xD;
&#xD;
2020-06-23 12:23:58 - [MESSAGE][PASSED] - Delayed 1 second(s)&#xD;
&#xD;
2020-06-23 12:23:58 - [TEST_STEP][PASSED] - if (testData.getValue("global_entity_name", count) != ""): Delayed 1 second(s)&#xD;
&#xD;
2020-06-23 12:23:58 - [TEST_STEP][PASSED] - platform.Method.clickOnElement(findTestObject("Button/createEntity")): platform.Method.clickOnElement is PASSED&#xD;
&#xD;
2020-06-23 12:24:00 - [MESSAGE][PASSED] - platform.Method.clickOnElement is PASSED&#xD;
&#xD;
2020-06-23 12:24:00 - [TEST_STEP][PASSED] - sendKeys(findTestObject("Input/entityName"), testData.getValue("global_entity_name", count)): Keys 'non_geo_location' sent to object: 'Object Repository/Input/entityName'&#xD;
&#xD;
2020-06-23 12:24:03 - [MESSAGE][PASSED] - Keys 'non_geo_location' sent to object: 'Object Repository/Input/entityName'&#xD;
&#xD;
2020-06-23 12:24:03 - [TEST_STEP][PASSED] - platform.Method.clickOnElement(findTestObject("Generic/listOfEntity")): platform.Method.clickOnElement is PASSED&#xD;
&#xD;
2020-06-23 12:24:05 - [MESSAGE][PASSED] - platform.Method.clickOnElement is PASSED&#xD;
&#xD;
2020-06-23 12:24:05 - [TEST_STEP][PASSED] - if (verifyElementNotVisible(findTestObject("Generic/webObjectWithText", ["textValue":testData.getValue("global_entity_type", count)]), OPTIONAL)): Object 'Object Repository/Generic/webObjectWithText' is visible (Root cause: com.kms.katalon.core.exception.StepFailedException: Object 'Object Repository/Generic/webObjectWithText' is visible&#xD;
	at com.kms.katalon.core.webui.keyword.internal.WebUIKeywordMain.stepFailed(WebUIKeywordMain.groovy:64)&#xD;
	at com.kms.katalon.core.webui.keyword.builtin.VerifyElementNotVisibleKeyword$_verifyElementNotVisible_closure1.doCall(VerifyElementNotVisibleKeyword.groovy:83)&#xD;
	at com.kms.katalon.core.webui.keyword.builtin.VerifyElementNotVisibleKeyword$_verifyElementNotVisible_closure1.call(VerifyElementNotVisibleKeyword.groovy)&#xD;
	at com.kms.katalon.core.webui.keyword.internal.WebUIKeywordMain.runKeyword(WebUIKeywordMain.groovy:20)&#xD;
	at com.kms.katalon.core.webui.keyword.builtin.VerifyElementNotVisibleKeyword.verifyElementNotVisible(VerifyElementNotVisibleKeyword.groovy:97)&#xD;
	at com.kms.katalon.core.webui.keyword.builtin.VerifyElementNotVisibleKeyword.execute(VerifyElementNotVisibleKeyword.groovy:67)&#xD;
	at com.kms.katalon.core.keyword.internal.KeywordExecutor.executeKeywordForPlatform(KeywordExecutor.groovy:56)&#xD;
	at com.kms.katalon.core.webui.keyword.WebUiBuiltInKeywords.verifyElementNotVisible(WebUiBuiltInKeywords.groovy:387)&#xD;
	at com.kms.katalon.core.webui.keyword.WebUiBuiltInKeywords$verifyElementNotVisible$26.call(Unknown Source)&#xD;
	at globalSearchOnTraining_Test.run(globalSearchOnTraining_Test:32)&#xD;
	at com.kms.katalon.core.main.ScriptEngine.run(ScriptEngine.java:194)&#xD;
	at com.kms.katalon.core.main.ScriptEngine.runScriptAsRawText(ScriptEngine.java:119)&#xD;
	at com.kms.katalon.core.main.TestCaseExecutor.runScript(TestCaseExecutor.java:337)&#xD;
	at com.kms.katalon.core.main.TestCaseExecutor.doExecute(TestCaseExecutor.java:328)&#xD;
	at com.kms.katalon.core.main.TestCaseExecutor.processExecutionPhase(TestCaseExecutor.java:307)&#xD;
	at com.kms.katalon.core.main.TestCaseExecutor.accessMainPhase(TestCaseExecutor.java:299)&#xD;
	at com.kms.katalon.core.main.TestCaseExecutor.execute(TestCaseExecutor.java:233)&#xD;
	at com.kms.katalon.core.main.TestSuiteExecutor.accessTestCaseMainPhase(TestSuiteExecutor.java:169)&#xD;
	at com.kms.katalon.core.main.TestSuiteExecutor.accessTestSuiteMainPhase(TestSuiteExecutor.java:142)&#xD;
	at com.kms.katalon.core.main.TestSuiteExecutor.execute(TestSuiteExecutor.java:91)&#xD;
	at com.kms.katalon.core.main.TestCaseMain.startTestSuite(TestCaseMain.java:157)&#xD;
	at com.kms.katalon.core.main.TestCaseMain$startTestSuite$0.call(Unknown Source)&#xD;
	at TempTestSuite1592890301834.run(TempTestSuite1592890301834.groovy:35)&#xD;
)&#xD;
&#xD;
2020-06-23 12:24:09 - [MESSAGE][WARNING] - Object 'Object Repository/Generic/webObjectWithText' is visible (Root cause: com.kms.katalon.core.exception.StepFailedException: Object 'Object Repository/Generic/webObjectWithText' is visible&#xD;
	at com.kms.katalon.core.webui.keyword.internal.WebUIKeywordMain.stepFailed(WebUIKeywordMain.groovy:64)&#xD;
	at com.kms.katalon.core.webui.keyword.builtin.VerifyElementNotVisibleKeyword$_verifyElementNotVisible_closure1.doCall(VerifyElementNotVisibleKeyword.groovy:83)&#xD;
	at com.kms.katalon.core.webui.keyword.builtin.VerifyElementNotVisibleKeyword$_verifyElementNotVisible_closure1.call(VerifyElementNotVisibleKeyword.groovy)&#xD;
	at com.kms.katalon.core.webui.keyword.internal.WebUIKeywordMain.runKeyword(WebUIKeywordMain.groovy:20)&#xD;
	at com.kms.katalon.core.webui.keyword.builtin.VerifyElementNotVisibleKeyword.verifyElementNotVisible(VerifyElementNotVisibleKeyword.groovy:97)&#xD;
	at com.kms.katalon.core.webui.keyword.builtin.VerifyElementNotVisibleKeyword.execute(VerifyElementNotVisibleKeyword.groovy:67)&#xD;
	at com.kms.katalon.core.keyword.internal.KeywordExecutor.executeKeywordForPlatform(KeywordExecutor.groovy:56)&#xD;
	at com.kms.katalon.core.webui.keyword.WebUiBuiltInKeywords.verifyElementNotVisible(WebUiBuiltInKeywords.groovy:387)&#xD;
	at com.kms.katalon.core.webui.keyword.WebUiBuiltInKeywords$verifyElementNotVisible$26.call(Unknown Source)&#xD;
	at globalSearchOnTraining_Test.run(globalSearchOnTraining_Test:32)&#xD;
	at com.kms.katalon.core.main.ScriptEngine.run(ScriptEngine.java:194)&#xD;
	at com.kms.katalon.core.main.ScriptEngine.runScriptAsRawText(ScriptEngine.java:119)&#xD;
	at com.kms.katalon.core.main.TestCaseExecutor.runScript(TestCaseExecutor.java:337)&#xD;
	at com.kms.katalon.core.main.TestCaseExecutor.doExecute(TestCaseExecutor.java:328)&#xD;
	at com.kms.katalon.core.main.TestCaseExecutor.processExecutionPhase(TestCaseExecutor.java:307)&#xD;
	at com.kms.katalon.core.main.TestCaseExecutor.accessMainPhase(TestCaseExecutor.java:299)&#xD;
	at com.kms.katalon.core.main.TestCaseExecutor.execute(TestCaseExecutor.java:233)&#xD;
	at com.kms.katalon.core.main.TestSuiteExecutor.accessTestCaseMainPhase(TestSuiteExecutor.java:169)&#xD;
	at com.kms.katalon.core.main.TestSuiteExecutor.accessTestSuiteMainPhase(TestSuiteExecutor.java:142)&#xD;
	at com.kms.katalon.core.main.TestSuiteExecutor.execute(TestSuiteExecutor.java:91)&#xD;
	at com.kms.katalon.core.main.TestCaseMain.startTestSuite(TestCaseMain.java:157)&#xD;
	at com.kms.katalon.core.main.TestCaseMain$startTestSuite$0.call(Unknown Source)&#xD;
	at TempTestSuite1592890301834.run(TempTestSuite1592890301834.groovy:35)&#xD;
)&#xD;
[[ATTACHMENT|D:\\IMIbot.ai-Project\\Reports\\20200623_110141\\Regression\\20200623_110141\\1592895248201.png]]&#xD;
&#xD;
2020-06-23 12:24:09 - [TEST_STEP][PASSED] - platform.Method.clickOnElement(findTestObject("Generic/webObjectWithText", ["textValue":testData.getValue("global_entity_type", count)])): platform.Method.clickOnElement is PASSED&#xD;
&#xD;
2020-06-23 12:24:11 - [MESSAGE][PASSED] - platform.Method.clickOnElement is PASSED&#xD;
&#xD;
2020-06-23 12:24:11 - [TEST_STEP][PASSED] - platform.Method.clickOnElement(findTestObject("Button/entityPageSaveButton")): platform.Method.clickOnElement is PASSED&#xD;
&#xD;
2020-06-23 12:24:14 - [MESSAGE][PASSED] - platform.Method.clickOnElement is PASSED&#xD;
&#xD;
2020-06-23 12:24:14 - [TEST_STEP][PASSED] - delay(1): Delayed 1 second(s)&#xD;
&#xD;
2020-06-23 12:24:15 - [MESSAGE][PASSED] - Delayed 1 second(s)&#xD;
&#xD;
2020-06-23 12:24:15 - [TEST_STEP][PASSED] - if (testData.getValue("global_entity_name", count) != ""): Delayed 1 second(s)&#xD;
&#xD;
2020-06-23 12:24:15 - [TEST_STEP][PASSED] - platform.Method.clickOnElement(findTestObject("Button/createEntity")): platform.Method.clickOnElement is PASSED&#xD;
&#xD;
2020-06-23 12:24:17 - [MESSAGE][PASSED] - platform.Method.clickOnElement is PASSED&#xD;
&#xD;
2020-06-23 12:24:17 - [TEST_STEP][PASSED] - sendKeys(findTestObject("Input/entityName"), testData.getValue("global_entity_name", count)): Keys 'organisation' sent to object: 'Object Repository/Input/entityName'&#xD;
&#xD;
2020-06-23 12:24:20 - [MESSAGE][PASSED] - Keys 'organisation' sent to object: 'Object Repository/Input/entityName'&#xD;
&#xD;
2020-06-23 12:24:20 - [TEST_STEP][PASSED] - platform.Method.clickOnElement(findTestObject("Generic/listOfEntity")): platform.Method.clickOnElement is PASSED&#xD;
&#xD;
2020-06-23 12:24:22 - [MESSAGE][PASSED] - platform.Method.clickOnElement is PASSED&#xD;
&#xD;
2020-06-23 12:24:22 - [TEST_STEP][PASSED] - if (verifyElementNotVisible(findTestObject("Generic/webObjectWithText", ["textValue":testData.getValue("global_entity_type", count)]), OPTIONAL)): Object 'Object Repository/Generic/webObjectWithText' is visible (Root cause: com.kms.katalon.core.exception.StepFailedException: Object 'Object Repository/Generic/webObjectWithText' is visible&#xD;
	at com.kms.katalon.core.webui.keyword.internal.WebUIKeywordMain.stepFailed(WebUIKeywordMain.groovy:64)&#xD;
	at com.kms.katalon.core.webui.keyword.builtin.VerifyElementNotVisibleKeyword$_verifyElementNotVisible_closure1.doCall(VerifyElementNotVisibleKeyword.groovy:83)&#xD;
	at com.kms.katalon.core.webui.keyword.builtin.VerifyElementNotVisibleKeyword$_verifyElementNotVisible_closure1.call(VerifyElementNotVisibleKeyword.groovy)&#xD;
	at com.kms.katalon.core.webui.keyword.internal.WebUIKeywordMain.runKeyword(WebUIKeywordMain.groovy:20)&#xD;
	at com.kms.katalon.core.webui.keyword.builtin.VerifyElementNotVisibleKeyword.verifyElementNotVisible(VerifyElementNotVisibleKeyword.groovy:97)&#xD;
	at com.kms.katalon.core.webui.keyword.builtin.VerifyElementNotVisibleKeyword.execute(VerifyElementNotVisibleKeyword.groovy:67)&#xD;
	at com.kms.katalon.core.keyword.internal.KeywordExecutor.executeKeywordForPlatform(KeywordExecutor.groovy:56)&#xD;
	at com.kms.katalon.core.webui.keyword.WebUiBuiltInKeywords.verifyElementNotVisible(WebUiBuiltInKeywords.groovy:387)&#xD;
	at com.kms.katalon.core.webui.keyword.WebUiBuiltInKeywords$verifyElementNotVisible$26.call(Unknown Source)&#xD;
	at globalSearchOnTraining_Test.run(globalSearchOnTraining_Test:32)&#xD;
	at com.kms.katalon.core.main.ScriptEngine.run(ScriptEngine.java:194)&#xD;
	at com.kms.katalon.core.main.ScriptEngine.runScriptAsRawText(ScriptEngine.java:119)&#xD;
	at com.kms.katalon.core.main.TestCaseExecutor.runScript(TestCaseExecutor.java:337)&#xD;
	at com.kms.katalon.core.main.TestCaseExecutor.doExecute(TestCaseExecutor.java:328)&#xD;
	at com.kms.katalon.core.main.TestCaseExecutor.processExecutionPhase(TestCaseExecutor.java:307)&#xD;
	at com.kms.katalon.core.main.TestCaseExecutor.accessMainPhase(TestCaseExecutor.java:299)&#xD;
	at com.kms.katalon.core.main.TestCaseExecutor.execute(TestCaseExecutor.java:233)&#xD;
	at com.kms.katalon.core.main.TestSuiteExecutor.accessTestCaseMainPhase(TestSuiteExecutor.java:169)&#xD;
	at com.kms.katalon.core.main.TestSuiteExecutor.accessTestSuiteMainPhase(TestSuiteExecutor.java:142)&#xD;
	at com.kms.katalon.core.main.TestSuiteExecutor.execute(TestSuiteExecutor.java:91)&#xD;
	at com.kms.katalon.core.main.TestCaseMain.startTestSuite(TestCaseMain.java:157)&#xD;
	at com.kms.katalon.core.main.TestCaseMain$startTestSuite$0.call(Unknown Source)&#xD;
	at TempTestSuite1592890301834.run(TempTestSuite1592890301834.groovy:35)&#xD;
)&#xD;
&#xD;
2020-06-23 12:24:26 - [MESSAGE][WARNING] - Object 'Object Repository/Generic/webObjectWithText' is visible (Root cause: com.kms.katalon.core.exception.StepFailedException: Object 'Object Repository/Generic/webObjectWithText' is visible&#xD;
	at com.kms.katalon.core.webui.keyword.internal.WebUIKeywordMain.stepFailed(WebUIKeywordMain.groovy:64)&#xD;
	at com.kms.katalon.core.webui.keyword.builtin.VerifyElementNotVisibleKeyword$_verifyElementNotVisible_closure1.doCall(VerifyElementNotVisibleKeyword.groovy:83)&#xD;
	at com.kms.katalon.core.webui.keyword.builtin.VerifyElementNotVisibleKeyword$_verifyElementNotVisible_closure1.call(VerifyElementNotVisibleKeyword.groovy)&#xD;
	at com.kms.katalon.core.webui.keyword.internal.WebUIKeywordMain.runKeyword(WebUIKeywordMain.groovy:20)&#xD;
	at com.kms.katalon.core.webui.keyword.builtin.VerifyElementNotVisibleKeyword.verifyElementNotVisible(VerifyElementNotVisibleKeyword.groovy:97)&#xD;
	at com.kms.katalon.core.webui.keyword.builtin.VerifyElementNotVisibleKeyword.execute(VerifyElementNotVisibleKeyword.groovy:67)&#xD;
	at com.kms.katalon.core.keyword.internal.KeywordExecutor.executeKeywordForPlatform(KeywordExecutor.groovy:56)&#xD;
	at com.kms.katalon.core.webui.keyword.WebUiBuiltInKeywords.verifyElementNotVisible(WebUiBuiltInKeywords.groovy:387)&#xD;
	at com.kms.katalon.core.webui.keyword.WebUiBuiltInKeywords$verifyElementNotVisible$26.call(Unknown Source)&#xD;
	at globalSearchOnTraining_Test.run(globalSearchOnTraining_Test:32)&#xD;
	at com.kms.katalon.core.main.ScriptEngine.run(ScriptEngine.java:194)&#xD;
	at com.kms.katalon.core.main.ScriptEngine.runScriptAsRawText(ScriptEngine.java:119)&#xD;
	at com.kms.katalon.core.main.TestCaseExecutor.runScript(TestCaseExecutor.java:337)&#xD;
	at com.kms.katalon.core.main.TestCaseExecutor.doExecute(TestCaseExecutor.java:328)&#xD;
	at com.kms.katalon.core.main.TestCaseExecutor.processExecutionPhase(TestCaseExecutor.java:307)&#xD;
	at com.kms.katalon.core.main.TestCaseExecutor.accessMainPhase(TestCaseExecutor.java:299)&#xD;
	at com.kms.katalon.core.main.TestCaseExecutor.execute(TestCaseExecutor.java:233)&#xD;
	at com.kms.katalon.core.main.TestSuiteExecutor.accessTestCaseMainPhase(TestSuiteExecutor.java:169)&#xD;
	at com.kms.katalon.core.main.TestSuiteExecutor.accessTestSuiteMainPhase(TestSuiteExecutor.java:142)&#xD;
	at com.kms.katalon.core.main.TestSuiteExecutor.execute(TestSuiteExecutor.java:91)&#xD;
	at com.kms.katalon.core.main.TestCaseMain.startTestSuite(TestCaseMain.java:157)&#xD;
	at com.kms.katalon.core.main.TestCaseMain$startTestSuite$0.call(Unknown Source)&#xD;
	at TempTestSuite1592890301834.run(TempTestSuite1592890301834.groovy:35)&#xD;
)&#xD;
[[ATTACHMENT|D:\\IMIbot.ai-Project\\Reports\\20200623_110141\\Regression\\20200623_110141\\1592895264606.png]]&#xD;
&#xD;
2020-06-23 12:24:26 - [TEST_STEP][PASSED] - platform.Method.clickOnElement(findTestObject("Generic/webObjectWithText", ["textValue":testData.getValue("global_entity_type", count)])): platform.Method.clickOnElement is PASSED&#xD;
&#xD;
2020-06-23 12:24:28 - [MESSAGE][PASSED] - platform.Method.clickOnElement is PASSED&#xD;
&#xD;
2020-06-23 12:24:28 - [TEST_STEP][PASSED] - platform.Method.clickOnElement(findTestObject("Button/entityPageSaveButton")): platform.Method.clickOnElement is PASSED&#xD;
&#xD;
2020-06-23 12:24:30 - [MESSAGE][PASSED] - platform.Method.clickOnElement is PASSED&#xD;
&#xD;
2020-06-23 12:24:30 - [TEST_STEP][PASSED] - delay(1): Delayed 1 second(s)&#xD;
&#xD;
2020-06-23 12:24:31 - [MESSAGE][PASSED] - Delayed 1 second(s)&#xD;
&#xD;
2020-06-23 12:24:31 - [TEST_STEP][PASSED] - if (testData.getValue("global_entity_name", count) != ""): Delayed 1 second(s)&#xD;
&#xD;
2020-06-23 12:24:31 - [TEST_STEP][PASSED] - platform.Method.clickOnElement(findTestObject("Button/createEntity")): platform.Method.clickOnElement is PASSED&#xD;
&#xD;
2020-06-23 12:24:33 - [MESSAGE][PASSED] - platform.Method.clickOnElement is PASSED&#xD;
&#xD;
2020-06-23 12:24:33 - [TEST_STEP][PASSED] - sendKeys(findTestObject("Input/entityName"), testData.getValue("global_entity_name", count)): Keys 'person' sent to object: 'Object Repository/Input/entityName'&#xD;
&#xD;
2020-06-23 12:24:36 - [MESSAGE][PASSED] - Keys 'person' sent to object: 'Object Repository/Input/entityName'&#xD;
&#xD;
2020-06-23 12:24:36 - [TEST_STEP][PASSED] - platform.Method.clickOnElement(findTestObject("Generic/listOfEntity")): platform.Method.clickOnElement is PASSED&#xD;
&#xD;
2020-06-23 12:24:38 - [MESSAGE][PASSED] - platform.Method.clickOnElement is PASSED&#xD;
&#xD;
2020-06-23 12:24:38 - [TEST_STEP][PASSED] - if (verifyElementNotVisible(findTestObject("Generic/webObjectWithText", ["textValue":testData.getValue("global_entity_type", count)]), OPTIONAL)): Object 'Object Repository/Generic/webObjectWithText' is visible (Root cause: com.kms.katalon.core.exception.StepFailedException: Object 'Object Repository/Generic/webObjectWithText' is visible&#xD;
	at com.kms.katalon.core.webui.keyword.internal.WebUIKeywordMain.stepFailed(WebUIKeywordMain.groovy:64)&#xD;
	at com.kms.katalon.core.webui.keyword.builtin.VerifyElementNotVisibleKeyword$_verifyElementNotVisible_closure1.doCall(VerifyElementNotVisibleKeyword.groovy:83)&#xD;
	at com.kms.katalon.core.webui.keyword.builtin.VerifyElementNotVisibleKeyword$_verifyElementNotVisible_closure1.call(VerifyElementNotVisibleKeyword.groovy)&#xD;
	at com.kms.katalon.core.webui.keyword.internal.WebUIKeywordMain.runKeyword(WebUIKeywordMain.groovy:20)&#xD;
	at com.kms.katalon.core.webui.keyword.builtin.VerifyElementNotVisibleKeyword.verifyElementNotVisible(VerifyElementNotVisibleKeyword.groovy:97)&#xD;
	at com.kms.katalon.core.webui.keyword.builtin.VerifyElementNotVisibleKeyword.execute(VerifyElementNotVisibleKeyword.groovy:67)&#xD;
	at com.kms.katalon.core.keyword.internal.KeywordExecutor.executeKeywordForPlatform(KeywordExecutor.groovy:56)&#xD;
	at com.kms.katalon.core.webui.keyword.WebUiBuiltInKeywords.verifyElementNotVisible(WebUiBuiltInKeywords.groovy:387)&#xD;
	at com.kms.katalon.core.webui.keyword.WebUiBuiltInKeywords$verifyElementNotVisible$26.call(Unknown Source)&#xD;
	at globalSearchOnTraining_Test.run(globalSearchOnTraining_Test:32)&#xD;
	at com.kms.katalon.core.main.ScriptEngine.run(ScriptEngine.java:194)&#xD;
	at com.kms.katalon.core.main.ScriptEngine.runScriptAsRawText(ScriptEngine.java:119)&#xD;
	at com.kms.katalon.core.main.TestCaseExecutor.runScript(TestCaseExecutor.java:337)&#xD;
	at com.kms.katalon.core.main.TestCaseExecutor.doExecute(TestCaseExecutor.java:328)&#xD;
	at com.kms.katalon.core.main.TestCaseExecutor.processExecutionPhase(TestCaseExecutor.java:307)&#xD;
	at com.kms.katalon.core.main.TestCaseExecutor.accessMainPhase(TestCaseExecutor.java:299)&#xD;
	at com.kms.katalon.core.main.TestCaseExecutor.execute(TestCaseExecutor.java:233)&#xD;
	at com.kms.katalon.core.main.TestSuiteExecutor.accessTestCaseMainPhase(TestSuiteExecutor.java:169)&#xD;
	at com.kms.katalon.core.main.TestSuiteExecutor.accessTestSuiteMainPhase(TestSuiteExecutor.java:142)&#xD;
	at com.kms.katalon.core.main.TestSuiteExecutor.execute(TestSuiteExecutor.java:91)&#xD;
	at com.kms.katalon.core.main.TestCaseMain.startTestSuite(TestCaseMain.java:157)&#xD;
	at com.kms.katalon.core.main.TestCaseMain$startTestSuite$0.call(Unknown Source)&#xD;
	at TempTestSuite1592890301834.run(TempTestSuite1592890301834.groovy:35)&#xD;
)&#xD;
&#xD;
2020-06-23 12:24:42 - [MESSAGE][WARNING] - Object 'Object Repository/Generic/webObjectWithText' is visible (Root cause: com.kms.katalon.core.exception.StepFailedException: Object 'Object Repository/Generic/webObjectWithText' is visible&#xD;
	at com.kms.katalon.core.webui.keyword.internal.WebUIKeywordMain.stepFailed(WebUIKeywordMain.groovy:64)&#xD;
	at com.kms.katalon.core.webui.keyword.builtin.VerifyElementNotVisibleKeyword$_verifyElementNotVisible_closure1.doCall(VerifyElementNotVisibleKeyword.groovy:83)&#xD;
	at com.kms.katalon.core.webui.keyword.builtin.VerifyElementNotVisibleKeyword$_verifyElementNotVisible_closure1.call(VerifyElementNotVisibleKeyword.groovy)&#xD;
	at com.kms.katalon.core.webui.keyword.internal.WebUIKeywordMain.runKeyword(WebUIKeywordMain.groovy:20)&#xD;
	at com.kms.katalon.core.webui.keyword.builtin.VerifyElementNotVisibleKeyword.verifyElementNotVisible(VerifyElementNotVisibleKeyword.groovy:97)&#xD;
	at com.kms.katalon.core.webui.keyword.builtin.VerifyElementNotVisibleKeyword.execute(VerifyElementNotVisibleKeyword.groovy:67)&#xD;
	at com.kms.katalon.core.keyword.internal.KeywordExecutor.executeKeywordForPlatform(KeywordExecutor.groovy:56)&#xD;
	at com.kms.katalon.core.webui.keyword.WebUiBuiltInKeywords.verifyElementNotVisible(WebUiBuiltInKeywords.groovy:387)&#xD;
	at com.kms.katalon.core.webui.keyword.WebUiBuiltInKeywords$verifyElementNotVisible$26.call(Unknown Source)&#xD;
	at globalSearchOnTraining_Test.run(globalSearchOnTraining_Test:32)&#xD;
	at com.kms.katalon.core.main.ScriptEngine.run(ScriptEngine.java:194)&#xD;
	at com.kms.katalon.core.main.ScriptEngine.runScriptAsRawText(ScriptEngine.java:119)&#xD;
	at com.kms.katalon.core.main.TestCaseExecutor.runScript(TestCaseExecutor.java:337)&#xD;
	at com.kms.katalon.core.main.TestCaseExecutor.doExecute(TestCaseExecutor.java:328)&#xD;
	at com.kms.katalon.core.main.TestCaseExecutor.processExecutionPhase(TestCaseExecutor.java:307)&#xD;
	at com.kms.katalon.core.main.TestCaseExecutor.accessMainPhase(TestCaseExecutor.java:299)&#xD;
	at com.kms.katalon.core.main.TestCaseExecutor.execute(TestCaseExecutor.java:233)&#xD;
	at com.kms.katalon.core.main.TestSuiteExecutor.accessTestCaseMainPhase(TestSuiteExecutor.java:169)&#xD;
	at com.kms.katalon.core.main.TestSuiteExecutor.accessTestSuiteMainPhase(TestSuiteExecutor.java:142)&#xD;
	at com.kms.katalon.core.main.TestSuiteExecutor.execute(TestSuiteExecutor.java:91)&#xD;
	at com.kms.katalon.core.main.TestCaseMain.startTestSuite(TestCaseMain.java:157)&#xD;
	at com.kms.katalon.core.main.TestCaseMain$startTestSuite$0.call(Unknown Source)&#xD;
	at TempTestSuite1592890301834.run(TempTestSuite1592890301834.groovy:35)&#xD;
)&#xD;
[[ATTACHMENT|D:\\IMIbot.ai-Project\\Reports\\20200623_110141\\Regression\\20200623_110141\\1592895280825.png]]&#xD;
&#xD;
2020-06-23 12:24:42 - [TEST_STEP][PASSED] - platform.Method.clickOnElement(findTestObject("Generic/webObjectWithText", ["textValue":testData.getValue("global_entity_type", count)])): platform.Method.clickOnElement is PASSED&#xD;
&#xD;
2020-06-23 12:24:44 - [MESSAGE][PASSED] - platform.Method.clickOnElement is PASSED&#xD;
&#xD;
2020-06-23 12:24:44 - [TEST_STEP][PASSED] - platform.Method.clickOnElement(findTestObject("Button/entityPageSaveButton")): platform.Method.clickOnElement is PASSED&#xD;
&#xD;
2020-06-23 12:24:46 - [MESSAGE][PASSED] - platform.Method.clickOnElement is PASSED&#xD;
&#xD;
2020-06-23 12:24:46 - [TEST_STEP][PASSED] - delay(1): Delayed 1 second(s)&#xD;
&#xD;
2020-06-23 12:24:47 - [MESSAGE][PASSED] - Delayed 1 second(s)&#xD;
&#xD;
2020-06-23 12:24:47 - [TEST_STEP][PASSED] - if (testData.getValue("global_entity_name", count) != ""): Delayed 1 second(s)&#xD;
&#xD;
2020-06-23 12:24:47 - [TEST_STEP][PASSED] - platform.Method.clickOnElement(findTestObject("Button/createEntity")): platform.Method.clickOnElement is PASSED&#xD;
&#xD;
2020-06-23 12:24:50 - [MESSAGE][PASSED] - platform.Method.clickOnElement is PASSED&#xD;
&#xD;
2020-06-23 12:24:50 - [TEST_STEP][PASSED] - sendKeys(findTestObject("Input/entityName"), testData.getValue("global_entity_name", count)): Keys 'language' sent to object: 'Object Repository/Input/entityName'&#xD;
&#xD;
2020-06-23 12:24:52 - [MESSAGE][PASSED] - Keys 'language' sent to object: 'Object Repository/Input/entityName'&#xD;
&#xD;
2020-06-23 12:24:52 - [TEST_STEP][PASSED] - platform.Method.clickOnElement(findTestObject("Generic/listOfEntity")): platform.Method.clickOnElement is PASSED&#xD;
&#xD;
2020-06-23 12:24:54 - [MESSAGE][PASSED] - platform.Method.clickOnElement is PASSED&#xD;
&#xD;
2020-06-23 12:24:54 - [TEST_STEP][PASSED] - if (verifyElementNotVisible(findTestObject("Generic/webObjectWithText", ["textValue":testData.getValue("global_entity_type", count)]), OPTIONAL)): Object 'Object Repository/Generic/webObjectWithText' is visible (Root cause: com.kms.katalon.core.exception.StepFailedException: Object 'Object Repository/Generic/webObjectWithText' is visible&#xD;
	at com.kms.katalon.core.webui.keyword.internal.WebUIKeywordMain.stepFailed(WebUIKeywordMain.groovy:64)&#xD;
	at com.kms.katalon.core.webui.keyword.builtin.VerifyElementNotVisibleKeyword$_verifyElementNotVisible_closure1.doCall(VerifyElementNotVisibleKeyword.groovy:83)&#xD;
	at com.kms.katalon.core.webui.keyword.builtin.VerifyElementNotVisibleKeyword$_verifyElementNotVisible_closure1.call(VerifyElementNotVisibleKeyword.groovy)&#xD;
	at com.kms.katalon.core.webui.keyword.internal.WebUIKeywordMain.runKeyword(WebUIKeywordMain.groovy:20)&#xD;
	at com.kms.katalon.core.webui.keyword.builtin.VerifyElementNotVisibleKeyword.verifyElementNotVisible(VerifyElementNotVisibleKeyword.groovy:97)&#xD;
	at com.kms.katalon.core.webui.keyword.builtin.VerifyElementNotVisibleKeyword.execute(VerifyElementNotVisibleKeyword.groovy:67)&#xD;
	at com.kms.katalon.core.keyword.internal.KeywordExecutor.executeKeywordForPlatform(KeywordExecutor.groovy:56)&#xD;
	at com.kms.katalon.core.webui.keyword.WebUiBuiltInKeywords.verifyElementNotVisible(WebUiBuiltInKeywords.groovy:387)&#xD;
	at com.kms.katalon.core.webui.keyword.WebUiBuiltInKeywords$verifyElementNotVisible$26.call(Unknown Source)&#xD;
	at globalSearchOnTraining_Test.run(globalSearchOnTraining_Test:32)&#xD;
	at com.kms.katalon.core.main.ScriptEngine.run(ScriptEngine.java:194)&#xD;
	at com.kms.katalon.core.main.ScriptEngine.runScriptAsRawText(ScriptEngine.java:119)&#xD;
	at com.kms.katalon.core.main.TestCaseExecutor.runScript(TestCaseExecutor.java:337)&#xD;
	at com.kms.katalon.core.main.TestCaseExecutor.doExecute(TestCaseExecutor.java:328)&#xD;
	at com.kms.katalon.core.main.TestCaseExecutor.processExecutionPhase(TestCaseExecutor.java:307)&#xD;
	at com.kms.katalon.core.main.TestCaseExecutor.accessMainPhase(TestCaseExecutor.java:299)&#xD;
	at com.kms.katalon.core.main.TestCaseExecutor.execute(TestCaseExecutor.java:233)&#xD;
	at com.kms.katalon.core.main.TestSuiteExecutor.accessTestCaseMainPhase(TestSuiteExecutor.java:169)&#xD;
	at com.kms.katalon.core.main.TestSuiteExecutor.accessTestSuiteMainPhase(TestSuiteExecutor.java:142)&#xD;
	at com.kms.katalon.core.main.TestSuiteExecutor.execute(TestSuiteExecutor.java:91)&#xD;
	at com.kms.katalon.core.main.TestCaseMain.startTestSuite(TestCaseMain.java:157)&#xD;
	at com.kms.katalon.core.main.TestCaseMain$startTestSuite$0.call(Unknown Source)&#xD;
	at TempTestSuite1592890301834.run(TempTestSuite1592890301834.groovy:35)&#xD;
)&#xD;
&#xD;
2020-06-23 12:24:58 - [MESSAGE][WARNING] - Object 'Object Repository/Generic/webObjectWithText' is visible (Root cause: com.kms.katalon.core.exception.StepFailedException: Object 'Object Repository/Generic/webObjectWithText' is visible&#xD;
	at com.kms.katalon.core.webui.keyword.internal.WebUIKeywordMain.stepFailed(WebUIKeywordMain.groovy:64)&#xD;
	at com.kms.katalon.core.webui.keyword.builtin.VerifyElementNotVisibleKeyword$_verifyElementNotVisible_closure1.doCall(VerifyElementNotVisibleKeyword.groovy:83)&#xD;
	at com.kms.katalon.core.webui.keyword.builtin.VerifyElementNotVisibleKeyword$_verifyElementNotVisible_closure1.call(VerifyElementNotVisibleKeyword.groovy)&#xD;
	at com.kms.katalon.core.webui.keyword.internal.WebUIKeywordMain.runKeyword(WebUIKeywordMain.groovy:20)&#xD;
	at com.kms.katalon.core.webui.keyword.builtin.VerifyElementNotVisibleKeyword.verifyElementNotVisible(VerifyElementNotVisibleKeyword.groovy:97)&#xD;
	at com.kms.katalon.core.webui.keyword.builtin.VerifyElementNotVisibleKeyword.execute(VerifyElementNotVisibleKeyword.groovy:67)&#xD;
	at com.kms.katalon.core.keyword.internal.KeywordExecutor.executeKeywordForPlatform(KeywordExecutor.groovy:56)&#xD;
	at com.kms.katalon.core.webui.keyword.WebUiBuiltInKeywords.verifyElementNotVisible(WebUiBuiltInKeywords.groovy:387)&#xD;
	at com.kms.katalon.core.webui.keyword.WebUiBuiltInKeywords$verifyElementNotVisible$26.call(Unknown Source)&#xD;
	at globalSearchOnTraining_Test.run(globalSearchOnTraining_Test:32)&#xD;
	at com.kms.katalon.core.main.ScriptEngine.run(ScriptEngine.java:194)&#xD;
	at com.kms.katalon.core.main.ScriptEngine.runScriptAsRawText(ScriptEngine.java:119)&#xD;
	at com.kms.katalon.core.main.TestCaseExecutor.runScript(TestCaseExecutor.java:337)&#xD;
	at com.kms.katalon.core.main.TestCaseExecutor.doExecute(TestCaseExecutor.java:328)&#xD;
	at com.kms.katalon.core.main.TestCaseExecutor.processExecutionPhase(TestCaseExecutor.java:307)&#xD;
	at com.kms.katalon.core.main.TestCaseExecutor.accessMainPhase(TestCaseExecutor.java:299)&#xD;
	at com.kms.katalon.core.main.TestCaseExecutor.execute(TestCaseExecutor.java:233)&#xD;
	at com.kms.katalon.core.main.TestSuiteExecutor.accessTestCaseMainPhase(TestSuiteExecutor.java:169)&#xD;
	at com.kms.katalon.core.main.TestSuiteExecutor.accessTestSuiteMainPhase(TestSuiteExecutor.java:142)&#xD;
	at com.kms.katalon.core.main.TestSuiteExecutor.execute(TestSuiteExecutor.java:91)&#xD;
	at com.kms.katalon.core.main.TestCaseMain.startTestSuite(TestCaseMain.java:157)&#xD;
	at com.kms.katalon.core.main.TestCaseMain$startTestSuite$0.call(Unknown Source)&#xD;
	at TempTestSuite1592890301834.run(TempTestSuite1592890301834.groovy:35)&#xD;
)&#xD;
[[ATTACHMENT|D:\\IMIbot.ai-Project\\Reports\\20200623_110141\\Regression\\20200623_110141\\1592895297189.png]]&#xD;
&#xD;
2020-06-23 12:24:58 - [TEST_STEP][PASSED] - platform.Method.clickOnElement(findTestObject("Generic/webObjectWithText", ["textValue":testData.getValue("global_entity_type", count)])): platform.Method.clickOnElement is PASSED&#xD;
&#xD;
2020-06-23 12:25:00 - [MESSAGE][PASSED] - platform.Method.clickOnElement is PASSED&#xD;
&#xD;
2020-06-23 12:25:00 - [TEST_STEP][PASSED] - platform.Method.clickOnElement(findTestObject("Button/entityPageSaveButton")): platform.Method.clickOnElement is PASSED&#xD;
&#xD;
2020-06-23 12:25:03 - [MESSAGE][PASSED] - platform.Method.clickOnElement is PASSED&#xD;
&#xD;
2020-06-23 12:25:03 - [TEST_STEP][PASSED] - delay(1): Delayed 1 second(s)&#xD;
&#xD;
2020-06-23 12:25:04 - [MESSAGE][PASSED] - Delayed 1 second(s)&#xD;
&#xD;
2020-06-23 12:25:04 - [TEST_STEP][PASSED] - if (testData.getValue("global_entity_name", count) != ""): Delayed 1 second(s)&#xD;
&#xD;
2020-06-23 12:25:04 - [TEST_STEP][PASSED] - platform.Method.clickOnElement(findTestObject("Button/createEntity")): platform.Method.clickOnElement is PASSED&#xD;
&#xD;
2020-06-23 12:25:06 - [MESSAGE][PASSED] - platform.Method.clickOnElement is PASSED&#xD;
&#xD;
2020-06-23 12:25:06 - [TEST_STEP][PASSED] - sendKeys(findTestObject("Input/entityName"), testData.getValue("global_entity_name", count)): Keys 'percent' sent to object: 'Object Repository/Input/entityName'&#xD;
&#xD;
2020-06-23 12:25:09 - [MESSAGE][PASSED] - Keys 'percent' sent to object: 'Object Repository/Input/entityName'&#xD;
&#xD;
2020-06-23 12:25:09 - [TEST_STEP][PASSED] - platform.Method.clickOnElement(findTestObject("Generic/listOfEntity")): platform.Method.clickOnElement is PASSED&#xD;
&#xD;
2020-06-23 12:25:11 - [MESSAGE][PASSED] - platform.Method.clickOnElement is PASSED&#xD;
&#xD;
2020-06-23 12:25:11 - [TEST_STEP][PASSED] - if (verifyElementNotVisible(findTestObject("Generic/webObjectWithText", ["textValue":testData.getValue("global_entity_type", count)]), OPTIONAL)): Object 'Object Repository/Generic/webObjectWithText' is visible (Root cause: com.kms.katalon.core.exception.StepFailedException: Object 'Object Repository/Generic/webObjectWithText' is visible&#xD;
	at com.kms.katalon.core.webui.keyword.internal.WebUIKeywordMain.stepFailed(WebUIKeywordMain.groovy:64)&#xD;
	at com.kms.katalon.core.webui.keyword.builtin.VerifyElementNotVisibleKeyword$_verifyElementNotVisible_closure1.doCall(VerifyElementNotVisibleKeyword.groovy:83)&#xD;
	at com.kms.katalon.core.webui.keyword.builtin.VerifyElementNotVisibleKeyword$_verifyElementNotVisible_closure1.call(VerifyElementNotVisibleKeyword.groovy)&#xD;
	at com.kms.katalon.core.webui.keyword.internal.WebUIKeywordMain.runKeyword(WebUIKeywordMain.groovy:20)&#xD;
	at com.kms.katalon.core.webui.keyword.builtin.VerifyElementNotVisibleKeyword.verifyElementNotVisible(VerifyElementNotVisibleKeyword.groovy:97)&#xD;
	at com.kms.katalon.core.webui.keyword.builtin.VerifyElementNotVisibleKeyword.execute(VerifyElementNotVisibleKeyword.groovy:67)&#xD;
	at com.kms.katalon.core.keyword.internal.KeywordExecutor.executeKeywordForPlatform(KeywordExecutor.groovy:56)&#xD;
	at com.kms.katalon.core.webui.keyword.WebUiBuiltInKeywords.verifyElementNotVisible(WebUiBuiltInKeywords.groovy:387)&#xD;
	at com.kms.katalon.core.webui.keyword.WebUiBuiltInKeywords$verifyElementNotVisible$26.call(Unknown Source)&#xD;
	at globalSearchOnTraining_Test.run(globalSearchOnTraining_Test:32)&#xD;
	at com.kms.katalon.core.main.ScriptEngine.run(ScriptEngine.java:194)&#xD;
	at com.kms.katalon.core.main.ScriptEngine.runScriptAsRawText(ScriptEngine.java:119)&#xD;
	at com.kms.katalon.core.main.TestCaseExecutor.runScript(TestCaseExecutor.java:337)&#xD;
	at com.kms.katalon.core.main.TestCaseExecutor.doExecute(TestCaseExecutor.java:328)&#xD;
	at com.kms.katalon.core.main.TestCaseExecutor.processExecutionPhase(TestCaseExecutor.java:307)&#xD;
	at com.kms.katalon.core.main.TestCaseExecutor.accessMainPhase(TestCaseExecutor.java:299)&#xD;
	at com.kms.katalon.core.main.TestCaseExecutor.execute(TestCaseExecutor.java:233)&#xD;
	at com.kms.katalon.core.main.TestSuiteExecutor.accessTestCaseMainPhase(TestSuiteExecutor.java:169)&#xD;
	at com.kms.katalon.core.main.TestSuiteExecutor.accessTestSuiteMainPhase(TestSuiteExecutor.java:142)&#xD;
	at com.kms.katalon.core.main.TestSuiteExecutor.execute(TestSuiteExecutor.java:91)&#xD;
	at com.kms.katalon.core.main.TestCaseMain.startTestSuite(TestCaseMain.java:157)&#xD;
	at com.kms.katalon.core.main.TestCaseMain$startTestSuite$0.call(Unknown Source)&#xD;
	at TempTestSuite1592890301834.run(TempTestSuite1592890301834.groovy:35)&#xD;
)&#xD;
&#xD;
2020-06-23 12:25:15 - [MESSAGE][WARNING] - Object 'Object Repository/Generic/webObjectWithText' is visible (Root cause: com.kms.katalon.core.exception.StepFailedException: Object 'Object Repository/Generic/webObjectWithText' is visible&#xD;
	at com.kms.katalon.core.webui.keyword.internal.WebUIKeywordMain.stepFailed(WebUIKeywordMain.groovy:64)&#xD;
	at com.kms.katalon.core.webui.keyword.builtin.VerifyElementNotVisibleKeyword$_verifyElementNotVisible_closure1.doCall(VerifyElementNotVisibleKeyword.groovy:83)&#xD;
	at com.kms.katalon.core.webui.keyword.builtin.VerifyElementNotVisibleKeyword$_verifyElementNotVisible_closure1.call(VerifyElementNotVisibleKeyword.groovy)&#xD;
	at com.kms.katalon.core.webui.keyword.internal.WebUIKeywordMain.runKeyword(WebUIKeywordMain.groovy:20)&#xD;
	at com.kms.katalon.core.webui.keyword.builtin.VerifyElementNotVisibleKeyword.verifyElementNotVisible(VerifyElementNotVisibleKeyword.groovy:97)&#xD;
	at com.kms.katalon.core.webui.keyword.builtin.VerifyElementNotVisibleKeyword.execute(VerifyElementNotVisibleKeyword.groovy:67)&#xD;
	at com.kms.katalon.core.keyword.internal.KeywordExecutor.executeKeywordForPlatform(KeywordExecutor.groovy:56)&#xD;
	at com.kms.katalon.core.webui.keyword.WebUiBuiltInKeywords.verifyElementNotVisible(WebUiBuiltInKeywords.groovy:387)&#xD;
	at com.kms.katalon.core.webui.keyword.WebUiBuiltInKeywords$verifyElementNotVisible$26.call(Unknown Source)&#xD;
	at globalSearchOnTraining_Test.run(globalSearchOnTraining_Test:32)&#xD;
	at com.kms.katalon.core.main.ScriptEngine.run(ScriptEngine.java:194)&#xD;
	at com.kms.katalon.core.main.ScriptEngine.runScriptAsRawText(ScriptEngine.java:119)&#xD;
	at com.kms.katalon.core.main.TestCaseExecutor.runScript(TestCaseExecutor.java:337)&#xD;
	at com.kms.katalon.core.main.TestCaseExecutor.doExecute(TestCaseExecutor.java:328)&#xD;
	at com.kms.katalon.core.main.TestCaseExecutor.processExecutionPhase(TestCaseExecutor.java:307)&#xD;
	at com.kms.katalon.core.main.TestCaseExecutor.accessMainPhase(TestCaseExecutor.java:299)&#xD;
	at com.kms.katalon.core.main.TestCaseExecutor.execute(TestCaseExecutor.java:233)&#xD;
	at com.kms.katalon.core.main.TestSuiteExecutor.accessTestCaseMainPhase(TestSuiteExecutor.java:169)&#xD;
	at com.kms.katalon.core.main.TestSuiteExecutor.accessTestSuiteMainPhase(TestSuiteExecutor.java:142)&#xD;
	at com.kms.katalon.core.main.TestSuiteExecutor.execute(TestSuiteExecutor.java:91)&#xD;
	at com.kms.katalon.core.main.TestCaseMain.startTestSuite(TestCaseMain.java:157)&#xD;
	at com.kms.katalon.core.main.TestCaseMain$startTestSuite$0.call(Unknown Source)&#xD;
	at TempTestSuite1592890301834.run(TempTestSuite1592890301834.groovy:35)&#xD;
)&#xD;
[[ATTACHMENT|D:\\IMIbot.ai-Project\\Reports\\20200623_110141\\Regression\\20200623_110141\\1592895313668.png]]&#xD;
&#xD;
2020-06-23 12:25:15 - [TEST_STEP][PASSED] - platform.Method.clickOnElement(findTestObject("Generic/webObjectWithText", ["textValue":testData.getValue("global_entity_type", count)])): platform.Method.clickOnElement is PASSED&#xD;
&#xD;
2020-06-23 12:25:17 - [MESSAGE][PASSED] - platform.Method.clickOnElement is PASSED&#xD;
&#xD;
2020-06-23 12:25:17 - [TEST_STEP][PASSED] - platform.Method.clickOnElement(findTestObject("Button/entityPageSaveButton")): platform.Method.clickOnElement is PASSED&#xD;
&#xD;
2020-06-23 12:25:19 - [MESSAGE][PASSED] - platform.Method.clickOnElement is PASSED&#xD;
&#xD;
2020-06-23 12:25:19 - [TEST_STEP][PASSED] - delay(1): Delayed 1 second(s)&#xD;
&#xD;
2020-06-23 12:25:20 - [MESSAGE][PASSED] - Delayed 1 second(s)&#xD;
&#xD;
2020-06-23 12:25:20 - [TEST_STEP][PASSED] - if (testData.getValue("global_entity_name", count) != ""): Delayed 1 second(s)&#xD;
&#xD;
2020-06-23 12:25:20 - [TEST_STEP][PASSED] - platform.Method.clickOnElement(findTestObject("Button/createEntity")): platform.Method.clickOnElement is PASSED&#xD;
&#xD;
2020-06-23 12:25:22 - [MESSAGE][PASSED] - platform.Method.clickOnElement is PASSED&#xD;
&#xD;
2020-06-23 12:25:22 - [TEST_STEP][PASSED] - sendKeys(findTestObject("Input/entityName"), testData.getValue("global_entity_name", count)): Keys 'quantity' sent to object: 'Object Repository/Input/entityName'&#xD;
&#xD;
2020-06-23 12:25:25 - [MESSAGE][PASSED] - Keys 'quantity' sent to object: 'Object Repository/Input/entityName'&#xD;
&#xD;
2020-06-23 12:25:25 - [TEST_STEP][PASSED] - platform.Method.clickOnElement(findTestObject("Generic/listOfEntity")): platform.Method.clickOnElement is PASSED&#xD;
&#xD;
2020-06-23 12:25:27 - [MESSAGE][PASSED] - platform.Method.clickOnElement is PASSED&#xD;
&#xD;
2020-06-23 12:25:27 - [TEST_STEP][PASSED] - if (verifyElementNotVisible(findTestObject("Generic/webObjectWithText", ["textValue":testData.getValue("global_entity_type", count)]), OPTIONAL)): Object 'Object Repository/Generic/webObjectWithText' is visible (Root cause: com.kms.katalon.core.exception.StepFailedException: Object 'Object Repository/Generic/webObjectWithText' is visible&#xD;
	at com.kms.katalon.core.webui.keyword.internal.WebUIKeywordMain.stepFailed(WebUIKeywordMain.groovy:64)&#xD;
	at com.kms.katalon.core.webui.keyword.builtin.VerifyElementNotVisibleKeyword$_verifyElementNotVisible_closure1.doCall(VerifyElementNotVisibleKeyword.groovy:83)&#xD;
	at com.kms.katalon.core.webui.keyword.builtin.VerifyElementNotVisibleKeyword$_verifyElementNotVisible_closure1.call(VerifyElementNotVisibleKeyword.groovy)&#xD;
	at com.kms.katalon.core.webui.keyword.internal.WebUIKeywordMain.runKeyword(WebUIKeywordMain.groovy:20)&#xD;
	at com.kms.katalon.core.webui.keyword.builtin.VerifyElementNotVisibleKeyword.verifyElementNotVisible(VerifyElementNotVisibleKeyword.groovy:97)&#xD;
	at com.kms.katalon.core.webui.keyword.builtin.VerifyElementNotVisibleKeyword.execute(VerifyElementNotVisibleKeyword.groovy:67)&#xD;
	at com.kms.katalon.core.keyword.internal.KeywordExecutor.executeKeywordForPlatform(KeywordExecutor.groovy:56)&#xD;
	at com.kms.katalon.core.webui.keyword.WebUiBuiltInKeywords.verifyElementNotVisible(WebUiBuiltInKeywords.groovy:387)&#xD;
	at com.kms.katalon.core.webui.keyword.WebUiBuiltInKeywords$verifyElementNotVisible$26.call(Unknown Source)&#xD;
	at globalSearchOnTraining_Test.run(globalSearchOnTraining_Test:32)&#xD;
	at com.kms.katalon.core.main.ScriptEngine.run(ScriptEngine.java:194)&#xD;
	at com.kms.katalon.core.main.ScriptEngine.runScriptAsRawText(ScriptEngine.java:119)&#xD;
	at com.kms.katalon.core.main.TestCaseExecutor.runScript(TestCaseExecutor.java:337)&#xD;
	at com.kms.katalon.core.main.TestCaseExecutor.doExecute(TestCaseExecutor.java:328)&#xD;
	at com.kms.katalon.core.main.TestCaseExecutor.processExecutionPhase(TestCaseExecutor.java:307)&#xD;
	at com.kms.katalon.core.main.TestCaseExecutor.accessMainPhase(TestCaseExecutor.java:299)&#xD;
	at com.kms.katalon.core.main.TestCaseExecutor.execute(TestCaseExecutor.java:233)&#xD;
	at com.kms.katalon.core.main.TestSuiteExecutor.accessTestCaseMainPhase(TestSuiteExecutor.java:169)&#xD;
	at com.kms.katalon.core.main.TestSuiteExecutor.accessTestSuiteMainPhase(TestSuiteExecutor.java:142)&#xD;
	at com.kms.katalon.core.main.TestSuiteExecutor.execute(TestSuiteExecutor.java:91)&#xD;
	at com.kms.katalon.core.main.TestCaseMain.startTestSuite(TestCaseMain.java:157)&#xD;
	at com.kms.katalon.core.main.TestCaseMain$startTestSuite$0.call(Unknown Source)&#xD;
	at TempTestSuite1592890301834.run(TempTestSuite1592890301834.groovy:35)&#xD;
)&#xD;
&#xD;
2020-06-23 12:25:31 - [MESSAGE][WARNING] - Object 'Object Repository/Generic/webObjectWithText' is visible (Root cause: com.kms.katalon.core.exception.StepFailedException: Object 'Object Repository/Generic/webObjectWithText' is visible&#xD;
	at com.kms.katalon.core.webui.keyword.internal.WebUIKeywordMain.stepFailed(WebUIKeywordMain.groovy:64)&#xD;
	at com.kms.katalon.core.webui.keyword.builtin.VerifyElementNotVisibleKeyword$_verifyElementNotVisible_closure1.doCall(VerifyElementNotVisibleKeyword.groovy:83)&#xD;
	at com.kms.katalon.core.webui.keyword.builtin.VerifyElementNotVisibleKeyword$_verifyElementNotVisible_closure1.call(VerifyElementNotVisibleKeyword.groovy)&#xD;
	at com.kms.katalon.core.webui.keyword.internal.WebUIKeywordMain.runKeyword(WebUIKeywordMain.groovy:20)&#xD;
	at com.kms.katalon.core.webui.keyword.builtin.VerifyElementNotVisibleKeyword.verifyElementNotVisible(VerifyElementNotVisibleKeyword.groovy:97)&#xD;
	at com.kms.katalon.core.webui.keyword.builtin.VerifyElementNotVisibleKeyword.execute(VerifyElementNotVisibleKeyword.groovy:67)&#xD;
	at com.kms.katalon.core.keyword.internal.KeywordExecutor.executeKeywordForPlatform(KeywordExecutor.groovy:56)&#xD;
	at com.kms.katalon.core.webui.keyword.WebUiBuiltInKeywords.verifyElementNotVisible(WebUiBuiltInKeywords.groovy:387)&#xD;
	at com.kms.katalon.core.webui.keyword.WebUiBuiltInKeywords$verifyElementNotVisible$26.call(Unknown Source)&#xD;
	at globalSearchOnTraining_Test.run(globalSearchOnTraining_Test:32)&#xD;
	at com.kms.katalon.core.main.ScriptEngine.run(ScriptEngine.java:194)&#xD;
	at com.kms.katalon.core.main.ScriptEngine.runScriptAsRawText(ScriptEngine.java:119)&#xD;
	at com.kms.katalon.core.main.TestCaseExecutor.runScript(TestCaseExecutor.java:337)&#xD;
	at com.kms.katalon.core.main.TestCaseExecutor.doExecute(TestCaseExecutor.java:328)&#xD;
	at com.kms.katalon.core.main.TestCaseExecutor.processExecutionPhase(TestCaseExecutor.java:307)&#xD;
	at com.kms.katalon.core.main.TestCaseExecutor.accessMainPhase(TestCaseExecutor.java:299)&#xD;
	at com.kms.katalon.core.main.TestCaseExecutor.execute(TestCaseExecutor.java:233)&#xD;
	at com.kms.katalon.core.main.TestSuiteExecutor.accessTestCaseMainPhase(TestSuiteExecutor.java:169)&#xD;
	at com.kms.katalon.core.main.TestSuiteExecutor.accessTestSuiteMainPhase(TestSuiteExecutor.java:142)&#xD;
	at com.kms.katalon.core.main.TestSuiteExecutor.execute(TestSuiteExecutor.java:91)&#xD;
	at com.kms.katalon.core.main.TestCaseMain.startTestSuite(TestCaseMain.java:157)&#xD;
	at com.kms.katalon.core.main.TestCaseMain$startTestSuite$0.call(Unknown Source)&#xD;
	at TempTestSuite1592890301834.run(TempTestSuite1592890301834.groovy:35)&#xD;
)&#xD;
[[ATTACHMENT|D:\\IMIbot.ai-Project\\Reports\\20200623_110141\\Regression\\20200623_110141\\1592895329975.png]]&#xD;
&#xD;
2020-06-23 12:25:31 - [TEST_STEP][PASSED] - platform.Method.clickOnElement(findTestObject("Generic/webObjectWithText", ["textValue":testData.getValue("global_entity_type", count)])): platform.Method.clickOnElement is PASSED&#xD;
&#xD;
2020-06-23 12:25:33 - [MESSAGE][PASSED] - platform.Method.clickOnElement is PASSED&#xD;
&#xD;
2020-06-23 12:25:33 - [TEST_STEP][PASSED] - platform.Method.clickOnElement(findTestObject("Button/entityPageSaveButton")): platform.Method.clickOnElement is PASSED&#xD;
&#xD;
2020-06-23 12:25:35 - [MESSAGE][PASSED] - platform.Method.clickOnElement is PASSED&#xD;
&#xD;
2020-06-23 12:25:35 - [TEST_STEP][PASSED] - delay(1): Delayed 1 second(s)&#xD;
&#xD;
2020-06-23 12:25:36 - [MESSAGE][PASSED] - Delayed 1 second(s)&#xD;
&#xD;
2020-06-23 12:25:36 - [TEST_STEP][PASSED] - if (testData.getValue("global_entity_name", count) != ""): Delayed 1 second(s)&#xD;
&#xD;
2020-06-23 12:25:36 - [TEST_STEP][PASSED] - platform.Method.clickOnElement(findTestObject("Button/createEntity")): platform.Method.clickOnElement is PASSED&#xD;
&#xD;
2020-06-23 12:25:39 - [MESSAGE][PASSED] - platform.Method.clickOnElement is PASSED&#xD;
&#xD;
2020-06-23 12:25:39 - [TEST_STEP][PASSED] - sendKeys(findTestObject("Input/entityName"), testData.getValue("global_entity_name", count)): Keys 'duration' sent to object: 'Object Repository/Input/entityName'&#xD;
&#xD;
2020-06-23 12:25:41 - [MESSAGE][PASSED] - Keys 'duration' sent to object: 'Object Repository/Input/entityName'&#xD;
&#xD;
2020-06-23 12:25:41 - [TEST_STEP][PASSED] - platform.Method.clickOnElement(findTestObject("Generic/listOfEntity")): platform.Method.clickOnElement is PASSED&#xD;
&#xD;
2020-06-23 12:25:44 - [MESSAGE][PASSED] - platform.Method.clickOnElement is PASSED&#xD;
&#xD;
2020-06-23 12:25:44 - [TEST_STEP][PASSED] - if (verifyElementNotVisible(findTestObject("Generic/webObjectWithText", ["textValue":testData.getValue("global_entity_type", count)]), OPTIONAL)): Object 'Object Repository/Generic/webObjectWithText' is visible (Root cause: com.kms.katalon.core.exception.StepFailedException: Object 'Object Repository/Generic/webObjectWithText' is visible&#xD;
	at com.kms.katalon.core.webui.keyword.internal.WebUIKeywordMain.stepFailed(WebUIKeywordMain.groovy:64)&#xD;
	at com.kms.katalon.core.webui.keyword.builtin.VerifyElementNotVisibleKeyword$_verifyElementNotVisible_closure1.doCall(VerifyElementNotVisibleKeyword.groovy:83)&#xD;
	at com.kms.katalon.core.webui.keyword.builtin.VerifyElementNotVisibleKeyword$_verifyElementNotVisible_closure1.call(VerifyElementNotVisibleKeyword.groovy)&#xD;
	at com.kms.katalon.core.webui.keyword.internal.WebUIKeywordMain.runKeyword(WebUIKeywordMain.groovy:20)&#xD;
	at com.kms.katalon.core.webui.keyword.builtin.VerifyElementNotVisibleKeyword.verifyElementNotVisible(VerifyElementNotVisibleKeyword.groovy:97)&#xD;
	at com.kms.katalon.core.webui.keyword.builtin.VerifyElementNotVisibleKeyword.execute(VerifyElementNotVisibleKeyword.groovy:67)&#xD;
	at com.kms.katalon.core.keyword.internal.KeywordExecutor.executeKeywordForPlatform(KeywordExecutor.groovy:56)&#xD;
	at com.kms.katalon.core.webui.keyword.WebUiBuiltInKeywords.verifyElementNotVisible(WebUiBuiltInKeywords.groovy:387)&#xD;
	at com.kms.katalon.core.webui.keyword.WebUiBuiltInKeywords$verifyElementNotVisible$26.call(Unknown Source)&#xD;
	at globalSearchOnTraining_Test.run(globalSearchOnTraining_Test:32)&#xD;
	at com.kms.katalon.core.main.ScriptEngine.run(ScriptEngine.java:194)&#xD;
	at com.kms.katalon.core.main.ScriptEngine.runScriptAsRawText(ScriptEngine.java:119)&#xD;
	at com.kms.katalon.core.main.TestCaseExecutor.runScript(TestCaseExecutor.java:337)&#xD;
	at com.kms.katalon.core.main.TestCaseExecutor.doExecute(TestCaseExecutor.java:328)&#xD;
	at com.kms.katalon.core.main.TestCaseExecutor.processExecutionPhase(TestCaseExecutor.java:307)&#xD;
	at com.kms.katalon.core.main.TestCaseExecutor.accessMainPhase(TestCaseExecutor.java:299)&#xD;
	at com.kms.katalon.core.main.TestCaseExecutor.execute(TestCaseExecutor.java:233)&#xD;
	at com.kms.katalon.core.main.TestSuiteExecutor.accessTestCaseMainPhase(TestSuiteExecutor.java:169)&#xD;
	at com.kms.katalon.core.main.TestSuiteExecutor.accessTestSuiteMainPhase(TestSuiteExecutor.java:142)&#xD;
	at com.kms.katalon.core.main.TestSuiteExecutor.execute(TestSuiteExecutor.java:91)&#xD;
	at com.kms.katalon.core.main.TestCaseMain.startTestSuite(TestCaseMain.java:157)&#xD;
	at com.kms.katalon.core.main.TestCaseMain$startTestSuite$0.call(Unknown Source)&#xD;
	at TempTestSuite1592890301834.run(TempTestSuite1592890301834.groovy:35)&#xD;
)&#xD;
&#xD;
2020-06-23 12:25:48 - [MESSAGE][WARNING] - Object 'Object Repository/Generic/webObjectWithText' is visible (Root cause: com.kms.katalon.core.exception.StepFailedException: Object 'Object Repository/Generic/webObjectWithText' is visible&#xD;
	at com.kms.katalon.core.webui.keyword.internal.WebUIKeywordMain.stepFailed(WebUIKeywordMain.groovy:64)&#xD;
	at com.kms.katalon.core.webui.keyword.builtin.VerifyElementNotVisibleKeyword$_verifyElementNotVisible_closure1.doCall(VerifyElementNotVisibleKeyword.groovy:83)&#xD;
	at com.kms.katalon.core.webui.keyword.builtin.VerifyElementNotVisibleKeyword$_verifyElementNotVisible_closure1.call(VerifyElementNotVisibleKeyword.groovy)&#xD;
	at com.kms.katalon.core.webui.keyword.internal.WebUIKeywordMain.runKeyword(WebUIKeywordMain.groovy:20)&#xD;
	at com.kms.katalon.core.webui.keyword.builtin.VerifyElementNotVisibleKeyword.verifyElementNotVisible(VerifyElementNotVisibleKeyword.groovy:97)&#xD;
	at com.kms.katalon.core.webui.keyword.builtin.VerifyElementNotVisibleKeyword.execute(VerifyElementNotVisibleKeyword.groovy:67)&#xD;
	at com.kms.katalon.core.keyword.internal.KeywordExecutor.executeKeywordForPlatform(KeywordExecutor.groovy:56)&#xD;
	at com.kms.katalon.core.webui.keyword.WebUiBuiltInKeywords.verifyElementNotVisible(WebUiBuiltInKeywords.groovy:387)&#xD;
	at com.kms.katalon.core.webui.keyword.WebUiBuiltInKeywords$verifyElementNotVisible$26.call(Unknown Source)&#xD;
	at globalSearchOnTraining_Test.run(globalSearchOnTraining_Test:32)&#xD;
	at com.kms.katalon.core.main.ScriptEngine.run(ScriptEngine.java:194)&#xD;
	at com.kms.katalon.core.main.ScriptEngine.runScriptAsRawText(ScriptEngine.java:119)&#xD;
	at com.kms.katalon.core.main.TestCaseExecutor.runScript(TestCaseExecutor.java:337)&#xD;
	at com.kms.katalon.core.main.TestCaseExecutor.doExecute(TestCaseExecutor.java:328)&#xD;
	at com.kms.katalon.core.main.TestCaseExecutor.processExecutionPhase(TestCaseExecutor.java:307)&#xD;
	at com.kms.katalon.core.main.TestCaseExecutor.accessMainPhase(TestCaseExecutor.java:299)&#xD;
	at com.kms.katalon.core.main.TestCaseExecutor.execute(TestCaseExecutor.java:233)&#xD;
	at com.kms.katalon.core.main.TestSuiteExecutor.accessTestCaseMainPhase(TestSuiteExecutor.java:169)&#xD;
	at com.kms.katalon.core.main.TestSuiteExecutor.accessTestSuiteMainPhase(TestSuiteExecutor.java:142)&#xD;
	at com.kms.katalon.core.main.TestSuiteExecutor.execute(TestSuiteExecutor.java:91)&#xD;
	at com.kms.katalon.core.main.TestCaseMain.startTestSuite(TestCaseMain.java:157)&#xD;
	at com.kms.katalon.core.main.TestCaseMain$startTestSuite$0.call(Unknown Source)&#xD;
	at TempTestSuite1592890301834.run(TempTestSuite1592890301834.groovy:35)&#xD;
)&#xD;
[[ATTACHMENT|D:\\IMIbot.ai-Project\\Reports\\20200623_110141\\Regression\\20200623_110141\\1592895346448.png]]&#xD;
&#xD;
2020-06-23 12:25:48 - [TEST_STEP][PASSED] - platform.Method.clickOnElement(findTestObject("Generic/webObjectWithText", ["textValue":testData.getValue("global_entity_type", count)])): platform.Method.clickOnElement is PASSED&#xD;
&#xD;
2020-06-23 12:25:50 - [MESSAGE][PASSED] - platform.Method.clickOnElement is PASSED&#xD;
&#xD;
2020-06-23 12:25:50 - [TEST_STEP][PASSED] - platform.Method.clickOnElement(findTestObject("Button/entityPageSaveButton")): platform.Method.clickOnElement is PASSED&#xD;
&#xD;
2020-06-23 12:25:52 - [MESSAGE][PASSED] - platform.Method.clickOnElement is PASSED&#xD;
&#xD;
2020-06-23 12:25:52 - [TEST_STEP][PASSED] - delay(1): Delayed 1 second(s)&#xD;
&#xD;
2020-06-23 12:25:53 - [MESSAGE][PASSED] - Delayed 1 second(s)&#xD;
&#xD;
2020-06-23 12:25:53 - [TEST_STEP][PASSED] - if (testData.getValue("global_entity_name", count) != ""): null&#xD;
&#xD;
2020-06-23 12:25:53 - [TEST_STEP][PASSED] - else: null&#xD;
&#xD;
2020-06-23 12:25:53 - [TEST_STEP][PASSED] - logInfo("You have reached at the end of the list."): You have reached at the end of the list.&#xD;
&#xD;
2020-06-23 12:25:53 - [MESSAGE][INFO] - You have reached at the end of the list.&#xD;
&#xD;
2020-06-23 12:25:53 - [TEST_STEP][PASSED] - break: null&#xD;
&#xD;
2020-06-23 12:25:53 - [TEST_STEP][PASSED] - sendKeys(findTestObject("Input/searchEntity"), "ate"): Keys 'ate' sent to object: 'Object Repository/Input/searchEntity'&#xD;
&#xD;
2020-06-23 12:25:55 - [MESSAGE][PASSED] - Keys 'ate' sent to object: 'Object Repository/Input/searchEntity'&#xD;
&#xD;
2020-06-23 12:25:55 - [TEST_STEP][PASSED] - verifyElementText(findTestObject("GenericII/listOfEntityNames"), "date", STOP_ON_FAILURE): Actual text and expected text of test object 'Object Repository/GenericII/listOfEntityNames' are matched.&#xD;
&#xD;
2020-06-23 12:25:58 - [MESSAGE][PASSED] - Actual text and expected text of test object 'Object Repository/GenericII/listOfEntityNames' are matched.&#xD;
&#xD;
2020-06-23 12:25:58 - [TEST_STEP][PASSED] - searchForEntity = findWebElement(findTestObject("Input/searchEntity"), 10): null&#xD;
&#xD;
2020-06-23 12:25:59 - [TEST_STEP][PASSED] - searchForEntity.sendKeys(Keys.chord(CONTROL, "a")): null&#xD;
&#xD;
2020-06-23 12:26:00 - [TEST_STEP][PASSED] - searchForEntity.sendKeys(Keys.chord(DELETE)): null&#xD;
&#xD;
2020-06-23 12:26:01 - [TEST_STEP][PASSED] - sendKeys(findTestObject("Input/searchEntityType"), "non_"): Keys 'non_' sent to object: 'Object Repository/Input/searchEntityType'&#xD;
&#xD;
2020-06-23 12:26:03 - [MESSAGE][PASSED] - Keys 'non_' sent to object: 'Object Repository/Input/searchEntityType'&#xD;
&#xD;
2020-06-23 12:26:03 - [TEST_STEP][PASSED] - verifyElementText(findTestObject("GenericII/listOfEntityNames"), "non_geo_location", STOP_ON_FAILURE): Actual text and expected text of test object 'Object Repository/GenericII/listOfEntityNames' are matched.&#xD;
&#xD;
2020-06-23 12:26:06 - [MESSAGE][PASSED] - Actual text and expected text of test object 'Object Repository/GenericII/listOfEntityNames' are matched.&#xD;
&#xD;
2020-06-23 12:26:06 - [TEST_STEP][PASSED] - platform.Method.clickOnElement(findTestObject("Generic/webObjectWithText", ["textValue":"Intents"])): platform.Method.clickOnElement is PASSED&#xD;
&#xD;
2020-06-23 12:26:08 - [MESSAGE][PASSED] - platform.Method.clickOnElement is PASSED&#xD;
&#xD;
2020-06-23 12:26:08 - [TEST_STEP][PASSED] - newData = findTestData("Data Files/testData_Dummy"): null&#xD;
&#xD;
2020-06-23 12:26:08 - [TEST_STEP][PASSED] - for ([count = 1, count &lt;= newData.getRowNumbers(), (count++)]): Delayed 1 second(s)&#xD;
&#xD;
2020-06-23 12:26:08 - [TEST_STEP][PASSED] - if (newData.getValue("intent_name", count) != ""): Delayed 1 second(s)&#xD;
&#xD;
2020-06-23 12:26:08 - [TEST_STEP][PASSED] - platform.Method.clickOnElement(findTestObject("Button/createIntent")): platform.Method.clickOnElement is PASSED&#xD;
&#xD;
2020-06-23 12:26:11 - [MESSAGE][PASSED] - platform.Method.clickOnElement is PASSED&#xD;
&#xD;
2020-06-23 12:26:11 - [TEST_STEP][PASSED] - sendKeys(findTestObject("Input/intentName"), newData.getValue("intent_name", count)): Keys 'xcv1231' sent to object: 'Object Repository/Input/intentName'&#xD;
&#xD;
2020-06-23 12:26:13 - [MESSAGE][PASSED] - Keys 'xcv1231' sent to object: 'Object Repository/Input/intentName'&#xD;
&#xD;
2020-06-23 12:26:13 - [TEST_STEP][PASSED] - sendKeys(findTestObject("Input/utterance"), newData.getValue("single_utterance", count)): Keys 'xcxvxc' sent to object: 'Object Repository/Input/utterance'&#xD;
&#xD;
2020-06-23 12:26:16 - [MESSAGE][PASSED] - Keys 'xcxvxc' sent to object: 'Object Repository/Input/utterance'&#xD;
&#xD;
2020-06-23 12:26:16 - [TEST_STEP][PASSED] - platform.Method.clickOnElement(findTestObject("Button/addUtterance")): platform.Method.clickOnElement is PASSED&#xD;
&#xD;
2020-06-23 12:26:18 - [MESSAGE][PASSED] - platform.Method.clickOnElement is PASSED&#xD;
&#xD;
2020-06-23 12:26:18 - [TEST_STEP][PASSED] - sendKeys(findTestObject("Input/finalTempKey"), newData.getValue("final_template_key", count)): Keys 'Agent handover' sent to object: 'Object Repository/Input/finalTempKey'&#xD;
&#xD;
2020-06-23 12:26:21 - [MESSAGE][PASSED] - Keys 'Agent handover' sent to object: 'Object Repository/Input/finalTempKey'&#xD;
&#xD;
2020-06-23 12:26:21 - [TEST_STEP][PASSED] - platform.Method.clickOnElement(findTestObject("Button/save", ["value":" Save "])): platform.Method.clickOnElement is PASSED&#xD;
&#xD;
2020-06-23 12:26:23 - [MESSAGE][PASSED] - platform.Method.clickOnElement is PASSED&#xD;
&#xD;
2020-06-23 12:26:23 - [TEST_STEP][PASSED] - platform.Method.clickOnElement(findTestObject("NewRepo/intentGoBack")): platform.Method.clickOnElement is PASSED&#xD;
&#xD;
2020-06-23 12:26:25 - [MESSAGE][PASSED] - platform.Method.clickOnElement is PASSED&#xD;
&#xD;
2020-06-23 12:26:25 - [TEST_STEP][PASSED] - delay(1): Delayed 1 second(s)&#xD;
&#xD;
2020-06-23 12:26:26 - [MESSAGE][PASSED] - Delayed 1 second(s)&#xD;
&#xD;
2020-06-23 12:26:26 - [TEST_STEP][PASSED] - if (newData.getValue("intent_name", count) != ""): Delayed 1 second(s)&#xD;
&#xD;
2020-06-23 12:26:26 - [TEST_STEP][PASSED] - platform.Method.clickOnElement(findTestObject("Button/createIntent")): platform.Method.clickOnElement is PASSED&#xD;
&#xD;
2020-06-23 12:26:29 - [MESSAGE][PASSED] - platform.Method.clickOnElement is PASSED&#xD;
&#xD;
2020-06-23 12:26:29 - [TEST_STEP][PASSED] - sendKeys(findTestObject("Input/intentName"), newData.getValue("intent_name", count)): Keys '12asaasdas' sent to object: 'Object Repository/Input/intentName'&#xD;
&#xD;
2020-06-23 12:26:31 - [MESSAGE][PASSED] - Keys '12asaasdas' sent to object: 'Object Repository/Input/intentName'&#xD;
&#xD;
2020-06-23 12:26:31 - [TEST_STEP][PASSED] - sendKeys(findTestObject("Input/utterance"), newData.getValue("single_utterance", count)): Keys 'asdasda' sent to object: 'Object Repository/Input/utterance'&#xD;
&#xD;
2020-06-23 12:26:34 - [MESSAGE][PASSED] - Keys 'asdasda' sent to object: 'Object Repository/Input/utterance'&#xD;
&#xD;
2020-06-23 12:26:34 - [TEST_STEP][PASSED] - platform.Method.clickOnElement(findTestObject("Button/addUtterance")): platform.Method.clickOnElement is PASSED&#xD;
&#xD;
2020-06-23 12:26:36 - [MESSAGE][PASSED] - platform.Method.clickOnElement is PASSED&#xD;
&#xD;
2020-06-23 12:26:36 - [TEST_STEP][PASSED] - sendKeys(findTestObject("Input/finalTempKey"), newData.getValue("final_template_key", count)): Keys 'Partial match' sent to object: 'Object Repository/Input/finalTempKey'&#xD;
&#xD;
2020-06-23 12:26:39 - [MESSAGE][PASSED] - Keys 'Partial match' sent to object: 'Object Repository/Input/finalTempKey'&#xD;
&#xD;
2020-06-23 12:26:39 - [TEST_STEP][PASSED] - platform.Method.clickOnElement(findTestObject("Button/save", ["value":" Save "])): platform.Method.clickOnElement is PASSED&#xD;
&#xD;
2020-06-23 12:26:41 - [MESSAGE][PASSED] - platform.Method.clickOnElement is PASSED&#xD;
&#xD;
2020-06-23 12:26:41 - [TEST_STEP][PASSED] - platform.Method.clickOnElement(findTestObject("NewRepo/intentGoBack")): platform.Method.clickOnElement is PASSED&#xD;
&#xD;
2020-06-23 12:26:44 - [MESSAGE][PASSED] - platform.Method.clickOnElement is PASSED&#xD;
&#xD;
2020-06-23 12:26:44 - [TEST_STEP][PASSED] - delay(1): Delayed 1 second(s)&#xD;
&#xD;
2020-06-23 12:26:45 - [MESSAGE][PASSED] - Delayed 1 second(s)&#xD;
&#xD;
2020-06-23 12:26:45 - [TEST_STEP][PASSED] - if (newData.getValue("intent_name", count) != ""): Delayed 1 second(s)&#xD;
&#xD;
2020-06-23 12:26:45 - [TEST_STEP][PASSED] - platform.Method.clickOnElement(findTestObject("Button/createIntent")): platform.Method.clickOnElement is PASSED&#xD;
&#xD;
2020-06-23 12:26:47 - [MESSAGE][PASSED] - platform.Method.clickOnElement is PASSED&#xD;
&#xD;
2020-06-23 12:26:47 - [TEST_STEP][PASSED] - sendKeys(findTestObject("Input/intentName"), newData.getValue("intent_name", count)): Keys 'dfrvdcw' sent to object: 'Object Repository/Input/intentName'&#xD;
&#xD;
2020-06-23 12:26:49 - [MESSAGE][PASSED] - Keys 'dfrvdcw' sent to object: 'Object Repository/Input/intentName'&#xD;
&#xD;
2020-06-23 12:26:49 - [TEST_STEP][PASSED] - sendKeys(findTestObject("Input/utterance"), newData.getValue("single_utterance", count)): Keys '234dsf2e2eqf' sent to object: 'Object Repository/Input/utterance'&#xD;
&#xD;
2020-06-23 12:26:52 - [MESSAGE][PASSED] - Keys '234dsf2e2eqf' sent to object: 'Object Repository/Input/utterance'&#xD;
&#xD;
2020-06-23 12:26:52 - [TEST_STEP][PASSED] - platform.Method.clickOnElement(findTestObject("Button/addUtterance")): platform.Method.clickOnElement is PASSED&#xD;
&#xD;
2020-06-23 12:26:54 - [MESSAGE][PASSED] - platform.Method.clickOnElement is PASSED&#xD;
&#xD;
2020-06-23 12:26:54 - [TEST_STEP][PASSED] - sendKeys(findTestObject("Input/finalTempKey"), newData.getValue("final_template_key", count)): Keys 'Help message' sent to object: 'Object Repository/Input/finalTempKey'&#xD;
&#xD;
2020-06-23 12:26:57 - [MESSAGE][PASSED] - Keys 'Help message' sent to object: 'Object Repository/Input/finalTempKey'&#xD;
&#xD;
2020-06-23 12:26:57 - [TEST_STEP][PASSED] - platform.Method.clickOnElement(findTestObject("Button/save", ["value":" Save "])): platform.Method.clickOnElement is PASSED&#xD;
&#xD;
2020-06-23 12:26:59 - [MESSAGE][PASSED] - platform.Method.clickOnElement is PASSED&#xD;
&#xD;
2020-06-23 12:26:59 - [TEST_STEP][PASSED] - platform.Method.clickOnElement(findTestObject("NewRepo/intentGoBack")): platform.Method.clickOnElement is PASSED&#xD;
&#xD;
2020-06-23 12:27:02 - [MESSAGE][PASSED] - platform.Method.clickOnElement is PASSED&#xD;
&#xD;
2020-06-23 12:27:02 - [TEST_STEP][PASSED] - delay(1): Delayed 1 second(s)&#xD;
&#xD;
2020-06-23 12:27:03 - [MESSAGE][PASSED] - Delayed 1 second(s)&#xD;
&#xD;
2020-06-23 12:27:03 - [TEST_STEP][PASSED] - if (newData.getValue("intent_name", count) != ""): Delayed 1 second(s)&#xD;
&#xD;
2020-06-23 12:27:03 - [TEST_STEP][PASSED] - platform.Method.clickOnElement(findTestObject("Button/createIntent")): platform.Method.clickOnElement is PASSED&#xD;
&#xD;
2020-06-23 12:27:05 - [MESSAGE][PASSED] - platform.Method.clickOnElement is PASSED&#xD;
&#xD;
2020-06-23 12:27:05 - [TEST_STEP][PASSED] - sendKeys(findTestObject("Input/intentName"), newData.getValue("intent_name", count)): Keys 'bnmvbhjkito8ughkf7' sent to object: 'Object Repository/Input/intentName'&#xD;
&#xD;
2020-06-23 12:27:07 - [MESSAGE][PASSED] - Keys 'bnmvbhjkito8ughkf7' sent to object: 'Object Repository/Input/intentName'&#xD;
&#xD;
2020-06-23 12:27:07 - [TEST_STEP][PASSED] - sendKeys(findTestObject("Input/utterance"), newData.getValue("single_utterance", count)): Keys 'rwb64w756fdbsebqrvqe' sent to object: 'Object Repository/Input/utterance'&#xD;
&#xD;
2020-06-23 12:27:10 - [MESSAGE][PASSED] - Keys 'rwb64w756fdbsebqrvqe' sent to object: 'Object Repository/Input/utterance'&#xD;
&#xD;
2020-06-23 12:27:10 - [TEST_STEP][PASSED] - platform.Method.clickOnElement(findTestObject("Button/addUtterance")): platform.Method.clickOnElement is PASSED&#xD;
&#xD;
2020-06-23 12:27:13 - [MESSAGE][PASSED] - platform.Method.clickOnElement is PASSED&#xD;
&#xD;
2020-06-23 12:27:13 - [TEST_STEP][PASSED] - sendKeys(findTestObject("Input/finalTempKey"), newData.getValue("final_template_key", count)): Keys 'Fallback message' sent to object: 'Object Repository/Input/finalTempKey'&#xD;
&#xD;
2020-06-23 12:27:15 - [MESSAGE][PASSED] - Keys 'Fallback message' sent to object: 'Object Repository/Input/finalTempKey'&#xD;
&#xD;
2020-06-23 12:27:15 - [TEST_STEP][PASSED] - platform.Method.clickOnElement(findTestObject("Button/save", ["value":" Save "])): platform.Method.clickOnElement is PASSED&#xD;
&#xD;
2020-06-23 12:27:18 - [MESSAGE][PASSED] - platform.Method.clickOnElement is PASSED&#xD;
&#xD;
2020-06-23 12:27:18 - [TEST_STEP][PASSED] - platform.Method.clickOnElement(findTestObject("NewRepo/intentGoBack")): platform.Method.clickOnElement is PASSED&#xD;
&#xD;
2020-06-23 12:27:20 - [MESSAGE][PASSED] - platform.Method.clickOnElement is PASSED&#xD;
&#xD;
2020-06-23 12:27:20 - [TEST_STEP][PASSED] - delay(1): Delayed 1 second(s)&#xD;
&#xD;
2020-06-23 12:27:21 - [MESSAGE][PASSED] - Delayed 1 second(s)&#xD;
&#xD;
2020-06-23 12:27:21 - [TEST_STEP][PASSED] - if (newData.getValue("intent_name", count) != ""): Delayed 1 second(s)&#xD;
&#xD;
2020-06-23 12:27:21 - [TEST_STEP][PASSED] - platform.Method.clickOnElement(findTestObject("Button/createIntent")): platform.Method.clickOnElement is PASSED&#xD;
&#xD;
2020-06-23 12:27:24 - [MESSAGE][PASSED] - platform.Method.clickOnElement is PASSED&#xD;
&#xD;
2020-06-23 12:27:24 - [TEST_STEP][PASSED] - sendKeys(findTestObject("Input/intentName"), newData.getValue("intent_name", count)): Keys 'bgrt4vedvf' sent to object: 'Object Repository/Input/intentName'&#xD;
&#xD;
2020-06-23 12:27:27 - [MESSAGE][PASSED] - Keys 'bgrt4vedvf' sent to object: 'Object Repository/Input/intentName'&#xD;
&#xD;
2020-06-23 12:27:27 - [TEST_STEP][PASSED] - sendKeys(findTestObject("Input/utterance"), newData.getValue("single_utterance", count)): Keys 'a423sdgq34gq4sda' sent to object: 'Object Repository/Input/utterance'&#xD;
&#xD;
2020-06-23 12:27:29 - [MESSAGE][PASSED] - Keys 'a423sdgq34gq4sda' sent to object: 'Object Repository/Input/utterance'&#xD;
&#xD;
2020-06-23 12:27:29 - [TEST_STEP][PASSED] - platform.Method.clickOnElement(findTestObject("Button/addUtterance")): platform.Method.clickOnElement is PASSED&#xD;
&#xD;
2020-06-23 12:27:31 - [MESSAGE][PASSED] - platform.Method.clickOnElement is PASSED&#xD;
&#xD;
2020-06-23 12:27:31 - [TEST_STEP][PASSED] - sendKeys(findTestObject("Input/finalTempKey"), newData.getValue("final_template_key", count)): Keys 'Help message' sent to object: 'Object Repository/Input/finalTempKey'&#xD;
&#xD;
2020-06-23 12:27:34 - [MESSAGE][PASSED] - Keys 'Help message' sent to object: 'Object Repository/Input/finalTempKey'&#xD;
&#xD;
2020-06-23 12:27:34 - [TEST_STEP][PASSED] - platform.Method.clickOnElement(findTestObject("Button/save", ["value":" Save "])): platform.Method.clickOnElement is PASSED&#xD;
&#xD;
2020-06-23 12:27:37 - [MESSAGE][PASSED] - platform.Method.clickOnElement is PASSED&#xD;
&#xD;
2020-06-23 12:27:37 - [TEST_STEP][PASSED] - platform.Method.clickOnElement(findTestObject("NewRepo/intentGoBack")): platform.Method.clickOnElement is PASSED&#xD;
&#xD;
2020-06-23 12:27:39 - [MESSAGE][PASSED] - platform.Method.clickOnElement is PASSED&#xD;
&#xD;
2020-06-23 12:27:39 - [TEST_STEP][PASSED] - delay(1): Delayed 1 second(s)&#xD;
&#xD;
2020-06-23 12:27:40 - [MESSAGE][PASSED] - Delayed 1 second(s)&#xD;
&#xD;
2020-06-23 12:27:40 - [TEST_STEP][PASSED] - if (newData.getValue("intent_name", count) != ""): Delayed 1 second(s)&#xD;
&#xD;
2020-06-23 12:27:40 - [TEST_STEP][PASSED] - platform.Method.clickOnElement(findTestObject("Button/createIntent")): platform.Method.clickOnElement is PASSED&#xD;
&#xD;
2020-06-23 12:27:42 - [MESSAGE][PASSED] - platform.Method.clickOnElement is PASSED&#xD;
&#xD;
2020-06-23 12:27:42 - [TEST_STEP][PASSED] - sendKeys(findTestObject("Input/intentName"), newData.getValue("intent_name", count)): Keys 'hjkgfhgfhf' sent to object: 'Object Repository/Input/intentName'&#xD;
&#xD;
2020-06-23 12:27:45 - [MESSAGE][PASSED] - Keys 'hjkgfhgfhf' sent to object: 'Object Repository/Input/intentName'&#xD;
&#xD;
2020-06-23 12:27:45 - [TEST_STEP][PASSED] - sendKeys(findTestObject("Input/utterance"), newData.getValue("single_utterance", count)): Keys 'aasfdsfsd' sent to object: 'Object Repository/Input/utterance'&#xD;
&#xD;
2020-06-23 12:27:47 - [MESSAGE][PASSED] - Keys 'aasfdsfsd' sent to object: 'Object Repository/Input/utterance'&#xD;
&#xD;
2020-06-23 12:27:47 - [TEST_STEP][PASSED] - platform.Method.clickOnElement(findTestObject("Button/addUtterance")): platform.Method.clickOnElement is PASSED&#xD;
&#xD;
2020-06-23 12:27:49 - [MESSAGE][PASSED] - platform.Method.clickOnElement is PASSED&#xD;
&#xD;
2020-06-23 12:27:49 - [TEST_STEP][PASSED] - sendKeys(findTestObject("Input/finalTempKey"), newData.getValue("final_template_key", count)): Keys 'Welcome message' sent to object: 'Object Repository/Input/finalTempKey'&#xD;
&#xD;
2020-06-23 12:27:52 - [MESSAGE][PASSED] - Keys 'Welcome message' sent to object: 'Object Repository/Input/finalTempKey'&#xD;
&#xD;
2020-06-23 12:27:52 - [TEST_STEP][PASSED] - platform.Method.clickOnElement(findTestObject("Button/save", ["value":" Save "])): platform.Method.clickOnElement is PASSED&#xD;
&#xD;
2020-06-23 12:27:54 - [MESSAGE][PASSED] - platform.Method.clickOnElement is PASSED&#xD;
&#xD;
2020-06-23 12:27:54 - [TEST_STEP][PASSED] - platform.Method.clickOnElement(findTestObject("NewRepo/intentGoBack")): platform.Method.clickOnElement is PASSED&#xD;
&#xD;
2020-06-23 12:27:56 - [MESSAGE][PASSED] - platform.Method.clickOnElement is PASSED&#xD;
&#xD;
2020-06-23 12:27:56 - [TEST_STEP][PASSED] - delay(1): Delayed 1 second(s)&#xD;
&#xD;
2020-06-23 12:27:57 - [MESSAGE][PASSED] - Delayed 1 second(s)&#xD;
&#xD;
2020-06-23 12:27:57 - [TEST_STEP][PASSED] - if (newData.getValue("intent_name", count) != ""): Delayed 1 second(s)&#xD;
&#xD;
2020-06-23 12:27:57 - [TEST_STEP][PASSED] - platform.Method.clickOnElement(findTestObject("Button/createIntent")): platform.Method.clickOnElement is PASSED&#xD;
&#xD;
2020-06-23 12:28:00 - [MESSAGE][PASSED] - platform.Method.clickOnElement is PASSED&#xD;
&#xD;
2020-06-23 12:28:00 - [TEST_STEP][PASSED] - sendKeys(findTestObject("Input/intentName"), newData.getValue("intent_name", count)): Keys 'bnmbnm' sent to object: 'Object Repository/Input/intentName'&#xD;
&#xD;
2020-06-23 12:28:02 - [MESSAGE][PASSED] - Keys 'bnmbnm' sent to object: 'Object Repository/Input/intentName'&#xD;
&#xD;
2020-06-23 12:28:02 - [TEST_STEP][PASSED] - sendKeys(findTestObject("Input/utterance"), newData.getValue("single_utterance", count)): Keys 'bnmbn3413412' sent to object: 'Object Repository/Input/utterance'&#xD;
&#xD;
2020-06-23 12:28:05 - [MESSAGE][PASSED] - Keys 'bnmbn3413412' sent to object: 'Object Repository/Input/utterance'&#xD;
&#xD;
2020-06-23 12:28:05 - [TEST_STEP][PASSED] - platform.Method.clickOnElement(findTestObject("Button/addUtterance")): platform.Method.clickOnElement is PASSED&#xD;
&#xD;
2020-06-23 12:28:07 - [MESSAGE][PASSED] - platform.Method.clickOnElement is PASSED&#xD;
&#xD;
2020-06-23 12:28:07 - [TEST_STEP][PASSED] - sendKeys(findTestObject("Input/finalTempKey"), newData.getValue("final_template_key", count)): Keys 'Fallback message' sent to object: 'Object Repository/Input/finalTempKey'&#xD;
&#xD;
2020-06-23 12:28:10 - [MESSAGE][PASSED] - Keys 'Fallback message' sent to object: 'Object Repository/Input/finalTempKey'&#xD;
&#xD;
2020-06-23 12:28:10 - [TEST_STEP][PASSED] - platform.Method.clickOnElement(findTestObject("Button/save", ["value":" Save "])): platform.Method.clickOnElement is PASSED&#xD;
&#xD;
2020-06-23 12:28:12 - [MESSAGE][PASSED] - platform.Method.clickOnElement is PASSED&#xD;
&#xD;
2020-06-23 12:28:12 - [TEST_STEP][PASSED] - platform.Method.clickOnElement(findTestObject("NewRepo/intentGoBack")): platform.Method.clickOnElement is PASSED&#xD;
&#xD;
2020-06-23 12:28:14 - [MESSAGE][PASSED] - platform.Method.clickOnElement is PASSED&#xD;
&#xD;
2020-06-23 12:28:14 - [TEST_STEP][PASSED] - delay(1): Delayed 1 second(s)&#xD;
&#xD;
2020-06-23 12:28:15 - [MESSAGE][PASSED] - Delayed 1 second(s)&#xD;
&#xD;
2020-06-23 12:28:15 - [TEST_STEP][PASSED] - if (newData.getValue("intent_name", count) != ""): Delayed 1 second(s)&#xD;
&#xD;
2020-06-23 12:28:15 - [TEST_STEP][PASSED] - platform.Method.clickOnElement(findTestObject("Button/createIntent")): platform.Method.clickOnElement is PASSED&#xD;
&#xD;
2020-06-23 12:28:17 - [MESSAGE][PASSED] - platform.Method.clickOnElement is PASSED&#xD;
&#xD;
2020-06-23 12:28:17 - [TEST_STEP][PASSED] - sendKeys(findTestObject("Input/intentName"), newData.getValue("intent_name", count)): Keys 'tyutyuttr' sent to object: 'Object Repository/Input/intentName'&#xD;
&#xD;
2020-06-23 12:28:20 - [MESSAGE][PASSED] - Keys 'tyutyuttr' sent to object: 'Object Repository/Input/intentName'&#xD;
&#xD;
2020-06-23 12:28:20 - [TEST_STEP][PASSED] - sendKeys(findTestObject("Input/utterance"), newData.getValue("single_utterance", count)): Keys 'tyutyvbnvbfghrt' sent to object: 'Object Repository/Input/utterance'&#xD;
&#xD;
2020-06-23 12:28:23 - [MESSAGE][PASSED] - Keys 'tyutyvbnvbfghrt' sent to object: 'Object Repository/Input/utterance'&#xD;
&#xD;
2020-06-23 12:28:23 - [TEST_STEP][PASSED] - platform.Method.clickOnElement(findTestObject("Button/addUtterance")): platform.Method.clickOnElement is PASSED&#xD;
&#xD;
2020-06-23 12:28:25 - [MESSAGE][PASSED] - platform.Method.clickOnElement is PASSED&#xD;
&#xD;
2020-06-23 12:28:25 - [TEST_STEP][PASSED] - sendKeys(findTestObject("Input/finalTempKey"), newData.getValue("final_template_key", count)): Keys 'Welcome message' sent to object: 'Object Repository/Input/finalTempKey'&#xD;
&#xD;
2020-06-23 12:28:28 - [MESSAGE][PASSED] - Keys 'Welcome message' sent to object: 'Object Repository/Input/finalTempKey'&#xD;
&#xD;
2020-06-23 12:28:28 - [TEST_STEP][PASSED] - platform.Method.clickOnElement(findTestObject("Button/save", ["value":" Save "])): platform.Method.clickOnElement is PASSED&#xD;
&#xD;
2020-06-23 12:28:30 - [MESSAGE][PASSED] - platform.Method.clickOnElement is PASSED&#xD;
&#xD;
2020-06-23 12:28:30 - [TEST_STEP][PASSED] - platform.Method.clickOnElement(findTestObject("NewRepo/intentGoBack")): platform.Method.clickOnElement is PASSED&#xD;
&#xD;
2020-06-23 12:28:32 - [MESSAGE][PASSED] - platform.Method.clickOnElement is PASSED&#xD;
&#xD;
2020-06-23 12:28:32 - [TEST_STEP][PASSED] - delay(1): Delayed 1 second(s)&#xD;
&#xD;
2020-06-23 12:28:33 - [MESSAGE][PASSED] - Delayed 1 second(s)&#xD;
&#xD;
2020-06-23 12:28:33 - [TEST_STEP][PASSED] - if (newData.getValue("intent_name", count) != ""): Delayed 1 second(s)&#xD;
&#xD;
2020-06-23 12:28:33 - [TEST_STEP][PASSED] - platform.Method.clickOnElement(findTestObject("Button/createIntent")): platform.Method.clickOnElement is PASSED&#xD;
&#xD;
2020-06-23 12:28:35 - [MESSAGE][PASSED] - platform.Method.clickOnElement is PASSED&#xD;
&#xD;
2020-06-23 12:28:35 - [TEST_STEP][PASSED] - sendKeys(findTestObject("Input/intentName"), newData.getValue("intent_name", count)): Keys 'yuiyuuioui' sent to object: 'Object Repository/Input/intentName'&#xD;
&#xD;
2020-06-23 12:28:38 - [MESSAGE][PASSED] - Keys 'yuiyuuioui' sent to object: 'Object Repository/Input/intentName'&#xD;
&#xD;
2020-06-23 12:28:38 - [TEST_STEP][PASSED] - sendKeys(findTestObject("Input/utterance"), newData.getValue("single_utterance", count)): Keys 'gjhjuiyu3425675673' sent to object: 'Object Repository/Input/utterance'&#xD;
&#xD;
2020-06-23 12:28:41 - [MESSAGE][PASSED] - Keys 'gjhjuiyu3425675673' sent to object: 'Object Repository/Input/utterance'&#xD;
&#xD;
2020-06-23 12:28:41 - [TEST_STEP][PASSED] - platform.Method.clickOnElement(findTestObject("Button/addUtterance")): platform.Method.clickOnElement is PASSED&#xD;
&#xD;
2020-06-23 12:28:43 - [MESSAGE][PASSED] - platform.Method.clickOnElement is PASSED&#xD;
&#xD;
2020-06-23 12:28:43 - [TEST_STEP][PASSED] - sendKeys(findTestObject("Input/finalTempKey"), newData.getValue("final_template_key", count)): Keys 'Welcome message' sent to object: 'Object Repository/Input/finalTempKey'&#xD;
&#xD;
2020-06-23 12:28:46 - [MESSAGE][PASSED] - Keys 'Welcome message' sent to object: 'Object Repository/Input/finalTempKey'&#xD;
&#xD;
2020-06-23 12:28:46 - [TEST_STEP][PASSED] - platform.Method.clickOnElement(findTestObject("Button/save", ["value":" Save "])): platform.Method.clickOnElement is PASSED&#xD;
&#xD;
2020-06-23 12:28:48 - [MESSAGE][PASSED] - platform.Method.clickOnElement is PASSED&#xD;
&#xD;
2020-06-23 12:28:48 - [TEST_STEP][PASSED] - platform.Method.clickOnElement(findTestObject("NewRepo/intentGoBack")): platform.Method.clickOnElement is PASSED&#xD;
&#xD;
2020-06-23 12:28:50 - [MESSAGE][PASSED] - platform.Method.clickOnElement is PASSED&#xD;
&#xD;
2020-06-23 12:28:50 - [TEST_STEP][PASSED] - delay(1): Delayed 1 second(s)&#xD;
&#xD;
2020-06-23 12:28:51 - [MESSAGE][PASSED] - Delayed 1 second(s)&#xD;
&#xD;
2020-06-23 12:28:51 - [TEST_STEP][PASSED] - if (newData.getValue("intent_name", count) != ""): Delayed 1 second(s)&#xD;
&#xD;
2020-06-23 12:28:51 - [TEST_STEP][PASSED] - platform.Method.clickOnElement(findTestObject("Button/createIntent")): platform.Method.clickOnElement is PASSED&#xD;
&#xD;
2020-06-23 12:28:53 - [MESSAGE][PASSED] - platform.Method.clickOnElement is PASSED&#xD;
&#xD;
2020-06-23 12:28:53 - [TEST_STEP][PASSED] - sendKeys(findTestObject("Input/intentName"), newData.getValue("intent_name", count)): Keys 'asdasasdas' sent to object: 'Object Repository/Input/intentName'&#xD;
&#xD;
2020-06-23 12:28:56 - [MESSAGE][PASSED] - Keys 'asdasasdas' sent to object: 'Object Repository/Input/intentName'&#xD;
&#xD;
2020-06-23 12:28:56 - [TEST_STEP][PASSED] - sendKeys(findTestObject("Input/utterance"), newData.getValue("single_utterance", count)): Keys 'asdasdasdasdas123' sent to object: 'Object Repository/Input/utterance'&#xD;
&#xD;
2020-06-23 12:28:58 - [MESSAGE][PASSED] - Keys 'asdasdasdasdas123' sent to object: 'Object Repository/Input/utterance'&#xD;
&#xD;
2020-06-23 12:28:58 - [TEST_STEP][PASSED] - platform.Method.clickOnElement(findTestObject("Button/addUtterance")): platform.Method.clickOnElement is PASSED&#xD;
&#xD;
2020-06-23 12:29:01 - [MESSAGE][PASSED] - platform.Method.clickOnElement is PASSED&#xD;
&#xD;
2020-06-23 12:29:01 - [TEST_STEP][PASSED] - sendKeys(findTestObject("Input/finalTempKey"), newData.getValue("final_template_key", count)): Keys 'Help message' sent to object: 'Object Repository/Input/finalTempKey'&#xD;
&#xD;
2020-06-23 12:29:03 - [MESSAGE][PASSED] - Keys 'Help message' sent to object: 'Object Repository/Input/finalTempKey'&#xD;
&#xD;
2020-06-23 12:29:03 - [TEST_STEP][PASSED] - platform.Method.clickOnElement(findTestObject("Button/save", ["value":" Save "])): platform.Method.clickOnElement is PASSED&#xD;
&#xD;
2020-06-23 12:29:06 - [MESSAGE][PASSED] - platform.Method.clickOnElement is PASSED&#xD;
&#xD;
2020-06-23 12:29:06 - [TEST_STEP][PASSED] - platform.Method.clickOnElement(findTestObject("NewRepo/intentGoBack")): platform.Method.clickOnElement is PASSED&#xD;
&#xD;
2020-06-23 12:29:08 - [MESSAGE][PASSED] - platform.Method.clickOnElement is PASSED&#xD;
&#xD;
2020-06-23 12:29:08 - [TEST_STEP][PASSED] - delay(1): Delayed 1 second(s)&#xD;
&#xD;
2020-06-23 12:29:09 - [MESSAGE][PASSED] - Delayed 1 second(s)&#xD;
&#xD;
2020-06-23 12:29:09 - [TEST_STEP][PASSED] - if (newData.getValue("intent_name", count) != ""): Delayed 1 second(s)&#xD;
&#xD;
2020-06-23 12:29:09 - [TEST_STEP][PASSED] - platform.Method.clickOnElement(findTestObject("Button/createIntent")): platform.Method.clickOnElement is PASSED&#xD;
&#xD;
2020-06-23 12:29:11 - [MESSAGE][PASSED] - platform.Method.clickOnElement is PASSED&#xD;
&#xD;
2020-06-23 12:29:11 - [TEST_STEP][PASSED] - sendKeys(findTestObject("Input/intentName"), newData.getValue("intent_name", count)): Keys 'asda' sent to object: 'Object Repository/Input/intentName'&#xD;
&#xD;
2020-06-23 12:29:14 - [MESSAGE][PASSED] - Keys 'asda' sent to object: 'Object Repository/Input/intentName'&#xD;
&#xD;
2020-06-23 12:29:14 - [TEST_STEP][PASSED] - sendKeys(findTestObject("Input/utterance"), newData.getValue("single_utterance", count)): Keys 'asdas46345' sent to object: 'Object Repository/Input/utterance'&#xD;
&#xD;
2020-06-23 12:29:16 - [MESSAGE][PASSED] - Keys 'asdas46345' sent to object: 'Object Repository/Input/utterance'&#xD;
&#xD;
2020-06-23 12:29:16 - [TEST_STEP][PASSED] - platform.Method.clickOnElement(findTestObject("Button/addUtterance")): platform.Method.clickOnElement is PASSED&#xD;
&#xD;
2020-06-23 12:29:18 - [MESSAGE][PASSED] - platform.Method.clickOnElement is PASSED&#xD;
&#xD;
2020-06-23 12:29:18 - [TEST_STEP][PASSED] - sendKeys(findTestObject("Input/finalTempKey"), newData.getValue("final_template_key", count)): Keys 'Welcome message' sent to object: 'Object Repository/Input/finalTempKey'&#xD;
&#xD;
2020-06-23 12:29:21 - [MESSAGE][PASSED] - Keys 'Welcome message' sent to object: 'Object Repository/Input/finalTempKey'&#xD;
&#xD;
2020-06-23 12:29:21 - [TEST_STEP][PASSED] - platform.Method.clickOnElement(findTestObject("Button/save", ["value":" Save "])): platform.Method.clickOnElement is PASSED&#xD;
&#xD;
2020-06-23 12:29:23 - [MESSAGE][PASSED] - platform.Method.clickOnElement is PASSED&#xD;
&#xD;
2020-06-23 12:29:24 - [TEST_STEP][PASSED] - platform.Method.clickOnElement(findTestObject("NewRepo/intentGoBack")): platform.Method.clickOnElement is PASSED&#xD;
&#xD;
2020-06-23 12:29:26 - [MESSAGE][PASSED] - platform.Method.clickOnElement is PASSED&#xD;
&#xD;
2020-06-23 12:29:26 - [TEST_STEP][PASSED] - delay(1): Delayed 1 second(s)&#xD;
&#xD;
2020-06-23 12:29:27 - [MESSAGE][PASSED] - Delayed 1 second(s)&#xD;
&#xD;
2020-06-23 12:29:27 - [TEST_STEP][PASSED] - if (newData.getValue("intent_name", count) != ""): Delayed 1 second(s)&#xD;
&#xD;
2020-06-23 12:29:27 - [TEST_STEP][PASSED] - platform.Method.clickOnElement(findTestObject("Button/createIntent")): platform.Method.clickOnElement is PASSED&#xD;
&#xD;
2020-06-23 12:29:29 - [MESSAGE][PASSED] - platform.Method.clickOnElement is PASSED&#xD;
&#xD;
2020-06-23 12:29:29 - [TEST_STEP][PASSED] - sendKeys(findTestObject("Input/intentName"), newData.getValue("intent_name", count)): Keys 'asdas1245645' sent to object: 'Object Repository/Input/intentName'&#xD;
&#xD;
2020-06-23 12:29:32 - [MESSAGE][PASSED] - Keys 'asdas1245645' sent to object: 'Object Repository/Input/intentName'&#xD;
&#xD;
2020-06-23 12:29:32 - [TEST_STEP][PASSED] - sendKeys(findTestObject("Input/utterance"), newData.getValue("single_utterance", count)): Keys 'asdasdghfghghjghdas' sent to object: 'Object Repository/Input/utterance'&#xD;
&#xD;
2020-06-23 12:29:34 - [MESSAGE][PASSED] - Keys 'asdasdghfghghjghdas' sent to object: 'Object Repository/Input/utterance'&#xD;
&#xD;
2020-06-23 12:29:34 - [TEST_STEP][PASSED] - platform.Method.clickOnElement(findTestObject("Button/addUtterance")): platform.Method.clickOnElement is PASSED&#xD;
&#xD;
2020-06-23 12:29:36 - [MESSAGE][PASSED] - platform.Method.clickOnElement is PASSED&#xD;
&#xD;
2020-06-23 12:29:36 - [TEST_STEP][PASSED] - sendKeys(findTestObject("Input/finalTempKey"), newData.getValue("final_template_key", count)): Keys 'Fallback message' sent to object: 'Object Repository/Input/finalTempKey'&#xD;
&#xD;
2020-06-23 12:29:39 - [MESSAGE][PASSED] - Keys 'Fallback message' sent to object: 'Object Repository/Input/finalTempKey'&#xD;
&#xD;
2020-06-23 12:29:39 - [TEST_STEP][PASSED] - platform.Method.clickOnElement(findTestObject("Button/save", ["value":" Save "])): platform.Method.clickOnElement is PASSED&#xD;
&#xD;
2020-06-23 12:29:41 - [MESSAGE][PASSED] - platform.Method.clickOnElement is PASSED&#xD;
&#xD;
2020-06-23 12:29:41 - [TEST_STEP][PASSED] - platform.Method.clickOnElement(findTestObject("NewRepo/intentGoBack")): platform.Method.clickOnElement is PASSED&#xD;
&#xD;
2020-06-23 12:29:44 - [MESSAGE][PASSED] - platform.Method.clickOnElement is PASSED&#xD;
&#xD;
2020-06-23 12:29:44 - [TEST_STEP][PASSED] - delay(1): Delayed 1 second(s)&#xD;
&#xD;
2020-06-23 12:29:45 - [MESSAGE][PASSED] - Delayed 1 second(s)&#xD;
&#xD;
2020-06-23 12:29:45 - [TEST_STEP][PASSED] - if (newData.getValue("intent_name", count) != ""): Delayed 1 second(s)&#xD;
&#xD;
2020-06-23 12:29:45 - [TEST_STEP][PASSED] - platform.Method.clickOnElement(findTestObject("Button/createIntent")): platform.Method.clickOnElement is PASSED&#xD;
&#xD;
2020-06-23 12:29:47 - [MESSAGE][PASSED] - platform.Method.clickOnElement is PASSED&#xD;
&#xD;
2020-06-23 12:29:47 - [TEST_STEP][PASSED] - sendKeys(findTestObject("Input/intentName"), newData.getValue("intent_name", count)): Keys 'hgdga' sent to object: 'Object Repository/Input/intentName'&#xD;
&#xD;
2020-06-23 12:29:49 - [MESSAGE][PASSED] - Keys 'hgdga' sent to object: 'Object Repository/Input/intentName'&#xD;
&#xD;
2020-06-23 12:29:49 - [TEST_STEP][PASSED] - sendKeys(findTestObject("Input/utterance"), newData.getValue("single_utterance", count)): Keys 'asdasd12e' sent to object: 'Object Repository/Input/utterance'&#xD;
&#xD;
2020-06-23 12:29:52 - [MESSAGE][PASSED] - Keys 'asdasd12e' sent to object: 'Object Repository/Input/utterance'&#xD;
&#xD;
2020-06-23 12:29:52 - [TEST_STEP][PASSED] - platform.Method.clickOnElement(findTestObject("Button/addUtterance")): platform.Method.clickOnElement is PASSED&#xD;
&#xD;
2020-06-23 12:29:54 - [MESSAGE][PASSED] - platform.Method.clickOnElement is PASSED&#xD;
&#xD;
2020-06-23 12:29:54 - [TEST_STEP][PASSED] - sendKeys(findTestObject("Input/finalTempKey"), newData.getValue("final_template_key", count)): Keys 'Partial match' sent to object: 'Object Repository/Input/finalTempKey'&#xD;
&#xD;
2020-06-23 12:29:57 - [MESSAGE][PASSED] - Keys 'Partial match' sent to object: 'Object Repository/Input/finalTempKey'&#xD;
&#xD;
2020-06-23 12:29:57 - [TEST_STEP][PASSED] - platform.Method.clickOnElement(findTestObject("Button/save", ["value":" Save "])): platform.Method.clickOnElement is PASSED&#xD;
&#xD;
2020-06-23 12:29:59 - [MESSAGE][PASSED] - platform.Method.clickOnElement is PASSED&#xD;
&#xD;
2020-06-23 12:29:59 - [TEST_STEP][PASSED] - platform.Method.clickOnElement(findTestObject("NewRepo/intentGoBack")): platform.Method.clickOnElement is PASSED&#xD;
&#xD;
2020-06-23 12:30:01 - [MESSAGE][PASSED] - platform.Method.clickOnElement is PASSED&#xD;
&#xD;
2020-06-23 12:30:01 - [TEST_STEP][PASSED] - delay(1): Delayed 1 second(s)&#xD;
&#xD;
2020-06-23 12:30:02 - [MESSAGE][PASSED] - Delayed 1 second(s)&#xD;
&#xD;
2020-06-23 12:30:02 - [TEST_STEP][PASSED] - sendKeys(findTestObject("Input/searchIntent"), "1231"): Keys '1231' sent to object: 'Object Repository/Input/searchIntent'&#xD;
&#xD;
2020-06-23 12:30:05 - [MESSAGE][PASSED] - Keys '1231' sent to object: 'Object Repository/Input/searchIntent'&#xD;
&#xD;
2020-06-23 12:30:05 - [TEST_STEP][PASSED] - verifyElementText(findTestObject("Generic/listOfIntents"), "xcv1231", STOP_ON_FAILURE): Actual text and expected text of test object 'Object Repository/Generic/listOfIntents' are matched.&#xD;
&#xD;
2020-06-23 12:30:07 - [MESSAGE][PASSED] - Actual text and expected text of test object 'Object Repository/Generic/listOfIntents' are matched.&#xD;
&#xD;
2020-06-23 12:30:07 - [TEST_STEP][PASSED] - searchForIntent = findWebElement(findTestObject("Input/searchIntent"), 10): null&#xD;
&#xD;
2020-06-23 12:30:08 - [TEST_STEP][PASSED] - searchForIntent.sendKeys(Keys.chord(CONTROL, "a")): null&#xD;
&#xD;
2020-06-23 12:30:09 - [TEST_STEP][PASSED] - searchForIntent.sendKeys(Keys.chord(DELETE)): null&#xD;
&#xD;
2020-06-23 12:30:10 - [TEST_STEP][PASSED] - sendKeys(findTestObject("Input/searchUtterance"), "5"): Keys '5' sent to object: 'Object Repository/Input/searchUtterance'&#xD;
&#xD;
2020-06-23 12:30:13 - [MESSAGE][PASSED] - Keys '5' sent to object: 'Object Repository/Input/searchUtterance'&#xD;
&#xD;
2020-06-23 12:30:13 - [TEST_STEP][PASSED] - verifyTextPresent("Help message", false, STOP_ON_FAILURE): Text 'Help message' is present on page &#xD;
&#xD;
2020-06-23 12:30:15 - [MESSAGE][PASSED] - Text 'Help message' is present on page</system-out>
            <system-err></system-err>
        </testcase>
        <testcase name="Test Cases/Routerbot/botCreation_Test" classname="Test Cases/Routerbot/botCreation_Test" status="PASSED">
            <system-out>2020-06-23 12:30:15 - [TEST_CASE][PASSED] - Test Cases/Routerbot/botCreation_Test: Test Cases/Routerbot/botCreation_Test&#xD;
&#xD;
2020-06-23 12:30:15 - [TEST_STEP][PASSED] - Start listener action : setUp: Current window maximized&#xD;
&#xD;
2020-06-23 12:30:15 - [TEST_STEP][PASSED] - openBrowser(URL): Browser is opened with url: 'preprod.imibot.ai'&#xD;
&#xD;
2020-06-23 12:30:15 - [MESSAGE][WARNING] - A browser is already opened. Closing browser and opening a new one&#xD;
&#xD;
2020-06-23 12:30:17 - [MESSAGE][INFO] - Starting 'Chrome' driver&#xD;
&#xD;
2020-06-23 12:30:17 - [MESSAGE][INFO] - User set preference: ['args', '[--start-maximized]']&#xD;
&#xD;
2020-06-23 12:30:28 - [MESSAGE][PASSED] - Browser is opened with url: 'preprod.imibot.ai'&#xD;
&#xD;
2020-06-23 12:30:28 - [TEST_STEP][PASSED] - maximizeWindow(): Current window maximized&#xD;
&#xD;
2020-06-23 12:30:31 - [MESSAGE][PASSED] - Current window maximized&#xD;
&#xD;
2020-06-23 12:30:32 - [TEST_STEP][PASSED] - callTestCase(findTestCase("Generic/successfulLogin_Test"), [:], STOP_ON_FAILURE): Call Test Case 'Test Cases/Generic/successfulLogin_Test' successfully&#xD;
&#xD;
2020-06-23 12:30:32 - [TEST_CASE][PASSED] - Test Cases/Generic/successfulLogin_Test: Test Cases/Generic/successfulLogin_Test&#xD;
&#xD;
2020-06-23 12:30:32 - [TEST_STEP][PASSED] - sendKeys(findTestObject("Input/username"), USERNAME): Keys 'narendra.n@imimobile.com' sent to object: 'Object Repository/Input/username'&#xD;
&#xD;
2020-06-23 12:30:34 - [MESSAGE][PASSED] - Keys 'narendra.n@imimobile.com' sent to object: 'Object Repository/Input/username'&#xD;
&#xD;
2020-06-23 12:30:34 - [TEST_STEP][PASSED] - sendKeys(findTestObject("Input/password"), PASSWORD): Keys 'Test@2020' sent to object: 'Object Repository/Input/password'&#xD;
&#xD;
2020-06-23 12:30:37 - [MESSAGE][PASSED] - Keys 'Test@2020' sent to object: 'Object Repository/Input/password'&#xD;
&#xD;
2020-06-23 12:30:37 - [TEST_STEP][PASSED] - click(findTestObject("Button/signIn")): Object: 'Object Repository/Button/signIn' is clicked on&#xD;
&#xD;
2020-06-23 12:30:39 - [MESSAGE][PASSED] - Object: 'Object Repository/Button/signIn' is clicked on&#xD;
&#xD;
2020-06-23 12:30:39 - [TEST_STEP][PASSED] - if (!(waitForElementPresent(findTestObject("Button/createBot"), 30, OPTIONAL))): Object 'Object Repository/Button/createBot' is present&#xD;
&#xD;
2020-06-23 12:30:57 - [MESSAGE][PASSED] - Object 'Object Repository/Button/createBot' is present&#xD;
&#xD;
2020-06-23 12:30:57 - [MESSAGE][PASSED] - Call Test Case 'Test Cases/Generic/successfulLogin_Test' successfully&#xD;
&#xD;
2020-06-23 12:30:57 - [TEST_STEP][PASSED] - platform.Method.toClickOnWebElement(findTestObject("Generic/webObjectWithText", ["textValue":"Router bots"])): platform.Method.toClickOnWebElement is PASSED&#xD;
&#xD;
2020-06-23 12:31:00 - [MESSAGE][PASSED] - Object: 'Object Repository/Generic/webObjectWithText' is clicked on&#xD;
&#xD;
2020-06-23 12:31:00 - [MESSAGE][PASSED] - platform.Method.toClickOnWebElement is PASSED&#xD;
&#xD;
2020-06-23 12:31:00 - [TEST_STEP][PASSED] - platform.Method.toClickOnWebElement(findTestObject("Button/createBot")): platform.Method.toClickOnWebElement is PASSED&#xD;
&#xD;
2020-06-23 12:31:03 - [MESSAGE][PASSED] - Object: 'Object Repository/Button/createBot' is clicked on&#xD;
&#xD;
2020-06-23 12:31:03 - [MESSAGE][PASSED] - platform.Method.toClickOnWebElement is PASSED&#xD;
&#xD;
2020-06-23 12:31:03 - [TEST_STEP][PASSED] - sendKeys(findTestObject("Input/botName"), nameOfTheBot): Keys 'New RouterForQA' sent to object: 'Object Repository/Input/botName'&#xD;
&#xD;
2020-06-23 12:31:06 - [MESSAGE][PASSED] - Keys 'New RouterForQA' sent to object: 'Object Repository/Input/botName'&#xD;
&#xD;
2020-06-23 12:31:06 - [TEST_STEP][PASSED] - platform.Method.toClickOnWebElement(findTestObject("GenericII/smartContinueBtn")): platform.Method.toClickOnWebElement is PASSED&#xD;
&#xD;
2020-06-23 12:31:09 - [MESSAGE][PASSED] - Object: 'Object Repository/GenericII/smartContinueBtn' is clicked on&#xD;
&#xD;
2020-06-23 12:31:09 - [MESSAGE][PASSED] - platform.Method.toClickOnWebElement is PASSED&#xD;
&#xD;
2020-06-23 12:31:09 - [TEST_STEP][PASSED] - platform.Method.toClickOnWebElement(findTestObject("NewRepo/labelForChildBot")): platform.Method.toClickOnWebElement is PASSED&#xD;
&#xD;
2020-06-23 12:31:11 - [MESSAGE][PASSED] - Object: 'Object Repository/NewRepo/labelForChildBot' is clicked on&#xD;
&#xD;
2020-06-23 12:31:11 - [MESSAGE][PASSED] - platform.Method.toClickOnWebElement is PASSED&#xD;
&#xD;
2020-06-23 12:31:11 - [TEST_STEP][PASSED] - index = platform.Method.getIndexFromTheList(findTestObject("NewRepo/listOfChildBots"), childBotName): platform.Method.getIndexFromTheList is PASSED&#xD;
&#xD;
2020-06-23 12:31:53 - [MESSAGE][PASSED] - platform.Method.getIndexFromTheList is PASSED&#xD;
&#xD;
2020-06-23 12:31:53 - [TEST_STEP][PASSED] - platform.Method.toClickOnWebElement(findTestObject("NewRepo/childBotCheckbox", ["index":index])): platform.Method.toClickOnWebElement is PASSED&#xD;
&#xD;
2020-06-23 12:31:55 - [MESSAGE][PASSED] - Object: 'Object Repository/NewRepo/childBotCheckbox' is clicked on&#xD;
&#xD;
2020-06-23 12:31:55 - [MESSAGE][PASSED] - platform.Method.toClickOnWebElement is PASSED&#xD;
&#xD;
2020-06-23 12:31:55 - [TEST_STEP][PASSED] - newIndex = platform.Method.getIndexFromTheList(findTestObject("NewRepo/listOfChildBots"), childBotName2): platform.Method.getIndexFromTheList is PASSED&#xD;
&#xD;
2020-06-23 12:32:32 - [MESSAGE][PASSED] - platform.Method.getIndexFromTheList is PASSED&#xD;
&#xD;
2020-06-23 12:32:32 - [TEST_STEP][PASSED] - platform.Method.toClickOnWebElement(findTestObject("NewRepo/childBotCheckbox", ["index":newIndex])): platform.Method.toClickOnWebElement is PASSED&#xD;
&#xD;
2020-06-23 12:32:34 - [MESSAGE][PASSED] - Object: 'Object Repository/NewRepo/childBotCheckbox' is clicked on&#xD;
&#xD;
2020-06-23 12:32:34 - [MESSAGE][PASSED] - platform.Method.toClickOnWebElement is PASSED&#xD;
&#xD;
2020-06-23 12:32:34 - [TEST_STEP][PASSED] - platform.Response.clickOnElement(findTestObject("Toggle/feedback")): platform.Response.clickOnElement is PASSED&#xD;
&#xD;
2020-06-23 12:32:37 - [MESSAGE][PASSED] - platform.Response.clickOnElement is PASSED&#xD;
&#xD;
2020-06-23 12:32:37 - [TEST_STEP][PASSED] - platform.Response.clickOnElement(findTestObject("GenericII/smartContinueBtn")): platform.Response.clickOnElement is PASSED&#xD;
&#xD;
2020-06-23 12:32:39 - [MESSAGE][PASSED] - platform.Response.clickOnElement is PASSED&#xD;
&#xD;
2020-06-23 12:32:39 - [TEST_STEP][PASSED] - platform.Response.clickOnElement(findTestObject("Button/done")): platform.Response.clickOnElement is PASSED&#xD;
&#xD;
2020-06-23 12:32:41 - [MESSAGE][PASSED] - platform.Response.clickOnElement is PASSED</system-out>
            <system-err></system-err>
        </testcase>
        <testcase name="Test Cases/Routerbot/sideOptionsNavigation_Test" classname="Test Cases/Routerbot/sideOptionsNavigation_Test" status="PASSED">
            <system-out>2020-06-23 12:32:41 - [TEST_CASE][PASSED] - Test Cases/Routerbot/sideOptionsNavigation_Test: Test Cases/Routerbot/sideOptionsNavigation_Test&#xD;
&#xD;
2020-06-23 12:32:41 - [TEST_STEP][PASSED] - Start listener action : setUp: Current window maximized&#xD;
&#xD;
2020-06-23 12:32:41 - [TEST_STEP][PASSED] - openBrowser(URL): Browser is opened with url: 'preprod.imibot.ai'&#xD;
&#xD;
2020-06-23 12:32:41 - [MESSAGE][WARNING] - A browser is already opened. Closing browser and opening a new one&#xD;
&#xD;
2020-06-23 12:32:43 - [MESSAGE][INFO] - Starting 'Chrome' driver&#xD;
&#xD;
2020-06-23 12:32:43 - [MESSAGE][INFO] - User set preference: ['args', '[--start-maximized]']&#xD;
&#xD;
2020-06-23 12:32:57 - [MESSAGE][PASSED] - Browser is opened with url: 'preprod.imibot.ai'&#xD;
&#xD;
2020-06-23 12:32:57 - [TEST_STEP][PASSED] - maximizeWindow(): Current window maximized&#xD;
&#xD;
2020-06-23 12:32:59 - [MESSAGE][PASSED] - Current window maximized&#xD;
&#xD;
2020-06-23 12:32:59 - [TEST_STEP][PASSED] - callTestCase(findTestCase("Generic/successfulLogin_Test"), [:], STOP_ON_FAILURE): Call Test Case 'Test Cases/Generic/successfulLogin_Test' successfully&#xD;
&#xD;
2020-06-23 12:32:59 - [TEST_CASE][PASSED] - Test Cases/Generic/successfulLogin_Test: Test Cases/Generic/successfulLogin_Test&#xD;
&#xD;
2020-06-23 12:32:59 - [TEST_STEP][PASSED] - sendKeys(findTestObject("Input/username"), USERNAME): Keys 'narendra.n@imimobile.com' sent to object: 'Object Repository/Input/username'&#xD;
&#xD;
2020-06-23 12:33:03 - [MESSAGE][PASSED] - Keys 'narendra.n@imimobile.com' sent to object: 'Object Repository/Input/username'&#xD;
&#xD;
2020-06-23 12:33:03 - [TEST_STEP][PASSED] - sendKeys(findTestObject("Input/password"), PASSWORD): Keys 'Test@2020' sent to object: 'Object Repository/Input/password'&#xD;
&#xD;
2020-06-23 12:33:05 - [MESSAGE][PASSED] - Keys 'Test@2020' sent to object: 'Object Repository/Input/password'&#xD;
&#xD;
2020-06-23 12:33:05 - [TEST_STEP][PASSED] - click(findTestObject("Button/signIn")): Object: 'Object Repository/Button/signIn' is clicked on&#xD;
&#xD;
2020-06-23 12:33:07 - [MESSAGE][PASSED] - Object: 'Object Repository/Button/signIn' is clicked on&#xD;
&#xD;
2020-06-23 12:33:07 - [TEST_STEP][PASSED] - if (!(waitForElementPresent(findTestObject("Button/createBot"), 30, OPTIONAL))): Object 'Object Repository/Button/createBot' is present&#xD;
&#xD;
2020-06-23 12:33:25 - [MESSAGE][PASSED] - Object 'Object Repository/Button/createBot' is present&#xD;
&#xD;
2020-06-23 12:33:25 - [MESSAGE][PASSED] - Call Test Case 'Test Cases/Generic/successfulLogin_Test' successfully&#xD;
&#xD;
2020-06-23 12:33:25 - [TEST_STEP][PASSED] - platform.Method.navigateToBot("Router bots", ROUTER_BOT): platform.Method.navigateToBot is PASSED&#xD;
&#xD;
2020-06-23 12:33:26 - [MESSAGE][PASSED] - Object 'Object Repository/Button/createBot' is present&#xD;
&#xD;
2020-06-23 12:33:29 - [MESSAGE][INFO] - Performing click action on bot&#xD;
&#xD;
2020-06-23 12:33:31 - [MESSAGE][PASSED] - platform.Method.navigateToBot is PASSED&#xD;
&#xD;
2020-06-23 12:33:31 - [TEST_STEP][PASSED] - delay(1): Delayed 1 second(s)&#xD;
&#xD;
2020-06-23 12:33:32 - [MESSAGE][PASSED] - Delayed 1 second(s)&#xD;
&#xD;
2020-06-23 12:33:32 - [TEST_STEP][PASSED] - verifyTextPresent("Bot configuration", false, STOP_ON_FAILURE): Text 'Bot configuration' is present on page &#xD;
&#xD;
2020-06-23 12:33:37 - [MESSAGE][PASSED] - Text 'Bot configuration' is present on page &#xD;
&#xD;
2020-06-23 12:33:37 - [TEST_STEP][PASSED] - platform.Method.toClickOnWebElement(findTestObject("Generic/nlp")): platform.Method.toClickOnWebElement is PASSED&#xD;
&#xD;
2020-06-23 12:33:40 - [MESSAGE][PASSED] - Object: 'Object Repository/Generic/nlp' is clicked on&#xD;
&#xD;
2020-06-23 12:33:40 - [MESSAGE][PASSED] - platform.Method.toClickOnWebElement is PASSED&#xD;
&#xD;
2020-06-23 12:33:40 - [TEST_STEP][PASSED] - delay(1): Delayed 1 second(s)&#xD;
&#xD;
2020-06-23 12:33:41 - [MESSAGE][PASSED] - Delayed 1 second(s)&#xD;
&#xD;
2020-06-23 12:33:41 - [TEST_STEP][PASSED] - verifyTextPresent("Input recognition", false, STOP_ON_FAILURE): Text 'Input recognition' is present on page &#xD;
&#xD;
2020-06-23 12:33:43 - [MESSAGE][PASSED] - Text 'Input recognition' is present on page &#xD;
&#xD;
2020-06-23 12:33:43 - [TEST_STEP][PASSED] - platform.Method.toClickOnWebElement(findTestObject("Generic/logic")): platform.Method.toClickOnWebElement is PASSED&#xD;
&#xD;
2020-06-23 12:33:46 - [MESSAGE][PASSED] - Object: 'Object Repository/Generic/logic' is clicked on&#xD;
&#xD;
2020-06-23 12:33:46 - [MESSAGE][PASSED] - platform.Method.toClickOnWebElement is PASSED&#xD;
&#xD;
2020-06-23 12:33:46 - [TEST_STEP][PASSED] - delay(1): Delayed 1 second(s)&#xD;
&#xD;
2020-06-23 12:33:47 - [MESSAGE][PASSED] - Delayed 1 second(s)&#xD;
&#xD;
2020-06-23 12:33:47 - [TEST_STEP][PASSED] - verifyTextPresent("Logic", false, STOP_ON_FAILURE): Text 'Logic' is present on page &#xD;
&#xD;
2020-06-23 12:33:49 - [MESSAGE][PASSED] - Text 'Logic' is present on page &#xD;
&#xD;
2020-06-23 12:33:49 - [TEST_STEP][PASSED] - platform.Method.toClickOnWebElement(findTestObject("Generic/session")): platform.Method.toClickOnWebElement is PASSED&#xD;
&#xD;
2020-06-23 12:33:52 - [MESSAGE][PASSED] - Object: 'Object Repository/Generic/session' is clicked on&#xD;
&#xD;
2020-06-23 12:33:52 - [MESSAGE][PASSED] - platform.Method.toClickOnWebElement is PASSED&#xD;
&#xD;
2020-06-23 12:33:52 - [TEST_STEP][PASSED] - delay(1): Delayed 1 second(s)&#xD;
&#xD;
2020-06-23 12:33:53 - [MESSAGE][PASSED] - Delayed 1 second(s)&#xD;
&#xD;
2020-06-23 12:33:53 - [TEST_STEP][PASSED] - verifyTextPresent("Conversations", false, STOP_ON_FAILURE): Text 'Conversations' is present on page &#xD;
&#xD;
2020-06-23 12:33:55 - [MESSAGE][PASSED] - Text 'Conversations' is present on page</system-out>
            <system-err></system-err>
        </testcase>
        <testcase name="Test Cases/Routerbot/nlpConceptCreation_Test" classname="Test Cases/Routerbot/nlpConceptCreation_Test" status="PASSED">
            <system-out>2020-06-23 12:33:55 - [TEST_CASE][PASSED] - Test Cases/Routerbot/nlpConceptCreation_Test: Test Cases/Routerbot/nlpConceptCreation_Test&#xD;
&#xD;
2020-06-23 12:33:56 - [TEST_STEP][PASSED] - Start listener action : setUp: Current window maximized&#xD;
&#xD;
2020-06-23 12:33:56 - [TEST_STEP][PASSED] - openBrowser(URL): Browser is opened with url: 'preprod.imibot.ai'&#xD;
&#xD;
2020-06-23 12:33:56 - [MESSAGE][WARNING] - A browser is already opened. Closing browser and opening a new one&#xD;
&#xD;
2020-06-23 12:33:58 - [MESSAGE][INFO] - Starting 'Chrome' driver&#xD;
&#xD;
2020-06-23 12:33:58 - [MESSAGE][INFO] - User set preference: ['args', '[--start-maximized]']&#xD;
&#xD;
2020-06-23 12:34:08 - [MESSAGE][PASSED] - Browser is opened with url: 'preprod.imibot.ai'&#xD;
&#xD;
2020-06-23 12:34:08 - [TEST_STEP][PASSED] - maximizeWindow(): Current window maximized&#xD;
&#xD;
2020-06-23 12:34:11 - [MESSAGE][PASSED] - Current window maximized&#xD;
&#xD;
2020-06-23 12:34:12 - [TEST_STEP][PASSED] - callTestCase(findTestCase("Generic/successfulLogin_Test"), [:], STOP_ON_FAILURE): Call Test Case 'Test Cases/Generic/successfulLogin_Test' successfully&#xD;
&#xD;
2020-06-23 12:34:12 - [TEST_CASE][PASSED] - Test Cases/Generic/successfulLogin_Test: Test Cases/Generic/successfulLogin_Test&#xD;
&#xD;
2020-06-23 12:34:12 - [TEST_STEP][PASSED] - sendKeys(findTestObject("Input/username"), USERNAME): Keys 'narendra.n@imimobile.com' sent to object: 'Object Repository/Input/username'&#xD;
&#xD;
2020-06-23 12:34:15 - [MESSAGE][PASSED] - Keys 'narendra.n@imimobile.com' sent to object: 'Object Repository/Input/username'&#xD;
&#xD;
2020-06-23 12:34:15 - [TEST_STEP][PASSED] - sendKeys(findTestObject("Input/password"), PASSWORD): Keys 'Test@2020' sent to object: 'Object Repository/Input/password'&#xD;
&#xD;
2020-06-23 12:34:17 - [MESSAGE][PASSED] - Keys 'Test@2020' sent to object: 'Object Repository/Input/password'&#xD;
&#xD;
2020-06-23 12:34:17 - [TEST_STEP][PASSED] - click(findTestObject("Button/signIn")): Object: 'Object Repository/Button/signIn' is clicked on&#xD;
&#xD;
2020-06-23 12:34:20 - [MESSAGE][PASSED] - Object: 'Object Repository/Button/signIn' is clicked on&#xD;
&#xD;
2020-06-23 12:34:20 - [TEST_STEP][PASSED] - if (!(waitForElementPresent(findTestObject("Button/createBot"), 30, OPTIONAL))): Object 'Object Repository/Button/createBot' is present&#xD;
&#xD;
2020-06-23 12:34:36 - [MESSAGE][PASSED] - Object 'Object Repository/Button/createBot' is present&#xD;
&#xD;
2020-06-23 12:34:36 - [MESSAGE][PASSED] - Call Test Case 'Test Cases/Generic/successfulLogin_Test' successfully&#xD;
&#xD;
2020-06-23 12:34:36 - [TEST_STEP][PASSED] - platform.Method.navigateToBot("Router bots", ROUTER_BOT): platform.Method.navigateToBot is PASSED&#xD;
&#xD;
2020-06-23 12:34:37 - [MESSAGE][PASSED] - Object 'Object Repository/Button/createBot' is present&#xD;
&#xD;
2020-06-23 12:34:40 - [MESSAGE][INFO] - Performing click action on bot&#xD;
&#xD;
2020-06-23 12:34:42 - [MESSAGE][PASSED] - platform.Method.navigateToBot is PASSED&#xD;
&#xD;
2020-06-23 12:34:42 - [TEST_STEP][PASSED] - platform.Method.clickOnElement(findTestObject("Generic/nlp")): platform.Method.clickOnElement is PASSED&#xD;
&#xD;
2020-06-23 12:34:46 - [MESSAGE][PASSED] - platform.Method.clickOnElement is PASSED&#xD;
&#xD;
2020-06-23 12:34:46 - [TEST_STEP][PASSED] - platform.NLP.addCustom_NER(): platform.NLP.addCustom_NER is PASSED&#xD;
&#xD;
2020-06-23 12:34:49 - [MESSAGE][PASSED] - Keys 'custom' sent to object: 'Object Repository/Input/librariesAndModules'&#xD;
&#xD;
2020-06-23 12:34:59 - [MESSAGE][PASSED] - Object 'Object Repository/ICONS/toastMsg' is present&#xD;
&#xD;
2020-06-23 12:34:59 - [MESSAGE][PASSED] - platform.NLP.addCustom_NER is PASSED&#xD;
&#xD;
2020-06-23 12:34:59 - [TEST_STEP][PASSED] - platform.NLP.createConcept(conceptName, fileName): platform.NLP.createConcept is PASSED&#xD;
&#xD;
2020-06-23 12:35:00 - [MESSAGE][PASSED] - Object 'Object Repository/Generic/webObjectWithText' is present&#xD;
&#xD;
2020-06-23 12:35:09 - [MESSAGE][PASSED] - Keys 'banking_faq' sent to object: 'Object Repository/Input/conceptName'&#xD;
&#xD;
2020-06-23 12:35:12 - [MESSAGE][PASSED] - File 'D:/IMIbot.ai-Project/Collection/bankConcept.txt' sent to object: 'Object Repository/Input/uploadFile'&#xD;
&#xD;
2020-06-23 12:35:14 - [MESSAGE][PASSED] - Object: 'Object Repository/NewRepo/createtBtn' is clicked on&#xD;
&#xD;
2020-06-23 12:35:14 - [MESSAGE][PASSED] - platform.NLP.createConcept is PASSED&#xD;
&#xD;
2020-06-23 12:35:14 - [TEST_STEP][PASSED] - platform.Method.clickOnElement(findTestObject("NewRepo/conceptBackBtn")): platform.Method.clickOnElement is PASSED&#xD;
&#xD;
2020-06-23 12:35:16 - [MESSAGE][PASSED] - platform.Method.clickOnElement is PASSED&#xD;
&#xD;
2020-06-23 12:35:16 - [TEST_STEP][PASSED] - verifyTextPresent(conceptName, false, STOP_ON_FAILURE): Text 'banking_faq' is present on page &#xD;
&#xD;
2020-06-23 12:35:19 - [MESSAGE][PASSED] - Text 'banking_faq' is present on page &#xD;
&#xD;
2020-06-23 12:35:19 - [TEST_STEP][PASSED] - platform.NLP.createConcept(conceptName2, fileName2): platform.NLP.createConcept is PASSED&#xD;
&#xD;
2020-06-23 12:35:20 - [MESSAGE][PASSED] - Object 'Object Repository/Generic/webObjectWithText' is present&#xD;
&#xD;
2020-06-23 12:35:28 - [MESSAGE][PASSED] - Keys 'dhan_yojna' sent to object: 'Object Repository/Input/conceptName'&#xD;
&#xD;
2020-06-23 12:35:31 - [MESSAGE][PASSED] - File 'D:/IMIbot.ai-Project/Collection/pmjdy.py' sent to object: 'Object Repository/Input/uploadFile'&#xD;
&#xD;
2020-06-23 12:35:33 - [MESSAGE][PASSED] - Object: 'Object Repository/NewRepo/createtBtn' is clicked on&#xD;
&#xD;
2020-06-23 12:35:33 - [MESSAGE][PASSED] - platform.NLP.createConcept is PASSED&#xD;
&#xD;
2020-06-23 12:35:33 - [TEST_STEP][PASSED] - platform.Method.clickOnElement(findTestObject("NewRepo/conceptBackBtn")): platform.Method.clickOnElement is PASSED&#xD;
&#xD;
2020-06-23 12:35:35 - [MESSAGE][PASSED] - platform.Method.clickOnElement is PASSED&#xD;
&#xD;
2020-06-23 12:35:35 - [TEST_STEP][PASSED] - verifyTextPresent(conceptName2, false, STOP_ON_FAILURE): Text 'dhan_yojna' is present on page &#xD;
&#xD;
2020-06-23 12:35:38 - [MESSAGE][PASSED] - Text 'dhan_yojna' is present on page</system-out>
            <system-err></system-err>
        </testcase>
        <testcase name="Test Cases/Routerbot/ruleConfiguration_Test" classname="Test Cases/Routerbot/ruleConfiguration_Test" status="PASSED">
            <system-out>2020-06-23 12:35:38 - [TEST_CASE][PASSED] - Test Cases/Routerbot/ruleConfiguration_Test: Test Cases/Routerbot/ruleConfiguration_Test&#xD;
&#xD;
2020-06-23 12:35:38 - [TEST_STEP][PASSED] - Start listener action : setUp: Current window maximized&#xD;
&#xD;
2020-06-23 12:35:38 - [TEST_STEP][PASSED] - openBrowser(URL): Browser is opened with url: 'preprod.imibot.ai'&#xD;
&#xD;
2020-06-23 12:35:38 - [MESSAGE][WARNING] - A browser is already opened. Closing browser and opening a new one&#xD;
&#xD;
2020-06-23 12:35:40 - [MESSAGE][INFO] - Starting 'Chrome' driver&#xD;
&#xD;
2020-06-23 12:35:40 - [MESSAGE][INFO] - User set preference: ['args', '[--start-maximized]']&#xD;
&#xD;
2020-06-23 12:35:51 - [MESSAGE][PASSED] - Browser is opened with url: 'preprod.imibot.ai'&#xD;
&#xD;
2020-06-23 12:35:51 - [TEST_STEP][PASSED] - maximizeWindow(): Current window maximized&#xD;
&#xD;
2020-06-23 12:35:53 - [MESSAGE][PASSED] - Current window maximized&#xD;
&#xD;
2020-06-23 12:35:53 - [TEST_STEP][PASSED] - callTestCase(findTestCase("Generic/successfulLogin_Test"), [:], STOP_ON_FAILURE): Call Test Case 'Test Cases/Generic/successfulLogin_Test' successfully&#xD;
&#xD;
2020-06-23 12:35:53 - [TEST_CASE][PASSED] - Test Cases/Generic/successfulLogin_Test: Test Cases/Generic/successfulLogin_Test&#xD;
&#xD;
2020-06-23 12:35:53 - [TEST_STEP][PASSED] - sendKeys(findTestObject("Input/username"), USERNAME): Keys 'narendra.n@imimobile.com' sent to object: 'Object Repository/Input/username'&#xD;
&#xD;
2020-06-23 12:35:56 - [MESSAGE][PASSED] - Keys 'narendra.n@imimobile.com' sent to object: 'Object Repository/Input/username'&#xD;
&#xD;
2020-06-23 12:35:56 - [TEST_STEP][PASSED] - sendKeys(findTestObject("Input/password"), PASSWORD): Keys 'Test@2020' sent to object: 'Object Repository/Input/password'&#xD;
&#xD;
2020-06-23 12:35:59 - [MESSAGE][PASSED] - Keys 'Test@2020' sent to object: 'Object Repository/Input/password'&#xD;
&#xD;
2020-06-23 12:35:59 - [TEST_STEP][PASSED] - click(findTestObject("Button/signIn")): Object: 'Object Repository/Button/signIn' is clicked on&#xD;
&#xD;
2020-06-23 12:36:01 - [MESSAGE][PASSED] - Object: 'Object Repository/Button/signIn' is clicked on&#xD;
&#xD;
2020-06-23 12:36:01 - [TEST_STEP][PASSED] - if (!(waitForElementPresent(findTestObject("Button/createBot"), 30, OPTIONAL))): Object 'Object Repository/Button/createBot' is present&#xD;
&#xD;
2020-06-23 12:36:20 - [MESSAGE][PASSED] - Object 'Object Repository/Button/createBot' is present&#xD;
&#xD;
2020-06-23 12:36:20 - [MESSAGE][PASSED] - Call Test Case 'Test Cases/Generic/successfulLogin_Test' successfully&#xD;
&#xD;
2020-06-23 12:36:20 - [TEST_STEP][PASSED] - platform.Method.navigateToBot("Router bots", ROUTER_BOT): platform.Method.navigateToBot is PASSED&#xD;
&#xD;
2020-06-23 12:36:21 - [MESSAGE][PASSED] - Object 'Object Repository/Button/createBot' is present&#xD;
&#xD;
2020-06-23 12:36:24 - [MESSAGE][INFO] - Performing click action on bot&#xD;
&#xD;
2020-06-23 12:36:26 - [MESSAGE][PASSED] - platform.Method.navigateToBot is PASSED&#xD;
&#xD;
2020-06-23 12:36:26 - [TEST_STEP][PASSED] - platform.Method.toClickOnWebElement(findTestObject("Generic/logic")): platform.Method.toClickOnWebElement is PASSED&#xD;
&#xD;
2020-06-23 12:36:32 - [MESSAGE][PASSED] - Object: 'Object Repository/Generic/logic' is clicked on&#xD;
&#xD;
2020-06-23 12:36:32 - [MESSAGE][PASSED] - platform.Method.toClickOnWebElement is PASSED&#xD;
&#xD;
2020-06-23 12:36:32 - [TEST_STEP][PASSED] - testData = findTestData("Data Files/testData_Router"): null&#xD;
&#xD;
2020-06-23 12:36:32 - [TEST_STEP][PASSED] - setText(findTestObject("NewRepo/leftVariable", ["index":1]), testData.getValue("left_variable", 1)): Text 'nlp.custom_ners.banking_faq' is set on object 'Object Repository/NewRepo/leftVariable'&#xD;
&#xD;
2020-06-23 12:36:36 - [MESSAGE][PASSED] - Text 'nlp.custom_ners.banking_faq' is set on object 'Object Repository/NewRepo/leftVariable'&#xD;
&#xD;
2020-06-23 12:36:36 - [TEST_STEP][PASSED] - platform.Method.toClickOnWebElement(findTestObject("Generic/webObjectWithText", ["textValue":"Exists"])): platform.Method.toClickOnWebElement is PASSED&#xD;
&#xD;
2020-06-23 12:36:38 - [MESSAGE][PASSED] - Object: 'Object Repository/Generic/webObjectWithText' is clicked on&#xD;
&#xD;
2020-06-23 12:36:38 - [MESSAGE][PASSED] - platform.Method.toClickOnWebElement is PASSED&#xD;
&#xD;
2020-06-23 12:36:38 - [TEST_STEP][PASSED] - platform.Method.toClickOnWebElement(findTestObject("Generic/webObjectWithText", ["textValue":"Equals to"])): platform.Method.toClickOnWebElement is PASSED&#xD;
&#xD;
2020-06-23 12:36:41 - [MESSAGE][PASSED] - Object: 'Object Repository/Generic/webObjectWithText' is clicked on&#xD;
&#xD;
2020-06-23 12:36:41 - [MESSAGE][PASSED] - platform.Method.toClickOnWebElement is PASSED&#xD;
&#xD;
2020-06-23 12:36:41 - [TEST_STEP][PASSED] - platform.Method.toClickOnWebElement(findTestObject("Generic/webObjectWithText", ["textValue":"Reply with message"])): platform.Method.toClickOnWebElement is PASSED&#xD;
&#xD;
2020-06-23 12:36:43 - [MESSAGE][PASSED] - Object: 'Object Repository/Generic/webObjectWithText' is clicked on&#xD;
&#xD;
2020-06-23 12:36:43 - [MESSAGE][PASSED] - platform.Method.toClickOnWebElement is PASSED&#xD;
&#xD;
2020-06-23 12:36:43 - [TEST_STEP][PASSED] - platform.Method.toClickOnWebElement(findTestObject("Generic/webObjectWithText", ["textValue":"Route to child bot"])): platform.Method.toClickOnWebElement is PASSED&#xD;
&#xD;
2020-06-23 12:36:46 - [MESSAGE][PASSED] - Object: 'Object Repository/Generic/webObjectWithText' is clicked on&#xD;
&#xD;
2020-06-23 12:36:46 - [MESSAGE][PASSED] - platform.Method.toClickOnWebElement is PASSED&#xD;
&#xD;
2020-06-23 12:36:46 - [TEST_STEP][PASSED] - platform.Method.toClickOnWebElement(findTestObject("NewRepo/destinationBot", ["index":1])): platform.Method.toClickOnWebElement is PASSED&#xD;
&#xD;
2020-06-23 12:36:48 - [MESSAGE][PASSED] - Object: 'Object Repository/NewRepo/destinationBot' is clicked on&#xD;
&#xD;
2020-06-23 12:36:48 - [MESSAGE][PASSED] - platform.Method.toClickOnWebElement is PASSED&#xD;
&#xD;
2020-06-23 12:36:48 - [TEST_STEP][PASSED] - platform.Response.clickOnElement(findTestObject("Generic/webObjectWithText", ["textValue":FAQ_BOT])): platform.Response.clickOnElement is PASSED&#xD;
&#xD;
2020-06-23 12:36:51 - [MESSAGE][PASSED] - platform.Response.clickOnElement is PASSED&#xD;
&#xD;
2020-06-23 12:36:51 - [TEST_STEP][PASSED] - platform.Response.clickOnElement(findTestObject("Button/updateRules")): platform.Response.clickOnElement is PASSED&#xD;
&#xD;
2020-06-23 12:36:53 - [MESSAGE][PASSED] - platform.Response.clickOnElement is PASSED&#xD;
&#xD;
2020-06-23 12:36:53 - [TEST_STEP][PASSED] - platform.Response.clickOnElement(findTestObject("Button/preview")): platform.Response.clickOnElement is PASSED&#xD;
&#xD;
2020-06-23 12:36:55 - [MESSAGE][PASSED] - platform.Response.clickOnElement is PASSED&#xD;
&#xD;
2020-06-23 12:36:55 - [TEST_STEP][PASSED] - sendKeys(findTestObject("Input/chatInput"), Keys.chord("How do I report a suspected fraud?", ENTER)): Keys 'ENTER + How do I report a suspected fraud?' sent to object: 'Object Repository/Input/chatInput'&#xD;
&#xD;
2020-06-23 12:36:59 - [MESSAGE][PASSED] - Keys 'ENTER + How do I report a suspected fraud?' sent to object: 'Object Repository/Input/chatInput'&#xD;
&#xD;
2020-06-23 12:36:59 - [TEST_STEP][PASSED] - delay(3): Delayed 3 second(s)&#xD;
&#xD;
2020-06-23 12:37:02 - [MESSAGE][PASSED] - Delayed 3 second(s)&#xD;
&#xD;
2020-06-23 12:37:02 - [TEST_STEP][PASSED] - verifyElementText(findTestObject("GenericII/getBotResponse", ["index":1]), testData.getValue("bankbot_answer", 1), STOP_ON_FAILURE): Actual text and expected text of test object 'Object Repository/GenericII/getBotResponse' are matched.&#xD;
&#xD;
2020-06-23 12:37:04 - [MESSAGE][PASSED] - Actual text and expected text of test object 'Object Repository/GenericII/getBotResponse' are matched.</system-out>
            <system-err></system-err>
        </testcase>
        <testcase name="Test Cases/Routerbot/ruleAddition_Test" classname="Test Cases/Routerbot/ruleAddition_Test" status="PASSED">
            <system-out>2020-06-23 12:37:04 - [TEST_CASE][PASSED] - Test Cases/Routerbot/ruleAddition_Test: Test Cases/Routerbot/ruleAddition_Test&#xD;
&#xD;
2020-06-23 12:37:04 - [TEST_STEP][PASSED] - Start listener action : setUp: Current window maximized&#xD;
&#xD;
2020-06-23 12:37:04 - [TEST_STEP][PASSED] - openBrowser(URL): Browser is opened with url: 'preprod.imibot.ai'&#xD;
&#xD;
2020-06-23 12:37:04 - [MESSAGE][WARNING] - A browser is already opened. Closing browser and opening a new one&#xD;
&#xD;
2020-06-23 12:37:06 - [MESSAGE][INFO] - Starting 'Chrome' driver&#xD;
&#xD;
2020-06-23 12:37:06 - [MESSAGE][INFO] - User set preference: ['args', '[--start-maximized]']&#xD;
&#xD;
2020-06-23 12:37:18 - [MESSAGE][PASSED] - Browser is opened with url: 'preprod.imibot.ai'&#xD;
&#xD;
2020-06-23 12:37:18 - [TEST_STEP][PASSED] - maximizeWindow(): Current window maximized&#xD;
&#xD;
2020-06-23 12:37:20 - [MESSAGE][PASSED] - Current window maximized&#xD;
&#xD;
2020-06-23 12:37:20 - [TEST_STEP][PASSED] - callTestCase(findTestCase("Generic/successfulLogin_Test"), [:], STOP_ON_FAILURE): Call Test Case 'Test Cases/Generic/successfulLogin_Test' successfully&#xD;
&#xD;
2020-06-23 12:37:20 - [TEST_CASE][PASSED] - Test Cases/Generic/successfulLogin_Test: Test Cases/Generic/successfulLogin_Test&#xD;
&#xD;
2020-06-23 12:37:20 - [TEST_STEP][PASSED] - sendKeys(findTestObject("Input/username"), USERNAME): Keys 'narendra.n@imimobile.com' sent to object: 'Object Repository/Input/username'&#xD;
&#xD;
2020-06-23 12:37:23 - [MESSAGE][PASSED] - Keys 'narendra.n@imimobile.com' sent to object: 'Object Repository/Input/username'&#xD;
&#xD;
2020-06-23 12:37:23 - [TEST_STEP][PASSED] - sendKeys(findTestObject("Input/password"), PASSWORD): Keys 'Test@2020' sent to object: 'Object Repository/Input/password'&#xD;
&#xD;
2020-06-23 12:37:26 - [MESSAGE][PASSED] - Keys 'Test@2020' sent to object: 'Object Repository/Input/password'&#xD;
&#xD;
2020-06-23 12:37:26 - [TEST_STEP][PASSED] - click(findTestObject("Button/signIn")): Object: 'Object Repository/Button/signIn' is clicked on&#xD;
&#xD;
2020-06-23 12:37:28 - [MESSAGE][PASSED] - Object: 'Object Repository/Button/signIn' is clicked on&#xD;
&#xD;
2020-06-23 12:37:28 - [TEST_STEP][PASSED] - if (!(waitForElementPresent(findTestObject("Button/createBot"), 30, OPTIONAL))): Object 'Object Repository/Button/createBot' is present&#xD;
&#xD;
2020-06-23 12:37:46 - [MESSAGE][PASSED] - Object 'Object Repository/Button/createBot' is present&#xD;
&#xD;
2020-06-23 12:37:46 - [MESSAGE][PASSED] - Call Test Case 'Test Cases/Generic/successfulLogin_Test' successfully&#xD;
&#xD;
2020-06-23 12:37:46 - [TEST_STEP][PASSED] - platform.Method.navigateToBot("Router bots", ROUTER_BOT): platform.Method.navigateToBot is PASSED&#xD;
&#xD;
2020-06-23 12:37:47 - [MESSAGE][PASSED] - Object 'Object Repository/Button/createBot' is present&#xD;
&#xD;
2020-06-23 12:37:50 - [MESSAGE][INFO] - Performing click action on bot&#xD;
&#xD;
2020-06-23 12:37:52 - [MESSAGE][PASSED] - platform.Method.navigateToBot is PASSED&#xD;
&#xD;
2020-06-23 12:37:52 - [TEST_STEP][PASSED] - platform.Method.toClickOnWebElement(findTestObject("Generic/logic")): platform.Method.toClickOnWebElement is PASSED&#xD;
&#xD;
2020-06-23 12:37:58 - [MESSAGE][PASSED] - Object: 'Object Repository/Generic/logic' is clicked on&#xD;
&#xD;
2020-06-23 12:37:58 - [MESSAGE][PASSED] - platform.Method.toClickOnWebElement is PASSED&#xD;
&#xD;
2020-06-23 12:37:58 - [TEST_STEP][PASSED] - platform.Response.clickOnElement(findTestObject("NewRepo/addRule")): platform.Response.clickOnElement is PASSED&#xD;
&#xD;
2020-06-23 12:38:00 - [MESSAGE][PASSED] - platform.Response.clickOnElement is PASSED&#xD;
&#xD;
2020-06-23 12:38:00 - [TEST_STEP][PASSED] - setText(findTestObject("NewRepo/leftVariable", ["index":2]), leftVariable): Text 'nlp.custom_ners.dhan_yojna' is set on object 'Object Repository/NewRepo/leftVariable'&#xD;
&#xD;
2020-06-23 12:38:04 - [MESSAGE][PASSED] - Text 'nlp.custom_ners.dhan_yojna' is set on object 'Object Repository/NewRepo/leftVariable'&#xD;
&#xD;
2020-06-23 12:38:04 - [TEST_STEP][PASSED] - platform.Method.toClickOnWebElement(findTestObject("Generic/webObjectWithText", ["textValue":"string"])): platform.Method.toClickOnWebElement is PASSED&#xD;
&#xD;
2020-06-23 12:38:07 - [MESSAGE][PASSED] - Object: 'Object Repository/Generic/webObjectWithText' is clicked on&#xD;
&#xD;
2020-06-23 12:38:07 - [MESSAGE][PASSED] - platform.Method.toClickOnWebElement is PASSED&#xD;
&#xD;
2020-06-23 12:38:07 - [TEST_STEP][PASSED] - platform.Method.toClickOnWebElement(findTestObject("Generic/webObjectWithText", ["textValue":" boolean "])): platform.Method.toClickOnWebElement is PASSED&#xD;
&#xD;
2020-06-23 12:38:09 - [MESSAGE][PASSED] - Object: 'Object Repository/Generic/webObjectWithText' is clicked on&#xD;
&#xD;
2020-06-23 12:38:09 - [MESSAGE][PASSED] - platform.Method.toClickOnWebElement is PASSED&#xD;
&#xD;
2020-06-23 12:38:09 - [TEST_STEP][PASSED] - setText(findTestObject("NewRepo/rightVariable", ["index":2]), rightVariable): Text 'true' is set on object 'Object Repository/NewRepo/rightVariable'&#xD;
&#xD;
2020-06-23 12:38:13 - [MESSAGE][PASSED] - Text 'true' is set on object 'Object Repository/NewRepo/rightVariable'&#xD;
&#xD;
2020-06-23 12:38:13 - [TEST_STEP][PASSED] - platform.Method.toClickOnWebElement(findTestObject("NewRepo/destinationBot", ["index":2])): platform.Method.toClickOnWebElement is PASSED&#xD;
&#xD;
2020-06-23 12:38:15 - [MESSAGE][PASSED] - Object: 'Object Repository/NewRepo/destinationBot' is clicked on&#xD;
&#xD;
2020-06-23 12:38:15 - [MESSAGE][PASSED] - platform.Method.toClickOnWebElement is PASSED&#xD;
&#xD;
2020-06-23 12:38:15 - [TEST_STEP][PASSED] - platform.Response.clickOnElement(findTestObject("Generic/webObjectWithText", ["textValue":childBotName])): platform.Response.clickOnElement is PASSED&#xD;
&#xD;
2020-06-23 12:38:17 - [MESSAGE][PASSED] - platform.Response.clickOnElement is PASSED&#xD;
&#xD;
2020-06-23 12:38:17 - [TEST_STEP][PASSED] - platform.Response.clickOnElement(findTestObject("Button/updateRules")): platform.Response.clickOnElement is PASSED&#xD;
&#xD;
2020-06-23 12:38:20 - [MESSAGE][PASSED] - platform.Response.clickOnElement is PASSED&#xD;
&#xD;
2020-06-23 12:38:20 - [TEST_STEP][PASSED] - platform.Response.clickOnElement(findTestObject("Button/preview")): platform.Response.clickOnElement is PASSED&#xD;
&#xD;
2020-06-23 12:38:22 - [MESSAGE][PASSED] - platform.Response.clickOnElement is PASSED&#xD;
&#xD;
2020-06-23 12:38:22 - [TEST_STEP][PASSED] - sendKeys(findTestObject("Input/chatInput"), Keys.chord(userQuery, ENTER)): Keys 'ENTER + पीएमजेडीवाई खाते कहां खोले जा सकते हैं?' sent to object: 'Object Repository/Input/chatInput'&#xD;
&#xD;
2020-06-23 12:38:26 - [MESSAGE][PASSED] - Keys 'ENTER + पीएमजेडीवाई खाते कहां खोले जा सकते हैं?' sent to object: 'Object Repository/Input/chatInput'&#xD;
&#xD;
2020-06-23 12:38:26 - [TEST_STEP][PASSED] - delay(3): Delayed 3 second(s)&#xD;
&#xD;
2020-06-23 12:38:29 - [MESSAGE][PASSED] - Delayed 3 second(s)&#xD;
&#xD;
2020-06-23 12:38:29 - [TEST_STEP][PASSED] - verifyElementText(findTestObject("GenericII/getBotResponse", ["index":1]), botResponse, STOP_ON_FAILURE): Actual text and expected text of test object 'Object Repository/GenericII/getBotResponse' are matched.&#xD;
&#xD;
2020-06-23 12:38:31 - [MESSAGE][PASSED] - Actual text and expected text of test object 'Object Repository/GenericII/getBotResponse' are matched.&#xD;
&#xD;
2020-06-23 12:38:31 - [TEST_STEP][PASSED] - sendKeys(findTestObject("Input/chatInput"), Keys.chord(userQuery2, ENTER)): Keys 'ENTER + पीएमजेडीवाई खाताधारकों के सामने आने वाली समस्या के मामले में वे किससे संपर्क कर सकते हैं?' sent to object: 'Object Repository/Input/chatInput'&#xD;
&#xD;
2020-06-23 12:38:35 - [MESSAGE][PASSED] - Keys 'ENTER + पीएमजेडीवाई खाताधारकों के सामने आने वाली समस्या के मामले में वे किससे संपर्क कर सकते हैं?' sent to object: 'Object Repository/Input/chatInput'&#xD;
&#xD;
2020-06-23 12:38:35 - [TEST_STEP][PASSED] - delay(3): Delayed 3 second(s)&#xD;
&#xD;
2020-06-23 12:38:38 - [MESSAGE][PASSED] - Delayed 3 second(s)&#xD;
&#xD;
2020-06-23 12:38:38 - [TEST_STEP][PASSED] - verifyElementText(findTestObject("GenericII/getBotResponse", ["index":2]), botResponse2, STOP_ON_FAILURE): Actual text and expected text of test object 'Object Repository/GenericII/getBotResponse' are matched.&#xD;
&#xD;
2020-06-23 12:38:40 - [MESSAGE][PASSED] - Actual text and expected text of test object 'Object Repository/GenericII/getBotResponse' are matched.</system-out>
            <system-err></system-err>
        </testcase>
        <testcase name="Test Cases/Pipelinebot/verify_pipeline_bot_creation" classname="Test Cases/Pipelinebot/verify_pipeline_bot_creation" status="PASSED">
            <system-out>2020-06-23 12:38:40 - [TEST_CASE][PASSED] - Test Cases/Pipelinebot/verify_pipeline_bot_creation: Test Cases/Pipelinebot/verify_pipeline_bot_creation&#xD;
&#xD;
2020-06-23 12:38:41 - [TEST_STEP][PASSED] - Start listener action : setUp: Current window maximized&#xD;
&#xD;
2020-06-23 12:38:41 - [TEST_STEP][PASSED] - openBrowser(URL): Browser is opened with url: 'preprod.imibot.ai'&#xD;
&#xD;
2020-06-23 12:38:41 - [MESSAGE][WARNING] - A browser is already opened. Closing browser and opening a new one&#xD;
&#xD;
2020-06-23 12:38:42 - [MESSAGE][INFO] - Starting 'Chrome' driver&#xD;
&#xD;
2020-06-23 12:38:42 - [MESSAGE][INFO] - User set preference: ['args', '[--start-maximized]']&#xD;
&#xD;
2020-06-23 12:38:54 - [MESSAGE][PASSED] - Browser is opened with url: 'preprod.imibot.ai'&#xD;
&#xD;
2020-06-23 12:38:54 - [TEST_STEP][PASSED] - maximizeWindow(): Current window maximized&#xD;
&#xD;
2020-06-23 12:38:56 - [MESSAGE][PASSED] - Current window maximized&#xD;
&#xD;
2020-06-23 12:38:56 - [TEST_STEP][PASSED] - callTestCase(findTestCase("Generic/successfulLogin_Test"), [:], STOP_ON_FAILURE): Call Test Case 'Test Cases/Generic/successfulLogin_Test' successfully&#xD;
&#xD;
2020-06-23 12:38:56 - [TEST_CASE][PASSED] - Test Cases/Generic/successfulLogin_Test: Test Cases/Generic/successfulLogin_Test&#xD;
&#xD;
2020-06-23 12:38:56 - [TEST_STEP][PASSED] - sendKeys(findTestObject("Input/username"), USERNAME): Keys 'narendra.n@imimobile.com' sent to object: 'Object Repository/Input/username'&#xD;
&#xD;
2020-06-23 12:38:59 - [MESSAGE][PASSED] - Keys 'narendra.n@imimobile.com' sent to object: 'Object Repository/Input/username'&#xD;
&#xD;
2020-06-23 12:38:59 - [TEST_STEP][PASSED] - sendKeys(findTestObject("Input/password"), PASSWORD): Keys 'Test@2020' sent to object: 'Object Repository/Input/password'&#xD;
&#xD;
2020-06-23 12:39:02 - [MESSAGE][PASSED] - Keys 'Test@2020' sent to object: 'Object Repository/Input/password'&#xD;
&#xD;
2020-06-23 12:39:02 - [TEST_STEP][PASSED] - click(findTestObject("Button/signIn")): Object: 'Object Repository/Button/signIn' is clicked on&#xD;
&#xD;
2020-06-23 12:39:04 - [MESSAGE][PASSED] - Object: 'Object Repository/Button/signIn' is clicked on&#xD;
&#xD;
2020-06-23 12:39:04 - [TEST_STEP][PASSED] - if (!(waitForElementPresent(findTestObject("Button/createBot"), 30, OPTIONAL))): Object 'Object Repository/Button/createBot' is present&#xD;
&#xD;
2020-06-23 12:39:21 - [MESSAGE][PASSED] - Object 'Object Repository/Button/createBot' is present&#xD;
&#xD;
2020-06-23 12:39:21 - [MESSAGE][PASSED] - Call Test Case 'Test Cases/Generic/successfulLogin_Test' successfully&#xD;
&#xD;
2020-06-23 12:39:21 - [TEST_STEP][PASSED] - platform.Method.toClickOnWebElement(findTestObject("Generic/webObjectWithText", ["textValue":"Pipeline bots"])): platform.Method.toClickOnWebElement is PASSED&#xD;
&#xD;
2020-06-23 12:39:24 - [MESSAGE][PASSED] - Object: 'Object Repository/Generic/webObjectWithText' is clicked on&#xD;
&#xD;
2020-06-23 12:39:24 - [MESSAGE][PASSED] - platform.Method.toClickOnWebElement is PASSED&#xD;
&#xD;
2020-06-23 12:39:24 - [TEST_STEP][PASSED] - platform.Method.toClickOnWebElement(findTestObject("Button/createBot")): platform.Method.toClickOnWebElement is PASSED&#xD;
&#xD;
2020-06-23 12:39:27 - [MESSAGE][PASSED] - Object: 'Object Repository/Button/createBot' is clicked on&#xD;
&#xD;
2020-06-23 12:39:27 - [MESSAGE][PASSED] - platform.Method.toClickOnWebElement is PASSED&#xD;
&#xD;
2020-06-23 12:39:27 - [TEST_STEP][PASSED] - sendKeys(findTestObject("Input/botName"), nameOfTheBot): Keys 'New PipelineForQA' sent to object: 'Object Repository/Input/botName'&#xD;
&#xD;
2020-06-23 12:39:30 - [MESSAGE][PASSED] - Keys 'New PipelineForQA' sent to object: 'Object Repository/Input/botName'&#xD;
&#xD;
2020-06-23 12:39:30 - [TEST_STEP][PASSED] - platform.Method.toClickOnWebElement(findTestObject("Button/done")): platform.Method.toClickOnWebElement is PASSED&#xD;
&#xD;
2020-06-23 12:39:33 - [MESSAGE][PASSED] - Object: 'Object Repository/Button/done' is clicked on&#xD;
&#xD;
2020-06-23 12:39:33 - [MESSAGE][PASSED] - platform.Method.toClickOnWebElement is PASSED</system-out>
            <system-err></system-err>
        </testcase>
        <testcase name="Test Cases/Generic/forgotPasswordLink_Test" classname="Test Cases/Generic/forgotPasswordLink_Test" status="PASSED">
            <system-out>2020-06-23 12:39:33 - [TEST_CASE][PASSED] - Test Cases/Generic/forgotPasswordLink_Test: Test Cases/Generic/forgotPasswordLink_Test&#xD;
&#xD;
2020-06-23 12:39:33 - [TEST_STEP][PASSED] - Start listener action : setUp: Current window maximized&#xD;
&#xD;
2020-06-23 12:39:33 - [TEST_STEP][PASSED] - openBrowser(URL): Browser is opened with url: 'preprod.imibot.ai'&#xD;
&#xD;
2020-06-23 12:39:33 - [MESSAGE][WARNING] - A browser is already opened. Closing browser and opening a new one&#xD;
&#xD;
2020-06-23 12:39:35 - [MESSAGE][INFO] - Starting 'Chrome' driver&#xD;
&#xD;
2020-06-23 12:39:35 - [MESSAGE][INFO] - User set preference: ['args', '[--start-maximized]']&#xD;
&#xD;
2020-06-23 12:39:45 - [MESSAGE][PASSED] - Browser is opened with url: 'preprod.imibot.ai'&#xD;
&#xD;
2020-06-23 12:39:45 - [TEST_STEP][PASSED] - maximizeWindow(): Current window maximized&#xD;
&#xD;
2020-06-23 12:39:47 - [MESSAGE][PASSED] - Current window maximized&#xD;
&#xD;
2020-06-23 12:39:48 - [TEST_STEP][PASSED] - platform.Method.toClickOnWebElement(findTestObject("GenericII/changePasswordLink")): platform.Method.toClickOnWebElement is PASSED&#xD;
&#xD;
2020-06-23 12:39:50 - [MESSAGE][PASSED] - Object: 'Object Repository/GenericII/changePasswordLink' is clicked on&#xD;
&#xD;
2020-06-23 12:39:50 - [MESSAGE][PASSED] - platform.Method.toClickOnWebElement is PASSED&#xD;
&#xD;
2020-06-23 12:39:50 - [TEST_STEP][PASSED] - verifyElementText(findTestObject("GenericII/forgetHeader"), "Forgot password?", STOP_ON_FAILURE): Actual text and expected text of test object 'Object Repository/GenericII/forgetHeader' are matched.&#xD;
&#xD;
2020-06-23 12:39:52 - [MESSAGE][PASSED] - Actual text and expected text of test object 'Object Repository/GenericII/forgetHeader' are matched.&#xD;
&#xD;
2020-06-23 12:39:52 - [TEST_STEP][PASSED] - sendKeys(findTestObject("Input/email"), USERNAME): Keys 'narendra.n@imimobile.com' sent to object: 'Object Repository/Input/email'&#xD;
&#xD;
2020-06-23 12:39:55 - [MESSAGE][PASSED] - Keys 'narendra.n@imimobile.com' sent to object: 'Object Repository/Input/email'&#xD;
&#xD;
2020-06-23 12:39:55 - [TEST_STEP][PASSED] - verifyElementClickable(findTestObject("GenericII/resetEmailBtn"), STOP_ON_FAILURE): Object 'Object Repository/GenericII/resetEmailBtn' is clickable&#xD;
&#xD;
2020-06-23 12:39:57 - [MESSAGE][PASSED] - Object 'Object Repository/GenericII/resetEmailBtn' is clickable&#xD;
&#xD;
2020-06-23 12:39:57 - [TEST_STEP][PASSED] - platform.Method.toClickOnWebElement(findTestObject("GenericII/resetEmailBtn")): platform.Method.toClickOnWebElement is PASSED&#xD;
&#xD;
2020-06-23 12:40:00 - [MESSAGE][PASSED] - Object: 'Object Repository/GenericII/resetEmailBtn' is clicked on&#xD;
&#xD;
2020-06-23 12:40:00 - [MESSAGE][PASSED] - platform.Method.toClickOnWebElement is PASSED&#xD;
&#xD;
2020-06-23 12:40:00 - [TEST_STEP][PASSED] - waitForElementPresent(findTestObject("ICONS/toastMsg"), 20, OPTIONAL): Object 'Object Repository/ICONS/toastMsg' is not present after 20 second(s)&#xD;
&#xD;
2020-06-23 12:40:21 - [MESSAGE][INFO] - Unable to find the element located by 'By.xpath: //simple-snack-bar'. Please recheck the objects properties to make sure the desired element is located. &#xD;
&#xD;
2020-06-23 12:40:21 - [MESSAGE][WARNING] - Object 'Object Repository/ICONS/toastMsg' is not present after 20 second(s)&#xD;
&#xD;
2020-06-23 12:40:21 - [TEST_STEP][PASSED] - verifyElementPresent(findTestObject("GenericII/emailSentIcon"), 5, OPTIONAL): Object 'Object Repository/GenericII/emailSentIcon' is present&#xD;
&#xD;
2020-06-23 12:40:22 - [MESSAGE][PASSED] - Object 'Object Repository/GenericII/emailSentIcon' is present&#xD;
&#xD;
2020-06-23 12:40:22 - [TEST_STEP][PASSED] - verifyElementClickable(findTestObject("GenericII/continueToSignInBtn"), STOP_ON_FAILURE): Object 'Object Repository/GenericII/continueToSignInBtn' is clickable&#xD;
&#xD;
2020-06-23 12:40:24 - [MESSAGE][PASSED] - Object 'Object Repository/GenericII/continueToSignInBtn' is clickable&#xD;
&#xD;
2020-06-23 12:40:24 - [TEST_STEP][PASSED] - platform.Method.toClickOnWebElement(findTestObject("GenericII/continueToSignInBtn")): platform.Method.toClickOnWebElement is PASSED&#xD;
&#xD;
2020-06-23 12:40:27 - [MESSAGE][PASSED] - Object: 'Object Repository/GenericII/continueToSignInBtn' is clicked on&#xD;
&#xD;
2020-06-23 12:40:27 - [MESSAGE][PASSED] - platform.Method.toClickOnWebElement is PASSED</system-out>
            <system-err></system-err>
        </testcase>
        <testcase name="Test Cases/Generic/botPageAndHeaderAccess_Test" classname="Test Cases/Generic/botPageAndHeaderAccess_Test" status="ERROR">
            <error type="ERROR" message="Test Cases/Generic/botPageAndHeaderAccess_Test FAILED.&#xA;Reason:&#xA;org.codehaus.groovy.runtime.InvokerInvocationException: com.kms.katalon.core.webui.exception.WebElementNotFoundException: Web element with id: 'Object Repository/Generic/webObjectWithText' located by 'By.xpath: //*[contains(text(),'Dashboard')]' not found&#xD;&#xA;&#x9;at platform.Method.invokeMethod(Method.groovy)&#xD;&#xA;&#x9;at com.kms.katalon.core.main.CustomKeywordDelegatingMetaClass.invokeStaticMethod(CustomKeywordDelegatingMetaClass.java:50)&#xD;&#xA;&#x9;at botPageAndHeaderAccess_Test.run(botPageAndHeaderAccess_Test:18)&#xD;&#xA;&#x9;at com.kms.katalon.core.main.ScriptEngine.run(ScriptEngine.java:194)&#xD;&#xA;&#x9;at com.kms.katalon.core.main.ScriptEngine.runScriptAsRawText(ScriptEngine.java:119)&#xD;&#xA;&#x9;at com.kms.katalon.core.main.TestCaseExecutor.runScript(TestCaseExecutor.java:337)&#xD;&#xA;&#x9;at com.kms.katalon.core.main.TestCaseExecutor.doExecute(TestCaseExecutor.java:328)&#xD;&#xA;&#x9;at com.kms.katalon.core.main.TestCaseExecutor.processExecutionPhase(TestCaseExecutor.java:307)&#xD;&#xA;&#x9;at com.kms.katalon.core.main.TestCaseExecutor.accessMainPhase(TestCaseExecutor.java:299)&#xD;&#xA;&#x9;at com.kms.katalon.core.main.TestCaseExecutor.execute(TestCaseExecutor.java:233)&#xD;&#xA;&#x9;at com.kms.katalon.core.main.TestSuiteExecutor.accessTestCaseMainPhase(TestSuiteExecutor.java:169)&#xD;&#xA;&#x9;at com.kms.katalon.core.main.TestSuiteExecutor.accessTestSuiteMainPhase(TestSuiteExecutor.java:142)&#xD;&#xA;&#x9;at com.kms.katalon.core.main.TestSuiteExecutor.execute(TestSuiteExecutor.java:91)&#xD;&#xA;&#x9;at com.kms.katalon.core.main.TestCaseMain.startTestSuite(TestCaseMain.java:157)&#xD;&#xA;&#x9;at com.kms.katalon.core.main.TestCaseMain$startTestSuite$0.call(Unknown Source)&#xD;&#xA;&#x9;at TempTestSuite1592890301834.run(TempTestSuite1592890301834.groovy:35)&#xD;&#xA;Caused by: com.kms.katalon.core.webui.exception.WebElementNotFoundException: Web element with id: 'Object Repository/Generic/webObjectWithText' located by 'By.xpath: //*[contains(text(),'Dashboard')]' not found&#xD;&#xA;&#x9;at com.kms.katalon.core.webui.common.WebUiCommonHelper.findWebElement(WebUiCommonHelper.java:1097)&#xD;&#xA;&#x9;at com.kms.katalon.core.webui.common.WebUiCommonHelper$findWebElement.call(Unknown Source)&#xD;&#xA;&#x9;at platform.Method.clickOnElement(Method.groovy:31)&#xD;&#xA;&#x9;... 16 more&#xD;&#xA;"/>
            <system-out>2020-06-23 12:40:27 - [TEST_CASE][ERROR] - Test Cases/Generic/botPageAndHeaderAccess_Test: Test Cases/Generic/botPageAndHeaderAccess_Test FAILED.
Reason:
org.codehaus.groovy.runtime.InvokerInvocationException: com.kms.katalon.core.webui.exception.WebElementNotFoundException: Web element with id: 'Object Repository/Generic/webObjectWithText' located by 'By.xpath: //*[contains(text(),'Dashboard')]' not found&#xD;
	at platform.Method.invokeMethod(Method.groovy)&#xD;
	at com.kms.katalon.core.main.CustomKeywordDelegatingMetaClass.invokeStaticMethod(CustomKeywordDelegatingMetaClass.java:50)&#xD;
	at botPageAndHeaderAccess_Test.run(botPageAndHeaderAccess_Test:18)&#xD;
	at com.kms.katalon.core.main.ScriptEngine.run(ScriptEngine.java:194)&#xD;
	at com.kms.katalon.core.main.ScriptEngine.runScriptAsRawText(ScriptEngine.java:119)&#xD;
	at com.kms.katalon.core.main.TestCaseExecutor.runScript(TestCaseExecutor.java:337)&#xD;
	at com.kms.katalon.core.main.TestCaseExecutor.doExecute(TestCaseExecutor.java:328)&#xD;
	at com.kms.katalon.core.main.TestCaseExecutor.processExecutionPhase(TestCaseExecutor.java:307)&#xD;
	at com.kms.katalon.core.main.TestCaseExecutor.accessMainPhase(TestCaseExecutor.java:299)&#xD;
	at com.kms.katalon.core.main.TestCaseExecutor.execute(TestCaseExecutor.java:233)&#xD;
	at com.kms.katalon.core.main.TestSuiteExecutor.accessTestCaseMainPhase(TestSuiteExecutor.java:169)&#xD;
	at com.kms.katalon.core.main.TestSuiteExecutor.accessTestSuiteMainPhase(TestSuiteExecutor.java:142)&#xD;
	at com.kms.katalon.core.main.TestSuiteExecutor.execute(TestSuiteExecutor.java:91)&#xD;
	at com.kms.katalon.core.main.TestCaseMain.startTestSuite(TestCaseMain.java:157)&#xD;
	at com.kms.katalon.core.main.TestCaseMain$startTestSuite$0.call(Unknown Source)&#xD;
	at TempTestSuite1592890301834.run(TempTestSuite1592890301834.groovy:35)&#xD;
Caused by: com.kms.katalon.core.webui.exception.WebElementNotFoundException: Web element with id: 'Object Repository/Generic/webObjectWithText' located by 'By.xpath: //*[contains(text(),'Dashboard')]' not found&#xD;
	at com.kms.katalon.core.webui.common.WebUiCommonHelper.findWebElement(WebUiCommonHelper.java:1097)&#xD;
	at com.kms.katalon.core.webui.common.WebUiCommonHelper$findWebElement.call(Unknown Source)&#xD;
	at platform.Method.clickOnElement(Method.groovy:31)&#xD;
	... 16 more&#xD;
&#xD;
&#xD;
2020-06-23 12:40:27 - [TEST_STEP][PASSED] - Start listener action : setUp: Current window maximized&#xD;
&#xD;
2020-06-23 12:40:27 - [TEST_STEP][PASSED] - openBrowser(URL): Browser is opened with url: 'preprod.imibot.ai'&#xD;
&#xD;
2020-06-23 12:40:27 - [MESSAGE][WARNING] - A browser is already opened. Closing browser and opening a new one&#xD;
&#xD;
2020-06-23 12:40:29 - [MESSAGE][INFO] - Starting 'Chrome' driver&#xD;
&#xD;
2020-06-23 12:40:29 - [MESSAGE][INFO] - User set preference: ['args', '[--start-maximized]']&#xD;
&#xD;
2020-06-23 12:40:40 - [MESSAGE][PASSED] - Browser is opened with url: 'preprod.imibot.ai'&#xD;
&#xD;
2020-06-23 12:40:40 - [TEST_STEP][PASSED] - maximizeWindow(): Current window maximized&#xD;
&#xD;
2020-06-23 12:40:42 - [MESSAGE][PASSED] - Current window maximized&#xD;
&#xD;
2020-06-23 12:40:42 - [TEST_STEP][PASSED] - callTestCase(findTestCase("Generic/successfulLogin_Test"), [:], STOP_ON_FAILURE): Call Test Case 'Test Cases/Generic/successfulLogin_Test' successfully&#xD;
&#xD;
2020-06-23 12:40:42 - [TEST_CASE][PASSED] - Test Cases/Generic/successfulLogin_Test: Test Cases/Generic/successfulLogin_Test&#xD;
&#xD;
2020-06-23 12:40:42 - [TEST_STEP][PASSED] - sendKeys(findTestObject("Input/username"), USERNAME): Keys 'narendra.n@imimobile.com' sent to object: 'Object Repository/Input/username'&#xD;
&#xD;
2020-06-23 12:40:45 - [MESSAGE][PASSED] - Keys 'narendra.n@imimobile.com' sent to object: 'Object Repository/Input/username'&#xD;
&#xD;
2020-06-23 12:40:45 - [TEST_STEP][PASSED] - sendKeys(findTestObject("Input/password"), PASSWORD): Keys 'Test@2020' sent to object: 'Object Repository/Input/password'&#xD;
&#xD;
2020-06-23 12:40:48 - [MESSAGE][PASSED] - Keys 'Test@2020' sent to object: 'Object Repository/Input/password'&#xD;
&#xD;
2020-06-23 12:40:48 - [TEST_STEP][PASSED] - click(findTestObject("Button/signIn")): Object: 'Object Repository/Button/signIn' is clicked on&#xD;
&#xD;
2020-06-23 12:40:50 - [MESSAGE][PASSED] - Object: 'Object Repository/Button/signIn' is clicked on&#xD;
&#xD;
2020-06-23 12:40:50 - [TEST_STEP][PASSED] - if (!(waitForElementPresent(findTestObject("Button/createBot"), 30, OPTIONAL))): Wait for page load successfully&#xD;
&#xD;
2020-06-23 12:41:21 - [MESSAGE][INFO] - Unable to find the element located by 'By.xpath: //app-button-wrapper//button'. Please recheck the objects properties to make sure the desired element is located. &#xD;
&#xD;
2020-06-23 12:41:21 - [MESSAGE][WARNING] - Object 'Object Repository/Button/createBot' is not present after 30 second(s)&#xD;
&#xD;
2020-06-23 12:41:21 - [TEST_STEP][PASSED] - waitForPageLoad(10): Wait for page load successfully&#xD;
&#xD;
2020-06-23 12:41:22 - [MESSAGE][PASSED] - Wait for page load successfully&#xD;
&#xD;
2020-06-23 12:41:22 - [MESSAGE][PASSED] - Call Test Case 'Test Cases/Generic/successfulLogin_Test' successfully&#xD;
&#xD;
2020-06-23 12:41:22 - [TEST_STEP][ERROR] - platform.Method.clickOnElement(findTestObject("Generic/webObjectWithText", ["textValue":"Dashboard"])): com.kms.katalon.core.webui.exception.WebElementNotFoundException: Web element with id: 'Object Repository/Generic/webObjectWithText' located by 'By.xpath: //*[contains(text(),'Dashboard')]' not found&#xD;
&#xD;
2020-06-23 12:44:25 - [MESSAGE][INFO] - Unable to find the element located by 'By.xpath: //*[contains(text(),'Dashboard')]'. Please recheck the objects properties to make sure the desired element is located. &#xD;
&#xD;
2020-06-23 12:44:25 - [MESSAGE][ERROR] - com.kms.katalon.core.webui.exception.WebElementNotFoundException: Web element with id: 'Object Repository/Generic/webObjectWithText' located by 'By.xpath: //*[contains(text(),'Dashboard')]' not found</system-out>
            <system-err>2020-06-23 12:40:27 - [TEST_CASE][ERROR] - Test Cases/Generic/botPageAndHeaderAccess_Test: Test Cases/Generic/botPageAndHeaderAccess_Test FAILED.
Reason:
org.codehaus.groovy.runtime.InvokerInvocationException: com.kms.katalon.core.webui.exception.WebElementNotFoundException: Web element with id: 'Object Repository/Generic/webObjectWithText' located by 'By.xpath: //*[contains(text(),'Dashboard')]' not found&#xD;
	at platform.Method.invokeMethod(Method.groovy)&#xD;
	at com.kms.katalon.core.main.CustomKeywordDelegatingMetaClass.invokeStaticMethod(CustomKeywordDelegatingMetaClass.java:50)&#xD;
	at botPageAndHeaderAccess_Test.run(botPageAndHeaderAccess_Test:18)&#xD;
	at com.kms.katalon.core.main.ScriptEngine.run(ScriptEngine.java:194)&#xD;
	at com.kms.katalon.core.main.ScriptEngine.runScriptAsRawText(ScriptEngine.java:119)&#xD;
	at com.kms.katalon.core.main.TestCaseExecutor.runScript(TestCaseExecutor.java:337)&#xD;
	at com.kms.katalon.core.main.TestCaseExecutor.doExecute(TestCaseExecutor.java:328)&#xD;
	at com.kms.katalon.core.main.TestCaseExecutor.processExecutionPhase(TestCaseExecutor.java:307)&#xD;
	at com.kms.katalon.core.main.TestCaseExecutor.accessMainPhase(TestCaseExecutor.java:299)&#xD;
	at com.kms.katalon.core.main.TestCaseExecutor.execute(TestCaseExecutor.java:233)&#xD;
	at com.kms.katalon.core.main.TestSuiteExecutor.accessTestCaseMainPhase(TestSuiteExecutor.java:169)&#xD;
	at com.kms.katalon.core.main.TestSuiteExecutor.accessTestSuiteMainPhase(TestSuiteExecutor.java:142)&#xD;
	at com.kms.katalon.core.main.TestSuiteExecutor.execute(TestSuiteExecutor.java:91)&#xD;
	at com.kms.katalon.core.main.TestCaseMain.startTestSuite(TestCaseMain.java:157)&#xD;
	at com.kms.katalon.core.main.TestCaseMain$startTestSuite$0.call(Unknown Source)&#xD;
	at TempTestSuite1592890301834.run(TempTestSuite1592890301834.groovy:35)&#xD;
Caused by: com.kms.katalon.core.webui.exception.WebElementNotFoundException: Web element with id: 'Object Repository/Generic/webObjectWithText' located by 'By.xpath: //*[contains(text(),'Dashboard')]' not found&#xD;
	at com.kms.katalon.core.webui.common.WebUiCommonHelper.findWebElement(WebUiCommonHelper.java:1097)&#xD;
	at com.kms.katalon.core.webui.common.WebUiCommonHelper$findWebElement.call(Unknown Source)&#xD;
	at platform.Method.clickOnElement(Method.groovy:31)&#xD;
	... 16 more</system-err>
        </testcase>
        <testcase name="Test Cases/Generic/adminUserDetailsAndEnterpriseOption_Test" classname="Test Cases/Generic/adminUserDetailsAndEnterpriseOption_Test" status="ERROR">
            <error type="ERROR" message="Test Cases/Generic/adminUserDetailsAndEnterpriseOption_Test FAILED.&#xA;Reason:&#xA;org.codehaus.groovy.runtime.typehandling.GroovyCastException: Cannot cast object '[[[CChromeDriver: chrome on WINDOWS (8f328a61f7ff592be475f2c1f8df59d6)] -&gt; xpath: //a[@data-cy='header-enterprise-profile']]]' with class 'java.util.ArrayList' to class 'org.openqa.selenium.WebElement' due to: groovy.lang.GroovyRuntimeException: Could not find matching constructor for: org.openqa.selenium.WebElement(org.openqa.selenium.remote.RemoteWebElement)&#xD;&#xA;&#x9;at platform.Method.toClickOnWebElement(Method.groovy:44)&#xD;&#xA;&#x9;at platform.Method.invokeMethod(Method.groovy)&#xD;&#xA;&#x9;at com.kms.katalon.core.main.CustomKeywordDelegatingMetaClass.invokeStaticMethod(CustomKeywordDelegatingMetaClass.java:50)&#xD;&#xA;&#x9;at adminUserDetailsAndEnterpriseOption_Test.run(adminUserDetailsAndEnterpriseOption_Test:28)&#xD;&#xA;&#x9;at com.kms.katalon.core.main.ScriptEngine.run(ScriptEngine.java:194)&#xD;&#xA;&#x9;at com.kms.katalon.core.main.ScriptEngine.runScriptAsRawText(ScriptEngine.java:119)&#xD;&#xA;&#x9;at com.kms.katalon.core.main.TestCaseExecutor.runScript(TestCaseExecutor.java:337)&#xD;&#xA;&#x9;at com.kms.katalon.core.main.TestCaseExecutor.doExecute(TestCaseExecutor.java:328)&#xD;&#xA;&#x9;at com.kms.katalon.core.main.TestCaseExecutor.processExecutionPhase(TestCaseExecutor.java:307)&#xD;&#xA;&#x9;at com.kms.katalon.core.main.TestCaseExecutor.accessMainPhase(TestCaseExecutor.java:299)&#xD;&#xA;&#x9;at com.kms.katalon.core.main.TestCaseExecutor.execute(TestCaseExecutor.java:233)&#xD;&#xA;&#x9;at com.kms.katalon.core.main.TestSuiteExecutor.accessTestCaseMainPhase(TestSuiteExecutor.java:169)&#xD;&#xA;&#x9;at com.kms.katalon.core.main.TestSuiteExecutor.accessTestSuiteMainPhase(TestSuiteExecutor.java:142)&#xD;&#xA;&#x9;at com.kms.katalon.core.main.TestSuiteExecutor.execute(TestSuiteExecutor.java:91)&#xD;&#xA;&#x9;at com.kms.katalon.core.main.TestCaseMain.startTestSuite(TestCaseMain.java:157)&#xD;&#xA;&#x9;at com.kms.katalon.core.main.TestCaseMain$startTestSuite$0.call(Unknown Source)&#xD;&#xA;&#x9;at TempTestSuite1592890301834.run(TempTestSuite1592890301834.groovy:35)&#xD;&#xA;"/>
            <system-out>2020-06-23 12:44:25 - [TEST_CASE][ERROR] - Test Cases/Generic/adminUserDetailsAndEnterpriseOption_Test: Test Cases/Generic/adminUserDetailsAndEnterpriseOption_Test FAILED.
Reason:
org.codehaus.groovy.runtime.typehandling.GroovyCastException: Cannot cast object '[[[CChromeDriver: chrome on WINDOWS (8f328a61f7ff592be475f2c1f8df59d6)] -&gt; xpath: //a[@data-cy='header-enterprise-profile']]]' with class 'java.util.ArrayList' to class 'org.openqa.selenium.WebElement' due to: groovy.lang.GroovyRuntimeException: Could not find matching constructor for: org.openqa.selenium.WebElement(org.openqa.selenium.remote.RemoteWebElement)&#xD;
	at platform.Method.toClickOnWebElement(Method.groovy:44)&#xD;
	at platform.Method.invokeMethod(Method.groovy)&#xD;
	at com.kms.katalon.core.main.CustomKeywordDelegatingMetaClass.invokeStaticMethod(CustomKeywordDelegatingMetaClass.java:50)&#xD;
	at adminUserDetailsAndEnterpriseOption_Test.run(adminUserDetailsAndEnterpriseOption_Test:28)&#xD;
	at com.kms.katalon.core.main.ScriptEngine.run(ScriptEngine.java:194)&#xD;
	at com.kms.katalon.core.main.ScriptEngine.runScriptAsRawText(ScriptEngine.java:119)&#xD;
	at com.kms.katalon.core.main.TestCaseExecutor.runScript(TestCaseExecutor.java:337)&#xD;
	at com.kms.katalon.core.main.TestCaseExecutor.doExecute(TestCaseExecutor.java:328)&#xD;
	at com.kms.katalon.core.main.TestCaseExecutor.processExecutionPhase(TestCaseExecutor.java:307)&#xD;
	at com.kms.katalon.core.main.TestCaseExecutor.accessMainPhase(TestCaseExecutor.java:299)&#xD;
	at com.kms.katalon.core.main.TestCaseExecutor.execute(TestCaseExecutor.java:233)&#xD;
	at com.kms.katalon.core.main.TestSuiteExecutor.accessTestCaseMainPhase(TestSuiteExecutor.java:169)&#xD;
	at com.kms.katalon.core.main.TestSuiteExecutor.accessTestSuiteMainPhase(TestSuiteExecutor.java:142)&#xD;
	at com.kms.katalon.core.main.TestSuiteExecutor.execute(TestSuiteExecutor.java:91)&#xD;
	at com.kms.katalon.core.main.TestCaseMain.startTestSuite(TestCaseMain.java:157)&#xD;
	at com.kms.katalon.core.main.TestCaseMain$startTestSuite$0.call(Unknown Source)&#xD;
	at TempTestSuite1592890301834.run(TempTestSuite1592890301834.groovy:35)&#xD;
&#xD;
&#xD;
2020-06-23 12:44:25 - [TEST_STEP][PASSED] - Start listener action : setUp: Current window maximized&#xD;
&#xD;
2020-06-23 12:44:25 - [TEST_STEP][PASSED] - openBrowser(URL): Browser is opened with url: 'preprod.imibot.ai'&#xD;
&#xD;
2020-06-23 12:44:25 - [MESSAGE][WARNING] - A browser is already opened. Closing browser and opening a new one&#xD;
&#xD;
2020-06-23 12:44:27 - [MESSAGE][INFO] - Starting 'Chrome' driver&#xD;
&#xD;
2020-06-23 12:44:27 - [MESSAGE][INFO] - User set preference: ['args', '[--start-maximized]']&#xD;
&#xD;
2020-06-23 12:44:38 - [MESSAGE][PASSED] - Browser is opened with url: 'preprod.imibot.ai'&#xD;
&#xD;
2020-06-23 12:44:38 - [TEST_STEP][PASSED] - maximizeWindow(): Current window maximized&#xD;
&#xD;
2020-06-23 12:44:40 - [MESSAGE][PASSED] - Current window maximized&#xD;
&#xD;
2020-06-23 12:44:41 - [TEST_STEP][PASSED] - callTestCase(findTestCase("Generic/successfulLogin_Test"), [:], STOP_ON_FAILURE): Call Test Case 'Test Cases/Generic/successfulLogin_Test' successfully&#xD;
&#xD;
2020-06-23 12:44:41 - [TEST_CASE][PASSED] - Test Cases/Generic/successfulLogin_Test: Test Cases/Generic/successfulLogin_Test&#xD;
&#xD;
2020-06-23 12:44:41 - [TEST_STEP][PASSED] - sendKeys(findTestObject("Input/username"), USERNAME): Keys 'narendra.n@imimobile.com' sent to object: 'Object Repository/Input/username'&#xD;
&#xD;
2020-06-23 12:44:44 - [MESSAGE][PASSED] - Keys 'narendra.n@imimobile.com' sent to object: 'Object Repository/Input/username'&#xD;
&#xD;
2020-06-23 12:44:44 - [TEST_STEP][PASSED] - sendKeys(findTestObject("Input/password"), PASSWORD): Keys 'Test@2020' sent to object: 'Object Repository/Input/password'&#xD;
&#xD;
2020-06-23 12:44:46 - [MESSAGE][PASSED] - Keys 'Test@2020' sent to object: 'Object Repository/Input/password'&#xD;
&#xD;
2020-06-23 12:44:46 - [TEST_STEP][PASSED] - click(findTestObject("Button/signIn")): Object: 'Object Repository/Button/signIn' is clicked on&#xD;
&#xD;
2020-06-23 12:44:49 - [MESSAGE][PASSED] - Object: 'Object Repository/Button/signIn' is clicked on&#xD;
&#xD;
2020-06-23 12:44:49 - [TEST_STEP][PASSED] - if (!(waitForElementPresent(findTestObject("Button/createBot"), 30, OPTIONAL))): Object 'Object Repository/Button/createBot' is present&#xD;
&#xD;
2020-06-23 12:45:06 - [MESSAGE][PASSED] - Object 'Object Repository/Button/createBot' is present&#xD;
&#xD;
2020-06-23 12:45:06 - [MESSAGE][PASSED] - Call Test Case 'Test Cases/Generic/successfulLogin_Test' successfully&#xD;
&#xD;
2020-06-23 12:45:06 - [TEST_STEP][PASSED] - verifyElementText(findTestObject("Generic/enterpriseName"), ENTERPRISE_NAME, OPTIONAL): Actual text and expected text of test object 'Object Repository/Generic/enterpriseName' are matched.&#xD;
&#xD;
2020-06-23 12:45:09 - [MESSAGE][PASSED] - Actual text and expected text of test object 'Object Repository/Generic/enterpriseName' are matched.&#xD;
&#xD;
2020-06-23 12:45:09 - [TEST_STEP][PASSED] - verifyElementText(findTestObject("Generic/userDesgination"), USER_DESIGNATION, OPTIONAL): Actual text and expected text of test object 'Object Repository/Generic/userDesgination' are matched.&#xD;
&#xD;
2020-06-23 12:45:11 - [MESSAGE][PASSED] - Actual text and expected text of test object 'Object Repository/Generic/userDesgination' are matched.&#xD;
&#xD;
2020-06-23 12:45:11 - [TEST_STEP][PASSED] - verifyElementPresent(findTestObject("Generic/enterpriseIcon"), 5, STOP_ON_FAILURE): Object 'Object Repository/Generic/enterpriseIcon' is present&#xD;
&#xD;
2020-06-23 12:45:12 - [MESSAGE][PASSED] - Object 'Object Repository/Generic/enterpriseIcon' is present&#xD;
&#xD;
2020-06-23 12:45:12 - [TEST_STEP][PASSED] - verifyElementText(findTestObject("Generic/userInitials"), USER_INITIALS, STOP_ON_FAILURE): Actual text and expected text of test object 'Object Repository/Generic/userInitials' are matched.&#xD;
&#xD;
2020-06-23 12:45:14 - [MESSAGE][PASSED] - Actual text and expected text of test object 'Object Repository/Generic/userInitials' are matched.&#xD;
&#xD;
2020-06-23 12:45:14 - [TEST_STEP][PASSED] - platform.Method.toClickOnWebElement(findTestObject("Button/enterpriseDropdown")): platform.Method.toClickOnWebElement is PASSED&#xD;
&#xD;
2020-06-23 12:45:22 - [MESSAGE][PASSED] - Object: 'Object Repository/Button/enterpriseDropdown' is clicked on&#xD;
&#xD;
2020-06-23 12:45:22 - [MESSAGE][PASSED] - platform.Method.toClickOnWebElement is PASSED&#xD;
&#xD;
2020-06-23 12:45:22 - [TEST_STEP][ERROR] - platform.Method.toClickOnWebElement(findTestObject("Button/eProfile")): Cannot cast object '[[[CChromeDriver: chrome on WINDOWS (8f328a61f7ff592be475f2c1f8df59d6)] -&gt; xpath: //a[@data-cy='header-enterprise-profile']]]' with class 'java.util.ArrayList' to class 'org.openqa.selenium.WebElement' due to: groovy.lang.GroovyRuntimeException: Could not find matching constructor for: org.openqa.selenium.WebElement(org.openqa.selenium.remote.RemoteWebElement)&#xD;
&#xD;
2020-06-23 12:45:28 - [MESSAGE][FAILED] - Unable to click on object 'Object Repository/Button/eProfile' (Root cause: com.kms.katalon.core.exception.StepFailedException: Unable to click on object 'Object Repository/Button/eProfile'&#xD;
	at com.kms.katalon.core.webui.keyword.internal.WebUIKeywordMain.stepFailed(WebUIKeywordMain.groovy:64)&#xD;
	at com.kms.katalon.core.webui.keyword.internal.WebUIKeywordMain.runKeyword(WebUIKeywordMain.groovy:26)&#xD;
	at com.kms.katalon.core.webui.keyword.builtin.ClickKeyword.click(ClickKeyword.groovy:86)&#xD;
	at com.kms.katalon.core.webui.keyword.builtin.ClickKeyword.execute(ClickKeyword.groovy:67)&#xD;
	at com.kms.katalon.core.keyword.internal.KeywordExecutor.executeKeywordForPlatform(KeywordExecutor.groovy:56)&#xD;
	at com.kms.katalon.core.webui.keyword.WebUiBuiltInKeywords.click(WebUiBuiltInKeywords.groovy:616)&#xD;
	at com.kms.katalon.core.webui.keyword.WebUiBuiltInKeywords$click$3.call(Unknown Source)&#xD;
	at platform.Method.toClickOnWebElement(Method.groovy:42)&#xD;
	at platform.Method.invokeMethod(Method.groovy)&#xD;
	at com.kms.katalon.core.main.CustomKeywordDelegatingMetaClass.invokeStaticMethod(CustomKeywordDelegatingMetaClass.java:50)&#xD;
	at adminUserDetailsAndEnterpriseOption_Test.run(adminUserDetailsAndEnterpriseOption_Test:28)&#xD;
	at com.kms.katalon.core.main.ScriptEngine.run(ScriptEngine.java:194)&#xD;
	at com.kms.katalon.core.main.ScriptEngine.runScriptAsRawText(ScriptEngine.java:119)&#xD;
	at com.kms.katalon.core.main.TestCaseExecutor.runScript(TestCaseExecutor.java:337)&#xD;
	at com.kms.katalon.core.main.TestCaseExecutor.doExecute(TestCaseExecutor.java:328)&#xD;
	at com.kms.katalon.core.main.TestCaseExecutor.processExecutionPhase(TestCaseExecutor.java:307)&#xD;
	at com.kms.katalon.core.main.TestCaseExecutor.accessMainPhase(TestCaseExecutor.java:299)&#xD;
	at com.kms.katalon.core.main.TestCaseExecutor.execute(TestCaseExecutor.java:233)&#xD;
	at com.kms.katalon.core.main.TestSuiteExecutor.accessTestCaseMainPhase(TestSuiteExecutor.java:169)&#xD;
	at com.kms.katalon.core.main.TestSuiteExecutor.accessTestSuiteMainPhase(TestSuiteExecutor.java:142)&#xD;
	at com.kms.katalon.core.main.TestSuiteExecutor.execute(TestSuiteExecutor.java:91)&#xD;
	at com.kms.katalon.core.main.TestCaseMain.startTestSuite(TestCaseMain.java:157)&#xD;
	at com.kms.katalon.core.main.TestCaseMain$startTestSuite$0.call(Unknown Source)&#xD;
	at TempTestSuite1592890301834.run(TempTestSuite1592890301834.groovy:35)&#xD;
Caused by: org.openqa.selenium.ElementClickInterceptedException: element click intercepted: Element &lt;a _ngcontent-wfc-c7="" class="header-dropdown-item mat-menu-item ng-star-inserted" data-cy="header-enterprise-profile" mat-menu-item="" routerlinkactive="highlight-nav-item" href="/static/core/enterpriseprofile" role="menuitem" tabindex="0" aria-disabled="false"&gt;...&lt;/a&gt; is not clickable at point (1281, 101). Other element would receive the click: &lt;div id="cdk-overlay-0" class="cdk-overlay-pane" style="pointer-events: auto; position: static;"&gt;...&lt;/div&gt;
  (Session info: chrome=83.0.4103.106)
Build info: version: '3.141.59', revision: 'e82be7d358', time: '2018-11-14T08:25:53'
System info: host: 'WLPT580', ip: '192.168.43.195', os.name: 'Windows 8.1', os.arch: 'amd64', os.version: '6.3', java.version: '1.8.0_181'
Driver info: com.kms.katalon.selenium.driver.CChromeDriver
Capabilities {acceptInsecureCerts: false, browserName: chrome, browserVersion: 83.0.4103.106, chrome: {chromedriverVersion: 83.0.4103.39 (ccbf011cb2d2b..., userDataDir: C:\Users\narendra.n\AppData...}, goog:chromeOptions: {debuggerAddress: localhost:56146}, javascriptEnabled: true, networkConnectionEnabled: false, pageLoadStrategy: normal, platform: WINDOWS, platformName: WINDOWS, proxy: Proxy(), setWindowRect: true, strictFileInteractability: false, timeouts: {implicit: 0, pageLoad: 300000, script: 30000}, unhandledPromptBehavior: dismiss and notify, webauthn:virtualAuthenticators: true}
Session ID: 8f328a61f7ff592be475f2c1f8df59d6&#xD;
	at org.openqa.selenium.remote.http.W3CHttpResponseCodec.createException(W3CHttpResponseCodec.java:187)&#xD;
	at org.openqa.selenium.remote.http.W3CHttpResponseCodec.decode(W3CHttpResponseCodec.java:122)&#xD;
	at org.openqa.selenium.remote.http.W3CHttpResponseCodec.decode(W3CHttpResponseCodec.java:49)&#xD;
	at org.openqa.selenium.remote.HttpCommandExecutor.execute(HttpCommandExecutor.java:158)&#xD;
	at org.openqa.selenium.remote.service.DriverCommandExecutor.execute(DriverCommandExecutor.java:83)&#xD;
	at org.openqa.selenium.remote.RemoteWebDriver.execute(RemoteWebDriver.java:552)&#xD;
	at com.kms.katalon.selenium.driver.CChromeDriver.execute(CChromeDriver.java:20)&#xD;
	at org.openqa.selenium.remote.RemoteWebElement.execute(RemoteWebElement.java:285)&#xD;
	at org.openqa.selenium.remote.RemoteWebElement.click(RemoteWebElement.java:84)&#xD;
	at com.kms.katalon.core.webui.keyword.builtin.ClickKeyword$_click_closure1.doCall(ClickKeyword.groovy:79)&#xD;
	at com.kms.katalon.core.webui.keyword.builtin.ClickKeyword$_click_closure1.call(ClickKeyword.groovy)&#xD;
	at com.kms.katalon.core.webui.keyword.internal.WebUIKeywordMain.runKeyword(WebUIKeywordMain.groovy:20)&#xD;
	at com.kms.katalon.core.webui.keyword.builtin.ClickKeyword.click(ClickKeyword.groovy:86)&#xD;
	at com.kms.katalon.core.webui.keyword.builtin.ClickKeyword.execute(ClickKeyword.groovy:67)&#xD;
	at com.kms.katalon.core.keyword.internal.KeywordExecutor.executeKeywordForPlatform(KeywordExecutor.groovy:56)&#xD;
	at com.kms.katalon.core.webui.keyword.WebUiBuiltInKeywords.click(WebUiBuiltInKeywords.groovy:616)&#xD;
	at com.kms.katalon.core.webui.keyword.WebUiBuiltInKeywords$click$3.call(Unknown Source)&#xD;
	at platform.Method.toClickOnWebElement(Method.groovy:42)&#xD;
	at platform.Method.invokeMethod(Method.groovy)&#xD;
	at com.kms.katalon.core.main.CustomKeywordDelegatingMetaClass.invokeStaticMethod(CustomKeywordDelegatingMetaClass.java:50)&#xD;
	at Script1591878486462.run(Script1591878486462.groovy:28)&#xD;
	... 13 more&#xD;
)&#xD;
[[ATTACHMENT|D:\\IMIbot.ai-Project\\Reports\\20200623_110141\\Regression\\20200623_110141\\1592896525663.png]]&#xD;
&#xD;
2020-06-23 12:45:29 - [MESSAGE][ERROR] - Cannot cast object '[[[CChromeDriver: chrome on WINDOWS (8f328a61f7ff592be475f2c1f8df59d6)] -&gt; xpath: //a[@data-cy='header-enterprise-profile']]]' with class 'java.util.ArrayList' to class 'org.openqa.selenium.WebElement' due to: groovy.lang.GroovyRuntimeException: Could not find matching constructor for: org.openqa.selenium.WebElement(org.openqa.selenium.remote.RemoteWebElement)</system-out>
            <system-err>2020-06-23 12:44:25 - [TEST_CASE][ERROR] - Test Cases/Generic/adminUserDetailsAndEnterpriseOption_Test: Test Cases/Generic/adminUserDetailsAndEnterpriseOption_Test FAILED.
Reason:
org.codehaus.groovy.runtime.typehandling.GroovyCastException: Cannot cast object '[[[CChromeDriver: chrome on WINDOWS (8f328a61f7ff592be475f2c1f8df59d6)] -&gt; xpath: //a[@data-cy='header-enterprise-profile']]]' with class 'java.util.ArrayList' to class 'org.openqa.selenium.WebElement' due to: groovy.lang.GroovyRuntimeException: Could not find matching constructor for: org.openqa.selenium.WebElement(org.openqa.selenium.remote.RemoteWebElement)&#xD;
	at platform.Method.toClickOnWebElement(Method.groovy:44)&#xD;
	at platform.Method.invokeMethod(Method.groovy)&#xD;
	at com.kms.katalon.core.main.CustomKeywordDelegatingMetaClass.invokeStaticMethod(CustomKeywordDelegatingMetaClass.java:50)&#xD;
	at adminUserDetailsAndEnterpriseOption_Test.run(adminUserDetailsAndEnterpriseOption_Test:28)&#xD;
	at com.kms.katalon.core.main.ScriptEngine.run(ScriptEngine.java:194)&#xD;
	at com.kms.katalon.core.main.ScriptEngine.runScriptAsRawText(ScriptEngine.java:119)&#xD;
	at com.kms.katalon.core.main.TestCaseExecutor.runScript(TestCaseExecutor.java:337)&#xD;
	at com.kms.katalon.core.main.TestCaseExecutor.doExecute(TestCaseExecutor.java:328)&#xD;
	at com.kms.katalon.core.main.TestCaseExecutor.processExecutionPhase(TestCaseExecutor.java:307)&#xD;
	at com.kms.katalon.core.main.TestCaseExecutor.accessMainPhase(TestCaseExecutor.java:299)&#xD;
	at com.kms.katalon.core.main.TestCaseExecutor.execute(TestCaseExecutor.java:233)&#xD;
	at com.kms.katalon.core.main.TestSuiteExecutor.accessTestCaseMainPhase(TestSuiteExecutor.java:169)&#xD;
	at com.kms.katalon.core.main.TestSuiteExecutor.accessTestSuiteMainPhase(TestSuiteExecutor.java:142)&#xD;
	at com.kms.katalon.core.main.TestSuiteExecutor.execute(TestSuiteExecutor.java:91)&#xD;
	at com.kms.katalon.core.main.TestCaseMain.startTestSuite(TestCaseMain.java:157)&#xD;
	at com.kms.katalon.core.main.TestCaseMain$startTestSuite$0.call(Unknown Source)&#xD;
	at TempTestSuite1592890301834.run(TempTestSuite1592890301834.groovy:35)</system-err>
        </testcase>
        <testcase name="Test Cases/Generic/adminServiceKeyFunctionality_Test" classname="Test Cases/Generic/adminServiceKeyFunctionality_Test" status="PASSED">
            <system-out>2020-06-23 12:45:29 - [TEST_CASE][PASSED] - Test Cases/Generic/adminServiceKeyFunctionality_Test: Test Cases/Generic/adminServiceKeyFunctionality_Test&#xD;
&#xD;
2020-06-23 12:45:29 - [TEST_STEP][PASSED] - Start listener action : setUp: Current window maximized&#xD;
&#xD;
2020-06-23 12:45:29 - [TEST_STEP][PASSED] - openBrowser(URL): Browser is opened with url: 'preprod.imibot.ai'&#xD;
&#xD;
2020-06-23 12:45:29 - [MESSAGE][WARNING] - A browser is already opened. Closing browser and opening a new one&#xD;
&#xD;
2020-06-23 12:45:31 - [MESSAGE][INFO] - Starting 'Chrome' driver&#xD;
&#xD;
2020-06-23 12:45:31 - [MESSAGE][INFO] - User set preference: ['args', '[--start-maximized]']&#xD;
&#xD;
2020-06-23 12:45:43 - [MESSAGE][PASSED] - Browser is opened with url: 'preprod.imibot.ai'&#xD;
&#xD;
2020-06-23 12:45:43 - [TEST_STEP][PASSED] - maximizeWindow(): Current window maximized&#xD;
&#xD;
2020-06-23 12:45:46 - [MESSAGE][PASSED] - Current window maximized&#xD;
&#xD;
2020-06-23 12:45:46 - [TEST_STEP][PASSED] - callTestCase(findTestCase("Generic/successfulLogin_Test"), [:], STOP_ON_FAILURE): Call Test Case 'Test Cases/Generic/successfulLogin_Test' successfully&#xD;
&#xD;
2020-06-23 12:45:46 - [TEST_CASE][PASSED] - Test Cases/Generic/successfulLogin_Test: Test Cases/Generic/successfulLogin_Test&#xD;
&#xD;
2020-06-23 12:45:46 - [TEST_STEP][PASSED] - sendKeys(findTestObject("Input/username"), USERNAME): Keys 'narendra.n@imimobile.com' sent to object: 'Object Repository/Input/username'&#xD;
&#xD;
2020-06-23 12:45:49 - [MESSAGE][PASSED] - Keys 'narendra.n@imimobile.com' sent to object: 'Object Repository/Input/username'&#xD;
&#xD;
2020-06-23 12:45:49 - [TEST_STEP][PASSED] - sendKeys(findTestObject("Input/password"), PASSWORD): Keys 'Test@2020' sent to object: 'Object Repository/Input/password'&#xD;
&#xD;
2020-06-23 12:45:51 - [MESSAGE][PASSED] - Keys 'Test@2020' sent to object: 'Object Repository/Input/password'&#xD;
&#xD;
2020-06-23 12:45:51 - [TEST_STEP][PASSED] - click(findTestObject("Button/signIn")): Object: 'Object Repository/Button/signIn' is clicked on&#xD;
&#xD;
2020-06-23 12:45:54 - [MESSAGE][PASSED] - Object: 'Object Repository/Button/signIn' is clicked on&#xD;
&#xD;
2020-06-23 12:45:54 - [TEST_STEP][PASSED] - if (!(waitForElementPresent(findTestObject("Button/createBot"), 30, OPTIONAL))): Object 'Object Repository/Button/createBot' is present&#xD;
&#xD;
2020-06-23 12:46:11 - [MESSAGE][PASSED] - Object 'Object Repository/Button/createBot' is present&#xD;
&#xD;
2020-06-23 12:46:11 - [MESSAGE][PASSED] - Call Test Case 'Test Cases/Generic/successfulLogin_Test' successfully&#xD;
&#xD;
2020-06-23 12:46:11 - [TEST_STEP][PASSED] - platform.Method.clickOnElement(findTestObject("Button/enterpriseDropdown")): platform.Method.clickOnElement is PASSED&#xD;
&#xD;
2020-06-23 12:46:13 - [MESSAGE][PASSED] - platform.Method.clickOnElement is PASSED&#xD;
&#xD;
2020-06-23 12:46:13 - [TEST_STEP][PASSED] - platform.Method.clickOnElement(findTestObject("Generic/webObjectWithText", ["textValue":"Enterprise profile"])): platform.Method.clickOnElement is PASSED&#xD;
&#xD;
2020-06-23 12:46:18 - [MESSAGE][PASSED] - platform.Method.clickOnElement is PASSED&#xD;
&#xD;
2020-06-23 12:46:18 - [TEST_STEP][PASSED] - platform.Method.clickOnElement(findTestObject("Button/newToken")): platform.Method.clickOnElement is PASSED&#xD;
&#xD;
2020-06-23 12:46:21 - [MESSAGE][PASSED] - platform.Method.clickOnElement is PASSED&#xD;
&#xD;
2020-06-23 12:46:21 - [TEST_STEP][PASSED] - description = now().toString(): null&#xD;
&#xD;
2020-06-23 12:46:21 - [TEST_STEP][PASSED] - sendKeys(findTestObject("Input/newTokenDescription"), description): Keys '2020-06-23' sent to object: 'Object Repository/Input/newTokenDescription'&#xD;
&#xD;
2020-06-23 12:46:23 - [MESSAGE][PASSED] - Keys '2020-06-23' sent to object: 'Object Repository/Input/newTokenDescription'&#xD;
&#xD;
2020-06-23 12:46:23 - [TEST_STEP][PASSED] - platform.Method.clickOnElement(findTestObject("Button/create")): platform.Method.clickOnElement is PASSED&#xD;
&#xD;
2020-06-23 12:46:26 - [MESSAGE][PASSED] - platform.Method.clickOnElement is PASSED&#xD;
&#xD;
2020-06-23 12:46:26 - [TEST_STEP][PASSED] - listOfServiceKeys = findWebElements(findTestObject("GenericII/serviceKeyList"), 5): null&#xD;
&#xD;
2020-06-23 12:46:27 - [TEST_STEP][PASSED] - assert getText().contentEquals(description) == true: null&#xD;
&#xD;
2020-06-23 12:46:28 - [TEST_STEP][PASSED] - platform.Method.clickOnElement(findTestObject("GenericII/deleteServiceKey", ["index":1])): platform.Method.clickOnElement is PASSED&#xD;
&#xD;
2020-06-23 12:46:30 - [MESSAGE][PASSED] - platform.Method.clickOnElement is PASSED&#xD;
&#xD;
2020-06-23 12:46:30 - [TEST_STEP][PASSED] - platform.Method.clickOnElement(findTestObject("Button/expire")): platform.Method.clickOnElement is PASSED&#xD;
&#xD;
2020-06-23 12:46:33 - [MESSAGE][PASSED] - platform.Method.clickOnElement is PASSED&#xD;
&#xD;
2020-06-23 12:46:33 - [TEST_STEP][PASSED] - platform.Method.toClickOnWebElement(findTestObject("Generic/webObjectWithText", ["textValue":"Expired"])): platform.Method.toClickOnWebElement is PASSED&#xD;
&#xD;
2020-06-23 12:46:36 - [MESSAGE][PASSED] - Object: 'Object Repository/Generic/webObjectWithText' is clicked on&#xD;
&#xD;
2020-06-23 12:46:36 - [MESSAGE][PASSED] - platform.Method.toClickOnWebElement is PASSED&#xD;
&#xD;
2020-06-23 12:46:36 - [TEST_STEP][PASSED] - listOfExpiredServiceKeys = findWebElements(findTestObject("GenericII/serviceKeyList"), 5): null&#xD;
&#xD;
2020-06-23 12:46:37 - [TEST_STEP][PASSED] - assert getText().contentEquals(description) == true: null</system-out>
            <system-err></system-err>
        </testcase>
        <testcase name="Test Cases/Generic/adminUserManagement_Test" classname="Test Cases/Generic/adminUserManagement_Test" status="PASSED">
            <system-out>2020-06-23 12:46:38 - [TEST_CASE][PASSED] - Test Cases/Generic/adminUserManagement_Test: Test Cases/Generic/adminUserManagement_Test&#xD;
&#xD;
2020-06-23 12:46:39 - [TEST_STEP][PASSED] - Start listener action : setUp: Current window maximized&#xD;
&#xD;
2020-06-23 12:46:39 - [TEST_STEP][PASSED] - openBrowser(URL): Browser is opened with url: 'preprod.imibot.ai'&#xD;
&#xD;
2020-06-23 12:46:39 - [MESSAGE][WARNING] - A browser is already opened. Closing browser and opening a new one&#xD;
&#xD;
2020-06-23 12:46:40 - [MESSAGE][INFO] - Starting 'Chrome' driver&#xD;
&#xD;
2020-06-23 12:46:41 - [MESSAGE][INFO] - User set preference: ['args', '[--start-maximized]']&#xD;
&#xD;
2020-06-23 12:46:52 - [MESSAGE][PASSED] - Browser is opened with url: 'preprod.imibot.ai'&#xD;
&#xD;
2020-06-23 12:46:52 - [TEST_STEP][PASSED] - maximizeWindow(): Current window maximized&#xD;
&#xD;
2020-06-23 12:46:54 - [MESSAGE][PASSED] - Current window maximized&#xD;
&#xD;
2020-06-23 12:46:54 - [TEST_STEP][PASSED] - callTestCase(findTestCase("Generic/successfulLogin_Test"), [:], STOP_ON_FAILURE): Call Test Case 'Test Cases/Generic/successfulLogin_Test' successfully&#xD;
&#xD;
2020-06-23 12:46:54 - [TEST_CASE][PASSED] - Test Cases/Generic/successfulLogin_Test: Test Cases/Generic/successfulLogin_Test&#xD;
&#xD;
2020-06-23 12:46:54 - [TEST_STEP][PASSED] - sendKeys(findTestObject("Input/username"), USERNAME): Keys 'narendra.n@imimobile.com' sent to object: 'Object Repository/Input/username'&#xD;
&#xD;
2020-06-23 12:46:57 - [MESSAGE][PASSED] - Keys 'narendra.n@imimobile.com' sent to object: 'Object Repository/Input/username'&#xD;
&#xD;
2020-06-23 12:46:57 - [TEST_STEP][PASSED] - sendKeys(findTestObject("Input/password"), PASSWORD): Keys 'Test@2020' sent to object: 'Object Repository/Input/password'&#xD;
&#xD;
2020-06-23 12:47:00 - [MESSAGE][PASSED] - Keys 'Test@2020' sent to object: 'Object Repository/Input/password'&#xD;
&#xD;
2020-06-23 12:47:00 - [TEST_STEP][PASSED] - click(findTestObject("Button/signIn")): Object: 'Object Repository/Button/signIn' is clicked on&#xD;
&#xD;
2020-06-23 12:47:02 - [MESSAGE][PASSED] - Object: 'Object Repository/Button/signIn' is clicked on&#xD;
&#xD;
2020-06-23 12:47:02 - [TEST_STEP][PASSED] - if (!(waitForElementPresent(findTestObject("Button/createBot"), 30, OPTIONAL))): Object 'Object Repository/Button/createBot' is present&#xD;
&#xD;
2020-06-23 12:47:19 - [MESSAGE][PASSED] - Object 'Object Repository/Button/createBot' is present&#xD;
&#xD;
2020-06-23 12:47:19 - [MESSAGE][PASSED] - Call Test Case 'Test Cases/Generic/successfulLogin_Test' successfully&#xD;
&#xD;
2020-06-23 12:47:19 - [TEST_STEP][PASSED] - platform.Method.clickOnElement(findTestObject("Button/enterpriseDropdown")): platform.Method.clickOnElement is PASSED&#xD;
&#xD;
2020-06-23 12:47:22 - [MESSAGE][PASSED] - platform.Method.clickOnElement is PASSED&#xD;
&#xD;
2020-06-23 12:47:22 - [TEST_STEP][PASSED] - platform.Method.clickOnElement(findTestObject("Generic/webObjectWithText", ["textValue":"Enterprise profile"])): platform.Method.clickOnElement is PASSED&#xD;
&#xD;
2020-06-23 12:47:26 - [MESSAGE][PASSED] - platform.Method.clickOnElement is PASSED&#xD;
&#xD;
2020-06-23 12:47:26 - [TEST_STEP][PASSED] - platform.Method.clickOnElement(findTestObject("Generic/webObjectWithText", ["textValue":"Users"])): platform.Method.clickOnElement is PASSED&#xD;
&#xD;
2020-06-23 12:47:29 - [MESSAGE][PASSED] - platform.Method.clickOnElement is PASSED&#xD;
&#xD;
2020-06-23 12:47:29 - [TEST_STEP][PASSED] - verifyTextPresent("Users management", false, STOP_ON_FAILURE): Text 'Users management' is present on page &#xD;
&#xD;
2020-06-23 12:47:33 - [MESSAGE][PASSED] - Text 'Users management' is present on page &#xD;
&#xD;
2020-06-23 12:47:33 - [TEST_STEP][PASSED] - platform.Method.clickOnElement(findTestObject("GenericII/newUserBtn")): platform.Method.clickOnElement is PASSED&#xD;
&#xD;
2020-06-23 12:47:36 - [MESSAGE][PASSED] - platform.Method.clickOnElement is PASSED&#xD;
&#xD;
2020-06-23 12:47:36 - [TEST_STEP][PASSED] - verifyTextPresent("Add a new user to the enterprise", false, STOP_ON_FAILURE): Text 'Add a new user to the enterprise' is present on page &#xD;
&#xD;
2020-06-23 12:47:40 - [MESSAGE][PASSED] - Text 'Add a new user to the enterprise' is present on page &#xD;
&#xD;
2020-06-23 12:47:40 - [TEST_STEP][PASSED] - sendKeys(findTestObject("Input/newUserFirstName"), firstName): Keys 'JIMMY' sent to object: 'Object Repository/Input/newUserFirstName'&#xD;
&#xD;
2020-06-23 12:47:42 - [MESSAGE][PASSED] - Keys 'JIMMY' sent to object: 'Object Repository/Input/newUserFirstName'&#xD;
&#xD;
2020-06-23 12:47:43 - [TEST_STEP][PASSED] - sendKeys(findTestObject("Input/newUserLastName"), lastName): Keys 'HONDRIX' sent to object: 'Object Repository/Input/newUserLastName'&#xD;
&#xD;
2020-06-23 12:47:45 - [MESSAGE][PASSED] - Keys 'HONDRIX' sent to object: 'Object Repository/Input/newUserLastName'&#xD;
&#xD;
2020-06-23 12:47:45 - [TEST_STEP][PASSED] - platform.Method.clickOnElement(findTestObject("Generic/webObjectWithText", ["textValue":"Select role"])): platform.Method.clickOnElement is PASSED&#xD;
&#xD;
2020-06-23 12:47:48 - [MESSAGE][PASSED] - platform.Method.clickOnElement is PASSED&#xD;
&#xD;
2020-06-23 12:47:48 - [TEST_STEP][PASSED] - platform.Method.clickOnElement(findTestObject("Generic/webObjectWithText", ["textValue":" " + USER_ROLE + " "])): platform.Method.clickOnElement is PASSED&#xD;
&#xD;
2020-06-23 12:47:50 - [MESSAGE][PASSED] - platform.Method.clickOnElement is PASSED&#xD;
&#xD;
2020-06-23 12:47:50 - [TEST_STEP][PASSED] - sendKeys(findTestObject("Input/newUserEmail"), emailAddress): Keys 'jimihondrix5@gmail.com' sent to object: 'Object Repository/Input/newUserEmail'&#xD;
&#xD;
2020-06-23 12:47:54 - [MESSAGE][PASSED] - Keys 'jimihondrix5@gmail.com' sent to object: 'Object Repository/Input/newUserEmail'&#xD;
&#xD;
2020-06-23 12:47:54 - [TEST_STEP][PASSED] - verifyTextPresent("Add Bots", false, OPTIONAL): Text 'Add Bots' is present on page &#xD;
&#xD;
2020-06-23 12:47:57 - [MESSAGE][PASSED] - Text 'Add Bots' is present on page &#xD;
&#xD;
2020-06-23 12:47:57 - [TEST_STEP][PASSED] - platform.Method.clickOnElement(findTestObject("Button/addNewUser")): platform.Method.clickOnElement is PASSED&#xD;
&#xD;
2020-06-23 12:48:00 - [MESSAGE][PASSED] - platform.Method.clickOnElement is PASSED</system-out>
            <system-err></system-err>
        </testcase>
        <testcase name="Test Cases/Generic/adminRoleManagement_Test" classname="Test Cases/Generic/adminRoleManagement_Test" status="PASSED">
            <system-out>2020-06-23 12:48:00 - [TEST_CASE][PASSED] - Test Cases/Generic/adminRoleManagement_Test: Test Cases/Generic/adminRoleManagement_Test&#xD;
&#xD;
2020-06-23 12:48:00 - [TEST_STEP][PASSED] - Start listener action : setUp: Current window maximized&#xD;
&#xD;
2020-06-23 12:48:00 - [TEST_STEP][PASSED] - openBrowser(URL): Browser is opened with url: 'preprod.imibot.ai'&#xD;
&#xD;
2020-06-23 12:48:00 - [MESSAGE][WARNING] - A browser is already opened. Closing browser and opening a new one&#xD;
&#xD;
2020-06-23 12:48:02 - [MESSAGE][INFO] - Starting 'Chrome' driver&#xD;
&#xD;
2020-06-23 12:48:02 - [MESSAGE][INFO] - User set preference: ['args', '[--start-maximized]']&#xD;
&#xD;
2020-06-23 12:48:13 - [MESSAGE][PASSED] - Browser is opened with url: 'preprod.imibot.ai'&#xD;
&#xD;
2020-06-23 12:48:13 - [TEST_STEP][PASSED] - maximizeWindow(): Current window maximized&#xD;
&#xD;
2020-06-23 12:48:15 - [MESSAGE][PASSED] - Current window maximized&#xD;
&#xD;
2020-06-23 12:48:16 - [TEST_STEP][PASSED] - callTestCase(findTestCase("Generic/successfulLogin_Test"), [:], STOP_ON_FAILURE): Call Test Case 'Test Cases/Generic/successfulLogin_Test' successfully&#xD;
&#xD;
2020-06-23 12:48:16 - [TEST_CASE][PASSED] - Test Cases/Generic/successfulLogin_Test: Test Cases/Generic/successfulLogin_Test&#xD;
&#xD;
2020-06-23 12:48:16 - [TEST_STEP][PASSED] - sendKeys(findTestObject("Input/username"), USERNAME): Keys 'narendra.n@imimobile.com' sent to object: 'Object Repository/Input/username'&#xD;
&#xD;
2020-06-23 12:48:18 - [MESSAGE][PASSED] - Keys 'narendra.n@imimobile.com' sent to object: 'Object Repository/Input/username'&#xD;
&#xD;
2020-06-23 12:48:18 - [TEST_STEP][PASSED] - sendKeys(findTestObject("Input/password"), PASSWORD): Keys 'Test@2020' sent to object: 'Object Repository/Input/password'&#xD;
&#xD;
2020-06-23 12:48:21 - [MESSAGE][PASSED] - Keys 'Test@2020' sent to object: 'Object Repository/Input/password'&#xD;
&#xD;
2020-06-23 12:48:21 - [TEST_STEP][PASSED] - click(findTestObject("Button/signIn")): Object: 'Object Repository/Button/signIn' is clicked on&#xD;
&#xD;
2020-06-23 12:48:23 - [MESSAGE][PASSED] - Object: 'Object Repository/Button/signIn' is clicked on&#xD;
&#xD;
2020-06-23 12:48:23 - [TEST_STEP][PASSED] - if (!(waitForElementPresent(findTestObject("Button/createBot"), 30, OPTIONAL))): Object 'Object Repository/Button/createBot' is present&#xD;
&#xD;
2020-06-23 12:48:41 - [MESSAGE][PASSED] - Object 'Object Repository/Button/createBot' is present&#xD;
&#xD;
2020-06-23 12:48:41 - [MESSAGE][PASSED] - Call Test Case 'Test Cases/Generic/successfulLogin_Test' successfully&#xD;
&#xD;
2020-06-23 12:48:41 - [TEST_STEP][PASSED] - platform.Method.clickOnElement(findTestObject("Button/enterpriseDropdown")): platform.Method.clickOnElement is PASSED&#xD;
&#xD;
2020-06-23 12:48:43 - [MESSAGE][PASSED] - platform.Method.clickOnElement is PASSED&#xD;
&#xD;
2020-06-23 12:48:43 - [TEST_STEP][PASSED] - platform.Method.clickOnElement(findTestObject("Generic/webObjectWithText", ["textValue":"Enterprise profile"])): platform.Method.clickOnElement is PASSED&#xD;
&#xD;
2020-06-23 12:48:47 - [MESSAGE][PASSED] - platform.Method.clickOnElement is PASSED&#xD;
&#xD;
2020-06-23 12:48:48 - [TEST_STEP][PASSED] - platform.Method.clickOnElement(findTestObject("Generic/webObjectWithText", ["textValue":"Roles"])): platform.Method.clickOnElement is PASSED&#xD;
&#xD;
2020-06-23 12:48:50 - [MESSAGE][PASSED] - platform.Method.clickOnElement is PASSED&#xD;
&#xD;
2020-06-23 12:48:50 - [TEST_STEP][PASSED] - verifyElementClickable(findTestObject("Button/newRole"), STOP_ON_FAILURE): Object 'Object Repository/Button/newRole' is clickable&#xD;
&#xD;
2020-06-23 12:48:52 - [MESSAGE][PASSED] - Object 'Object Repository/Button/newRole' is clickable&#xD;
&#xD;
2020-06-23 12:48:52 - [TEST_STEP][PASSED] - platform.Method.clickOnElement(findTestObject("Button/newRole")): platform.Method.clickOnElement is PASSED&#xD;
&#xD;
2020-06-23 12:48:54 - [MESSAGE][PASSED] - platform.Method.clickOnElement is PASSED&#xD;
&#xD;
2020-06-23 12:48:54 - [TEST_STEP][PASSED] - sendKeys(findTestObject("Input/newRoleName"), ROLE_NAME): Keys 'Custom Role' sent to object: 'Object Repository/Input/newRoleName'&#xD;
&#xD;
2020-06-23 12:48:57 - [MESSAGE][PASSED] - Keys 'Custom Role' sent to object: 'Object Repository/Input/newRoleName'&#xD;
&#xD;
2020-06-23 12:48:57 - [TEST_STEP][PASSED] - platform.Method.clickOnElement(findTestObject("Generic/webObjectWithText", ["textValue":"Base role"])): platform.Method.clickOnElement is PASSED&#xD;
&#xD;
2020-06-23 12:48:59 - [MESSAGE][PASSED] - platform.Method.clickOnElement is PASSED&#xD;
&#xD;
2020-06-23 12:48:59 - [TEST_STEP][PASSED] - platform.Method.clickOnElement(findTestObject("Generic/webObjectWithText", ["textValue":typeOfUser])): platform.Method.clickOnElement is PASSED&#xD;
&#xD;
2020-06-23 12:49:01 - [MESSAGE][PASSED] - platform.Method.clickOnElement is PASSED&#xD;
&#xD;
2020-06-23 12:49:01 - [TEST_STEP][PASSED] - platform.Method.clickOnElement(findTestObject("Generic/webObjectWithText", ["textValue":permissionToUser])): platform.Method.clickOnElement is PASSED&#xD;
&#xD;
2020-06-23 12:49:04 - [MESSAGE][PASSED] - platform.Method.clickOnElement is PASSED&#xD;
&#xD;
2020-06-23 12:49:04 - [TEST_STEP][PASSED] - listOfPermissions = findWebElements(findTestObject("GenericII/listOfPermissions"), 5): null&#xD;
&#xD;
2020-06-23 12:49:05 - [TEST_STEP][PASSED] - index = &lt;not implemented yet for class: org.codehaus.groovy.ast.expr.EmptyExpression&gt;: null&#xD;
&#xD;
2020-06-23 12:49:05 - [TEST_STEP][PASSED] - for ([index = 0, index &lt; listOfPermissions.size(), (index++)]): null&#xD;
&#xD;
2020-06-23 12:49:05 - [TEST_STEP][PASSED] - getText().contains(nameOfThePermission): null&#xD;
&#xD;
2020-06-23 12:49:06 - [TEST_STEP][PASSED] - (index++): null&#xD;
&#xD;
2020-06-23 12:49:06 - [TEST_STEP][PASSED] - break: null&#xD;
&#xD;
2020-06-23 12:49:06 - [TEST_STEP][PASSED] - platform.Method.clickOnElement(findTestObject("GenericII/addPermissionBtn", ["index":index])): platform.Method.clickOnElement is PASSED&#xD;
&#xD;
2020-06-23 12:49:08 - [MESSAGE][PASSED] - platform.Method.clickOnElement is PASSED&#xD;
&#xD;
2020-06-23 12:49:08 - [TEST_STEP][PASSED] - verifyElementClickable(findTestObject("Button/createRole"), STOP_ON_FAILURE): Object 'Object Repository/Button/createRole' is clickable&#xD;
&#xD;
2020-06-23 12:49:10 - [MESSAGE][PASSED] - Object 'Object Repository/Button/createRole' is clickable&#xD;
&#xD;
2020-06-23 12:49:10 - [TEST_STEP][PASSED] - platform.Method.clickOnElement(findTestObject("Button/createRole")): platform.Method.clickOnElement is PASSED&#xD;
&#xD;
2020-06-23 12:49:12 - [MESSAGE][PASSED] - platform.Method.clickOnElement is PASSED&#xD;
&#xD;
2020-06-23 12:49:12 - [TEST_STEP][PASSED] - waitForElementPresent(findTestObject("Generic/webObjectWithText", ["textValue":ROLE_NAME]), 20, OPTIONAL): Object 'Object Repository/Generic/webObjectWithText' is present&#xD;
&#xD;
2020-06-23 12:49:15 - [MESSAGE][PASSED] - Object 'Object Repository/Generic/webObjectWithText' is present&#xD;
&#xD;
2020-06-23 12:49:15 - [TEST_STEP][PASSED] - verifyTextPresent(ROLE_NAME, false): Text 'Custom Role' is present on page &#xD;
&#xD;
2020-06-23 12:49:18 - [MESSAGE][PASSED] - Text 'Custom Role' is present on page</system-out>
            <system-err></system-err>
        </testcase>
        <testcase name="Test Cases/Generic/adminRoleDeletion_Test" classname="Test Cases/Generic/adminRoleDeletion_Test" status="PASSED">
            <system-out>2020-06-23 12:49:18 - [TEST_CASE][PASSED] - Test Cases/Generic/adminRoleDeletion_Test: Test Cases/Generic/adminRoleDeletion_Test&#xD;
&#xD;
2020-06-23 12:49:18 - [TEST_STEP][PASSED] - Start listener action : setUp: Current window maximized&#xD;
&#xD;
2020-06-23 12:49:18 - [TEST_STEP][PASSED] - openBrowser(URL): Browser is opened with url: 'preprod.imibot.ai'&#xD;
&#xD;
2020-06-23 12:49:18 - [MESSAGE][WARNING] - A browser is already opened. Closing browser and opening a new one&#xD;
&#xD;
2020-06-23 12:49:20 - [MESSAGE][INFO] - Starting 'Chrome' driver&#xD;
&#xD;
2020-06-23 12:49:20 - [MESSAGE][INFO] - User set preference: ['args', '[--start-maximized]']&#xD;
&#xD;
2020-06-23 12:49:31 - [MESSAGE][PASSED] - Browser is opened with url: 'preprod.imibot.ai'&#xD;
&#xD;
2020-06-23 12:49:31 - [TEST_STEP][PASSED] - maximizeWindow(): Current window maximized&#xD;
&#xD;
2020-06-23 12:49:34 - [MESSAGE][PASSED] - Current window maximized&#xD;
&#xD;
2020-06-23 12:49:35 - [TEST_STEP][PASSED] - callTestCase(findTestCase("Generic/successfulLogin_Test"), [:], STOP_ON_FAILURE): Call Test Case 'Test Cases/Generic/successfulLogin_Test' successfully&#xD;
&#xD;
2020-06-23 12:49:35 - [TEST_CASE][PASSED] - Test Cases/Generic/successfulLogin_Test: Test Cases/Generic/successfulLogin_Test&#xD;
&#xD;
2020-06-23 12:49:35 - [TEST_STEP][PASSED] - sendKeys(findTestObject("Input/username"), USERNAME): Keys 'narendra.n@imimobile.com' sent to object: 'Object Repository/Input/username'&#xD;
&#xD;
2020-06-23 12:49:38 - [MESSAGE][PASSED] - Keys 'narendra.n@imimobile.com' sent to object: 'Object Repository/Input/username'&#xD;
&#xD;
2020-06-23 12:49:38 - [TEST_STEP][PASSED] - sendKeys(findTestObject("Input/password"), PASSWORD): Keys 'Test@2020' sent to object: 'Object Repository/Input/password'&#xD;
&#xD;
2020-06-23 12:49:40 - [MESSAGE][PASSED] - Keys 'Test@2020' sent to object: 'Object Repository/Input/password'&#xD;
&#xD;
2020-06-23 12:49:40 - [TEST_STEP][PASSED] - click(findTestObject("Button/signIn")): Object: 'Object Repository/Button/signIn' is clicked on&#xD;
&#xD;
2020-06-23 12:49:43 - [MESSAGE][PASSED] - Object: 'Object Repository/Button/signIn' is clicked on&#xD;
&#xD;
2020-06-23 12:49:43 - [TEST_STEP][PASSED] - if (!(waitForElementPresent(findTestObject("Button/createBot"), 30, OPTIONAL))): Object 'Object Repository/Button/createBot' is present&#xD;
&#xD;
2020-06-23 12:50:00 - [MESSAGE][PASSED] - Object 'Object Repository/Button/createBot' is present&#xD;
&#xD;
2020-06-23 12:50:00 - [MESSAGE][PASSED] - Call Test Case 'Test Cases/Generic/successfulLogin_Test' successfully&#xD;
&#xD;
2020-06-23 12:50:00 - [TEST_STEP][PASSED] - platform.Method.clickOnElement(findTestObject("Button/enterpriseDropdown")): platform.Method.clickOnElement is PASSED&#xD;
&#xD;
2020-06-23 12:50:03 - [MESSAGE][PASSED] - platform.Method.clickOnElement is PASSED&#xD;
&#xD;
2020-06-23 12:50:03 - [TEST_STEP][PASSED] - platform.Method.clickOnElement(findTestObject("Generic/webObjectWithText", ["textValue":"Enterprise profile"])): platform.Method.clickOnElement is PASSED&#xD;
&#xD;
2020-06-23 12:50:07 - [MESSAGE][PASSED] - platform.Method.clickOnElement is PASSED&#xD;
&#xD;
2020-06-23 12:50:07 - [TEST_STEP][PASSED] - platform.Method.clickOnElement(findTestObject("Generic/webObjectWithText", ["textValue":"Roles"])): platform.Method.clickOnElement is PASSED&#xD;
&#xD;
2020-06-23 12:50:10 - [MESSAGE][PASSED] - platform.Method.clickOnElement is PASSED&#xD;
&#xD;
2020-06-23 12:50:10 - [TEST_STEP][PASSED] - role = findWebElements(findTestObject("GenericII/listOfAllRoleName"), 5): null&#xD;
&#xD;
2020-06-23 12:50:11 - [TEST_STEP][PASSED] - count = &lt;not implemented yet for class: org.codehaus.groovy.ast.expr.EmptyExpression&gt;: null&#xD;
&#xD;
2020-06-23 12:50:11 - [TEST_STEP][PASSED] - for ([count = 0, count &lt; role.size(), (count++)]): null&#xD;
&#xD;
2020-06-23 12:50:11 - [TEST_STEP][PASSED] - if (getText().contentEquals(ROLE_NAME)): null&#xD;
&#xD;
2020-06-23 12:50:12 - [TEST_STEP][PASSED] - if (getText().contentEquals(ROLE_NAME)): null&#xD;
&#xD;
2020-06-23 12:50:13 - [TEST_STEP][PASSED] - if (getText().contentEquals(ROLE_NAME)): null&#xD;
&#xD;
2020-06-23 12:50:14 - [TEST_STEP][PASSED] - if (getText().contentEquals(ROLE_NAME)): null&#xD;
&#xD;
2020-06-23 12:50:15 - [TEST_STEP][PASSED] - if (getText().contentEquals(ROLE_NAME)): null&#xD;
&#xD;
2020-06-23 12:50:16 - [TEST_STEP][PASSED] - if (getText().contentEquals(ROLE_NAME)): null&#xD;
&#xD;
2020-06-23 12:50:17 - [TEST_STEP][PASSED] - (count++): null&#xD;
&#xD;
2020-06-23 12:50:17 - [TEST_STEP][PASSED] - markPassed("ROLE FOUND IN THE LIST"): ROLE FOUND IN THE LIST&#xD;
&#xD;
2020-06-23 12:50:17 - [MESSAGE][PASSED] - ROLE FOUND IN THE LIST&#xD;
&#xD;
2020-06-23 12:50:17 - [TEST_STEP][PASSED] - break: null&#xD;
&#xD;
2020-06-23 12:50:17 - [TEST_STEP][PASSED] - platform.Method.clickOnElement(findTestObject("GenericII/modifyRole", ["index":count])): platform.Method.clickOnElement is PASSED&#xD;
&#xD;
2020-06-23 12:50:19 - [MESSAGE][PASSED] - platform.Method.clickOnElement is PASSED&#xD;
&#xD;
2020-06-23 12:50:19 - [TEST_STEP][PASSED] - verifyTextPresent("Edit role", false, STOP_ON_FAILURE): Text 'Edit role' is present on page &#xD;
&#xD;
2020-06-23 12:50:22 - [MESSAGE][PASSED] - Text 'Edit role' is present on page &#xD;
&#xD;
2020-06-23 12:50:22 - [TEST_STEP][PASSED] - platform.Method.clickOnElement(findTestObject("Button/delete")): platform.Method.clickOnElement is PASSED&#xD;
&#xD;
2020-06-23 12:50:25 - [MESSAGE][PASSED] - platform.Method.clickOnElement is PASSED&#xD;
&#xD;
2020-06-23 12:50:25 - [TEST_STEP][PASSED] - platform.Method.clickOnElement(findTestObject("Button/remove")): platform.Method.clickOnElement is PASSED&#xD;
&#xD;
2020-06-23 12:50:27 - [MESSAGE][PASSED] - platform.Method.clickOnElement is PASSED&#xD;
&#xD;
2020-06-23 12:50:27 - [TEST_STEP][PASSED] - verifyTextNotPresent(ROLE_NAME, false, STOP_ON_FAILURE): Text 'Custom Role' is not present on page&#xD;
&#xD;
2020-06-23 12:50:29 - [MESSAGE][PASSED] - Text 'Custom Role' is not present on page</system-out>
            <system-err></system-err>
        </testcase>
        <testcase name="Test Cases/SetUp/setUpCustomSyn_ShareablePreview1" classname="Test Cases/SetUp/setUpCustomSyn_ShareablePreview1" status="FAILED">
            <failure type="FAILED" message="Test Cases/SetUp/setUpCustomSyn_ShareablePreview1 FAILED.&#xA;Reason:&#xA;com.kms.katalon.core.exception.StepFailedException: Call Test Case 'Test Cases/Faqbot/botCreation_Test' failed&#xD;&#xA;&#x9;at com.kms.katalon.core.keyword.builtin.CallTestCaseKeyword$_callTestCase_closure1.doCall(CallTestCaseKeyword.groovy:63)&#xD;&#xA;&#x9;at com.kms.katalon.core.keyword.builtin.CallTestCaseKeyword$_callTestCase_closure1.call(CallTestCaseKeyword.groovy)&#xD;&#xA;&#x9;at com.kms.katalon.core.keyword.internal.KeywordMain.runKeyword(KeywordMain.groovy:68)&#xD;&#xA;&#x9;at com.kms.katalon.core.keyword.builtin.CallTestCaseKeyword.callTestCase(CallTestCaseKeyword.groovy:81)&#xD;&#xA;&#x9;at com.kms.katalon.core.keyword.builtin.CallTestCaseKeyword.execute(CallTestCaseKeyword.groovy:44)&#xD;&#xA;&#x9;at com.kms.katalon.core.keyword.internal.KeywordExecutor.executeKeywordForPlatform(KeywordExecutor.groovy:56)&#xD;&#xA;&#x9;at com.kms.katalon.core.keyword.BuiltinKeywords.callTestCase(BuiltinKeywords.groovy:334)&#xD;&#xA;&#x9;at setUpCustomSyn_ShareablePreview1.run(setUpCustomSyn_ShareablePreview1:16)&#xD;&#xA;&#x9;at com.kms.katalon.core.main.ScriptEngine.run(ScriptEngine.java:194)&#xD;&#xA;&#x9;at com.kms.katalon.core.main.ScriptEngine.runScriptAsRawText(ScriptEngine.java:119)&#xD;&#xA;&#x9;at com.kms.katalon.core.main.TestCaseExecutor.runScript(TestCaseExecutor.java:337)&#xD;&#xA;&#x9;at com.kms.katalon.core.main.TestCaseExecutor.doExecute(TestCaseExecutor.java:328)&#xD;&#xA;&#x9;at com.kms.katalon.core.main.TestCaseExecutor.processExecutionPhase(TestCaseExecutor.java:307)&#xD;&#xA;&#x9;at com.kms.katalon.core.main.TestCaseExecutor.accessMainPhase(TestCaseExecutor.java:299)&#xD;&#xA;&#x9;at com.kms.katalon.core.main.TestCaseExecutor.execute(TestCaseExecutor.java:233)&#xD;&#xA;&#x9;at com.kms.katalon.core.main.TestSuiteExecutor.accessTestCaseMainPhase(TestSuiteExecutor.java:169)&#xD;&#xA;&#x9;at com.kms.katalon.core.main.TestSuiteExecutor.accessTestSuiteMainPhase(TestSuiteExecutor.java:142)&#xD;&#xA;&#x9;at com.kms.katalon.core.main.TestSuiteExecutor.execute(TestSuiteExecutor.java:91)&#xD;&#xA;&#x9;at com.kms.katalon.core.main.TestCaseMain.startTestSuite(TestCaseMain.java:157)&#xD;&#xA;&#x9;at com.kms.katalon.core.main.TestCaseMain$startTestSuite$0.call(Unknown Source)&#xD;&#xA;&#x9;at TempTestSuite1592890301834.run(TempTestSuite1592890301834.groovy:35)&#xD;&#xA;Caused by: com.kms.katalon.core.exception.StepFailedException: Call Test Case 'Test Cases/Generic/successfulLogin_Test' failed&#xD;&#xA;&#x9;at com.kms.katalon.core.keyword.builtin.CallTestCaseKeyword$_callTestCase_closure1.doCall(CallTestCaseKeyword.groovy:63)&#xD;&#xA;&#x9;at com.kms.katalon.core.keyword.builtin.CallTestCaseKeyword$_callTestCase_closure1.call(CallTestCaseKeyword.groovy)&#xD;&#xA;&#x9;at com.kms.katalon.core.keyword.internal.KeywordMain.runKeyword(KeywordMain.groovy:68)&#xD;&#xA;&#x9;at com.kms.katalon.core.keyword.builtin.CallTestCaseKeyword.callTestCase(CallTestCaseKeyword.groovy:81)&#xD;&#xA;&#x9;at com.kms.katalon.core.keyword.builtin.CallTestCaseKeyword.execute(CallTestCaseKeyword.groovy:44)&#xD;&#xA;&#x9;at com.kms.katalon.core.keyword.internal.KeywordExecutor.executeKeywordForPlatform(KeywordExecutor.groovy:56)&#xD;&#xA;&#x9;at com.kms.katalon.core.keyword.BuiltinKeywords.callTestCase(BuiltinKeywords.groovy:334)&#xD;&#xA;&#x9;at botCreation_Test.run(botCreation_Test:16)&#xD;&#xA;&#x9;at com.kms.katalon.core.main.ScriptEngine.run(ScriptEngine.java:194)&#xD;&#xA;&#x9;at com.kms.katalon.core.main.ScriptEngine.runScriptAsRawText(ScriptEngine.java:119)&#xD;&#xA;&#x9;at com.kms.katalon.core.main.TestCaseExecutor.runScript(TestCaseExecutor.java:337)&#xD;&#xA;&#x9;at com.kms.katalon.core.main.TestCaseExecutor.doExecute(TestCaseExecutor.java:328)&#xD;&#xA;&#x9;at com.kms.katalon.core.main.TestCaseExecutor.processExecutionPhase(TestCaseExecutor.java:307)&#xD;&#xA;&#x9;at com.kms.katalon.core.main.TestCaseExecutor.accessMainPhase(TestCaseExecutor.java:299)&#xD;&#xA;&#x9;at com.kms.katalon.core.main.TestCaseExecutor.execute(TestCaseExecutor.java:233)&#xD;&#xA;&#x9;at com.kms.katalon.core.main.TestCaseMain.runTestCase(TestCaseMain.java:114)&#xD;&#xA;&#x9;at com.kms.katalon.core.keyword.builtin.CallTestCaseKeyword$_callTestCase_closure1.doCall(CallTestCaseKeyword.groovy:59)&#xD;&#xA;&#x9;... 20 more&#xD;&#xA;Caused by: com.kms.katalon.core.exception.StepFailedException: Unable to send keys 'narendra.n@imimobile.com' to object 'Object Repository/Input/username'&#xD;&#xA;&#x9;at com.kms.katalon.core.webui.keyword.internal.WebUIKeywordMain.stepFailed(WebUIKeywordMain.groovy:64)&#xD;&#xA;&#x9;at com.kms.katalon.core.webui.keyword.internal.WebUIKeywordMain.runKeyword(WebUIKeywordMain.groovy:26)&#xD;&#xA;&#x9;at com.kms.katalon.core.webui.keyword.builtin.SendKeysKeyword.sendKeys(SendKeysKeyword.groovy:60)&#xD;&#xA;&#x9;at com.kms.katalon.core.webui.keyword.builtin.SendKeysKeyword.execute(SendKeysKeyword.groovy:38)&#xD;&#xA;&#x9;at com.kms.katalon.core.keyword.internal.KeywordExecutor.executeKeywordForPlatform(KeywordExecutor.groovy:56)&#xD;&#xA;&#x9;at com.kms.katalon.core.webui.keyword.WebUiBuiltInKeywords.sendKeys(WebUiBuiltInKeywords.groovy:834)&#xD;&#xA;&#x9;at com.kms.katalon.core.webui.keyword.WebUiBuiltInKeywords$sendKeys$2.call(Unknown Source)&#xD;&#xA;&#x9;at successfulLogin_Test.run(successfulLogin_Test:16)&#xD;&#xA;&#x9;at com.kms.katalon.core.main.ScriptEngine.run(ScriptEngine.java:194)&#xD;&#xA;&#x9;at com.kms.katalon.core.main.ScriptEngine.runScriptAsRawText(ScriptEngine.java:119)&#xD;&#xA;&#x9;at com.kms.katalon.core.main.TestCaseExecutor.runScript(TestCaseExecutor.java:337)&#xD;&#xA;&#x9;at com.kms.katalon.core.main.TestCaseExecutor.doExecute(TestCaseExecutor.java:328)&#xD;&#xA;&#x9;at com.kms.katalon.core.main.TestCaseExecutor.processExecutionPhase(TestCaseExecutor.java:307)&#xD;&#xA;&#x9;at com.kms.katalon.core.main.TestCaseExecutor.accessMainPhase(TestCaseExecutor.java:299)&#xD;&#xA;&#x9;at com.kms.katalon.core.main.TestCaseExecutor.execute(TestCaseExecutor.java:233)&#xD;&#xA;&#x9;at com.kms.katalon.core.main.TestCaseMain.runTestCase(TestCaseMain.java:114)&#xD;&#xA;&#x9;at com.kms.katalon.core.keyword.builtin.CallTestCaseKeyword$_callTestCase_closure1.doCall(CallTestCaseKeyword.groovy:59)&#xD;&#xA;&#x9;... 36 more&#xD;&#xA;Caused by: com.kms.katalon.core.webui.exception.WebElementNotFoundException: Web element with id: 'Object Repository/Input/username' located by 'By.xpath: //*[@data-cy = 'login-email']' not found&#xD;&#xA;&#x9;at com.kms.katalon.core.webui.common.WebUiCommonHelper.findWebElement(WebUiCommonHelper.java:1097)&#xD;&#xA;&#x9;at com.kms.katalon.core.webui.keyword.internal.WebUIAbstractKeyword.findWebElement(WebUIAbstractKeyword.groovy:27)&#xD;&#xA;&#x9;at com.kms.katalon.core.webui.keyword.internal.WebUIAbstractKeyword.findWebElement(WebUIAbstractKeyword.groovy:26)&#xD;&#xA;&#x9;at com.kms.katalon.core.webui.keyword.builtin.SendKeysKeyword$_sendKeys_closure1.doCall(SendKeysKeyword.groovy:52)&#xD;&#xA;&#x9;at com.kms.katalon.core.webui.keyword.builtin.SendKeysKeyword$_sendKeys_closure1.call(SendKeysKeyword.groovy)&#xD;&#xA;&#x9;at com.kms.katalon.core.webui.keyword.internal.WebUIKeywordMain.runKeyword(WebUIKeywordMain.groovy:20)&#xD;&#xA;&#x9;... 51 more&#xD;&#xA;"/>
            <system-out>2020-06-23 12:50:29 - [TEST_CASE][FAILED] - Test Cases/SetUp/setUpCustomSyn_ShareablePreview1: Test Cases/SetUp/setUpCustomSyn_ShareablePreview1 FAILED.
Reason:
com.kms.katalon.core.exception.StepFailedException: Call Test Case 'Test Cases/Faqbot/botCreation_Test' failed&#xD;
	at com.kms.katalon.core.keyword.builtin.CallTestCaseKeyword$_callTestCase_closure1.doCall(CallTestCaseKeyword.groovy:63)&#xD;
	at com.kms.katalon.core.keyword.builtin.CallTestCaseKeyword$_callTestCase_closure1.call(CallTestCaseKeyword.groovy)&#xD;
	at com.kms.katalon.core.keyword.internal.KeywordMain.runKeyword(KeywordMain.groovy:68)&#xD;
	at com.kms.katalon.core.keyword.builtin.CallTestCaseKeyword.callTestCase(CallTestCaseKeyword.groovy:81)&#xD;
	at com.kms.katalon.core.keyword.builtin.CallTestCaseKeyword.execute(CallTestCaseKeyword.groovy:44)&#xD;
	at com.kms.katalon.core.keyword.internal.KeywordExecutor.executeKeywordForPlatform(KeywordExecutor.groovy:56)&#xD;
	at com.kms.katalon.core.keyword.BuiltinKeywords.callTestCase(BuiltinKeywords.groovy:334)&#xD;
	at setUpCustomSyn_ShareablePreview1.run(setUpCustomSyn_ShareablePreview1:16)&#xD;
	at com.kms.katalon.core.main.ScriptEngine.run(ScriptEngine.java:194)&#xD;
	at com.kms.katalon.core.main.ScriptEngine.runScriptAsRawText(ScriptEngine.java:119)&#xD;
	at com.kms.katalon.core.main.TestCaseExecutor.runScript(TestCaseExecutor.java:337)&#xD;
	at com.kms.katalon.core.main.TestCaseExecutor.doExecute(TestCaseExecutor.java:328)&#xD;
	at com.kms.katalon.core.main.TestCaseExecutor.processExecutionPhase(TestCaseExecutor.java:307)&#xD;
	at com.kms.katalon.core.main.TestCaseExecutor.accessMainPhase(TestCaseExecutor.java:299)&#xD;
	at com.kms.katalon.core.main.TestCaseExecutor.execute(TestCaseExecutor.java:233)&#xD;
	at com.kms.katalon.core.main.TestSuiteExecutor.accessTestCaseMainPhase(TestSuiteExecutor.java:169)&#xD;
	at com.kms.katalon.core.main.TestSuiteExecutor.accessTestSuiteMainPhase(TestSuiteExecutor.java:142)&#xD;
	at com.kms.katalon.core.main.TestSuiteExecutor.execute(TestSuiteExecutor.java:91)&#xD;
	at com.kms.katalon.core.main.TestCaseMain.startTestSuite(TestCaseMain.java:157)&#xD;
	at com.kms.katalon.core.main.TestCaseMain$startTestSuite$0.call(Unknown Source)&#xD;
	at TempTestSuite1592890301834.run(TempTestSuite1592890301834.groovy:35)&#xD;
Caused by: com.kms.katalon.core.exception.StepFailedException: Call Test Case 'Test Cases/Generic/successfulLogin_Test' failed&#xD;
	at com.kms.katalon.core.keyword.builtin.CallTestCaseKeyword$_callTestCase_closure1.doCall(CallTestCaseKeyword.groovy:63)&#xD;
	at com.kms.katalon.core.keyword.builtin.CallTestCaseKeyword$_callTestCase_closure1.call(CallTestCaseKeyword.groovy)&#xD;
	at com.kms.katalon.core.keyword.internal.KeywordMain.runKeyword(KeywordMain.groovy:68)&#xD;
	at com.kms.katalon.core.keyword.builtin.CallTestCaseKeyword.callTestCase(CallTestCaseKeyword.groovy:81)&#xD;
	at com.kms.katalon.core.keyword.builtin.CallTestCaseKeyword.execute(CallTestCaseKeyword.groovy:44)&#xD;
	at com.kms.katalon.core.keyword.internal.KeywordExecutor.executeKeywordForPlatform(KeywordExecutor.groovy:56)&#xD;
	at com.kms.katalon.core.keyword.BuiltinKeywords.callTestCase(BuiltinKeywords.groovy:334)&#xD;
	at botCreation_Test.run(botCreation_Test:16)&#xD;
	at com.kms.katalon.core.main.ScriptEngine.run(ScriptEngine.java:194)&#xD;
	at com.kms.katalon.core.main.ScriptEngine.runScriptAsRawText(ScriptEngine.java:119)&#xD;
	at com.kms.katalon.core.main.TestCaseExecutor.runScript(TestCaseExecutor.java:337)&#xD;
	at com.kms.katalon.core.main.TestCaseExecutor.doExecute(TestCaseExecutor.java:328)&#xD;
	at com.kms.katalon.core.main.TestCaseExecutor.processExecutionPhase(TestCaseExecutor.java:307)&#xD;
	at com.kms.katalon.core.main.TestCaseExecutor.accessMainPhase(TestCaseExecutor.java:299)&#xD;
	at com.kms.katalon.core.main.TestCaseExecutor.execute(TestCaseExecutor.java:233)&#xD;
	at com.kms.katalon.core.main.TestCaseMain.runTestCase(TestCaseMain.java:114)&#xD;
	at com.kms.katalon.core.keyword.builtin.CallTestCaseKeyword$_callTestCase_closure1.doCall(CallTestCaseKeyword.groovy:59)&#xD;
	... 20 more&#xD;
Caused by: com.kms.katalon.core.exception.StepFailedException: Unable to send keys 'narendra.n@imimobile.com' to object 'Object Repository/Input/username'&#xD;
	at com.kms.katalon.core.webui.keyword.internal.WebUIKeywordMain.stepFailed(WebUIKeywordMain.groovy:64)&#xD;
	at com.kms.katalon.core.webui.keyword.internal.WebUIKeywordMain.runKeyword(WebUIKeywordMain.groovy:26)&#xD;
	at com.kms.katalon.core.webui.keyword.builtin.SendKeysKeyword.sendKeys(SendKeysKeyword.groovy:60)&#xD;
	at com.kms.katalon.core.webui.keyword.builtin.SendKeysKeyword.execute(SendKeysKeyword.groovy:38)&#xD;
	at com.kms.katalon.core.keyword.internal.KeywordExecutor.executeKeywordForPlatform(KeywordExecutor.groovy:56)&#xD;
	at com.kms.katalon.core.webui.keyword.WebUiBuiltInKeywords.sendKeys(WebUiBuiltInKeywords.groovy:834)&#xD;
	at com.kms.katalon.core.webui.keyword.WebUiBuiltInKeywords$sendKeys$2.call(Unknown Source)&#xD;
	at successfulLogin_Test.run(successfulLogin_Test:16)&#xD;
	at com.kms.katalon.core.main.ScriptEngine.run(ScriptEngine.java:194)&#xD;
	at com.kms.katalon.core.main.ScriptEngine.runScriptAsRawText(ScriptEngine.java:119)&#xD;
	at com.kms.katalon.core.main.TestCaseExecutor.runScript(TestCaseExecutor.java:337)&#xD;
	at com.kms.katalon.core.main.TestCaseExecutor.doExecute(TestCaseExecutor.java:328)&#xD;
	at com.kms.katalon.core.main.TestCaseExecutor.processExecutionPhase(TestCaseExecutor.java:307)&#xD;
	at com.kms.katalon.core.main.TestCaseExecutor.accessMainPhase(TestCaseExecutor.java:299)&#xD;
	at com.kms.katalon.core.main.TestCaseExecutor.execute(TestCaseExecutor.java:233)&#xD;
	at com.kms.katalon.core.main.TestCaseMain.runTestCase(TestCaseMain.java:114)&#xD;
	at com.kms.katalon.core.keyword.builtin.CallTestCaseKeyword$_callTestCase_closure1.doCall(CallTestCaseKeyword.groovy:59)&#xD;
	... 36 more&#xD;
Caused by: com.kms.katalon.core.webui.exception.WebElementNotFoundException: Web element with id: 'Object Repository/Input/username' located by 'By.xpath: //*[@data-cy = 'login-email']' not found&#xD;
	at com.kms.katalon.core.webui.common.WebUiCommonHelper.findWebElement(WebUiCommonHelper.java:1097)&#xD;
	at com.kms.katalon.core.webui.keyword.internal.WebUIAbstractKeyword.findWebElement(WebUIAbstractKeyword.groovy:27)&#xD;
	at com.kms.katalon.core.webui.keyword.internal.WebUIAbstractKeyword.findWebElement(WebUIAbstractKeyword.groovy:26)&#xD;
	at com.kms.katalon.core.webui.keyword.builtin.SendKeysKeyword$_sendKeys_closure1.doCall(SendKeysKeyword.groovy:52)&#xD;
	at com.kms.katalon.core.webui.keyword.builtin.SendKeysKeyword$_sendKeys_closure1.call(SendKeysKeyword.groovy)&#xD;
	at com.kms.katalon.core.webui.keyword.internal.WebUIKeywordMain.runKeyword(WebUIKeywordMain.groovy:20)&#xD;
	... 51 more&#xD;
&#xD;
&#xD;
2020-06-23 12:50:29 - [TEST_STEP][PASSED] - Start listener action : setUp: Current window maximized&#xD;
&#xD;
2020-06-23 12:50:29 - [TEST_STEP][PASSED] - openBrowser(URL): Browser is opened with url: 'preprod.imibot.ai'&#xD;
&#xD;
2020-06-23 12:50:29 - [MESSAGE][WARNING] - A browser is already opened. Closing browser and opening a new one&#xD;
&#xD;
2020-06-23 12:50:31 - [MESSAGE][INFO] - Starting 'Chrome' driver&#xD;
&#xD;
2020-06-23 12:50:31 - [MESSAGE][INFO] - User set preference: ['args', '[--start-maximized]']&#xD;
&#xD;
2020-06-23 12:50:38 - [MESSAGE][PASSED] - Browser is opened with url: 'preprod.imibot.ai'&#xD;
&#xD;
2020-06-23 12:50:38 - [TEST_STEP][PASSED] - maximizeWindow(): Current window maximized&#xD;
&#xD;
2020-06-23 12:50:40 - [MESSAGE][PASSED] - Current window maximized&#xD;
&#xD;
2020-06-23 12:50:40 - [TEST_STEP][FAILED] - callTestCase(findTestCase("Faqbot/botCreation_Test"), ["nameOfTheBot":PREVIEW_BOT], STOP_ON_FAILURE): Unable to call Test Case 'Test Cases/Faqbot/botCreation_Test' (Root cause: com.kms.katalon.core.exception.StepFailedException: Call Test Case 'Test Cases/Faqbot/botCreation_Test' failed&#xD;
	at com.kms.katalon.core.keyword.builtin.CallTestCaseKeyword$_callTestCase_closure1.doCall(CallTestCaseKeyword.groovy:63)&#xD;
	at com.kms.katalon.core.keyword.builtin.CallTestCaseKeyword$_callTestCase_closure1.call(CallTestCaseKeyword.groovy)&#xD;
	at com.kms.katalon.core.keyword.internal.KeywordMain.runKeyword(KeywordMain.groovy:68)&#xD;
	at com.kms.katalon.core.keyword.builtin.CallTestCaseKeyword.callTestCase(CallTestCaseKeyword.groovy:81)&#xD;
	at com.kms.katalon.core.keyword.builtin.CallTestCaseKeyword.execute(CallTestCaseKeyword.groovy:44)&#xD;
	at com.kms.katalon.core.keyword.internal.KeywordExecutor.executeKeywordForPlatform(KeywordExecutor.groovy:56)&#xD;
	at com.kms.katalon.core.keyword.BuiltinKeywords.callTestCase(BuiltinKeywords.groovy:334)&#xD;
	at setUpCustomSyn_ShareablePreview1.run(setUpCustomSyn_ShareablePreview1:16)&#xD;
	at com.kms.katalon.core.main.ScriptEngine.run(ScriptEngine.java:194)&#xD;
	at com.kms.katalon.core.main.ScriptEngine.runScriptAsRawText(ScriptEngine.java:119)&#xD;
	at com.kms.katalon.core.main.TestCaseExecutor.runScript(TestCaseExecutor.java:337)&#xD;
	at com.kms.katalon.core.main.TestCaseExecutor.doExecute(TestCaseExecutor.java:328)&#xD;
	at com.kms.katalon.core.main.TestCaseExecutor.processExecutionPhase(TestCaseExecutor.java:307)&#xD;
	at com.kms.katalon.core.main.TestCaseExecutor.accessMainPhase(TestCaseExecutor.java:299)&#xD;
	at com.kms.katalon.core.main.TestCaseExecutor.execute(TestCaseExecutor.java:233)&#xD;
	at com.kms.katalon.core.main.TestSuiteExecutor.accessTestCaseMainPhase(TestSuiteExecutor.java:169)&#xD;
	at com.kms.katalon.core.main.TestSuiteExecutor.accessTestSuiteMainPhase(TestSuiteExecutor.java:142)&#xD;
	at com.kms.katalon.core.main.TestSuiteExecutor.execute(TestSuiteExecutor.java:91)&#xD;
	at com.kms.katalon.core.main.TestCaseMain.startTestSuite(TestCaseMain.java:157)&#xD;
	at com.kms.katalon.core.main.TestCaseMain$startTestSuite$0.call(Unknown Source)&#xD;
	at TempTestSuite1592890301834.run(TempTestSuite1592890301834.groovy:35)&#xD;
Caused by: com.kms.katalon.core.exception.StepFailedException: Call Test Case 'Test Cases/Generic/successfulLogin_Test' failed&#xD;
	at com.kms.katalon.core.keyword.builtin.CallTestCaseKeyword$_callTestCase_closure1.doCall(CallTestCaseKeyword.groovy:63)&#xD;
	at com.kms.katalon.core.keyword.builtin.CallTestCaseKeyword$_callTestCase_closure1.call(CallTestCaseKeyword.groovy)&#xD;
	at com.kms.katalon.core.keyword.internal.KeywordMain.runKeyword(KeywordMain.groovy:68)&#xD;
	at com.kms.katalon.core.keyword.builtin.CallTestCaseKeyword.callTestCase(CallTestCaseKeyword.groovy:81)&#xD;
	at com.kms.katalon.core.keyword.builtin.CallTestCaseKeyword.execute(CallTestCaseKeyword.groovy:44)&#xD;
	at com.kms.katalon.core.keyword.internal.KeywordExecutor.executeKeywordForPlatform(KeywordExecutor.groovy:56)&#xD;
	at com.kms.katalon.core.keyword.BuiltinKeywords.callTestCase(BuiltinKeywords.groovy:334)&#xD;
	at botCreation_Test.run(botCreation_Test:16)&#xD;
	at com.kms.katalon.core.main.ScriptEngine.run(ScriptEngine.java:194)&#xD;
	at com.kms.katalon.core.main.ScriptEngine.runScriptAsRawText(ScriptEngine.java:119)&#xD;
	at com.kms.katalon.core.main.TestCaseExecutor.runScript(TestCaseExecutor.java:337)&#xD;
	at com.kms.katalon.core.main.TestCaseExecutor.doExecute(TestCaseExecutor.java:328)&#xD;
	at com.kms.katalon.core.main.TestCaseExecutor.processExecutionPhase(TestCaseExecutor.java:307)&#xD;
	at com.kms.katalon.core.main.TestCaseExecutor.accessMainPhase(TestCaseExecutor.java:299)&#xD;
	at com.kms.katalon.core.main.TestCaseExecutor.execute(TestCaseExecutor.java:233)&#xD;
	at com.kms.katalon.core.main.TestCaseMain.runTestCase(TestCaseMain.java:114)&#xD;
	at com.kms.katalon.core.keyword.builtin.CallTestCaseKeyword$_callTestCase_closure1.doCall(CallTestCaseKeyword.groovy:59)&#xD;
	... 20 more&#xD;
Caused by: com.kms.katalon.core.exception.StepFailedException: Unable to send keys 'narendra.n@imimobile.com' to object 'Object Repository/Input/username'&#xD;
	at com.kms.katalon.core.webui.keyword.internal.WebUIKeywordMain.stepFailed(WebUIKeywordMain.groovy:64)&#xD;
	at com.kms.katalon.core.webui.keyword.internal.WebUIKeywordMain.runKeyword(WebUIKeywordMain.groovy:26)&#xD;
	at com.kms.katalon.core.webui.keyword.builtin.SendKeysKeyword.sendKeys(SendKeysKeyword.groovy:60)&#xD;
	at com.kms.katalon.core.webui.keyword.builtin.SendKeysKeyword.execute(SendKeysKeyword.groovy:38)&#xD;
	at com.kms.katalon.core.keyword.internal.KeywordExecutor.executeKeywordForPlatform(KeywordExecutor.groovy:56)&#xD;
	at com.kms.katalon.core.webui.keyword.WebUiBuiltInKeywords.sendKeys(WebUiBuiltInKeywords.groovy:834)&#xD;
	at com.kms.katalon.core.webui.keyword.WebUiBuiltInKeywords$sendKeys$2.call(Unknown Source)&#xD;
	at successfulLogin_Test.run(successfulLogin_Test:16)&#xD;
	at com.kms.katalon.core.main.ScriptEngine.run(ScriptEngine.java:194)&#xD;
	at com.kms.katalon.core.main.ScriptEngine.runScriptAsRawText(ScriptEngine.java:119)&#xD;
	at com.kms.katalon.core.main.TestCaseExecutor.runScript(TestCaseExecutor.java:337)&#xD;
	at com.kms.katalon.core.main.TestCaseExecutor.doExecute(TestCaseExecutor.java:328)&#xD;
	at com.kms.katalon.core.main.TestCaseExecutor.processExecutionPhase(TestCaseExecutor.java:307)&#xD;
	at com.kms.katalon.core.main.TestCaseExecutor.accessMainPhase(TestCaseExecutor.java:299)&#xD;
	at com.kms.katalon.core.main.TestCaseExecutor.execute(TestCaseExecutor.java:233)&#xD;
	at com.kms.katalon.core.main.TestCaseMain.runTestCase(TestCaseMain.java:114)&#xD;
	at com.kms.katalon.core.keyword.builtin.CallTestCaseKeyword$_callTestCase_closure1.doCall(CallTestCaseKeyword.groovy:59)&#xD;
	... 36 more&#xD;
Caused by: com.kms.katalon.core.webui.exception.WebElementNotFoundException: Web element with id: 'Object Repository/Input/username' located by 'By.xpath: //*[@data-cy = 'login-email']' not found&#xD;
	at com.kms.katalon.core.webui.common.WebUiCommonHelper.findWebElement(WebUiCommonHelper.java:1097)&#xD;
	at com.kms.katalon.core.webui.keyword.internal.WebUIAbstractKeyword.findWebElement(WebUIAbstractKeyword.groovy:27)&#xD;
	at com.kms.katalon.core.webui.keyword.internal.WebUIAbstractKeyword.findWebElement(WebUIAbstractKeyword.groovy:26)&#xD;
	at com.kms.katalon.core.webui.keyword.builtin.SendKeysKeyword$_sendKeys_closure1.doCall(SendKeysKeyword.groovy:52)&#xD;
	at com.kms.katalon.core.webui.keyword.builtin.SendKeysKeyword$_sendKeys_closure1.call(SendKeysKeyword.groovy)&#xD;
	at com.kms.katalon.core.webui.keyword.internal.WebUIKeywordMain.runKeyword(WebUIKeywordMain.groovy:20)&#xD;
	... 51 more&#xD;
)&#xD;
&#xD;
2020-06-23 12:50:40 - [TEST_CASE][FAILED] - Test Cases/Faqbot/botCreation_Test: Test Cases/Faqbot/botCreation_Test FAILED.
Reason:
com.kms.katalon.core.exception.StepFailedException: Call Test Case 'Test Cases/Generic/successfulLogin_Test' failed&#xD;
	at com.kms.katalon.core.keyword.builtin.CallTestCaseKeyword$_callTestCase_closure1.doCall(CallTestCaseKeyword.groovy:63)&#xD;
	at com.kms.katalon.core.keyword.builtin.CallTestCaseKeyword$_callTestCase_closure1.call(CallTestCaseKeyword.groovy)&#xD;
	at com.kms.katalon.core.keyword.internal.KeywordMain.runKeyword(KeywordMain.groovy:68)&#xD;
	at com.kms.katalon.core.keyword.builtin.CallTestCaseKeyword.callTestCase(CallTestCaseKeyword.groovy:81)&#xD;
	at com.kms.katalon.core.keyword.builtin.CallTestCaseKeyword.execute(CallTestCaseKeyword.groovy:44)&#xD;
	at com.kms.katalon.core.keyword.internal.KeywordExecutor.executeKeywordForPlatform(KeywordExecutor.groovy:56)&#xD;
	at com.kms.katalon.core.keyword.BuiltinKeywords.callTestCase(BuiltinKeywords.groovy:334)&#xD;
	at botCreation_Test.run(botCreation_Test:16)&#xD;
	at com.kms.katalon.core.main.ScriptEngine.run(ScriptEngine.java:194)&#xD;
	at com.kms.katalon.core.main.ScriptEngine.runScriptAsRawText(ScriptEngine.java:119)&#xD;
	at com.kms.katalon.core.main.TestCaseExecutor.runScript(TestCaseExecutor.java:337)&#xD;
	at com.kms.katalon.core.main.TestCaseExecutor.doExecute(TestCaseExecutor.java:328)&#xD;
	at com.kms.katalon.core.main.TestCaseExecutor.processExecutionPhase(TestCaseExecutor.java:307)&#xD;
	at com.kms.katalon.core.main.TestCaseExecutor.accessMainPhase(TestCaseExecutor.java:299)&#xD;
	at com.kms.katalon.core.main.TestCaseExecutor.execute(TestCaseExecutor.java:233)&#xD;
	at com.kms.katalon.core.main.TestCaseMain.runTestCase(TestCaseMain.java:114)&#xD;
	at com.kms.katalon.core.keyword.builtin.CallTestCaseKeyword$_callTestCase_closure1.doCall(CallTestCaseKeyword.groovy:59)&#xD;
	at com.kms.katalon.core.keyword.builtin.CallTestCaseKeyword$_callTestCase_closure1.call(CallTestCaseKeyword.groovy)&#xD;
	at com.kms.katalon.core.keyword.internal.KeywordMain.runKeyword(KeywordMain.groovy:68)&#xD;
	at com.kms.katalon.core.keyword.builtin.CallTestCaseKeyword.callTestCase(CallTestCaseKeyword.groovy:81)&#xD;
	at com.kms.katalon.core.keyword.builtin.CallTestCaseKeyword.execute(CallTestCaseKeyword.groovy:44)&#xD;
	at com.kms.katalon.core.keyword.internal.KeywordExecutor.executeKeywordForPlatform(KeywordExecutor.groovy:56)&#xD;
	at com.kms.katalon.core.keyword.BuiltinKeywords.callTestCase(BuiltinKeywords.groovy:334)&#xD;
	at setUpCustomSyn_ShareablePreview1.run(setUpCustomSyn_ShareablePreview1:16)&#xD;
	at com.kms.katalon.core.main.ScriptEngine.run(ScriptEngine.java:194)&#xD;
	at com.kms.katalon.core.main.ScriptEngine.runScriptAsRawText(ScriptEngine.java:119)&#xD;
	at com.kms.katalon.core.main.TestCaseExecutor.runScript(TestCaseExecutor.java:337)&#xD;
	at com.kms.katalon.core.main.TestCaseExecutor.doExecute(TestCaseExecutor.java:328)&#xD;
	at com.kms.katalon.core.main.TestCaseExecutor.processExecutionPhase(TestCaseExecutor.java:307)&#xD;
	at com.kms.katalon.core.main.TestCaseExecutor.accessMainPhase(TestCaseExecutor.java:299)&#xD;
	at com.kms.katalon.core.main.TestCaseExecutor.execute(TestCaseExecutor.java:233)&#xD;
	at com.kms.katalon.core.main.TestSuiteExecutor.accessTestCaseMainPhase(TestSuiteExecutor.java:169)&#xD;
	at com.kms.katalon.core.main.TestSuiteExecutor.accessTestSuiteMainPhase(TestSuiteExecutor.java:142)&#xD;
	at com.kms.katalon.core.main.TestSuiteExecutor.execute(TestSuiteExecutor.java:91)&#xD;
	at com.kms.katalon.core.main.TestCaseMain.startTestSuite(TestCaseMain.java:157)&#xD;
	at com.kms.katalon.core.main.TestCaseMain$startTestSuite$0.call(Unknown Source)&#xD;
	at TempTestSuite1592890301834.run(TempTestSuite1592890301834.groovy:35)&#xD;
Caused by: com.kms.katalon.core.exception.StepFailedException: Unable to send keys 'narendra.n@imimobile.com' to object 'Object Repository/Input/username'&#xD;
	at com.kms.katalon.core.webui.keyword.internal.WebUIKeywordMain.stepFailed(WebUIKeywordMain.groovy:64)&#xD;
	at com.kms.katalon.core.webui.keyword.internal.WebUIKeywordMain.runKeyword(WebUIKeywordMain.groovy:26)&#xD;
	at com.kms.katalon.core.webui.keyword.builtin.SendKeysKeyword.sendKeys(SendKeysKeyword.groovy:60)&#xD;
	at com.kms.katalon.core.webui.keyword.builtin.SendKeysKeyword.execute(SendKeysKeyword.groovy:38)&#xD;
	at com.kms.katalon.core.keyword.internal.KeywordExecutor.executeKeywordForPlatform(KeywordExecutor.groovy:56)&#xD;
	at com.kms.katalon.core.webui.keyword.WebUiBuiltInKeywords.sendKeys(WebUiBuiltInKeywords.groovy:834)&#xD;
	at com.kms.katalon.core.webui.keyword.WebUiBuiltInKeywords$sendKeys$2.call(Unknown Source)&#xD;
	at successfulLogin_Test.run(successfulLogin_Test:16)&#xD;
	at com.kms.katalon.core.main.ScriptEngine.run(ScriptEngine.java:194)&#xD;
	at com.kms.katalon.core.main.ScriptEngine.runScriptAsRawText(ScriptEngine.java:119)&#xD;
	at com.kms.katalon.core.main.TestCaseExecutor.runScript(TestCaseExecutor.java:337)&#xD;
	at com.kms.katalon.core.main.TestCaseExecutor.doExecute(TestCaseExecutor.java:328)&#xD;
	at com.kms.katalon.core.main.TestCaseExecutor.processExecutionPhase(TestCaseExecutor.java:307)&#xD;
	at com.kms.katalon.core.main.TestCaseExecutor.accessMainPhase(TestCaseExecutor.java:299)&#xD;
	at com.kms.katalon.core.main.TestCaseExecutor.execute(TestCaseExecutor.java:233)&#xD;
	at com.kms.katalon.core.main.TestCaseMain.runTestCase(TestCaseMain.java:114)&#xD;
	at com.kms.katalon.core.keyword.builtin.CallTestCaseKeyword$_callTestCase_closure1.doCall(CallTestCaseKeyword.groovy:59)&#xD;
	... 36 more&#xD;
Caused by: com.kms.katalon.core.webui.exception.WebElementNotFoundException: Web element with id: 'Object Repository/Input/username' located by 'By.xpath: //*[@data-cy = 'login-email']' not found&#xD;
	at com.kms.katalon.core.webui.common.WebUiCommonHelper.findWebElement(WebUiCommonHelper.java:1097)&#xD;
	at com.kms.katalon.core.webui.keyword.internal.WebUIAbstractKeyword.findWebElement(WebUIAbstractKeyword.groovy:27)&#xD;
	at com.kms.katalon.core.webui.keyword.internal.WebUIAbstractKeyword.findWebElement(WebUIAbstractKeyword.groovy:26)&#xD;
	at com.kms.katalon.core.webui.keyword.builtin.SendKeysKeyword$_sendKeys_closure1.doCall(SendKeysKeyword.groovy:52)&#xD;
	at com.kms.katalon.core.webui.keyword.builtin.SendKeysKeyword$_sendKeys_closure1.call(SendKeysKeyword.groovy)&#xD;
	at com.kms.katalon.core.webui.keyword.internal.WebUIKeywordMain.runKeyword(WebUIKeywordMain.groovy:20)&#xD;
	... 51 more&#xD;
&#xD;
&#xD;
2020-06-23 12:50:40 - [TEST_STEP][FAILED] - callTestCase(findTestCase("Generic/successfulLogin_Test"), [:], STOP_ON_FAILURE): Unable to call Test Case 'Test Cases/Generic/successfulLogin_Test' (Root cause: com.kms.katalon.core.exception.StepFailedException: Call Test Case 'Test Cases/Generic/successfulLogin_Test' failed&#xD;
	at com.kms.katalon.core.keyword.builtin.CallTestCaseKeyword$_callTestCase_closure1.doCall(CallTestCaseKeyword.groovy:63)&#xD;
	at com.kms.katalon.core.keyword.builtin.CallTestCaseKeyword$_callTestCase_closure1.call(CallTestCaseKeyword.groovy)&#xD;
	at com.kms.katalon.core.keyword.internal.KeywordMain.runKeyword(KeywordMain.groovy:68)&#xD;
	at com.kms.katalon.core.keyword.builtin.CallTestCaseKeyword.callTestCase(CallTestCaseKeyword.groovy:81)&#xD;
	at com.kms.katalon.core.keyword.builtin.CallTestCaseKeyword.execute(CallTestCaseKeyword.groovy:44)&#xD;
	at com.kms.katalon.core.keyword.internal.KeywordExecutor.executeKeywordForPlatform(KeywordExecutor.groovy:56)&#xD;
	at com.kms.katalon.core.keyword.BuiltinKeywords.callTestCase(BuiltinKeywords.groovy:334)&#xD;
	at botCreation_Test.run(botCreation_Test:16)&#xD;
	at com.kms.katalon.core.main.ScriptEngine.run(ScriptEngine.java:194)&#xD;
	at com.kms.katalon.core.main.ScriptEngine.runScriptAsRawText(ScriptEngine.java:119)&#xD;
	at com.kms.katalon.core.main.TestCaseExecutor.runScript(TestCaseExecutor.java:337)&#xD;
	at com.kms.katalon.core.main.TestCaseExecutor.doExecute(TestCaseExecutor.java:328)&#xD;
	at com.kms.katalon.core.main.TestCaseExecutor.processExecutionPhase(TestCaseExecutor.java:307)&#xD;
	at com.kms.katalon.core.main.TestCaseExecutor.accessMainPhase(TestCaseExecutor.java:299)&#xD;
	at com.kms.katalon.core.main.TestCaseExecutor.execute(TestCaseExecutor.java:233)&#xD;
	at com.kms.katalon.core.main.TestCaseMain.runTestCase(TestCaseMain.java:114)&#xD;
	at com.kms.katalon.core.keyword.builtin.CallTestCaseKeyword$_callTestCase_closure1.doCall(CallTestCaseKeyword.groovy:59)&#xD;
	at com.kms.katalon.core.keyword.builtin.CallTestCaseKeyword$_callTestCase_closure1.call(CallTestCaseKeyword.groovy)&#xD;
	at com.kms.katalon.core.keyword.internal.KeywordMain.runKeyword(KeywordMain.groovy:68)&#xD;
	at com.kms.katalon.core.keyword.builtin.CallTestCaseKeyword.callTestCase(CallTestCaseKeyword.groovy:81)&#xD;
	at com.kms.katalon.core.keyword.builtin.CallTestCaseKeyword.execute(CallTestCaseKeyword.groovy:44)&#xD;
	at com.kms.katalon.core.keyword.internal.KeywordExecutor.executeKeywordForPlatform(KeywordExecutor.groovy:56)&#xD;
	at com.kms.katalon.core.keyword.BuiltinKeywords.callTestCase(BuiltinKeywords.groovy:334)&#xD;
	at setUpCustomSyn_ShareablePreview1.run(setUpCustomSyn_ShareablePreview1:16)&#xD;
	at com.kms.katalon.core.main.ScriptEngine.run(ScriptEngine.java:194)&#xD;
	at com.kms.katalon.core.main.ScriptEngine.runScriptAsRawText(ScriptEngine.java:119)&#xD;
	at com.kms.katalon.core.main.TestCaseExecutor.runScript(TestCaseExecutor.java:337)&#xD;
	at com.kms.katalon.core.main.TestCaseExecutor.doExecute(TestCaseExecutor.java:328)&#xD;
	at com.kms.katalon.core.main.TestCaseExecutor.processExecutionPhase(TestCaseExecutor.java:307)&#xD;
	at com.kms.katalon.core.main.TestCaseExecutor.accessMainPhase(TestCaseExecutor.java:299)&#xD;
	at com.kms.katalon.core.main.TestCaseExecutor.execute(TestCaseExecutor.java:233)&#xD;
	at com.kms.katalon.core.main.TestSuiteExecutor.accessTestCaseMainPhase(TestSuiteExecutor.java:169)&#xD;
	at com.kms.katalon.core.main.TestSuiteExecutor.accessTestSuiteMainPhase(TestSuiteExecutor.java:142)&#xD;
	at com.kms.katalon.core.main.TestSuiteExecutor.execute(TestSuiteExecutor.java:91)&#xD;
	at com.kms.katalon.core.main.TestCaseMain.startTestSuite(TestCaseMain.java:157)&#xD;
	at com.kms.katalon.core.main.TestCaseMain$startTestSuite$0.call(Unknown Source)&#xD;
	at TempTestSuite1592890301834.run(TempTestSuite1592890301834.groovy:35)&#xD;
Caused by: com.kms.katalon.core.exception.StepFailedException: Unable to send keys 'narendra.n@imimobile.com' to object 'Object Repository/Input/username'&#xD;
	at com.kms.katalon.core.webui.keyword.internal.WebUIKeywordMain.stepFailed(WebUIKeywordMain.groovy:64)&#xD;
	at com.kms.katalon.core.webui.keyword.internal.WebUIKeywordMain.runKeyword(WebUIKeywordMain.groovy:26)&#xD;
	at com.kms.katalon.core.webui.keyword.builtin.SendKeysKeyword.sendKeys(SendKeysKeyword.groovy:60)&#xD;
	at com.kms.katalon.core.webui.keyword.builtin.SendKeysKeyword.execute(SendKeysKeyword.groovy:38)&#xD;
	at com.kms.katalon.core.keyword.internal.KeywordExecutor.executeKeywordForPlatform(KeywordExecutor.groovy:56)&#xD;
	at com.kms.katalon.core.webui.keyword.WebUiBuiltInKeywords.sendKeys(WebUiBuiltInKeywords.groovy:834)&#xD;
	at com.kms.katalon.core.webui.keyword.WebUiBuiltInKeywords$sendKeys$2.call(Unknown Source)&#xD;
	at successfulLogin_Test.run(successfulLogin_Test:16)&#xD;
	at com.kms.katalon.core.main.ScriptEngine.run(ScriptEngine.java:194)&#xD;
	at com.kms.katalon.core.main.ScriptEngine.runScriptAsRawText(ScriptEngine.java:119)&#xD;
	at com.kms.katalon.core.main.TestCaseExecutor.runScript(TestCaseExecutor.java:337)&#xD;
	at com.kms.katalon.core.main.TestCaseExecutor.doExecute(TestCaseExecutor.java:328)&#xD;
	at com.kms.katalon.core.main.TestCaseExecutor.processExecutionPhase(TestCaseExecutor.java:307)&#xD;
	at com.kms.katalon.core.main.TestCaseExecutor.accessMainPhase(TestCaseExecutor.java:299)&#xD;
	at com.kms.katalon.core.main.TestCaseExecutor.execute(TestCaseExecutor.java:233)&#xD;
	at com.kms.katalon.core.main.TestCaseMain.runTestCase(TestCaseMain.java:114)&#xD;
	at com.kms.katalon.core.keyword.builtin.CallTestCaseKeyword$_callTestCase_closure1.doCall(CallTestCaseKeyword.groovy:59)&#xD;
	... 36 more&#xD;
Caused by: com.kms.katalon.core.webui.exception.WebElementNotFoundException: Web element with id: 'Object Repository/Input/username' located by 'By.xpath: //*[@data-cy = 'login-email']' not found&#xD;
	at com.kms.katalon.core.webui.common.WebUiCommonHelper.findWebElement(WebUiCommonHelper.java:1097)&#xD;
	at com.kms.katalon.core.webui.keyword.internal.WebUIAbstractKeyword.findWebElement(WebUIAbstractKeyword.groovy:27)&#xD;
	at com.kms.katalon.core.webui.keyword.internal.WebUIAbstractKeyword.findWebElement(WebUIAbstractKeyword.groovy:26)&#xD;
	at com.kms.katalon.core.webui.keyword.builtin.SendKeysKeyword$_sendKeys_closure1.doCall(SendKeysKeyword.groovy:52)&#xD;
	at com.kms.katalon.core.webui.keyword.builtin.SendKeysKeyword$_sendKeys_closure1.call(SendKeysKeyword.groovy)&#xD;
	at com.kms.katalon.core.webui.keyword.internal.WebUIKeywordMain.runKeyword(WebUIKeywordMain.groovy:20)&#xD;
	... 51 more&#xD;
)&#xD;
&#xD;
2020-06-23 12:50:40 - [TEST_CASE][FAILED] - Test Cases/Generic/successfulLogin_Test: Test Cases/Generic/successfulLogin_Test FAILED.
Reason:
com.kms.katalon.core.exception.StepFailedException: Unable to send keys 'narendra.n@imimobile.com' to object 'Object Repository/Input/username'&#xD;
	at com.kms.katalon.core.webui.keyword.internal.WebUIKeywordMain.stepFailed(WebUIKeywordMain.groovy:64)&#xD;
	at com.kms.katalon.core.webui.keyword.internal.WebUIKeywordMain.runKeyword(WebUIKeywordMain.groovy:26)&#xD;
	at com.kms.katalon.core.webui.keyword.builtin.SendKeysKeyword.sendKeys(SendKeysKeyword.groovy:60)&#xD;
	at com.kms.katalon.core.webui.keyword.builtin.SendKeysKeyword.execute(SendKeysKeyword.groovy:38)&#xD;
	at com.kms.katalon.core.keyword.internal.KeywordExecutor.executeKeywordForPlatform(KeywordExecutor.groovy:56)&#xD;
	at com.kms.katalon.core.webui.keyword.WebUiBuiltInKeywords.sendKeys(WebUiBuiltInKeywords.groovy:834)&#xD;
	at com.kms.katalon.core.webui.keyword.WebUiBuiltInKeywords$sendKeys$2.call(Unknown Source)&#xD;
	at successfulLogin_Test.run(successfulLogin_Test:16)&#xD;
	at com.kms.katalon.core.main.ScriptEngine.run(ScriptEngine.java:194)&#xD;
	at com.kms.katalon.core.main.ScriptEngine.runScriptAsRawText(ScriptEngine.java:119)&#xD;
	at com.kms.katalon.core.main.TestCaseExecutor.runScript(TestCaseExecutor.java:337)&#xD;
	at com.kms.katalon.core.main.TestCaseExecutor.doExecute(TestCaseExecutor.java:328)&#xD;
	at com.kms.katalon.core.main.TestCaseExecutor.processExecutionPhase(TestCaseExecutor.java:307)&#xD;
	at com.kms.katalon.core.main.TestCaseExecutor.accessMainPhase(TestCaseExecutor.java:299)&#xD;
	at com.kms.katalon.core.main.TestCaseExecutor.execute(TestCaseExecutor.java:233)&#xD;
	at com.kms.katalon.core.main.TestCaseMain.runTestCase(TestCaseMain.java:114)&#xD;
	at com.kms.katalon.core.keyword.builtin.CallTestCaseKeyword$_callTestCase_closure1.doCall(CallTestCaseKeyword.groovy:59)&#xD;
	at com.kms.katalon.core.keyword.builtin.CallTestCaseKeyword$_callTestCase_closure1.call(CallTestCaseKeyword.groovy)&#xD;
	at com.kms.katalon.core.keyword.internal.KeywordMain.runKeyword(KeywordMain.groovy:68)&#xD;
	at com.kms.katalon.core.keyword.builtin.CallTestCaseKeyword.callTestCase(CallTestCaseKeyword.groovy:81)&#xD;
	at com.kms.katalon.core.keyword.builtin.CallTestCaseKeyword.execute(CallTestCaseKeyword.groovy:44)&#xD;
	at com.kms.katalon.core.keyword.internal.KeywordExecutor.executeKeywordForPlatform(KeywordExecutor.groovy:56)&#xD;
	at com.kms.katalon.core.keyword.BuiltinKeywords.callTestCase(BuiltinKeywords.groovy:334)&#xD;
	at botCreation_Test.run(botCreation_Test:16)&#xD;
	at com.kms.katalon.core.main.ScriptEngine.run(ScriptEngine.java:194)&#xD;
	at com.kms.katalon.core.main.ScriptEngine.runScriptAsRawText(ScriptEngine.java:119)&#xD;
	at com.kms.katalon.core.main.TestCaseExecutor.runScript(TestCaseExecutor.java:337)&#xD;
	at com.kms.katalon.core.main.TestCaseExecutor.doExecute(TestCaseExecutor.java:328)&#xD;
	at com.kms.katalon.core.main.TestCaseExecutor.processExecutionPhase(TestCaseExecutor.java:307)&#xD;
	at com.kms.katalon.core.main.TestCaseExecutor.accessMainPhase(TestCaseExecutor.java:299)&#xD;
	at com.kms.katalon.core.main.TestCaseExecutor.execute(TestCaseExecutor.java:233)&#xD;
	at com.kms.katalon.core.main.TestCaseMain.runTestCase(TestCaseMain.java:114)&#xD;
	at com.kms.katalon.core.keyword.builtin.CallTestCaseKeyword$_callTestCase_closure1.doCall(CallTestCaseKeyword.groovy:59)&#xD;
	at com.kms.katalon.core.keyword.builtin.CallTestCaseKeyword$_callTestCase_closure1.call(CallTestCaseKeyword.groovy)&#xD;
	at com.kms.katalon.core.keyword.internal.KeywordMain.runKeyword(KeywordMain.groovy:68)&#xD;
	at com.kms.katalon.core.keyword.builtin.CallTestCaseKeyword.callTestCase(CallTestCaseKeyword.groovy:81)&#xD;
	at com.kms.katalon.core.keyword.builtin.CallTestCaseKeyword.execute(CallTestCaseKeyword.groovy:44)&#xD;
	at com.kms.katalon.core.keyword.internal.KeywordExecutor.executeKeywordForPlatform(KeywordExecutor.groovy:56)&#xD;
	at com.kms.katalon.core.keyword.BuiltinKeywords.callTestCase(BuiltinKeywords.groovy:334)&#xD;
	at setUpCustomSyn_ShareablePreview1.run(setUpCustomSyn_ShareablePreview1:16)&#xD;
	at com.kms.katalon.core.main.ScriptEngine.run(ScriptEngine.java:194)&#xD;
	at com.kms.katalon.core.main.ScriptEngine.runScriptAsRawText(ScriptEngine.java:119)&#xD;
	at com.kms.katalon.core.main.TestCaseExecutor.runScript(TestCaseExecutor.java:337)&#xD;
	at com.kms.katalon.core.main.TestCaseExecutor.doExecute(TestCaseExecutor.java:328)&#xD;
	at com.kms.katalon.core.main.TestCaseExecutor.processExecutionPhase(TestCaseExecutor.java:307)&#xD;
	at com.kms.katalon.core.main.TestCaseExecutor.accessMainPhase(TestCaseExecutor.java:299)&#xD;
	at com.kms.katalon.core.main.TestCaseExecutor.execute(TestCaseExecutor.java:233)&#xD;
	at com.kms.katalon.core.main.TestSuiteExecutor.accessTestCaseMainPhase(TestSuiteExecutor.java:169)&#xD;
	at com.kms.katalon.core.main.TestSuiteExecutor.accessTestSuiteMainPhase(TestSuiteExecutor.java:142)&#xD;
	at com.kms.katalon.core.main.TestSuiteExecutor.execute(TestSuiteExecutor.java:91)&#xD;
	at com.kms.katalon.core.main.TestCaseMain.startTestSuite(TestCaseMain.java:157)&#xD;
	at com.kms.katalon.core.main.TestCaseMain$startTestSuite$0.call(Unknown Source)&#xD;
	at TempTestSuite1592890301834.run(TempTestSuite1592890301834.groovy:35)&#xD;
Caused by: com.kms.katalon.core.webui.exception.WebElementNotFoundException: Web element with id: 'Object Repository/Input/username' located by 'By.xpath: //*[@data-cy = 'login-email']' not found&#xD;
	at com.kms.katalon.core.webui.common.WebUiCommonHelper.findWebElement(WebUiCommonHelper.java:1097)&#xD;
	at com.kms.katalon.core.webui.keyword.internal.WebUIAbstractKeyword.findWebElement(WebUIAbstractKeyword.groovy:27)&#xD;
	at com.kms.katalon.core.webui.keyword.internal.WebUIAbstractKeyword.findWebElement(WebUIAbstractKeyword.groovy:26)&#xD;
	at com.kms.katalon.core.webui.keyword.builtin.SendKeysKeyword$_sendKeys_closure1.doCall(SendKeysKeyword.groovy:52)&#xD;
	at com.kms.katalon.core.webui.keyword.builtin.SendKeysKeyword$_sendKeys_closure1.call(SendKeysKeyword.groovy)&#xD;
	at com.kms.katalon.core.webui.keyword.internal.WebUIKeywordMain.runKeyword(WebUIKeywordMain.groovy:20)&#xD;
	... 51 more&#xD;
&#xD;
&#xD;
2020-06-23 12:50:40 - [TEST_STEP][FAILED] - sendKeys(findTestObject("Input/username"), USERNAME): Unable to send keys 'narendra.n@imimobile.com' to object 'Object Repository/Input/username' (Root cause: com.kms.katalon.core.exception.StepFailedException: Unable to send keys 'narendra.n@imimobile.com' to object 'Object Repository/Input/username'&#xD;
	at com.kms.katalon.core.webui.keyword.internal.WebUIKeywordMain.stepFailed(WebUIKeywordMain.groovy:64)&#xD;
	at com.kms.katalon.core.webui.keyword.internal.WebUIKeywordMain.runKeyword(WebUIKeywordMain.groovy:26)&#xD;
	at com.kms.katalon.core.webui.keyword.builtin.SendKeysKeyword.sendKeys(SendKeysKeyword.groovy:60)&#xD;
	at com.kms.katalon.core.webui.keyword.builtin.SendKeysKeyword.execute(SendKeysKeyword.groovy:38)&#xD;
	at com.kms.katalon.core.keyword.internal.KeywordExecutor.executeKeywordForPlatform(KeywordExecutor.groovy:56)&#xD;
	at com.kms.katalon.core.webui.keyword.WebUiBuiltInKeywords.sendKeys(WebUiBuiltInKeywords.groovy:834)&#xD;
	at com.kms.katalon.core.webui.keyword.WebUiBuiltInKeywords$sendKeys$2.call(Unknown Source)&#xD;
	at successfulLogin_Test.run(successfulLogin_Test:16)&#xD;
	at com.kms.katalon.core.main.ScriptEngine.run(ScriptEngine.java:194)&#xD;
	at com.kms.katalon.core.main.ScriptEngine.runScriptAsRawText(ScriptEngine.java:119)&#xD;
	at com.kms.katalon.core.main.TestCaseExecutor.runScript(TestCaseExecutor.java:337)&#xD;
	at com.kms.katalon.core.main.TestCaseExecutor.doExecute(TestCaseExecutor.java:328)&#xD;
	at com.kms.katalon.core.main.TestCaseExecutor.processExecutionPhase(TestCaseExecutor.java:307)&#xD;
	at com.kms.katalon.core.main.TestCaseExecutor.accessMainPhase(TestCaseExecutor.java:299)&#xD;
	at com.kms.katalon.core.main.TestCaseExecutor.execute(TestCaseExecutor.java:233)&#xD;
	at com.kms.katalon.core.main.TestCaseMain.runTestCase(TestCaseMain.java:114)&#xD;
	at com.kms.katalon.core.keyword.builtin.CallTestCaseKeyword$_callTestCase_closure1.doCall(CallTestCaseKeyword.groovy:59)&#xD;
	at com.kms.katalon.core.keyword.builtin.CallTestCaseKeyword$_callTestCase_closure1.call(CallTestCaseKeyword.groovy)&#xD;
	at com.kms.katalon.core.keyword.internal.KeywordMain.runKeyword(KeywordMain.groovy:68)&#xD;
	at com.kms.katalon.core.keyword.builtin.CallTestCaseKeyword.callTestCase(CallTestCaseKeyword.groovy:81)&#xD;
	at com.kms.katalon.core.keyword.builtin.CallTestCaseKeyword.execute(CallTestCaseKeyword.groovy:44)&#xD;
	at com.kms.katalon.core.keyword.internal.KeywordExecutor.executeKeywordForPlatform(KeywordExecutor.groovy:56)&#xD;
	at com.kms.katalon.core.keyword.BuiltinKeywords.callTestCase(BuiltinKeywords.groovy:334)&#xD;
	at botCreation_Test.run(botCreation_Test:16)&#xD;
	at com.kms.katalon.core.main.ScriptEngine.run(ScriptEngine.java:194)&#xD;
	at com.kms.katalon.core.main.ScriptEngine.runScriptAsRawText(ScriptEngine.java:119)&#xD;
	at com.kms.katalon.core.main.TestCaseExecutor.runScript(TestCaseExecutor.java:337)&#xD;
	at com.kms.katalon.core.main.TestCaseExecutor.doExecute(TestCaseExecutor.java:328)&#xD;
	at com.kms.katalon.core.main.TestCaseExecutor.processExecutionPhase(TestCaseExecutor.java:307)&#xD;
	at com.kms.katalon.core.main.TestCaseExecutor.accessMainPhase(TestCaseExecutor.java:299)&#xD;
	at com.kms.katalon.core.main.TestCaseExecutor.execute(TestCaseExecutor.java:233)&#xD;
	at com.kms.katalon.core.main.TestCaseMain.runTestCase(TestCaseMain.java:114)&#xD;
	at com.kms.katalon.core.keyword.builtin.CallTestCaseKeyword$_callTestCase_closure1.doCall(CallTestCaseKeyword.groovy:59)&#xD;
	at com.kms.katalon.core.keyword.builtin.CallTestCaseKeyword$_callTestCase_closure1.call(CallTestCaseKeyword.groovy)&#xD;
	at com.kms.katalon.core.keyword.internal.KeywordMain.runKeyword(KeywordMain.groovy:68)&#xD;
	at com.kms.katalon.core.keyword.builtin.CallTestCaseKeyword.callTestCase(CallTestCaseKeyword.groovy:81)&#xD;
	at com.kms.katalon.core.keyword.builtin.CallTestCaseKeyword.execute(CallTestCaseKeyword.groovy:44)&#xD;
	at com.kms.katalon.core.keyword.internal.KeywordExecutor.executeKeywordForPlatform(KeywordExecutor.groovy:56)&#xD;
	at com.kms.katalon.core.keyword.BuiltinKeywords.callTestCase(BuiltinKeywords.groovy:334)&#xD;
	at setUpCustomSyn_ShareablePreview1.run(setUpCustomSyn_ShareablePreview1:16)&#xD;
	at com.kms.katalon.core.main.ScriptEngine.run(ScriptEngine.java:194)&#xD;
	at com.kms.katalon.core.main.ScriptEngine.runScriptAsRawText(ScriptEngine.java:119)&#xD;
	at com.kms.katalon.core.main.TestCaseExecutor.runScript(TestCaseExecutor.java:337)&#xD;
	at com.kms.katalon.core.main.TestCaseExecutor.doExecute(TestCaseExecutor.java:328)&#xD;
	at com.kms.katalon.core.main.TestCaseExecutor.processExecutionPhase(TestCaseExecutor.java:307)&#xD;
	at com.kms.katalon.core.main.TestCaseExecutor.accessMainPhase(TestCaseExecutor.java:299)&#xD;
	at com.kms.katalon.core.main.TestCaseExecutor.execute(TestCaseExecutor.java:233)&#xD;
	at com.kms.katalon.core.main.TestSuiteExecutor.accessTestCaseMainPhase(TestSuiteExecutor.java:169)&#xD;
	at com.kms.katalon.core.main.TestSuiteExecutor.accessTestSuiteMainPhase(TestSuiteExecutor.java:142)&#xD;
	at com.kms.katalon.core.main.TestSuiteExecutor.execute(TestSuiteExecutor.java:91)&#xD;
	at com.kms.katalon.core.main.TestCaseMain.startTestSuite(TestCaseMain.java:157)&#xD;
	at com.kms.katalon.core.main.TestCaseMain$startTestSuite$0.call(Unknown Source)&#xD;
	at TempTestSuite1592890301834.run(TempTestSuite1592890301834.groovy:35)&#xD;
Caused by: com.kms.katalon.core.webui.exception.WebElementNotFoundException: Web element with id: 'Object Repository/Input/username' located by 'By.xpath: //*[@data-cy = 'login-email']' not found&#xD;
	at com.kms.katalon.core.webui.common.WebUiCommonHelper.findWebElement(WebUiCommonHelper.java:1097)&#xD;
	at com.kms.katalon.core.webui.keyword.internal.WebUIAbstractKeyword.findWebElement(WebUIAbstractKeyword.groovy:27)&#xD;
	at com.kms.katalon.core.webui.keyword.internal.WebUIAbstractKeyword.findWebElement(WebUIAbstractKeyword.groovy:26)&#xD;
	at com.kms.katalon.core.webui.keyword.builtin.SendKeysKeyword$_sendKeys_closure1.doCall(SendKeysKeyword.groovy:52)&#xD;
	at com.kms.katalon.core.webui.keyword.builtin.SendKeysKeyword$_sendKeys_closure1.call(SendKeysKeyword.groovy)&#xD;
	at com.kms.katalon.core.webui.keyword.internal.WebUIKeywordMain.runKeyword(WebUIKeywordMain.groovy:20)&#xD;
	at com.kms.katalon.core.webui.keyword.builtin.SendKeysKeyword.sendKeys(SendKeysKeyword.groovy:60)&#xD;
	at com.kms.katalon.core.webui.keyword.builtin.SendKeysKeyword.execute(SendKeysKeyword.groovy:38)&#xD;
	at com.kms.katalon.core.keyword.internal.KeywordExecutor.executeKeywordForPlatform(KeywordExecutor.groovy:56)&#xD;
	at com.kms.katalon.core.webui.keyword.WebUiBuiltInKeywords.sendKeys(WebUiBuiltInKeywords.groovy:834)&#xD;
	at com.kms.katalon.core.webui.keyword.WebUiBuiltInKeywords$sendKeys$2.call(Unknown Source)&#xD;
	at Script1588401831350.run(Script1588401831350.groovy:16)&#xD;
	at com.kms.katalon.core.main.ScriptEngine.run(ScriptEngine.java:194)&#xD;
	at com.kms.katalon.core.main.ScriptEngine.runScriptAsRawText(ScriptEngine.java:119)&#xD;
	at com.kms.katalon.core.main.TestCaseExecutor.runScript(TestCaseExecutor.java:337)&#xD;
	at com.kms.katalon.core.main.TestCaseExecutor.doExecute(TestCaseExecutor.java:328)&#xD;
	at com.kms.katalon.core.main.TestCaseExecutor.processExecutionPhase(TestCaseExecutor.java:307)&#xD;
	at com.kms.katalon.core.main.TestCaseExecutor.accessMainPhase(TestCaseExecutor.java:299)&#xD;
	at com.kms.katalon.core.main.TestCaseExecutor.execute(TestCaseExecutor.java:233)&#xD;
	at com.kms.katalon.core.main.TestCaseMain.runTestCase(TestCaseMain.java:114)&#xD;
	at com.kms.katalon.core.keyword.builtin.CallTestCaseKeyword$_callTestCase_closure1.doCall(CallTestCaseKeyword.groovy:59)&#xD;
	at com.kms.katalon.core.keyword.builtin.CallTestCaseKeyword$_callTestCase_closure1.call(CallTestCaseKeyword.groovy)&#xD;
	at com.kms.katalon.core.keyword.internal.KeywordMain.runKeyword(KeywordMain.groovy:68)&#xD;
	at com.kms.katalon.core.keyword.builtin.CallTestCaseKeyword.callTestCase(CallTestCaseKeyword.groovy:81)&#xD;
	at com.kms.katalon.core.keyword.builtin.CallTestCaseKeyword.execute(CallTestCaseKeyword.groovy:44)&#xD;
	at com.kms.katalon.core.keyword.internal.KeywordExecutor.executeKeywordForPlatform(KeywordExecutor.groovy:56)&#xD;
	at com.kms.katalon.core.keyword.BuiltinKeywords.callTestCase(BuiltinKeywords.groovy:334)&#xD;
	at Script1589723572221.run(Script1589723572221.groovy:16)&#xD;
	at com.kms.katalon.core.main.ScriptEngine.run(ScriptEngine.java:194)&#xD;
	at com.kms.katalon.core.main.ScriptEngine.runScriptAsRawText(ScriptEngine.java:119)&#xD;
	at com.kms.katalon.core.main.TestCaseExecutor.runScript(TestCaseExecutor.java:337)&#xD;
	at com.kms.katalon.core.main.TestCaseExecutor.doExecute(TestCaseExecutor.java:328)&#xD;
	at com.kms.katalon.core.main.TestCaseExecutor.processExecutionPhase(TestCaseExecutor.java:307)&#xD;
	at com.kms.katalon.core.main.TestCaseExecutor.accessMainPhase(TestCaseExecutor.java:299)&#xD;
	at com.kms.katalon.core.main.TestCaseExecutor.execute(TestCaseExecutor.java:233)&#xD;
	at com.kms.katalon.core.main.TestCaseMain.runTestCase(TestCaseMain.java:114)&#xD;
	at com.kms.katalon.core.keyword.builtin.CallTestCaseKeyword$_callTestCase_closure1.doCall(CallTestCaseKeyword.groovy:59)&#xD;
	at com.kms.katalon.core.keyword.builtin.CallTestCaseKeyword$_callTestCase_closure1.call(CallTestCaseKeyword.groovy)&#xD;
	at com.kms.katalon.core.keyword.internal.KeywordMain.runKeyword(KeywordMain.groovy:68)&#xD;
	at com.kms.katalon.core.keyword.builtin.CallTestCaseKeyword.callTestCase(CallTestCaseKeyword.groovy:81)&#xD;
	at com.kms.katalon.core.keyword.builtin.CallTestCaseKeyword.execute(CallTestCaseKeyword.groovy:44)&#xD;
	at com.kms.katalon.core.keyword.internal.KeywordExecutor.executeKeywordForPlatform(KeywordExecutor.groovy:56)&#xD;
	at com.kms.katalon.core.keyword.BuiltinKeywords.callTestCase(BuiltinKeywords.groovy:334)&#xD;
	at Script1590571489796.run(Script1590571489796.groovy:16)&#xD;
	... 13 more&#xD;
)&#xD;
&#xD;
2020-06-23 12:50:52 - [MESSAGE][INFO] - Unable to find the element located by 'By.xpath: //*[@data-cy = 'login-email']'. Please recheck the objects properties to make sure the desired element is located. &#xD;
&#xD;
2020-06-23 12:50:53 - [MESSAGE][FAILED] - Unable to send keys 'narendra.n@imimobile.com' to object 'Object Repository/Input/username' (Root cause: com.kms.katalon.core.exception.StepFailedException: Unable to send keys 'narendra.n@imimobile.com' to object 'Object Repository/Input/username'&#xD;
	at com.kms.katalon.core.webui.keyword.internal.WebUIKeywordMain.stepFailed(WebUIKeywordMain.groovy:64)&#xD;
	at com.kms.katalon.core.webui.keyword.internal.WebUIKeywordMain.runKeyword(WebUIKeywordMain.groovy:26)&#xD;
	at com.kms.katalon.core.webui.keyword.builtin.SendKeysKeyword.sendKeys(SendKeysKeyword.groovy:60)&#xD;
	at com.kms.katalon.core.webui.keyword.builtin.SendKeysKeyword.execute(SendKeysKeyword.groovy:38)&#xD;
	at com.kms.katalon.core.keyword.internal.KeywordExecutor.executeKeywordForPlatform(KeywordExecutor.groovy:56)&#xD;
	at com.kms.katalon.core.webui.keyword.WebUiBuiltInKeywords.sendKeys(WebUiBuiltInKeywords.groovy:834)&#xD;
	at com.kms.katalon.core.webui.keyword.WebUiBuiltInKeywords$sendKeys$2.call(Unknown Source)&#xD;
	at successfulLogin_Test.run(successfulLogin_Test:16)&#xD;
	at com.kms.katalon.core.main.ScriptEngine.run(ScriptEngine.java:194)&#xD;
	at com.kms.katalon.core.main.ScriptEngine.runScriptAsRawText(ScriptEngine.java:119)&#xD;
	at com.kms.katalon.core.main.TestCaseExecutor.runScript(TestCaseExecutor.java:337)&#xD;
	at com.kms.katalon.core.main.TestCaseExecutor.doExecute(TestCaseExecutor.java:328)&#xD;
	at com.kms.katalon.core.main.TestCaseExecutor.processExecutionPhase(TestCaseExecutor.java:307)&#xD;
	at com.kms.katalon.core.main.TestCaseExecutor.accessMainPhase(TestCaseExecutor.java:299)&#xD;
	at com.kms.katalon.core.main.TestCaseExecutor.execute(TestCaseExecutor.java:233)&#xD;
	at com.kms.katalon.core.main.TestCaseMain.runTestCase(TestCaseMain.java:114)&#xD;
	at com.kms.katalon.core.keyword.builtin.CallTestCaseKeyword$_callTestCase_closure1.doCall(CallTestCaseKeyword.groovy:59)&#xD;
	at com.kms.katalon.core.keyword.builtin.CallTestCaseKeyword$_callTestCase_closure1.call(CallTestCaseKeyword.groovy)&#xD;
	at com.kms.katalon.core.keyword.internal.KeywordMain.runKeyword(KeywordMain.groovy:68)&#xD;
	at com.kms.katalon.core.keyword.builtin.CallTestCaseKeyword.callTestCase(CallTestCaseKeyword.groovy:81)&#xD;
	at com.kms.katalon.core.keyword.builtin.CallTestCaseKeyword.execute(CallTestCaseKeyword.groovy:44)&#xD;
	at com.kms.katalon.core.keyword.internal.KeywordExecutor.executeKeywordForPlatform(KeywordExecutor.groovy:56)&#xD;
	at com.kms.katalon.core.keyword.BuiltinKeywords.callTestCase(BuiltinKeywords.groovy:334)&#xD;
	at botCreation_Test.run(botCreation_Test:16)&#xD;
	at com.kms.katalon.core.main.ScriptEngine.run(ScriptEngine.java:194)&#xD;
	at com.kms.katalon.core.main.ScriptEngine.runScriptAsRawText(ScriptEngine.java:119)&#xD;
	at com.kms.katalon.core.main.TestCaseExecutor.runScript(TestCaseExecutor.java:337)&#xD;
	at com.kms.katalon.core.main.TestCaseExecutor.doExecute(TestCaseExecutor.java:328)&#xD;
	at com.kms.katalon.core.main.TestCaseExecutor.processExecutionPhase(TestCaseExecutor.java:307)&#xD;
	at com.kms.katalon.core.main.TestCaseExecutor.accessMainPhase(TestCaseExecutor.java:299)&#xD;
	at com.kms.katalon.core.main.TestCaseExecutor.execute(TestCaseExecutor.java:233)&#xD;
	at com.kms.katalon.core.main.TestCaseMain.runTestCase(TestCaseMain.java:114)&#xD;
	at com.kms.katalon.core.keyword.builtin.CallTestCaseKeyword$_callTestCase_closure1.doCall(CallTestCaseKeyword.groovy:59)&#xD;
	at com.kms.katalon.core.keyword.builtin.CallTestCaseKeyword$_callTestCase_closure1.call(CallTestCaseKeyword.groovy)&#xD;
	at com.kms.katalon.core.keyword.internal.KeywordMain.runKeyword(KeywordMain.groovy:68)&#xD;
	at com.kms.katalon.core.keyword.builtin.CallTestCaseKeyword.callTestCase(CallTestCaseKeyword.groovy:81)&#xD;
	at com.kms.katalon.core.keyword.builtin.CallTestCaseKeyword.execute(CallTestCaseKeyword.groovy:44)&#xD;
	at com.kms.katalon.core.keyword.internal.KeywordExecutor.executeKeywordForPlatform(KeywordExecutor.groovy:56)&#xD;
	at com.kms.katalon.core.keyword.BuiltinKeywords.callTestCase(BuiltinKeywords.groovy:334)&#xD;
	at setUpCustomSyn_ShareablePreview1.run(setUpCustomSyn_ShareablePreview1:16)&#xD;
	at com.kms.katalon.core.main.ScriptEngine.run(ScriptEngine.java:194)&#xD;
	at com.kms.katalon.core.main.ScriptEngine.runScriptAsRawText(ScriptEngine.java:119)&#xD;
	at com.kms.katalon.core.main.TestCaseExecutor.runScript(TestCaseExecutor.java:337)&#xD;
	at com.kms.katalon.core.main.TestCaseExecutor.doExecute(TestCaseExecutor.java:328)&#xD;
	at com.kms.katalon.core.main.TestCaseExecutor.processExecutionPhase(TestCaseExecutor.java:307)&#xD;
	at com.kms.katalon.core.main.TestCaseExecutor.accessMainPhase(TestCaseExecutor.java:299)&#xD;
	at com.kms.katalon.core.main.TestCaseExecutor.execute(TestCaseExecutor.java:233)&#xD;
	at com.kms.katalon.core.main.TestSuiteExecutor.accessTestCaseMainPhase(TestSuiteExecutor.java:169)&#xD;
	at com.kms.katalon.core.main.TestSuiteExecutor.accessTestSuiteMainPhase(TestSuiteExecutor.java:142)&#xD;
	at com.kms.katalon.core.main.TestSuiteExecutor.execute(TestSuiteExecutor.java:91)&#xD;
	at com.kms.katalon.core.main.TestCaseMain.startTestSuite(TestCaseMain.java:157)&#xD;
	at com.kms.katalon.core.main.TestCaseMain$startTestSuite$0.call(Unknown Source)&#xD;
	at TempTestSuite1592890301834.run(TempTestSuite1592890301834.groovy:35)&#xD;
Caused by: com.kms.katalon.core.webui.exception.WebElementNotFoundException: Web element with id: 'Object Repository/Input/username' located by 'By.xpath: //*[@data-cy = 'login-email']' not found&#xD;
	at com.kms.katalon.core.webui.common.WebUiCommonHelper.findWebElement(WebUiCommonHelper.java:1097)&#xD;
	at com.kms.katalon.core.webui.keyword.internal.WebUIAbstractKeyword.findWebElement(WebUIAbstractKeyword.groovy:27)&#xD;
	at com.kms.katalon.core.webui.keyword.internal.WebUIAbstractKeyword.findWebElement(WebUIAbstractKeyword.groovy:26)&#xD;
	at com.kms.katalon.core.webui.keyword.builtin.SendKeysKeyword$_sendKeys_closure1.doCall(SendKeysKeyword.groovy:52)&#xD;
	at com.kms.katalon.core.webui.keyword.builtin.SendKeysKeyword$_sendKeys_closure1.call(SendKeysKeyword.groovy)&#xD;
	at com.kms.katalon.core.webui.keyword.internal.WebUIKeywordMain.runKeyword(WebUIKeywordMain.groovy:20)&#xD;
	at com.kms.katalon.core.webui.keyword.builtin.SendKeysKeyword.sendKeys(SendKeysKeyword.groovy:60)&#xD;
	at com.kms.katalon.core.webui.keyword.builtin.SendKeysKeyword.execute(SendKeysKeyword.groovy:38)&#xD;
	at com.kms.katalon.core.keyword.internal.KeywordExecutor.executeKeywordForPlatform(KeywordExecutor.groovy:56)&#xD;
	at com.kms.katalon.core.webui.keyword.WebUiBuiltInKeywords.sendKeys(WebUiBuiltInKeywords.groovy:834)&#xD;
	at com.kms.katalon.core.webui.keyword.WebUiBuiltInKeywords$sendKeys$2.call(Unknown Source)&#xD;
	at Script1588401831350.run(Script1588401831350.groovy:16)&#xD;
	at com.kms.katalon.core.main.ScriptEngine.run(ScriptEngine.java:194)&#xD;
	at com.kms.katalon.core.main.ScriptEngine.runScriptAsRawText(ScriptEngine.java:119)&#xD;
	at com.kms.katalon.core.main.TestCaseExecutor.runScript(TestCaseExecutor.java:337)&#xD;
	at com.kms.katalon.core.main.TestCaseExecutor.doExecute(TestCaseExecutor.java:328)&#xD;
	at com.kms.katalon.core.main.TestCaseExecutor.processExecutionPhase(TestCaseExecutor.java:307)&#xD;
	at com.kms.katalon.core.main.TestCaseExecutor.accessMainPhase(TestCaseExecutor.java:299)&#xD;
	at com.kms.katalon.core.main.TestCaseExecutor.execute(TestCaseExecutor.java:233)&#xD;
	at com.kms.katalon.core.main.TestCaseMain.runTestCase(TestCaseMain.java:114)&#xD;
	at com.kms.katalon.core.keyword.builtin.CallTestCaseKeyword$_callTestCase_closure1.doCall(CallTestCaseKeyword.groovy:59)&#xD;
	at com.kms.katalon.core.keyword.builtin.CallTestCaseKeyword$_callTestCase_closure1.call(CallTestCaseKeyword.groovy)&#xD;
	at com.kms.katalon.core.keyword.internal.KeywordMain.runKeyword(KeywordMain.groovy:68)&#xD;
	at com.kms.katalon.core.keyword.builtin.CallTestCaseKeyword.callTestCase(CallTestCaseKeyword.groovy:81)&#xD;
	at com.kms.katalon.core.keyword.builtin.CallTestCaseKeyword.execute(CallTestCaseKeyword.groovy:44)&#xD;
	at com.kms.katalon.core.keyword.internal.KeywordExecutor.executeKeywordForPlatform(KeywordExecutor.groovy:56)&#xD;
	at com.kms.katalon.core.keyword.BuiltinKeywords.callTestCase(BuiltinKeywords.groovy:334)&#xD;
	at Script1589723572221.run(Script1589723572221.groovy:16)&#xD;
	at com.kms.katalon.core.main.ScriptEngine.run(ScriptEngine.java:194)&#xD;
	at com.kms.katalon.core.main.ScriptEngine.runScriptAsRawText(ScriptEngine.java:119)&#xD;
	at com.kms.katalon.core.main.TestCaseExecutor.runScript(TestCaseExecutor.java:337)&#xD;
	at com.kms.katalon.core.main.TestCaseExecutor.doExecute(TestCaseExecutor.java:328)&#xD;
	at com.kms.katalon.core.main.TestCaseExecutor.processExecutionPhase(TestCaseExecutor.java:307)&#xD;
	at com.kms.katalon.core.main.TestCaseExecutor.accessMainPhase(TestCaseExecutor.java:299)&#xD;
	at com.kms.katalon.core.main.TestCaseExecutor.execute(TestCaseExecutor.java:233)&#xD;
	at com.kms.katalon.core.main.TestCaseMain.runTestCase(TestCaseMain.java:114)&#xD;
	at com.kms.katalon.core.keyword.builtin.CallTestCaseKeyword$_callTestCase_closure1.doCall(CallTestCaseKeyword.groovy:59)&#xD;
	at com.kms.katalon.core.keyword.builtin.CallTestCaseKeyword$_callTestCase_closure1.call(CallTestCaseKeyword.groovy)&#xD;
	at com.kms.katalon.core.keyword.internal.KeywordMain.runKeyword(KeywordMain.groovy:68)&#xD;
	at com.kms.katalon.core.keyword.builtin.CallTestCaseKeyword.callTestCase(CallTestCaseKeyword.groovy:81)&#xD;
	at com.kms.katalon.core.keyword.builtin.CallTestCaseKeyword.execute(CallTestCaseKeyword.groovy:44)&#xD;
	at com.kms.katalon.core.keyword.internal.KeywordExecutor.executeKeywordForPlatform(KeywordExecutor.groovy:56)&#xD;
	at com.kms.katalon.core.keyword.BuiltinKeywords.callTestCase(BuiltinKeywords.groovy:334)&#xD;
	at Script1590571489796.run(Script1590571489796.groovy:16)&#xD;
	... 13 more&#xD;
)&#xD;
[[ATTACHMENT|D:\\IMIbot.ai-Project\\Reports\\20200623_110141\\Regression\\20200623_110141\\1592896852127.png]]&#xD;
&#xD;
2020-06-23 12:50:53 - [MESSAGE][FAILED] - Unable to call Test Case 'Test Cases/Generic/successfulLogin_Test' (Root cause: com.kms.katalon.core.exception.StepFailedException: Call Test Case 'Test Cases/Generic/successfulLogin_Test' failed&#xD;
	at com.kms.katalon.core.keyword.builtin.CallTestCaseKeyword$_callTestCase_closure1.doCall(CallTestCaseKeyword.groovy:63)&#xD;
	at com.kms.katalon.core.keyword.builtin.CallTestCaseKeyword$_callTestCase_closure1.call(CallTestCaseKeyword.groovy)&#xD;
	at com.kms.katalon.core.keyword.internal.KeywordMain.runKeyword(KeywordMain.groovy:68)&#xD;
	at com.kms.katalon.core.keyword.builtin.CallTestCaseKeyword.callTestCase(CallTestCaseKeyword.groovy:81)&#xD;
	at com.kms.katalon.core.keyword.builtin.CallTestCaseKeyword.execute(CallTestCaseKeyword.groovy:44)&#xD;
	at com.kms.katalon.core.keyword.internal.KeywordExecutor.executeKeywordForPlatform(KeywordExecutor.groovy:56)&#xD;
	at com.kms.katalon.core.keyword.BuiltinKeywords.callTestCase(BuiltinKeywords.groovy:334)&#xD;
	at botCreation_Test.run(botCreation_Test:16)&#xD;
	at com.kms.katalon.core.main.ScriptEngine.run(ScriptEngine.java:194)&#xD;
	at com.kms.katalon.core.main.ScriptEngine.runScriptAsRawText(ScriptEngine.java:119)&#xD;
	at com.kms.katalon.core.main.TestCaseExecutor.runScript(TestCaseExecutor.java:337)&#xD;
	at com.kms.katalon.core.main.TestCaseExecutor.doExecute(TestCaseExecutor.java:328)&#xD;
	at com.kms.katalon.core.main.TestCaseExecutor.processExecutionPhase(TestCaseExecutor.java:307)&#xD;
	at com.kms.katalon.core.main.TestCaseExecutor.accessMainPhase(TestCaseExecutor.java:299)&#xD;
	at com.kms.katalon.core.main.TestCaseExecutor.execute(TestCaseExecutor.java:233)&#xD;
	at com.kms.katalon.core.main.TestCaseMain.runTestCase(TestCaseMain.java:114)&#xD;
	at com.kms.katalon.core.keyword.builtin.CallTestCaseKeyword$_callTestCase_closure1.doCall(CallTestCaseKeyword.groovy:59)&#xD;
	at com.kms.katalon.core.keyword.builtin.CallTestCaseKeyword$_callTestCase_closure1.call(CallTestCaseKeyword.groovy)&#xD;
	at com.kms.katalon.core.keyword.internal.KeywordMain.runKeyword(KeywordMain.groovy:68)&#xD;
	at com.kms.katalon.core.keyword.builtin.CallTestCaseKeyword.callTestCase(CallTestCaseKeyword.groovy:81)&#xD;
	at com.kms.katalon.core.keyword.builtin.CallTestCaseKeyword.execute(CallTestCaseKeyword.groovy:44)&#xD;
	at com.kms.katalon.core.keyword.internal.KeywordExecutor.executeKeywordForPlatform(KeywordExecutor.groovy:56)&#xD;
	at com.kms.katalon.core.keyword.BuiltinKeywords.callTestCase(BuiltinKeywords.groovy:334)&#xD;
	at setUpCustomSyn_ShareablePreview1.run(setUpCustomSyn_ShareablePreview1:16)&#xD;
	at com.kms.katalon.core.main.ScriptEngine.run(ScriptEngine.java:194)&#xD;
	at com.kms.katalon.core.main.ScriptEngine.runScriptAsRawText(ScriptEngine.java:119)&#xD;
	at com.kms.katalon.core.main.TestCaseExecutor.runScript(TestCaseExecutor.java:337)&#xD;
	at com.kms.katalon.core.main.TestCaseExecutor.doExecute(TestCaseExecutor.java:328)&#xD;
	at com.kms.katalon.core.main.TestCaseExecutor.processExecutionPhase(TestCaseExecutor.java:307)&#xD;
	at com.kms.katalon.core.main.TestCaseExecutor.accessMainPhase(TestCaseExecutor.java:299)&#xD;
	at com.kms.katalon.core.main.TestCaseExecutor.execute(TestCaseExecutor.java:233)&#xD;
	at com.kms.katalon.core.main.TestSuiteExecutor.accessTestCaseMainPhase(TestSuiteExecutor.java:169)&#xD;
	at com.kms.katalon.core.main.TestSuiteExecutor.accessTestSuiteMainPhase(TestSuiteExecutor.java:142)&#xD;
	at com.kms.katalon.core.main.TestSuiteExecutor.execute(TestSuiteExecutor.java:91)&#xD;
	at com.kms.katalon.core.main.TestCaseMain.startTestSuite(TestCaseMain.java:157)&#xD;
	at com.kms.katalon.core.main.TestCaseMain$startTestSuite$0.call(Unknown Source)&#xD;
	at TempTestSuite1592890301834.run(TempTestSuite1592890301834.groovy:35)&#xD;
Caused by: com.kms.katalon.core.exception.StepFailedException: Unable to send keys 'narendra.n@imimobile.com' to object 'Object Repository/Input/username'&#xD;
	at com.kms.katalon.core.webui.keyword.internal.WebUIKeywordMain.stepFailed(WebUIKeywordMain.groovy:64)&#xD;
	at com.kms.katalon.core.webui.keyword.internal.WebUIKeywordMain.runKeyword(WebUIKeywordMain.groovy:26)&#xD;
	at com.kms.katalon.core.webui.keyword.builtin.SendKeysKeyword.sendKeys(SendKeysKeyword.groovy:60)&#xD;
	at com.kms.katalon.core.webui.keyword.builtin.SendKeysKeyword.execute(SendKeysKeyword.groovy:38)&#xD;
	at com.kms.katalon.core.keyword.internal.KeywordExecutor.executeKeywordForPlatform(KeywordExecutor.groovy:56)&#xD;
	at com.kms.katalon.core.webui.keyword.WebUiBuiltInKeywords.sendKeys(WebUiBuiltInKeywords.groovy:834)&#xD;
	at com.kms.katalon.core.webui.keyword.WebUiBuiltInKeywords$sendKeys$2.call(Unknown Source)&#xD;
	at successfulLogin_Test.run(successfulLogin_Test:16)&#xD;
	at com.kms.katalon.core.main.ScriptEngine.run(ScriptEngine.java:194)&#xD;
	at com.kms.katalon.core.main.ScriptEngine.runScriptAsRawText(ScriptEngine.java:119)&#xD;
	at com.kms.katalon.core.main.TestCaseExecutor.runScript(TestCaseExecutor.java:337)&#xD;
	at com.kms.katalon.core.main.TestCaseExecutor.doExecute(TestCaseExecutor.java:328)&#xD;
	at com.kms.katalon.core.main.TestCaseExecutor.processExecutionPhase(TestCaseExecutor.java:307)&#xD;
	at com.kms.katalon.core.main.TestCaseExecutor.accessMainPhase(TestCaseExecutor.java:299)&#xD;
	at com.kms.katalon.core.main.TestCaseExecutor.execute(TestCaseExecutor.java:233)&#xD;
	at com.kms.katalon.core.main.TestCaseMain.runTestCase(TestCaseMain.java:114)&#xD;
	at com.kms.katalon.core.keyword.builtin.CallTestCaseKeyword$_callTestCase_closure1.doCall(CallTestCaseKeyword.groovy:59)&#xD;
	... 36 more&#xD;
Caused by: com.kms.katalon.core.webui.exception.WebElementNotFoundException: Web element with id: 'Object Repository/Input/username' located by 'By.xpath: //*[@data-cy = 'login-email']' not found&#xD;
	at com.kms.katalon.core.webui.common.WebUiCommonHelper.findWebElement(WebUiCommonHelper.java:1097)&#xD;
	at com.kms.katalon.core.webui.keyword.internal.WebUIAbstractKeyword.findWebElement(WebUIAbstractKeyword.groovy:27)&#xD;
	at com.kms.katalon.core.webui.keyword.internal.WebUIAbstractKeyword.findWebElement(WebUIAbstractKeyword.groovy:26)&#xD;
	at com.kms.katalon.core.webui.keyword.builtin.SendKeysKeyword$_sendKeys_closure1.doCall(SendKeysKeyword.groovy:52)&#xD;
	at com.kms.katalon.core.webui.keyword.builtin.SendKeysKeyword$_sendKeys_closure1.call(SendKeysKeyword.groovy)&#xD;
	at com.kms.katalon.core.webui.keyword.internal.WebUIKeywordMain.runKeyword(WebUIKeywordMain.groovy:20)&#xD;
	... 51 more&#xD;
)&#xD;
&#xD;
2020-06-23 12:50:53 - [MESSAGE][FAILED] - Unable to call Test Case 'Test Cases/Faqbot/botCreation_Test' (Root cause: com.kms.katalon.core.exception.StepFailedException: Call Test Case 'Test Cases/Faqbot/botCreation_Test' failed&#xD;
	at com.kms.katalon.core.keyword.builtin.CallTestCaseKeyword$_callTestCase_closure1.doCall(CallTestCaseKeyword.groovy:63)&#xD;
	at com.kms.katalon.core.keyword.builtin.CallTestCaseKeyword$_callTestCase_closure1.call(CallTestCaseKeyword.groovy)&#xD;
	at com.kms.katalon.core.keyword.internal.KeywordMain.runKeyword(KeywordMain.groovy:68)&#xD;
	at com.kms.katalon.core.keyword.builtin.CallTestCaseKeyword.callTestCase(CallTestCaseKeyword.groovy:81)&#xD;
	at com.kms.katalon.core.keyword.builtin.CallTestCaseKeyword.execute(CallTestCaseKeyword.groovy:44)&#xD;
	at com.kms.katalon.core.keyword.internal.KeywordExecutor.executeKeywordForPlatform(KeywordExecutor.groovy:56)&#xD;
	at com.kms.katalon.core.keyword.BuiltinKeywords.callTestCase(BuiltinKeywords.groovy:334)&#xD;
	at setUpCustomSyn_ShareablePreview1.run(setUpCustomSyn_ShareablePreview1:16)&#xD;
	at com.kms.katalon.core.main.ScriptEngine.run(ScriptEngine.java:194)&#xD;
	at com.kms.katalon.core.main.ScriptEngine.runScriptAsRawText(ScriptEngine.java:119)&#xD;
	at com.kms.katalon.core.main.TestCaseExecutor.runScript(TestCaseExecutor.java:337)&#xD;
	at com.kms.katalon.core.main.TestCaseExecutor.doExecute(TestCaseExecutor.java:328)&#xD;
	at com.kms.katalon.core.main.TestCaseExecutor.processExecutionPhase(TestCaseExecutor.java:307)&#xD;
	at com.kms.katalon.core.main.TestCaseExecutor.accessMainPhase(TestCaseExecutor.java:299)&#xD;
	at com.kms.katalon.core.main.TestCaseExecutor.execute(TestCaseExecutor.java:233)&#xD;
	at com.kms.katalon.core.main.TestSuiteExecutor.accessTestCaseMainPhase(TestSuiteExecutor.java:169)&#xD;
	at com.kms.katalon.core.main.TestSuiteExecutor.accessTestSuiteMainPhase(TestSuiteExecutor.java:142)&#xD;
	at com.kms.katalon.core.main.TestSuiteExecutor.execute(TestSuiteExecutor.java:91)&#xD;
	at com.kms.katalon.core.main.TestCaseMain.startTestSuite(TestCaseMain.java:157)&#xD;
	at com.kms.katalon.core.main.TestCaseMain$startTestSuite$0.call(Unknown Source)&#xD;
	at TempTestSuite1592890301834.run(TempTestSuite1592890301834.groovy:35)&#xD;
Caused by: com.kms.katalon.core.exception.StepFailedException: Call Test Case 'Test Cases/Generic/successfulLogin_Test' failed&#xD;
	at com.kms.katalon.core.keyword.builtin.CallTestCaseKeyword$_callTestCase_closure1.doCall(CallTestCaseKeyword.groovy:63)&#xD;
	at com.kms.katalon.core.keyword.builtin.CallTestCaseKeyword$_callTestCase_closure1.call(CallTestCaseKeyword.groovy)&#xD;
	at com.kms.katalon.core.keyword.internal.KeywordMain.runKeyword(KeywordMain.groovy:68)&#xD;
	at com.kms.katalon.core.keyword.builtin.CallTestCaseKeyword.callTestCase(CallTestCaseKeyword.groovy:81)&#xD;
	at com.kms.katalon.core.keyword.builtin.CallTestCaseKeyword.execute(CallTestCaseKeyword.groovy:44)&#xD;
	at com.kms.katalon.core.keyword.internal.KeywordExecutor.executeKeywordForPlatform(KeywordExecutor.groovy:56)&#xD;
	at com.kms.katalon.core.keyword.BuiltinKeywords.callTestCase(BuiltinKeywords.groovy:334)&#xD;
	at botCreation_Test.run(botCreation_Test:16)&#xD;
	at com.kms.katalon.core.main.ScriptEngine.run(ScriptEngine.java:194)&#xD;
	at com.kms.katalon.core.main.ScriptEngine.runScriptAsRawText(ScriptEngine.java:119)&#xD;
	at com.kms.katalon.core.main.TestCaseExecutor.runScript(TestCaseExecutor.java:337)&#xD;
	at com.kms.katalon.core.main.TestCaseExecutor.doExecute(TestCaseExecutor.java:328)&#xD;
	at com.kms.katalon.core.main.TestCaseExecutor.processExecutionPhase(TestCaseExecutor.java:307)&#xD;
	at com.kms.katalon.core.main.TestCaseExecutor.accessMainPhase(TestCaseExecutor.java:299)&#xD;
	at com.kms.katalon.core.main.TestCaseExecutor.execute(TestCaseExecutor.java:233)&#xD;
	at com.kms.katalon.core.main.TestCaseMain.runTestCase(TestCaseMain.java:114)&#xD;
	at com.kms.katalon.core.keyword.builtin.CallTestCaseKeyword$_callTestCase_closure1.doCall(CallTestCaseKeyword.groovy:59)&#xD;
	... 20 more&#xD;
Caused by: com.kms.katalon.core.exception.StepFailedException: Unable to send keys 'narendra.n@imimobile.com' to object 'Object Repository/Input/username'&#xD;
	at com.kms.katalon.core.webui.keyword.internal.WebUIKeywordMain.stepFailed(WebUIKeywordMain.groovy:64)&#xD;
	at com.kms.katalon.core.webui.keyword.internal.WebUIKeywordMain.runKeyword(WebUIKeywordMain.groovy:26)&#xD;
	at com.kms.katalon.core.webui.keyword.builtin.SendKeysKeyword.sendKeys(SendKeysKeyword.groovy:60)&#xD;
	at com.kms.katalon.core.webui.keyword.builtin.SendKeysKeyword.execute(SendKeysKeyword.groovy:38)&#xD;
	at com.kms.katalon.core.keyword.internal.KeywordExecutor.executeKeywordForPlatform(KeywordExecutor.groovy:56)&#xD;
	at com.kms.katalon.core.webui.keyword.WebUiBuiltInKeywords.sendKeys(WebUiBuiltInKeywords.groovy:834)&#xD;
	at com.kms.katalon.core.webui.keyword.WebUiBuiltInKeywords$sendKeys$2.call(Unknown Source)&#xD;
	at successfulLogin_Test.run(successfulLogin_Test:16)&#xD;
	at com.kms.katalon.core.main.ScriptEngine.run(ScriptEngine.java:194)&#xD;
	at com.kms.katalon.core.main.ScriptEngine.runScriptAsRawText(ScriptEngine.java:119)&#xD;
	at com.kms.katalon.core.main.TestCaseExecutor.runScript(TestCaseExecutor.java:337)&#xD;
	at com.kms.katalon.core.main.TestCaseExecutor.doExecute(TestCaseExecutor.java:328)&#xD;
	at com.kms.katalon.core.main.TestCaseExecutor.processExecutionPhase(TestCaseExecutor.java:307)&#xD;
	at com.kms.katalon.core.main.TestCaseExecutor.accessMainPhase(TestCaseExecutor.java:299)&#xD;
	at com.kms.katalon.core.main.TestCaseExecutor.execute(TestCaseExecutor.java:233)&#xD;
	at com.kms.katalon.core.main.TestCaseMain.runTestCase(TestCaseMain.java:114)&#xD;
	at com.kms.katalon.core.keyword.builtin.CallTestCaseKeyword$_callTestCase_closure1.doCall(CallTestCaseKeyword.groovy:59)&#xD;
	... 36 more&#xD;
Caused by: com.kms.katalon.core.webui.exception.WebElementNotFoundException: Web element with id: 'Object Repository/Input/username' located by 'By.xpath: //*[@data-cy = 'login-email']' not found&#xD;
	at com.kms.katalon.core.webui.common.WebUiCommonHelper.findWebElement(WebUiCommonHelper.java:1097)&#xD;
	at com.kms.katalon.core.webui.keyword.internal.WebUIAbstractKeyword.findWebElement(WebUIAbstractKeyword.groovy:27)&#xD;
	at com.kms.katalon.core.webui.keyword.internal.WebUIAbstractKeyword.findWebElement(WebUIAbstractKeyword.groovy:26)&#xD;
	at com.kms.katalon.core.webui.keyword.builtin.SendKeysKeyword$_sendKeys_closure1.doCall(SendKeysKeyword.groovy:52)&#xD;
	at com.kms.katalon.core.webui.keyword.builtin.SendKeysKeyword$_sendKeys_closure1.call(SendKeysKeyword.groovy)&#xD;
	at com.kms.katalon.core.webui.keyword.internal.WebUIKeywordMain.runKeyword(WebUIKeywordMain.groovy:20)&#xD;
	... 51 more&#xD;
)</system-out>
            <system-err>2020-06-23 12:50:29 - [TEST_CASE][FAILED] - Test Cases/SetUp/setUpCustomSyn_ShareablePreview1: Test Cases/SetUp/setUpCustomSyn_ShareablePreview1 FAILED.
Reason:
com.kms.katalon.core.exception.StepFailedException: Call Test Case 'Test Cases/Faqbot/botCreation_Test' failed&#xD;
	at com.kms.katalon.core.keyword.builtin.CallTestCaseKeyword$_callTestCase_closure1.doCall(CallTestCaseKeyword.groovy:63)&#xD;
	at com.kms.katalon.core.keyword.builtin.CallTestCaseKeyword$_callTestCase_closure1.call(CallTestCaseKeyword.groovy)&#xD;
	at com.kms.katalon.core.keyword.internal.KeywordMain.runKeyword(KeywordMain.groovy:68)&#xD;
	at com.kms.katalon.core.keyword.builtin.CallTestCaseKeyword.callTestCase(CallTestCaseKeyword.groovy:81)&#xD;
	at com.kms.katalon.core.keyword.builtin.CallTestCaseKeyword.execute(CallTestCaseKeyword.groovy:44)&#xD;
	at com.kms.katalon.core.keyword.internal.KeywordExecutor.executeKeywordForPlatform(KeywordExecutor.groovy:56)&#xD;
	at com.kms.katalon.core.keyword.BuiltinKeywords.callTestCase(BuiltinKeywords.groovy:334)&#xD;
	at setUpCustomSyn_ShareablePreview1.run(setUpCustomSyn_ShareablePreview1:16)&#xD;
	at com.kms.katalon.core.main.ScriptEngine.run(ScriptEngine.java:194)&#xD;
	at com.kms.katalon.core.main.ScriptEngine.runScriptAsRawText(ScriptEngine.java:119)&#xD;
	at com.kms.katalon.core.main.TestCaseExecutor.runScript(TestCaseExecutor.java:337)&#xD;
	at com.kms.katalon.core.main.TestCaseExecutor.doExecute(TestCaseExecutor.java:328)&#xD;
	at com.kms.katalon.core.main.TestCaseExecutor.processExecutionPhase(TestCaseExecutor.java:307)&#xD;
	at com.kms.katalon.core.main.TestCaseExecutor.accessMainPhase(TestCaseExecutor.java:299)&#xD;
	at com.kms.katalon.core.main.TestCaseExecutor.execute(TestCaseExecutor.java:233)&#xD;
	at com.kms.katalon.core.main.TestSuiteExecutor.accessTestCaseMainPhase(TestSuiteExecutor.java:169)&#xD;
	at com.kms.katalon.core.main.TestSuiteExecutor.accessTestSuiteMainPhase(TestSuiteExecutor.java:142)&#xD;
	at com.kms.katalon.core.main.TestSuiteExecutor.execute(TestSuiteExecutor.java:91)&#xD;
	at com.kms.katalon.core.main.TestCaseMain.startTestSuite(TestCaseMain.java:157)&#xD;
	at com.kms.katalon.core.main.TestCaseMain$startTestSuite$0.call(Unknown Source)&#xD;
	at TempTestSuite1592890301834.run(TempTestSuite1592890301834.groovy:35)&#xD;
Caused by: com.kms.katalon.core.exception.StepFailedException: Call Test Case 'Test Cases/Generic/successfulLogin_Test' failed&#xD;
	at com.kms.katalon.core.keyword.builtin.CallTestCaseKeyword$_callTestCase_closure1.doCall(CallTestCaseKeyword.groovy:63)&#xD;
	at com.kms.katalon.core.keyword.builtin.CallTestCaseKeyword$_callTestCase_closure1.call(CallTestCaseKeyword.groovy)&#xD;
	at com.kms.katalon.core.keyword.internal.KeywordMain.runKeyword(KeywordMain.groovy:68)&#xD;
	at com.kms.katalon.core.keyword.builtin.CallTestCaseKeyword.callTestCase(CallTestCaseKeyword.groovy:81)&#xD;
	at com.kms.katalon.core.keyword.builtin.CallTestCaseKeyword.execute(CallTestCaseKeyword.groovy:44)&#xD;
	at com.kms.katalon.core.keyword.internal.KeywordExecutor.executeKeywordForPlatform(KeywordExecutor.groovy:56)&#xD;
	at com.kms.katalon.core.keyword.BuiltinKeywords.callTestCase(BuiltinKeywords.groovy:334)&#xD;
	at botCreation_Test.run(botCreation_Test:16)&#xD;
	at com.kms.katalon.core.main.ScriptEngine.run(ScriptEngine.java:194)&#xD;
	at com.kms.katalon.core.main.ScriptEngine.runScriptAsRawText(ScriptEngine.java:119)&#xD;
	at com.kms.katalon.core.main.TestCaseExecutor.runScript(TestCaseExecutor.java:337)&#xD;
	at com.kms.katalon.core.main.TestCaseExecutor.doExecute(TestCaseExecutor.java:328)&#xD;
	at com.kms.katalon.core.main.TestCaseExecutor.processExecutionPhase(TestCaseExecutor.java:307)&#xD;
	at com.kms.katalon.core.main.TestCaseExecutor.accessMainPhase(TestCaseExecutor.java:299)&#xD;
	at com.kms.katalon.core.main.TestCaseExecutor.execute(TestCaseExecutor.java:233)&#xD;
	at com.kms.katalon.core.main.TestCaseMain.runTestCase(TestCaseMain.java:114)&#xD;
	at com.kms.katalon.core.keyword.builtin.CallTestCaseKeyword$_callTestCase_closure1.doCall(CallTestCaseKeyword.groovy:59)&#xD;
	... 20 more&#xD;
Caused by: com.kms.katalon.core.exception.StepFailedException: Unable to send keys 'narendra.n@imimobile.com' to object 'Object Repository/Input/username'&#xD;
	at com.kms.katalon.core.webui.keyword.internal.WebUIKeywordMain.stepFailed(WebUIKeywordMain.groovy:64)&#xD;
	at com.kms.katalon.core.webui.keyword.internal.WebUIKeywordMain.runKeyword(WebUIKeywordMain.groovy:26)&#xD;
	at com.kms.katalon.core.webui.keyword.builtin.SendKeysKeyword.sendKeys(SendKeysKeyword.groovy:60)&#xD;
	at com.kms.katalon.core.webui.keyword.builtin.SendKeysKeyword.execute(SendKeysKeyword.groovy:38)&#xD;
	at com.kms.katalon.core.keyword.internal.KeywordExecutor.executeKeywordForPlatform(KeywordExecutor.groovy:56)&#xD;
	at com.kms.katalon.core.webui.keyword.WebUiBuiltInKeywords.sendKeys(WebUiBuiltInKeywords.groovy:834)&#xD;
	at com.kms.katalon.core.webui.keyword.WebUiBuiltInKeywords$sendKeys$2.call(Unknown Source)&#xD;
	at successfulLogin_Test.run(successfulLogin_Test:16)&#xD;
	at com.kms.katalon.core.main.ScriptEngine.run(ScriptEngine.java:194)&#xD;
	at com.kms.katalon.core.main.ScriptEngine.runScriptAsRawText(ScriptEngine.java:119)&#xD;
	at com.kms.katalon.core.main.TestCaseExecutor.runScript(TestCaseExecutor.java:337)&#xD;
	at com.kms.katalon.core.main.TestCaseExecutor.doExecute(TestCaseExecutor.java:328)&#xD;
	at com.kms.katalon.core.main.TestCaseExecutor.processExecutionPhase(TestCaseExecutor.java:307)&#xD;
	at com.kms.katalon.core.main.TestCaseExecutor.accessMainPhase(TestCaseExecutor.java:299)&#xD;
	at com.kms.katalon.core.main.TestCaseExecutor.execute(TestCaseExecutor.java:233)&#xD;
	at com.kms.katalon.core.main.TestCaseMain.runTestCase(TestCaseMain.java:114)&#xD;
	at com.kms.katalon.core.keyword.builtin.CallTestCaseKeyword$_callTestCase_closure1.doCall(CallTestCaseKeyword.groovy:59)&#xD;
	... 36 more&#xD;
Caused by: com.kms.katalon.core.webui.exception.WebElementNotFoundException: Web element with id: 'Object Repository/Input/username' located by 'By.xpath: //*[@data-cy = 'login-email']' not found&#xD;
	at com.kms.katalon.core.webui.common.WebUiCommonHelper.findWebElement(WebUiCommonHelper.java:1097)&#xD;
	at com.kms.katalon.core.webui.keyword.internal.WebUIAbstractKeyword.findWebElement(WebUIAbstractKeyword.groovy:27)&#xD;
	at com.kms.katalon.core.webui.keyword.internal.WebUIAbstractKeyword.findWebElement(WebUIAbstractKeyword.groovy:26)&#xD;
	at com.kms.katalon.core.webui.keyword.builtin.SendKeysKeyword$_sendKeys_closure1.doCall(SendKeysKeyword.groovy:52)&#xD;
	at com.kms.katalon.core.webui.keyword.builtin.SendKeysKeyword$_sendKeys_closure1.call(SendKeysKeyword.groovy)&#xD;
	at com.kms.katalon.core.webui.keyword.internal.WebUIKeywordMain.runKeyword(WebUIKeywordMain.groovy:20)&#xD;
	... 51 more</system-err>
        </testcase>
        <testcase name="Test Cases/SetUp/setUpCustomSyn_ShareablePreview2" classname="Test Cases/SetUp/setUpCustomSyn_ShareablePreview2" status="ERROR">
            <error type="ERROR" message="Test Cases/SetUp/setUpCustomSyn_ShareablePreview2 FAILED.&#xA;Reason:&#xA;org.codehaus.groovy.runtime.InvokerInvocationException: com.kms.katalon.core.webui.exception.WebElementNotFoundException: Web element with id: 'Object Repository/Generic/webObjectWithText' located by 'By.xpath: //*[contains(text(),'New BOT Assistant')]' not found&#xD;&#xA;&#x9;at platform.Method.invokeMethod(Method.groovy)&#xD;&#xA;&#x9;at com.kms.katalon.core.main.CustomKeywordDelegatingMetaClass.invokeStaticMethod(CustomKeywordDelegatingMetaClass.java:50)&#xD;&#xA;&#x9;at setUpCustomSyn_ShareablePreview2.run(setUpCustomSyn_ShareablePreview2:18)&#xD;&#xA;&#x9;at com.kms.katalon.core.main.ScriptEngine.run(ScriptEngine.java:194)&#xD;&#xA;&#x9;at com.kms.katalon.core.main.ScriptEngine.runScriptAsRawText(ScriptEngine.java:119)&#xD;&#xA;&#x9;at com.kms.katalon.core.main.TestCaseExecutor.runScript(TestCaseExecutor.java:337)&#xD;&#xA;&#x9;at com.kms.katalon.core.main.TestCaseExecutor.doExecute(TestCaseExecutor.java:328)&#xD;&#xA;&#x9;at com.kms.katalon.core.main.TestCaseExecutor.processExecutionPhase(TestCaseExecutor.java:307)&#xD;&#xA;&#x9;at com.kms.katalon.core.main.TestCaseExecutor.accessMainPhase(TestCaseExecutor.java:299)&#xD;&#xA;&#x9;at com.kms.katalon.core.main.TestCaseExecutor.execute(TestCaseExecutor.java:233)&#xD;&#xA;&#x9;at com.kms.katalon.core.main.TestSuiteExecutor.accessTestCaseMainPhase(TestSuiteExecutor.java:169)&#xD;&#xA;&#x9;at com.kms.katalon.core.main.TestSuiteExecutor.accessTestSuiteMainPhase(TestSuiteExecutor.java:142)&#xD;&#xA;&#x9;at com.kms.katalon.core.main.TestSuiteExecutor.execute(TestSuiteExecutor.java:91)&#xD;&#xA;&#x9;at com.kms.katalon.core.main.TestCaseMain.startTestSuite(TestCaseMain.java:157)&#xD;&#xA;&#x9;at com.kms.katalon.core.main.TestCaseMain$startTestSuite$0.call(Unknown Source)&#xD;&#xA;&#x9;at TempTestSuite1592890301834.run(TempTestSuite1592890301834.groovy:35)&#xD;&#xA;Caused by: com.kms.katalon.core.webui.exception.WebElementNotFoundException: Web element with id: 'Object Repository/Generic/webObjectWithText' located by 'By.xpath: //*[contains(text(),'New BOT Assistant')]' not found&#xD;&#xA;&#x9;at com.kms.katalon.core.webui.common.WebUiCommonHelper.findWebElement(WebUiCommonHelper.java:1097)&#xD;&#xA;&#x9;at com.kms.katalon.core.webui.common.WebUiCommonHelper$findWebElement.call(Unknown Source)&#xD;&#xA;&#x9;at platform.Method.clickOnElement(Method.groovy:31)&#xD;&#xA;&#x9;at platform.Method.navigateToBot(Method.groovy:63)&#xD;&#xA;&#x9;... 16 more&#xD;&#xA;"/>
            <system-out>2020-06-23 12:50:54 - [TEST_CASE][ERROR] - Test Cases/SetUp/setUpCustomSyn_ShareablePreview2: Test Cases/SetUp/setUpCustomSyn_ShareablePreview2 FAILED.
Reason:
org.codehaus.groovy.runtime.InvokerInvocationException: com.kms.katalon.core.webui.exception.WebElementNotFoundException: Web element with id: 'Object Repository/Generic/webObjectWithText' located by 'By.xpath: //*[contains(text(),'New BOT Assistant')]' not found&#xD;
	at platform.Method.invokeMethod(Method.groovy)&#xD;
	at com.kms.katalon.core.main.CustomKeywordDelegatingMetaClass.invokeStaticMethod(CustomKeywordDelegatingMetaClass.java:50)&#xD;
	at setUpCustomSyn_ShareablePreview2.run(setUpCustomSyn_ShareablePreview2:18)&#xD;
	at com.kms.katalon.core.main.ScriptEngine.run(ScriptEngine.java:194)&#xD;
	at com.kms.katalon.core.main.ScriptEngine.runScriptAsRawText(ScriptEngine.java:119)&#xD;
	at com.kms.katalon.core.main.TestCaseExecutor.runScript(TestCaseExecutor.java:337)&#xD;
	at com.kms.katalon.core.main.TestCaseExecutor.doExecute(TestCaseExecutor.java:328)&#xD;
	at com.kms.katalon.core.main.TestCaseExecutor.processExecutionPhase(TestCaseExecutor.java:307)&#xD;
	at com.kms.katalon.core.main.TestCaseExecutor.accessMainPhase(TestCaseExecutor.java:299)&#xD;
	at com.kms.katalon.core.main.TestCaseExecutor.execute(TestCaseExecutor.java:233)&#xD;
	at com.kms.katalon.core.main.TestSuiteExecutor.accessTestCaseMainPhase(TestSuiteExecutor.java:169)&#xD;
	at com.kms.katalon.core.main.TestSuiteExecutor.accessTestSuiteMainPhase(TestSuiteExecutor.java:142)&#xD;
	at com.kms.katalon.core.main.TestSuiteExecutor.execute(TestSuiteExecutor.java:91)&#xD;
	at com.kms.katalon.core.main.TestCaseMain.startTestSuite(TestCaseMain.java:157)&#xD;
	at com.kms.katalon.core.main.TestCaseMain$startTestSuite$0.call(Unknown Source)&#xD;
	at TempTestSuite1592890301834.run(TempTestSuite1592890301834.groovy:35)&#xD;
Caused by: com.kms.katalon.core.webui.exception.WebElementNotFoundException: Web element with id: 'Object Repository/Generic/webObjectWithText' located by 'By.xpath: //*[contains(text(),'New BOT Assistant')]' not found&#xD;
	at com.kms.katalon.core.webui.common.WebUiCommonHelper.findWebElement(WebUiCommonHelper.java:1097)&#xD;
	at com.kms.katalon.core.webui.common.WebUiCommonHelper$findWebElement.call(Unknown Source)&#xD;
	at platform.Method.clickOnElement(Method.groovy:31)&#xD;
	at platform.Method.navigateToBot(Method.groovy:63)&#xD;
	... 16 more&#xD;
&#xD;
&#xD;
2020-06-23 12:50:54 - [TEST_STEP][PASSED] - Start listener action : setUp: Current window maximized&#xD;
&#xD;
2020-06-23 12:50:54 - [TEST_STEP][PASSED] - openBrowser(URL): Browser is opened with url: 'preprod.imibot.ai'&#xD;
&#xD;
2020-06-23 12:50:54 - [MESSAGE][WARNING] - A browser is already opened. Closing browser and opening a new one&#xD;
&#xD;
2020-06-23 12:50:56 - [MESSAGE][INFO] - Starting 'Chrome' driver&#xD;
&#xD;
2020-06-23 12:50:56 - [MESSAGE][INFO] - User set preference: ['args', '[--start-maximized]']&#xD;
&#xD;
2020-06-23 12:51:03 - [MESSAGE][PASSED] - Browser is opened with url: 'preprod.imibot.ai'&#xD;
&#xD;
2020-06-23 12:51:03 - [TEST_STEP][PASSED] - maximizeWindow(): Current window maximized&#xD;
&#xD;
2020-06-23 12:51:05 - [MESSAGE][PASSED] - Current window maximized&#xD;
&#xD;
2020-06-23 12:51:05 - [TEST_STEP][PASSED] - callTestCase(findTestCase("Generic/successfulLogin_Test"), [:], STOP_ON_FAILURE): Call Test Case 'Test Cases/Generic/successfulLogin_Test' successfully&#xD;
&#xD;
2020-06-23 12:51:06 - [TEST_CASE][PASSED] - Test Cases/Generic/successfulLogin_Test: Test Cases/Generic/successfulLogin_Test&#xD;
&#xD;
2020-06-23 12:51:06 - [TEST_STEP][PASSED] - sendKeys(findTestObject("Input/username"), USERNAME): Keys 'narendra.n@imimobile.com' sent to object: 'Object Repository/Input/username'&#xD;
&#xD;
2020-06-23 12:51:17 - [MESSAGE][PASSED] - Keys 'narendra.n@imimobile.com' sent to object: 'Object Repository/Input/username'&#xD;
&#xD;
2020-06-23 12:51:17 - [TEST_STEP][PASSED] - sendKeys(findTestObject("Input/password"), PASSWORD): Keys 'Test@2020' sent to object: 'Object Repository/Input/password'&#xD;
&#xD;
2020-06-23 12:51:20 - [MESSAGE][PASSED] - Keys 'Test@2020' sent to object: 'Object Repository/Input/password'&#xD;
&#xD;
2020-06-23 12:51:20 - [TEST_STEP][PASSED] - click(findTestObject("Button/signIn")): Object: 'Object Repository/Button/signIn' is clicked on&#xD;
&#xD;
2020-06-23 12:51:22 - [MESSAGE][PASSED] - Object: 'Object Repository/Button/signIn' is clicked on&#xD;
&#xD;
2020-06-23 12:51:22 - [TEST_STEP][PASSED] - if (!(waitForElementPresent(findTestObject("Button/createBot"), 30, OPTIONAL))): Wait for page load successfully&#xD;
&#xD;
2020-06-23 12:51:54 - [MESSAGE][INFO] - Unable to find the element located by 'By.xpath: //app-button-wrapper//button'. Please recheck the objects properties to make sure the desired element is located. &#xD;
&#xD;
2020-06-23 12:51:54 - [MESSAGE][WARNING] - Object 'Object Repository/Button/createBot' is not present after 30 second(s)&#xD;
&#xD;
2020-06-23 12:51:54 - [TEST_STEP][PASSED] - waitForPageLoad(10): Wait for page load successfully&#xD;
&#xD;
2020-06-23 12:51:55 - [MESSAGE][PASSED] - Wait for page load successfully&#xD;
&#xD;
2020-06-23 12:51:55 - [MESSAGE][PASSED] - Call Test Case 'Test Cases/Generic/successfulLogin_Test' successfully&#xD;
&#xD;
2020-06-23 12:51:55 - [TEST_STEP][ERROR] - platform.Method.navigateToBot("Q&amp;A bots", PREVIEW_BOT): com.kms.katalon.core.webui.exception.WebElementNotFoundException: Web element with id: 'Object Repository/Generic/webObjectWithText' located by 'By.xpath: //*[contains(text(),'New BOT Assistant')]' not found&#xD;
&#xD;
2020-06-23 12:52:25 - [MESSAGE][INFO] - Unable to find the element located by 'By.xpath: //app-button-wrapper//button'. Please recheck the objects properties to make sure the desired element is located. &#xD;
&#xD;
2020-06-23 12:52:27 - [MESSAGE][WARNING] - com.kms.katalon.core.webui.exception.WebElementNotFoundException: Web element with id: 'Object Repository/Button/createBot' located by 'By.xpath: //app-button-wrapper//button' not found (Root cause: com.kms.katalon.core.exception.StepFailedException: com.kms.katalon.core.webui.exception.WebElementNotFoundException: Web element with id: 'Object Repository/Button/createBot' located by 'By.xpath: //app-button-wrapper//button' not found&#xD;
	at com.kms.katalon.core.webui.keyword.internal.WebUIKeywordMain.stepFailed(WebUIKeywordMain.groovy:64)&#xD;
	at com.kms.katalon.core.webui.keyword.builtin.VerifyElementPresentKeyword$_verifyElementPresent_closure1.doCall(VerifyElementPresentKeyword.groovy:85)&#xD;
	at com.kms.katalon.core.webui.keyword.builtin.VerifyElementPresentKeyword$_verifyElementPresent_closure1.call(VerifyElementPresentKeyword.groovy)&#xD;
	at com.kms.katalon.core.webui.keyword.internal.WebUIKeywordMain.runKeyword(WebUIKeywordMain.groovy:20)&#xD;
	at com.kms.katalon.core.webui.keyword.builtin.VerifyElementPresentKeyword.verifyElementPresent(VerifyElementPresentKeyword.groovy:92)&#xD;
	at com.kms.katalon.core.webui.keyword.builtin.VerifyElementPresentKeyword.execute(VerifyElementPresentKeyword.groovy:68)&#xD;
	at com.kms.katalon.core.keyword.internal.KeywordExecutor.executeKeywordForPlatform(KeywordExecutor.groovy:56)&#xD;
	at com.kms.katalon.core.webui.keyword.WebUiBuiltInKeywords.verifyElementPresent(WebUiBuiltInKeywords.groovy:1418)&#xD;
	at com.kms.katalon.core.webui.keyword.WebUiBuiltInKeywords$verifyElementPresent$7.call(Unknown Source)&#xD;
	at platform.Method.navigateToBot(Method.groovy:56)&#xD;
	at platform.Method.invokeMethod(Method.groovy)&#xD;
	at com.kms.katalon.core.main.CustomKeywordDelegatingMetaClass.invokeStaticMethod(CustomKeywordDelegatingMetaClass.java:50)&#xD;
	at setUpCustomSyn_ShareablePreview2.run(setUpCustomSyn_ShareablePreview2:18)&#xD;
	at com.kms.katalon.core.main.ScriptEngine.run(ScriptEngine.java:194)&#xD;
	at com.kms.katalon.core.main.ScriptEngine.runScriptAsRawText(ScriptEngine.java:119)&#xD;
	at com.kms.katalon.core.main.TestCaseExecutor.runScript(TestCaseExecutor.java:337)&#xD;
	at com.kms.katalon.core.main.TestCaseExecutor.doExecute(TestCaseExecutor.java:328)&#xD;
	at com.kms.katalon.core.main.TestCaseExecutor.processExecutionPhase(TestCaseExecutor.java:307)&#xD;
	at com.kms.katalon.core.main.TestCaseExecutor.accessMainPhase(TestCaseExecutor.java:299)&#xD;
	at com.kms.katalon.core.main.TestCaseExecutor.execute(TestCaseExecutor.java:233)&#xD;
	at com.kms.katalon.core.main.TestSuiteExecutor.accessTestCaseMainPhase(TestSuiteExecutor.java:169)&#xD;
	at com.kms.katalon.core.main.TestSuiteExecutor.accessTestSuiteMainPhase(TestSuiteExecutor.java:142)&#xD;
	at com.kms.katalon.core.main.TestSuiteExecutor.execute(TestSuiteExecutor.java:91)&#xD;
	at com.kms.katalon.core.main.TestCaseMain.startTestSuite(TestCaseMain.java:157)&#xD;
	at com.kms.katalon.core.main.TestCaseMain$startTestSuite$0.call(Unknown Source)&#xD;
	at TempTestSuite1592890301834.run(TempTestSuite1592890301834.groovy:35)&#xD;
)&#xD;
[[ATTACHMENT|D:\\IMIbot.ai-Project\\Reports\\20200623_110141\\Regression\\20200623_110141\\1592896945999.png]]&#xD;
&#xD;
2020-06-23 12:52:29 - [MESSAGE][PASSED] - Wait for page load successfully&#xD;
&#xD;
2020-06-23 12:52:41 - [MESSAGE][INFO] - Performing click action on bot&#xD;
&#xD;
2020-06-23 12:52:47 - [MESSAGE][INFO] - Unable to find the element located by 'By.xpath: //*[contains(text(),'New BOT Assistant')]'. Please recheck the objects properties to make sure the desired element is located. &#xD;
&#xD;
2020-06-23 12:52:47 - [MESSAGE][ERROR] - com.kms.katalon.core.webui.exception.WebElementNotFoundException: Web element with id: 'Object Repository/Generic/webObjectWithText' located by 'By.xpath: //*[contains(text(),'New BOT Assistant')]' not found</system-out>
            <system-err>2020-06-23 12:50:54 - [TEST_CASE][ERROR] - Test Cases/SetUp/setUpCustomSyn_ShareablePreview2: Test Cases/SetUp/setUpCustomSyn_ShareablePreview2 FAILED.
Reason:
org.codehaus.groovy.runtime.InvokerInvocationException: com.kms.katalon.core.webui.exception.WebElementNotFoundException: Web element with id: 'Object Repository/Generic/webObjectWithText' located by 'By.xpath: //*[contains(text(),'New BOT Assistant')]' not found&#xD;
	at platform.Method.invokeMethod(Method.groovy)&#xD;
	at com.kms.katalon.core.main.CustomKeywordDelegatingMetaClass.invokeStaticMethod(CustomKeywordDelegatingMetaClass.java:50)&#xD;
	at setUpCustomSyn_ShareablePreview2.run(setUpCustomSyn_ShareablePreview2:18)&#xD;
	at com.kms.katalon.core.main.ScriptEngine.run(ScriptEngine.java:194)&#xD;
	at com.kms.katalon.core.main.ScriptEngine.runScriptAsRawText(ScriptEngine.java:119)&#xD;
	at com.kms.katalon.core.main.TestCaseExecutor.runScript(TestCaseExecutor.java:337)&#xD;
	at com.kms.katalon.core.main.TestCaseExecutor.doExecute(TestCaseExecutor.java:328)&#xD;
	at com.kms.katalon.core.main.TestCaseExecutor.processExecutionPhase(TestCaseExecutor.java:307)&#xD;
	at com.kms.katalon.core.main.TestCaseExecutor.accessMainPhase(TestCaseExecutor.java:299)&#xD;
	at com.kms.katalon.core.main.TestCaseExecutor.execute(TestCaseExecutor.java:233)&#xD;
	at com.kms.katalon.core.main.TestSuiteExecutor.accessTestCaseMainPhase(TestSuiteExecutor.java:169)&#xD;
	at com.kms.katalon.core.main.TestSuiteExecutor.accessTestSuiteMainPhase(TestSuiteExecutor.java:142)&#xD;
	at com.kms.katalon.core.main.TestSuiteExecutor.execute(TestSuiteExecutor.java:91)&#xD;
	at com.kms.katalon.core.main.TestCaseMain.startTestSuite(TestCaseMain.java:157)&#xD;
	at com.kms.katalon.core.main.TestCaseMain$startTestSuite$0.call(Unknown Source)&#xD;
	at TempTestSuite1592890301834.run(TempTestSuite1592890301834.groovy:35)&#xD;
Caused by: com.kms.katalon.core.webui.exception.WebElementNotFoundException: Web element with id: 'Object Repository/Generic/webObjectWithText' located by 'By.xpath: //*[contains(text(),'New BOT Assistant')]' not found&#xD;
	at com.kms.katalon.core.webui.common.WebUiCommonHelper.findWebElement(WebUiCommonHelper.java:1097)&#xD;
	at com.kms.katalon.core.webui.common.WebUiCommonHelper$findWebElement.call(Unknown Source)&#xD;
	at platform.Method.clickOnElement(Method.groovy:31)&#xD;
	at platform.Method.navigateToBot(Method.groovy:63)&#xD;
	... 16 more</system-err>
        </testcase>
        <testcase name="Test Cases/SetUp/setUpCustomSyn_ShareablePreview3" classname="Test Cases/SetUp/setUpCustomSyn_ShareablePreview3" status="FAILED">
            <failure type="FAILED" message="Test Cases/SetUp/setUpCustomSyn_ShareablePreview3 FAILED.&#xA;Reason:&#xA;com.kms.katalon.core.exception.StepFailedException: Call Test Case 'Test Cases/Generic/successfulLogin_Test' failed&#xD;&#xA;&#x9;at com.kms.katalon.core.keyword.builtin.CallTestCaseKeyword$_callTestCase_closure1.doCall(CallTestCaseKeyword.groovy:63)&#xD;&#xA;&#x9;at com.kms.katalon.core.keyword.builtin.CallTestCaseKeyword$_callTestCase_closure1.call(CallTestCaseKeyword.groovy)&#xD;&#xA;&#x9;at com.kms.katalon.core.keyword.internal.KeywordMain.runKeyword(KeywordMain.groovy:68)&#xD;&#xA;&#x9;at com.kms.katalon.core.keyword.builtin.CallTestCaseKeyword.callTestCase(CallTestCaseKeyword.groovy:81)&#xD;&#xA;&#x9;at com.kms.katalon.core.keyword.builtin.CallTestCaseKeyword.execute(CallTestCaseKeyword.groovy:44)&#xD;&#xA;&#x9;at com.kms.katalon.core.keyword.internal.KeywordExecutor.executeKeywordForPlatform(KeywordExecutor.groovy:56)&#xD;&#xA;&#x9;at com.kms.katalon.core.keyword.BuiltinKeywords.callTestCase(BuiltinKeywords.groovy:334)&#xD;&#xA;&#x9;at setUpCustomSyn_ShareablePreview3.run(setUpCustomSyn_ShareablePreview3:16)&#xD;&#xA;&#x9;at com.kms.katalon.core.main.ScriptEngine.run(ScriptEngine.java:194)&#xD;&#xA;&#x9;at com.kms.katalon.core.main.ScriptEngine.runScriptAsRawText(ScriptEngine.java:119)&#xD;&#xA;&#x9;at com.kms.katalon.core.main.TestCaseExecutor.runScript(TestCaseExecutor.java:337)&#xD;&#xA;&#x9;at com.kms.katalon.core.main.TestCaseExecutor.doExecute(TestCaseExecutor.java:328)&#xD;&#xA;&#x9;at com.kms.katalon.core.main.TestCaseExecutor.processExecutionPhase(TestCaseExecutor.java:307)&#xD;&#xA;&#x9;at com.kms.katalon.core.main.TestCaseExecutor.accessMainPhase(TestCaseExecutor.java:299)&#xD;&#xA;&#x9;at com.kms.katalon.core.main.TestCaseExecutor.execute(TestCaseExecutor.java:233)&#xD;&#xA;&#x9;at com.kms.katalon.core.main.TestSuiteExecutor.accessTestCaseMainPhase(TestSuiteExecutor.java:169)&#xD;&#xA;&#x9;at com.kms.katalon.core.main.TestSuiteExecutor.accessTestSuiteMainPhase(TestSuiteExecutor.java:142)&#xD;&#xA;&#x9;at com.kms.katalon.core.main.TestSuiteExecutor.execute(TestSuiteExecutor.java:91)&#xD;&#xA;&#x9;at com.kms.katalon.core.main.TestCaseMain.startTestSuite(TestCaseMain.java:157)&#xD;&#xA;&#x9;at com.kms.katalon.core.main.TestCaseMain$startTestSuite$0.call(Unknown Source)&#xD;&#xA;&#x9;at TempTestSuite1592890301834.run(TempTestSuite1592890301834.groovy:35)&#xD;&#xA;Caused by: com.kms.katalon.core.exception.StepFailedException: Unable to send keys 'narendra.n@imimobile.com' to object 'Object Repository/Input/username'&#xD;&#xA;&#x9;at com.kms.katalon.core.webui.keyword.internal.WebUIKeywordMain.stepFailed(WebUIKeywordMain.groovy:64)&#xD;&#xA;&#x9;at com.kms.katalon.core.webui.keyword.internal.WebUIKeywordMain.runKeyword(WebUIKeywordMain.groovy:26)&#xD;&#xA;&#x9;at com.kms.katalon.core.webui.keyword.builtin.SendKeysKeyword.sendKeys(SendKeysKeyword.groovy:60)&#xD;&#xA;&#x9;at com.kms.katalon.core.webui.keyword.builtin.SendKeysKeyword.execute(SendKeysKeyword.groovy:38)&#xD;&#xA;&#x9;at com.kms.katalon.core.keyword.internal.KeywordExecutor.executeKeywordForPlatform(KeywordExecutor.groovy:56)&#xD;&#xA;&#x9;at com.kms.katalon.core.webui.keyword.WebUiBuiltInKeywords.sendKeys(WebUiBuiltInKeywords.groovy:834)&#xD;&#xA;&#x9;at com.kms.katalon.core.webui.keyword.WebUiBuiltInKeywords$sendKeys$2.call(Unknown Source)&#xD;&#xA;&#x9;at successfulLogin_Test.run(successfulLogin_Test:16)&#xD;&#xA;&#x9;at com.kms.katalon.core.main.ScriptEngine.run(ScriptEngine.java:194)&#xD;&#xA;&#x9;at com.kms.katalon.core.main.ScriptEngine.runScriptAsRawText(ScriptEngine.java:119)&#xD;&#xA;&#x9;at com.kms.katalon.core.main.TestCaseExecutor.runScript(TestCaseExecutor.java:337)&#xD;&#xA;&#x9;at com.kms.katalon.core.main.TestCaseExecutor.doExecute(TestCaseExecutor.java:328)&#xD;&#xA;&#x9;at com.kms.katalon.core.main.TestCaseExecutor.processExecutionPhase(TestCaseExecutor.java:307)&#xD;&#xA;&#x9;at com.kms.katalon.core.main.TestCaseExecutor.accessMainPhase(TestCaseExecutor.java:299)&#xD;&#xA;&#x9;at com.kms.katalon.core.main.TestCaseExecutor.execute(TestCaseExecutor.java:233)&#xD;&#xA;&#x9;at com.kms.katalon.core.main.TestCaseMain.runTestCase(TestCaseMain.java:114)&#xD;&#xA;&#x9;at com.kms.katalon.core.keyword.builtin.CallTestCaseKeyword$_callTestCase_closure1.doCall(CallTestCaseKeyword.groovy:59)&#xD;&#xA;&#x9;... 20 more&#xD;&#xA;Caused by: com.kms.katalon.core.webui.exception.WebElementNotFoundException: Web element with id: 'Object Repository/Input/username' located by 'By.xpath: //*[@data-cy = 'login-email']' not found&#xD;&#xA;&#x9;at com.kms.katalon.core.webui.common.WebUiCommonHelper.findWebElement(WebUiCommonHelper.java:1097)&#xD;&#xA;&#x9;at com.kms.katalon.core.webui.keyword.internal.WebUIAbstractKeyword.findWebElement(WebUIAbstractKeyword.groovy:27)&#xD;&#xA;&#x9;at com.kms.katalon.core.webui.keyword.internal.WebUIAbstractKeyword.findWebElement(WebUIAbstractKeyword.groovy:26)&#xD;&#xA;&#x9;at com.kms.katalon.core.webui.keyword.builtin.SendKeysKeyword$_sendKeys_closure1.doCall(SendKeysKeyword.groovy:52)&#xD;&#xA;&#x9;at com.kms.katalon.core.webui.keyword.builtin.SendKeysKeyword$_sendKeys_closure1.call(SendKeysKeyword.groovy)&#xD;&#xA;&#x9;at com.kms.katalon.core.webui.keyword.internal.WebUIKeywordMain.runKeyword(WebUIKeywordMain.groovy:20)&#xD;&#xA;&#x9;... 35 more&#xD;&#xA;"/>
            <system-out>2020-06-23 12:52:47 - [TEST_CASE][FAILED] - Test Cases/SetUp/setUpCustomSyn_ShareablePreview3: Test Cases/SetUp/setUpCustomSyn_ShareablePreview3 FAILED.
Reason:
com.kms.katalon.core.exception.StepFailedException: Call Test Case 'Test Cases/Generic/successfulLogin_Test' failed&#xD;
	at com.kms.katalon.core.keyword.builtin.CallTestCaseKeyword$_callTestCase_closure1.doCall(CallTestCaseKeyword.groovy:63)&#xD;
	at com.kms.katalon.core.keyword.builtin.CallTestCaseKeyword$_callTestCase_closure1.call(CallTestCaseKeyword.groovy)&#xD;
	at com.kms.katalon.core.keyword.internal.KeywordMain.runKeyword(KeywordMain.groovy:68)&#xD;
	at com.kms.katalon.core.keyword.builtin.CallTestCaseKeyword.callTestCase(CallTestCaseKeyword.groovy:81)&#xD;
	at com.kms.katalon.core.keyword.builtin.CallTestCaseKeyword.execute(CallTestCaseKeyword.groovy:44)&#xD;
	at com.kms.katalon.core.keyword.internal.KeywordExecutor.executeKeywordForPlatform(KeywordExecutor.groovy:56)&#xD;
	at com.kms.katalon.core.keyword.BuiltinKeywords.callTestCase(BuiltinKeywords.groovy:334)&#xD;
	at setUpCustomSyn_ShareablePreview3.run(setUpCustomSyn_ShareablePreview3:16)&#xD;
	at com.kms.katalon.core.main.ScriptEngine.run(ScriptEngine.java:194)&#xD;
	at com.kms.katalon.core.main.ScriptEngine.runScriptAsRawText(ScriptEngine.java:119)&#xD;
	at com.kms.katalon.core.main.TestCaseExecutor.runScript(TestCaseExecutor.java:337)&#xD;
	at com.kms.katalon.core.main.TestCaseExecutor.doExecute(TestCaseExecutor.java:328)&#xD;
	at com.kms.katalon.core.main.TestCaseExecutor.processExecutionPhase(TestCaseExecutor.java:307)&#xD;
	at com.kms.katalon.core.main.TestCaseExecutor.accessMainPhase(TestCaseExecutor.java:299)&#xD;
	at com.kms.katalon.core.main.TestCaseExecutor.execute(TestCaseExecutor.java:233)&#xD;
	at com.kms.katalon.core.main.TestSuiteExecutor.accessTestCaseMainPhase(TestSuiteExecutor.java:169)&#xD;
	at com.kms.katalon.core.main.TestSuiteExecutor.accessTestSuiteMainPhase(TestSuiteExecutor.java:142)&#xD;
	at com.kms.katalon.core.main.TestSuiteExecutor.execute(TestSuiteExecutor.java:91)&#xD;
	at com.kms.katalon.core.main.TestCaseMain.startTestSuite(TestCaseMain.java:157)&#xD;
	at com.kms.katalon.core.main.TestCaseMain$startTestSuite$0.call(Unknown Source)&#xD;
	at TempTestSuite1592890301834.run(TempTestSuite1592890301834.groovy:35)&#xD;
Caused by: com.kms.katalon.core.exception.StepFailedException: Unable to send keys 'narendra.n@imimobile.com' to object 'Object Repository/Input/username'&#xD;
	at com.kms.katalon.core.webui.keyword.internal.WebUIKeywordMain.stepFailed(WebUIKeywordMain.groovy:64)&#xD;
	at com.kms.katalon.core.webui.keyword.internal.WebUIKeywordMain.runKeyword(WebUIKeywordMain.groovy:26)&#xD;
	at com.kms.katalon.core.webui.keyword.builtin.SendKeysKeyword.sendKeys(SendKeysKeyword.groovy:60)&#xD;
	at com.kms.katalon.core.webui.keyword.builtin.SendKeysKeyword.execute(SendKeysKeyword.groovy:38)&#xD;
	at com.kms.katalon.core.keyword.internal.KeywordExecutor.executeKeywordForPlatform(KeywordExecutor.groovy:56)&#xD;
	at com.kms.katalon.core.webui.keyword.WebUiBuiltInKeywords.sendKeys(WebUiBuiltInKeywords.groovy:834)&#xD;
	at com.kms.katalon.core.webui.keyword.WebUiBuiltInKeywords$sendKeys$2.call(Unknown Source)&#xD;
	at successfulLogin_Test.run(successfulLogin_Test:16)&#xD;
	at com.kms.katalon.core.main.ScriptEngine.run(ScriptEngine.java:194)&#xD;
	at com.kms.katalon.core.main.ScriptEngine.runScriptAsRawText(ScriptEngine.java:119)&#xD;
	at com.kms.katalon.core.main.TestCaseExecutor.runScript(TestCaseExecutor.java:337)&#xD;
	at com.kms.katalon.core.main.TestCaseExecutor.doExecute(TestCaseExecutor.java:328)&#xD;
	at com.kms.katalon.core.main.TestCaseExecutor.processExecutionPhase(TestCaseExecutor.java:307)&#xD;
	at com.kms.katalon.core.main.TestCaseExecutor.accessMainPhase(TestCaseExecutor.java:299)&#xD;
	at com.kms.katalon.core.main.TestCaseExecutor.execute(TestCaseExecutor.java:233)&#xD;
	at com.kms.katalon.core.main.TestCaseMain.runTestCase(TestCaseMain.java:114)&#xD;
	at com.kms.katalon.core.keyword.builtin.CallTestCaseKeyword$_callTestCase_closure1.doCall(CallTestCaseKeyword.groovy:59)&#xD;
	... 20 more&#xD;
Caused by: com.kms.katalon.core.webui.exception.WebElementNotFoundException: Web element with id: 'Object Repository/Input/username' located by 'By.xpath: //*[@data-cy = 'login-email']' not found&#xD;
	at com.kms.katalon.core.webui.common.WebUiCommonHelper.findWebElement(WebUiCommonHelper.java:1097)&#xD;
	at com.kms.katalon.core.webui.keyword.internal.WebUIAbstractKeyword.findWebElement(WebUIAbstractKeyword.groovy:27)&#xD;
	at com.kms.katalon.core.webui.keyword.internal.WebUIAbstractKeyword.findWebElement(WebUIAbstractKeyword.groovy:26)&#xD;
	at com.kms.katalon.core.webui.keyword.builtin.SendKeysKeyword$_sendKeys_closure1.doCall(SendKeysKeyword.groovy:52)&#xD;
	at com.kms.katalon.core.webui.keyword.builtin.SendKeysKeyword$_sendKeys_closure1.call(SendKeysKeyword.groovy)&#xD;
	at com.kms.katalon.core.webui.keyword.internal.WebUIKeywordMain.runKeyword(WebUIKeywordMain.groovy:20)&#xD;
	... 35 more&#xD;
&#xD;
&#xD;
2020-06-23 12:52:47 - [TEST_STEP][PASSED] - Start listener action : setUp: Current window maximized&#xD;
&#xD;
2020-06-23 12:52:47 - [TEST_STEP][PASSED] - openBrowser(URL): Browser is opened with url: 'preprod.imibot.ai'&#xD;
&#xD;
2020-06-23 12:52:47 - [MESSAGE][WARNING] - A browser is already opened. Closing browser and opening a new one&#xD;
&#xD;
2020-06-23 12:52:49 - [MESSAGE][INFO] - Starting 'Chrome' driver&#xD;
&#xD;
2020-06-23 12:52:49 - [MESSAGE][INFO] - User set preference: ['args', '[--start-maximized]']&#xD;
&#xD;
2020-06-23 12:52:57 - [MESSAGE][PASSED] - Browser is opened with url: 'preprod.imibot.ai'&#xD;
&#xD;
2020-06-23 12:52:57 - [TEST_STEP][PASSED] - maximizeWindow(): Current window maximized&#xD;
&#xD;
2020-06-23 12:52:59 - [MESSAGE][PASSED] - Current window maximized&#xD;
&#xD;
2020-06-23 12:53:00 - [TEST_STEP][FAILED] - callTestCase(findTestCase("Generic/successfulLogin_Test"), [:], STOP_ON_FAILURE): Unable to call Test Case 'Test Cases/Generic/successfulLogin_Test' (Root cause: com.kms.katalon.core.exception.StepFailedException: Call Test Case 'Test Cases/Generic/successfulLogin_Test' failed&#xD;
	at com.kms.katalon.core.keyword.builtin.CallTestCaseKeyword$_callTestCase_closure1.doCall(CallTestCaseKeyword.groovy:63)&#xD;
	at com.kms.katalon.core.keyword.builtin.CallTestCaseKeyword$_callTestCase_closure1.call(CallTestCaseKeyword.groovy)&#xD;
	at com.kms.katalon.core.keyword.internal.KeywordMain.runKeyword(KeywordMain.groovy:68)&#xD;
	at com.kms.katalon.core.keyword.builtin.CallTestCaseKeyword.callTestCase(CallTestCaseKeyword.groovy:81)&#xD;
	at com.kms.katalon.core.keyword.builtin.CallTestCaseKeyword.execute(CallTestCaseKeyword.groovy:44)&#xD;
	at com.kms.katalon.core.keyword.internal.KeywordExecutor.executeKeywordForPlatform(KeywordExecutor.groovy:56)&#xD;
	at com.kms.katalon.core.keyword.BuiltinKeywords.callTestCase(BuiltinKeywords.groovy:334)&#xD;
	at setUpCustomSyn_ShareablePreview3.run(setUpCustomSyn_ShareablePreview3:16)&#xD;
	at com.kms.katalon.core.main.ScriptEngine.run(ScriptEngine.java:194)&#xD;
	at com.kms.katalon.core.main.ScriptEngine.runScriptAsRawText(ScriptEngine.java:119)&#xD;
	at com.kms.katalon.core.main.TestCaseExecutor.runScript(TestCaseExecutor.java:337)&#xD;
	at com.kms.katalon.core.main.TestCaseExecutor.doExecute(TestCaseExecutor.java:328)&#xD;
	at com.kms.katalon.core.main.TestCaseExecutor.processExecutionPhase(TestCaseExecutor.java:307)&#xD;
	at com.kms.katalon.core.main.TestCaseExecutor.accessMainPhase(TestCaseExecutor.java:299)&#xD;
	at com.kms.katalon.core.main.TestCaseExecutor.execute(TestCaseExecutor.java:233)&#xD;
	at com.kms.katalon.core.main.TestSuiteExecutor.accessTestCaseMainPhase(TestSuiteExecutor.java:169)&#xD;
	at com.kms.katalon.core.main.TestSuiteExecutor.accessTestSuiteMainPhase(TestSuiteExecutor.java:142)&#xD;
	at com.kms.katalon.core.main.TestSuiteExecutor.execute(TestSuiteExecutor.java:91)&#xD;
	at com.kms.katalon.core.main.TestCaseMain.startTestSuite(TestCaseMain.java:157)&#xD;
	at com.kms.katalon.core.main.TestCaseMain$startTestSuite$0.call(Unknown Source)&#xD;
	at TempTestSuite1592890301834.run(TempTestSuite1592890301834.groovy:35)&#xD;
Caused by: com.kms.katalon.core.exception.StepFailedException: Unable to send keys 'narendra.n@imimobile.com' to object 'Object Repository/Input/username'&#xD;
	at com.kms.katalon.core.webui.keyword.internal.WebUIKeywordMain.stepFailed(WebUIKeywordMain.groovy:64)&#xD;
	at com.kms.katalon.core.webui.keyword.internal.WebUIKeywordMain.runKeyword(WebUIKeywordMain.groovy:26)&#xD;
	at com.kms.katalon.core.webui.keyword.builtin.SendKeysKeyword.sendKeys(SendKeysKeyword.groovy:60)&#xD;
	at com.kms.katalon.core.webui.keyword.builtin.SendKeysKeyword.execute(SendKeysKeyword.groovy:38)&#xD;
	at com.kms.katalon.core.keyword.internal.KeywordExecutor.executeKeywordForPlatform(KeywordExecutor.groovy:56)&#xD;
	at com.kms.katalon.core.webui.keyword.WebUiBuiltInKeywords.sendKeys(WebUiBuiltInKeywords.groovy:834)&#xD;
	at com.kms.katalon.core.webui.keyword.WebUiBuiltInKeywords$sendKeys$2.call(Unknown Source)&#xD;
	at successfulLogin_Test.run(successfulLogin_Test:16)&#xD;
	at com.kms.katalon.core.main.ScriptEngine.run(ScriptEngine.java:194)&#xD;
	at com.kms.katalon.core.main.ScriptEngine.runScriptAsRawText(ScriptEngine.java:119)&#xD;
	at com.kms.katalon.core.main.TestCaseExecutor.runScript(TestCaseExecutor.java:337)&#xD;
	at com.kms.katalon.core.main.TestCaseExecutor.doExecute(TestCaseExecutor.java:328)&#xD;
	at com.kms.katalon.core.main.TestCaseExecutor.processExecutionPhase(TestCaseExecutor.java:307)&#xD;
	at com.kms.katalon.core.main.TestCaseExecutor.accessMainPhase(TestCaseExecutor.java:299)&#xD;
	at com.kms.katalon.core.main.TestCaseExecutor.execute(TestCaseExecutor.java:233)&#xD;
	at com.kms.katalon.core.main.TestCaseMain.runTestCase(TestCaseMain.java:114)&#xD;
	at com.kms.katalon.core.keyword.builtin.CallTestCaseKeyword$_callTestCase_closure1.doCall(CallTestCaseKeyword.groovy:59)&#xD;
	... 20 more&#xD;
Caused by: com.kms.katalon.core.webui.exception.WebElementNotFoundException: Web element with id: 'Object Repository/Input/username' located by 'By.xpath: //*[@data-cy = 'login-email']' not found&#xD;
	at com.kms.katalon.core.webui.common.WebUiCommonHelper.findWebElement(WebUiCommonHelper.java:1097)&#xD;
	at com.kms.katalon.core.webui.keyword.internal.WebUIAbstractKeyword.findWebElement(WebUIAbstractKeyword.groovy:27)&#xD;
	at com.kms.katalon.core.webui.keyword.internal.WebUIAbstractKeyword.findWebElement(WebUIAbstractKeyword.groovy:26)&#xD;
	at com.kms.katalon.core.webui.keyword.builtin.SendKeysKeyword$_sendKeys_closure1.doCall(SendKeysKeyword.groovy:52)&#xD;
	at com.kms.katalon.core.webui.keyword.builtin.SendKeysKeyword$_sendKeys_closure1.call(SendKeysKeyword.groovy)&#xD;
	at com.kms.katalon.core.webui.keyword.internal.WebUIKeywordMain.runKeyword(WebUIKeywordMain.groovy:20)&#xD;
	... 35 more&#xD;
)&#xD;
&#xD;
2020-06-23 12:53:00 - [TEST_CASE][FAILED] - Test Cases/Generic/successfulLogin_Test: Test Cases/Generic/successfulLogin_Test FAILED.
Reason:
com.kms.katalon.core.exception.StepFailedException: Unable to send keys 'narendra.n@imimobile.com' to object 'Object Repository/Input/username'&#xD;
	at com.kms.katalon.core.webui.keyword.internal.WebUIKeywordMain.stepFailed(WebUIKeywordMain.groovy:64)&#xD;
	at com.kms.katalon.core.webui.keyword.internal.WebUIKeywordMain.runKeyword(WebUIKeywordMain.groovy:26)&#xD;
	at com.kms.katalon.core.webui.keyword.builtin.SendKeysKeyword.sendKeys(SendKeysKeyword.groovy:60)&#xD;
	at com.kms.katalon.core.webui.keyword.builtin.SendKeysKeyword.execute(SendKeysKeyword.groovy:38)&#xD;
	at com.kms.katalon.core.keyword.internal.KeywordExecutor.executeKeywordForPlatform(KeywordExecutor.groovy:56)&#xD;
	at com.kms.katalon.core.webui.keyword.WebUiBuiltInKeywords.sendKeys(WebUiBuiltInKeywords.groovy:834)&#xD;
	at com.kms.katalon.core.webui.keyword.WebUiBuiltInKeywords$sendKeys$2.call(Unknown Source)&#xD;
	at successfulLogin_Test.run(successfulLogin_Test:16)&#xD;
	at com.kms.katalon.core.main.ScriptEngine.run(ScriptEngine.java:194)&#xD;
	at com.kms.katalon.core.main.ScriptEngine.runScriptAsRawText(ScriptEngine.java:119)&#xD;
	at com.kms.katalon.core.main.TestCaseExecutor.runScript(TestCaseExecutor.java:337)&#xD;
	at com.kms.katalon.core.main.TestCaseExecutor.doExecute(TestCaseExecutor.java:328)&#xD;
	at com.kms.katalon.core.main.TestCaseExecutor.processExecutionPhase(TestCaseExecutor.java:307)&#xD;
	at com.kms.katalon.core.main.TestCaseExecutor.accessMainPhase(TestCaseExecutor.java:299)&#xD;
	at com.kms.katalon.core.main.TestCaseExecutor.execute(TestCaseExecutor.java:233)&#xD;
	at com.kms.katalon.core.main.TestCaseMain.runTestCase(TestCaseMain.java:114)&#xD;
	at com.kms.katalon.core.keyword.builtin.CallTestCaseKeyword$_callTestCase_closure1.doCall(CallTestCaseKeyword.groovy:59)&#xD;
	at com.kms.katalon.core.keyword.builtin.CallTestCaseKeyword$_callTestCase_closure1.call(CallTestCaseKeyword.groovy)&#xD;
	at com.kms.katalon.core.keyword.internal.KeywordMain.runKeyword(KeywordMain.groovy:68)&#xD;
	at com.kms.katalon.core.keyword.builtin.CallTestCaseKeyword.callTestCase(CallTestCaseKeyword.groovy:81)&#xD;
	at com.kms.katalon.core.keyword.builtin.CallTestCaseKeyword.execute(CallTestCaseKeyword.groovy:44)&#xD;
	at com.kms.katalon.core.keyword.internal.KeywordExecutor.executeKeywordForPlatform(KeywordExecutor.groovy:56)&#xD;
	at com.kms.katalon.core.keyword.BuiltinKeywords.callTestCase(BuiltinKeywords.groovy:334)&#xD;
	at setUpCustomSyn_ShareablePreview3.run(setUpCustomSyn_ShareablePreview3:16)&#xD;
	at com.kms.katalon.core.main.ScriptEngine.run(ScriptEngine.java:194)&#xD;
	at com.kms.katalon.core.main.ScriptEngine.runScriptAsRawText(ScriptEngine.java:119)&#xD;
	at com.kms.katalon.core.main.TestCaseExecutor.runScript(TestCaseExecutor.java:337)&#xD;
	at com.kms.katalon.core.main.TestCaseExecutor.doExecute(TestCaseExecutor.java:328)&#xD;
	at com.kms.katalon.core.main.TestCaseExecutor.processExecutionPhase(TestCaseExecutor.java:307)&#xD;
	at com.kms.katalon.core.main.TestCaseExecutor.accessMainPhase(TestCaseExecutor.java:299)&#xD;
	at com.kms.katalon.core.main.TestCaseExecutor.execute(TestCaseExecutor.java:233)&#xD;
	at com.kms.katalon.core.main.TestSuiteExecutor.accessTestCaseMainPhase(TestSuiteExecutor.java:169)&#xD;
	at com.kms.katalon.core.main.TestSuiteExecutor.accessTestSuiteMainPhase(TestSuiteExecutor.java:142)&#xD;
	at com.kms.katalon.core.main.TestSuiteExecutor.execute(TestSuiteExecutor.java:91)&#xD;
	at com.kms.katalon.core.main.TestCaseMain.startTestSuite(TestCaseMain.java:157)&#xD;
	at com.kms.katalon.core.main.TestCaseMain$startTestSuite$0.call(Unknown Source)&#xD;
	at TempTestSuite1592890301834.run(TempTestSuite1592890301834.groovy:35)&#xD;
Caused by: com.kms.katalon.core.webui.exception.WebElementNotFoundException: Web element with id: 'Object Repository/Input/username' located by 'By.xpath: //*[@data-cy = 'login-email']' not found&#xD;
	at com.kms.katalon.core.webui.common.WebUiCommonHelper.findWebElement(WebUiCommonHelper.java:1097)&#xD;
	at com.kms.katalon.core.webui.keyword.internal.WebUIAbstractKeyword.findWebElement(WebUIAbstractKeyword.groovy:27)&#xD;
	at com.kms.katalon.core.webui.keyword.internal.WebUIAbstractKeyword.findWebElement(WebUIAbstractKeyword.groovy:26)&#xD;
	at com.kms.katalon.core.webui.keyword.builtin.SendKeysKeyword$_sendKeys_closure1.doCall(SendKeysKeyword.groovy:52)&#xD;
	at com.kms.katalon.core.webui.keyword.builtin.SendKeysKeyword$_sendKeys_closure1.call(SendKeysKeyword.groovy)&#xD;
	at com.kms.katalon.core.webui.keyword.internal.WebUIKeywordMain.runKeyword(WebUIKeywordMain.groovy:20)&#xD;
	... 35 more&#xD;
&#xD;
&#xD;
2020-06-23 12:53:00 - [TEST_STEP][FAILED] - sendKeys(findTestObject("Input/username"), USERNAME): Unable to send keys 'narendra.n@imimobile.com' to object 'Object Repository/Input/username' (Root cause: com.kms.katalon.core.exception.StepFailedException: Unable to send keys 'narendra.n@imimobile.com' to object 'Object Repository/Input/username'&#xD;
	at com.kms.katalon.core.webui.keyword.internal.WebUIKeywordMain.stepFailed(WebUIKeywordMain.groovy:64)&#xD;
	at com.kms.katalon.core.webui.keyword.internal.WebUIKeywordMain.runKeyword(WebUIKeywordMain.groovy:26)&#xD;
	at com.kms.katalon.core.webui.keyword.builtin.SendKeysKeyword.sendKeys(SendKeysKeyword.groovy:60)&#xD;
	at com.kms.katalon.core.webui.keyword.builtin.SendKeysKeyword.execute(SendKeysKeyword.groovy:38)&#xD;
	at com.kms.katalon.core.keyword.internal.KeywordExecutor.executeKeywordForPlatform(KeywordExecutor.groovy:56)&#xD;
	at com.kms.katalon.core.webui.keyword.WebUiBuiltInKeywords.sendKeys(WebUiBuiltInKeywords.groovy:834)&#xD;
	at com.kms.katalon.core.webui.keyword.WebUiBuiltInKeywords$sendKeys$2.call(Unknown Source)&#xD;
	at successfulLogin_Test.run(successfulLogin_Test:16)&#xD;
	at com.kms.katalon.core.main.ScriptEngine.run(ScriptEngine.java:194)&#xD;
	at com.kms.katalon.core.main.ScriptEngine.runScriptAsRawText(ScriptEngine.java:119)&#xD;
	at com.kms.katalon.core.main.TestCaseExecutor.runScript(TestCaseExecutor.java:337)&#xD;
	at com.kms.katalon.core.main.TestCaseExecutor.doExecute(TestCaseExecutor.java:328)&#xD;
	at com.kms.katalon.core.main.TestCaseExecutor.processExecutionPhase(TestCaseExecutor.java:307)&#xD;
	at com.kms.katalon.core.main.TestCaseExecutor.accessMainPhase(TestCaseExecutor.java:299)&#xD;
	at com.kms.katalon.core.main.TestCaseExecutor.execute(TestCaseExecutor.java:233)&#xD;
	at com.kms.katalon.core.main.TestCaseMain.runTestCase(TestCaseMain.java:114)&#xD;
	at com.kms.katalon.core.keyword.builtin.CallTestCaseKeyword$_callTestCase_closure1.doCall(CallTestCaseKeyword.groovy:59)&#xD;
	at com.kms.katalon.core.keyword.builtin.CallTestCaseKeyword$_callTestCase_closure1.call(CallTestCaseKeyword.groovy)&#xD;
	at com.kms.katalon.core.keyword.internal.KeywordMain.runKeyword(KeywordMain.groovy:68)&#xD;
	at com.kms.katalon.core.keyword.builtin.CallTestCaseKeyword.callTestCase(CallTestCaseKeyword.groovy:81)&#xD;
	at com.kms.katalon.core.keyword.builtin.CallTestCaseKeyword.execute(CallTestCaseKeyword.groovy:44)&#xD;
	at com.kms.katalon.core.keyword.internal.KeywordExecutor.executeKeywordForPlatform(KeywordExecutor.groovy:56)&#xD;
	at com.kms.katalon.core.keyword.BuiltinKeywords.callTestCase(BuiltinKeywords.groovy:334)&#xD;
	at setUpCustomSyn_ShareablePreview3.run(setUpCustomSyn_ShareablePreview3:16)&#xD;
	at com.kms.katalon.core.main.ScriptEngine.run(ScriptEngine.java:194)&#xD;
	at com.kms.katalon.core.main.ScriptEngine.runScriptAsRawText(ScriptEngine.java:119)&#xD;
	at com.kms.katalon.core.main.TestCaseExecutor.runScript(TestCaseExecutor.java:337)&#xD;
	at com.kms.katalon.core.main.TestCaseExecutor.doExecute(TestCaseExecutor.java:328)&#xD;
	at com.kms.katalon.core.main.TestCaseExecutor.processExecutionPhase(TestCaseExecutor.java:307)&#xD;
	at com.kms.katalon.core.main.TestCaseExecutor.accessMainPhase(TestCaseExecutor.java:299)&#xD;
	at com.kms.katalon.core.main.TestCaseExecutor.execute(TestCaseExecutor.java:233)&#xD;
	at com.kms.katalon.core.main.TestSuiteExecutor.accessTestCaseMainPhase(TestSuiteExecutor.java:169)&#xD;
	at com.kms.katalon.core.main.TestSuiteExecutor.accessTestSuiteMainPhase(TestSuiteExecutor.java:142)&#xD;
	at com.kms.katalon.core.main.TestSuiteExecutor.execute(TestSuiteExecutor.java:91)&#xD;
	at com.kms.katalon.core.main.TestCaseMain.startTestSuite(TestCaseMain.java:157)&#xD;
	at com.kms.katalon.core.main.TestCaseMain$startTestSuite$0.call(Unknown Source)&#xD;
	at TempTestSuite1592890301834.run(TempTestSuite1592890301834.groovy:35)&#xD;
Caused by: com.kms.katalon.core.webui.exception.WebElementNotFoundException: Web element with id: 'Object Repository/Input/username' located by 'By.xpath: //*[@data-cy = 'login-email']' not found&#xD;
	at com.kms.katalon.core.webui.common.WebUiCommonHelper.findWebElement(WebUiCommonHelper.java:1097)&#xD;
	at com.kms.katalon.core.webui.keyword.internal.WebUIAbstractKeyword.findWebElement(WebUIAbstractKeyword.groovy:27)&#xD;
	at com.kms.katalon.core.webui.keyword.internal.WebUIAbstractKeyword.findWebElement(WebUIAbstractKeyword.groovy:26)&#xD;
	at com.kms.katalon.core.webui.keyword.builtin.SendKeysKeyword$_sendKeys_closure1.doCall(SendKeysKeyword.groovy:52)&#xD;
	at com.kms.katalon.core.webui.keyword.builtin.SendKeysKeyword$_sendKeys_closure1.call(SendKeysKeyword.groovy)&#xD;
	at com.kms.katalon.core.webui.keyword.internal.WebUIKeywordMain.runKeyword(WebUIKeywordMain.groovy:20)&#xD;
	at com.kms.katalon.core.webui.keyword.builtin.SendKeysKeyword.sendKeys(SendKeysKeyword.groovy:60)&#xD;
	at com.kms.katalon.core.webui.keyword.builtin.SendKeysKeyword.execute(SendKeysKeyword.groovy:38)&#xD;
	at com.kms.katalon.core.keyword.internal.KeywordExecutor.executeKeywordForPlatform(KeywordExecutor.groovy:56)&#xD;
	at com.kms.katalon.core.webui.keyword.WebUiBuiltInKeywords.sendKeys(WebUiBuiltInKeywords.groovy:834)&#xD;
	at com.kms.katalon.core.webui.keyword.WebUiBuiltInKeywords$sendKeys$2.call(Unknown Source)&#xD;
	at Script1588401831350.run(Script1588401831350.groovy:16)&#xD;
	at com.kms.katalon.core.main.ScriptEngine.run(ScriptEngine.java:194)&#xD;
	at com.kms.katalon.core.main.ScriptEngine.runScriptAsRawText(ScriptEngine.java:119)&#xD;
	at com.kms.katalon.core.main.TestCaseExecutor.runScript(TestCaseExecutor.java:337)&#xD;
	at com.kms.katalon.core.main.TestCaseExecutor.doExecute(TestCaseExecutor.java:328)&#xD;
	at com.kms.katalon.core.main.TestCaseExecutor.processExecutionPhase(TestCaseExecutor.java:307)&#xD;
	at com.kms.katalon.core.main.TestCaseExecutor.accessMainPhase(TestCaseExecutor.java:299)&#xD;
	at com.kms.katalon.core.main.TestCaseExecutor.execute(TestCaseExecutor.java:233)&#xD;
	at com.kms.katalon.core.main.TestCaseMain.runTestCase(TestCaseMain.java:114)&#xD;
	at com.kms.katalon.core.keyword.builtin.CallTestCaseKeyword$_callTestCase_closure1.doCall(CallTestCaseKeyword.groovy:59)&#xD;
	at com.kms.katalon.core.keyword.builtin.CallTestCaseKeyword$_callTestCase_closure1.call(CallTestCaseKeyword.groovy)&#xD;
	at com.kms.katalon.core.keyword.internal.KeywordMain.runKeyword(KeywordMain.groovy:68)&#xD;
	at com.kms.katalon.core.keyword.builtin.CallTestCaseKeyword.callTestCase(CallTestCaseKeyword.groovy:81)&#xD;
	at com.kms.katalon.core.keyword.builtin.CallTestCaseKeyword.execute(CallTestCaseKeyword.groovy:44)&#xD;
	at com.kms.katalon.core.keyword.internal.KeywordExecutor.executeKeywordForPlatform(KeywordExecutor.groovy:56)&#xD;
	at com.kms.katalon.core.keyword.BuiltinKeywords.callTestCase(BuiltinKeywords.groovy:334)&#xD;
	at Script1590590581046.run(Script1590590581046.groovy:16)&#xD;
	... 13 more&#xD;
)&#xD;
&#xD;
2020-06-23 12:53:11 - [MESSAGE][INFO] - Unable to find the element located by 'By.xpath: //*[@data-cy = 'login-email']'. Please recheck the objects properties to make sure the desired element is located. &#xD;
&#xD;
2020-06-23 12:53:12 - [MESSAGE][FAILED] - Unable to send keys 'narendra.n@imimobile.com' to object 'Object Repository/Input/username' (Root cause: com.kms.katalon.core.exception.StepFailedException: Unable to send keys 'narendra.n@imimobile.com' to object 'Object Repository/Input/username'&#xD;
	at com.kms.katalon.core.webui.keyword.internal.WebUIKeywordMain.stepFailed(WebUIKeywordMain.groovy:64)&#xD;
	at com.kms.katalon.core.webui.keyword.internal.WebUIKeywordMain.runKeyword(WebUIKeywordMain.groovy:26)&#xD;
	at com.kms.katalon.core.webui.keyword.builtin.SendKeysKeyword.sendKeys(SendKeysKeyword.groovy:60)&#xD;
	at com.kms.katalon.core.webui.keyword.builtin.SendKeysKeyword.execute(SendKeysKeyword.groovy:38)&#xD;
	at com.kms.katalon.core.keyword.internal.KeywordExecutor.executeKeywordForPlatform(KeywordExecutor.groovy:56)&#xD;
	at com.kms.katalon.core.webui.keyword.WebUiBuiltInKeywords.sendKeys(WebUiBuiltInKeywords.groovy:834)&#xD;
	at com.kms.katalon.core.webui.keyword.WebUiBuiltInKeywords$sendKeys$2.call(Unknown Source)&#xD;
	at successfulLogin_Test.run(successfulLogin_Test:16)&#xD;
	at com.kms.katalon.core.main.ScriptEngine.run(ScriptEngine.java:194)&#xD;
	at com.kms.katalon.core.main.ScriptEngine.runScriptAsRawText(ScriptEngine.java:119)&#xD;
	at com.kms.katalon.core.main.TestCaseExecutor.runScript(TestCaseExecutor.java:337)&#xD;
	at com.kms.katalon.core.main.TestCaseExecutor.doExecute(TestCaseExecutor.java:328)&#xD;
	at com.kms.katalon.core.main.TestCaseExecutor.processExecutionPhase(TestCaseExecutor.java:307)&#xD;
	at com.kms.katalon.core.main.TestCaseExecutor.accessMainPhase(TestCaseExecutor.java:299)&#xD;
	at com.kms.katalon.core.main.TestCaseExecutor.execute(TestCaseExecutor.java:233)&#xD;
	at com.kms.katalon.core.main.TestCaseMain.runTestCase(TestCaseMain.java:114)&#xD;
	at com.kms.katalon.core.keyword.builtin.CallTestCaseKeyword$_callTestCase_closure1.doCall(CallTestCaseKeyword.groovy:59)&#xD;
	at com.kms.katalon.core.keyword.builtin.CallTestCaseKeyword$_callTestCase_closure1.call(CallTestCaseKeyword.groovy)&#xD;
	at com.kms.katalon.core.keyword.internal.KeywordMain.runKeyword(KeywordMain.groovy:68)&#xD;
	at com.kms.katalon.core.keyword.builtin.CallTestCaseKeyword.callTestCase(CallTestCaseKeyword.groovy:81)&#xD;
	at com.kms.katalon.core.keyword.builtin.CallTestCaseKeyword.execute(CallTestCaseKeyword.groovy:44)&#xD;
	at com.kms.katalon.core.keyword.internal.KeywordExecutor.executeKeywordForPlatform(KeywordExecutor.groovy:56)&#xD;
	at com.kms.katalon.core.keyword.BuiltinKeywords.callTestCase(BuiltinKeywords.groovy:334)&#xD;
	at setUpCustomSyn_ShareablePreview3.run(setUpCustomSyn_ShareablePreview3:16)&#xD;
	at com.kms.katalon.core.main.ScriptEngine.run(ScriptEngine.java:194)&#xD;
	at com.kms.katalon.core.main.ScriptEngine.runScriptAsRawText(ScriptEngine.java:119)&#xD;
	at com.kms.katalon.core.main.TestCaseExecutor.runScript(TestCaseExecutor.java:337)&#xD;
	at com.kms.katalon.core.main.TestCaseExecutor.doExecute(TestCaseExecutor.java:328)&#xD;
	at com.kms.katalon.core.main.TestCaseExecutor.processExecutionPhase(TestCaseExecutor.java:307)&#xD;
	at com.kms.katalon.core.main.TestCaseExecutor.accessMainPhase(TestCaseExecutor.java:299)&#xD;
	at com.kms.katalon.core.main.TestCaseExecutor.execute(TestCaseExecutor.java:233)&#xD;
	at com.kms.katalon.core.main.TestSuiteExecutor.accessTestCaseMainPhase(TestSuiteExecutor.java:169)&#xD;
	at com.kms.katalon.core.main.TestSuiteExecutor.accessTestSuiteMainPhase(TestSuiteExecutor.java:142)&#xD;
	at com.kms.katalon.core.main.TestSuiteExecutor.execute(TestSuiteExecutor.java:91)&#xD;
	at com.kms.katalon.core.main.TestCaseMain.startTestSuite(TestCaseMain.java:157)&#xD;
	at com.kms.katalon.core.main.TestCaseMain$startTestSuite$0.call(Unknown Source)&#xD;
	at TempTestSuite1592890301834.run(TempTestSuite1592890301834.groovy:35)&#xD;
Caused by: com.kms.katalon.core.webui.exception.WebElementNotFoundException: Web element with id: 'Object Repository/Input/username' located by 'By.xpath: //*[@data-cy = 'login-email']' not found&#xD;
	at com.kms.katalon.core.webui.common.WebUiCommonHelper.findWebElement(WebUiCommonHelper.java:1097)&#xD;
	at com.kms.katalon.core.webui.keyword.internal.WebUIAbstractKeyword.findWebElement(WebUIAbstractKeyword.groovy:27)&#xD;
	at com.kms.katalon.core.webui.keyword.internal.WebUIAbstractKeyword.findWebElement(WebUIAbstractKeyword.groovy:26)&#xD;
	at com.kms.katalon.core.webui.keyword.builtin.SendKeysKeyword$_sendKeys_closure1.doCall(SendKeysKeyword.groovy:52)&#xD;
	at com.kms.katalon.core.webui.keyword.builtin.SendKeysKeyword$_sendKeys_closure1.call(SendKeysKeyword.groovy)&#xD;
	at com.kms.katalon.core.webui.keyword.internal.WebUIKeywordMain.runKeyword(WebUIKeywordMain.groovy:20)&#xD;
	at com.kms.katalon.core.webui.keyword.builtin.SendKeysKeyword.sendKeys(SendKeysKeyword.groovy:60)&#xD;
	at com.kms.katalon.core.webui.keyword.builtin.SendKeysKeyword.execute(SendKeysKeyword.groovy:38)&#xD;
	at com.kms.katalon.core.keyword.internal.KeywordExecutor.executeKeywordForPlatform(KeywordExecutor.groovy:56)&#xD;
	at com.kms.katalon.core.webui.keyword.WebUiBuiltInKeywords.sendKeys(WebUiBuiltInKeywords.groovy:834)&#xD;
	at com.kms.katalon.core.webui.keyword.WebUiBuiltInKeywords$sendKeys$2.call(Unknown Source)&#xD;
	at Script1588401831350.run(Script1588401831350.groovy:16)&#xD;
	at com.kms.katalon.core.main.ScriptEngine.run(ScriptEngine.java:194)&#xD;
	at com.kms.katalon.core.main.ScriptEngine.runScriptAsRawText(ScriptEngine.java:119)&#xD;
	at com.kms.katalon.core.main.TestCaseExecutor.runScript(TestCaseExecutor.java:337)&#xD;
	at com.kms.katalon.core.main.TestCaseExecutor.doExecute(TestCaseExecutor.java:328)&#xD;
	at com.kms.katalon.core.main.TestCaseExecutor.processExecutionPhase(TestCaseExecutor.java:307)&#xD;
	at com.kms.katalon.core.main.TestCaseExecutor.accessMainPhase(TestCaseExecutor.java:299)&#xD;
	at com.kms.katalon.core.main.TestCaseExecutor.execute(TestCaseExecutor.java:233)&#xD;
	at com.kms.katalon.core.main.TestCaseMain.runTestCase(TestCaseMain.java:114)&#xD;
	at com.kms.katalon.core.keyword.builtin.CallTestCaseKeyword$_callTestCase_closure1.doCall(CallTestCaseKeyword.groovy:59)&#xD;
	at com.kms.katalon.core.keyword.builtin.CallTestCaseKeyword$_callTestCase_closure1.call(CallTestCaseKeyword.groovy)&#xD;
	at com.kms.katalon.core.keyword.internal.KeywordMain.runKeyword(KeywordMain.groovy:68)&#xD;
	at com.kms.katalon.core.keyword.builtin.CallTestCaseKeyword.callTestCase(CallTestCaseKeyword.groovy:81)&#xD;
	at com.kms.katalon.core.keyword.builtin.CallTestCaseKeyword.execute(CallTestCaseKeyword.groovy:44)&#xD;
	at com.kms.katalon.core.keyword.internal.KeywordExecutor.executeKeywordForPlatform(KeywordExecutor.groovy:56)&#xD;
	at com.kms.katalon.core.keyword.BuiltinKeywords.callTestCase(BuiltinKeywords.groovy:334)&#xD;
	at Script1590590581046.run(Script1590590581046.groovy:16)&#xD;
	... 13 more&#xD;
)&#xD;
[[ATTACHMENT|D:\\IMIbot.ai-Project\\Reports\\20200623_110141\\Regression\\20200623_110141\\1592896991336.png]]&#xD;
&#xD;
2020-06-23 12:53:12 - [MESSAGE][FAILED] - Unable to call Test Case 'Test Cases/Generic/successfulLogin_Test' (Root cause: com.kms.katalon.core.exception.StepFailedException: Call Test Case 'Test Cases/Generic/successfulLogin_Test' failed&#xD;
	at com.kms.katalon.core.keyword.builtin.CallTestCaseKeyword$_callTestCase_closure1.doCall(CallTestCaseKeyword.groovy:63)&#xD;
	at com.kms.katalon.core.keyword.builtin.CallTestCaseKeyword$_callTestCase_closure1.call(CallTestCaseKeyword.groovy)&#xD;
	at com.kms.katalon.core.keyword.internal.KeywordMain.runKeyword(KeywordMain.groovy:68)&#xD;
	at com.kms.katalon.core.keyword.builtin.CallTestCaseKeyword.callTestCase(CallTestCaseKeyword.groovy:81)&#xD;
	at com.kms.katalon.core.keyword.builtin.CallTestCaseKeyword.execute(CallTestCaseKeyword.groovy:44)&#xD;
	at com.kms.katalon.core.keyword.internal.KeywordExecutor.executeKeywordForPlatform(KeywordExecutor.groovy:56)&#xD;
	at com.kms.katalon.core.keyword.BuiltinKeywords.callTestCase(BuiltinKeywords.groovy:334)&#xD;
	at setUpCustomSyn_ShareablePreview3.run(setUpCustomSyn_ShareablePreview3:16)&#xD;
	at com.kms.katalon.core.main.ScriptEngine.run(ScriptEngine.java:194)&#xD;
	at com.kms.katalon.core.main.ScriptEngine.runScriptAsRawText(ScriptEngine.java:119)&#xD;
	at com.kms.katalon.core.main.TestCaseExecutor.runScript(TestCaseExecutor.java:337)&#xD;
	at com.kms.katalon.core.main.TestCaseExecutor.doExecute(TestCaseExecutor.java:328)&#xD;
	at com.kms.katalon.core.main.TestCaseExecutor.processExecutionPhase(TestCaseExecutor.java:307)&#xD;
	at com.kms.katalon.core.main.TestCaseExecutor.accessMainPhase(TestCaseExecutor.java:299)&#xD;
	at com.kms.katalon.core.main.TestCaseExecutor.execute(TestCaseExecutor.java:233)&#xD;
	at com.kms.katalon.core.main.TestSuiteExecutor.accessTestCaseMainPhase(TestSuiteExecutor.java:169)&#xD;
	at com.kms.katalon.core.main.TestSuiteExecutor.accessTestSuiteMainPhase(TestSuiteExecutor.java:142)&#xD;
	at com.kms.katalon.core.main.TestSuiteExecutor.execute(TestSuiteExecutor.java:91)&#xD;
	at com.kms.katalon.core.main.TestCaseMain.startTestSuite(TestCaseMain.java:157)&#xD;
	at com.kms.katalon.core.main.TestCaseMain$startTestSuite$0.call(Unknown Source)&#xD;
	at TempTestSuite1592890301834.run(TempTestSuite1592890301834.groovy:35)&#xD;
Caused by: com.kms.katalon.core.exception.StepFailedException: Unable to send keys 'narendra.n@imimobile.com' to object 'Object Repository/Input/username'&#xD;
	at com.kms.katalon.core.webui.keyword.internal.WebUIKeywordMain.stepFailed(WebUIKeywordMain.groovy:64)&#xD;
	at com.kms.katalon.core.webui.keyword.internal.WebUIKeywordMain.runKeyword(WebUIKeywordMain.groovy:26)&#xD;
	at com.kms.katalon.core.webui.keyword.builtin.SendKeysKeyword.sendKeys(SendKeysKeyword.groovy:60)&#xD;
	at com.kms.katalon.core.webui.keyword.builtin.SendKeysKeyword.execute(SendKeysKeyword.groovy:38)&#xD;
	at com.kms.katalon.core.keyword.internal.KeywordExecutor.executeKeywordForPlatform(KeywordExecutor.groovy:56)&#xD;
	at com.kms.katalon.core.webui.keyword.WebUiBuiltInKeywords.sendKeys(WebUiBuiltInKeywords.groovy:834)&#xD;
	at com.kms.katalon.core.webui.keyword.WebUiBuiltInKeywords$sendKeys$2.call(Unknown Source)&#xD;
	at successfulLogin_Test.run(successfulLogin_Test:16)&#xD;
	at com.kms.katalon.core.main.ScriptEngine.run(ScriptEngine.java:194)&#xD;
	at com.kms.katalon.core.main.ScriptEngine.runScriptAsRawText(ScriptEngine.java:119)&#xD;
	at com.kms.katalon.core.main.TestCaseExecutor.runScript(TestCaseExecutor.java:337)&#xD;
	at com.kms.katalon.core.main.TestCaseExecutor.doExecute(TestCaseExecutor.java:328)&#xD;
	at com.kms.katalon.core.main.TestCaseExecutor.processExecutionPhase(TestCaseExecutor.java:307)&#xD;
	at com.kms.katalon.core.main.TestCaseExecutor.accessMainPhase(TestCaseExecutor.java:299)&#xD;
	at com.kms.katalon.core.main.TestCaseExecutor.execute(TestCaseExecutor.java:233)&#xD;
	at com.kms.katalon.core.main.TestCaseMain.runTestCase(TestCaseMain.java:114)&#xD;
	at com.kms.katalon.core.keyword.builtin.CallTestCaseKeyword$_callTestCase_closure1.doCall(CallTestCaseKeyword.groovy:59)&#xD;
	... 20 more&#xD;
Caused by: com.kms.katalon.core.webui.exception.WebElementNotFoundException: Web element with id: 'Object Repository/Input/username' located by 'By.xpath: //*[@data-cy = 'login-email']' not found&#xD;
	at com.kms.katalon.core.webui.common.WebUiCommonHelper.findWebElement(WebUiCommonHelper.java:1097)&#xD;
	at com.kms.katalon.core.webui.keyword.internal.WebUIAbstractKeyword.findWebElement(WebUIAbstractKeyword.groovy:27)&#xD;
	at com.kms.katalon.core.webui.keyword.internal.WebUIAbstractKeyword.findWebElement(WebUIAbstractKeyword.groovy:26)&#xD;
	at com.kms.katalon.core.webui.keyword.builtin.SendKeysKeyword$_sendKeys_closure1.doCall(SendKeysKeyword.groovy:52)&#xD;
	at com.kms.katalon.core.webui.keyword.builtin.SendKeysKeyword$_sendKeys_closure1.call(SendKeysKeyword.groovy)&#xD;
	at com.kms.katalon.core.webui.keyword.internal.WebUIKeywordMain.runKeyword(WebUIKeywordMain.groovy:20)&#xD;
	... 35 more&#xD;
)</system-out>
            <system-err>2020-06-23 12:52:47 - [TEST_CASE][FAILED] - Test Cases/SetUp/setUpCustomSyn_ShareablePreview3: Test Cases/SetUp/setUpCustomSyn_ShareablePreview3 FAILED.
Reason:
com.kms.katalon.core.exception.StepFailedException: Call Test Case 'Test Cases/Generic/successfulLogin_Test' failed&#xD;
	at com.kms.katalon.core.keyword.builtin.CallTestCaseKeyword$_callTestCase_closure1.doCall(CallTestCaseKeyword.groovy:63)&#xD;
	at com.kms.katalon.core.keyword.builtin.CallTestCaseKeyword$_callTestCase_closure1.call(CallTestCaseKeyword.groovy)&#xD;
	at com.kms.katalon.core.keyword.internal.KeywordMain.runKeyword(KeywordMain.groovy:68)&#xD;
	at com.kms.katalon.core.keyword.builtin.CallTestCaseKeyword.callTestCase(CallTestCaseKeyword.groovy:81)&#xD;
	at com.kms.katalon.core.keyword.builtin.CallTestCaseKeyword.execute(CallTestCaseKeyword.groovy:44)&#xD;
	at com.kms.katalon.core.keyword.internal.KeywordExecutor.executeKeywordForPlatform(KeywordExecutor.groovy:56)&#xD;
	at com.kms.katalon.core.keyword.BuiltinKeywords.callTestCase(BuiltinKeywords.groovy:334)&#xD;
	at setUpCustomSyn_ShareablePreview3.run(setUpCustomSyn_ShareablePreview3:16)&#xD;
	at com.kms.katalon.core.main.ScriptEngine.run(ScriptEngine.java:194)&#xD;
	at com.kms.katalon.core.main.ScriptEngine.runScriptAsRawText(ScriptEngine.java:119)&#xD;
	at com.kms.katalon.core.main.TestCaseExecutor.runScript(TestCaseExecutor.java:337)&#xD;
	at com.kms.katalon.core.main.TestCaseExecutor.doExecute(TestCaseExecutor.java:328)&#xD;
	at com.kms.katalon.core.main.TestCaseExecutor.processExecutionPhase(TestCaseExecutor.java:307)&#xD;
	at com.kms.katalon.core.main.TestCaseExecutor.accessMainPhase(TestCaseExecutor.java:299)&#xD;
	at com.kms.katalon.core.main.TestCaseExecutor.execute(TestCaseExecutor.java:233)&#xD;
	at com.kms.katalon.core.main.TestSuiteExecutor.accessTestCaseMainPhase(TestSuiteExecutor.java:169)&#xD;
	at com.kms.katalon.core.main.TestSuiteExecutor.accessTestSuiteMainPhase(TestSuiteExecutor.java:142)&#xD;
	at com.kms.katalon.core.main.TestSuiteExecutor.execute(TestSuiteExecutor.java:91)&#xD;
	at com.kms.katalon.core.main.TestCaseMain.startTestSuite(TestCaseMain.java:157)&#xD;
	at com.kms.katalon.core.main.TestCaseMain$startTestSuite$0.call(Unknown Source)&#xD;
	at TempTestSuite1592890301834.run(TempTestSuite1592890301834.groovy:35)&#xD;
Caused by: com.kms.katalon.core.exception.StepFailedException: Unable to send keys 'narendra.n@imimobile.com' to object 'Object Repository/Input/username'&#xD;
	at com.kms.katalon.core.webui.keyword.internal.WebUIKeywordMain.stepFailed(WebUIKeywordMain.groovy:64)&#xD;
	at com.kms.katalon.core.webui.keyword.internal.WebUIKeywordMain.runKeyword(WebUIKeywordMain.groovy:26)&#xD;
	at com.kms.katalon.core.webui.keyword.builtin.SendKeysKeyword.sendKeys(SendKeysKeyword.groovy:60)&#xD;
	at com.kms.katalon.core.webui.keyword.builtin.SendKeysKeyword.execute(SendKeysKeyword.groovy:38)&#xD;
	at com.kms.katalon.core.keyword.internal.KeywordExecutor.executeKeywordForPlatform(KeywordExecutor.groovy:56)&#xD;
	at com.kms.katalon.core.webui.keyword.WebUiBuiltInKeywords.sendKeys(WebUiBuiltInKeywords.groovy:834)&#xD;
	at com.kms.katalon.core.webui.keyword.WebUiBuiltInKeywords$sendKeys$2.call(Unknown Source)&#xD;
	at successfulLogin_Test.run(successfulLogin_Test:16)&#xD;
	at com.kms.katalon.core.main.ScriptEngine.run(ScriptEngine.java:194)&#xD;
	at com.kms.katalon.core.main.ScriptEngine.runScriptAsRawText(ScriptEngine.java:119)&#xD;
	at com.kms.katalon.core.main.TestCaseExecutor.runScript(TestCaseExecutor.java:337)&#xD;
	at com.kms.katalon.core.main.TestCaseExecutor.doExecute(TestCaseExecutor.java:328)&#xD;
	at com.kms.katalon.core.main.TestCaseExecutor.processExecutionPhase(TestCaseExecutor.java:307)&#xD;
	at com.kms.katalon.core.main.TestCaseExecutor.accessMainPhase(TestCaseExecutor.java:299)&#xD;
	at com.kms.katalon.core.main.TestCaseExecutor.execute(TestCaseExecutor.java:233)&#xD;
	at com.kms.katalon.core.main.TestCaseMain.runTestCase(TestCaseMain.java:114)&#xD;
	at com.kms.katalon.core.keyword.builtin.CallTestCaseKeyword$_callTestCase_closure1.doCall(CallTestCaseKeyword.groovy:59)&#xD;
	... 20 more&#xD;
Caused by: com.kms.katalon.core.webui.exception.WebElementNotFoundException: Web element with id: 'Object Repository/Input/username' located by 'By.xpath: //*[@data-cy = 'login-email']' not found&#xD;
	at com.kms.katalon.core.webui.common.WebUiCommonHelper.findWebElement(WebUiCommonHelper.java:1097)&#xD;
	at com.kms.katalon.core.webui.keyword.internal.WebUIAbstractKeyword.findWebElement(WebUIAbstractKeyword.groovy:27)&#xD;
	at com.kms.katalon.core.webui.keyword.internal.WebUIAbstractKeyword.findWebElement(WebUIAbstractKeyword.groovy:26)&#xD;
	at com.kms.katalon.core.webui.keyword.builtin.SendKeysKeyword$_sendKeys_closure1.doCall(SendKeysKeyword.groovy:52)&#xD;
	at com.kms.katalon.core.webui.keyword.builtin.SendKeysKeyword$_sendKeys_closure1.call(SendKeysKeyword.groovy)&#xD;
	at com.kms.katalon.core.webui.keyword.internal.WebUIKeywordMain.runKeyword(WebUIKeywordMain.groovy:20)&#xD;
	... 35 more</system-err>
        </testcase>
        <testcase name="Test Cases/Faqbot/customSynonymsE2E_Test" classname="Test Cases/Faqbot/customSynonymsE2E_Test" status="FAILED">
            <failure type="FAILED" message="Test Cases/Faqbot/customSynonymsE2E_Test FAILED.&#xA;Reason:&#xA;com.kms.katalon.core.exception.StepFailedException: Call Test Case 'Test Cases/Generic/successfulLogin_Test' failed&#xD;&#xA;&#x9;at com.kms.katalon.core.keyword.builtin.CallTestCaseKeyword$_callTestCase_closure1.doCall(CallTestCaseKeyword.groovy:63)&#xD;&#xA;&#x9;at com.kms.katalon.core.keyword.builtin.CallTestCaseKeyword$_callTestCase_closure1.call(CallTestCaseKeyword.groovy)&#xD;&#xA;&#x9;at com.kms.katalon.core.keyword.internal.KeywordMain.runKeyword(KeywordMain.groovy:68)&#xD;&#xA;&#x9;at com.kms.katalon.core.keyword.builtin.CallTestCaseKeyword.callTestCase(CallTestCaseKeyword.groovy:81)&#xD;&#xA;&#x9;at com.kms.katalon.core.keyword.builtin.CallTestCaseKeyword.execute(CallTestCaseKeyword.groovy:44)&#xD;&#xA;&#x9;at com.kms.katalon.core.keyword.internal.KeywordExecutor.executeKeywordForPlatform(KeywordExecutor.groovy:56)&#xD;&#xA;&#x9;at com.kms.katalon.core.keyword.BuiltinKeywords.callTestCase(BuiltinKeywords.groovy:334)&#xD;&#xA;&#x9;at customSynonymsE2E_Test.run(customSynonymsE2E_Test:18)&#xD;&#xA;&#x9;at com.kms.katalon.core.main.ScriptEngine.run(ScriptEngine.java:194)&#xD;&#xA;&#x9;at com.kms.katalon.core.main.ScriptEngine.runScriptAsRawText(ScriptEngine.java:119)&#xD;&#xA;&#x9;at com.kms.katalon.core.main.TestCaseExecutor.runScript(TestCaseExecutor.java:337)&#xD;&#xA;&#x9;at com.kms.katalon.core.main.TestCaseExecutor.doExecute(TestCaseExecutor.java:328)&#xD;&#xA;&#x9;at com.kms.katalon.core.main.TestCaseExecutor.processExecutionPhase(TestCaseExecutor.java:307)&#xD;&#xA;&#x9;at com.kms.katalon.core.main.TestCaseExecutor.accessMainPhase(TestCaseExecutor.java:299)&#xD;&#xA;&#x9;at com.kms.katalon.core.main.TestCaseExecutor.execute(TestCaseExecutor.java:233)&#xD;&#xA;&#x9;at com.kms.katalon.core.main.TestSuiteExecutor.accessTestCaseMainPhase(TestSuiteExecutor.java:169)&#xD;&#xA;&#x9;at com.kms.katalon.core.main.TestSuiteExecutor.accessTestSuiteMainPhase(TestSuiteExecutor.java:142)&#xD;&#xA;&#x9;at com.kms.katalon.core.main.TestSuiteExecutor.execute(TestSuiteExecutor.java:91)&#xD;&#xA;&#x9;at com.kms.katalon.core.main.TestCaseMain.startTestSuite(TestCaseMain.java:157)&#xD;&#xA;&#x9;at com.kms.katalon.core.main.TestCaseMain$startTestSuite$0.call(Unknown Source)&#xD;&#xA;&#x9;at TempTestSuite1592890301834.run(TempTestSuite1592890301834.groovy:35)&#xD;&#xA;Caused by: com.kms.katalon.core.exception.StepFailedException: Unable to send keys 'narendra.n@imimobile.com' to object 'Object Repository/Input/username'&#xD;&#xA;&#x9;at com.kms.katalon.core.webui.keyword.internal.WebUIKeywordMain.stepFailed(WebUIKeywordMain.groovy:64)&#xD;&#xA;&#x9;at com.kms.katalon.core.webui.keyword.internal.WebUIKeywordMain.runKeyword(WebUIKeywordMain.groovy:26)&#xD;&#xA;&#x9;at com.kms.katalon.core.webui.keyword.builtin.SendKeysKeyword.sendKeys(SendKeysKeyword.groovy:60)&#xD;&#xA;&#x9;at com.kms.katalon.core.webui.keyword.builtin.SendKeysKeyword.execute(SendKeysKeyword.groovy:38)&#xD;&#xA;&#x9;at com.kms.katalon.core.keyword.internal.KeywordExecutor.executeKeywordForPlatform(KeywordExecutor.groovy:56)&#xD;&#xA;&#x9;at com.kms.katalon.core.webui.keyword.WebUiBuiltInKeywords.sendKeys(WebUiBuiltInKeywords.groovy:834)&#xD;&#xA;&#x9;at com.kms.katalon.core.webui.keyword.WebUiBuiltInKeywords$sendKeys$2.call(Unknown Source)&#xD;&#xA;&#x9;at successfulLogin_Test.run(successfulLogin_Test:16)&#xD;&#xA;&#x9;at com.kms.katalon.core.main.ScriptEngine.run(ScriptEngine.java:194)&#xD;&#xA;&#x9;at com.kms.katalon.core.main.ScriptEngine.runScriptAsRawText(ScriptEngine.java:119)&#xD;&#xA;&#x9;at com.kms.katalon.core.main.TestCaseExecutor.runScript(TestCaseExecutor.java:337)&#xD;&#xA;&#x9;at com.kms.katalon.core.main.TestCaseExecutor.doExecute(TestCaseExecutor.java:328)&#xD;&#xA;&#x9;at com.kms.katalon.core.main.TestCaseExecutor.processExecutionPhase(TestCaseExecutor.java:307)&#xD;&#xA;&#x9;at com.kms.katalon.core.main.TestCaseExecutor.accessMainPhase(TestCaseExecutor.java:299)&#xD;&#xA;&#x9;at com.kms.katalon.core.main.TestCaseExecutor.execute(TestCaseExecutor.java:233)&#xD;&#xA;&#x9;at com.kms.katalon.core.main.TestCaseMain.runTestCase(TestCaseMain.java:114)&#xD;&#xA;&#x9;at com.kms.katalon.core.keyword.builtin.CallTestCaseKeyword$_callTestCase_closure1.doCall(CallTestCaseKeyword.groovy:59)&#xD;&#xA;&#x9;... 20 more&#xD;&#xA;Caused by: com.kms.katalon.core.webui.exception.WebElementNotFoundException: Web element with id: 'Object Repository/Input/username' located by 'By.xpath: //*[@data-cy = 'login-email']' not found&#xD;&#xA;&#x9;at com.kms.katalon.core.webui.common.WebUiCommonHelper.findWebElement(WebUiCommonHelper.java:1097)&#xD;&#xA;&#x9;at com.kms.katalon.core.webui.keyword.internal.WebUIAbstractKeyword.findWebElement(WebUIAbstractKeyword.groovy:27)&#xD;&#xA;&#x9;at com.kms.katalon.core.webui.keyword.internal.WebUIAbstractKeyword.findWebElement(WebUIAbstractKeyword.groovy:26)&#xD;&#xA;&#x9;at com.kms.katalon.core.webui.keyword.builtin.SendKeysKeyword$_sendKeys_closure1.doCall(SendKeysKeyword.groovy:52)&#xD;&#xA;&#x9;at com.kms.katalon.core.webui.keyword.builtin.SendKeysKeyword$_sendKeys_closure1.call(SendKeysKeyword.groovy)&#xD;&#xA;&#x9;at com.kms.katalon.core.webui.keyword.internal.WebUIKeywordMain.runKeyword(WebUIKeywordMain.groovy:20)&#xD;&#xA;&#x9;... 35 more&#xD;&#xA;"/>
            <system-out>2020-06-23 12:53:12 - [TEST_CASE][FAILED] - Test Cases/Faqbot/customSynonymsE2E_Test: Test Cases/Faqbot/customSynonymsE2E_Test FAILED.
Reason:
com.kms.katalon.core.exception.StepFailedException: Call Test Case 'Test Cases/Generic/successfulLogin_Test' failed&#xD;
	at com.kms.katalon.core.keyword.builtin.CallTestCaseKeyword$_callTestCase_closure1.doCall(CallTestCaseKeyword.groovy:63)&#xD;
	at com.kms.katalon.core.keyword.builtin.CallTestCaseKeyword$_callTestCase_closure1.call(CallTestCaseKeyword.groovy)&#xD;
	at com.kms.katalon.core.keyword.internal.KeywordMain.runKeyword(KeywordMain.groovy:68)&#xD;
	at com.kms.katalon.core.keyword.builtin.CallTestCaseKeyword.callTestCase(CallTestCaseKeyword.groovy:81)&#xD;
	at com.kms.katalon.core.keyword.builtin.CallTestCaseKeyword.execute(CallTestCaseKeyword.groovy:44)&#xD;
	at com.kms.katalon.core.keyword.internal.KeywordExecutor.executeKeywordForPlatform(KeywordExecutor.groovy:56)&#xD;
	at com.kms.katalon.core.keyword.BuiltinKeywords.callTestCase(BuiltinKeywords.groovy:334)&#xD;
	at customSynonymsE2E_Test.run(customSynonymsE2E_Test:18)&#xD;
	at com.kms.katalon.core.main.ScriptEngine.run(ScriptEngine.java:194)&#xD;
	at com.kms.katalon.core.main.ScriptEngine.runScriptAsRawText(ScriptEngine.java:119)&#xD;
	at com.kms.katalon.core.main.TestCaseExecutor.runScript(TestCaseExecutor.java:337)&#xD;
	at com.kms.katalon.core.main.TestCaseExecutor.doExecute(TestCaseExecutor.java:328)&#xD;
	at com.kms.katalon.core.main.TestCaseExecutor.processExecutionPhase(TestCaseExecutor.java:307)&#xD;
	at com.kms.katalon.core.main.TestCaseExecutor.accessMainPhase(TestCaseExecutor.java:299)&#xD;
	at com.kms.katalon.core.main.TestCaseExecutor.execute(TestCaseExecutor.java:233)&#xD;
	at com.kms.katalon.core.main.TestSuiteExecutor.accessTestCaseMainPhase(TestSuiteExecutor.java:169)&#xD;
	at com.kms.katalon.core.main.TestSuiteExecutor.accessTestSuiteMainPhase(TestSuiteExecutor.java:142)&#xD;
	at com.kms.katalon.core.main.TestSuiteExecutor.execute(TestSuiteExecutor.java:91)&#xD;
	at com.kms.katalon.core.main.TestCaseMain.startTestSuite(TestCaseMain.java:157)&#xD;
	at com.kms.katalon.core.main.TestCaseMain$startTestSuite$0.call(Unknown Source)&#xD;
	at TempTestSuite1592890301834.run(TempTestSuite1592890301834.groovy:35)&#xD;
Caused by: com.kms.katalon.core.exception.StepFailedException: Unable to send keys 'narendra.n@imimobile.com' to object 'Object Repository/Input/username'&#xD;
	at com.kms.katalon.core.webui.keyword.internal.WebUIKeywordMain.stepFailed(WebUIKeywordMain.groovy:64)&#xD;
	at com.kms.katalon.core.webui.keyword.internal.WebUIKeywordMain.runKeyword(WebUIKeywordMain.groovy:26)&#xD;
	at com.kms.katalon.core.webui.keyword.builtin.SendKeysKeyword.sendKeys(SendKeysKeyword.groovy:60)&#xD;
	at com.kms.katalon.core.webui.keyword.builtin.SendKeysKeyword.execute(SendKeysKeyword.groovy:38)&#xD;
	at com.kms.katalon.core.keyword.internal.KeywordExecutor.executeKeywordForPlatform(KeywordExecutor.groovy:56)&#xD;
	at com.kms.katalon.core.webui.keyword.WebUiBuiltInKeywords.sendKeys(WebUiBuiltInKeywords.groovy:834)&#xD;
	at com.kms.katalon.core.webui.keyword.WebUiBuiltInKeywords$sendKeys$2.call(Unknown Source)&#xD;
	at successfulLogin_Test.run(successfulLogin_Test:16)&#xD;
	at com.kms.katalon.core.main.ScriptEngine.run(ScriptEngine.java:194)&#xD;
	at com.kms.katalon.core.main.ScriptEngine.runScriptAsRawText(ScriptEngine.java:119)&#xD;
	at com.kms.katalon.core.main.TestCaseExecutor.runScript(TestCaseExecutor.java:337)&#xD;
	at com.kms.katalon.core.main.TestCaseExecutor.doExecute(TestCaseExecutor.java:328)&#xD;
	at com.kms.katalon.core.main.TestCaseExecutor.processExecutionPhase(TestCaseExecutor.java:307)&#xD;
	at com.kms.katalon.core.main.TestCaseExecutor.accessMainPhase(TestCaseExecutor.java:299)&#xD;
	at com.kms.katalon.core.main.TestCaseExecutor.execute(TestCaseExecutor.java:233)&#xD;
	at com.kms.katalon.core.main.TestCaseMain.runTestCase(TestCaseMain.java:114)&#xD;
	at com.kms.katalon.core.keyword.builtin.CallTestCaseKeyword$_callTestCase_closure1.doCall(CallTestCaseKeyword.groovy:59)&#xD;
	... 20 more&#xD;
Caused by: com.kms.katalon.core.webui.exception.WebElementNotFoundException: Web element with id: 'Object Repository/Input/username' located by 'By.xpath: //*[@data-cy = 'login-email']' not found&#xD;
	at com.kms.katalon.core.webui.common.WebUiCommonHelper.findWebElement(WebUiCommonHelper.java:1097)&#xD;
	at com.kms.katalon.core.webui.keyword.internal.WebUIAbstractKeyword.findWebElement(WebUIAbstractKeyword.groovy:27)&#xD;
	at com.kms.katalon.core.webui.keyword.internal.WebUIAbstractKeyword.findWebElement(WebUIAbstractKeyword.groovy:26)&#xD;
	at com.kms.katalon.core.webui.keyword.builtin.SendKeysKeyword$_sendKeys_closure1.doCall(SendKeysKeyword.groovy:52)&#xD;
	at com.kms.katalon.core.webui.keyword.builtin.SendKeysKeyword$_sendKeys_closure1.call(SendKeysKeyword.groovy)&#xD;
	at com.kms.katalon.core.webui.keyword.internal.WebUIKeywordMain.runKeyword(WebUIKeywordMain.groovy:20)&#xD;
	... 35 more&#xD;
&#xD;
&#xD;
2020-06-23 12:53:12 - [TEST_STEP][PASSED] - Start listener action : setUp: Current window maximized&#xD;
&#xD;
2020-06-23 12:53:12 - [TEST_STEP][PASSED] - openBrowser(URL): Browser is opened with url: 'preprod.imibot.ai'&#xD;
&#xD;
2020-06-23 12:53:12 - [MESSAGE][WARNING] - A browser is already opened. Closing browser and opening a new one&#xD;
&#xD;
2020-06-23 12:53:14 - [MESSAGE][INFO] - Starting 'Chrome' driver&#xD;
&#xD;
2020-06-23 12:53:14 - [MESSAGE][INFO] - User set preference: ['args', '[--start-maximized]']&#xD;
&#xD;
2020-06-23 12:53:21 - [MESSAGE][PASSED] - Browser is opened with url: 'preprod.imibot.ai'&#xD;
&#xD;
2020-06-23 12:53:21 - [TEST_STEP][PASSED] - maximizeWindow(): Current window maximized&#xD;
&#xD;
2020-06-23 12:53:23 - [MESSAGE][PASSED] - Current window maximized&#xD;
&#xD;
2020-06-23 12:53:24 - [TEST_STEP][FAILED] - callTestCase(findTestCase("Generic/successfulLogin_Test"), [:], STOP_ON_FAILURE): Unable to call Test Case 'Test Cases/Generic/successfulLogin_Test' (Root cause: com.kms.katalon.core.exception.StepFailedException: Call Test Case 'Test Cases/Generic/successfulLogin_Test' failed&#xD;
	at com.kms.katalon.core.keyword.builtin.CallTestCaseKeyword$_callTestCase_closure1.doCall(CallTestCaseKeyword.groovy:63)&#xD;
	at com.kms.katalon.core.keyword.builtin.CallTestCaseKeyword$_callTestCase_closure1.call(CallTestCaseKeyword.groovy)&#xD;
	at com.kms.katalon.core.keyword.internal.KeywordMain.runKeyword(KeywordMain.groovy:68)&#xD;
	at com.kms.katalon.core.keyword.builtin.CallTestCaseKeyword.callTestCase(CallTestCaseKeyword.groovy:81)&#xD;
	at com.kms.katalon.core.keyword.builtin.CallTestCaseKeyword.execute(CallTestCaseKeyword.groovy:44)&#xD;
	at com.kms.katalon.core.keyword.internal.KeywordExecutor.executeKeywordForPlatform(KeywordExecutor.groovy:56)&#xD;
	at com.kms.katalon.core.keyword.BuiltinKeywords.callTestCase(BuiltinKeywords.groovy:334)&#xD;
	at customSynonymsE2E_Test.run(customSynonymsE2E_Test:18)&#xD;
	at com.kms.katalon.core.main.ScriptEngine.run(ScriptEngine.java:194)&#xD;
	at com.kms.katalon.core.main.ScriptEngine.runScriptAsRawText(ScriptEngine.java:119)&#xD;
	at com.kms.katalon.core.main.TestCaseExecutor.runScript(TestCaseExecutor.java:337)&#xD;
	at com.kms.katalon.core.main.TestCaseExecutor.doExecute(TestCaseExecutor.java:328)&#xD;
	at com.kms.katalon.core.main.TestCaseExecutor.processExecutionPhase(TestCaseExecutor.java:307)&#xD;
	at com.kms.katalon.core.main.TestCaseExecutor.accessMainPhase(TestCaseExecutor.java:299)&#xD;
	at com.kms.katalon.core.main.TestCaseExecutor.execute(TestCaseExecutor.java:233)&#xD;
	at com.kms.katalon.core.main.TestSuiteExecutor.accessTestCaseMainPhase(TestSuiteExecutor.java:169)&#xD;
	at com.kms.katalon.core.main.TestSuiteExecutor.accessTestSuiteMainPhase(TestSuiteExecutor.java:142)&#xD;
	at com.kms.katalon.core.main.TestSuiteExecutor.execute(TestSuiteExecutor.java:91)&#xD;
	at com.kms.katalon.core.main.TestCaseMain.startTestSuite(TestCaseMain.java:157)&#xD;
	at com.kms.katalon.core.main.TestCaseMain$startTestSuite$0.call(Unknown Source)&#xD;
	at TempTestSuite1592890301834.run(TempTestSuite1592890301834.groovy:35)&#xD;
Caused by: com.kms.katalon.core.exception.StepFailedException: Unable to send keys 'narendra.n@imimobile.com' to object 'Object Repository/Input/username'&#xD;
	at com.kms.katalon.core.webui.keyword.internal.WebUIKeywordMain.stepFailed(WebUIKeywordMain.groovy:64)&#xD;
	at com.kms.katalon.core.webui.keyword.internal.WebUIKeywordMain.runKeyword(WebUIKeywordMain.groovy:26)&#xD;
	at com.kms.katalon.core.webui.keyword.builtin.SendKeysKeyword.sendKeys(SendKeysKeyword.groovy:60)&#xD;
	at com.kms.katalon.core.webui.keyword.builtin.SendKeysKeyword.execute(SendKeysKeyword.groovy:38)&#xD;
	at com.kms.katalon.core.keyword.internal.KeywordExecutor.executeKeywordForPlatform(KeywordExecutor.groovy:56)&#xD;
	at com.kms.katalon.core.webui.keyword.WebUiBuiltInKeywords.sendKeys(WebUiBuiltInKeywords.groovy:834)&#xD;
	at com.kms.katalon.core.webui.keyword.WebUiBuiltInKeywords$sendKeys$2.call(Unknown Source)&#xD;
	at successfulLogin_Test.run(successfulLogin_Test:16)&#xD;
	at com.kms.katalon.core.main.ScriptEngine.run(ScriptEngine.java:194)&#xD;
	at com.kms.katalon.core.main.ScriptEngine.runScriptAsRawText(ScriptEngine.java:119)&#xD;
	at com.kms.katalon.core.main.TestCaseExecutor.runScript(TestCaseExecutor.java:337)&#xD;
	at com.kms.katalon.core.main.TestCaseExecutor.doExecute(TestCaseExecutor.java:328)&#xD;
	at com.kms.katalon.core.main.TestCaseExecutor.processExecutionPhase(TestCaseExecutor.java:307)&#xD;
	at com.kms.katalon.core.main.TestCaseExecutor.accessMainPhase(TestCaseExecutor.java:299)&#xD;
	at com.kms.katalon.core.main.TestCaseExecutor.execute(TestCaseExecutor.java:233)&#xD;
	at com.kms.katalon.core.main.TestCaseMain.runTestCase(TestCaseMain.java:114)&#xD;
	at com.kms.katalon.core.keyword.builtin.CallTestCaseKeyword$_callTestCase_closure1.doCall(CallTestCaseKeyword.groovy:59)&#xD;
	... 20 more&#xD;
Caused by: com.kms.katalon.core.webui.exception.WebElementNotFoundException: Web element with id: 'Object Repository/Input/username' located by 'By.xpath: //*[@data-cy = 'login-email']' not found&#xD;
	at com.kms.katalon.core.webui.common.WebUiCommonHelper.findWebElement(WebUiCommonHelper.java:1097)&#xD;
	at com.kms.katalon.core.webui.keyword.internal.WebUIAbstractKeyword.findWebElement(WebUIAbstractKeyword.groovy:27)&#xD;
	at com.kms.katalon.core.webui.keyword.internal.WebUIAbstractKeyword.findWebElement(WebUIAbstractKeyword.groovy:26)&#xD;
	at com.kms.katalon.core.webui.keyword.builtin.SendKeysKeyword$_sendKeys_closure1.doCall(SendKeysKeyword.groovy:52)&#xD;
	at com.kms.katalon.core.webui.keyword.builtin.SendKeysKeyword$_sendKeys_closure1.call(SendKeysKeyword.groovy)&#xD;
	at com.kms.katalon.core.webui.keyword.internal.WebUIKeywordMain.runKeyword(WebUIKeywordMain.groovy:20)&#xD;
	... 35 more&#xD;
)&#xD;
&#xD;
2020-06-23 12:53:24 - [TEST_CASE][FAILED] - Test Cases/Generic/successfulLogin_Test: Test Cases/Generic/successfulLogin_Test FAILED.
Reason:
com.kms.katalon.core.exception.StepFailedException: Unable to send keys 'narendra.n@imimobile.com' to object 'Object Repository/Input/username'&#xD;
	at com.kms.katalon.core.webui.keyword.internal.WebUIKeywordMain.stepFailed(WebUIKeywordMain.groovy:64)&#xD;
	at com.kms.katalon.core.webui.keyword.internal.WebUIKeywordMain.runKeyword(WebUIKeywordMain.groovy:26)&#xD;
	at com.kms.katalon.core.webui.keyword.builtin.SendKeysKeyword.sendKeys(SendKeysKeyword.groovy:60)&#xD;
	at com.kms.katalon.core.webui.keyword.builtin.SendKeysKeyword.execute(SendKeysKeyword.groovy:38)&#xD;
	at com.kms.katalon.core.keyword.internal.KeywordExecutor.executeKeywordForPlatform(KeywordExecutor.groovy:56)&#xD;
	at com.kms.katalon.core.webui.keyword.WebUiBuiltInKeywords.sendKeys(WebUiBuiltInKeywords.groovy:834)&#xD;
	at com.kms.katalon.core.webui.keyword.WebUiBuiltInKeywords$sendKeys$2.call(Unknown Source)&#xD;
	at successfulLogin_Test.run(successfulLogin_Test:16)&#xD;
	at com.kms.katalon.core.main.ScriptEngine.run(ScriptEngine.java:194)&#xD;
	at com.kms.katalon.core.main.ScriptEngine.runScriptAsRawText(ScriptEngine.java:119)&#xD;
	at com.kms.katalon.core.main.TestCaseExecutor.runScript(TestCaseExecutor.java:337)&#xD;
	at com.kms.katalon.core.main.TestCaseExecutor.doExecute(TestCaseExecutor.java:328)&#xD;
	at com.kms.katalon.core.main.TestCaseExecutor.processExecutionPhase(TestCaseExecutor.java:307)&#xD;
	at com.kms.katalon.core.main.TestCaseExecutor.accessMainPhase(TestCaseExecutor.java:299)&#xD;
	at com.kms.katalon.core.main.TestCaseExecutor.execute(TestCaseExecutor.java:233)&#xD;
	at com.kms.katalon.core.main.TestCaseMain.runTestCase(TestCaseMain.java:114)&#xD;
	at com.kms.katalon.core.keyword.builtin.CallTestCaseKeyword$_callTestCase_closure1.doCall(CallTestCaseKeyword.groovy:59)&#xD;
	at com.kms.katalon.core.keyword.builtin.CallTestCaseKeyword$_callTestCase_closure1.call(CallTestCaseKeyword.groovy)&#xD;
	at com.kms.katalon.core.keyword.internal.KeywordMain.runKeyword(KeywordMain.groovy:68)&#xD;
	at com.kms.katalon.core.keyword.builtin.CallTestCaseKeyword.callTestCase(CallTestCaseKeyword.groovy:81)&#xD;
	at com.kms.katalon.core.keyword.builtin.CallTestCaseKeyword.execute(CallTestCaseKeyword.groovy:44)&#xD;
	at com.kms.katalon.core.keyword.internal.KeywordExecutor.executeKeywordForPlatform(KeywordExecutor.groovy:56)&#xD;
	at com.kms.katalon.core.keyword.BuiltinKeywords.callTestCase(BuiltinKeywords.groovy:334)&#xD;
	at customSynonymsE2E_Test.run(customSynonymsE2E_Test:18)&#xD;
	at com.kms.katalon.core.main.ScriptEngine.run(ScriptEngine.java:194)&#xD;
	at com.kms.katalon.core.main.ScriptEngine.runScriptAsRawText(ScriptEngine.java:119)&#xD;
	at com.kms.katalon.core.main.TestCaseExecutor.runScript(TestCaseExecutor.java:337)&#xD;
	at com.kms.katalon.core.main.TestCaseExecutor.doExecute(TestCaseExecutor.java:328)&#xD;
	at com.kms.katalon.core.main.TestCaseExecutor.processExecutionPhase(TestCaseExecutor.java:307)&#xD;
	at com.kms.katalon.core.main.TestCaseExecutor.accessMainPhase(TestCaseExecutor.java:299)&#xD;
	at com.kms.katalon.core.main.TestCaseExecutor.execute(TestCaseExecutor.java:233)&#xD;
	at com.kms.katalon.core.main.TestSuiteExecutor.accessTestCaseMainPhase(TestSuiteExecutor.java:169)&#xD;
	at com.kms.katalon.core.main.TestSuiteExecutor.accessTestSuiteMainPhase(TestSuiteExecutor.java:142)&#xD;
	at com.kms.katalon.core.main.TestSuiteExecutor.execute(TestSuiteExecutor.java:91)&#xD;
	at com.kms.katalon.core.main.TestCaseMain.startTestSuite(TestCaseMain.java:157)&#xD;
	at com.kms.katalon.core.main.TestCaseMain$startTestSuite$0.call(Unknown Source)&#xD;
	at TempTestSuite1592890301834.run(TempTestSuite1592890301834.groovy:35)&#xD;
Caused by: com.kms.katalon.core.webui.exception.WebElementNotFoundException: Web element with id: 'Object Repository/Input/username' located by 'By.xpath: //*[@data-cy = 'login-email']' not found&#xD;
	at com.kms.katalon.core.webui.common.WebUiCommonHelper.findWebElement(WebUiCommonHelper.java:1097)&#xD;
	at com.kms.katalon.core.webui.keyword.internal.WebUIAbstractKeyword.findWebElement(WebUIAbstractKeyword.groovy:27)&#xD;
	at com.kms.katalon.core.webui.keyword.internal.WebUIAbstractKeyword.findWebElement(WebUIAbstractKeyword.groovy:26)&#xD;
	at com.kms.katalon.core.webui.keyword.builtin.SendKeysKeyword$_sendKeys_closure1.doCall(SendKeysKeyword.groovy:52)&#xD;
	at com.kms.katalon.core.webui.keyword.builtin.SendKeysKeyword$_sendKeys_closure1.call(SendKeysKeyword.groovy)&#xD;
	at com.kms.katalon.core.webui.keyword.internal.WebUIKeywordMain.runKeyword(WebUIKeywordMain.groovy:20)&#xD;
	... 35 more&#xD;
&#xD;
&#xD;
2020-06-23 12:53:24 - [TEST_STEP][FAILED] - sendKeys(findTestObject("Input/username"), USERNAME): Unable to send keys 'narendra.n@imimobile.com' to object 'Object Repository/Input/username' (Root cause: com.kms.katalon.core.exception.StepFailedException: Unable to send keys 'narendra.n@imimobile.com' to object 'Object Repository/Input/username'&#xD;
	at com.kms.katalon.core.webui.keyword.internal.WebUIKeywordMain.stepFailed(WebUIKeywordMain.groovy:64)&#xD;
	at com.kms.katalon.core.webui.keyword.internal.WebUIKeywordMain.runKeyword(WebUIKeywordMain.groovy:26)&#xD;
	at com.kms.katalon.core.webui.keyword.builtin.SendKeysKeyword.sendKeys(SendKeysKeyword.groovy:60)&#xD;
	at com.kms.katalon.core.webui.keyword.builtin.SendKeysKeyword.execute(SendKeysKeyword.groovy:38)&#xD;
	at com.kms.katalon.core.keyword.internal.KeywordExecutor.executeKeywordForPlatform(KeywordExecutor.groovy:56)&#xD;
	at com.kms.katalon.core.webui.keyword.WebUiBuiltInKeywords.sendKeys(WebUiBuiltInKeywords.groovy:834)&#xD;
	at com.kms.katalon.core.webui.keyword.WebUiBuiltInKeywords$sendKeys$2.call(Unknown Source)&#xD;
	at successfulLogin_Test.run(successfulLogin_Test:16)&#xD;
	at com.kms.katalon.core.main.ScriptEngine.run(ScriptEngine.java:194)&#xD;
	at com.kms.katalon.core.main.ScriptEngine.runScriptAsRawText(ScriptEngine.java:119)&#xD;
	at com.kms.katalon.core.main.TestCaseExecutor.runScript(TestCaseExecutor.java:337)&#xD;
	at com.kms.katalon.core.main.TestCaseExecutor.doExecute(TestCaseExecutor.java:328)&#xD;
	at com.kms.katalon.core.main.TestCaseExecutor.processExecutionPhase(TestCaseExecutor.java:307)&#xD;
	at com.kms.katalon.core.main.TestCaseExecutor.accessMainPhase(TestCaseExecutor.java:299)&#xD;
	at com.kms.katalon.core.main.TestCaseExecutor.execute(TestCaseExecutor.java:233)&#xD;
	at com.kms.katalon.core.main.TestCaseMain.runTestCase(TestCaseMain.java:114)&#xD;
	at com.kms.katalon.core.keyword.builtin.CallTestCaseKeyword$_callTestCase_closure1.doCall(CallTestCaseKeyword.groovy:59)&#xD;
	at com.kms.katalon.core.keyword.builtin.CallTestCaseKeyword$_callTestCase_closure1.call(CallTestCaseKeyword.groovy)&#xD;
	at com.kms.katalon.core.keyword.internal.KeywordMain.runKeyword(KeywordMain.groovy:68)&#xD;
	at com.kms.katalon.core.keyword.builtin.CallTestCaseKeyword.callTestCase(CallTestCaseKeyword.groovy:81)&#xD;
	at com.kms.katalon.core.keyword.builtin.CallTestCaseKeyword.execute(CallTestCaseKeyword.groovy:44)&#xD;
	at com.kms.katalon.core.keyword.internal.KeywordExecutor.executeKeywordForPlatform(KeywordExecutor.groovy:56)&#xD;
	at com.kms.katalon.core.keyword.BuiltinKeywords.callTestCase(BuiltinKeywords.groovy:334)&#xD;
	at customSynonymsE2E_Test.run(customSynonymsE2E_Test:18)&#xD;
	at com.kms.katalon.core.main.ScriptEngine.run(ScriptEngine.java:194)&#xD;
	at com.kms.katalon.core.main.ScriptEngine.runScriptAsRawText(ScriptEngine.java:119)&#xD;
	at com.kms.katalon.core.main.TestCaseExecutor.runScript(TestCaseExecutor.java:337)&#xD;
	at com.kms.katalon.core.main.TestCaseExecutor.doExecute(TestCaseExecutor.java:328)&#xD;
	at com.kms.katalon.core.main.TestCaseExecutor.processExecutionPhase(TestCaseExecutor.java:307)&#xD;
	at com.kms.katalon.core.main.TestCaseExecutor.accessMainPhase(TestCaseExecutor.java:299)&#xD;
	at com.kms.katalon.core.main.TestCaseExecutor.execute(TestCaseExecutor.java:233)&#xD;
	at com.kms.katalon.core.main.TestSuiteExecutor.accessTestCaseMainPhase(TestSuiteExecutor.java:169)&#xD;
	at com.kms.katalon.core.main.TestSuiteExecutor.accessTestSuiteMainPhase(TestSuiteExecutor.java:142)&#xD;
	at com.kms.katalon.core.main.TestSuiteExecutor.execute(TestSuiteExecutor.java:91)&#xD;
	at com.kms.katalon.core.main.TestCaseMain.startTestSuite(TestCaseMain.java:157)&#xD;
	at com.kms.katalon.core.main.TestCaseMain$startTestSuite$0.call(Unknown Source)&#xD;
	at TempTestSuite1592890301834.run(TempTestSuite1592890301834.groovy:35)&#xD;
Caused by: com.kms.katalon.core.webui.exception.WebElementNotFoundException: Web element with id: 'Object Repository/Input/username' located by 'By.xpath: //*[@data-cy = 'login-email']' not found&#xD;
	at com.kms.katalon.core.webui.common.WebUiCommonHelper.findWebElement(WebUiCommonHelper.java:1097)&#xD;
	at com.kms.katalon.core.webui.keyword.internal.WebUIAbstractKeyword.findWebElement(WebUIAbstractKeyword.groovy:27)&#xD;
	at com.kms.katalon.core.webui.keyword.internal.WebUIAbstractKeyword.findWebElement(WebUIAbstractKeyword.groovy:26)&#xD;
	at com.kms.katalon.core.webui.keyword.builtin.SendKeysKeyword$_sendKeys_closure1.doCall(SendKeysKeyword.groovy:52)&#xD;
	at com.kms.katalon.core.webui.keyword.builtin.SendKeysKeyword$_sendKeys_closure1.call(SendKeysKeyword.groovy)&#xD;
	at com.kms.katalon.core.webui.keyword.internal.WebUIKeywordMain.runKeyword(WebUIKeywordMain.groovy:20)&#xD;
	at com.kms.katalon.core.webui.keyword.builtin.SendKeysKeyword.sendKeys(SendKeysKeyword.groovy:60)&#xD;
	at com.kms.katalon.core.webui.keyword.builtin.SendKeysKeyword.execute(SendKeysKeyword.groovy:38)&#xD;
	at com.kms.katalon.core.keyword.internal.KeywordExecutor.executeKeywordForPlatform(KeywordExecutor.groovy:56)&#xD;
	at com.kms.katalon.core.webui.keyword.WebUiBuiltInKeywords.sendKeys(WebUiBuiltInKeywords.groovy:834)&#xD;
	at com.kms.katalon.core.webui.keyword.WebUiBuiltInKeywords$sendKeys$2.call(Unknown Source)&#xD;
	at Script1588401831350.run(Script1588401831350.groovy:16)&#xD;
	at com.kms.katalon.core.main.ScriptEngine.run(ScriptEngine.java:194)&#xD;
	at com.kms.katalon.core.main.ScriptEngine.runScriptAsRawText(ScriptEngine.java:119)&#xD;
	at com.kms.katalon.core.main.TestCaseExecutor.runScript(TestCaseExecutor.java:337)&#xD;
	at com.kms.katalon.core.main.TestCaseExecutor.doExecute(TestCaseExecutor.java:328)&#xD;
	at com.kms.katalon.core.main.TestCaseExecutor.processExecutionPhase(TestCaseExecutor.java:307)&#xD;
	at com.kms.katalon.core.main.TestCaseExecutor.accessMainPhase(TestCaseExecutor.java:299)&#xD;
	at com.kms.katalon.core.main.TestCaseExecutor.execute(TestCaseExecutor.java:233)&#xD;
	at com.kms.katalon.core.main.TestCaseMain.runTestCase(TestCaseMain.java:114)&#xD;
	at com.kms.katalon.core.keyword.builtin.CallTestCaseKeyword$_callTestCase_closure1.doCall(CallTestCaseKeyword.groovy:59)&#xD;
	at com.kms.katalon.core.keyword.builtin.CallTestCaseKeyword$_callTestCase_closure1.call(CallTestCaseKeyword.groovy)&#xD;
	at com.kms.katalon.core.keyword.internal.KeywordMain.runKeyword(KeywordMain.groovy:68)&#xD;
	at com.kms.katalon.core.keyword.builtin.CallTestCaseKeyword.callTestCase(CallTestCaseKeyword.groovy:81)&#xD;
	at com.kms.katalon.core.keyword.builtin.CallTestCaseKeyword.execute(CallTestCaseKeyword.groovy:44)&#xD;
	at com.kms.katalon.core.keyword.internal.KeywordExecutor.executeKeywordForPlatform(KeywordExecutor.groovy:56)&#xD;
	at com.kms.katalon.core.keyword.BuiltinKeywords.callTestCase(BuiltinKeywords.groovy:334)&#xD;
	at Script1591094374867.run(Script1591094374867.groovy:18)&#xD;
	... 13 more&#xD;
)&#xD;
&#xD;
2020-06-23 12:53:35 - [MESSAGE][INFO] - Unable to find the element located by 'By.xpath: //*[@data-cy = 'login-email']'. Please recheck the objects properties to make sure the desired element is located. &#xD;
&#xD;
2020-06-23 12:53:37 - [MESSAGE][FAILED] - Unable to send keys 'narendra.n@imimobile.com' to object 'Object Repository/Input/username' (Root cause: com.kms.katalon.core.exception.StepFailedException: Unable to send keys 'narendra.n@imimobile.com' to object 'Object Repository/Input/username'&#xD;
	at com.kms.katalon.core.webui.keyword.internal.WebUIKeywordMain.stepFailed(WebUIKeywordMain.groovy:64)&#xD;
	at com.kms.katalon.core.webui.keyword.internal.WebUIKeywordMain.runKeyword(WebUIKeywordMain.groovy:26)&#xD;
	at com.kms.katalon.core.webui.keyword.builtin.SendKeysKeyword.sendKeys(SendKeysKeyword.groovy:60)&#xD;
	at com.kms.katalon.core.webui.keyword.builtin.SendKeysKeyword.execute(SendKeysKeyword.groovy:38)&#xD;
	at com.kms.katalon.core.keyword.internal.KeywordExecutor.executeKeywordForPlatform(KeywordExecutor.groovy:56)&#xD;
	at com.kms.katalon.core.webui.keyword.WebUiBuiltInKeywords.sendKeys(WebUiBuiltInKeywords.groovy:834)&#xD;
	at com.kms.katalon.core.webui.keyword.WebUiBuiltInKeywords$sendKeys$2.call(Unknown Source)&#xD;
	at successfulLogin_Test.run(successfulLogin_Test:16)&#xD;
	at com.kms.katalon.core.main.ScriptEngine.run(ScriptEngine.java:194)&#xD;
	at com.kms.katalon.core.main.ScriptEngine.runScriptAsRawText(ScriptEngine.java:119)&#xD;
	at com.kms.katalon.core.main.TestCaseExecutor.runScript(TestCaseExecutor.java:337)&#xD;
	at com.kms.katalon.core.main.TestCaseExecutor.doExecute(TestCaseExecutor.java:328)&#xD;
	at com.kms.katalon.core.main.TestCaseExecutor.processExecutionPhase(TestCaseExecutor.java:307)&#xD;
	at com.kms.katalon.core.main.TestCaseExecutor.accessMainPhase(TestCaseExecutor.java:299)&#xD;
	at com.kms.katalon.core.main.TestCaseExecutor.execute(TestCaseExecutor.java:233)&#xD;
	at com.kms.katalon.core.main.TestCaseMain.runTestCase(TestCaseMain.java:114)&#xD;
	at com.kms.katalon.core.keyword.builtin.CallTestCaseKeyword$_callTestCase_closure1.doCall(CallTestCaseKeyword.groovy:59)&#xD;
	at com.kms.katalon.core.keyword.builtin.CallTestCaseKeyword$_callTestCase_closure1.call(CallTestCaseKeyword.groovy)&#xD;
	at com.kms.katalon.core.keyword.internal.KeywordMain.runKeyword(KeywordMain.groovy:68)&#xD;
	at com.kms.katalon.core.keyword.builtin.CallTestCaseKeyword.callTestCase(CallTestCaseKeyword.groovy:81)&#xD;
	at com.kms.katalon.core.keyword.builtin.CallTestCaseKeyword.execute(CallTestCaseKeyword.groovy:44)&#xD;
	at com.kms.katalon.core.keyword.internal.KeywordExecutor.executeKeywordForPlatform(KeywordExecutor.groovy:56)&#xD;
	at com.kms.katalon.core.keyword.BuiltinKeywords.callTestCase(BuiltinKeywords.groovy:334)&#xD;
	at customSynonymsE2E_Test.run(customSynonymsE2E_Test:18)&#xD;
	at com.kms.katalon.core.main.ScriptEngine.run(ScriptEngine.java:194)&#xD;
	at com.kms.katalon.core.main.ScriptEngine.runScriptAsRawText(ScriptEngine.java:119)&#xD;
	at com.kms.katalon.core.main.TestCaseExecutor.runScript(TestCaseExecutor.java:337)&#xD;
	at com.kms.katalon.core.main.TestCaseExecutor.doExecute(TestCaseExecutor.java:328)&#xD;
	at com.kms.katalon.core.main.TestCaseExecutor.processExecutionPhase(TestCaseExecutor.java:307)&#xD;
	at com.kms.katalon.core.main.TestCaseExecutor.accessMainPhase(TestCaseExecutor.java:299)&#xD;
	at com.kms.katalon.core.main.TestCaseExecutor.execute(TestCaseExecutor.java:233)&#xD;
	at com.kms.katalon.core.main.TestSuiteExecutor.accessTestCaseMainPhase(TestSuiteExecutor.java:169)&#xD;
	at com.kms.katalon.core.main.TestSuiteExecutor.accessTestSuiteMainPhase(TestSuiteExecutor.java:142)&#xD;
	at com.kms.katalon.core.main.TestSuiteExecutor.execute(TestSuiteExecutor.java:91)&#xD;
	at com.kms.katalon.core.main.TestCaseMain.startTestSuite(TestCaseMain.java:157)&#xD;
	at com.kms.katalon.core.main.TestCaseMain$startTestSuite$0.call(Unknown Source)&#xD;
	at TempTestSuite1592890301834.run(TempTestSuite1592890301834.groovy:35)&#xD;
Caused by: com.kms.katalon.core.webui.exception.WebElementNotFoundException: Web element with id: 'Object Repository/Input/username' located by 'By.xpath: //*[@data-cy = 'login-email']' not found&#xD;
	at com.kms.katalon.core.webui.common.WebUiCommonHelper.findWebElement(WebUiCommonHelper.java:1097)&#xD;
	at com.kms.katalon.core.webui.keyword.internal.WebUIAbstractKeyword.findWebElement(WebUIAbstractKeyword.groovy:27)&#xD;
	at com.kms.katalon.core.webui.keyword.internal.WebUIAbstractKeyword.findWebElement(WebUIAbstractKeyword.groovy:26)&#xD;
	at com.kms.katalon.core.webui.keyword.builtin.SendKeysKeyword$_sendKeys_closure1.doCall(SendKeysKeyword.groovy:52)&#xD;
	at com.kms.katalon.core.webui.keyword.builtin.SendKeysKeyword$_sendKeys_closure1.call(SendKeysKeyword.groovy)&#xD;
	at com.kms.katalon.core.webui.keyword.internal.WebUIKeywordMain.runKeyword(WebUIKeywordMain.groovy:20)&#xD;
	at com.kms.katalon.core.webui.keyword.builtin.SendKeysKeyword.sendKeys(SendKeysKeyword.groovy:60)&#xD;
	at com.kms.katalon.core.webui.keyword.builtin.SendKeysKeyword.execute(SendKeysKeyword.groovy:38)&#xD;
	at com.kms.katalon.core.keyword.internal.KeywordExecutor.executeKeywordForPlatform(KeywordExecutor.groovy:56)&#xD;
	at com.kms.katalon.core.webui.keyword.WebUiBuiltInKeywords.sendKeys(WebUiBuiltInKeywords.groovy:834)&#xD;
	at com.kms.katalon.core.webui.keyword.WebUiBuiltInKeywords$sendKeys$2.call(Unknown Source)&#xD;
	at Script1588401831350.run(Script1588401831350.groovy:16)&#xD;
	at com.kms.katalon.core.main.ScriptEngine.run(ScriptEngine.java:194)&#xD;
	at com.kms.katalon.core.main.ScriptEngine.runScriptAsRawText(ScriptEngine.java:119)&#xD;
	at com.kms.katalon.core.main.TestCaseExecutor.runScript(TestCaseExecutor.java:337)&#xD;
	at com.kms.katalon.core.main.TestCaseExecutor.doExecute(TestCaseExecutor.java:328)&#xD;
	at com.kms.katalon.core.main.TestCaseExecutor.processExecutionPhase(TestCaseExecutor.java:307)&#xD;
	at com.kms.katalon.core.main.TestCaseExecutor.accessMainPhase(TestCaseExecutor.java:299)&#xD;
	at com.kms.katalon.core.main.TestCaseExecutor.execute(TestCaseExecutor.java:233)&#xD;
	at com.kms.katalon.core.main.TestCaseMain.runTestCase(TestCaseMain.java:114)&#xD;
	at com.kms.katalon.core.keyword.builtin.CallTestCaseKeyword$_callTestCase_closure1.doCall(CallTestCaseKeyword.groovy:59)&#xD;
	at com.kms.katalon.core.keyword.builtin.CallTestCaseKeyword$_callTestCase_closure1.call(CallTestCaseKeyword.groovy)&#xD;
	at com.kms.katalon.core.keyword.internal.KeywordMain.runKeyword(KeywordMain.groovy:68)&#xD;
	at com.kms.katalon.core.keyword.builtin.CallTestCaseKeyword.callTestCase(CallTestCaseKeyword.groovy:81)&#xD;
	at com.kms.katalon.core.keyword.builtin.CallTestCaseKeyword.execute(CallTestCaseKeyword.groovy:44)&#xD;
	at com.kms.katalon.core.keyword.internal.KeywordExecutor.executeKeywordForPlatform(KeywordExecutor.groovy:56)&#xD;
	at com.kms.katalon.core.keyword.BuiltinKeywords.callTestCase(BuiltinKeywords.groovy:334)&#xD;
	at Script1591094374867.run(Script1591094374867.groovy:18)&#xD;
	... 13 more&#xD;
)&#xD;
[[ATTACHMENT|D:\\IMIbot.ai-Project\\Reports\\20200623_110141\\Regression\\20200623_110141\\1592897015758.png]]&#xD;
&#xD;
2020-06-23 12:53:37 - [MESSAGE][FAILED] - Unable to call Test Case 'Test Cases/Generic/successfulLogin_Test' (Root cause: com.kms.katalon.core.exception.StepFailedException: Call Test Case 'Test Cases/Generic/successfulLogin_Test' failed&#xD;
	at com.kms.katalon.core.keyword.builtin.CallTestCaseKeyword$_callTestCase_closure1.doCall(CallTestCaseKeyword.groovy:63)&#xD;
	at com.kms.katalon.core.keyword.builtin.CallTestCaseKeyword$_callTestCase_closure1.call(CallTestCaseKeyword.groovy)&#xD;
	at com.kms.katalon.core.keyword.internal.KeywordMain.runKeyword(KeywordMain.groovy:68)&#xD;
	at com.kms.katalon.core.keyword.builtin.CallTestCaseKeyword.callTestCase(CallTestCaseKeyword.groovy:81)&#xD;
	at com.kms.katalon.core.keyword.builtin.CallTestCaseKeyword.execute(CallTestCaseKeyword.groovy:44)&#xD;
	at com.kms.katalon.core.keyword.internal.KeywordExecutor.executeKeywordForPlatform(KeywordExecutor.groovy:56)&#xD;
	at com.kms.katalon.core.keyword.BuiltinKeywords.callTestCase(BuiltinKeywords.groovy:334)&#xD;
	at customSynonymsE2E_Test.run(customSynonymsE2E_Test:18)&#xD;
	at com.kms.katalon.core.main.ScriptEngine.run(ScriptEngine.java:194)&#xD;
	at com.kms.katalon.core.main.ScriptEngine.runScriptAsRawText(ScriptEngine.java:119)&#xD;
	at com.kms.katalon.core.main.TestCaseExecutor.runScript(TestCaseExecutor.java:337)&#xD;
	at com.kms.katalon.core.main.TestCaseExecutor.doExecute(TestCaseExecutor.java:328)&#xD;
	at com.kms.katalon.core.main.TestCaseExecutor.processExecutionPhase(TestCaseExecutor.java:307)&#xD;
	at com.kms.katalon.core.main.TestCaseExecutor.accessMainPhase(TestCaseExecutor.java:299)&#xD;
	at com.kms.katalon.core.main.TestCaseExecutor.execute(TestCaseExecutor.java:233)&#xD;
	at com.kms.katalon.core.main.TestSuiteExecutor.accessTestCaseMainPhase(TestSuiteExecutor.java:169)&#xD;
	at com.kms.katalon.core.main.TestSuiteExecutor.accessTestSuiteMainPhase(TestSuiteExecutor.java:142)&#xD;
	at com.kms.katalon.core.main.TestSuiteExecutor.execute(TestSuiteExecutor.java:91)&#xD;
	at com.kms.katalon.core.main.TestCaseMain.startTestSuite(TestCaseMain.java:157)&#xD;
	at com.kms.katalon.core.main.TestCaseMain$startTestSuite$0.call(Unknown Source)&#xD;
	at TempTestSuite1592890301834.run(TempTestSuite1592890301834.groovy:35)&#xD;
Caused by: com.kms.katalon.core.exception.StepFailedException: Unable to send keys 'narendra.n@imimobile.com' to object 'Object Repository/Input/username'&#xD;
	at com.kms.katalon.core.webui.keyword.internal.WebUIKeywordMain.stepFailed(WebUIKeywordMain.groovy:64)&#xD;
	at com.kms.katalon.core.webui.keyword.internal.WebUIKeywordMain.runKeyword(WebUIKeywordMain.groovy:26)&#xD;
	at com.kms.katalon.core.webui.keyword.builtin.SendKeysKeyword.sendKeys(SendKeysKeyword.groovy:60)&#xD;
	at com.kms.katalon.core.webui.keyword.builtin.SendKeysKeyword.execute(SendKeysKeyword.groovy:38)&#xD;
	at com.kms.katalon.core.keyword.internal.KeywordExecutor.executeKeywordForPlatform(KeywordExecutor.groovy:56)&#xD;
	at com.kms.katalon.core.webui.keyword.WebUiBuiltInKeywords.sendKeys(WebUiBuiltInKeywords.groovy:834)&#xD;
	at com.kms.katalon.core.webui.keyword.WebUiBuiltInKeywords$sendKeys$2.call(Unknown Source)&#xD;
	at successfulLogin_Test.run(successfulLogin_Test:16)&#xD;
	at com.kms.katalon.core.main.ScriptEngine.run(ScriptEngine.java:194)&#xD;
	at com.kms.katalon.core.main.ScriptEngine.runScriptAsRawText(ScriptEngine.java:119)&#xD;
	at com.kms.katalon.core.main.TestCaseExecutor.runScript(TestCaseExecutor.java:337)&#xD;
	at com.kms.katalon.core.main.TestCaseExecutor.doExecute(TestCaseExecutor.java:328)&#xD;
	at com.kms.katalon.core.main.TestCaseExecutor.processExecutionPhase(TestCaseExecutor.java:307)&#xD;
	at com.kms.katalon.core.main.TestCaseExecutor.accessMainPhase(TestCaseExecutor.java:299)&#xD;
	at com.kms.katalon.core.main.TestCaseExecutor.execute(TestCaseExecutor.java:233)&#xD;
	at com.kms.katalon.core.main.TestCaseMain.runTestCase(TestCaseMain.java:114)&#xD;
	at com.kms.katalon.core.keyword.builtin.CallTestCaseKeyword$_callTestCase_closure1.doCall(CallTestCaseKeyword.groovy:59)&#xD;
	... 20 more&#xD;
Caused by: com.kms.katalon.core.webui.exception.WebElementNotFoundException: Web element with id: 'Object Repository/Input/username' located by 'By.xpath: //*[@data-cy = 'login-email']' not found&#xD;
	at com.kms.katalon.core.webui.common.WebUiCommonHelper.findWebElement(WebUiCommonHelper.java:1097)&#xD;
	at com.kms.katalon.core.webui.keyword.internal.WebUIAbstractKeyword.findWebElement(WebUIAbstractKeyword.groovy:27)&#xD;
	at com.kms.katalon.core.webui.keyword.internal.WebUIAbstractKeyword.findWebElement(WebUIAbstractKeyword.groovy:26)&#xD;
	at com.kms.katalon.core.webui.keyword.builtin.SendKeysKeyword$_sendKeys_closure1.doCall(SendKeysKeyword.groovy:52)&#xD;
	at com.kms.katalon.core.webui.keyword.builtin.SendKeysKeyword$_sendKeys_closure1.call(SendKeysKeyword.groovy)&#xD;
	at com.kms.katalon.core.webui.keyword.internal.WebUIKeywordMain.runKeyword(WebUIKeywordMain.groovy:20)&#xD;
	... 35 more&#xD;
)</system-out>
            <system-err>2020-06-23 12:53:12 - [TEST_CASE][FAILED] - Test Cases/Faqbot/customSynonymsE2E_Test: Test Cases/Faqbot/customSynonymsE2E_Test FAILED.
Reason:
com.kms.katalon.core.exception.StepFailedException: Call Test Case 'Test Cases/Generic/successfulLogin_Test' failed&#xD;
	at com.kms.katalon.core.keyword.builtin.CallTestCaseKeyword$_callTestCase_closure1.doCall(CallTestCaseKeyword.groovy:63)&#xD;
	at com.kms.katalon.core.keyword.builtin.CallTestCaseKeyword$_callTestCase_closure1.call(CallTestCaseKeyword.groovy)&#xD;
	at com.kms.katalon.core.keyword.internal.KeywordMain.runKeyword(KeywordMain.groovy:68)&#xD;
	at com.kms.katalon.core.keyword.builtin.CallTestCaseKeyword.callTestCase(CallTestCaseKeyword.groovy:81)&#xD;
	at com.kms.katalon.core.keyword.builtin.CallTestCaseKeyword.execute(CallTestCaseKeyword.groovy:44)&#xD;
	at com.kms.katalon.core.keyword.internal.KeywordExecutor.executeKeywordForPlatform(KeywordExecutor.groovy:56)&#xD;
	at com.kms.katalon.core.keyword.BuiltinKeywords.callTestCase(BuiltinKeywords.groovy:334)&#xD;
	at customSynonymsE2E_Test.run(customSynonymsE2E_Test:18)&#xD;
	at com.kms.katalon.core.main.ScriptEngine.run(ScriptEngine.java:194)&#xD;
	at com.kms.katalon.core.main.ScriptEngine.runScriptAsRawText(ScriptEngine.java:119)&#xD;
	at com.kms.katalon.core.main.TestCaseExecutor.runScript(TestCaseExecutor.java:337)&#xD;
	at com.kms.katalon.core.main.TestCaseExecutor.doExecute(TestCaseExecutor.java:328)&#xD;
	at com.kms.katalon.core.main.TestCaseExecutor.processExecutionPhase(TestCaseExecutor.java:307)&#xD;
	at com.kms.katalon.core.main.TestCaseExecutor.accessMainPhase(TestCaseExecutor.java:299)&#xD;
	at com.kms.katalon.core.main.TestCaseExecutor.execute(TestCaseExecutor.java:233)&#xD;
	at com.kms.katalon.core.main.TestSuiteExecutor.accessTestCaseMainPhase(TestSuiteExecutor.java:169)&#xD;
	at com.kms.katalon.core.main.TestSuiteExecutor.accessTestSuiteMainPhase(TestSuiteExecutor.java:142)&#xD;
	at com.kms.katalon.core.main.TestSuiteExecutor.execute(TestSuiteExecutor.java:91)&#xD;
	at com.kms.katalon.core.main.TestCaseMain.startTestSuite(TestCaseMain.java:157)&#xD;
	at com.kms.katalon.core.main.TestCaseMain$startTestSuite$0.call(Unknown Source)&#xD;
	at TempTestSuite1592890301834.run(TempTestSuite1592890301834.groovy:35)&#xD;
Caused by: com.kms.katalon.core.exception.StepFailedException: Unable to send keys 'narendra.n@imimobile.com' to object 'Object Repository/Input/username'&#xD;
	at com.kms.katalon.core.webui.keyword.internal.WebUIKeywordMain.stepFailed(WebUIKeywordMain.groovy:64)&#xD;
	at com.kms.katalon.core.webui.keyword.internal.WebUIKeywordMain.runKeyword(WebUIKeywordMain.groovy:26)&#xD;
	at com.kms.katalon.core.webui.keyword.builtin.SendKeysKeyword.sendKeys(SendKeysKeyword.groovy:60)&#xD;
	at com.kms.katalon.core.webui.keyword.builtin.SendKeysKeyword.execute(SendKeysKeyword.groovy:38)&#xD;
	at com.kms.katalon.core.keyword.internal.KeywordExecutor.executeKeywordForPlatform(KeywordExecutor.groovy:56)&#xD;
	at com.kms.katalon.core.webui.keyword.WebUiBuiltInKeywords.sendKeys(WebUiBuiltInKeywords.groovy:834)&#xD;
	at com.kms.katalon.core.webui.keyword.WebUiBuiltInKeywords$sendKeys$2.call(Unknown Source)&#xD;
	at successfulLogin_Test.run(successfulLogin_Test:16)&#xD;
	at com.kms.katalon.core.main.ScriptEngine.run(ScriptEngine.java:194)&#xD;
	at com.kms.katalon.core.main.ScriptEngine.runScriptAsRawText(ScriptEngine.java:119)&#xD;
	at com.kms.katalon.core.main.TestCaseExecutor.runScript(TestCaseExecutor.java:337)&#xD;
	at com.kms.katalon.core.main.TestCaseExecutor.doExecute(TestCaseExecutor.java:328)&#xD;
	at com.kms.katalon.core.main.TestCaseExecutor.processExecutionPhase(TestCaseExecutor.java:307)&#xD;
	at com.kms.katalon.core.main.TestCaseExecutor.accessMainPhase(TestCaseExecutor.java:299)&#xD;
	at com.kms.katalon.core.main.TestCaseExecutor.execute(TestCaseExecutor.java:233)&#xD;
	at com.kms.katalon.core.main.TestCaseMain.runTestCase(TestCaseMain.java:114)&#xD;
	at com.kms.katalon.core.keyword.builtin.CallTestCaseKeyword$_callTestCase_closure1.doCall(CallTestCaseKeyword.groovy:59)&#xD;
	... 20 more&#xD;
Caused by: com.kms.katalon.core.webui.exception.WebElementNotFoundException: Web element with id: 'Object Repository/Input/username' located by 'By.xpath: //*[@data-cy = 'login-email']' not found&#xD;
	at com.kms.katalon.core.webui.common.WebUiCommonHelper.findWebElement(WebUiCommonHelper.java:1097)&#xD;
	at com.kms.katalon.core.webui.keyword.internal.WebUIAbstractKeyword.findWebElement(WebUIAbstractKeyword.groovy:27)&#xD;
	at com.kms.katalon.core.webui.keyword.internal.WebUIAbstractKeyword.findWebElement(WebUIAbstractKeyword.groovy:26)&#xD;
	at com.kms.katalon.core.webui.keyword.builtin.SendKeysKeyword$_sendKeys_closure1.doCall(SendKeysKeyword.groovy:52)&#xD;
	at com.kms.katalon.core.webui.keyword.builtin.SendKeysKeyword$_sendKeys_closure1.call(SendKeysKeyword.groovy)&#xD;
	at com.kms.katalon.core.webui.keyword.internal.WebUIKeywordMain.runKeyword(WebUIKeywordMain.groovy:20)&#xD;
	... 35 more</system-err>
        </testcase>
        <system-out>2020-06-23 11:02:02 - [TEST_SUITE][INCOMPLETE] - Regression: null</system-out>
        <system-err>2020-06-23 11:02:02 - [TEST_SUITE][INCOMPLETE] - Regression: null</system-err>
    </testsuite>
</testsuites>
