<?xml version="1.0" encoding="UTF-8" standalone="yes"?>
<testsuites name="shareablepreview" time="735" tests="3" failures="0" errors="0">
    <testsuite name="shareablepreview" tests="3" failures="0" errors="0" time="735" timestamp="2020-06-23 13:03:32" hostname="narendra.n - WLPT580.imidomain.com" id="Test Suites/shareablepreview">
        <properties>
            <property name="deviceName" value=""/>
            <property name="devicePlatform" value=""/>
            <property name="logFolder" value="D:\\IMIbot.ai-Project\\Reports\\20200623_130323\\shareablepreview\\20200623_130323"/>
            <property name="logFiles" value="D:\\IMIbot.ai-Project\\Reports\\20200623_130323\\shareablepreview\\20200623_130323\\execution0.log"/>
            <property name="attachments" value=""/>
            <property name="hostName" value="narendra.n - WLPT580.imidomain.com"/>
            <property name="os" value="Windows 8.1 64bit"/>
            <property name="katalonVersion" value="6.3.3.11"/>
            <property name="browser" value="Chrome 83.0.4103.106"/>
            <property name="hostAddress" value="192.168.43.195"/>
            <property name="sessionId" value="de33a508363876b104414f4bef29427a"/>
            <property name="seleniumVersion" value="3.141.59"/>
            <property name="proxyInformation" value="ProxyInformation{proxyOption=NO_PROXY, proxyServerType=HTTP, password=, proxyServerAddress=, proxyServerPort=0}"/>
            <property name="platform" value="Windows 8.1"/>
        </properties>
        <testcase name="Test Cases/SetUp/setUpCustomSyn_ShareablePreview1" classname="Test Cases/SetUp/setUpCustomSyn_ShareablePreview1" status="PASSED">
            <system-out>2020-06-23 13:03:32 - [TEST_CASE][PASSED] - Test Cases/SetUp/setUpCustomSyn_ShareablePreview1: Test Cases/SetUp/setUpCustomSyn_ShareablePreview1&#xD;
&#xD;
2020-06-23 13:03:33 - [TEST_STEP][PASSED] - Start listener action : setUp: Current window maximized&#xD;
&#xD;
2020-06-23 13:03:33 - [TEST_STEP][PASSED] - openBrowser(URL): Browser is opened with url: 'preprod.imibot.ai'&#xD;
&#xD;
2020-06-23 13:03:35 - [MESSAGE][INFO] - Starting 'Chrome' driver&#xD;
&#xD;
2020-06-23 13:03:35 - [MESSAGE][INFO] - User set preference: ['args', '[--start-maximized]']&#xD;
&#xD;
2020-06-23 13:03:35 - [MESSAGE][INFO] - Action delay is set to 1 seconds&#xD;
&#xD;
2020-06-23 13:03:48 - [MESSAGE][PASSED] - Browser is opened with url: 'preprod.imibot.ai'&#xD;
&#xD;
2020-06-23 13:03:48 - [TEST_STEP][PASSED] - maximizeWindow(): Current window maximized&#xD;
&#xD;
2020-06-23 13:03:51 - [MESSAGE][PASSED] - Current window maximized&#xD;
&#xD;
2020-06-23 13:03:52 - [TEST_STEP][PASSED] - callTestCase(findTestCase("Faqbot/botCreation_Test"), ["nameOfTheBot":PREVIEW_BOT], STOP_ON_FAILURE): Call Test Case 'Test Cases/Faqbot/botCreation_Test' successfully&#xD;
&#xD;
2020-06-23 13:03:52 - [TEST_CASE][PASSED] - Test Cases/Faqbot/botCreation_Test: Test Cases/Faqbot/botCreation_Test&#xD;
&#xD;
2020-06-23 13:03:53 - [TEST_STEP][PASSED] - callTestCase(findTestCase("Generic/successfulLogin_Test"), [:], STOP_ON_FAILURE): Call Test Case 'Test Cases/Generic/successfulLogin_Test' successfully&#xD;
&#xD;
2020-06-23 13:03:53 - [TEST_CASE][PASSED] - Test Cases/Generic/successfulLogin_Test: Test Cases/Generic/successfulLogin_Test&#xD;
&#xD;
2020-06-23 13:03:53 - [TEST_STEP][PASSED] - sendKeys(findTestObject("Input/username"), USERNAME): Keys 'narendra.n@imimobile.com' sent to object: 'Object Repository/Input/username'&#xD;
&#xD;
2020-06-23 13:03:56 - [MESSAGE][PASSED] - Keys 'narendra.n@imimobile.com' sent to object: 'Object Repository/Input/username'&#xD;
&#xD;
2020-06-23 13:03:56 - [TEST_STEP][PASSED] - sendKeys(findTestObject("Input/password"), PASSWORD): Keys 'Test@2020' sent to object: 'Object Repository/Input/password'&#xD;
&#xD;
2020-06-23 13:03:59 - [MESSAGE][PASSED] - Keys 'Test@2020' sent to object: 'Object Repository/Input/password'&#xD;
&#xD;
2020-06-23 13:03:59 - [TEST_STEP][PASSED] - click(findTestObject("Button/signIn")): Object: 'Object Repository/Button/signIn' is clicked on&#xD;
&#xD;
2020-06-23 13:04:01 - [MESSAGE][PASSED] - Object: 'Object Repository/Button/signIn' is clicked on&#xD;
&#xD;
2020-06-23 13:04:01 - [TEST_STEP][PASSED] - if (!(waitForElementPresent(findTestObject("Button/createBot"), 30, OPTIONAL))): Object 'Object Repository/Button/createBot' is present&#xD;
&#xD;
2020-06-23 13:04:19 - [MESSAGE][PASSED] - Object 'Object Repository/Button/createBot' is present&#xD;
&#xD;
2020-06-23 13:04:19 - [MESSAGE][PASSED] - Call Test Case 'Test Cases/Generic/successfulLogin_Test' successfully&#xD;
&#xD;
2020-06-23 13:04:19 - [TEST_STEP][PASSED] - platform.Method.clickOnElement(findTestObject("Button/createBot")): platform.Method.clickOnElement is PASSED&#xD;
&#xD;
2020-06-23 13:04:23 - [MESSAGE][PASSED] - platform.Method.clickOnElement is PASSED&#xD;
&#xD;
2020-06-23 13:04:23 - [TEST_STEP][PASSED] - sendKeys(findTestObject("Input/botName"), nameOfTheBot): Keys 'New BOT Assistant' sent to object: 'Object Repository/Input/botName'&#xD;
&#xD;
2020-06-23 13:04:25 - [MESSAGE][PASSED] - Keys 'New BOT Assistant' sent to object: 'Object Repository/Input/botName'&#xD;
&#xD;
2020-06-23 13:04:25 - [TEST_STEP][PASSED] - platform.Method.clickOnElement(findTestObject("Toggle/feedback")): platform.Method.clickOnElement is PASSED&#xD;
&#xD;
2020-06-23 13:04:28 - [MESSAGE][PASSED] - platform.Method.clickOnElement is PASSED&#xD;
&#xD;
2020-06-23 13:04:28 - [TEST_STEP][PASSED] - platform.Method.clickOnElement(findTestObject("Button/done")): platform.Method.clickOnElement is PASSED&#xD;
&#xD;
2020-06-23 13:04:30 - [MESSAGE][PASSED] - platform.Method.clickOnElement is PASSED&#xD;
&#xD;
2020-06-23 13:04:30 - [TEST_STEP][PASSED] - waitForElementVisible(findTestObject("Generic/articleState"), 45, OPTIONAL): Object 'Object Repository/Generic/articleState' is visible&#xD;
&#xD;
2020-06-23 13:04:41 - [MESSAGE][PASSED] - Object 'Object Repository/Generic/articleState' is visible&#xD;
&#xD;
2020-06-23 13:04:41 - [TEST_STEP][PASSED] - verifyElementText(findTestObject("Generic/articleState"), "Trained", STOP_ON_FAILURE): Actual text and expected text of test object 'Object Repository/Generic/articleState' are matched.&#xD;
&#xD;
2020-06-23 13:04:43 - [MESSAGE][PASSED] - Actual text and expected text of test object 'Object Repository/Generic/articleState' are matched.&#xD;
&#xD;
2020-06-23 13:04:43 - [MESSAGE][PASSED] - Call Test Case 'Test Cases/Faqbot/botCreation_Test' successfully&#xD;
&#xD;
2020-06-23 13:04:43 - [TEST_STEP][PASSED] - testData = findTestData("Data Files/testData_Dummy"): null&#xD;
&#xD;
2020-06-23 13:04:47 - [TEST_STEP][PASSED] - platform.Method.clickOnElement(findTestObject("GenericII/minimize")): platform.Method.clickOnElement is PASSED&#xD;
&#xD;
2020-06-23 13:04:49 - [MESSAGE][PASSED] - platform.Method.clickOnElement is PASSED&#xD;
&#xD;
2020-06-23 13:04:49 - [TEST_STEP][PASSED] - platform.Articles.createNewArticle(testData, testData.getValue("article_default_question", 1)): platform.Articles.createNewArticle is PASSED&#xD;
&#xD;
2020-06-23 13:04:55 - [MESSAGE][PASSED] - Keys 'I'm not feeling good ' sent to object: 'Object Repository/Input/defaultQuestion'&#xD;
&#xD;
2020-06-23 13:04:55 - [MESSAGE][PASSED] - platform.Articles.createNewArticle is PASSED&#xD;
&#xD;
2020-06-23 13:04:55 - [TEST_STEP][PASSED] - platform.Response.addImage(true, testData.getValue("image_url", 1)): platform.Response.addImage is PASSED&#xD;
&#xD;
2020-06-23 13:05:05 - [MESSAGE][PASSED] - Text 'https://upload.wikimedia.org/wikipedia/commons/7/78/Tiger_Cub.jpg' is set on object 'Object Repository/Input/imageURL'&#xD;
&#xD;
2020-06-23 13:05:05 - [MESSAGE][PASSED] - platform.Response.addImage is PASSED&#xD;
&#xD;
2020-06-23 13:05:05 - [TEST_STEP][PASSED] - platform.Response.addText(testData.getValue("text_response", 1)): platform.Response.addText is PASSED&#xD;
&#xD;
2020-06-23 13:05:16 - [MESSAGE][PASSED] - Text 'Here is a picture of tiger cub to cheer you up. To find more such pictures, click on this url: https://www.pexels.com/search/Baby%20Animals/' is set on object 'Object Repository/Input/textResponse'&#xD;
&#xD;
2020-06-23 13:05:16 - [MESSAGE][PASSED] - platform.Response.addText is PASSED&#xD;
&#xD;
2020-06-23 13:05:16 - [TEST_STEP][PASSED] - platform.Articles.saveAndTrainArticleToNewCategory(testData.getValue("category", 1)): platform.Articles.saveAndTrainArticleToNewCategory is PASSED&#xD;
&#xD;
2020-06-23 13:05:23 - [MESSAGE][PASSED] - Keys 'Mood' sent to object: 'Object Repository/Input/newCategoryName'&#xD;
&#xD;
2020-06-23 13:05:25 - [MESSAGE][PASSED] - platform.Articles.saveAndTrainArticleToNewCategory is PASSED&#xD;
&#xD;
2020-06-23 13:05:25 - [TEST_STEP][PASSED] - waitForElementPresent(findTestObject("ICONS/toastMsg"), 20, STOP_ON_FAILURE): Object 'Object Repository/ICONS/toastMsg' is present&#xD;
&#xD;
2020-06-23 13:05:33 - [MESSAGE][PASSED] - Object 'Object Repository/ICONS/toastMsg' is present&#xD;
&#xD;
2020-06-23 13:05:33 - [TEST_STEP][PASSED] - platform.Articles.createNewArticle(testData, testData.getValue("article_default_question", 2)): platform.Articles.createNewArticle is PASSED&#xD;
&#xD;
2020-06-23 13:05:38 - [MESSAGE][PASSED] - Keys 'Hello, how are you?' sent to object: 'Object Repository/Input/defaultQuestion'&#xD;
&#xD;
2020-06-23 13:05:38 - [MESSAGE][PASSED] - platform.Articles.createNewArticle is PASSED&#xD;
&#xD;
2020-06-23 13:05:38 - [TEST_STEP][PASSED] - platform.Response.addCodeFunction(true, testData.getValue("code_function", 1)): platform.Response.addCodeFunction is PASSED&#xD;
&#xD;
2020-06-23 13:05:48 - [MESSAGE][PASSED] - File 'D:/IMIbot.ai-Project/Collection/greetings.py' sent to object: 'Object Repository/Input/uploadFile'&#xD;
&#xD;
2020-06-23 13:05:48 - [MESSAGE][PASSED] - platform.Response.addCodeFunction is PASSED&#xD;
&#xD;
2020-06-23 13:05:48 - [TEST_STEP][PASSED] - platform.Response.addText(testData.getValue("text_response", 2)): platform.Response.addText is PASSED&#xD;
&#xD;
2020-06-23 13:05:54 - [MESSAGE][PASSED] - Text '${dataStore.message}' is set on object 'Object Repository/Input/textResponse'&#xD;
&#xD;
2020-06-23 13:05:54 - [MESSAGE][PASSED] - platform.Response.addText is PASSED&#xD;
&#xD;
2020-06-23 13:05:54 - [TEST_STEP][PASSED] - waitForElementPresent(findTestObject("ICONS/toastMsg"), 20, STOP_ON_FAILURE): Object 'Object Repository/ICONS/toastMsg' is not present after 20 second(s)&#xD;
&#xD;
2020-06-23 13:06:16 - [MESSAGE][INFO] - Unable to find the element located by 'By.xpath: //simple-snack-bar'. Please recheck the objects properties to make sure the desired element is located. &#xD;
&#xD;
2020-06-23 13:06:16 - [MESSAGE][WARNING] - Object 'Object Repository/ICONS/toastMsg' is not present after 20 second(s)&#xD;
&#xD;
2020-06-23 13:06:16 - [TEST_STEP][PASSED] - platform.Articles.saveAndTrainArticleToNewCategory(testData.getValue("category", 2)): platform.Articles.saveAndTrainArticleToNewCategory is PASSED&#xD;
&#xD;
2020-06-23 13:06:23 - [MESSAGE][PASSED] - Keys 'Greetings' sent to object: 'Object Repository/Input/newCategoryName'&#xD;
&#xD;
2020-06-23 13:06:25 - [MESSAGE][PASSED] - platform.Articles.saveAndTrainArticleToNewCategory is PASSED&#xD;
&#xD;
2020-06-23 13:06:25 - [TEST_STEP][PASSED] - waitForElementPresent(findTestObject("ICONS/toastMsg"), 20, STOP_ON_FAILURE): Object 'Object Repository/ICONS/toastMsg' is present&#xD;
&#xD;
2020-06-23 13:06:33 - [MESSAGE][PASSED] - Object 'Object Repository/ICONS/toastMsg' is present&#xD;
&#xD;
2020-06-23 13:06:33 - [TEST_STEP][PASSED] - platform.Method.clickOnElement(findTestObject("Button/createArticle")): platform.Method.clickOnElement is PASSED&#xD;
&#xD;
2020-06-23 13:06:35 - [MESSAGE][PASSED] - platform.Method.clickOnElement is PASSED&#xD;
&#xD;
2020-06-23 13:06:35 - [TEST_STEP][PASSED] - sendKeys(findTestObject("Input/defaultQuestion"), "How can I contact this property?"): Keys 'How can I contact this property?' sent to object: 'Object Repository/Input/defaultQuestion'&#xD;
&#xD;
2020-06-23 13:06:38 - [MESSAGE][PASSED] - Keys 'How can I contact this property?' sent to object: 'Object Repository/Input/defaultQuestion'&#xD;
&#xD;
2020-06-23 13:06:38 - [TEST_STEP][PASSED] - sendKeys(findTestObject("Input/textResponse"), "Please drop an email at estateproperty@dealer.com or can call at ph: +9876543210"): Keys 'Please drop an email at estateproperty@dealer.com or can call at ph: +9876543210' sent to object: 'Object Repository/Input/textResponse'&#xD;
&#xD;
2020-06-23 13:06:42 - [MESSAGE][PASSED] - Keys 'Please drop an email at estateproperty@dealer.com or can call at ph: +9876543210' sent to object: 'Object Repository/Input/textResponse'&#xD;
&#xD;
2020-06-23 13:06:42 - [TEST_STEP][PASSED] - platform.Articles.saveAndTrainArticleToExistingCategory(" Unassigned "): platform.Articles.saveAndTrainArticleToExistingCategory is PASSED&#xD;
&#xD;
2020-06-23 13:06:51 - [MESSAGE][PASSED] - platform.Articles.saveAndTrainArticleToExistingCategory is PASSED</system-out>
            <system-err></system-err>
        </testcase>
        <testcase name="Test Cases/SetUp/setUpCustomSyn_ShareablePreview2" classname="Test Cases/SetUp/setUpCustomSyn_ShareablePreview2" status="PASSED">
            <system-out>2020-06-23 13:06:51 - [TEST_CASE][PASSED] - Test Cases/SetUp/setUpCustomSyn_ShareablePreview2: Test Cases/SetUp/setUpCustomSyn_ShareablePreview2&#xD;
&#xD;
2020-06-23 13:06:51 - [TEST_STEP][PASSED] - Start listener action : setUp: Current window maximized&#xD;
&#xD;
2020-06-23 13:06:51 - [TEST_STEP][PASSED] - openBrowser(URL): Browser is opened with url: 'preprod.imibot.ai'&#xD;
&#xD;
2020-06-23 13:06:52 - [MESSAGE][WARNING] - A browser is already opened. Closing browser and opening a new one&#xD;
&#xD;
2020-06-23 13:06:53 - [MESSAGE][INFO] - Starting 'Chrome' driver&#xD;
&#xD;
2020-06-23 13:06:53 - [MESSAGE][INFO] - User set preference: ['args', '[--start-maximized]']&#xD;
&#xD;
2020-06-23 13:07:06 - [MESSAGE][PASSED] - Browser is opened with url: 'preprod.imibot.ai'&#xD;
&#xD;
2020-06-23 13:07:06 - [TEST_STEP][PASSED] - maximizeWindow(): Current window maximized&#xD;
&#xD;
2020-06-23 13:07:08 - [MESSAGE][PASSED] - Current window maximized&#xD;
&#xD;
2020-06-23 13:07:09 - [TEST_STEP][PASSED] - callTestCase(findTestCase("Generic/successfulLogin_Test"), [:], STOP_ON_FAILURE): Call Test Case 'Test Cases/Generic/successfulLogin_Test' successfully&#xD;
&#xD;
2020-06-23 13:07:09 - [TEST_CASE][PASSED] - Test Cases/Generic/successfulLogin_Test: Test Cases/Generic/successfulLogin_Test&#xD;
&#xD;
2020-06-23 13:07:09 - [TEST_STEP][PASSED] - sendKeys(findTestObject("Input/username"), USERNAME): Keys 'narendra.n@imimobile.com' sent to object: 'Object Repository/Input/username'&#xD;
&#xD;
2020-06-23 13:07:12 - [MESSAGE][PASSED] - Keys 'narendra.n@imimobile.com' sent to object: 'Object Repository/Input/username'&#xD;
&#xD;
2020-06-23 13:07:12 - [TEST_STEP][PASSED] - sendKeys(findTestObject("Input/password"), PASSWORD): Keys 'Test@2020' sent to object: 'Object Repository/Input/password'&#xD;
&#xD;
2020-06-23 13:07:14 - [MESSAGE][PASSED] - Keys 'Test@2020' sent to object: 'Object Repository/Input/password'&#xD;
&#xD;
2020-06-23 13:07:14 - [TEST_STEP][PASSED] - click(findTestObject("Button/signIn")): Object: 'Object Repository/Button/signIn' is clicked on&#xD;
&#xD;
2020-06-23 13:07:17 - [MESSAGE][PASSED] - Object: 'Object Repository/Button/signIn' is clicked on&#xD;
&#xD;
2020-06-23 13:07:17 - [TEST_STEP][PASSED] - if (!(waitForElementPresent(findTestObject("Button/createBot"), 30, OPTIONAL))): Object 'Object Repository/Button/createBot' is present&#xD;
&#xD;
2020-06-23 13:07:33 - [MESSAGE][PASSED] - Object 'Object Repository/Button/createBot' is present&#xD;
&#xD;
2020-06-23 13:07:33 - [MESSAGE][PASSED] - Call Test Case 'Test Cases/Generic/successfulLogin_Test' successfully&#xD;
&#xD;
2020-06-23 13:07:33 - [TEST_STEP][PASSED] - platform.Method.navigateToBot("Q&amp;A bots", PREVIEW_BOT): platform.Method.navigateToBot is PASSED&#xD;
&#xD;
2020-06-23 13:07:35 - [MESSAGE][PASSED] - Object 'Object Repository/Button/createBot' is present&#xD;
&#xD;
2020-06-23 13:07:37 - [MESSAGE][INFO] - Performing click action on bot&#xD;
&#xD;
2020-06-23 13:07:39 - [MESSAGE][PASSED] - platform.Method.navigateToBot is PASSED&#xD;
&#xD;
2020-06-23 13:07:39 - [TEST_STEP][PASSED] - platform.Method.clickOnElement(findTestObject("Generic/articles")): platform.Method.clickOnElement is PASSED&#xD;
&#xD;
2020-06-23 13:07:44 - [MESSAGE][PASSED] - platform.Method.clickOnElement is PASSED&#xD;
&#xD;
2020-06-23 13:07:44 - [TEST_STEP][PASSED] - testData = findTestData("Data Files/testData_Dummy"): null&#xD;
&#xD;
2020-06-23 13:07:45 - [TEST_STEP][PASSED] - platform.Articles.createNewArticle(testData, testData.getValue("carousel_question", 1)): platform.Articles.createNewArticle is PASSED&#xD;
&#xD;
2020-06-23 13:07:51 - [MESSAGE][PASSED] - Keys 'show me all service type apartment' sent to object: 'Object Repository/Input/defaultQuestion'&#xD;
&#xD;
2020-06-23 13:07:51 - [MESSAGE][PASSED] - platform.Articles.createNewArticle is PASSED&#xD;
&#xD;
2020-06-23 13:07:51 - [TEST_STEP][PASSED] - platform.Response.addCarousel(true): platform.Response.addCarousel is PASSED&#xD;
&#xD;
2020-06-23 13:07:55 - [MESSAGE][PASSED] - platform.Response.addCarousel is PASSED&#xD;
&#xD;
2020-06-23 13:07:55 - [TEST_STEP][PASSED] - for ([count = 1, count &lt;= testData.getRowNumbers(), (count++)]): null&#xD;
&#xD;
2020-06-23 13:07:55 - [TEST_STEP][PASSED] - platform.Response.carouselPayload(count, testData.getValue("service_carousel_header", count), testData.getValue("service_carousel_url", count), testData.getValue("carousel_payload_label", count), testData.getValue("carousel_payload_question", count)): platform.Response.carouselPayload is PASSED&#xD;
&#xD;
2020-06-23 13:07:59 - [MESSAGE][PASSED] - Text 'Aparthotel' is set on object 'Object Repository/NewRepo/carouselLabel'&#xD;
&#xD;
2020-06-23 13:08:05 - [MESSAGE][PASSED] - Text 'https://www.silverdoorapartments.com/blog/content/uploads/2020/03/Aparthotel-1024x683.jpg' is set on object 'Object Repository/NewRepo/carouselURL'&#xD;
&#xD;
2020-06-23 13:08:11 - [MESSAGE][PASSED] - Text 'Contact here!' is set on object 'Object Repository/NewRepo/labelInput'&#xD;
&#xD;
2020-06-23 13:08:15 - [MESSAGE][PASSED] - Keys 'How can I contact this property?' sent to object: 'Object Repository/NewRepo/payloadQuestionInput'&#xD;
&#xD;
2020-06-23 13:08:19 - [MESSAGE][PASSED] - platform.Response.carouselPayload is PASSED&#xD;
&#xD;
2020-06-23 13:08:19 - [TEST_STEP][PASSED] - if (testData.getValue("service_carousel_header", count + 1) == ""): null&#xD;
&#xD;
2020-06-23 13:08:19 - [TEST_STEP][PASSED] - else: platform.Method.clickOnElement is PASSED&#xD;
&#xD;
2020-06-23 13:08:19 - [TEST_STEP][PASSED] - platform.Method.clickOnElement(findTestObject("ICONS/addCarousel")): platform.Method.clickOnElement is PASSED&#xD;
&#xD;
2020-06-23 13:08:21 - [MESSAGE][PASSED] - platform.Method.clickOnElement is PASSED&#xD;
&#xD;
2020-06-23 13:08:21 - [TEST_STEP][PASSED] - platform.Response.carouselPayload(count, testData.getValue("service_carousel_header", count), testData.getValue("service_carousel_url", count), testData.getValue("carousel_payload_label", count), testData.getValue("carousel_payload_question", count)): platform.Response.carouselPayload is PASSED&#xD;
&#xD;
2020-06-23 13:08:26 - [MESSAGE][PASSED] - Text 'Residential serviced apartment' is set on object 'Object Repository/NewRepo/carouselLabel'&#xD;
&#xD;
2020-06-23 13:08:32 - [MESSAGE][PASSED] - Text 'https://www.silverdoorapartments.com/blog/content/uploads/2015/05/Residential-e1430835943106.jpg' is set on object 'Object Repository/NewRepo/carouselURL'&#xD;
&#xD;
2020-06-23 13:08:38 - [MESSAGE][PASSED] - Text 'Click to contact' is set on object 'Object Repository/NewRepo/labelInput'&#xD;
&#xD;
2020-06-23 13:08:41 - [MESSAGE][PASSED] - Keys 'How can I contact this property?' sent to object: 'Object Repository/NewRepo/payloadQuestionInput'&#xD;
&#xD;
2020-06-23 13:08:46 - [MESSAGE][PASSED] - platform.Response.carouselPayload is PASSED&#xD;
&#xD;
2020-06-23 13:08:46 - [TEST_STEP][PASSED] - if (testData.getValue("service_carousel_header", count + 1) == ""): null&#xD;
&#xD;
2020-06-23 13:08:46 - [TEST_STEP][PASSED] - else: platform.Method.clickOnElement is PASSED&#xD;
&#xD;
2020-06-23 13:08:46 - [TEST_STEP][PASSED] - platform.Method.clickOnElement(findTestObject("ICONS/addCarousel")): platform.Method.clickOnElement is PASSED&#xD;
&#xD;
2020-06-23 13:08:48 - [MESSAGE][PASSED] - platform.Method.clickOnElement is PASSED&#xD;
&#xD;
2020-06-23 13:08:48 - [TEST_STEP][PASSED] - platform.Response.carouselPayload(count, testData.getValue("service_carousel_header", count), testData.getValue("service_carousel_url", count), testData.getValue("carousel_payload_label", count), testData.getValue("carousel_payload_question", count)): platform.Response.carouselPayload is PASSED&#xD;
&#xD;
2020-06-23 13:08:52 - [MESSAGE][PASSED] - Text 'Single property' is set on object 'Object Repository/NewRepo/carouselLabel'&#xD;
&#xD;
2020-06-23 13:08:57 - [MESSAGE][PASSED] - Text 'https://q-cf.bstatic.com/images/hotel/max1280x900/444/44415495.jpg' is set on object 'Object Repository/NewRepo/carouselURL'&#xD;
&#xD;
2020-06-23 13:09:03 - [MESSAGE][PASSED] - Text 'Book now!' is set on object 'Object Repository/NewRepo/labelInput'&#xD;
&#xD;
2020-06-23 13:09:06 - [MESSAGE][PASSED] - Keys 'How can I contact this property?' sent to object: 'Object Repository/NewRepo/payloadQuestionInput'&#xD;
&#xD;
2020-06-23 13:09:10 - [MESSAGE][PASSED] - platform.Response.carouselPayload is PASSED&#xD;
&#xD;
2020-06-23 13:09:10 - [TEST_STEP][PASSED] - if (testData.getValue("service_carousel_header", count + 1) == ""): null&#xD;
&#xD;
2020-06-23 13:09:10 - [TEST_STEP][PASSED] - break: null&#xD;
&#xD;
2020-06-23 13:09:10 - [TEST_STEP][PASSED] - platform.Articles.saveAndTrainArticleToExistingCategory(" Unassigned "): platform.Articles.saveAndTrainArticleToExistingCategory is PASSED&#xD;
&#xD;
2020-06-23 13:09:19 - [MESSAGE][PASSED] - platform.Articles.saveAndTrainArticleToExistingCategory is PASSED&#xD;
&#xD;
2020-06-23 13:09:19 - [TEST_STEP][PASSED] - verifyElementPresent(findTestObject("ICONS/toastMsg"), 30, STOP_ON_FAILURE): Object 'Object Repository/ICONS/toastMsg' is present&#xD;
&#xD;
2020-06-23 13:09:27 - [MESSAGE][PASSED] - Object 'Object Repository/ICONS/toastMsg' is present&#xD;
&#xD;
2020-06-23 13:09:27 - [TEST_STEP][PASSED] - platform.Articles.createNewArticle(testData, testData.getValue("carousel_question", 2)): platform.Articles.createNewArticle is PASSED&#xD;
&#xD;
2020-06-23 13:09:32 - [MESSAGE][PASSED] - Keys 'villas or duplex type property' sent to object: 'Object Repository/Input/defaultQuestion'&#xD;
&#xD;
2020-06-23 13:09:32 - [MESSAGE][PASSED] - platform.Articles.createNewArticle is PASSED&#xD;
&#xD;
2020-06-23 13:09:32 - [TEST_STEP][PASSED] - platform.Response.addCarousel(true): platform.Response.addCarousel is PASSED&#xD;
&#xD;
2020-06-23 13:09:37 - [MESSAGE][PASSED] - platform.Response.addCarousel is PASSED&#xD;
&#xD;
2020-06-23 13:09:37 - [TEST_STEP][PASSED] - for ([count = 1, count &lt;= testData.getRowNumbers(), (count++)]): null&#xD;
&#xD;
2020-06-23 13:09:37 - [TEST_STEP][PASSED] - platform.Response.carouselPayload(count, testData.getValue("indp_carousel_header", count), testData.getValue("indp_carousel_url", count), testData.getValue("carousel_payload_label", count), testData.getValue("carousel_payload_question", count)): platform.Response.carouselPayload is PASSED&#xD;
&#xD;
2020-06-23 13:09:41 - [MESSAGE][PASSED] - Text 'Villa' is set on object 'Object Repository/NewRepo/carouselLabel'&#xD;
&#xD;
2020-06-23 13:09:46 - [MESSAGE][PASSED] - Text 'https://r-cf.bstatic.com/images/hotel/max1024x768/240/240296881.jpg' is set on object 'Object Repository/NewRepo/carouselURL'&#xD;
&#xD;
2020-06-23 13:09:52 - [MESSAGE][PASSED] - Text 'Contact here!' is set on object 'Object Repository/NewRepo/labelInput'&#xD;
&#xD;
2020-06-23 13:09:55 - [MESSAGE][PASSED] - Keys 'How can I contact this property?' sent to object: 'Object Repository/NewRepo/payloadQuestionInput'&#xD;
&#xD;
2020-06-23 13:09:59 - [MESSAGE][PASSED] - platform.Response.carouselPayload is PASSED&#xD;
&#xD;
2020-06-23 13:09:59 - [TEST_STEP][PASSED] - if (testData.getValue("indp_carousel_header", count + 1) == ""): null&#xD;
&#xD;
2020-06-23 13:09:59 - [TEST_STEP][PASSED] - else: platform.Method.clickOnElement is PASSED&#xD;
&#xD;
2020-06-23 13:09:59 - [TEST_STEP][PASSED] - platform.Method.clickOnElement(findTestObject("ICONS/addCarousel")): platform.Method.clickOnElement is PASSED&#xD;
&#xD;
2020-06-23 13:10:01 - [MESSAGE][PASSED] - platform.Method.clickOnElement is PASSED&#xD;
&#xD;
2020-06-23 13:10:01 - [TEST_STEP][PASSED] - platform.Response.carouselPayload(count, testData.getValue("indp_carousel_header", count), testData.getValue("indp_carousel_url", count), testData.getValue("carousel_payload_label", count), testData.getValue("carousel_payload_question", count)): platform.Response.carouselPayload is PASSED&#xD;
&#xD;
2020-06-23 13:10:05 - [MESSAGE][PASSED] - Text 'Duplex' is set on object 'Object Repository/NewRepo/carouselLabel'&#xD;
&#xD;
2020-06-23 13:10:13 - [MESSAGE][PASSED] - Text 'https://www.architectureanddesign.com.au/getmedia/c8ff84b0-2c58-4ddd-84d5-d5e51ea40171/Futureflip_Duplex.aspx?width=1000&amp;height=750&amp;ext=.jpg' is set on object 'Object Repository/NewRepo/carouselURL'&#xD;
&#xD;
2020-06-23 13:10:19 - [MESSAGE][PASSED] - Text 'Click to contact' is set on object 'Object Repository/NewRepo/labelInput'&#xD;
&#xD;
2020-06-23 13:10:22 - [MESSAGE][PASSED] - Keys 'How can I contact this property?' sent to object: 'Object Repository/NewRepo/payloadQuestionInput'&#xD;
&#xD;
2020-06-23 13:10:27 - [MESSAGE][PASSED] - platform.Response.carouselPayload is PASSED&#xD;
&#xD;
2020-06-23 13:10:27 - [TEST_STEP][PASSED] - if (testData.getValue("indp_carousel_header", count + 1) == ""): null&#xD;
&#xD;
2020-06-23 13:10:27 - [TEST_STEP][PASSED] - break: null&#xD;
&#xD;
2020-06-23 13:10:27 - [TEST_STEP][PASSED] - platform.Articles.saveAndTrainArticleToExistingCategory(" Unassigned "): platform.Articles.saveAndTrainArticleToExistingCategory is PASSED&#xD;
&#xD;
2020-06-23 13:10:36 - [MESSAGE][PASSED] - platform.Articles.saveAndTrainArticleToExistingCategory is PASSED&#xD;
&#xD;
2020-06-23 13:10:36 - [TEST_STEP][PASSED] - waitForElementPresent(findTestObject("ICONS/toastMsg"), 20, STOP_ON_FAILURE): Object 'Object Repository/ICONS/toastMsg' is present&#xD;
&#xD;
2020-06-23 13:10:42 - [MESSAGE][PASSED] - Object 'Object Repository/ICONS/toastMsg' is present&#xD;
&#xD;
2020-06-23 13:10:42 - [TEST_STEP][PASSED] - platform.Articles.createNewArticle(testData, testData.getValue("carousel_question", 3)): platform.Articles.createNewArticle is PASSED&#xD;
&#xD;
2020-06-23 13:10:47 - [MESSAGE][PASSED] - Keys 'apartments in gated community' sent to object: 'Object Repository/Input/defaultQuestion'&#xD;
&#xD;
2020-06-23 13:10:47 - [MESSAGE][PASSED] - platform.Articles.createNewArticle is PASSED&#xD;
&#xD;
2020-06-23 13:10:47 - [TEST_STEP][PASSED] - platform.Response.addCarousel(true): platform.Response.addCarousel is PASSED&#xD;
&#xD;
2020-06-23 13:10:52 - [MESSAGE][PASSED] - platform.Response.addCarousel is PASSED&#xD;
&#xD;
2020-06-23 13:10:52 - [TEST_STEP][PASSED] - for ([count = 1, count &lt;= testData.getRowNumbers(), (count++)]): null&#xD;
&#xD;
2020-06-23 13:10:52 - [TEST_STEP][PASSED] - platform.Response.carouselPayload(count, testData.getValue("bhk_carousel_header", count), testData.getValue("bhk_carousel_url", count), testData.getValue("carousel_payload_label", count), testData.getValue("carousel_payload_question", count)): platform.Response.carouselPayload is PASSED&#xD;
&#xD;
2020-06-23 13:10:55 - [MESSAGE][PASSED] - Text '2BHK' is set on object 'Object Repository/NewRepo/carouselLabel'&#xD;
&#xD;
2020-06-23 13:11:01 - [MESSAGE][PASSED] - Text 'https://cdn.home-designing.com/wp-content/uploads/2014/06/Springs-Apartment-Layout.jpg' is set on object 'Object Repository/NewRepo/carouselURL'&#xD;
&#xD;
2020-06-23 13:11:07 - [MESSAGE][PASSED] - Text 'Contact here!' is set on object 'Object Repository/NewRepo/labelInput'&#xD;
&#xD;
2020-06-23 13:11:10 - [MESSAGE][PASSED] - Keys 'How can I contact this property?' sent to object: 'Object Repository/NewRepo/payloadQuestionInput'&#xD;
&#xD;
2020-06-23 13:11:15 - [MESSAGE][PASSED] - platform.Response.carouselPayload is PASSED&#xD;
&#xD;
2020-06-23 13:11:15 - [TEST_STEP][PASSED] - if (testData.getValue("bhk_carousel_header", count + 1) == ""): null&#xD;
&#xD;
2020-06-23 13:11:15 - [TEST_STEP][PASSED] - else: platform.Method.clickOnElement is PASSED&#xD;
&#xD;
2020-06-23 13:11:15 - [TEST_STEP][PASSED] - platform.Method.clickOnElement(findTestObject("ICONS/addCarousel")): platform.Method.clickOnElement is PASSED&#xD;
&#xD;
2020-06-23 13:11:17 - [MESSAGE][PASSED] - platform.Method.clickOnElement is PASSED&#xD;
&#xD;
2020-06-23 13:11:17 - [TEST_STEP][PASSED] - platform.Response.carouselPayload(count, testData.getValue("bhk_carousel_header", count), testData.getValue("bhk_carousel_url", count), testData.getValue("carousel_payload_label", count), testData.getValue("carousel_payload_question", count)): platform.Response.carouselPayload is PASSED&#xD;
&#xD;
2020-06-23 13:11:21 - [MESSAGE][PASSED] - Text '3BHK' is set on object 'Object Repository/NewRepo/carouselLabel'&#xD;
&#xD;
2020-06-23 13:11:26 - [MESSAGE][PASSED] - Text 'https://thearchitectsdiary.com/wp-content/uploads/2017/12/IMGL2438-copy-Large.jpg' is set on object 'Object Repository/NewRepo/carouselURL'&#xD;
&#xD;
2020-06-23 13:11:32 - [MESSAGE][PASSED] - Text 'Click to contact' is set on object 'Object Repository/NewRepo/labelInput'&#xD;
&#xD;
2020-06-23 13:11:36 - [MESSAGE][PASSED] - Keys 'How can I contact this property?' sent to object: 'Object Repository/NewRepo/payloadQuestionInput'&#xD;
&#xD;
2020-06-23 13:11:40 - [MESSAGE][PASSED] - platform.Response.carouselPayload is PASSED&#xD;
&#xD;
2020-06-23 13:11:40 - [TEST_STEP][PASSED] - if (testData.getValue("bhk_carousel_header", count + 1) == ""): null&#xD;
&#xD;
2020-06-23 13:11:40 - [TEST_STEP][PASSED] - break: null&#xD;
&#xD;
2020-06-23 13:11:40 - [TEST_STEP][PASSED] - platform.Articles.saveAndTrainArticleToExistingCategory(" Unassigned "): platform.Articles.saveAndTrainArticleToExistingCategory is PASSED&#xD;
&#xD;
2020-06-23 13:11:50 - [MESSAGE][PASSED] - platform.Articles.saveAndTrainArticleToExistingCategory is PASSED</system-out>
            <system-err></system-err>
        </testcase>
        <testcase name="Test Cases/SetUp/setUpCustomSyn_ShareablePreview3" classname="Test Cases/SetUp/setUpCustomSyn_ShareablePreview3" status="PASSED">
            <system-out>2020-06-23 13:11:50 - [TEST_CASE][PASSED] - Test Cases/SetUp/setUpCustomSyn_ShareablePreview3: Test Cases/SetUp/setUpCustomSyn_ShareablePreview3&#xD;
&#xD;
2020-06-23 13:11:50 - [TEST_STEP][PASSED] - Start listener action : setUp: Current window maximized&#xD;
&#xD;
2020-06-23 13:11:50 - [TEST_STEP][PASSED] - openBrowser(URL): Browser is opened with url: 'preprod.imibot.ai'&#xD;
&#xD;
2020-06-23 13:11:50 - [MESSAGE][WARNING] - A browser is already opened. Closing browser and opening a new one&#xD;
&#xD;
2020-06-23 13:11:52 - [MESSAGE][INFO] - Starting 'Chrome' driver&#xD;
&#xD;
2020-06-23 13:11:52 - [MESSAGE][INFO] - User set preference: ['args', '[--start-maximized]']&#xD;
&#xD;
2020-06-23 13:12:28 - [MESSAGE][PASSED] - Browser is opened with url: 'preprod.imibot.ai'&#xD;
&#xD;
2020-06-23 13:12:28 - [TEST_STEP][PASSED] - maximizeWindow(): Current window maximized&#xD;
&#xD;
2020-06-23 13:12:30 - [MESSAGE][PASSED] - Current window maximized&#xD;
&#xD;
2020-06-23 13:12:31 - [TEST_STEP][PASSED] - callTestCase(findTestCase("Generic/successfulLogin_Test"), [:], STOP_ON_FAILURE): Call Test Case 'Test Cases/Generic/successfulLogin_Test' successfully&#xD;
&#xD;
2020-06-23 13:12:31 - [TEST_CASE][PASSED] - Test Cases/Generic/successfulLogin_Test: Test Cases/Generic/successfulLogin_Test&#xD;
&#xD;
2020-06-23 13:12:31 - [TEST_STEP][PASSED] - sendKeys(findTestObject("Input/username"), USERNAME): Keys 'narendra.n@imimobile.com' sent to object: 'Object Repository/Input/username'&#xD;
&#xD;
2020-06-23 13:12:34 - [MESSAGE][PASSED] - Keys 'narendra.n@imimobile.com' sent to object: 'Object Repository/Input/username'&#xD;
&#xD;
2020-06-23 13:12:34 - [TEST_STEP][PASSED] - sendKeys(findTestObject("Input/password"), PASSWORD): Keys 'Test@2020' sent to object: 'Object Repository/Input/password'&#xD;
&#xD;
2020-06-23 13:12:36 - [MESSAGE][PASSED] - Keys 'Test@2020' sent to object: 'Object Repository/Input/password'&#xD;
&#xD;
2020-06-23 13:12:36 - [TEST_STEP][PASSED] - click(findTestObject("Button/signIn")): Object: 'Object Repository/Button/signIn' is clicked on&#xD;
&#xD;
2020-06-23 13:12:39 - [MESSAGE][PASSED] - Object: 'Object Repository/Button/signIn' is clicked on&#xD;
&#xD;
2020-06-23 13:12:39 - [TEST_STEP][PASSED] - if (!(waitForElementPresent(findTestObject("Button/createBot"), 30, OPTIONAL))): Object 'Object Repository/Button/createBot' is present&#xD;
&#xD;
2020-06-23 13:12:56 - [MESSAGE][PASSED] - Object 'Object Repository/Button/createBot' is present&#xD;
&#xD;
2020-06-23 13:12:56 - [MESSAGE][PASSED] - Call Test Case 'Test Cases/Generic/successfulLogin_Test' successfully&#xD;
&#xD;
2020-06-23 13:12:56 - [TEST_STEP][PASSED] - platform.Method.navigateToBot("Q&amp;A bots", PREVIEW_BOT): platform.Method.navigateToBot is PASSED&#xD;
&#xD;
2020-06-23 13:12:57 - [MESSAGE][PASSED] - Object 'Object Repository/Button/createBot' is present&#xD;
&#xD;
2020-06-23 13:12:59 - [MESSAGE][INFO] - Performing click action on bot&#xD;
&#xD;
2020-06-23 13:13:02 - [MESSAGE][PASSED] - platform.Method.navigateToBot is PASSED&#xD;
&#xD;
2020-06-23 13:13:02 - [TEST_STEP][PASSED] - platform.Method.clickOnElement(findTestObject("Generic/articles")): platform.Method.clickOnElement is PASSED&#xD;
&#xD;
2020-06-23 13:13:05 - [MESSAGE][PASSED] - platform.Method.clickOnElement is PASSED&#xD;
&#xD;
2020-06-23 13:13:05 - [TEST_STEP][PASSED] - testData = findTestData("Data Files/testData_Dummy"): null&#xD;
&#xD;
2020-06-23 13:13:06 - [TEST_STEP][PASSED] - platform.Articles.createNewArticle(testData, testData.getValue("article_default_question", 3)): platform.Articles.createNewArticle is PASSED&#xD;
&#xD;
2020-06-23 13:13:12 - [MESSAGE][PASSED] - Keys 'Looking for property on rent' sent to object: 'Object Repository/Input/defaultQuestion'&#xD;
&#xD;
2020-06-23 13:13:12 - [MESSAGE][PASSED] - platform.Articles.createNewArticle is PASSED&#xD;
&#xD;
2020-06-23 13:13:12 - [TEST_STEP][PASSED] - platform.Response.addQuickReplies(true, testData.getValue("quick_reply", 1)): platform.Response.addQuickReplies is PASSED&#xD;
&#xD;
2020-06-23 13:13:20 - [MESSAGE][PASSED] - Text 'Please select your property type' is set on object 'Object Repository/Input/quickReplyHeader'&#xD;
&#xD;
2020-06-23 13:13:20 - [MESSAGE][PASSED] - platform.Response.addQuickReplies is PASSED&#xD;
&#xD;
2020-06-23 13:13:20 - [TEST_STEP][PASSED] - for ([count = 1, count &lt;= testData.getRowNumbers(), (count++)]): null&#xD;
&#xD;
2020-06-23 13:13:20 - [TEST_STEP][PASSED] - platform.Response.quickRepliesPayload(testData.getValue("quick_reply_title", count), testData.getValue("carousel_question", count)): platform.Response.quickRepliesPayload is PASSED&#xD;
&#xD;
2020-06-23 13:13:28 - [MESSAGE][PASSED] - Text 'Studio apartment' is set on object 'Object Repository/Input/titlePayload'&#xD;
&#xD;
2020-06-23 13:13:32 - [MESSAGE][PASSED] - Keys 'show me all service type apartment' sent to object: 'Object Repository/NewRepo/payloadQuestionInput'&#xD;
&#xD;
2020-06-23 13:13:36 - [MESSAGE][PASSED] - platform.Response.quickRepliesPayload is PASSED&#xD;
&#xD;
2020-06-23 13:13:36 - [TEST_STEP][PASSED] - if (testData.getValue("quick_reply_title", count + 1) == ""): null&#xD;
&#xD;
2020-06-23 13:13:36 - [TEST_STEP][PASSED] - platform.Response.quickRepliesPayload(testData.getValue("quick_reply_title", count), testData.getValue("carousel_question", count)): platform.Response.quickRepliesPayload is PASSED&#xD;
&#xD;
2020-06-23 13:13:44 - [MESSAGE][PASSED] - Text 'Villa/Duplex' is set on object 'Object Repository/Input/titlePayload'&#xD;
&#xD;
2020-06-23 13:13:47 - [MESSAGE][PASSED] - Keys 'villas or duplex type property' sent to object: 'Object Repository/NewRepo/payloadQuestionInput'&#xD;
&#xD;
2020-06-23 13:13:52 - [MESSAGE][PASSED] - platform.Response.quickRepliesPayload is PASSED&#xD;
&#xD;
2020-06-23 13:13:52 - [TEST_STEP][PASSED] - if (testData.getValue("quick_reply_title", count + 1) == ""): null&#xD;
&#xD;
2020-06-23 13:13:52 - [TEST_STEP][PASSED] - platform.Response.quickRepliesPayload(testData.getValue("quick_reply_title", count), testData.getValue("carousel_question", count)): platform.Response.quickRepliesPayload is PASSED&#xD;
&#xD;
2020-06-23 13:14:00 - [MESSAGE][PASSED] - Text 'Flat' is set on object 'Object Repository/Input/titlePayload'&#xD;
&#xD;
2020-06-23 13:14:03 - [MESSAGE][PASSED] - Keys 'apartments in gated community' sent to object: 'Object Repository/NewRepo/payloadQuestionInput'&#xD;
&#xD;
2020-06-23 13:14:07 - [MESSAGE][PASSED] - platform.Response.quickRepliesPayload is PASSED&#xD;
&#xD;
2020-06-23 13:14:07 - [TEST_STEP][PASSED] - if (testData.getValue("quick_reply_title", count + 1) == ""): null&#xD;
&#xD;
2020-06-23 13:14:07 - [TEST_STEP][PASSED] - break: null&#xD;
&#xD;
2020-06-23 13:14:07 - [TEST_STEP][PASSED] - platform.Articles.saveAndTrainArticleToNewCategory(testData.getValue("category", 3)): platform.Articles.saveAndTrainArticleToNewCategory is PASSED&#xD;
&#xD;
2020-06-23 13:14:14 - [MESSAGE][PASSED] - Keys 'Real estate' sent to object: 'Object Repository/Input/newCategoryName'&#xD;
&#xD;
2020-06-23 13:14:17 - [MESSAGE][PASSED] - platform.Articles.saveAndTrainArticleToNewCategory is PASSED&#xD;
&#xD;
2020-06-23 13:14:17 - [TEST_STEP][PASSED] - waitForElementPresent(findTestObject("ICONS/toastMsg"), 20, STOP_ON_FAILURE): Object 'Object Repository/ICONS/toastMsg' is present&#xD;
&#xD;
2020-06-23 13:14:24 - [MESSAGE][PASSED] - Object 'Object Repository/ICONS/toastMsg' is present&#xD;
&#xD;
2020-06-23 13:14:24 - [TEST_STEP][PASSED] - platform.Articles.createNewArticle(testData, "मैं कुछ सुखदायक संगीत सुनना चाहता हूं"): platform.Articles.createNewArticle is PASSED&#xD;
&#xD;
2020-06-23 13:14:30 - [MESSAGE][PASSED] - Keys 'मैं कुछ सुखदायक संगीत सुनना चाहता हूं' sent to object: 'Object Repository/Input/defaultQuestion'&#xD;
&#xD;
2020-06-23 13:14:30 - [MESSAGE][PASSED] - platform.Articles.createNewArticle is PASSED&#xD;
&#xD;
2020-06-23 13:14:30 - [TEST_STEP][PASSED] - platform.Response.addAudio(true): platform.Response.addAudio is PASSED&#xD;
&#xD;
2020-06-23 13:14:40 - [MESSAGE][PASSED] - Text 'https://file-examples.com/wp-content/uploads/2017/11/file_example_MP3_700KB.mp3' is set on object 'Object Repository/Input/mediaURL'&#xD;
&#xD;
2020-06-23 13:14:40 - [MESSAGE][PASSED] - platform.Response.addAudio is PASSED&#xD;
&#xD;
2020-06-23 13:14:40 - [TEST_STEP][PASSED] - platform.Articles.saveAndTrainArticleToExistingCategory(" Unassigned "): platform.Articles.saveAndTrainArticleToExistingCategory is PASSED&#xD;
&#xD;
2020-06-23 13:14:49 - [MESSAGE][PASSED] - platform.Articles.saveAndTrainArticleToExistingCategory is PASSED&#xD;
&#xD;
2020-06-23 13:14:49 - [TEST_STEP][PASSED] - waitForElementPresent(findTestObject("ICONS/toastMsg"), 20, STOP_ON_FAILURE): Object 'Object Repository/ICONS/toastMsg' is present&#xD;
&#xD;
2020-06-23 13:14:55 - [MESSAGE][PASSED] - Object 'Object Repository/ICONS/toastMsg' is present&#xD;
&#xD;
2020-06-23 13:14:55 - [TEST_STEP][PASSED] - platform.Articles.createNewArticle(testData, "عرض فيديو مثير للاهتمام"): platform.Articles.createNewArticle is PASSED&#xD;
&#xD;
2020-06-23 13:15:01 - [MESSAGE][PASSED] - Keys 'عرض فيديو مثير للاهتمام' sent to object: 'Object Repository/Input/defaultQuestion'&#xD;
&#xD;
2020-06-23 13:15:01 - [MESSAGE][PASSED] - platform.Articles.createNewArticle is PASSED&#xD;
&#xD;
2020-06-23 13:15:01 - [TEST_STEP][PASSED] - platform.Response.addVideo(true): platform.Response.addVideo is PASSED&#xD;
&#xD;
2020-06-23 13:15:12 - [MESSAGE][PASSED] - Text 'https://file-examples.com/wp-content/uploads/2017/04/file_example_MP4_480_1_5MG.mp4' is set on object 'Object Repository/Input/mediaURL'&#xD;
&#xD;
2020-06-23 13:15:12 - [MESSAGE][PASSED] - platform.Response.addVideo is PASSED&#xD;
&#xD;
2020-06-23 13:15:12 - [TEST_STEP][PASSED] - platform.Articles.saveAndTrainArticleToExistingCategory(" Unassigned "): platform.Articles.saveAndTrainArticleToExistingCategory is PASSED&#xD;
&#xD;
2020-06-23 13:15:21 - [MESSAGE][PASSED] - platform.Articles.saveAndTrainArticleToExistingCategory is PASSED&#xD;
&#xD;
2020-06-23 13:15:21 - [TEST_STEP][PASSED] - waitForElementPresent(findTestObject("ICONS/toastMsg"), 20, STOP_ON_FAILURE): Object 'Object Repository/ICONS/toastMsg' is present&#xD;
&#xD;
2020-06-23 13:15:28 - [MESSAGE][PASSED] - Object 'Object Repository/ICONS/toastMsg' is present&#xD;
&#xD;
2020-06-23 13:15:28 - [TEST_STEP][PASSED] - platform.Articles.selectFromKebabMenu(findTestObject("Button/importIcon"), "Import From CSV"): platform.Articles.selectFromKebabMenu is PASSED&#xD;
&#xD;
2020-06-23 13:15:31 - [MESSAGE][INFO] - Selected value: Import From CSV&#xD;
&#xD;
2020-06-23 13:15:33 - [MESSAGE][PASSED] - platform.Articles.selectFromKebabMenu is PASSED&#xD;
&#xD;
2020-06-23 13:15:33 - [TEST_STEP][PASSED] - platform.Method.uploadCsvFile(false, "faq_CS.csv"): platform.Method.uploadCsvFile is PASSED&#xD;
&#xD;
2020-06-23 13:15:33 - [MESSAGE][INFO] - PREVIOUS DATA NOT BE OVERRIDDEN&#xD;
&#xD;
2020-06-23 13:15:35 - [MESSAGE][PASSED] - File 'D:/IMIbot.ai-Project/Collection/faq_CS.csv' sent to object: 'Object Repository/Input/uploadFile'&#xD;
&#xD;
2020-06-23 13:15:37 - [MESSAGE][PASSED] - platform.Method.uploadCsvFile is PASSED&#xD;
&#xD;
2020-06-23 13:15:37 - [TEST_STEP][PASSED] - platform.Method.trainAndComment("imported hindi arabic article"): platform.Method.trainAndComment is PASSED&#xD;
&#xD;
2020-06-23 13:15:45 - [MESSAGE][PASSED] - Keys 'imported hindi arabic article' sent to object: 'Object Repository/Input/comment'&#xD;
&#xD;
2020-06-23 13:15:47 - [MESSAGE][PASSED] - platform.Method.trainAndComment is PASSED</system-out>
            <system-err></system-err>
        </testcase>
        <system-out>2020-06-23 13:03:32 - [TEST_SUITE][INCOMPLETE] - shareablepreview: null</system-out>
        <system-err>2020-06-23 13:03:32 - [TEST_SUITE][INCOMPLETE] - shareablepreview: null</system-err>
    </testsuite>
</testsuites>
