<?xml version="1.0" encoding="UTF-8" standalone="yes"?>
<testsuites name="BotBuilder" time="83" tests="2" failures="0" errors="0">
    <testsuite name="BotBuilder" tests="2" failures="0" errors="0" time="83" timestamp="2021-01-05 15:46:30" hostname="narendra.n - WLPT580.imidomain.com" id="Test Suites/BotBuilder">
        <properties>
            <property name="deviceName" value=""/>
            <property name="devicePlatform" value=""/>
            <property name="logFolder" value="D:\\IMIbot.ai-Project\\Reports\\20210105_154617\\BotBuilder\\20210105_154617"/>
            <property name="logFiles" value="D:\\IMIbot.ai-Project\\Reports\\20210105_154617\\BotBuilder\\20210105_154617\\execution0.log"/>
            <property name="attachments" value=""/>
            <property name="hostName" value="narendra.n - WLPT580.imidomain.com"/>
            <property name="os" value="Windows 8.1 64bit"/>
            <property name="katalonVersion" value="6.3.3.11"/>
            <property name="browser" value="Chrome 87.0.4280.88"/>
            <property name="hostAddress" value="192.168.29.195"/>
            <property name="sessionId" value="c63c6c3777d47266bccc4a70b07b8a0e"/>
            <property name="seleniumVersion" value="3.141.59"/>
            <property name="proxyInformation" value="ProxyInformation{proxyOption=NO_PROXY, proxyServerType=HTTP, password=, proxyServerAddress=, proxyServerPort=0}"/>
            <property name="platform" value="Windows 8.1"/>
        </properties>
        <testcase name="Test Cases/Connect-botbuilder/login_to_bot_builder" classname="Test Cases/Connect-botbuilder/login_to_bot_builder" status="PASSED">
            <system-out>2021-01-05 15:46:57 - [TEST_CASE][PASSED] - Test Cases/Connect-botbuilder/login_to_bot_builder: Test Cases/Connect-botbuilder/login_to_bot_builder&#xD;
&#xD;
2021-01-05 15:46:58 - [TEST_STEP][PASSED] - sendKeys(findTestObject("BOTBUILDER/inputUserName"), CONNECT_USERNAME): Keys 'hellbotuser@mailinator.com' sent to object: 'Object Repository/BOTBUILDER/inputUserName'&#xD;
&#xD;
2021-01-05 15:47:03 - [MESSAGE][PASSED] - Keys 'hellbotuser@mailinator.com' sent to object: 'Object Repository/BOTBUILDER/inputUserName'&#xD;
&#xD;
2021-01-05 15:47:03 - [TEST_STEP][PASSED] - platform.Method.clickOnElement(findTestObject("BOTBUILDER/btnNext")): platform.Method.clickOnElement is PASSED&#xD;
&#xD;
2021-01-05 15:47:06 - [MESSAGE][PASSED] - platform.Method.clickOnElement is PASSED&#xD;
&#xD;
2021-01-05 15:47:06 - [TEST_STEP][PASSED] - sendKeys(findTestObject("BOTBUILDER/inputPassword"), CONNECT_PASSWORD): Keys 'Ump@1234' sent to object: 'Object Repository/BOTBUILDER/inputPassword'&#xD;
&#xD;
2021-01-05 15:47:09 - [MESSAGE][PASSED] - Keys 'Ump@1234' sent to object: 'Object Repository/BOTBUILDER/inputPassword'&#xD;
&#xD;
2021-01-05 15:47:09 - [TEST_STEP][PASSED] - platform.Method.clickOnElement(findTestObject("BOTBUILDER/btnLogin")): platform.Method.clickOnElement is PASSED&#xD;
&#xD;
2021-01-05 15:47:12 - [MESSAGE][PASSED] - platform.Method.clickOnElement is PASSED&#xD;
&#xD;
2021-01-05 15:47:12 - [TEST_STEP][PASSED] - currentWindow = getWebDriver().getWindowHandle(): null&#xD;
&#xD;
2021-01-05 15:47:13 - [TEST_STEP][PASSED] - mouseOver(findTestObject("BOTBUILDER/iconAppTray"), CONTINUE_ON_FAILURE): Object: 'Object Repository/BOTBUILDER/iconAppTray' is hovered&#xD;
&#xD;
2021-01-05 15:47:15 - [MESSAGE][PASSED] - Object: 'Object Repository/BOTBUILDER/iconAppTray' is hovered&#xD;
&#xD;
2021-01-05 15:47:15 - [TEST_STEP][PASSED] - platform.Method.clickOnElement(findTestObject("BOTBUILDER/linkBotBuilder")): platform.Method.clickOnElement is PASSED&#xD;
&#xD;
2021-01-05 15:47:18 - [MESSAGE][PASSED] - platform.Method.clickOnElement is PASSED&#xD;
&#xD;
2021-01-05 15:47:18 - [TEST_STEP][PASSED] - allTabTitle = getWebDriver().getWindowHandles(): null&#xD;
&#xD;
2021-01-05 15:47:19 - [TEST_STEP][PASSED] - windowIterator = allTabTitle.iterator(): null&#xD;
&#xD;
2021-01-05 15:47:19 - [TEST_STEP][PASSED] - while (windowIterator.hasNext()): null&#xD;
&#xD;
2021-01-05 15:47:19 - [TEST_STEP][PASSED] - childwindow = windowIterator.next(): null&#xD;
&#xD;
2021-01-05 15:47:19 - [TEST_STEP][PASSED] - if (!(childwindow.equalsIgnoreCase(currentWindow))): null&#xD;
&#xD;
2021-01-05 15:47:19 - [TEST_STEP][PASSED] - childwindow = windowIterator.next(): null&#xD;
&#xD;
2021-01-05 15:47:19 - [TEST_STEP][PASSED] - if (!(childwindow.equalsIgnoreCase(currentWindow))): null&#xD;
&#xD;
2021-01-05 15:47:19 - [TEST_STEP][PASSED] - switchTo().window(childwindow): null&#xD;
&#xD;
2021-01-05 15:47:20 - [TEST_STEP][PASSED] - assert getTitle().contentEquals("IMIbot.ai") == true: null&#xD;
&#xD;
2021-01-05 15:47:23 - [TEST_STEP][PASSED] - verifyElementPresent(findTestObject("Button/createBot"), 30, CONTINUE_ON_FAILURE): Object 'Object Repository/Button/createBot' is present&#xD;
&#xD;
2021-01-05 15:47:30 - [MESSAGE][PASSED] - Object 'Object Repository/Button/createBot' is present</system-out>
            <system-err></system-err>
        </testcase>
        <testcase name="Test Cases/FAQ_SSO/botCreation_Test" classname="Test Cases/FAQ_SSO/botCreation_Test" status="PASSED">
            <system-out>2021-01-05 15:47:30 - [TEST_CASE][PASSED] - Test Cases/FAQ_SSO/botCreation_Test: Test Cases/FAQ_SSO/botCreation_Test&#xD;
&#xD;
2021-01-05 15:47:31 - [TEST_STEP][PASSED] - platform.Method.clickOnElement(findTestObject("Button/createBot")): platform.Method.clickOnElement is PASSED&#xD;
&#xD;
2021-01-05 15:47:34 - [MESSAGE][PASSED] - platform.Method.clickOnElement is PASSED&#xD;
&#xD;
2021-01-05 15:47:34 - [TEST_STEP][PASSED] - sendKeys(findTestObject("Input/botName"), nameOfTheBot): Keys 'DEMO FAQ' sent to object: 'Object Repository/Input/botName'&#xD;
&#xD;
2021-01-05 15:47:36 - [MESSAGE][PASSED] - Keys 'DEMO FAQ' sent to object: 'Object Repository/Input/botName'&#xD;
&#xD;
2021-01-05 15:47:36 - [TEST_STEP][PASSED] - platform.Method.clickOnElement(findTestObject("Toggle/feedback")): platform.Method.clickOnElement is PASSED&#xD;
&#xD;
2021-01-05 15:47:39 - [MESSAGE][PASSED] - platform.Method.clickOnElement is PASSED&#xD;
&#xD;
2021-01-05 15:47:39 - [TEST_STEP][PASSED] - platform.Method.clickOnElement(findTestObject("Button/done")): platform.Method.clickOnElement is PASSED&#xD;
&#xD;
2021-01-05 15:47:41 - [MESSAGE][PASSED] - platform.Method.clickOnElement is PASSED&#xD;
&#xD;
2021-01-05 15:47:41 - [TEST_STEP][PASSED] - waitForElementVisible(findTestObject("Generic/articleState"), 60, OPTIONAL): Object 'Object Repository/Generic/articleState' is visible&#xD;
&#xD;
2021-01-05 15:47:49 - [MESSAGE][PASSED] - Object 'Object Repository/Generic/articleState' is visible&#xD;
&#xD;
2021-01-05 15:47:49 - [TEST_STEP][PASSED] - if (!(verifyElementText(findTestObject("Generic/articleState"), "Trained", OPTIONAL))): Actual text and expected text of test object 'Object Repository/Generic/articleState' are matched.&#xD;
&#xD;
2021-01-05 15:47:51 - [MESSAGE][PASSED] - Actual text and expected text of test object 'Object Repository/Generic/articleState' are matched.&#xD;
&#xD;
2021-01-05 15:47:51 - [TEST_STEP][PASSED] - platform.Method.clickOnElement(findTestObject("GenericII/minimize")): platform.Method.clickOnElement is PASSED&#xD;
&#xD;
2021-01-05 15:47:53 - [MESSAGE][PASSED] - platform.Method.clickOnElement is PASSED</system-out>
            <system-err></system-err>
        </testcase>
        <system-out>2021-01-05 15:46:30 - [TEST_SUITE][INCOMPLETE] - BotBuilder: null</system-out>
        <system-err>2021-01-05 15:46:30 - [TEST_SUITE][INCOMPLETE] - BotBuilder: null</system-err>
    </testsuite>
</testsuites>
